Gurobi 12.0.3:   lim:time = 14400

  mip:bestbound = 1

Set parameter LogToConsole to value 1

  tech:outlev = 1

Set parameter Cuts to value 3

  cut:cuts = 3

Set parameter Presolve to value 2

  pre:solve = 2

Set parameter MIPFocus to value 2

  mip:focus = 2

Set parameter Symmetry to value 2

  mip:symmetry = 2

Set parameter InfUnbdInfo to value 1

Gurobi Optimizer version 12.0.3 build v12.0.3rc0 (win64 - Windows 11.0 (26100.2))



CPU model: 12th Gen Intel(R) Core(TM) i7-12700, instruction set [SSE2|AVX|AVX2]

Thread count: 12 physical cores, 20 logical processors, using up to 20 threads



Non-default parameters:

TimeLimit  14400

MIPFocus  2

Symmetry  2

Cuts  3

InfUnbdInfo  1

Presolve  2



Optimize a model with 756 rows, 1686 columns and 10227 nonzeros

Model fingerprint: 0x4deb30cf

Model has 5 quadratic objective terms

Model has 10 quadratic constraints

Variable types: 48 continuous, 1638 integer (0 binary)

Coefficient statistics:

  Matrix range     [1e+00, 1e+05]

  QMatrix range    [1e+00, 1e+00]

  QLMatrix range   [1e+00, 2e+01]

  Objective range  [2e+00, 1e+02]

  QObjective range [3e+00, 3e+00]

  Bounds range     [1e+00, 1e+02]

  RHS range        [1e+00, 1e+05]

  QRHS range       [1e+02, 1e+02]

Presolve removed 64 rows and 121 columns

Presolve time: 0.23s

Presolved: 1738 rows, 2597 columns, 14460 nonzeros

Variable types: 172 continuous, 2425 integer (2122 binary)

Root relaxation presolve removed 45 rows and 2 columns

Root relaxation presolved: 1119 rows, 2046 columns, 19362 nonzeros





Root relaxation: objective 2.277506e+02, 264 iterations, 0.02 seconds (0.03 work units)



    Nodes    |    Current Node    |     Objective Bounds      |     Work

 Expl Unexpl |  Obj  Depth IntInf | Incumbent    BestBd   Gap | It/Node Time



     0     0  227.75057    0   58          -  227.75057      -     -    0s

H    0     0                     892.9200000  227.75057  74.5%     -    0s

H    0     0                     670.9000000  257.50724  61.6%     -    0s

     0     0  278.41063    0   73  670.90000  278.41063  58.5%     -    0s

H    0     0                     670.6700000  278.41063  58.5%     -    0s

     0     0  278.41063    0   88  670.67000  278.41063  58.5%     -    0s

H    0     0                     616.6200000  281.87387  54.3%     -    0s

     0     0  281.87387    0   71  616.62000  281.87387  54.3%     -    0s

     0     0  282.17161    0   76  616.62000  282.17161  54.2%     -    1s

H    0     0                     597.6500000  282.53000  52.7%     -    1s

H    0     0                     593.7900000  282.53000  52.4%     -    1s

     0     0  282.53000    0   24  593.79000  282.53000  52.4%     -    1s

     0     0  282.53000    0   24  593.79000  282.53000  52.4%     -    1s

     0     0  282.53141    0   66  593.79000  282.53141  52.4%     -    1s

     0     0  282.53141    0   66  593.79000  282.53141  52.4%     -    1s

H    0     2                     566.6300000  282.53141  50.1%     -    1s

     0     2  282.53141    0   59  566.63000  282.53141  50.1%     -    1s

H   39    53                     556.2000000  286.96508  48.4%  63.4    1s

H   91   104                     459.9400000  286.96508  37.6%  50.5    2s

H  171   187                     455.5300000  286.96508  37.0%  43.3    2s

H  174   187                     428.7500000  286.96508  33.1%  42.7    2s

H 1264   908                     419.3700000  293.52320  30.0%  28.0    2s

  2935  1635  362.91748   19  115  419.37000  302.86480  27.8%  31.3    5s

  3079  1744  372.93445   23   57  419.37000  319.87227  23.7%  33.4   10s

H 3218  1721                     419.3400000  320.24578  23.6%  33.8   10s

 11924  4088  370.44565   36   60  419.34000  334.77657  20.2%  34.6   15s

 20460  7255  408.21028   40   69  419.34000  343.57210  18.1%  33.6   20s

 30069 11049 infeasible   45       419.34000  349.21001  16.7%  33.4   25s

 37020 13646  353.80561   71   17  419.34000  352.08071  16.0%  32.2   30s

 47687 17068  381.32638   42   80  419.34000  355.31500  15.3%  31.4   35s

 55595 19835  404.65616   33   46  419.34000  357.21807  14.8%  31.1   40s

 63335 22098  383.76316   33   20  419.34000  358.92702  14.4%  31.1   45s

 72048 24439  387.63414   43   41  419.34000  360.49467  14.0%  31.1   50s

 80873 26602  387.78288   46   20  419.34000  361.89321  13.7%  31.3   55s

 88493 28242  365.49348   47   34  419.34000  362.97892  13.4%  31.2   60s

 95832 29890  381.79309   39   36  419.34000  363.96796  13.2%  31.2   65s

 104617 32103  418.09720   29   66  419.34000  365.13600  12.9%  31.2   70s

 111023 33532  397.35558   45   55  419.34000  365.92518  12.7%  31.3   75s

 118780 35351  401.80269   59  116  419.34000  366.80162  12.5%  31.3   80s

 126795 37123 infeasible   42       419.34000  367.71053  12.3%  31.3   85s

 133369 38659  380.13329   33   74  419.34000  368.43623  12.1%  31.3   90s

 141254 40238 infeasible   42       419.34000  369.17681  12.0%  31.3   95s

 148895 41758  388.82475   50  115  419.34000  369.89911  11.8%  31.3  100s

 156535 43125  382.70696   29   94  419.34000  370.60837  11.6%  31.4  105s

 164198 44680     cutoff   46       419.34000  371.26151  11.5%  31.4  110s

 172114 46227     cutoff   55       419.34000  371.92647  11.3%  31.4  115s

 179895 47833  401.63337   38   56  419.34000  372.53795  11.2%  31.4  120s

 185403 48804  400.20250   50   25  419.34000  372.93261  11.1%  31.4  125s

 193258 50212  373.68555   49   37  419.34000  373.56039  10.9%  31.4  130s

 200373 51431  414.72136   58    8  419.34000  374.02122  10.8%  31.4  135s

 206804 52469  395.86778   46   53  419.34000  374.42065  10.7%  31.4  140s

 214243 53685 infeasible   35       419.34000  374.91144  10.6%  31.3  145s

 221840 54838  389.98952   38   74  419.34000  375.39194  10.5%  31.3  150s

 228621 55678  377.20578   35  115  419.34000  375.83631  10.4%  31.3  155s

 235019 56471  402.22059   41   76  419.34000  376.24091  10.3%  31.3  160s

 241490 57448  409.34801   54   38  419.34000  376.57177  10.2%  31.3  165s

 247142 58183  394.67370   45   65  419.34000  376.88153  10.1%  31.3  170s

 253534 59004  391.74513   35   49  419.34000  377.30421  10.0%  31.3  175s

 260462 59862  398.49940   56   21  419.34000  377.67069  9.94%  31.3  180s

 266884 60718  385.84581   44   56  419.34000  378.05625  9.84%  31.3  185s

 273280 61512  388.88370   55   61  419.34000  378.43012  9.76%  31.3  190s

 279459 62269 infeasible   46       419.34000  378.74584  9.68%  31.3  195s

 286111 62955  412.17688   39   59  419.34000  379.09753  9.60%  31.3  200s

 292461 63855  379.47826   50   36  419.34000  379.39169  9.53%  31.3  205s

 297936 64492  390.32437   40   94  419.34000  379.66840  9.46%  31.3  210s

 304111 65071  400.57250   54   73  419.34000  380.01318  9.38%  31.3  215s

 309241 65461  392.59314   40   55  419.34000  380.26900  9.32%  31.3  220s

 315645 66193  399.25061   39   71  419.34000  380.62202  9.23%  31.3  225s

 320815 66697  381.45125   48   46  419.34000  380.88356  9.17%  31.3  230s

 327255 67184 infeasible   50       419.34000  381.25153  9.08%  31.4  235s

 332383 67628  407.21568   55   66  419.34000  381.49944  9.02%  31.4  240s

 338490 68208  405.99135   39   59  419.34000  381.80255  8.95%  31.4  245s

 343987 68649  393.05556   42   81  419.34000  382.06852  8.89%  31.4  250s

 349155 69005  395.94552   37   24  419.34000  382.35211  8.82%  31.4  255s

 355666 69387  413.94980   42   51  419.34000  382.65235  8.75%  31.4  260s

 361987 69700 infeasible   43       419.34000  382.93863  8.68%  31.4  265s

 367013 69849  388.11125   32   99  419.34000  383.19179  8.62%  31.4  270s

 373216 70180  404.80563   37   23  419.34000  383.47142  8.55%  31.4  275s

 377774 70408     cutoff   47       419.34000  383.67813  8.50%  31.5  280s

 383846 70668  402.74137   40   33  419.34000  383.97540  8.43%  31.5  286s

 388736 70755  402.20693   41   50  419.34000  384.20805  8.38%  31.5  290s

 395228 70918 infeasible   68       419.34000  384.52406  8.30%  31.5  296s

 400398 71071  408.62060   39   86  419.34000  384.75643  8.25%  31.5  300s

 405279 71262     cutoff   45       419.34000  384.99650  8.19%  31.6  305s

 411819 71490  395.46136   48   63  419.34000  385.28829  8.12%  31.6  311s

 416798 71562 infeasible   50       419.34000  385.53961  8.06%  31.6  315s

 421820 71615 infeasible   63       419.34000  385.77018  8.01%  31.6  320s

 426835 71679 infeasible   45       419.34000  386.01538  7.95%  31.6  325s

 432313 71677  390.92972   40   91  419.34000  386.28957  7.88%  31.6  330s

 438721 71731  403.17699   49   36  419.34000  386.55171  7.82%  31.6  335s

 442470 71744  407.07803   53  120  419.34000  386.72358  7.78%  31.6  340s

 447651 71712 infeasible   50       419.34000  386.96873  7.72%  31.7  345s

 454012 71665  397.84391   54   31  419.34000  387.26591  7.65%  31.7  350s

 459105 71603 infeasible   45       419.34000  387.49843  7.59%  31.7  355s

 464277 71621  390.29260   49   34  419.34000  387.76174  7.53%  31.7  360s

 470442 71463  389.13794   30   52  419.34000  388.05897  7.46%  31.7  365s

 475389 71375  412.80846   39   37  419.34000  388.26667  7.41%  31.7  370s

 480655 71365     cutoff   39       419.34000  388.52708  7.35%  31.7  375s

 485763 71259  419.16157   54   28  419.34000  388.75950  7.29%  31.7  380s

 490804 71077  391.27631   50   31  419.34000  389.02146  7.23%  31.7  385s

 497228 70762  391.51882   53   69  419.34000  389.33240  7.16%  31.7  391s

 502087 70382 infeasible   57       419.34000  389.59000  7.09%  31.7  395s

 507407 70139  402.30157   50   19  419.34000  389.85599  7.03%  31.8  400s

 512112 69937  410.71667   30   56  419.34000  390.09012  6.98%  31.8  405s

 517184 69729  409.29333   41   59  419.34000  390.33626  6.92%  31.8  410s

 522226 69361  412.00573   55   44  419.34000  390.59619  6.85%  31.8  415s

 527473 69140  418.87746   38   36  419.34000  390.84913  6.79%  31.8  420s

 532459 68834 infeasible   37       419.34000  391.10169  6.73%  31.8  425s

 537462 68490     cutoff   51       419.34000  391.36696  6.67%  31.8  430s

 542498 68083 infeasible   43       419.34000  391.61395  6.61%  31.8  435s

 547443 67673  404.67169   36   80  419.34000  391.87972  6.55%  31.8  440s

 552698 67220 infeasible   48       419.34000  392.14478  6.49%  31.8  445s

 557591 66886  401.96151   42   47  419.34000  392.38061  6.43%  31.8  450s

 562632 66353 infeasible   49       419.34000  392.63211  6.37%  31.9  455s

 567878 65871 infeasible   50       419.34000  392.93646  6.30%  31.9  460s

 573445 65318  401.86765   45   86  419.34000  393.21944  6.23%  31.9  466s

 578672 64667     cutoff   44       419.34000  393.50315  6.16%  31.9  470s

 585203 63945  405.61541   57   37  419.34000  393.84369  6.08%  31.9  476s

 590488 63381  400.98869   57   48  419.34000  394.14570  6.01%  31.9  480s

 596880 62647  400.40303   37   42  419.34000  394.48500  5.93%  31.9  485s

 601957 61940  408.62265   43   46  419.34000  394.76815  5.86%  31.9  490s

 608082 61224  398.95352   31   54  419.34000  395.11578  5.78%  31.9  496s

 613482 60529 infeasible   53       419.34000  395.42315  5.70%  31.9  500s

 618704 59968 infeasible   62       419.34000  395.71452  5.63%  31.9  505s

 625052 58995  416.84333   44   35  419.34000  396.06951  5.55%  31.9  510s

 630267 58171  401.65500   44  102  419.34000  396.34136  5.48%  31.9  515s

 635942 57156  415.13593   48   69  419.34000  396.68233  5.40%  31.9  520s

 641067 56210     cutoff   54       419.34000  396.96531  5.34%  31.9  525s

 646512 55344     cutoff   57       419.34000  397.27903  5.26%  31.9  530s

 651574 54493  404.87316   40  101  419.34000  397.56272  5.19%  31.9  535s

 658047 53467 infeasible   36       419.34000  397.96571  5.10%  31.9  541s

 663086 52403 infeasible   51       419.34000  398.25333  5.03%  31.9  545s

 668023 51329  401.83470   59   86  419.34000  398.55462  4.96%  31.9  550s

 673675 50119 infeasible   49       419.34000  398.90143  4.87%  31.9  556s

 678966 49042     cutoff   50       419.34000  399.24749  4.79%  31.9  561s

 684136 47998 infeasible   48       419.34000  399.56997  4.71%  31.9  565s

 689459 46850  404.79362   45   26  419.34000  399.87899  4.64%  31.8  570s

 694780 45652     cutoff   42       419.34000  400.21500  4.56%  31.8  575s

 699823 44409     cutoff   44       419.34000  400.55918  4.48%  31.8  580s

 704909 43064     cutoff   59       419.34000  400.90936  4.40%  31.8  585s

 711272 41480  416.21944   32   80  419.34000  401.32196  4.30%  31.8  591s

 716570 40062     cutoff   60       419.34000  401.72376  4.20%  31.8  596s

 721979 38581  402.46299   47   60  419.34000  402.11759  4.11%  31.8  601s

 726974 37156  409.38164   40   48  419.34000  402.48577  4.02%  31.8  605s

 732369 35769     cutoff   41       419.34000  402.87344  3.93%  31.7  610s

 737475 34143     cutoff   39       419.34000  403.26500  3.83%  31.7  615s

 742670 32556 infeasible   58       419.34000  403.71190  3.73%  31.7  620s

 747739 30824  404.68568   53   30  419.34000  404.13000  3.63%  31.7  625s

 752933 29114 infeasible   60       419.34000  404.63949  3.51%  31.6  630s

 758127 27345  411.55488   44   61  419.34000  405.10570  3.39%  31.6  635s

 764821 25016 infeasible   54       419.34000  405.76962  3.24%  31.6  641s

 770020 23188 infeasible   41       419.34000  406.27467  3.12%  31.5  645s

 775299 21114     cutoff   61       419.34000  406.84135  2.98%  31.5  650s

 779345 19454  416.24226   47   38  419.34000  407.31843  2.87%  31.5  655s

 784732 17124 infeasible   57       419.34000  407.99159  2.71%  31.4  660s

 790280 14535     cutoff   40       419.34000  408.81274  2.51%  31.4  665s

 795812 11634     cutoff   42       419.34000  409.79340  2.28%  31.3  670s

 801134  8666     cutoff   37       419.34000  410.88668  2.02%  31.2  675s

 806752  5035     cutoff   44       419.34000  412.51090  1.63%  31.2  680s

 812746   343     cutoff   42       419.34000  415.68446  0.87%  31.0  685s



Cutting planes:

  Learned: 9

  Gomory: 56

  Lift-and-project: 46

  Cover: 177

  Implied bound: 152

  Projected implied bound: 5

  Clique: 202

  MIR: 70

  Mixing: 17

  StrongCG: 59

  Flow cover: 532

  GUB cover: 16

  Inf proof: 220

  Zero half: 1288

  RLT: 60

  Relax-and-lift: 518



Explored 814743 nodes (25252200 simplex iterations) in 686.16 seconds (476.86 work units)

Thread count was 20 (of 20 available processors)



Solution count 10: 419.34 419.34 419.37 ... 597.65



Optimal solution found (tolerance 1.00e-04)

Best objective 4.193400000000e+02, best bound 4.193400000000e+02, gap 0.0000%



AMPL MP initial flat model has 1686 variables (0 integer, 1638 binary);

Objectives: 1 quadratic; 

Constraints:  756 linear; 10 quadratic;



AMPL MP final model has 1686 variables (0 integer, 1638 binary);

Objectives: 1 quadratic; 

Constraints:  756 linear; 10 quadratic;





-----RESULTS INFO-----
running_time:  686.2180000000001
TC.best_bound:  419.34
TC:  419.34000000000003
MIP Gap (%):  1.3555448767302908e-14
=== Vehicle Routes ===
Vehicle 1: 0 → 1
Vehicle 1: 1 → 6
Vehicle 1: 5 → 19
Vehicle 1: 6 → 5
Vehicle 1: 15 → 24
Vehicle 1: 19 → 15
Vehicle 1: 24 → 27
Vehicle 2: 0 → 2
Vehicle 2: 2 → 18
Vehicle 2: 3 → 4
Vehicle 2: 4 → 20
Vehicle 2: 17 → 27
Vehicle 2: 18 → 3
Vehicle 2: 20 → 17
Vehicle 3: 0 → 27
Vehicle 4: 0 → 27

=== Full Vehicle Routes ===
Vehicle 1: 0 → 1 → 6 → 5 → 19 → 15 → 24 → 0 (97<100)
Vehicle 2: 0 → 2 → 18 → 3 → 4 → 20 → 17 → 0 (100<100)
Vehicle 3: 0 → 0 (0<100)
Vehicle 4: 0 → 0 (0<100)
Arc used by MRT line: y variables:
Customer assigment to PL: u variables:
7 24
8 17
9 20
10 18
11 20
12 18
13 24
14 20
16 19
Node is served by regular vehicle: g variables:
1
2
3
4
5
6
15
24
17
18
19
20
Customer assigment to Home delivery: gm variables:
1
2
3
4
5
6
15
Node total demands: ntd variables:
1 21 1
2 21 1
3 16 1
4 2 1
5 9 1
6 12 1
12 0 0
13 0 0
14 0 0
15 16 1
16 0 0
23 0 0
24 20 1
25 0 0
26 0 0
17 8 1
18 16 1
19 19 1
20 37 1
21 0 0
22 0 0
Customer's demand delivered to PL: l variables:
7
8
9
10
11
12
13
14
16
Lockers load <= capacity:
0 <= 80
20 <= 97
0 <= 84
0 <= 99
8 <= 88
16 <= 82
19 <= 71
37 <= 78
0 <= 98
0 <= 84
