Gurobi 12.0.3:   lim:time = 14400

  mip:bestbound = 1

Set parameter LogToConsole to value 1

  tech:outlev = 1

Set parameter Cuts to value 3

  cut:cuts = 3

Set parameter Presolve to value 2

  pre:solve = 2

Set parameter MIPFocus to value 2

  mip:focus = 2

Set parameter Symmetry to value 2

  mip:symmetry = 2

Set parameter InfUnbdInfo to value 1

Gurobi Optimizer version 12.0.3 build v12.0.3rc0 (win64 - Windows 11.0 (26100.2))



CPU model: 12th Gen Intel(R) Core(TM) i7-12700, instruction set [SSE2|AVX|AVX2]

Thread count: 12 physical cores, 20 logical processors, using up to 20 threads



Non-default parameters:

TimeLimit  14400

MIPFocus  2

Symmetry  2

Cuts  3

InfUnbdInfo  1

Presolve  2



Optimize a model with 624 rows, 1226 columns and 7367 nonzeros

Model fingerprint: 0x86d15f31

Model has 3 quadratic objective terms

Model has 8 quadratic constraints

Variable types: 41 continuous, 1185 integer (0 binary)

Coefficient statistics:

  Matrix range     [1e+00, 1e+05]

  QMatrix range    [1e+00, 1e+00]

  QLMatrix range   [1e+00, 2e+01]

  Objective range  [3e+00, 1e+02]

  QObjective range [3e+00, 3e+00]

  Bounds range     [1e+00, 1e+02]

  RHS range        [1e+00, 1e+05]

  QRHS range       [1e+02, 1e+02]

Presolve removed 58 rows and 135 columns

Presolve time: 0.57s

Presolved: 1339 rows, 1797 columns, 11043 nonzeros

Variable types: 146 continuous, 1651 integer (1585 binary)

Root relaxation presolve removed 60 rows and 0 columns

Root relaxation presolved: 689 rows, 1307 columns, 13371 nonzeros





Root relaxation: objective 1.494290e+02, 199 iterations, 0.01 seconds (0.02 work units)



    Nodes    |    Current Node    |     Objective Bounds      |     Work

 Expl Unexpl |  Obj  Depth IntInf | Incumbent    BestBd   Gap | It/Node Time



     0     0  149.42899    0   46          -  149.42899      -     -    0s

H    0     0                     877.8100000  149.42899  83.0%     -    0s

H    0     0                     686.9500000  220.89294  67.8%     -    0s

     0     0  240.97000    0   53  686.95000  240.97000  64.9%     -    0s

H    0     0                     659.7400000  240.97000  63.5%     -    1s

H    0     0                     589.3200000  240.97000  59.1%     -    1s

     0     0  240.97017    0   50  589.32000  240.97017  59.1%     -    1s

     0     0  240.97017    0   44  589.32000  240.97017  59.1%     -    1s

     0     0  240.97017    0   44  589.32000  240.97017  59.1%     -    1s

H    0     0                     569.5900000  240.97017  57.7%     -    1s

H    0     0                     551.2000000  240.97017  56.3%     -    1s

H    0     0                     496.0200000  240.97017  51.4%     -    1s

H    0     0                     493.3200000  240.97017  51.2%     -    1s

H    0     0                     486.7300000  240.97017  50.5%     -    1s

     0     0  240.97082    0   19  486.73000  240.97082  50.5%     -    1s

     0     0  240.97082    0   19  486.73000  240.97082  50.5%     -    1s

     0     0  243.15429    0   49  486.73000  243.15429  50.0%     -    1s

     0     0  243.15429    0   51  486.73000  243.15429  50.0%     -    1s

     0     0  245.09000    0   43  486.73000  245.09000  49.6%     -    1s

     0     0  245.09000    0   43  486.73000  245.09000  49.6%     -    1s

H    0     2                     478.2600000  245.50339  48.7%     -    1s

     0     2  245.50339    0   42  478.26000  245.50339  48.7%     -    1s

H  195   230                     470.3200000  249.10250  47.0%  27.2    1s

* 1031   812              25     462.5300000  251.95000  45.5%  16.5    2s

* 1034   803              24     453.5700000  251.95000  44.5%  16.4    2s

H 1172   801                     442.3500000  253.10000  42.8%  16.3    2s

H 2453  1495                     432.6400000  263.27000  39.1%  16.1    2s

H 2834  1576                     430.6700000  263.79080  38.7%  15.8    4s

  2846  1584  332.71903   26  116  430.67000  264.80881  38.5%  15.7    5s

  6943  2350  289.72036   34   43  430.67000  287.91745  33.1%  20.6   10s

 23127  7524  378.81175   40   38  430.67000  297.33888  31.0%  19.5   15s

 37282 11835  397.40728   35   45  430.67000  306.50400  28.8%  19.4   20s

 50437 16286  416.17595   43   34  430.67000  313.34874  27.2%  19.2   25s

 63694 19249  348.36033   37   32  430.67000  318.12423  26.1%  18.9   30s

 74570 22536 infeasible   33       430.67000  321.41393  25.4%  18.9   35s

 87134 25398 infeasible   34       430.67000  324.71970  24.6%  19.0   40s

 100048 28560  348.50619   47   28  430.67000  326.97744  24.1%  19.0   45s

 110770 30782 infeasible   57       430.67000  328.99625  23.6%  19.0   50s

 124025 33428  334.46667   36   26  430.67000  331.17713  23.1%  18.9   55s

 136990 35868  382.85001   41   26  430.67000  333.27437  22.6%  18.8   60s

 147582 37910  338.54272   51   41  430.67000  334.80433  22.3%  18.8   65s

 157836 40226     cutoff   42       430.67000  336.29341  21.9%  18.8   70s

 168554 42571  372.27469   40   27  430.67000  337.72610  21.6%  18.7   75s

 181240 44335 infeasible   40       430.67000  339.40022  21.2%  18.6   80s

 191432 45857  372.64756   43   27  430.67000  340.71231  20.9%  18.5   85s

 203305 47851  360.35692   28   40  430.67000  342.05408  20.6%  18.5   90s

 214135 49598  364.41927   36   18  430.67000  343.31500  20.3%  18.5   95s

 224696 51223  355.90275   39   38  430.67000  344.59000  20.0%  18.5  100s

 236261 52788  346.19150   34   13  430.67000  345.93373  19.7%  18.5  106s

 244312 53899  394.77841   54   17  430.67000  346.89419  19.5%  18.5  110s

 253668 55050  350.39130   38   66  430.67000  347.82246  19.2%  18.5  115s

 264073 56534 infeasible   46       430.67000  349.01890  19.0%  18.5  120s

 271771 57634  390.63674   50   21  430.67000  349.81803  18.8%  18.5  125s

*281473 57847              46     425.3400000  350.84822  17.5%  18.4  128s

H282558 57271                     421.0700000  350.88744  16.7%  18.4  129s

 283054 57365 infeasible   36       421.07000  350.99806  16.6%  18.4  130s

 291120 57845  383.12662   22   18  421.07000  352.07229  16.4%  18.4  135s

 299442 58327  367.35098   41   46  421.07000  352.97742  16.2%  18.4  140s

 308390 58806  377.32000   43   31  421.07000  354.09881  15.9%  18.4  145s

 316770 59071 infeasible   50       421.07000  355.09461  15.7%  18.5  150s

 325432 59546  368.18430   38   38  421.07000  356.07586  15.4%  18.4  155s

 334591 60064  400.15336   38   12  421.07000  357.00837  15.2%  18.4  160s

 343146 60410  407.12080   42   14  421.07000  357.96057  15.0%  18.4  165s

 351870 60633  391.20297   43   42  421.07000  358.79099  14.8%  18.4  171s

 360611 61021     cutoff   35       421.07000  359.72925  14.6%  18.4  175s

 369238 61224  401.54667   36   18  421.07000  360.56173  14.4%  18.4  180s

 378029 61483  395.81454   36   16  421.07000  361.46013  14.2%  18.4  185s

 385788 61557  410.67143   43   12  421.07000  362.21603  14.0%  18.4  190s

 395735 61653 infeasible   46       421.07000  363.24477  13.7%  18.4  195s

 404911 61683  401.72690   35   16  421.07000  364.08875  13.5%  18.4  200s

 412433 61782  400.33000   40   28  421.07000  364.83250  13.4%  18.4  205s

 422500 61600  401.91787   41   25  421.07000  365.87070  13.1%  18.4  210s

 431640 61619  371.25572   43   53  421.07000  366.72538  12.9%  18.4  215s

 439986 61305  380.38262   36   19  421.07000  367.56510  12.7%  18.4  220s

 448643 61158  388.74170   35   26  421.07000  368.41972  12.5%  18.4  225s

 457618 60794  391.87538   27   55  421.07000  369.20281  12.3%  18.4  230s

 466354 60605 infeasible   45       421.07000  370.02184  12.1%  18.4  235s

 474898 60269  384.93572   31   31  421.07000  370.75050  12.0%  18.4  240s

 483845 59752  388.96789   28   41  421.07000  371.63551  11.7%  18.3  245s

 494292 59190     cutoff   47       421.07000  372.67000  11.5%  18.3  251s

 503341 58614     cutoff   35       421.07000  373.51168  11.3%  18.3  255s

 512031 57972     cutoff   37       421.07000  374.31866  11.1%  18.3  260s

 520650 57281  378.55671   37   27  421.07000  375.14431  10.9%  18.3  265s

 529439 56463  384.70000   37   12  421.07000  375.96552  10.7%  18.3  270s

 538663 55699 infeasible   48       421.07000  376.76500  10.5%  18.3  276s

 547580 54861  378.04952   33   14  421.07000  377.70223  10.3%  18.3  281s

 556537 53883     cutoff   37       421.07000  378.58778  10.1%  18.3  285s

 565149 52917     cutoff   46       421.07000  379.47000  9.88%  18.3  291s

 574077 51831 infeasible   47       421.07000  380.31000  9.68%  18.3  295s

 582958 50678  401.63950   51   18  421.07000  381.14563  9.48%  18.2  300s

 591720 49309  395.42562   35   12  421.07000  382.04335  9.27%  18.2  305s

 600555 47953  394.27850   44   35  421.07000  383.05650  9.03%  18.2  310s

 609299 46343  415.85022   54   25  421.07000  383.96124  8.81%  18.2  315s

 617335 44813 infeasible   42       421.07000  384.99424  8.57%  18.2  320s

 626580 43228  407.97000   42   13  421.07000  386.00297  8.33%  18.2  325s

 637871 41052  413.73859   39   29  421.07000  387.36167  8.01%  18.2  331s

 646601 39124 infeasible   69       421.07000  388.45258  7.75%  18.2  335s

 655647 37069 infeasible   31       421.07000  389.64612  7.46%  18.1  340s

 664150 35292     cutoff   57       421.07000  390.73673  7.20%  18.1  345s

 673087 33064 infeasible   37       421.07000  391.95000  6.92%  18.1  350s

 681849 30561 infeasible   40       421.07000  393.23097  6.61%  18.1  355s

 689597 27927     cutoff   38       421.07000  394.58029  6.29%  18.1  360s

 695757 25664 infeasible   44       421.07000  395.72766  6.02%  18.1  365s

 704468 22531  419.46171   46   45  421.07000  397.38278  5.63%  18.1  371s

 711225 20007  404.71495   46   13  421.07000  398.85874  5.27%  18.1  375s

 717214 17134 infeasible   30       421.07000  400.34762  4.92%  18.1  380s

 724331 13916 infeasible   30       421.07000  402.33250  4.45%  18.0  385s

 733655  9158     cutoff   50       421.07000  405.65000  3.66%  18.0  391s

 738142  6576     cutoff   36       421.07000  406.96815  3.35%  18.0  395s

 745727   885     cutoff   46       421.07000  413.42340  1.82%  17.9  400s



Cutting planes:

  Learned: 10

  Gomory: 11

  Lift-and-project: 31

  Cover: 210

  Implied bound: 161

  Projected implied bound: 6

  Clique: 189

  MIR: 66

  Mixing: 29

  StrongCG: 2

  Flow cover: 294

  GUB cover: 6

  Inf proof: 169

  Zero half: 570

  RLT: 67

  Relax-and-lift: 339



Explored 749521 nodes (13369392 simplex iterations) in 401.63 seconds (132.37 work units)

Thread count was 20 (of 20 available processors)



Solution count 10: 421.07 421.07 425.34 ... 478.26



Optimal solution found (tolerance 1.00e-04)

Best objective 4.210700000000e+02, best bound 4.210700000000e+02, gap 0.0000%



AMPL MP initial flat model has 1226 variables (0 integer, 1185 binary);

Objectives: 1 quadratic; 

Constraints:  624 linear; 8 quadratic;



AMPL MP final model has 1226 variables (0 integer, 1185 binary);

Objectives: 1 quadratic; 

Constraints:  624 linear; 8 quadratic;





-----RESULTS INFO-----
running_time:  401.75
TC.best_bound:  421.07
TC:  421.06999999999994
MIP Gap (%):  1.3499755114543431e-14
=== Vehicle Routes ===
Vehicle 1: 0 → 1
Vehicle 1: 1 → 21
Vehicle 1: 2 → 5
Vehicle 1: 3 → 2
Vehicle 1: 4 → 3
Vehicle 1: 5 → 16
Vehicle 1: 16 → 24
Vehicle 1: 21 → 4
Vehicle 2: 0 → 14
Vehicle 2: 14 → 18
Vehicle 2: 18 → 24
Vehicle 3: 0 → 24
Vehicle 4: 0 → 24

=== Full Vehicle Routes ===
Vehicle 1: 0 → 1 → 21 → 4 → 3 → 2 → 5 → 16 → 0 (96<100)
Vehicle 2: 0 → 14 → 18 → 0 (75<100)
Vehicle 3: 0 → 0 (0<100)
Vehicle 4: 0 → 0 (0<100)
Arc used by MRT line: y variables:
MRT used: 14 → 15
MRT used: 16 → 17
MRT used: 18 → 19
Customer assigment to PL: u variables:
6 21
7 17
8 15
9 15
10 15
11 19
12 14
13 15
Node is served by regular vehicle: g variables:
1
2
3
4
5
21
14
16
18
Customer assigment to Home delivery: gm variables:
1
2
3
4
5
Node total demands: ntd variables:
1 3 1
2 21 1
3 6 1
4 22 1
5 19 1
10 0 0
11 0 0
12 0 0
13 0 0
20 0 0
21 18 1
22 0 0
23 0 0
14 59 1
15 0 0
16 7 1
17 0 0
18 16 1
19 0 0
Customer's demand delivered to PL: l variables:
6
7
8
9
10
11
12
13
Lockers load <= capacity:
0 <= 94
18 <= 88
0 <= 74
0 <= 93
20 <= 98
39 <= 100
0 <= 85
7 <= 88
0 <= 71
16 <= 95
