Gurobi 12.0.3:   lim:time = 14400

  mip:bestbound = 1

Set parameter LogToConsole to value 1

  tech:outlev = 1

Set parameter Cuts to value 3

  cut:cuts = 3

Set parameter Presolve to value 2

  pre:solve = 2

Set parameter MIPFocus to value 2

  mip:focus = 2

Set parameter Symmetry to value 2

  mip:symmetry = 2

Set parameter InfUnbdInfo to value 1

Gurobi Optimizer version 12.0.3 build v12.0.3rc0 (win64 - Windows 10.0 (19045.2))



CPU model: 11th Gen Intel(R) Core(TM) i7-11700 @ 2.50GHz, instruction set [SSE2|AVX|AVX2|AVX512]

Thread count: 8 physical cores, 16 logical processors, using up to 16 threads



Non-default parameters:

TimeLimit  14400

MIPFocus  2

Symmetry  2

Cuts  3

InfUnbdInfo  1

Presolve  2



Optimize a model with 609 rows, 1091 columns and 6573 nonzeros

Model fingerprint: 0x7b25ef1c

Model has 2 quadratic objective terms

Model has 6 quadratic constraints

Variable types: 40 continuous, 1051 integer (0 binary)

Coefficient statistics:

  Matrix range     [1e+00, 1e+05]

  QMatrix range    [1e+00, 1e+00]

  QLMatrix range   [1e+00, 2e+01]

  Objective range  [3e+00, 1e+02]

  QObjective range [3e+00, 3e+00]

  Bounds range     [1e+00, 1e+02]

  RHS range        [1e+00, 1e+05]

  QRHS range       [1e+02, 1e+02]

Presolve removed 57 rows and 114 columns

Presolve time: 0.20s

Presolved: 1285 rows, 1593 columns, 9987 nonzeros

Variable types: 138 continuous, 1455 integer (1393 binary)

Root relaxation presolve removed 73 rows and 0 columns

Root relaxation presolved: 651 rows, 1196 columns, 12094 nonzeros





Root relaxation: objective 1.494290e+02, 137 iterations, 0.02 seconds (0.02 work units)



    Nodes    |    Current Node    |     Objective Bounds      |     Work

 Expl Unexpl |  Obj  Depth IntInf | Incumbent    BestBd   Gap | It/Node Time



     0     0  149.42899    0   41          -  149.42899      -     -    0s

H    0     0                     749.5500000  149.42899  80.1%     -    0s

     0     0  240.97000    0   47  749.55000  240.97000  67.9%     -    0s

H    0     0                     544.4900000  240.97000  55.7%     -    0s

H    0     0                     531.7800000  240.97000  54.7%     -    0s

     0     0  240.97252    0   50  531.78000  240.97252  54.7%     -    0s

     0     0  240.97252    0   42  531.78000  240.97252  54.7%     -    0s

     0     0  240.97252    0   42  531.78000  240.97252  54.7%     -    0s

     0     0  240.97252    0   19  531.78000  240.97252  54.7%     -    0s

H    0     0                     489.7400000  240.97252  50.8%     -    0s

     0     0  240.97252    0   19  489.74000  240.97252  50.8%     -    0s

     0     0  240.97252    0   25  489.74000  240.97252  50.8%     -    0s

     0     0  240.97252    0   47  489.74000  240.97252  50.8%     -    0s

     0     0  240.97252    0   41  489.74000  240.97252  50.8%     -    0s

     0     2  240.97252    0   41  489.74000  240.97252  50.8%     -    0s

H   34    55                     488.3100000  240.99115  50.6%  29.6    0s

H  234   244                     486.0500000  240.99115  50.4%  16.8    0s

H  740   526                     469.8200000  241.00746  48.7%  14.5    1s

H  745   526                     459.3800000  241.00746  47.5%  14.6    1s

H 2277  1296                     453.7900000  255.44577  43.7%  14.3    2s

H 2295  1242                     448.8200000  263.10516  41.4%  14.2    3s

H 2309  1188                     439.3900000  277.33316  36.9%  14.1    4s

H 2313  1131                     431.0400000  279.72911  35.1%  14.1    4s

  2321  1136  320.72750   17   93  431.04000  281.79391  34.6%  14.1    5s

H 2327  1082                     430.6700000  283.03022  34.3%  14.0    5s

 11538  4347  304.11111   26   49  430.67000  286.36311  33.5%  20.4   10s

 29756 10623  344.53177   40   22  430.67000  296.70140  31.1%  19.3   15s

 45698 15560  355.08250   37   26  430.67000  303.55760  29.5%  19.1   20s

 62464 20282  323.05239   42   42  430.67000  309.87750  28.0%  19.1   25s

 78764 24392  379.12061   45   53  430.67000  314.85773  26.9%  18.9   30s

 92779 27700  346.84500   38   30  430.67000  318.24060  26.1%  18.8   35s

 108336 31124     cutoff   42       430.67000  321.68458  25.3%  18.7   40s

 125789 34853  356.17077   46   23  430.67000  324.79385  24.6%  18.6   45s

 142919 37727 infeasible   34       430.67000  327.70647  23.9%  18.5   50s

 156003 40378  369.04237   39   29  430.67000  329.79424  23.4%  18.4   55s

 168803 43033  394.93037   42   30  430.67000  331.68750  23.0%  18.3   60s

 184710 45886     cutoff   48       430.67000  334.04799  22.4%  18.3   65s

 200548 49012     cutoff   36       430.67000  336.05940  22.0%  18.2   70s

 214332 51251  386.95000   41   28  430.67000  337.58500  21.6%  18.2   75s

 228272 53554  410.43500   49   39  430.67000  339.18718  21.2%  18.2   80s

 242026 55490  387.76500   30   23  430.67000  340.72999  20.9%  18.2   85s

 254663 57250 infeasible   30       430.67000  342.08195  20.6%  18.2   90s

 268284 58980  352.61654   37   57  430.67000  343.59133  20.2%  18.1   95s

 280976 60697  370.77965   48   39  430.67000  345.01571  19.9%  18.1  100s

 292890 62223  358.28667   36   59  430.67000  346.15167  19.6%  18.1  105s

 304651 63605  375.52167   38   49  430.67000  347.39513  19.3%  18.1  110s

 315237 64801  370.58664   54   10  430.67000  348.42545  19.1%  18.1  115s

 327207 66307     cutoff   45       430.67000  349.66233  18.8%  18.1  120s

 339860 67713  415.15500   37   20  430.67000  350.87333  18.5%  18.0  125s

 352995 69018  376.18417   46   27  430.67000  352.08542  18.2%  18.0  130s

 365513 70042  380.92942   32   30  430.67000  353.22741  18.0%  18.0  135s

 378592 71095  365.64260   40   51  430.67000  354.35018  17.7%  18.0  140s

 390701 72037 infeasible   49       430.67000  355.41539  17.5%  17.9  145s

 402704 73125 infeasible   57       430.67000  356.36756  17.3%  17.9  150s

 416001 74213  361.88393   43   29  430.67000  357.35546  17.0%  17.9  155s

 428316 75022  397.82818   51   29  430.67000  358.31428  16.8%  17.9  160s

 440252 75766 infeasible   44       430.67000  359.18398  16.6%  17.9  165s

 452181 76575  364.59756   39   13  430.67000  360.08750  16.4%  17.8  170s

 464182 77260  377.90053   34   20  430.67000  360.96413  16.2%  17.8  175s

 474378 77767  422.06167   37   44  430.67000  361.73024  16.0%  17.8  180s

 486379 78191     cutoff   56       430.67000  362.54423  15.8%  17.8  185s

 496924 78752 infeasible   58       430.67000  363.28313  15.6%  17.8  190s

 507889 79168  388.08177   45   18  430.67000  363.99944  15.5%  17.8  195s

 519744 79566 infeasible   44       430.67000  364.87983  15.3%  17.8  200s

 529798 80040  394.23333   48   20  430.67000  365.51617  15.1%  17.7  205s

 541312 80356  414.33862   35    8  430.67000  366.25350  15.0%  17.7  210s

 551778 80678 infeasible   36       430.67000  367.02345  14.8%  17.7  215s

 560184 80909  379.06582   45   53  430.67000  367.62579  14.6%  17.7  220s

 567956 81250 infeasible   43       430.67000  368.13000  14.5%  17.7  225s

 578916 81480  387.24500   41   17  430.67000  368.86606  14.4%  17.7  230s

 589434 81641 infeasible   40       430.67000  369.52647  14.2%  17.7  235s

 599795 81875  394.18530   32   30  430.67000  370.17684  14.0%  17.7  240s

 610865 82049  413.84119   38   22  430.67000  370.92000  13.9%  17.7  245s

 621295 82070 infeasible   44       430.67000  371.58837  13.7%  17.7  250s

 631688 82014  387.61775   55   46  430.67000  372.25478  13.6%  17.6  255s

 641726 81910  410.85347   46   23  430.67000  372.97201  13.4%  17.6  260s

 650655 81861  402.38167   56   39  430.67000  373.58000  13.3%  17.6  265s

 661382 81876  389.62034   37   30  430.67000  374.22375  13.1%  17.6  270s

 671475 81686  387.97223   50   42  430.67000  374.88783  13.0%  17.6  275s

 680219 81534  381.85278   47   49  430.67000  375.43388  12.8%  17.6  280s

 690757 81446     cutoff   44       430.67000  376.04033  12.7%  17.6  285s

 699390 81278 infeasible   46       430.67000  376.57720  12.6%  17.6  290s

 709205 81014     cutoff   44       430.67000  377.19667  12.4%  17.6  295s

 717812 80900 infeasible   44       430.67000  377.69223  12.3%  17.6  300s

 728103 80627  404.53420   55   33  430.67000  378.32000  12.2%  17.6  305s

 735555 80199  426.08216   42   14  430.67000  378.79667  12.0%  17.6  310s

 743351 79643 infeasible   36       430.67000  379.26402  11.9%  17.6  315s

 749554 79293 infeasible   53       430.67000  379.66500  11.8%  17.6  320s

 757390 78784 infeasible   36       430.67000  380.14872  11.7%  17.6  325s

 765028 78169  389.94218   43   29  430.67000  380.72214  11.6%  17.6  330s

 772053 77569  383.85866   35   16  430.67000  381.18779  11.5%  17.6  335s

 779026 77001  416.83455   37   25  430.67000  381.67837  11.4%  17.6  340s

 785911 76314  425.33088   31   11  430.67000  382.13416  11.3%  17.6  345s

 794099 75692  422.30584   47   32  430.67000  382.71123  11.1%  17.6  351s

 801253 74959  419.58958   56   36  430.67000  383.21498  11.0%  17.6  355s

 808201 74243 infeasible   47       430.67000  383.69750  10.9%  17.6  360s

 815281 73445 infeasible   41       430.67000  384.22750  10.8%  17.6  365s

 823049 72737 infeasible   45       430.67000  384.77096  10.7%  17.6  371s

 829991 71942     cutoff   45       430.67000  385.25879  10.5%  17.6  375s

 837212 71219  392.17226   45   12  430.67000  385.76472  10.4%  17.6  380s

 843121 70583  388.79051   41   19  430.67000  386.12111  10.3%  17.6  386s

 848924 69954 infeasible   51       430.67000  386.53000  10.2%  17.6  390s

 856130 69094  406.23844   41   13  430.67000  387.02230  10.1%  17.6  395s

 863273 68210 infeasible   55       430.67000  387.51250  10.0%  17.6  400s

 870366 67277  416.73000   37   25  430.67000  388.03000  9.90%  17.6  405s

 876730 66409  427.62082   60   14  430.67000  388.49980  9.79%  17.6  410s

 885922 65179  390.22872   58   15  430.67000  389.14884  9.64%  17.6  416s

 892799 64160  389.83184   33   13  430.67000  389.62566  9.53%  17.6  420s

 900369 63138  420.69500   38   12  430.67000  390.15485  9.41%  17.6  425s

 907274 62138     cutoff   45       430.67000  390.68726  9.28%  17.6  430s

 913997 61094  414.97741   47   24  430.67000  391.11500  9.18%  17.6  435s

 922858 59711 infeasible   52       430.67000  391.82765  9.02%  17.6  440s

 929711 58636  393.17703   33   13  430.67000  392.30014  8.91%  17.6  445s

 936655 57362 infeasible   45       430.67000  392.84724  8.78%  17.6  450s

 943890 56170 infeasible   50       430.67000  393.41056  8.65%  17.6  455s

 950629 54935 infeasible   44       430.67000  393.97000  8.52%  17.6  460s

 957497 53508  407.27831   56   31  430.67000  394.53796  8.39%  17.6  465s

 964563 52221  427.40518   57   36  430.67000  395.14293  8.25%  17.6  470s

 971481 50678  404.15475   49   33  430.67000  395.76768  8.10%  17.6  475s

 980200 48881  396.68973   39   12  430.67000  396.55813  7.92%  17.6  481s

 985365 47738     cutoff   53       430.67000  397.07250  7.80%  17.6  485s

 992566 46238 infeasible   49       430.67000  397.68826  7.66%  17.6  490s

 1000007 44648 infeasible   49       430.67000  398.36250  7.50%  17.6  495s

 1007313 43092  414.00931   37   58  430.67000  399.07029  7.34%  17.6  500s

 1014342 41490 infeasible   46       430.67000  399.74188  7.18%  17.6  505s

 1021465 39732  405.49311   42    7  430.67000  400.42331  7.02%  17.6  510s

 1028460 37827 infeasible   50       430.67000  401.20575  6.84%  17.6  515s

 1035366 35980     cutoff   37       430.67000  401.96967  6.66%  17.6  520s

 1042392 34118 infeasible   41       430.67000  402.77446  6.48%  17.6  525s

 1049276 32136  417.70434   51   10  430.67000  403.58856  6.29%  17.5  530s

 1055342 30490  404.66009   40   28  430.67000  404.34206  6.11%  17.5  535s

 1062583 28112     cutoff   57       430.67000  405.27293  5.90%  17.5  540s

 1069844 25903 infeasible   35       430.67000  406.28500  5.66%  17.5  545s

 1077023 23427  412.69650   43   69  430.67000  407.40720  5.40%  17.5  551s

 1084207 20857     cutoff   59       430.67000  408.59808  5.13%  17.5  556s

 1089342 18810 infeasible   52       430.67000  409.62963  4.89%  17.5  560s

 1096160 16095     cutoff   60       430.67000  411.12797  4.54%  17.4  565s

 1103558 13045 infeasible   38       430.67000  412.90333  4.13%  17.4  570s

 1110992  9463  427.23333   42   35  430.67000  415.34031  3.56%  17.4  575s

 1118341  5537 infeasible   43       430.67000  418.66000  2.79%  17.4  581s

 1124277  3122     cutoff   50       430.67000  422.67800  1.86%  17.3  585s



Cutting planes:

  Learned: 13

  Gomory: 27

  Lift-and-project: 45

  Cover: 223

  Implied bound: 158

  Projected implied bound: 8

  Clique: 224

  MIR: 122

  Mixing: 101

  StrongCG: 6

  Flow cover: 613

  GUB cover: 11

  Inf proof: 237

  Zero half: 1006

  RLT: 57

  Relax-and-lift: 454



Explored 1128758 nodes (19509966 simplex iterations) in 589.20 seconds (300.96 work units)

Thread count was 16 (of 16 available processors)



Solution count 10: 430.67 430.67 431.04 ... 488.31



Optimal solution found (tolerance 1.00e-04)

Best objective 4.306700000000e+02, best bound 4.306700000000e+02, gap 0.0000%



AMPL MP initial flat model has 1091 variables (0 integer, 1051 binary);

Objectives: 1 quadratic; 

Constraints:  609 linear; 6 quadratic;



AMPL MP final model has 1091 variables (0 integer, 1051 binary);

Objectives: 1 quadratic; 

Constraints:  609 linear; 6 quadratic;





-----RESULTS INFO-----
running_time:  589.3750000000001
TC.best_bound:  430.67
TC:  430.66999999999996
MIP Gap (%):  1.3198834109830733e-14
=== Vehicle Routes ===
Vehicle 1: 0 → 11
Vehicle 1: 1 → 24
Vehicle 1: 5 → 21
Vehicle 1: 11 → 16
Vehicle 1: 16 → 5
Vehicle 1: 21 → 1
Vehicle 2: 0 → 3
Vehicle 2: 2 → 15
Vehicle 2: 3 → 2
Vehicle 2: 4 → 24
Vehicle 2: 15 → 4
Vehicle 3: 0 → 24
Vehicle 4: 0 → 24

=== Full Vehicle Routes ===
Vehicle 1: 0 → 11 → 16 → 5 → 21 → 1 → 0 (83<100)
Vehicle 2: 0 → 3 → 2 → 15 → 4 → 0 (88<100)
Vehicle 3: 0 → 0 (0<100)
Vehicle 4: 0 → 0 (0<100)
Arc used by MRT line: y variables:
MRT used: 16 → 17
Customer assigment to PL: u variables:
6 21
7 17
8 15
9 15
10 15
12 21
13 15
Node is served by regular vehicle: g variables:
1
2
3
4
5
11
21
15
16
Customer assigment to Home delivery: gm variables:
1
2
3
4
5
11
Node total demands: ntd variables:
1 3 1
2 21 1
3 6 1
4 22 1
5 19 1
10 0 0
11 16 1
12 0 0
13 0 0
20 0 0
21 38 1
22 0 0
23 0 0
14 0 0
15 39 1
16 7 1
17 0 0
18 0 0
19 0 0
Customer's demand delivered to PL: l variables:
6
7
8
9
10
12
13
Lockers load <= capacity:
0 <= 94
38 <= 88
0 <= 74
0 <= 93
0 <= 98
39 <= 100
0 <= 85
7 <= 88
0 <= 71
0 <= 95
