Gurobi 12.0.3:   lim:time = 14400

  mip:bestbound = 1

Set parameter LogToConsole to value 1

  tech:outlev = 1

Set parameter Cuts to value 3

  cut:cuts = 3

Set parameter Presolve to value 2

  pre:solve = 2

Set parameter MIPFocus to value 2

  mip:focus = 2

Set parameter Symmetry to value 2

  mip:symmetry = 2

Set parameter InfUnbdInfo to value 1

Gurobi Optimizer version 12.0.3 build v12.0.3rc0 (win64 - Windows 11.0 (26100.2))



CPU model: 12th Gen Intel(R) Core(TM) i7-12700, instruction set [SSE2|AVX|AVX2]

Thread count: 12 physical cores, 20 logical processors, using up to 20 threads



Non-default parameters:

TimeLimit  14400

MIPFocus  2

Symmetry  2

Cuts  3

InfUnbdInfo  1

Presolve  2



Optimize a model with 2060 rows, 7523 columns and 47393 nonzeros

Model fingerprint: 0xa2e2bcde

Model has 1 quadratic objective term

Model has 8 quadratic constraints

Variable types: 78 continuous, 7445 integer (0 binary)

Coefficient statistics:

  Matrix range     [1e+00, 1e+05]

  QMatrix range    [1e+00, 1e+00]

  QLMatrix range   [1e+00, 3e+01]

  Objective range  [1e+00, 1e+02]

  QObjective range [3e+00, 3e+00]

  Bounds range     [1e+00, 1e+02]

  RHS range        [1e+00, 1e+05]

  QRHS range       [2e+01, 1e+02]

Presolve removed 104 rows and 262 columns

Presolve time: 1.04s

Presolved: 6790 rows, 12086 columns, 58958 nonzeros

Variable types: 441 continuous, 11645 integer (9620 binary)

Root relaxation presolve removed 1 rows and 0 columns

Root relaxation presolved: 6186 rows, 11483 columns, 98570 nonzeros





Root relaxation: objective 2.589835e+02, 1498 iterations, 0.13 seconds (0.27 work units)



    Nodes    |    Current Node    |     Objective Bounds      |     Work

 Expl Unexpl |  Obj  Depth IntInf | Incumbent    BestBd   Gap | It/Node Time



     0     0  258.98349    0  421          -  258.98349      -     -    3s

     0     0  304.49385    0  320          -  304.49385      -     -    4s

     0     0  304.49385    0  322          -  304.49385      -     -    4s

     0     0  304.49393    0  338          -  304.49393      -     -    4s

     0     0  310.85008    0  318          -  310.85008      -     -    5s

     0     0  310.85008    0  313          -  310.85008      -     -    5s

     0     0  312.04008    0  308          -  312.04008      -     -    5s

     0     0  312.04195    0  320          -  312.04195      -     -    5s

     0     0  312.34008    0  331          -  312.34008      -     -    6s

     0     0  312.34008    0  364          -  312.34008      -     -    7s

     0     0  312.34011    0  320          -  312.34011      -     -    7s

     0     0  312.34604    0  179          -  312.34604      -     -    7s

     0     0  312.37985    0  174          -  312.37985      -     -    8s

     0     0  312.41836    0  170          -  312.41836      -     -    8s

H    0     0                    1680.0400000  312.41836  81.4%     -    8s

     0     0  312.42254    0  170 1680.04000  312.42254  81.4%     -    8s

     0     0  312.42254    0  170 1680.04000  312.42254  81.4%     -    9s

H    0     0                    1656.0400000  312.42268  81.1%     -    9s

     0     2  312.42304    0  168 1656.04000  312.42304  81.1%     -    9s

     7    16  312.82104    3  189 1656.04000  312.78123  81.1%   366   10s

H   83    93                    1580.7500000  312.88142  80.2%   264   10s

H  246   258                    1506.9400000  312.88142  79.2%   195   12s

H  247   258                    1486.3500000  312.88142  78.9%   195   12s

H  251   258                    1481.2000000  312.88142  78.9%   194   12s

H  298   304                    1470.6000000  312.88142  78.7%   181   12s

H  304   304                    1413.1100000  312.88142  77.9%   181   12s

H  350   356                    1406.1000000  312.88142  77.7%   170   12s

H  401   402                    1370.1200000  312.88142  77.2%   164   12s

   533   540  335.37865   27  139 1370.12000  312.88142  77.2%   151   15s

   806   796  350.96288   44  109 1370.12000  312.88142  77.2%   126   20s

H  897   892                    1286.3700000  312.88142  75.7%   121   23s

H  918   907                    1283.8600000  312.88142  75.6%   120   23s

H  926   907                    1279.5400000  312.88142  75.5%   119   23s

H 1119  1084                    1185.5000000  312.88142  73.6%   109   24s

  1124  1272  357.09449   63  132 1185.50000  312.88142  73.6%   109   25s

H 2200  1951                    1173.3300000  313.54085  73.3%  82.1   27s

H 2205  1951                    1136.7600000  313.54085  72.4%  82.7   27s

  3000  2786  378.84770   48  131 1136.76000  313.54085  72.4%  85.7   30s

H 3218  2650                    1124.5900000  313.54085  72.1%  84.2   34s

  3219  2651  599.95358  103  345 1124.59000  313.54085  72.1%  84.2   35s

H 3219  2518                    1122.7400000  313.54085  72.1%  84.2   36s

H 3221  2393                    1120.5800000  315.66500  71.8%  84.1   38s

H 3222  2274                    1120.2300000  317.87000  71.6%  84.1   39s

H 3222  2160                    1096.4000000  317.87000  71.0%  84.1   39s

H 3222  2052                    1096.0500000  317.87000  71.0%  84.1   39s

H 3223  1950                    1090.7200000  317.87000  70.9%  84.1   40s

H 3223  1853                    1066.3400000  317.87000  70.2%  84.1   40s

H 3223  1760                    1063.8300000  317.87000  70.1%  84.1   40s

H 3223  1672                    1055.8100000  317.87000  69.9%  84.1   40s

H 3225  1589                    1052.2200000  318.39823  69.7%  84.0   42s

H 3228  1511                    1014.8400000  318.51165  68.6%  84.0   45s

H 3228  1435                    1013.9400000  318.51165  68.6%  84.0   45s

H 3228  1363                    1008.7200000  318.51165  68.4%  84.0   45s

H 3228  1295                    1002.7100000  318.51165  68.2%  84.0   45s

H 3228  1230                    1002.6600000  318.51165  68.2%  84.0   45s

H 3228  1168                     997.4400000  318.51165  68.1%  84.0   45s

H 3228  1109                     988.5300000  318.51165  67.8%  84.0   45s

H 3229  1054                     980.5100000  318.51186  67.5%  83.9   46s

H 3230  1001                     968.5900000  318.51918  67.1%  83.9   47s

H 3231   952                     958.6500000  318.51918  66.8%  83.9   48s

H 3231   904                     925.3200000  318.51918  65.6%  83.9   48s

H 3232   859                     921.6600000  318.56430  65.4%  83.9   49s

H 3232   816                     918.7600000  318.56430  65.3%  83.9   49s

  3234   817  351.92463   34  181  918.76000  318.69101  65.3%  83.8   50s

H 3236   777                     908.1900000  318.79054  64.9%  83.8   54s

  3238   779  361.17939   43  245  908.19000  318.83141  64.9%  83.7   55s

  3243   782  347.93301   22  238  908.19000  321.55651  64.6%  83.6   60s

H 3245   743                     900.8900000  324.97250  63.9%  83.5   64s

  3246   744  407.25363   42  270  900.89000  324.97537  63.9%  83.5   65s

  3250   747  405.81317   45  258  900.89000  325.33202  63.9%  83.4   71s

  3253   749  505.13925   69  415  900.89000  325.52311  63.9%  83.3   75s

  3259   753  407.83487   62  409  900.89000  326.05210  63.8%  83.2   80s

  3267   758  388.08162   43  372  900.89000  327.41774  63.7%  83.0   85s

H 3269   720                     894.1100000  327.97914  63.3%  82.9   87s

H 3273   686                     891.6700000  328.17663  63.2%  82.8   90s

H 3277   653                     882.9600000  328.22439  62.8%  82.7   92s

H 3277   620                     875.1200000  328.22439  62.5%  82.7   92s

  3282   623  536.01841  112  385  875.12000  328.35791  62.5%  82.6   95s

  3290   628  328.65111   13  421  875.12000  328.65111  62.4%  82.4  100s

  3296   632  422.66185   62  408  875.12000  329.31917  62.4%  82.2  105s

  3304   638  560.01426  111  389  875.12000  330.15764  62.3%  82.0  110s

  3312   643  353.22087   12  501  875.12000  330.57198  62.2%  81.8  115s

  3320   648  618.07015  133  470  875.12000  330.72542  62.2%  81.6  120s

  3326   652  512.70152   89  462  875.12000  330.98814  62.2%  81.5  125s

  3336   659  369.54514   32  471  875.12000  331.45402  62.1%  81.2  130s

  3348   667  331.83782   27  501  875.12000  331.83782  62.1%  81.0  135s

  3360   675  343.47481   15  549  875.12000  331.86755  62.1%  80.7  140s

  3372   683  356.35776   20  533  875.12000  331.92926  62.1%  80.4  145s

  3380   689  745.34294  140  205  875.12000  332.08749  62.1%  97.9  150s

  3384   692  332.65768   10  412  875.12000  332.09586  62.1%  97.8  156s

  3386   693  332.81498   13  406  875.12000  332.81498  62.0%  97.7  160s

  3390   696  332.81498   13  437  875.12000  332.81498  62.0%  97.6  166s

  3393   698  350.67756   19  448  875.12000  332.81527  62.0%  97.5  171s

  3396   700  422.66185   62  479  875.12000  332.93300  62.0%  97.4  176s

  3399   702  334.24142   15  463  875.12000  332.93300  62.0%  97.3  180s

  3402   704  559.02792  128  456  875.12000  332.93300  62.0%  97.3  185s

  3408   708  451.39859   89  477  875.12000  332.93331  62.0%  97.1  190s

  3414   712  434.79752   70  515  875.12000  333.32469  61.9%  96.9  195s

H 3414   675                     868.4800000  333.32469  61.6%  96.9  196s

  3420   679  618.07015  133  535  868.48000  333.43089  61.6%  96.7  200s

  3427   689  333.43089   25  392  868.48000  333.43089  61.6%   104  205s

  3497   755  334.25911   30  325  868.48000  333.66686  61.6%   112  210s

  3648   851  345.95425   35  146  868.48000  333.66686  61.6%   123  215s

  3769   936  347.19478   39  160  868.48000  333.66686  61.6%   131  220s

  3962  1061  414.80338   45  166  868.48000  333.66686  61.6%   139  225s

  4041  1108  348.28753   48  116  868.48000  333.66686  61.6%   141  230s

  4275  1330  367.12001   51  138  868.48000  333.66686  61.6%   145  236s

  4591  1510  485.01514   59  104  868.48000  333.66686  61.6%   146  240s

  5091  1888  367.43901   76  105  868.48000  333.66686  61.6%   147  246s

  5536  2145  509.67975   88  136  868.48000  333.66686  61.6%   149  250s

  5943  2510  442.66375   95  113  868.48000  333.66686  61.6%   148  255s

  6422  3087  448.13826  108  128  868.48000  333.66686  61.6%   151  261s

  6986  3666  566.35157  125  140  868.48000  333.66686  61.6%   149  265s

  7943  4189 infeasible  163       868.48000  333.66686  61.6%   144  271s

  8333  4810  724.47080  191   86  868.48000  333.66686  61.6%   144  275s

  9377  5653  370.41998   86  164  868.48000  334.83841  61.4%   142  282s

  9888  5886  438.46069  148  172  868.48000  334.83841  61.4%   140  285s

 10903  7203  636.24031  236  108  868.48000  335.04402  61.4%   135  290s

 11537  7218  682.89708  236  114  868.48000  335.05335  61.4%   131  295s

H11556  7209                     851.9200000  335.05335  60.7%   131  295s

 11905  7712  779.74788  264  123  851.92000  335.05335  60.7%   130  301s

 12124  8049  346.91262   44  258  851.92000  335.05335  60.7%   130  305s

 13053  8588  453.81083  130  196  851.92000  335.05335  60.7%   131  311s

 14109  9458 infeasible  246       851.92000  335.05335  60.7%   129  317s

 14306  9843  354.78148   53  219  851.92000  335.41244  60.6%   131  321s

H14823 10218                     847.4900000  335.41244  60.4%   132  324s

 15127 10417  482.89835  149  153  847.49000  335.41244  60.4%   133  328s

 15365 11337  690.09079  156  118  847.49000  335.41244  60.4%   134  332s

 16339 11448  454.03990   68  144  847.49000  335.41244  60.4%   132  336s

 16481 11767  479.93402   73  137  847.49000  335.41244  60.4%   132  340s

 17147 12671  394.54828   71  197  847.49000  335.41244  60.4%   133  348s

 17915 14119  490.70407  117  177  847.49000  337.33067  60.2%   131  355s

 20322 14804  402.93666   91  195  847.49000  337.62204  60.2%   127  360s

H20335 14815                     846.6600000  337.62204  60.1%   128  363s

 20346 14980  409.02164   93  205  846.66000  337.62204  60.1%   128  365s

 20804 15650  453.73720  141  187  846.66000  337.62204  60.1%   128  371s

 21337 15829  600.23721  212  185  846.66000  337.62204  60.1%   128  375s

 22341 16666     cutoff  314       846.66000  337.62204  60.1%   129  383s

H22347 16665                     846.6100000  337.62204  60.1%   129  383s

 22555 17092  372.72876   37  222  846.61000  337.62204  60.1%   129  387s

 23085 17215  510.18650  101   85  846.61000  337.62204  60.1%   129  391s

 23236 17336  510.53650  102   88  846.61000  337.62204  60.1%   129  396s

 23396 17543  512.75145  103   91  846.61000  337.62204  60.1%   129  401s

 23641 17917  513.17448  104   89  846.61000  337.62204  60.1%   129  406s

 24135 18614  558.28487  136   85  846.61000  338.71085  60.0%   130  411s

 25087 19172  633.35644   97   85  846.61000  339.40341  59.9%   129  416s

 25878 20930  382.89106   64  157  846.61000  339.40341  59.9%   129  423s

 27844 22020  395.10862   75  190  846.61000  339.67172  59.9%   127  429s

 29164 22607  508.92519  125  117  846.61000  339.67172  59.9%   128  434s

 29852 23587  387.11566   42  281  846.61000  339.74634  59.9%   129  440s

 31105 24055  405.26372   44  184  846.61000  339.74634  59.9%   129  446s

 31617 25542  459.97175   73  178  846.61000  339.80857  59.9%   130  453s

 33364 26994  427.00417   57  235  846.61000  339.80857  59.9%   129  460s

 35046 27569  449.69129   88  179  846.61000  340.00321  59.8%   129  466s

 35686 27610  589.09117  137  176  846.61000  340.00321  59.8%   129  476s

 35727 37773  603.52646  139  185  846.61000  340.00321  59.8%   129  585s

 47727 39714  546.04133  123  169  846.61000  340.77313  59.7%   138  598s

 50123 40293  357.26456   39  217  846.61000  341.34744  59.7%   137  606s

 50788 41514  528.20130   94  200  846.61000  341.34744  59.7%   138  614s

 52238 42807  369.69864   77  220  846.61000  341.35848  59.7%   138  622s

 53665 45067  511.75486  172  176  846.61000  341.35848  59.7%   137  635s

 56561 46066  416.36408   61  176  846.61000  341.64839  59.6%   138  644s

 57500 46448 infeasible  110       846.61000  341.64839  59.6%   138  650s

 58008 47604  395.52869   64  280  846.61000  341.64839  59.6%   139  657s

 59456 48134  370.21315   55  202  846.61000  341.90568  59.6%   139  663s

 59998 48158  423.93401   78  185  846.61000  341.90568  59.6%   139  671s

 60022 49292  425.94813   79  178  846.61000  341.90568  59.6%   139  679s

 61265 49775  479.60435  106  198  846.61000  341.90568  59.6%   138  685s

 61871 51483  628.52011  147  169  846.61000  341.90568  59.6%   139  694s

 63936 52160  390.24151   52  189  846.61000  341.94044  59.6%   137  701s

 64755 53482  543.17132   97  132  846.61000  341.94044  59.6%   137  710s

 66237 54886  642.49776  110  172  846.61000  341.94044  59.6%   137  718s

 67954 55341  479.15461   63  148  846.61000  341.94044  59.6%   136  724s

 68522 56596  435.46320   56  135  846.61000  341.94044  59.6%   137  733s

 70169 56982 infeasible   61       846.61000  342.27387  59.6%   136  739s

 70630 58367  572.82512   81  161  846.61000  342.33355  59.6%   137  748s

 72430 58919 infeasible  101       846.61000  342.33355  59.6%   137  759s

 73055 60348  406.82204  102  145  846.61000  342.33355  59.6%   137  775s

 74693 61448  402.45580   89  216  846.61000  342.41741  59.6%   137  790s

 76094 63886  610.93552  196  156  846.61000  342.41741  59.6%   138  808s

 79275 64600 infeasible  184       846.61000  342.57001  59.5%   138  816s

 80122 66484  600.03518   47  145  846.61000  342.57001  59.5%   138  828s

 82486 67410  420.96120   89  231  846.61000  342.63917  59.5%   139  837s

 83608 68060  588.93061  149  185  846.61000  342.65127  59.5%   138  846s

 84351 70753  431.10468   58  192  846.61000  342.65127  59.5%   138  859s

 87375 72107  356.41995   51  255  846.61000  342.80650  59.5%   137  868s

 89039 72622  347.54922   33  284  846.61000  342.83897  59.5%   137  874s

 89620 74099  413.37732   63  212  846.61000  342.83897  59.5%   137  884s

 91291 75944  556.57168  174  166  846.61000  342.83897  59.5%   136  897s

 93545 76334  349.83228   53  159  846.61000  342.89845  59.5%   136  902s

 94032 76506  542.53505   94  126  846.61000  342.89845  59.5%   136  910s

 94224 77091  554.34280   95  123  846.61000  342.89845  59.5%   136  918s

 94961 78832  367.44291   46  178  846.61000  343.06873  59.5%   137  929s

 97018 79217  500.73744   41  132  846.61000  343.12443  59.5%   136  935s

 97518 79997  344.32899   35  268  846.61000  343.12443  59.5%   136  943s

 98956 80524  511.34162  119  181  846.61000  343.12443  59.5%   137  950s

 99567 82144  588.26972  180  191  846.61000  343.18966  59.5%   137  960s

 101458 83610  517.29827   94  178  846.61000  343.25306  59.5%   136  969s

 103164 84630  403.97316   93  171  846.61000  343.30932  59.4%   136  977s

 104303 86184  815.77387  216   88  846.61000  343.31013  59.4%   136  986s

 106095 86678  559.95945  184  151  846.61000  343.36415  59.4%   135  992s

 106613 88021  735.05153  244  156  846.61000  343.36415  59.4%   135 1000s

 108138 89408  409.70144  103  227  846.61000  343.37110  59.4%   135 1010s

 109696 90608  344.43527   45  190  846.61000  343.41126  59.4%   134 1024s

 111143 91414  718.69407  202  141  846.61000  343.41176  59.4%   134 1032s

 112134 93075 infeasible  103       846.61000  343.41176  59.4%   134 1044s

 114154 93812  347.27012   39  185  846.61000  343.41176  59.4%   134 1051s

 115043 95421  613.13595   72   97  846.61000  343.41176  59.4%   134 1063s

 116969 95702  508.69548  113  143  846.61000  343.41176  59.4%   134 1070s

 117310 96862  347.78050   46  194  846.61000  343.56486  59.4%   134 1079s

 117733 96862  491.28424   54  100  846.61000  343.59971  59.4%   134 1080s

 118715 97552  476.05037   53  124  846.61000  343.62117  59.4%   134 1087s

 119561 99344  366.59714   53  172  846.61000  343.62117  59.4%   134 1098s

 121563 100311  631.36508  121  154  846.61000  343.67686  59.4%   134 1107s

 122682 100781  435.96558   76  162  846.61000  343.70054  59.4%   133 1115s

 123244 101845  506.42545   83  179  846.61000  343.70054  59.4%   133 1124s

 124450 103130  397.73489   38  297  846.61000  343.70054  59.4%   133 1133s

 126167 103683  573.57138  159   91  846.61000  343.78727  59.4%   133 1140s

 126788 105519  523.89839   68  136  846.61000  343.79148  59.4%   133 1150s

 128935 105530  437.12732   83  210  846.61000  343.79216  59.4%   132 1168s

 128947 115654  511.07738   81  145  846.61000  343.83095  59.4%   132 1308s

 140947 116896  419.55218   51  172  846.61000  344.05352  59.4%   132 1326s

 142633 118383  721.74417   97   62  846.61000  344.15752  59.3%   132 1342s

 144581 119412  350.12952   48  199  846.61000  344.21351  59.3%   132 1355s

 145773 120401 infeasible  185       846.61000  344.21351  59.3%   132 1366s

 146947 122391  452.06714   62  238  846.61000  344.26681  59.3%   132 1383s

 149086 123656  457.98253   75  149  846.61000  344.26681  59.3%   132 1391s

 150499 124063  456.73208   99  142  846.61000  344.26681  59.3%   131 1397s

 150927 125272  732.01602  162   47  846.61000  344.26681  59.3%   131 1406s

 152318 126526  718.02853  152   85  846.61000  344.32812  59.3%   131 1415s

 153706 126969  348.81425   59  195  846.61000  344.32812  59.3%   131 1422s

 154233 127941  455.24272   81  153  846.61000  344.32899  59.3%   131 1431s

 155347 129266  349.93601   58  281  846.61000  344.32899  59.3%   130 1441s

 156859 129696  476.39140  151  176  846.61000  344.32899  59.3%   130 1448s

 157375 130601  511.54213  194  159  846.61000  344.32899  59.3%   130 1457s

 158402 131095  702.88892  352  199  846.61000  344.32899  59.3%   130 1465s

 159058 131460  391.30467   51  257  846.61000  344.32899  59.3%   130 1473s

 159652 131941  519.86094   91  167  846.61000  344.44278  59.3%   130 1481s

 160331 133174  391.73475   45  240  846.61000  344.44306  59.3%   131 1491s

 161981 133483  799.98900   83   93  846.61000  344.47527  59.3%   130 1498s

 162385 134503  472.06289   53  172  846.61000  344.47527  59.3%   131 1507s

 163721 135206 infeasible   84       846.61000  344.47527  59.3%   131 1518s

 164696 135947  471.53043   82  141  846.61000  344.47527  59.3%   131 1528s

 165514 139171  647.60559  191  167  846.61000  344.47527  59.3%   131 1550s

 169179 140236  677.95668  277  153  846.61000  344.58328  59.3%   130 1561s

 170456 141173  346.01038   42  264  846.61000  344.58328  59.3%   130 1570s

 171550 141466  604.60458  104   86  846.61000  344.58328  59.3%   130 1578s

H171737 141465                     845.5700000  344.58328  59.2%   130 1578s

 171928 142587  457.50417   54  224  845.57000  344.58328  59.2%   130 1586s

 173229 142793 infeasible   56       845.57000  344.58352  59.2%   130 1594s

 173483 143358  446.36436   62  225  845.57000  344.58352  59.2%   131 1604s

 174201 143841  477.73763   93  179  845.57000  344.65667  59.2%   130 1611s

 174734 145059  595.85121  110  165  845.57000  344.65667  59.2%   131 1621s

 176235 146373  738.47317  162  117  845.57000  344.66539  59.2%   130 1633s

 177835 146905  446.20970  112  112  845.57000  344.66539  59.2%   130 1640s

 178503 148503  349.26465   49  209  845.57000  344.66539  59.2%   130 1651s

 180274 149300  349.54577   37  187  845.57000  344.78148  59.2%   130 1661s

 181152 149868  430.75238   48  234  845.57000  344.78148  59.2%   130 1669s

 181861 151354  595.97124  119  116  845.57000  344.78148  59.2%   130 1681s

 183512 153072  534.78617   70   86  845.57000  344.78148  59.2%   130 1698s

 185532 153543  369.69711   59  232  845.57000  344.87820  59.2%   130 1705s

 186076 154638  626.25715   90  136  845.57000  344.88007  59.2%   130 1716s

 187256 155081  435.06415   61  198  845.57000  344.88007  59.2%   129 1725s

 187844 155987  363.79076   45  214  845.57000  344.88007  59.2%   130 1736s

 189177 156361  346.06030   41  237  845.57000  344.88007  59.2%   130 1744s

 189800 156709  425.88602   49  177  845.57000  344.88007  59.2%   130 1755s

 190359 156877  497.92752   62  182  845.57000  344.88007  59.2%   131 1763s

 190538 157330  506.13767   65  114  845.57000  344.88007  59.2%   131 1774s

 191120 158412  354.59973   51  183  845.57000  344.94585  59.2%   131 1786s

 192455 159151  485.55329   88  138  845.57000  344.96557  59.2%   131 1798s

 193294 160730  462.67055   79   96  845.57000  344.97180  59.2%   131 1814s

 195357 162297  370.05563   55  211  845.57000  345.00082  59.2%   131 1829s

 197321 163058  398.72298   47  175  845.57000  345.02923  59.2%   131 1839s

 198217 164764  575.42026  122  168  845.57000  345.03635  59.2%   131 1852s

 200238 166418  381.99049   66  200  845.57000  345.07119  59.2%   131 1866s

 202157 167163  378.05168   83  214  845.57000  345.09123  59.2%   131 1878s

 203020 169834  431.95371  120  205  845.57000  345.09658  59.2%   131 1901s

 206133 171091  808.00533  173   65  845.57000  345.13406  59.2%   131 1913s

 207761 171556  465.36573   58  133  845.57000  345.14216  59.2%   130 1921s

 208287 172543 infeasible  113       845.57000  345.14216  59.2%   131 1933s

 209421 173056  440.63903   51  159  845.57000  345.14216  59.2%   131 1941s

 209994 174307  687.23295  109  105  845.57000  345.14216  59.2%   131 1952s

 211507 175137  548.36021   69  101  845.57000  345.24720  59.2%   131 1965s

 212813 175516  771.84190   74  100  845.57000  345.26900  59.2%   131 1975s

 213345 176516  415.77153   52  228  845.57000  345.31756  59.2%   131 1986s

 214604 177067  491.92879   84  171  845.57000  345.34617  59.2%   131 1995s

 215195 178612  611.55175  134  177  845.57000  345.34617  59.2%   131 2008s

 217032 179646  481.78858   55  129  845.57000  345.35096  59.2%   131 2019s

 217790 179646  770.05706  258  176  845.57000  345.35096  59.2%   131 2020s

 218312 180495  606.51686  106  152  845.57000  345.35096  59.2%   131 2032s

 219438 181039  673.07498  115  165  845.57000  345.35096  59.2%   131 2041s

 220089 182781  484.18395   54  153  845.57000  345.42980  59.1%   131 2059s

 222118 183133  715.59185  168  177  845.57000  345.45266  59.1%   131 2067s

 222558 183998  386.68480   61  232  845.57000  345.45332  59.1%   131 2079s

 223517 184670  477.45188  105  154  845.57000  345.45606  59.1%   131 2089s

 224288 186062  714.60248  185  145  845.57000  345.45606  59.1%   131 2103s

 226031 187352  442.31617   57  171  845.57000  345.51543  59.1%   131 2114s

 227638 187691  429.29213   59  191  845.57000  345.51543  59.1%   131 2123s

 228047 188772  477.42091   92  158  845.57000  345.53537  59.1%   131 2134s

 229341 189246  670.30656   91  118  845.57000  345.54730  59.1%   131 2145s

 229930 190048  396.95234   85  191  845.57000  345.54730  59.1%   131 2158s

 230819 191132  611.72330  186  139  845.57000  345.57490  59.1%   131 2171s

 232227 191636  430.08545   58  171  845.57000  345.60429  59.1%   131 2181s

 232880 193011  497.04393   83  156  845.57000  345.61027  59.1%   131 2194s

 234307 193011 infeasible   72       845.57000  345.64287  59.1%   131 2195s

 234496 193859  459.87582  104  184  845.57000  345.64287  59.1%   131 2207s

 235498 194530  361.33566   41  206  845.57000  345.64742  59.1%   131 2217s

 236328 196094  655.04867   84  158  845.57000  345.64742  59.1%   131 2231s

 238167 197253  738.53776  131   98  845.57000  345.64742  59.1%   131 2250s

 239543 197768  625.62573  101  112  845.57000  345.64742  59.1%   131 2262s

 240180 199347  360.14843   51  239  845.57000  345.64742  59.1%   131 2280s

 242084 199916 infeasible  106       845.57000  345.66417  59.1%   131 2294s

 242747 201345  444.62227   65  183  845.57000  345.66417  59.1%   131 2311s

 244409 202078  694.71314  182  175  845.57000  345.74219  59.1%   131 2324s

H245109 202070                     844.6500000  345.74219  59.1%   131 2324s

 245278 203544  374.14588   51  191  844.65000  345.74219  59.1%   131 2340s

 247031 203925  365.95403   44  216  844.65000  345.81544  59.1%   131 2355s

H247246 203924                     844.3400000  345.81544  59.0%   131 2355s

 247494 205409  407.46619   57  172  844.34000  345.81544  59.0%   131 2371s

 249299 206173  536.97331   98  191  844.34000  345.83858  59.0%   131 2384s

 250192 207547 infeasible  207       844.34000  345.83858  59.0%   131 2401s

 251762 207943  436.27513  103  187  844.34000  345.84539  59.0%   131 2413s

 252229 209090  589.45102  128  121  844.34000  345.84539  59.0%   132 2430s

 253719 209597  391.70616   45  177  844.34000  345.84933  59.0%   132 2443s

 254356 211008  580.88128   95  160  844.34000  345.84933  59.0%   132 2460s

 256017 212794  694.51160  113  136  844.34000  345.84933  59.0%   132 2479s

 258145 213258  502.79553   96  153  844.34000  345.95023  59.0%   131 2490s

 258734 213430  760.98928  140  130  844.34000  345.95023  59.0%   132 2501s

 258947 213908  396.67033   43  238  844.34000  345.95023  59.0%   132 2511s

 259532 215390  432.20196   54  160  844.34000  345.95023  59.0%   132 2527s

 261378 216829  434.19355   64  208  844.34000  345.99111  59.0%   132 2542s

 262963 217411 infeasible  110       844.34000  345.99111  59.0%   131 2551s

 263618 218886  523.68498  105  148  844.34000  345.99111  59.0%   131 2565s

 265337 219978  497.71983   60  157  844.34000  346.01155  59.0%   131 2578s

 266694 220375  408.99755   69  179  844.34000  346.01155  59.0%   131 2588s

 267188 221386  558.12780  108  169  844.34000  346.01155  59.0%   131 2600s

 268314 222608  393.18724   48  197  844.34000  346.01155  59.0%   131 2615s

 269800 222963  423.24433   69  134  844.34000  346.07981  59.0%   131 2626s

 270251 223315  601.14875  110  114  844.34000  346.07981  59.0%   131 2638s

 270664 223912  378.95044   44  169  844.34000  346.07981  59.0%   131 2649s

 271450 225334  504.37891   58  150  844.34000  346.07981  59.0%   132 2666s

 273245 225800  570.38381  126  167  844.34000  346.07981  59.0%   131 2676s

 273800 227239  393.59448   59  184  844.34000  346.07981  59.0%   132 2694s

 275530 228373  528.57359   66  151  844.34000  346.14956  59.0%   132 2706s

 276802 228845  377.58180   73  228  844.34000  346.14956  59.0%   132 2716s

 277425 229656  500.97192  104  197  844.34000  346.14956  59.0%   132 2728s

 278314 231153  818.76984  197  175  844.34000  346.14956  59.0%   132 2744s

 279617 231153  587.24931   79  144  844.34000  346.16146  59.0%   132 2745s

 280132 231756  362.61905   38  259  844.34000  346.16146  59.0%   132 2757s

 280863 232906  398.95589   61  165  844.34000  346.16146  59.0%   132 2771s

 282348 232908 infeasible  129       844.34000  346.19841  59.0%   132 2786s

 282370 233007  399.13616   45  186  844.34000  346.19841  59.0%   132 2801s

 282495 233401  399.80153   46  164  844.34000  346.19841  59.0%   132 2816s

 282941 233926  603.25253   94  130  844.34000  346.19841  59.0%   132 2828s

 283570 235070  433.64715   53  216  844.34000  346.19841  59.0%   132 2844s

 284945 235611  618.26645  111  144  844.34000  346.19841  59.0%   132 2855s

 285513 236872  704.02914  134  136  844.34000  346.19841  59.0%   132 2872s

 287226 237142 infeasible   59       844.34000  346.28257  59.0%   132 2883s

 287598 237593  496.94029   50  179  844.34000  346.28257  59.0%   133 2897s

 288164 238166  437.47685   52  197  844.34000  346.28257  59.0%   133 2910s

 288818 239752  613.85532  100  138  844.34000  346.28257  59.0%   133 2927s

 290669 241326  478.50805   60  162  844.34000  346.31085  59.0%   133 2945s

 292506 241877  623.22182  189  101  844.34000  346.34919  59.0%   133 2960s

 293159 243602  578.56522   50  149  844.34000  346.35110  59.0%   133 2992s

 295466 244360  407.64620   47  277  844.34000  346.38401  59.0%   133 3009s

 296330 246135  532.41351   65  112  844.34000  346.40210  59.0%   133 3036s

 298368 246683  698.19295   58  100  844.34000  346.42381  59.0%   133 3055s

 299013 249063  573.81471   67   81  844.34000  346.42381  59.0%   133 3083s

 302123 249674  393.30121   43  241  844.34000  346.46967  59.0%   133 3096s

 302953 250952  354.18412   49  166  844.34000  346.47257  59.0%   133 3112s

 304415 251764  479.78079   91  112  844.34000  346.49021  59.0%   133 3124s

 305318 253261  721.62744  170  139  844.34000  346.51103  59.0%   133 3142s

 307072 254003  457.42193   69  209  844.34000  346.53905  59.0%   133 3157s

 307877 255130  380.30765   47  164  844.34000  346.54482  59.0%   133 3175s

 309400 255475  783.16561   98   81  844.34000  346.55930  59.0%   133 3189s

 309791 256886  431.52492   72  207  844.34000  346.57695  59.0%   133 3206s

 311449 257365  417.84380   51  164  844.34000  346.58436  59.0%   133 3225s

 312013 260282  386.12368   44  188  844.34000  346.58436  59.0%   133 3264s

 313478 260282  694.28373   64  124  844.34000  346.58436  59.0%   133 3265s

 315701 260764  356.95405   45  201  844.34000  346.64327  58.9%   133 3279s

 316395 261609  635.10129   73  130  844.34000  346.64327  58.9%   133 3293s

 317371 262897  390.81675   38  146  844.34000  346.68165  58.9%   133 3310s

 319020 263145  354.87328   34  258  844.34000  346.68239  58.9%   133 3324s

 319314 264683  393.56774   62  180  844.34000  346.71745  58.9%   133 3342s

 321048 264821  507.53306   72  187  844.34000  346.73944  58.9%   133 3356s

 321196 265409  513.43783   78  195  844.34000  346.73944  58.9%   133 3369s

 321860 266903  724.75181  141  126  844.34000  346.74866  58.9%   133 3387s

 323582 268202 infeasible   89       844.34000  346.75897  58.9%   133 3405s

 325215 268921  519.85261  107  180  844.34000  346.79003  58.9%   133 3420s

 326107 270411  417.86236   40  192  844.34000  346.79470  58.9%   133 3440s

 327891 270858  738.67843  150   95  844.34000  346.82656  58.9%   133 3452s

 328465 270869  718.63319   96   93  844.34000  346.82656  58.9%   134 3473s

 328478 270877  719.90989   97   89  844.34000  346.82656  58.9%   134 3482s

 328494 270889  722.18019   98   93  844.34000  346.82656  58.9%   134 3494s

 328506 270901  725.91175   99   98  844.34000  346.82656  58.9%   134 3508s

 328518 270948  728.25323  100   98  844.34000  346.82656  58.9%   134 3520s

 328576 271309  432.23111   53  199  844.34000  346.82656  58.9%   134 3534s

 328995 271778  603.30902  118  208  844.34000  346.82656  58.9%   134 3551s

 329543 272099  820.23499  189  161  844.34000  346.84849  58.9%   134 3567s

 329956 273813  484.64496   69  171  844.34000  346.84849  58.9%   134 3612s

 332033 276692  543.56990   81  134  844.34000  346.87459  58.9%   134 3649s

 334183 276692  496.33323   57  247  844.34000  346.89376  58.9%   134 3650s

 335525 278198  459.90964   74  190  844.34000  346.90556  58.9%   134 3672s

 337444 279452  541.60464  113  151  844.34000  346.94428  58.9%   134 3691s

 338840 280243  359.58994   52  208  844.34000  346.94428  58.9%   134 3704s

 339731 281737  547.46982  111  146  844.34000  346.94428  58.9%   134 3721s

 341403 283167  560.74769   72  206  844.34000  346.94428  58.9%   134 3741s

 343101 283747  468.76005   50  261  844.34000  347.01635  58.9%   134 3756s

 343811 284956  696.04787   84  153  844.34000  347.01635  58.9%   134 3775s

 345407 285394  452.99410   62  108  844.34000  347.04415  58.9%   134 3790s

 345929 286653  665.92111  128  118  844.34000  347.04415  58.9%   134 3809s

 347485 287316  538.82864   78  177  844.34000  347.07688  58.9%   134 3827s

 348248 288621  412.45893   55  141  844.34000  347.07688  58.9%   134 3854s

 349816 289459  375.66128   71  223  844.34000  347.08579  58.9%   134 3874s

 350803 291956  487.49600  130  247  844.34000  347.10956  58.9%   134 3905s

 353709 293431  400.03889   90  180  844.34000  347.16637  58.9%   134 3925s

 355447 293804  694.02399  224  151  844.34000  347.17727  58.9%   134 3937s

 355865 294674  438.48092   62  238  844.34000  347.19764  58.9%   134 3953s

 356871 295999  382.40425   45  260  844.34000  347.19767  58.9%   134 3973s

 358514 297293  371.50538   58  238  844.34000  347.22295  58.9%   134 3991s

 360112 297760  429.44423   65  180  844.34000  347.23575  58.9%   134 4004s

 360691 299260 infeasible   88       844.34000  347.23575  58.9%   135 4024s

 362177 299260  495.46869   80  161  844.34000  347.26546  58.9%   135 4025s

 362575 300012  460.44376   89  176  844.34000  347.26546  58.9%   135 4043s

 363456 300365  607.16245  177  152  844.34000  347.26856  58.9%   135 4059s

 363857 301023  358.87422   38  160  844.34000  347.28316  58.9%   135 4077s

 364765 302483  370.48216   54  168  844.34000  347.28866  58.9%   135 4098s

 366583 303352  480.94307  100  181  844.34000  347.30294  58.9%   135 4116s

 367568 305544  579.07796  160  217  844.34000  347.30294  58.9%   135 4144s

 368451 305544  444.67213   50  154  844.34000  347.30294  58.9%   135 4145s

 370232 306230  469.47547   52  173  844.34000  347.32959  58.9%   135 4160s

 371043 307764  792.27568   66   97  844.34000  347.32959  58.9%   135 4178s

 372766 308348  402.33276   48  217  844.34000  347.32959  58.9%   135 4194s

 373452 309315  512.86500   78  177  844.34000  347.34374  58.9%   135 4212s

 374628 309857  418.91775   56  181  844.34000  347.34374  58.9%   135 4223s

 375213 311134  501.39171   99  154  844.34000  347.34374  58.9%   135 4242s

 376774 312038  634.59879  117  169  844.34000  347.40004  58.9%   134 4260s

 377992 312705 infeasible   62       844.34000  347.40365  58.9%   134 4276s

 378810 313099  393.04900   37  179  844.34000  347.40365  58.9%   135 4294s

 379281 314338  533.02613   60  155  844.34000  347.40365  58.9%   135 4312s

 380778 314751  455.57797   52  238  844.34000  347.42536  58.9%   135 4323s

 381256 316260  614.24158   91  124  844.34000  347.42536  58.9%   135 4342s

 382986 317633  380.90574   47  246  844.34000  347.44522  58.9%   135 4361s

 384586 318316  494.49665   71  171  844.34000  347.45132  58.8%   135 4378s

 385405 319356  529.11298   85  157  844.34000  347.47495  58.8%   135 4407s

 386801 319990  377.63554   42  233  844.34000  347.48125  58.8%   135 4429s

 387559 322522  382.99145   60  229  844.34000  347.49911  58.8%   135 4465s

 390659 323215  369.69236   53  288  844.34000  347.55102  58.8%   135 4481s

 391467 324652  543.03755  112  195  844.34000  347.55102  58.8%   135 4504s

 393419 325346  483.16789   65  120  844.34000  347.57178  58.8%   135 4520s

 394240 327315  511.96826   81  101  844.34000  347.59539  58.8%   135 4544s

 396507 328582  472.71289   79  217  844.34000  347.61935  58.8%   135 4562s

 398018 329383  740.45867  160  108  844.34000  347.61935  58.8%   135 4577s

 398920 330878  542.21347   87  133  844.34000  347.64698  58.8%   135 4597s

 400691 332362  596.08274  111  187  844.34000  347.66758  58.8%   134 4619s

 402133 332362  828.48862  202  130  844.34000  347.66758  58.8%   134 4620s

 402400 333085  439.12018   84  179  844.34000  347.69475  58.8%   134 4640s

 403204 335066  488.96240  107  131  844.34000  347.69475  58.8%   134 4674s

 405611 335532  571.18740   69  118  844.34000  347.72170  58.8%   134 4687s

 406155 336747  470.62316   74  271  844.34000  347.72170  58.8%   134 4710s

 407896 338126  398.53898   56  228  844.34000  347.75062  58.8%   134 4733s

 409742 338922  491.18301   74  165  844.34000  347.76941  58.8%   134 4749s

 410329 338922  655.68005  139  123  844.34000  347.76941  58.8%   134 4750s

 410644 339859 infeasible  213       844.34000  347.76941  58.8%   134 4771s

 411806 340328  430.13594   44  213  844.34000  347.79309  58.8%   134 4787s

 412401 341699  377.55935   37  260  844.34000  347.79433  58.8%   134 4808s

 414075 342323  350.13087   48  266  844.34000  347.81198  58.8%   134 4823s

 414834 343699  542.60123   60  149  844.34000  347.81198  58.8%   135 4845s

 416600 344091  478.94038   80  155  844.34000  347.85404  58.8%   135 4859s

 417167 345055  785.57724   95   78  844.34000  347.85421  58.8%   135 4883s

 418526 345637  637.30155   97  139  844.34000  347.88072  58.8%   135 4899s

 419193 346949  430.18575   75  153  844.34000  347.88072  58.8%   135 4923s

 420763 347576  570.34331   62  144  844.34000  347.89738  58.8%   135 4941s

 421520 349190  415.46769   42  244  844.34000  347.89762  58.8%   135 4978s

 423367 350044 infeasible  149       844.34000  347.94332  58.8%   135 5000s

 424352 350397  488.91118  105  195  844.34000  347.94879  58.8%   135 5024s

 424740 352642  507.16511  109  203  844.34000  347.95616  58.8%   135 5063s

 427371 353368  559.97438  110  155  844.34000  347.98430  58.8%   135 5085s

 428242 355153  366.71549   52  149  844.34000  347.98430  58.8%   135 5115s

 430570 355708  407.99833   43  163  844.34000  348.01287  58.8%   135 5134s

 431258 357503  812.32413  104  111  844.34000  348.01287  58.8%   135 5161s

 433315 358092  736.05607   84  151  844.34000  348.01287  58.8%   135 5185s

 434074 358728  555.29022   62  118  844.34000  348.05982  58.8%   135 5204s

 434929 360604  573.37909   77  143  844.34000  348.06045  58.8%   135 5233s

 437238 361841  469.99669   49  229  844.34000  348.07994  58.8%   135 5259s

 438219 361841  446.90912   57  187  844.34000  348.07994  58.8%   135 5260s

 438797 362657  482.83373   70  129  844.34000  348.07994  58.8%   135 5281s

 439824 364756  427.24478   66  192  844.34000  348.12141  58.8%   135 5315s

 442427 365229  431.02930   57  110  844.34000  348.14439  58.8%   135 5330s

 443021 365993  450.20203   55  159  844.34000  348.14439  58.8%   135 5347s

 443928 367279  602.18396  129  176  844.34000  348.15165  58.8%   135 5373s

 445585 367743  411.22906   73  150  844.34000  348.15178  58.8%   135 5390s

 446099 369204  539.26540  137  178  844.34000  348.17252  58.8%   135 5413s

 447773 370725  487.10401   79  183  844.34000  348.17252  58.8%   135 5438s

 449547 371262  466.52235   68  185  844.34000  348.20380  58.8%   135 5452s

 450177 371311  625.13069  113  142  844.34000  348.20380  58.8%   135 5470s

 450226 372559  686.04689  130  148  844.34000  348.20380  58.8%   135 5489s

 451027 372559  531.57489  151  165  844.34000  348.20578  58.8%   135 5490s

 451634 373074 infeasible   72       844.34000  348.20578  58.8%   135 5507s

 452332 373632  356.11322   48  198  844.34000  348.20578  58.8%   135 5523s

 453039 374942 infeasible   80       844.34000  348.21969  58.8%   135 5546s

 454599 375658  358.64223   51  279  844.34000  348.21981  58.8%   135 5565s

 455420 377374  527.10803  110  100  844.34000  348.21981  58.8%   135 5590s

 457386 378164  519.70863  147  132  844.34000  348.26511  58.8%   135 5612s

 458304 380027  405.73809   43  255  844.34000  348.26719  58.8%   135 5645s

 460596 381443  390.35633   37  196  844.34000  348.28394  58.8%   135 5670s

 462208 381968  396.85829   57  193  844.34000  348.30076  58.7%   135 5686s

 462829 383381  482.30598   91  128  844.34000  348.30076  58.7%   135 5710s

 464499 384882  662.97365   95  113  844.34000  348.30904  58.7%   135 5736s

 466238 385858  391.86834   41  248  844.34000  348.32724  58.7%   135 5755s

 467417 386244  643.93968   85  126  844.34000  348.32724  58.7%   135 5769s

 468030 386787  380.14759   68  201  844.34000  348.34596  58.7%   135 5783s

 468654 388055  534.91601  111  143  844.34000  348.34770  58.7%   135 5808s

 470170 388774  370.18286   53  204  844.34000  348.35556  58.7%   135 5831s

 471028 389279  691.55132  144  118  844.34000  348.35556  58.7%   135 5847s

 471596 390539  460.13096   50  155  844.34000  348.36070  58.7%   135 5874s

 473326 390918  359.88828   45  185  844.34000  348.37468  58.7%   135 5893s

 473865 391477  484.15643   57   69  844.34000  348.37468  58.7%   135 5914s

 474624 392933  448.12894   69  131  844.34000  348.37468  58.7%   135 5939s

 476406 393596  373.36799   40  169  844.34000  348.42207  58.7%   135 5958s

 477196 396282  459.76595   47  149  844.34000  348.42761  58.7%   135 6003s

 480456 396634  618.92137   44  186  844.34000  348.44922  58.7%   135 6019s

 480966 397136  424.79882   50  216  844.34000  348.44922  58.7%   135 6035s

 481492 398296  470.12055   90  181  844.34000  348.44922  58.7%   135 6060s

 482830 399753  447.33953   66  231  844.34000  348.44922  58.7%   135 6084s

 484485 400340  807.50358  255  163  844.34000  348.44922  58.7%   135 6101s

 485279 401275  484.00429   73  176  844.34000  348.49525  58.7%   135 6126s

 486647 401707  458.95499   77  137  844.34000  348.51440  58.7%   135 6142s

 487100 403201  571.50193  129  103  844.34000  348.51440  58.7%   135 6170s

 488749 403578  513.85947   61  147  844.34000  348.53981  58.7%   135 6188s

 489169 404542  731.37273  109  106  844.34000  348.53981  58.7%   135 6208s

 490194 406236  482.81866   64  127  844.34000  348.53981  58.7%   135 6237s

 492238 406871  759.57828  155  137  844.34000  348.56909  58.7%   135 6255s

 492964 408525  473.23024   80  145  844.34000  348.56918  58.7%   135 6283s

 494878 410116  448.46732   57  278  844.34000  348.58211  58.7%   135 6314s

 496731 410793  542.39741  102  121  844.34000  348.60209  58.7%   135 6330s

 497543 412004  349.34083   49  165  844.34000  348.62452  58.7%   135 6353s

 498944 413128  707.29243  119  104  844.34000  348.63579  58.7%   135 6375s

 500195 413773  449.65832  130  149  844.34000  348.63579  58.7%   135 6391s

 500929 415254  616.69005  203  167  844.34000  348.63689  58.7%   135 6418s

 502610 416165  426.30908   80  269  844.34000  348.63689  58.7%   135 6441s

 503710 416177  378.04516   60  118  844.34000  348.63689  58.7%   135 6456s

 503722 416204  378.16221   61  134  844.34000  348.63689  58.7%   135 6467s

 503749 416292  379.23141   62  125  844.34000  348.63689  58.7%   135 6477s

 503837 416418  387.63788   63  142  844.34000  348.63689  58.7%   135 6487s

 503987 416561  390.26426   64  175  844.34000  348.63689  58.7%   135 6499s

 504132 416903  394.34658   65  133  844.34000  348.63689  58.7%   135 6511s

 504518 417273  394.96681   66  176  844.34000  348.63689  58.7%   135 6526s

 504982 417984  482.26257  111  120  844.34000  348.66709  58.7%   135 6544s

 505709 419414  787.31994  253  144  844.34000  348.66709  58.7%   135 6570s

 507379 420306  540.03143   78  156  844.34000  348.66719  58.7%   135 6593s

 508452 421246  544.23016   77  158  844.34000  348.66719  58.7%   135 6619s

 509556 421794  387.22045   43  283  844.34000  348.66719  58.7%   135 6638s

 510287 423519  446.25559   69  229  844.34000  348.71805  58.7%   135 6667s

 512209 424826  378.16180   42  256  844.34000  348.73620  58.7%   135 6695s

 513815 425625  376.93696   44  209  844.34000  348.75095  58.7%   135 6719s

 514747 427611  388.62819   58  239  844.34000  348.75381  58.7%   135 6758s

 517192 428601  452.09827   49  110  844.34000  348.76850  58.7%   135 6783s

 518482 429129  497.44664   55  161  844.34000  348.77805  58.7%   135 6799s

 519066 430467  425.60543   56  194  844.34000  348.78098  58.7%   135 6827s

 520731 431708 infeasible   62       844.34000  348.79025  58.7%   135 6852s

 522201 432405  530.37722   95  216  844.34000  348.79324  58.7%   135 6873s

 523026 433937  487.36552   67  127  844.34000  348.79324  58.7%   135 6900s

 524732 433948  557.11668   98  129  844.34000  348.80986  58.7%   135 6928s

 524745 434193  557.11668   99  129  844.34000  348.80986  58.7%   135 6953s

 525006 434915  614.96251  116  102  844.34000  348.80986  58.7%   135 6973s

 525810 436410  402.05348   42  212  844.34000  348.81198  58.7%   135 7003s

 527577 437723  466.58753   75  191  844.34000  348.81854  58.7%   135 7030s

 529081 438363  484.15244   53  171  844.34000  348.83084  58.7%   134 7048s

 529764 439782  717.60308  102  147  844.34000  348.83084  58.7%   134 7075s

 531355 441006  477.60739   67  136  844.34000  348.83873  58.7%   134 7102s

 532762 442610  441.48038   48  117  844.34000  348.83873  58.7%   134 7136s

 534606 443110  472.08613   58  147  844.34000  348.85827  58.7%   134 7151s

 535210 444208  380.66751   56  119  844.34000  348.85827  58.7%   134 7175s

 536446 444729  710.00711  147   99  844.34000  348.86340  58.7%   134 7195s

 537096 446001  447.22795   58  169  844.34000  348.86340  58.7%   134 7222s

 538708 446376  383.65586   62  298  844.34000  348.89613  58.7%   134 7242s

 539198 447755  419.50232   78  224  844.34000  348.90126  58.7%   135 7272s

 540871 448502 infeasible  213       844.34000  348.92238  58.7%   135 7293s

 541771 449851  444.08759   73  219  844.34000  348.93341  58.7%   135 7323s

 543364 450713  387.28762   59  169  844.34000  348.94701  58.7%   135 7347s

 544415 451269  593.89842   74  151  844.34000  348.94702  58.7%   135 7369s

 545068 451269  410.99888   43  217  844.34000  348.94702  58.7%   135 7370s

 545115 452777  562.67319   70  125  844.34000  348.94702  58.7%   135 7400s

 546924 453731  410.31252   64  290  844.34000  348.95866  58.7%   135 7425s

 548235 454320  456.41492   91  172  844.34000  348.97273  58.7%   135 7445s

 548948 455829  591.57725  119   67  844.34000  348.97273  58.7%   135 7479s

 550844 456385  368.17549   66  169  844.34000  349.00826  58.7%   135 7500s

 551432 459282  460.56237  116  177  844.34000  349.00826  58.7%   135 7563s

 554958 459892  426.28350   60  180  844.34000  349.03055  58.7%   135 7582s

 555689 461344  446.68805   69  187  844.34000  349.03055  58.7%   135 7611s

 557371 462205  368.29293   43  287  844.34000  349.03440  58.7%   135 7637s

 558438 462949  731.02432  120  102  844.34000  349.04919  58.7%   135 7663s

 559452 464042  491.52039   55  183  844.34000  349.07497  58.7%   135 7692s

 560963 464686  420.44266   56  203  844.34000  349.07497  58.7%   135 7714s

 561716 465938  566.57250  116  155  844.34000  349.07497  58.7%   135 7744s

 563012 465938  421.50628   49  195  844.34000  349.07778  58.7%   135 7745s

 563262 466518  387.33227   38  135  844.34000  349.07778  58.7%   135 7765s

 563878 468245  533.79893   82  148  844.34000  349.07778  58.7%   135 7798s

 565849 469612     cutoff  253       844.34000  349.10362  58.7%   135 7827s

 567352 470416  569.07731  125  190  844.34000  349.12511  58.7%   135 7847s

 568230 471445  422.62733   48  261  844.34000  349.12570  58.7%   135 7877s

 569591 472467  580.75070  109  180  844.34000  349.12570  58.7%   135 7911s

 571181 472474  731.25235   54  144  844.34000  349.15484  58.6%   135 7939s

 571198 472615  731.09197   54  129  844.34000  349.15484  58.6%   135 7974s

 571339 473172  750.00809   56  109  844.34000  349.15484  58.6%   135 7998s

 571982 475108  555.16318   60  162  844.34000  349.16301  58.6%   135 8042s

 574283 475803  784.98383  112  107  844.34000  349.18664  58.6%   135 8064s

 575102 476797  562.46152   91  189  844.34000  349.18736  58.6%   135 8092s

 576347 477363  537.76927   66  121  844.34000  349.19881  58.6%   135 8116s

 577099 478513  454.83022   50  185  844.34000  349.19881  58.6%   135 8150s

 578619 479000  559.95399   81  140  844.34000  349.21620  58.6%   135 8170s

 579202 480401  447.88151   59  192  844.34000  349.21620  58.6%   135 8205s

 580809 481845  458.28522   86  228  844.34000  349.22158  58.6%   135 8242s

 582493 482384  440.21478   51  127  844.34000  349.23895  58.6%   135 8267s

 583169 482947  504.86218   76  158  844.34000  349.23895  58.6%   135 8290s

 583773 484545  664.78813  106  103  844.34000  349.23895  58.6%   135 8324s

 585681 485989  517.85971  113  145  844.34000  349.24760  58.6%   135 8360s

 587297 486668  572.67481   98  106  844.34000  349.25852  58.6%   135 8389s

 588088 488501  471.04389   55  176  844.34000  349.25852  58.6%   135 8443s

 590313 489152  439.82825   72  127  844.34000  349.25852  58.6%   135 8467s

 591052 490736  531.19616  125  157  844.34000  349.28788  58.6%   135 8507s

 592987 492347  495.87315   90  129  844.34000  349.30589  58.6%   135 8545s

 594880 492854  373.56297   60  126  844.34000  349.30964  58.6%   135 8569s

 595544 492854  491.11570   60  201  844.34000  349.31918  58.6%   135 8570s

 595570 492975  498.50060  115  141  844.34000  349.31918  58.6%   135 8594s

 595702 493279  534.45530  154  116  844.34000  349.31918  58.6%   135 8613s

 596073 493710  424.70378   48  150  844.34000  349.31918  58.6%   135 8634s

 596591 494697  420.94256   57  196  844.34000  349.31918  58.6%   135 8663s

 597792 495527  695.16961  179  121  844.34000  349.31918  58.6%   135 8690s

 598748 497207  503.72463   73  161  844.34000  349.33683  58.6%   135 8728s

 600683 497779  687.86632  157   96  844.34000  349.36458  58.6%   135 8754s

 601381 499247  465.31555   63  115  844.34000  349.36458  58.6%   135 8791s

 603252 499830  403.88860   48  330  844.34000  349.36951  58.6%   135 8815s

 603936 501417  455.61966   76  177  844.34000  349.36951  58.6%   135 8851s

 605830 502037 infeasible  120       844.34000  349.39231  58.6%   135 8881s

 606693 504266  502.32658   85  175  844.34000  349.39231  58.6%   135 8932s

 609336 504756 infeasible   48       844.34000  349.40535  58.6%   135 8952s

 609952 506171  602.58586   71  139  844.34000  349.40535  58.6%   135 8985s

 611608 506570  724.72353  151  134  844.34000  349.43790  58.6%   135 9004s

 612119 507823  470.18552   59  139  844.34000  349.43790  58.6%   136 9038s

 613607 508244  644.38455  103  169  844.34000  349.43851  58.6%   135 9061s

 614165 509581  382.01546   58  141  844.34000  349.44248  58.6%   136 9096s

 615715 510267  742.85908  133  173  844.34000  349.44248  58.6%   136 9123s

 616575 511576  598.62022   84  127  844.34000  349.44248  58.6%   136 9159s

 618110 512381  564.57872  126  117  844.34000  349.49615  58.6%   136 9188s

 619069 512393  383.52274   58  206  844.34000  349.49765  58.6%   136 9229s

 619081 512875  400.30151   59  175  844.34000  349.49765  58.6%   136 9264s

 619600 514238  488.44988   84  216  844.34000  349.49765  58.6%   136 9298s

 621198 514707  423.20979   45  279  844.34000  349.50916  58.6%   136 9324s

 621823 516210  711.69106   77   92  844.34000  349.50916  58.6%   136 9363s

 623672 516885     cutoff  125       844.34000  349.53192  58.6%   136 9395s

 624513 519080  355.26265   46  199  844.34000  349.53302  58.6%   136 9452s

 627120 519530 infeasible   81       844.34000  349.54588  58.6%   136 9475s

 627725 520370  406.20333   60  195  844.34000  349.54588  58.6%   136 9503s

 628662 521930  504.89482   94  195  844.34000  349.55190  58.6%   136 9544s

 628951 521930  353.77353   51  252  844.34000  349.55198  58.6%   136 9545s

 630486 522473 infeasible  102       844.34000  349.56526  58.6%   136 9568s

 631206 523099  686.10312   84  186  844.34000  349.56578  58.6%   136 9596s

 632064 524282  438.95788   63  117  844.34000  349.56581  58.6%   136 9633s

 633549 525382  492.93183  117  184  844.34000  349.59162  58.6%   136 9666s

 634746 526269  680.41982  243  179  844.34000  349.59313  58.6%   136 9698s

 635819 527133  423.05329   44  225  844.34000  349.59862  58.6%   136 9732s

 636949 527681  686.04243   90  114  844.34000  349.59862  58.6%   136 9759s

 637608 529338  486.49333   98  168  844.34000  349.59862  58.6%   136 9803s

 639495 530155  555.42538  157  184  844.34000  349.61279  58.6%   136 9830s

 640336 531824  754.44432  274  172  844.34000  349.61279  58.6%   136 9878s

 642371 533140  372.56265   64  159  844.34000  349.62441  58.6%   136 9923s

 643907 533542 infeasible  203       844.34000  349.62441  58.6%   136 9944s

 644378 534965  367.18422   56  213  844.34000  349.64577  58.6%   136 9987s

 646130 535533  393.51487   54  174  844.34000  349.65879  58.6%   136 10021s

 646800 535923  447.40480   63  168  844.34000  349.65938  58.6%   136 10046s

 647291 536420  788.02221  155  104  844.34000  349.65938  58.6%   136 10073s

 647835 538182  622.53249   97  130  844.34000  349.65938  58.6%   136 10120s

 649825 539907  438.51690   45  175  844.34000  349.68571  58.6%   136 10162s

 651769 540802  425.11284   67  207  844.34000  349.69434  58.6%   136 10195s

 652815 542183  610.66172  172   93  844.34000  349.71104  58.6%   136 10234s

 653426 542183  605.18242   92  142  844.34000  349.71222  58.6%   136 10235s

 654364 543247  532.66955   88  214  844.34000  349.71222  58.6%   136 10272s

 655891 543697  476.03464   58  164  844.34000  349.72685  58.6%   136 10298s

 656474 545061  375.89478   48  169  844.34000  349.72685  58.6%   136 10338s

 658121 545362  373.47018   67  134  844.34000  349.74675  58.6%   136 10363s

 658494 546028  474.29479  113  150  844.34000  349.74675  58.6%   136 10390s

 659213 547241  362.45167   60  226  844.34000  349.75456  58.6%   136 10432s

 660923 548476  424.34581   66  162  844.34000  349.77078  58.6%   136 10475s

 662438 549107  510.24883   78  173  844.34000  349.77078  58.6%   136 10501s

 663208 549126  392.56354   76  179  844.34000  349.77636  58.6%   136 10547s

 663231 549439  392.69079   77  164  844.34000  349.77636  58.6%   136 10593s

 663616 550273  436.00670   85  165  844.34000  349.77636  58.6%   136 10630s

 664578 551835  541.45053   74  145  844.34000  349.77636  58.6%   136 10680s

 666472 552475  832.03798  150  171  844.34000  349.79128  58.6%   136 10713s

 667187 553985 infeasible  101       844.34000  349.79128  58.6%   136 10762s

 668895 554827  567.94081  133  178  844.34000  349.82075  58.6%   136 10803s

 669866 555551  497.57351   96  174  844.34000  349.82075  58.6%   136 10836s

 670693 557316  418.79435   51  219  844.34000  349.82075  58.6%   136 10888s

 672793 558642  629.10950  151  169  844.34000  349.82939  58.6%   136 10936s

 674537 559436  476.77245   59  158  844.34000  349.84253  58.6%   136 10967s

 675489 560847  478.56365   64  129  844.34000  349.85871  58.6%   136 11009s

 676812 560847  587.92231   80  197  844.34000  349.86895  58.6%   136 11010s

 677188 561386  450.09374   63  209  844.34000  349.87840  58.6%   136 11036s

 677853 562285  533.95448  101  173  844.34000  349.87840  58.6%   136 11073s

 678812 563781  538.24419   54  137  844.34000  349.87895  58.6%   136 11122s

 680573 564327  586.23912  107  160  844.34000  349.89297  58.6%   136 11145s

 681241 565382  704.24805  159  163  844.34000  349.89374  58.6%   136 11181s

 682538 565764  751.12299  154  154  844.34000  349.89480  58.6%   136 11203s

 682986 567172  651.36578   82  123  844.34000  349.89480  58.6%   136 11246s

 684620 567842  438.65642   72  202  844.34000  349.90987  58.6%   136 11274s

 685413 568991  505.41047  111  217  844.34000  349.90987  58.6%   136 11313s

 686849 570185  437.88844   58  252  844.34000  349.93121  58.6%   136 11355s

 688234 570601 infeasible  101       844.34000  349.93133  58.6%   136 11380s

 688758 571832  552.80124   83  167  844.34000  349.93272  58.6%   136 11418s

 690178 572853  437.49527   72  196  844.34000  349.93303  58.6%   136 11453s

 691380 573380  355.83838   45  290  844.34000  349.93303  58.6%   136 11485s

 691942 574010  694.08396   74  149  844.34000  349.94592  58.6%   136 11519s

 692676 575312  355.63641   39  259  844.34000  349.95998  58.6%   136 11563s

 694084 575312  751.82446  232  155  844.34000  349.96378  58.6%   136 11565s

 694360 575878 infeasible   58       844.34000  349.96378  58.6%   136 11596s

 695118 576516  527.98401   82  148  844.34000  349.96378  58.6%   136 11629s

 695880 577711  405.25795   48  261  844.34000  349.99512  58.5%   136 11675s

 697314 578745  432.56303   49  185  844.34000  350.01252  58.5%   136 11714s

 698480 580243  795.77533  113  149  844.34000  350.01252  58.5%   136 11760s

 700191 580855  507.10118   88  154  844.34000  350.01693  58.5%   136 11789s

 700443 580855  625.10409  218  173  844.34000  350.02011  58.5%   136 11790s

 700894 582332  461.35388   60  133  844.34000  350.02011  58.5%   136 11839s

 702166 582332  456.71854   82  139  844.34000  350.02011  58.5%   136 11840s

 702521 583774 infeasible   57       844.34000  350.02011  58.5%   136 11882s

 704323 584253  453.84786   55  200  844.34000  350.04723  58.5%   136 11912s

 704883 585491  670.28698  107  123  844.34000  350.04723  58.5%   136 11959s

 706319 585501  373.81029   61  155  844.34000  350.05177  58.5%   136 12001s

 706333 585620  384.93733   62  147  844.34000  350.05177  58.5%   136 12058s

 706492 586096  399.99441   78  175  844.34000  350.05177  58.5%   136 12090s

 707113 586883  460.28571  121  163  844.34000  350.05177  58.5%   136 12126s

 708035 587558  656.86264  174  117  844.34000  350.05177  58.5%   136 12169s

 708859 588150  536.24022  118  163  844.34000  350.05177  58.5%   136 12205s

 709541 589643  661.55690  170  119  844.34000  350.05177  58.5%   137 12254s

 710735 589643  529.73736   95  157  844.34000  350.07724  58.5%   136 12255s

 711288 591304  699.49496  207  133  844.34000  350.08025  58.5%   136 12305s

 713126 592068  582.65758  143  169  844.34000  350.08145  58.5%   136 12341s

 714039 593463  380.58099   40  284  844.34000  350.08361  58.5%   136 12385s

 715624 594173  593.55133  111  171  844.34000  350.08831  58.5%   136 12418s

 716493 596058  491.71774   48  174  844.34000  350.08831  58.5%   137 12487s

 718837 596357  526.44813   78  153  844.34000  350.11951  58.5%   137 12517s

 719153 597873  630.05567  114  192  844.34000  350.11951  58.5%   137 12568s

 720918 598522  429.31958   50  180  844.34000  350.13325  58.5%   137 12595s

 721691 599763  782.28851  134  117  844.34000  350.13325  58.5%   137 12642s

 723321 600100 infeasible   49       844.34000  350.15180  58.5%   137 12675s

 723830 600627  535.50455   60  171  844.34000  350.15180  58.5%   137 12717s

 724492 601399  641.85820   60  137  844.34000  350.15311  58.5%   137 12755s

 725430 602831  569.12329   81  138  844.34000  350.17026  58.5%   137 12807s

 727186 602889  663.78894   94  142  844.34000  350.17576  58.5%   137 12840s

 727259 603238  666.18081   95  151  844.34000  350.17576  58.5%   137 12870s

 727696 603836  422.01426   43  233  844.34000  350.18003  58.5%   137 12904s

 728372 605320  517.74330   57  131  844.34000  350.18003  58.5%   137 12959s

 729731 605320  520.13198   78  109  844.34000  350.18633  58.5%   137 12960s

 730229 606276  630.13908  210  191  844.34000  350.20252  58.5%   137 13001s

 731340 607853  401.76464   50  198  844.34000  350.20252  58.5%   137 13055s

 733123 608872  372.62721   66  246  844.34000  350.20252  58.5%   137 13099s

 733217 608872  689.48135  110  151  844.34000  350.20252  58.5%   137 13100s

 734327 609386  529.85454  160  162  844.34000  350.20252  58.5%   137 13136s

 735012 612261  769.42519  246  132  844.34000  350.20252  58.5%   137 13228s

 738737 612676  501.61153   55  180  844.34000  350.25087  58.5%   137 13255s

 739265 613025  536.00343   62  112  844.34000  350.25087  58.5%   137 13283s

 739650 614148  626.05140   77  150  844.34000  350.25139  58.5%   137 13322s

 740971 615193  553.97294   94  161  844.34000  350.25976  58.5%   137 13362s

 742286 615749 infeasible   85       844.34000  350.28535  58.5%   137 13386s

 742909 616860  613.36054   56  146  844.34000  350.28535  58.5%   137 13426s

 744303 617133  444.89568   56  165  844.34000  350.28535  58.5%   137 13453s

 744693 617703  399.19841   56  130  844.34000  350.28535  58.5%   137 13486s

 745496 618961  425.63741   70  173  844.34000  350.30390  58.5%   137 13528s

 746955 618969  681.80822   98   90  844.34000  350.30390  58.5%   137 13558s

 746971 618979 infeasible   99       844.34000  350.33235  58.5%   137 13577s

 746985 619047  666.12658   99  108  844.34000  350.33235  58.5%   137 13597s

 747089 619126  419.70357   39  206  844.34000  350.33235  58.5%   137 13616s

 747168 619235  715.86519   72  134  844.34000  350.33591  58.5%   137 13635s

 747313 619368  505.27956   78  174  844.34000  350.33739  58.5%   137 13657s

 747498 619739  369.47628   52  236  844.34000  350.33739  58.5%   137 13682s

 747911 620261  706.65978  113  138  844.34000  350.33739  58.5%   137 13714s

 748570 620879  425.15057   67  210  844.34000  350.33739  58.5%   137 13747s

 749278 620885  513.25329  134  151  844.34000  350.33739  58.5%   137 13808s

 749298 621544  513.27738  135  136  844.34000  350.33739  58.5%   137 13866s

 750077 622246  688.20972  223  134  844.34000  350.34082  58.5%   137 13904s

 750735 622246  641.65017   90  103  844.34000  350.34082  58.5%   137 13905s

 750881 623002  484.69202   80  228  844.34000  350.34082  58.5%   137 13947s

 751806 624567  580.84863  139  158  844.34000  350.34082  58.5%   137 14007s

 753683 625415  489.96165   96  142  844.34000  350.37443  58.5%   137 14048s

 754604 627041  359.13115   45  250  844.34000  350.37599  58.5%   137 14111s

 756539 627715  573.02449   79  126  844.34000  350.37725  58.5%   137 14147s

 757326 629446  432.79903   52  214  844.34000  350.37725  58.5%   137 14203s

 759320 630100  435.15515   68  164  844.34000  350.37725  58.5%   137 14240s

 760112 631713  430.81960   56  258  844.34000  350.41531  58.5%   137 14293s

 761970 632281  384.10345   64  337  844.34000  350.41914  58.5%   137 14327s

 762734 632844 infeasible  102       844.34000  350.41914  58.5%   138 14358s

 763420 633742  464.14313   61  191  844.34000  350.41914  58.5%   138 14400s



Cutting planes:

  Learned: 23

  Gomory: 32

  Cover: 131

  Implied bound: 411

  Projected implied bound: 40

  Clique: 478

  MIR: 397

  Mixing: 27

  StrongCG: 279

  Flow cover: 1482

  GUB cover: 17

  Inf proof: 6

  Zero half: 2323

  RLT: 123

  Relax-and-lift: 1121



Explored 764765 nodes (105238274 simplex iterations) in 14402.22 seconds (7163.20 work units)

Thread count was 20 (of 20 available processors)



Solution count 10: 844.34 844.65 845.57 ... 882.96



Time limit reached

Best objective 8.443400000000e+02, best bound 3.504520219239e+02, gap 58.4940%



AMPL MP initial flat model has 7523 variables (0 integer, 7445 binary);

Objectives: 1 quadratic; 

Constraints:  2060 linear; 8 quadratic;



AMPL MP final model has 7523 variables (0 integer, 7445 binary);

Objectives: 1 quadratic; 

Constraints:  2060 linear; 8 quadratic;





-----RESULTS INFO-----
running_time:  14414.844000000001
TC.best_bound:  350.4520219238953
TC:  844.3399999999999
MIP Gap (%):  58.49396902623406
=== Vehicle Routes ===
Vehicle 1: 0  1
Vehicle 1: 1  38
Vehicle 1: 2  3
Vehicle 1: 3  5
Vehicle 1: 5  8
Vehicle 1: 8  29
Vehicle 1: 29  49
Vehicle 1: 38  2
Vehicle 2: 0  4
Vehicle 2: 4  9
Vehicle 2: 9  44
Vehicle 2: 27  49
Vehicle 2: 44  27
Vehicle 3: 0  6
Vehicle 3: 6  40
Vehicle 3: 10  43
Vehicle 3: 40  10
Vehicle 3: 43  49
Vehicle 4: 0  25
Vehicle 4: 7  46
Vehicle 4: 25  7
Vehicle 4: 46  49
Vehicle 5: 0  39
Vehicle 5: 11  45
Vehicle 5: 39  11
Vehicle 5: 45  49
Vehicle 6: 0  41
Vehicle 6: 12  49
Vehicle 6: 37  12
Vehicle 6: 41  37

=== Full Vehicle Routes ===
Vehicle 1: 0  1  38  2  3  5  8  29  0 (92<100)
Vehicle 2: 0  4  9  44  27  0 (98<100)
Vehicle 3: 0  6  40  10  43  0 (100<100)
Vehicle 4: 0  25  7  46  0 (97<100)
Vehicle 5: 0  39  11  45  0 (86<100)
Vehicle 6: 0  41  37  12  0 (97<100)
Arc used by MRT line: y variables:
Customer assigment to PL: u variables:
13 44
14 45
15 38
16 37
17 37
18 40
19 41
20 41
21 40
22 41
23 43
24 46
26 40
28 45
30 44
31 40
32 39
33 40
34 44
35 44
36 39
Node is served by regular vehicle: g variables:
1
2
3
4
5
6
7
8
9
10
11
12
25
27
29
43
44
45
46
37
38
39
40
41
Customer assigment to Home delivery: gm variables:
1
2
3
4
5
6
7
8
9
10
11
12
25
27
29
Node total demands: ntd variables:
1 1 1
2 23 1
3 7 1
4 18 1
5 19 1
6 2 1
7 26 1
8 14 1
9 5 1
10 9 1
11 18 1
12 26 1
25 5 1
26 0 0
27 13 1
28 0 0
29 8 1
30 0 0
31 0 0
32 0 0
33 0 0
34 0 0
35 0 0
36 0 0
43 19 1
44 62 1
45 29 1
46 66 1
47 0 0
48 0 0
37 38 1
38 20 1
39 39 1
40 70 1
41 33 1
42 0 0
Customer's demand delivered to PL: l variables:
13
14
15
16
17
18
19
20
21
22
23
24
26
28
30
31
32
33
34
35
36
Lockers load <= capacity:
19 <= 99
62 <= 82
29 <= 98
66 <= 98
0 <= 73
0 <= 93
38 <= 91
20 <= 72
39 <= 73
70 <= 95
33 <= 86
0 <= 92
