Gurobi 12.0.3:   lim:time = 14400

  mip:bestbound = 1

Set parameter LogToConsole to value 1

  tech:outlev = 1

Set parameter Cuts to value 3

  cut:cuts = 3

Set parameter Presolve to value 2

  pre:solve = 2

Set parameter MIPFocus to value 2

  mip:focus = 2

Set parameter Symmetry to value 2

  mip:symmetry = 2

Set parameter InfUnbdInfo to value 1

Gurobi Optimizer version 12.0.3 build v12.0.3rc0 (win64 - Windows 10.0 (19045.2))



CPU model: 11th Gen Intel(R) Core(TM) i7-11700 @ 2.50GHz, instruction set [SSE2|AVX|AVX2|AVX512]

Thread count: 8 physical cores, 16 logical processors, using up to 16 threads



Non-default parameters:

TimeLimit  14400

MIPFocus  2

Symmetry  2

Cuts  3

InfUnbdInfo  1

Presolve  2



Optimize a model with 2058 rows, 7519 columns and 47387 nonzeros

Model fingerprint: 0x66ab8883

Model has 6 quadratic constraints

Variable types: 77 continuous, 7442 integer (0 binary)

Coefficient statistics:

  Matrix range     [1e+00, 1e+05]

  QMatrix range    [1e+00, 1e+00]

  QLMatrix range   [1e+00, 3e+01]

  Objective range  [1e+00, 1e+02]

  Bounds range     [1e+00, 1e+02]

  RHS range        [1e+00, 1e+05]

  QRHS range       [1e+02, 1e+02]

Presolve removed 109 rows and 263 columns

Presolve time: 1.02s

Presolved: 6578 rows, 11879 columns, 58336 nonzeros

Variable types: 36 continuous, 11843 integer (9617 binary)

Root relaxation presolve removed 1 rows and 0 columns

Root relaxation presolved: 5974 rows, 11276 columns, 94546 nonzeros





Root relaxation: objective 2.614348e+02, 1168 iterations, 0.09 seconds (0.21 work units)



    Nodes    |    Current Node    |     Objective Bounds      |     Work

 Expl Unexpl |  Obj  Depth IntInf | Incumbent    BestBd   Gap | It/Node Time



     0     0  261.43485    0  395          -  261.43485      -     -    3s

     0     0  296.41524    0  328          -  296.41524      -     -    4s

     0     0  296.41524    0  308          -  296.41524      -     -    4s

     0     0  296.41524    0  308          -  296.41524      -     -    4s

     0     0  296.41696    0  351          -  296.41696      -     -    4s

     0     0  302.68750    0  348          -  302.68750      -     -    4s

     0     0  302.68752    0  336          -  302.68752      -     -    4s

     0     0  311.41004    0  347          -  311.41004      -     -    5s

     0     0  311.44502    0  352          -  311.44502      -     -    5s

     0     0  312.07669    0  334          -  312.07669      -     -    7s

     0     0  312.34002    0  321          -  312.34002      -     -    7s

     0     0  312.34002    0  330          -  312.34002      -     -    7s

     0     0  312.34002    0  330          -  312.34002      -     -    8s

     0     2  312.42002    0  330          -  312.42002      -     -    8s

   230   244  315.44033   17  240          -  312.55263      -   149   10s

  1865  1668  345.10001  155  332          -  312.66064      -  72.3   15s

  1872  1673  401.58225  129  215          -  317.87000      -  72.0   20s

H 1876  1592                    1313.5600000  317.87002  75.8%  71.8   24s

H 1876  1512                    1304.0100000  317.87002  75.6%  71.8   24s

H 1876  1436                    1264.2500000  317.87002  74.9%  71.8   24s

  1878  1437  337.91002   59  180 1264.25000  318.07510  74.8%  71.8   25s

H 1879  1366                    1259.5600000  318.83778  74.7%  71.7   27s

H 1880  1297                    1256.4600000  319.06968  74.6%  71.7   27s

H 1881  1233                    1180.5000000  320.82425  72.8%  71.6   28s

H 1882  1172                    1163.6700000  322.21953  72.3%  71.6   28s

H 1882  1113                    1137.6200000  322.21953  71.7%  71.6   28s

H 1882  1057                    1122.4800000  322.21953  71.3%  71.6   28s

H 1882  1004                    1096.4300000  322.21953  70.6%  71.6   28s

H 1882   953                    1088.9100000  322.21953  70.4%  71.6   28s

H 1882   905                    1065.6500000  322.21953  69.8%  71.6   29s

H 1883   860                    1061.1400000  322.38869  69.6%  71.6   29s

  1885   862  324.73002    9  257 1061.14000  322.44155  69.6%  71.5   30s

H 1887   819                    1051.0000000  324.02208  69.2%  71.4   33s

H 1887   778                    1038.1200000  324.02208  68.8%  71.4   33s

  1892   781  621.26136  197  289 1038.12000  324.62886  68.7%  71.2   35s

H 1893   742                    1023.9400000  324.94933  68.3%  71.2   36s

H 1903   711                    1013.9600000  326.01237  67.8%  70.8   40s

H 1903   675                    1005.5400000  326.01237  67.6%  70.8   40s

H 1903   640                     910.2600000  326.01237  64.2%  70.8   40s

H 1905   609                     906.7700000  326.57445  64.0%  70.7   41s

  1918   618  720.09334  227  312  906.77000  327.94819  63.8%  70.3   45s

H 1931   593                     904.9600000  329.07915  63.6%  69.8   50s

H 1931   562                     904.7700000  329.07915  63.6%  69.8   50s

  1948   574  555.36667  164  315  904.77000  331.07135  63.4%  69.2   55s

  1965   586  345.10001  155 2988  904.77000  331.55473  63.4%  94.2   60s

  1983   598  340.29125   42  370  904.77000  331.55473  63.4%  93.3   65s

H 1987   570                     902.7100000  331.55473  63.3%  93.1   69s

H 1987   541                     899.8100000  331.55473  63.2%  93.1   69s

  1991   543  559.27582  172  382  899.81000  331.55473  63.2%  93.0   70s

  1995   546  351.52186   18  420  899.81000  331.55473  63.2%  92.8   75s

  2005   553  372.45585   80  409  899.81000  331.55473  63.2%  92.3   80s

  2017   561  502.92525  152  447  899.81000  331.55473  63.2%  91.8   85s

H 2021   534                     897.9600000  331.55473  63.1%  91.6   88s

  2023   539  331.55473   28  415  897.96000  331.55473  63.1%  98.9   90s

H 2074   548                     877.0000000  331.55473  62.2%   110   93s

  2095   570  331.55473   36  329  877.00000  331.55473  62.2%   114   95s

H 2097   543                     872.8600000  331.55473  62.0%   114   95s

H 2102   516                     871.5600000  331.55473  62.0%   115   95s

H 2177   540                     871.1500000  331.55473  61.9%   127   99s

  2219   569  334.82937   42  242  871.15000  331.55473  61.9%   132  100s

  2353   645  342.06784   50  253  871.15000  331.55473  61.9%   144  105s

  2531   788  352.43388   58  251  871.15000  331.55473  61.9%   157  110s

  2767   958  359.90265   67  164  871.15000  331.55473  61.9%   163  115s

  3252  1135  398.71540   83  164  871.15000  331.55473  61.9%   159  120s

  3607  1403  385.39764   98  208  871.15000  331.55473  61.9%   158  125s

  3994  1724  485.95795  117  118  871.15000  331.55473  61.9%   161  130s

  4494  2169  570.44797  137  191  871.15000  331.55473  61.9%   160  135s

  5016  2670 infeasible  179       871.15000  331.55473  61.9%   156  140s

  5564  3281  499.78651   78  224  871.15000  331.55473  61.9%   154  145s

  6293  3809  847.53549  195  109  871.15000  331.55473  61.9%   147  150s

  7075  4598  492.88292  223  139  871.15000  331.55473  61.9%   142  156s

  7543  5198  434.82607   74  138  871.15000  331.55473  61.9%   143  161s

  8119  5395 infeasible  146       871.15000  331.55473  61.9%   142  165s

  8998  6317  615.89560  117  137  871.15000  331.55473  61.9%   140  170s

 10126  7009 infeasible   46       871.15000  331.55473  61.9%   135  175s

 10255  7236  354.00567   40  215  871.15000  331.55473  61.9%   136  182s

 10425  7419 infeasible   44       871.15000  331.55473  61.9%   137  185s

 11430  8567  534.32645  121   72  871.15000  331.55473  61.9%   132  190s

 12630  9523  680.45431   74  104  871.15000  331.55473  61.9%   130  197s

 13191  9682  413.36062   53  187  871.15000  331.55473  61.9%   130  200s

 14297 10678  637.64867  126   94  871.15000  331.55473  61.9%   128  206s

 14615 11600  355.56098   42  136  871.15000  331.55473  61.9%   128  212s

 15674 11591  373.42987   54  197  871.15000  332.19562  61.9%   127  217s

 15754 11839  384.00852   66  205  871.15000  332.19562  61.9%   128  222s

 15967 12164  432.37573   88  181  871.15000  332.19562  61.9%   128  225s

 16346 13379  471.97905  113  187  871.15000  332.19562  61.9%   128  230s

 18101 14048  549.23185  173  125  871.15000  332.95440  61.8%   122  237s

 18452 15107  633.56858  209  102  871.15000  333.42575  61.7%   123  241s

 19723 15331  743.56631  130  116  871.15000  333.42575  61.7%   120  245s

 21238 16595  426.14585   39  210  871.15000  334.51725  61.6%   118  252s

 21732 17807  791.09518   81  123  871.15000  334.51725  61.6%   119  257s

 23115 18210  381.78364   41  259  871.15000  334.98912  61.5%   117  260s

 23805 18965 infeasible  107       871.15000  334.98912  61.5%   116  268s

 24497 19209  442.88188   77  227  871.15000  335.76850  61.5%   116  272s

 24792 20363  609.64766  144  174  871.15000  335.76850  61.5%   116  277s

 26149 20729  670.14527  168  143  871.15000  336.04056  61.4%   115  281s

 27482 22275  358.84431   44  149  871.15000  336.04056  61.4%   116  289s

 28532 22594  738.43769  142  101  871.15000  336.50968  61.4%   115  292s

 28882 23350  565.58853   77  180  871.15000  336.60209  61.4%   115  296s

 29853 24844 infeasible   42       871.15000  336.82918  61.3%   115  304s

 31595 25047  498.21222   92  185  871.15000  336.99100  61.3%   114  306s

 32207 25837  643.13777  175  143  871.15000  336.99100  61.3%   114  313s

 32771 26628  427.49381   63  185  871.15000  337.01738  61.3%   113  317s

 33658 26849  396.34745   71  140  871.15000  337.29475  61.3%   113  320s

 33974 27688  471.58708   94  178  871.15000  337.29475  61.3%   114  325s

 35542 28972  427.44602   52  174  871.15000  337.68471  61.2%   114  333s

 36676 29262 infeasible   95       871.15000  338.11522  61.2%   114  336s

 37044 30335  380.06696   54  258  871.15000  338.36110  61.2%   114  340s

 38849 30946 infeasible  155       871.15000  338.71585  61.1%   113  348s

 38927 31108  383.15735   40  199  871.15000  338.78711  61.1%   114  352s

H38973 31108                     870.9600000  338.78711  61.1%   113  352s

 39131 31519  427.61890   41  145  870.96000  338.78711  61.1%   113  356s

 39632 32922  473.71039   62  161  870.96000  338.78711  61.1%   113  361s

 41238 33343  571.70450  144  135  870.96000  339.07652  61.1%   112  365s

 42804 34643  467.49090   65  157  870.96000  339.30511  61.0%   111  373s

 43263 35521  397.94662   42  264  870.96000  339.40073  61.0%   111  377s

 44304 36033  839.66327  169  132  870.96000  339.42099  61.0%   111  383s

 44899 38319  505.84510  101  103  870.96000  339.42099  61.0%   111  391s

 48173 39976  543.01680  120  150  870.96000  339.95379  61.0%   109  398s

 49414 40252  397.04529   64  169  870.96000  340.15364  60.9%   108  401s

 50786 41577  609.08964   93  119  870.96000  340.15364  60.9%   108  407s

 51351 41750  415.81194   63   97  870.96000  340.15364  60.9%   108  410s

 52708 43190  628.65902  185  160  870.96000  340.98351  60.8%   108  416s

 53793 44641  458.38911   84  145  870.96000  341.05942  60.8%   108  423s

 54939 44728 infeasible   51       870.96000  341.28602  60.8%   107  426s

 55442 45667  684.57906   67  112  870.96000  341.28602  60.8%   108  433s

 56271 46099  489.28667   69  157  870.96000  341.40347  60.8%   108  436s

 57228 46346  524.68839  118  137  870.96000  341.49894  60.8%   108  442s

H57233 46345                     870.4800000  341.49894  60.8%   108  442s

 57236 46580  536.53108  117  137  870.48000  341.49894  60.8%   108  445s

 58048 47944  391.99726   55  205  870.48000  341.53720  60.8%   109  453s

 59112 48235 infeasible   77       870.48000  341.84356  60.7%   108  459s

 59493 50750  425.29429   56  182  870.48000  341.84356  60.7%   108  471s

 62549 51030  734.45851  203  144  870.48000  342.25617  60.7%   108  475s

 63247 52585  438.88510   84  204  870.48000  342.30106  60.7%   108  483s

 64668 52847  744.63119  208   60  870.48000  342.30106  60.7%   108  486s

 64981 54024  420.29013   65  166  870.48000  342.52444  60.7%   108  490s

 66642 55520  445.46858   64  227  870.48000  342.61905  60.6%   107  497s

 67971 56349  412.24143   66  195  870.48000  342.80070  60.6%   106  501s

 68945 57120  489.55256   62  129  870.48000  342.86260  60.6%   106  505s

 70457 58147  371.17750   45  181  870.48000  343.03767  60.6%   106  512s

 70961 59117  639.20881   84  143  870.48000  343.03767  60.6%   106  516s

 72057 60163  455.21887   86  193  870.48000  343.09813  60.6%   106  520s

 73579 60714  430.13567   54  153  870.48000  343.30666  60.6%   106  529s

 73971 62679  568.49713   75   76  870.48000  343.30666  60.6%   106  539s

 76345 62758  508.77959   80  179  870.48000  343.54233  60.5%   106  544s

H76392 62725                     861.8000000  343.54233  60.1%   106  544s

 76454 63169 infeasible   39       861.80000  343.55177  60.1%   106  548s

 76970 63875  508.71993   67  182  861.80000  343.55177  60.1%   106  553s

 77792 64426  438.66703   59  148  861.80000  343.64969  60.1%   106  558s

 78422 64928  469.07597   88  193  861.80000  343.82787  60.1%   106  563s

 79027 65999  400.43413   68  190  861.80000  343.85070  60.1%   106  568s

 80366 66774  408.20876   97  162  861.80000  344.17242  60.1%   106  573s

 81321 67744  526.19609  108  105  861.80000  344.17242  60.1%   107  579s

 82543 68189 infeasible   88       861.80000  344.41851  60.0%   106  582s

 83074 68736  464.49065   75  178  861.80000  344.41851  60.0%   106  587s

 83693 69849  597.19793  113  157  861.80000  344.45948  60.0%   106  592s

 85004 70193  744.84707  224  102  861.80000  344.68156  60.0%   106  597s

 85397 71229  687.89007   58   66  861.80000  344.70086  60.0%   106  602s

 86732 72167  607.79511  104  162  861.80000  344.92591  60.0%   106  606s

 87775 72508  454.99443   88  195  861.80000  344.92591  60.0%   106  610s

 88139 73733  552.23651  129   89  861.80000  344.92591  60.0%   106  617s

 89574 74263  404.03386   50  201  861.80000  345.17174  59.9%   106  621s

 90870 75071  422.00143   73  174  861.80000  345.20400  59.9%   106  627s

 91209 76035  490.58419  116  165  861.80000  345.20400  59.9%   106  631s

 92330 76844  481.17358   61  137  861.80000  345.49556  59.9%   106  635s

 93547 78098  652.55577  180  128  861.80000  345.58866  59.9%   106  641s

 94666 78979  616.45135  120  144  861.80000  345.65810  59.9%   105  645s

 95701 79245  402.77979   51  149  861.80000  345.72131  59.9%   105  652s

 95968 80148  548.40343  123  123  861.80000  345.72131  59.9%   105  657s

 97059 80307 infeasible   60       861.80000  345.72131  59.9%   105  660s

 98259 81466  469.66273   78  155  861.80000  345.72131  59.9%   105  667s

 98572 82273     cutoff  146       861.80000  345.72131  59.9%   105  672s

 99607 82548  437.02163   42  210  861.80000  346.11994  59.8%   105  675s

 100882 84273  400.90777   54  194  861.80000  346.26592  59.8%   105  683s

 101944 84735  370.61382   49  158  861.80000  346.35581  59.8%   105  686s

 103492 86432  362.83850   39  155  861.80000  346.36616  59.8%   104  696s

 104669 87042  454.48723   50  180  861.80000  346.60205  59.8%   105  700s

 105698 88479  438.84782   66  122  861.80000  346.67765  59.8%   105  708s

 107023 89473  507.74105   69  211  861.80000  346.74249  59.8%   104  712s

 108095 89754 infeasible   90       861.80000  346.75582  59.8%   104  716s

 108877 90725  390.66522   42  207  861.80000  346.78046  59.8%   104  724s

 109661 90952 infeasible   57       861.80000  346.78046  59.8%   105  727s

 109930 92053  469.93317   64  169  861.80000  346.78046  59.8%   105  732s

 111246 92335 infeasible   84       861.80000  346.84567  59.8%   104  736s

 111599 93380  421.77294   63  238  861.80000  347.01952  59.7%   105  740s

 112939 94308  800.30207  243  119  861.80000  347.01952  59.7%   104  748s

 113778 94597  803.92915  244  139  861.80000  347.14686  59.7%   104  751s

 114175 95761  412.87136   52  206  861.80000  347.14686  59.7%   104  756s

 115500 96279  699.90582  138  163  861.80000  347.14686  59.7%   104  760s

 116146 96505  426.40457   49  251  861.80000  347.24199  59.7%   104  768s

 116387 96924  426.39139   48  225  861.80000  347.24199  59.7%   104  772s

 116857 97651  472.51040   66  143  861.80000  347.24199  59.7%   104  777s

 117727 98738  453.50732  117  200  861.80000  347.42977  59.7%   104  781s

 118934 99059 infeasible  135       861.80000  347.47048  59.7%   104  787s

 119326 101121  506.63015   77  166  861.80000  347.47048  59.7%   104  799s

 121896 101469  621.97696  195  175  861.80000  347.69632  59.7%   104  802s

 122304 102463  761.85074  263  132  861.80000  347.69632  59.7%   104  807s

 123396 102906  424.85139   93  187  861.80000  347.69632  59.7%   104  811s

 123949 103976  599.58797  193  187  861.80000  347.69632  59.7%   104  816s

 125159 104306  381.66229   59  228  861.80000  347.81854  59.6%   104  820s

 126709 106282  353.10042   49  252  861.80000  347.98681  59.6%   104  829s

 127789 106898 infeasible  151       861.80000  347.98681  59.6%   104  834s

 128547 107222  394.05667   48  192  861.80000  347.99684  59.6%   104  838s

 128933 108106  477.57549   77  145  861.80000  347.99684  59.6%   104  843s

 129995 108940  398.67521   86  149  861.80000  348.16406  59.6%   104  847s

 131041 109232  462.38078   44  214  861.80000  348.22474  59.6%   104  850s

 131376 109967  478.87189   72  144  861.80000  348.22474  59.6%   104  855s

 132610 111176  371.92914   47  213  861.80000  348.22474  59.6%   104  862s

 133624 111562  524.11013  128  182  861.80000  348.25017  59.6%   104  868s

 134150 112951  385.40657   45  226  861.80000  348.37609  59.6%   104  877s

 135965 113002  396.97977   61  155  861.80000  348.39937  59.6%   104  882s

 136058 113382  419.98826   79  140  861.80000  348.46878  59.6%   104  886s

 136528 113783  424.39066   43  198  861.80000  348.46878  59.6%   105  891s

 137041 114697  571.40130   86   89  861.80000  348.46878  59.6%   105  897s

 138324 115061  361.56279   46  143  861.80000  348.58839  59.6%   105  901s

 138725 116296  463.61213   83  241  861.80000  348.58839  59.6%   105  907s

 140168 117560  641.65377  119  136  861.80000  348.70578  59.5%   105  912s

 141625 117864  798.20468  107   92  861.80000  348.81227  59.5%   105  917s

 142002 118878  439.93451   70  204  861.80000  348.81227  59.5%   105  922s

 143171 118878 infeasible   52       861.80000  348.92277  59.5%   105  929s

 143187 118885  586.81951   53  129  861.80000  348.92277  59.5%   105  933s

 143196 118892  442.80608   54  183  861.80000  348.92277  59.5%   105  937s

 143205 118900  447.17739   54  192  861.80000  348.92277  59.5%   105  942s

 143213 118907  443.02340   55  197  861.80000  348.92277  59.5%   105  946s

 143222 118912  528.53142   55  128  861.80000  348.92277  59.5%   105  950s

 143233 118962  444.42559   56  177  861.80000  348.92683  59.5%   105  955s

 143482 119421  483.33507   71  134  861.80000  348.92683  59.5%   105  963s

 143814 119726  727.95959   97   78  861.80000  348.95863  59.5%   105  968s

 144224 119976  541.20612   68  150  861.80000  348.97108  59.5%   105  973s

 144558 120194  565.61011   43  135  861.80000  348.97108  59.5%   106  978s

 144842 120552  506.27134   49  160  861.80000  348.97108  59.5%   106  983s

 145279 120881  398.91233   44  162  861.80000  348.98636  59.5%   106  989s

 145668 121262  690.34466   73  128  861.80000  348.99923  59.5%   106  994s

 146184 121686  477.34853   83  146  861.80000  349.01884  59.5%   106  999s

 146633 122737  809.43079  154  153  861.80000  349.20841  59.5%   106 1006s

 148031 123259  359.66372   40  170  861.80000  349.20841  59.5%   106 1012s

 148688 123690  570.37229  100  114  861.80000  349.20841  59.5%   106 1018s

 149189 125203  394.80921   49  225  861.80000  349.20841  59.5%   106 1028s

 151005 125462 infeasible  149       861.80000  349.55036  59.4%   106 1032s

 151316 126557  497.42275   53  128  861.80000  349.61214  59.4%   107 1038s

 152743 126890  485.36379   82  140  861.80000  349.72265  59.4%   107 1043s

 153158 127211  385.11014   47  193  861.80000  349.75624  59.4%   107 1048s

 153515 127948  510.82192   86  131  861.80000  349.75624  59.4%   107 1054s

 154474 128228  432.32694   65  156  861.80000  349.83254  59.4%   107 1059s

H154599 128189                     858.1400000  349.83254  59.2%   107 1059s

 154768 129522  485.39340   96  151  858.14000  349.84066  59.2%   107 1065s

 156362 130292  565.60662  110  160  858.14000  349.94270  59.2%   107 1071s

 157219 130632  435.03254   76  113  858.14000  349.94270  59.2%   107 1076s

 157652 131450  470.83490  124  135  858.14000  349.94270  59.2%   107 1081s

 158680 131803  548.59277  125  197  858.14000  349.94270  59.2%   107 1086s

 159095 132540  641.65501  138  143  858.14000  349.94270  59.2%   107 1091s

 159910 133456  455.56942   57  161  858.14000  349.94270  59.2%   107 1096s

 161008 133646  454.69927   62  151  858.14000  349.94270  59.2%   107 1101s

 161234 134035  590.20889   97  165  858.14000  349.94270  59.2%   107 1106s

 161740 134957  426.02355   55  169  858.14000  350.30907  59.2%   107 1111s

 162875 135499  597.05341  131  155  858.14000  350.37809  59.2%   107 1115s

 163516 136109  567.60667  101  123  858.14000  350.38611  59.2%   107 1122s

 164248 137330  386.53471   62  244  858.14000  350.42362  59.2%   107 1130s

 165992 137670  497.61898   67  168  858.14000  350.51747  59.2%   107 1139s

 166195 138243  530.04058   68  144  858.14000  350.51747  59.2%   107 1145s

 166986 138834  583.59645   76  164  858.14000  350.62788  59.1%   107 1150s

 167742 139701  496.06500   89  118  858.14000  350.63752  59.1%   108 1156s

 169053 140048  666.66531   96   94  858.14000  350.75389  59.1%   108 1161s

 169499 141310  419.69017   67  185  858.14000  350.75389  59.1%   108 1167s

 170939 141643  424.95186   85  222  858.14000  350.84432  59.1%   108 1171s

 171341 142549  603.04211  151  154  858.14000  350.84432  59.1%   108 1177s

 172385 142888  510.94191   87  164  858.14000  350.84686  59.1%   108 1182s

 172799 143486  646.46604  132  176  858.14000  350.84686  59.1%   108 1188s

 173579 143835  465.57276   79  161  858.14000  351.00797  59.1%   108 1192s

 173981 145106  723.73457  123   91  858.14000  351.00797  59.1%   108 1198s

 175538 146118  400.11608   58  221  858.14000  351.12934  59.1%   108 1204s

 176812 146513  430.04906   57  180  858.14000  351.12934  59.1%   108 1209s

 177292 147469  461.30756   41  178  858.14000  351.17221  59.1%   108 1214s

 178411 147871  644.51039  103  184  858.14000  351.25007  59.1%   108 1220s

 178858 149712  534.93874   63  125  858.14000  351.25823  59.1%   108 1231s

 181337 150023  826.17092  115   40  858.14000  351.42825  59.0%   108 1235s

 181701 150896  436.96362   67  159  858.14000  351.47718  59.0%   108 1240s

 183052 152110  481.91017   63  148  858.14000  351.58476  59.0%   108 1249s

 184207 153168  573.77055   96  181  858.14000  351.58476  59.0%   108 1254s

 185417 153364  426.26579   51  127  858.14000  351.78522  59.0%   108 1258s

 185663 154239  470.02965   71  180  858.14000  351.80071  59.0%   108 1262s

 186778 154454  464.17498   60  149  858.14000  351.90060  59.0%   108 1265s

 187023 155021  642.67332   94  167  858.14000  351.92482  59.0%   108 1270s

 188202 155550  406.12045   52  193  858.14000  352.03366  59.0%   108 1275s

 189038 156586  420.83168   40  277  858.14000  352.03366  59.0%   108 1283s

 190010 156803  422.81592   51  187  858.14000  352.17267  59.0%   108 1287s

 190306 157078  581.83905   97  145  858.14000  352.17267  59.0%   108 1292s

 190704 157682  486.57327   62  165  858.14000  352.30011  58.9%   108 1297s

 191503 157969  415.63051   63  170  858.14000  352.39836  58.9%   108 1300s

 191813 158958  542.54545  105  176  858.14000  352.40901  58.9%   108 1306s

 192991 160024  632.73468   67  160  858.14000  352.43715  58.9%   108 1314s

 194245 160279  520.13308   52  192  858.14000  352.51225  58.9%   108 1317s

 194558 161012  390.47960   63  187  858.14000  352.52281  58.9%   108 1322s

 195526 161314  631.52032   93   62  858.14000  352.60103  58.9%   108 1326s

 195878 162250  750.48857  128   82  858.14000  352.60103  58.9%   108 1332s

 197108 162538  484.44257   69  121  858.14000  352.70299  58.9%   108 1337s

 197496 162853  421.85184   49  200  858.14000  352.70299  58.9%   109 1341s

 197851 163755  642.92119  123  103  858.14000  352.70299  58.9%   109 1346s

 199052 164087 infeasible   78       858.14000  352.83291  58.9%   109 1351s

 199484 165117  523.81768   99  221  858.14000  352.83291  58.9%   109 1356s

 200646 165339  554.55402  100  138  858.14000  352.83291  58.9%   109 1361s

 201080 165586  569.53721  102  139  858.14000  352.83291  58.9%   109 1368s

 201189 165762  697.51630  123  120  858.14000  352.83291  58.9%   109 1371s

 201389 165944  535.47902   55  159  858.14000  352.83291  58.9%   109 1376s

 201663 166350  692.96593   89  153  858.14000  352.83291  58.9%   109 1381s

 202172 166698  617.78366   50  167  858.14000  353.07311  58.9%   109 1386s

 202533 167828  425.43313   55  193  858.14000  353.07311  58.9%   109 1392s

 203891 168385  506.48279   66  164  858.14000  353.15595  58.8%   109 1397s

 204576 169229  434.44762   45  183  858.14000  353.16844  58.8%   109 1403s

 205641 169776  778.83087   96   98  858.14000  353.24281  58.8%   109 1407s

 206226 170866  684.81167   88  181  858.14000  353.25600  58.8%   109 1414s

 207536 171999  374.04597   57  110  858.14000  353.30135  58.8%   109 1422s

 209049 172226 infeasible   57       858.14000  353.35848  58.8%   109 1426s

 209787 173385  422.05877   73  169  858.14000  353.36198  58.8%   109 1434s

 210918 174169  383.13190   59  171  858.14000  353.36198  58.8%   109 1439s

 211889 174380  624.13478  128   86  858.14000  353.48802  58.8%   109 1443s

 212146 174901  385.45860   45  285  858.14000  353.53315  58.8%   109 1447s

 212719 175704  469.92063   74  160  858.14000  353.53315  58.8%   109 1452s

 213683 176043  591.22781  105  149  858.14000  353.57332  58.8%   109 1456s

 214173 176867  385.56223   64  192  858.14000  353.57332  58.8%   109 1461s

 215166 177105  546.66581  153  123  858.14000  353.57332  58.8%   109 1465s

 215485 177974  587.16073  181  147  858.14000  353.57389  58.8%   109 1470s

 217038 179175  457.94986   49  218  858.14000  353.83793  58.8%   109 1480s

 218290 180154  658.72439   69  125  858.14000  353.87000  58.8%   109 1490s

 219621 181123  428.02860   54  145  858.14000  353.96033  58.8%   109 1499s

 220550 181400  432.62528   63  103  858.14000  354.02958  58.7%   109 1502s

 220866 182216  519.48208  108  112  858.14000  354.02958  58.7%   109 1508s

 221951 182590  458.36690   55  193  858.14000  354.15563  58.7%   109 1512s

 222393 183744  404.83873   47  189  858.14000  354.18133  58.7%   109 1520s

 224057 184320  511.75678   69  154  858.14000  354.18133  58.7%   109 1528s

 224480 185307  831.37644  134   79  858.14000  354.18133  58.7%   109 1534s

 225668 186038  501.06457   89  154  858.14000  354.18133  58.7%   109 1538s

 226487 186231 infeasible   79       858.14000  354.18133  58.7%   109 1542s

 226721 187337  436.76927   64  119  858.14000  354.47541  58.7%   109 1548s

 228025 187656  481.70551   84  114  858.14000  354.53902  58.7%   109 1551s

 228370 188533  697.07620  150  121  858.14000  354.53902  58.7%   109 1556s

 229413 189190  424.00372   54  202  858.14000  354.64786  58.7%   109 1561s

 230131 189570  646.46737  107  131  858.14000  354.64786  58.7%   109 1566s

 230615 190319  726.60037   51   83  858.14000  354.67906  58.7%   109 1571s

 231603 191354 infeasible   73       858.14000  354.77820  58.7%   109 1577s

 232980 191641  469.82392   53  165  858.14000  354.79735  58.7%   109 1581s

 233354 192319  552.38739   86  117  858.14000  354.79735  58.7%   109 1586s

 234296 192610  531.91902  100  119  858.14000  354.91225  58.6%   109 1590s

 234650 193446  636.14075  130  138  858.14000  354.91225  58.6%   109 1595s

 235587 193889  650.47169  135  129  858.14000  354.91225  58.6%   109 1600s

 236128 194701  501.66010   69  159  858.14000  354.94436  58.6%   109 1606s

 237159 195101  456.17058   67  129  858.14000  355.07603  58.6%   109 1613s

 237643 197040  416.26097   66  138  858.14000  355.07995  58.6%   109 1625s

 240278 198199  396.32422   43  135  858.14000  355.13177  58.6%   109 1636s

 241328 198462  456.38992   84  140  858.14000  355.27043  58.6%   109 1640s

 241617 199354  671.09441  132  111  858.14000  355.27043  58.6%   109 1646s

 242721 199798  427.11873   58  244  858.14000  355.34952  58.6%   109 1651s

 243192 200777  445.22380   74  143  858.14000  355.34952  58.6%   109 1658s

 244403 201127  532.54524   81  153  858.14000  355.39701  58.6%   109 1662s

 244823 202068  644.49130  143  131  858.14000  355.39701  58.6%   109 1668s

 245897 202934  774.75487  116  117  858.14000  355.46027  58.6%   109 1674s

 246937 203210  468.52150   52   96  858.14000  355.55909  58.6%   109 1678s

 247300 203572  680.09641   83   60  858.14000  355.55958  58.6%   109 1684s

 247791 203847  594.23879   92  143  858.14000  355.63848  58.6%   109 1689s

 248122 204718  439.00183   50  169  858.14000  355.64275  58.6%   110 1696s

 249187 204959  383.23991   59  205  858.14000  355.78414  58.5%   109 1701s

 249471 205784  510.41445   81  215  858.14000  355.78414  58.5%   110 1708s

 250577 206084  374.78785   50  295  858.14000  355.82133  58.5%   110 1712s

 250938 207092  463.54704   83  165  858.14000  355.87401  58.5%   110 1719s

 252228 207356  436.67582   60  142  858.14000  355.96442  58.5%   110 1726s

 252552 210242  550.68637  101  150  858.14000  355.96442  58.5%   110 1744s

 255250 210242  432.43938   51  321  858.14000  356.02009  58.5%   110 1745s

 256217 210795  484.02051  104   82  858.14000  356.13554  58.5%   110 1753s

 256681 211542  545.51994   89  123  858.14000  356.13554  58.5%   110 1758s

 257542 211992  455.23714   59  149  858.14000  356.13554  58.5%   110 1762s

 258054 212851  520.88988   82  199  858.14000  356.13554  58.5%   110 1768s

 259061 213742  437.04829   67  220  858.14000  356.19415  58.5%   110 1773s

 260123 214020  436.16645   43  140  858.14000  356.35041  58.5%   110 1778s

 260461 214912  542.06270   78  152  858.14000  356.35041  58.5%   110 1784s

 261528 215258  454.39098   67  123  858.14000  356.41802  58.5%   110 1788s

 261904 216188  531.14225  121  195  858.14000  356.41802  58.5%   110 1794s

 262994 217240  418.79544   67  165  858.14000  356.49567  58.5%   110 1800s

 264613 218402  479.50692   82  158  858.14000  356.51018  58.5%   110 1810s

 266209 219519  436.92049   65  114  858.14000  356.63745  58.4%   110 1820s

 267138 219838 infeasible   58       858.14000  356.72539  58.4%   110 1827s

 267556 221573  480.94147   67  131  858.14000  356.78287  58.4%   110 1840s

 269807 221892  458.20435   99  137  858.14000  356.87313  58.4%   110 1845s

 270184 222879  516.96465  142  174  858.14000  356.87313  58.4%   110 1852s

 271410 223170  460.84268   63  133  858.14000  356.95130  58.4%   110 1857s

 271799 224137  431.87113   67  144  858.14000  356.95130  58.4%   110 1864s

 272978 224376 infeasible   51       858.14000  357.06233  58.4%   110 1870s

 273316 225218  607.27834   94  111  858.14000  357.07083  58.4%   110 1876s

 274400 225595  418.77986   65  186  858.14000  357.19545  58.4%   110 1881s

 274854 226824  523.41587  118  209  858.14000  357.19545  58.4%   110 1888s

 276325 227868  439.12821   89  166  858.14000  357.26063  58.4%   110 1895s

 277828 229190  468.26082   80  108  858.14000  357.31256  58.4%   110 1906s

 279075 230035  624.55851  124  120  858.14000  357.34942  58.4%   110 1911s

 280039 230369  665.22998  106  112  858.14000  357.34942  58.4%   110 1917s

 280485 231228  468.00484   72  124  858.14000  357.34942  58.4%   110 1923s

 281488 231924  446.64200   76  157  858.14000  357.38770  58.4%   110 1929s

 282419 232268  535.24412   76  140  858.14000  357.38770  58.4%   110 1936s

 282860 234196  436.02296   47  158  858.14000  357.50938  58.3%   110 1951s

 285117 234439  444.26529   49  196  858.14000  357.60214  58.3%   110 1956s

 285414 235593  556.37730   89  174  858.14000  357.60214  58.3%   110 1963s

 286771 235924 infeasible   71       858.14000  357.60214  58.3%   110 1969s

 287188 236862  419.34764   59  185  858.14000  357.60214  58.3%   110 1976s

 288380 237158 infeasible   77       858.14000  357.75303  58.3%   110 1982s

 288728 237706  679.09068   65  143  858.14000  357.75303  58.3%   110 1988s

 289567 237977  444.05874   55  146  858.14000  357.83082  58.3%   110 1993s

 289999 238314  596.15937   57  142  858.14000  357.84847  58.3%   110 1999s

 290438 239472  465.60388   57  185  858.14000  357.84847  58.3%   110 2008s

 291998 239872  417.07289   73  147  858.14000  357.87932  58.3%   110 2014s

 292471 240724  546.78395  111  170  858.14000  357.89296  58.3%   110 2021s

 293695 241595  511.63740   67  188  858.14000  357.98828  58.3%   110 2027s

 294763 241973 infeasible   45       858.14000  357.98828  58.3%   110 2032s

 295242 242788  460.65326   56  133  858.14000  357.98828  58.3%   110 2039s

 296211 243176  565.38488  100  156  858.14000  358.14241  58.3%   110 2043s

 296668 244370  747.67892  157   97  858.14000  358.14241  58.3%   110 2051s

 298029 245379  768.84616  206  102  858.14000  358.18948  58.3%   110 2060s

 299698 246442  712.15571  153  149  858.14000  358.20180  58.3%   110 2070s

 300541 246709  739.75794  138  139  858.14000  358.26744  58.3%   110 2075s

 300850 247669  517.35002   66  148  858.14000  358.32387  58.2%   110 2083s

 302095 248196  409.32681   65  174  858.14000  358.40671  58.2%   110 2088s

 302670 249004  577.59309  126  177  858.14000  358.40829  58.2%   110 2095s

 303696 249304  376.88721   44  214  858.14000  358.48615  58.2%   110 2100s

 304060 250119  482.56218   70  167  858.14000  358.48615  58.2%   110 2107s

 305028 250886  403.80240   48  158  858.14000  358.49417  58.2%   110 2114s

 306032 251098  655.05855  145  102  858.14000  358.57503  58.2%   110 2118s

 306323 251675  425.94404   84  203  858.14000  358.57503  58.2%   110 2125s

 307026 252075  439.10545   85  175  858.14000  358.57503  58.2%   110 2131s

 307500 252976  520.45504  127  134  858.14000  358.57503  58.2%   110 2138s

 308622 253699  399.88473   53  203  858.14000  358.66993  58.2%   110 2144s

 309496 253970  532.57554   73  112  858.14000  358.76271  58.2%   110 2150s

 309869 254778  447.87935   71  138  858.14000  358.76271  58.2%   110 2157s

 310889 255106  423.12110   59  179  858.14000  358.87616  58.2%   110 2162s

 311251 256068  518.75276   93  143  858.14000  358.87616  58.2%   110 2170s

 312383 256500 infeasible  285       858.14000  358.92919  58.2%   110 2176s

 312929 256872  439.42499   51  216  858.14000  359.01456  58.2%   111 2183s

 313426 258298  403.55106   60  241  858.14000  359.02564  58.2%   111 2197s

 315269 258654  446.99815   57  153  858.14000  359.07992  58.2%   111 2203s

 315679 259259  509.25406   70  140  858.14000  359.07992  58.2%   111 2210s

 316406 260169  417.41461   61  184  858.14000  359.17740  58.1%   111 2219s

 317509 260736  456.26791   90  159  858.14000  359.24820  58.1%   111 2225s

 318146 261865  574.90944  168  135  858.14000  359.24820  58.1%   111 2233s

 319472 262953  568.19894  139  180  858.14000  359.32958  58.1%   111 2241s

 320814 263470  495.60691   98  143  858.14000  359.32958  58.1%   111 2247s

 321417 264253  498.47862   71  173  858.14000  359.32958  58.1%   111 2255s

 322382 264581  447.41944   66  114  858.14000  359.48205  58.1%   111 2260s

 322777 265410  495.29270   54  162  858.14000  359.48928  58.1%   111 2267s

 323835 265799  622.40865   63  158  858.14000  359.58472  58.1%   111 2273s

 324301 266729  418.73905   64  193  858.14000  359.60058  58.1%   111 2281s

 325423 267454  484.59146   50  102  858.14000  359.63721  58.1%   111 2288s

 326387 267755  415.53410   61  210  858.14000  359.68688  58.1%   111 2293s

 326747 268517  544.79519   98  157  858.14000  359.68688  58.1%   111 2300s

 327779 268825  410.85651   56  158  858.14000  359.73515  58.1%   111 2308s

 328132 271144  477.16419   98  113  858.14000  359.73515  58.1%   111 2328s

 331000 271335  495.13280  108  196  858.14000  359.86876  58.1%   111 2333s

 331314 271657  551.78963  133  164  858.14000  359.86876  58.1%   111 2339s

 331718 272509  402.85356   49  197  858.14000  359.90750  58.1%   111 2346s

 332698 272820  403.35694   47  216  858.14000  359.97189  58.1%   111 2352s

 333081 273744  431.83412   74  226  858.14000  359.98689  58.1%   111 2360s

 334184 274122  672.83797  135   87  858.14000  359.98812  58.1%   111 2365s

 334595 275152  479.56494   62  132  858.14000  359.98812  58.1%   111 2374s

 335835 275516  382.63116   68  218  858.14000  360.07588  58.0%   111 2380s

 336294 276271  478.66482   89  181  858.14000  360.07588  58.0%   111 2388s

 337232 276656  464.51938   64  158  858.14000  360.07588  58.0%   111 2394s

 337699 277895  443.77982   48  221  858.14000  360.10228  58.0%   111 2403s

 339065 278420  681.72124  137  121  858.14000  360.11775  58.0%   111 2410s

 339922 278689 infeasible   57       858.14000  360.23979  58.0%   111 2415s

 340252 279574  468.87030   65  209  858.14000  360.25843  58.0%   111 2423s

 341240 279820  503.61538   92  102  858.14000  360.27106  58.0%   111 2429s

 341572 280878  407.19946   49  151  858.14000  360.32017  58.0%   111 2437s

 342860 281260  443.24361   76  168  858.14000  360.32017  58.0%   111 2446s

 343271 283140  598.29650  119  156  858.14000  360.32017  58.0%   111 2464s

 345791 283394  614.53928  113   74  858.14000  360.38328  58.0%   111 2470s

 346138 283662 infeasible   65       858.14000  360.38328  58.0%   111 2475s

 346459 284706  626.09758   81  183  858.14000  360.38328  58.0%   111 2484s

 347646 284995  580.97680  131  144  858.14000  360.54338  58.0%   111 2489s

 348012 285769  836.66452  163  130  858.14000  360.55054  58.0%   111 2497s

 348948 286070  672.75954  135  145  858.14000  360.59495  58.0%   111 2504s

 349307 286991  409.86755   57  222  858.14000  360.59495  58.0%   112 2513s

 350405 287280  403.43061   49  210  858.14000  360.68119  58.0%   112 2519s

 350709 288203  463.08995   53  152  858.14000  360.68119  58.0%   112 2528s

 351988 288540  578.02449   68  105  858.14000  360.71137  58.0%   112 2535s

 352413 289386  409.34623   45  201  858.14000  360.72846  58.0%   112 2544s

 353493 289667  547.96345   68  136  858.14000  360.72846  58.0%   112 2549s

 353796 290688  564.85500   92   88  858.14000  360.76861  58.0%   112 2559s

 355041 290913 infeasible   76       858.14000  360.83305  58.0%   112 2565s

 355340 291873  503.94188   61  161  858.14000  360.83305  58.0%   112 2574s

 356417 292223 infeasible  152       858.14000  360.83305  58.0%   112 2580s

 356864 292891  467.48050   56  186  858.14000  360.83305  58.0%   112 2589s

 357801 293330  694.32335   77  102  858.14000  360.96443  57.9%   112 2598s

 358354 294701  421.29411   72  270  858.14000  361.00192  57.9%   112 2612s

 360037 295065  846.18992  141  135  858.14000  361.04015  57.9%   112 2619s

 360533 295628  439.84024   76  217  858.14000  361.06767  57.9%   112 2626s

 361191 296810  605.16713  131  169  858.14000  361.06767  57.9%   112 2637s

 362505 297893  364.00351   38  192  858.14000  361.06767  57.9%   112 2645s

 363715 298190 infeasible   54       858.14000  361.16337  57.9%   112 2651s

 364074 298978  536.33725   67  204  858.14000  361.16337  57.9%   112 2659s

 364958 299727  432.01515   62  160  858.14000  361.17961  57.9%   112 2667s

 365833 300137  486.42333   55  173  858.14000  361.22792  57.9%   112 2673s

 366323 300913  413.79911   53  174  858.14000  361.22792  57.9%   112 2681s

 367332 301139  505.79584   89  101  858.14000  361.22792  57.9%   112 2687s

 367620 302025  509.80362   96  120  858.14000  361.22792  57.9%   112 2697s

 368701 303164  430.53826   91  211  858.14000  361.35286  57.9%   112 2705s

 369949 303475  456.32444   61  201  858.14000  361.35828  57.9%   112 2711s

 370312 304482  555.24898   97  132  858.14000  361.37350  57.9%   112 2720s

 371420 304874  542.87683  109  136  858.14000  361.37350  57.9%   112 2727s

 371958 305727  468.22754   48  150  858.14000  361.47080  57.9%   112 2736s

 372956 306729  426.02861   81  228  858.14000  361.50344  57.9%   112 2745s

 374122 306959  433.85743   43  182  858.14000  361.50344  57.9%   112 2751s

 374419 307391  709.62347   60  182  858.14000  361.50344  57.9%   112 2758s

 374963 308399  505.71890   50  136  858.14000  361.55662  57.9%   112 2769s

 376211 308751  510.92999   78  104  858.14000  361.59107  57.9%   112 2776s

 376593 309866  769.96901   92   65  858.14000  361.59107  57.9%   112 2786s

 377881 310208 infeasible   55       858.14000  361.73711  57.8%   112 2792s

 378325 310853  544.04113   61  154  858.14000  361.73711  57.8%   112 2801s

 379214 311329 infeasible   81       858.14000  361.79213  57.8%   112 2809s

 379758 312270  656.38845  119  110  858.14000  361.79701  57.8%   112 2819s

 380809 312878  517.01469  114  170  858.14000  361.79701  57.8%   112 2827s

 381532 313289  420.79693   68  211  858.14000  361.79701  57.8%   112 2833s

 382002 314223  523.41055  122  147  858.14000  361.79701  57.8%   112 2844s

 383126 315064  521.28717   78  127  858.14000  361.88382  57.8%   112 2854s

 384123 315376  373.73889   56  293  858.14000  361.90612  57.8%   112 2860s

 384506 315866  437.05082   88  211  858.14000  361.90626  57.8%   112 2870s

 385055 316930  438.55647   89  191  858.14000  361.90626  57.8%   112 2881s

 386262 317332  399.00991   47  164  858.14000  361.95420  57.8%   112 2888s

 386744 318023  375.66852   50  198  858.14000  361.95420  57.8%   112 2897s

 387625 318467  584.60943  143  170  858.14000  361.95420  57.8%   112 2906s

 388192 319863  725.72240  246  139  858.14000  362.05063  57.8%   112 2921s

 389825 320194  454.86826   52  128  858.14000  362.10943  57.8%   112 2928s

 390200 321166  505.43086   76  167  858.14000  362.10943  57.8%   112 2938s

 391308 321656  477.49079   89  199  858.14000  362.15483  57.8%   112 2945s

 391834 322529  660.32805  188  138  858.14000  362.15649  57.8%   112 2956s

 392869 322878  494.79146   60  133  858.14000  362.18143  57.8%   112 2963s

 393265 323990  403.99179   54  224  858.14000  362.18143  57.8%   112 2975s

 394608 324560  617.38592  166   70  858.14000  362.20958  57.8%   112 2985s

 395274 325217  828.34538  198   60  858.14000  362.20958  57.8%   112 2995s

 396129 325530 infeasible   89       858.14000  362.33690  57.8%   112 3002s

 396478 326522  460.77438   77  149  858.14000  362.33834  57.8%   112 3013s

 397624 326908  404.45662   63  167  858.14000  362.38586  57.8%   112 3022s

 398076 327331  507.39971  100  133  858.14000  362.38586  57.8%   112 3031s

 398578 328263  574.03465  143  196  858.14000  362.38604  57.8%   112 3041s

 399686 328991  520.54341   94  178  858.14000  362.47832  57.8%   112 3051s

 400579 329280  640.62219   62  125  858.14000  362.52331  57.8%   113 3057s

 400918 330375  483.38547   68  115  858.14000  362.52331  57.8%   113 3069s

 402214 330766  488.92788   48  152  858.14000  362.53336  57.8%   113 3078s

 402670 332578  657.14608  100  104  858.14000  362.57962  57.7%   113 3098s

 404774 332824  420.80087   43  224  858.14000  362.68479  57.7%   112 3105s

 405061 333887  512.37378   70  179  858.14000  362.69627  57.7%   113 3116s

 406285 334100 infeasible   79       858.14000  362.73384  57.7%   112 3122s

 406544 335013  447.15280   44  221  858.14000  362.77156  57.7%   112 3132s

 407604 335308  431.60549   84  222  858.14000  362.77521  57.7%   112 3139s

 407936 336151  519.70957  113  224  858.14000  362.77521  57.7%   112 3149s

 408931 336543  507.80489   77  213  858.14000  362.80129  57.7%   112 3158s

 409351 336707  513.59252   78  154  858.14000  362.80129  57.7%   112 3165s

 409587 337007  571.41025  104  152  858.14000  362.80129  57.7%   113 3173s

 409955 337725  407.44308   48  215  858.14000  362.81912  57.7%   113 3183s

 410812 338020 infeasible   68       858.14000  362.91332  57.7%   113 3192s

 411182 338859  580.11713   82  178  858.14000  362.95157  57.7%   113 3204s

 412172 339293  542.96765  104  150  858.14000  362.99094  57.7%   113 3212s

 412675 340065  678.37194  199  127  858.14000  362.99221  57.7%   113 3224s

 413638 341026  512.89046   84  144  858.14000  363.06811  57.7%   113 3234s

 414715 341361  591.61785  140  181  858.14000  363.06811  57.7%   113 3243s

 415163 342064  412.45387   52  179  858.14000  363.11357  57.7%   113 3254s

 416056 342660  444.67323   40  175  858.14000  363.14173  57.7%   113 3263s

 416724 343252  452.16648   54  211  858.14000  363.14654  57.7%   113 3275s

 417480 343619  409.73881   55  172  858.14000  363.14654  57.7%   113 3284s

 417557 343619 infeasible   84       858.14000  363.14654  57.7%   113 3285s

 417920 345061 infeasible   86       858.14000  363.14654  57.7%   113 3303s

 419639 345455  526.90713   59   99  858.14000  363.23200  57.7%   113 3310s

 420120 346734  557.86863   94   91  858.14000  363.23200  57.7%   113 3322s

 421662 347084  457.81850   48  176  858.14000  363.30607  57.7%   113 3330s

 422088 347853  678.65705   79  149  858.14000  363.31118  57.7%   113 3340s

 422970 348330  638.64793   92  162  858.14000  363.35739  57.7%   113 3350s

 423542 349197  624.99165  112  175  858.14000  363.35739  57.7%   113 3361s

 424604 349566  462.22063   90  165  858.14000  363.37906  57.7%   113 3370s

 425040 350385  557.92397  110   70  858.14000  363.38866  57.7%   113 3381s

 426110 350649  450.82888   65  216  858.14000  363.41478  57.7%   113 3387s

 426399 351472  584.44530  101  157  858.14000  363.41478  57.7%   113 3398s

 427407 351822  552.54002   83  200  858.14000  363.51035  57.6%   113 3405s

 427787 352688  675.21267  144  143  858.14000  363.51035  57.6%   113 3417s

 428837 353489  397.50659   47  264  858.14000  363.56040  57.6%   113 3428s

 429789 353930 infeasible   62       858.14000  363.58512  57.6%   113 3437s

 430351 354730  653.50446   95  169  858.14000  363.58512  57.6%   113 3449s

 431380 354910  483.38768   54  134  858.14000  363.58512  57.6%   113 3460s

 431656 356708  517.44504   65  142  858.14000  363.67380  57.6%   113 3492s

 434047 357147  447.61051   78  149  858.14000  363.82360  57.6%   113 3503s

 434612 357498  511.28491  111  118  858.14000  363.82360  57.6%   113 3515s

 435116 358167  759.19331  149   70  858.14000  363.86318  57.6%   114 3530s

 436106 358467  406.22764   56  172  858.14000  363.86318  57.6%   114 3541s

 436467 359486  490.04762   69  169  858.14000  363.86318  57.6%   114 3557s

 437793 360020  635.68446  127  167  858.14000  364.00883  57.6%   114 3567s

 438408 361151  456.84911   41  171  858.14000  364.01600  57.6%   114 3582s

 439806 361633  577.21914   81  118  858.14000  364.05452  57.6%   114 3593s

 440427 362175  537.83114   84  131  858.14000  364.09191  57.6%   114 3603s

 441057 363196  414.15388   44  215  858.14000  364.09353  57.6%   114 3618s

 442298 363632 infeasible   85       858.14000  364.13971  57.6%   114 3627s

 442785 364734  555.13577   89  162  858.14000  364.16448  57.6%   114 3643s

 444119 365772  461.36023   68  155  858.14000  364.22005  57.6%   114 3655s

 445349 366039 infeasible   83       858.14000  364.24957  57.6%   114 3663s

 445685 366690  492.74148   73  129  858.14000  364.24957  57.6%   114 3675s

 446418 367244  470.54885   58  156  858.14000  364.24957  57.6%   114 3689s

 447101 367960  434.14603   53  156  858.14000  364.30297  57.5%   114 3702s

 447948 369065  714.68468  166  158  858.14000  364.33218  57.5%   114 3719s

 449397 369408  597.86281  104   96  858.14000  364.36928  57.5%   114 3726s

 449778 370425  424.41646   70  206  858.14000  364.38829  57.5%   114 3739s

 450918 371051  443.10771   87  144  858.14000  364.38888  57.5%   114 3748s

 451657 371341  701.25050  171  141  858.14000  364.38888  57.5%   114 3756s

 452019 372312  472.05094   61  119  858.14000  364.38888  57.5%   114 3770s

 453166 372594  428.51867   81  169  858.14000  364.47796  57.5%   114 3777s

 453517 373365  494.36256  109  211  858.14000  364.47796  57.5%   114 3789s

 453834 373365  537.76702   66  150  858.14000  364.48889  57.5%   114 3790s

 454474 373901  437.29938   49  151  858.14000  364.55900  57.5%   114 3799s

 455077 374398  560.33023   64  171  858.14000  364.57631  57.5%   114 3809s

 455687 375426  548.19466   70  153  858.14000  364.58508  57.5%   114 3823s

 456843 375678  842.04911  172   69  858.14000  364.64551  57.5%   114 3833s

 457195 376621  585.69721   83  146  858.14000  364.64551  57.5%   114 3845s

 458289 377099  647.87253  131  120  858.14000  364.70916  57.5%   114 3855s

 458844 377944  490.66447   57  148  858.14000  364.72696  57.5%   114 3870s

 460015 379249  474.48067   55  178  858.14000  364.75745  57.5%   114 3882s

 461450 379674  462.11861   85  177  858.14000  364.78804  57.5%   114 3893s

 461961 381134  636.31079  120  116  858.14000  364.78822  57.5%   114 3917s

 463782 381361  495.68161   72  148  858.14000  364.79421  57.5%   114 3925s

 464087 382367  771.50250  133   89  858.14000  364.79421  57.5%   114 3939s

 465240 382476  417.41349   65  207  858.14000  364.92261  57.5%   114 3948s

 465375 382857  481.09528   86  166  858.14000  364.92261  57.5%   114 3957s

 465841 383885  596.23442  150  151  858.14000  364.92261  57.5%   114 3973s

 467139 384304  531.29166   77  154  858.14000  364.99718  57.5%   114 3981s

 467602 385197  626.62548  133  196  858.14000  364.99718  57.5%   114 3995s

 468826 385401  417.18618   56  221  858.14000  365.04008  57.5%   114 4006s

 469128 385684  554.29688   65  161  858.14000  365.04008  57.5%   114 4015s

 469508 386555  505.05009   67  168  858.14000  365.04008  57.5%   114 4031s

 470608 386803  455.68602   44  172  858.14000  365.04008  57.5%   114 4039s

 470936 387507  514.85208   63  210  858.14000  365.04008  57.5%   114 4051s

 471865 387865  720.79220  102  153  858.14000  365.04008  57.5%   114 4060s

 472285 388818  428.40985   66  116  858.14000  365.04008  57.5%   114 4074s

 473462 389167  665.44119   89  132  858.14000  365.21788  57.4%   114 4083s

 473905 390122  501.20051   84  145  858.14000  365.21788  57.4%   114 4098s

 475000 390953  443.42515  106  179  858.14000  365.25768  57.4%   114 4108s

 475894 391332  658.84486  255   62  858.14000  365.26600  57.4%   114 4122s

 476390 392686  505.39241   79  188  858.14000  365.26600  57.4%   114 4147s

 478249 393054  468.75531   58  188  858.14000  365.38752  57.4%   114 4155s

 478711 393533  653.75130   72   90  858.14000  365.40940  57.4%   115 4168s

 479264 394137  517.38375   72  165  858.14000  365.40940  57.4%   115 4181s

 479980 394802  437.80198   49  124  858.14000  365.43313  57.4%   115 4195s

 480839 395705  416.35784   80  203  858.14000  365.43313  57.4%   115 4207s

 481846 395961  670.79515  202  170  858.14000  365.43313  57.4%   115 4221s

 482212 396398  396.85993   59  184  858.14000  365.43313  57.4%   115 4234s

 482723 397458  574.30653   69  123  858.14000  365.50830  57.4%   115 4251s

 484112 397879 infeasible  108       858.14000  365.60146  57.4%   115 4261s

 484669 398792  621.95176   68  116  858.14000  365.60146  57.4%   115 4278s

 485872 399048  563.48320   94  175  858.14000  365.68765  57.4%   115 4286s

 486160 400165  696.14321  141  168  858.14000  365.71299  57.4%   115 4302s

 487450 400343 infeasible   99       858.14000  365.71840  57.4%   115 4313s

 487703 400724  486.30394   52  137  858.14000  365.71840  57.4%   115 4322s

 488112 401642  487.75604   63  203  858.14000  365.74972  57.4%   115 4339s

 489346 402493  454.37618   69  120  858.14000  365.82703  57.4%   115 4351s

 490464 402968  637.26026  149  162  858.14000  365.85257  57.4%   115 4363s

 491018 404476  439.96577   52  172  858.14000  365.85359  57.4%   115 4384s

 492087 404476  699.49516   94  123  858.14000  365.87950  57.4%   115 4385s

 492702 404780  464.46542   68  141  858.14000  365.89773  57.4%   115 4392s

 493068 405696  513.49527   54  151  858.14000  365.89892  57.4%   115 4403s

 494148 406051 infeasible   78       858.14000  365.94408  57.4%   115 4413s

 494581 406844  375.56641   45  218  858.14000  365.94531  57.4%   115 4426s

 495607 407086  447.86218   90  161  858.14000  365.99827  57.3%   115 4434s

 495936 408038  831.38003  138   98  858.14000  365.99852  57.3%   115 4449s

 496999 408989  492.80460   51  108  858.14000  366.00819  57.3%   115 4460s

 498151 409376  538.72776   99  170  858.14000  366.11227  57.3%   115 4469s

 498582 410299  617.81990  138  251  858.14000  366.11227  57.3%   115 4484s

 499667 410818  484.13852   69  184  858.14000  366.13017  57.3%   115 4492s

 500240 411613  731.98422  110  142  858.14000  366.13017  57.3%   115 4507s

 501300 411888  456.87996   61  130  858.14000  366.18724  57.3%   115 4516s

 501619 412804     cutoff   97       858.14000  366.19086  57.3%   115 4531s

 502761 413358  443.21811   67  170  858.14000  366.24074  57.3%   115 4540s

 503435 414206  654.76214  168  159  858.14000  366.25869  57.3%   115 4556s

 504388 415088  439.75723   85  215  858.14000  366.25869  57.3%   115 4569s

 505402 415419  415.64115   50  177  858.14000  366.32270  57.3%   115 4581s

 505778 417392  572.81262   84  136  858.14000  366.32270  57.3%   115 4614s

 508167 417665  403.02737   58  293  858.14000  366.38348  57.3%   115 4623s

 508521 417881  576.87427   62  125  858.14000  366.38790  57.3%   115 4635s

 508828 418149  592.92857   66  157  858.14000  366.38790  57.3%   115 4647s

 509185 419148  496.19522   74  173  858.14000  366.44122  57.3%   115 4664s

 510422 419529  429.52739   80  166  858.14000  366.50605  57.3%   115 4676s

 510888 420437  638.93446  121  162  858.14000  366.50605  57.3%   115 4693s

 512022 420845  406.13500   50  141  858.14000  366.51003  57.3%   115 4702s

 512523 421771  574.51563  102  120  858.14000  366.51003  57.3%   115 4719s

 513724 422219  418.99000   44   98  858.14000  366.61820  57.3%   115 4728s

 514228 423145  539.94162   76  122  858.14000  366.61820  57.3%   115 4743s

 515309 424086  716.61937  159  120  858.14000  366.66181  57.3%   115 4757s

 516395 424411  435.23615   71  191  858.14000  366.66181  57.3%   115 4768s

 516824 425142  573.35443  126  175  858.14000  366.71268  57.3%   115 4781s

 517711 425518  443.79583   69  188  858.14000  366.76388  57.3%   115 4791s

 518117 426509  503.81755  115  167  858.14000  366.76388  57.3%   115 4808s

 519319 427385  413.69091   54  194  858.14000  366.80645  57.3%   115 4821s

 520385 427705  406.79911   56  258  858.14000  366.84273  57.3%   115 4836s

 520736 428792  459.81113   90  228  858.14000  366.84310  57.3%   115 4862s

 522005 430024  500.88046   62  134  858.14000  366.88312  57.2%   115 4887s

 523598 430602  792.44746  169  104  858.14000  366.94737  57.2%   115 4898s

 524230 431820  518.71828   67  138  858.14000  366.94737  57.2%   115 4921s

 525687 432742  744.67853  146  197  858.14000  366.97139  57.2%   115 4937s

 526757 433035  440.68697   65  180  858.14000  367.00700  57.2%   115 4951s

 527140 434087  387.52392   54  266  858.14000  367.01371  57.2%   115 4970s

 528385 434494  605.52675  178  207  858.14000  367.01371  57.2%   115 4982s

 528852 435671  752.71022  257  138  858.14000  367.01371  57.2%   115 5001s

 530227 436123  540.35249  124  126  858.14000  367.01371  57.2%   115 5013s

 530800 436920  510.35366   71  192  858.14000  367.01371  57.2%   115 5031s

 531783 437427 infeasible  100       858.14000  367.20149  57.2%   115 5041s

 532336 438510  519.28167   71  140  858.14000  367.21238  57.2%   115 5060s

 533499 439514  632.93622   93  147  858.14000  367.22152  57.2%   115 5076s

 534767 439798  635.68830  128  171  858.14000  367.22152  57.2%   115 5086s

 535131 440647  417.54408   54  223  858.14000  367.22152  57.2%   115 5102s

 536169 440913  570.95914   72  137  858.14000  367.22152  57.2%   115 5116s

 536552 441245  527.99311   71  144  858.14000  367.28633  57.2%   115 5125s

 536961 442220  547.29176   77  158  858.14000  367.28633  57.2%   115 5143s

 538128 442621  405.13196   42  213  858.14000  367.28633  57.2%   115 5152s

 538584 443557  492.55368   44  201  858.14000  367.32108  57.2%   115 5171s

 539736 444457  401.48952   48  203  858.14000  367.38039  57.2%   115 5183s

 540762 444772  510.26110   69  163  858.14000  367.40883  57.2%   115 5192s

 541099 445848  723.92242  110  112  858.14000  367.40883  57.2%   115 5211s

 542327 446733  488.83588   57  129  858.14000  367.44720  57.2%   115 5226s

 543375 447006  761.67636  169  118  858.14000  367.45214  57.2%   115 5237s

 543709 447829  525.08177   57  176  858.14000  367.45214  57.2%   115 5252s

 544652 447837  444.09580   49  164  858.14000  367.51113  57.2%   115 5267s

 544660 448035  444.13927   50  169  858.14000  367.51113  57.2%   115 5285s

 544896 448448  515.39639   74  140  858.14000  367.51113  57.2%   115 5297s

 545397 449290  638.46416  116  131  858.14000  367.51113  57.2%   115 5314s

 546464 449578  638.24687  114  121  858.14000  367.53903  57.2%   115 5324s

 546826 450333 infeasible  218       858.14000  367.59246  57.2%   115 5342s

 547680 450606  414.48514   64  216  858.14000  367.60192  57.2%   115 5353s

 548054 450989 infeasible   56       858.14000  367.63259  57.2%   115 5366s

 548519 452020  431.97629   77  109  858.14000  367.64186  57.2%   115 5384s

 549764 452468  495.05134   87  148  858.14000  367.67974  57.2%   115 5397s

 550264 453978  571.11065  125  153  858.14000  367.67974  57.2%   115 5423s

 552056 454304  638.52149  107  164  858.14000  367.73488  57.1%   115 5438s

 552499 454633 infeasible   74       858.14000  367.73488  57.1%   115 5450s

 552932 455461  511.14319   90  134  858.14000  367.73488  57.1%   115 5467s

 553895 455879  468.39631   91  235  858.14000  367.78690  57.1%   115 5478s

 554365 457025  532.75179  116  150  858.14000  367.78690  57.1%   115 5497s

 555649 458117  805.27178  189  167  858.14000  367.85152  57.1%   115 5513s

 557104 458433  592.96604   81  102  858.14000  367.89927  57.1%   115 5522s

 557535 459056  512.69620   57  184  858.14000  367.91364  57.1%   115 5537s

 558447 459339  580.40931   69  123  858.14000  367.91364  57.1%   116 5548s

 558786 460223  639.54762   74  119  858.14000  367.91364  57.1%   116 5565s

 559884 460622  467.99080   68  133  858.14000  367.94263  57.1%   116 5575s

 560374 461006  526.44836   63  150  858.14000  367.94263  57.1%   116 5586s

 560835 461942  417.96765   50  186  858.14000  367.99708  57.1%   116 5603s

 562029 462788  383.64813   41  324  858.14000  368.03592  57.1%   116 5620s

 563126 463188  403.40022   54  256  858.14000  368.06590  57.1%   116 5628s

 563577 464114  545.88401  106  158  858.14000  368.06590  57.1%   116 5644s

 564657 464985  485.32571   76  208  858.14000  368.07316  57.1%   116 5660s

 565732 465230 infeasible   54       858.14000  368.11308  57.1%   116 5668s

 565995 465819  608.04786   94  163  858.14000  368.11415  57.1%   116 5684s

 566692 466178  462.91431  108  147  858.14000  368.11650  57.1%   116 5696s

 567114 467197  572.46583  183  194  858.14000  368.12053  57.1%   116 5716s

 568376 467728 infeasible   73       858.14000  368.14187  57.1%   116 5726s

 568972 468664  480.90630   77  126  858.14000  368.14187  57.1%   116 5746s

 570231 469067  493.79126   57  155  858.14000  368.21078  57.1%   116 5757s

 570655 470191  789.28295  112   90  858.14000  368.21078  57.1%   116 5774s

 571931 470768  574.39820  109  149  858.14000  368.22419  57.1%   116 5789s

 572620 471119  427.95373   49  236  858.14000  368.24534  57.1%   116 5802s

 573075 472107  549.09406   79  157  858.14000  368.24534  57.1%   116 5821s

 574203 472890  575.23332   91  133  858.14000  368.30401  57.1%   116 5837s

 575207 473219  464.80430   70  204  858.14000  368.31640  57.1%   116 5847s

 575590 473776  644.90703   87  133  858.14000  368.31640  57.1%   116 5860s

 576283 474226  445.13822   70  209  858.14000  368.32732  57.1%   116 5873s

 576807 475085  648.95183  106   74  858.14000  368.34505  57.1%   116 5889s

 577946 475354 infeasible   76       858.14000  368.37394  57.1%   116 5902s

 578330 476134  521.68681   86  161  858.14000  368.42468  57.1%   116 5918s

 579276 476388 infeasible   48       858.14000  368.47844  57.1%   116 5930s

 579609 478092  477.46318   62   77  858.14000  368.48865  57.1%   116 5967s

 581805 478663  568.80589  136  192  858.14000  368.55639  57.1%   116 5982s

 582463 479291  429.60944   76  210  858.14000  368.55639  57.1%   116 5997s

 583163 479874  597.35739  188  154  858.14000  368.58075  57.0%   116 6012s

 583870 481058  404.86107   63  281  858.14000  368.58382  57.0%   116 6033s

 585169 481448 infeasible   95       858.14000  368.58382  57.0%   116 6045s

 585726 482016  483.00596   52  181  858.14000  368.64161  57.0%   116 6061s

 586387 482948  607.89059   90   60  858.14000  368.64229  57.0%   116 6082s

 587566 483316  674.68239  131  132  858.14000  368.67433  57.0%   116 6094s

 588000 483974  606.06148  103  129  858.14000  368.67433  57.0%   116 6111s

 588927 484508 infeasible   75       858.14000  368.67433  57.0%   116 6124s

 589564 484863  711.84990   76   70  858.14000  368.67433  57.0%   116 6140s

 590065 485617  456.50713   80  231  858.14000  368.81247  57.0%   116 6160s

 591110 485961  393.08535   65  229  858.14000  368.81247  57.0%   116 6172s

 591554 486665  563.76546   75  143  858.14000  368.81247  57.0%   116 6190s

 592386 487381  691.55575  108  132  858.14000  368.93963  57.0%   116 6210s

 593373 487784 infeasible   89       858.14000  368.94519  57.0%   116 6224s

 593866 488742  453.85453   75  222  858.14000  368.95790  57.0%   116 6244s

 594981 488997  442.01044   59  139  858.14000  368.95790  57.0%   116 6256s

 595280 489005  561.58212   91  159  858.14000  368.95790  57.0%   116 6268s

 595288 489013  567.87347   92  147  858.14000  368.95790  57.0%   116 6276s

 595296 489021  568.80307   93  145  858.14000  368.95790  57.0%   116 6292s

 595304 489029  592.71265   94   92  858.14000  368.95790  57.0%   116 6305s

 595312 489037  599.05024   95  122  858.14000  368.95790  57.0%   116 6322s

 595320 489045  599.21257   96  122  858.14000  368.95790  57.0%   116 6336s

 595328 489098  599.28602   97  116  858.14000  368.95790  57.0%   116 6350s

 595381 489218  606.54020   98  129  858.14000  368.98574  57.0%   116 6368s

 595539 489576  436.22791   50  210  858.14000  368.98574  57.0%   116 6383s

 595970 490042  439.95145   56  203  858.14000  369.00908  57.0%   117 6400s

 596556 490747  406.93810   52  204  858.14000  369.05219  57.0%   117 6420s

 597349 491461  605.14761  136  164  858.14000  369.05219  57.0%   117 6442s

 598322 491958  439.61970   71  141  858.14000  369.11300  57.0%   117 6461s

 598957 492591  438.48570   52  219  858.14000  369.14537  57.0%   117 6480s

 599691 493856  639.21669   72  120  858.14000  369.14537  57.0%   117 6509s

 601542 494335  454.12823   48  140  858.14000  369.27500  57.0%   117 6527s

 602162 495785  461.04116   68  196  858.14000  369.29067  57.0%   117 6554s

 603836 496349  832.95344  202   99  858.14000  369.33360  57.0%   117 6571s

 604528 497638  421.56224   67  223  858.14000  369.34412  57.0%   117 6595s

 605984 498884 infeasible  105       858.14000  369.35949  57.0%   117 6618s

 607480 499319  836.99392  208  124  858.14000  369.38339  57.0%   117 6632s

 608042 500254  573.88204   61  117  858.14000  369.41358  57.0%   117 6653s

 609230 500554 infeasible  134       858.14000  369.43835  56.9%   117 6664s

 609551 503025  530.53274   87  173  858.14000  369.44419  56.9%   117 6708s

 612281 503421  614.73128  153  108  858.14000  369.51444  56.9%   117 6720s

 612760 504293  439.07923   48  233  858.14000  369.51653  56.9%   117 6737s

 613821 504647  441.15580   85  136  858.14000  369.52777  56.9%   117 6747s

 614232 505499  403.62297   49  221  858.14000  369.56033  56.9%   117 6764s

 615262 505788  664.41435  165  134  858.14000  369.58405  56.9%   117 6773s

 615582 506663  477.60343   79  167  858.14000  369.59076  56.9%   117 6789s

 616645 507314  505.48893   83  155  858.14000  369.61163  56.9%   117 6804s

 617223 507314  551.39786  117  150  858.14000  369.61564  56.9%   117 6805s

 617523 507651 infeasible  195       858.14000  369.61564  56.9%   117 6814s

 617918 508472  610.85491   92  115  858.14000  369.64156  56.9%   117 6831s

 618928 508836  450.10878   86  154  858.14000  369.68836  56.9%   117 6842s

 619352 509713  535.43391  125  129  858.14000  369.68836  56.9%   117 6858s

 620369 510158 infeasible  151       858.14000  369.73412  56.9%   117 6871s

 620916 511109  464.82878   62  224  858.14000  369.73622  56.9%   117 6891s

 622159 511507  386.42333   56  154  858.14000  369.79163  56.9%   117 6903s

 622638 512308  541.31878   80   75  858.14000  369.79176  56.9%   117 6917s

 623592 512574  465.96965  116  176  858.14000  369.85747  56.9%   117 6927s

 623904 513637  522.26711  150  223  858.14000  369.85747  56.9%   117 6947s

 625109 514018  719.97515  309  129  858.14000  369.87300  56.9%   117 6957s

 625562 514691  468.48585   77  216  858.14000  369.88143  56.9%   117 6972s

 626421 515012  386.84117   57  285  858.14000  369.94406  56.9%   117 6979s

 626767 515921  441.31329   64  240  858.14000  369.94406  56.9%   117 6995s

 627789 516662  841.08355  251   92  858.14000  369.95255  56.9%   117 7008s

 628717 516850  611.90361  123  123  858.14000  369.98912  56.9%   117 7017s

 628957 517574  423.54710   58  194  858.14000  370.00843  56.9%   117 7031s

 629823 517838  631.52185   80   90  858.14000  370.06624  56.9%   117 7042s

 630143 518269  507.18376   90  156  858.14000  370.07065  56.9%   117 7055s

 630690 519078  429.22490   66  217  858.14000  370.07065  56.9%   117 7072s

 631695 519422  399.62343   74  238  858.14000  370.14607  56.9%   117 7080s

 632052 520494  430.92094   50  136  858.14000  370.15896  56.9%   117 7100s

 633245 521288  449.57710   63  135  858.14000  370.15896  56.9%   117 7115s

 634291 521682  476.07286   55  121  858.14000  370.18796  56.9%   117 7128s

 634849 521928  467.08051   70  115  858.14000  370.22840  56.9%   117 7140s

 635169 522699  427.94465   44  249  858.14000  370.22840  56.9%   117 7156s

 636125 522951  414.16625   46  142  858.14000  370.27445  56.9%   117 7167s

 636426 523406  679.15234   60  106  858.14000  370.27445  56.9%   117 7187s

 637047 523631  447.48504   41  204  858.14000  370.29275  56.8%   117 7199s

 637312 524570  518.20428   48  138  858.14000  370.29275  56.8%   117 7217s

 638395 525008  424.65330   56  167  858.14000  370.29354  56.8%   117 7232s

 638925 526294  643.53282  128  152  858.14000  370.29354  56.8%   117 7262s

 640466 526667  534.33088   74  188  858.14000  370.40839  56.8%   117 7274s

 640908 527708  401.83039   52  151  858.14000  370.42654  56.8%   117 7296s

 642242 527976  765.42094  173   67  858.14000  370.45813  56.8%   117 7308s

 642578 528903  429.74911   58  131  858.14000  370.45813  56.8%   117 7328s

 643761 529319  482.47523   92  150  858.14000  370.49457  56.8%   117 7338s

 644273 530056  452.94732   45  152  858.14000  370.50507  56.8%   117 7355s

 645271 530261 infeasible   58       858.14000  370.54721  56.8%   117 7368s

 645574 530853  439.96755   56  218  858.14000  370.54721  56.8%   117 7383s

 646284 531260  611.92108  109  137  858.14000  370.57248  56.8%   117 7397s

 646803 532324  680.24689  136  119  858.14000  370.58768  56.8%   118 7420s

 648132 533180  392.77110   58  215  858.14000  370.65035  56.8%   117 7438s

 649214 533554  388.48209   61  239  858.14000  370.69216  56.8%   118 7454s

 649737 534578  443.82188   58  210  858.14000  370.69216  56.8%   118 7476s

 650913 534992 infeasible  172       858.14000  370.72476  56.8%   118 7489s

 651385 535874  510.66521   70  248  858.14000  370.72476  56.8%   118 7510s

 652419 536132  422.04803   58  151  858.14000  370.76099  56.8%   118 7520s

 652750 537091  547.54073   98  125  858.14000  370.77249  56.8%   118 7541s

 653886 537437  477.46717   62  162  858.14000  370.79030  56.8%   118 7555s

 654314 538737  385.36303   61  209  858.14000  370.81265  56.8%   118 7590s

 656160 538990     cutoff   45       858.14000  370.87406  56.8%   118 7601s

 656471 539972  445.50645   50  226  858.14000  370.87463  56.8%   118 7623s

 657654 540426 infeasible   59       858.14000  370.89406  56.8%   118 7636s

 658284 541138  434.35360   56  113  858.14000  370.91870  56.8%   118 7656s

 659214 541424  744.51457  125  128  858.14000  370.91942  56.8%   118 7673s

 659559 542452  400.54298   81  216  858.14000  370.91942  56.8%   118 7694s

 660713 542906  501.10152  150  215  858.14000  370.95879  56.8%   118 7706s

 661267 544005  569.63721  214  205  858.14000  370.95879  56.8%   118 7727s

 662529 544464  797.64118  391  159  858.14000  371.01191  56.8%   118 7740s

 663087 545408  658.25642  108  141  858.14000  371.01191  56.8%   118 7762s

 664241 545967  395.81639   55  196  858.14000  371.02450  56.8%   118 7780s

 665010 546259  495.68235   63  144  858.14000  371.07307  56.8%   118 7793s

 665344 546731  545.78776   77  138  858.14000  371.07307  56.8%   118 7808s

 665958 547077  600.02589   94  140  858.14000  371.11111  56.8%   118 7822s

 666410 547846  706.39591  118   94  858.14000  371.11111  56.8%   118 7843s

 667459 548276  458.07979   62  150  858.14000  371.15872  56.7%   118 7858s

 667959 549072  684.27283   95  158  858.14000  371.15872  56.7%   118 7880s

 668841 549935  518.61938  101  126  858.14000  371.15872  56.7%   118 7902s

 669943 550166 infeasible   63       858.14000  371.22143  56.7%   118 7911s

 670194 551191  435.09891   98  199  858.14000  371.22143  56.7%   118 7930s

 671415 551458  519.89089   62  158  858.14000  371.28542  56.7%   118 7941s

 671755 551835  444.74959   67  170  858.14000  371.28542  56.7%   118 7954s

 672220 552465  599.63136   97  114  858.14000  371.28542  56.7%   118 7974s

 673038 552465  403.94149   47  228  858.14000  371.31971  56.7%   118 7975s

 673079 552730  459.67203   47  157  858.14000  371.31971  56.7%   118 7985s

 673395 553683 infeasible   55       858.14000  371.31971  56.7%   118 8005s

 674586 553964  548.59109   86  134  858.14000  371.35931  56.7%   118 8016s

 674888 554880  664.24088  139  139  858.14000  371.35931  56.7%   118 8036s

 675949 555413  554.97339   91  194  858.14000  371.35931  56.7%   118 8049s

 676049 555413  672.62950  106  133  858.14000  371.35931  56.7%   118 8050s

 676590 555889  475.91959   56  198  858.14000  371.35931  56.7%   118 8064s

 677195 556150  655.37675  110  188  858.14000  371.42153  56.7%   118 8077s

 677482 556426  657.27986  111  189  858.14000  371.42153  56.7%   118 8091s

 677846 557159  693.15099  141  170  858.14000  371.42153  56.7%   118 8111s

 678712 557484  567.45737  126  193  858.14000  371.47330  56.7%   118 8127s

 679128 558279  699.52459  188  177  858.14000  371.50502  56.7%   118 8148s

 680212 558588  509.72274   74  149  858.14000  371.53062  56.7%   118 8161s

 680652 559156  636.47994  126  151  858.14000  371.53062  56.7%   118 8177s

 681322 560473  419.89096   54  172  858.14000  371.53767  56.7%   118 8200s

 682783 561125 infeasible   48       858.14000  371.57682  56.7%   118 8217s

 683553 562063  561.40888   49  103  858.14000  371.57682  56.7%   118 8241s

 684722 562255 infeasible   58       858.14000  371.65130  56.7%   118 8251s

 684956 562960  465.88024   57  225  858.14000  371.66697  56.7%   118 8268s

 685799 563271  415.93924   65  206  858.14000  371.70971  56.7%   118 8279s

 686127 564358  511.40780  106  175  858.14000  371.70971  56.7%   118 8300s

 687359 565267  424.25690   85  215  858.14000  371.74657  56.7%   118 8316s

 688428 565595  662.28509  185  183  858.14000  371.74827  56.7%   118 8328s

 688822 566521  524.65781   60  129  858.14000  371.74827  56.7%   118 8348s

 689912 566735  473.71733   54  168  858.14000  371.78420  56.7%   118 8359s

 690179 567539  500.00714   71  165  858.14000  371.78420  56.7%   118 8377s

 691178 567969  375.19114   51  260  858.14000  371.79040  56.7%   118 8391s

 691728 568724  444.64255   95  216  858.14000  371.79040  56.7%   118 8407s

 692631 568998  793.74634  232   58  858.14000  371.80536  56.7%   118 8418s

 692965 569753  551.39576   69  125  858.14000  371.80536  56.7%   118 8438s

 693900 570131  437.54624   50  207  858.14000  371.86016  56.7%   118 8450s

 694376 570834  424.90514   53  203  858.14000  371.86212  56.7%   118 8469s

 695232 571124  752.83918  173  103  858.14000  371.86212  56.7%   118 8482s

 695655 572191  571.05632   79  165  858.14000  371.91685  56.7%   118 8505s

 696974 572511  432.66595   49  150  858.14000  371.93971  56.7%   118 8518s

 697372 573292  623.74971  109  163  858.14000  371.94872  56.7%   118 8536s

 698288 573574  563.89769   74  143  858.14000  372.00514  56.6%   118 8552s

 698635 575833  480.01912   49  115  858.14000  372.00514  56.6%   118 8600s

 701252 576246  440.58605   90   92  858.14000  372.08631  56.6%   118 8612s

 701693 576693  543.60679  113  114  858.14000  372.08631  56.6%   118 8625s

 702209 577545  406.75586   63  222  858.14000  372.08631  56.6%   118 8644s

 703260 577893  456.36984   88  150  858.14000  372.12424  56.6%   118 8657s

 703666 579004  425.22050   51  187  858.14000  372.12715  56.6%   118 8678s

 704925 579709  446.29728   72  173  858.14000  372.12715  56.6%   118 8695s

 705841 580007  521.91925   54  143  858.14000  372.18517  56.6%   118 8707s

 706173 580841  609.78362   98  131  858.14000  372.19125  56.6%   118 8725s

 707211 581086  473.94843   76  131  858.14000  372.22101  56.6%   118 8739s

 707591 581375  485.48134   59  151  858.14000  372.22101  56.6%   118 8758s

 707931 582006  478.38926   40  198  858.14000  372.28134  56.6%   118 8777s

 708692 582357  443.33737   62  171  858.14000  372.29667  56.6%   118 8792s

 709160 583139  495.97087   71  166  858.14000  372.29667  56.6%   118 8811s

 710170 583564  674.54243  111  167  858.14000  372.34958  56.6%   118 8826s

 710723 584510  515.95717   82  170  858.14000  372.36161  56.6%   119 8848s

 711947 585225  718.22334   90  130  858.14000  372.41482  56.6%   118 8866s

 712804 585538  447.41200   53  149  858.14000  372.41738  56.6%   119 8882s

 713193 587568  516.24352   76   80  858.14000  372.43673  56.6%   119 8925s

 715683 587979  422.62518   47  135  858.14000  372.49319  56.6%   119 8936s

 716133 588926  710.85577  127  148  858.14000  372.49319  56.6%   119 8954s

 716948 588926  413.57970   59  156  858.14000  372.52092  56.6%   119 8955s

 717286 589147  400.10255   50  242  858.14000  372.55963  56.6%   118 8965s

 717555 590093  446.11830   65  133  858.14000  372.55963  56.6%   119 8986s

 718656 590395  616.18843  151  165  858.14000  372.56771  56.6%   119 8997s

 719066 591448  425.48564   55  171  858.14000  372.56771  56.6%   119 9017s

 720240 591817  764.52987  189  142  858.14000  372.56771  56.6%   119 9028s

 720685 592583  519.30738   76  155  858.14000  372.56771  56.6%   119 9047s

 721590 593200  785.12532  166   83  858.14000  372.62643  56.6%   119 9061s

 722371 593432  505.69832   59  142  858.14000  372.62643  56.6%   119 9074s

 722702 593684  445.50816   72  186  858.14000  372.69649  56.6%   119 9085s

 723044 594407  451.08395   76  186  858.14000  372.69649  56.6%   119 9104s

 723996 594732  421.86291   47  236  858.14000  372.74460  56.6%   119 9120s

 724502 595236  393.77297   61  193  858.14000  372.74460  56.6%   119 9137s

 725144 595865  565.41557  126  106  858.14000  372.74460  56.6%   119 9153s

 725838 596552  778.70850  246  129  858.14000  372.74460  56.6%   119 9172s

 726664 596819  544.95961  116  175  858.14000  372.80133  56.6%   119 9185s

 727026 597744  686.09997  169  161  858.14000  372.80467  56.6%   119 9207s

 728130 598127  423.84128   54  174  858.14000  372.85834  56.6%   119 9222s

 728549 599962  425.36549   49  221  858.14000  372.85855  56.6%   119 9266s

 730743 600210  568.39703   93  150  858.14000  372.89215  56.5%   119 9279s

 731096 600627  488.57697   52  187  858.14000  372.90130  56.5%   119 9290s

 731589 601649  741.74365   98  128  858.14000  372.91456  56.5%   119 9310s

 732826 602009  761.19014  217   96  858.14000  372.92565  56.5%   119 9323s

 733261 602473  495.39438   70  172  858.14000  372.92565  56.5%   119 9347s

 733964 603124  393.78088   52  167  858.14000  372.94031  56.5%   119 9366s

 734734 603520  556.41544  132  162  858.14000  372.94031  56.5%   119 9380s

 735150 604403  696.00030  207  141  858.14000  372.94031  56.5%   119 9402s

 736309 605054  525.88310   87  133  858.14000  372.99251  56.5%   119 9419s

 737290 605480  631.68831  125  124  858.14000  372.99251  56.5%   119 9433s

 737762 606240  424.93142   42  248  858.14000  372.99251  56.5%   119 9453s

 738706 607118  542.24632   75  109  858.14000  372.99251  56.5%   119 9472s

 739729 607634  526.46750   55  161  858.14000  373.05484  56.5%   119 9490s

 740363 608750  509.48323   48  165  858.14000  373.10909  56.5%   119 9513s

 741688 609330  472.12090   80  105  858.14000  373.11866  56.5%   119 9530s

 742440 610202  522.48110   58  134  858.14000  373.11866  56.5%   119 9551s

 743444 611142  804.70354  121  135  858.14000  373.15242  56.5%   119 9568s

 744540 611446 infeasible   62       858.14000  373.21909  56.5%   119 9579s

 744906 612294  535.39086   61  153  858.14000  373.21996  56.5%   119 9598s

 745903 612587  520.61469  100  132  858.14000  373.21996  56.5%   119 9608s

 746206 613393  658.05265  150  120  858.14000  373.21996  56.5%   119 9627s

 747232 614437  398.14238   67  191  858.14000  373.30429  56.5%   119 9645s

 748411 614824 infeasible   63       858.14000  373.30429  56.5%   119 9657s

 748828 615685  449.16704   83  202  858.14000  373.33871  56.5%   119 9677s

 749869 616225  491.76789   88  140  858.14000  373.37599  56.5%   119 9692s

 750517 616550  535.26619   66  160  858.14000  373.37599  56.5%   119 9706s

 750939 617296  576.18929   89  165  858.14000  373.40116  56.5%   119 9725s

 751882 617655  663.48358   86   81  858.14000  373.41004  56.5%   119 9739s

 752349 617963  408.87864   51  279  858.14000  373.43142  56.5%   119 9755s

 752753 618823  582.92799   67  164  858.14000  373.43142  56.5%   119 9775s

 753728 619040  514.36831   94  268  858.14000  373.45622  56.5%   119 9786s

 754023 619754  589.37391  121  174  858.14000  373.45622  56.5%   119 9806s

 754904 620057  465.23080   65  133  858.14000  373.47155  56.5%   119 9824s

 755281 620943  716.04281   96   52  858.14000  373.47528  56.5%   119 9847s

 756331 621511     cutoff  182       858.14000  373.50064  56.5%   119 9862s

 756984 622441  610.41688  110  133  858.14000  373.50064  56.5%   119 9886s

 758074 623237  611.08835   71  157  858.14000  373.53759  56.5%   119 9906s

 759143 623419  420.40399   50  158  858.14000  373.56020  56.5%   119 9915s

 759331 624411  455.60272   65  105  858.14000  373.56020  56.5%   119 9937s

 760570 624519  420.27614   49  194  858.14000  373.61726  56.5%   119 9951s

 760755 624831  478.81620   63  136  858.14000  373.61726  56.5%   119 9964s

 761143 625190  744.39623  108   83  858.14000  373.61726  56.5%   119 9980s

 761613 626054  641.79864   81  106  858.14000  373.66444  56.5%   119 10003s

 762635 626556  463.81102   72  162  858.14000  373.70144  56.5%   119 10022s

 763223 627464  401.31991   52  203  858.14000  373.70422  56.5%   119 10046s

 764303 628504  533.23960  113  176  858.14000  373.72318  56.4%   119 10070s

 765440 628913  791.30624  263  150  858.14000  373.74421  56.4%   119 10083s

 765950 629882  473.16851   73  146  858.14000  373.76356  56.4%   119 10108s

 767106 630439  479.19256   80  152  858.14000  373.76356  56.4%   119 10124s

 767760 631522  715.72736  175  100  858.14000  373.76737  56.4%   119 10147s

 768969 632083  603.60644  106  197  858.14000  373.76737  56.4%   119 10160s

 769640 632764  575.19524   71  165  858.14000  373.76737  56.4%   119 10181s

 770469 633521  441.88169   71  242  858.14000  373.76737  56.4%   119 10198s

 771375 633801  447.34805   51  196  858.14000  373.76737  56.4%   119 10212s

 771703 634615  649.39181  103  144  858.14000  373.85361  56.4%   119 10235s

 772673 635011 infeasible   91       858.14000  373.88458  56.4%   119 10253s

 773140 636419  489.82541   67  132  858.14000  373.88458  56.4%   119 10291s

 774879 636785  517.65235  108  148  858.14000  373.93931  56.4%   119 10307s

 775307 637905  544.70848  166  177  858.14000  373.93931  56.4%   119 10334s

 776597 638267  497.85631  112  222  858.14000  373.99158  56.4%   119 10349s

 776996 639379  553.05336  152  170  858.14000  373.99322  56.4%   119 10374s

 778295 639860  437.98834   51  228  858.14000  374.02155  56.4%   119 10388s

 778856 640589  571.18621   97  185  858.14000  374.02155  56.4%   119 10408s

 779694 640878  394.35790   67  198  858.14000  374.03245  56.4%   119 10424s

 780030 641965  492.23499   97  226  858.14000  374.05781  56.4%   119 10450s

 781273 642813  459.11088   75  173  858.14000  374.08726  56.4%   119 10467s

 782235 643271  513.31685   81  133  858.14000  374.08726  56.4%   119 10482s

 782770 643727  423.81252   58  256  858.14000  374.08726  56.4%   119 10503s

 783390 644011 infeasible  112       858.14000  374.08726  56.4%   119 10517s

 783764 645030  473.81392   58  161  858.14000  374.08726  56.4%   119 10542s

 784920 645416  604.48902   94  133  858.14000  374.15347  56.4%   119 10559s

 785419 646338  423.05722   67  204  858.14000  374.18518  56.4%   119 10583s

 786613 646659  390.89219   50  233  858.14000  374.23573  56.4%   119 10598s

 786984 647573  537.52920   78  173  858.14000  374.23573  56.4%   119 10620s

 788058 647920  462.39575   72  217  858.14000  374.24813  56.4%   119 10637s

 788460 649812  539.16471  135  176  858.14000  374.24813  56.4%   119 10685s

 790722 650092  638.28556   76  186  858.14000  374.33285  56.4%   119 10696s

 791052 650875  417.60115   58  169  858.14000  374.33285  56.4%   119 10712s

 791925 651425  633.91405  153  188  858.14000  374.33285  56.4%   119 10730s

 792558 652075  734.16561  242  200  858.14000  374.33285  56.4%   119 10754s

 793423 652884  552.89882  104  145  858.14000  374.34548  56.4%   119 10776s

 794418 653265  521.44846   73  144  858.14000  374.36518  56.4%   119 10792s

 794897 653876  667.30295  114  168  858.14000  374.36518  56.4%   119 10815s

 795947 654134  610.64713   69  113  858.14000  374.42361  56.4%   119 10829s

 796259 655263  485.02890   83  162  858.14000  374.42361  56.4%   119 10857s

 797517 655607  420.76413   54  163  858.14000  374.42361  56.4%   119 10870s

 797952 656408  526.25317  119  175  858.14000  374.42361  56.4%   119 10894s

 798952 656644 infeasible   81       858.14000  374.42361  56.4%   119 10912s

 799372 657052  436.36283   66  187  858.14000  374.48441  56.4%   119 10929s

 799590 657052  459.72879   56  133  858.14000  374.48441  56.4%   119 10930s

 799884 657616  650.55443  170  105  858.14000  374.49195  56.4%   119 10951s

 800602 658475  405.26359   52  235  858.14000  374.52979  56.4%   119 10974s

 801543 658862  556.20291  105  188  858.14000  374.52979  56.4%   119 10989s

 802005 659620  650.34733  155  178  858.14000  374.52979  56.4%   119 11016s

 802968 659884  565.51133  104  159  858.14000  374.59677  56.3%   119 11030s

 803276 661482  548.23886   83  119  858.14000  374.59677  56.3%   119 11087s

 805347 661846 infeasible  110       858.14000  374.63692  56.3%   119 11105s

 805854 662455  414.50881   70  176  858.14000  374.64934  56.3%   119 11125s

 806577 663510  396.01564   55  283  858.14000  374.67106  56.3%   119 11155s

 807861 663967  505.88792   73  166  858.14000  374.69594  56.3%   119 11178s

 808475 664468  434.47064   65  135  858.14000  374.69594  56.3%   120 11197s

 809094 665128  556.83862   76  112  858.14000  374.69594  56.3%   120 11224s

 809948 665631  727.45316   91   89  858.14000  374.71446  56.3%   120 11241s

 810536 666574  510.64260   87  160  858.14000  374.74709  56.3%   120 11273s

 811721 667265  472.32288   51  246  858.14000  374.79670  56.3%   120 11299s

 812815 667613  442.54069   65  230  858.14000  374.82703  56.3%   120 11320s

 813300 668510  835.12177   88   82  858.14000  374.82864  56.3%   120 11346s

 814375 669137  398.70107   59  168  858.14000  374.86322  56.3%   120 11362s

 815093 670336  529.33269  108  130  858.14000  374.86322  56.3%   120 11394s

 816458 670370  599.30926  106   83  858.14000  374.86322  56.3%   120 11409s

 816492 670749  600.96997  107   78  858.14000  374.86322  56.3%   120 11428s

 816945 671808  476.03408   86  164  858.14000  374.87610  56.3%   120 11457s

 818246 672155  805.36151  268  164  858.14000  374.92091  56.3%   120 11478s

 818648 674207  511.55113   79  143  858.14000  374.92091  56.3%   120 11526s

 821058 674427  440.78888   76  156  858.14000  375.00616  56.3%   120 11541s

 821307 674878  496.04945  115  217  858.14000  375.00616  56.3%   120 11554s

 821799 675859  618.09011  184  163  858.14000  375.00616  56.3%   120 11578s

 822934 676419  708.60507  106  106  858.14000  375.00616  56.3%   120 11595s

 823633 676799  426.12654   54  198  858.14000  375.05095  56.3%   120 11613s

 824098 677885  539.38898  102  160  858.14000  375.06306  56.3%   120 11642s

 825387 678382  396.38946   55  221  858.14000  375.06306  56.3%   120 11658s

 825991 678690  452.96449   57  136  858.14000  375.09292  56.3%   120 11676s

 826369 679508  763.15574  111  175  858.14000  375.09292  56.3%   120 11702s

 827399 679860  434.79628   70  159  858.14000  375.09369  56.3%   120 11716s

 827828 680838  574.59707  114  145  858.14000  375.09369  56.3%   120 11742s

 828967 681485  447.06587   58  142  858.14000  375.11011  56.3%   120 11757s

 829735 681777  451.27985   87  201  858.14000  375.15230  56.3%   120 11776s

 830067 682712  520.70455  107  162  858.14000  375.15230  56.3%   120 11803s

 831232 682980 infeasible   71       858.14000  375.17430  56.3%   120 11814s

 831530 683972  671.92729   99  146  858.14000  375.19532  56.3%   120 11840s

 832651 684849  444.94605   77  222  858.14000  375.19532  56.3%   120 11859s

 833605 685363  575.12054  159  132  858.14000  375.21030  56.3%   120 11879s

 834177 686944  715.63385  210  137  858.14000  375.21030  56.3%   120 11910s

 836074 687501  456.49928   54  239  858.14000  375.28732  56.3%   120 11929s

 836767 687782  435.56482   42  153  858.14000  375.31639  56.3%   120 11941s

 837131 688714  496.10716   61  112  858.14000  375.31790  56.3%   120 11967s

 838302 688983  437.98063   59  253  858.14000  375.33128  56.3%   120 11979s

 838612 689631  472.85861   86  201  858.14000  375.34171  56.3%   120 12001s

 839516 689906  413.10506   67  215  858.14000  375.35597  56.3%   120 12015s

 839905 690164  603.10617   80   94  858.14000  375.35597  56.3%   120 12030s

 840273 690995  448.34284   68  157  858.14000  375.37287  56.3%   120 12056s

 841305 691246  465.85156   56  142  858.14000  375.43545  56.3%   120 12072s

 841634 691526  450.10024   51  179  858.14000  375.43545  56.3%   120 12092s

 842044 691762  528.53762   79  219  858.14000  375.43823  56.2%   120 12106s

 842386 692118  562.63420   82  129  858.14000  375.46257  56.2%   120 12121s

 842790 693130  418.42661   66  185  858.14000  375.46257  56.2%   120 12146s

 843907 694001  668.06627  154  118  858.14000  375.46257  56.2%   120 12173s

 845012 694380 infeasible   54       858.14000  375.53588  56.2%   120 12190s

 845445 695142  458.68774   96  175  858.14000  375.54383  56.2%   120 12217s

 846317 695556  620.58135  197  182  858.14000  375.54383  56.2%   120 12233s

 846835 696615  420.23885   63  211  858.14000  375.57196  56.2%   120 12261s

 848130 697214  390.82605   63  237  858.14000  375.62022  56.2%   120 12284s

 848819 697731  408.16225   50  220  858.14000  375.62022  56.2%   120 12306s

 849420 698769  837.20104  188  119  858.14000  375.62022  56.2%   120 12339s

 850654 699167  501.12939   57  180  858.14000  375.65363  56.2%   120 12359s

 851169 699564 infeasible  102       858.14000  375.66187  56.2%   120 12381s

 851654 700787  494.46525  101  147  858.14000  375.68826  56.2%   120 12413s

 853167 701226  641.03021   84  171  858.14000  375.71089  56.2%   120 12435s

 853664 702189  431.79799   70  243  858.14000  375.71791  56.2%   120 12465s

 854848 702586  425.25629   53  234  858.14000  375.75108  56.2%   120 12480s

 855344 703482  559.70588  104  201  858.14000  375.75108  56.2%   120 12512s

 856379 703901  783.82293  237  193  858.14000  375.75167  56.2%   120 12530s

 856851 704631  502.82242   89  204  858.14000  375.75167  56.2%   120 12563s

 857712 705267  396.41526   58  274  858.14000  375.77048  56.2%   120 12589s

 858540 705756  605.48933  138  161  858.14000  375.77048  56.2%   120 12610s

 859158 706712  433.27901   73  232  858.14000  375.77048  56.2%   120 12639s

 860357 707214  536.04962   72  156  858.14000  375.83902  56.2%   120 12657s

 860952 708026  410.79767   66  210  858.14000  375.83902  56.2%   120 12683s

 862023 708504  568.45396   95  105  858.14000  375.87917  56.2%   120 12705s

 862604 709376  428.67771   54  266  858.14000  375.87917  56.2%   120 12731s

 863613 709789  597.21093  170  202  858.14000  375.89210  56.2%   120 12745s

 864058 710765  722.90996  214  132  858.14000  375.91541  56.2%   120 12768s

 865195 711246  839.54722  162  115  858.14000  375.92231  56.2%   120 12786s

 865728 711688  439.97298   73  173  858.14000  375.92231  56.2%   120 12801s

 866202 712619  535.59565  117  120  858.14000  375.92231  56.2%   120 12829s

 866631 712619  727.02205  122   92  858.14000  375.92231  56.2%   120 12830s

 867372 713377  431.39284   71  214  858.14000  375.97590  56.2%   120 12849s

 868239 713766  653.16558  130  122  858.14000  375.97590  56.2%   120 12864s

 868686 714570  516.92559  111  144  858.14000  375.98252  56.2%   120 12889s

 869663 714926  417.05825   58  159  858.14000  376.03537  56.2%   120 12903s

 870119 715605  486.65220   88  153  858.14000  376.03700  56.2%   120 12928s

 870900 716297  426.83243   55  214  858.14000  376.03700  56.2%   120 12950s

 871706 717181  527.37242   90  119  858.14000  376.03700  56.2%   120 12970s

 872832 717589  398.54217   76  187  858.14000  376.10927  56.2%   120 12989s

 873370 718293  602.38361  114  161  858.14000  376.13384  56.2%   120 13016s

 874324 718651  552.13910  116  111  858.14000  376.16163  56.2%   120 13035s

 874743 719329  458.31989   55  210  858.14000  376.18211  56.2%   120 13060s

 875569 720064  487.17768  100  194  858.14000  376.20226  56.2%   120 13080s

 876501 720242  508.10051   77  166  858.14000  376.22185  56.2%   120 13095s

 876808 720641  422.08242   45  236  858.14000  376.22185  56.2%   120 13116s

 877302 720952 infeasible   50       858.14000  376.24302  56.2%   120 13134s

 877673 722919  460.78674   97  218  858.14000  376.24302  56.2%   120 13192s

 879882 723195 infeasible  186       858.14000  376.29183  56.2%   120 13210s

 880208 723567  475.93125   59  133  858.14000  376.29183  56.2%   120 13226s

 880648 724382  418.68505   55  254  858.14000  376.29183  56.2%   120 13256s

 881605 725320  647.42629  184  181  858.14000  376.30301  56.1%   120 13282s

 882972 725672     cutoff   75       858.14000  376.33897  56.1%   120 13297s

 883353 726554  586.33727   91  146  858.14000  376.33897  56.1%   120 13322s

 884377 726875  759.18054   94   76  858.14000  376.35235  56.1%   120 13343s

 884807 728093  468.14694   77  180  858.14000  376.35235  56.1%   120 13376s

 886225 728342  407.83756   52  174  858.14000  376.39995  56.1%   120 13389s

 886498 729174  492.32965   67  219  858.14000  376.40458  56.1%   120 13411s

 887500 729455  430.79603   39  274  858.14000  376.40901  56.1%   120 13429s

 887869 729841 infeasible   39       858.14000  376.44733  56.1%   120 13444s

 888280 730642  484.90779   63  230  858.14000  376.44790  56.1%   120 13476s

 889404 731002  420.26275   55  245  858.14000  376.46746  56.1%   120 13492s

 889852 731460  699.33325  102  104  858.14000  376.47201  56.1%   120 13516s

 890413 732357  786.71629   97  110  858.14000  376.48450  56.1%   120 13543s

 891591 732500  475.80284   63  123  858.14000  376.51721  56.1%   120 13570s

 891792 732770  402.09707   52  324  858.14000  376.51721  56.1%   120 13589s

 892094 734560  790.85676   77  123  858.14000  376.51721  56.1%   121 13652s

 894253 734910  411.72891   56  193  858.14000  376.57986  56.1%   121 13669s

 894643 735861  614.20232   95  162  858.14000  376.57986  56.1%   121 13702s

 895897 736529  427.22233   57  187  858.14000  376.62711  56.1%   121 13718s

 896618 737407  677.68377  120  149  858.14000  376.62711  56.1%   121 13748s

 897722 737904  682.75262  172  194  858.14000  376.67734  56.1%   121 13770s

 898337 738982  469.99483   77  182  858.14000  376.68326  56.1%   121 13801s

 899576 739955  433.89356   71  133  858.14000  376.72514  56.1%   121 13824s

 900721 740332  674.55660  217  128  858.14000  376.73469  56.1%   121 13841s

 901170 741316  442.82554   66  184  858.14000  376.73469  56.1%   121 13872s

 902321 741956  755.46758  183  128  858.14000  376.74739  56.1%   121 13891s

 903104 742496  698.45572   76  116  858.14000  376.76805  56.1%   121 13915s

 903787 743007  442.30338   57  201  858.14000  376.78607  56.1%   121 13939s

 904631 743380  450.29068   71  158  858.14000  376.81112  56.1%   121 13957s

 905080 744335  478.67512   56  207  858.14000  376.81140  56.1%   121 13988s

 906281 744568  470.55467   49  170  858.14000  376.83008  56.1%   121 14012s

 906553 745545  485.35481   62  173  858.14000  376.83008  56.1%   121 14067s

 907823 747252  543.09863  111  171  858.14000  376.83757  56.1%   121 14122s

 909991 747658  394.95618   60  147  858.14000  376.92015  56.1%   121 14140s

 910444 748986  506.27127  117  131  858.14000  376.92015  56.1%   121 14179s

 911983 750177  509.23989  120  190  858.14000  376.94596  56.1%   121 14203s

 913384 750596  601.53287   93  150  858.14000  376.96829  56.1%   121 14224s

 913886 751384  505.06985   85  111  858.14000  376.96829  56.1%   121 14251s

 914930 751730 infeasible   53       858.14000  377.01152  56.1%   121 14266s

 915433 752108  413.85964   59  162  858.14000  377.01152  56.1%   121 14284s

 915849 752963  633.52985  111  126  858.14000  377.01152  56.1%   121 14312s

 916967 753452 infeasible   57       858.14000  377.07942  56.1%   121 14333s

 917570 753834  417.94382   56  233  858.14000  377.08142  56.1%   121 14351s

 918046 754767  503.83919   79  182  858.14000  377.08142  56.1%   121 14381s

 919166 755226  511.89130   97  144  858.14000  377.13063  56.1%   121 14398s

 919715 755260  430.62613   46  163  858.14000  377.13063  56.1%   121 14400s



Cutting planes:

  Learned: 21

  Gomory: 18

  Lift-and-project: 9

  Cover: 129

  Implied bound: 446

  Projected implied bound: 27

  Clique: 537

  MIR: 553

  Mixing: 57

  StrongCG: 98

  Flow cover: 2013

  GUB cover: 24

  Inf proof: 6

  Zero half: 2912

  RLT: 173

  Relax-and-lift: 630



Explored 919751 nodes (111208468 simplex iterations) in 14400.50 seconds (9971.94 work units)

Thread count was 16 (of 16 available processors)



Solution count 10: 858.14 861.8 870.48 ... 899.81



Time limit reached

Best objective 8.581400000000e+02, best bound 3.771400000000e+02, gap 56.0515%



AMPL MP initial flat model has 7519 variables (0 integer, 7442 binary);

Objectives: 1 linear; 

Constraints:  2058 linear; 6 quadratic;



AMPL MP final model has 7519 variables (0 integer, 7442 binary);

Objectives: 1 linear; 

Constraints:  2058 linear; 6 quadratic;





-----RESULTS INFO-----
running_time:  14412.171999999999
TC.best_bound:  377.14
TC:  858.1400000000002
MIP Gap (%):  56.05146013470996
=== Vehicle Routes ===
Vehicle 1: 0  4
Vehicle 1: 1  44
Vehicle 1: 2  3
Vehicle 1: 3  38
Vehicle 1: 4  2
Vehicle 1: 38  1
Vehicle 1: 44  49
Vehicle 2: 0  8
Vehicle 2: 5  9
Vehicle 2: 8  43
Vehicle 2: 9  49
Vehicle 2: 43  5
Vehicle 3: 0  7
Vehicle 3: 6  40
Vehicle 3: 7  6
Vehicle 3: 10  49
Vehicle 3: 40  10
Vehicle 4: 0  45
Vehicle 4: 11  39
Vehicle 4: 39  49
Vehicle 4: 45  11
Vehicle 5: 0  41
Vehicle 5: 12  47
Vehicle 5: 41  12
Vehicle 5: 47  49
Vehicle 6: 0  46
Vehicle 6: 46  49

=== Full Vehicle Routes ===
Vehicle 1: 0  4  2  3  38  1  44  0 (100<100)
Vehicle 2: 0  8  43  5  9  0 (97<100)
Vehicle 3: 0  7  6  40  10  0 (87<100)
Vehicle 4: 0  45  11  39  0 (99<100)
Vehicle 5: 0  41  12  47  0 (98<100)
Vehicle 6: 0  46  0 (89<100)
Arc used by MRT line: y variables:
Customer assigment to PL: u variables:
13 44
14 45
15 38
16 40
17 46
18 43
19 46
20 41
21 40
22 41
23 43
24 46
25 47
26 40
27 39
28 45
29 47
30 47
31 40
32 39
33 47
34 43
35 44
36 39
Node is served by regular vehicle: g variables:
1
2
3
4
5
6
7
8
9
10
11
12
43
44
45
46
47
38
39
40
41
Customer assigment to Home delivery: gm variables:
1
2
3
4
5
6
7
8
9
10
11
12
Node total demands: ntd variables:
1 1 1
2 23 1
3 7 1
4 18 1
5 19 1
6 2 1
7 26 1
8 14 1
9 5 1
10 9 1
11 18 1
12 26 1
25 0 0
26 0 0
27 0 0
28 0 0
29 0 0
30 0 0
31 0 0
32 0 0
33 0 0
34 0 0
35 0 0
36 0 0
43 59 1
44 31 1
45 29 1
46 89 1
47 43 1
48 0 0
37 0 0
38 20 1
39 52 1
40 50 1
41 29 1
42 0 0
Customer's demand delivered to PL: l variables:
13
14
15
16
17
18
19
20
21
22
23
24
25
26
27
28
29
30
31
32
33
34
35
36
Lockers load <= capacity:
59 <= 99
31 <= 82
29 <= 98
89 <= 98
43 <= 73
0 <= 93
0 <= 91
20 <= 72
52 <= 73
50 <= 95
29 <= 86
0 <= 92
