Gurobi 12.0.0:   lim:time = 14400

  mip:bestbound = 1

Set parameter LogToConsole to value 1

  tech:outlev = 1

Set parameter Cuts to value 3

  cut:cuts = 3

Set parameter Presolve to value 2

  pre:solve = 2

Set parameter MIPFocus to value 2

  mip:focus = 2

Set parameter Symmetry to value 2

  mip:symmetry = 2

Set parameter InfUnbdInfo to value 1

Gurobi Optimizer version 12.0.0 build v12.0.0rc1 (win64 - Windows 11.0 (26100.2))



CPU model: 11th Gen Intel(R) Core(TM) i7-11700 @ 2.50GHz, instruction set [SSE2|AVX|AVX2|AVX512]

Thread count: 8 physical cores, 16 logical processors, using up to 16 threads



Non-default parameters:

TimeLimit  14400

MIPFocus  2

Symmetry  2

Cuts  3

InfUnbdInfo  1

Presolve  2



Optimize a model with 2246 rows, 8384 columns and 53063 nonzeros

Model fingerprint: 0xfa206d0d

Model has 6 quadratic objective terms

Model has 12 quadratic constraints

Variable types: 77 continuous, 8307 integer (0 binary)

Coefficient statistics:

  Matrix range     [1e+00, 1e+05]

  QMatrix range    [1e+00, 1e+00]

  QLMatrix range   [1e+00, 7e+01]

  Objective range  [1e+00, 1e+02]

  QObjective range [3e+00, 3e+00]

  Bounds range     [1e+00, 1e+02]

  RHS range        [1e+00, 1e+05]

  QRHS range       [1e+02, 1e+02]

Presolve removed 145 rows and 309 columns

Presolve time: 3.62s

Presolved: 6778 rows, 12731 columns, 54197 nonzeros

Variable types: 1328 continuous, 11403 integer (10964 binary)

Root relaxation presolve removed 18 rows and 4 columns

Root relaxation presolved: 6747 rows, 12679 columns, 126808 nonzeros



Deterministic concurrent LP optimizer: primal and dual simplex

Showing primal log only...





Root simplex log...



Iteration    Objective       Primal Inf.    Dual Inf.      Time

       0    6.3074000e+02   2.111093e+03   8.980124e+10      6s

Concurrent spin time: 0.00s



Solved with dual simplex



Root simplex log...



Iteration    Objective       Primal Inf.    Dual Inf.      Time

     758    2.0478367e+02   0.000000e+00   0.000000e+00      6s



Root relaxation: objective 2.047837e+02, 758 iterations, 0.10 seconds (0.13 work units)

Total elapsed time = 6.29s (DegenMoves)



    Nodes    |    Current Node    |     Objective Bounds      |     Work

 Expl Unexpl |  Obj  Depth IntInf | Incumbent    BestBd   Gap | It/Node Time



     0     0  204.78367    0  123          -  204.78367      -     -    6s

     0     0  317.68028    0  110          -  317.68028      -     -    7s

     0     0  317.68028    0  111          -  317.68028      -     -    7s

     0     0  318.79998    0  122          -  318.79998      -     -    9s

     0     0  321.69000    0  141          -  321.69000      -     -    9s

     0     0  321.81875    0  127          -  321.81875      -     -    9s

     0     0  327.13441    0  116          -  327.13441      -     -   10s

     0     0  327.13441    0  124          -  327.13441      -     -   10s

     0     0  328.54500    0   92          -  328.54500      -     -   12s

     0     0  329.15000    0  117          -  329.15000      -     -   12s

     0     0  330.60146    0  143          -  330.60146      -     -   13s

     0     0  331.54304    0  182          -  331.54304      -     -   13s

     0     0  332.76614    0  174          -  332.76614      -     -   14s

     0     0  333.64614    0  174          -  333.64614      -     -   14s

     0     2  333.64614    0  169          -  333.64614      -     -   15s

  2127  1907  344.61622    9 3383          -  335.10908      -  32.3   21s

  2132  1910  812.06515   95  178          -  335.10908      -  32.3   25s

  2134  1912  480.59872   92  157          -  336.31906      -  32.2   30s

H 2135  1816                    1393.5500000  338.93415  75.7%  32.2   33s

H 2136  1726                    1380.7700000  339.32271  75.4%  32.2   36s

H 2136  1639                    1341.1600000  339.32271  74.7%  32.2   36s

H 2136  1557                    1340.4400000  339.32271  74.7%  32.2   36s

H 2136  1479                    1323.7000000  339.32271  74.4%  32.2   36s

H 2136  1405                    1300.8300000  339.32271  73.9%  32.2   36s

H 2136  1335                    1299.3300000  339.32271  73.9%  32.2   36s

H 2136  1268                    1298.8300000  339.32271  73.9%  32.2   36s

H 2136  1204                    1297.3300000  339.32271  73.8%  32.2   36s

H 2136  1144                    1293.3700000  339.32271  73.8%  32.2   36s

H 2137  1087                    1293.1300000  339.32271  73.8%  32.2   38s

H 2137  1033                    1285.4200000  339.32271  73.6%  32.2   38s

H 2137   981                    1283.4000000  339.32271  73.6%  32.2   38s

H 2137   932                    1279.1300000  339.32271  73.5%  32.2   38s

H 2137   885                    1277.9000000  339.32271  73.4%  32.2   38s

H 2138   840                    1272.5700000  339.32271  73.3%  32.2   38s

H 2138   798                    1267.8400000  339.32271  73.2%  32.2   38s

  2139   799  417.28420   46  222 1267.84000  339.32271  73.2%  32.1   40s

H 2139   759                    1262.2200000  340.30166  73.0%  32.1   43s

H 2139   721                    1249.2300000  340.30166  72.8%  32.1   43s

H 2139   685                    1242.7000000  340.30166  72.6%  32.1   43s

H 2139   650                    1239.5800000  340.30166  72.5%  32.1   43s

  2141   651  352.48611   28  164 1239.58000  340.65107  72.5%  32.1   45s

  2146   655  444.93902   88  139 1239.58000  341.09151  72.5%  32.0   50s

  2152   659  353.36784   16  142 1239.58000  341.18026  72.5%  32.0   55s

H 2156   628                    1215.2600000  341.19000  71.9%  31.9   58s

H 2157   597                    1197.6500000  341.19000  71.5%  31.9   59s

  2160   599  361.06576   20  134 1197.65000  341.19000  71.5%  31.8   61s

H 2203   604                    1182.3200000  341.19000  71.1%  42.3   63s

  2236   631  341.57173   23  247 1182.32000  341.19000  71.1%  45.3   65s

H 2237   601                    1173.2200000  341.19000  70.9%  45.2   65s

H 2240   573                    1173.0700000  341.19000  70.9%  45.4   65s

H 2291   577                    1155.1000000  341.19000  70.5%  51.0   66s

H 2293   553                    1145.7700000  341.19000  70.2%  51.2   66s

H 2322   551                    1132.6700000  341.19000  69.9%  53.6   68s

  2354   571  345.21128   30  118 1132.67000  341.19000  69.9%  56.6   70s

H 2385   563                    1015.6500000  341.19000  66.4%  58.5   71s

H 2394   558                    1001.6100000  341.19000  65.9%  59.2   71s

H 2445   597                     993.6800000  341.19000  65.7%  61.4   72s

H 2468   570                     982.3000000  341.19000  65.3%  62.7   72s

H 2470   552                     941.7700000  341.19000  63.8%  63.2   72s

H 2484   537                     905.7700000  341.19000  62.3%  63.8   73s

H 2524   545                     904.2100000  341.19000  62.3%  66.0   74s

  2527   577  347.46948   42  211  904.21000  341.19000  62.3%  66.1   75s

H 2562   557                     897.5100000  341.19000  62.0%  68.1   75s

H 2565   541                     885.0800000  341.19000  61.5%  68.2   75s

H 2610   589                     878.6800000  341.19000  61.2%  70.4   76s

H 2631   569                     877.5900000  341.19000  61.1%  71.7   76s

  2677   594  352.97411   51  173  877.59000  341.19000  61.1%  74.8   80s

H 2724   605                     870.7800000  341.19000  60.8%  77.7   83s

H 2768   636                     821.2700000  341.19000  58.5%  79.5   85s

H 2772   623                     817.8400000  341.19000  58.3%  79.6   85s

H 2842   703                     816.4200000  341.19000  58.2%  82.9   87s

  2967   871  360.73204   65  170  816.42000  341.19000  58.2%  87.9   90s

  3373  1350  436.43152   90  181  816.42000  341.19000  58.2%  97.0   95s

  3909  1697  425.95444  114  161  816.42000  341.19000  58.2%  98.1  101s

H 3973  1715                     797.0300000  341.19000  57.2%  97.9  103s

  4130  2079  460.43003  126  105  797.03000  341.19000  57.2%  98.1  106s

H 4939  2448                     788.0300000  341.19000  56.7%  93.1  111s

  5774  3473  731.13150   75  101  788.03000  341.19000  56.7%  89.1  116s

  6102  3496  345.07783   54   79  788.03000  341.19000  56.7%  87.9  120s

  6261  3750  460.03080  114   75  788.03000  341.19000  56.7%  86.9  126s

H 6867  4212                     787.7200000  341.19000  56.7%  84.3  129s

H 6920  4190                     767.7900000  341.19000  55.6%  84.5  129s

  6977  4611  350.32093   40  102  767.79000  341.19000  55.6%  84.5  131s

H 7465  4990                     767.4200000  341.19000  55.5%  82.5  133s

H 7498  4990                     766.5300000  341.19000  55.5%  82.3  133s

H 7600  4935                     747.9400000  341.19000  54.4%  81.5  133s

  7876  5325  383.65620  118  106  747.94000  341.19000  54.4%  80.3  135s

H 9019  5889                     731.4400000  341.19000  53.4%  76.5  139s

  9168  6515  398.00001   30  156  731.44000  341.19000  53.4%  76.4  141s

 10386  7190  482.50663   72  100  731.44000  341.39903  53.3%  74.1  145s

H10461  7190                     731.1600000  341.39903  53.3%  73.8  145s

 11523  8100  473.22901  111  130  731.16000  341.39903  53.3%  71.2  150s

 12003  8339  384.54462   65  143  731.16000  341.39903  53.3%  71.4  155s

H12070  8368                     731.1599989  341.39903  53.3%  71.4  157s

 12402  9254  524.08780  106  154  731.16000  341.39903  53.3%  71.3  162s

 13095  9258  348.12091   27  177  731.16000  342.08895  53.2%  70.5  165s

H13101  9258                     731.1599974  342.08895  53.2%  70.5  165s

 13744 10392  561.81616   86  143  731.16000  342.08895  53.2%  70.6  170s

 14494 10766  406.94543   73  177  731.16000  342.08895  53.2%  70.4  177s

H14544 10766                     731.1599958  342.36430  53.2%  70.5  177s

 14979 11155  369.81192   31  201  731.16000  342.36430  53.2%  70.9  181s

 15397 11906  400.20604   53  106  731.16000  342.36430  53.2%  71.4  186s

 16285 12538  453.23094   52  128  731.16000  342.67770  53.1%  72.1  191s

 17097 13507  371.01934   39  178  731.16000  342.67770  53.1%  72.3  195s

 18669 14371  571.12603   84  128  731.16000  342.85172  53.1%  71.4  203s

 19249 15115  412.76352   32  101  731.16000  342.85172  53.1%  71.2  207s

 20249 15608  364.77469   35  120  731.16000  342.94367  53.1%  71.1  212s

 20838 16324  376.45598   36  125  731.16000  343.03643  53.1%  71.3  216s

 21733 16354  359.41950   29  124  731.16000  343.19460  53.1%  71.0  221s

H21766 16354                     731.1599941  343.19460  53.1%  71.2  221s

 21767 16854  366.03670   30  135  731.15999  343.19460  53.1%  71.2  226s

 22365 18002  679.68171  111  133  731.15999  343.29505  53.0%  71.3  231s

 23670 18866  350.51352   33  131  731.15999  343.53503  53.0%  70.6  236s

 24758 19568  663.57430   78  127  731.15999  343.53503  53.0%  70.4  241s

H25366 19568                     731.1599918  343.53503  53.0%  69.8  241s

H25465 19568                     731.1599899  343.53503  53.0%  69.8  241s

 25551 19682  664.00043   79  123  731.15999  343.53503  53.0%  69.8  246s

H25687 19616                     717.9300000  343.53503  52.1%  69.8  251s

H25693 19610                     717.2000000  343.53503  52.1%  69.8  251s

 25695 19706  378.68737   29   99  717.20000  343.53503  52.1%  69.8  257s

H25737 19653                     713.2100000  343.53503  51.8%  69.8  257s

H25795 19632                     711.9000000  343.53503  51.7%  69.8  257s

 25810 20257  567.09191   69   94  711.90000  343.67959  51.7%  69.8  261s

 26568 21098  369.07009   50  132  711.90000  343.78071  51.7%  69.6  266s

 27594 21251  414.65512   62  103  711.90000  343.99970  51.7%  70.3  271s

 27820 21591  539.32021   62  111  711.90000  343.99992  51.7%  70.3  275s

 28177 22650  534.42121   82   92  711.90000  344.03783  51.7%  70.7  280s

 29486 23000  465.42751   70  161  711.90000  344.05184  51.7%  70.9  289s

 29882 25267  574.46288  113  111  711.90000  344.10195  51.7%  71.0  302s

 32567 25689  468.93949   57  106  711.90000  344.36440  51.6%  69.9  307s

 33033 26539  490.14891   60  127  711.90000  344.36440  51.6%  69.8  313s

 34114 27568  670.08118  102  117  711.90000  344.59174  51.6%  69.7  317s

 35269 28318  476.26288   79  139  711.90000  344.77434  51.6%  69.7  322s

 36079 29108  417.66704   41  186  711.90000  344.77770  51.6%  69.4  327s

 37034 30209  412.50143   37  124  711.90000  344.77770  51.6%  69.5  331s

 38297 31233  351.63652   47   92  711.90000  344.98688  51.5%  69.2  335s

 39487 31274  599.06331  138   95  711.90000  345.02939  51.5%  69.1  343s

 39532 31396  559.78289  136  112  711.90000  345.02939  51.5%  69.0  346s

 39715 31811  346.20811   27  165  711.90000  345.04807  51.5%  69.1  350s

 40232 33021  386.87275   43   94  711.90000  345.07305  51.5%  69.0  355s

 42639 34342  417.08194  113   99  711.90000  345.21339  51.5%  68.8  363s

 43261 34916  438.75673   36  180  711.90000  345.21339  51.5%  69.1  367s

 43925 36582  522.23668   54  163  711.90000  345.21339  51.5%  69.1  376s

 46346 37606  535.67731   84  125  711.90000  345.42913  51.5%  68.6  382s

 47160 38047  563.04763   85  161  711.90000  345.42913  51.5%  68.6  385s

 48522 38874  391.33168   47  153  711.90000  345.72705  51.4%  68.5  390s

 49825 40124  348.27087   34  187  711.90000  345.72858  51.4%  68.3  397s

 50093 40446  455.94410   41  143  711.90000  345.72858  51.4%  68.5  400s

 51510 41731  533.22507   73  125  711.90000  345.89449  51.4%  68.6  407s

 52040 42196  389.71880   45  170  711.90000  345.89449  51.4%  68.6  410s

 53041 42757  563.35777  115  145  711.90000  345.96519  51.4%  68.9  417s

 53231 43159  565.61799  116  139  711.90000  345.96519  51.4%  69.0  422s

 53705 43496  571.58972  117  104  711.90000  345.96519  51.4%  69.0  426s

 54095 43767  582.94526  118  117  711.90000  346.09463  51.4%  69.0  430s

 55274 45021  459.55753   74  144  711.90000  346.20845  51.4%  69.1  438s

 55960 45492  508.62428   41  107  711.90000  346.27850  51.4%  69.2  442s

 56552 46074  402.37390   50  103  711.90000  346.29172  51.4%  69.3  446s

 57216 46572  407.61937   73  145  711.90000  346.34498  51.3%  69.4  450s

 57793 47351  415.65223   38  178  711.90000  346.41436  51.3%  69.5  455s

 58749 48255  389.08133   56  129  711.90000  346.44793  51.3%  69.4  463s

 59955 48955  651.83334   58  104  711.90000  346.53890  51.3%  69.6  467s

 60735 49755  432.22444   67  177  711.90000  346.53890  51.3%  69.6  471s

 61637 50214  662.99346  154   90  711.90000  346.61256  51.3%  69.5  475s

 63220 51691  353.52485   26  200  711.90000  346.75856  51.3%  69.5  483s

 63877 52589  452.53049   88  114  711.90000  346.75856  51.3%  69.6  488s

 64917 52923  463.73812   59  134  711.90000  346.78419  51.3%  69.6  491s

 65328 53813  378.33957   40  187  711.90000  346.88267  51.3%  69.7  496s

 66371 54744  378.22294   51  119  711.90000  346.98492  51.3%  69.7  500s

 68496 56167  349.02788   33  188  711.90000  347.11636  51.2%  69.6  508s

 69119 56974  447.57162   70  138  711.90000  347.11636  51.2%  69.7  512s

 70059 57881  433.69179   57  151  711.90000  347.19975  51.2%  69.7  516s

 71087 58541  489.63262   78  123  711.90000  347.20020  51.2%  69.6  520s

 72309 59507  597.05950   47  122  711.90000  347.31193  51.2%  70.0  528s

 73150 59932  457.03742  116   88  711.90000  347.31193  51.2%  70.2  532s

 73692 60806  462.68144   76  105  711.90000  347.42606  51.2%  70.4  539s

 74710 61057  604.28020   54  150  711.90000  347.49026  51.2%  70.7  543s

 75019 61459  355.73905   31  139  711.90000  347.49026  51.2%  71.0  549s

 75557 62534  356.71333   33  138  711.90000  347.52420  51.2%  71.2  555s

 76755 62611  387.08437   52   88  711.90000  347.57953  51.2%  71.2  561s

 76854 62680  393.36989   53  125  711.90000  347.57953  51.2%  71.2  567s

 76943 62744  393.77500   54  126  711.90000  347.57953  51.2%  71.2  574s

 77025 63234  394.90544   55  107  711.90000  347.58716  51.2%  71.2  581s

 77609 64197  377.70779   49  144  711.90000  347.58716  51.2%  71.3  588s

 78805 65104     cutoff   75       711.90000  347.72071  51.2%  71.7  594s

 80023 65520  451.31347   41  143  711.90000  347.76928  51.1%  72.0  600s

 80545 66824     cutoff   61       711.90000  347.78461  51.1%  72.4  606s

 82041 67303  434.07257   68  149  711.90000  347.81945  51.1%  72.4  612s

 82611 68384  362.86251   40  205  711.90000  347.85111  51.1%  72.4  617s

 83915 68860  533.39197   39  158  711.90000  347.88369  51.1%  72.4  623s

 84442 69928  663.47828   81  139  711.90000  347.88411  51.1%  72.4  628s

 85733 71044  394.42902   55  123  711.90000  347.94339  51.1%  72.3  634s

 87018 71441  360.69256   39  169  711.90000  348.01113  51.1%  72.2  639s

 87462 72307  463.04717   83  151  711.90000  348.03054  51.1%  72.3  644s

 88517 73112  502.51132   44  142  711.90000  348.05850  51.1%  72.4  653s

 89447 73732  365.02217   42  159  711.90000  348.12427  51.1%  72.3  658s

 90178 74162  394.27183   51   81  711.90000  348.14391  51.1%  72.3  663s

 90640 75417  498.56636   91  134  711.90000  348.14391  51.1%  72.4  670s

 92868 77113  435.01060   73  132  711.90000  348.20265  51.1%  72.4  680s

 94154 77549  450.65263   73  143  711.90000  348.23321  51.1%  72.3  685s

 95215 78873  378.41037   51  123  711.90000  348.23321  51.1%  72.3  694s

 96246 79691  380.71036   46  156  711.90000  348.28573  51.1%  72.2  699s

 97241 80226  382.81802   37  216  711.90000  348.30847  51.1%  72.2  703s

 97878 80384  353.51080   34  244  711.90000  348.30847  51.1%  72.4  709s

 98054 80882  349.66061   34  205  711.90000  348.30847  51.1%  72.5  713s

 98593 81165  405.95418   70  128  711.90000  348.30847  51.1%  72.6  718s

 98932 81992  475.73643   90  125  711.90000  348.30847  51.1%  72.7  723s

 99926 82780  367.27296   31  115  711.90000  348.30847  51.1%  72.8  728s

 100894 83287  538.01719  129  194  711.90000  348.37071  51.1%  72.9  733s

 101502 83561  355.30616   38  148  711.90000  348.37071  51.1%  73.0  737s

 101802 84384  399.43338   61   88  711.90000  348.37071  51.1%  73.2  742s

 102818 85386  367.16707   48  205  711.90000  348.37071  51.1%  73.4  748s

 104007 85794  356.08033   33  155  711.90000  348.48351  51.0%  73.3  756s

 104480 87251  592.56639   94   67  711.90000  348.48351  51.0%  73.3  767s

 106237 87375  351.99752   34  108  711.90000  348.57158  51.0%  73.3  772s

 106381 88028  352.22174   35  133  711.90000  348.57158  51.0%  73.3  778s

 107140 88630  352.29509   36  142  711.90000  348.58622  51.0%  73.2  784s

 107816 89539  395.28016   76  167  711.90000  348.59987  51.0%  73.3  791s

 108871 90292  397.55215   58  154  711.90000  348.68303  51.0%  73.2  797s

 109776 91088  360.00599   44  126  711.90000  348.73020  51.0%  73.4  802s

 110797 91789  448.13605   64  130  711.90000  348.74394  51.0%  73.7  808s

 111622 92528  381.71819   41  136  711.90000  348.75633  51.0%  73.7  814s

 112537 93522  416.13903   42  101  711.90000  348.80868  51.0%  73.9  820s

 113832 93904  375.33264   35  148  711.90000  348.82928  51.0%  73.9  825s

 114297 94612  556.50999   84  103  711.90000  348.82928  51.0%  73.9  831s

 115246 95606  591.68911   93   98  711.90000  348.87766  51.0%  74.0  837s

 116463 96633  350.00353   34  121  711.90000  348.93440  51.0%  73.9  842s

 117595 96671  406.27342   59   84  711.90000  348.93440  51.0%  73.9  847s

 117634 97206  417.58754   80  104  711.90000  348.93440  51.0%  73.9  852s

 118245 97926  468.64476   58  122  711.90000  348.93440  51.0%  73.8  858s

 119249 99207  360.39211   43  170  711.90000  349.04073  51.0%  73.9  866s

 120747 99926  527.61871   75  141  711.90000  349.06322  51.0%  73.7  870s

 121926 100751  547.78343   59  139  711.90000  349.07742  51.0%  73.6  877s

 122645 101204  468.65344   47  154  711.90000  349.13206  51.0%  73.7  880s

 123292 101943  385.38146   52   90  711.90000  349.13206  51.0%  73.8  885s

 124685 103118  437.99698   86  108  711.90000  349.15223  51.0%  73.8  892s

 125551 103952  560.65851  117  118  711.90000  349.15223  51.0%  73.8  897s

 126516 104367  625.32297   99   98  711.90000  349.24724  50.9%  73.7  900s

 127005 105119  526.67620  105  119  711.90000  349.24724  50.9%  73.7  905s

 128740 106337  379.28827   33  157  711.90000  349.40860  50.9%  73.8  913s

 129335 107196  515.82724   80  135  711.90000  349.41246  50.9%  73.7  917s

 130326 107742  491.98951   98  126  711.90000  349.43971  50.9%  73.7  921s

 130931 108634  379.45077   63  157  711.90000  349.45029  50.9%  73.7  925s

 132008 109323  405.87558   71  144  711.90000  349.49153  50.9%  73.6  930s

 133138 110036  411.36047   37  164  711.90000  349.54216  50.9%  73.7  938s

 133716 111144  509.83545   74   84  711.90000  349.57132  50.9%  73.7  947s

 135011 111840  353.63141   24  181  711.90000  349.59024  50.9%  73.6  950s

 136507 112773  414.10371   50  151  711.90000  349.59024  50.9%  73.6  958s

 136946 113182  394.51603   45  104  711.90000  349.65829  50.9%  73.7  962s

 137531 113327  655.76755   55  172  711.90000  349.65829  50.9%  74.0  967s

 137729 113753     cutoff   56       711.90000  349.65829  50.9%  74.0  971s

 138268 114574  374.67498   39  144  711.90000  349.65829  50.9%  74.1  977s

 139226 114821  366.47031   39  136  711.90000  349.68725  50.9%  74.1  981s

 139491 115913  382.04656   53  102  711.90000  349.68725  50.9%  74.2  987s

 140793 116326  381.50179   30  181  711.90000  349.70669  50.9%  74.1  991s

 141290 117307  490.29672   86  117  711.90000  349.70669  50.9%  74.1  997s

 142442 118396  368.31323   46  129  711.90000  349.76567  50.9%  74.1 1002s

 143693 118653  428.87865   60  140  711.90000  349.78459  50.9%  74.0 1006s

 144043 119221  354.56684   42  135  711.90000  349.81115  50.9%  74.0 1012s

 144693 119690  386.01447   38  109  711.90000  349.82077  50.9%  74.0 1017s

 145244 119698  353.14084   40  207  711.90000  349.82077  50.9%  74.1 1022s

 145252 119706  353.20418   41  161  711.90000  349.82077  50.9%  74.1 1027s

 145260 119858  353.98202   42  216  711.90000  349.82077  50.9%  74.1 1032s

 145423 120024  368.70332   54  194  711.90000  349.82077  50.9%  74.2 1037s

 145653 120459  397.54071   77  138  711.90000  349.82077  50.9%  74.2 1042s

 146150 121296  371.55136   39  152  711.90000  349.82077  50.9%  74.2 1047s

 147149 122071 infeasible   96       711.90000  349.84406  50.9%  74.3 1053s

 148148 123212  396.26153   53  132  711.90000  349.84863  50.9%  74.2 1062s

 149510 123772  363.15499   52  180  711.90000  349.86818  50.9%  74.1 1067s

 150169 124069  566.20251  121  134  711.90000  349.86864  50.9%  74.1 1070s

 151129 125351  428.28032   60  110  711.90000  349.87703  50.9%  74.3 1079s

 152038 125802  491.18569   85  111  711.90000  349.87703  50.9%  74.3 1084s

 152646 126050 infeasible   86       711.90000  349.91839  50.8%  74.4 1089s

 152939 126515  424.29557   72  190  711.90000  349.91839  50.8%  74.4 1095s

 153495 127339  376.32530   40  169  711.90000  349.91880  50.8%  74.4 1100s

 154397 127722  529.46986   80   89  711.90000  349.91880  50.8%  74.4 1105s

 154882 128052  363.12618   44   95  711.90000  349.91880  50.8%  74.5 1110s

 155251 128962  452.08896   91  120  711.90000  349.91880  50.8%  74.5 1116s

 156351 129807  350.86767   24  155  711.90000  349.95889  50.8%  74.5 1122s

 157372 130432  589.13411   70  182  711.90000  349.97568  50.8%  74.6 1127s

 158139 131172  563.28580   72  143  711.90000  349.98480  50.8%  74.6 1132s

 158951 131610  523.85885   84  134  711.90000  349.98876  50.8%  74.7 1138s

 159464 132428  386.97188   32  187  711.90000  349.98876  50.8%  74.8 1144s

 160456 133474  400.68711   60  121  711.90000  350.00353  50.8%  74.8 1150s

 161622 134140  540.23937   78  134  711.90000  350.00698  50.8%  74.8 1156s

 162407 134650  353.61806   33  171  711.90000  350.00698  50.8%  74.7 1161s

 163009 135740  403.75107   69  144  711.90000  350.00698  50.8%  74.7 1170s

 164985 137172  659.85423   62  131  711.90000  350.07366  50.8%  74.7 1178s

 165897 137516  365.53550   33  131  711.90000  350.07366  50.8%  74.7 1182s

 166290 138240  415.29674   55   77  711.90000  350.07366  50.8%  74.7 1187s

 167170 138944  406.70587   45  176  711.90000  350.10893  50.8%  74.7 1191s

 167988 139383  407.41951   56  148  711.90000  350.10893  50.8%  74.7 1195s

 168521 140131  440.37640   57   86  711.90000  350.12451  50.8%  74.8 1200s

 169399 140848  376.74479   35  119  711.90000  350.14755  50.8%  74.7 1205s

 170227 141079  407.44028   44  125  711.90000  350.14755  50.8%  74.8 1210s

 171011 142261  472.48409   66  129  711.90000  350.16430  50.8%  74.8 1219s

 171876 142655  377.22314   69   81  711.90000  350.17686  50.8%  74.9 1224s

 172358 143438  355.82040   40  161  711.90000  350.17686  50.8%  74.9 1230s

 173399 144201  366.92465   27  216  711.90000  350.22073  50.8%  74.9 1235s

 174956 144930  457.64928   83  153  711.90000  350.22073  50.8%  75.0 1245s

 175669 146014  664.29836  150  142  711.90000  350.22073  50.8%  75.0 1254s

 176415 146437  650.82123  150   75  711.90000  350.22073  50.8%  75.0 1260s

 176937 147056  658.72074   49   86  711.90000  350.27259  50.8%  75.0 1265s

 177828 148110  389.07812   42   81  711.90000  350.29110  50.8%  75.1 1274s

 179076 148887  536.73729  100  118  711.90000  350.31203  50.8%  75.1 1278s

 179988 149288  538.83540  140  116  711.90000  350.31203  50.8%  75.1 1282s

 180448 149845  378.84450   49  162  711.90000  350.31203  50.8%  75.1 1287s

 181116 150203  387.69584   49   65  711.90000  350.31203  50.8%  75.1 1291s

 181580 151265  394.05424   45  133  711.90000  350.33863  50.8%  75.2 1297s

 182847 151999  628.99610   93   90  711.90000  350.35111  50.8%  75.0 1301s

 183741 152426  357.57092   42  126  711.90000  350.36080  50.8%  75.0 1305s

 184308 153138  679.46850  108  102  711.90000  350.36212  50.8%  75.0 1310s

 185133 154111  693.76489  113   68  711.90000  350.39064  50.8%  75.0 1315s

 186750 155303  532.56303   83  157  711.90000  350.40448  50.8%  74.9 1324s

 187703 155782  565.70060  109  109  711.90000  350.40448  50.8%  74.9 1328s

 188249 156419  395.32607   71  129  711.90000  350.40448  50.8%  74.9 1332s

 188991 156904  409.69745   44  111  711.90000  350.43687  50.8%  75.0 1337s

 189665 157147  352.86734   35  195  711.90000  350.43862  50.8%  75.1 1341s

 189959 157339  354.76103   35   94  711.90000  350.43862  50.8%  75.1 1346s

 190204 158048  356.40969   36  165  711.90000  350.43862  50.8%  75.1 1351s

 190975 158480  449.03099   54  119  711.90000  350.44018  50.8%  75.1 1355s

 191583 159343  355.25846   37  267  711.90000  350.45788  50.8%  75.2 1360s

 192566 160403  688.41887  149  156  711.90000  350.45882  50.8%  75.1 1369s

 193804 160598  502.06051  117  190  711.90000  350.48853  50.8%  75.1 1372s

 194017 161241  555.81469  138  163  711.90000  350.48853  50.8%  75.1 1378s

 194810 161832  371.02285   35  136  711.90000  350.50330  50.8%  75.2 1382s

 195505 162162  503.98458   52  109  711.90000  350.50330  50.8%  75.3 1387s

 196128 162701  360.90660   40  153  711.90000  350.50330  50.8%  75.4 1393s

 196732 163659  635.05753  105   69  711.90000  350.50330  50.8%  75.3 1399s

 197752 163659  364.76776   34  147  711.90000  350.53494  50.8%  75.3 1400s

 198762 165199  637.94659  131  103  711.90000  350.53494  50.8%  75.4 1410s

 199741 165967  387.71826   38  135  711.90000  350.56649  50.8%  75.4 1415s

 200669 166623  476.17275   73  116  711.90000  350.58652  50.8%  75.4 1420s

 201513 166960  398.22816   59  170  711.90000  350.59375  50.8%  75.4 1425s

 201946 167369  665.72496  114  113  711.90000  350.59590  50.8%  75.5 1430s

 202458 167724  588.67882   92   93  711.90000  350.61850  50.7%  75.5 1436s

 202905 167728  589.19297   93   83  711.90000  350.61850  50.7%  75.5 1441s

 202917 167759  600.88905   94   80  711.90000  350.61850  50.7%  75.5 1447s

 202962 167912  376.25570   42  134  711.90000  350.61850  50.7%  75.6 1452s

 203141 168271  472.20699   80  125  711.90000  350.63063  50.7%  75.6 1457s

 203611 169073  528.51629   67  107  711.90000  350.63686  50.7%  75.7 1463s

 204695 169353  412.71651   41  128  711.90000  350.66828  50.7%  75.7 1469s

 205011 169838  520.80553   67   88  711.90000  350.66828  50.7%  75.8 1475s

 205580 170838  392.16417   71  176  711.90000  350.67672  50.7%  75.8 1481s

 206737 171729  521.70313   69  106  711.90000  350.69418  50.7%  75.8 1487s

 207754 172094  356.53560   45  152  711.90000  350.70136  50.7%  75.8 1496s

 208205 173550  358.55124   32  159  711.90000  350.70136  50.7%  75.8 1509s

 210017 174197  621.09139  120  166  711.90000  350.75131  50.7%  75.8 1515s

 210731 174650  633.01278  108   62  711.90000  350.75148  50.7%  75.8 1521s

 211316 175556  619.72410  107  154  711.90000  350.76581  50.7%  75.9 1527s

 212373 176388  485.19027   90  152  711.90000  350.80029  50.7%  75.9 1534s

 213351 176891  402.54184   62  188  711.90000  350.80557  50.7%  75.9 1541s

 213972 177363  406.26289   63  198  711.90000  350.80557  50.7%  75.8 1547s

 214555 178377  417.72484   67  184  711.90000  350.81193  50.7%  75.9 1554s

 215747 178951  363.44399   41  153  711.90000  350.82626  50.7%  75.9 1560s

 216383 179915  536.98442   80  162  711.90000  350.82626  50.7%  75.9 1566s

 217542 180622  353.75598   38  178  711.90000  350.85128  50.7%  75.9 1572s

 218399 181473  644.87043  149  128  711.90000  350.85128  50.7%  75.9 1579s

 219398 182278  381.78650   37  143  711.90000  350.85128  50.7%  75.9 1586s

 220374 182668  438.89412   76  133  711.90000  350.87686  50.7%  76.0 1591s

 220856 183671  491.27447   98  141  711.90000  350.88250  50.7%  76.0 1598s

 221983 184512  390.88921   41  217  711.90000  350.89901  50.7%  75.9 1604s

 223015 185289  362.50693   34  178  711.90000  350.92710  50.7%  75.9 1613s

 223904 185822  427.83294   75  149  711.90000  350.93896  50.7%  76.0 1620s

 224558 186338  433.04604   49  121  711.90000  350.94804  50.7%  76.0 1626s

 225177 187257  391.76027   46  156  711.90000  350.94804  50.7%  76.0 1634s

 226285 188093  651.06192  122  113  711.90000  350.97139  50.7%  76.0 1641s

 227326 188726 infeasible  103       711.90000  350.97139  50.7%  76.0 1647s

 228148 188892  377.43697   46  208  711.90000  350.97139  50.7%  76.1 1653s

 228356 189680  407.76545   61  150  711.90000  350.97139  50.7%  76.1 1660s

 229270 190193  383.28763   53  145  711.90000  350.97139  50.7%  76.1 1667s

 229890 191277  628.07860  129  165  711.90000  350.97139  50.7%  76.1 1673s

 231093 192068  358.23158   41  138  711.90000  351.05068  50.7%  76.1 1680s

 232084 192893  357.49891   42  217  711.90000  351.08264  50.7%  76.1 1687s

 233122 193370  538.84193  122  128  711.90000  351.10248  50.7%  76.1 1692s

 233661 194402  408.12835   64  155  711.90000  351.11409  50.7%  76.1 1699s

 234829 195087  672.55386  162   95  711.90000  351.12401  50.7%  76.1 1704s

 235658 196032  600.97760   80  165  711.90000  351.14391  50.7%  76.1 1711s

 236784 196566  395.43352   40  158  711.90000  351.16055  50.7%  76.1 1717s

 237384 196642  637.11759   84  119  711.90000  351.16055  50.7%  76.1 1723s

 237482 196879  644.84332   85  108  711.90000  351.16055  50.7%  76.1 1731s

 237835 198733  383.60362   54  138  711.90000  351.16055  50.7%  76.1 1746s

 240049 199204  659.31411   96  139  711.90000  351.20885  50.7%  76.2 1751s

 240602 200078  477.08834   61  187  711.90000  351.20885  50.7%  76.2 1759s

 241702 200925  377.73791   25  257  711.90000  351.22439  50.7%  76.2 1765s

 242735 201565  533.91113   73  110  711.90000  351.22439  50.7%  76.3 1771s

 243528 201959  445.07206   56   80  711.90000  351.24460  50.7%  76.3 1777s

 244012 202939  445.82866   39  155  711.90000  351.25643  50.7%  76.4 1784s

 245002 202939  396.70657   31  150  711.90000  351.26348  50.7%  76.4 1785s

 245207 203767  592.63649  123  138  711.90000  351.26744  50.7%  76.4 1791s

 246173 204226  548.84609  108  138  711.90000  351.28181  50.7%  76.4 1797s

 246695 205082  376.46597   48  181  711.90000  351.28824  50.7%  76.4 1803s

 247674 205754  380.54112   41  105  711.90000  351.30275  50.7%  76.4 1809s

 248487 206663  535.31284  102   91  711.90000  351.30275  50.7%  76.6 1815s

 249575 207420  389.33263   37  125  711.90000  351.31287  50.7%  76.6 1821s

 250505 208211  407.55981   60  163  711.90000  351.33080  50.6%  76.6 1827s

 251442 208465 infeasible   75       711.90000  351.34970  50.6%  76.6 1833s

 251829 209309  451.04630   61  138  711.90000  351.34970  50.6%  76.6 1839s

 252778 210365  404.37656   76   87  711.90000  351.38375  50.6%  76.7 1849s

 254046 210846  459.24075   58  149  711.90000  351.39041  50.6%  76.6 1853s

 254641 210854  381.09880   41  208  711.90000  351.39293  50.6%  76.7 1860s

 254657 210870  386.32915   42  157  711.90000  351.39293  50.6%  76.7 1869s

 254665 210878  386.32915   43  157  711.90000  351.39293  50.6%  76.7 1874s

 254673 210941  393.00788   44  172  711.90000  351.39293  50.6%  76.7 1879s

 254753 211158  386.88646   44  143  711.90000  351.39293  50.6%  76.7 1885s

 255009 211465  434.73548   45  127  711.90000  351.39293  50.6%  76.7 1892s

 255387 211799 infeasible   60       711.90000  351.39293  50.6%  76.7 1899s

 255817 213066  396.97068   45  206  711.90000  351.40490  50.6%  76.7 1907s

 257272 213974  529.03991   61  166  711.90000  351.42227  50.6%  76.7 1914s

 258341 214769  385.52975   45  112  711.90000  351.42227  50.6%  76.7 1921s

 259317 215210  367.00117   28  263  711.90000  351.45429  50.6%  76.7 1926s

 259811 216260  436.89724   63  135  711.90000  351.45821  50.6%  76.7 1933s

 261021 217005  642.07963  161  127  711.90000  351.47218  50.6%  76.7 1940s

 261991 217492  356.56926   37  194  711.90000  351.48523  50.6%  76.7 1946s

 262542 217759  467.57132   83  165  711.90000  351.48523  50.6%  76.8 1952s

 262876 218564  617.88197  163  142  711.90000  351.48523  50.6%  76.8 1959s

 263851 219429  461.12783   62  152  711.90000  351.50269  50.6%  76.8 1966s

 264946 219908  412.22187   41  107  711.90000  351.51299  50.6%  76.7 1972s

 265513 220777  374.44892   42  167  711.90000  351.51713  50.6%  76.7 1979s

 266587 221200  453.89027   61  139  711.90000  351.54328  50.6%  76.7 1985s

 267146 221990  460.88769   33  162  711.90000  351.54445  50.6%  76.8 1992s

 268092 222831 infeasible  137       711.90000  351.55724  50.6%  76.8 2001s

 269068 223166  567.95694   66  106  711.90000  351.56732  50.6%  76.8 2007s

 269514 223955  568.89989   68   97  711.90000  351.57489  50.6%  76.8 2014s

 270472 224531  448.70091   74   78  711.90000  351.58779  50.6%  76.9 2021s

 271189 224924  370.39321   42  183  711.90000  351.59729  50.6%  76.9 2027s

 271756 225423  355.53231   35  189  711.90000  351.61257  50.6%  77.0 2034s

 272338 226623  525.02686   84  134  711.90000  351.61257  50.6%  77.0 2042s

 273697 227335  693.46309  147  102  711.90000  351.64959  50.6%  77.0 2050s

 274571 228236  381.33117   46  163  711.90000  351.64959  50.6%  77.0 2057s

 275665 228898  372.35162   40   99  711.90000  351.67508  50.6%  77.0 2064s

 276134 228898  400.02324   45   81  711.90000  351.67508  50.6%  77.0 2065s

 276436 229146  383.06889   47   94  711.90000  351.67508  50.6%  77.0 2070s

 276738 230148  498.97804   69  144  711.90000  351.67570  50.6%  77.0 2078s

 277896 231169  662.31744  144  147  711.90000  351.69278  50.6%  77.0 2086s

 279079 231370  467.68069   84  214  711.90000  351.70304  50.6%  76.9 2093s

 279326 232004  473.77633   88  156  711.90000  351.70304  50.6%  76.9 2099s

 280042 232641  370.97580   38  239  711.90000  351.70304  50.6%  77.0 2106s

 280768 233536  640.95476  153  122  711.90000  351.71545  50.6%  77.0 2113s

 281843 234380  670.01764  121  179  711.90000  351.73102  50.6%  76.9 2120s

 282870 235034  375.84951   42  146  711.90000  351.74878  50.6%  76.9 2130s

 283629 235666  501.36230  135  130  711.90000  351.74903  50.6%  76.9 2137s

 284410 236510  474.53509   65  106  711.90000  351.75026  50.6%  76.9 2145s

 285481 237169  435.30399   74  102  711.90000  351.77913  50.6%  77.0 2153s

 286240 237873  398.74082   59  194  711.90000  351.79307  50.6%  77.0 2161s

 287045 238116  358.78184   33  177  711.90000  351.80551  50.6%  76.9 2168s

 287326 239125  435.78672   67  110  711.90000  351.80551  50.6%  76.9 2177s

 288538 239556  398.61680   47  123  711.90000  351.82793  50.6%  76.9 2184s

 289027 240499  704.72629  170  137  711.90000  351.83210  50.6%  77.0 2192s

 290185 240973  696.38587  202  167  711.90000  351.84344  50.6%  77.0 2198s

 290757 241905 infeasible  107       711.90000  351.84344  50.6%  77.0 2206s

 291862 242723 infeasible  105       711.90000  351.87176  50.6%  77.0 2214s

 292789 243561  690.29140  145  129  711.90000  351.88339  50.6%  77.0 2222s

 293854 243919  549.20803   64  143  711.90000  351.89501  50.6%  77.0 2228s

 294274 244873  440.90834   53  125  711.90000  351.91473  50.6%  77.0 2237s

 295416 245786  470.71083   76  142  711.90000  351.93753  50.6%  77.0 2245s

 296492 246549  407.39969   47  222  711.90000  351.95407  50.6%  77.0 2252s

 297348 247414  394.96982   52  173  711.90000  351.95407  50.6%  77.0 2262s

 298359 247586  393.76205   59  234  711.90000  351.99259  50.6%  77.0 2269s

 298581 248427  448.59303   88  185  711.90000  351.99259  50.6%  77.0 2277s

 299546 248740  378.62615   34  132  711.90000  351.99318  50.6%  77.0 2283s

 299922 249874  592.40332   98  114  711.90000  351.99318  50.6%  77.0 2294s

 301244 250713  357.47838   35  184  711.90000  352.02425  50.6%  77.0 2301s

 302239 251600  520.96560   80  171  711.90000  352.02442  50.6%  77.0 2309s

 303265 252458  484.61187  105  139  711.90000  352.02442  50.6%  77.0 2316s

 304269 252896  662.91210   93  102  711.90000  352.04784  50.5%  77.0 2321s

 304770 253761  416.45236   55  107  711.90000  352.05819  50.5%  77.0 2329s

 305533 253761  423.25249   81  166  711.90000  352.06723  50.5%  76.9 2330s

 305784 254378  398.42157   47  135  711.90000  352.07036  50.5%  76.9 2336s

 306592 255041  480.78384   51  118  711.90000  352.07931  50.5%  77.0 2343s

 307398 255476  368.31612   34  126  711.90000  352.07931  50.5%  77.0 2351s

 307985 255957  374.69827   35   91  711.90000  352.08670  50.5%  77.0 2357s

 308539 256789  688.63855  116  133  711.90000  352.08670  50.5%  77.0 2365s

 309499 257106  479.63762  100  194  711.90000  352.08670  50.5%  77.1 2370s

 309894 257964  364.62360   37  181  711.90000  352.11643  50.5%  77.1 2378s

 310872 258401  358.71782   40  187  711.90000  352.11988  50.5%  77.1 2386s

 311417 258986  457.48691   61  125  711.90000  352.11988  50.5%  77.1 2394s

 312196 259627  380.82641   55  155  711.90000  352.13662  50.5%  77.2 2404s

 312974 260191  411.71673   36  116  711.90000  352.14993  50.5%  77.2 2413s

 313747 261363  425.63508   71   98  711.90000  352.14993  50.5%  77.1 2422s

 315136 262198  374.98523   38  165  711.90000  352.16365  50.5%  77.1 2429s

 316117 263101  400.40779   65  186  711.90000  352.18038  50.5%  77.1 2436s

 317140 263712  487.21447   68  147  711.90000  352.18038  50.5%  77.1 2442s

 317907 263929  566.38096   48  117  711.90000  352.19758  50.5%  77.1 2447s

 318235 264670  398.38997   47  106  711.90000  352.19912  50.5%  77.2 2455s

 319298 264819  451.60656   64  128  711.90000  352.20006  50.5%  77.2 2462s

 319569 265441  452.82852   65  120  711.90000  352.20006  50.5%  77.2 2470s

 320299 265724  376.10663   39  220  711.90000  352.22348  50.5%  77.2 2475s

 320604 266385  463.95113   65  137  711.90000  352.22348  50.5%  77.2 2482s

 321477 266934  379.86573   44  178  711.90000  352.23501  50.5%  77.2 2489s

 322271 267507  659.20050  103  102  711.90000  352.23501  50.5%  77.3 2495s

 322910 268354  472.36907   81  171  711.90000  352.24575  50.5%  77.3 2505s

 323916 269298  360.89799   38  165  711.90000  352.26508  50.5%  77.3 2513s

 324997 269679  379.44722   47  145  711.90000  352.27428  50.5%  77.2 2519s

 325161 269679  425.74166   78  108  711.90000  352.27428  50.5%  77.2 2520s

 325495 270464  681.94836  102  129  711.90000  352.27428  50.5%  77.3 2526s

 326370 271343  515.23031  111  176  711.90000  352.29557  50.5%  77.3 2534s

 327387 271725  660.63345   90   68  711.90000  352.29557  50.5%  77.2 2543s

 327851 273209  439.19172   68  144  711.90000  352.29557  50.5%  77.3 2560s

 329619 273571  410.07839   65  133  711.90000  352.34667  50.5%  77.3 2568s

 330022 274183  513.94502  125  161  711.90000  352.34667  50.5%  77.3 2576s

 330753 274684  484.76964  112   86  711.90000  352.35021  50.5%  77.3 2584s

 331357 275525  414.55206   64  107  711.90000  352.35562  50.5%  77.3 2593s

 332432 276176  403.14629   89  110  711.90000  352.37246  50.5%  77.3 2601s

 333235 276578  382.62614   29  260  711.90000  352.37410  50.5%  77.4 2608s

 333755 277499  461.20199   52  204  711.90000  352.37410  50.5%  77.5 2618s

 334870 278106  421.73153   69  121  711.90000  352.39067  50.5%  77.5 2626s

 335597 279217  461.70498   63  148  711.90000  352.39067  50.5%  77.5 2638s

 336912 280150  363.68631   43  219  711.90000  352.42758  50.5%  77.5 2647s

 337984 280665  646.84575  140  124  711.90000  352.42758  50.5%  77.5 2654s

 338581 281582  534.56937  115  172  711.90000  352.42758  50.5%  77.5 2664s

 339698 282424  427.67405   52  116  711.90000  352.46419  50.5%  77.5 2673s

 340687 283300  394.06511   43  145  711.90000  352.46419  50.5%  77.5 2681s

 341782 283927  388.62608   52  197  711.90000  352.49127  50.5%  77.5 2692s

 342485 284477  442.00072   75  155  711.90000  352.49127  50.5%  77.5 2701s

 343102 285852  421.38951   55  128  711.90000  352.49675  50.5%  77.5 2716s

 344742 286537  599.45891  137  132  711.90000  352.49675  50.5%  77.4 2723s

 345576 287237  385.64670   35   98  711.90000  352.55834  50.5%  77.5 2731s

 346448 287724  386.13005   43  133  711.90000  352.57426  50.5%  77.5 2739s

 346966 288628  611.95697  130  138  711.90000  352.57426  50.5%  77.5 2748s

 347984 289022  597.62007  144  138  711.90000  352.57426  50.5%  77.4 2753s

 348465 289805  452.02963   70  125  711.90000  352.58993  50.5%  77.4 2761s

 349388 289813  379.87680   35  171  711.90000  352.58993  50.5%  77.4 2771s

 349396 289820  386.74612   36  197  711.90000  352.58993  50.5%  77.4 2778s

 349405 289828  390.39776   37  172  711.90000  352.58993  50.5%  77.4 2785s

 349413 289836  381.00384   36  152  711.90000  352.58993  50.5%  77.4 2793s

 349421 289843  384.92857   37  172  711.90000  352.58993  50.5%  77.5 2799s

 349430 289860  390.46205   38  175  711.90000  352.58993  50.5%  77.5 2807s

 349449 289951  389.74062   37  192  711.90000  352.58993  50.5%  77.5 2814s

 349551 290127  414.88642   39  145  711.90000  352.58993  50.5%  77.5 2822s

 349795 290417  394.03608   38  165  711.90000  352.60866  50.5%  77.5 2830s

 350130 291149  440.35003   44  143  711.90000  352.60866  50.5%  77.5 2838s

 351017 291549  369.48851   41  111  711.90000  352.63350  50.5%  77.5 2845s

 351461 292418  478.00370   98  142  711.90000  352.63350  50.5%  77.5 2855s

 352528 292645  359.12539   36  198  711.90000  352.64045  50.5%  77.5 2863s

 352799 293186  359.12539   37  198  711.90000  352.64045  50.5%  77.5 2871s

 353426 293963  467.43742  122  142  711.90000  352.64045  50.5%  77.5 2881s

 354424 294650  392.17790   53  181  711.90000  352.67598  50.5%  77.6 2889s

 355200 295178  521.46473   68  144  711.90000  352.69203  50.5%  77.5 2897s

 355831 296210  357.55929   40  166  711.90000  352.69316  50.5%  77.5 2908s

 356987 297092  383.72805   47  135  711.90000  352.71092  50.5%  77.5 2921s

 358184 297622  398.88675   54  101  711.90000  352.71890  50.5%  77.5 2928s

 358851 298089  399.85196   58  157  711.90000  352.71890  50.5%  77.5 2935s

 359443 298647  599.81968  158  161  711.90000  352.71890  50.5%  77.5 2942s

 360117 298946  431.37303   58  186  711.90000  352.75294  50.4%  77.6 2948s

 360435 299919  468.43483   76  189  711.90000  352.75294  50.4%  77.6 2960s

 361620 300336  580.49822   80  107  711.90000  352.76832  50.4%  77.6 2967s

 362137 301124  430.13817   68  148  711.90000  352.76832  50.4%  77.6 2975s

 363025 302046  370.34370   52  130  711.90000  352.78273  50.4%  77.6 2985s

 364120 302405  451.76725   94  169  711.90000  352.78273  50.4%  77.6 2992s

 364542 303200  592.78680  179  111  711.90000  352.78273  50.4%  77.6 3000s

 365420 304014  464.67383   52  176  711.90000  352.78273  50.4%  77.6 3010s

 366496 304180  684.88118  103  125  711.90000  352.81637  50.4%  77.6 3017s

 366700 305013  393.50476   38  214  711.90000  352.81637  50.4%  77.6 3027s

 367665 305562  372.58377   36  138  711.90000  352.83033  50.4%  77.6 3034s

 368274 306435  497.75297   96   73  711.90000  352.83033  50.4%  77.6 3044s

 369333 307249  661.08151  143  168  711.90000  352.84070  50.4%  77.6 3053s

 370299 308038  398.07674   54  123  711.90000  352.84714  50.4%  77.6 3063s

 371201 308090  403.84391   61  161  711.90000  352.86427  50.4%  77.6 3070s

 371268 308098  404.50903   62  195  711.90000  352.86427  50.4%  77.6 3075s

 371276 308139  404.79344   63  188  711.90000  352.86427  50.4%  77.6 3080s

 371331 308275  404.84026   64  184  711.90000  352.86427  50.4%  77.6 3085s

 371499 308885  427.67008   72  113  711.90000  352.86887  50.4%  77.6 3098s

 372180 309394  381.89372   41  188  711.90000  352.86887  50.4%  77.6 3108s

 372781 310639  578.69259  114  167  711.90000  352.86887  50.4%  77.6 3124s

 373305 310639  377.12052   44  159  711.90000  352.86887  50.4%  77.6 3125s

 374249 311161  379.21990   37  201  711.90000  352.89176  50.4%  77.6 3136s

 374884 311680  488.45907   66  173  711.90000  352.89384  50.4%  77.6 3145s

 375479 312124  475.76997   29  165  711.90000  352.90977  50.4%  77.7 3156s

 376025 312546  442.07500   56  132  711.90000  352.91704  50.4%  77.7 3164s

 376542 313435  426.82423   58  148  711.90000  352.91704  50.4%  77.7 3176s

 377673 314270  461.62875   75  161  711.90000  352.94449  50.4%  77.8 3189s

 378596 314270  441.05075   45  109  711.90000  352.95795  50.4%  77.8 3190s

 378767 314782  383.40513   47  147  711.90000  352.95795  50.4%  77.8 3198s

 379354 315798  377.19021   38  206  711.90000  352.95795  50.4%  77.8 3212s

 380559 316843  367.48315   34  201  711.90000  352.98557  50.4%  77.8 3226s

 381789 317443  588.65775   79  124  711.90000  352.98929  50.4%  77.8 3238s

 382573 317855  660.56725   78  149  711.90000  352.98929  50.4%  77.8 3246s

 383073 318692  458.43053   49  162  711.90000  353.01112  50.4%  77.9 3258s

 384091 319624  687.91681  100  120  711.90000  353.01112  50.4%  77.9 3269s

 385156 320190  596.71627  106  174  711.90000  353.03690  50.4%  77.9 3281s

 385923 320533  390.94662   37  125  711.90000  353.04665  50.4%  78.0 3288s

 386353 321392  365.33527   39  181  711.90000  353.04665  50.4%  78.0 3305s

 387353 322019  366.02794   40  172  711.90000  353.05721  50.4%  78.0 3316s

 388063 322593  584.45298   87  146  711.90000  353.07996  50.4%  78.0 3325s

 388835 323113  354.15502   38  217  711.90000  353.10235  50.4%  78.0 3335s

 389516 323937  361.91415   40  176  711.90000  353.11084  50.4%  78.1 3349s

 390558 324043  356.66738   35  276  711.90000  353.12328  50.4%  78.1 3357s

 390664 324437  361.38098   36  182  711.90000  353.12328  50.4%  78.1 3365s

 391106 325065  381.27593   49  166  711.90000  353.12328  50.4%  78.0 3376s

 391834 325419  564.90933   52   86  711.90000  353.13502  50.4%  78.0 3385s

 392303 326109  693.18020  125  125  711.90000  353.13502  50.4%  78.1 3396s

 393182 326639  414.78889   36  129  711.90000  353.15034  50.4%  78.1 3406s

 393829 327552  603.23653   55  110  711.90000  353.15034  50.4%  78.1 3419s

 394938 328049  671.63497   90  131  711.90000  353.15034  50.4%  78.2 3428s

 395547 329062  548.66957   88  111  711.90000  353.18479  50.4%  78.2 3443s

 396734 329988  406.93235   58  163  711.90000  353.19962  50.4%  78.1 3455s

 397805 330428  382.31131   47  129  711.90000  353.19962  50.4%  78.1 3466s

 398392 331413  515.47172  111   85  711.90000  353.22245  50.4%  78.1 3481s

 399516 332313  575.69210   92  177  711.90000  353.23601  50.4%  78.1 3494s

 400579 333069  395.62234   47  185  711.90000  353.24458  50.4%  78.1 3505s

 401464 333619  475.36724   67  106  711.90000  353.24458  50.4%  78.1 3516s

 402117 334719  373.14525   41  198  711.90000  353.24458  50.4%  78.1 3532s

 403388 335441  674.73467  209  147  711.90000  353.27820  50.4%  78.1 3542s

 404289 336277  479.18464   72  154  711.90000  353.28535  50.4%  78.1 3553s

 405307 336729  385.54149   45  132  711.90000  353.28535  50.4%  78.1 3562s

 405831 337583     cutoff  108       711.90000  353.28535  50.4%  78.1 3574s

 406062 337583  519.45528   85  180  711.90000  353.30420  50.4%  78.1 3575s

 406840 338513  687.21155  135  117  711.90000  353.30877  50.4%  78.1 3586s

 407917 339160  694.22510  190  137  711.90000  353.31398  50.4%  78.1 3596s

 408662 339915  488.34516  102  102  711.90000  353.31398  50.4%  78.1 3609s

 409578 340225  614.20814   84  170  711.90000  353.32672  50.4%  78.1 3616s

 409949 340630  475.68638   69  111  711.90000  353.32672  50.4%  78.1 3629s

 410434 341075  385.81003   58  126  711.90000  353.32672  50.4%  78.1 3640s

 411041 341818  558.49140  124   99  711.90000  353.32672  50.4%  78.1 3652s

 411937 342282  465.65469   69  136  711.90000  353.35558  50.4%  78.1 3661s

 412518 343131  640.07778   79  101  711.90000  353.36525  50.4%  78.1 3674s

 413514 343776  375.78583   38  143  711.90000  353.36525  50.4%  78.1 3684s

 414258 344522  604.15555  114  136  711.90000  353.36525  50.4%  78.1 3694s

 414593 344522  511.00530   70  121  711.90000  353.36584  50.4%  78.1 3695s

 415098 345360  432.70027   85  177  711.90000  353.38241  50.4%  78.1 3708s

 416123 345887  399.78323   45  172  711.90000  353.38765  50.4%  78.1 3719s

 416728 346751  362.00850   35  217  711.90000  353.39523  50.4%  78.1 3734s

 417718 347695  435.26144   50  178  711.90000  353.40896  50.4%  78.2 3750s

 418950 348079 infeasible  114       711.90000  353.41197  50.4%  78.2 3759s

 419423 349086  431.41196   49  130  711.90000  353.42080  50.4%  78.2 3774s

 420554 349800  567.43907  114   96  711.90000  353.43182  50.4%  78.2 3785s

 421442 350127  442.97500   61   99  711.90000  353.44865  50.4%  78.3 3793s

 421854 350777  355.88685   40  151  711.90000  353.44865  50.4%  78.3 3810s

 422646 351636  372.88377   59  148  711.90000  353.45828  50.4%  78.3 3827s

 423659 352174  439.69747   63  165  711.90000  353.47856  50.3%  78.3 3837s

 424264 353111  562.65131  102  160  711.90000  353.47856  50.3%  78.3 3853s

 425431 353968  513.61774   74  165  711.90000  353.49455  50.3%  78.3 3864s

 426444 354534  665.81490  136  174  711.90000  353.50324  50.3%  78.3 3875s

 427127 355574  654.60812  105  131  711.90000  353.50990  50.3%  78.3 3890s

 428293 355774  483.62256   89  154  711.90000  353.51361  50.3%  78.3 3902s

 428529 356506  528.83091  130  174  711.90000  353.51361  50.3%  78.3 3914s

 429378 357114  646.40157  122  143  711.90000  353.51361  50.3%  78.3 3925s

 430099 357811  396.86355   38  144  711.90000  353.52504  50.3%  78.3 3936s

 431016 358609  528.23654   90  151  711.90000  353.53116  50.3%  78.3 3951s

 432022 359249  528.49242  101  200  711.90000  353.53255  50.3%  78.3 3962s

 432755 359540  376.71419   40  200  711.90000  353.53255  50.3%  78.3 3969s

 433145 360427  478.57141   46  107  711.90000  353.54356  50.3%  78.4 3984s

 434181 360957  418.56151   51  168  711.90000  353.55526  50.3%  78.4 3993s

 434803 361679  588.23259  132  144  711.90000  353.55542  50.3%  78.4 4009s

 435810 362192  389.93674   37  134  711.90000  353.56110  50.3%  78.4 4020s

 436566 362389  374.50065   35  146  711.90000  353.57376  50.3%  78.4 4032s

 436837 362668 infeasible   35       711.90000  353.57794  50.3%  78.5 4042s

 437181 363337 infeasible   36       711.90000  353.57818  50.3%  78.5 4054s

 438009 363941  475.63652   54  131  711.90000  353.59287  50.3%  78.5 4067s

 438785 364763  390.79190   38  196  711.90000  353.59714  50.3%  78.5 4084s

 439852 365128 infeasible   78       711.90000  353.60617  50.3%  78.5 4094s

 440296 366195  387.34272   39  198  711.90000  353.60872  50.3%  78.6 4111s

 441549 366841  430.22472   40  123  711.90000  353.61831  50.3%  78.6 4123s

 442365 367515  410.95847   37  167  711.90000  353.61871  50.3%  78.6 4136s

 443190 368150  408.99395   61  175  711.90000  353.62705  50.3%  78.6 4147s

 443931 368603  579.74309  134  136  711.90000  353.62780  50.3%  78.7 4158s

 444479 369526  414.20028   63  101  711.90000  353.62780  50.3%  78.7 4175s

 445583 370480  643.05552   99  145  711.90000  353.64768  50.3%  78.7 4193s

 446725 371276  447.38453   64  101  711.90000  353.65276  50.3%  78.6 4208s

 447629 371721  369.67169   34  183  711.90000  353.65276  50.3%  78.6 4216s

 448120 372151  504.09234   94  104  711.90000  353.65276  50.3%  78.6 4232s

 448695 372915  393.91293   44  140  711.90000  353.65276  50.3%  78.6 4246s

 449578 373565 infeasible   83       711.90000  353.65276  50.3%  78.6 4259s

 450319 373803  633.16407  159  121  711.90000  353.65276  50.3%  78.6 4267s

 450627 374436  398.81325   42  194  711.90000  353.69201  50.3%  78.6 4279s

 451360 375297  666.06660  104  201  711.90000  353.69218  50.3%  78.6 4293s

 452346 376183     cutoff  179       711.90000  353.70647  50.3%  78.6 4306s

 453358 376567  373.38149   44  190  711.90000  353.70785  50.3%  78.6 4315s

 453845 377182  511.73023   88   49  711.90000  353.70785  50.3%  78.6 4329s

 454659 377913  366.55515   31  116  711.90000  353.73195  50.3%  78.7 4340s

 455464 378406  408.97301   59  163  711.90000  353.73195  50.3%  78.7 4351s

 456030 378650  536.36888  131  157  711.90000  353.73197  50.3%  78.7 4365s

 456296 379248  540.96512  132  162  711.90000  353.73197  50.3%  78.7 4378s

 456962 379901  548.82806  133  146  711.90000  353.75016  50.3%  78.7 4390s

 457718 380580  548.85198  134  140  711.90000  353.75016  50.3%  78.7 4404s

 458531 381357  699.82823  206  146  711.90000  353.75016  50.3%  78.7 4419s

 459433 381915  394.45682   42  165  711.90000  353.75016  50.3%  78.7 4431s

 460130 382800  369.56643   39  190  711.90000  353.79084  50.3%  78.7 4448s

 461085 383599  605.54635  131  196  711.90000  353.79084  50.3%  78.7 4461s

 462031 384139  508.87017   80  163  711.90000  353.81082  50.3%  78.6 4471s

 462651 384800  538.05767   55   90  711.90000  353.81555  50.3%  78.6 4483s

 463508 385442     cutoff   96       711.90000  353.81942  50.3%  78.6 4496s

 464258 386063  685.42235  105  113  711.90000  353.81942  50.3%  78.7 4508s

 465091 386881  416.11817   65  126  711.90000  353.86298  50.3%  78.7 4524s

 466061 387154  369.69875   30  156  711.90000  353.86298  50.3%  78.7 4531s

 466373 388161  411.20960   48  199  711.90000  353.87850  50.3%  78.7 4548s

 467514 388853  361.56906   44  163  711.90000  353.88619  50.3%  78.6 4563s

 468350 389536  394.76501   39  156  711.90000  353.90050  50.3%  78.6 4575s

 469177 390033  441.81213   43  137  711.90000  353.90849  50.3%  78.7 4588s

 469834 390380  593.56833   75  100  711.90000  353.90849  50.3%  78.7 4597s

 470274 391109  584.91983   68  109  711.90000  353.90849  50.3%  78.7 4612s

 471145 391422  447.90110   55   95  711.90000  353.90849  50.3%  78.7 4626s

 471497 391878  361.62870   40  204  711.90000  353.93516  50.3%  78.7 4639s

 471846 391878  575.17430   76   99  711.90000  353.93670  50.3%  78.7 4640s

 472047 392723  647.20197  109   88  711.90000  353.94001  50.3%  78.7 4657s

 473060 393199  388.96832   47  179  711.90000  353.94667  50.3%  78.6 4666s

 473659 393938  479.74811  121  114  711.90000  353.94667  50.3%  78.6 4683s

 474520 394745  365.65028   36  230  711.90000  353.95439  50.3%  78.6 4701s

 475474 395723  384.86862   39  144  711.90000  353.96963  50.3%  78.6 4721s

 476571 396015  602.21557  125  156  711.90000  353.96963  50.3%  78.6 4730s

 476920 397004  424.82115   52  156  711.90000  353.98073  50.3%  78.6 4751s

 478135 397707  416.39545   53  181  711.90000  353.98145  50.3%  78.6 4764s

 478974 397945  501.85556   88  144  711.90000  353.99635  50.3%  78.6 4771s

 479249 398832  529.51862   97  153  711.90000  353.99635  50.3%  78.6 4788s

 480286 399087  592.27799  117  124  711.90000  354.01369  50.3%  78.6 4794s

 480582 399904  422.29549   60  146  711.90000  354.01405  50.3%  78.6 4810s

 481477 399912  371.44379   38  187  711.90000  354.01405  50.3%  78.6 4823s

 481485 399920  373.98907   39  177  711.90000  354.01405  50.3%  78.6 4833s

 481493 399928  373.98907   40  177  711.90000  354.01405  50.3%  78.6 4842s

 481501 399936  384.21412   41  184  711.90000  354.01405  50.3%  78.6 4851s

 481509 399944  389.33672   42  170  711.90000  354.01405  50.3%  78.6 4870s

 481517 399975  392.19312   43  199  711.90000  354.01405  50.3%  78.6 4886s

 481566 400067  394.10899   44  190  711.90000  354.01405  50.3%  78.6 4898s

 481699 400238  394.15883   46  185  711.90000  354.01405  50.3%  78.6 4906s

 481882 400632  426.77107   70  161  711.90000  354.01405  50.3%  78.6 4921s

 482383 400901  364.22603   35  198  711.90000  354.02981  50.3%  78.6 4930s

 482694 401823  476.36885   68  178  711.90000  354.02981  50.3%  78.6 4949s

 483736 402771  489.08105   95  164  711.90000  354.04593  50.3%  78.6 4971s

 484824 403203  423.51493   57  174  711.90000  354.05605  50.3%  78.6 4985s

 485302 404155  585.15101  100  175  711.90000  354.05605  50.3%  78.6 5005s

 486359 405174  564.50053  115  146  711.90000  354.08259  50.3%  78.6 5027s

 487650 405954  686.68223  189  143  711.90000  354.09629  50.3%  78.5 5044s

 488581 406205  373.57819   41  195  711.90000  354.10701  50.3%  78.5 5062s

 488864 406691  407.82766   58  166  711.90000  354.10701  50.3%  78.5 5075s

 489426 407468  679.29257  128  128  711.90000  354.10800  50.3%  78.5 5092s

 490303 408395  517.12055  114  158  711.90000  354.12496  50.3%  78.5 5113s

 491354 408851  458.71875   77  119  711.90000  354.13285  50.3%  78.5 5122s

 491887 409656  375.65287   31  170  711.90000  354.13285  50.3%  78.5 5134s

 492773 410400  539.36434  112  164  711.90000  354.13285  50.3%  78.5 5152s

 493687 411041  413.66102   60  174  711.90000  354.15210  50.3%  78.5 5165s

 494486 411509  610.80325   96  104  711.90000  354.15478  50.3%  78.5 5180s

 495130 411803  583.35164   61   86  711.90000  354.17542  50.2%  78.5 5187s

 495469 412587  446.28695   62  145  711.90000  354.17542  50.2%  78.6 5204s

 496349 413375  479.42410   55  107  711.90000  354.18804  50.2%  78.6 5224s

 496828 413375  647.13518  126  168  711.90000  354.18902  50.2%  78.6 5225s

 497320 414012  426.63496   64  159  711.90000  354.19344  50.2%  78.6 5237s

 498139 414552  541.66249   66  122  711.90000  354.20535  50.2%  78.6 5249s

 498773 415323  533.55643   50  136  711.90000  354.20535  50.2%  78.6 5267s

 499706 415978  565.83029  109  143  711.90000  354.22797  50.2%  78.6 5287s

 500487 416700  381.08672   49   96  711.90000  354.23695  50.2%  78.6 5304s

 501119 416700 infeasible   99       711.90000  354.23695  50.2%  78.6 5305s

 501338 417087  638.60390  107  188  711.90000  354.23695  50.2%  78.6 5316s

 501812 417498  422.33577   60  129  711.90000  354.23695  50.2%  78.7 5336s

 502257 418062  380.74842   38  195  711.90000  354.25177  50.2%  78.6 5353s

 502919 418573  405.45171   45   73  711.90000  354.25531  50.2%  78.6 5368s

 503536 419572  474.50788   47   89  711.90000  354.26348  50.2%  78.7 5388s

 504730 420446  395.60124   32  195  711.90000  354.28119  50.2%  78.6 5407s

 505762 421098  416.34211   58  205  711.90000  354.29395  50.2%  78.6 5422s

 506546 421607  363.21569   33  209  711.90000  354.29696  50.2%  78.7 5432s

 507221 421975  511.45825   61  158  711.90000  354.29696  50.2%  78.7 5443s

 507709 422536  490.53198   51  124  711.90000  354.31097  50.2%  78.7 5457s

 508415 423284  447.83050   65  113  711.90000  354.31846  50.2%  78.8 5478s

 509432 423582  385.51296   41  106  711.90000  354.32270  50.2%  78.8 5488s

 509802 424429  385.48269   46   86  711.90000  354.32270  50.2%  78.8 5506s

 510874 425270  664.65263   88  107  711.90000  354.33502  50.2%  78.8 5526s

 511906 425891  392.72066   40  119  711.90000  354.35742  50.2%  78.8 5538s

 512668 426668  658.40804   99   96  711.90000  354.35742  50.2%  78.8 5556s

 513619 427211  374.28058   41  124  711.90000  354.36400  50.2%  78.8 5568s

 514242 427972  415.90794   40  167  711.90000  354.38623  50.2%  78.9 5585s

 515171 428392  586.30275   76  131  711.90000  354.39521  50.2%  78.9 5603s

 515694 428816  371.12267   44   84  711.90000  354.39521  50.2%  78.9 5614s

 516175 429691  648.78410  131  160  711.90000  354.39521  50.2%  78.9 5633s

 517185 430499  673.79745  129  123  711.90000  354.42823  50.2%  78.9 5648s

 518138 430862  478.48162   74  206  711.90000  354.43863  50.2%  78.9 5658s

 518581 431627  506.75253   92  173  711.90000  354.43863  50.2%  78.9 5675s

 519511 431985  374.38542   44  170  711.90000  354.43863  50.2%  78.9 5696s

 519974 432640  440.46428   59   72  711.90000  354.45222  50.2%  79.0 5718s

 520801 434313  398.11383   65  141  711.90000  354.45222  50.2%  79.0 5754s

 522733 434711  367.08506   41  200  711.90000  354.47143  50.2%  79.0 5766s

 523263 435577  462.65307   61   87  711.90000  354.47143  50.2%  79.0 5784s

 524324 436249  445.38154   67  135  711.90000  354.48656  50.2%  79.0 5803s

 525236 437122  471.67792   51  108  711.90000  354.49664  50.2%  79.1 5818s

 526188 437959  470.73364   92  139  711.90000  354.49722  50.2%  79.1 5838s

 527198 438572  563.87806   93  136  711.90000  354.51004  50.2%  79.1 5850s

 527920 439238  679.50222   99  129  711.90000  354.51769  50.2%  79.1 5871s

 528730 439962  561.68566   65  122  711.90000  354.52978  50.2%  79.1 5892s

 529669 440876     cutoff   64       711.90000  354.53671  50.2%  79.1 5910s

 530821 441025  369.15172   46  164  711.90000  354.55008  50.2%  79.1 5926s

 530982 441694  418.05161   55   96  711.90000  354.55008  50.2%  79.1 5944s

 531805 442099  470.94315   42   85  711.90000  354.55148  50.2%  79.1 5957s

 532319 442647  367.43497   47  118  711.90000  354.55148  50.2%  79.1 5975s

 533071 443172  561.25277   60  147  711.90000  354.56885  50.2%  79.2 5988s

 533700 443990  489.24548   75  127  711.90000  354.56885  50.2%  79.2 6008s

 534674 444920  460.57421   89  151  711.90000  354.58247  50.2%  79.2 6028s

 535767 445535  461.92922   83  182  711.90000  354.58247  50.2%  79.2 6043s

 536541 445927  497.89952   80  126  711.90000  354.58247  50.2%  79.2 6052s

 537000 446702  408.76635   42  126  711.90000  354.59704  50.2%  79.2 6068s

 537931 447546  385.71209   34  123  711.90000  354.60483  50.2%  79.3 6084s

 538938 448287  475.36011   47  166  711.90000  354.61512  50.2%  79.2 6101s

 539806 448851  401.43069   55  147  711.90000  354.61722  50.2%  79.2 6112s

 540423 449161  543.07624  115  160  711.90000  354.63084  50.2%  79.2 6131s

 540770 449536  544.65698  116  160  711.90000  354.63084  50.2%  79.2 6143s

 541254 450009  383.45263   42  170  711.90000  354.63403  50.2%  79.3 6156s

 541825 450358  508.01433   67  102  711.90000  354.63403  50.2%  79.3 6168s

 542300 451080  380.63447   47  146  711.90000  354.63403  50.2%  79.3 6187s

 543169 451871  370.00068   28  209  711.90000  354.66313  50.2%  79.3 6206s

 544131 452660  521.47709   59  154  711.90000  354.67645  50.2%  79.3 6222s

 545048 453262  532.25069   90  108  711.90000  354.68740  50.2%  79.3 6235s

 545728 454153  452.39960   84  155  711.90000  354.68822  50.2%  79.3 6255s

 546718 455105  390.98690   56  112  711.90000  354.68822  50.2%  79.3 6272s

 547810 455970  431.53262   65  179  711.90000  354.70853  50.2%  79.3 6291s

 548803 456537  409.03722   52  182  711.90000  354.72502  50.2%  79.3 6306s

 549480 457320  550.49878  103  184  711.90000  354.72502  50.2%  79.3 6325s

 550476 457932  360.50384   38  212  711.90000  354.73632  50.2%  79.3 6337s

 551187 458563  666.54001  135  162  711.90000  354.73710  50.2%  79.3 6357s

 552025 459300  361.14217   34  129  711.90000  354.75054  50.2%  79.3 6371s

 552858 459655  552.10939  141  142  711.90000  354.75054  50.2%  79.3 6380s

 553241 460316  478.78125   51  146  711.90000  354.75054  50.2%  79.3 6403s

 554028 461227  426.13166   45  208  711.90000  354.76885  50.2%  79.3 6422s

 555071 461962  414.30538   58  104  711.90000  354.76943  50.2%  79.3 6439s

 555931 462278  376.71588   35  196  711.90000  354.78323  50.2%  79.3 6458s

 556295 462581  377.29341   36  179  711.90000  354.78323  50.2%  79.3 6472s

 556659 463163  379.42386   37  157  711.90000  354.78323  50.2%  79.3 6490s

 557332 463512  385.91863   38  171  711.90000  354.78773  50.2%  79.3 6502s

 557747 464443  514.63504   81  153  711.90000  354.78773  50.2%  79.3 6525s

 558867 465119  569.16590   46  150  711.90000  354.80576  50.2%  79.3 6542s

 559705 465551  366.29510   32  213  711.90000  354.81059  50.2%  79.4 6554s

 560237 466666  456.49044   53  175  711.90000  354.81059  50.2%  79.4 6580s

 561484 467560  501.61031  104  108  711.90000  354.82144  50.2%  79.4 6600s

 562562 468072  388.79670   38  184  711.90000  354.83407  50.2%  79.3 6615s

 563165 468873  371.66188   27  173  711.90000  354.85150  50.2%  79.4 6633s

 564069 469269     cutoff  164       711.90000  354.85158  50.2%  79.4 6647s

 564519 470796  542.46953   67  124  711.90000  354.85158  50.2%  79.4 6686s

 566344 471173  574.71797  118  130  711.90000  354.89258  50.1%  79.4 6696s

 566799 471974  506.07402   52  142  711.90000  354.89258  50.1%  79.4 6717s

 567768 472890  567.50787   86   88  711.90000  354.90612  50.1%  79.5 6735s

 568835 473436  609.34793   76  122  711.90000  354.90958  50.1%  79.5 6749s

 569481 474098  373.71877   35  248  711.90000  354.91942  50.1%  79.5 6770s

 570337 474397  437.02621   52  125  711.90000  354.92740  50.1%  79.5 6782s

 570755 475021  369.34357   43  154  711.90000  354.92740  50.1%  79.5 6795s

 571461 475702  622.85715   57   72  711.90000  354.92740  50.1%  79.6 6813s

 572406 476128  590.59922   94  193  711.90000  354.94697  50.1%  79.6 6827s

 573111 476847  479.50836   86  111  711.90000  354.94697  50.1%  79.7 6847s

 573983 477296  362.25704   45  232  711.90000  354.94697  50.1%  79.7 6858s

 574507 478162  478.15165   87  101  711.90000  354.94697  50.1%  79.7 6882s

 575593 478720  375.31464   49  169  711.90000  354.97791  50.1%  79.7 6896s

 576218 479711  497.68420  112  133  711.90000  354.97791  50.1%  79.7 6922s

 577304 480005  500.57682   74  145  711.90000  354.98727  50.1%  79.7 6942s

 577673 480548  473.42900   51  198  711.90000  354.98969  50.1%  79.7 6958s

 578280 481411  392.70751   47   74  711.90000  355.00210  50.1%  79.7 6982s

 579304 482381  423.05037   53  222  711.90000  355.00210  50.1%  79.7 7003s

 580444 483005  404.67183   38  130  711.90000  355.02521  50.1%  79.7 7020s

 581179 483166  377.36695   46  170  711.90000  355.04809  50.1%  79.7 7027s

 581361 483945  454.79226   71  189  711.90000  355.05271  50.1%  79.7 7047s

 582285 484891  440.54415   50  224  711.90000  355.05801  50.1%  79.7 7066s

 583364 485552  366.97603   32  138  711.90000  355.05801  50.1%  79.6 7082s

 584132 486025  584.29797  122  107  711.90000  355.06793  50.1%  79.6 7092s

 584649 486587  590.66513   74  128  711.90000  355.06793  50.1%  79.6 7109s

 585317 487351  488.16752   91  173  711.90000  355.08427  50.1%  79.6 7122s

 586169 488053  402.46356   44  208  711.90000  355.08427  50.1%  79.6 7144s

 586952 488280  365.03837   38  135  711.90000  355.09330  50.1%  79.6 7161s

 587191 488832  391.68019   47  165  711.90000  355.09330  50.1%  79.6 7181s

 587823 489539  704.12964  155  143  711.90000  355.09330  50.1%  79.6 7200s

 588656 489951  578.40623  119  170  711.90000  355.10851  50.1%  79.6 7208s

 589096 490603  384.24913   53  147  711.90000  355.10960  50.1%  79.6 7227s

 589845 491408  433.38693   56  167  711.90000  355.10960  50.1%  79.7 7243s

 590806 492168  418.45942   46  157  711.90000  355.12018  50.1%  79.6 7260s

 591690 492758  523.21189   68  113  711.90000  355.12188  50.1%  79.7 7281s

 592457 493692  432.29260   83  133  711.90000  355.12716  50.1%  79.7 7298s

 593497 494143  537.70841   75   86  711.90000  355.12955  50.1%  79.7 7317s

 594107 494472  458.76199   47  161  711.90000  355.13816  50.1%  79.7 7343s

 594508 496041  458.78224   48  155  711.90000  355.13975  50.1%  79.7 7388s

 596361 496385  460.14762   53  138  711.90000  355.15165  50.1%  79.6 7400s

 596747 497392  379.47203   39  154  711.90000  355.16161  50.1%  79.6 7427s

 597912 498237  394.25794   44  151  711.90000  355.17671  50.1%  79.6 7450s

 598917 498704  658.40404   60  114  711.90000  355.18698  50.1%  79.6 7464s

 599503 499406  443.59555   64  164  711.90000  355.18698  50.1%  79.6 7486s

 600372 500033  607.17532   65  102  711.90000  355.21546  50.1%  79.7 7509s

 601210 500464  425.54246   45  164  711.90000  355.21546  50.1%  79.7 7535s

 601712 500920  426.17579   46  166  711.90000  355.21546  50.1%  79.7 7551s

 602240 501836  428.35765   47  175  711.90000  355.21546  50.1%  79.7 7579s

 603353 502768  389.38600   41  128  711.90000  355.25954  50.1%  79.7 7599s

 604398 503282  516.28970   88  144  711.90000  355.26214  50.1%  79.7 7618s

 605026 504213  370.66669   43  102  711.90000  355.27553  50.1%  79.7 7646s

 606109 504981  482.93975   50  170  711.90000  355.27898  50.1%  79.7 7668s

 607021 505591  422.93171   48  161  711.90000  355.30435  50.1%  79.7 7688s

 607813 506005  369.71157   39  181  711.90000  355.30435  50.1%  79.8 7700s

 608299 507086  448.83944   76  140  711.90000  355.30435  50.1%  79.8 7728s

 609559 508036  467.64551   76  136  711.90000  355.32412  50.1%  79.7 7758s

 610767 508392  519.27997   85  166  711.90000  355.32720  50.1%  79.7 7779s

 610938 508392  384.02467   42  124  711.90000  355.32720  50.1%  79.7 7780s

 611195 508735  609.98451  111   81  711.90000  355.32720  50.1%  79.7 7794s

 611592 509545  442.92045   70  131  711.90000  355.32720  50.1%  79.7 7821s

 612571 510380  431.85643   48   99  711.90000  355.33926  50.1%  79.7 7844s

 613274 510380  575.38687   91   66  711.90000  355.33926  50.1%  79.7 7845s

 613551 510807  450.06454   51  119  711.90000  355.33926  50.1%  79.7 7861s

 614066 511626  461.03869   73  205  711.90000  355.34325  50.1%  79.7 7883s

 615009 512464  386.59653   38   90  711.90000  355.35162  50.1%  79.7 7904s

 615138 512464  397.16299   58  150  711.90000  355.35162  50.1%  79.7 7905s

 615961 512826  496.54129   59  131  711.90000  355.35162  50.1%  79.7 7918s

 616451 513389  379.52421   31  143  711.90000  355.35162  50.1%  79.7 7935s

 617173 513751  364.44435   32  214  711.90000  355.36601  50.1%  79.7 7948s

 617640 514547  656.43214   88  123  711.90000  355.36999  50.1%  79.8 7974s

 618627 515322  476.70846   88  137  711.90000  355.38046  50.1%  79.8 7996s

 619574 515397  368.62007   43  203  711.90000  355.38512  50.1%  79.8 8018s

 619669 515586  369.99046   44  194  711.90000  355.38512  50.1%  79.8 8030s

 619882 516129  372.36977   45  174  711.90000  355.38512  50.1%  79.8 8052s

 620535 516597  459.81767  100  205  711.90000  355.38552  50.1%  79.8 8069s

 621105 517461  653.33936  178  144  711.90000  355.38798  50.1%  79.8 8100s

 622228 518371  603.28318  122  186  711.90000  355.38798  50.1%  79.8 8128s

 623338 519239  464.90154   72  154  711.90000  355.39789  50.1%  79.8 8148s

 624346 519818  558.69372  101  168  711.90000  355.42243  50.1%  79.7 8169s

 625043 520811  433.13086   56  161  711.90000  355.42278  50.1%  79.7 8199s

 626082 520811  673.00625  149  126  711.90000  355.43254  50.1%  79.7 8200s

 626197 521608  617.06426   92   72  711.90000  355.43254  50.1%  79.7 8221s

 627101 521974  401.00323   46  103  711.90000  355.43254  50.1%  79.7 8235s

 627518 522943  359.77803   39  217  711.90000  355.44134  50.1%  79.7 8263s

 628628 523579  537.30998  108  141  711.90000  355.44134  50.1%  79.7 8280s

 629422 523587  380.32862   46   70  711.90000  355.46084  50.1%  79.7 8303s

 629430 523595  412.53455   47   74  711.90000  355.46084  50.1%  79.7 8321s

 629438 523603  484.35347   47   59  711.90000  355.46084  50.1%  79.7 8331s

 629446 523611  412.71367   48   73  711.90000  355.46084  50.1%  79.7 8349s

 629454 523619  419.91251   48   51  711.90000  355.46084  50.1%  79.8 8374s

 629462 523627  412.92321   49   73  711.90000  355.46084  50.1%  79.8 8399s

 629470 523635  419.54471   49   51  711.90000  355.46084  50.1%  79.8 8428s

 629478 523747  413.07906   50   68  711.90000  355.46084  50.1%  79.8 8455s

 629677 523950  418.94717   50   65  711.90000  355.46084  50.1%  79.8 8478s

 629946 524288  413.11301   51   68  711.90000  355.46084  50.1%  79.8 8497s

 630332 524630  420.82533   51   53  711.90000  355.46804  50.1%  79.8 8520s

 630755 525122  424.52128   52   54  711.90000  355.46804  50.1%  79.8 8540s

 631354 526045  442.02462   52   48  711.90000  355.46804  50.1%  79.8 8571s

 632434 527035  427.02054   53   59  711.90000  355.48239  50.1%  79.8 8600s

 633616 527505  391.38241   51  198  711.90000  355.49327  50.1%  79.8 8616s

 634142 528147  449.87178   68  103  711.90000  355.49327  50.1%  79.8 8644s

 634909 528845  368.03540   37  229  711.90000  355.50560  50.1%  79.8 8666s

 635886 528954  486.38149   50  120  711.90000  355.50560  50.1%  79.9 8691s

 636055 529239  411.62969   48  125  711.90000  355.50560  50.1%  79.9 8710s

 636399 529778     cutoff   57       711.90000  355.50560  50.1%  79.9 8732s

 637121 531003  428.18511   78  118  711.90000  355.51377  50.1%  79.9 8770s

 638659 531817  407.67412   37  163  711.90000  355.51963  50.1%  79.8 8800s

 639740 532568  408.34240   41  146  711.90000  355.51963  50.1%  79.9 8827s

 640702 533380  656.11006   62  165  711.90000  355.54332  50.1%  79.9 8852s

 641696 533744  584.24318  103   92  711.90000  355.55207  50.1%  79.9 8863s

 642104 534586  478.01194   71  138  711.90000  355.55207  50.1%  79.9 8890s

 643096 535348  393.80248   37  179  711.90000  355.55970  50.1%  79.9 8913s

 643957 536159  385.87132   46  164  711.90000  355.56140  50.1%  79.9 8941s

 644980 536807 infeasible  193       711.90000  355.56140  50.1%  79.8 8957s

 645691 537131  477.90490   72  146  711.90000  355.56140  50.1%  79.9 8970s

 646118 538101  381.36909   44  233  711.90000  355.58001  50.1%  79.9 9001s

 647255 538883  389.94660   43  121  711.90000  355.58557  50.1%  79.8 9022s

 648225 539409  395.26863   27  221  711.90000  355.59080  50.1%  79.8 9036s

 648793 540139  537.57617   91  162  711.90000  355.59080  50.1%  79.8 9056s

 649661 540558  605.83486  154  199  711.90000  355.59080  50.1%  79.8 9071s

 650207 541288  367.96167   37  143  711.90000  355.61673  50.0%  79.9 9095s

 651106 541965  439.84947   52  164  711.90000  355.62357  50.0%  79.9 9114s

 651217 541965  375.59834   44  232  711.90000  355.62357  50.0%  79.9 9115s

 651920 542337  436.64446   57   86  711.90000  355.62675  50.0%  79.9 9129s

 652387 543163  373.05941   46  150  711.90000  355.62738  50.0%  79.9 9154s

 653385 543741  383.87380   39  179  711.90000  355.62761  50.0%  79.9 9169s

 654045 544560  558.49110   97  155  711.90000  355.62761  50.0%  79.9 9196s

 655008 545431  484.09447   77  151  711.90000  355.64462  50.0%  79.9 9222s

 655991 545589  462.06727   67  112  711.90000  355.64462  50.0%  79.9 9242s

 656197 546380  613.21055  106  120  711.90000  355.64462  50.0%  79.9 9269s

 656944 546380  429.75969   41   90  711.90000  355.65210  50.0%  79.9 9270s

 657075 546900  532.98765  102  200  711.90000  355.65210  50.0%  79.9 9290s

 657739 547790  382.92728   43  141  711.90000  355.67858  50.0%  79.9 9318s

 658773 548650  434.22489   30  172  711.90000  355.68020  50.0%  79.9 9341s

 659891 549110  398.77040   61  119  711.90000  355.69195  50.0%  79.9 9360s

 660494 550010  513.44111  101  130  711.90000  355.69195  50.0%  79.9 9388s

 661586 550809  693.38282  104  122  711.90000  355.70366  50.0%  79.9 9408s

 662515 551130  660.96896  121   86  711.90000  355.70778  50.0%  79.9 9433s

 662892 551728  372.98454   46  170  711.90000  355.70781  50.0%  79.9 9457s

 663652 552386  370.16307   46   77  711.90000  355.70818  50.0%  79.9 9479s

 664434 552706  370.68760   39  156  711.90000  355.70818  50.0%  80.0 9492s

 664770 553779  503.09524   82  142  711.90000  355.71606  50.0%  80.0 9528s

 666047 554441  553.06890  112  101  711.90000  355.72213  50.0%  79.9 9548s

 666926 555148  374.74646   38  204  711.90000  355.73424  50.0%  79.9 9575s

 667798 555890  400.92253   50  166  711.90000  355.74043  50.0%  80.0 9595s

 668636 556832  367.50629   32  207  711.90000  355.74043  50.0%  80.0 9627s

 669739 557516  591.95041   74  100  711.90000  355.74963  50.0%  79.9 9646s

 670496 558458  444.37207   66  176  711.90000  355.74963  50.0%  79.9 9676s

 671625 558771  518.03452  138  112  711.90000  355.76013  50.0%  79.9 9690s

 672020 559581  448.01541   62  146  711.90000  355.76024  50.0%  80.0 9717s

 672971 560209  636.63850  131  162  711.90000  355.77404  50.0%  80.0 9738s

 673676 561104 infeasible  105       711.90000  355.77404  50.0%  80.0 9768s

 674750 561597  403.87464   45  160  711.90000  355.78981  50.0%  80.0 9784s

 675308 562442  367.54995   41  190  711.90000  355.79100  50.0%  80.0 9814s

 676402 563148  434.41243   50  118  711.90000  355.79100  50.0%  80.0 9837s

 677288 563548  370.74329   35  125  711.90000  355.80090  50.0%  80.0 9868s

 677759 563893  453.11344   45  108  711.90000  355.80090  50.0%  80.0 9883s

 678162 564855  401.24018   40  197  711.90000  355.80090  50.0%  80.0 9916s

 679263 565675  604.51652  131  184  711.90000  355.80090  50.0%  80.0 9940s

 680196 566453  455.68420   63  185  711.90000  355.82584  50.0%  80.0 9970s

 681205 567185  384.61025   43   88  711.90000  355.83923  50.0%  80.0 9989s

 682044 567979  370.70217   41  187  711.90000  355.84594  50.0%  80.0 10018s

 683012 568894  572.03882   95  144  711.90000  355.85368  50.0%  80.0 10042s

 684086 569739  376.88014   60  101  711.90000  355.86298  50.0%  79.9 10069s

 685024 570431  361.16327   31  136  711.90000  355.87197  50.0%  79.9 10088s

 685778 571417  487.06610  100  166  711.90000  355.87197  50.0%  79.9 10121s

 686936 572084  566.66750   61  222  711.90000  355.87197  50.0%  79.9 10153s

 687703 572510  391.62022   49  133  711.90000  355.87197  50.0%  79.9 10171s

 688223 573285  530.61270   79  121  711.90000  355.89001  50.0%  79.9 10193s

 689116 574196  499.70929   68  153  711.90000  355.89208  50.0%  79.9 10221s

 690183 574670  546.79311   69   93  711.90000  355.90022  50.0%  80.0 10240s

 690831 574960  457.73126   41  266  711.90000  355.90210  50.0%  80.0 10271s

 691141 575743  457.73126   42  275  711.90000  355.90210  50.0%  80.0 10301s

 692013 576148  460.37118   43  244  711.90000  355.90210  50.0%  79.9 10321s

 692533 576762  460.86970   44  226  711.90000  355.90210  50.0%  79.9 10346s

 693250 577506  375.96438   41  187  711.90000  355.92619  50.0%  80.0 10371s

 694121 578341  388.97034   50  124  711.90000  355.93181  50.0%  79.9 10396s

 695127 578885  531.16702   70  188  711.90000  355.93935  50.0%  80.0 10418s

 695792 579906  377.93816   47  120  711.90000  355.93935  50.0%  80.0 10453s

 696965 580415  634.83193  159  149  711.90000  355.94863  50.0%  79.9 10469s

 697569 581416  430.72191   80  148  711.90000  355.95197  50.0%  79.9 10493s

 698686 582233  433.87794   68  139  711.90000  355.95197  50.0%  79.9 10519s

 699634 582901  419.08301   43  139  711.90000  355.96657  50.0%  79.9 10543s

 700482 583809  368.80957   43  103  711.90000  355.97128  50.0%  80.0 10571s

 701537 584336  383.90942   47  118  711.90000  355.97843  50.0%  80.0 10585s

 702134 584915  377.40704   40  187  711.90000  355.98541  50.0%  80.0 10610s

 702881 585518  411.26038   32  109  711.90000  355.99334  50.0%  80.0 10634s

 703674 586306  399.82179   54  129  711.90000  355.99788  50.0%  80.0 10657s

 704597 586675  380.60880   36  153  711.90000  356.00249  50.0%  80.1 10676s

 705058 587396  547.03173   88  122  711.90000  356.00249  50.0%  80.1 10704s

 706048 588217  475.38935   56   76  711.90000  356.01915  50.0%  80.1 10724s

 706303 588217  517.90698   75   72  711.90000  356.01915  50.0%  80.1 10725s

 707047 588746  698.73486  131  167  711.90000  356.03186  50.0%  80.1 10744s

 707239 588746  394.76987   55  141  711.90000  356.03337  50.0%  80.1 10745s

 707688 589659  507.64614   83  145  711.90000  356.03720  50.0%  80.1 10776s

 708738 590287  479.76559   60  148  711.90000  356.03720  50.0%  80.1 10794s

 709494 591128  555.65135   75   99  711.90000  356.03720  50.0%  80.1 10823s

 710635 591443  489.02236   33  159  711.90000  356.05863  50.0%  80.1 10854s

 710994 592086  512.71368   46  144  711.90000  356.05863  50.0%  80.1 10884s

 711343 592086  385.50826   51  167  711.90000  356.05863  50.0%  80.1 10885s

 711771 592665     cutoff   95       711.90000  356.05863  50.0%  80.1 10906s

 712447 593493  419.04154   77  137  711.90000  356.05863  50.0%  80.1 10929s

 713439 594034  421.34883   47   73  711.90000  356.08500  50.0%  80.1 10951s

 714176 595064  415.55732   54  106  711.90000  356.08802  50.0%  80.1 10990s

 715500 595763  379.60765   54  129  711.90000  356.08802  50.0%  80.1 11005s

 716289 596045  379.96444   38  137  711.90000  356.08802  50.0%  80.1 11017s

 716627 596633  682.55916   60   64  711.90000  356.09915  50.0%  80.1 11037s

 717403 597277  367.38340   39  248  711.90000  356.10503  50.0%  80.1 11056s

 718139 597724  620.92823  130  124  711.90000  356.10503  50.0%  80.1 11073s

 718659 598380  472.81589   81  117  711.90000  356.10503  50.0%  80.1 11100s

 719481 598883  543.41960   79  184  711.90000  356.13192  50.0%  80.1 11131s

 720065 599422  543.85715   80  172  711.90000  356.13260  50.0%  80.1 11153s

 720692 599818  549.06739   81  179  711.90000  356.13523  50.0%  80.1 11173s

 721205 600028  375.49536   44  181  711.90000  356.14161  50.0%  80.1 11185s

 721474 600675  392.92708   55  135  711.90000  356.14161  50.0%  80.1 11209s

 722210 601125  393.02949   75   84  711.90000  356.15385  50.0%  80.1 11231s

 722766 601939  409.60491   54  106  711.90000  356.15385  50.0%  80.1 11267s

 723794 602915  502.35717   62  160  711.90000  356.15385  50.0%  80.1 11294s

 724881 603305  676.01779  128  147  711.90000  356.15385  50.0%  80.1 11311s

 725377 604141  478.27714   67  138  711.90000  356.17375  50.0%  80.1 11342s

 726361 605026  370.99140   44  175  711.90000  356.17909  50.0%  80.1 11363s

 727362 605667  683.67363  211  136  711.90000  356.17909  50.0%  80.1 11388s

 728149 606178  400.80585   58  102  711.90000  356.18619  50.0%  80.1 11407s

 728762 607066  375.26580   27  169  711.90000  356.18619  50.0%  80.1 11445s

 729783 607838  616.11459  154  113  711.90000  356.20471  50.0%  80.1 11469s

 730681 608555  521.43502   56  176  711.90000  356.20666  50.0%  80.1 11490s

 731543 608904  423.38334   55  118  711.90000  356.22028  50.0%  80.1 11503s

 731947 609564  520.77821   85  144  711.90000  356.22173  50.0%  80.1 11529s

 732378 609564  492.60639   78  198  711.90000  356.22173  50.0%  80.1 11530s

 732737 610002  408.08748   59  140  711.90000  356.22173  50.0%  80.1 11542s

 733256 610438  431.56369   39  142  711.90000  356.22597  50.0%  80.2 11571s

 733777 610822  596.07883   69  146  711.90000  356.22597  50.0%  80.2 11596s

 734286 611881  459.42213   68  113  711.90000  356.22609  50.0%  80.2 11633s

 735511 612781  460.92053   68  117  711.90000  356.23538  50.0%  80.2 11658s

 736538 613165  376.62547   34  223  711.90000  356.24246  50.0%  80.2 11687s

 736965 614025  377.87025   35  246  711.90000  356.24246  50.0%  80.2 11717s

 737939 614754  386.67322   47  167  711.90000  356.24246  50.0%  80.1 11741s

 738813 615012  404.78856   49  195  711.90000  356.25698  50.0%  80.2 11753s

 739132 615702  592.56669   62   94  711.90000  356.25698  50.0%  80.2 11778s

 739961 616603  587.16535  111  136  711.90000  356.26862  50.0%  80.2 11807s

 741012 616980  373.16965   45  205  711.90000  356.26970  50.0%  80.2 11842s

 741423 617345  491.37468   95  128  711.90000  356.26970  50.0%  80.2 11862s

 741871 618201  390.71991   51  114  711.90000  356.27747  50.0%  80.2 11897s

 742887 619027  460.60909   49  160  711.90000  356.28511  50.0%  80.2 11920s

 743822 619724  438.24445   56  188  711.90000  356.29242  50.0%  80.2 11949s

 744676 620370  369.88216   39   81  711.90000  356.29954  50.0%  80.2 11975s

 745504 620989  454.03992   41   94  711.90000  356.31338  49.9%  80.2 12005s

 746363 621537  376.96782   39  171  711.90000  356.32250  49.9%  80.2 12029s

 746793 621537  496.83182   48  126  711.90000  356.32250  49.9%  80.2 12030s

 746987 622445  383.40061   37  116  711.90000  356.32250  49.9%  80.2 12055s

 748055 622981  521.32586   59   83  711.90000  356.33502  49.9%  80.2 12075s

 748712 623618  380.14910   39  168  711.90000  356.33988  49.9%  80.2 12107s

 749507 624669  377.54221   44  120  711.90000  356.34712  49.9%  80.2 12138s

 750714 624944  356.94324   35  234  711.90000  356.35562  49.9%  80.2 12174s

 751034 625136  357.07980   36  170  711.90000  356.35562  49.9%  80.2 12188s

 751253 625819  430.68788   44  144  711.90000  356.35615  49.9%  80.2 12216s

 752020 626595  495.93419   89  139  711.90000  356.36608  49.9%  80.2 12251s

 752936 627170  461.31322   59  140  711.90000  356.37350  49.9%  80.2 12275s

 753606 628042  371.56238   39  170  711.90000  356.37481  49.9%  80.2 12310s

 754635 628882  368.58253   34  159  711.90000  356.38378  49.9%  80.2 12339s

 755627 629757  427.18439   62  166  711.90000  356.39212  49.9%  80.1 12376s

 756676 630271  686.22204  214  143  711.90000  356.39238  49.9%  80.1 12398s

 757301 631023  461.63113   50   98  711.90000  356.39238  49.9%  80.1 12428s

 758250 632019  364.84599   37  150  711.90000  356.41070  49.9%  80.1 12465s

 759511 632456  363.04382   32  196  711.90000  356.41090  49.9%  80.1 12483s

 760034 633149  640.27066  108   89  711.90000  356.41090  49.9%  80.1 12505s

 760797 633743  366.49328   41  106  711.90000  356.41384  49.9%  80.1 12524s

 761533 634256  464.06694   53  159  711.90000  356.42455  49.9%  80.1 12546s

 762131 635023  368.81237   36  226  711.90000  356.42744  49.9%  80.1 12569s

 763018 635800  390.99078   39  207  711.90000  356.42744  49.9%  80.1 12597s

 763912 636686  686.04358  128   98  711.90000  356.42744  49.9%  80.1 12618s

 764925 636975  626.70626  148  107  711.90000  356.42744  49.9%  80.1 12638s

 765311 637761  415.66684   56  169  711.90000  356.45245  49.9%  80.1 12667s

 766200 638371  382.92941   41  155  711.90000  356.45631  49.9%  80.1 12684s

 766904 639055  431.64147   47  135  711.90000  356.45631  49.9%  80.1 12707s

 767774 639493  380.72085   45  164  711.90000  356.46663  49.9%  80.1 12723s

 768252 640196  448.20065   71  170  711.90000  356.46663  49.9%  80.1 12748s

 769121 640967  682.10327  181   87  711.90000  356.47370  49.9%  80.1 12775s

 770100 641202  625.93537  115  135  711.90000  356.47370  49.9%  80.1 12802s

 770476 641414  591.18455  116  129  711.90000  356.47997  49.9%  80.1 12820s

 770742 641951  447.17701   52  156  711.90000  356.48494  49.9%  80.1 12844s

 771409 642250  384.26767   45  157  711.90000  356.49180  49.9%  80.1 12859s

 771756 642919  440.19535   63   98  711.90000  356.49180  49.9%  80.2 12888s

 772613 643536  378.35641   55  242  711.90000  356.50079  49.9%  80.2 12914s

 773408 644415  559.18066   77  112  711.90000  356.50079  49.9%  80.2 12953s

 774442 644921  451.64581   54  134  711.90000  356.53935  49.9%  80.2 12971s

 775013 645664  359.43641   43  228  711.90000  356.53935  49.9%  80.2 12997s

 775889 646402  376.47640   42  141  711.90000  356.55089  49.9%  80.2 13021s

 776791 646828  521.24985   97  121  711.90000  356.55089  49.9%  80.2 13041s

 777329 647686  537.66695   65  142  711.90000  356.55841  49.9%  80.2 13075s

 778305 648170  390.38655   42  139  711.90000  356.55841  49.9%  80.2 13094s

 778874 648608  484.23663   61   92  711.90000  356.56698  49.9%  80.2 13114s

 779410 649426  458.60795   80  165  711.90000  356.56940  49.9%  80.2 13145s

 780377 650265  707.97829  205  109  711.90000  356.58151  49.9%  80.2 13170s

 781359 650478  484.42593   63  186  711.90000  356.59388  49.9%  80.2 13204s

 781598 650592  488.71844   64  168  711.90000  356.59388  49.9%  80.2 13222s

 781744 650861  530.08571   77  112  711.90000  356.59388  49.9%  80.2 13242s

 782057 651582  366.39438   40  193  711.90000  356.59636  49.9%  80.2 13274s

 782967 652488  471.94648   73  130  711.90000  356.61298  49.9%  80.2 13313s

 784051 653133  370.70110   29  146  711.90000  356.61957  49.9%  80.2 13335s

 784798 654092  678.54457  110  137  711.90000  356.61957  49.9%  80.2 13372s

 785923 654786  418.16949   49  120  711.90000  356.63051  49.9%  80.2 13394s

 786738 655608  399.86607   48   74  711.90000  356.63051  49.9%  80.2 13425s

 787749 655991  380.43200   47  164  711.90000  356.63051  49.9%  80.2 13444s

 788259 656857  448.91977   78  202  711.90000  356.63051  49.9%  80.2 13482s

 789269 657454  378.99322   55  165  711.90000  356.66304  49.9%  80.2 13506s

 790063 658103  378.14983   46  142  711.90000  356.66981  49.9%  80.2 13534s

 790845 658594  702.04176  170  174  711.90000  356.66981  49.9%  80.3 13552s

 791428 659505  507.93423   88  140  711.90000  356.67456  49.9%  80.3 13587s

 792516 660253  482.76869   70  178  711.90000  356.68438  49.9%  80.2 13613s

 793369 660799  391.45616   32  174  711.90000  356.68438  49.9%  80.2 13637s

 793997 661394  515.47824   91  169  711.90000  356.68438  49.9%  80.2 13658s

 794680 662348  426.83892   59  152  711.90000  356.70048  49.9%  80.2 13692s

 795769 663077  369.28369   47  179  711.90000  356.70048  49.9%  80.2 13712s

 796596 663447  623.11346  104  102  711.90000  356.70048  49.9%  80.2 13733s

 797031 664503  412.04401   62  130  711.90000  356.71415  49.9%  80.2 13768s

 798184 665362  368.18571   35  139  711.90000  356.71415  49.9%  80.2 13790s

 799157 665940  419.15393   53  171  711.90000  356.72879  49.9%  80.2 13815s

 799871 666390  386.54353   51  125  711.90000  356.72879  49.9%  80.2 13833s

 800428 666754  390.95467   33  126  711.90000  356.73903  49.9%  80.2 13847s

 800833 667674  634.62440   90  111  711.90000  356.74984  49.9%  80.2 13881s

 801874 668613  553.71782  111  175  711.90000  356.75760  49.9%  80.2 13907s

 802927 669426  529.32504   89  162  711.90000  356.75840  49.9%  80.2 13940s

 803931 669842  382.35075   36  253  711.90000  356.76951  49.9%  80.2 13969s

 804446 670314  653.64553  103  106  711.90000  356.76951  49.9%  80.2 13992s

 805053 671334  657.03016   81  118  711.90000  356.77642  49.9%  80.2 14031s

 806231 671826  648.89032  174  162  711.90000  356.79026  49.9%  80.2 14070s

 806844 672219  459.67190   68  162  711.90000  356.79195  49.9%  80.2 14097s

 807309 672639  405.62263   51   94  711.90000  356.79777  49.9%  80.2 14120s

 807791 673448  372.00071   45  162  711.90000  356.79777  49.9%  80.2 14154s

 808788 673875  559.03540   88  107  711.90000  356.79777  49.9%  80.3 14176s

 809332 674688  400.59383   40  107  711.90000  356.81071  49.9%  80.3 14217s

 810380 675729  371.66144   40  149  711.90000  356.82522  49.9%  80.3 14249s

 811604 676158  390.81556   46  187  711.90000  356.82522  49.9%  80.3 14272s

 812070 677112  559.65996  105  102  711.90000  356.82522  49.9%  80.3 14313s

 813193 678250  392.09113   41  131  711.90000  356.84886  49.9%  80.3 14346s

 814521 679100  399.55505   40  156  711.90000  356.85853  49.9%  80.2 14387s

 815546 679414  382.59637   36  112  711.90000  356.86707  49.9%  80.2 14400s



Cutting planes:

  Learned: 27

  Gomory: 62

  Lift-and-project: 53

  Cover: 441

  Implied bound: 416

  Projected implied bound: 36

  Clique: 471

  MIR: 229

  Mixing: 36

  StrongCG: 24

  Flow cover: 881

  GUB cover: 31

  Inf proof: 11

  Zero half: 1936

  RLT: 272

  Relax-and-lift: 419



Explored 815883 nodes (65458084 simplex iterations) in 14400.73 seconds (6887.58 work units)

Thread count was 16 (of 16 available processors)



Solution count 10: 711.9 713.21 717.2 ... 767.79



Time limit reached

Best objective 7.119000000000e+02, best bound 3.568678899326e+02, gap 49.8711%

-----RESULTS INFO-----
running_time:  14416.188
TC.best_bound:  356.8678899325627
TC:  711.8999999999999
MIP Gap (%):  49.871064765758845
=== Vehicle Routes ===
Vehicle 1: 0  13
Vehicle 1: 1  9
Vehicle 1: 8  1
Vehicle 1: 9  49
Vehicle 1: 13  41
Vehicle 1: 41  8
Vehicle 1: 49  51
Vehicle 2: 0  2
Vehicle 2: 2  5
Vehicle 2: 5  14
Vehicle 2: 6  51
Vehicle 2: 14  46
Vehicle 2: 42  6
Vehicle 2: 46  42
Vehicle 3: 0  39
Vehicle 3: 3  7
Vehicle 3: 7  51
Vehicle 3: 39  3
Vehicle 4: 0  10
Vehicle 4: 4  51
Vehicle 4: 10  44
Vehicle 4: 44  4
Vehicle 5: 0  11
Vehicle 5: 11  12
Vehicle 5: 12  40
Vehicle 5: 40  51
Vehicle 6: 0  48
Vehicle 6: 48  51

=== Full Vehicle Routes ===
Vehicle 1: 0  13  41  8  1  9  49  0 (99<100)
Vehicle 2: 0  2  5  14  46  42  6  0 (96<100)
Vehicle 3: 0  39  3  7  0 (98<100)
Vehicle 4: 0  10  44  4  0 (82<100)
Vehicle 5: 0  11  12  40  0 (79<100)
Vehicle 6: 0  48  0 (72<100)
Arc used by MRT line: y variables:
MRT used: 44  43
Customer assigment to PL: u variables:
15 39
16 40
17 48
18 41
19 44
20 40
21 40
22 46
23 42
24 43
25 42
26 46
27 42
28 40
29 44
30 39
31 43
32 39
33 49
34 39
35 41
36 42
37 43
38 49
Node is served by regular vehicle: g variables:
1
2
3
4
5
6
7
8
9
10
11
12
13
14
46
48
49
39
40
41
42
44
Customer assigment to Home delivery: gm variables:
1
2
3
4
5
6
7
8
9
10
11
12
13
14
Node total demands: ntd variables:
1 18 1
2 3 1
3 6 1
4 18 1
5 16 1
6 7 1
7 16 1
8 4 1
9 7 1
10 22 1
11 5 1
12 22 1
13 15 1
14 2 1
27 0 0
28 0 0
29 0 0
30 0 0
31 0 0
32 0 0
33 0 0
34 0 0
35 0 0
36 0 0
37 0 0
38 0 0
45 0 0
46 20 1
47 0 0
48 72 1
49 33 1
50 0 0
39 76 1
40 52 1
41 22 1
42 48 1
43 0 0
44 42 1
Customer's demand delivered to PL: l variables:
15
16
17
18
19
20
21
22
23
24
25
26
27
28
29
30
31
32
33
34
35
36
37
38
Lockers load <= capacity:
0 <= 70
20 <= 91
0 <= 89
72 <= 72
33 <= 74
0 <= 75
76 <= 82
52 <= 73
22 <= 70
48 <= 85
22 <= 96
20 <= 96
