Gurobi 12.0.3:   lim:time = 14400

  mip:bestbound = 1

Set parameter LogToConsole to value 1

  tech:outlev = 1

Set parameter Cuts to value 3

  cut:cuts = 3

Set parameter Presolve to value 2

  pre:solve = 2

Set parameter MIPFocus to value 2

  mip:focus = 2

Set parameter Symmetry to value 2

  mip:symmetry = 2

Set parameter InfUnbdInfo to value 1

Gurobi Optimizer version 12.0.3 build v12.0.3rc0 (win64 - Windows 10.0 (19045.2))



CPU model: Intel(R) Core(TM) i7-10700 CPU @ 2.90GHz, instruction set [SSE2|AVX|AVX2]

Thread count: 8 physical cores, 16 logical processors, using up to 16 threads



Non-default parameters:

TimeLimit  14400

MIPFocus  2

Symmetry  2

Cuts  3

InfUnbdInfo  1

Presolve  2



Optimize a model with 2560 rows, 9813 columns and 62285 nonzeros

Model fingerprint: 0xd2ce5000

Model has 2 quadratic objective terms

Model has 8 quadratic constraints

Variable types: 86 continuous, 9727 integer (0 binary)

Coefficient statistics:

  Matrix range     [1e+00, 1e+05]

  QMatrix range    [1e+00, 1e+00]

  QLMatrix range   [1e+00, 2e+01]

  Objective range  [1e+00, 1e+02]

  QObjective range [3e+00, 3e+00]

  Bounds range     [1e+00, 1e+02]

  RHS range        [1e+00, 1e+05]

  QRHS range       [1e+02, 1e+02]

Presolve removed 121 rows and 300 columns

Presolve time: 1.53s

Presolved: 8458 rows, 15521 columns, 74285 nonzeros

Variable types: 507 continuous, 15014 integer (12686 binary)

Root relaxation presolve removed 4 rows and 3 columns

Root relaxation presolved: 8454 rows, 15518 columns, 164069 nonzeros



Deterministic concurrent LP optimizer: primal and dual simplex

Showing primal log only...



Concurrent spin time: 0.00s



Solved with dual simplex



Root relaxation: objective 2.382366e+02, 651 iterations, 0.18 seconds (0.28 work units)



    Nodes    |    Current Node    |     Objective Bounds      |     Work

 Expl Unexpl |  Obj  Depth IntInf | Incumbent    BestBd   Gap | It/Node Time



     0     0  238.23664    0  146          -  238.23664      -     -    4s

     0     0  314.74805    0  134          -  314.74805      -     -    5s

     0     0  314.74805    0  153          -  314.74805      -     -    5s

     0     0  314.74805    0  153          -  314.74805      -     -    5s

     0     0  314.74805    0  148          -  314.74805      -     -    6s

     0     0  315.10266    0  173          -  315.10266      -     -    6s

     0     0  316.95768    0  164          -  316.95768      -     -    6s

     0     0  316.96020    0  212          -  316.96020      -     -    6s

     0     0  319.05593    0  129          -  319.05593      -     -    8s

     0     0  319.08642    0  139          -  319.08642      -     -    8s

     0     0  319.08653    0  164          -  319.08653      -     -    9s

     0     0  319.09465    0  177          -  319.09465      -     -    9s

     0     0  319.21381    0  175          -  319.21381      -     -   10s

     0     0  319.42175    0  218          -  319.42175      -     -   10s

     0     0  320.69093    0  209          -  320.69093      -     -   11s

     0     0  320.69093    0  195          -  320.69093      -     -   11s

     0     2  320.71137    0  195          -  320.71137      -     -   12s

   879   929  429.22787   52  138          -  320.79192      -  89.6   15s

  2005  1754  439.90183   73  188          -  322.84192      -  71.2   20s

  2009  1757  463.74443   98  180          -  323.36740      -  71.1   25s

  2013  1759  350.09127   15  248          -  330.20456      -  70.9   30s

  2017  1762  599.17699   90  324          -  332.16598      -  70.8   35s

  2021  1765  340.35843   30  348          -  333.04472      -  70.6   40s

  2028  1769  352.06280   25  377          -  334.23965      -  70.4   45s

  2038  1776  478.67452   65  452          -  335.15401      -  70.1   50s

  2052  1785  411.32100   75  515          -  336.00484      -  69.6   55s

H 2054  1696                    1335.6300000  336.01916  74.8%  69.5   56s

H 2056  1612                    1235.0600000  336.04294  72.8%  69.4   56s

H 2057  1531                    1222.5800000  336.05354  72.5%  69.4   57s

H 2058  1453                    1211.3000000  336.10792  72.3%  69.4   58s

H 2058  1380                    1210.8500000  336.10792  72.2%  69.4   58s

H 2058  1310                    1208.0700000  336.10792  72.2%  69.4   58s

H 2058  1243                    1196.8300000  336.10792  71.9%  69.4   58s

H 2058  1180                    1194.3300000  336.10792  71.9%  69.4   58s

H 2058  1120                    1188.5200000  336.10792  71.7%  69.4   58s

H 2060  1065                    1139.9700000  336.14242  70.5%  69.3   59s

  2063  1067  746.08463  165  511 1139.97000  336.14242  70.5%  69.2   60s

H 2066  1015                    1128.6200000  336.14242  70.2%  69.1   61s

H 2066   963                    1127.2200000  336.14242  70.2%  69.1   61s

H 2066   914                    1125.6900000  336.14242  70.1%  69.1   61s

H 2074   871                    1124.9700000  336.14242  70.1%  68.8   65s

H 2080   832                    1122.6100000  336.14242  70.1%  88.6   69s

  2082   834  448.27851   78  306 1122.61000  336.14242  70.1%  88.5   70s

H 2083   792                    1094.8200000  336.14242  69.3%  88.4   73s

H 2083   752                    1092.1000000  336.14242  69.2%  88.4   73s

  2085   754  339.50810   20  300 1092.10000  336.68596  69.2%  88.3   75s

H 2086   716                    1073.8600000  336.90366  68.6%  88.3   79s

  2088   718  554.84265  100  378 1073.86000  336.92309  68.6%  88.2   81s

H 2088   682                    1065.2800000  336.96314  68.4%  88.2   83s

  2090   683  409.28620   44  434 1065.28000  336.97468  68.4%  88.1   85s

H 2091   650                    1062.4600000  336.98134  68.3%  88.1   88s

H 2092   617                    1060.2300000  336.98715  68.2%  88.0   90s

H 2092   586                    1060.1000000  336.98715  68.2%  88.0   90s

H 2094   558                    1056.7000000  337.03474  68.1%  88.0   92s

  2098   560  469.78466   27  536 1056.70000  337.04903  68.1%  87.8   95s

H 2099   533                    1043.2900000  337.06930  67.7%  87.8   97s

H 2100   507                    1043.1600000  337.06930  67.7%  87.7   98s

H 2102   482                    1034.5800000  337.07567  67.4%  87.6  100s

H 2106   460                    1034.5300000  337.09177  67.4%  87.5  105s

H 2106   437                    1033.0000000  337.09935  67.4%  87.5  105s

H 2110   416                    1024.6200000  337.15526  67.1%  87.3  109s

  2112   418  348.75240   56  553 1024.62000  337.15891  67.1%  87.2  110s

H 2112   397                    1007.0900000  337.20303  66.5%  87.2  110s

H 2112   376                    1006.9600000  337.20303  66.5%  87.2  110s

H 2121   362                     998.3800000  337.45115  66.2%  86.8  114s

  2124   364  399.12710   67  491  998.38000  337.46802  66.2%  86.7  115s

  2140   374  359.67759   24  514  998.38000  337.52324  66.2%  86.1  120s

  2150   390  345.99937   27  330  998.38000  337.57560  66.2%  98.0  125s

H 2238   436                     996.2800000  337.96474  66.1%   114  129s

  2253   450  354.37983   34  293  996.28000  337.96474  66.1%   116  130s

H 2363   493                     919.9800000  337.96474  63.3%   127  134s

  2386   516  358.49083   43  193  919.98000  337.96474  63.3%   131  135s

H 2397   495                     914.5800000  337.96474  63.0%   133  135s

H 2478   539                     907.6200000  337.96474  62.8%   142  138s

  2528   573  359.17297   53  171  907.62000  337.96474  62.8%   146  140s

H 2541   553                     887.2700000  337.96474  61.9%   149  140s

H 2591   579                     884.5100000  337.96474  61.8%   155  143s

  2671   656  360.87349   63  144  884.51000  337.96474  61.8%   160  145s

  2835   780  362.86989   75  152  884.51000  337.96474  61.8%   166  150s

  3033   954  374.49346   90  129  884.51000  337.96474  61.8%   174  155s

H 3222  1071                     881.3700000  337.96474  61.7%   175  159s

  3228  1163  440.80450  102  159  881.37000  337.96474  61.7%   176  160s

H 3446  1304                     876.1400000  337.96474  61.4%   175  163s

  3638  1487  493.07334  117  101  876.14000  337.96474  61.4%   172  166s

H 3860  1646                     873.7500000  337.96474  61.3%   168  169s

  3907  1770  504.27976  130   93  873.75000  337.96474  61.3%   167  171s

  4208  1957  525.41001  139   82  873.75000  337.96474  61.3%   163  175s

  4651  2133  339.57855   30  321  873.75000  338.30791  61.3%   160  180s

  4802  2328  343.74845   41  366  873.75000  338.30791  61.3%   163  186s

  4953  2533  345.61774   47  229  873.75000  338.30791  61.3%   162  190s

H 5038  2533                     873.4000000  338.30791  61.3%   162  191s

  5244  2916  354.24086   58  192  873.40000  338.30791  61.3%   162  195s

  5686  3254  458.93921   89  104  873.40000  338.30791  61.3%   159  200s

  5957  3318  423.31238  123  134  873.40000  338.30791  61.3%   160  206s

H 6105  3470                     863.2500000  338.30791  60.8%   158  211s

  6317  3892  482.93138  192  133  863.25000  338.30791  60.8%   157  217s

  6629  3914  627.36720  215  105  863.25000  338.30791  60.8%   156  221s

H 6648  3914                     862.7800000  338.30791  60.8%   156  221s

  6894  4596  351.84209   35  210  862.78000  338.30791  60.8%   156  227s

  7404  4960  507.04071  102  128  862.78000  338.30791  60.8%   153  231s

  8024  5331  353.91421   56  241  862.78000  338.30791  60.8%   150  238s

  8236  5848  404.64951   79  185  862.78000  338.30791  60.8%   150  242s

  8863  6362  375.82010   39  180  862.78000  338.30791  60.8%   147  246s

  9448  6523     cutoff  134       862.78000  338.30791  60.8%   144  250s

 10473  7484  342.18621   32  344  862.78000  338.30791  60.8%   142  258s

H10636  7482                     860.7800000  338.30791  60.7%   143  259s

 10762  7873  351.48443   45  246  860.78000  338.30791  60.7%   143  263s

 11193  7948  507.55418   82  211  860.78000  338.30791  60.7%   143  267s

H11234  7948                     859.4500000  338.30791  60.6%   143  267s

H11242  7944                     854.8600000  338.30791  60.4%   143  267s

 11268  8191  585.39903  120  125  854.86000  338.30791  60.4%   143  272s

 11555  8522  347.77753   36  255  854.86000  338.30791  60.4%   144  276s

 11922  9015  432.67712   70  176  854.86000  338.30791  60.4%   144  281s

 12514  9660  353.58674   37  285  854.86000  338.30791  60.4%   144  286s

 13185 10381  525.72754  121  103  854.86000  338.30791  60.4%   143  291s

 14009 11190  353.60706   39  303  854.86000  338.30791  60.4%   140  297s

 14978 11328  353.54801   36  295  854.86000  338.30791  60.4%   139  306s

 15124 13540  375.00586   54  228  854.86000  338.30791  60.4%   140  324s

H17662 13684                     848.8800000  339.07986  60.1%   144  328s

 17881 13884  339.88544   32  275  848.88000  339.27588  60.0%   145  334s

 18189 14140  354.68830   42  175  848.88000  339.27588  60.0%   146  339s

 18445 14892  401.21558   75  138  848.88000  339.27588  60.0%   147  346s

 19284 14906  353.19034   41  177  848.88000  339.27588  60.0%   146  352s

 19298 14943  355.46833   41  263  848.88000  339.27588  60.0%   146  358s

 19337 15172  353.34500   42  229  848.88000  339.27588  60.0%   147  364s

 19594 15527  377.89067   53  158  848.88000  339.27588  60.0%   147  371s

 19971 15854  393.75151   76  152  848.88000  339.27588  60.0%   149  378s

 20350 16927  443.58068  103  152  848.88000  340.22712  59.9%   150  387s

 21709 17324  363.70118   43  239  848.88000  341.12403  59.8%   150  394s

 22164 17917  388.57347   45  209  848.88000  341.38626  59.8%   151  402s

 22891 18796  418.63337   56  159  848.88000  341.57056  59.8%   151  410s

 23993 19961  346.33814   44  263  848.88000  341.61221  59.8%   153  418s

 25504 20437  353.07481   49  200  848.88000  341.81312  59.7%   153  425s

 26032 21209  812.01976  108   71  848.88000  341.85358  59.7%   154  433s

 26953 21668  384.76918   54  183  848.88000  341.95821  59.7%   153  440s

 27528 22011  355.89549   39  254  848.88000  342.05496  59.7%   154  449s

 27902 22767  432.73125   73  210  848.88000  342.05496  59.7%   155  456s

 28878 23221  356.33834   48  360  848.88000  342.19379  59.7%   155  463s

 29433 24418  556.36784   83  153  848.88000  342.20217  59.7%   156  475s

 30825 24662  432.64963   80  102  848.88000  342.33405  59.7%   157  481s

 31112 24671 infeasible  122       848.88000  342.33405  59.7%   158  488s

 31127 24959  476.06160  124   85  848.88000  342.35832  59.7%   158  495s

 31463 25200  388.30516   53  185  848.88000  342.35891  59.7%   158  504s

 31727 26403  464.56086   66  263  848.88000  342.36207  59.7%   158  514s

 33169 26819  370.07427   56  210  848.88000  342.36207  59.7%   158  521s

 33651 27084  360.91223   36  257  848.88000  342.36207  59.7%   159  529s

 33951 27437  439.80865   47  158  848.88000  342.36207  59.7%   159  538s

 34404 28696  348.84665   35  210  848.88000  342.68638  59.6%   161  548s

 35840 29427  441.55980   72  207  848.88000  342.82813  59.6%   160  556s

 36659 30651  379.20413   63  182  848.88000  342.82813  59.6%   160  564s

 38030 31893  423.93373   77  203  848.88000  342.82813  59.6%   159  572s

 39408 33069  495.91392  135  175  848.88000  342.82813  59.6%   159  579s

 40775 33669  445.52234   74  168  848.88000  343.10440  59.6%   158  585s

 41445 34837  783.19790  220  148  848.88000  343.10724  59.6%   157  592s

 42769 35898 infeasible  117       848.88000  343.21371  59.6%   157  599s

 44016 37136  379.84871   37  361  848.88000  343.21371  59.6%   157  611s

 45537 37242     cutoff  191       848.88000  343.23368  59.6%   156  617s

 45746 38256  361.40384   50  279  848.88000  343.26160  59.6%   156  623s

 46864 38701  350.12647   38  206  848.88000  343.26160  59.6%   156  628s

 47390 39701  416.63753   82  172  848.88000  343.26160  59.6%   156  634s

 48508 40622  358.95180   43  316  848.88000  343.26160  59.6%   155  639s

 49545 41173  390.41742   86  301  848.88000  343.26160  59.6%   155  644s

 50145 41997  504.17821  205  188  848.88000  343.26160  59.6%   155  649s

 51117 42069  550.18087   96  162  848.88000  343.58615  59.5%   154  655s

 51189 42401  566.12379  105  176  848.88000  343.58615  59.5%   155  660s

 51590 42861  352.10797   49  396  848.88000  343.65436  59.5%   155  665s

 52120 43317  512.95386  118  173  848.88000  343.65436  59.5%   155  671s

 52664 44525  434.16787   72  188  848.88000  343.67280  59.5%   155  677s

 54041 45042  487.35747   92  205  848.88000  343.82328  59.5%   154  682s

 54624 45898  348.99096   38  381  848.88000  343.82328  59.5%   154  688s

 55658 46353 infeasible  157       848.88000  343.84254  59.5%   154  694s

 56201 47036  421.54950   71  193  848.88000  343.84254  59.5%   154  700s

 57002 47374  806.05884  199   85  848.88000  343.84254  59.5%   154  705s

 57439 48046  363.82286   51  232  848.88000  343.84254  59.5%   154  711s

 58299 48794  347.33657   45  323  848.88000  343.84254  59.5%   154  717s

 59120 49633  526.22634  150  245  848.88000  343.84254  59.5%   155  727s

 60055 50901  371.58572   45  228  848.88000  344.14732  59.5%   154  735s

 61424 51538  505.39872   59  142  848.88000  344.14732  59.5%   154  740s

 62175 52432  401.33175   52  164  848.88000  344.20183  59.5%   154  746s

 63194 53313  391.53512   60  209  848.88000  344.27618  59.4%   154  752s

 64095 53843  544.82415  154  113  848.88000  344.27618  59.4%   154  757s

 64815 54698  354.73543   47  305  848.88000  344.30955  59.4%   154  764s

 65814 55277  793.87059  157  140  848.88000  344.33097  59.4%   154  770s

 66506 56015  484.51727   85  198  848.88000  344.33097  59.4%   154  776s

 67355 56698  361.64749   49  221  848.88000  344.43409  59.4%   154  782s

 68121 57028  545.00972  120  186  848.88000  344.43409  59.4%   154  787s

 68494 57993  371.84727   44  223  848.88000  344.43409  59.4%   154  793s

 69667 58523  568.34384  137  143  848.88000  344.43409  59.4%   154  799s

 70245 58855  826.32379  179  114  848.88000  344.43409  59.4%   154  804s

 70666 59682  370.17161   53  216  848.88000  344.43409  59.4%   154  810s

 71616 60526  361.18840   43  191  848.88000  344.70993  59.4%   154  816s

 72689 60800  358.24974   31  302  848.88000  344.70993  59.4%   154  822s

 73025 61172  572.36345   91  145  848.88000  344.70993  59.4%   155  827s

 73474 62082  539.23190   65  170  848.88000  344.70993  59.4%   155  834s

 74608 62871  390.02997   65  224  848.88000  344.85284  59.4%   155  844s

 75477 63488  505.63381   64  110  848.88000  344.85939  59.4%   155  852s

 76227 64848  365.17508   58  274  848.88000  344.85939  59.4%   155  860s

 77719 65763  779.40392  266  157  848.88000  344.90627  59.4%   155  867s

 78740 65972  566.36590  151  173  848.88000  344.96185  59.4%   155  873s

 78973 66851  400.37185   56  172  848.88000  344.98914  59.4%   155  880s

 79986 67164  372.94481   42  306  848.88000  345.02537  59.4%   155  885s

 80348 67533  575.56699   60  155  848.88000  345.02537  59.4%   156  892s

 80825 67946  771.25944   73  138  848.88000  345.03237  59.4%   156  899s

 81278 68401  752.60060   71  166  848.88000  345.03237  59.4%   156  906s

 81789 68998 infeasible   74       848.88000  345.03237  59.4%   156  913s

 82488 70127  401.92588   62  242  848.88000  345.03237  59.4%   156  921s

 83747 70745  808.64824  240  137  848.88000  345.04986  59.4%   156  928s

 84464 71570  495.68713   92  125  848.88000  345.04986  59.4%   156  935s

 85385 72920  399.09018   81  273  848.88000  345.20084  59.3%   156  943s

 87017 73212  604.30221  176  179  848.88000  345.20084  59.3%   155  950s

 87315 73949  767.61765  211  121  848.88000  345.20084  59.3%   156  956s

 88298 74505  354.64455   41  550  848.88000  345.30009  59.3%   156  963s

 88938 75018  496.95668  111  253  848.88000  345.30009  59.3%   156  969s

 89504 76311  381.97304   53  248  848.88000  345.30009  59.3%   156  980s

 91202 77152  404.14195   47  254  848.88000  345.30009  59.3%   157  989s

 91992 77335  462.50865   54  178  848.88000  345.45273  59.3%   157  995s

 92262 77810  448.90003   55  153  848.88000  345.45273  59.3%   157 1001s

 92839 78617  770.97475   75  118  848.88000  345.45273  59.3%   157 1008s

 93883 78988  347.34282   39  320  848.88000  345.47669  59.3%   157 1014s

 94325 79787  386.84135   62  183  848.88000  345.47669  59.3%   157 1020s

 95242 80553  360.87980   36  238  848.88000  345.47669  59.3%   157 1026s

 96175 80715  556.17409   70  128  848.88000  345.47669  59.3%   157 1033s

 96373 81289  358.49737   48  341  848.88000  345.47669  59.3%   157 1039s

 97035 81669  428.19233  116  265  848.88000  345.47669  59.3%   158 1045s

 97466 82482  375.32176   39  262  848.88000  345.57406  59.3%   158 1052s

 98454 83284  354.51962   46  235  848.88000  345.64717  59.3%   158 1059s

 99303 84624  394.65896   91  116  848.88000  345.64717  59.3%   158 1067s

 100995 84999  392.43578   54  155  848.88000  345.68400  59.3%   157 1072s

 101407 85939  512.98300  120  146  848.88000  345.68400  59.3%   157 1078s

 102420 86892  382.87007   54  249  848.88000  345.68400  59.3%   157 1084s

 103457 87789  557.83080  146  231  848.88000  345.68400  59.3%   157 1090s

 104455 89141  353.06678   40  302  848.88000  345.68641  59.3%   157 1101s

 105914 89285  365.52555   38  346  848.88000  345.78990  59.3%   157 1106s

 106058 89661  388.12924   46  218  848.88000  345.78990  59.3%   157 1112s

H106070 89189                     827.2600000  345.78990  58.2%   157 1112s

 106462 90092  400.11457   58  231  827.26000  345.78990  58.2%   157 1118s

 107452 90226  352.59262   33  372  827.26000  345.78990  58.2%   156 1124s

H107560 89507                     816.8900000  345.78990  57.7%   156 1124s

 107614 90072  356.19202   40  226  816.89000  345.78990  57.7%   156 1129s

 108229 90927  402.72473   77  200  816.89000  345.78990  57.7%   156 1136s

 109250 91382  395.45633   53  197  816.89000  345.86992  57.7%   156 1143s

 109749 92089  416.70526   68  224  816.89000  345.86992  57.7%   156 1150s

 110554 92526  352.90025   46  454  816.89000  345.86992  57.7%   156 1156s

 111021 93355  470.10769   96  174  816.89000  345.86992  57.7%   156 1163s

 111933 94048  375.17420   50  240  816.89000  345.86992  57.7%   156 1170s

 112751 94964  406.61076   56  154  816.89000  345.94300  57.7%   156 1177s

 113708 95415  361.13299   44  307  816.89000  345.94300  57.7%   156 1183s

 114194 96346  381.33643   79  155  816.89000  345.94300  57.7%   156 1191s

 115237 97165  370.41045   39  203  816.89000  345.94300  57.7%   156 1199s

 116236 97969  412.61323   71  134  816.89000  345.94300  57.7%   156 1205s

 117186 98274  391.62492   58  264  816.89000  345.94300  57.7%   156 1212s

 117527 99087  450.31390   87  216  816.89000  346.07651  57.6%   156 1219s

 118451 100013  350.67849   45  263  816.89000  346.07651  57.6%   156 1226s

 119437 101106  786.19912  275   71  816.89000  346.07651  57.6%   156 1236s

 120634 101563  523.26900  155  186  816.89000  346.07651  57.6%   155 1242s

 121161 102275  351.26665   36  390  816.89000  346.07651  57.6%   155 1249s

 121960 102582  420.97524   65  207  816.89000  346.07651  57.6%   155 1256s

 122280 102911  421.02427   66  208  816.89000  346.07651  57.6%   155 1263s

 122667 103983  426.94790   67  216  816.89000  346.07651  57.6%   155 1271s

 123881 104518  427.59752   68  225  816.89000  346.07651  57.6%   155 1278s

 124493 104676  479.84636   80  227  816.89000  346.07651  57.6%   155 1286s

 124661 105975  619.00005  121  150  816.89000  346.07651  57.6%   155 1295s

 126124 106401  548.29777  129  148  816.89000  346.21202  57.6%   155 1301s

 126643 107765  379.51727   62  226  816.89000  346.25452  57.6%   155 1309s

 128119 108734  359.12533   37  414  816.89000  346.25452  57.6%   155 1315s

 129163 109452  549.37236  176  166  816.89000  346.25452  57.6%   155 1322s

 129996 110315  413.26044   43  211  816.89000  346.25452  57.6%   155 1329s

 131042 111005  359.92794   49  370  816.89000  346.25452  57.6%   155 1335s

 131890 111768  546.61410  163  164  816.89000  346.25452  57.6%   155 1341s

 132720 112178  474.29557   74  141  816.89000  346.37018  57.6%   155 1347s

 133205 112995  362.08290   42  434  816.89000  346.37018  57.6%   155 1354s

 134128 114148  727.55650  138  161  816.89000  346.37018  57.6%   155 1365s

 135428 114918  444.75954  109  233  816.89000  346.37018  57.6%   155 1370s

 136287 115325  358.52582   39  344  816.89000  346.37018  57.6%   154 1375s

 136723 115751  566.80395   76  207  816.89000  346.37018  57.6%   154 1381s

 137197 116419  700.45288  120  155  816.89000  346.37018  57.6%   154 1388s

 137987 117302  379.82401   61  176  816.89000  346.37018  57.6%   155 1394s

 138943 117670  491.53783  167  170  816.89000  346.46566  57.6%   155 1399s

 139323 118555  678.36849  269  170  816.89000  346.46566  57.6%   155 1406s

 140334 119635  382.60972   70  172  816.89000  346.50489  57.6%   155 1412s

 141508 120306  385.71892   49  178  816.89000  346.50489  57.6%   154 1420s

 142344 121244  362.20938   61  333  816.89000  346.59444  57.6%   154 1426s

 143362 121648  397.12898  107  245  816.89000  346.59505  57.6%   154 1432s

 143810 122194  447.96123  140  286  816.89000  346.59505  57.6%   154 1438s

 144372 122370  665.37537  268  174  816.89000  346.59505  57.6%   154 1444s

 144589 122676  435.14504   95  247  816.89000  346.59505  57.6%   155 1449s

 144895 123459  472.73704  120  205  816.89000  346.59505  57.6%   155 1457s

 145855 124511  377.91117   38  234  816.89000  346.68894  57.6%   155 1464s

 146989 124984  357.61056   29  421  816.89000  346.68894  57.6%   154 1470s

 147528 125551  363.42813   35  280  816.89000  346.68894  57.6%   154 1477s

 148254 126093  379.46415   42  288  816.89000  346.68894  57.6%   155 1484s

 148844 126109  477.40925   59  139  816.89000  346.68894  57.6%   155 1497s

 148860 133216  477.73570   60  192  816.89000  346.68894  57.6%   155 1576s

 156860 133997  501.16980  150  154  816.89000  346.91607  57.5%   155 1587s

 157821 134995  390.06167   51  172  816.89000  346.96093  57.5%   155 1595s

 158915 136146 infeasible   85       816.89000  346.96254  57.5%   155 1603s

 160124 136923  424.17758   59  224  816.89000  346.96254  57.5%   155 1612s

 160985 137641  379.24912   54  280  816.89000  346.97715  57.5%   155 1619s

 161828 138203  449.74353   49  166  816.89000  347.02964  57.5%   155 1626s

 162438 139218  449.84249   50  158  816.89000  347.02964  57.5%   155 1634s

 163562 140115  408.75117   45  177  816.89000  347.03861  57.5%   155 1644s

 164586 140493  363.97376   43  245  816.89000  347.05898  57.5%   155 1650s

 164994 141582  407.80728   61  152  816.89000  347.05898  57.5%   155 1658s

 166302 142204  607.08648  171  180  816.89000  347.08068  57.5%   155 1665s

 166992 142942  420.93700   52  230  816.89000  347.08068  57.5%   155 1671s

 167846 143265  357.03106   47  356  816.89000  347.10242  57.5%   155 1677s

 168202 143964  417.74700   65  142  816.89000  347.10242  57.5%   156 1685s

 169189 144494  350.43382   39  339  816.89000  347.10242  57.5%   156 1691s

 169794 144971  578.75517  104  119  816.89000  347.10242  57.5%   156 1698s

 170336 145835  360.76281   49  254  816.89000  347.10242  57.5%   156 1706s

 171320 146304  602.79420   86  130  816.89000  347.10242  57.5%   156 1713s

 171875 147085  377.68147   57  213  816.89000  347.10242  57.5%   156 1720s

 172772 147092  665.52825  176   94  816.89000  347.10242  57.5%   156 1730s

H172779 146722                     812.9800000  347.10242  57.3%   156 1730s

 172780 147167 infeasible  173       812.98000  347.10242  57.3%   156 1737s

 173282 147954  414.78787   70  201  812.98000  347.10242  57.3%   157 1745s

 174169 148518  376.11151   49  204  812.98000  347.10242  57.3%   157 1753s

 174782 149008  712.70209  123  182  812.98000  347.10242  57.3%   157 1761s

 175399 149941  416.01631   87  219  812.98000  347.31084  57.3%   157 1769s

 176396 150822  400.14793   61  209  812.98000  347.31084  57.3%   157 1777s

 177366 151402  619.41724  135  190  812.98000  347.32625  57.3%   157 1785s

 178029 152387  372.85839   45  266  812.98000  347.32625  57.3%   157 1796s

 179094 153057  550.26000  174  178  812.98000  347.34372  57.3%   157 1803s

 179880 153697  417.75780   64  303  812.98000  347.34372  57.3%   157 1810s

 180659 154159  377.16209   40  284  812.98000  347.34372  57.3%   157 1817s

 181155 155059  558.76523  118  146  812.98000  347.34372  57.3%   157 1824s

 182127 155547  386.83744   67  159  812.98000  347.36562  57.3%   157 1831s

 182739 156055  354.09943   51  358  812.98000  347.41876  57.3%   157 1840s

 183315 156892  372.31499   68  272  812.98000  347.41876  57.3%   157 1848s

 184289 158119  449.75335  120  237  812.98000  347.45261  57.3%   158 1857s

 185629 158127 infeasible  293       812.98000  347.48908  57.3%   157 1867s

 185639 158372  362.73192   51  358  812.98000  347.48908  57.3%   157 1876s

 185904 158737  379.70389   59  334  812.98000  347.48908  57.3%   157 1884s

 186335 159758  428.14643   76  218  812.98000  347.49893  57.3%   157 1892s

 187486 160548  388.68178   65  266  812.98000  347.49893  57.3%   157 1900s

 188288 161453  510.43991  129  203  812.98000  347.49893  57.3%   157 1908s

 189313 161968  348.87820   45  437  812.98000  347.56634  57.2%   157 1916s

 189866 162557  377.58777   63  314  812.98000  347.56634  57.2%   157 1924s

 190539 163049  431.95125  114  269  812.98000  347.56634  57.2%   157 1931s

 191055 163729  455.94901  155  249  812.98000  347.56634  57.2%   157 1940s

 191861 164304  361.07037   48  373  812.98000  347.60471  57.2%   157 1949s

 192492 165423  428.13269   90  303  812.98000  347.60471  57.2%   158 1961s

 193796 165727  360.84041   42  397  812.98000  347.61212  57.2%   157 1966s

 194120 166561  376.69438   55  300  812.98000  347.61212  57.2%   157 1973s

 195058 167352 infeasible  115       812.98000  347.61212  57.2%   157 1982s

 195946 167591  361.65956   42  366  812.98000  347.61212  57.2%   157 1987s

 196195 168333  401.04210   69  498  812.98000  347.61212  57.2%   157 1996s

 197024 169405  361.18522   47  273  812.98000  347.67573  57.2%   157 2004s

 198162 170242  593.67763  191  161  812.98000  347.67573  57.2%   157 2012s

 199086 170604  362.39103   41  200  812.98000  347.67573  57.2%   157 2019s

 199505 170725  417.05654   52  174  812.98000  347.67573  57.2%   157 2026s

 199671 170904  420.92640   52  183  812.98000  347.67573  57.2%   157 2032s

 199854 171282  417.56879   53  166  812.98000  347.67573  57.2%   157 2039s

 200290 171932  425.35926   58  199  812.98000  347.67573  57.2%   157 2047s

 201040 172828  463.90558   82  133  812.98000  347.67573  57.2%   157 2055s

 202087 173716  383.92308   66  202  812.98000  347.67573  57.2%   157 2062s

 203048 174144  688.47256  226  171  812.98000  347.67573  57.2%   157 2069s

 203517 175093  370.34937   44  238  812.98000  347.67573  57.2%   158 2078s

 204669 175929  361.23038   42  368  812.98000  347.83325  57.2%   157 2086s

 205669 176524  472.81629  125  239  812.98000  347.83325  57.2%   157 2094s

 206426 176537  365.77582   46  377  812.98000  347.86276  57.2%   157 2106s

 206439 176845  365.78769   47  365  812.98000  347.86276  57.2%   157 2114s

 206778 177691  483.05941   64  203  812.98000  347.86276  57.2%   158 2122s

 207772 178189  390.31503   54  216  812.98000  347.91698  57.2%   158 2132s

 208369 179146  372.10097   48  326  812.98000  347.94108  57.2%   158 2145s

 209491 179745  374.84896   42  390  812.98000  347.94982  57.2%   158 2155s

 210204 180742  357.69584   38  322  812.98000  347.95140  57.2%   158 2166s

 211411 181896     cutoff  167       812.98000  347.99703  57.2%   158 2176s

 212675 182389     cutoff  177       812.98000  348.03753  57.2%   158 2184s

 212860 182389  552.61944  196  178  812.98000  348.03753  57.2%   158 2185s

 213275 183246  622.29958  114  153  812.98000  348.03753  57.2%   158 2195s

 214213 184238  532.71127   87  157  812.98000  348.03753  57.2%   158 2205s

 215315 184893  392.23130   74  287  812.98000  348.07007  57.2%   158 2214s

 216045 186012  471.79273  129  148  812.98000  348.07007  57.2%   158 2225s

 217396 186683  360.95163   58  329  812.98000  348.09552  57.2%   158 2235s

 218122 187515  415.43329  102  304  812.98000  348.09552  57.2%   158 2243s

 219040 188599  522.33869  183  184  812.98000  348.09552  57.2%   158 2252s

 220206 189415  397.10046   58  297  812.98000  348.11754  57.2%   158 2262s

 221194 189849  550.19070  140  118  812.98000  348.11754  57.2%   158 2270s

 221775 190594  373.72212   60  215  812.98000  348.11754  57.2%   158 2279s

 222766 190794  370.49250   48  191  812.98000  348.14446  57.2%   158 2289s

 222993 194187  664.16676  105  143  812.98000  348.14446  57.2%   159 2320s

 226887 194440  541.24445  141  207  812.98000  348.25047  57.2%   159 2328s

 227169 194869  672.33333  188  171  812.98000  348.25047  57.2%   159 2337s

 227639 195368  451.96710   61  161  812.98000  348.25047  57.2%   159 2345s

 228213 196405  360.45498   42  537  812.98000  348.25047  57.2%   159 2355s

 229431 196407  514.46694   86  189  812.98000  348.25047  57.2%   159 2368s

 229445 196590  510.81556   85  174  812.98000  348.25047  57.2%   159 2379s

 229628 197013  536.68324   95  128  812.98000  348.25047  57.2%   159 2388s

 230128 198008  620.08357  134  106  812.98000  348.25047  57.2%   159 2397s

 231342 198717  357.67078   38  265  812.98000  348.27596  57.2%   159 2407s

 232155 199255  402.26742   53  176  812.98000  348.27596  57.2%   159 2416s

 232754 200023  370.49809   63  306  812.98000  348.27596  57.2%   159 2425s

 233583 200531  606.24283  146  145  812.98000  348.27596  57.2%   159 2434s

 234163 201214  388.41760   53  176  812.98000  348.27596  57.2%   159 2444s

 235089 201671  357.15829   40  382  812.98000  348.27596  57.2%   159 2452s

 235574 202494  367.84375   66  240  812.98000  348.27596  57.2%   159 2462s

 236564 203526  454.36048  125  226  812.98000  348.27596  57.2%   159 2472s

 237772 204288  736.57479  282  194  812.98000  348.27596  57.2%   159 2485s

 238670 204925  713.62665  112  149  812.98000  348.27596  57.2%   159 2493s

 239434 205683  426.99408   99  174  812.98000  348.27596  57.2%   159 2504s

 240294 206596  415.89988   65  285  812.98000  348.32447  57.2%   159 2514s

 241337 207098  379.99951   43  254  812.98000  348.32447  57.2%   159 2522s

 241895 207902  459.75107   93  196  812.98000  348.32447  57.2%   159 2534s

 242850 208742  385.37815   72  172  812.98000  348.49131  57.1%   159 2543s

 243845 209664  457.80311   78  267  812.98000  348.49131  57.1%   159 2552s

 244841 210473  367.35013   37  236  812.98000  348.49131  57.1%   159 2563s

 245848 211030  602.76192  127  195  812.98000  348.49131  57.1%   159 2571s

 246473 211693  408.32432   53  148  812.98000  348.53416  57.1%   159 2579s

 247037 211693  528.78043  114  153  812.98000  348.54365  57.1%   159 2580s

 247298 212187  427.62003   68  237  812.98000  348.55283  57.1%   159 2589s

 247900 212894  373.52949   47  250  812.98000  348.55495  57.1%   159 2598s

 248763 213360  359.55149   50  198  812.98000  348.55495  57.1%   159 2605s

 249276 214351  433.33726  101  192  812.98000  348.55495  57.1%   159 2615s

 250449 215138  362.93144   49  317  812.98000  348.60690  57.1%   159 2625s

 251302 216087  457.07114   98  237  812.98000  348.60901  57.1%   159 2635s

 252333 217041  375.78444   53  288  812.98000  348.60901  57.1%   159 2648s

 253399 217498  485.50320  115  201  812.98000  348.60901  57.1%   159 2656s

 253898 218333  764.11115  211  213  812.98000  348.60901  57.1%   159 2665s

 254849 219171  521.52170  127  115  812.98000  348.60901  57.1%   159 2675s

 255842 219696  403.96867   50  146  812.98000  348.64349  57.1%   159 2683s

 256449 220336  536.75601   96   95  812.98000  348.64349  57.1%   159 2693s

 257224 220575  445.11533   91  182  812.98000  348.64349  57.1%   159 2700s

 257463 221648  684.76880  165  207  812.98000  348.64349  57.1%   159 2710s

 258661 221661  628.10355  101  163  812.98000  348.64349  57.1%   159 2727s

 258674 222184  628.60591  102  170  812.98000  348.64349  57.1%   159 2740s

 259294 222502  369.21947   57  331  812.98000  348.64349  57.1%   159 2748s

 259612 223517  416.13859   69  205  812.98000  348.70225  57.1%   159 2758s

 260776 224279  373.59338   45  278  812.98000  348.70589  57.1%   159 2769s

 261676 224674  355.26318   47  421  812.98000  348.70589  57.1%   159 2776s

 262090 225444  718.48466  151   76  812.98000  348.70589  57.1%   159 2786s

 262987 225829  486.99362   74  177  812.98000  348.70665  57.1%   159 2795s

 263451 227022  358.32207   50  202  812.98000  348.70665  57.1%   159 2807s

 264764 227464  539.69782  157  194  812.98000  348.70665  57.1%   159 2815s

 265332 228520  650.41002  246  190  812.98000  348.70665  57.1%   159 2827s

 266579 228999  352.27322   37  401  812.98000  348.77339  57.1%   159 2837s

 267122 229310  408.75167   80  305  812.98000  348.77339  57.1%   159 2847s

 267443 232135  522.76244  132  187  812.98000  348.77339  57.1%   160 2874s

 270651 232569  520.26083  102  159  812.98000  348.82232  57.1%   159 2883s

 271161 233063  353.81711   37  403  812.98000  348.83131  57.1%   159 2893s

 271801 233381  374.33795   42  240  812.98000  348.83131  57.1%   159 2902s

 272233 233787  400.41404   43  428  812.98000  348.86335  57.1%   160 2911s

 272694 234256  587.86943   88   96  812.98000  348.86335  57.1%   160 2920s

 273291 235338  462.88458   86  135  812.98000  348.86729  57.1%   160 2931s

 274496 235735  751.73567  132  105  812.98000  348.86729  57.1%   160 2940s

 274940 236507  497.89663   91  137  812.98000  348.86729  57.1%   160 2952s

 275868 237335  362.32785   35  330  812.98000  348.91001  57.1%   160 2961s

 276784 237841  378.49835   47  179  812.98000  348.91001  57.1%   160 2971s

 277383 238734  426.75314   69  212  812.98000  348.91001  57.1%   160 2982s

 278393 239443  365.39377   50  316  812.98000  348.94638  57.1%   160 2993s

 279203 240196  426.46752   84  121  812.98000  348.94638  57.1%   160 3003s

 280040 241270  370.32547   46  324  812.98000  348.94638  57.1%   160 3014s

 281224 242094  558.10029  164  156  812.98000  348.94638  57.1%   160 3023s

 282161 242517  384.20789   72  211  812.98000  348.94638  57.1%   160 3036s

 282671 244299  434.35013  106  196  812.98000  348.98524  57.1%   160 3056s

 284659 245198  481.25328  163  186  812.98000  349.00905  57.1%   160 3068s

 285629 245206  764.23720  352  195  812.98000  349.01104  57.1%   159 3086s

 285637 245443  764.23720  353  195  812.98000  349.01104  57.1%   160 3099s

 285935 246222  355.90459   43  479  812.98000  349.01104  57.1%   159 3110s

 286780 247023  504.50402  111  147  812.98000  349.01104  57.1%   159 3121s

 287709 247551  679.06362  185   85  812.98000  349.01858  57.1%   159 3132s

 288354 248218  513.35456   58  177  812.98000  349.01858  57.1%   159 3143s

 289107 248618  607.85747   96  128  812.98000  349.01858  57.1%   159 3151s

 289593 249756  421.55984   52  227  812.98000  349.01858  57.1%   159 3163s

 290810 250593     cutoff  230       812.98000  349.01858  57.1%   159 3176s

 291743 251192  367.34911   41  370  812.98000  349.01858  57.1%   159 3186s

 292473 251692  768.64392  152  117  812.98000  349.07501  57.1%   159 3194s

 293003 252447  534.48407   97  127  812.98000  349.09279  57.1%   159 3206s

 293883 253393  409.59155   65  253  812.98000  349.09279  57.1%   159 3217s

 295041 254353  530.13565  100  188  812.98000  349.09279  57.1%   159 3229s

 296122 254912  659.21867  108  157  812.98000  349.13002  57.1%   159 3240s

 296775 255323  393.29599   62  209  812.98000  349.13002  57.1%   159 3252s

 297253 256735  472.17031  115  142  812.98000  349.13002  57.1%   159 3271s

 298845 257318  417.58700   90  149  812.98000  349.13002  57.1%   160 3285s

 299509 257865  388.94438   46  290  812.98000  349.13002  57.1%   160 3299s

 300195 258337  366.95488   49  406  812.98000  349.17843  57.0%   160 3311s

 300760 258814  386.55738   60  272  812.98000  349.17843  57.0%   160 3323s

 301459 259282  621.08333  104  116  812.98000  349.17843  57.0%   160 3335s

 302038 259968  421.67788   60  174  812.98000  349.18831  57.0%   160 3353s

 302827 261043     cutoff  184       812.98000  349.18831  57.0%   160 3368s

 304159 261811  408.72385   93  168  812.98000  349.24625  57.0%   160 3382s

 305064 262800  475.76596  130  150  812.98000  349.24625  57.0%   160 3398s

 306246 263366  490.42357  105  121  812.98000  349.27899  57.0%   160 3410s

 306941 264442  381.20214   57  253  812.98000  349.27899  57.0%   160 3425s

 308122 264978  471.04790  132  109  812.98000  349.27899  57.0%   160 3441s

 308837 265392  386.48399   61  218  812.98000  349.27899  57.0%   160 3454s

 309309 266698  514.47790  109  207  812.98000  349.27899  57.0%   160 3468s

 310742 267710  490.20863  115  161  812.98000  349.27899  57.0%   160 3484s

 311870 267718  527.15636   82  168  812.98000  349.30951  57.0%   160 3504s

 311878 274424  527.23864   83  165  812.98000  349.30951  57.0%   160 3719s

H313878 274207                     810.8200000  349.31645  56.9%   161 3719s

 314766 274207  367.59203   47  180  810.82000  349.31645  56.9%   161 3720s

 319878 275490  522.21884  154  168  810.82000  349.39227  56.9%   161 3751s

 321451 276682  377.16933   59  161  810.82000  349.42952  56.9%   161 3771s

 322743 278429  476.73181   72  148  810.82000  349.44334  56.9%   161 3794s

 323875 278429  589.74726  196  206  810.82000  349.44334  56.9%   161 3795s

 324873 279630  472.12891   59  117  810.82000  349.45745  56.9%   161 3814s

 326298 280790  496.83606  133  202  810.82000  349.47825  56.9%   161 3831s

 327577 281514  468.17135   67  166  810.82000  349.47825  56.9%   161 3842s

 328361 281956  388.98894   50  188  810.82000  349.47825  56.9%   161 3851s

 328902 282264  356.20446   51  309  810.82000  349.51562  56.9%   161 3859s

 329210 283073  415.24082   74  167  810.82000  349.51562  56.9%   161 3870s

 330116 283837  359.12296   49  315  810.82000  349.52201  56.9%   161 3883s

 330998 284422  529.89387   89  193  810.82000  349.52201  56.9%   161 3895s

 331700 284593  370.63870   51  303  810.82000  349.52201  56.9%   161 3904s

 331886 285305  496.50412   72  175  810.82000  349.55674  56.9%   161 3917s

H331952 284978                     807.8700000  349.55674  56.7%   161 3917s

 332788 285749  360.40862   47  339  807.87000  349.57648  56.7%   161 3931s

 333702 285995  401.89403   77  247  807.87000  349.57648  56.7%   161 3943s

 333950 286996  453.99980  102  221  807.87000  349.57648  56.7%   161 3956s

 335105 287083  667.26827  186  220  807.87000  349.59106  56.7%   161 3968s

 335193 287093  685.99101  187  197  807.87000  349.59106  56.7%   161 3977s

 335215 287196  686.12412  188  196  807.87000  349.59106  56.7%   161 3986s

 335330 287420  527.26969   48  223  807.87000  349.59106  56.7%   161 3994s

 335575 287656  492.55465   54  191  807.87000  349.59106  56.7%   161 4004s

 335838 288035  532.32623   61  184  807.87000  349.59106  56.7%   161 4013s

 336304 289164  532.58413   69  153  807.87000  349.59883  56.7%   161 4028s

 337624 289639  468.09604  112  196  807.87000  349.59976  56.7%   161 4037s

 338133 290633  684.88406  195  151  807.87000  349.59976  56.7%   161 4049s

 339238 291693  422.63722   76  299  807.87000  349.59976  56.7%   161 4061s

 340378 292789  625.29403  242  216  807.87000  349.59976  56.7%   161 4074s

 341595 293253  486.39507   55  254  807.87000  349.63811  56.7%   161 4086s

 342128 294768  636.32456  116  161  807.87000  349.63811  56.7%   161 4105s

 343779 295820  427.89760  112  150  807.87000  349.66396  56.7%   161 4118s

 344968 296229  499.10060  118  128  807.87000  349.66396  56.7%   161 4127s

 345463 297229  362.32601   49  261  807.87000  349.67932  56.7%   161 4140s

 346551 297987  659.61227  166  158  807.87000  349.67932  56.7%   161 4151s

 347447 298350  390.28669   51  126  807.87000  349.67932  56.7%   161 4160s

 347879 299043  380.84571   45  295  807.87000  349.67932  56.7%   162 4172s

 348706 299885  444.20615   87  260  807.87000  349.74160  56.7%   162 4184s

 349684 300525  361.48976   67  240  807.87000  349.77566  56.7%   162 4194s

 350381 301808  454.43493  104  210  807.87000  349.77988  56.7%   162 4209s

 351803 302709  381.67727   49  311  807.87000  349.78183  56.7%   162 4221s

 352862 303362  368.83552   51  285  807.87000  349.79055  56.7%   161 4232s

 353667 303681  432.43393   95  260  807.87000  349.79055  56.7%   162 4240s

 354027 304589  495.45830  135  219  807.87000  349.79055  56.7%   162 4252s

 355073 305279  372.40867   45  322  807.87000  349.83025  56.7%   162 4262s

 355787 306194  541.59829  107  171  807.87000  349.83025  56.7%   162 4275s

 356838 306830  364.18143   50  409  807.87000  349.83025  56.7%   162 4289s

 357526 307763  462.77058   87  201  807.87000  349.83025  56.7%   162 4305s

 358656 308756  534.55725   90  157  807.87000  349.86389  56.7%   162 4320s

 359823 309044  397.06498   68  333  807.87000  349.88581  56.7%   162 4328s

 360112 310072  477.01518  108  173  807.87000  349.88581  56.7%   162 4342s

 361265 310678  354.28206   43  387  807.87000  349.88581  56.7%   162 4357s

 361968 311586  373.07313   53  319  807.87000  349.88581  56.7%   162 4373s

 363078 312529  425.27487   75  104  807.87000  349.88581  56.7%   162 4387s

 364204 313080  364.65132   50  337  807.87000  349.88581  56.7%   162 4398s

 364881 313814  409.78974   80  154  807.87000  349.88581  56.7%   162 4412s

 365707 314592  480.16570   83  151  807.87000  349.88581  56.7%   162 4424s

 366543 315058  429.48928   69  179  807.87000  349.88581  56.7%   162 4435s

 367049 315831  577.98945   93  152  807.87000  349.93758  56.7%   162 4450s

 368020 315856  672.73082  133  155  807.87000  349.97314  56.7%   162 4462s

 368045 316048  677.27016  134  131  807.87000  349.97314  56.7%   162 4472s

 368264 316423  677.52494  135  146  807.87000  349.97314  56.7%   162 4482s

 368706 316855  369.62353   64  177  807.87000  349.97490  56.7%   162 4494s

 369199 317670  517.01775  104   88  807.87000  349.97490  56.7%   162 4508s

 370195 318070  423.94801   72  306  807.87000  349.99716  56.7%   162 4517s

 370630 318903  456.58208   89  339  807.87000  349.99716  56.7%   162 4532s

 371689 319922  371.22810   49  309  807.87000  350.02684  56.7%   162 4550s

 372784 320522  776.45242  153  177  807.87000  350.02684  56.7%   162 4561s

 373466 321014  409.96073   90  146  807.87000  350.02910  56.7%   162 4571s

 374013 321837  355.95324   44  354  807.87000  350.02910  56.7%   162 4584s

 375023 322093  412.05091   81  267  807.87000  350.02910  56.7%   162 4596s

 375295 322951  412.33083   82  297  807.87000  350.02910  56.7%   162 4609s

 376282 323390  715.00892  180  139  807.87000  350.02910  56.7%   162 4620s

 376827 324252  438.72328   76  165  807.87000  350.03654  56.7%   162 4634s

 377803 325131  361.99615   43  404  807.87000  350.06024  56.7%   162 4648s

 378774 325500  402.37758   95  209  807.87000  350.06435  56.7%   162 4659s

 379211 326613  468.67697  137  201  807.87000  350.06435  56.7%   163 4674s

 380447 327272  417.11596   62  306  807.87000  350.08713  56.7%   162 4685s

 381175 328207  494.54728  122  178  807.87000  350.08910  56.7%   163 4699s

 382216 328794  386.60361   61  306  807.87000  350.08910  56.7%   162 4711s

 382905 329867  480.38224  121  214  807.87000  350.08910  56.7%   163 4727s

 384085 330922  375.91131   59  232  807.87000  350.08910  56.7%   162 4742s

 385303 331275  354.38655   44  367  807.87000  350.13475  56.7%   162 4751s

 385691 332206  379.63520   64  253  807.87000  350.14048  56.7%   162 4765s

 386756 332897  559.72678   67  197  807.87000  350.14229  56.7%   162 4782s

 387534 333926  385.48120   54  404  807.87000  350.15230  56.7%   163 4798s

 388753 334426  377.45115   48  212  807.87000  350.17501  56.7%   163 4810s

 389322 335224  494.07527   78   98  807.87000  350.17501  56.7%   163 4824s

 390345 335584  404.67010   73  355  807.87000  350.17582  56.7%   163 4833s

 390729 336475  453.23781  108  225  807.87000  350.17582  56.7%   163 4849s

 391735 337419  406.97106   49  213  807.87000  350.19456  56.7%   163 4863s

 392796 338022  394.05675   43  356  807.87000  350.20411  56.7%   163 4877s

 393497 338921  475.85674   86  243  807.87000  350.20411  56.7%   163 4892s

 394485 339349  393.34788   50  213  807.87000  350.20411  56.7%   163 4905s

 394927 340292  492.54984  110  197  807.87000  350.20411  56.7%   163 4921s

 395979 340870  521.37438   84  167  807.87000  350.21849  56.6%   163 4937s

 396686 341622  374.98894   46  282  807.87000  350.21849  56.6%   163 4952s

 397584 342042  373.28606   55  211  807.87000  350.21849  56.6%   163 4963s

 398033 343085  619.38115  129  118  807.87000  350.21849  56.6%   163 4978s

 399262 344030  672.10373  133  143  807.87000  350.27621  56.6%   163 4992s

 400251 344938  474.56239  104  172  807.87000  350.27621  56.6%   163 5008s

 401269 345295  356.89932   51  397  807.87000  350.27621  56.6%   163 5022s

 401673 346058  365.52027   58  330  807.87000  350.27621  56.6%   163 5050s

 402564 347740  448.81080   91  155  807.87000  350.27621  56.6%   163 5080s

 404431 348506  519.28748  111  173  807.87000  350.31887  56.6%   163 5097s

 405282 349405  620.61665   90  144  807.87000  350.31887  56.6%   163 5117s

 406382 350466  370.48236   34  311  807.87000  350.34863  56.6%   163 5137s

 407611 350960  373.39755   52  378  807.87000  350.37334  56.6%   163 5152s

 408149 351636  457.98965   75  232  807.87000  350.37343  56.6%   163 5168s

H408274 351300                     805.3300000  350.37343  56.5%   163 5168s

 408979 352346  503.90656   87  180  805.33000  350.38728  56.5%   163 5187s

 410129 352746  374.40758   47  265  805.33000  350.38728  56.5%   163 5202s

 410572 353681  450.81015   73  321  805.33000  350.38728  56.5%   163 5221s

 411641 354775  418.67017   81  194  805.33000  350.40670  56.5%   163 5241s

 412849 355398  439.49194   62  187  805.33000  350.40670  56.5%   163 5257s

 413606 356171  405.48558   61  161  805.33000  350.42672  56.5%   163 5272s

 414463 356978  364.48763   36  276  805.33000  350.43483  56.5%   163 5290s

 415398 357564  368.78884   42  274  805.33000  350.43483  56.5%   163 5302s

 416058 358237  760.90299  138  123  805.33000  350.43483  56.5%   164 5320s

 416838 359036  506.54820  103  154  805.33000  350.43998  56.5%   164 5338s

 417772 359865  397.11085   59  235  805.33000  350.43998  56.5%   164 5353s

 418677 360664  708.15392  134  137  805.33000  350.43998  56.5%   164 5370s

 419622 360977  360.03970   47  335  805.33000  350.43998  56.5%   164 5384s

 419979 361698  398.38319   61  294  805.33000  350.43998  56.5%   164 5401s

 420840 362297  565.45659  122  152  805.33000  350.43998  56.5%   164 5415s

 421512 363130  383.96692   62  222  805.33000  350.43998  56.5%   164 5433s

 422480 363792  645.11038  145  213  805.33000  350.47133  56.5%   164 5447s

 423269 364165  406.12143   79  254  805.33000  350.47133  56.5%   164 5461s

 423658 364908  520.59810  143  151  805.33000  350.47133  56.5%   164 5480s

 424543 365841  492.66387   93  152  805.33000  350.48986  56.5%   164 5500s

 425631 366402  544.15770  138  202  805.33000  350.53145  56.5%   164 5516s

 426224 367436  373.31096   45  256  805.33000  350.53218  56.5%   164 5533s

 427389 368316  355.59255   43  403  805.33000  350.53218  56.5%   164 5547s

 428350 369218  526.30008  125  240  805.33000  350.53218  56.5%   164 5568s

 429391 369591  426.41699   63  154  805.33000  350.55572  56.5%   164 5580s

 429809 370169  403.72273   68  225  805.33000  350.55572  56.5%   164 5599s

 430486 371387  397.17677   60  230  805.33000  350.57814  56.5%   164 5620s

 431799 372027  407.60074   57  226  805.33000  350.57977  56.5%   164 5632s

 432487 372617  667.12975  154  186  805.33000  350.57977  56.5%   164 5642s

 433108 373121  384.72646   38  403  805.33000  350.57977  56.5%   164 5654s

 433703 373774  448.22161   87  253  805.33000  350.57977  56.5%   164 5667s

 434450 374267  720.60114  235  167  805.33000  350.57977  56.5%   164 5683s

 435065 374604  388.18875   66  218  805.33000  350.57977  56.5%   164 5695s

 435499 375424  475.64801  101  157  805.33000  350.57977  56.5%   165 5713s

 436478 376105  436.61796   67  200  805.33000  350.60548  56.5%   164 5726s

 437246 376732  666.94269  169  180  805.33000  350.60548  56.5%   165 5739s

 437975 377621  386.48102   56  163  805.33000  350.60548  56.5%   165 5758s

 439064 378142  578.85245  205  137  805.33000  350.60548  56.5%   165 5770s

 439726 378573  361.61489   45  387  805.33000  350.60548  56.5%   165 5786s

 440299 378922  469.62572   78  172  805.33000  350.60548  56.5%   165 5799s

 440727 379646  362.05701   42  454  805.33000  350.60548  56.5%   165 5812s

 441562 380066  652.27196   94  127  805.33000  350.60548  56.5%   165 5826s

 442086 381032  384.15272   56  254  805.33000  350.60548  56.5%   165 5845s

 443197 381773  441.26311   98  233  805.33000  350.60548  56.5%   165 5863s

 444004 382189  494.84864  130  187  805.33000  350.60548  56.5%   165 5876s

 444515 383091  545.81900  156   97  805.33000  350.60548  56.5%   165 5894s

 445624 383678  382.34324   35  377  805.33000  350.68935  56.5%   165 5914s

 446314 384656  425.19455   77  244  805.33000  350.71566  56.5%   165 5934s

 447382 385414  382.91139   43  304  805.33000  350.71612  56.5%   165 5952s

 448201 386380  483.71071   98  164  805.33000  350.73361  56.4%   165 5970s

 449270 387356  430.92127   80  222  805.33000  350.74796  56.4%   165 5992s

 450331 387821  591.72075  162  195  805.33000  350.74796  56.4%   165 6006s

 450872 388319  366.69369   46  359  805.33000  350.74796  56.4%   165 6023s

 451435 389124  551.62764  114  103  805.33000  350.74796  56.4%   165 6039s

 452313 390233  511.81182   73  161  805.33000  350.76009  56.4%   165 6060s

 453628 390668  411.74734   63  147  805.33000  350.76009  56.4%   165 6072s

 454102 391716  489.19997  101  162  805.33000  350.76009  56.4%   165 6094s

 455354 392546  391.99912   55  268  805.33000  350.78470  56.4%   165 6112s

 456264 393058  789.02579  201  147  805.33000  350.79489  56.4%   165 6126s

 456857 393916  406.51083   82  309  805.33000  350.79544  56.4%   165 6146s

 457828 394762  755.55305  206  192  805.33000  350.81208  56.4%   165 6166s

 458800 394944  432.32017   96  179  805.33000  350.81208  56.4%   165 6181s

 459000 395736  486.31986  143  151  805.33000  350.81208  56.4%   165 6198s

 459839 396555  519.48347  136  190  805.33000  350.81492  56.4%   165 6216s

 460761 396976  381.41312   62  355  805.33000  350.83162  56.4%   165 6231s

 461246 398684  594.22434  114  163  805.33000  350.83162  56.4%   165 6261s

 463139 399385  430.96768   45  235  805.33000  350.84303  56.4%   165 6276s

 463929 399842  396.24612   54  281  805.33000  350.84303  56.4%   165 6287s

 464416 400571  479.84600   62  218  805.33000  350.84303  56.4%   165 6304s

 464498 400571  473.77429   56  159  805.33000  350.84303  56.4%   165 6305s

 465335 401266  400.91133   55  277  805.33000  350.86809  56.4%   165 6319s

 466059 402013  518.76671  122  274  805.33000  350.86809  56.4%   165 6338s

 466868 402665  753.44931  259  168  805.33000  350.86809  56.4%   165 6357s

 467618 403540  592.23479  135  165  805.33000  350.86809  56.4%   166 6374s

 468691 404199  518.63656   97  190  805.33000  350.86891  56.4%   166 6392s

 469416 404593  396.95236   69  244  805.33000  350.89223  56.4%   166 6404s

 469822 405667  456.34481  109  188  805.33000  350.89223  56.4%   166 6424s

 471087 406408  368.51007   45  242  805.33000  350.89223  56.4%   166 6444s

 471869 406408  380.11639   63  114  805.33000  350.90870  56.4%   166 6445s

 472048 406909  439.89637   85  125  805.33000  350.90870  56.4%   166 6460s

 472640 407828  508.36470   91  170  805.33000  350.91215  56.4%   166 6479s

 473727 408112  403.29927   54  236  805.33000  350.92341  56.4%   166 6494s

 474061 408823  423.30888   65  177  805.33000  350.92341  56.4%   166 6510s

 474924 409470  400.11355   54  262  805.33000  350.92561  56.4%   166 6525s

 475657 410175  379.25240   50  366  805.33000  350.95238  56.4%   166 6546s

 476404 411165  413.11128   85  307  805.33000  350.95238  56.4%   166 6569s

 477555 411637  534.55958  157  190  805.33000  350.95238  56.4%   166 6590s

 478115 412057  687.84123  242  205  805.33000  350.95238  56.4%   166 6603s

 478586 413026  443.13783   63  213  805.33000  350.95455  56.4%   166 6623s

 479675 413126  367.69119   50  365  805.33000  350.97946  56.4%   166 6641s

 479802 413499  390.15355   52  305  805.33000  350.97946  56.4%   166 6658s

 480241 413817  392.05073   53  233  805.33000  350.97946  56.4%   166 6676s

 480600 414790  389.71743   52  273  805.33000  350.97946  56.4%   166 6696s

 481824 415164  384.07478   39  254  805.33000  351.01200  56.4%   166 6709s

 482261 415687  509.19138   62  123  805.33000  351.01200  56.4%   166 6727s

 482872 417079  424.08185   89  111  805.33000  351.01382  56.4%   166 6751s

 484575 417434  478.32307  118  187  805.33000  351.02533  56.4%   166 6765s

 484990 418469  379.58048   54  296  805.33000  351.02927  56.4%   166 6784s

 486123 419216  391.24709   45  306  805.33000  351.05037  56.4%   166 6801s

 487001 419699  374.87615   53  247  805.33000  351.06118  56.4%   166 6816s

 487545 420717  452.47710   99  200  805.33000  351.06118  56.4%   166 6835s

 488645 421591  366.06275   43  336  805.33000  351.06118  56.4%   167 6854s

 489624 422562  547.31558  156  194  805.33000  351.06118  56.4%   167 6874s

 490733 423146  463.26015   76  145  805.33000  351.08078  56.4%   167 6890s

 491335 424287  585.52100  153  207  805.33000  351.08078  56.4%   167 6914s

 492655 425203  398.44867   46  298  805.33000  351.10146  56.4%   167 6933s

 493782 425211  387.60223   64  154  805.33000  351.10146  56.4%   167 6953s

 493790 425742  388.55893   65  164  805.33000  351.10146  56.4%   167 6968s

 494389 426158  359.83061   38  337  805.33000  351.10146  56.4%   167 6980s

 494851 426901  408.85536   58  225  805.33000  351.10146  56.4%   167 6996s

 495672 427742  372.83071   40  248  805.33000  351.10146  56.4%   167 7015s

 496631 428649  381.62850   60  299  805.33000  351.13203  56.4%   167 7032s

 497630 429431  438.84613   47  154  805.33000  351.13203  56.4%   167 7051s

 498511 429889  463.05641   57  151  805.33000  351.13203  56.4%   167 7066s

 499009 430528  373.08291   54  375  805.33000  351.13203  56.4%   167 7086s

 499845 430927  503.11128  118  191  805.33000  351.13203  56.4%   167 7106s

 500278 431756  376.99969   47  389  805.33000  351.13203  56.4%   167 7124s

 501256 432488  555.00087  121  198  805.33000  351.13203  56.4%   167 7141s

 502044 432937  413.38636   55  231  805.33000  351.15232  56.4%   167 7156s

 502509 433970  501.58956  102  208  805.33000  351.15232  56.4%   167 7176s

 503662 434814  377.78461   61  300  805.33000  351.15232  56.4%   167 7193s

 504606 435702  797.12846  157  171  805.33000  351.18222  56.4%   167 7211s

 505553 436278  361.53679   42  410  805.33000  351.18222  56.4%   167 7229s

 506240 436711  380.18559   77  270  805.33000  351.18222  56.4%   167 7254s

 506707 437388  496.28301  154  143  805.33000  351.18222  56.4%   167 7279s

 507501 438227  470.46178  107  172  805.33000  351.18222  56.4%   167 7307s

 508455 438819  382.04638   42  230  805.33000  351.20348  56.4%   167 7329s

 509028 438819  696.39822  183   97  805.33000  351.20348  56.4%   167 7330s

 509118 440004  538.10148   66  140  805.33000  351.20348  56.4%   167 7357s

 510726 441312  424.76155   69  331  805.33000  351.23178  56.4%   168 7381s

 512128 441931  622.29476  201  200  805.33000  351.23832  56.4%   168 7399s

 512851 442870  365.27744   39  378  805.33000  351.23846  56.4%   168 7418s

 513905 443935  532.52419  121  214  805.33000  351.23846  56.4%   168 7439s

 515046 444396  365.43733   51  346  805.33000  351.23846  56.4%   168 7454s

 515573 445584  536.18667   88  195  805.33000  351.23846  56.4%   168 7478s

 516973 446264  373.01735   54  263  805.33000  351.28869  56.4%   168 7496s

 517795 447207  397.51123   66  290  805.33000  351.29911  56.4%   168 7515s

 518798 447921  565.34177  165  152  805.33000  351.29911  56.4%   168 7533s

 519624 448821  365.29793   41  241  805.33000  351.29911  56.4%   168 7552s

 520619 449801  614.63000  137  151  805.33000  351.29911  56.4%   168 7579s

 521724 450389  424.89147   70  200  805.33000  351.29911  56.4%   168 7597s

 522411 450552  389.12331   41  313  805.33000  351.30222  56.4%   168 7607s

 522582 451224  442.15674   59  266  805.33000  351.30222  56.4%   168 7625s

 523272 452179  731.98773  190  189  805.33000  351.30222  56.4%   168 7647s

 524390 452581  494.78132   77  204  805.33000  351.30222  56.4%   168 7663s

 524887 453551  355.14753   48  307  805.33000  351.34106  56.4%   168 7686s

 525937 454337  462.09204  105  254  805.33000  351.34106  56.4%   168 7705s

 526796 455125  376.44792   46  362  805.33000  351.34106  56.4%   168 7726s

 527658 455608  538.96974  102  191  805.33000  351.34106  56.4%   168 7741s

 528251 456245  656.01816  173  169  805.33000  351.37064  56.4%   168 7760s

 528939 456677  512.28293   88  139  805.33000  351.37064  56.4%   168 7780s

 529481 457671  378.05332   39  266  805.33000  351.37992  56.4%   168 7801s

 530636 457989  378.12019   41  192  805.33000  351.37992  56.4%   168 7818s

 531008 458736  584.08554   84  257  805.33000  351.39919  56.4%   168 7837s

 531871 459506  390.97339   62  307  805.33000  351.39919  56.4%   168 7858s

 532725 459927  543.09742  116  203  805.33000  351.39919  56.4%   168 7877s

 533177 460898  653.56606  173  188  805.33000  351.39919  56.4%   168 7898s

 534413 461649  495.27243   96  149  805.33000  351.43604  56.4%   168 7921s

 535324 462441  416.86090   79  243  805.33000  351.43604  56.4%   168 7942s

 536166 463130  766.71138  277  175  805.33000  351.43604  56.4%   168 7960s

 537029 463873  492.77202   99  214  805.33000  351.43707  56.4%   168 7979s

 537794 464732  387.31879   48  274  805.33000  351.46114  56.4%   168 8002s

 538778 465293     cutoff  154       805.33000  351.46182  56.4%   168 8024s

 539436 465993  656.41818  133  161  805.33000  351.46182  56.4%   168 8041s

 540221 467078  383.78027   62  210  805.33000  351.46182  56.4%   168 8062s

 541453 467767  570.48629  135  102  805.33000  351.47337  56.4%   168 8080s

 542313 468122  527.46958   85  181  805.33000  351.50944  56.4%   168 8099s

 542746 468998  497.63852   61  169  805.33000  351.50944  56.4%   168 8119s

 543028 468998  390.28931   50  257  805.33000  351.50944  56.4%   168 8120s

 543733 470035  430.21590   81  234  805.33000  351.50944  56.4%   168 8144s

 544865 470419  391.72859   42  303  805.33000  351.50944  56.4%   168 8165s

 545325 471399  660.92335   69   92  805.33000  351.50944  56.4%   168 8188s

 546411 472111  683.81078  164  169  805.33000  351.54284  56.3%   168 8204s

 547173 472655  541.24798  108  166  805.33000  351.54284  56.3%   168 8224s

 547782 473360  367.87456   50  273  805.33000  351.54284  56.3%   168 8240s

 548573 473925  488.15690   71  119  805.33000  351.54284  56.3%   168 8262s

 549306 474615  391.22406   47  237  805.33000  351.54284  56.3%   168 8281s

 550120 475140  435.98845   52  202  805.33000  351.54284  56.3%   168 8298s

 550673 476711  525.68403  106  153  805.33000  351.54284  56.3%   168 8334s

 552460 477348  357.31578   42  439  805.33000  351.59782  56.3%   168 8357s

 553168 478179  357.31578   43  438  805.33000  351.59782  56.3%   168 8377s

 554130 478651  431.54888   63  195  805.33000  351.59782  56.3%   168 8394s

 554701 479481  364.26205   43  466  805.33000  351.59782  56.3%   168 8412s

 555629 479861  657.76967  170  160  805.33000  351.59782  56.3%   168 8430s

 556102 480589  368.68895   61  266  805.33000  351.59782  56.3%   168 8447s

 556901 481105  550.03517  172  127  805.33000  351.59782  56.3%   168 8465s

 557465 481398  475.24969   53  223  805.33000  351.63454  56.3%   168 8487s

 557783 481879  635.75840  122  162  805.33000  351.63454  56.3%   168 8507s

 558372 482389  388.06356   77  313  805.33000  351.63454  56.3%   168 8526s

 558934 483221  463.64166  129  183  805.33000  351.63454  56.3%   168 8547s

 559881 483977  409.54622   57  287  805.33000  351.63454  56.3%   168 8566s

 560696 484945  539.12999  111  263  805.33000  351.63454  56.3%   168 8588s

 561775 485736  374.17865   63  236  805.33000  351.68004  56.3%   168 8607s

 562677 486741  395.45156   55  161  805.33000  351.68105  56.3%   168 8628s

 563833 487166 infeasible   68       805.33000  351.68105  56.3%   168 8644s

 564345 487909  365.49996   54  300  805.33000  351.68105  56.3%   168 8663s

 565213 488889  378.31723   46  336  805.33000  351.71163  56.3%   168 8689s

 566285 489374  382.31440   47  402  805.33000  351.71163  56.3%   168 8706s

 566824 489776  476.44277  128  192  805.33000  351.71163  56.3%   169 8720s

 567289 490286  391.53120   51  459  805.33000  351.71163  56.3%   169 8745s

 567843 491114  400.43015   62  228  805.33000  351.71163  56.3%   169 8766s

 568772 491616  508.41169  137  236  805.33000  351.71163  56.3%   169 8783s

 569330 491624  613.92727  210  193  805.33000  351.71163  56.3%   169 8838s

 569338 491632  614.82025  211  185  805.33000  351.71163  56.3%   169 8866s

 569346 491640  615.13973  212  198  805.33000  351.71163  56.3%   169 8884s

 569354 491648  615.63523  213  185  805.33000  351.71163  56.3%   169 8910s

 569362 491660  615.64469  214  188  805.33000  351.71163  56.3%   169 8946s

 569374 491848  617.37826  215  185  805.33000  351.71163  56.3%   169 8987s

 569577 492346  617.69190  216  173  805.33000  351.71163  56.3%   169 9013s

 570103 493211  620.36888  217  202  805.33000  351.71163  56.3%   169 9044s

 571144 493625  426.51705   52  314  805.33000  351.76097  56.3%   169 9067s

 571656 494687  367.28173   53  348  805.33000  351.76097  56.3%   169 9098s

 572848 495786  649.47678  186  179  805.33000  351.76097  56.3%   169 9125s

 574093 496544  492.92857   98  272  805.33000  351.78543  56.3%   169 9149s

 574943 497647  724.75930  192  187  805.33000  351.78543  56.3%   169 9180s

 576196 498387  366.61201   46  415  805.33000  351.78543  56.3%   169 9207s

 577041 499196  468.57353  100  163  805.33000  351.78543  56.3%   169 9232s

 578026 499843  374.15127   46  290  805.33000  351.80617  56.3%   169 9255s

 578815 500154  450.19807   69  252  805.33000  351.82368  56.3%   169 9280s

 579166 501055  451.94897   70  253  805.33000  351.82368  56.3%   169 9306s

 580150 501748  457.65176   71  226  805.33000  351.84037  56.3%   169 9331s

 580956 502543  363.53262   47  278  805.33000  351.84200  56.3%   169 9351s

 581804 503355  510.15514  126  210  805.33000  351.84200  56.3%   169 9372s

 582687 503913  422.21055   89  192  805.33000  351.84200  56.3%   169 9389s

 583283 504993  547.08463  167  206  805.33000  351.84200  56.3%   169 9413s

 584534 505725  426.35708   84  240  805.33000  351.87603  56.3%   169 9432s

 585376 506517  753.49270  214  134  805.33000  351.87603  56.3%   169 9454s

 586382 506990  472.29733   52  249  805.33000  351.90002  56.3%   169 9469s

 586912 507795  528.16058  101  214  805.33000  351.90002  56.3%   169 9489s

 587200 507795  739.42946  149  126  805.33000  351.90002  56.3%   169 9490s

 587871 508784  353.42234   41  481  805.33000  351.90002  56.3%   169 9509s

 588978 509009  381.86527   71  334  805.33000  351.90002  56.3%   169 9519s

 589238 510047  415.17878  101  216  805.33000  351.90002  56.3%   169 9542s

 590456 510802  667.00889  201  133  805.33000  351.92348  56.3%   169 9560s

 591333 511417  394.04972   75  269  805.33000  351.93133  56.3%   169 9575s

 591984 512042  486.66339  120  166  805.33000  351.93133  56.3%   169 9596s

 592711 512430  645.63224  191  105  805.33000  351.94488  56.3%   169 9616s

 593225 512649  511.84043  109  125  805.33000  351.94851  56.3%   169 9641s

 593444 512934  511.41999  110  137  805.33000  351.94851  56.3%   169 9659s

 593772 513614  511.67385  111  114  805.33000  351.94851  56.3%   169 9681s

 594571 514070  393.54618   51  298  805.33000  351.94851  56.3%   169 9699s

 595096 514842  600.04620   98  170  805.33000  351.94851  56.3%   169 9725s

 595996 515299  394.77265   85  206  805.33000  351.95853  56.3%   169 9740s

 596501 516114 infeasible  151       805.33000  351.96870  56.3%   169 9765s

 597502 516608  373.44318   44  274  805.33000  351.97940  56.3%   169 9783s

 598074 517418  466.07799   98  208  805.33000  351.97940  56.3%   169 9806s

 599033 518200  397.46769   55  230  805.33000  351.98066  56.3%   169 9826s

 599896 519016  513.74061  128  225  805.33000  351.98066  56.3%   169 9846s

 600758 519710  800.81902  294  109  805.33000  351.98066  56.3%   169 9867s

 601567 520584  401.76374   85  346  805.33000  351.98066  56.3%   170 9890s

 602570 521482  352.93983   50  328  805.33000  352.00829  56.3%   170 9913s

 603575 522432  481.25384  110  193  805.33000  352.00829  56.3%   170 9938s

 604683 522921  393.69405   55  188  805.33000  352.02503  56.3%   170 9952s

 605182 523859  662.06111  160  157  805.33000  352.02503  56.3%   170 9976s

 606236 524704  645.77905  117  141  805.33000  352.02610  56.3%   170 9998s

 607195 525310  673.97817  122  167  805.33000  352.03122  56.3%   170 10019s

 607949 525899  431.16283   88  173  805.33000  352.04264  56.3%   170 10039s

 608590 526523  564.38661  151  251  805.33000  352.04264  56.3%   170 10068s

 609282 527375  745.95808  279  182  805.33000  352.04264  56.3%   170 10089s

 609802 527375  390.05459   67  266  805.33000  352.04264  56.3%   170 10090s

 610231 527732  542.48294   91  165  805.33000  352.04264  56.3%   170 10108s

 610657 529328  466.47607   62  186  805.33000  352.04788  56.3%   170 10154s

 612628 529691  479.94936   78  208  805.33000  352.04788  56.3%   170 10171s

 613082 530697  367.96749   58  298  805.33000  352.04788  56.3%   170 10196s

 614181 531287  460.00731  117  244  805.33000  352.04788  56.3%   170 10214s

 614809 532354  570.18551  170  242  805.33000  352.06812  56.3%   170 10241s

 616046 532831  364.68637   48  271  805.33000  352.06880  56.3%   170 10258s

 616553 533644  362.22908   47  344  805.33000  352.06880  56.3%   170 10280s

 617474 534047  572.91256  126  174  805.33000  352.06880  56.3%   170 10295s

 617899 535128  773.45799  206  226  805.33000  352.06880  56.3%   170 10320s

 619108 535599  607.73593  144  157  805.33000  352.08206  56.3%   170 10346s

 619672 536496  590.27785  100  208  805.33000  352.08206  56.3%   170 10370s

 620661 537260  541.67446  117  164  805.33000  352.08206  56.3%   170 10391s

 621541 537748  377.08350   67  315  805.33000  352.09583  56.3%   170 10412s

 622057 538687  416.90046   97  296  805.33000  352.12322  56.3%   170 10441s

 623115 539058  504.84769  162  259  805.33000  352.12756  56.3%   170 10468s

 623532 539733  704.96495  294  179  805.33000  352.12756  56.3%   170 10490s

 624286 540128  428.63074   55  122  805.33000  352.12756  56.3%   170 10509s

 624767 540447  375.81119   67  317  805.33000  352.12756  56.3%   170 10528s

 625130 542474  520.78680   95  172  805.33000  352.12756  56.3%   170 10585s

 627523 542960  588.58928  137  209  805.33000  352.15231  56.3%   170 10603s

 628039 543689  740.79621  218  142  805.33000  352.15231  56.3%   170 10627s

 628898 544290  501.75905   57  153  805.33000  352.15231  56.3%   170 10646s

 629676 545014  363.92360   51  340  805.33000  352.16879  56.3%   170 10665s

 630526 545296  373.55117   49  490  805.33000  352.16879  56.3%   170 10684s

 631006 546145  415.88994   71  249  805.33000  352.16879  56.3%   170 10710s

 631997 546649  579.65300  153  207  805.33000  352.16879  56.3%   170 10728s

 632562 547371     cutoff  252       805.33000  352.17626  56.3%   170 10752s

 633432 548147  394.54678   53  276  805.33000  352.18472  56.3%   170 10775s

 634329 548380 infeasible   95       805.33000  352.18472  56.3%   170 10790s

 634616 549473  437.19769   89  214  805.33000  352.19327  56.3%   171 10815s

 635846 550233  393.12629   53  271  805.33000  352.19682  56.3%   170 10845s

 636725 550892  370.57770   59  268  805.33000  352.20125  56.3%   170 10865s

 637427 551871  464.44358  101  209  805.33000  352.20125  56.3%   170 10891s

 638524 552706  361.00896   47  388  805.33000  352.20776  56.3%   170 10913s

 639439 553244  439.39892  112  116  805.33000  352.20776  56.3%   171 10944s

 640040 554200  624.45334  174  108  805.33000  352.20776  56.3%   171 10982s

 641200 555127  450.78805   88  253  805.33000  352.21532  56.3%   171 11010s

 642262 555932  646.73262  195  188  805.33000  352.21532  56.3%   171 11045s

 643153 556437  569.89029  110   98  805.33000  352.21532  56.3%   171 11064s

 643740 556445  428.03530   69  296  805.33000  352.21532  56.3%   171 11096s

 643748 556453  429.33128   70  303  805.33000  352.21532  56.3%   171 11115s

 643756 556512  430.64092   71  297  805.33000  352.21532  56.3%   171 11133s

 643815 556647  431.67322   72  275  805.33000  352.21532  56.3%   171 11152s

 643974 556970  432.42120   73  284  805.33000  352.21532  56.3%   171 11175s

 644323 557618  433.47134   74  292  805.33000  352.21532  56.3%   171 11203s

 645096 558229  435.37420   75  272  805.33000  352.21532  56.3%   171 11233s

 645749 559022  435.72195   76  295  805.33000  352.21532  56.3%   171 11266s

 646653 559934  492.77122  102  268  805.33000  352.24627  56.3%   171 11297s

 647637 561037  701.58980  213  149  805.33000  352.24627  56.3%   171 11332s

 648913 562037  418.00389   85  230  805.33000  352.24627  56.3%   171 11366s

 649967 562894  567.42561  201  151  805.33000  352.24627  56.3%   171 11399s

 650946 563829  447.10125   62  224  805.33000  352.27546  56.3%   171 11434s

 651326 563829  479.03683  102  196  805.33000  352.27546  56.3%   171 11435s

 651989 564485  367.90365   59  270  805.33000  352.27546  56.3%   171 11462s

 652685 565341  441.69589  100  258  805.33000  352.27546  56.3%   171 11502s

 653671 565912  441.69589  101  258  805.33000  352.27546  56.3%   171 11536s

 654294 566615  659.01621  213  181  805.33000  352.27546  56.3%   171 11562s

 655053 567337  391.20720   79  315  805.33000  352.28889  56.3%   171 11583s

 655788 568275  451.09163  110  235  805.33000  352.28889  56.3%   171 11611s

 656844 569289  601.53136  230  265  805.33000  352.29304  56.3%   171 11641s

 657976 569712  395.26961   52  226  805.33000  352.31390  56.3%   171 11665s

 658444 570706  473.34527   97  194  805.33000  352.31459  56.3%   171 11698s

 659613 571200  460.39925   63  205  805.33000  352.32345  56.3%   171 11723s

 660160 571843  626.66962  160  175  805.33000  352.32345  56.3%   171 11755s

 660895 572501  367.01008   47  414  805.33000  352.32345  56.3%   171 11778s

 661644 572914  423.94208   60  239  805.33000  352.33141  56.3%   171 11796s

 662110 573023  636.91337   81  133  805.33000  352.33141  56.3%   171 11827s

 662245 573407  610.36692   79  135  805.33000  352.33141  56.3%   171 11855s

 662641 573659  628.71210   80  129  805.33000  352.33141  56.3%   171 11881s

 662973 573980  377.04793   39  296  805.33000  352.33141  56.3%   171 11908s

 663340 574430  435.84387   59  151  805.33000  352.33141  56.3%   171 11933s

 663949 574825  367.03890   39  405  805.33000  352.33141  56.3%   171 11954s

 664344 575934  422.86109   69  233  805.33000  352.35255  56.2%   171 11988s

 665607 576787  368.22320   42  407  805.33000  352.37463  56.2%   171 12015s

 666561 578007  401.66515   75  224  805.33000  352.38149  56.2%   171 12049s

 667949 578576  369.46232   45  229  805.33000  352.39891  56.2%   171 12074s

 668613 579504  369.93199   47  300  805.33000  352.39907  56.2%   171 12104s

 669346 579504  425.10952   70  180  805.33000  352.41334  56.2%   171 12105s

 669703 580546  361.04420   51  287  805.33000  352.41471  56.2%   171 12137s

 670854 581234  707.05309  168  153  805.33000  352.41471  56.2%   171 12159s

 671644 581473  391.08238   53  306  805.33000  352.41471  56.2%   171 12174s

 671933 582117  563.56108   72  161  805.33000  352.41471  56.2%   171 12196s

 672609 582932  401.74452   64  233  805.33000  352.41589  56.2%   171 12223s

 673570 583536  377.12100   45  405  805.33000  352.41589  56.2%   171 12243s

 674249 584573  443.93477   86  184  805.33000  352.41589  56.2%   171 12274s

 675432 584971  694.27898  256  206  805.33000  352.43411  56.2%   171 12291s

 675867 585755  390.58425   45  332  805.33000  352.43411  56.2%   171 12316s

 676672 586855  439.66110   91  206  805.33000  352.43411  56.2%   171 12347s

 677861 587791  380.73901   64  196  805.33000  352.43868  56.2%   171 12375s

 678868 588293  421.69756   47  199  805.33000  352.43868  56.2%   171 12398s

 679491 588598  561.62009   85  150  805.33000  352.43868  56.2%   171 12413s

 679814 589368  639.41641  109  134  805.33000  352.43868  56.2%   171 12437s

 680764 590312  387.91192   58  193  805.33000  352.43868  56.2%   171 12464s

 681874 590786  377.84230   49  227  805.33000  352.46847  56.2%   171 12487s

 682498 591182  577.54804  105  139  805.33000  352.46847  56.2%   171 12504s

 682967 591919  375.15142   71  302  805.33000  352.46847  56.2%   171 12527s

 683804 592414  544.36086  140  269  805.33000  352.46847  56.2%   171 12546s

 684346 593379  770.90820  244  173  805.33000  352.46847  56.2%   171 12577s

 685436 594083  478.33643   59  180  805.33000  352.48555  56.2%   171 12601s

 686233 594647  356.97723   53  307  805.33000  352.48555  56.2%   171 12621s

 686925 595006  546.91412   99  207  805.33000  352.49628  56.2%   171 12639s

 687320 595786  363.14445   43  395  805.33000  352.49628  56.2%   171 12665s

 688146 596765  608.64556  138  146  805.33000  352.50974  56.2%   171 12693s

 689297 597237  423.00925   82  136  805.33000  352.52278  56.2%   171 12710s

 689769 598185  606.23662  165  147  805.33000  352.52278  56.2%   171 12737s

 690869 598881  502.71367   89  145  805.33000  352.52278  56.2%   171 12759s

 691645 599622  543.05800  102  203  805.33000  352.52278  56.2%   171 12784s

 692507 599987  366.70916   44  245  805.33000  352.52278  56.2%   171 12804s

 692981 600376  398.38932   51  334  805.33000  352.52278  56.2%   171 12822s

 693476 601114  699.76222  120  175  805.33000  352.52278  56.2%   171 12846s

 694351 601680  458.51457   82  181  805.33000  352.52278  56.2%   171 12871s

 694973 602096  404.23677   43  277  805.33000  352.52278  56.2%   172 12892s

 695507 603004  467.43320   85  216  805.33000  352.53667  56.2%   172 12920s

 696500 603335  358.14661   33  490  805.33000  352.55713  56.2%   172 12937s

 696895 603944  410.08389   51  380  805.33000  352.55713  56.2%   172 12970s

 697555 604842  420.82873   66  272  805.33000  352.56324  56.2%   172 12998s

 698564 605196  500.39252  128  249  805.33000  352.56616  56.2%   172 13024s

 699011 605860  357.93229   44  477  805.33000  352.56616  56.2%   172 13051s

 699701 606835  503.64509   89  203  805.33000  352.56760  56.2%   172 13084s

 700842 607265  383.83379   46  280  805.33000  352.59505  56.2%   172 13107s

 701343 608005  576.48011  111  187  805.33000  352.59505  56.2%   172 13140s

 702240 608957  453.26497   76  271  805.33000  352.59505  56.2%   172 13184s

 703262 609659  357.86329   45  287  805.33000  352.59505  56.2%   172 13209s

 704133 610199  359.31028   49  260  805.33000  352.62392  56.2%   172 13229s

 704685 610899  456.84799   99  167  805.33000  352.62392  56.2%   172 13267s

 705469 611544  376.47955   58  261  805.33000  352.62913  56.2%   172 13297s

 706180 612587  515.59125  143  204  805.33000  352.62913  56.2%   172 13330s

 707306 613552  365.57402   58  229  805.33000  352.63169  56.2%   172 13359s

 707758 613552  481.26912  126  231  805.33000  352.63169  56.2%   172 13360s

 708335 614065  628.17900  165  175  805.33000  352.63169  56.2%   172 13382s

 708973 614909  394.60187   37  393  805.33000  352.63169  56.2%   172 13410s

 709877 615885  481.29016   90  279  805.33000  352.63169  56.2%   172 13441s

 710980 617050  684.58329  178  251  805.33000  352.63169  56.2%   172 13472s

 712291 617374  365.08304   39  206  805.33000  352.66819  56.2%   172 13503s

 712674 618057  356.15196   52  504  805.33000  352.66819  56.2%   172 13527s

 713438 618825  529.29659  105  200  805.33000  352.66819  56.2%   172 13558s

 714361 619412  507.30818   71  158  805.33000  352.67943  56.2%   172 13584s

 715086 619759  594.82674  100  156  805.33000  352.69578  56.2%   172 13603s

 715525 620330  394.27627   55  251  805.33000  352.69578  56.2%   172 13641s

 716174 621340  359.96226   48  423  805.33000  352.69578  56.2%   172 13674s

 717335 621812  396.52620   81  395  805.33000  352.69578  56.2%   172 13696s

 717865 622810  429.87748  116  254  805.33000  352.69578  56.2%   172 13728s

 718970 623877  618.05502  233  187  805.33000  352.71923  56.2%   172 13763s

 720165 624774  441.17949   77  262  805.33000  352.71923  56.2%   172 13800s

 721130 625473  719.45548  169  184  805.33000  352.71923  56.2%   172 13838s

 721908 625972  597.20841   75  118  805.33000  352.71923  56.2%   172 13861s

 722442 626901  420.76903   66  240  805.33000  352.71923  56.2%   172 13894s

 723058 626901  512.66490  124  193  805.33000  352.71979  56.2%   172 13895s

 723472 627126  788.76542  215  112  805.33000  352.71979  56.2%   172 13972s

 723724 627560  359.91384   41  466  805.33000  352.73419  56.2%   172 14041s

 724198 627965  400.74701   74  268  805.33000  352.73419  56.2%   172 14065s

 724760 628718  374.84554   49  175  805.33000  352.75245  56.2%   172 14095s

 725759 629370  447.53728   80  229  805.33000  352.76261  56.2%   172 14125s

 726520 630160  364.11362   42  171  805.33000  352.76261  56.2%   172 14157s

 727567 630548  397.52075   48  207  805.33000  352.78238  56.2%   172 14184s

 727976 631360  414.92915   71  302  805.33000  352.78238  56.2%   172 14213s

 728866 632360  596.73773  167  208  805.33000  352.78238  56.2%   172 14244s

 729301 632360  433.45317   49  224  805.33000  352.78238  56.2%   172 14245s

 730030 632482  376.10474   67  244  805.33000  352.78238  56.2%   172 14273s

 730186 633285  403.43844   75  169  805.33000  352.78238  56.2%   172 14301s

 731103 633644  353.77541   41  456  805.33000  352.78238  56.2%   172 14317s

 731490 634671  368.18873   61  256  805.33000  352.78238  56.2%   172 14346s

 732641 635492  531.80039  179  123  805.33000  352.78238  56.2%   172 14375s

 733551 636305  388.15319   57  242  805.33000  352.78238  56.2%   172 14400s



Cutting planes:

  Learned: 29

  Gomory: 30

  Lift-and-project: 5

  Cover: 133

  Implied bound: 762

  Projected implied bound: 18

  Clique: 409

  MIR: 525

  Mixing: 62

  StrongCG: 264

  Flow cover: 1265

  GUB cover: 12

  Inf proof: 14

  Zero half: 2214

  RLT: 57

  Relax-and-lift: 1492

  BQP: 3



Explored 734462 nodes (126548087 simplex iterations) in 14401.12 seconds (14747.00 work units)

Thread count was 16 (of 16 available processors)



Solution count 10: 805.33 807.87 810.82 ... 860.78



Time limit reached

Best objective 8.053300000000e+02, best bound 3.528229879813e+02, gap 56.1890%



AMPL MP initial flat model has 9813 variables (0 integer, 9727 binary);

Objectives: 1 quadratic; 

Constraints:  2560 linear; 8 quadratic;



AMPL MP final model has 9813 variables (0 integer, 9727 binary);

Objectives: 1 quadratic; 

Constraints:  2560 linear; 8 quadratic;





-----RESULTS INFO-----
running_time:  14413.672
TC.best_bound:  352.8229879812752
TC:  805.3300000000002
MIP Gap (%):  56.18901717540944
=== Vehicle Routes ===
Vehicle 1: 0  9
Vehicle 1: 1  56
Vehicle 1: 4  5
Vehicle 1: 5  14
Vehicle 1: 7  1
Vehicle 1: 9  4
Vehicle 1: 14  48
Vehicle 1: 48  7
Vehicle 2: 0  53
Vehicle 2: 2  56
Vehicle 2: 10  2
Vehicle 2: 12  10
Vehicle 2: 50  12
Vehicle 2: 53  50
Vehicle 3: 0  8
Vehicle 3: 3  13
Vehicle 3: 8  15
Vehicle 3: 13  56
Vehicle 3: 15  45
Vehicle 3: 45  3
Vehicle 4: 0  6
Vehicle 4: 6  46
Vehicle 4: 11  56
Vehicle 4: 46  11
Vehicle 5: 0  33
Vehicle 5: 33  47
Vehicle 5: 47  56
Vehicle 6: 0  54
Vehicle 6: 39  56
Vehicle 6: 54  39

=== Full Vehicle Routes ===
Vehicle 1: 0  9  4  5  14  48  7  1  0 (91<100)
Vehicle 2: 0  53  50  12  10  2  0 (100<100)
Vehicle 3: 0  8  15  45  3  13  0 (100<100)
Vehicle 4: 0  6  46  11  0 (99<100)
Vehicle 5: 0  33  47  0 (83<100)
Vehicle 6: 0  54  39  0 (97<100)
Arc used by MRT line: y variables:
Customer assigment to PL: u variables:
16 46
17 54
18 45
19 45
20 46
21 47
22 54
23 48
24 54
25 47
26 48
27 46
28 45
29 45
30 54
31 53
32 50
34 47
35 46
36 50
37 46
38 47
40 53
41 48
42 45
43 50
Node is served by regular vehicle: g variables:
1
2
3
4
5
6
7
8
9
10
11
12
13
14
15
33
39
50
53
54
45
46
47
48
Customer assigment to Home delivery: gm variables:
1
2
3
4
5
6
7
8
9
10
11
12
13
14
15
33
39
Node total demands: ntd variables:
1 9 1
2 9 1
3 3 1
4 14 1
5 8 1
6 8 1
7 2 1
8 9 1
9 8 1
10 14 1
11 24 1
12 13 1
13 18 1
14 14 1
15 18 1
30 0 0
31 0 0
32 0 0
33 14 1
34 0 0
35 0 0
36 0 0
37 0 0
38 0 0
39 13 1
40 0 0
41 0 0
42 0 0
43 0 0
50 41 1
51 0 0
52 0 0
53 23 1
54 84 1
55 0 0
44 0 0
45 52 1
46 67 1
47 69 1
48 36 1
49 0 0
Customer's demand delivered to PL: l variables:
16
17
18
19
20
21
22
23
24
25
26
27
28
29
30
31
32
34
35
36
37
38
40
41
42
43
Lockers load <= capacity:
41 <= 94
0 <= 85
0 <= 71
23 <= 85
84 <= 96
0 <= 71
0 <= 85
52 <= 80
67 <= 86
69 <= 85
36 <= 83
0 <= 90
