Gurobi 12.0.0:   lim:time = 14400

  mip:bestbound = 1

Set parameter LogToConsole to value 1

  tech:outlev = 1

Set parameter Cuts to value 3

  cut:cuts = 3

Set parameter Presolve to value 2

  pre:solve = 2

Set parameter MIPFocus to value 2

  mip:focus = 2

Set parameter Symmetry to value 2

  mip:symmetry = 2

Set parameter InfUnbdInfo to value 1

Gurobi Optimizer version 12.0.0 build v12.0.0rc1 (win64 - Windows 11.0 (26100.2))



CPU model: 11th Gen Intel(R) Core(TM) i7-11700 @ 2.50GHz, instruction set [SSE2|AVX|AVX2|AVX512]

Thread count: 8 physical cores, 16 logical processors, using up to 16 threads



Non-default parameters:

TimeLimit  14400

MIPFocus  2

Symmetry  2

Cuts  3

InfUnbdInfo  1

Presolve  2



Optimize a model with 2631 rows, 9786 columns and 62384 nonzeros

Model fingerprint: 0x770211b0

Model has 2 quadratic objective terms

Model has 8 quadratic constraints

Variable types: 85 continuous, 9701 integer (0 binary)

Coefficient statistics:

  Matrix range     [1e+00, 1e+05]

  QMatrix range    [1e+00, 1e+00]

  QLMatrix range   [1e+00, 2e+01]

  Objective range  [2e+00, 1e+02]

  QObjective range [3e+00, 3e+00]

  Bounds range     [1e+00, 1e+02]

  RHS range        [1e+00, 1e+05]

  QRHS range       [1e+02, 1e+02]

Presolve removed 120 rows and 297 columns

Presolve time: 1.77s

Presolved: 8299 rows, 15266 columns, 74162 nonzeros

Variable types: 507 continuous, 14759 integer (12665 binary)

Root relaxation presolve removed 45 rows and 4 columns

Root relaxation presolved: 8254 rows, 15303 columns, 154138 nonzeros



Deterministic concurrent LP optimizer: primal and dual simplex

Showing primal log only...



Concurrent spin time: 0.02s



Solved with dual simplex



Root relaxation: objective 2.934308e+02, 770 iterations, 0.20 seconds (0.31 work units)



    Nodes    |    Current Node    |     Objective Bounds      |     Work

 Expl Unexpl |  Obj  Depth IntInf | Incumbent    BestBd   Gap | It/Node Time



     0     0  293.43085    0  168          -  293.43085      -     -    4s

     0     0  374.78500    0  124          -  374.78500      -     -    6s

     0     0  374.78500    0  132          -  374.78500      -     -    6s

     0     0  374.78500    0  116          -  374.78500      -     -    6s

     0     0  374.78500    0  122          -  374.78500      -     -    6s

     0     0  380.67935    0  155          -  380.67935      -     -    7s

     0     0  383.57012    0  175          -  383.57012      -     -    8s

     0     0  383.88500    0  156          -  383.88500      -     -    8s

     0     0  388.43670    0  153          -  388.43670      -     -    9s

     0     0  389.84750    0  174          -  389.84750      -     -   10s

     0     0  389.84750    0  181          -  389.84750      -     -   10s

     0     0  395.61061    0  164          -  395.61061      -     -   11s

     0     0  396.06346    0  166          -  396.06346      -     -   11s

     0     0  397.14170    0  153          -  397.14170      -     -   13s

     0     0  397.14170    0  151          -  397.14170      -     -   13s

     0     2  397.16461    0  147          -  397.16461      -     -   14s

     7    16  398.67236    3  143          -  397.23120      -   308   15s

  1577  1537  727.25095  180  166          -  397.57284      -  84.2   20s

  2368  2125  412.82156   62  146          -  398.01404      -  74.5   25s

  2371  2127  411.55170   90  262          -  398.01404      -  74.4   30s

  2373  2129  441.44231   71  446          -  399.54801      -  74.4   37s

  2374  2129  663.48825  148  314          -  399.59107      -  74.3   40s

  2378  2132  471.38670  103  223          -  401.50232      -  74.2   46s

  2381  2134  428.62406   65  427          -  402.26861      -  74.1   51s

  2383  2135  727.07803  177  137          -  402.31000      -  74.0   55s

  2388  2139  486.13988   44  138          -  402.31000      -  73.9   60s

  2394  2143  590.44516  150  153          -  402.31000      -  73.7   65s

  2400  2148  783.81042  180  182          -  402.31001      -  86.7   70s

  2403  2150  415.15712   42  157          -  402.31001      -  86.6   79s

  2404  2151 1004.91199  175  183          -  402.31001      -  86.5   81s

  2406  2152  407.68144   35  175          -  402.31001      -  86.5   85s

  2408  2154 1155.11567  207  172          -  402.31001      -  86.4   90s

  2411  2156  706.38696  223  166          -  402.31001      -  86.3   95s

  2416  2159  563.87824  179  146          -  402.31001      -  86.1  100s

H 2416  2050                    1724.8400000  402.31001  76.7%  86.1  101s

H 2416  1947                    1712.9600000  402.31001  76.5%  86.1  101s

  2421  1950  505.98998  115  138 1712.96000  402.31001  76.5%  85.9  105s

H 2421  1854                    1645.3500000  402.31001  75.5%  94.4  105s

H 2466  1805                    1605.7800000  402.31001  74.9%  99.1  108s

  2515  1833  402.86443   31  168 1605.78000  402.31001  74.9%   103  110s

H 2516  1745                    1596.9100000  402.31001  74.8%   103  110s

H 2518  1660                    1578.0200000  402.31001  74.5%   103  110s

H 2522  1579                    1563.5000000  402.31001  74.3%   103  110s

H 2557  1529                    1558.1400000  402.31001  74.2%   106  111s

H 2559  1456                    1515.0800000  402.31001  73.4%   106  111s

H 2597  1414                    1509.7200000  402.31001  73.4%   108  112s

H 2598  1348                    1485.7300000  402.31001  72.9%   108  112s

H 2602  1285                    1444.4200000  402.31001  72.1%   109  112s

  2684  1328  410.73277   39  134 1444.42000  402.31001  72.1%   114  115s

H 2699  1283                    1442.2700000  402.31001  72.1%   114  115s

  2785  1326  415.52304   45  151 1442.27000  402.31001  72.1%   118  120s

  2827  1347  420.37025   47  131 1442.27000  402.31001  72.1%   122  125s

  2876  1380  434.11923   50  156 1442.27000  402.31001  72.1%   125  130s

H 2919  1346                    1437.6000000  402.31001  72.0%   129  133s

H 2963  1340                    1407.9800000  402.31001  71.4%   132  135s

H 3026  1328                    1399.1100000  402.31001  71.2%   137  137s

H 3050  1272                    1375.6600000  402.31001  70.8%   139  137s

H 3106  1278                    1374.9000000  402.31001  70.7%   143  140s

H 3125  1229                    1367.1500000  402.31001  70.6%   145  140s

H 3184  1240                    1365.5400000  402.31001  70.5%   149  143s

H 3189  1199                    1361.3300000  402.31001  70.4%   149  143s

H 3200  1159                    1288.3000000  402.31001  68.8%   150  143s

  3283  1240  435.82362   71  142 1288.30000  402.31001  68.8%   154  145s

H 3289  1203                    1285.9300000  402.31001  68.7%   155  145s

H 3415  1232                    1284.5800000  402.31001  68.7%   161  148s

  3446  1305  437.10906   79  138 1284.58000  402.31001  68.7%   162  150s

H 3537  1299                    1256.2400000  402.31001  68.0%   165  151s

  3698  1510  437.13543   87  152 1256.24000  402.31001  68.0%   168  155s

H 3724  1470                    1249.3700000  402.31001  67.8%   169  155s

H 4009  1506                    1248.3300000  402.31001  67.8%   171  158s

  4055  1580  438.67206   98  174 1248.33000  402.31001  67.8%   171  160s

H 4111  1580                    1248.1000000  402.31001  67.8%   172  160s

H 4137  1580                    1247.5700000  402.31001  67.8%   172  160s

H 4371  1803                    1239.2900000  402.31001  67.5%   173  164s

H 4412  1803                    1222.4500000  402.31001  67.1%   172  164s

  4434  1951 infeasible  111      1222.45000  402.31001  67.1%   172  166s

H 4513  1951                    1214.1700000  402.31001  66.9%   171  166s

  4805  2187  722.92931  118  175 1214.17000  402.31006  66.9%   169  170s

  5281  2457 infeasible  133      1214.17000  402.31006  66.9%   167  175s

H 5293  2456                    1205.5000000  402.31006  66.6%   167  175s

H 5308  2507                    1204.2800000  402.31006  66.6%   167  177s

  5582  3155  461.84459   55  141 1204.28000  402.31006  66.6%   166  181s

  6534  3550  403.98396   39  162 1204.28000  402.46868  66.6%   154  186s

H 6535  3550                    1203.8600000  402.46868  66.6%   154  186s

  6578  3639  431.17933   51  102 1203.86000  402.46868  66.6%   154  191s

  6717  3756  460.66101   86  135 1203.86000  402.46868  66.6%   154  196s

H 6800  3830                    1200.8500000  402.46868  66.5%   154  198s

  6869  3942  524.39790  107  116 1200.85000  402.46868  66.5%   155  201s

H 6999  4126                    1196.1400000  402.46868  66.4%   155  204s

  7201  4469  415.28293   34  173 1196.14000  402.46868  66.4%   154  207s

H 7343  4459                    1182.8100000  402.46868  66.0%   154  207s

  7868  4752  546.34355  113  142 1182.81000  402.46868  66.0%   151  213s

H 7874  4752                    1182.0500000  402.46868  66.0%   151  213s

H 7886  4743                    1170.3600000  402.46868  65.6%   151  213s

  7916  5445  551.46199  119  138 1170.36000  402.46868  65.6%   151  216s

H 8928  5690                    1170.2300000  402.46868  65.6%   143  223s

H 8931  5676                    1155.7200000  402.46868  65.2%   143  223s

H 8934  5675                    1152.0100000  402.46868  65.1%   143  223s

  8937  5845     cutoff  272      1152.01000  402.47591  65.1%   143  226s

H 8961  5831                    1135.8700000  402.47591  64.6%   143  226s

  9613  6943  505.60963   50  117 1135.87000  402.47591  64.6%   140  233s

 10489  7032  455.87591   45  148 1135.87000  402.47591  64.6%   134  237s

H10565  7032                    1134.0100000  402.47591  64.5%   134  237s

H10605  7183                    1133.2000000  402.47591  64.5%   134  241s

 10782  7496  463.69480   47  183 1133.20000  402.47591  64.5%   133  245s

H10936  7469                    1100.7000000  402.47591  63.4%   133  245s

 11508  8298  609.85566  132  140 1100.70000  402.47591  63.4%   132  253s

 12046  8314  430.97841   44  200 1100.70000  403.76541  63.3%   131  258s

H12047  8306                    1092.0000000  403.76541  63.0%   131  258s

 12062  8521  435.62324   45  200 1092.00000  403.76541  63.0%   131  262s

H12250  8499                    1084.4000000  403.76541  62.8%   130  262s

 12292  9259  442.81438   52  200 1084.40000  403.76541  62.8%   130  266s

 13335  9658  999.80818   99   76 1084.40000  404.00906  62.7%   126  271s

 13784  9912  492.57358   73  168 1084.40000  404.00906  62.7%   125  275s

 14045 10515  703.25959  167  130 1084.40000  404.04487  62.7%   124  280s

 14719 10952  491.08484   67  152 1084.40000  404.09913  62.7%   121  289s

H14754 10948                    1083.6200000  404.09913  62.7%   121  289s

 15204 11163 infeasible  101      1083.62000  404.09913  62.7%   121  297s

H15207 11161                    1083.0700000  404.09913  62.7%   121  297s

H15240 11123                    1068.7000000  404.09913  62.2%   121  297s

 15472 12919  508.02828   63  113 1068.70000  404.30616  62.2%   121  308s

 17446 12922  628.90233  142  133 1068.70000  404.77438  62.1%   116  312s

H17459 12925                    1067.9900000  404.77438  62.1%   116  317s

H17460 12833                    1043.8200000  404.77438  61.2%   116  317s

 17469 13219  633.06444  144  134 1043.82000  404.77438  61.2%   116  322s

 17930 13597  465.92937   58  194 1043.82000  404.77438  61.2%   116  326s

 18375 14300  563.02165  105  161 1043.82000  404.77438  61.2%   115  332s

H18493 14296                    1043.0400000  404.77438  61.2%   115  332s

H19029 14168                    1009.5500000  404.77438  59.9%   114  332s

 19098 14887 infeasible  221      1009.55000  404.77438  59.9%   113  337s

 19945 15236  438.98811   45  236 1009.55000  405.02493  59.9%   114  343s

H20370 15227                    1002.3500000  405.02493  59.6%   116  350s

H20372 15227                    1001.9500000  405.02493  59.6%   116  350s

 20390 15555  424.24797   64  128 1001.95000  405.02493  59.6%   116  356s

 20783 15613  497.86097   89   96 1001.95000  405.02493  59.6%   117  362s

 20847 16376  548.23117   89   82 1001.95000  405.02493  59.6%   117  369s

 21743 17011  422.54354   48  141 1001.95000  405.27862  59.6%   117  376s

 22427 18361  615.84849  125   79 1001.95000  405.27862  59.6%   117  383s

 24089 19656  757.14247   85  132 1001.95000  405.29355  59.5%   115  390s

 25656 19893  454.22609   49  193 1001.95000  405.40891  59.5%   114  396s

 25901 20422  530.94593   70  110 1001.95000  405.40891  59.5%   114  403s

 26510 20739  641.91937  102  115 1001.95000  405.50794  59.5%   113  409s

H26838 20436                     953.2400000  405.50794  57.5%   112  416s

 26855 20625  414.58429   37  104  953.24000  405.50794  57.5%   112  423s

H26927 20619                     952.3800000  405.50794  57.4%   113  423s

 27062 21261  431.19583   60  177  952.38000  405.50794  57.4%   112  429s

 27804 22080  429.28012   44  185  952.38000  405.52531  57.4%   112  435s

 28743 22754  557.09436  109  123  952.38000  405.70791  57.4%   111  442s

 29504 24899  406.83405   41  228  952.38000  405.73043  57.4%   110  454s

 32064 25081  519.19132   73  117  952.38000  405.94110  57.4%   108  458s

 32266 25646  596.17865   79  123  952.38000  405.98345  57.4%   108  462s

 32994 26088  534.66516   77  141  952.38000  406.04848  57.4%   108  466s

 33569 26856  434.56571   54  127  952.38000  406.07228  57.4%   108  470s

 34415 26923  416.20070   40  171  952.38000  406.11651  57.4%   107  475s

 34528 27097  462.05996   43  170  952.38000  406.11651  57.4%   108  483s

 34720 27516  689.82575   61  127  952.38000  406.11651  57.4%   108  487s

 35236 28360  470.03976   59  134  952.38000  406.16214  57.4%   108  492s

 36199 28623  902.24839  221  101  952.38000  406.25576  57.3%   108  497s

 36481 28820  422.66925   42  181  952.38000  406.25576  57.3%   108  501s

 36740 29460  843.44911  136   85  952.38000  406.25576  57.3%   108  506s

 37513 29687  438.95119   51  171  952.38000  406.38486  57.3%   108  511s

 37759 30717  476.28369   61  140  952.38000  406.38486  57.3%   108  516s

 39022 31345  554.36513   70  135  952.38000  406.38486  57.3%   108  521s

 39783 31554  454.52625   70  173  952.38000  406.50504  57.3%   108  525s

 40014 31561  525.50461  100  157  952.38000  406.50504  57.3%   108  530s

 40023 31586  526.04623  101  161  952.38000  406.50504  57.3%   108  535s

 40131 31757  527.63662  103  186  952.38000  406.50504  57.3%   108  544s

 40227 32092  532.17440  109  159  952.38000  406.50504  57.3%   108  549s

 40584 32775  413.80443   48  149  952.38000  406.51070  57.3%   108  554s

 41397 33004  413.95317   37  136  952.38000  406.55047  57.3%   108  560s

 41650 33011  650.50365   58  136  952.38000  406.55047  57.3%   109  566s

 41658 33114  531.76553   56  131  952.38000  406.55047  57.3%   109  571s

 41815 33297  409.99028   37  151  952.38000  406.55047  57.3%   109  577s

 42060 33384  496.64678   64  216  952.38000  406.55047  57.3%   110  583s

 42158 33949  504.40970   77  162  952.38000  406.65014  57.3%   110  588s

 42823 34455  420.60995   48  159  952.38000  406.71149  57.3%   110  594s

 43379 35502  423.59928   52  140  952.38000  406.71149  57.3%   110  601s

 44689 35928  538.90178   74  146  952.38000  406.82533  57.3%   110  613s

 45157 36576  564.68846   77  119  952.38000  406.82533  57.3%   110  631s

 45953 36892 infeasible   92       952.38000  406.82533  57.3%   110  648s

 46327 37533  423.82502   48  146  952.38000  406.82533  57.3%   110  667s

 47125 40474  573.68848   74  159  952.38000  407.06841  57.3%   111  687s

 50488 40482  415.25321   42  166  952.38000  407.11711  57.3%   110  696s

 50496 40919  415.39909   43  143  952.38000  407.11711  57.3%   110  705s

 50989 41245  524.13335   81  152  952.38000  407.11711  57.3%   110  715s

 51375 42382  526.18916   82  157  952.38000  407.22905  57.2%   110  724s

 52674 42839 infeasible   87       952.38000  407.30287  57.2%   110  733s

 53269 44208  489.38639   74  234  952.38000  407.36315  57.2%   111  742s

 54849 45302  477.21888   76  182  952.38000  407.41720  57.2%   111  750s

 56108 46151  434.46094   59  135  952.38000  407.44970  57.2%   111  758s

 57049 46610  532.27378   71  138  952.38000  407.44970  57.2%   112  767s

 57562 47403  546.68434   72  138  952.38000  407.44970  57.2%   112  775s

 58525 47832  743.72925  113   83  952.38000  407.48776  57.2%   111  782s

 58991 49218  499.38524   61  115  952.38000  407.49345  57.2%   111  791s

 60587 50511  686.37983  110  174  952.38000  407.53042  57.2%   111  803s

 62035 51412  411.96686   43  164  952.38000  407.55763  57.2%   111  809s

 63079 51512  425.44007   55  114  952.38000  407.63667  57.2%   110  814s

 63179 52107  561.10126   82  154  952.38000  407.63667  57.2%   111  820s

 63867 53049  417.42716   46  186  952.38000  407.72000  57.2%   110  826s

 64912 53790  779.82362  213  155  952.38000  407.72000  57.2%   110  831s

 65763 54232  571.48098   86  207  952.38000  407.72000  57.2%   110  836s

 66260 54508  843.17317  140  155  952.38000  407.74318  57.2%   110  842s

 66572 55219  845.63816  141  153  952.38000  407.74318  57.2%   110  848s

 67413 55898  451.32836   52  235  952.38000  407.77385  57.2%   110  854s

 68141 56912  454.56067   46  216  952.38000  407.77385  57.2%   110  860s

 69306 57327  454.54127   51  140  952.38000  407.88561  57.2%   110  865s

 69755 58149  567.98004   86  229  952.38000  407.88667  57.2%   110  871s

 70740 58732  448.81196   43  153  952.38000  407.92768  57.2%   110  877s

 71441 59628  766.37732   62  135  952.38000  407.92768  57.2%   111  883s

 72545 60062  439.44671   62  213  952.38000  408.06681  57.2%   111  889s

 73042 60987  567.17327   87  222  952.38000  408.06681  57.2%   111  894s

 74101 61856  722.30608  145  119  952.38000  408.12531  57.1%   111  900s

 75110 63480  419.14061   45   91  952.38000  408.16153  57.1%   111  912s

 76869 63733 infeasible  149       952.38000  408.16153  57.1%   110  916s

 77199 64535  535.00952   64  207  952.38000  408.20496  57.1%   111  921s

 78165 65081  422.42198   52  195  952.38000  408.25445  57.1%   110  926s

 78764 65216  513.05865   84  116  952.38000  408.25445  57.1%   111  931s

 78913 66168  554.81542   94  120  952.38000  408.25445  57.1%   111  936s

 80029 66527  621.21889   92  162  952.38000  408.29867  57.1%   111  941s

 80457 67148  410.56267   35  140  952.38000  408.29867  57.1%   111  947s

 81135 67766  426.12704   46  135  952.38000  408.29867  57.1%   111  952s

 81960 67969  480.01389   68  152  952.38000  408.33525  57.1%   111  957s

 82168 68861  499.14051   74  127  952.38000  408.33525  57.1%   111  963s

 83271 69560  464.24299   66  147  952.38000  408.36761  57.1%   111  969s

 84100 69970  503.83177   63  177  952.38000  408.36761  57.1%   111  974s

 84568 70983  616.68142  126  175  952.38000  408.36761  57.1%   111  980s

 85712 71371  600.92179  109  141  952.38000  408.42649  57.1%   111  985s

 86129 72264  420.13421   38  306  952.38000  408.42649  57.1%   111  991s

 87126 72905  552.13804  124  147  952.38000  408.42649  57.1%   111  997s

 87887 73433  421.86702   50  189  952.38000  408.54394  57.1%   111 1002s

 88508 74027  839.13209  133  104  952.38000  408.54394  57.1%   111 1008s

 89225 74322  614.80632  113  158  952.38000  408.62728  57.1%   111 1013s

 89553 75488  421.12286   45  204  952.38000  408.65159  57.1%   111 1024s

 90908 75957  428.44799   47  215  952.38000  408.65159  57.1%   111 1030s

 91433 76525  612.41623   74  125  952.38000  408.68060  57.1%   111 1036s

 92131 76930 infeasible   65       952.38000  408.73424  57.1%   112 1042s

 92562 77946  516.35040   81  166  952.38000  408.74497  57.1%   112 1049s

 93768 78862  762.65240  121  137  952.38000  408.74497  57.1%   112 1056s

 94832 79166  424.18472   46  210  952.38000  408.83110  57.1%   112 1061s

 95153 80026  508.81027   67  167  952.38000  408.83110  57.1%   112 1068s

 96157 80807  885.65275  136  126  952.38000  408.85537  57.1%   112 1074s

 97038 81667  552.83549  117  172  952.38000  408.85537  57.1%   112 1080s

 98000 82330  600.05263   97  145  952.38000  408.88839  57.1%   112 1086s

 98775 82763  453.29520   61  142  952.38000  408.88839  57.1%   112 1092s

 99255 83506  569.25504   90   94  952.38000  408.88839  57.1%   112 1099s

 100238 84189  496.28757   61  203  952.38000  408.94118  57.1%   112 1105s

 101110 84911  534.20333   71  130  952.38000  409.00119  57.1%   113 1111s

 101973 85339  434.42114   51  172  952.38000  409.07767  57.0%   113 1117s

 102455 86086  529.81295   91  180  952.38000  409.07971  57.0%   113 1123s

 103443 86932  446.36285   55  212  952.38000  409.08192  57.0%   113 1130s

 104390 88165  658.80177  153  170  952.38000  409.13968  57.0%   113 1141s

 105786 88335  429.98932   54  155  952.38000  409.18582  57.0%   113 1146s

 105981 89172  473.62717   68  186  952.38000  409.18582  57.0%   113 1152s

 106954 90002  708.65760  159  159  952.38000  409.18582  57.0%   113 1158s

 107988 90443  540.21834   80  160  952.38000  409.31907  57.0%   113 1163s

 108473 91320  411.92260   43  190  952.38000  409.35741  57.0%   113 1170s

 109485 92177  425.64291   57  178  952.38000  409.40373  57.0%   113 1175s

 110435 93016  621.96942  143  162  952.38000  409.40373  57.0%   113 1181s

 111410 93254  509.16496   61  154  952.38000  409.45083  57.0%   113 1186s

 111694 94085  671.34504   97  159  952.38000  409.45083  57.0%   113 1193s

 112671 94949 infeasible   79       952.38000  409.47362  57.0%   113 1198s

 113668 95790  487.06091   82  192  952.38000  409.49520  57.0%   112 1204s

 113962 95790  754.07669  164  151  952.38000  409.49520  57.0%   112 1205s

 114601 96387  492.30026   52  175  952.38000  409.49520  57.0%   112 1210s

 115287 97241  416.51884   45  194  952.38000  409.49520  57.0%   112 1216s

 116237 97660  763.30234  164  127  952.38000  409.49520  57.0%   112 1220s

 116698 98560  431.41015   54  210  952.38000  409.55768  57.0%   112 1227s

 117708 99428  410.35356   38  180  952.38000  409.59402  57.0%   112 1232s

 118640 100294  727.68745  171  120  952.38000  409.59402  57.0%   112 1239s

 119588 101315  667.17536   97  127  952.38000  409.59402  57.0%   112 1250s

 120862 101674  451.54645   40  163  952.38000  409.64105  57.0%   112 1255s

 121272 102555  585.74872   65  186  952.38000  409.64105  57.0%   112 1262s

 122280 103459  535.34364   70  140  952.38000  409.67416  57.0%   112 1269s

 123336 104171  471.72972   81  195  952.38000  409.71514  57.0%   112 1277s

 124134 104588  485.17491  102  182  952.38000  409.71514  57.0%   112 1285s

 124561 105521  678.74321  186  157  952.38000  409.72453  57.0%   112 1296s

 125593 106129  541.21235  103  109  952.38000  409.72453  57.0%   112 1306s

 126386 106972  512.07129   85  151  952.38000  409.79936  57.0%   112 1314s

 127329 107342  481.41137   67  169  952.38000  409.81043  57.0%   112 1322s

 127770 108146  817.10396  131  130  952.38000  409.81043  57.0%   112 1333s

 128671 108736  734.49865  133  130  952.38000  409.81043  57.0%   112 1340s

 129353 109367  634.11629  126  140  952.38000  409.81043  57.0%   112 1347s

 130063 110110  425.63915   45  140  952.38000  409.81043  57.0%   112 1353s

 130917 110476  815.05200  138   64  952.38000  409.81043  57.0%   112 1359s

 131352 110994  492.97089   70  200  952.38000  409.92601  57.0%   112 1366s

 132028 111345  428.63839   34  160  952.38000  409.93859  57.0%   112 1371s

 132419 111873  464.63867   63  189  952.38000  409.93859  57.0%   112 1377s

 133007 112772  813.95827  128  129  952.38000  409.93859  57.0%   112 1384s

 134038 113930  482.26569   96  231  952.38000  409.93859  57.0%   112 1396s

 135323 114208  414.09970   42  186  952.38000  409.97315  57.0%   112 1400s

 135621 115094  420.79924   55  290  952.38000  409.97315  57.0%   112 1407s

 136625 115639  499.81806  112  219  952.38000  409.97315  57.0%   112 1413s

 137238 116603  582.16917  181  196  952.38000  409.97315  57.0%   112 1420s

 138326 116876  497.16515   84  131  952.38000  410.02700  56.9%   112 1425s

 138638 117685  533.01062  118  194  952.38000  410.02700  56.9%   112 1432s

 139558 118371  426.12535   49  197  952.38000  410.07606  56.9%   112 1439s

 140356 119140  740.73563  130  133  952.38000  410.09127  56.9%   112 1445s

 141239 119700  460.78211   42  155  952.38000  410.09191  56.9%   112 1452s

 141966 120180  479.54714   55  134  952.38000  410.11754  56.9%   112 1458s

 142523 120962  507.46561   79  114  952.38000  410.11754  56.9%   112 1465s

 143424 121653  506.94195   54  141  952.38000  410.12683  56.9%   112 1472s

 144230 121909  446.94171   41  192  952.38000  410.13370  56.9%   113 1478s

 144538 122258  486.20783   47  221  952.38000  410.17179  56.9%   113 1485s

 145006 122635  509.78941   64  104  952.38000  410.17179  56.9%   113 1492s

 145452 123412  419.74582   48  185  952.38000  410.17179  56.9%   113 1499s

 146359 123967  929.53427  160   90  952.38000  410.18655  56.9%   113 1506s

 147024 124642  923.39577  121   88  952.38000  410.19412  56.9%   113 1514s

 147840 125436  687.17055  155  147  952.38000  410.24861  56.9%   113 1521s

 148690 126348  444.15245   67  166  952.38000  410.24861  56.9%   113 1531s

 149783 126694  446.75654   50  217  952.38000  410.28090  56.9%   113 1538s

 150166 127742  493.02182   59  151  952.38000  410.28090  56.9%   113 1547s

 151491 128143  447.71667   51  156  952.38000  410.30237  56.9%   113 1553s

 151953 128904  572.01312   98  176  952.38000  410.30237  56.9%   113 1560s

 152833 129740  502.94971   59  156  952.38000  410.33382  56.9%   113 1567s

 153763 130370  414.96751   41  192  952.38000  410.33382  56.9%   113 1573s

 154465 131220  787.79186  126  140  952.38000  410.33382  56.9%   113 1581s

 155434 131899  531.58500   81  202  952.38000  410.36294  56.9%   113 1588s

 156203 132230  440.69441   39  171  952.38000  410.36294  56.9%   113 1594s

 156574 133035  503.05439   77  160  952.38000  410.37249  56.9%   114 1601s

 157530 133623  504.29275   79  179  952.38000  410.39897  56.9%   114 1608s

 158260 134348  420.63106   45  220  952.38000  410.39897  56.9%   114 1615s

 159100 134614  491.00875  123  220  952.38000  410.40089  56.9%   114 1621s

 159407 135541  603.34155  170  146  952.38000  410.40089  56.9%   114 1629s

 160464 136251 infeasible  112       952.38000  410.45938  56.9%   114 1637s

 161320 137120  567.40291   87  176  952.38000  410.48262  56.9%   114 1644s

 162318 137427  424.47913   50  132  952.38000  410.48417  56.9%   114 1650s

 162691 138014  649.95194   96  154  952.38000  410.48417  56.9%   114 1657s

 163377 139000  588.04208   86  156  952.38000  410.51000  56.9%   114 1669s

 164518 139372  481.94226   67  182  952.38000  410.56104  56.9%   114 1674s

 164849 139372  584.27794  104  164  952.38000  410.56104  56.9%   114 1675s

 164954 140144  740.16124  122  104  952.38000  410.56104  56.9%   114 1682s

 165840 140904  446.23332   54  152  952.38000  410.56104  56.9%   114 1689s

 166792 141692  548.01430   92  166  952.38000  410.59024  56.9%   115 1696s

 167666 142420  473.05038   81  160  952.38000  410.59024  56.9%   114 1704s

 168528 142770  420.94705   47  211  952.38000  410.59804  56.9%   115 1709s

 168893 143567  506.30121   87  214  952.38000  410.62905  56.9%   115 1717s

 169828 144221  431.53187   51  189  952.38000  410.63615  56.9%   115 1724s

 170646 145035  537.37171   91  124  952.38000  410.63615  56.9%   115 1731s

 171738 145825  587.01045   94  124  952.38000  410.63730  56.9%   115 1739s

 172629 146061  496.43509   77  121  952.38000  410.66748  56.9%   115 1745s

 172893 146885  552.74800   97  147  952.38000  410.67889  56.9%   115 1752s

 173833 147666  632.70334   92  138  952.38000  410.69397  56.9%   115 1759s

 174731 148229  487.01383   70  207  952.38000  410.69397  56.9%   115 1766s

 175431 148237  465.47894   51  182  952.38000  410.75227  56.9%   115 1773s

H175434 148220                     950.2500000  410.75227  56.8%   115 1773s

 175439 148570  471.94263   52  131  950.25000  410.75227  56.8%   115 1779s

 175762 148570  413.64158   38  256  950.25000  410.75227  56.8%   116 1780s

 175845 149018  578.19626   67  138  950.25000  410.75318  56.8%   116 1786s

 176422 149793  485.38042   57  166  950.25000  410.75900  56.8%   116 1794s

 177291 150021  484.61638   52  191  950.25000  410.75900  56.8%   116 1803s

 177550 150262  432.78809   43  306  950.25000  410.75900  56.8%   116 1810s

 177834 151222  445.77372   63  261  950.25000  410.77672  56.8%   116 1821s

 178987 151807  418.64011   42  170  950.25000  410.80444  56.8%   116 1827s

 179649 152456  542.36530  102  150  950.25000  410.81703  56.8%   116 1834s

 180444 152829  514.17387   63  203  950.25000  410.85365  56.8%   116 1841s

 180871 153515  845.32681  129  135  950.25000  410.85710  56.8%   116 1849s

 181673 153912  451.49746   52  177  950.25000  410.88277  56.8%   116 1857s

 182151 154600  708.17708  118  142  950.25000  410.88277  56.8%   116 1865s

 183021 155203  434.64136   45  136  950.25000  410.88995  56.8%   116 1873s

 183712 156151  421.95669   39  179  950.25000  410.88995  56.8%   116 1882s

 184826 156475  437.99769   45  176  950.25000  410.88995  56.8%   117 1889s

 185206 157479  524.57333   71  126  950.25000  410.88995  56.8%   117 1898s

 186382 157774  577.81551  130  134  950.25000  410.96887  56.8%   116 1906s

 186696 158200  848.28477  175  161  950.25000  410.96887  56.8%   117 1915s

 187212 158856  849.29219  176  163  950.25000  410.96887  56.8%   116 1922s

 187940 159602  849.34484  177  154  950.25000  410.97066  56.8%   117 1931s

 188843 160402  432.92147   51  186  950.25000  410.99549  56.7%   117 1939s

 189743 160694  802.43794  156  185  950.25000  410.99549  56.7%   117 1946s

 190075 161606  429.45185   61  242  950.25000  410.99549  56.7%   117 1954s

 191058 162020  812.41704  202  147  950.25000  410.99549  56.7%   117 1962s

 191594 162965  500.52667   61  163  950.25000  411.05363  56.7%   117 1971s

 192739 162973  419.42624   50  163  950.25000  411.08944  56.7%   117 1984s

H192740 162935                     947.2000000  411.08944  56.6%   117 1984s

 192747 169872  419.65551   51  158  947.20000  411.11080  56.6%   117 2085s

 200747 170201  422.26085   52  279  947.20000  411.16345  56.6%   118 2098s

H200885 168867                     918.8800000  411.16345  55.3%   118 2098s

 201154 169393  532.35496   88  239  918.88000  411.16345  55.3%   118 2110s

H201658 168991                     915.1300000  411.16345  55.1%   118 2110s

 201802 169957  418.27578   48  270  915.13000  411.22849  55.1%   118 2121s

 202918 170972  825.27674  148  157  915.13000  411.23197  55.1%   118 2133s

 204103 172012  417.43199   43  212  915.13000  411.25278  55.1%   118 2145s

 205286 172745  528.41184   69  159  915.13000  411.26209  55.1%   118 2157s

 206147 173779  444.35166   67  234  915.13000  411.28720  55.1%   118 2167s

 207311 174475  459.00089   52  175  915.13000  411.28720  55.1%   119 2179s

 208228 175092  433.33408   50  239  915.13000  411.28720  55.1%   119 2188s

 208895 175899  439.46269   60  255  915.13000  411.28720  55.1%   119 2197s

 209835 176186  723.35263  158  167  915.13000  411.28720  55.1%   119 2204s

 210177 177043  447.71438   56  145  915.13000  411.28720  55.1%   119 2214s

 211158 178004  413.10095   33  184  915.13000  411.30090  55.1%   119 2223s

 212267 178706  501.21441  102  170  915.13000  411.30090  55.1%   119 2232s

 213042 178714  687.40387  203  173  915.13000  411.36057  55.0%   119 2240s

H213046 177320                     903.8700000  411.36057  54.5%   119 2240s

H213047 177228                     903.2000000  411.36057  54.5%   119 2241s

 213050 177551  689.62061  204  183  903.20000  411.36057  54.5%   119 2247s

 213402 177961  762.45571  262  173  903.20000  411.36057  54.5%   119 2256s

 213855 178495  762.75608  263  168  903.20000  411.36568  54.5%   119 2264s

 214464 178923  763.13676  264  180  903.20000  411.38230  54.5%   119 2275s

 214976 179718  419.57875   56  152  903.20000  411.38230  54.5%   119 2285s

 215900 180326  816.69069  157  153  903.20000  411.38230  54.5%   119 2294s

 216615 181275  466.91891   78  250  903.20000  411.40351  54.5%   119 2303s

 217646 181862  680.88731  171  168  903.20000  411.40351  54.5%   119 2313s

 218349 182545  467.26478   52  162  903.20000  411.44016  54.4%   119 2323s

 219239 183472  497.51444   54  161  903.20000  411.44016  54.4%   119 2333s

 220257 183850  441.65830   50  202  903.20000  411.44016  54.4%   120 2342s

 220679 184771  415.07112   40  144  903.20000  411.44016  54.4%   120 2351s

 221715 185546  835.75506  134  157  903.20000  411.44016  54.4%   120 2361s

 222659 185848  559.31000   89  165  903.20000  411.49127  54.4%   120 2372s

 223069 187683  416.24757   37  216  903.20000  411.49879  54.4%   120 2391s

 225109 188108  510.57465  103  180  903.20000  411.51005  54.4%   120 2400s

 225573 188675  535.83525  104  155  903.20000  411.51661  54.4%   120 2409s

 226215 189714  423.44303   46  144  903.20000  411.52001  54.4%   120 2420s

 227374 190768  600.97462  144  120  903.20000  411.52001  54.4%   120 2429s

 228245 190768  420.95544   46  173  903.20000  411.54182  54.4%   120 2430s

 228591 191769  828.75399  119  127  903.20000  411.54939  54.4%   120 2439s

 229843 192091  615.16138  102  237  903.20000  411.57011  54.4%   120 2447s

 230216 192839  422.02742   37  230  903.20000  411.57011  54.4%   120 2456s

 231050 193100  502.29879   54  169  903.20000  411.57011  54.4%   120 2465s

 231331 193809  502.74568   55  174  903.20000  411.57011  54.4%   120 2474s

 231652 193809  639.81690   68   99  903.20000  411.57011  54.4%   120 2475s

 232234 194318 infeasible   58       903.20000  411.57633  54.4%   120 2483s

 232792 194326  459.17734   50  239  903.20000  411.57633  54.4%   120 2495s

 232800 194334  459.20739   51  208  903.20000  411.57633  54.4%   120 2502s

 232808 194342  428.51674   49  151  903.20000  411.57633  54.4%   120 2511s

 232816 194427  428.51804   50  152  903.20000  411.57633  54.4%   120 2520s

 232925 194843  437.42258   58  204  903.20000  411.57633  54.4%   120 2529s

 233417 195209  524.97089   80  163  903.20000  411.57633  54.4%   121 2537s

 233820 196287  602.01072  121  106  903.20000  411.57633  54.4%   121 2549s

 235081 197177  425.34583   59  123  903.20000  411.59688  54.4%   121 2559s

 236109 197920  457.26079   66  140  903.20000  411.59688  54.4%   121 2569s

 236977 198412  447.50086   51  173  903.20000  411.59688  54.4%   121 2577s

 237532 199048  763.90080  115  143  903.20000  411.59688  54.4%   121 2591s

 238231 200056  544.14117  100  194  903.20000  411.60920  54.4%   121 2604s

 239369 200869  684.05259   96  176  903.20000  411.64677  54.4%   121 2613s

 240269 201218  651.80515  129  144  903.20000  411.64956  54.4%   121 2621s

 240661 202054  427.39267   57  221  903.20000  411.64956  54.4%   121 2632s

 241769 202416  531.11932  113  108  903.20000  411.66371  54.4%   121 2642s

 242150 202651 infeasible  114       903.20000  411.66371  54.4%   121 2650s

 242464 203294  425.38766   45  167  903.20000  411.66371  54.4%   121 2660s

 243171 203640  668.27942  119  159  903.20000  411.66371  54.4%   121 2669s

 243607 204767  451.52217   64  227  903.20000  411.68220  54.4%   121 2682s

 244907 205462  420.30247   51  211  903.20000  411.69844  54.4%   121 2692s

 245718 206338  417.25909   43  240  903.20000  411.70526  54.4%   121 2703s

 246701 206781  833.21972  131  158  903.20000  411.70526  54.4%   121 2712s

 247191 207212  479.17182   56  236  903.20000  411.70526  54.4%   121 2722s

 247721 208210  617.21492   99  151  903.20000  411.70526  54.4%   121 2733s

 248838 209182  452.60330   59  127  903.20000  411.72912  54.4%   122 2745s

 250004 209484  679.30221  110  150  903.20000  411.73349  54.4%   122 2754s

 250341 210014  461.65804   60  202  903.20000  411.73396  54.4%   122 2764s

 251055 210758  413.86115   42  246  903.20000  411.74763  54.4%   122 2774s

 251869 211605  734.26656  135  125  903.20000  411.74763  54.4%   122 2786s

 252988 212006  416.62026   36  186  903.20000  411.74763  54.4%   122 2798s

 253477 213542  505.57469   68  184  903.20000  411.74763  54.4%   122 2816s

 255305 213913  527.72946   94   93  903.20000  411.79875  54.4%   122 2825s

 255778 214291  414.37401   39  319  903.20000  411.79890  54.4%   122 2833s

 256281 214801 infeasible   70       903.20000  411.80289  54.4%   122 2844s

 256887 215648  520.23616   78  154  903.20000  411.82772  54.4%   123 2857s

 257843 216165  599.14481   93  178  903.20000  411.84759  54.4%   123 2867s

 258413 216578  433.88052   36  218  903.20000  411.84759  54.4%   123 2879s

 258892 217392  443.36015   37  205  903.20000  411.84821  54.4%   123 2892s

 259789 218202  419.89070   31  179  903.20000  411.85846  54.4%   123 2904s

 260717 218689  421.00000   37  150  903.20000  411.86149  54.4%   123 2913s

 261256 219642  501.73128   73   93  903.20000  411.86810  54.4%   123 2926s

 262361 220494  448.36921   48  179  903.20000  411.89780  54.4%   123 2939s

 263500 221327  554.65557   92  162  903.20000  411.90668  54.4%   123 2951s

 264450 221734  670.24911   97  164  903.20000  411.90668  54.4%   123 2960s

 264890 222610  429.94624   39  200  903.20000  411.92260  54.4%   123 2972s

 265940 223386  602.72782  108  113  903.20000  411.94283  54.4%   123 2984s

 266862 224410  550.61225   82  172  903.20000  411.94283  54.4%   123 2996s

 268036 224835  557.62836   95  203  903.20000  411.94360  54.4%   123 3007s

 268516 226106  423.49348   59  125  903.20000  411.94447  54.4%   123 3025s

 270049 226557  609.24810  100  115  903.20000  411.94889  54.4%   124 3036s

 270585 227262  527.81969   70  159  903.20000  411.94889  54.4%   124 3049s

 271422 227949  541.23810   86  140  903.20000  411.94889  54.4%   124 3061s

 272193 228962  428.98046   54  214  903.20000  411.95892  54.4%   124 3074s

 273454 229030  502.10933   44  133  903.20000  411.97557  54.4%   124 3084s

 273503 229030  592.89281   61   94  903.20000  411.97557  54.4%   124 3085s

 273535 229200  514.89913   45  140  903.20000  411.97557  54.4%   124 3094s

 273735 229628  514.78373   45  167  903.20000  411.97557  54.4%   124 3104s

 274276 230314  780.71333   73   98  903.20000  411.97557  54.4%   124 3114s

 275098 230694  513.85345   93  198  903.20000  411.97557  54.4%   124 3124s

 275510 231692  613.11915  128  197  903.20000  411.97557  54.4%   124 3137s

 276638 232633  413.97525   41  151  903.20000  411.99145  54.4%   124 3150s

 277783 233377  575.67892  102  150  903.20000  411.99145  54.4%   124 3161s

 278638 233935  635.86292   71  138  903.20000  411.99964  54.4%   124 3172s

 279329 234913  442.87421   57  136  903.20000  411.99964  54.4%   124 3185s

 280472 235443  419.39302   38  178  903.20000  411.99964  54.4%   124 3196s

 281132 236266  597.81810  109  163  903.20000  411.99964  54.4%   125 3209s

 282214 237180  415.74883   44  190  903.20000  412.03806  54.4%   125 3221s

 283288 237579  738.88339  206  161  903.20000  412.03917  54.4%   125 3233s

 283762 239233  458.53130   69  170  903.20000  412.03917  54.4%   125 3252s

 285592 240186  662.10248  144  141  903.20000  412.06153  54.4%   125 3264s

 286764 240976     cutoff  182       903.20000  412.06902  54.4%   125 3273s

 287657 241329  416.36716   53  112  903.20000  412.06902  54.4%   125 3281s

 288075 241915  665.99890  106  134  903.20000  412.06902  54.4%   125 3291s

 288779 242446  434.98966   70  282  903.20000  412.07536  54.4%   125 3299s

 289336 243053  507.34374  130  192  903.20000  412.07536  54.4%   125 3309s

 290071 243728  419.55150   45  154  903.20000  412.07536  54.4%   125 3319s

 290826 244564  524.18930   86  128  903.20000  412.07536  54.4%   125 3330s

 291913 244820  419.83870   52  124  903.20000  412.10963  54.4%   125 3338s

 292219 245635  467.56952   74  178  903.20000  412.10963  54.4%   125 3349s

 293121 246399  810.98670  158  177  903.20000  412.11142  54.4%   125 3360s

 294057 246988  447.60221   69  210  903.20000  412.11142  54.4%   125 3371s

 294801 247475  633.01902  148  186  903.20000  412.13169  54.4%   125 3379s

 295338 248277  470.20108   43  191  903.20000  412.13737  54.4%   125 3390s

 296296 248940  417.69170   37  247  903.20000  412.13737  54.4%   125 3399s

 297038 249767  472.92497   80  152  903.20000  412.13737  54.4%   126 3410s

 298005 250580  446.25936   42  237  903.20000  412.13737  54.4%   126 3424s

 298874 250883  687.87969  108  121  903.20000  412.13737  54.4%   126 3434s

 299207 251994  437.44381   54  141  903.20000  412.16330  54.4%   126 3448s

 300552 252393  483.17746   66  209  903.20000  412.18572  54.4%   126 3457s

 301040 252405  565.80400  105  117  903.20000  412.18621  54.4%   126 3467s

 301052 252614  658.12641  106  120  903.20000  412.18621  54.4%   126 3476s

 301293 252978  647.26751  106  102  903.20000  412.18844  54.4%   126 3486s

 301680 253885  651.80561  109  101  903.20000  412.18844  54.4%   126 3499s

 302777 254869  650.24934  125  125  903.20000  412.20124  54.4%   126 3512s

 303925 255293  431.10061   58  227  903.20000  412.20348  54.4%   126 3522s

 304427 256254  533.03082  117  237  903.20000  412.20348  54.4%   126 3534s

 305479 257104  680.92573  103  117  903.20000  412.20348  54.4%   126 3546s

 306494 257598  773.56135  126  128  903.20000  412.22917  54.4%   126 3555s

 307014 258613  558.82171   91  167  903.20000  412.22987  54.4%   126 3568s

 308115 259514  492.63626   51  194  903.20000  412.22987  54.4%   126 3581s

 309218 260364  426.51386   51  177  903.20000  412.24199  54.4%   126 3592s

 310244 260782  623.11220  105  130  903.20000  412.24360  54.4%   126 3602s

 310755 261663  474.50817   69  115  903.20000  412.24433  54.4%   126 3613s

 311721 262526  414.06391   38  219  903.20000  412.24433  54.4%   127 3625s

 312743 262534  589.66859  134  159  903.20000  412.24433  54.4%   127 3639s

 312751 269464  591.73320  135  159  903.20000  412.24433  54.4%   127 3795s

 320751 269936  459.54745   53  185  903.20000  412.31559  54.3%   127 3813s

 321310 270570  414.46995   47  184  903.20000  412.32021  54.3%   127 3829s

 322098 271918  440.97543   52  144  903.20000  412.32944  54.3%   128 3846s

 323645 273159  428.95991   42  244  903.20000  412.34884  54.3%   128 3863s

 325060 274264  428.86003   51  308  903.20000  412.36145  54.3%   128 3878s

 326341 274578  785.77410  188  186  903.20000  412.36412  54.3%   128 3889s

 326701 275605  436.67052   60  230  903.20000  412.36948  54.3%   128 3905s

 327856 276135  413.60397   37  203  903.20000  412.38520  54.3%   128 3917s

 328539 276503  425.79365   47  173  903.20000  412.38520  54.3%   128 3928s

 328988 277744  509.92150   58  202  903.20000  412.38520  54.3%   128 3946s

 330486 278254  420.20343   39  182  903.20000  412.39355  54.3%   128 3957s

 331072 278909  848.56587  137  133  903.20000  412.39604  54.3%   128 3968s

 331873 279529  635.50440  136  163  903.20000  412.41349  54.3%   128 3980s

 332575 279809  443.40440   51  171  903.20000  412.41607  54.3%   128 3993s

 332929 280415  435.06425   53  161  903.20000  412.41884  54.3%   128 4007s

 333603 281290  433.80134   47  170  903.20000  412.41884  54.3%   128 4022s

 334678 281837  500.04694   74  185  903.20000  412.43289  54.3%   129 4034s

 335307 282705  448.12141   63  156  903.20000  412.43289  54.3%   129 4047s

 336280 283832  833.41246  207  152  903.20000  412.43289  54.3%   129 4062s

 337550 284585  801.42153  178  148  903.20000  412.44263  54.3%   129 4076s

 338390 285420  413.31521   38  232  903.20000  412.44618  54.3%   129 4090s

 339310 285878  478.19040   63  170  903.20000  412.44618  54.3%   129 4101s

 339826 286862  600.73114   98  129  903.20000  412.44618  54.3%   129 4115s

 340972 287709  423.03465   49  260  903.20000  412.46017  54.3%   129 4129s

 341918 288709  763.97486  117  103  903.20000  412.46108  54.3%   129 4144s

 343079 289029  413.48393   42  174  903.20000  412.47161  54.3%   129 4156s

 343448 290847  441.21243   59  214  903.20000  412.47305  54.3%   129 4181s

 345612 291227  626.75908  169  186  903.20000  412.48265  54.3%   129 4192s

 346017 292004  802.00483  223  134  903.20000  412.48265  54.3%   129 4204s

 346917 292756  470.62386   78  303  903.20000  412.50172  54.3%   129 4216s

 347751 293000  676.59538  187  155  903.20000  412.50172  54.3%   129 4227s

 348043 293600  490.26049   46  183  903.20000  412.50172  54.3%   129 4239s

 348788 293963  459.23467   44  221  903.20000  412.50712  54.3%   129 4249s

 349184 295018  543.50317   88  166  903.20000  412.50712  54.3%   129 4263s

 350369 295990  494.31517   88  170  903.20000  412.51808  54.3%   129 4277s

 351473 296940  442.23801   63  207  903.20000  412.51808  54.3%   129 4290s

 352523 297308  418.00470   36  255  903.20000  412.52328  54.3%   129 4299s

 352946 297952  498.13017   59  279  903.20000  412.52475  54.3%   130 4311s

 353734 298914  653.50336   93  180  903.20000  412.53408  54.3%   130 4325s

 354848 299274 infeasible  175       903.20000  412.54063  54.3%   130 4335s

 355283 299949  508.46998   50  165  903.20000  412.54063  54.3%   130 4347s

 356127 300867  437.94473   43  270  903.20000  412.55954  54.3%   130 4360s

 357260 301480  628.76445  120  114  903.20000  412.55954  54.3%   130 4372s

 358010 302569  446.24074   58  167  903.20000  412.56060  54.3%   130 4388s

 359223 302871  454.36513   46  174  903.20000  412.57102  54.3%   130 4395s

 359563 303716  541.55718   87  185  903.20000  412.57102  54.3%   130 4405s

 360503 303863  453.68843   62  202  903.20000  412.57102  54.3%   130 4415s

 360659 304098  623.60125  124  207  903.20000  412.57102  54.3%   130 4423s

 360915 304850  420.03000   42  131  903.20000  412.57102  54.3%   130 4436s

 361778 305485  717.03320  109  155  903.20000  412.57102  54.3%   130 4447s

 362539 306063  496.09407   72  162  903.20000  412.59087  54.3%   130 4458s

 363229 307050  420.06141   48  200  903.20000  412.59111  54.3%   130 4471s

 364278 307831  741.13476  188  143  903.20000  412.59526  54.3%   130 4482s

 365167 308660  520.47236   91  223  903.20000  412.59526  54.3%   130 4495s

 366118 309058  422.00984   49  196  903.20000  412.60582  54.3%   130 4503s

 366574 309753  827.77244  107  110  903.20000  412.60582  54.3%   130 4516s

 367430 310528  413.05332   36  242  903.20000  412.62134  54.3%   130 4527s

 368287 311397  570.08010  126  174  903.20000  412.62134  54.3%   130 4539s

 369245 311941  436.69664   71  162  903.20000  412.62134  54.3%   130 4550s

 369835 312730  700.34179  151  200  903.20000  412.62134  54.3%   130 4562s

 370746 313204  448.49263   50  158  903.20000  412.62134  54.3%   130 4574s

 371065 313204  520.39233  129  194  903.20000  412.62134  54.3%   130 4575s

 371254 313212  494.36436   56  156  903.20000  412.62134  54.3%   130 4587s

 371262 313220  578.52914   59  111  903.20000  412.62134  54.3%   130 4595s

 371270 313228  561.34759   58  147  903.20000  412.62134  54.3%   130 4604s

 371278 313274  488.86670   58  133  903.20000  412.62134  54.3%   130 4613s

 371399 313480  488.86760   59  135  903.20000  412.62134  54.3%   130 4622s

 371626 313709  787.07693   70   84  903.20000  412.62134  54.3%   130 4632s

 371920 314177  458.04281   65  167  903.20000  412.65711  54.3%   130 4644s

 372522 314637  418.83419   47  164  903.20000  412.65953  54.3%   130 4657s

 373073 315892  641.98264  104  171  903.20000  412.65953  54.3%   130 4678s

 374587 316351  523.95649   99  219  903.20000  412.66852  54.3%   130 4690s

 375076 316890  737.23635  164  164  903.20000  412.66852  54.3%   130 4702s

 375694 317812  512.19475   66  176  903.20000  412.66852  54.3%   130 4716s

 376765 318525  546.53359   74  147  903.20000  412.67749  54.3%   130 4729s

 377596 319506  473.10625   70  160  903.20000  412.67749  54.3%   130 4744s

 378772 319840  442.45271   41  226  903.20000  412.67749  54.3%   130 4754s

 379157 320776  533.00883   76  234  903.20000  412.67749  54.3%   130 4768s

 380233 320924  438.72615   48  245  903.20000  412.70359  54.3%   130 4780s

 380381 321523  438.73962   49  228  903.20000  412.70359  54.3%   131 4792s

 381058 322309  440.28326   50  235  903.20000  412.70359  54.3%   130 4806s

 381897 322800  511.57975  104  220  903.20000  412.70359  54.3%   131 4817s

 382425 323585  706.85290  152  183  903.20000  412.70359  54.3%   131 4830s

 383338 324429  489.47057   79  163  903.20000  412.70380  54.3%   131 4844s

 384284 325151  540.08332   87  170  903.20000  412.71916  54.3%   131 4857s

 385135 326047  438.31181   42  194  903.20000  412.72631  54.3%   131 4871s

 386096 326539  562.43150   91  155  903.20000  412.72631  54.3%   131 4881s

 386649 327349  707.17858  164  209  903.20000  412.72631  54.3%   131 4895s

 387621 328000  730.15404   75  125  903.20000  412.73055  54.3%   131 4910s

 388540 328716  606.64938  100  140  903.20000  412.74457  54.3%   131 4922s

 389373 329022  777.03490  135  138  903.20000  412.74486  54.3%   131 4932s

 389717 329889  458.41657   64  147  903.20000  412.75522  54.3%   131 4947s

 390792 330454  454.39188   45  155  903.20000  412.76089  54.3%   131 4960s

 391523 331133  416.37760   45  210  903.20000  412.76089  54.3%   131 4972s

 392344 331644  867.99730  161   88  903.20000  412.77872  54.3%   131 4982s

 392882 331995  482.69139   67  126  903.20000  412.77872  54.3%   131 4997s

 393279 332002  523.17667   87  138  903.20000  412.77953  54.3%   131 5007s

 393287 332010  524.15849   88  149  903.20000  412.77953  54.3%   131 5020s

 393295 332025  533.34600   89  118  903.20000  412.77953  54.3%   131 5034s

H393323 330691                     894.7200000  412.77953  53.9%   131 5034s

 393324 330859  533.34600   90  118  894.72000  412.77953  53.9%   131 5049s

 393512 331221  538.31139   93  128  894.72000  412.77953  53.9%   131 5062s

 393943 332018  543.04020   94  126  894.72000  412.78249  53.9%   131 5078s

 394870 333025  484.09664   51  174  894.72000  412.79743  53.9%   131 5099s

 396013 333451  417.71121   47  222  894.72000  412.79763  53.9%   131 5110s

 396488 334366  617.33238  107  154  894.72000  412.79763  53.9%   131 5126s

 397543 335425  450.96903   65  214  894.72000  412.79763  53.9%   131 5142s

 398694 335881  449.05368   61  188  894.72000  412.79763  53.9%   132 5155s

 399257 336935  545.13682   87  163  894.72000  412.79763  53.9%   132 5172s

 400463 337290  418.60035   48  249  894.72000  412.80717  53.9%   132 5184s

 400873 338217  433.77685   54  219  894.72000  412.80717  53.9%   132 5200s

 401945 338897  498.26768   82   96  894.72000  412.81926  53.9%   132 5213s

 402659 339522  594.89384   80  142  894.72000  412.82511  53.9%   132 5229s

 403440 340354  420.52801   46  154  894.72000  412.82869  53.9%   132 5243s

 404402 341238  674.37417  128  161  894.72000  412.82871  53.9%   132 5258s

 405405 341718  435.34024   43  232  894.72000  412.84014  53.9%   132 5270s

 405902 342100  529.89508   53  202  894.72000  412.84014  53.9%   132 5281s

 406362 342669  417.71957   40  188  894.72000  412.84066  53.9%   132 5297s

 407000 343082  493.09205   94  205  894.72000  412.84066  53.9%   132 5309s

 407470 343867  540.79315  125  199  894.72000  412.84066  53.9%   132 5324s

 408377 344608  428.59948   39  231  894.72000  412.86735  53.9%   132 5339s

 409273 344615  549.04947   75  124  894.72000  412.86735  53.9%   133 5352s

 409282 344623  549.05425   75  119  894.72000  412.86735  53.9%   133 5362s

 409290 344799  549.05500   76  124  894.72000  412.86735  53.9%   133 5374s

 409478 345177  562.09018   76  153  894.72000  412.86735  53.9%   133 5386s

 409901 345801  555.58704   77  129  894.72000  412.86735  53.9%   133 5401s

 410614 347013  574.92610   77  128  894.72000  412.87776  53.9%   133 5422s

 412007 347852  592.04937  126  136  894.72000  412.88676  53.9%   133 5439s

 412913 348535  431.78347   47  196  894.72000  412.88880  53.9%   133 5454s

 413682 349323  732.09344  140  183  894.72000  412.88880  53.9%   133 5469s

 414581 349841  613.93931   60  159  894.72000  412.89917  53.9%   133 5482s

 415131 350766  566.42721   63  136  894.72000  412.89917  53.9%   133 5499s

 416246 351731  437.98966   43  228  894.72000  412.89917  53.9%   133 5515s

 417347 352198  435.19160   38  214  894.72000  412.91375  53.8%   133 5530s

 418012 352525  585.26924   58  102  894.72000  412.91753  53.8%   133 5543s

 418426 353851  515.98184   69  175  894.72000  412.91800  53.8%   133 5566s

 420000 354683  430.26787   54  178  894.72000  412.92794  53.8%   133 5581s

 420916 355195  767.65731  156  161  894.72000  412.92794  53.8%   133 5595s

 421556 356041  476.48042   62  127  894.72000  412.92794  53.8%   133 5610s

 422537 356835  425.06907   54  143  894.72000  412.95023  53.8%   133 5625s

 423496 357658  541.93107   86  298  894.72000  412.95023  53.8%   133 5640s

 424415 358258  450.64712   48  191  894.72000  412.95632  53.8%   133 5653s

 425071 359132  650.85695  124  198  894.72000  412.95632  53.8%   133 5668s

 426065 360030  479.85296   70  169  894.72000  412.96036  53.8%   133 5683s

 427112 360877  419.47841   45  172  894.72000  412.97138  53.8%   133 5698s

 428045 361601  647.54707  124  143  894.72000  412.97138  53.8%   133 5713s

 428979 361904  480.27163   69  176  894.72000  412.97683  53.8%   133 5724s

 429346 362640  420.11993   53  217  894.72000  412.98384  53.8%   134 5738s

 430198 363218  462.62899   60  171  894.72000  412.98384  53.8%   134 5750s

 430794 364080  785.04143  172  173  894.72000  412.98384  53.8%   134 5765s

 431792 365081  479.89875   75  216  894.72000  412.99713  53.8%   134 5784s

 432871 365724  740.15224  157  156  894.72000  412.99713  53.8%   134 5795s

 433606 366319  510.65806   52  175  894.72000  412.99713  53.8%   134 5805s

 434312 366777  418.01711   44  148  894.72000  412.99713  53.8%   134 5816s

 434857 367101  497.35541   74  142  894.72000  412.99713  53.8%   134 5825s

 435203 367981  567.22832  103  136  894.72000  412.99713  53.8%   134 5841s

 436294 368614  517.57106   71  158  894.72000  413.00670  53.8%   134 5853s

 437048 369109  597.60820   58  229  894.72000  413.00670  53.8%   134 5866s

 437660 369755  423.86309   42  204  894.72000  413.00670  53.8%   134 5879s

 438398 370125  468.09783   84  231  894.72000  413.00670  53.8%   134 5890s

 438848 371169  620.07647  120  176  894.72000  413.00670  53.8%   134 5907s

 440022 372203  443.08515   57  185  894.72000  413.03380  53.8%   134 5922s

 441167 372792  426.68461   51  158  894.72000  413.03380  53.8%   134 5934s

 441908 373343  553.40673  100  200  894.72000  413.04874  53.8%   134 5944s

 442478 374097  431.11809   38  225  894.72000  413.04914  53.8%   134 5959s

 443401 374855  429.20493   43  233  894.72000  413.05331  53.8%   134 5970s

 444258 375541  413.69826   46  232  894.72000  413.05368  53.8%   134 5983s

 445042 376020  874.31170  146  158  894.72000  413.05368  53.8%   134 5995s

 445549 376849  586.88981   68  208  894.72000  413.05368  53.8%   134 6009s

 446514 377582  637.34975   82  145  894.72000  413.06418  53.8%   134 6024s

 447391 378320  455.65881   42  186  894.72000  413.06418  53.8%   134 6038s

 448263 378840  475.07283   76  157  894.72000  413.07350  53.8%   134 6050s

 448883 379568  414.95791   42  340  894.72000  413.07350  53.8%   134 6065s

 449748 380269  853.46524   99  147  894.72000  413.07350  53.8%   134 6078s

 450582 380552  444.15022   61  141  894.72000  413.09483  53.8%   134 6089s

 450865 381403  533.99255   82  166  894.72000  413.09483  53.8%   135 6105s

 451938 382230  469.22516   55  109  894.72000  413.09681  53.8%   135 6120s

 452948 382529  448.87638   75  158  894.72000  413.10490  53.8%   135 6133s

 453257 383624  523.04992  126  106  894.72000  413.10490  53.8%   135 6151s

 454576 384146  484.46849   71  206  894.72000  413.10770  53.8%   135 6162s

 455163 385131  705.76855  163  173  894.72000  413.10997  53.8%   135 6178s

 456288 385918 infeasible  131       894.72000  413.11672  53.8%   135 6192s

 457219 386226  462.99427   64  288  894.72000  413.11717  53.8%   135 6202s

 457539 387037  463.04218   65  305  894.72000  413.11717  53.8%   135 6218s

 458444 387868  463.61574   66  311  894.72000  413.11717  53.8%   135 6233s

 459346 388770  712.92357  153  180  894.72000  413.11717  53.8%   135 6246s

 460337 389399  545.22792   94  176  894.72000  413.12709  53.8%   135 6259s

 461054 389648  570.77002   66  139  894.72000  413.13896  53.8%   135 6275s

 461327 391191  575.12988   67  170  894.72000  413.13896  53.8%   135 6311s

 463137 391813  808.59749  143   97  894.72000  413.14768  53.8%   135 6328s

 463866 392911  643.06824   94  128  894.72000  413.14768  53.8%   135 6348s

 465138 393893  823.46475  190  135  894.72000  413.16316  53.8%   135 6366s

 466273 394323  429.34537   43  232  894.72000  413.16775  53.8%   135 6379s

 466755 395582  481.93383   77  180  894.72000  413.16775  53.8%   135 6399s

 468153 396659  456.12613   69  150  894.72000  413.18154  53.8%   135 6415s

 469367 397516  424.36049   43  117  894.72000  413.18220  53.8%   135 6431s

 470348 398165  577.63989  112  219  894.72000  413.18220  53.8%   135 6445s

 471160 398728  423.98313   37  262  894.72000  413.18220  53.8%   135 6459s

 471785 399689  579.31313   91  164  894.72000  413.18220  53.8%   135 6476s

 472950 400318  467.90699   56  155  894.72000  413.20230  53.8%   135 6489s

 473727 400675  433.38909   41  184  894.72000  413.20656  53.8%   136 6501s

 474194 401052  431.59013   50  209  894.72000  413.20656  53.8%   136 6514s

 474690 401060  572.44680   93  104  894.72000  413.20656  53.8%   136 6535s

 474698 401068  650.39353   93   91  894.72000  413.20656  53.8%   136 6546s

 474706 401076  572.90137   94  100  894.72000  413.20656  53.8%   136 6559s

 474714 401083  574.33944   94   98  894.72000  413.20656  53.8%   136 6573s

 474723 401191  594.87497   95   97  894.72000  413.20656  53.8%   136 6587s

 474835 401361     cutoff  104       894.72000  413.20656  53.8%   136 6602s

 475041 401732  726.51549  106   96  894.72000  413.20656  53.8%   136 6615s

 475479 402303  448.16381   63  165  894.72000  413.20656  53.8%   136 6630s

 476094 402880  663.49847  127  112  894.72000  413.20656  53.8%   136 6644s

 476776 404142  604.94782  112  152  894.72000  413.20656  53.8%   136 6665s

 478205 405159  595.97536  121  144  894.72000  413.22475  53.8%   136 6684s

 479491 405593  781.18737   85  106  894.72000  413.22714  53.8%   136 6694s

 479855 405593  479.56688   52  249  894.72000  413.22714  53.8%   136 6695s

 479978 406136  482.26862   59  189  894.72000  413.22714  53.8%   136 6707s

 480620 406976  805.09074  145  142  894.72000  413.22941  53.8%   136 6721s

 481603 407082  653.22246  119  197  894.72000  413.23001  53.8%   136 6735s

 481713 407501  654.30537  120  180  894.72000  413.23001  53.8%   136 6748s

 482206 408257  424.80164   41  176  894.72000  413.23001  53.8%   136 6762s

 483022 408822  653.66309  121   73  894.72000  413.23001  53.8%   136 6775s

 483641 409586  483.26989   63  157  894.72000  413.23001  53.8%   136 6790s

 484563 410476  708.69591  115  160  894.72000  413.23001  53.8%   136 6807s

 485572 410919  534.98516   51  162  894.72000  413.26185  53.8%   136 6820s

 486141 411318  436.21597   59  184  894.72000  413.26185  53.8%   136 6833s

 486645 412109  701.39165  125  114  894.72000  413.26185  53.8%   136 6849s

 487160 412109  441.11452   49  137  894.72000  413.26820  53.8%   137 6850s

 487647 412915  547.84020   87  242  894.72000  413.27298  53.8%   137 6865s

 488605 413250  455.93481   70  182  894.72000  413.27669  53.8%   137 6878s

 488965 414128  523.73440   89  197  894.72000  413.27669  53.8%   137 6895s

 489983 414901  605.54839  119  131  894.72000  413.27731  53.8%   137 6911s

 490881 415228  829.97961   96  131  894.72000  413.28160  53.8%   137 6922s

 491284 416266  452.86068   66  179  894.72000  413.28831  53.8%   137 6940s

 492465 416750  501.95683   65  134  894.72000  413.28852  53.8%   137 6953s

 493034 417738  779.90200  149  154  894.72000  413.28967  53.8%   137 6971s

 494195 418500  565.37486  104  172  894.72000  413.29341  53.8%   137 6985s

 495042 418840  490.03359   59  127  894.72000  413.29341  53.8%   137 6996s

 495460 419177  659.16280  109  162  894.72000  413.29341  53.8%   137 7011s

 495809 419889  429.00553   43  202  894.72000  413.29341  53.8%   137 7026s

 496586 420798  524.79699   91  110  894.72000  413.29341  53.8%   137 7043s

 497591 421486  424.98186   47  180  894.72000  413.29341  53.8%   137 7057s

 498368 422187  680.22916  154  164  894.72000  413.29341  53.8%   137 7072s

 499168 422863  488.08667   58  189  894.72000  413.30175  53.8%   137 7087s

 500003 423299  437.71060   51  145  894.72000  413.32598  53.8%   137 7100s

 500485 424094  593.76107  113  211  894.72000  413.32598  53.8%   137 7115s

 501310 424763  437.96685   51  190  894.72000  413.32598  53.8%   137 7130s

 502098 425576  656.77756   91  183  894.72000  413.33316  53.8%   137 7148s

 503061 425805  557.75476   81  159  894.72000  413.33534  53.8%   137 7163s

 503346 426641  752.49723  103  170  894.72000  413.33534  53.8%   137 7180s

 504326 426973 infeasible  162       894.72000  413.34842  53.8%   137 7191s

 504696 427718  444.50506   47  174  894.72000  413.34842  53.8%   137 7208s

 505550 428420  480.79554   62  173  894.72000  413.34842  53.8%   137 7223s

 506372 429026  527.51939   69  180  894.72000  413.36016  53.8%   137 7238s

 507144 429763  428.58669   48  227  894.72000  413.36661  53.8%   137 7253s

 508084 430235  457.85691   73  214  894.72000  413.36824  53.8%   138 7265s

 508603 430485  641.05244  109   91  894.72000  413.36824  53.8%   138 7281s

 508941 430782  467.17750   64  155  894.72000  413.36824  53.8%   138 7294s

 509275 431087  415.81750   39  313  894.72000  413.37268  53.8%   138 7307s

 509590 432003  490.20606   88  228  894.72000  413.37268  53.8%   138 7325s

 510642 432715  523.83615   74  163  894.72000  413.37827  53.8%   138 7342s

 511444 433702  464.33554   76  134  894.72000  413.37949  53.8%   138 7364s

 512576 434561  696.11658  113  166  894.72000  413.37949  53.8%   138 7381s

 513585 434937  492.06528   67  136  894.72000  413.37949  53.8%   138 7394s

 514069 435778  438.82494   46  135  894.72000  413.37949  53.8%   138 7412s

 515157 436264  432.51663   54  178  894.72000  413.41046  53.8%   138 7426s

 515718 437112  428.14869   44  208  894.72000  413.41161  53.8%   138 7444s

 516785 437673  488.69206   43  166  894.72000  413.42359  53.8%   138 7459s

 517455 438097  477.33538   42  164  894.72000  413.42359  53.8%   138 7473s

 517923 438985  552.46494   83  185  894.72000  413.42413  53.8%   138 7491s

 518943 439923  683.48901   98  129  894.72000  413.43436  53.8%   138 7511s

 520027 440902  415.60839   50  142  894.72000  413.43836  53.8%   138 7533s

 521107 441532  828.40372  175  134  894.72000  413.43836  53.8%   138 7544s

 521789 442041  500.09749   94  183  894.72000  413.43836  53.8%   138 7556s

 522388 442844  852.25333  207  155  894.72000  413.43836  53.8%   138 7571s

 523287 443596  824.82390   80  121  894.72000  413.43836  53.8%   138 7586s

 524197 444093  776.59880  159  156  894.72000  413.43836  53.8%   138 7597s

 524754 444958  478.58282   81  194  894.72000  413.45763  53.8%   138 7615s

 525737 445678  422.16892   43  177  894.72000  413.46261  53.8%   138 7628s

 526546 446466  681.70026  142  162  894.72000  413.46261  53.8%   138 7646s

 527474 446731  620.80249   60  125  894.72000  413.47016  53.8%   138 7656s

 527806 447296  425.73208   48  134  894.72000  413.47016  53.8%   138 7670s

 528557 448109  600.82968   99  166  894.72000  413.47016  53.8%   138 7686s

 529462 448547  456.83797   59  172  894.72000  413.47016  53.8%   138 7698s

 529969 449301  536.95714  106  154  894.72000  413.48393  53.8%   138 7715s

 530878 450010  440.19890   52  218  894.72000  413.49511  53.8%   138 7730s

 531705 450834  429.20187   40  258  894.72000  413.49926  53.8%   138 7746s

 532596 451107  414.74210   49  198  894.72000  413.49932  53.8%   138 7755s

 532869 451511  442.11954   63  214  894.72000  413.49932  53.8%   138 7772s

 533355 452095  436.07498   61  198  894.72000  413.49932  53.8%   138 7788s

 534088 452748  434.18842   64  201  894.72000  413.50695  53.8%   139 7803s

 534826 453183  584.55532  103  115  894.72000  413.50695  53.8%   139 7819s

 535402 454222  436.62033   41  227  894.72000  413.51626  53.8%   139 7840s

 536530 454752  689.35006  140  126  894.72000  413.51626  53.8%   139 7854s

 537117 455807  504.75745   72  128  894.72000  413.51626  53.8%   139 7878s

 538335 456150  453.42752   56  288  894.72000  413.52511  53.8%   139 7891s

 538689 457218  539.50541   79  243  894.72000  413.52744  53.8%   139 7914s

 539110 457218  515.94663   96  151  894.72000  413.52759  53.8%   139 7915s

 540028 457391  446.12838   50  129  894.72000  413.53418  53.8%   139 7932s

 540275 457557  477.34407   57  144  894.72000  413.53418  53.8%   139 7946s

 540483 458064  468.82251   58  132  894.72000  413.53418  53.8%   139 7963s

 541048 458888  464.41732   58  136  894.72000  413.53418  53.8%   139 7982s

 541986 459297  470.08449   59  182  894.72000  413.53418  53.8%   139 7997s

 542475 460161  526.51645   59  131  894.72000  413.53418  53.8%   139 8016s

 543548 460909  441.35425   41  232  894.72000  413.53418  53.8%   139 8033s

 544378 461354  418.27843   41  199  894.72000  413.53418  53.8%   139 8049s

 544950 462510  542.39773   62  118  894.72000  413.55596  53.8%   139 8074s

 546294 462930  454.06180   51  187  894.72000  413.55715  53.8%   139 8086s

 546741 463872  578.19209   98  162  894.72000  413.55715  53.8%   139 8107s

 547895 464877  470.12698   47  192  894.72000  413.57054  53.8%   139 8129s

 549038 465772  610.89851   87  163  894.72000  413.57274  53.8%   140 8149s

 550067 466597  506.30002  103  152  894.72000  413.57274  53.8%   140 8167s

 551024 467232  429.34568   51  182  894.72000  413.58195  53.8%   140 8181s

 551748 467638  506.00981  119  224  894.72000  413.58706  53.8%   140 8193s

 552240 468343  717.30055  187  171  894.72000  413.58706  53.8%   140 8211s

 553114 469009  514.14552   84  192  894.72000  413.59173  53.8%   140 8227s

 553861 469612  470.77232   44  146  894.72000  413.59173  53.8%   140 8241s

 554519 470299  726.83295  119  121  894.72000  413.59173  53.8%   140 8258s

 555361 470871  436.06059   46  194  894.72000  413.59173  53.8%   140 8272s

 556002 471790  469.63385   59  184  894.72000  413.59173  53.8%   140 8293s

 557087 472336  451.20646   49  155  894.72000  413.60397  53.8%   140 8309s

 557740 473162  423.53193   47  230  894.72000  413.60882  53.8%   140 8328s

 558768 473686  697.86771  115  104  894.72000  413.60882  53.8%   140 8343s

 559489 474429  461.47834   61  228  894.72000  413.60882  53.8%   140 8361s

 560305 474724  845.47722  147  152  894.72000  413.60882  53.8%   140 8374s

 560650 475583  476.22905   78  170  894.72000  413.60882  53.8%   140 8395s

 561751 476287  494.21710   62  176  894.72000  413.62428  53.8%   140 8411s

 562586 476730  417.10859   40  199  894.72000  413.62428  53.8%   140 8423s

 563063 477576  444.56683   57  182  894.72000  413.62428  53.8%   140 8443s

 564224 477722  490.69576   57  155  894.72000  413.62428  53.8%   140 8460s

 564437 478035  425.84150   54  189  894.72000  413.62428  53.8%   140 8474s

 564786 478592  505.57085   96  205  894.72000  413.63486  53.8%   140 8491s

 565438 478996  877.51497  285  173  894.72000  413.63486  53.8%   140 8507s

 565904 480476  477.97610   67  226  894.72000  413.63732  53.8%   141 8540s

 567637 480843  443.84748   53  193  894.72000  413.64912  53.8%   141 8552s

 568063 481452  417.42560   33  182  894.72000  413.65202  53.8%   141 8568s

 568788 482099  426.28751   42  257  894.72000  413.65686  53.8%   141 8585s

 569589 482934  569.11167  115  191  894.72000  413.66064  53.8%   141 8606s

 570651 483365  463.99342   64  198  894.72000  413.67397  53.8%   141 8620s

 571128 484045  581.70995  114  215  894.72000  413.67397  53.8%   141 8636s

 571868 484976  538.66368   86  150  894.72000  413.67397  53.8%   141 8657s

 572929 485318  521.95792   89  184  894.72000  413.67542  53.8%   141 8670s

 573293 486155 infeasible  186       894.72000  413.67542  53.8%   141 8690s

 574305 486944  437.48304   57  219  894.72000  413.68611  53.8%   141 8709s

 575192 486952  596.28462   93  152  894.72000  413.68611  53.8%   141 8740s

 575200 486958 infeasible   94       894.72000  413.68611  53.8%   141 8759s

 575210 486966  608.44200   94  162  894.72000  413.68611  53.8%   141 8771s

 575218 486974  599.54827   92  114  894.72000  413.68611  53.8%   141 8785s

 575226 486982  606.82943   95  152  894.72000  413.68611  53.8%   141 8801s

 575234 486990  608.26678   96  154  894.72000  413.68611  53.8%   141 8818s

 575242 487198  646.84057   95  128  894.72000  413.68611  53.8%   141 8837s

 575476 487730  608.83679   97  160  894.72000  413.68611  53.8%   141 8854s

 576050 488350  609.30951   98  155  894.72000  413.68611  53.8%   141 8874s

 576769 489312  415.79279   41  223  894.72000  413.69162  53.8%   141 8896s

 577877 489884  518.42080   85  179  894.72000  413.69162  53.8%   141 8913s

 578522 490010  700.17783  106  127  894.72000  413.70074  53.8%   141 8935s

 578656 490202  750.72838  108  138  894.72000  413.70074  53.8%   141 8950s

 578911 490528  660.68616  110  107  894.72000  413.70074  53.8%   141 8966s

 579290 491067  678.18503  111  130  894.72000  413.70367  53.8%   142 8983s

 579941 491432  417.37363   44  289  894.72000  413.70367  53.8%   142 9000s

 580403 492567  797.03611  124  132  894.72000  413.70509  53.8%   142 9026s

 581696 493475  419.99018   42  146  894.72000  413.71085  53.8%   142 9049s

 582090 493475  434.77013   41  134  894.72000  413.71085  53.8%   142 9050s

 582762 494064 infeasible  163       894.72000  413.71085  53.8%   142 9067s

 583420 494782  525.89387   77  164  894.72000  413.71655  53.8%   142 9088s

 584258 495718  487.18605   45  147  894.72000  413.71796  53.8%   142 9110s

 585389 496141  474.38888   52  172  894.72000  413.72022  53.8%   142 9125s

 585913 496550  715.03103   85  108  894.72000  413.72022  53.8%   142 9141s

 586406 496996  473.75129   93  171  894.72000  413.72022  53.8%   142 9157s

 586947 497957  449.27684   53  242  894.72000  413.72754  53.8%   142 9178s

 587980 498935  642.80479  170  200  894.72000  413.73336  53.8%   142 9201s

 589095 499341  415.47828   48  178  894.72000  413.73422  53.8%   142 9216s

 589553 500288  538.62868   94  177  894.72000  413.73422  53.8%   142 9239s

 590660 501123  424.41383   44  207  894.72000  413.74858  53.8%   142 9260s

 591662 501951  544.67001  116  260  894.72000  413.74858  53.8%   142 9280s

 592669 502454     cutoff  270       894.72000  413.75737  53.8%   142 9297s

 593257 503401  526.10973   71  118  894.72000  413.75941  53.8%   143 9320s

 594432 504071  418.69986   43  168  894.72000  413.76200  53.8%   143 9341s

 595306 504515  471.59616   74  183  894.72000  413.76200  53.8%   143 9354s

 595352 504515  446.10548   49  202  894.72000  413.77136  53.8%   143 9355s

 595798 505336  554.74823  120  165  894.72000  413.77136  53.8%   143 9375s

 596699 505816  676.35907  174  194  894.72000  413.77136  53.8%   143 9392s

 597355 506882  766.77117   54  162  894.72000  413.77136  53.8%   143 9417s

 598577 507216  496.04961   55  223  894.72000  413.77136  53.8%   143 9430s

 598975 507952 infeasible   86       894.72000  413.77136  53.8%   143 9450s

 599791 508952  502.68207   85  293  894.72000  413.77136  53.8%   143 9475s

 600905 509544  416.51840   38  205  894.72000  413.77136  53.8%   143 9492s

 601572 510066  592.84033   92  175  894.72000  413.79717  53.8%   143 9509s

 602171 510863  464.32050   51  175  894.72000  413.79717  53.8%   143 9530s

 603063 511419  544.35090   78  121  894.72000  413.79717  53.8%   143 9548s

 603762 512120  550.86126   74  188  894.72000  413.80961  53.7%   143 9567s

 604618 512786  750.78043  141  172  894.72000  413.80961  53.7%   143 9585s

 605357 513173  463.40899   50  173  894.72000  413.81393  53.7%   143 9600s

 605778 514029  600.53335  104  134  894.72000  413.81393  53.7%   143 9621s

 606755 515042  550.24981  106  224  894.72000  413.81403  53.7%   143 9645s

 607875 515814  447.35750   69  230  894.72000  413.82218  53.7%   143 9666s

 608813 516422  438.30957   49  198  894.72000  413.82807  53.7%   143 9684s

 609177 516422 infeasible   54       894.72000  413.82807  53.7%   143 9685s

 609600 516985  550.14912   67  170  894.72000  413.82807  53.7%   144 9705s

 610308 517802  525.24841   42  235  894.72000  413.83878  53.7%   144 9728s

 611271 518575  421.30553   44  255  894.72000  413.85099  53.7%   144 9747s

 612071 519192  451.13924   71  247  894.72000  413.85099  53.7%   144 9767s

 612782 519945  550.82168  120  254  894.72000  413.85252  53.7%   144 9796s

 613611 520687  458.65519   58  197  894.72000  413.85292  53.7%   144 9816s

 614435 521466  466.19714   49  238  894.72000  413.85638  53.7%   144 9836s

 615317 521981  430.90334   40  230  894.72000  413.85638  53.7%   144 9853s

 615872 522156  520.40000   91  207  894.72000  413.85638  53.7%   144 9877s

 616084 522583  524.49403   92  243  894.72000  413.85638  53.7%   144 9898s

 616591 523050  526.45627   93  236  894.72000  413.86539  53.7%   144 9918s

 617092 523870  526.53023   94  227  894.72000  413.86539  53.7%   144 9944s

 618118 524219  531.32922   95  199  894.72000  413.86539  53.7%   144 9968s

 618467 525295  564.44692  107  159  894.72000  413.86539  53.7%   144 9996s

 619713 526384  556.57363  149  220  894.72000  413.88015  53.7%   144 10023s

 620937 527202  428.34724   42  178  894.72000  413.88535  53.7%   144 10045s

 621919 527822  426.20285   52  187  894.72000  413.88911  53.7%   144 10064s

 622618 528539  418.36824   42  237  894.72000  413.88911  53.7%   144 10086s

 623441 529410  586.28476   95  191  894.72000  413.88911  53.7%   144 10109s

 623703 529410  434.14827   38  152  894.72000  413.89540  53.7%   144 10110s

 624425 529874  441.80668   63  223  894.72000  413.90100  53.7%   144 10128s

 624973 531305  760.24540  132  119  894.72000  413.90100  53.7%   144 10165s

 626610 531989  438.37632   47  220  894.72000  413.91233  53.7%   144 10185s

 627417 532421  421.99807   40  240  894.72000  413.91686  53.7%   144 10198s

 627869 533129  465.64020   77  212  894.72000  413.91875  53.7%   144 10220s

 628719 533852  433.57832   40  153  894.72000  413.92224  53.7%   144 10240s

 629605 534570  437.09460   52  210  894.72000  413.92224  53.7%   144 10260s

 630421 535426  687.21634  157  146  894.72000  413.92739  53.7%   144 10285s

 631418 535789  750.85495  113  150  894.72000  413.92970  53.7%   144 10300s

 631819 536714  493.49301   66  193  894.72000  413.92970  53.7%   144 10322s

 632868 537512  507.79678   85  210  894.72000  413.93457  53.7%   144 10343s

 633759 538164  453.23253   64  193  894.72000  413.93849  53.7%   144 10362s

 634518 538766  423.80170   46  190  894.72000  413.94703  53.7%   145 10377s

 635138 539222  597.83925   94  152  894.72000  413.94703  53.7%   145 10392s

 635679 540004  438.86305   52  140  894.72000  413.95125  53.7%   145 10418s

 636711 540406  636.07177  112  141  894.72000  413.95802  53.7%   145 10442s

 637143 540835  572.39437   68  158  894.72000  413.95802  53.7%   145 10460s

 637665 541117  440.07916   43  270  894.72000  413.95802  53.7%   145 10476s

 638020 541557 infeasible   87       894.72000  413.95802  53.7%   145 10492s

 638504 542517  452.17054   63  205  894.72000  413.95802  53.7%   145 10517s

 639584 543260  525.55200   60  202  894.72000  413.95802  53.7%   145 10541s

 640447 544087  435.44829   55  264  894.72000  413.95802  53.7%   145 10565s

 641424 544493  423.53480   38  176  894.72000  413.97761  53.7%   145 10580s

 641860 545221  477.50239   77  174  894.72000  413.97761  53.7%   145 10600s

 642727 545948  514.95924   55  197  894.72000  413.97761  53.7%   145 10622s

 643717 546310  658.46494   66  143  894.72000  413.97761  53.7%   145 10638s

 644138 547147  468.52596   43  128  894.72000  413.97761  53.7%   145 10659s

 645097 547834  471.61402   90  148  894.72000  413.97761  53.7%   145 10680s

 645864 548590  762.94286  198  185  894.72000  413.97761  53.7%   145 10701s

 646742 549325  729.56241  133   83  894.72000  413.99246  53.7%   145 10722s

 647612 549894  823.32850  118  143  894.72000  413.99976  53.7%   145 10738s

 648316 550258  561.47625   68  138  894.72000  414.00583  53.7%   145 10754s

 648717 550948  612.12289   78  178  894.72000  414.00583  53.7%   145 10778s

 649605 551103  530.82694   80  218  894.72000  414.01092  53.7%   145 10800s

 649786 551416  435.02875   41  261  894.72000  414.01092  53.7%   145 10815s

 650185 551746  520.80774   54  207  894.72000  414.01092  53.7%   145 10831s

 650517 552355  721.66415   96   94  894.72000  414.01092  53.7%   145 10851s

 651234 553333  431.99377   59  167  894.72000  414.01180  53.7%   145 10878s

 652369 553684  683.93051  132  104  894.72000  414.01180  53.7%   145 10893s

 652796 554701  511.46509   79  157  894.72000  414.01180  53.7%   145 10920s

 653923 555499  471.56520   63  185  894.72000  414.02216  53.7%   145 10943s

 654801 556276  600.18229  134  232  894.72000  414.02216  53.7%   145 10971s

 655735 556713  424.97756   35  147  894.72000  414.03423  53.7%   145 10986s

 656218 557504  528.02865   76  180  894.72000  414.03423  53.7%   146 11012s

 657133 558138  594.26157   79  194  894.72000  414.04055  53.7%   146 11034s

 657874 558981  459.30900   74  199  894.72000  414.04055  53.7%   146 11057s

 658846 559430  440.49385   74  181  894.72000  414.04055  53.7%   146 11073s

 659402 560237  543.34376  127  217  894.72000  414.04055  53.7%   146 11095s

 660302 560829  455.69022   60  179  894.72000  414.04766  53.7%   146 11115s

 661034 561215  455.45379   49  322  894.72000  414.05721  53.7%   146 11133s

 661487 562081  490.31998   75  159  894.72000  414.05850  53.7%   146 11156s

 662433 563024  521.05437   90  137  894.72000  414.05850  53.7%   146 11179s

 663454 563770  798.57923  174  193  894.72000  414.06808  53.7%   146 11208s

 664298 564222  669.36862   90  145  894.72000  414.06911  53.7%   146 11228s

 664856 564888  536.54587   88  177  894.72000  414.06911  53.7%   146 11250s

 665688 565426  461.16084   53  145  894.72000  414.07676  53.7%   146 11270s

 666317 565938  481.51519   70  175  894.72000  414.08121  53.7%   146 11291s

 666975 566288  639.11879   94  141  894.72000  414.08968  53.7%   146 11311s

 667423 566544  442.10558   60  182  894.72000  414.09271  53.7%   146 11339s

 667679 566736  443.87955   61  196  894.72000  414.09271  53.7%   146 11354s

 667901 567036  444.00124   62  181  894.72000  414.09271  53.7%   146 11372s

 668242 567404  540.88888  106  193  894.72000  414.09271  53.7%   146 11391s

 668692 567828  443.38047   55  193  894.72000  414.09271  53.7%   146 11409s

 669152 568745  660.25087  128  166  894.72000  414.09271  53.7%   146 11438s

 670178 569010  419.43920   46  198  894.72000  414.09531  53.7%   146 11456s

 670624 569849  493.52356   58  175  894.72000  414.09531  53.7%   146 11490s

 671589 570985  526.75166   66  148  894.72000  414.09531  53.7%   146 11525s

 672926 571657  490.19854   69  198  894.72000  414.11163  53.7%   146 11553s

 673689 572801  496.82915   70  213  894.72000  414.11575  53.7%   146 11586s

 674941 573705  715.31965   84  195  894.72000  414.11575  53.7%   146 11617s

 676015 574244  422.08094   38  156  894.72000  414.11575  53.7%   147 11637s

 676641 574971  445.29094   43  173  894.72000  414.12959  53.7%   147 11660s

 677466 575373  563.46073   56  185  894.72000  414.12959  53.7%   147 11679s

 677911 576205  706.83597   64  123  894.72000  414.12959  53.7%   147 11707s

 678903 576819  456.14713   51  271  894.72000  414.13626  53.7%   147 11734s

 679005 576819  431.44155   47  196  894.72000  414.13676  53.7%   147 11735s

 679599 577918  633.88641   82  208  894.72000  414.13676  53.7%   147 11767s

 680919 578617  425.35409   41  175  894.72000  414.14072  53.7%   147 11791s

 681679 579351  574.80266   79  152  894.72000  414.14072  53.7%   147 11817s

 682466 580322  466.49615   50  167  894.72000  414.14230  53.7%   147 11849s

 683657 581337  605.04089   84  160  894.72000  414.15770  53.7%   147 11881s

 684807 581836  780.34135  112  117  894.72000  414.15902  53.7%   147 11901s

 685365 582941  538.36393   96  162  894.72000  414.16206  53.7%   147 11933s

 686659 583404  435.81150   34  205  894.72000  414.17011  53.7%   147 11952s

 687174 584167  583.93213   60  207  894.72000  414.17011  53.7%   147 11977s

 688067 585185  515.62383   88  173  894.72000  414.17833  53.7%   147 12008s

 689217 585702  489.70318   56  243  894.72000  414.18305  53.7%   147 12027s

 689797 586652  624.35227  113  133  894.72000  414.18305  53.7%   147 12056s

 690841 587390  480.08605   69  220  894.72000  414.18305  53.7%   147 12082s

 691717 588314  500.54230   62  131  894.72000  414.18317  53.7%   147 12107s

 692781 588811  426.74535   47  221  894.72000  414.19608  53.7%   147 12126s

 693334 589527  475.05468   69  189  894.72000  414.19608  53.7%   147 12151s

 694151 590422  544.42718   91  163  894.72000  414.19624  53.7%   147 12177s

 695192 590868  428.51492   61  175  894.72000  414.19624  53.7%   147 12194s

 695525 590868  863.20842  149  126  894.72000  414.19624  53.7%   147 12195s

 695742 591649  492.40241   85  151  894.72000  414.19624  53.7%   147 12220s

 696664 592319  505.48831   70  144  894.72000  414.19624  53.7%   147 12246s

 697456 592805  459.11787   82  217  894.72000  414.19624  53.7%   147 12265s

 698009 593708  600.32608  137  187  894.72000  414.19624  53.7%   147 12290s

 699036 594569  451.40712   73  211  894.72000  414.19624  53.7%   147 12312s

 699963 595163  707.65309  230  170  894.72000  414.19624  53.7%   147 12337s

 700699 595614  560.35142   94  174  894.72000  414.19624  53.7%   147 12355s

 701195 596735  761.55609  147  190  894.72000  414.19624  53.7%   147 12392s

 702458 597390  424.65551   40  311  894.72000  414.23381  53.7%   148 12421s

 703198 598460  500.53128   87  272  894.72000  414.23381  53.7%   148 12449s

 704362 598940  881.88445  240  168  894.72000  414.23381  53.7%   148 12478s

 704923 599873  882.31212  241  167  894.72000  414.23381  53.7%   148 12507s

 705992 600546  441.94565   54  182  894.72000  414.24378  53.7%   148 12527s

 706721 601500  440.90266   39  229  894.72000  414.24816  53.7%   148 12556s

 707817 602206  431.61336   43  255  894.72000  414.24816  53.7%   148 12582s

 708603 602933  428.25693   48  165  894.72000  414.24816  53.7%   148 12607s

 709415 603575  542.06408  115  191  894.72000  414.24816  53.7%   148 12629s

 710149 603753  493.78813   70  261  894.72000  414.24816  53.7%   148 12662s

 710343 604146  550.84167  105  222  894.72000  414.24816  53.7%   148 12681s

 710769 604662     cutoff  206       894.72000  414.24816  53.7%   148 12705s

 711386 605223  432.82513   66  243  894.72000  414.26067  53.7%   148 12729s

 711684 605223  504.38164   66  122  894.72000  414.26067  53.7%   148 12730s

 712031 605808  497.84118   90  138  894.72000  414.26067  53.7%   148 12754s

 712691 606511 infeasible  142       894.72000  414.26067  53.7%   148 12789s

 713055 606511  508.21333   74  175  894.72000  414.26067  53.7%   148 12790s

 713783 606940  458.89780   59  220  894.72000  414.26974  53.7%   148 12809s

 714233 607968  562.99608   88  134  894.72000  414.27641  53.7%   148 12840s

 715461 608566  548.18992   77  227  894.72000  414.27734  53.7%   148 12864s

 716146 609166  503.88691   84  176  894.72000  414.27734  53.7%   148 12888s

 716854 609986  525.04136   65  158  894.72000  414.28409  53.7%   148 12919s

 717860 610675  856.94604  131  139  894.72000  414.29271  53.7%   148 12944s

 718690 611062  616.41937  118  120  894.72000  414.29271  53.7%   148 12966s

 719249 611674  451.65404   56  198  894.72000  414.29271  53.7%   148 12993s

 720000 611682  657.04292  125  190  894.72000  414.29271  53.7%   148 13014s

 720008 611690  677.37015  126  198  894.72000  414.29271  53.7%   148 13037s

 720016 611698  678.02903  127  204  894.72000  414.29271  53.7%   148 13068s

 720024 611814  679.56639  128  203  894.72000  414.29271  53.7%   148 13110s

 720165 612328  683.21798  129  205  894.72000  414.29271  53.7%   148 13146s

 720790 612866  435.83095   45  267  894.72000  414.29858  53.7%   148 13175s

 721418 613383  660.90379   95  154  894.72000  414.30459  53.7%   148 13217s

 722056 613959  661.78419   96  167  894.72000  414.30841  53.7%   148 13246s

 722747 615064  573.56511   55  124  894.72000  414.31572  53.7%   148 13287s

 723968 616066  617.11215  122  179  894.72000  414.32507  53.7%   148 13319s

 725086 616892  723.47310  157  153  894.72000  414.32620  53.7%   148 13350s

 726026 618060  517.33845   64  193  894.72000  414.32971  53.7%   148 13394s

 727459 619104  486.21286   68  153  894.72000  414.33462  53.7%   148 13432s

 728656 620015  560.05575   85  173  894.72000  414.34263  53.7%   148 13466s

 729696 620467  533.47963   76  188  894.72000  414.34535  53.7%   148 13486s

 730180 621186  771.16814  171  156  894.72000  414.34535  53.7%   148 13516s

 731031 621821  530.05419   56  146  894.72000  414.34535  53.7%   149 13542s

 731856 622535  549.16446   98  185  894.72000  414.34535  53.7%   149 13565s

 732652 623272  435.17864   39  173  894.72000  414.35788  53.7%   149 13592s

 733562 623297  472.49321   54  160  894.72000  414.35788  53.7%   149 13623s

 733595 623492  480.24484   57  188  894.72000  414.35788  53.7%   149 13642s

 733847 623712  427.88385   46  182  894.72000  414.35788  53.7%   149 13662s

 734103 624059  419.62241   42  328  894.72000  414.35788  53.7%   149 13682s

 734496 625093  511.22656  101  217  894.72000  414.35788  53.7%   149 13717s

 735642 625979  531.92570   75  136  894.72000  414.36647  53.7%   149 13756s

 736733 626365  454.47395   52  269  894.72000  414.37597  53.7%   149 13776s

 737167 627193  687.04848  120  168  894.72000  414.37604  53.7%   149 13803s

 738148 627982  499.27560   68  168  894.72000  414.37656  53.7%   149 13829s

 739070 628353  449.52063   43  329  894.72000  414.38647  53.7%   149 13849s

 739474 629529  502.40786   77  200  894.72000  414.38647  53.7%   149 13894s

 740847 630346  437.05018   53  213  894.72000  414.38850  53.7%   149 13927s

 741794 630944  423.63125   41  254  894.72000  414.39799  53.7%   149 13949s

 742319 630944  496.63319   79  149  894.72000  414.39799  53.7%   149 13950s

 742491 631779  589.94190  104  142  894.72000  414.39799  53.7%   149 13985s

 743458 632271 infeasible   93       894.72000  414.39969  53.7%   149 14010s

 744056 633087  435.36848   38  257  894.72000  414.39969  53.7%   149 14043s

 745117 633416     cutoff  186       894.72000  414.39969  53.7%   149 14065s

 745542 634973  451.39664   64  266  894.72000  414.39969  53.7%   149 14125s

 747271 635351  481.78363   71  193  894.72000  414.41738  53.7%   149 14143s

 747667 636221  547.23636  116  203  894.72000  414.41738  53.7%   149 14175s

 748740 637019  674.60916   92  143  894.72000  414.42369  53.7%   149 14205s

 749687 637917  514.19680   73  169  894.72000  414.42513  53.7%   149 14244s

 750720 638231  684.35649  170  218  894.72000  414.42513  53.7%   149 14264s

 751088 638789  429.23980   47  255  894.72000  414.42513  53.7%   149 14287s

 751737 639453  578.85219  106  164  894.72000  414.43004  53.7%   149 14313s

 752458 640209  439.56785   41  288  894.72000  414.43499  53.7%   149 14345s

 753365 640872  426.57966   42  271  894.72000  414.43807  53.7%   149 14372s

 754089 641645  487.40118   67  226  894.72000  414.43807  53.7%   149 14400s



Cutting planes:

  Learned: 23

  Gomory: 70

  Lift-and-project: 27

  Cover: 175

  Implied bound: 571

  Projected implied bound: 31

  Clique: 528

  MIR: 418

  Mixing: 130

  StrongCG: 129

  Flow cover: 1557

  GUB cover: 19

  Inf proof: 25

  Zero half: 2654

  RLT: 105

  Relax-and-lift: 1162



Explored 754928 nodes (112713254 simplex iterations) in 14400.97 seconds (12077.07 work units)

Thread count was 16 (of 16 available processors)



Solution count 10: 894.72 903.2 903.87 ... 1001.95



Time limit reached

Best objective 8.947200000000e+02, best bound 4.144389104018e+02, gap 53.6795%

-----RESULTS INFO-----
running_time:  14414.391000000001
TC.best_bound:  414.4389104017615
TC:  894.7199999999997
MIP Gap (%):  53.67948515717077
=== Vehicle Routes ===
Vehicle 1: 0  45
Vehicle 1: 1  47
Vehicle 1: 4  57
Vehicle 1: 34  1
Vehicle 1: 45  54
Vehicle 1: 47  4
Vehicle 1: 52  34
Vehicle 1: 54  52
Vehicle 2: 0  14
Vehicle 2: 2  7
Vehicle 2: 3  35
Vehicle 2: 7  3
Vehicle 2: 9  12
Vehicle 2: 12  2
Vehicle 2: 14  9
Vehicle 2: 35  57
Vehicle 3: 0  6
Vehicle 3: 5  31
Vehicle 3: 6  5
Vehicle 3: 13  49
Vehicle 3: 31  13
Vehicle 3: 49  57
Vehicle 4: 0  11
Vehicle 4: 8  15
Vehicle 4: 11  8
Vehicle 4: 15  46
Vehicle 4: 16  57
Vehicle 4: 46  16
Vehicle 5: 0  51
Vehicle 5: 10  56
Vehicle 5: 51  10
Vehicle 5: 56  57
Vehicle 6: 0  53
Vehicle 6: 53  55
Vehicle 6: 55  57

=== Full Vehicle Routes ===
Vehicle 1: 0  45  54  52  34  1  47  4  0 (99<100)
Vehicle 2: 0  14  9  12  2  7  3  35  0 (97<100)
Vehicle 3: 0  6  5  31  13  49  0 (100<100)
Vehicle 4: 0  11  8  15  46  16  0 (99<100)
Vehicle 5: 0  51  10  56  0 (99<100)
Vehicle 6: 0  53  55  0 (99<100)
Arc used by MRT line: y variables:
Customer assigment to PL: u variables:
17 55
18 49
19 52
20 55
21 55
22 45
23 46
24 46
25 49
26 53
27 51
28 47
29 53
30 49
32 47
33 53
36 56
37 49
38 54
39 56
40 53
41 51
42 47
43 54
44 53
Node is served by regular vehicle: g variables:
1
2
3
4
5
6
7
8
9
10
11
12
13
14
15
16
31
34
35
51
52
53
54
55
56
45
46
47
49
Customer assigment to Home delivery: gm variables:
1
2
3
4
5
6
7
8
9
10
11
12
13
14
15
16
31
34
35
Node total demands: ntd variables:
1 14 1
2 14 1
3 2 1
4 10 1
5 20 1
6 6 1
7 21 1
8 11 1
9 16 1
10 8 1
11 11 1
12 22 1
13 17 1
14 17 1
15 23 1
16 18 1
31 20 1
32 0 0
33 0 0
34 8 1
35 5 1
36 0 0
37 0 0
38 0 0
39 0 0
40 0 0
41 0 0
42 0 0
43 0 0
44 0 0
51 45 1
52 12 1
53 70 1
54 26 1
55 29 1
56 46 1
45 7 1
46 36 1
47 22 1
48 0 0
49 37 1
50 0 0
Customer's demand delivered to PL: l variables:
17
18
19
20
21
22
23
24
25
26
27
28
29
30
32
33
36
37
38
39
40
41
42
43
44
Lockers load <= capacity:
45 <= 82
12 <= 81
70 <= 92
26 <= 90
29 <= 98
46 <= 98
7 <= 76
36 <= 94
22 <= 73
0 <= 87
37 <= 75
0 <= 79
