Gurobi 12.0.3:   lim:time = 14400

  mip:bestbound = 1

Set parameter LogToConsole to value 1

  tech:outlev = 1

Set parameter Cuts to value 3

  cut:cuts = 3

Set parameter Presolve to value 2

  pre:solve = 2

Set parameter MIPFocus to value 2

  mip:focus = 2

Set parameter Symmetry to value 2

  mip:symmetry = 2

Set parameter InfUnbdInfo to value 1

Gurobi Optimizer version 12.0.3 build v12.0.3rc0 (win64 - Windows 10.0 (19045.2))



CPU model: 11th Gen Intel(R) Core(TM) i7-11700 @ 2.50GHz, instruction set [SSE2|AVX|AVX2|AVX512]

Thread count: 8 physical cores, 16 logical processors, using up to 16 threads



Non-default parameters:

TimeLimit  14400

MIPFocus  2

Symmetry  2

Cuts  3

InfUnbdInfo  1

Presolve  2



Optimize a model with 2561 rows, 9816 columns and 62289 nonzeros

Model fingerprint: 0xb7bc6708

Model has 4 quadratic objective terms

Model has 10 quadratic constraints

Variable types: 86 continuous, 9730 integer (0 binary)

Coefficient statistics:

  Matrix range     [1e+00, 1e+05]

  QMatrix range    [1e+00, 1e+00]

  QLMatrix range   [1e+00, 2e+01]

  Objective range  [1e+00, 1e+02]

  QObjective range [3e+00, 3e+00]

  Bounds range     [1e+00, 1e+02]

  RHS range        [1e+00, 1e+05]

  QRHS range       [1e+02, 1e+02]

Presolve removed 118 rows and 298 columns

Presolve time: 1.25s

Presolved: 8469 rows, 15528 columns, 74074 nonzeros

Variable types: 973 continuous, 14555 integer (12689 binary)

Root relaxation presolve removed 7 rows and 4 columns

Root relaxation presolved: 8462 rows, 15524 columns, 169013 nonzeros



Deterministic concurrent LP optimizer: primal and dual simplex

Showing primal log only...



Concurrent spin time: 0.02s



Solved with dual simplex



Root relaxation: objective 2.351959e+02, 618 iterations, 0.15 seconds (0.25 work units)



    Nodes    |    Current Node    |     Objective Bounds      |     Work

 Expl Unexpl |  Obj  Depth IntInf | Incumbent    BestBd   Gap | It/Node Time



     0     0  235.19592    0  153          -  235.19592      -     -    3s

     0     0  309.96245    0  130          -  309.96245      -     -    4s

     0     0  309.96245    0  134          -  309.96245      -     -    5s

     0     0  309.96245    0  158          -  309.96245      -     -    5s

     0     0  309.96245    0  161          -  309.96245      -     -    5s

     0     0  309.99449    0  124          -  309.99449      -     -    6s

     0     0  311.52449    0  153          -  311.52449      -     -    6s

     0     0  311.66992    0  167          -  311.66992      -     -    6s

     0     0  315.40569    0  148          -  315.40569      -     -    8s

     0     0  315.40635    0  149          -  315.40635      -     -    8s

     0     0  318.31326    0  148          -  318.31326      -     -    9s

     0     0  318.34004    0  176          -  318.34004      -     -    9s

     0     0  319.97029    0  159          -  319.97029      -     -   10s

     0     0  320.21235    0  199          -  320.21235      -     -   10s

     0     0  321.52794    0  162          -  321.52794      -     -   10s

     0     0  323.70182    0  157          -  323.70182      -     -   10s

     0     0  324.09215    0  160          -  324.09215      -     -   10s

     0     0  328.07771    0  163          -  328.07771      -     -   11s

     0     0  328.07771    0  163          -  328.07771      -     -   11s

     0     2  328.09315    0  161          -  328.09315      -     -   12s

   692   733  360.99221   93  192          -  329.04758      -  57.1   15s

  2706  2458  331.75085   13 4235          -  329.05656      -  54.9   21s

  2710  2461  599.01972  140  169          -  329.05656      -  54.8   25s

  2713  2463  613.04034  141  168          -  330.42172      -  54.7   30s

  2718  2466  333.86060    5  223          -  333.86060      -  54.6   35s

  2721  2468  372.62216  102  206          -  334.04068      -  54.6   40s

  2726  2471  348.92867   24  316          -  334.34185      -  54.5   45s

H 2732  2350                    1219.3100000  334.64098  72.6%  54.4   50s

H 2732  2232                    1216.3900000  334.64098  72.5%  54.4   50s

H 2732  2120                    1215.3900000  334.64098  72.5%  54.4   50s

H 2732  2014                    1193.5000000  334.64891  72.0%  54.4   50s

H 2732  1913                    1168.3600000  334.64891  71.4%  54.4   50s

H 2734  1818                    1142.4700000  334.68952  70.7%  54.3   51s

H 2736  1728                    1128.5100000  334.68952  70.3%  54.3   52s

  2741  1731  345.61007   29  214 1128.51000  334.82141  70.3%  54.2   55s

H 2746  1647                    1119.5400000  334.88801  70.1%  54.1   57s

H 2746  1564                    1113.2700000  334.88801  69.9%  54.1   57s

  2752  1568  340.30095   23  274 1113.27000  334.88801  69.9%  54.0   60s

H 2753  1489                    1112.4800000  334.88983  69.9%  53.9   60s

H 2754  1415                    1109.2400000  334.91473  69.8%  53.9   61s

H 2755  1344                    1108.5100000  334.91473  69.8%  53.9   61s

H 2755  1276                    1105.9000000  334.91473  69.7%  53.9   61s

  2764  1283  342.88171    9 4235 1105.90000  334.91473  69.7%  65.4   65s

H 2768  1221                    1104.0200000  335.02858  69.7%  65.3   71s

H 2768  1160                    1100.7800000  335.02858  69.6%  65.3   71s

H 2769  1102                    1096.7500000  335.02858  69.5%  65.3   73s

H 2769  1047                    1093.8500000  335.02858  69.4%  65.3   73s

H 2770   995                    1092.9500000  335.02858  69.3%  65.3   75s

H 2770   945                    1087.2200000  335.02858  69.2%  65.3   75s

H 2770   898                    1086.2600000  335.05717  69.2%  65.3   75s

H 2771   854                    1084.8400000  335.05717  69.1%  65.3   77s

H 2773   812                    1083.8800000  335.06192  69.1%  65.2   81s

H 2776   773                    1075.5100000  335.21526  68.8%  65.1   86s

H 2776   734                     982.0000000  335.21526  65.9%  65.1   86s

H 2776   697                     973.3100000  335.21526  65.6%  65.1   86s

  2780   700  335.74024   22  325  973.31000  335.74024  65.5%  65.0   90s

  2785   703  337.28697   25  388  973.31000  337.28697  65.3%  64.9   95s

  2790   706  339.10212   30  389  973.31000  337.57842  65.3%  64.8  100s

  2796   710  392.60354  200  418  973.31000  337.76068  65.3%  64.7  105s

H 2800   677                     961.1500000  337.99317  64.8%  64.6  109s

H 2800   642                     960.3800000  337.99317  64.8%  64.6  110s

H 2804   612                     959.5500000  338.01565  64.8%  64.5  112s

H 2808   583                     909.6800000  338.02448  62.8%  64.4  114s

H 2810   555                     890.8800000  338.02448  62.1%  64.4  115s

  2821   562  372.62216  102  483  890.88000  338.04495  62.1%  64.1  120s

  2832   569  515.14806  226  481  890.88000  338.05765  62.1%  63.9  125s

  2839   574  468.25963  117  495  890.88000  338.08035  62.1%  63.7  130s

  2862   610  338.56872   30  337  890.88000  338.34889  62.0%  79.5  135s

H 2925   605                     888.9900000  338.34889  61.9%  86.5  139s

  2928   625  339.37755   34  321  888.99000  338.34889  61.9%  86.8  140s

  3020   680  340.16912   39  307  888.99000  338.34889  61.9%  96.8  145s

  3145   774  344.75118   45  270  888.99000  338.34889  61.9%   107  150s

  3274   854  386.60706   50  160  888.99000  338.34889  61.9%   116  155s

  3333   870  388.87356   51  172  888.99000  338.34889  61.9%   123  164s

  3347   874  387.12498   52  167  888.99000  338.34889  61.9%   123  165s

  3410   947  388.87096   58  139  888.99000  338.34889  61.9%   126  170s

  3575  1067  482.21509   73  126  888.99000  338.34889  61.9%   131  176s

  3790  1211  616.45354   97  105  888.99000  338.34889  61.9%   136  180s

  3967  1233  616.57170  107   95  888.99000  338.34889  61.9%   138  185s

  4056  1345  616.59720  116   95  888.99000  338.34889  61.9%   139  190s

  4175  1416  703.92822  127   80  888.99000  338.34889  61.9%   141  196s

  4408  1589  617.07244  152   82  888.99000  338.34889  61.9%   143  200s

  4834  1884  859.24983  199   92  888.99000  338.81077  61.9%   145  206s

  5074  2121  352.50661   39  430  888.99000  338.81077  61.9%   149  211s

  5392  2453  367.21849   55  120  888.99000  338.81077  61.9%   150  216s

  5850  2890  392.97776  121  162  888.99000  338.90366  61.9%   146  222s

  6262  3304  401.55046  178  158  888.99000  338.90366  61.9%   142  227s

  6609  3550  423.26682  188  124  888.99000  338.90366  61.9%   138  230s

  7588  4380  345.73575   35  324  888.99000  338.93610  61.9%   129  238s

  8011  4388  358.81482   53  159  888.99000  338.93610  61.9%   128  240s

  8047  4478  366.72093   66  152  888.99000  338.93610  61.9%   128  245s

  8200  4840  402.54778  100  106  888.99000  338.93610  61.9%   129  251s

  8667  5404  422.44524  150  162  888.99000  338.93610  61.9%   128  258s

  9105  5553  594.80900  254  114  888.99000  338.93610  61.9%   127  261s

  9269  6140  697.57593  279   93  888.99000  338.93610  61.9%   128  266s

 10224  6703  415.37768  100  141  888.99000  338.94259  61.9%   127  274s

 10583  6949  595.04348  225  103  888.99000  338.94259  61.9%   127  278s

 10876  7649  368.77440   48  154  888.99000  338.94259  61.9%   127  283s

 11779  7859  353.74736   47  184  888.99000  339.55728  61.8%   124  287s

 12022  7903  404.60291   72  162  888.99000  339.60803  61.8%   124  291s

 12066  7963  424.17383   86  160  888.99000  339.60803  61.8%   125  296s

 12126  8000  495.32373  108  111  888.99000  339.60803  61.8%   125  300s

 12165  8172  532.93711  109  124  888.99000  339.60803  61.8%   125  305s

 12728  8876  360.41289   44  138  888.99000  340.28746  61.7%   123  314s

 13189  9687  384.77328   54  133  888.99000  340.29238  61.7%   121  320s

 14108  9939  461.47951   49  159  888.99000  340.29238  61.7%   119  325s

 14398 10710  564.05651   74  141  888.99000  340.30878  61.7%   119  332s

 15310 11081  424.71762   45  211  888.99000  340.30878  61.7%   119  342s

 15793 11088  855.72836   62  144  888.99000  340.66722  61.7%   119  349s

 15802 11096  856.01557   63  124  888.99000  340.66722  61.7%   120  357s

 15810 11217  863.03074   64  127  888.99000  340.66722  61.7%   120  366s

 15956 11696  882.81318   74  124  888.99000  340.84804  61.7%   120  378s

H16506 11692                     882.8400000  340.84804  61.4%   120  378s

H16568 11692                     882.2500000  340.84804  61.4%   120  378s

 16569 12225  697.72032  105   90  882.25000  340.84804  61.4%   120  390s

 17263 13846  362.96170   40  220  882.25000  341.34183  61.3%   120  404s

 19108 14029  422.86756   67  132  882.25000  341.52120  61.3%   118  413s

H19351 14005                     868.8100000  341.52120  60.7%   118  413s

 19405 14519  436.27875   88  116  868.81000  341.63532  60.7%   118  421s

 19991 15961  481.30031  146  104  868.81000  341.63532  60.7%   118  432s

 21726 16403  777.19781  131   83  868.81000  341.75058  60.7%   115  440s

 22245 17722  367.32665   60  223  868.81000  341.75058  60.7%   115  450s

 23713 18386  349.16748   41  271  868.81000  341.75058  60.7%   112  457s

 24481 18924  377.32138   73  228  868.81000  341.75058  60.7%   112  465s

 25095 20166  378.91843   74  243  868.81000  341.75058  60.7%   111  474s

 26495 21862  454.39511  101  139  868.81000  341.75058  60.7%   110  485s

 28405 22333  479.72172   97  179  868.81000  342.12144  60.6%   107  493s

 28925 23818  558.24741  199  115  868.81000  342.12144  60.6%   107  503s

 30554 25873  490.72227  192  131  868.81000  342.25394  60.6%   106  520s

 33538 27478  685.57096  137   73  868.81000  342.40917  60.6%   104  529s

 34693 28156     cutoff  129       868.81000  342.42041  60.6%   103  534s

 35543 28420  464.47117  119  114  868.81000  342.52732  60.6%   103  537s

 35807 29359  768.58180  169   98  868.81000  342.52732  60.6%   103  542s

 36906 29367  501.01063   56  124  868.81000  342.62002  60.6%   101  545s

 36922 29383  578.96822   59  133  868.81000  342.62002  60.6%   101  552s

 36930 29437  522.65067   57  134  868.81000  342.62002  60.6%   102  555s

H37033 29484                     866.2600000  342.63123  60.4%   102  559s

 37071 29609  373.67860   45  275  866.26000  342.63123  60.4%   102  563s

 37202 29660  380.75201   58  258  866.26000  342.63123  60.4%   102  567s

 37259 29829  388.28320   65  214  866.26000  342.63123  60.4%   102  571s

 37505 30009  427.43496  113  136  866.26000  342.63123  60.4%   102  575s

 37693 30598  446.44848  159  110  866.26000  342.63123  60.4%   103  581s

 38554 31127  437.75519   54  103  866.26000  342.74844  60.4%   103  586s

 39159 31933  355.08683   42  238  866.26000  342.78465  60.4%   103  592s

 40112 32302  351.40227   45  169  866.26000  342.97691  60.4%   102  596s

 40501 33209  391.82093   81  117  866.26000  342.99912  60.4%   102  601s

 41539 34056  352.25007   49  233  866.26000  343.04439  60.4%   101  607s

 42466 34397  449.97806  204  156  866.26000  343.04439  60.4%   101  612s

 42854 34928  357.85221   45  209  866.26000  343.04439  60.4%   100  617s

 43459 35543  408.73815   77  201  866.26000  343.04439  60.4%   100  621s

 44101 36526  619.21818  130  124  866.26000  343.04439  60.4%   100  627s

 45214 36644  453.50140   93  122  866.26000  343.04439  60.4%   100  640s

 45368 39031  463.28234  107  137  866.26000  343.22884  60.4%   100  685s

 48162 40368  802.42171  161  111  866.26000  343.35476  60.4%   100  703s

 49810 41324  388.49350   90  180  866.26000  343.35476  60.4%   100  713s

 50915 43778  749.18495  244  151  866.26000  343.49639  60.3%   100  726s

 53676 45471  348.66984   39  213  866.26000  343.70408  60.3%  99.2  736s

 55518 46908  575.24812  148   91  866.26000  343.70408  60.3%  98.5  744s

 57225 47914  344.58144   37  328  866.26000  343.77072  60.3%  97.9  751s

 58370 48173  472.80021  145  154  866.26000  343.77072  60.3%  97.8  757s

 58665 49278  498.24831  185  176  866.26000  343.77072  60.3%  98.0  764s

 59951 50832  360.40051   46  182  866.26000  343.95746  60.3%  97.6  776s

 61734 51341  611.12956   84  193  866.26000  344.05945  60.3%  97.4  781s

 62308 52078  664.57187  134  199  866.26000  344.05945  60.3%  97.4  786s

 63172 52444  361.79625   44  270  866.26000  344.05945  60.3%  97.4  791s

 63614 53343  433.68683   72  138  866.26000  344.06779  60.3%  97.4  796s

 64551 54334  407.67540   70  195  866.26000  344.20419  60.3%  97.6  802s

 65741 55032  378.62520   57  214  866.26000  344.22219  60.3%  97.2  806s

 66456 56028  521.14901  157  131  866.26000  344.22219  60.3%  97.0  812s

 67624 56825  397.18462   74  168  866.26000  344.31740  60.3%  96.5  817s

 68507 56988  632.71353  187  196  866.26000  344.31740  60.3%  96.5  821s

 68685 57823  665.17345  210  192  866.26000  344.31740  60.3%  96.7  826s

 69658 59111  378.34748   48  221  866.26000  344.36221  60.2%  96.6  832s

 71010 59526  841.22407  218  136  866.26000  344.36221  60.2%  96.0  836s

 71520 59992  395.18147   37  179  866.26000  344.36221  60.2%  96.0  841s

 72070 60507  395.47883   61  141  866.26000  344.51846  60.2%  96.4  845s

 72992 61683  485.93305   91  137  866.26000  344.52149  60.2%  96.7  854s

 74047 62009  356.90367   40  229  866.26000  344.58092  60.2%  96.6  859s

 74517 63326  355.36169   39  152  866.26000  344.62347  60.2%  96.7  870s

 76324 64732  480.62449  100  147  866.26000  344.66738  60.2%  96.8  880s

 77625 65798  586.37125  123  147  866.26000  344.67441  60.2%  96.4  886s

 78808 66568  394.19880   68  136  866.26000  344.67441  60.2%  96.0  890s

 79655 67408  400.75712   64  189  866.26000  344.67441  60.2%  96.0  895s

 81054 68530  628.02404  148  172  866.26000  344.67441  60.2%  95.8  904s

 81919 69178  360.45666   42  133  866.26000  344.74211  60.2%  95.7  908s

 82632 70128 infeasible  125       866.26000  344.82155  60.2%  95.8  914s

 83699 70291  420.61990   56  212  866.26000  344.82764  60.2%  95.4  917s

 83885 71073  461.44882   71  216  866.26000  344.83420  60.2%  95.6  921s

 84783 71927  349.69688   45  168  866.26000  344.86585  60.2%  95.5  926s

 85707 72558  561.67765  121  151  866.26000  344.86585  60.2%  95.5  931s

 86432 73011  362.82563   56  211  866.26000  344.86585  60.2%  95.5  935s

 87729 74508  386.94838   50  160  866.26000  344.86585  60.2%  95.4  944s

 88698 75104  420.99920   77  109  866.26000  344.86585  60.2%  95.3  949s

 89462 75350  350.42715   43  219  866.26000  344.87594  60.2%  95.4  959s

 89765 78783  465.02429   60  111  866.26000  344.87594  60.2%  95.9  981s

 93734 79124 infeasible  195       866.26000  345.17200  60.2%  96.0  986s

 94179 80050  360.99721   65  215  866.26000  345.17578  60.2%  96.0  992s

 95171 81155  418.05732  120  173  866.26000  345.17578  60.2%  96.0  997s

 96383 81417  357.78806   57  144  866.26000  345.19105  60.2%  95.8 1002s

 96680 82470  390.32462   85  179  866.26000  345.19105  60.2%  95.8 1007s

 97839 83352  458.12174   80  165  866.26000  345.23914  60.1%  95.6 1012s

 98834 83713  393.41114   77  129  866.26000  345.24550  60.1%  95.5 1018s

 99252 83908  460.92103  104  124  866.26000  345.24550  60.1%  95.6 1022s

 99447 84942  605.85472  147  126  866.26000  345.24550  60.1%  95.8 1028s

 100582 85843  448.44730   43  224  866.26000  345.25764  60.1%  95.7 1033s

 101675 86278  562.65637  124  108  866.26000  345.25764  60.1%  95.6 1039s

 102223 86523  359.17751   60  155  866.26000  345.27729  60.1%  95.7 1042s

 102493 87561  383.47999   85  141  866.26000  345.30372  60.1%  95.9 1048s

 103725 88011  357.29874   42  218  866.26000  345.32664  60.1%  95.7 1054s

 104325 89173  368.25082   45  259  866.26000  345.34241  60.1%  95.8 1063s

 105598 89746  385.54242   71  204  866.26000  345.36037  60.1%  95.6 1068s

 106205 90093  653.20234  173  147  866.26000  345.36037  60.1%  95.8 1074s

 106606 91147 infeasible  219       866.26000  345.36037  60.1%  95.8 1080s

 107812 92094  426.39040   90  157  866.26000  345.39827  60.1%  95.6 1086s

 108836 92781     cutoff  348       866.26000  345.42532  60.1%  95.5 1092s

 109693 93179  501.20034  126  178  866.26000  345.43194  60.1%  95.5 1096s

 110095 94326  623.86850  194  175  866.26000  345.43194  60.1%  95.5 1102s

 111336 94856  365.66825   46  194  866.26000  345.46869  60.1%  95.3 1108s

 111925 95664  392.27418   71  116  866.26000  345.46869  60.1%  95.6 1114s

 112914 96358  416.52401  103  126  866.26000  345.54620  60.1%  95.6 1119s

 113718 96913  399.29995   76  173  866.26000  345.54620  60.1%  95.7 1125s

 114601 97945  662.73935  242  145  866.26000  345.54620  60.1%  95.9 1135s

 115595 99123  404.43638   95  202  866.26000  345.54620  60.1%  95.8 1141s

 116840 99599  803.24284  271  159  866.26000  345.54620  60.1%  95.6 1147s

 117520 100543  515.49124   82  188  866.26000  345.68595  60.1%  95.7 1152s

 118503 100843  500.38858   62  168  866.26000  345.68595  60.1%  95.7 1156s

 118847 102271  744.67563  108   97  866.26000  345.68595  60.1%  95.7 1167s

 120442 102870  556.77323  119  155  866.26000  345.72878  60.1%  95.5 1171s

 121187 103442  421.29029   56  239  866.26000  345.72878  60.1%  95.4 1176s

 122004 104149  373.73429   46  227  866.26000  345.72878  60.1%  95.6 1185s

 122678 104806  720.56697   82   76  866.26000  345.73288  60.1%  95.8 1190s

 123831 106118  540.74230  104  174  866.26000  345.76969  60.1%  95.9 1200s

 124900 106808  391.09044   52  290  866.26000  345.76969  60.1%  95.8 1205s

 125660 107722  516.68300   91  193  866.26000  345.76969  60.1%  95.9 1211s

 126700 107998  778.54898  257  134  866.26000  345.83219  60.1%  95.9 1215s

 127016 108979  383.32113   52  161  866.26000  345.83219  60.1%  95.9 1221s

 128127 109759  359.13385   46  220  866.26000  345.93952  60.1%  95.9 1226s

 129010 110286  421.82096   37  304  866.26000  345.93952  60.1%  95.9 1232s

 129677 110491  536.95921   81  240  866.26000  345.93952  60.1%  96.1 1236s

 129910 111201  634.07498  100  161  866.26000  345.93952  60.1%  96.2 1241s

 130748 111844  358.29141   44  270  866.26000  346.02600  60.1%  96.3 1247s

 131442 112487  457.18879   75  171  866.26000  346.02600  60.1%  96.2 1252s

 132206 113127  399.92862   62  194  866.26000  346.02600  60.1%  96.3 1257s

 132876 114244  503.95484  139  220  866.26000  346.02600  60.1%  96.4 1263s

 134093 114474  348.13472   39  198  866.26000  346.02600  60.1%  96.2 1272s

 134368 117759  353.10222   40  194  866.26000  346.09202  60.0%  96.3 1295s

 138046 118001  412.85898   56  178  866.26000  346.15699  60.0%  96.2 1300s

 138335 118275  529.18729   90  122  866.26000  346.18821  60.0%  96.3 1305s

 138663 119031  354.34102   43  282  866.26000  346.18821  60.0%  96.5 1311s

 139510 119528  443.87517   82  244  866.26000  346.18821  60.0%  96.6 1316s

 140058 120286  580.75601  141  186  866.26000  346.18821  60.0%  96.7 1323s

 140974 121625  389.93802   63  214  866.26000  346.30910  60.0%  96.8 1330s

 142391 121945  610.29808  236  168  866.26000  346.30910  60.0%  96.6 1335s

 142745 122762  803.35697  395  129  866.26000  346.30910  60.0%  96.7 1341s

 143658 123077  493.81425   99  202  866.26000  346.32090  60.0%  96.6 1346s

 144001 124299  523.83944  143  177  866.26000  346.32090  60.0%  96.7 1352s

 145353 125157  399.92268   78  160  866.26000  346.33345  60.0%  96.5 1359s

 146375 126008  462.11611   71  207  866.26000  346.33345  60.0%  96.5 1365s

 147376 127015  659.15346  108  156  866.26000  346.43102  60.0%  96.5 1371s

 148449 127877  352.98946   39  216  866.26000  346.43102  60.0%  96.4 1377s

 149407 129177  857.26044  142   93  866.26000  346.43330  60.0%  96.3 1388s

 150871 129302  386.77210   66  191  866.26000  346.49253  60.0%  96.2 1392s

 151013 130230  417.54160   73  186  866.26000  346.49253  60.0%  96.2 1397s

 151987 130848  624.41676  160  174  866.26000  346.49253  60.0%  96.1 1402s

 152713 131719  348.28523   35  209  866.26000  346.49253  60.0%  96.0 1407s

 153682 131910  481.75592   80  158  866.26000  346.49253  60.0%  96.0 1411s

 153894 132722  515.54009  101  126  866.26000  346.49253  60.0%  96.0 1417s

 154766 133128  416.10622   71  197  866.26000  346.49253  60.0%  96.0 1421s

 155202 133515  419.53164   72  209  866.26000  346.49253  60.0%  96.0 1426s

 155631 133834  450.34787   80  204  866.26000  346.49253  60.0%  95.9 1430s

 155950 134598  790.00518  150   98  866.26000  346.49253  60.0%  95.9 1436s

 156831 135059  452.87722   87  208  866.26000  346.49253  60.0%  95.8 1441s

 157303 136075  761.16855  168  115  866.26000  346.49253  60.0%  95.9 1448s

 158483 136453  518.33699   94  138  866.26000  346.60144  60.0%  95.7 1453s

 158940 137190  388.10655   44  155  866.26000  346.60288  60.0%  95.7 1459s

 159785 138080  390.85318   57  247  866.26000  346.61524  60.0%  95.7 1465s

 160813 138669  409.84387   46  198  866.26000  346.64784  60.0%  95.7 1471s

 161483 139464  390.23777   53  152  866.26000  346.64784  60.0%  95.7 1477s

 162368 139899  465.77972  141  182  866.26000  346.64784  60.0%  95.7 1482s

 162869 141003  748.76285  267  161  866.26000  346.64784  60.0%  95.7 1488s

 164022 141777  518.20340  118  142  866.26000  346.64784  60.0%  95.6 1498s

 164902 142972  424.93776   59  220  866.26000  346.64784  60.0%  95.6 1505s

 166290 143215 infeasible  170       866.26000  346.72816  60.0%  95.6 1510s

 166584 143708  370.23473   50  216  866.26000  346.72816  60.0%  95.6 1516s

 167178 144694  459.10442  131  203  866.26000  346.72816  60.0%  95.8 1522s

 168257 145214  762.28370  296  173  866.26000  346.79261  60.0%  95.7 1528s

 168840 145713  372.89712   54  210  866.26000  346.79261  60.0%  95.8 1534s

 169389 146163  410.55198   78  194  866.26000  346.79261  60.0%  95.8 1540s

 169900 146625  531.99512  155  202  866.26000  346.79261  60.0%  95.8 1547s

 170476 146802  352.90937   37  207  866.26000  346.79261  60.0%  95.8 1553s

 170695 146810  412.74256   52  289  866.26000  346.79261  60.0%  95.9 1562s

 170703 146818  412.75309   53  250  866.26000  346.79261  60.0%  95.9 1568s

 170711 146825  421.10344   54  251  866.26000  346.79261  60.0%  95.9 1575s

 170720 146833  428.37853   55  275  866.26000  346.79261  60.0%  95.9 1582s

 170728 146885  434.45770   56  259  866.26000  346.79261  60.0%  95.9 1589s

H170764 146747                     856.3900000  346.79261  59.5%  95.9 1589s

 170780 147187  436.59323   57  292  856.39000  346.79261  59.5%  95.9 1595s

 171250 148439  549.96206   94  121  856.39000  346.80247  59.5%  96.0 1604s

 172680 149239  585.81674   96  137  856.39000  346.88535  59.5%  95.9 1612s

 173603 149590  416.34656   47  187  856.39000  346.88535  59.5%  95.9 1618s

 173973 150679  459.60174   80  175  856.39000  346.88721  59.5%  95.9 1626s

 175246 151725  383.81085   62  141  856.39000  346.91470  59.5%  95.9 1633s

 176378 152289  466.08388   74  189  856.39000  346.91470  59.5%  95.8 1639s

 176969 153690  679.62138  162  177  856.39000  346.91470  59.5%  95.9 1647s

 178489 154826  420.75198   97  195  856.39000  346.95320  59.5%  95.6 1658s

 179776 155790  351.63398   42  229  856.39000  346.95320  59.5%  95.6 1664s

 180818 156012  379.44393   82  184  856.39000  346.95320  59.5%  95.5 1668s

 181082 156542  391.17832  102  207  856.39000  346.95320  59.5%  95.5 1674s

 181691 157292  447.63708  150  164  856.39000  346.95320  59.5%  95.5 1680s

 182555 157812  613.84648  266  185  856.39000  347.03463  59.5%  95.4 1685s

 183445 158725  509.80520   70  131  856.39000  347.09889  59.5%  95.5 1696s

 184232 159293  374.21515   43  229  856.39000  347.09889  59.5%  95.6 1701s

 184863 159956  480.86889   72  142  856.39000  347.09889  59.5%  95.8 1708s

 185776 160207  376.40680   43  281  856.39000  347.12100  59.5%  95.8 1713s

 186065 161033  386.18808   59  242  856.39000  347.12100  59.5%  95.9 1720s

 186993 162200  630.32240  166   81  856.39000  347.12100  59.5%  95.9 1727s

 188258 162540  392.92468   44  191  856.39000  347.12100  59.5%  95.8 1732s

 188650 162880  394.33200   45  196  856.39000  347.12100  59.5%  95.8 1738s

 189045 163634  396.47321   46  131  856.39000  347.12100  59.5%  95.8 1745s

 189966 164153  571.61948  118  189  856.39000  347.18471  59.5%  95.8 1751s

 190542 164796  371.90562   56  225  856.39000  347.18471  59.5%  95.9 1757s

 191321 165228  685.13940  107   93  856.39000  347.22370  59.5%  95.8 1764s

 191870 165608  489.26817   63  215  856.39000  347.22370  59.5%  96.0 1769s

 192285 166251  560.36804  129  131  856.39000  347.22370  59.5%  96.1 1776s

 193096 167081  532.95447   87  170  856.39000  347.22370  59.5%  96.2 1786s

 194078 167389  393.87039   46  238  856.39000  347.26998  59.4%  96.3 1792s

 194455 168664  456.49014   82  123  856.39000  347.26998  59.4%  96.4 1801s

 195948 169742  480.62249  141  196  856.39000  347.30167  59.4%  96.3 1807s

 197049 170167  823.60317  332  140  856.39000  347.30167  59.4%  96.2 1813s

 197549 171250  453.11522   64  218  856.39000  347.30167  59.4%  96.2 1820s

 198728 171963  368.91830   60  235  856.39000  347.30167  59.4%  96.1 1826s

 199596 172604  362.20591   42  303  856.39000  347.30167  59.4%  96.1 1832s

 200329 173015  398.89701   84  193  856.39000  347.30167  59.4%  96.1 1837s

 200750 173710  446.62894  146  116  856.39000  347.30167  59.4%  96.2 1844s

 201585 174584  790.85561  266   45  856.39000  347.37737  59.4%  96.1 1850s

 202544 175287  362.42967   34  239  856.39000  347.37737  59.4%  96.1 1856s

 203326 175574  430.00144   53  137  856.39000  347.37737  59.4%  96.1 1861s

 203637 175743  566.09031   67  114  856.39000  347.37737  59.4%  96.2 1866s

 203836 176120  598.73058   65   97  856.39000  347.37737  59.4%  96.2 1872s

 204236 176409  547.09189   67  106  856.39000  347.37737  59.4%  96.3 1877s

 204585 177051  566.09767   68  113  856.39000  347.40294  59.4%  96.3 1883s

 205350 177308  360.74316   39  260  856.39000  347.40294  59.4%  96.3 1889s

 205631 178285  381.02897   64  174  856.39000  347.40294  59.4%  96.3 1896s

 206724 179527  386.31460   46  167  856.39000  347.44742  59.4%  96.3 1904s

 207678 179527  496.42870   57  191  856.39000  347.44807  59.4%  96.3 1905s

 208064 180575  542.72329  151  198  856.39000  347.44807  59.4%  96.2 1915s

 209639 181737  543.08514   90  137  856.39000  347.44807  59.4%  96.2 1926s

 210568 182820  387.56889   72  181  856.39000  347.50546  59.4%  96.3 1933s

 211769 183121 infeasible  206       856.39000  347.50546  59.4%  96.2 1938s

 212171 183965  471.65899   71  139  856.39000  347.55215  59.4%  96.2 1945s

 213183 184499  418.61393   49  179  856.39000  347.55215  59.4%  96.2 1950s

 213884 184727  380.79080   52  200  856.39000  347.55215  59.4%  96.3 1955s

 214154 185898  426.43313   93  173  856.39000  347.57477  59.4%  96.4 1963s

 215423 186758 infeasible  283       856.39000  347.57477  59.4%  96.3 1969s

 216362 187599  465.48176   74  167  856.39000  347.57477  59.4%  96.3 1976s

 217267 187867  385.04755   56  206  856.39000  347.57477  59.4%  96.2 1982s

 217552 188926  406.60073   82  183  856.39000  347.57477  59.4%  96.3 1989s

 218682 189651  711.56062  232  121  856.39000  347.57477  59.4%  96.2 1996s

 219567 190427  367.29518   46  162  856.39000  347.57477  59.4%  96.2 2001s

 220439 191244  515.44411  144  123  856.39000  347.57477  59.4%  96.2 2008s

 221314 191744  757.84519  280  158  856.39000  347.57477  59.4%  96.2 2013s

 221860 192366  434.99373   56  186  856.39000  347.57477  59.4%  96.1 2018s

 222652 193497  411.56248   51  133  856.39000  347.67896  59.4%  96.2 2029s

 224020 194035  491.01568   99  125  856.39000  347.70662  59.4%  96.2 2034s

 224723 194181  363.39000   40  175  856.39000  347.70662  59.4%  96.2 2038s

 224881 194978  377.96092   57  203  856.39000  347.71570  59.4%  96.3 2044s

 225741 195774  363.98172   43  216  856.39000  347.71570  59.4%  96.2 2050s

 226623 196509  714.72815  114  148  856.39000  347.71570  59.4%  96.2 2056s

 227521 197255  685.60158  116   69  856.39000  347.76372  59.4%  96.2 2062s

 228392 197407  808.78368  132  129  856.39000  347.78142  59.4%  96.2 2066s

 228603 197903  356.37338   51  216  856.39000  347.79409  59.4%  96.3 2072s

 229262 198294  434.61026   99  128  856.39000  347.79409  59.4%  96.3 2079s

 229688 199001  360.99863   50  286  856.39000  347.79409  59.4%  96.3 2085s

 230423 199508  410.99821   80  434  856.39000  347.79409  59.4%  96.4 2090s

 230946 200531  427.76708  117  229  856.39000  347.79409  59.4%  96.3 2097s

 232073 201085  627.82728  276  198  856.39000  347.79409  59.4%  96.2 2103s

 232705 201996  807.61109  486  144  856.39000  347.79409  59.4%  96.2 2110s

 233712 202799  597.31163  131  122  856.39000  347.81617  59.4%  96.2 2117s

 234671 203144  375.46765   48  151  856.39000  347.88282  59.4%  96.2 2122s

 235090 203272  361.79820   42  237  856.39000  347.88282  59.4%  96.1 2127s

 235218 203736  388.61697   64  194  856.39000  347.88414  59.4%  96.1 2134s

 235772 204266  357.11589   42  479  856.39000  347.88414  59.4%  96.2 2139s

 235947 204266 infeasible   91       856.39000  347.90322  59.4%  96.2 2140s

 236340 204498  505.07113  125  108  856.39000  347.90322  59.4%  96.2 2145s

 236668 205006  382.30998   41  196  856.39000  347.90322  59.4%  96.3 2152s

 237281 205399  361.30241   36  249  856.39000  347.90322  59.4%  96.3 2162s

 237788 206687  414.45508   61  140  856.39000  347.90322  59.4%  96.4 2175s

 239327 207062  361.54149   52  178  856.39000  347.94827  59.4%  96.5 2181s

 239780 208111  587.82285  107   94  856.39000  347.94827  59.4%  96.5 2190s

 241021 208761  400.13437   47  285  856.39000  348.00761  59.4%  96.6 2197s

 241750 209472  535.68076   92  216  856.39000  348.00761  59.4%  96.7 2204s

 242531 210378  632.54164  129  155  856.39000  348.00761  59.4%  96.7 2212s

 243474 211655  427.75475   71  180  856.39000  348.00761  59.4%  96.7 2221s

 244906 212036  357.06338   40  228  856.39000  348.03869  59.4%  96.6 2226s

 245341 213009  406.20432   88  207  856.39000  348.03869  59.4%  96.6 2234s

 246367 213945  728.29315  265  169  856.39000  348.03869  59.4%  96.6 2241s

 247438 214739  419.41079   58  230  856.39000  348.03869  59.4%  96.6 2249s

 248350 215094  385.97008   46  231  856.39000  348.03869  59.4%  96.7 2255s

 248761 215826  459.15098   84  205  856.39000  348.03869  59.4%  96.7 2262s

 249647 216347  381.83480   51  167  856.39000  348.15083  59.3%  96.8 2269s

 250239 217150  520.78056   84  134  856.39000  348.15083  59.3%  96.8 2277s

 251233 217561  424.82580  100  185  856.39000  348.18850  59.3%  96.8 2284s

 251755 217835  730.00554  192  145  856.39000  348.18984  59.3%  96.9 2293s

 252158 219529  382.66102   58  165  856.39000  348.19140  59.3%  96.9 2310s

 254120 219666  378.61578   52  286  856.39000  348.23508  59.3%  97.0 2317s

 254264 220383  436.39337   72  235  856.39000  348.23508  59.3%  97.1 2325s

 255032 220930  563.79340  167  209  856.39000  348.23508  59.3%  97.1 2332s

 255651 222429  732.12639  313  182  856.39000  348.24564  59.3%  97.2 2343s

 257250 223423  392.62233   50  179  856.39000  348.24596  59.3%  97.1 2351s

 258363 224365  417.95095   62  199  856.39000  348.26619  59.3%  97.0 2359s

 258886 224365  524.75539   90  120  856.39000  348.26619  59.3%  97.0 2360s

 259443 224763  414.56875   65  235  856.39000  348.26619  59.3%  97.0 2366s

 259875 225724  472.20630   96  170  856.39000  348.26619  59.3%  97.0 2373s

 260980 226428  532.18937   97  179  856.39000  348.32712  59.3%  97.0 2380s

 261815 226757  392.88433   55  224  856.39000  348.32999  59.3%  97.1 2386s

 262148 227776  432.81434   90  228  856.39000  348.32999  59.3%  97.1 2394s

 263246 228625  554.37782  196  205  856.39000  348.32999  59.3%  97.1 2402s

 264239 229324  468.80026   41  140  856.39000  348.32999  59.3%  97.1 2410s

 265109 229771  411.54093  101  189  856.39000  348.36870  59.3%  97.1 2416s

 265590 230756  477.46645  143  206  856.39000  348.36870  59.3%  97.1 2424s

 266465 230756  532.68535  129  164  856.39000  348.36870  59.3%  97.1 2425s

 266615 231255  588.25772  263  180  856.39000  348.36870  59.3%  97.1 2435s

 267129 232599  589.94913  264  191  856.39000  348.36870  59.3%  97.0 2448s

H268253 232577                     855.6200000  348.37757  59.3%  97.0 2448s

 268708 232872  391.38672   52  198  855.62000  348.37757  59.3%  97.0 2454s

 269031 234383  446.59339   79  155  855.62000  348.37757  59.3%  97.1 2465s

 270608 234894  671.25694  268  232  855.62000  348.37757  59.3%  96.9 2473s

 271180 235676  369.09953   61  239  855.62000  348.37757  59.3%  96.9 2481s

 272020 236757  451.91983  153  121  855.62000  348.37757  59.3%  96.9 2488s

 273216 237143  442.48605   66  128  855.62000  348.41636  59.3%  96.8 2494s

 273662 237863  520.12859  100  190  855.62000  348.42911  59.3%  96.9 2501s

 274488 238619  361.04602   43  175  855.62000  348.46268  59.3%  96.9 2508s

 275282 239743  492.98774  121  192  855.62000  348.46268  59.3%  97.0 2516s

 276562 239950  396.24138   50  189  855.62000  348.46268  59.3%  96.9 2521s

 276778 240909  444.41266   80  130  855.62000  348.46268  59.3%  97.0 2529s

 277856 241647  362.29756   44  257  855.62000  348.49215  59.3%  96.9 2536s

 278723 242606  395.65799   55  192  855.62000  348.49215  59.3%  97.0 2543s

 279728 242898  448.18908   67  140  855.62000  348.49215  59.3%  97.0 2550s

 280059 243212  450.32566   68  134  855.62000  348.49215  59.3%  97.0 2555s

 280415 243955  450.61242   69  136  855.62000  348.49215  59.3%  97.0 2563s

 281234 244749  463.69970   70  169  855.62000  348.49215  59.3%  97.0 2573s

 282111 245358  463.72582   71  167  855.62000  348.49215  59.3%  97.0 2579s

 282484 245358  513.35294  156  145  855.62000  348.49215  59.3%  97.0 2580s

 282734 246327  640.68449  127  123  855.62000  348.49215  59.3%  97.0 2589s

 283898 247179  601.06796  110  135  855.62000  348.57384  59.3%  97.0 2596s

 284909 247408  712.46671  139  107  855.62000  348.59650  59.3%  97.0 2602s

 285155 248462  362.01348   55  226  855.62000  348.59807  59.3%  97.1 2611s

 286423 249335  358.18255   39  234  855.62000  348.59807  59.3%  97.1 2618s

 287406 249981  472.35756  162  156  855.62000  348.59807  59.3%  97.1 2625s

 288234 250333  474.80498   74  148  855.62000  348.60189  59.3%  97.1 2631s

 288647 251248  596.46078  105  121  855.62000  348.60189  59.3%  97.1 2638s

 289733 251820  651.17478  149  111  855.62000  348.60189  59.3%  97.1 2645s

 290434 252583  373.05815   54  238  855.62000  348.68500  59.2%  97.2 2652s

 291231 252870  407.83550   89  232  855.62000  348.68500  59.2%  97.2 2657s

 291534 254013  422.72006  109  284  855.62000  348.68500  59.2%  97.2 2665s

 292716 254901  566.70002  206  271  855.62000  348.68500  59.2%  97.2 2672s

 293775 254909  359.18204   42  171  855.62000  348.70616  59.2%  97.1 2679s

 293783 254917  361.82382   43  202  855.62000  348.70616  59.2%  97.1 2684s

 293791 254925  363.59292   44  155  855.62000  348.70616  59.2%  97.1 2690s

 293799 254952  368.48710   45  157  855.62000  348.70616  59.2%  97.1 2697s

 293826 255034  404.09402   53  142  855.62000  348.70616  59.2%  97.2 2703s

 293908 255336  407.34963   54  128  855.62000  348.70616  59.2%  97.2 2708s

 294210 256337  446.95802   72  178  855.62000  348.70616  59.2%  97.2 2715s

 295272 257502  526.87324  129  180  855.62000  348.70616  59.2%  97.1 2724s

 296529 257997 infeasible  325       855.62000  348.70639  59.2%  97.1 2735s

 297061 258434  566.97590   82  137  855.62000  348.71737  59.2%  97.1 2746s

 297582 260279  378.60797   63  208  855.62000  348.72497  59.2%  97.1 2763s

 299575 261528  390.82305   67  220  855.62000  348.74911  59.2%  97.1 2773s

 300942 261834  459.66064  109  230  855.62000  348.75204  59.2%  97.1 2779s

 301321 263126  496.51254  145  207  855.62000  348.76896  59.2%  97.1 2789s

 302777 263783  838.90081  341  167  855.62000  348.76896  59.2%  97.1 2796s

 303569 264209  521.68463   79  192  855.62000  348.78346  59.2%  97.1 2802s

 304096 265289  401.10781   44  126  855.62000  348.81042  59.2%  97.2 2811s

 305327 265369  368.39403   50  177  855.62000  348.81042  59.2%  97.1 2819s

 305421 265558  368.97251   51  223  855.62000  348.81042  59.2%  97.1 2824s

 305644 266103  369.12890   52  203  855.62000  348.81042  59.2%  97.1 2831s

 306273 266677  370.50414   53  216  855.62000  348.81042  59.2%  97.2 2839s

 306905 267115  392.63525   54  215  855.62000  348.84037  59.2%  97.2 2845s

 307413 267813  492.74563   86  191  855.62000  348.84037  59.2%  97.2 2854s

 308214 268983  470.83833   97  194  855.62000  348.87915  59.2%  97.3 2863s

 309496 269803  376.17184   47  244  855.62000  348.88183  59.2%  97.2 2871s

 310457 270139  355.51704   44  268  855.62000  348.88183  59.2%  97.3 2877s

 310814 271108  425.00319   69  135  855.62000  348.88183  59.2%  97.3 2886s

 311916 271726  661.01998  105  126  855.62000  348.88183  59.2%  97.3 2896s

 312656 272910  364.28006   52  314  855.62000  348.88183  59.2%  97.3 2906s

 313881 273589  608.75021  265  180  855.62000  348.88183  59.2%  97.3 2913s

 314672 274457  461.43637   69  176  855.62000  348.88183  59.2%  97.3 2921s

 315671 274669  361.30656   43  318  855.62000  348.88183  59.2%  97.3 2927s

 315902 275726  370.37650   56  246  855.62000  348.88183  59.2%  97.4 2936s

 317023 276884  447.23039  134  106  855.62000  348.88183  59.2%  97.4 2945s

 318335 277233  353.76126   41  233  855.62000  348.97520  59.2%  97.3 2951s

 318703 278158  579.35377   73  271  855.62000  348.97520  59.2%  97.3 2959s

 319702 279163  660.96057  176  209  855.62000  349.01333  59.2%  97.3 2966s

 320784 279389  449.80705   62  170  855.62000  349.01333  59.2%  97.2 2971s

 321038 279897  666.94901  132  123  855.62000  349.01333  59.2%  97.3 2978s

 321589 280478  420.59883   49  178  855.62000  349.01333  59.2%  97.3 2985s

 322225 281400  660.38634   78   86  855.62000  349.03511  59.2%  97.4 2993s

 323338 281749  358.27024   47  228  855.62000  349.04156  59.2%  97.3 2999s

 323767 282161  381.39313   72  252  855.62000  349.06055  59.2%  97.4 3006s

 324219 282710  440.86289  106  235  855.62000  349.06055  59.2%  97.4 3014s

 324911 282967  354.32030   43  179  855.62000  349.09717  59.2%  97.5 3020s

 325206 283798  379.78375   69  121  855.62000  349.09717  59.2%  97.5 3028s

 326142 284327  734.69858  187   91  855.62000  349.10388  59.2%  97.6 3037s

 326786 285322  436.69037   96  220  855.62000  349.10388  59.2%  97.6 3048s

 327857 285381  724.55907  256  178  855.62000  349.13049  59.2%  97.6 3056s

 327920 285492  740.30411  268  144  855.62000  349.13049  59.2%  97.6 3062s

 328085 285629  421.09670   57  153  855.62000  349.13049  59.2%  97.6 3069s

 328230 286108  502.15916  116  195  855.62000  349.13466  59.2%  97.6 3079s

 328766 287455  667.32891  251  155  855.62000  349.13466  59.2%  97.6 3092s

 330321 287921  690.78456  201   91  855.62000  349.17482  59.2%  97.6 3101s

 330834 288917  393.85871   86  171  855.62000  349.17482  59.2%  97.6 3112s

 331897 290117  374.34332   44  312  855.62000  349.17939  59.2%  97.7 3124s

 333280 290816  354.52137   44  271  855.62000  349.19067  59.2%  97.6 3132s

 334005 291657  409.68295   67  341  855.62000  349.19067  59.2%  97.7 3141s

 334985 291975  471.81246  121  214  855.62000  349.19067  59.2%  97.7 3148s

 335345 292764  502.71248  137  198  855.62000  349.20802  59.2%  97.7 3157s

 336195 293607  576.32812  192  192  855.62000  349.20802  59.2%  97.8 3167s

 337167 294302  394.07898   60  140  855.62000  349.20802  59.2%  97.8 3176s

 338003 294691  375.04842   59  185  855.62000  349.21431  59.2%  97.9 3183s

 338459 295539  707.06299  117  163  855.62000  349.21431  59.2%  97.9 3192s

 339392 296545  484.31868  103  151  855.62000  349.21431  59.2%  98.0 3203s

 340542 297455  610.07048   69  118  855.62000  349.21431  59.2%  98.0 3212s

 341648 297851  507.19485  165  145  855.62000  349.21431  59.2%  98.0 3222s

 342064 300042  690.57907  219  142  855.62000  349.21431  59.2%  98.0 3242s

 344497 300671  472.96934   80  179  855.62000  349.26890  59.2%  98.0 3249s

 345240 301283  763.35873  182  177  855.62000  349.26890  59.2%  98.0 3256s

 345998 301937  471.74153   66  172  855.62000  349.26890  59.2%  98.0 3263s

 346790 302249 infeasible  116       855.62000  349.34548  59.2%  98.1 3270s

 347167 302959  410.75134   69  163  855.62000  349.34548  59.2%  98.2 3278s

 347983 303249  569.34040  199  117  855.62000  349.34727  59.2%  98.2 3283s

 348273 304185  668.14236  268  144  855.62000  349.34727  59.2%  98.2 3292s

 349331 304905  550.69648   98  155  855.62000  349.36696  59.2%  98.2 3300s

 350141 305529  824.56654  129  110  855.62000  349.39457  59.2%  98.3 3307s

 350901 306633  394.20710   55  260  855.62000  349.41074  59.2%  98.3 3316s

 352095 306992  420.62997   97  284  855.62000  349.41074  59.2%  98.3 3322s

 352523 307563  453.86155  121  244  855.62000  349.41074  59.2%  98.3 3330s

 353217 308378  539.91251  196  231  855.62000  349.41074  59.2%  98.4 3338s

 354196 309237  713.55019  356  243  855.62000  349.44329  59.2%  98.4 3346s

 355138 309722  607.29732  102  120  855.62000  349.44329  59.2%  98.4 3353s

 355654 310461  791.13333  237  103  855.62000  349.44553  59.2%  98.4 3361s

 356516 311351  472.15259   65  180  855.62000  349.50735  59.2%  98.4 3373s

 357591 311520  393.03524   45  287  855.62000  349.52793  59.1%  98.5 3378s

 357764 312566  506.21269   59  202  855.62000  349.52894  59.1%  98.5 3388s

 358836 313501  838.94506  287  122  855.62000  349.52894  59.1%  98.5 3397s

 359890 313853  490.54104  117  149  855.62000  349.52894  59.1%  98.5 3406s

 360242 314168  623.28068  212  150  855.62000  349.52894  59.1%  98.5 3413s

 360618 314811  425.30383   77  125  855.62000  349.52894  59.1%  98.5 3421s

 361298 315111  401.51311   51  176  855.62000  349.52894  59.1%  98.4 3428s

 361663 315715  567.09429  121  112  855.62000  349.52894  59.1%  98.5 3437s

 362382 316058  438.45845   92  197  855.62000  349.55617  59.1%  98.5 3444s

 362748 317285  478.86334  128  208  855.62000  349.55617  59.1%  98.5 3455s

 364070 318402  789.47273  403  181  855.62000  349.57281  59.1%  98.5 3464s

 365258 319432  463.21576   67  210  855.62000  349.57281  59.1%  98.5 3473s

 366402 320718  402.97015   76  190  855.62000  349.63586  59.1%  98.5 3485s

 367749 321155  360.50951   50  263  855.62000  349.63586  59.1%  98.4 3491s

 368223 321998  379.59598   61  157  855.62000  349.63586  59.1%  98.5 3499s

 369210 322814  440.31521   95  117  855.62000  349.63586  59.1%  98.5 3508s

 370146 323665  362.04463   63  247  855.62000  349.63586  59.1%  98.5 3515s

 371036 324824  393.73502  116  231  855.62000  349.63586  59.1%  98.5 3528s

 372314 325502  597.97825  290  158  855.62000  349.66391  59.1%  98.4 3534s

 373071 325808  378.47718   44  208  855.62000  349.66391  59.1%  98.4 3540s

 373417 326599  433.43864   56  186  855.62000  349.66391  59.1%  98.4 3547s

 374241 327491  599.19576  154  196  855.62000  349.66391  59.1%  98.4 3554s

 375178 328375  787.70016  285  218  855.62000  349.66391  59.1%  98.4 3563s

 376137 328842  395.89842   75  197  855.62000  349.66391  59.1%  98.4 3568s

 376670 329579  484.81319   93  148  855.62000  349.66391  59.1%  98.4 3576s

 377527 329993  375.72508   47  275  855.62000  349.66391  59.1%  98.4 3582s

 378007 330139  376.47902   53  281  855.62000  349.66391  59.1%  98.4 3587s

 378153 330712  388.87340   54  304  855.62000  349.66391  59.1%  98.5 3595s

 378878 331205  486.59829   64  201  855.62000  349.76191  59.1%  98.6 3603s

 379584 331652  624.39029   70  199  855.62000  349.76714  59.1%  98.6 3609s

 379751 331652  541.59201   82  137  855.62000  349.76714  59.1%  98.6 3610s

 380031 332517  748.22433   78  115  855.62000  349.76714  59.1%  98.7 3618s

 381028 333284  513.12393   67  143  855.62000  349.78523  59.1%  98.6 3626s

 381896 333904  386.55186   55  165  855.62000  349.79164  59.1%  98.7 3633s

 382639 334616  420.92600   46  200  855.62000  349.79164  59.1%  98.7 3642s

 383474 334985  431.26010   60  127  855.62000  349.79164  59.1%  98.7 3648s

 383876 335325  462.52741   98  170  855.62000  349.79164  59.1%  98.8 3657s

 384234 335959  604.25611  191  224  855.62000  349.79164  59.1%  98.8 3666s

 384913 336669  415.33051   56  186  855.62000  349.79164  59.1%  98.8 3674s

 385701 336677  416.82105   61  167  855.62000  349.79164  59.1%  98.8 3689s

 385709 343673  416.82105   62  164  855.62000  349.79164  59.1%  98.8 3857s

H388709 343253                     848.7200000  349.79164  58.8%  99.0 3858s

H393709 344031                     846.1700000  349.90388  58.6%  99.3 3882s

H394588 342908                     840.0200000  349.93346  58.3%  99.2 3882s

 394936 344059  456.32817  126  142  840.02000  349.93346  58.3%  99.2 3903s

H394962 339627                     824.4400000  349.93346  57.6%  99.2 3903s

 396221 340121  358.02613   45  200  824.44000  349.93798  57.6%  99.1 3922s

H396222 339679                     822.9900000  349.93798  57.5%  99.1 3922s

H396575 339656                     822.9200000  349.93798  57.5%  99.2 3922s

 396817 341001  358.55771   46  198  822.92000  349.93798  57.5%  99.2 3937s

 398368 341042  407.71062   96  254  822.92000  350.00375  57.5%  99.3 3955s

H398369 339457                     818.3600000  350.00375  57.2%  99.3 3955s

 398409 339975  407.71161   97  252  818.36000  350.00375  57.2%  99.3 3966s

 398989 341577  425.14549  140  248  818.36000  350.00375  57.2%  99.3 3984s

 400867 341585  452.95768   92  161  818.36000  350.00761  57.2%  99.3 3999s

 400875 348672  454.54822   93  156  818.36000  350.02685  57.2%  99.3 4085s

H406875 348116                     816.8300000  350.02873  57.1%  99.3 4087s

 408875 348154 infeasible   85       816.83000  350.09438  57.1%  99.3 4099s

 408944 348384  384.26428   47  219  816.83000  350.09438  57.1%  99.3 4107s

 409241 348575  429.65137   55  128  816.83000  350.09438  57.1%  99.4 4113s

 409470 348934  587.16680   65   75  816.83000  350.09821  57.1%  99.4 4120s

 409891 349398  379.77287   55  164  816.83000  350.09821  57.1%  99.4 4128s

 410434 349933  495.13437   93  182  816.83000  350.09821  57.1%  99.5 4137s

 411034 350868 infeasible   47       816.83000  350.11364  57.1%   100 4147s

 412092 351652  375.57358   35  329  816.83000  350.13170  57.1%   100 4157s

 413014 351960  415.02319   70  186  816.83000  350.13170  57.1%   100 4164s

 413322 352841  443.80245  104   93  816.83000  350.13170  57.1%   100 4175s

 414323 353947  417.63487   50  202  816.83000  350.14912  57.1%   100 4185s

 415519 354302 infeasible  290       816.83000  350.14912  57.1%   100 4199s

 415910 355743 infeasible  288       816.83000  350.15229  57.1%   100 4218s

 417572 356136  409.44832   63  228  816.83000  350.17793  57.1%   100 4227s

 417981 357605  657.85918  103  185  816.83000  350.17793  57.1%   100 4243s

 419562 358380  413.63328   98  186  816.83000  350.17793  57.1%   100 4252s

 420431 359327  686.10233  182  117  816.83000  350.17793  57.1%   100 4262s

 421578 360000  580.23686   89  140  816.83000  350.24158  57.1%   100 4273s

 422412 360238 infeasible   84       816.83000  350.25427  57.1%   100 4279s

 422662 361026  497.74144   69  172  816.83000  350.25427  57.1%   100 4289s

 423550 361900  648.01047  241  204  816.83000  350.25427  57.1%   100 4300s

 424540 363018  419.46688   62  185  816.83000  350.27759  57.1%   100 4312s

 425830 363934  413.41987   52  159  816.83000  350.27759  57.1%   100 4320s

 426871 364181  370.01432   49  247  816.83000  350.27759  57.1%   100 4331s

 427202 364988  372.17110   50  233  816.83000  350.27759  57.1%   100 4342s

 428112 365350  375.10440   37  317  816.83000  350.32301  57.1%   100 4350s

 428517 366082  426.73137   84  220  816.83000  350.32301  57.1%   100 4359s

 429393 366328  390.49188   56  177  816.83000  350.32301  57.1%   100 4367s

 429705 367192  410.31605   86  198  816.83000  350.33167  57.1%   100 4378s

 430701 368053  382.77550   55  153  816.83000  350.38646  57.1%   100 4391s

 431689 368647  438.26557   52  219  816.83000  350.38646  57.1%   100 4401s

 432442 369033  391.87518   52  164  816.83000  350.41149  57.1%   100 4408s

 432839 370236  430.52399  103  171  816.83000  350.41149  57.1%   100 4421s

 434124 370613  365.88049   50  165  816.83000  350.41149  57.1%   100 4432s

 434642 371143  416.61044   58  147  816.83000  350.42041  57.1%   100 4442s

 435374 371744  633.09809  110  127  816.83000  350.43383  57.1%   100 4451s

 436113 372186  563.14876   88  210  816.83000  350.45106  57.1%   100 4459s

 436555 373317  615.58334  144  144  816.83000  350.45106  57.1%   100 4472s

 437805 374007  395.63165   57  225  816.83000  350.45737  57.1%   100 4481s

 438610 374638  382.60173   51  179  816.83000  350.45737  57.1%   100 4493s

 439261 375644  387.51418   52  184  816.83000  350.45737  57.1%   100 4505s

 440362 376215  481.77427   90  196  816.83000  350.45737  57.1%   100 4513s

 440975 377243  555.07850  179  156  816.83000  350.45737  57.1%   100 4525s

 442135 378435  379.06398   46  145  816.83000  350.45737  57.1%   100 4536s

 443500 378873  785.01136  187  157  816.83000  350.45737  57.1%   100 4544s

 444045 379791  412.16464   64  150  816.83000  350.45737  57.1%   100 4554s

 445086 380553  369.31264   45  246  816.83000  350.49489  57.1%   100 4563s

 445987 381113  366.96986   46  260  816.83000  350.53472  57.1%   100 4575s

 446617 381451  652.09739  108  140  816.83000  350.53472  57.1%   100 4590s

 447031 383222  372.59549   40  316  816.83000  350.53711  57.1%   100 4611s

 449045 384052  409.48731   55  200  816.83000  350.55284  57.1%   100 4622s

 449911 384754  574.21548  148  122  816.83000  350.55284  57.1%   100 4632s

 450716 385726  369.29665   45  260  816.83000  350.55284  57.1%   100 4643s

 451754 386533  571.65124  141  174  816.83000  350.55284  57.1%   100 4657s

 452649 387170  404.97066   63  150  816.83000  350.55284  57.1%   100 4667s

 453427 387755  392.76901   46  226  816.83000  350.55284  57.1%   100 4675s

 454027 388717  594.16936  133  155  816.83000  350.55284  57.1%   100 4689s

 454307 388717  459.39801   96  165  816.83000  350.57859  57.1%   100 4690s

 455107 389463  409.50045   67  252  816.83000  350.57859  57.1%   100 4701s

 455865 390324  661.24876  177  170  816.83000  350.57859  57.1%   100 4715s

 456853 391405  363.11425   42  354  816.83000  350.58499  57.1%   100 4728s

 458126 391641  429.85709  109  160  816.83000  350.58499  57.1%   100 4737s

 458451 392518  570.91573  148  105  816.83000  350.60813  57.1%   100 4747s

 459388 393081  575.48088   81  154  816.83000  350.61080  57.1%   100 4756s

 460045 393994  358.82998   42  207  816.83000  350.61080  57.1%   100 4768s

 461017 394715  547.42782  184  171  816.83000  350.61080  57.1%   100 4785s

 461790 395358  392.70949   48  146  816.83000  350.61080  57.1%   100 4797s

 462543 396377  459.28860   53  157  816.83000  350.64040  57.1%   100 4811s

 463768 396999  387.07065   44  170  816.83000  350.66001  57.1%   100 4822s

 464624 397933  621.34998   71  136  816.83000  350.67327  57.1%   100 4833s

 465780 398187  438.54222   81  185  816.83000  350.67327  57.1%   100 4841s

 466070 399083  488.70337  114  188  816.83000  350.67900  57.1%   100 4852s

 467091 399985  386.26049   58  185  816.83000  350.67900  57.1%   100 4863s

 468147 400555  360.10802   47  273  816.83000  350.71277  57.1%   100 4873s

 468962 401241  359.45765   47  333  816.83000  350.71277  57.1%   100 4883s

 469767 401468  536.97485  132   82  816.83000  350.71277  57.1%   100 4894s

 470049 401951  364.86977   47  190  816.83000  350.71277  57.1%   100 4903s

 470594 402649  444.86874  103  226  816.83000  350.71277  57.1%   100 4914s

 471309 402951  754.06241  259  130  816.83000  350.71277  57.1%   100 4922s

 471677 403910  456.44712   47  158  816.83000  350.71396  57.1%   100 4934s

 472789 404738  455.51512   66  213  816.83000  350.73790  57.1%   100 4944s

 473680 405835  564.09885  146  174  816.83000  350.73790  57.1%   100 4958s

 474881 406705  412.54813   65  144  816.83000  350.73790  57.1%   100 4968s

 475823 407239  397.56524   72  184  816.83000  350.75357  57.1%   100 4979s

 476409 408445  364.22639   47  188  816.83000  350.75357  57.1%   100 4995s

 477760 409425  384.95672   54  199  816.83000  350.76882  57.1%   100 5008s

 478873 410277  452.66921  120  202  816.83000  350.76882  57.1%   100 5020s

 479828 411058  370.26884   37  213  816.83000  350.76882  57.1%   100 5029s

 480661 411392  460.07822   64  217  816.83000  350.76882  57.1%   100 5041s

 481065 412274  521.56415   89  171  816.83000  350.76882  57.1%   100 5053s

 482079 412938  634.28159  134  224  816.83000  350.82960  57.0%   100 5063s

 482851 413092  381.24573   44  208  816.83000  350.83064  57.0%   100 5074s

 483033 413378  417.64546   61  204  816.83000  350.83064  57.0%   100 5083s

 483359 413555  378.77058   46  189  816.83000  350.83064  57.0%   100 5090s

 483571 413835  532.43504   70  129  816.83000  350.83064  57.0%   100 5099s

 483945 414678  671.75766  120  130  816.83000  350.85651  57.0%   101 5112s

 484911 415055  391.83082   64  225  816.83000  350.87770  57.0%   101 5121s

 485405 415985 infeasible  111       816.83000  350.87770  57.0%   101 5135s

 486456 417108  398.55485   68  497  816.83000  350.87770  57.0%   101 5150s

 487679 417448  480.30161  112  234  816.83000  350.87770  57.0%   101 5157s

 488019 418767  518.17393  144  201  816.83000  350.87770  57.0%   101 5172s

 489451 420105  391.40031   68  252  816.83000  350.87770  57.0%   101 5186s

 490890 421013  761.91718  277  160  816.83000  350.87770  57.0%   100 5200s

 491919 421909  559.50574  203  173  816.83000  350.87770  57.0%   100 5211s

 492861 422620  664.60124  115   98  816.83000  350.87770  57.0%   100 5220s

 493670 423198  441.72354   89  160  816.83000  350.87770  57.0%   100 5229s

 494306 423455  730.53629  152   85  816.83000  350.87770  57.0%   100 5236s

 494581 424407  386.44736   63  178  816.83000  350.93348  57.0%   100 5248s

 495671 425064  439.02316   62  172  816.83000  350.93348  57.0%   100 5258s

 496471 425462  369.18256   46  345  816.83000  350.96901  57.0%   100 5268s

 496884 426342  422.73755   76  179  816.83000  350.96901  57.0%   100 5281s

 497833 427362  561.78593  164  173  816.83000  350.96901  57.0%   100 5293s

 498949 427552  365.29823   48  274  816.83000  350.99603  57.0%   100 5306s

 499151 427747  405.20442   60  211  816.83000  350.99603  57.0%   100 5314s

 499346 428366  433.86871   85  193  816.83000  350.99710  57.0%   100 5326s

 500084 428854 infeasible   49       816.83000  351.00683  57.0%   101 5336s

 500761 429548  381.25461   45  240  816.83000  351.00990  57.0%   101 5347s

 501653 429848  577.74984  124  112  816.83000  351.01119  57.0%   101 5355s

 502005 430467  373.18464   59  157  816.83000  351.01119  57.0%   101 5367s

 502720 430777  454.10261  135  130  816.83000  351.01119  57.0%   101 5375s

 503054 431811  534.76210  184  151  816.83000  351.01119  57.0%   101 5389s

 504235 432327  613.59397  127  147  816.83000  351.02168  57.0%   101 5398s

 504779 433234  387.26567   52  226  816.83000  351.02168  57.0%   101 5410s

 505752 434432  425.54965   53  174  816.83000  351.03943  57.0%   101 5427s

 507135 434719  371.00770   48  234  816.83000  351.06080  57.0%   101 5439s

 507507 434822  372.51877   49  238  816.83000  351.06080  57.0%   101 5447s

 507616 434958  373.61877   50  240  816.83000  351.06080  57.0%   101 5453s

 507760 435377  374.64820   51  251  816.83000  351.06325  57.0%   101 5462s

 508193 436048  378.17758   52  268  816.83000  351.06325  57.0%   101 5474s

 508935 436207  379.02792   53  287  816.83000  351.06325  57.0%   101 5484s

 509203 436625  379.35748   54  278  816.83000  351.06325  57.0%   101 5495s

 509621 437830  392.90206   55  294  816.83000  351.06325  57.0%   101 5511s

 510906 438416  535.81137  125  198  816.83000  351.06325  57.0%   101 5525s

 511542 439498  633.52065  174  162  816.83000  351.06325  57.0%   101 5544s

 512741 439968  394.07916   77  195  816.83000  351.09911  57.0%   101 5553s

 513245 440720  440.06248  134  193  816.83000  351.09911  57.0%   101 5572s

 514043 441722  440.26683  135  199  816.83000  351.09911  57.0%   101 5587s

 515139 442822     cutoff  323       816.83000  351.09911  57.0%   101 5601s

 516372 443745  393.94229   42  221  816.83000  351.09911  57.0%   101 5616s

 517387 444519  382.51786   52  251  816.83000  351.09911  57.0%   101 5627s

 518207 445658  514.82574  112  183  816.83000  351.09911  57.0%   101 5642s

 519429 445994  789.52760  345  210  816.83000  351.17437  57.0%   101 5658s

 519829 446505  440.76705   81  110  816.83000  351.17437  57.0%   101 5669s

 520138 446505  409.35844   62  212  816.83000  351.17437  57.0%   101 5670s

 520399 446746  377.35230   44  178  816.83000  351.17437  57.0%   101 5681s

 520655 449755  498.43855   85  163  816.83000  351.17437  57.0%   101 5725s

 523965 450116  764.09707  210  127  816.83000  351.21553  57.0%   101 5735s

 524402 450450  412.99475   53  145  816.83000  351.21553  57.0%   101 5745s

 524849 451452  533.49505   92  148  816.83000  351.21553  57.0%   101 5759s

 525975 452435  627.88489  116   95  816.83000  351.21553  57.0%   101 5772s

 527049 453308  506.70024  131  103  816.83000  351.21553  57.0%   101 5785s

 528062 453709  620.23239  127  162  816.83000  351.29909  57.0%   101 5793s

 528463 454935  736.66292  224  140  816.83000  351.29909  57.0%   101 5808s

 529740 455910  434.58486   84  149  816.83000  351.29909  57.0%   101 5820s

 530887 456680  383.01663   47  145  816.83000  351.29909  57.0%   101 5832s

 531842 456797  765.63877   92   87  816.83000  351.33020  57.0%   101 5845s

 531990 457144     cutoff   92       816.83000  351.33295  57.0%   101 5855s

 532365 457578  359.45918   41  201  816.83000  351.33295  57.0%   101 5864s

 532857 458013  392.43347   78  202  816.83000  351.33295  57.0%   101 5873s

 533345 458480  509.79497  153  188  816.83000  351.33295  57.0%   101 5884s

 533853 459063  641.54749  234  198  816.83000  351.33295  57.0%   101 5895s

 534529 459336  435.61527   59  238  816.83000  351.33295  57.0%   101 5902s

 534814 460559  450.14919   76  207  816.83000  351.33295  57.0%   101 5919s

 536109 461568  631.73692  192  183  816.83000  351.33295  57.0%   101 5936s

 537258 462014  780.44885   62  122  816.83000  351.37268  57.0%   101 5946s

 537852 462557  440.23510   92  170  816.83000  351.37268  57.0%   101 5956s

 538479 463200  803.26070  298  158  816.83000  351.38425  57.0%   101 5967s

 539149 463794  367.44320   40  381  816.83000  351.38425  57.0%   101 5977s

 539789 464528  439.77542   74  237  816.83000  351.40452  57.0%   101 5991s

 540694 465169  373.96145   54  206  816.83000  351.40452  57.0%   101 6003s

 541412 465986 infeasible  123       816.83000  351.40452  57.0%   101 6017s

 542447 466160  359.56291   43  216  816.83000  351.44432  57.0%   101 6025s

 542629 466954  370.76221   62  191  816.83000  351.44432  57.0%   101 6040s

 543634 467603  474.79234  148  204  816.83000  351.44432  57.0%   101 6053s

 544427 468230  809.62619  347  131  816.83000  351.45657  57.0%   101 6065s

 545143 468614  368.51512   38  232  816.83000  351.45700  57.0%   101 6075s

 545614 469449  459.87029   72  164  816.83000  351.45700  57.0%   101 6090s

 546582 469977  481.58760   81  160  816.83000  351.47101  57.0%   101 6102s

 547192 470484  371.00695   48  285  816.83000  351.47101  57.0%   101 6113s

 547778 471337 infeasible   71       816.83000  351.49854  57.0%   101 6128s

 548747 472106  372.14033   43  229  816.83000  351.51941  57.0%   101 6142s

 549598 472620  556.97909  168  180  816.83000  351.51941  57.0%   101 6152s

 550172 473574  750.98265  278  143  816.83000  351.51941  57.0%   101 6168s

 551307 473907  493.09005   74  198  816.83000  351.52846  57.0%   101 6186s

 551701 474998  494.30038   75  216  816.83000  351.52846  57.0%   101 6212s

 553172 475427 infeasible   98       816.83000  351.54588  57.0%   101 6225s

 553697 476506  460.53280   50  108  816.83000  351.54588  57.0%   102 6246s

 555066 477317  675.24768  144  135  816.83000  351.60655  57.0%   102 6262s

 555971 477908  412.20973   51  289  816.83000  351.60655  57.0%   102 6277s

 556641 479190  739.89641  142  125  816.83000  351.60655  57.0%   102 6295s

 558054 479833  363.76608   42  237  816.83000  351.60655  57.0%   102 6314s

 558767 480080  364.62123   43  234  816.83000  351.60655  57.0%   102 6325s

 559082 480957  389.46258   64  125  816.83000  351.60655  57.0%   102 6342s

 560027 482222  371.33970   52  205  816.83000  351.60655  57.0%   102 6359s

 561340 482974  678.66475  237  213  816.83000  351.60655  57.0%   102 6372s

 562185 483753  533.25229   79  123  816.83000  351.60655  57.0%   102 6385s

 563033 483761  677.08989  145  169  816.83000  351.60655  57.0%   102 6411s

 563041 483769  679.04433  146  180  816.83000  351.60655  57.0%   102 6421s

 563049 483777  679.24207  147  168  816.83000  351.60655  57.0%   102 6432s

 563057 483785  679.59758  148  173  816.83000  351.60655  57.0%   102 6446s

 563065 483795  680.14543  149  182  816.83000  351.60655  57.0%   102 6463s

 563075 483912  680.97551  150  183  816.83000  351.60655  57.0%   102 6478s

 563232 484228  699.32710  163  183  816.83000  351.60655  57.0%   102 6491s

 563592 485111  447.43106   76  131  816.83000  351.65203  56.9%   102 6508s

 564597 485556  386.31967   45  225  816.83000  351.66264  56.9%   102 6525s

 565132 486399  463.37749   69  170  816.83000  351.66264  56.9%   102 6540s

 566060 486673  604.21317  169  220  816.83000  351.66905  56.9%   102 6552s

 566372 488753  629.04117  207  181  816.83000  351.69733  56.9%   102 6598s

 568741 489348  399.60534   48  229  816.83000  351.71160  56.9%   102 6611s

 569384 490408  569.65425  162  142  816.83000  351.71160  56.9%   102 6629s

 569896 490408  461.08205  136  194  816.83000  351.71160  56.9%   102 6630s

 570602 490512  588.04458   60  116  816.83000  351.71160  56.9%   102 6646s

 570736 490773     cutoff   67       816.83000  351.71160  56.9%   102 6658s

 571064 491457  371.23189   52   94  816.83000  351.71160  56.9%   102 6672s

 571838 491978  519.06622  119  183  816.83000  351.74214  56.9%   102 6685s

 572456 492493  547.67916  176  123  816.83000  351.74647  56.9%   102 6697s

 573061 493451  411.50082   64  180  816.83000  351.74647  56.9%   102 6712s

 574051 494489  797.33228  163  135  816.83000  351.74647  56.9%   102 6732s

 575273 494851  377.13415   46  193  816.83000  351.75222  56.9%   102 6743s

 575683 495778  518.21163   74  187  816.83000  351.75222  56.9%   102 6759s

 576671 496607  747.40932  255  207  816.83000  351.75222  56.9%   102 6776s

 577640 497613  403.45353   86  196  816.83000  351.77528  56.9%   102 6792s

 578804 497944  375.42668   50  200  816.83000  351.77586  56.9%   102 6807s

 579155 499045  416.05998   94  156  816.83000  351.80365  56.9%   102 6827s

 580408 500050  377.98729   56  228  816.83000  351.80676  56.9%   102 6841s

 581457 500422  474.89728  120  241  816.83000  351.80676  56.9%   102 6861s

 581878 502367  561.89786  235  153  816.83000  351.80676  56.9%   102 6890s

 583985 502747  384.33337   66  225  816.83000  351.82335  56.9%   102 6899s

 584427 503583  601.73341  118  115  816.83000  351.82335  56.9%   102 6911s

 585361 504413  609.19833   80  163  816.83000  351.82335  56.9%   102 6925s

 586286 505160  422.84140   58  215  816.83000  351.82335  56.9%   102 6944s

 587066 505585  459.59575   70  429  816.83000  351.82335  56.9%   102 6955s

 587546 506495  498.93547  106  174  816.83000  351.82335  56.9%   102 6970s

 588502 507632  428.90739   70  120  816.83000  351.85303  56.9%   102 6984s

 589708 508223  378.44622   49  192  816.83000  351.85303  56.9%   102 7005s

 590371 508764  388.53988   49  119  816.83000  351.85303  56.9%   102 7018s

 591084 509059  406.33274   50  187  816.83000  351.87200  56.9%   102 7028s

 591393 509868  403.60146   68  165  816.83000  351.87200  56.9%   102 7043s

 592339 510568  401.76251   49  135  816.83000  351.87200  56.9%   102 7055s

 593208 511179  698.87766   82  109  816.83000  351.87366  56.9%   102 7070s

 593924 511580  421.65326   67  152  816.83000  351.87366  56.9%   102 7082s

 594419 512876  447.64463  102  176  816.83000  351.87366  56.9%   102 7099s

 595730 514048  588.19853  274  188  816.83000  351.87366  56.9%   102 7114s

 597045 514833  515.08129   53  275  816.83000  351.89446  56.9%   102 7130s

 597938 515154  782.30004  123  154  816.83000  351.89446  56.9%   102 7139s

 598034 515154  530.81654  104  158  816.83000  351.89446  56.9%   102 7140s

 598285 516112  398.90683   60  189  816.83000  351.91289  56.9%   102 7157s

 599302 517281  412.96187   80  155  816.83000  351.91289  56.9%   102 7171s

 600534 517519  730.63647  330  201  816.83000  351.91289  56.9%   102 7191s

 600787 517779  417.64331   45  243  816.83000  351.91289  56.9%   102 7202s

 601066 518696  543.20346   53  142  816.83000  351.91289  56.9%   102 7220s

 602133 519337  402.03786   47  243  816.83000  351.92273  56.9%   102 7235s

 602848 519661  745.99357  208   97  816.83000  351.92273  56.9%   102 7245s

 603202 520533  369.84456   64  181  816.83000  351.92273  56.9%   102 7261s

 604201 521387  508.25154  179  169  816.83000  351.93904  56.9%   102 7279s

 605290 522205  394.08184   50  227  816.83000  351.95814  56.9%   102 7294s

 606203 522724  474.09228  118  139  816.83000  351.95814  56.9%   102 7306s

 606791 523961  365.71852   54  231  816.83000  351.95814  56.9%   102 7323s

 608111 524779 infeasible  234       816.83000  351.96399  56.9%   102 7338s

 609020 525696  504.39759  108  144  816.83000  351.96443  56.9%   102 7354s

 609964 526303  686.15124  243  133  816.83000  351.96443  56.9%   102 7364s

 610092 526303  584.93531  254   94  816.83000  351.96443  56.9%   102 7365s

 610622 527134  401.96459   62  133  816.83000  351.96443  56.9%   102 7380s

 611605 528002  393.43805   67  215  816.83000  351.99098  56.9%   102 7395s

 612521 528983  455.42380  118  228  816.83000  351.99098  56.9%   102 7411s

 613563 529350  571.78085  228  255  816.83000  352.01261  56.9%   102 7419s

 613946 530384  670.00640  270  196  816.83000  352.01261  56.9%   102 7434s

 614488 530384  484.89438   89  150  816.83000  352.01261  56.9%   102 7435s

 615156 531029  415.26423   53  210  816.83000  352.04327  56.9%   102 7447s

 615830 531854  536.05039  109  184  816.83000  352.04327  56.9%   102 7466s

 616731 532589  715.39265  274  190  816.83000  352.04458  56.9%   102 7481s

 617591 532826  537.65442   92  107  816.83000  352.06734  56.9%   102 7491s

 617859 533431  368.34931   44  308  816.83000  352.06734  56.9%   102 7503s

 618568 534143  460.36241   96  219  816.83000  352.06734  56.9%   102 7514s

 619367 534682  672.51683  246  188  816.83000  352.06734  56.9%   102 7527s

 620087 534988  430.91768   82  226  816.83000  352.07520  56.9%   102 7537s

 620437 535476  484.05671  120  261  816.83000  352.07520  56.9%   102 7558s

 620967 536140  538.39786  179  246  816.83000  352.07520  56.9%   102 7572s

 621671 537046  651.15682  288  156  816.83000  352.07520  56.9%   102 7585s

 622646 537535  379.66070   60  206  816.83000  352.07520  56.9%   102 7598s

 623198 538209  573.85100  101  152  816.83000  352.07520  56.9%   102 7613s

 624014 538913  566.55731  105  219  816.83000  352.11540  56.9%   102 7629s

 624739 538913  475.20101   58  140  816.83000  352.11540  56.9%   102 7630s

 624820 539719  372.82928   74  278  816.83000  352.11540  56.9%   102 7642s

 625685 539773  423.44094  119  245  816.83000  352.11540  56.9%   102 7661s

 625742 539969  429.36978  129  242  816.83000  352.11540  56.9%   102 7673s

 625972 540661  464.15615  187  239  816.83000  352.11540  56.9%   102 7689s

 626703 541363  775.92645  366  114  816.83000  352.11540  56.9%   102 7708s

 627525 541637  368.88610   48  203  816.83000  352.12868  56.9%   102 7722s

 627834 542522  404.59529   82  201  816.83000  352.12868  56.9%   102 7740s

 628798 543125  584.82587  232  210  816.83000  352.12868  56.9%   103 7756s

 629452 544310  361.08922   40  307  816.83000  352.12868  56.9%   103 7774s

 630679 545226  543.02936  196  164  816.83000  352.12868  56.9%   103 7795s

 631752 545696  393.85018   48  206  816.83000  352.15410  56.9%   102 7807s

 632271 546821  453.78432   82  204  816.83000  352.15410  56.9%   102 7825s

 633414 547951  742.99298  240  205  816.83000  352.15410  56.9%   103 7843s

 634712 548625  435.33593   92  194  816.83000  352.18551  56.9%   102 7856s

 635424 548908  542.38446  203  182  816.83000  352.18551  56.9%   103 7864s

 635707 550069  688.53661  269  128  816.83000  352.18551  56.9%   103 7884s

 636972 550752  416.15917   75  176  816.83000  352.20902  56.9%   103 7898s

 637766 551388  469.97127   59  201  816.83000  352.23587  56.9%   103 7912s

 638424 552480  684.28812  104  170  816.83000  352.23587  56.9%   103 7929s

 639397 552480  437.60148   59  210  816.83000  352.24349  56.9%   103 7930s

 639612 553370  380.82201   69  205  816.83000  352.24349  56.9%   103 7947s

 640609 553722  441.00300  128  191  816.83000  352.24349  56.9%   103 7957s

 640998 554650  464.95837  174  172  816.83000  352.24521  56.9%   103 7976s

 642075 555211  374.08507   45  255  816.83000  352.25600  56.9%   103 7995s

 642813 556085  401.05789   50  249  816.83000  352.25629  56.9%   103 8015s

 643800 556513  404.95432   55  243  816.83000  352.26681  56.9%   103 8025s

 644251 557742  517.08794  154  205  816.83000  352.26681  56.9%   103 8048s

 645580 558636  522.25629  105  136  816.83000  352.26681  56.9%   103 8067s

 646593 559448  608.20374   61  223  816.83000  352.29442  56.9%   103 8084s

 647538 560530  441.15175   72  188  816.83000  352.29442  56.9%   103 8097s

 648654 560885 infeasible  330       816.83000  352.29442  56.9%   103 8108s

 649062 561914  372.12064   50  211  816.83000  352.29442  56.9%   103 8127s

 650131 563093  477.64866  135  227  816.83000  352.31144  56.9%   103 8143s

 651408 563981  626.28156  301  222  816.83000  352.31144  56.9%   103 8162s

 652419 564175  735.30338  415  195  816.83000  352.31591  56.9%   103 8183s

 652645 564329  359.76435   41  154  816.83000  352.31591  56.9%   103 8194s

 652836 564969  380.48046   66  205  816.83000  352.31591  56.9%   103 8210s

 653676 565379  579.88655  220  211  816.83000  352.34499  56.9%   103 8223s

 654165 565844  411.00067   51  179  816.83000  352.34499  56.9%   103 8237s

 654701 566724  457.18323   72  163  816.83000  352.34528  56.9%   103 8255s

 655647 567379  675.17754  256  101  816.83000  352.35393  56.9%   103 8270s

 656496 567747  358.67333   50  195  816.83000  352.35393  56.9%   103 8281s

 656906 568499  427.47498   80  185  816.83000  352.35393  56.9%   103 8302s

 657889 569010  406.52774   60  275  816.83000  352.35393  56.9%   103 8317s

 658441 569441  424.06320   82  146  816.83000  352.35393  56.9%   103 8331s

 658944 570842  471.52669  123  125  816.83000  352.35393  56.9%   103 8358s

 660598 571435  617.03666   97  113  816.83000  352.39945  56.9%   103 8370s

 661262 571875  402.52947   73  224  816.83000  352.40135  56.9%   103 8382s

 661789 572696  430.27300  117  243  816.83000  352.40135  56.9%   103 8399s

 662716 573113  579.42738  274  161  816.83000  352.40135  56.9%   103 8413s

 663210 573407  355.18462   45  186  816.83000  352.40135  56.9%   103 8437s

 663609 574131  355.22158   46  179  816.83000  352.40135  56.9%   103 8455s

 664453 574387  356.73622   47  217  816.83000  352.40135  56.9%   103 8467s

 664809 575017  356.96197   48  217  816.83000  352.40135  56.9%   103 8483s

 665540 576030  368.25903   49  174  816.83000  352.40135  56.9%   103 8501s

 666617 576953  368.84597   50  180  816.83000  352.40135  56.9%   103 8522s

 667690 577408  384.31818   47  204  816.83000  352.45904  56.9%   103 8533s

 668179 578023  755.56833  136   41  816.83000  352.45904  56.9%   103 8550s

 668958 578803  418.92306   50  163  816.83000  352.47013  56.8%   103 8568s

 669947 579521  380.48442   59  204  816.83000  352.47413  56.8%   103 8587s

 670798 579860  467.11100  123   83  816.83000  352.47413  56.8%   103 8599s

 671161 580860 infeasible  158       816.83000  352.47413  56.8%   103 8619s

 671342 580860  549.86454  175  236  816.83000  352.47413  56.8%   103 8620s

 672335 581392  592.07159  136  102  816.83000  352.47413  56.8%   103 8635s

 672931 581892  389.26109   47  197  816.83000  352.47413  56.8%   103 8654s

 673490 583281  636.83443   64  164  816.83000  352.47413  56.8%   103 8683s

 675115 583533  392.34015  101  223  816.83000  352.50470  56.8%   103 8695s

 675401 584591  427.52326  129  242  816.83000  352.50470  56.8%   103 8727s

 676537 585545  623.95035  262  225  816.83000  352.50470  56.8%   103 8745s

 677625 586260  445.34825   78  137  816.83000  352.51182  56.8%   103 8762s

 678417 587381  357.04918   51  227  816.83000  352.51182  56.8%   103 8784s

 679643 588291  460.34539  135  179  816.83000  352.53937  56.8%   103 8800s

 680570 588654  669.15116  259  171  816.83000  352.53937  56.8%   103 8820s

 681011 589435  370.16923   60  212  816.83000  352.53940  56.8%   103 8838s

 681886 589798  743.94046  206  193  816.83000  352.53940  56.8%   103 8849s

 682264 590474  383.06318   59  170  816.83000  352.53940  56.8%   103 8878s

 682967 591078  616.48704  139  105  816.83000  352.56798  56.8%   103 8897s

 683704 591620  400.24613   48  154  816.83000  352.58313  56.8%   103 8912s

 684451 591785 infeasible   62       816.83000  352.58946  56.8%   103 8924s

 684658 592438  374.21799   45  254  816.83000  352.58946  56.8%   103 8943s

 685440 593222     cutoff  106       816.83000  352.60097  56.8%   103 8962s

 686302 593835  442.38668   77  220  816.83000  352.60963  56.8%   103 8977s

 686962 594610 infeasible  136       816.83000  352.61005  56.8%   103 9000s

 687859 595418  386.38773   57  136  816.83000  352.61555  56.8%   103 9019s

 688743 596037  543.83336  173  189  816.83000  352.61555  56.8%   103 9033s

 689510 596305  384.50050   52  195  816.83000  352.62853  56.8%   103 9044s

 689795 596981  516.44675   57  178  816.83000  352.62853  56.8%   103 9064s

 690633 596981  425.12383   54  193  816.83000  352.64494  56.8%   103 9065s

 690744 597838  398.75697   53  211  816.83000  352.64494  56.8%   103 9082s

 691609 598819  702.25256  237  152  816.83000  352.64494  56.8%   103 9102s

 692790 599467  438.97611   70  108  816.83000  352.65160  56.8%   103 9120s

 693622 600032  367.67068   43  198  816.83000  352.65690  56.8%   103 9136s

 694364 600520  762.51151   74   94  816.83000  352.66110  56.8%   103 9150s

 694924 601386  430.36135   60  196  816.83000  352.66110  56.8%   103 9168s

 695924 601733  393.66440   61  196  816.83000  352.68264  56.8%   103 9191s

 696420 601977  409.09976   79  240  816.83000  352.68264  56.8%   103 9204s

 696730 602904  475.70145  129  140  816.83000  352.68264  56.8%   103 9224s

 697716 603697  397.94735   44  312  816.83000  352.69087  56.8%   103 9240s

 698604 604421  496.25023  133  166  816.83000  352.69087  56.8%   103 9257s

 699391 604884  383.80062   46  173  816.83000  352.69087  56.8%   103 9272s

 699951 605625  440.95278   51  216  816.83000  352.69087  56.8%   103 9291s

 700882 606239  486.31645   61  165  816.83000  352.72165  56.8%   103 9308s

 701690 606635 infeasible   82       816.83000  352.72165  56.8%   103 9324s

 702128 607809  486.28471   65  160  816.83000  352.72165  56.8%   103 9365s

 703412 608730  542.43910  139  178  816.83000  352.72993  56.8%   103 9384s

 703866 608730  736.82549  221  210  816.83000  352.72993  56.8%   104 9385s

 704389 609676  390.59936   47  216  816.83000  352.72993  56.8%   104 9410s

 705478 610030  382.42757   41  167  816.83000  352.74165  56.8%   104 9427s

 705966 610861  385.43304   48  195  816.83000  352.75032  56.8%   104 9456s

 706881 611245  448.84900   81  222  816.83000  352.75032  56.8%   104 9477s

 707297 612290  525.78404  120  188  816.83000  352.75032  56.8%   104 9504s

 708490 612298  472.87304   84  220  816.83000  352.75032  56.8%   104 9542s

 708498 612306  473.97844   85  180  816.83000  352.75032  56.8%   104 9561s

 708506 612314  483.84346   86  165  816.83000  352.75032  56.8%   104 9577s

 708514 612322  484.20302   87  173  816.83000  352.75032  56.8%   104 9599s

 708522 612345  492.98333   88  185  816.83000  352.75032  56.8%   104 9622s

 708545 612389  493.15945   89  182  816.83000  352.75032  56.8%   104 9648s

 708589 612493  493.30051   90  183  816.83000  352.75032  56.8%   104 9677s

 708693 612798  499.76839   91  150  816.83000  352.75032  56.8%   104 9701s

 709012 613056  557.69726  142  175  816.83000  352.75032  56.8%   104 9724s

 709270 613981  702.58779  201  150  816.83000  352.75032  56.8%   104 9765s

 710318 615067  543.00992  150  131  816.83000  352.75032  56.8%   104 9796s

 711546 615882  493.38295  140  174  816.83000  352.77929  56.8%   104 9819s

 712435 616874  439.92287   66  105  816.83000  352.77929  56.8%   104 9847s

 713727 617198  381.16380   46  230  816.83000  352.80038  56.8%   104 9862s

 714101 617721  509.32446   57  192  816.83000  352.80038  56.8%   104 9894s

 714602 617721  620.58065   84  168  816.83000  352.80038  56.8%   104 9895s

 714768 618311  379.63889   54  161  816.83000  352.80038  56.8%   104 9919s

 715546 619362  377.06807   58  163  816.83000  352.80038  56.8%   104 9944s

 716640 620131  510.85053  146  149  816.83000  352.80038  56.8%   104 9967s

 717501 620651  370.13039   43  280  816.83000  352.80038  56.8%   104 9982s

 718102 620946  464.45214   91  196  816.83000  352.80038  56.8%   104 9993s

 718411 622307  550.05238  124  226  816.83000  352.84021  56.8%   104 10024s

 719891 623488  589.89927  106  136  816.83000  352.84609  56.8%   104 10048s

 721110 624277  399.86196   62  223  816.83000  352.84609  56.8%   104 10075s

 721972 625190  502.77604   92  128  816.83000  352.84609  56.8%   104 10096s

 722999 625968  486.71527   60  213  816.83000  352.84609  56.8%   104 10118s

 723896 626235  355.27430   50  262  816.83000  352.87370  56.8%   104 10128s

 724198 626653  364.84568   66  268  816.83000  352.87370  56.8%   104 10154s

 724626 627312  380.06705   79  169  816.83000  352.88485  56.8%   104 10175s

 725484 627828  359.25068   50  181  816.83000  352.88579  56.8%   104 10191s

 726027 628272  467.21179   99  200  816.83000  352.88579  56.8%   104 10204s

 726505 629408  526.02088  132  228  816.83000  352.88579  56.8%   104 10228s

 727734 630142  696.22334  287  167  816.83000  352.88579  56.8%   104 10245s

 728546 631024  503.29367   97  136  816.83000  352.88579  56.8%   104 10263s

 729540 631386  506.29367   65  217  816.83000  352.90482  56.8%   104 10276s

 729918 632506  537.79815   82  196  816.83000  352.90482  56.8%   104 10301s

 731148 633152  364.85022   42  259  816.83000  352.90863  56.8%   104 10322s

 731995 634047  375.71075   51  233  816.83000  352.90863  56.8%   104 10342s

 733034 634555  791.96486  183   98  816.83000  352.90863  56.8%   104 10357s

 733678 635022  440.00761  107  204  816.83000  352.91637  56.8%   104 10374s

 734179 635846  598.95068  203  194  816.83000  352.91637  56.8%   104 10395s

 735152 636571  499.79357   75  159  816.83000  352.91936  56.8%   104 10414s

 736039 636939  410.98386   61  157  816.83000  352.93037  56.8%   104 10441s

 736446 637152  390.14176   61  154  816.83000  352.93037  56.8%   104 10454s

 736665 638074  435.03858   71  158  816.83000  352.93037  56.8%   104 10476s

 737790 639038  598.22312  159  103  816.83000  352.93037  56.8%   104 10496s

 738845 639488  405.85820   58  226  816.83000  352.93037  56.8%   104 10511s

 739347 640494  447.81731   97  240  816.83000  352.93037  56.8%   104 10531s

 740416 641588  387.08363   46  164  816.83000  352.95111  56.8%   104 10551s

 741677 642151  374.37602   44  234  816.83000  352.95111  56.8%   104 10578s

 742287 642693  374.78785   46  242  816.83000  352.95111  56.8%   104 10596s

 742967 643143  582.84289  146  126  816.83000  352.95111  56.8%   104 10610s

 743454 644270  392.86226   52  186  816.83000  352.97139  56.8%   104 10634s

 744453 644270  500.98033  124  205  816.83000  352.97208  56.8%   104 10635s

 744652 644792  370.43323   43  209  816.83000  352.97208  56.8%   104 10655s

 745353 645550  409.07257   78  218  816.83000  352.98626  56.8%   104 10682s

 746144 645956  494.01892  148  121  816.83000  352.98626  56.8%   104 10701s

 746595 646889  369.68409   57  212  816.83000  352.98626  56.8%   104 10732s

 747743 647211  376.60308   57  237  816.83000  352.99460  56.8%   104 10754s

 748093 648656  609.16126   84  226  816.83000  352.99460  56.8%   104 10786s

 749617 649630  411.50106   58  241  816.83000  352.99460  56.8%   104 10809s

 750712 650780  599.38368  192  131  816.83000  352.99460  56.8%   104 10837s

 752056 651116  542.02295  112  133  816.83000  353.02452  56.8%   104 10851s

 752416 652211  658.40147  162  119  816.83000  353.02452  56.8%   104 10876s

 753617 653152  365.73257   51  199  816.83000  353.04773  56.8%   104 10896s

 754726 653256  445.98778   63  227  816.83000  353.04773  56.8%   104 10926s

 754862 653478  456.97537   67  210  816.83000  353.07021  56.8%   104 10942s

 755116 653805  802.89775  131  112  816.83000  353.07304  56.8%   104 10960s

 755504 654562  436.45996   72  222  816.83000  353.07504  56.8%   104 10983s

 756372 655394  377.56654   54  153  816.83000  353.07867  56.8%   104 11005s

 757282 655697  624.75003   66  102  816.83000  353.07867  56.8%   104 11023s

 757682 656378  405.81777   55  200  816.83000  353.07867  56.8%   104 11046s

 758514 657017  365.69416   53  219  816.83000  353.11452  56.8%   104 11065s

 759185 657889  601.29427  109  140  816.83000  353.11452  56.8%   104 11088s

 760174 658317  470.57229   77  185  816.83000  353.11452  56.8%   104 11104s

 760616 659192  657.80108  149  160  816.83000  353.11559  56.8%   104 11128s

 761561 659854  473.68342   57  179  816.83000  353.11948  56.8%   104 11142s

 762268 660682  777.60070  215  138  816.83000  353.11948  56.8%   104 11160s

 763201 660915  529.34979   96  157  816.83000  353.11948  56.8%   104 11171s

 763470 661765  383.02025   60  190  816.83000  353.14106  56.8%   104 11192s

 764429 662337  368.27519   48  229  816.83000  353.14267  56.8%   104 11209s

 765191 662607 infeasible   50       816.83000  353.14267  56.8%   104 11222s

 765546 663448  381.07750   58  208  816.83000  353.14267  56.8%   104 11243s

 766549 664078  776.46441  154   57  816.83000  353.14267  56.8%   105 11263s

 767326 664440  611.51105  100  116  816.83000  353.14940  56.8%   105 11284s

 767594 664440 infeasible   93       816.83000  353.14940  56.8%   105 11285s

 767698 665642  794.25054  203  165  816.83000  353.14940  56.8%   105 11310s

 769029 666110  393.04311   51  218  816.83000  353.17890  56.8%   105 11342s

 769536 666811  395.71587   52  229  816.83000  353.17890  56.8%   105 11366s

 770314 667176  489.69449   81  126  816.83000  353.17890  56.8%   105 11378s

 770722 668247  456.15435   58  165  816.83000  353.19363  56.8%   105 11403s

 771954 669048  424.06828   63  191  816.83000  353.21279  56.8%   105 11422s

 772878 669787  388.25771   50  216  816.83000  353.21279  56.8%   105 11442s

 773749 670475  403.02296   48  219  816.83000  353.21279  56.8%   105 11460s

 774748 670799 infeasible   97       816.83000  353.21279  56.8%   105 11473s

 775127 671587  413.34912   78  185  816.83000  353.21279  56.8%   105 11495s

 775983 672651  743.42192  229  130  816.83000  353.21279  56.8%   105 11517s

 777122 673096  459.75542  102  177  816.83000  353.21279  56.8%   105 11540s

 777596 673575  582.04114  238  178  816.83000  353.21279  56.8%   105 11560s

 778113 674293  362.51177   40  275  816.83000  353.21279  56.8%   105 11583s

 778906 674946  450.17522  132  115  816.83000  353.21279  56.8%   105 11601s

 779638 675242  435.78214   75  168  816.83000  353.21279  56.8%   105 11615s

 779949 676665  531.00865  102  187  816.83000  353.21279  56.8%   105 11644s

 781462 677444  800.51480  359  183  816.83000  353.26099  56.8%   105 11660s

 782335 678323  710.16665  148  124  816.83000  353.26099  56.8%   105 11683s

 783399 679402  398.56210   55  213  816.83000  353.26099  56.8%   105 11703s

 784602 679755  373.16352   52  249  816.83000  353.26099  56.8%   105 11719s

 784759 679755  561.54067   66  135  816.83000  353.26099  56.8%   105 11720s

 785012 680138  585.76225   94  152  816.83000  353.26099  56.8%   105 11735s

 785480 680575  516.35865   85  102  816.83000  353.31064  56.7%   105 11760s

 785999 680822  748.22508   87  117  816.83000  353.32361  56.7%   105 11776s

 786280 681528  529.33755   88  136  816.83000  353.32471  56.7%   105 11798s

 787222 682316  526.16677   94  136  816.83000  353.34409  56.7%   105 11820s

 788105 682679  412.47856   56  200  816.83000  353.34409  56.7%   105 11832s

 788484 683018  484.56251   84  222  816.83000  353.35118  56.7%   105 11859s

 788888 683618  379.79328   55  156  816.83000  353.35118  56.7%   105 11880s

 789540 684271  534.20620  128  153  816.83000  353.35118  56.7%   105 11903s

 790362 684823  543.08237  107  209  816.83000  353.35118  56.7%   105 11924s

 790987 685641  622.79964   80  195  816.83000  353.35118  56.7%   105 11950s

 791940 686510  368.10025   48  235  816.83000  353.37913  56.7%   105 11974s

 792094 686510  512.67302   62  184  816.83000  353.37913  56.7%   105 11975s

 792910 687023  571.59588  110  184  816.83000  353.37961  56.7%   105 11989s

 793457 688199  432.12514   81  231  816.83000  353.37961  56.7%   105 12018s

 794765 689088  356.57024   45  240  816.83000  353.39128  56.7%   105 12037s

 795758 689787  448.29067   80  159  816.83000  353.39128  56.7%   105 12057s

 796645 690351  573.12842  122  124  816.83000  353.39128  56.7%   105 12091s

 797446 690683  383.66462   50  244  816.83000  353.41678  56.7%   105 12106s

 797843 691543  572.63431   76  108  816.83000  353.41678  56.7%   105 12128s

 798880 692185  442.30359   81  214  816.83000  353.43452  56.7%   105 12144s

 799544 693137  534.07838  162  210  816.83000  353.43452  56.7%   105 12179s

 800261 693137  640.75620  220  226  816.83000  353.43452  56.7%   105 12180s

 800558 693865  651.36031  279  200  816.83000  353.43452  56.7%   105 12203s

 801428 694233  448.21013   70  208  816.83000  353.44611  56.7%   105 12217s

 801812 695291  462.91602   98  325  816.83000  353.44611  56.7%   105 12242s

 802953 695798  555.08659  173  230  816.83000  353.44611  56.7%   105 12275s

 803541 696673  660.73316  265  234  816.83000  353.44611  56.7%   105 12302s

 804540 697630  431.16443   51  246  816.83000  353.44611  56.7%   105 12326s

 805668 698281  636.07795  111  122  816.83000  353.44611  56.7%   105 12348s

 806385 699398  385.31299   42  168  816.83000  353.44611  56.7%   105 12370s

 807554 699603  592.77068  138  209  816.83000  353.44611  56.7%   105 12384s

 807797 700221  628.92510  180  219  816.83000  353.44611  56.7%   105 12424s

 808534 700743  629.93419  181  213  816.83000  353.45299  56.7%   105 12454s

 808985 700743  759.32343  331  132  816.83000  353.47099  56.7%   105 12455s

 809149 701483  632.70224  182  209  816.83000  353.47099  56.7%   105 12480s

 810025 701978  673.25652  214  190  816.83000  353.47099  56.7%   105 12502s

 810727 702288  372.19559   44  145  816.83000  353.48964  56.7%   105 12517s

 811063 703363  520.34877   88  134  816.83000  353.48964  56.7%   105 12547s

 812309 704163  434.72313   93  138  816.83000  353.50796  56.7%   105 12570s

 813196 705287  395.01385   53  235  816.83000  353.50796  56.7%   105 12592s

 814379 706227  659.67350  191  142  816.83000  353.51898  56.7%   105 12617s

 815418 706724  667.37204   64  201  816.83000  353.53075  56.7%   105 12636s

 815999 707711  415.15728   55  228  816.83000  353.53932  56.7%   105 12662s

 817149 708688  380.36932   46  187  816.83000  353.55241  56.7%   105 12681s

 818207 709082  441.97300   97  242  816.83000  353.55241  56.7%   105 12716s

 818639 709346  524.92313  182  173  816.83000  353.55241  56.7%   105 12732s

 818903 710241  561.14746  221  194  816.83000  353.55241  56.7%   105 12753s

 819867 711226  366.22168   47  252  816.83000  353.55241  56.7%   105 12779s

 820960 711944  759.51964  118  175  816.83000  353.55241  56.7%   105 12802s

 821757 712922  391.51234   50  165  816.83000  353.55241  56.7%   105 12829s

 822821 713397  619.71778  148  172  816.83000  353.55241  56.7%   105 12841s

 823326 714587  792.36510  260  188  816.83000  353.55241  56.7%   105 12869s

 824649 715366  511.02990  136  181  816.83000  353.58100  56.7%   105 12897s

 825544 716103  377.94351   35  291  816.83000  353.58100  56.7%   105 12917s

 826371 716851  429.47839   75  178  816.83000  353.58387  56.7%   105 12936s

 827294 716972  358.97726   44  245  816.83000  353.58387  56.7%   105 12964s

 827417 717492  405.02422   54  211  816.83000  353.58387  56.7%   105 12987s

 827994 718084  464.72983   82  148  816.83000  353.58387  56.7%   105 13010s

 828668 718387  443.77239   76  268  816.83000  353.61315  56.7%   105 13025s

 829013 719298  469.15714   92  245  816.83000  353.61315  56.7%   105 13048s

 829950 720219  514.80099  165  247  816.83000  353.61315  56.7%   105 13065s

 830913 720898  778.25025  325  185  816.83000  353.61315  56.7%   105 13087s

 831739 721601  472.63305   74  155  816.83000  353.64481  56.7%   105 13102s

 832468 721964  768.67329  191  150  816.83000  353.64481  56.7%   105 13119s

 832857 722809  389.89167   69  169  816.83000  353.64481  56.7%   105 13141s

 833754 723574  750.82146  226  156  816.83000  353.64528  56.7%   105 13163s

 834623 724331  524.39698   73  179  816.83000  353.64528  56.7%   105 13187s

 835502 724552  812.44001  210  145  816.83000  353.67109  56.7%   105 13219s

 835561 724552  474.19889   58  217  816.83000  353.67109  56.7%   105 13220s

 835747 727256  474.47923   59  182  816.83000  353.67109  56.7%   105 13300s

 838715 727648  391.02634   61  142  816.83000  353.67109  56.7%   105 13318s

 839192 728481  427.93572   94  212  816.83000  353.67684  56.7%   105 13339s

 839897 728481  370.03761   43  231  816.83000  353.68411  56.7%   105 13340s

 840150 729467  681.85292  217  210  816.83000  353.68411  56.7%   105 13366s

 841231 729839  443.13670   59  189  816.83000  353.69013  56.7%   105 13384s

 841701 730237  484.46828   78  185  816.83000  353.69013  56.7%   105 13420s

 842171 730886  381.48776   70  233  816.83000  353.69013  56.7%   106 13445s

 842919 731315  444.19731  138  205  816.83000  353.69013  56.7%   106 13464s

 843453 732113  564.32288  206  194  816.83000  353.69013  56.7%   106 13489s

 844373 733265  516.46368   75  191  816.83000  353.71262  56.7%   106 13522s

 845649 733590  383.74637   50  246  816.83000  353.71262  56.7%   106 13535s

 845990 734336  477.28600   72  215  816.83000  353.71600  56.7%   106 13559s

 846961 735372  526.65287   61  156  816.83000  353.72043  56.7%   106 13584s

 848221 736066 infeasible  144       816.83000  353.72043  56.7%   106 13621s

 849018 736606 infeasible  106       816.83000  353.72893  56.7%   106 13640s

 849590 737410  364.84250   46  234  816.83000  353.72893  56.7%   106 13664s

 850507 738195  442.84856   94  193  816.83000  353.72893  56.7%   106 13697s

 851294 738545  506.39475  170  424  816.83000  353.72893  56.7%   106 13712s

 851684 739746  583.73618  223  212  816.83000  353.72893  56.7%   106 13745s

 853004 740455  380.39744   55  199  816.83000  353.72893  56.7%   106 13776s

 853761 740929  476.50234   81  145  816.83000  353.72893  56.7%   106 13795s

 854288 741271  651.04467  145  117  816.83000  353.72893  56.7%   106 13840s

 854683 741707  652.32406  146  119  816.83000  353.72893  56.7%   106 13871s

 855207 742442  398.43893   58  226  816.83000  353.72893  56.7%   106 13897s

 856035 743070  552.05279  156  193  816.83000  353.72893  56.7%   106 13922s

 856689 743960  783.02510  273  132  816.83000  353.72893  56.7%   106 13955s

 857777 744985  466.29517   94  165  816.83000  353.78216  56.7%   106 13983s

 859000 745593  378.58444   38  152  816.83000  353.78297  56.7%   106 14007s

 859709 745961  712.53960  227  159  816.83000  353.78297  56.7%   106 14025s

 860101 747072  433.73671   72  155  816.83000  353.79179  56.7%   106 14057s

 861341 748190  493.64298   71  230  816.83000  353.79179  56.7%   106 14085s

 862572 748830  358.88497   48  167  816.83000  353.79179  56.7%   106 14105s

 863274 749758  594.83040  137  151  816.83000  353.79179  56.7%   106 14133s

 864278 750523  539.59289  174  158  816.83000  353.79179  56.7%   106 14154s

 865149 751449  740.94536  284  170  816.83000  353.80261  56.7%   106 14182s

 866145 752043  760.30929  103  173  816.83000  353.80261  56.7%   106 14199s

 866795 752954  380.43511   50  241  816.83000  353.82423  56.7%   106 14224s

 867797 753834  376.37531   43  135  816.83000  353.84162  56.7%   106 14241s

 868705 754134  550.42771  127  205  816.83000  353.84162  56.7%   106 14255s

 869021 754742  629.91920  164  191  816.83000  353.84162  56.7%   106 14288s

 869689 755227  416.94438   64  170  816.83000  353.84162  56.7%   106 14316s

 870228 755683  364.30558   50  233  816.83000  353.84162  56.7%   106 14339s

 870704 756279  483.01057   95  245  816.83000  353.84162  56.7%   106 14356s

 871337 757204  625.58098  152  186  816.83000  353.84162  56.7%   106 14386s

 872451 757756  362.01492   48  302  816.83000  353.85769  56.7%   106 14400s



Cutting planes:

  Learned: 28

  Gomory: 35

  Lift-and-project: 26

  Cover: 137

  Implied bound: 491

  Projected implied bound: 33

  Clique: 469

  MIR: 408

  Mixing: 53

  StrongCG: 77

  Flow cover: 903

  GUB cover: 6

  Inf proof: 25

  Zero half: 1589

  RLT: 45

  Relax-and-lift: 1152

  BQP: 8



Explored 873019 nodes (92525027 simplex iterations) in 14400.87 seconds (11819.18 work units)

Thread count was 16 (of 16 available processors)



Solution count 10: 816.83 818.36 822.92 ... 856.39



Time limit reached

Best objective 8.168300000000e+02, best bound 3.538576911048e+02, gap 56.6792%



AMPL MP initial flat model has 9816 variables (0 integer, 9730 binary);

Objectives: 1 quadratic; 

Constraints:  2561 linear; 10 quadratic;



AMPL MP final model has 9816 variables (0 integer, 9730 binary);

Objectives: 1 quadratic; 

Constraints:  2561 linear; 10 quadratic;





-----RESULTS INFO-----
running_time:  14415.203
TC.best_bound:  353.857691104774
TC:  816.8299999999999
MIP Gap (%):  56.67915097330239
=== Vehicle Routes ===
Vehicle 1: 0  1
Vehicle 1: 1  7
Vehicle 1: 4  12
Vehicle 1: 5  4
Vehicle 1: 7  48
Vehicle 1: 12  56
Vehicle 1: 14  5
Vehicle 1: 48  14
Vehicle 2: 0  47
Vehicle 2: 2  10
Vehicle 2: 10  34
Vehicle 2: 33  56
Vehicle 2: 34  33
Vehicle 2: 47  2
Vehicle 3: 0  13
Vehicle 3: 3  45
Vehicle 3: 8  56
Vehicle 3: 13  3
Vehicle 3: 15  8
Vehicle 3: 45  15
Vehicle 4: 0  31
Vehicle 4: 6  36
Vehicle 4: 31  54
Vehicle 4: 36  56
Vehicle 4: 54  6
Vehicle 5: 0  9
Vehicle 5: 9  11
Vehicle 5: 11  52
Vehicle 5: 52  53
Vehicle 5: 53  56
Vehicle 6: 0  49
Vehicle 6: 46  56
Vehicle 6: 49  46

=== Full Vehicle Routes ===
Vehicle 1: 0  1  7  48  14  5  4  12  0 (96<100)
Vehicle 2: 0  47  2  10  34  33  0 (88<100)
Vehicle 3: 0  13  3  45  15  8  0 (100<100)
Vehicle 4: 0  31  54  6  36  0 (97<100)
Vehicle 5: 0  9  11  52  53  0 (91<100)
Vehicle 6: 0  49  46  0 (98<100)
Arc used by MRT line: y variables:
Customer assigment to PL: u variables:
16 46
17 54
18 45
19 45
20 46
21 53
22 49
23 48
24 54
25 47
26 48
27 46
28 49
29 45
30 54
32 52
35 46
37 49
38 47
39 45
40 52
41 48
42 45
43 53
Node is served by regular vehicle: g variables:
1
2
3
4
5
6
7
8
9
10
11
12
13
14
15
31
33
34
36
52
53
54
45
46
47
48
49
Customer assigment to Home delivery: gm variables:
1
2
3
4
5
6
7
8
9
10
11
12
13
14
15
31
33
34
36
Node total demands: ntd variables:
1 9 1
2 9 1
3 3 1
4 14 1
5 8 1
6 8 1
7 2 1
8 9 1
9 8 1
10 14 1
11 24 1
12 13 1
13 18 1
14 14 1
15 18 1
30 0 0
31 9 1
32 0 0
33 14 1
34 4 1
35 0 0
36 14 1
37 0 0
38 0 0
39 0 0
40 0 0
41 0 0
42 0 0
43 0 0
50 0 0
51 0 0
52 33 1
53 26 1
54 66 1
55 0 0
44 0 0
45 52 1
46 54 1
47 47 1
48 36 1
49 44 1
Customer's demand delivered to PL: l variables:
16
17
18
19
20
21
22
23
24
25
26
27
28
29
30
32
35
37
38
39
40
41
42
43
Lockers load <= capacity:
0 <= 94
0 <= 85
33 <= 71
26 <= 85
66 <= 96
0 <= 71
0 <= 85
52 <= 80
54 <= 86
47 <= 85
36 <= 83
44 <= 90
