Gurobi 12.0.3:   lim:time = 14400

  mip:bestbound = 1

Set parameter LogToConsole to value 1

  tech:outlev = 1

Set parameter Cuts to value 3

  cut:cuts = 3

Set parameter Presolve to value 2

  pre:solve = 2

Set parameter MIPFocus to value 2

  mip:focus = 2

Set parameter Symmetry to value 2

  mip:symmetry = 2

Set parameter InfUnbdInfo to value 1

Gurobi Optimizer version 12.0.3 build v12.0.3rc0 (win64 - Windows 10.0 (19045.2))



CPU model: 11th Gen Intel(R) Core(TM) i7-11700 @ 2.50GHz, instruction set [SSE2|AVX|AVX2|AVX512]

Thread count: 8 physical cores, 16 logical processors, using up to 16 threads



Non-default parameters:

TimeLimit  14400

MIPFocus  2

Symmetry  2

Cuts  3

InfUnbdInfo  1

Presolve  2



Optimize a model with 740 rows, 1524 columns and 9276 nonzeros

Model fingerprint: 0x8b77dcd6

Model has 2 quadratic objective terms

Model has 6 quadratic constraints

Variable types: 47 continuous, 1477 integer (0 binary)

Coefficient statistics:

  Matrix range     [1e+00, 1e+05]

  QMatrix range    [1e+00, 1e+00]

  QLMatrix range   [1e+00, 2e+01]

  Objective range  [2e+00, 1e+02]

  QObjective range [3e+00, 3e+00]

  Bounds range     [1e+00, 1e+02]

  RHS range        [1e+00, 1e+05]

  QRHS range       [1e+02, 1e+02]

Presolve removed 67 rows and 118 columns

Presolve time: 0.88s

Presolved: 1722 rows, 2310 columns, 14538 nonzeros

Variable types: 164 continuous, 2146 integer (2001 binary)

Root relaxation presolve removed 63 rows and 2 columns

Root relaxation presolved: 1025 rows, 1786 columns, 18062 nonzeros





Root relaxation: objective 2.348025e+02, 134 iterations, 0.02 seconds (0.02 work units)



    Nodes    |    Current Node    |     Objective Bounds      |     Work

 Expl Unexpl |  Obj  Depth IntInf | Incumbent    BestBd   Gap | It/Node Time



     0     0  234.80246    0   65          -  234.80246      -     -    1s

H    0     0                     848.6000000  234.98030  72.3%     -    1s

     0     0  282.53000    0   47  848.60000  282.53000  66.7%     -    1s

H    0     0                     804.7700000  282.53000  64.9%     -    1s

H    0     0                     804.5200000  282.53000  64.9%     -    1s

     0     0  282.53000    0   52  804.52000  282.53000  64.9%     -    1s

     0     0  282.53000    0   49  804.52000  282.53000  64.9%     -    1s

     0     0  282.53000    0   50  804.52000  282.53000  64.9%     -    1s

H    0     0                     670.7200000  282.53000  57.9%     -    1s

H    0     0                     583.8800000  282.53000  51.6%     -    1s

     0     0  282.53000    0   31  583.88000  282.53000  51.6%     -    1s

H    0     0                     578.2100000  282.53000  51.1%     -    1s

     0     0  282.53000    0   32  578.21000  282.53000  51.1%     -    1s

H    0     0                     576.1300000  282.53000  51.0%     -    1s

H    0     0                     575.1900000  282.53000  50.9%     -    1s

H    0     0                     564.8700000  282.53000  50.0%     -    1s

H    0     0                     545.9300000  282.53000  48.2%     -    1s

H    0     0                     533.1200000  282.53111  47.0%     -    1s

H    0     0                     479.9400000  282.53111  41.1%     -    1s

     0     0  282.53457    0   65  479.94000  282.53457  41.1%     -    1s

     0     0  282.53457    0   65  479.94000  282.53457  41.1%     -    1s

     0     0  284.08556    0   70  479.94000  284.08556  40.8%     -    2s

     0     0  285.56612    0   82  479.94000  285.56612  40.5%     -    2s

     0     0  285.57245    0   97  479.94000  285.57245  40.5%     -    2s

     0     0  289.30943    0   55  479.94000  289.30943  39.7%     -    2s

     0     0  289.30943    0   55  479.94000  289.30943  39.7%     -    2s

     0     2  289.68817    0   55  479.94000  289.68817  39.6%     -    2s

H   69    73                     476.7800000  289.68817  39.2%  37.6    3s

H 1889  1264                     465.2600000  295.82571  36.4%  17.9    4s

H 1889  1201                     459.4700000  295.82571  35.6%  17.9    4s

H 1889  1141                     458.8900000  295.82571  35.5%  17.9    4s

H 1897  1089                     453.4200000  295.82571  34.8%  17.8    4s

H 1898  1034                     435.5800000  295.82571  32.1%  17.8    4s

H 1898   982                     423.5300000  295.82571  30.2%  17.8    4s

  1904   986  423.53000   26  107  423.53000  295.82571  30.2%  17.8    5s

H 1905   938                     421.9500000  296.19418  29.8%  17.8    5s

H 1909   893                     419.3400000  299.49577  28.6%  17.7    5s

  2004   956  419.34000   26  143  419.34000  312.44185  25.5%  16.9   10s

  7807  2860  365.14000   33   73  419.34000  332.02528  20.8%  29.2   15s

 18936  6938  360.83476   27   39  419.34000  341.84521  18.5%  28.5   20s

 29904 10667  352.90639   34   77  419.34000  346.99245  17.3%  28.7   25s

 39447 13682  366.45572   39  108  419.34000  350.46659  16.4%  28.9   30s

 48627 16309  395.25167   29   56  419.34000  353.09473  15.8%  29.1   35s

 60921 19141 infeasible   44       419.34000  356.05750  15.1%  28.8   40s

 70072 21359  388.91623   46   95  419.34000  358.23542  14.6%  28.9   45s

 78584 23043     cutoff   50       419.34000  359.99118  14.2%  28.9   50s

 87981 24822  386.82375   54   60  419.34000  361.72785  13.7%  29.0   55s

 97104 26409  400.30050   39   53  419.34000  363.41768  13.3%  29.1   60s

 105708 27785 infeasible   43       419.34000  364.81814  13.0%  29.1   65s

 114486 29363  382.39493   38   45  419.34000  366.12845  12.7%  29.3   70s

 121259 30355  386.68500   38   29  419.34000  367.06964  12.5%  29.4   75s

 129345 31561  406.81167   28   77  419.34000  368.37303  12.2%  29.5   80s

 137648 32610  387.94350   34   68  419.34000  369.73134  11.8%  29.7   85s

 144561 33327 infeasible   43       419.34000  370.67761  11.6%  29.8   90s

 152594 34264  400.13348   42   90  419.34000  371.77206  11.3%  29.9   95s

 159010 35032  403.75700   43   71  419.34000  372.59319  11.1%  29.9  100s

 167682 35690  403.75254   48   43  419.34000  373.68500  10.9%  30.0  105s

 173776 36249  409.04178   44   36  419.34000  374.56217  10.7%  30.1  110s

 182667 37061  380.95534   33   29  419.34000  375.67639  10.4%  30.1  115s

 189683 37452  410.56405   54   74  419.34000  376.56675  10.2%  30.1  120s

 196133 38048  415.30261   33   84  419.34000  377.35597  10.0%  30.1  125s

 204754 38622  411.39194   37   49  419.34000  378.31853  9.78%  30.1  130s

 211388 38895  397.12766   36  104  419.34000  379.06580  9.60%  30.1  135s

 219293 39317  406.06042   41   16  419.34000  379.93086  9.40%  30.1  140s

 226278 39384  413.45736   39   50  419.34000  380.70016  9.21%  30.1  145s

 233142 39560  395.80854   45   71  419.34000  381.47734  9.03%  30.1  150s

 239563 39551  412.66651   37   99  419.34000  382.17723  8.86%  30.1  155s

 246267 39717     cutoff   36       419.34000  382.81756  8.71%  30.1  160s

 253163 39642  386.78842   48   19  419.34000  383.54422  8.54%  30.1  165s

 259567 39490  409.83204   38   42  419.34000  384.18214  8.38%  30.0  170s

 266403 39219     cutoff   39       419.34000  384.97050  8.20%  30.0  175s

 273357 39101  410.02562   55   60  419.34000  385.68774  8.03%  30.0  180s

 279925 38820     cutoff   43       419.34000  386.33348  7.87%  30.0  185s

 286962 38419 infeasible   45       419.34000  387.08366  7.69%  30.0  191s

 293425 37952     cutoff   44       419.34000  387.75270  7.53%  30.0  196s

 298580 37605 infeasible   48       419.34000  388.35833  7.39%  30.0  200s

 305275 36992  410.14526   47   32  419.34000  389.04750  7.22%  30.0  205s

 311633 36310  410.64621   36   77  419.34000  389.78382  7.05%  30.0  210s

 317355 35703  405.33400   35   35  419.34000  390.35525  6.91%  30.0  215s

 323104 35053  402.31268   47   56  419.34000  390.97412  6.76%  30.0  220s

 330071 34188 infeasible   37       419.34000  391.75056  6.58%  30.0  225s

 337082 33341  410.49000   57   43  419.34000  392.44567  6.41%  30.0  231s

 341824 32500  409.84876   42   62  419.34000  393.00667  6.28%  30.0  235s

 348842 31345  403.22031   39   56  419.34000  393.87367  6.07%  30.0  240s

 355650 30108 infeasible   60       419.34000  394.69307  5.88%  29.9  246s

 360928 29164  406.09763   39   87  419.34000  395.33815  5.72%  29.9  250s

 367969 27719     cutoff   46       419.34000  396.17842  5.52%  29.9  256s

 373074 26571  402.74476   57   82  419.34000  396.78131  5.38%  29.8  260s

 379809 24997     cutoff   41       419.34000  397.70150  5.16%  29.8  266s

 383981 23900  408.62416   39   52  419.34000  398.19874  5.04%  29.8  270s

 391046 21990     cutoff   37       419.34000  399.34502  4.77%  29.7  276s

 396068 20463     cutoff   46       419.34000  400.05004  4.60%  29.7  280s

 401660 18870  401.11156   41   14  419.34000  400.91278  4.39%  29.6  285s

 408612 16447  416.53250   42   71  419.34000  402.12125  4.11%  29.5  290s

 414186 14629     cutoff   52       419.34000  403.08709  3.88%  29.5  295s

 421139 12007  405.62367   40   65  419.34000  404.49000  3.54%  29.3  301s

 426647  9844 infeasible   37       419.34000  405.79205  3.23%  29.2  305s

 434129  6421     cutoff   37       419.34000  407.92215  2.72%  29.1  311s

 439853  3561  410.31047   35    9  419.34000  410.08871  2.21%  28.9  315s



Cutting planes:

  Learned: 15

  Gomory: 25

  Lift-and-project: 19

  Cover: 190

  Implied bound: 123

  Projected implied bound: 9

  Clique: 145

  MIR: 71

  Mixing: 11

  StrongCG: 7

  Flow cover: 409

  GUB cover: 12

  Inf proof: 154

  Zero half: 758

  RLT: 119

  Relax-and-lift: 221



Explored 447418 nodes (12825411 simplex iterations) in 319.89 seconds (200.32 work units)

Thread count was 16 (of 16 available processors)



Solution count 10: 419.34 419.34 421.95 ... 476.78



Optimal solution found (tolerance 1.00e-04)

Best objective 4.193400000000e+02, best bound 4.193400000000e+02, gap 0.0000%



AMPL MP initial flat model has 1524 variables (0 integer, 1477 binary);

Objectives: 1 quadratic; 

Constraints:  740 linear; 6 quadratic;



AMPL MP final model has 1524 variables (0 integer, 1477 binary);

Objectives: 1 quadratic; 

Constraints:  740 linear; 6 quadratic;





-----RESULTS INFO-----
running_time:  319.969
TC.best_bound:  419.34
TC:  419.34000000000003
MIP Gap (%):  1.3555448767302908e-14
=== Vehicle Routes ===
Vehicle 1: 0 → 24
Vehicle 1: 1 → 27
Vehicle 1: 5 → 6
Vehicle 1: 6 → 1
Vehicle 1: 15 → 19
Vehicle 1: 19 → 5
Vehicle 1: 24 → 15
Vehicle 2: 0 → 2
Vehicle 2: 2 → 18
Vehicle 2: 3 → 4
Vehicle 2: 4 → 20
Vehicle 2: 17 → 27
Vehicle 2: 18 → 3
Vehicle 2: 20 → 17
Vehicle 3: 0 → 27
Vehicle 4: 0 → 27

=== Full Vehicle Routes ===
Vehicle 1: 0 → 24 → 15 → 19 → 5 → 6 → 1 → 0 (97<100)
Vehicle 2: 0 → 2 → 18 → 3 → 4 → 20 → 17 → 0 (100<100)
Vehicle 3: 0 → 0 (0<100)
Vehicle 4: 0 → 0 (0<100)
Arc used by MRT line: y variables:
Customer assigment to PL: u variables:
7 24
8 17
9 20
10 18
11 20
12 18
13 24
14 20
16 19
Node is served by regular vehicle: g variables:
1
2
3
4
5
6
15
24
17
18
19
20
Customer assigment to Home delivery: gm variables:
1
2
3
4
5
6
15
Node total demands: ntd variables:
1 21 1
2 21 1
3 16 1
4 2 1
5 9 1
6 12 1
12 0 0
13 0 0
14 0 0
15 16 1
16 0 0
23 0 0
24 20 1
25 0 0
26 0 0
17 8 1
18 16 1
19 19 1
20 37 1
21 0 0
22 0 0
Customer's demand delivered to PL: l variables:
7
8
9
10
11
12
13
14
16
Lockers load <= capacity:
0 <= 80
20 <= 97
0 <= 84
0 <= 99
8 <= 88
16 <= 82
19 <= 71
37 <= 78
0 <= 98
0 <= 84
