Gurobi 12.0.3:   lim:time = 14400

  mip:bestbound = 1

Set parameter LogToConsole to value 1

  tech:outlev = 1

Set parameter Cuts to value 3

  cut:cuts = 3

Set parameter Presolve to value 2

  pre:solve = 2

Set parameter MIPFocus to value 2

  mip:focus = 2

Set parameter Symmetry to value 2

  mip:symmetry = 2

Set parameter InfUnbdInfo to value 1

Gurobi Optimizer version 12.0.3 build v12.0.3rc0 (win64 - Windows 10.0 (19045.2))



CPU model: 11th Gen Intel(R) Core(TM) i7-11700 @ 2.50GHz, instruction set [SSE2|AVX|AVX2|AVX512]

Thread count: 8 physical cores, 16 logical processors, using up to 16 threads



Non-default parameters:

TimeLimit  14400

MIPFocus  2

Symmetry  2

Cuts  3

InfUnbdInfo  1

Presolve  2



Optimize a model with 562 rows, 1240 columns and 7257 nonzeros

Model fingerprint: 0x28d6f363

Model has 2 quadratic objective terms

Model has 6 quadratic constraints

Variable types: 42 continuous, 1198 integer (0 binary)

Coefficient statistics:

  Matrix range     [1e+00, 1e+05]

  QMatrix range    [1e+00, 1e+00]

  QLMatrix range   [1e+00, 1e+01]

  Objective range  [3e+00, 1e+02]

  QObjective range [2e+00, 2e+00]

  Bounds range     [1e+00, 1e+02]

  RHS range        [1e+00, 1e+05]

  QRHS range       [1e+02, 1e+02]

Presolve removed 51 rows and 92 columns

Presolve time: 0.29s

Presolved: 1328 rows, 1956 columns, 11617 nonzeros

Variable types: 145 continuous, 1811 integer (1492 binary)

Root relaxation presolve removed 22 rows and 3 columns

Root relaxation presolved: 925 rows, 1572 columns, 17036 nonzeros





Root relaxation: objective 9.345231e+01, 205 iterations, 0.03 seconds (0.02 work units)



    Nodes    |    Current Node    |     Objective Bounds      |     Work

 Expl Unexpl |  Obj  Depth IntInf | Incumbent    BestBd   Gap | It/Node Time



     0     0   93.45231    0   90          -   93.45231      -     -    0s

H    0     0                     502.4800000   97.64308  80.6%     -    0s

     0     0  160.58000    0   70  502.48000  160.58000  68.0%     -    0s

     0     0  160.58000    0   69  502.48000  160.58000  68.0%     -    0s

     0     0  160.58000    0   69  502.48000  160.58000  68.0%     -    0s

     0     0  160.58066    0   33  502.48000  160.58066  68.0%     -    1s

H    0     0                     489.8000000  160.58066  67.2%     -    1s

     0     0  160.58066    0   41  489.80000  160.58066  67.2%     -    1s

H    0     0                     428.1900000  160.58066  62.5%     -    1s

H    0     0                     415.3300000  160.58066  61.3%     -    1s

H    0     0                     413.7900000  160.58066  61.2%     -    1s

H    0     0                     395.6100000  160.58066  59.4%     -    1s

H    0     0                     394.0700000  160.58066  59.3%     -    1s

     0     0  160.58208    0   33  394.07000  160.58208  59.3%     -    1s

     0     0  160.58208    0   42  394.07000  160.58208  59.3%     -    1s

     0     0  160.58294    0   46  394.07000  160.58294  59.3%     -    2s

     0     0  160.58294    0   46  394.07000  160.58294  59.3%     -    2s

     0     2  160.58294    0   46  394.07000  160.58294  59.3%     -    2s

H  153   162                     392.6700000  160.58326  59.1%  13.6    2s

H  264   247                     381.9100000  160.58326  58.0%  12.3    3s

H  334   301                     378.7100000  160.58428  57.6%  12.0    3s

H  335   301                     377.5000000  160.58428  57.5%  12.0    3s

H  633   544                     374.0400000  160.58428  57.1%  11.8    3s

H  979   794                     351.7100000  160.58853  54.3%  12.8    3s

H 1606  1133                     350.9800000  163.13293  53.5%  14.4    3s

  1865  1319  208.96615   42   41  350.98000  175.49794  50.0%  14.6    5s

  1892  1337  227.23045   21   66  350.98000  183.44264  47.7%  14.4   10s

  1963  1385  251.99039   58  155  350.98000  184.78353  47.4%  16.9   15s

  3095  1826  188.51233   45   72  350.98000  188.51233  46.3%  19.4   20s

 14268  6472  240.63048   45   71  350.98000  191.76059  45.4%  18.4   25s

H15146  6505                     349.1100000  191.98651  45.0%  18.4   25s

H16871  7435                     349.1099806  192.87078  44.8%  18.3   26s

H16889  7628                     348.8600000  192.87078  44.7%  18.3   26s

 25614 11444  265.96836   42   30  348.86000  194.38542  44.3%  18.0   30s

 36864 16156  198.84500   36   54  348.86000  195.81659  43.9%  18.8   35s

 45227 19914  292.08669   53   50  348.86000  197.07500  43.5%  18.9   40s

 53349 22989  200.14603   35   34  348.86000  198.47410  43.1%  19.0   45s

 61339 25332  237.72245   47   43  348.86000  199.61253  42.8%  18.9   50s

 69903 29141  319.64902   46   39  348.86000  200.88064  42.4%  19.0   55s

 78748 32462 infeasible   51       348.86000  202.02526  42.1%  18.9   60s

 87945 36050  280.82500   41   67  348.86000  203.45545  41.7%  18.9   65s

 96527 39500  211.57696   42   68  348.86000  204.62709  41.3%  18.9   70s

 104289 42566 infeasible   59       348.86000  205.68742  41.0%  19.1   75s

 113492 45608     cutoff   63       348.86000  206.69086  40.8%  19.2   80s

 122970 48935  267.55021   37   28  348.86000  207.96979  40.4%  19.3   85s

 131519 51930  289.12704   42   59  348.86000  209.05143  40.1%  19.5   90s

 141141 55212  244.60308   51   47  348.86000  210.21964  39.7%  19.6   95s

 149400 57657  232.18064   45   47  348.86000  211.26035  39.4%  19.8  100s

 157422 60250  300.43063   55   51  348.86000  212.37500  39.1%  19.9  105s

 165548 62730     cutoff   46       348.86000  213.50558  38.8%  20.0  110s

 173921 65033  220.23962   52   94  348.86000  214.79065  38.4%  20.0  115s

 182355 67594  277.89790   42   41  348.86000  215.93055  38.1%  20.1  120s

 190647 70165  261.83137   46   41  348.86000  217.14866  37.8%  20.2  125s

 196843 72291  269.59264   48   63  348.86000  218.03286  37.5%  20.3  130s

 203456 73974  232.37967   42   52  348.86000  219.19621  37.2%  20.4  135s

 211137 76234  311.62848   38   45  348.86000  220.22513  36.9%  20.4  140s

 217976 78033  310.74510   38   61  348.86000  221.11471  36.6%  20.5  145s

 226642 80418  227.63112   45   98  348.86000  222.15366  36.3%  20.5  150s

 233299 82208  331.58151   50   54  348.86000  222.94896  36.1%  20.6  155s

 241635 84434  240.95233   42   97  348.86000  224.12495  35.8%  20.6  160s

 248658 86042  279.07186   42   67  348.86000  225.08909  35.5%  20.6  165s

 255350 87700  256.36174   50   43  348.86000  226.09913  35.2%  20.7  170s

 261984 89546  340.61871   61   23  348.86000  227.10549  34.9%  20.7  175s

 268938 91358  332.08925   53   93  348.86000  228.11185  34.6%  20.7  180s

 274897 92804  268.14739   61   87  348.86000  228.94604  34.4%  20.8  185s

 280893 94281  253.33000   38   67  348.86000  229.64836  34.2%  20.8  190s

 287904 95910  314.28666   49   53  348.86000  230.49007  33.9%  20.8  195s

 292954 97316  303.69518   43   31  348.86000  231.11490  33.8%  20.9  200s

 299500 98785  248.59154   48   65  348.86000  231.97616  33.5%  20.9  205s

 304085 99916  302.16590   46   49  348.86000  232.39478  33.4%  21.0  211s

 310100 101221  248.30153   40   42  348.86000  233.39768  33.1%  21.0  216s

 315695 102460  299.08050   58   45  348.86000  234.20832  32.9%  21.1  221s

 321093 103708 infeasible   52       348.86000  234.99394  32.6%  21.1  225s

 327470 105209     cutoff   55       348.86000  235.99666  32.4%  21.2  231s

 332471 106278  316.86390   56   47  348.86000  236.73339  32.1%  21.2  236s

 337559 107284     cutoff   49       348.86000  237.45372  31.9%  21.3  240s

 343859 108799  282.95555   50   30  348.86000  238.41739  31.7%  21.3  246s

 349369 109757  318.42320   48   51  348.86000  239.13040  31.5%  21.4  251s

 354076 110892  299.64199   43   24  348.86000  239.96263  31.2%  21.4  255s

 359562 112001 infeasible   49       348.86000  240.55115  31.0%  21.5  260s

 364527 113018  318.85023   51   44  348.86000  241.08269  30.9%  21.5  265s

 369314 114015  318.61500   41   43  348.86000  241.62439  30.7%  21.5  270s

 374432 115117  342.77089   44   33  348.86000  242.19518  30.6%  21.6  275s

 379267 116237  304.21142   43   46  348.86000  242.78902  30.4%  21.6  280s

 384487 117220  341.22209   44   60  348.86000  243.34054  30.2%  21.7  286s

 389473 118476 infeasible   51       348.86000  243.83877  30.1%  21.7  291s

 393377 119251  340.55468   57   42  348.86000  244.20906  30.0%  21.7  295s

 398544 120144  306.42273   50   60  348.86000  244.85640  29.8%  21.7  300s

 403368 121227  282.78500   47   50  348.86000  245.32492  29.7%  21.8  305s

 408044 122137 infeasible   64       348.86000  245.84962  29.5%  21.8  311s

 413228 123101  277.56504   51   33  348.86000  246.37150  29.4%  21.8  316s

 416665 123877 infeasible   50       348.86000  246.71116  29.3%  21.8  320s

 421913 125033  279.35577   52   34  348.86000  247.16679  29.2%  21.9  325s

 426979 126301  298.85978   54   76  348.86000  247.65353  29.0%  21.9  331s

 430005 126985  318.42609   52   74  348.86000  247.94435  28.9%  21.9  335s

 435326 128045  307.14801   71   46  348.86000  248.40268  28.8%  21.9  340s

 438367 128791  332.26096   50   50  348.86000  248.76036  28.7%  21.9  345s

 443645 129932 infeasible   59       348.86000  249.18901  28.6%  21.9  351s

 446962 130689  319.46400   59   58  348.86000  249.47554  28.5%  21.9  355s

 450201 134141     cutoff   56       348.86000  249.83371  28.4%  22.0  379s

 455201 134141  308.52699   44   73  348.86000  249.83371  28.4%  21.9  380s

 466201 134132  322.76693   64   22  348.86000  250.60500  28.2%  21.9  386s

 467247 134498     cutoff   52       348.86000  250.63183  28.2%  21.9  390s

 470885 135139 infeasible   51       348.86000  250.95059  28.1%  21.9  395s

 475568 136075  281.80746   42   68  348.86000  251.38623  27.9%  21.9  401s

 479106 136820  334.09487   59   26  348.86000  251.71115  27.8%  22.0  406s

 482415 137474  299.17818   56   23  348.86000  252.03231  27.8%  22.0  410s

 485851 137988  293.05333   43   58  348.86000  252.34462  27.7%  22.0  415s

 490788 138866  291.09936   37   57  348.86000  252.80481  27.5%  22.0  421s

 493896 139433  285.69274   54   46  348.86000  253.06020  27.5%  22.0  426s

 497332 140131  346.66211   60   28  348.86000  253.38660  27.4%  22.0  430s

 501559 140655  331.85368   50   51  348.86000  253.67167  27.3%  22.0  435s

 505812 141524  292.47502   49   72  348.86000  254.00091  27.2%  22.0  441s

 509234 142120 infeasible   51       348.86000  254.33069  27.1%  22.0  446s

 512575 142656  317.05285   49   63  348.86000  254.59158  27.0%  22.0  451s

 515695 143222  321.22130   63   52  348.86000  254.87802  26.9%  22.0  455s

 519043 143880  291.14595   59   74  348.86000  255.13678  26.9%  22.1  460s

 524193 144832     cutoff   56       348.86000  255.55012  26.7%  22.1  467s

 527679 145410  331.67674   58   19  348.86000  255.85148  26.7%  22.1  472s

 530883 145970  338.73593   54   14  348.86000  256.07195  26.6%  22.1  476s

 534396 146596  327.56091   54   29  348.86000  256.33411  26.5%  22.1  481s

 537369 147052  336.67635   48   50  348.86000  256.56071  26.5%  22.1  485s

 540855 147557 infeasible   41       348.86000  256.82468  26.4%  22.1  490s

 544326 147949  326.92429   45   61  348.86000  257.06506  26.3%  22.1  495s

 547638 148463  275.44470   55   46  348.86000  257.36216  26.2%  22.1  500s

 551181 149210  336.28823   51   67  348.86000  257.62937  26.2%  22.1  505s

 555794 149795  316.19665   50   62  348.86000  257.87550  26.1%  22.1  510s

 559464 150547  335.76440   44   39  348.86000  258.17132  26.0%  22.1  516s

 562986 151156  317.29142   52   58  348.86000  258.44393  25.9%  22.2  521s

 566566 151692     cutoff   46       348.86000  258.70516  25.8%  22.2  526s

 569990 152230  266.81353   57   62  348.86000  258.90016  25.8%  22.2  530s

 573200 152730 infeasible   52       348.86000  259.15548  25.7%  22.2  535s

 576533 153379  340.31624   60   25  348.86000  259.39861  25.6%  22.2  540s

 579687 153775     cutoff   66       348.86000  259.61074  25.6%  22.2  545s

 583114 154339  284.61139   56   28  348.86000  259.83518  25.5%  22.2  550s

 585527 154714     cutoff   50       348.86000  259.97463  25.5%  22.2  555s

 589157 155334 infeasible   59       348.86000  260.24519  25.4%  22.2  561s

 592580 155911  285.24888   61   35  348.86000  260.54103  25.3%  22.2  566s

 596295 156434  344.14000   53   40  348.86000  260.81106  25.2%  22.2  571s

 600121 156973  318.19631   46   44  348.86000  261.05051  25.2%  22.2  576s

 603104 157560  266.58164   39   32  348.86000  261.25077  25.1%  22.2  581s

 606595 158172  302.83028   47   34  348.86000  261.45881  25.1%  22.2  586s

 609766 158883  267.97129   40   93  348.86000  261.69535  25.0%  22.2  592s

 613535 159444 infeasible   47       348.86000  261.94000  24.9%  22.2  597s

 616875 160081 infeasible   52       348.86000  262.18500  24.8%  22.3  602s

 620560 160472     cutoff   48       348.86000  262.44037  24.8%  22.3  606s

 623654 160916  273.33891   60   81  348.86000  262.65161  24.7%  22.3  611s

 627052 161296  284.72333   49   61  348.86000  262.85457  24.7%  22.3  617s

 630273 161763  327.97784   42   43  348.86000  263.09188  24.6%  22.3  622s

 633637 162141 infeasible   62       348.86000  263.33282  24.5%  22.3  627s

 637104 162550     cutoff   50       348.86000  263.53013  24.5%  22.3  632s

 640364 162858  314.71163   37   37  348.86000  263.75400  24.4%  22.3  637s

 643185 163284 infeasible   47       348.86000  263.97371  24.3%  22.3  642s

 646694 163574  322.36463   48   56  348.86000  264.22885  24.3%  22.3  647s

 649985 163764  321.12250   41   41  348.86000  264.50244  24.2%  22.3  652s

 651624 163919  343.93439   58   26  348.86000  264.61333  24.1%  22.3  655s

 655263 164261  328.00965   50   32  348.86000  264.87379  24.1%  22.4  660s

 658655 164627 infeasible   44       348.86000  265.11670  24.0%  22.4  666s

 662229 164998  306.16778   56   67  348.86000  265.38164  23.9%  22.4  671s

 665115 165388     cutoff   56       348.86000  265.60071  23.9%  22.4  676s

 668458 165718  286.70354   45   45  348.86000  265.82978  23.8%  22.4  681s

 672127 166025 infeasible   56       348.86000  266.10785  23.7%  22.4  687s

 673859 166179  302.86696   46   64  348.86000  266.20943  23.7%  22.4  690s

 677388 166457  328.27779   48   94  348.86000  266.47792  23.6%  22.4  695s

 680578 166750  336.34473   55   45  348.86000  266.68635  23.6%  22.4  700s

 683841 166936 infeasible   58       348.86000  266.91453  23.5%  22.5  706s

 686703 167168  342.91221   55   68  348.86000  267.14562  23.4%  22.5  711s

 690177 167396 infeasible   51       348.86000  267.40000  23.4%  22.5  717s

 691884 167502 infeasible   77       348.86000  267.52500  23.3%  22.5  720s

 694099 167770  320.74353   46   62  348.86000  267.61366  23.3%  22.5  726s

 697581 168024  316.56660   52   89  348.86000  267.94668  23.2%  22.5  732s

 699404 168156  281.43663   45   81  348.86000  268.04356  23.2%  22.5  735s

 703008 168338 infeasible   46       348.86000  268.31643  23.1%  22.6  740s

 706416 168589  307.25311   51   64  348.86000  268.55746  23.0%  22.6  745s

 709322 168849  346.71275   49   47  348.86000  268.80915  22.9%  22.6  751s

 712891 169050     cutoff   47       348.86000  269.07793  22.9%  22.6  757s

 716194 169247  308.86379   51   42  348.86000  269.28535  22.8%  22.6  762s

 717898 169349     cutoff   44       348.86000  269.45408  22.8%  22.6  765s

 721284 169517  322.53522   49   71  348.86000  269.70367  22.7%  22.7  770s

 724688 169691  317.56667   46   27  348.86000  269.95919  22.6%  22.7  776s

 728088 169848     cutoff   59       348.86000  270.18866  22.6%  22.7  781s

 730927 170056  314.16942   55   83  348.86000  270.40987  22.5%  22.7  787s

 732661 170120  335.68478   64   16  348.86000  270.56651  22.4%  22.7  790s

 736046 170316  328.59700   54   46  348.86000  270.84115  22.4%  22.7  795s

 739510 170436  282.44700   42   65  348.86000  271.09056  22.3%  22.8  800s

 742828 170556     cutoff   56       348.86000  271.36762  22.2%  22.8  806s

 746307 170626     cutoff   64       348.86000  271.60720  22.1%  22.8  812s

 747978 170741  337.48973   48   40  348.86000  271.76856  22.1%  22.8  815s

 750760 170902  278.88833   58   66  348.86000  272.00450  22.0%  22.8  820s

 754110 171038     cutoff   44       348.86000  272.25033  22.0%  22.8  826s

 757567 171083     cutoff   51       348.86000  272.50760  21.9%  22.9  832s

 759027 171076 infeasible   56       348.86000  272.58671  21.9%  22.9  835s

 762433 171176  329.52000   47   34  348.86000  272.90448  21.8%  22.9  841s

 765880 171330     cutoff   54       348.86000  273.20000  21.7%  22.9  847s

 767733 171357  327.08175   57   40  348.86000  273.31885  21.7%  22.9  850s

 770917 171489  301.33878   47   72  348.86000  273.56553  21.6%  22.9  855s

 773789 171512  314.01535   43   71  348.86000  273.77326  21.5%  22.9  860s

 777009 171678  333.31455   48   72  348.86000  274.00579  21.5%  23.0  866s

 780485 171777     cutoff   47       348.86000  274.26035  21.4%  23.0  872s

 782185 171832 infeasible   45       348.86000  274.37387  21.4%  23.0  875s

 785555 171881  311.64416   45   66  348.86000  274.61503  21.3%  23.0  880s

 788842 171987  330.73441   53   25  348.86000  274.85847  21.2%  23.0  886s

 792183 172009     cutoff   43       348.86000  275.11812  21.1%  23.1  892s

 795021 172115  333.54513   58   36  348.86000  275.32134  21.1%  23.1  897s

 797112 172174  326.81500   58   43  348.86000  275.44788  21.0%  23.1  903s

 798691 172253  323.08845   48  116  348.86000  275.52843  21.0%  23.1  906s

 802187 172207  309.37500   49   34  348.86000  275.84072  20.9%  23.1  912s

 804133 172230  324.65475   55   75  348.86000  275.97768  20.9%  23.1  915s

 807621 172256  308.53050   62   36  348.86000  276.24100  20.8%  23.1  921s

 811206 172347     cutoff   49       348.86000  276.50866  20.7%  23.2  927s

 812835 172353  302.43970   68   63  348.86000  276.59571  20.7%  23.2  930s

 816342 172306     cutoff   54       348.86000  276.88341  20.6%  23.2  936s

 819051 172280     cutoff   48       348.86000  277.10288  20.6%  23.2  941s

 822556 172318     cutoff   48       348.86000  277.33122  20.5%  23.2  946s

 825880 172362     cutoff   47       348.86000  277.61103  20.4%  23.3  952s

 829364 172352 infeasible   47       348.86000  277.85145  20.4%  23.3  957s

 832532 172379  335.54843   46   59  348.86000  278.11686  20.3%  23.3  962s

 836000 172295  337.44941   42   32  348.86000  278.36709  20.2%  23.3  967s

 838756 172253  322.83667   46   32  348.86000  278.50209  20.2%  23.3  970s

 842259 172265  332.55905   42   41  348.86000  278.84579  20.1%  23.3  977s

 845819 172173  343.97773   50   29  348.86000  279.11039  20.0%  23.4  982s

 849378 172142  336.50500   52   39  348.86000  279.35674  19.9%  23.4  987s

 852607 172091  324.04618   43   57  348.86000  279.62700  19.8%  23.4  992s

 854282 172128 infeasible   48       348.86000  279.74281  19.8%  23.4  995s

 857891 172085  336.78901   47   36  348.86000  280.00716  19.7%  23.4 1000s

 861156 171971     cutoff   42       348.86000  280.27271  19.7%  23.4 1005s

 863949 171952     cutoff   47       348.86000  280.49562  19.6%  23.4 1010s

 868995 171859 infeasible   49       348.86000  280.88451  19.5%  23.5 1017s

 872532 171752  320.91069   44   24  348.86000  281.12010  19.4%  23.5 1022s

 874273 171829  285.44783   58   83  348.86000  281.24983  19.4%  23.5 1025s

 877628 171780  320.98985   62   39  348.86000  281.52695  19.3%  23.5 1030s

 880891 171776 infeasible   53       348.86000  281.76978  19.2%  23.5 1035s

 884419 171638  337.79333   51   41  348.86000  282.01996  19.2%  23.5 1040s

 888859 171705 infeasible   58       348.86000  282.32088  19.1%  23.6 1047s

 892331 171585  309.00600   53   45  348.86000  282.60580  19.0%  23.6 1052s

 895546 171654  315.73301   40   36  348.86000  282.82417  18.9%  23.6 1057s

 897278 171575  338.31012   71   70  348.86000  282.93768  18.9%  23.6 1060s

 900594 171419     cutoff   55       348.86000  283.24289  18.8%  23.6 1065s

 903975 171313 infeasible   62       348.86000  283.51698  18.7%  23.6 1070s

 907354 171249     cutoff   49       348.86000  283.75877  18.7%  23.6 1075s

 910334 171189  302.67902   40   53  348.86000  283.98409  18.6%  23.6 1080s

 913706 171065  324.21287   44   23  348.86000  284.21643  18.5%  23.7 1085s

 917234 170946  329.51171   48   40  348.86000  284.48699  18.5%  23.7 1091s

 920347 170886  339.12554   47   75  348.86000  284.72402  18.4%  23.7 1096s

 923774 170787  294.27237   56   67  348.86000  284.96390  18.3%  23.7 1102s

 927261 170620  334.28522   44   45  348.86000  285.26750  18.2%  23.7 1107s

 929069 170553     cutoff   55       348.86000  285.39887  18.2%  23.7 1111s

 931562 170462  318.61905   44   31  348.86000  285.51333  18.2%  23.7 1116s

 935321 170357  347.06875   52   62  348.86000  285.80894  18.1%  23.7 1121s

 938071 170207  314.88000   47   43  348.86000  286.01750  18.0%  23.8 1127s

 941545 170016  309.47585   45   58  348.86000  286.28068  17.9%  23.8 1132s

 943279 169959 infeasible   52       348.86000  286.42481  17.9%  23.8 1135s

 946623 169721  290.19447   47   84  348.86000  286.67410  17.8%  23.8 1141s

 950190 169537     cutoff   55       348.86000  286.95524  17.7%  23.8 1146s

 953779 169400 infeasible   43       348.86000  287.20236  17.7%  23.8 1152s

 957236 169280 infeasible   58       348.86000  287.43169  17.6%  23.8 1157s

 958730 169265  334.16579   71   69  348.86000  287.52692  17.6%  23.8 1160s

 962157 169031 infeasible   47       348.86000  287.78750  17.5%  23.9 1165s

 965436 168858     cutoff   58       348.86000  288.00698  17.4%  23.9 1170s

 968673 168588  323.19301   47   54  348.86000  288.26094  17.4%  23.9 1175s

 972054 168384  299.79333   54   53  348.86000  288.50681  17.3%  23.9 1181s

 975695 168338  294.30146   43   85  348.86000  288.80546  17.2%  23.9 1186s

 978595 168112  334.37616   51   34  348.86000  288.99000  17.2%  23.9 1191s

 982234 167864 infeasible   61       348.86000  289.22500  17.1%  23.9 1197s

 985056 167642     cutoff   51       348.86000  289.41135  17.0%  23.9 1202s

 986719 167527     cutoff   51       348.86000  289.55852  17.0%  23.9 1205s

 990162 167360  312.38230   54   56  348.86000  289.83884  16.9%  24.0 1210s

 993681 167207     cutoff   41       348.86000  290.09294  16.8%  24.0 1216s

 996951 166938  339.84881   50   63  348.86000  290.31688  16.8%  24.0 1221s

 1000338 166738  308.91177   54   30  348.86000  290.57697  16.7%  24.0 1226s

 1003861 166515  332.55743   51   33  348.86000  290.81772  16.6%  24.0 1232s

 1007131 166235  332.08795   44   41  348.86000  291.05229  16.6%  24.0 1237s

 1010491 165991  326.98750   50   73  348.86000  291.30207  16.5%  24.0 1242s

 1012160 165838  312.23316   61   46  348.86000  291.44463  16.5%  24.0 1245s

 1015608 165572  341.81107   66   34  348.86000  291.68112  16.4%  24.0 1251s

 1018842 165353     cutoff   49       348.86000  291.93334  16.3%  24.0 1256s

 1022209 165045     cutoff   43       348.86000  292.13500  16.3%  24.1 1261s

 1025559 164758  339.52284   48   31  348.86000  292.41709  16.2%  24.1 1267s

 1027351 164566     cutoff   53       348.86000  292.54608  16.1%  24.1 1270s

 1029977 164395  336.63005   48   30  348.86000  292.67430  16.1%  24.1 1276s

 1033286 164086     cutoff   58       348.86000  292.93717  16.0%  24.1 1282s

 1035174 163970     cutoff   69       348.86000  293.06286  16.0%  24.1 1285s

 1038811 163756  331.72984   40   80  348.86000  293.32850  15.9%  24.1 1292s

 1041165 163646  340.75562   47   51  348.86000  293.48406  15.9%  24.1 1297s

 1042940 163398 infeasible   54       348.86000  293.57080  15.8%  24.1 1300s

 1046493 163024     cutoff   54       348.86000  293.87289  15.8%  24.1 1306s

 1050153 162785 infeasible   51       348.86000  294.11625  15.7%  24.2 1312s

 1051980 162632  315.49700   46   50  348.86000  294.24256  15.7%  24.2 1315s

 1055515 162317 infeasible   48       348.86000  294.49192  15.6%  24.2 1321s

 1058891 162093 infeasible   69       348.86000  294.71385  15.5%  24.2 1327s

 1060775 161938     cutoff   51       348.86000  294.83250  15.5%  24.2 1330s

 1063931 161684  301.18293   48   37  348.86000  295.08349  15.4%  24.2 1335s

 1067528 161395  331.49041   49   46  348.86000  295.29591  15.4%  24.2 1341s

 1070911 161072     cutoff   51       348.86000  295.56667  15.3%  24.2 1347s

 1072537 160944     cutoff   53       348.86000  295.66186  15.2%  24.2 1350s

 1075929 160607     cutoff   47       348.86000  295.89898  15.2%  24.2 1355s

 1079281 160271     cutoff   56       348.86000  296.12819  15.1%  24.2 1361s

 1082707 159835     cutoff   47       348.86000  296.36725  15.0%  24.2 1367s

 1084411 159649 infeasible   43       348.86000  296.50286  15.0%  24.2 1370s

 1087589 159332     cutoff   63       348.86000  296.75429  14.9%  24.3 1376s

 1091069 159143 infeasible   61       348.86000  296.98413  14.9%  24.3 1382s

 1092757 158953  323.00256   48   52  348.86000  297.08445  14.8%  24.3 1385s

 1096108 158575 infeasible   54       348.86000  297.34061  14.8%  24.3 1391s

 1099557 158233  336.46156   39   76  348.86000  297.54250  14.7%  24.3 1397s

 1101440 158019  331.17982   45   54  348.86000  297.68922  14.7%  24.3 1400s

 1104919 157731     cutoff   55       348.86000  297.92155  14.6%  24.3 1405s

 1108143 157347     cutoff   58       348.86000  298.16577  14.5%  24.3 1411s

 1111578 157069  323.81563   42   40  348.86000  298.37719  14.5%  24.3 1417s

 1113139 156734  315.75229   46   82  348.86000  298.50174  14.4%  24.3 1420s

 1116537 156257     cutoff   48       348.86000  298.74977  14.4%  24.3 1425s

 1119848 155767 infeasible   51       348.86000  298.99323  14.3%  24.3 1431s

 1123077 155208 infeasible   56       348.86000  299.21205  14.2%  24.4 1437s

 1124744 154917     cutoff   48       348.86000  299.34000  14.2%  24.4 1440s

 1128062 154304  314.17931   71   96  348.86000  299.60179  14.1%  24.4 1445s

 1131433 153855  312.45460   46   70  348.86000  299.88925  14.0%  24.4 1451s

 1134797 153388  307.67450   47   80  348.86000  300.09683  14.0%  24.4 1457s

 1136470 153131     cutoff   71       348.86000  300.25561  13.9%  24.4 1460s

 1139953 152689     cutoff   43       348.86000  300.51464  13.9%  24.4 1466s

 1143371 152079     cutoff   50       348.86000  300.75465  13.8%  24.4 1472s

 1144979 151785     cutoff   48       348.86000  300.89756  13.7%  24.4 1475s

 1148313 151274 infeasible   42       348.86000  301.14819  13.7%  24.4 1480s

 1151614 150669 infeasible   51       348.86000  301.41587  13.6%  24.4 1486s

 1155055 150165  338.17059   61   32  348.86000  301.67113  13.5%  24.5 1492s

 1156818 149896 infeasible   55       348.86000  301.81906  13.5%  24.5 1495s

 1160157 149405 infeasible   53       348.86000  302.05876  13.4%  24.5 1501s

 1163480 148858  328.30810   53   64  348.86000  302.30764  13.3%  24.5 1507s

 1165252 148585  327.05436   48   21  348.86000  302.44769  13.3%  24.5 1510s

 1168457 147987  338.58466   55   81  348.86000  302.69853  13.2%  24.5 1516s

 1171888 147220  310.58166   43   87  348.86000  302.97295  13.2%  24.5 1522s

 1173469 146836     cutoff   51       348.86000  303.12000  13.1%  24.5 1525s

 1176793 146188 infeasible   48       348.86000  303.36672  13.0%  24.5 1531s

 1180069 145486  335.89300   67   91  348.86000  303.65679  13.0%  24.5 1537s

 1181742 145141  331.26372   49   40  348.86000  303.81412  12.9%  24.5 1540s

 1185199 144400  310.74044   56   42  348.86000  304.07520  12.8%  24.5 1547s

 1186826 144073     cutoff   49       348.86000  304.21827  12.8%  24.6 1550s

 1190372 143294  309.78333   60   65  348.86000  304.51989  12.7%  24.6 1556s

 1193811 142589     cutoff   53       348.86000  304.82066  12.6%  24.6 1562s

 1195250 142281  329.60186   55   25  348.86000  304.89490  12.6%  24.6 1565s

 1197506 141932 infeasible   43       348.86000  305.07214  12.6%  24.6 1570s

 1200316 141301  337.26500   69   25  348.86000  305.16128  12.5%  24.6 1576s

 1203995 140574     cutoff   45       348.86000  305.56745  12.4%  24.6 1582s

 1205810 140142 infeasible   47       348.86000  305.73500  12.4%  24.6 1585s

 1209274 139558  334.45708   48   57  348.86000  306.00354  12.3%  24.6 1592s

 1212729 138838  320.51880   51   46  348.86000  306.27877  12.2%  24.6 1597s

 1214537 138401 infeasible   54       348.86000  306.41000  12.2%  24.6 1601s

 1217956 137616     cutoff   46       348.86000  306.71883  12.1%  24.6 1606s

 1221383 136854  329.08210   59   65  348.86000  307.03254  12.0%  24.6 1613s

 1223209 136731 infeasible   57       348.86000  307.15868  12.0%  24.6 1615s

 1225537 135968     cutoff   45       348.86000  307.35520  11.9%  24.6 1621s

 1228960 135225 infeasible   46       348.86000  307.61500  11.8%  24.6 1627s

 1230632 134797 infeasible   67       348.86000  307.76995  11.8%  24.7 1630s

 1234214 133919  312.72263   48   35  348.86000  308.06646  11.7%  24.7 1637s

 1235937 133494     cutoff   73       348.86000  308.19545  11.7%  24.7 1640s

 1239431 132615     cutoff   74       348.86000  308.53144  11.6%  24.7 1646s

 1242898 131858 infeasible   49       348.86000  308.81235  11.5%  24.7 1652s

 1244575 131381  328.18489   53   55  348.86000  308.94106  11.4%  24.7 1655s

 1247891 130659 infeasible   51       348.86000  309.21744  11.4%  24.7 1662s

 1249636 130194     cutoff   47       348.86000  309.36056  11.3%  24.7 1665s

 1252971 129420     cutoff   62       348.86000  309.64333  11.2%  24.7 1671s

 1256413 128638  342.10000   59   42  348.86000  309.90333  11.2%  24.7 1677s

 1258169 128246 infeasible   50       348.86000  310.03307  11.1%  24.7 1680s

 1261653 127411  322.68226   59   26  348.86000  310.32187  11.0%  24.7 1686s

 1263330 127000  330.35833   48   42  348.86000  310.47860  11.0%  24.7 1690s

 1266766 126222     cutoff   55       348.86000  310.76311  10.9%  24.7 1696s

 1270163 125453  320.07951   43   55  348.86000  310.98835  10.9%  24.7 1702s

 1271927 124982 infeasible   57       348.86000  311.11871  10.8%  24.7 1706s

 1275347 124087     cutoff   68       348.86000  311.44069  10.7%  24.7 1712s

 1277060 123674     cutoff   48       348.86000  311.57003  10.7%  24.7 1715s

 1280334 122847     cutoff   48       348.86000  311.81358  10.6%  24.7 1721s

 1283846 121945 infeasible   65       348.86000  312.10011  10.5%  24.7 1727s

 1285543 121623  330.35541   49   62  348.86000  312.23266  10.5%  24.7 1731s

 1288999 120918  334.46207   55   54  348.86000  312.50868  10.4%  24.7 1737s

 1290793 120537  330.88789   58   64  348.86000  312.66927  10.4%  24.7 1740s

 1294169 119562  347.83080   50   43  348.86000  312.91225  10.3%  24.7 1746s

 1295956 119102     cutoff   54       348.86000  313.06799  10.3%  24.7 1750s

 1299400 118266  336.16017   46   84  348.86000  313.35027  10.2%  24.7 1756s

 1302705 117257  340.22848   51   55  348.86000  313.59400  10.1%  24.7 1762s

 1304421 116842     cutoff   49       348.86000  313.78201  10.1%  24.7 1765s

 1307800 115879 infeasible   50       348.86000  314.08610  10.0%  24.7 1771s

 1311261 114941  339.75358   57   88  348.86000  314.37282  9.89%  24.7 1777s

 1312948 114476 infeasible   56       348.86000  314.49360  9.85%  24.7 1780s

 1316246 113498     cutoff   60       348.86000  314.75667  9.78%  24.7 1786s

 1317981 112971 infeasible   53       348.86000  314.89561  9.74%  24.7 1790s

 1321275 112049 infeasible   60       348.86000  315.19000  9.65%  24.7 1796s

 1324739 110993     cutoff   43       348.86000  315.45941  9.57%  24.7 1802s

 1326340 110415  347.29542   53   53  348.86000  315.63951  9.52%  24.7 1805s

 1329825 109485  316.37398   55   12  348.86000  315.88040  9.45%  24.7 1811s

 1333331 108466  325.19351   67   64  348.86000  316.20889  9.36%  24.7 1818s

 1335004 108023     cutoff   52       348.86000  316.34420  9.32%  24.7 1821s

 1338531 107070     cutoff   56       348.86000  316.61265  9.24%  24.7 1827s

 1340227 106624     cutoff   69       348.86000  316.77636  9.20%  24.7 1830s

 1343635 105677  339.86276   69   62  348.86000  317.04140  9.12%  24.7 1836s

 1347227 104692 infeasible   68       348.86000  317.33500  9.04%  24.7 1842s

 1348898 104182  334.56100   57   69  348.86000  317.47500  9.00%  24.7 1845s

 1352344 103205     cutoff   53       348.86000  317.75933  8.91%  24.7 1851s

 1355730 102245 infeasible   63       348.86000  318.04250  8.83%  24.7 1857s

 1357577 101741  320.03222   53   41  348.86000  318.18556  8.79%  24.7 1860s

 1360859 100946  342.50575   59   63  348.86000  318.38307  8.74%  24.7 1866s

 1364339 99986  336.34650   54   54  348.86000  318.71985  8.64%  24.7 1872s

 1366157 99437     cutoff   54       348.86000  318.85776  8.60%  24.7 1875s

 1369520 98547  336.51118   49   65  348.86000  319.14807  8.52%  24.7 1881s

 1371276 98066  345.98042   47   43  348.86000  319.24839  8.49%  24.7 1885s

 1374911 97072     cutoff   50       348.86000  319.55393  8.40%  24.7 1891s

 1378312 96165  324.77746   58   31  348.86000  319.82397  8.32%  24.7 1897s

 1380053 95684 infeasible   65       348.86000  319.96500  8.28%  24.7 1900s

 1383612 94921 infeasible   80       348.86000  320.23500  8.21%  24.7 1906s

 1387198 93967  332.78094   56   25  348.86000  320.50997  8.13%  24.7 1912s

 1390507 93080  340.63333   48   25  348.86000  320.76200  8.05%  24.6 1917s

 1392268 92589  345.94747   61   18  348.86000  320.88829  8.02%  24.6 1920s

 1395587 91812  340.52875   52   71  348.86000  321.12938  7.95%  24.6 1926s

 1399032 90896  338.71240   57   58  348.86000  321.38303  7.88%  24.6 1932s

 1400850 90520  332.87470   65   71  348.86000  321.51158  7.84%  24.6 1935s

 1404432 89721  332.91854   51   43  348.86000  321.77015  7.77%  24.6 1941s

 1408020 89067  331.22593   53   32  348.86000  321.99354  7.70%  24.6 1946s

 1411538 88201  333.90975   44   36  348.86000  322.27088  7.62%  24.6 1952s

 1413314 87773  342.04286   48   72  348.86000  322.36189  7.60%  24.6 1955s

 1416931 87321 infeasible   72       348.86000  322.61083  7.52%  24.6 1960s

 1418695 86531  325.19462   58   53  348.86000  322.69470  7.50%  24.6 1966s

 1422378 85771 infeasible   60       348.86000  323.00333  7.41%  24.6 1972s

 1424183 85421  340.15848   62   43  348.86000  323.11610  7.38%  24.5 1975s

 1427920 84734 infeasible   48       348.86000  323.34033  7.32%  24.5 1981s

 1431275 84011     cutoff   58       348.86000  323.55304  7.25%  24.5 1987s

 1433164 83659  333.15974   51   25  348.86000  323.67272  7.22%  24.5 1990s

 1436781 82991  340.12169   57   23  348.86000  323.89425  7.16%  24.5 1995s

 1440169 82317  344.97213   65   19  348.86000  324.09181  7.10%  24.5 2001s

 1443835 81688     cutoff   54       348.86000  324.31341  7.04%  24.5 2007s

 1446893 81338  325.32897   55   35  348.86000  324.43017  7.00%  24.5 2010s

 1449131 80791 infeasible   59       348.86000  324.63424  6.94%  24.4 2015s

 1452615 80105 infeasible   49       348.86000  324.82278  6.89%  24.4 2021s

 1455819 79428 infeasible   41       348.86000  325.02831  6.83%  24.4 2027s

 1459374 78797 infeasible   58       348.86000  325.22083  6.78%  24.4 2032s

 1461216 78425 infeasible   47       348.86000  325.32161  6.75%  24.4 2035s

 1464564 77776 infeasible   54       348.86000  325.52742  6.69%  24.4 2040s

 1468005 77091 infeasible   76       348.86000  325.71748  6.63%  24.4 2046s

 1471645 76428  334.01074   61   31  348.86000  325.92755  6.57%  24.4 2052s

 1473315 76127  340.09093   80   37  348.86000  326.02960  6.54%  24.3 2055s

 1476725 75496     cutoff   42       348.86000  326.19855  6.50%  24.3 2060s

 1480215 74842     cutoff   46       348.86000  326.39558  6.44%  24.3 2066s

 1483747 74238  338.73064   52   10  348.86000  326.60579  6.38%  24.3 2072s

 1486991 73590  345.79884   62   28  348.86000  326.79230  6.33%  24.3 2077s

 1488791 73243 infeasible   67       348.86000  326.89235  6.30%  24.3 2080s

 1492412 72677 infeasible   63       348.86000  327.10840  6.24%  24.3 2086s

 1495897 72071     cutoff   48       348.86000  327.27785  6.19%  24.2 2091s

 1499212 71432     cutoff   48       348.86000  327.46959  6.13%  24.2 2097s

 1500864 71137  330.07989   59   57  348.86000  327.54717  6.11%  24.2 2100s

 1504390 70521 infeasible   48       348.86000  327.74667  6.05%  24.2 2105s

 1507900 69944     cutoff   62       348.86000  327.90500  6.01%  24.2 2111s

 1511306 69370 infeasible   49       348.86000  328.07750  5.96%  24.2 2117s

 1513118 69114  342.12426   54   55  348.86000  328.17567  5.93%  24.2 2120s

 1516676 68514     cutoff   45       348.86000  328.35470  5.88%  24.1 2125s

 1520054 68012  334.27956   52   30  348.86000  328.52997  5.83%  24.1 2131s

 1523598 67496     cutoff   43       348.86000  328.67985  5.78%  24.1 2136s

 1527103 67123 infeasible   46       348.86000  328.83277  5.74%  24.1 2141s

 1528202 66692     cutoff   57       348.86000  328.84826  5.74%  24.1 2146s

 1531783 66056 infeasible   57       348.86000  329.05844  5.68%  24.1 2152s

 1533693 65740     cutoff   52       348.86000  329.16581  5.65%  24.1 2155s

 1537334 65139 infeasible   73       348.86000  329.34593  5.59%  24.0 2161s

 1540694 64548 infeasible   67       348.86000  329.49806  5.55%  24.0 2166s

 1544424 63989  339.70833   61   20  348.86000  329.67721  5.50%  24.0 2172s

 1546260 63623  332.27558   65   49  348.86000  329.76532  5.47%  24.0 2175s

 1549675 63049  331.55367   47   38  348.86000  329.92344  5.43%  24.0 2181s

 1552282 62531  331.20768   51   29  348.86000  330.01545  5.40%  24.0 2187s

 1554044 62118 infeasible   55       348.86000  330.13167  5.37%  24.0 2190s

 1557545 61368 infeasible   51       348.86000  330.31194  5.32%  24.0 2196s

 1561377 60688  331.00869   68   54  348.86000  330.50441  5.26%  23.9 2202s

 1563344 60379  337.65500   56   24  348.86000  330.59950  5.23%  23.9 2205s

 1566998 59698     cutoff   64       348.86000  330.78538  5.18%  23.9 2211s

 1570558 59077  334.97977   60   20  348.86000  330.93886  5.14%  23.9 2217s

 1572296 58752  335.92028   45   36  348.86000  331.02461  5.11%  23.9 2220s

 1575916 58002  341.88637   54   26  348.86000  331.19919  5.06%  23.9 2225s

 1579369 57331  342.13333   47   27  348.86000  331.36370  5.02%  23.8 2231s

 1582814 56606 infeasible   59       348.86000  331.55000  4.96%  23.8 2237s

 1584643 56261  347.75333   46   22  348.86000  331.64255  4.94%  23.8 2240s

 1588199 55420  333.09815   53   21  348.86000  331.81852  4.88%  23.8 2245s

 1591692 54792  345.89709   60   11  348.86000  331.97636  4.84%  23.8 2251s

 1594973 54103  344.91792   60   19  348.86000  332.15282  4.79%  23.8 2257s

 1598550 53388  337.47193   54   21  348.86000  332.32179  4.74%  23.7 2262s

 1600180 53081 infeasible   43       348.86000  332.42703  4.71%  23.7 2265s

 1603743 52347  337.82290   51    6  348.86000  332.59638  4.66%  23.7 2271s

 1607141 51775     cutoff   55       348.86000  332.73640  4.62%  23.7 2277s

 1608921 51420     cutoff   49       348.86000  332.81571  4.60%  23.7 2280s

 1612568 50714  335.18010   48   30  348.86000  332.99531  4.55%  23.7 2285s

 1616035 49960     cutoff   52       348.86000  333.15222  4.50%  23.6 2291s

 1619487 49262 infeasible   50       348.86000  333.32211  4.45%  23.6 2297s

 1621260 48942 infeasible   48       348.86000  333.40844  4.43%  23.6 2300s

 1624783 48199  343.22157   62   22  348.86000  333.56217  4.39%  23.6 2306s

 1628258 47496  348.24054   52   38  348.86000  333.72111  4.34%  23.6 2311s

 1631611 46692  342.32642   77   29  348.86000  333.88404  4.29%  23.6 2317s

 1633386 46275  343.16485   58   17  348.86000  333.98157  4.26%  23.6 2320s

 1636904 45513 infeasible   55       348.86000  334.16357  4.21%  23.5 2326s

 1640628 44894  336.75627   51   23  348.86000  334.31693  4.17%  23.5 2332s

 1643983 44115     cutoff   54       348.86000  334.48769  4.12%  23.5 2337s

 1645682 43701  338.13858   55   19  348.86000  334.57136  4.10%  23.5 2340s

 1649162 42969  337.66845   54   43  348.86000  334.74073  4.05%  23.5 2346s

 1652306 42312     cutoff   62       348.86000  334.86750  4.01%  23.5 2352s

 1653977 41947  336.16299   63   38  348.86000  334.96333  3.98%  23.4 2355s

 1657734 41243     cutoff   68       348.86000  335.13625  3.93%  23.4 2361s

 1659573 40791 infeasible   60       348.86000  335.22039  3.91%  23.4 2365s

 1663359 39872 infeasible   55       348.86000  335.42111  3.85%  23.4 2370s

 1666812 39084  344.82433   56   29  348.86000  335.59000  3.80%  23.4 2376s

 1670683 38251  343.35253   55   12  348.86000  335.76606  3.75%  23.3 2382s

 1672309 37742 infeasible   50       348.86000  335.86216  3.73%  23.3 2385s

 1675912 36770  341.97149   50   17  348.86000  336.06422  3.67%  23.3 2391s

 1679270 36061  337.65274   51   32  348.86000  336.24425  3.62%  23.3 2397s

 1681036 35545  343.83207   53   32  348.86000  336.32074  3.59%  23.3 2400s

 1684719 34733     cutoff   59       348.86000  336.50010  3.54%  23.3 2406s

 1688181 33879  345.86750   54   51  348.86000  336.68644  3.49%  23.3 2412s

 1690176 33525  337.17254   63   32  348.86000  336.78711  3.46%  23.2 2415s

 1693702 32702  337.21230   48   32  348.86000  336.95560  3.41%  23.2 2421s

 1697249 31853  337.23404   61   31  348.86000  337.15521  3.36%  23.2 2426s

 1700698 30917 infeasible   57       348.86000  337.35243  3.30%  23.2 2433s

 1702430 30337 infeasible   70       348.86000  337.45380  3.27%  23.2 2436s

 1705715 29534  339.16458   57   34  348.86000  337.67289  3.21%  23.2 2442s

 1707324 29059 infeasible   60       348.86000  337.76000  3.18%  23.2 2445s

 1710833 28142 infeasible   51       348.86000  337.97441  3.12%  23.1 2451s

 1712575 27676 infeasible   60       348.86000  338.09537  3.09%  23.1 2455s

 1716287 26576  345.80032   58   21  348.86000  338.34841  3.01%  23.1 2462s

 1718267 26090  338.55413   59   19  348.86000  338.47370  2.98%  23.1 2465s

 1721521 25091  344.54674   52   22  348.86000  338.69159  2.91%  23.1 2472s

 1723315 24548     cutoff   62       348.86000  338.81789  2.88%  23.1 2475s

 1727092 23485  340.60173   54   19  348.86000  339.07515  2.80%  23.0 2483s

 1728766 22942  344.36643   56   19  348.86000  339.18857  2.77%  23.0 2486s

 1730421 22357     cutoff   52       348.86000  339.28586  2.74%  23.0 2490s

 1734113 21363 infeasible   55       348.86000  339.58140  2.66%  23.0 2497s

 1735618 20724 infeasible   58       348.86000  339.66126  2.64%  23.0 2501s

 1737668 20167     cutoff   58       348.86000  339.83370  2.59%  23.0 2505s

 1739465 19953 infeasible   48       348.86000  339.98749  2.54%  23.0 2510s

 1741560 18881  340.96049   58    6  348.86000  340.04621  2.53%  23.0 2518s

 1743352 18176 infeasible   64       348.86000  340.32226  2.45%  22.9 2522s

 1745242 17568     cutoff   59       348.86000  340.49435  2.40%  22.9 2526s

 1746983 16751  340.86062   52   10  348.86000  340.65917  2.35%  22.9 2531s

 1749146 16131  341.14422   54   16  348.86000  340.87322  2.29%  22.9 2536s

 1750866 15478 infeasible   49       348.86000  341.02816  2.24%  22.9 2540s

 1752712 14727  345.99553   47   36  348.86000  341.22304  2.19%  22.9 2545s

 1754665 14088     cutoff   53       348.86000  341.44925  2.12%  22.9 2550s

 1756452 13412 infeasible   58       348.86000  341.65450  2.07%  22.9 2555s

 1758137 12626     cutoff   45       348.86000  341.81796  2.02%  22.9 2560s

 1760080 11927 infeasible   58       348.86000  342.05067  1.95%  22.8 2565s

 1763650 10254 infeasible   48       348.86000  342.57654  1.80%  22.8 2575s

 1767258  8567  346.75926   54   23  348.86000  343.07130  1.66%  22.8 2585s

 1769060  7710     cutoff   58       348.86000  343.43210  1.56%  22.8 2590s

 1770856  6712     cutoff   58       348.86000  343.76692  1.46%  22.8 2595s

 1772703  5742  345.46742   54   10  348.86000  344.15532  1.35%  22.8 2600s

 1774441  4618     cutoff   56       348.86000  344.62182  1.21%  22.8 2605s

 1776227  3293  345.29183   57    6  348.86000  345.14652  1.06%  22.7 2611s

 1778028  1953  346.08720   57    8  348.86000  345.91810  0.84%  22.7 2615s

 1781608     0     cutoff   53       348.86000  348.33193  0.15%  22.7 2620s



Cutting planes:

  Learned: 21

  Gomory: 32

  Lift-and-project: 9

  Cover: 405

  Implied bound: 183

  Projected implied bound: 13

  Clique: 215

  MIR: 219

  Mixing: 61

  StrongCG: 26

  Flow cover: 778

  GUB cover: 2

  Inf proof: 222

  Zero half: 1210

  RLT: 342

  Relax-and-lift: 497



Explored 1781920 nodes (40454008 simplex iterations) in 2621.39 seconds (699.37 work units)

Thread count was 16 (of 16 available processors)



Solution count 10: 348.86 348.86 349.11 ... 381.91



Optimal solution found (tolerance 1.00e-04)

Best objective 3.488600000000e+02, best bound 3.488600000000e+02, gap 0.0000%



AMPL MP initial flat model has 1240 variables (0 integer, 1198 binary);

Objectives: 1 quadratic; 

Constraints:  562 linear; 6 quadratic;



AMPL MP final model has 1240 variables (0 integer, 1198 binary);

Objectives: 1 quadratic; 

Constraints:  562 linear; 6 quadratic;





-----RESULTS INFO-----
running_time:  2621.593
TC.best_bound:  348.86
TC:  348.86
MIP Gap (%):  0
=== Vehicle Routes ===
Vehicle 1: 0 → 1
Vehicle 1: 1 → 13
Vehicle 1: 3 → 24
Vehicle 1: 13 → 23
Vehicle 1: 17 → 3
Vehicle 1: 23 → 17
Vehicle 2: 0 → 4
Vehicle 2: 2 → 24
Vehicle 2: 4 → 22
Vehicle 2: 19 → 2
Vehicle 2: 22 → 19
Vehicle 3: 0 → 24
Vehicle 4: 0 → 24

=== Full Vehicle Routes ===
Vehicle 1: 0 → 1 → 13 → 23 → 17 → 3 → 0 (94<100)
Vehicle 2: 0 → 4 → 22 → 19 → 2 → 0 (99<100)
Vehicle 3: 0 → 0 (0<100)
Vehicle 4: 0 → 0 (0<100)
Arc used by MRT line: y variables:
MRT used: 17 → 18
Customer assigment to PL: u variables:
5 18
6 17
7 23
8 17
9 19
10 19
11 22
12 18
14 19
15 17
16 19
Node is served by regular vehicle: g variables:
1
2
3
4
13
23
17
19
22
Customer assigment to Home delivery: gm variables:
1
2
3
4
13
Node total demands: ntd variables:
1 13 1
2 13 1
3 12 1
4 12 1
11 0 0
12 0 0
13 10 1
14 0 0
15 0 0
16 0 0
23 26 1
17 33 1
18 0 0
19 53 1
20 0 0
21 0 0
22 21 1
Customer's demand delivered to PL: l variables:
5
6
7
8
9
10
11
12
14
15
16
Lockers load <= capacity:
26 <= 75
19 <= 88
14 <= 73
53 <= 84
0 <= 78
0 <= 86
21 <= 93
