Gurobi 12.0.3:   lim:time = 14400

  mip:bestbound = 1

Set parameter LogToConsole to value 1

  tech:outlev = 1

Set parameter Cuts to value 3

  cut:cuts = 3

Set parameter Presolve to value 2

  pre:solve = 2

Set parameter MIPFocus to value 2

  mip:focus = 2

Set parameter Symmetry to value 2

  mip:symmetry = 2

Set parameter InfUnbdInfo to value 1

Gurobi Optimizer version 12.0.3 build v12.0.3rc0 (win64 - Windows 10.0 (19045.2))



CPU model: 11th Gen Intel(R) Core(TM) i7-11700 @ 2.50GHz, instruction set [SSE2|AVX|AVX2|AVX512]

Thread count: 8 physical cores, 16 logical processors, using up to 16 threads



Non-default parameters:

TimeLimit  14400

MIPFocus  2

Symmetry  2

Cuts  3

InfUnbdInfo  1

Presolve  2



Optimize a model with 535 rows, 1304 columns and 7605 nonzeros

Model fingerprint: 0xab517766

Model has 2 quadratic objective terms

Model has 6 quadratic constraints

Variable types: 43 continuous, 1261 integer (0 binary)

Coefficient statistics:

  Matrix range     [1e+00, 1e+05]

  QMatrix range    [1e+00, 1e+00]

  QLMatrix range   [1e+00, 2e+01]

  Objective range  [3e+00, 1e+02]

  QObjective range [2e+00, 2e+00]

  Bounds range     [1e+00, 1e+02]

  RHS range        [1e+00, 1e+05]

  QRHS range       [1e+02, 1e+02]

Presolve removed 36 rows and 101 columns

Presolve time: 0.39s

Presolved: 1270 rows, 1965 columns, 12108 nonzeros

Variable types: 148 continuous, 1817 integer (1551 binary)

Root relaxation presolve removed 22 rows and 1 columns

Root relaxation presolved: 868 rows, 1585 columns, 18837 nonzeros





Root relaxation: objective 9.881610e+01, 226 iterations, 0.03 seconds (0.03 work units)



    Nodes    |    Current Node    |     Objective Bounds      |     Work

 Expl Unexpl |  Obj  Depth IntInf | Incumbent    BestBd   Gap | It/Node Time



     0     0   98.81610    0   64          -   98.81610      -     -    0s

H    0     0                     728.1300000   99.37878  86.4%     -    0s

     0     0  190.49909    0   51  728.13000  190.49909  73.8%     -    0s

     0     0  190.62545    0   80  728.13000  190.62545  73.8%     -    0s

     0     0  190.62545    0   61  728.13000  190.62545  73.8%     -    0s

H    0     0                     704.1500000  190.62545  72.9%     -    1s

H    0     0                     700.4700000  190.62545  72.8%     -    1s

H    0     0                     510.0300000  190.62545  62.6%     -    1s

     0     0  192.08018    0  103  510.03000  192.08018  62.3%     -    1s

H    0     0                     506.5900000  192.08018  62.1%     -    1s

H    0     0                     484.0500000  212.11534  56.2%     -    1s

H    0     0                     472.0500000  212.11534  55.1%     -    1s

     0     0  212.11534    0   93  472.05000  212.11534  55.1%     -    1s

     0     0  212.88924    0   88  472.05000  212.88924  54.9%     -    1s

H    0     0                     460.6000000  212.88924  53.8%     -    1s

H    0     0                     441.0000000  212.88924  51.7%     -    1s

H    0     0                     428.8500000  245.09176  42.8%     -    1s

     0     0  245.09176    0   71  428.85000  245.09176  42.8%     -    1s

     0     0  247.36000    0   55  428.85000  247.36000  42.3%     -    1s

H    0     0                     428.0400000  247.36000  42.2%     -    1s

     0     0  247.36000    0   48  428.04000  247.36000  42.2%     -    1s

H    0     0                     424.8900000  247.36000  41.8%     -    2s

H    0     0                     416.4300000  247.95000  40.5%     -    2s

     0     0  247.95000    0   50  416.43000  247.95000  40.5%     -    2s

     0     0  247.95000    0   50  416.43000  247.95000  40.5%     -    2s

     0     0  247.95009    0   75  416.43000  247.95009  40.5%     -    2s

     0     0  247.95009    0   75  416.43000  247.95009  40.5%     -    2s

H    0     0                     412.2800000  248.19900  39.8%     -    3s

H    0     0                     411.1200000  248.19900  39.6%     -    3s

     0     0  248.19900    0   94  411.12000  248.19900  39.6%     -    3s

     0     0  248.19900    0   83  411.12000  248.19900  39.6%     -    3s

     0     2  248.27000    0   80  411.12000  248.27000  39.6%     -    3s

H   46    65                     402.1200000  248.27000  38.3%  60.9    3s

H  273   274                     393.1800000  250.49027  36.3%  35.5    4s

H  441   378                     388.0600000  253.71825  34.6%  33.0    4s

H  649   529                     386.4500000  254.38000  34.2%  31.3    4s

  1045   846  310.17000   17   33  386.45000  256.60714  33.6%  28.4    5s

  1950  1351  322.24000   34  164  386.45000  261.45157  32.3%  29.2   10s

  2229  1494  262.49352   22  142  386.45000  262.34705  32.1%  39.7   15s

  8033  3124  332.16655   33   39  386.45000  272.05617  29.6%  33.2   20s

H14353  5633                     386.0700000  277.37717  28.2%  30.0   24s

 14908  6205 infeasible   37       386.07000  277.86000  28.0%  29.8   25s

 22547  9057  292.92012   31   47  386.07000  281.87251  27.0%  27.4   30s

 29645 11599  352.18115   39   72  386.07000  284.63485  26.3%  26.5   35s

 36020 14144  324.66000   33   56  386.07000  287.02466  25.7%  26.0   40s

 41895 16656  350.37789   52   29  386.07000  288.90176  25.2%  25.6   46s

 47249 18201  315.03143   40   59  386.07000  290.30087  24.8%  25.2   50s

 54045 20747  361.34909   28   47  386.07000  291.79506  24.4%  25.0   55s

 58777 22466  317.07185   23   58  386.07000  293.09556  24.1%  24.8   60s

 64086 24424 infeasible   40       386.07000  294.25096  23.8%  24.6   65s

 71491 26771  340.37966   42   27  386.07000  295.53286  23.5%  24.3   70s

 76349 28566     cutoff   46       386.07000  296.47682  23.2%  24.2   75s

 82554 30506 infeasible   49       386.07000  297.50000  22.9%  24.1   80s

 88119 32169  336.02470   43   59  386.07000  298.50948  22.7%  24.0   85s

 92639 33556  372.42500   41   43  386.07000  299.23250  22.5%  23.9   90s

 98133 35348  361.03750   32   35  386.07000  300.19694  22.2%  23.9   96s

 103145 36812  385.38703   45   12  386.07000  300.95000  22.0%  23.8  101s

 106815 37874  313.52432   28  116  386.07000  301.32733  22.0%  23.7  105s

 112528 39717  385.26333   37   45  386.07000  302.10418  21.7%  23.6  110s

 117110 41115     cutoff   34       386.07000  302.67375  21.6%  23.6  115s

*117548 40766              51     381.5700000  302.73000  20.7%  23.6  115s

 121660 41952  338.99007   37   37  381.57000  303.21830  20.5%  23.4  120s

 126597 43316     cutoff   43       381.57000  303.79500  20.4%  23.4  126s

 131902 44237  313.19819   40   59  381.57000  304.41052  20.2%  23.4  131s

 133680 45264 infeasible   44       381.57000  304.58157  20.2%  23.4  135s

 139408 46640  335.38261   31   61  381.57000  305.27593  20.0%  23.4  141s

 144596 47989  327.24075   41   33  381.57000  305.92065  19.8%  23.3  146s

 148291 48807  369.90171   39   25  381.57000  306.27450  19.7%  23.3  150s

 151822 49579  313.55644   28   26  381.57000  306.71541  19.6%  23.3  155s

 156726 50896  334.49034   37   35  381.57000  307.11682  19.5%  23.2  160s

 161774 51936  349.63173   42   31  381.57000  307.72235  19.4%  23.2  166s

 164598 52754  353.68074   34   35  381.57000  308.07000  19.3%  23.2  170s

 169604 53907  333.23300   38   36  381.57000  308.58920  19.1%  23.2  175s

 176400 55384  364.85826   64   43  381.57000  309.32449  18.9%  23.1  180s

 183020 56980 infeasible   33       381.57000  309.98149  18.8%  23.1  185s

 189776 58415  314.99117   29   44  381.57000  310.63872  18.6%  23.1  190s

 196437 59844     cutoff   48       381.57000  311.19930  18.4%  23.0  196s

 199656 60635  328.26400   34   40  381.57000  311.52182  18.4%  23.0  200s

 203109 61435  358.61050   33   53  381.57000  311.80032  18.3%  23.0  206s

 206574 62126     cutoff   44       381.57000  312.14363  18.2%  23.0  210s

 211575 63298  357.84577   42   28  381.57000  312.54424  18.1%  23.0  216s

 214847 64119  343.02500   34   29  381.57000  312.86188  18.0%  22.9  221s

 218626 64850  353.73032   45    8  381.57000  313.21951  17.9%  22.9  225s

 222836 65796     cutoff   31       381.57000  313.59736  17.8%  22.9  232s

 226519 66611 infeasible   44       381.57000  313.81000  17.8%  22.9  236s

 230408 67270  370.64567   41   29  381.57000  314.13867  17.7%  22.9  240s

 233790 68034  372.57269   39   33  381.57000  314.40114  17.6%  22.9  245s

 237236 68735  320.63155   36   37  381.57000  314.62926  17.5%  22.8  250s

 242302 69711  360.95412   39   56  381.57000  315.04385  17.4%  22.8  256s

 245537 70437  347.89825   38   72  381.57000  315.26141  17.4%  22.8  260s

 250724 71519  359.72961   39   30  381.57000  315.65292  17.3%  22.8  266s

 253990 72214  361.27121   50   30  381.57000  315.80310  17.2%  22.8  270s

 259055 73288  360.78738   50   29  381.57000  316.19368  17.1%  22.7  276s

 262255 73870  360.94147   38   56  381.57000  316.40000  17.1%  22.7  280s

 265778 74471 infeasible   33       381.57000  316.58426  17.0%  22.7  285s

 270727 75391  358.70231   46   43  381.57000  316.93222  16.9%  22.7  292s

 274185 75975  365.81152   42   28  381.57000  317.15069  16.9%  22.6  296s

 277781 76719  357.88385   24   53  381.57000  317.40242  16.8%  22.6  301s

 280974 77359  375.45325   53   56  381.57000  317.59851  16.8%  22.6  306s

 284203 78007     cutoff   41       381.57000  317.79362  16.7%  22.6  310s

 287711 78717  335.02335   34   42  381.57000  318.01008  16.7%  22.6  315s

 291283 79418  376.19766   50   43  381.57000  318.24745  16.6%  22.6  320s

 294611 79956  327.76826   40   60  381.57000  318.44036  16.5%  22.6  325s

 298360 80748  338.67205   37   97  381.57000  318.65154  16.5%  22.6  331s

 301835 81447  343.40870   42   33  381.57000  318.87146  16.4%  22.5  335s

 305231 82125  362.71334   43   32  381.57000  319.09532  16.4%  22.5  340s

 308652 82632  369.96300   34   66  381.57000  319.30917  16.3%  22.5  345s

 313713 83766  381.24308   54   10  381.57000  319.54250  16.3%  22.5  352s

 317233 84336  364.25589   35   19  381.57000  319.76548  16.2%  22.5  356s

 320548 84888  362.60901   48   37  381.57000  319.94239  16.2%  22.5  361s

 324080 85459  358.12548   40   20  381.57000  320.18739  16.1%  22.5  366s

 327524 85951  353.51392   46   37  381.57000  320.39042  16.0%  22.5  370s

 331102 86499  346.18739   33   30  381.57000  320.58872  16.0%  22.5  375s

 334622 87035  365.02651   42   27  381.57000  320.81364  15.9%  22.5  380s

 339709 87606  322.48609   37   23  381.57000  321.09183  15.8%  22.5  385s

 342943 88528  330.91949   35   40  381.57000  321.27000  15.8%  22.4  391s

 346511 89064  364.03000   51   43  381.57000  321.45013  15.8%  22.4  396s

 350411 89580  351.20189   43   26  381.57000  321.66726  15.7%  22.4  400s

 355134 90460  365.18546   41   66  381.57000  321.93661  15.6%  22.4  407s

 358519 91000  348.55518   35   55  381.57000  322.10799  15.6%  22.4  411s

 362062 91415  329.00838   48   31  381.57000  322.29743  15.5%  22.4  415s

 366099 92045     cutoff   34       381.57000  322.50597  15.5%  22.3  421s

 369660 92466     cutoff   42       381.57000  322.70652  15.4%  22.3  426s

 373412 92805 infeasible   54       381.57000  322.92000  15.4%  22.3  431s

 377142 93246  374.72750   38   51  381.57000  323.12674  15.3%  22.3  435s

 382486 93790     cutoff   44       381.57000  323.39797  15.2%  22.3  441s

 385861 94223 infeasible   33       381.57000  323.59211  15.2%  22.3  445s

 389351 94791  328.34502   47   31  381.57000  323.75375  15.2%  22.3  450s

 394417 95509  355.71834   39   44  381.57000  324.00658  15.1%  22.3  456s

 397737 95940  368.77593   47   63  381.57000  324.17664  15.0%  22.3  460s

 402809 96747  340.94713   37   35  381.57000  324.42809  15.0%  22.3  466s

 406294 97188  337.70718   31   68  381.57000  324.58644  14.9%  22.3  470s

 410899 97951  361.45080   29   44  381.57000  324.80949  14.9%  22.3  476s

 414429 98264     cutoff   51       381.57000  325.01000  14.8%  22.2  481s

 416874 98664  368.10188   45    9  381.57000  325.13404  14.8%  22.2  485s

 420434 99258  340.45810   36   51  381.57000  325.27732  14.8%  22.2  490s

 425854 99856  372.31460   42   29  381.57000  325.54125  14.7%  22.2  496s

 429518 100362  344.86489   61   53  381.57000  325.70438  14.6%  22.2  500s

 434555 101000  367.98094   39   38  381.57000  325.98523  14.6%  22.2  505s

 438049 101397  334.87887   44   53  381.57000  326.14690  14.5%  22.2  510s

 441106 101845     cutoff   41       381.57000  326.30094  14.5%  22.2  515s

 446345 102540     cutoff   68       381.57000  326.57807  14.4%  22.2  521s

 451135 103144  349.32099   46   37  381.57000  326.82337  14.3%  22.2  526s

 454779 103549  377.21457   44   42  381.57000  327.02000  14.3%  22.2  530s

 459564 104135  327.73152   38   65  381.57000  327.24800  14.2%  22.2  536s

 462887 104503  344.90665   51   86  381.57000  327.38108  14.2%  22.2  540s

 468213 105052 infeasible   48       381.57000  327.64975  14.1%  22.2  546s

 471660 105422  369.35313   42   48  381.57000  327.81694  14.1%  22.2  550s

 475179 105731  365.39540   36   33  381.57000  328.02500  14.0%  22.2  555s

 478337 106348  355.89951   41   59  381.57000  328.13095  14.0%  22.2  562s

 482515 106755 infeasible   53       381.57000  328.35062  13.9%  22.1  566s

 486115 107159  381.05406   46   32  381.57000  328.55600  13.9%  22.1  571s

 489764 107652 infeasible   45       381.57000  328.72486  13.8%  22.1  575s

 494550 108200  357.04231   40   23  381.57000  328.92948  13.8%  22.1  581s

 498019 108660  329.57350   36   44  381.57000  329.12111  13.7%  22.1  586s

 501447 109030 infeasible   43       381.57000  329.24678  13.7%  22.1  590s

 506739 109605  363.54153   51   39  381.57000  329.53000  13.6%  22.1  597s

 510267 109952 infeasible   42       381.57000  329.71248  13.6%  22.1  601s

 513547 110336  334.64684   44   39  381.57000  329.84562  13.6%  22.1  605s

 517028 110669 infeasible   56       381.57000  330.01618  13.5%  22.1  610s

 522192 111213  342.30952   35   39  381.57000  330.28375  13.4%  22.1  616s

 525604 111505  349.07118   45   13  381.57000  330.43991  13.4%  22.1  620s

 529313 111804  359.99253   49   33  381.57000  330.59165  13.4%  22.1  625s

 534151 112275  349.44267   48   45  381.57000  330.81695  13.3%  22.1  631s

 537667 112607  337.29194   31   57  381.57000  330.98826  13.3%  22.1  635s

 542890 112985  358.80579   34   16  381.57000  331.20000  13.2%  22.1  641s

 546043 113286  349.14745   33   25  381.57000  331.34196  13.2%  22.1  646s

 549390 113537  373.57168   37   44  381.57000  331.48543  13.1%  22.1  650s

 553225 114148  340.47975   30   65  381.57000  331.66818  13.1%  22.1  660s

 560492 114638  341.39000   35   32  381.57000  331.98808  13.0%  22.1  666s

 564481 115062  344.36557   48   63  381.57000  332.19409  12.9%  22.1  671s

 567947 115419 infeasible   46       381.57000  332.32934  12.9%  22.1  676s

 571740 115806  362.11378   37   72  381.57000  332.48282  12.9%  22.1  681s

 575048 116086 infeasible   44       381.57000  332.65811  12.8%  22.1  686s

 578715 116383 infeasible   44       381.57000  332.82076  12.8%  22.1  690s

 582357 116574 infeasible   32       381.57000  332.99271  12.7%  22.1  695s

 585473 116913 infeasible   51       381.57000  333.12074  12.7%  22.1  700s

 589062 117283  368.48333   40   36  381.57000  333.25581  12.7%  22.1  706s

 592496 117579     cutoff   46       381.57000  333.40251  12.6%  22.1  711s

 595984 117849 infeasible   49       381.57000  333.53916  12.6%  22.1  717s

 597318 117956  338.34133   36   15  381.57000  333.59667  12.6%  22.1  720s

 600827 118270  370.69744   46   50  381.57000  333.77345  12.5%  22.1  726s

 604421 118586  345.57473   48   71  381.57000  333.91030  12.5%  22.1  731s

 608029 118887     cutoff   45       381.57000  334.08361  12.4%  22.1  737s

 611348 119207  352.53521   37   94  381.57000  334.22254  12.4%  22.1  742s

 613186 119255  371.93538   46   43  381.57000  334.27332  12.4%  22.1  745s

 616471 119571  364.76894   41   67  381.57000  334.42462  12.4%  22.1  751s

 619516 119851  371.20067   51   26  381.57000  334.54556  12.3%  22.1  756s

 623237 120080  370.96786   48   46  381.57000  334.68786  12.3%  22.1  762s

 624361 120194  356.18768   44   44  381.57000  334.73500  12.3%  22.1  765s

 627848 120357  359.74417   33   48  381.57000  334.88538  12.2%  22.1  771s

 631378 120526  360.11433   49   23  381.57000  335.03500  12.2%  22.1  778s

 633105 120655  349.58223   34   62  381.57000  335.14470  12.2%  22.1  781s

 636621 120915  361.51659   50   19  381.57000  335.26667  12.1%  22.1  787s

 639644 121142  357.21143   31   52  381.57000  335.37515  12.1%  22.1  792s

 643277 121394  346.79884   40   39  381.57000  335.51493  12.1%  22.1  797s

 645049 121470  351.38000   45   50  381.57000  335.59250  12.0%  22.1  800s

 648473 121758 infeasible   47       381.57000  335.73833  12.0%  22.1  805s

 651952 121959 infeasible   36       381.57000  335.86687  12.0%  22.1  811s

 655258 122115  376.63136   42   50  381.57000  336.02483  11.9%  22.1  816s

 658856 122306  353.40223   42   26  381.57000  336.15829  11.9%  22.1  821s

 662069 122511     cutoff   50       381.57000  336.27769  11.9%  22.1  826s

 665175 122676  369.69895   52   13  381.57000  336.40103  11.8%  22.1  832s

 668581 122929     cutoff   51       381.57000  336.52782  11.8%  22.1  837s

 670508 123032  365.82572   52   47  381.57000  336.61265  11.8%  22.1  840s

 673891 123374  357.23823   55   33  381.57000  336.73829  11.7%  22.1  845s

 677368 123605  356.31189   40   20  381.57000  336.87387  11.7%  22.1  851s

 680706 123810  370.15493   32   77  381.57000  337.00064  11.7%  22.1  856s

 684332 124044  363.82988   46   30  381.57000  337.14543  11.6%  22.1  861s

 687990 124289  348.62667   38   64  381.57000  337.30271  11.6%  22.1  867s

 691294 124493     cutoff   56       381.57000  337.44614  11.6%  22.1  872s

 694798 124663  361.58905   34   51  381.57000  337.58307  11.5%  22.1  876s

 697257 124862  337.84000   26   25  381.57000  337.67413  11.5%  22.1  882s

 700667 124972 infeasible   48       381.57000  337.79763  11.5%  22.1  887s

 703806 125222  378.44687   54   40  381.57000  337.92314  11.4%  22.1  892s

 705735 125360     cutoff   45       381.57000  337.97335  11.4%  22.1  895s

 710987 125657  380.08013   43   21  381.57000  338.16142  11.4%  22.1  902s

 714358 125782  366.53348   61   11  381.57000  338.27373  11.3%  22.1  907s

 717468 126051  338.79086   47   18  381.57000  338.39000  11.3%  22.1  912s

 720905 126218  376.57644   33   23  381.57000  338.52920  11.3%  22.1  917s

 722723 126350  373.93263   54   24  381.57000  338.60000  11.3%  22.1  920s

 725850 126568     cutoff   52       381.57000  338.69858  11.2%  22.1  925s

 728910 126691  351.20336   42   73  381.57000  338.80072  11.2%  22.1  930s

 732596 126912     cutoff   37       381.57000  338.93895  11.2%  22.1  935s

 735914 127121 infeasible   44       381.57000  339.07416  11.1%  22.1  941s

 739395 127254     cutoff   38       381.57000  339.20380  11.1%  22.1  946s

 742668 127425     cutoff   54       381.57000  339.32503  11.1%  22.1  951s

 745870 127532  374.42481   47   19  381.57000  339.42962  11.0%  22.1  957s

 749089 127623  358.49750   52   28  381.57000  339.57380  11.0%  22.1  961s

 749453 127664     cutoff   52       381.57000  339.57380  11.0%  22.1  965s

 753934 127768 infeasible   43       381.57000  339.75668  11.0%  22.1  971s

 755931 127861  378.57763   64   35  381.57000  339.82997  10.9%  22.1  975s

 759731 128107  359.61600   42   53  381.57000  339.95800  10.9%  22.1  980s

 763169 128237  358.35969   54   40  381.57000  340.08965  10.9%  22.1  987s

 767086 128328 infeasible   44       381.57000  340.22445  10.8%  22.1  992s

 768743 128435  351.24795   38   42  381.57000  340.29179  10.8%  22.1  995s

 771706 128610  349.32825   47   64  381.57000  340.39645  10.8%  22.1 1001s

 775690 128820  362.75667   43   25  381.57000  340.52354  10.8%  22.2 1007s

 777192 128886  363.06273   56   28  381.57000  340.57075  10.7%  22.2 1010s

 780719 128990  367.70130   39   26  381.57000  340.70332  10.7%  22.2 1015s

 784193 129108     cutoff   34       381.57000  340.82241  10.7%  22.2 1020s

 787814 129185  374.39151   41   15  381.57000  340.95701  10.6%  22.2 1026s

 791115 129327  371.49394   47   21  381.57000  341.06223  10.6%  22.2 1031s

 794233 129390  354.04304   49   49  381.57000  341.16945  10.6%  22.2 1037s

 796283 129427  372.32727   31   59  381.57000  341.24413  10.6%  22.2 1040s

 798811 129538  344.19622   44   79  381.57000  341.31355  10.6%  22.2 1046s

 802661 129495 infeasible   48       381.57000  341.47250  10.5%  22.2 1052s

 804359 129515  358.38222   39   43  381.57000  341.54602  10.5%  22.2 1055s

 807897 129586  352.15674   46   49  381.57000  341.65691  10.5%  22.2 1060s

 811715 129773  347.97023   47   34  381.57000  341.81378  10.4%  22.2 1066s

 814681 129865  363.21532   45   59  381.57000  341.91196  10.4%  22.2 1071s

 818212 129965  373.98000   44   31  381.57000  342.00785  10.4%  22.2 1077s

 821638 130027  368.07185   48   47  381.57000  342.12478  10.3%  22.2 1082s

 823400 130057  375.19500   38   30  381.57000  342.20439  10.3%  22.2 1085s

 827065 130034  359.52164   41   46  381.57000  342.33354  10.3%  22.2 1090s

 830457 130040 infeasible   43       381.57000  342.45373  10.3%  22.2 1096s

 833737 130019  376.78932   47   55  381.57000  342.57111  10.2%  22.2 1101s

 836929 129989     cutoff   60       381.57000  342.70558  10.2%  22.2 1106s

 840592 130158     cutoff   40       381.57000  342.81602  10.2%  22.2 1112s

 843843 130125  349.14996   36   30  381.57000  342.94849  10.1%  22.2 1117s

 845696 130132  370.45556   45   11  381.57000  343.01194  10.1%  22.2 1120s

 848953 130041 infeasible   44       381.57000  343.10627  10.1%  22.2 1125s

 852622 130097  345.59539   50   43  381.57000  343.25440  10.0%  22.2 1130s

 856040 130132  367.99235   44   14  381.57000  343.36498  10.0%  22.2 1136s

 858908 130173  372.37765   43   63  381.57000  343.45670  10.0%  22.2 1143s

 860729 130136  354.38600   53   36  381.57000  343.50751  10.0%  22.2 1145s

 864198 130213  375.36593   58   16  381.57000  343.62430  9.94%  22.2 1151s

 867571 130234 infeasible   43       381.57000  343.75213  9.91%  22.2 1156s

 870962 130131     cutoff   31       381.57000  343.86407  9.88%  22.2 1162s

 874499 130005 infeasible   37       381.57000  343.98323  9.85%  22.2 1167s

 876160 129979  376.14509   41   55  381.57000  344.03800  9.84%  22.2 1170s

 879614 130134     cutoff   43       381.57000  344.16143  9.80%  22.2 1175s

 882768 130123  348.70534   51   68  381.57000  344.25217  9.78%  22.2 1180s

 886137 130036  353.82110   41   44  381.57000  344.35352  9.75%  22.2 1186s

 889681 130047     cutoff   57       381.57000  344.48058  9.72%  22.2 1191s

 893006 129998     cutoff   35       381.57000  344.59379  9.69%  22.2 1196s

 896317 129920 infeasible   44       381.57000  344.71375  9.66%  22.2 1202s

 899663 129907     cutoff   41       381.57000  344.83132  9.63%  22.2 1207s

 902817 129850  361.65554   36   25  381.57000  344.93994  9.60%  22.2 1212s

 904633 129789  356.66420   47   10  381.57000  344.99086  9.59%  22.2 1215s

 908026 129688  352.32616   34   66  381.57000  345.09647  9.56%  22.2 1220s

 911494 129559  360.97478   32   67  381.57000  345.21845  9.53%  22.2 1226s

 914545 129507 infeasible   49       381.57000  345.30839  9.50%  22.2 1231s

 918265 129521 infeasible   38       381.57000  345.42121  9.47%  22.2 1235s

 921637 129462  372.62913   44   60  381.57000  345.53217  9.44%  22.2 1240s

 926553 129439  353.43177   46   42  381.57000  345.68000  9.41%  22.2 1247s

 928648 129417     cutoff   39       381.57000  345.73995  9.39%  22.2 1250s

 933705 129338  380.78036   52   33  381.57000  345.90000  9.35%  22.3 1257s

 937135 129284  354.34474   44   17  381.57000  346.01250  9.32%  22.3 1262s

 940545 129229  368.55714   47   69  381.57000  346.12130  9.29%  22.3 1266s

 944228 129118 infeasible   47       381.57000  346.24500  9.26%  22.3 1271s

 947629 129057  369.40779   30   21  381.57000  346.36175  9.23%  22.3 1276s

 950475 128946     cutoff   59       381.57000  346.44068  9.21%  22.3 1281s

 954020 128794  366.43611   48   91  381.57000  346.56234  9.17%  22.3 1287s

 957682 128680  368.15830   46   23  381.57000  346.67182  9.15%  22.3 1292s

 961244 128620  358.10370   40   33  381.57000  346.77750  9.12%  22.3 1297s

 964497 128471  356.69300   48   34  381.57000  346.87975  9.09%  22.3 1302s

 968314 128447  369.88500   43   30  381.57000  347.00297  9.06%  22.3 1307s

 971684 128310  350.24008   41   60  381.57000  347.10228  9.03%  22.3 1311s

 975099 128261  361.17264   39   26  381.57000  347.22000  9.00%  22.3 1316s

 977275 128152 infeasible   47       381.57000  347.29320  8.98%  22.3 1320s

 981213 128083 infeasible   39       381.57000  347.39819  8.96%  22.3 1326s

 984794 127974  375.79467   31   33  381.57000  347.51825  8.92%  22.3 1330s

 988334 127827 infeasible   48       381.57000  347.62260  8.90%  22.3 1335s

 991351 127594  349.74305   48   64  381.57000  347.71752  8.87%  22.3 1340s

 994849 127370     cutoff   41       381.57000  347.83900  8.84%  22.3 1345s

 998532 127159     cutoff   43       381.57000  347.94825  8.81%  22.3 1350s

 1002020 127038  354.47357   33   15  381.57000  348.06500  8.78%  22.3 1355s

 1005538 126963     cutoff   50       381.57000  348.17727  8.75%  22.3 1360s

 1008819 126824     cutoff   55       381.57000  348.28377  8.72%  22.3 1365s

 1014112 126663     cutoff   41       381.57000  348.44087  8.68%  22.3 1372s

 1017773 126458  354.96333   27   53  381.57000  348.55250  8.65%  22.3 1377s

 1021248 126220  379.55661   43   21  381.57000  348.66924  8.62%  22.3 1381s

 1024598 126004     cutoff   48       381.57000  348.77668  8.59%  22.3 1386s

 1027946 125943  355.82549   56   46  381.57000  348.88159  8.57%  22.3 1391s

 1030358 125768 infeasible   35       381.57000  348.94561  8.55%  22.3 1397s

 1034186 125628     cutoff   59       381.57000  349.04011  8.53%  22.3 1400s

 1037874 125395 infeasible   41       381.57000  349.17682  8.49%  22.3 1406s

 1041293 125213 infeasible   44       381.57000  349.27018  8.46%  22.3 1411s

 1044739 124933 infeasible   27       381.57000  349.38294  8.44%  22.3 1417s

 1046669 124841 infeasible   45       381.57000  349.44256  8.42%  22.3 1420s

 1050310 124662     cutoff   45       381.57000  349.56130  8.39%  22.3 1425s

 1054038 124336  351.14660   45   32  381.57000  349.65704  8.36%  22.3 1430s

 1057335 124079  354.84870   40   51  381.57000  349.78341  8.33%  22.3 1435s

 1060883 123864 infeasible   35       381.57000  349.89879  8.30%  22.3 1440s

 1064216 123638  371.91023   38   40  381.57000  350.00474  8.27%  22.3 1445s

 1067812 123516  358.16318   48   43  381.57000  350.11110  8.24%  22.3 1450s

 1070160 123156 infeasible   48       381.57000  350.18205  8.23%  22.3 1457s

 1073556 122972     cutoff   42       381.57000  350.30447  8.19%  22.3 1460s

 1076746 122730  356.66686   36   54  381.57000  350.42168  8.16%  22.3 1465s

 1080347 122453     cutoff   37       381.57000  350.54000  8.13%  22.3 1470s

 1084413 122291  356.12526   67   24  381.57000  350.66348  8.10%  22.3 1475s

 1087920 121970  374.25769   39   39  381.57000  350.78735  8.07%  22.3 1480s

 1091276 121682 infeasible   49       381.57000  350.90913  8.04%  22.3 1486s

 1094856 121470     cutoff   56       381.57000  351.01496  8.01%  22.3 1491s

 1098489 121222     cutoff   36       381.57000  351.14000  7.97%  22.3 1496s

 1101960 120850  375.14685   56   55  381.57000  351.24795  7.95%  22.3 1501s

 1105314 120605 infeasible   49       381.57000  351.35339  7.92%  22.3 1506s

 1108757 120322  375.20300   31   56  381.57000  351.45096  7.89%  22.3 1511s

 1112289 119929  361.50985   49   39  381.57000  351.56680  7.86%  22.3 1516s

 1115710 119602  363.29188   40   26  381.57000  351.69000  7.83%  22.3 1521s

 1119134 119154     cutoff   45       381.57000  351.79908  7.80%  22.3 1526s

 1122504 118854 infeasible   50       381.57000  351.90227  7.78%  22.3 1532s

 1125852 118511     cutoff   60       381.57000  352.00706  7.75%  22.3 1537s

 1127496 118365 infeasible   40       381.57000  352.05455  7.74%  22.3 1540s

 1131161 117992  365.97999   67   39  381.57000  352.19014  7.70%  22.3 1545s

 1135165 117751     cutoff   53       381.57000  352.30471  7.67%  22.3 1550s

 1137275 117415  374.49800   41   26  381.57000  352.39231  7.65%  22.3 1555s

 1140715 117057 infeasible   42       381.57000  352.49250  7.62%  22.3 1560s

 1144309 116713 infeasible   46       381.57000  352.62565  7.59%  22.3 1566s

 1148035 116329 infeasible   47       381.57000  352.74047  7.56%  22.3 1571s

 1151551 115995  369.97000   42   25  381.57000  352.86053  7.52%  22.3 1576s

 1155059 115686     cutoff   31       381.57000  352.96843  7.50%  22.3 1581s

 1157643 115379     cutoff   36       381.57000  353.05074  7.47%  22.3 1586s

 1161054 115066  377.01591   44   43  381.57000  353.15972  7.45%  22.3 1592s

 1164696 114728  368.68426   37   33  381.57000  353.29180  7.41%  22.3 1597s

 1166447 114487  367.06583   49   23  381.57000  353.34441  7.40%  22.3 1600s

 1169983 114156  364.44538   55   32  381.57000  353.47091  7.36%  22.3 1605s

 1173550 113780     cutoff   40       381.57000  353.58828  7.33%  22.3 1610s

 1176874 113455  368.58658   46   69  381.57000  353.69750  7.30%  22.3 1616s

 1180491 113192 infeasible   43       381.57000  353.81289  7.27%  22.3 1621s

 1184016 112745  359.13851   36   31  381.57000  353.93047  7.24%  22.3 1626s

 1187518 112261     cutoff   49       381.57000  354.04631  7.21%  22.3 1631s

 1190844 111860     cutoff   56       381.57000  354.16407  7.18%  22.3 1636s

 1194466 111463  375.60133   39   18  381.57000  354.26734  7.16%  22.3 1642s

 1197924 111145     cutoff   42       381.57000  354.39243  7.12%  22.3 1647s

 1201354 110746 infeasible   45       381.57000  354.50019  7.09%  22.3 1652s

 1203084 110573 infeasible   52       381.57000  354.56262  7.08%  22.3 1655s

 1206643 110099     cutoff   37       381.57000  354.68148  7.05%  22.3 1660s

 1209995 109731 infeasible   45       381.57000  354.77069  7.02%  22.3 1665s

 1213838 109357  362.78318   47   44  381.57000  354.88750  6.99%  22.3 1671s

 1217226 108979  368.27702   43   20  381.57000  354.98750  6.97%  22.3 1676s

 1220553 108517  372.69975   43   36  381.57000  355.10038  6.94%  22.3 1681s

 1224047 108093     cutoff   52       381.57000  355.21667  6.91%  22.3 1687s

 1227370 107691 infeasible   40       381.57000  355.33056  6.88%  22.3 1692s

 1230812 107270 infeasible   50       381.57000  355.43947  6.85%  22.3 1697s

 1232622 107096 infeasible   49       381.57000  355.49413  6.83%  22.3 1700s

 1236073 106588  368.89541   41   58  381.57000  355.61828  6.80%  22.3 1706s

 1239545 106170  376.24630   52   69  381.57000  355.72605  6.77%  22.3 1711s

 1242724 105696  369.51621   53   56  381.57000  355.85112  6.74%  22.3 1716s

 1246005 105298     cutoff   50       381.57000  355.95032  6.71%  22.3 1722s

 1247706 105077 infeasible   40       381.57000  355.99670  6.70%  22.3 1725s

 1251671 104655  368.67872   44   29  381.57000  356.12756  6.67%  22.3 1730s

 1255120 104280     cutoff   30       381.57000  356.23000  6.64%  22.3 1736s

 1258558 103867  373.53104   48   28  381.57000  356.34166  6.61%  22.3 1741s

 1262018 103425 infeasible   61       381.57000  356.44667  6.58%  22.3 1747s

 1263841 103174 infeasible   44       381.57000  356.49917  6.57%  22.3 1750s

 1267045 102749 infeasible   62       381.57000  356.61078  6.54%  22.3 1755s

 1270692 102196  370.26693   48   84  381.57000  356.74917  6.50%  22.3 1761s

 1273627 101877     cutoff   59       381.57000  356.83744  6.48%  22.3 1766s

 1277185 101324 infeasible   43       381.57000  356.94876  6.45%  22.3 1772s

 1279026 101091  363.61373   39   29  381.57000  357.01534  6.44%  22.3 1775s

 1282589 100633  381.34714   54   23  381.57000  357.12082  6.41%  22.3 1781s

 1286028 100142     cutoff   50       381.57000  357.24575  6.37%  22.3 1786s

 1289534 99734  371.70764   44   30  381.57000  357.35543  6.35%  22.3 1792s

 1291073 99433     cutoff   45       381.57000  357.40563  6.33%  22.3 1795s

 1294558 98935     cutoff   37       381.57000  357.52083  6.30%  22.3 1801s

 1298226 98509     cutoff   46       381.57000  357.63885  6.27%  22.3 1807s

 1299522 98204     cutoff   55       381.57000  357.67857  6.26%  22.3 1810s

 1303055 97709  371.21688   59   23  381.57000  357.81105  6.23%  22.3 1816s

 1306860 97101 infeasible   51       381.57000  357.92242  6.20%  22.3 1821s

 1310281 96632     cutoff   67       381.57000  358.04000  6.17%  22.3 1827s

 1311956 96364 infeasible   38       381.57000  358.10551  6.15%  22.2 1830s

 1315306 95911  360.82211   50   72  381.57000  358.20792  6.12%  22.2 1836s

 1318888 95468     cutoff   48       381.57000  358.32445  6.09%  22.2 1842s

 1320751 95251  362.48046   49   90  381.57000  358.38864  6.08%  22.2 1845s

 1324100 94775  366.43000   52   10  381.57000  358.48972  6.05%  22.2 1850s

 1327651 94323  363.45083   46   19  381.57000  358.59844  6.02%  22.2 1856s

 1331256 93801  370.83570   43   48  381.57000  358.72447  5.99%  22.2 1862s

 1332720 93498     cutoff   71       381.57000  358.76742  5.98%  22.2 1865s

 1335903 92945  370.78384   44   51  381.57000  358.86654  5.95%  22.2 1871s

 1339573 92387  369.89925   44   32  381.57000  359.00030  5.91%  22.2 1877s

 1341245 92161  364.36344   37   23  381.57000  359.05522  5.90%  22.2 1880s

 1344642 91474     cutoff   54       381.57000  359.15470  5.87%  22.2 1885s

 1348101 91076     cutoff   41       381.57000  359.29021  5.84%  22.2 1891s

 1351726 90559  378.49365   46   43  381.57000  359.39273  5.81%  22.2 1898s

 1353585 90325  368.14767   43   35  381.57000  359.45888  5.79%  22.2 1900s

 1357046 89727  364.41469   52   57  381.57000  359.56000  5.77%  22.2 1906s

 1360201 89101     cutoff   28       381.57000  359.68927  5.73%  22.2 1912s

 1362074 88818 infeasible   42       381.57000  359.73476  5.72%  22.2 1916s

 1365643 88373     cutoff   47       381.57000  359.87848  5.68%  22.2 1921s

 1368227 87604     cutoff   44       381.57000  359.95510  5.66%  22.2 1928s

 1369951 87307     cutoff   51       381.57000  360.02097  5.65%  22.2 1931s

 1373625 86621  376.84597   49   12  381.57000  360.16451  5.61%  22.2 1937s

 1375996 86169  362.19930   45   37  381.57000  360.24361  5.59%  22.2 1943s

 1378045 85819  371.00298   50    7  381.57000  360.33149  5.57%  22.2 1946s

 1379815 85529  365.55719   46   41  381.57000  360.38420  5.55%  22.2 1950s

 1383553 84769  362.63888   51   23  381.57000  360.51190  5.52%  22.2 1956s

 1387111 84143     cutoff   43       381.57000  360.63962  5.49%  22.2 1963s

 1389153 83756     cutoff   57       381.57000  360.71348  5.47%  22.2 1966s

 1392644 83167     cutoff   47       381.57000  360.83538  5.43%  22.2 1972s

 1394336 82759     cutoff   34       381.57000  360.88348  5.42%  22.2 1976s

 1397913 82032  374.48346   60   44  381.57000  361.03727  5.38%  22.2 1982s

 1399549 81699  369.85609   59   33  381.57000  361.08556  5.37%  22.2 1985s

 1403350 81015 infeasible   38       381.57000  361.23167  5.33%  22.2 1991s

 1405104 80647     cutoff   48       381.57000  361.29200  5.31%  22.2 1995s

 1408423 79802  378.31179   50    9  381.57000  361.41106  5.28%  22.2 2001s

 1412035 79149  369.79465   51   60  381.57000  361.55000  5.25%  22.2 2007s

 1413809 78774 infeasible   41       381.57000  361.62234  5.23%  22.2 2010s

 1417232 77939  370.61073   43   50  381.57000  361.75438  5.19%  22.2 2016s

 1420615 77317 infeasible   49       381.57000  361.90100  5.15%  22.1 2022s

 1421616 76946  376.04955   52   39  381.57000  361.95159  5.14%  22.1 2025s

 1425157 76232     cutoff   42       381.57000  362.05876  5.11%  22.1 2032s

 1427021 75833  371.40704   52    6  381.57000  362.13200  5.09%  22.1 2035s

 1430489 75001  366.27931   41   29  381.57000  362.27484  5.06%  22.1 2041s

 1432376 74580  375.42664   44   52  381.57000  362.34668  5.04%  22.1 2045s

 1435938 73858  372.66396   47   29  381.57000  362.48543  5.00%  22.1 2051s

 1439486 73048     cutoff   60       381.57000  362.61140  4.97%  22.1 2057s

 1441547 72652     cutoff   33       381.57000  362.68815  4.95%  22.1 2061s

 1444964 71897  379.27516   54   31  381.57000  362.84070  4.91%  22.1 2067s

 1446723 71490 infeasible   33       381.57000  362.91248  4.89%  22.1 2070s

 1450113 70628  371.85491   38   39  381.57000  363.05208  4.85%  22.1 2076s

 1451949 70225     cutoff   56       381.57000  363.13500  4.83%  22.1 2080s

 1455389 69516  364.06614   48   23  381.57000  363.25008  4.80%  22.1 2086s

 1456884 69070 infeasible   53       381.57000  363.31386  4.78%  22.1 2090s

 1460520 68112 infeasible   49       381.57000  363.47430  4.74%  22.1 2097s

 1462109 67752  372.29373   46   75  381.57000  363.53909  4.73%  22.1 2100s

 1465608 66807  371.07171   36   39  381.57000  363.68084  4.69%  22.1 2107s

 1467299 66310     cutoff   54       381.57000  363.77211  4.66%  22.1 2110s

 1470875 65423 infeasible   41       381.57000  363.92649  4.62%  22.1 2117s

 1472662 64985  375.07366   62   16  381.57000  363.99300  4.61%  22.1 2120s

 1476105 64062 infeasible   37       381.57000  364.17000  4.56%  22.1 2127s

 1477858 63626 infeasible   49       381.57000  364.24615  4.54%  22.1 2130s

 1481209 62603  375.70129   41   60  381.57000  364.40182  4.50%  22.1 2137s

 1483015 62183  369.23054   47   66  381.57000  364.48247  4.48%  22.1 2140s

 1486512 61385  364.64852   44   27  381.57000  364.62455  4.44%  22.1 2147s

 1488343 60914  369.86938   43   18  381.57000  364.70554  4.42%  22.1 2151s

 1491506 60050  365.42428   52   39  381.57000  364.83848  4.38%  22.1 2157s

 1493312 59542  376.71947   41   15  381.57000  364.93896  4.36%  22.0 2161s

 1496723 58563 infeasible   39       381.57000  365.09487  4.32%  22.0 2168s

 1498517 58030  365.43087   52   57  381.57000  365.18000  4.30%  22.0 2171s

 1500396 57540     cutoff   35       381.57000  365.26182  4.27%  22.0 2175s

 1503861 56486     cutoff   51       381.57000  365.44177  4.23%  22.0 2182s

 1505639 55941 infeasible   43       381.57000  365.51833  4.21%  22.0 2185s

 1509141 54944  368.15219   43   32  381.57000  365.69313  4.16%  22.0 2192s

 1511356 54687  366.71523   48   24  381.57000  365.77750  4.14%  22.0 2195s

 1513618 53636  375.09500   46   28  381.57000  365.89000  4.11%  22.0 2201s

 1515404 52990     cutoff   43       381.57000  366.00333  4.08%  22.0 2205s

 1519145 51822     cutoff   37       381.57000  366.19477  4.03%  22.0 2212s

 1520901 51273     cutoff   40       381.57000  366.29744  4.00%  22.0 2216s

 1524331 50224  372.83109   51   31  381.57000  366.46176  3.96%  22.0 2223s

 1526089 49631  373.76727   55   42  381.57000  366.54005  3.94%  22.0 2226s

 1527959 49088  371.20503   40   48  381.57000  366.67333  3.90%  22.0 2230s

 1531585 48022  370.05012   55   43  381.57000  366.85750  3.86%  22.0 2237s

 1533395 47438 infeasible   44       381.57000  366.95250  3.83%  22.0 2240s

 1536841 46379 infeasible   48       381.57000  367.15218  3.78%  22.0 2247s

 1538576 45766  367.59000   59   12  381.57000  367.22435  3.76%  22.0 2250s

 1542131 44592  375.25759   36   47  381.57000  367.42932  3.71%  22.0 2258s

 1543943 44375 infeasible   63       381.57000  367.53266  3.68%  22.0 2260s

 1546194 43142  372.74625   45   19  381.57000  367.65613  3.65%  22.0 2267s

 1548136 42557  379.57574   54   34  381.57000  367.78185  3.61%  21.9 2270s

 1551837 41384  376.27288   46   37  381.57000  368.00646  3.55%  21.9 2278s

 1553709 40712  375.51181   50   43  381.57000  368.10962  3.53%  21.9 2281s

 1555423 39981  379.90189   53   48  381.57000  368.20131  3.50%  21.9 2285s

 1559128 38592     cutoff   54       381.57000  368.44706  3.44%  21.9 2291s

 1561010 37841     cutoff   49       381.57000  368.58800  3.40%  21.9 2295s

 1564486 36459 infeasible   43       381.57000  368.84091  3.34%  21.9 2301s

 1568076 35008     cutoff   54       381.57000  369.08000  3.27%  21.9 2308s

 1569829 34338  369.28492   51   52  381.57000  369.21237  3.24%  21.9 2311s

 1571793 34009  373.97086   44   20  381.57000  369.33171  3.21%  21.9 2316s

 1574278 32554  371.23605   41   36  381.57000  369.38000  3.19%  21.9 2322s

 1576235 31845  373.55714   44   19  381.57000  369.68560  3.11%  21.9 2326s

 1578167 31072 infeasible   57       381.57000  369.81220  3.08%  21.9 2330s

 1581991 29448     cutoff   38       381.57000  370.12000  3.00%  21.9 2337s

 1583844 28554  381.02148   45   45  381.57000  370.27761  2.96%  21.9 2340s

 1587570 26936     cutoff   56       381.57000  370.57197  2.88%  21.8 2347s

 1589416 26120 infeasible   54       381.57000  370.78203  2.83%  21.8 2350s

 1593109 24618 infeasible   58       381.57000  371.09187  2.75%  21.8 2356s

 1594912 23816  372.29963   40   49  381.57000  371.24000  2.71%  21.8 2360s

 1598546 22220  371.79688   30   49  381.57000  371.65016  2.60%  21.8 2366s

 1602192 20950     cutoff   34       381.57000  371.97845  2.51%  21.8 2372s

 1603261 20037  378.92916   45   22  381.57000  372.08094  2.49%  21.8 2376s

 1606931 18202  377.11420   25   68  381.57000  372.52390  2.37%  21.8 2382s

 1608767 17249  377.92383   40    7  381.57000  372.73500  2.32%  21.8 2386s

 1612470 15290  374.66625   49   53  381.57000  373.24520  2.18%  21.8 2393s

 1614378 14449     cutoff   44       381.57000  373.51464  2.11%  21.8 2397s

 1616126 13466     cutoff   47       381.57000  373.74613  2.05%  21.8 2400s

 1619918 11288 infeasible   46       381.57000  374.29107  1.91%  21.7 2408s

 1621700 10244  375.06594   34   23  381.57000  374.71434  1.80%  21.7 2412s

 1623575  9107 infeasible   59       381.57000  375.01450  1.72%  21.7 2416s

 1625338  7916     cutoff   41       381.57000  375.42067  1.61%  21.7 2420s

 1629090  5422  379.85299   49   38  381.57000  376.35121  1.37%  21.7 2429s

 1630982  4083 infeasible   43       381.57000  376.84916  1.24%  21.7 2434s

 1632870  2528 infeasible   53       381.57000  377.67532  1.02%  21.7 2438s

 1634845   796  381.28681   40   69  381.57000  378.73011  0.74%  21.7 2442s



Cutting planes:

  Learned: 12

  Gomory: 30

  Lift-and-project: 39

  Cover: 489

  Implied bound: 350

  Projected implied bound: 19

  Clique: 254

  MIR: 298

  Mixing: 133

  StrongCG: 78

  Flow cover: 1080

  GUB cover: 3

  Inf proof: 290

  Zero half: 1455

  RLT: 130

  Relax-and-lift: 991



Explored 1637744 nodes (35420599 simplex iterations) in 2444.39 seconds (577.38 work units)

Thread count was 16 (of 16 available processors)



Solution count 10: 381.57 381.57 386.07 ... 416.43



Optimal solution found (tolerance 1.00e-04)

Best objective 3.815700000000e+02, best bound 3.815700000000e+02, gap 0.0000%



AMPL MP initial flat model has 1304 variables (0 integer, 1261 binary);

Objectives: 1 quadratic; 

Constraints:  535 linear; 6 quadratic;



AMPL MP final model has 1304 variables (0 integer, 1261 binary);

Objectives: 1 quadratic; 

Constraints:  535 linear; 6 quadratic;





-----RESULTS INFO-----
running_time:  2444.594
TC.best_bound:  381.57
TC:  381.57
MIP Gap (%):  0
=== Vehicle Routes ===
Vehicle 1: 0 → 3
Vehicle 1: 1 → 22
Vehicle 1: 3 → 15
Vehicle 1: 15 → 18
Vehicle 1: 18 → 1
Vehicle 2: 0 → 2
Vehicle 2: 2 → 20
Vehicle 2: 4 → 22
Vehicle 2: 17 → 4
Vehicle 2: 20 → 17
Vehicle 3: 0 → 19
Vehicle 3: 19 → 22
Vehicle 4: 0 → 22

=== Full Vehicle Routes ===
Vehicle 1: 0 → 3 → 15 → 18 → 1 → 0 (94<100)
Vehicle 2: 0 → 2 → 20 → 17 → 4 → 0 (93<100)
Vehicle 3: 0 → 19 → 0 (22<100)
Vehicle 4: 0 → 0 (0<100)
Arc used by MRT line: y variables:
MRT used: 15 → 16
Customer assigment to PL: u variables:
5 17
6 20
7 16
8 18
9 20
10 18
11 17
12 15
13 19
14 16
Node is served by regular vehicle: g variables:
1
2
3
4
15
17
18
19
20
Customer assigment to Home delivery: gm variables:
1
2
3
4
Node total demands: ntd variables:
1 13 1
2 24 1
3 12 1
4 13 1
10 0 0
11 0 0
12 0 0
13 0 0
14 0 0
21 0 0
15 36 1
16 0 0
17 33 1
18 33 1
19 22 1
20 23 1
Customer's demand delivered to PL: l variables:
5
6
7
8
9
10
11
12
13
14
Lockers load <= capacity:
0 <= 99
12 <= 84
24 <= 78
33 <= 76
33 <= 93
22 <= 70
23 <= 78
