Gurobi 12.0.3:   lim:time = 14400

  mip:bestbound = 1

Set parameter LogToConsole to value 1

  tech:outlev = 1

Set parameter Cuts to value 3

  cut:cuts = 3

Set parameter Presolve to value 2

  pre:solve = 2

Set parameter MIPFocus to value 2

  mip:focus = 2

Set parameter Symmetry to value 2

  mip:symmetry = 2

Set parameter InfUnbdInfo to value 1

Gurobi Optimizer version 12.0.3 build v12.0.3rc0 (win64 - Windows 11.0 (26100.2))



CPU model: 12th Gen Intel(R) Core(TM) i7-12700, instruction set [SSE2|AVX|AVX2]

Thread count: 12 physical cores, 20 logical processors, using up to 20 threads



Non-default parameters:

TimeLimit  14400

MIPFocus  2

Symmetry  2

Cuts  3

InfUnbdInfo  1

Presolve  2



Optimize a model with 670 rows, 1237 columns and 7464 nonzeros

Model fingerprint: 0x58b99e84

Model has 4 quadratic objective terms

Model has 8 quadratic constraints

Variable types: 44 continuous, 1193 integer (0 binary)

Coefficient statistics:

  Matrix range     [1e+00, 1e+05]

  QMatrix range    [1e+00, 1e+00]

  QLMatrix range   [1e+00, 2e+01]

  Objective range  [2e+00, 1e+02]

  QObjective range [3e+00, 3e+00]

  Bounds range     [1e+00, 1e+02]

  RHS range        [1e+00, 1e+05]

  QRHS range       [1e+02, 1e+02]

Presolve removed 56 rows and 118 columns

Presolve time: 0.43s

Presolved: 1352 rows, 1843 columns, 11290 nonzeros

Variable types: 276 continuous, 1567 integer (1498 binary)

Root relaxation presolve removed 79 rows and 5 columns

Root relaxation presolved: 857 rows, 1481 columns, 17678 nonzeros





Root relaxation: objective 1.342747e+02, 88 iterations, 0.03 seconds (0.03 work units)



    Nodes    |    Current Node    |     Objective Bounds      |     Work

 Expl Unexpl |  Obj  Depth IntInf | Incumbent    BestBd   Gap | It/Node Time



     0     0  134.27474    0   42          -  134.27474      -     -    0s

H    0     0                     790.9100000  134.27474  83.0%     -    0s

H    0     0                     432.5900000  189.64011  56.2%     -    0s

     0     0  214.24260    0   45  432.59000  214.24260  50.5%     -    0s

     0     0  214.24260    0   63  432.59000  214.24260  50.5%     -    0s

     0     0  214.24260    0   73  432.59000  214.24260  50.5%     -    0s

     0     0  214.24260    0   83  432.59000  214.24260  50.5%     -    0s

     0     0  214.72000    0   28  432.59000  214.72000  50.4%     -    1s

H    0     0                     414.4200000  214.72000  48.2%     -    1s

     0     0  214.72000    0   27  414.42000  214.72000  48.2%     -    1s

H    0     0                     405.2100000  214.72382  47.0%     -    1s

H    0     0                     394.0100000  214.72382  45.5%     -    1s

H    0     0                     391.2700000  214.72382  45.1%     -    1s

H    0     0                     389.0100000  214.72382  44.8%     -    1s

     0     0  214.73120    0   67  389.01000  214.73120  44.8%     -    1s

     0     0  214.75054    0   67  389.01000  214.75054  44.8%     -    1s

     0     0  224.26000    0   74  389.01000  224.26000  42.4%     -    1s

     0     0  224.26000    0   74  389.01000  224.26000  42.4%     -    1s

     0     2  224.53901    0   73  389.01000  224.53901  42.3%     -    2s

  2610  1685  345.42000   51   93  389.01000  239.94991  38.3%  19.0    5s

H 2627  1611                     387.3200000  246.14711  36.4%  18.9    6s

H 2653  1545                     376.2900000  254.06175  32.5%  18.7    7s

H 2659  1470                     375.0400000  254.88674  32.0%  18.7    7s

  5102  2287  339.09864   32   46  375.04000  256.30446  31.7%  23.6   10s

 21536  8797  270.06536   35   24  375.04000  270.06536  28.0%  20.7   15s

 35623 14213 infeasible   46       375.04000  277.00119  26.1%  19.5   20s

 49109 18851  294.10576   37   89  375.04000  281.25372  25.0%  19.1   25s

 59497 22124  370.86500   39   22  375.04000  283.94311  24.3%  18.9   30s

 71909 25732  309.12893   26   25  375.04000  286.41718  23.6%  18.7   35s

 83123 28812     cutoff   37       375.04000  288.14958  23.2%  18.5   40s

 95238 31612  322.01667   34   36  375.04000  290.19661  22.6%  18.5   45s

 104565 33692 infeasible   47       375.04000  292.02733  22.1%  18.8   50s

 115609 35799  307.40172   26   41  375.04000  294.14336  21.6%  18.9   56s

 122789 37245 infeasible   38       375.04000  295.60143  21.2%  19.2   60s

 131790 39000  306.17417   53   11  375.04000  297.01813  20.8%  19.4   65s

 140582 40624  357.61667   33   35  375.04000  298.56735  20.4%  19.5   70s

 148483 42307  347.41424   41   40  375.04000  299.69800  20.1%  19.7   75s

 156702 43861  307.27856   34   47  375.04000  300.69415  19.8%  19.9   80s

 165203 45108 infeasible   44       375.04000  302.02336  19.5%  20.0   85s

 171897 46140  355.25082   42   39  375.04000  302.87000  19.2%  20.1   90s

 181020 47521  335.51000   44   14  375.04000  304.12264  18.9%  20.2   95s

 188411 48900  341.17331   36   50  375.04000  305.07408  18.7%  20.3  101s

 195129 50012 infeasible   40       375.04000  305.92499  18.4%  20.4  105s

 203397 51247  323.64471   32   80  375.04000  306.77994  18.2%  20.5  110s

 211961 52469  355.39605   49   43  375.04000  307.72009  18.0%  20.5  115s

 219963 53660 infeasible   45       375.04000  308.57954  17.7%  20.5  121s

 225714 54512  371.68301   39   23  375.04000  309.19123  17.6%  20.6  125s

 233944 55538  369.81663   44   32  375.04000  310.12315  17.3%  20.6  130s

 242062 56510  340.38500   37   15  375.04000  310.86662  17.1%  20.6  136s

 248241 57498  336.08125   40   15  375.04000  311.51550  16.9%  20.6  140s

 256577 58508     cutoff   39       375.04000  312.30418  16.7%  20.6  145s

 264830 59659  337.56049   34   79  375.04000  313.07366  16.5%  20.7  151s

 271173 60468     cutoff   25       375.04000  313.64960  16.4%  20.7  155s

 279801 61629  323.18276   38   26  375.04000  314.44105  16.2%  20.7  160s

 285874 62516  360.09299   47   29  375.04000  314.99652  16.0%  20.7  165s

 294189 63414  351.67098   47   37  375.04000  315.67389  15.8%  20.7  171s

 299682 64010  361.35093   30   73  375.04000  316.13000  15.7%  20.7  175s

 305882 64678  334.84559   42   42  375.04000  316.56780  15.6%  20.7  180s

 314254 65448 infeasible   32       375.04000  317.17551  15.4%  20.7  186s

 320414 66100  348.15751   28   21  375.04000  317.59525  15.3%  20.8  190s

 326844 66559  346.72070   33   39  375.04000  318.03300  15.2%  20.8  195s

 333606 67189 infeasible   39       375.04000  318.51596  15.1%  20.8  200s

 340497 67848     cutoff   39       375.04000  319.03867  14.9%  20.8  205s

 347306 68459  319.94123   48   18  375.04000  319.47414  14.8%  20.8  210s

 353658 69034  342.61775   39   55  375.04000  319.90589  14.7%  20.8  215s

 360077 69610     cutoff   34       375.04000  320.35275  14.6%  20.8  220s

 366363 70127     cutoff   35       375.04000  320.75964  14.5%  20.8  225s

 372757 70829     cutoff   31       375.04000  321.20385  14.4%  20.8  230s

 379038 71535  331.74847   34   28  375.04000  321.57409  14.3%  20.8  235s

 387002 72136     cutoff   37       375.04000  322.08087  14.1%  20.8  241s

 393362 72573  333.82118   42   41  375.04000  322.49109  14.0%  20.8  245s

 399686 72989  328.65823   37   57  375.04000  322.91053  13.9%  20.8  250s

 405823 73260 infeasible   56       375.04000  323.32987  13.8%  20.8  255s

 412221 73565     cutoff   36       375.04000  323.76000  13.7%  20.9  260s

 420871 74098  347.75400   34   38  375.04000  324.31480  13.5%  20.9  266s

 427045 74423  349.71692   37   52  375.04000  324.67751  13.4%  20.9  271s

 433277 74700     cutoff   41       375.04000  325.05883  13.3%  20.9  276s

 439737 75072 infeasible   39       375.04000  325.40028  13.2%  20.9  281s

 443046 75298  350.68429   34   23  375.04000  325.61913  13.2%  20.9  285s

 448948 75515  349.27107   40   31  375.04000  325.95405  13.1%  20.9  290s

 455028 75792  347.39558   30   28  375.04000  326.29587  13.0%  20.9  296s

 459138 75970     cutoff   39       375.04000  326.56000  12.9%  20.9  301s

 463219 76013 infeasible   38       375.04000  326.77798  12.9%  20.9  305s

 469519 76192     cutoff   45       375.04000  327.14521  12.8%  21.0  311s

 472475 76258     cutoff   42       375.04000  327.32844  12.7%  21.0  315s

 478330 76231  335.06873   45   33  375.04000  327.65932  12.6%  21.0  321s

 482463 76223  338.82642   39   70  375.04000  327.90889  12.6%  21.0  325s

 486824 76167 infeasible   39       375.04000  328.13021  12.5%  21.0  330s

 493245 76213  344.14473   43   33  375.04000  328.54686  12.4%  21.0  337s

 496908 76270  342.62335   52   18  375.04000  328.78600  12.3%  21.0  341s

 501637 76221     cutoff   50       375.04000  329.02923  12.3%  21.0  346s

 506161 76201  352.10074   39   13  375.04000  329.30050  12.2%  21.1  350s

 510645 76275     cutoff   40       375.04000  329.49000  12.1%  21.1  355s

 515252 76325  331.85805   41   47  375.04000  329.74537  12.1%  21.1  360s

 520668 76318  344.06708   51   48  375.04000  330.00529  12.0%  21.1  368s

 525005 76331  354.10077   33   28  375.04000  330.22789  11.9%  21.1  371s

 529417 76264  354.38640   37   58  375.04000  330.52346  11.9%  21.1  376s

 534493 76206  344.30010   42   65  375.04000  330.78949  11.8%  21.1  381s

 538329 76210  362.81907   38   64  375.04000  331.01506  11.7%  21.1  386s

 542985 76159 infeasible   33       375.04000  331.25540  11.7%  21.1  391s

 546903 76193     cutoff   49       375.04000  331.45623  11.6%  21.1  396s

 551526 76043  338.99667   32   24  375.04000  331.74421  11.5%  21.1  402s

 556040 75879  364.22336   34   43  375.04000  332.01057  11.5%  21.2  406s

 560253 75756  357.17899   41   64  375.04000  332.23514  11.4%  21.2  411s

 564704 75629  364.39077   38   37  375.04000  332.50686  11.3%  21.2  416s

 569072 75491     cutoff   34       375.04000  332.73844  11.3%  21.2  421s

 573415 75434  367.56145   34   74  375.04000  332.95356  11.2%  21.2  426s

 577119 75259     cutoff   37       375.04000  333.16839  11.2%  21.2  431s

 581338 75122 infeasible   42       375.04000  333.39897  11.1%  21.2  436s

 585823 74940  337.41167   33   34  375.04000  333.66168  11.0%  21.2  441s

 589841 74668 infeasible   37       375.04000  333.87525  11.0%  21.2  446s

 594253 74485  355.63083   45   30  375.04000  334.14900  10.9%  21.2  451s

 598534 74280 infeasible   52       375.04000  334.36133  10.8%  21.2  456s

 602574 74100 infeasible   47       375.04000  334.60579  10.8%  21.3  461s

 607163 73908 infeasible   53       375.04000  334.85618  10.7%  21.3  466s

 611621 73669 infeasible   52       375.04000  335.10841  10.6%  21.3  472s

 615948 73494  360.82167   35   40  375.04000  335.33985  10.6%  21.3  477s

 619818 73399  338.07000   32   27  375.04000  335.48730  10.5%  21.3  480s

 622136 73124  366.09156   46   52  375.04000  335.67248  10.5%  21.3  485s

 626474 72826  342.89929   39   35  375.04000  335.91092  10.4%  21.3  490s

 630672 72590     cutoff   39       375.04000  336.16434  10.4%  21.3  495s

 634926 72349     cutoff   40       375.04000  336.37397  10.3%  21.3  500s

 639168 72072  339.56279   46   59  375.04000  336.59709  10.3%  21.3  506s

 643612 71713 infeasible   48       375.04000  336.81242  10.2%  21.3  511s

 647876 71499  351.96750   32   25  375.04000  337.07370  10.1%  21.3  516s

 650525 71084 infeasible   45       375.04000  337.12808  10.1%  21.3  521s

 654838 70664     cutoff   31       375.04000  337.49362  10.0%  21.3  527s

 656603 70434 infeasible   40       375.04000  337.61851  10.0%  21.3  530s

 661327 70029  367.97431   43   30  375.04000  337.90326  9.90%  21.3  536s

 665941 69695  355.42526   39   35  375.04000  338.16318  9.83%  21.3  542s

 670241 69368 infeasible   37       375.04000  338.40633  9.77%  21.3  547s

 672686 69126  367.37132   53   43  375.04000  338.53019  9.73%  21.3  550s

 676469 68748  372.58315   38   25  375.04000  338.73437  9.68%  21.3  555s

 681097 68229  354.73635   45   77  375.04000  339.01609  9.61%  21.3  561s

 685393 67666  372.52754   45   47  375.04000  339.27566  9.54%  21.4  567s

 687357 67429 infeasible   44       375.04000  339.41108  9.50%  21.4  570s

 691814 67011  372.89753   42   43  375.04000  339.65930  9.43%  21.4  575s

 696282 66496  345.98351   38   42  375.04000  339.92800  9.36%  21.4  581s

 700548 65997  366.32481   33   36  375.04000  340.18305  9.29%  21.4  586s

 702598 65693 infeasible   42       375.04000  340.33300  9.25%  21.4  590s

 706973 65170  364.45481   34   31  375.04000  340.58237  9.19%  21.4  595s

 711418 64588 infeasible   38       375.04000  340.83331  9.12%  21.4  601s

 715668 64099  343.16327   46   13  375.04000  341.12583  9.04%  21.4  606s

 719760 63531     cutoff   48       375.04000  341.38667  8.97%  21.4  612s

 722252 63481  357.50345   42   41  375.04000  341.52366  8.94%  21.4  615s

 724449 62948 infeasible   34       375.04000  341.66278  8.90%  21.4  620s

 729255 62298 infeasible   42       375.04000  341.98652  8.81%  21.4  626s

 733639 61669 infeasible   50       375.04000  342.25238  8.74%  21.4  632s

 735987 61438  343.76059   42   70  375.04000  342.40372  8.70%  21.4  635s

 740408 60836     cutoff   33       375.04000  342.65865  8.63%  21.4  641s

 744713 60180  353.37034   38   48  375.04000  342.92805  8.56%  21.4  646s

 748884 59607  371.07665   47   57  375.04000  343.20742  8.49%  21.4  652s

 751107 59284  365.62531   42   22  375.04000  343.31133  8.46%  21.4  655s

 755765 58599  356.19331   48   19  375.04000  343.63985  8.37%  21.4  661s

 760037 57967     cutoff   36       375.04000  343.90875  8.30%  21.4  666s

 764142 57597  360.88120   47   67  375.04000  344.07250  8.26%  21.4  670s

 766291 56806  370.56800   48   38  375.04000  344.35310  8.18%  21.4  675s

 770707 56076  344.77426   47   30  375.04000  344.64594  8.10%  21.4  681s

 775233 55390 infeasible   37       375.04000  344.94857  8.02%  21.4  687s

 779438 54720 infeasible   40       375.04000  345.20659  7.95%  21.4  692s

 781372 54387     cutoff   47       375.04000  345.34184  7.92%  21.4  695s

 785760 53590 infeasible   44       375.04000  345.62885  7.84%  21.4  701s

 790054 52852  359.24366   40   36  375.04000  345.93879  7.76%  21.4  707s

 792304 52490  368.49981   46   37  375.04000  346.11000  7.71%  21.4  710s

 796229 51807     cutoff   35       375.04000  346.35000  7.65%  21.4  716s

 800481 50901 infeasible   36       375.04000  346.65000  7.57%  21.4  722s

 802748 50440 infeasible   41       375.04000  346.83426  7.52%  21.4  725s

 807071 49675  363.88616   39   44  375.04000  347.13085  7.44%  21.4  731s

 811534 48835 infeasible   51       375.04000  347.41967  7.36%  21.4  737s

 813461 48385  368.83107   44   65  375.04000  347.56763  7.33%  21.4  740s

 817910 47440 infeasible   31       375.04000  347.86579  7.25%  21.3  747s

 820210 46935  355.66103   36   20  375.04000  348.05589  7.19%  21.3  750s

 824609 45951  352.13080   42   15  375.04000  348.36893  7.11%  21.3  757s

 826903 45546     cutoff   36       375.04000  348.53279  7.07%  21.3  760s

 831173 44504  355.26695   39   57  375.04000  348.85200  6.98%  21.3  766s

 835592 43476 infeasible   41       375.04000  349.19000  6.89%  21.3  771s

 839856 42323  355.20467   49   55  375.04000  349.53250  6.80%  21.3  776s

 844213 41304 infeasible   35       375.04000  349.91127  6.70%  21.3  781s

 848355 40378     cutoff   50       375.04000  350.22251  6.62%  21.3  786s

 852713 39325  367.79371   42   28  375.04000  350.59000  6.52%  21.3  791s

 857043 38200 infeasible   45       375.04000  350.95500  6.42%  21.3  796s

 860352 37269 infeasible   58       375.04000  351.26818  6.34%  21.3  801s

 864602 36038 infeasible   35       375.04000  351.68288  6.23%  21.3  806s

 869516 34890 infeasible   54       375.04000  352.10669  6.11%  21.3  812s

 874040 33611  366.29149   40   31  375.04000  352.51065  6.01%  21.3  817s

 876271 33010     cutoff   35       375.04000  352.72403  5.95%  21.2  820s

 880372 31817  359.75122   49   44  375.04000  353.07472  5.86%  21.2  825s

 884562 30448  369.32455   37   28  375.04000  353.64958  5.70%  21.2  830s

 888790 29044  356.01648   48   33  375.04000  354.12394  5.58%  21.2  835s

 893597 27634  358.50500   38   55  375.04000  354.60432  5.45%  21.2  841s

 897942 26178 infeasible   44       375.04000  355.08690  5.32%  21.2  846s

 902539 24722     cutoff   52       375.04000  355.66139  5.17%  21.2  851s

 906941 23136     cutoff   34       375.04000  356.17000  5.03%  21.2  856s

 911330 21541     cutoff   43       375.04000  356.71110  4.89%  21.2  861s

 915697 19875  366.59475   43   23  375.04000  357.40123  4.70%  21.1  866s

 920254 18206     cutoff   34       375.04000  358.14550  4.50%  21.1  871s

 924319 16268  361.35000   41   36  375.04000  358.84258  4.32%  21.1  876s

 928981 14204     cutoff   32       375.04000  359.75385  4.08%  21.1  881s

 933461 12155 infeasible   37       375.04000  360.68973  3.83%  21.1  886s

 937881  9781  369.37334   43   16  375.04000  361.85476  3.52%  21.0  891s

 942404  7229 infeasible   38       375.04000  363.23340  3.15%  21.0  896s

 947226  4314  367.91046   44   30  375.04000  365.16139  2.63%  21.0  902s

 949679  2547 infeasible   54       375.04000  366.34574  2.32%  20.9  905s

 954431     0  373.95370   33   34  375.04000  372.09641  0.78%  20.9  910s



Cutting planes:

  Learned: 12

  Gomory: 28

  Lift-and-project: 59

  Cover: 150

  Implied bound: 205

  Projected implied bound: 10

  Clique: 218

  MIR: 102

  Mixing: 47

  StrongCG: 11

  Flow cover: 748

  GUB cover: 3

  Inf proof: 256

  Zero half: 603

  RLT: 70

  Relax-and-lift: 413



Explored 955250 nodes (19950123 simplex iterations) in 910.36 seconds (254.63 work units)

Thread count was 20 (of 20 available processors)



Solution count 10: 375.04 375.04 376.29 ... 432.59



Optimal solution found (tolerance 1.00e-04)

Best objective 3.750400000000e+02, best bound 3.750400000000e+02, gap 0.0000%



AMPL MP initial flat model has 1237 variables (0 integer, 1193 binary);

Objectives: 1 quadratic; 

Constraints:  670 linear; 8 quadratic;



AMPL MP final model has 1237 variables (0 integer, 1193 binary);

Objectives: 1 quadratic; 

Constraints:  670 linear; 8 quadratic;





-----RESULTS INFO-----
running_time:  910.5
TC.best_bound:  375.04
TC:  375.03999999999996
MIP Gap (%):  1.5156628322527734e-14
=== Vehicle Routes ===
Vehicle 1: 0 → 17
Vehicle 1: 1 → 5
Vehicle 1: 3 → 1
Vehicle 1: 4 → 19
Vehicle 1: 5 → 4
Vehicle 1: 16 → 26
Vehicle 1: 17 → 3
Vehicle 1: 19 → 16
Vehicle 2: 0 → 2
Vehicle 2: 2 → 21
Vehicle 2: 21 → 26
Vehicle 3: 0 → 26
Vehicle 4: 0 → 26

=== Full Vehicle Routes ===
Vehicle 1: 0 → 17 → 3 → 1 → 5 → 4 → 19 → 16 → 0 (95<100)
Vehicle 2: 0 → 2 → 21 → 0 (66<100)
Vehicle 3: 0 → 0 (0<100)
Vehicle 4: 0 → 0 (0<100)
Arc used by MRT line: y variables:
Customer assigment to PL: u variables:
6 17
7 17
8 21
9 21
10 21
11 21
12 19
13 19
14 16
15 16
Node is served by regular vehicle: g variables:
1
2
3
4
5
16
17
19
21
Customer assigment to Home delivery: gm variables:
1
2
3
4
5
Node total demands: ntd variables:
1 1 1
2 12 1
3 15 1
4 2 1
5 16 1
11 0 0
12 0 0
13 0 0
14 0 0
15 0 0
22 0 0
23 0 0
24 0 0
25 0 0
16 28 1
17 18 1
18 0 0
19 15 1
20 0 0
21 54 1
Customer's demand delivered to PL: l variables:
6
7
8
9
10
11
12
13
14
15
Lockers load <= capacity:
0 <= 94
0 <= 80
0 <= 99
0 <= 97
28 <= 70
18 <= 85
0 <= 71
15 <= 90
0 <= 72
54 <= 84
