Gurobi 12.0.3:   lim:time = 14400

  mip:bestbound = 1

Set parameter LogToConsole to value 1

  tech:outlev = 1

Set parameter Cuts to value 3

  cut:cuts = 3

Set parameter Presolve to value 2

  pre:solve = 2

Set parameter MIPFocus to value 2

  mip:focus = 2

Set parameter Symmetry to value 2

  mip:symmetry = 2

Set parameter InfUnbdInfo to value 1

Gurobi Optimizer version 12.0.3 build v12.0.3rc0 (win64 - Windows 10.0 (19045.2))



CPU model: Intel(R) Core(TM) i7-10700 CPU @ 2.90GHz, instruction set [SSE2|AVX|AVX2]

Thread count: 8 physical cores, 16 logical processors, using up to 16 threads



Non-default parameters:

TimeLimit  14400

MIPFocus  2

Symmetry  2

Cuts  3

InfUnbdInfo  1

Presolve  2



Optimize a model with 661 rows, 1537 columns and 9141 nonzeros

Model fingerprint: 0x314c5961

Model has 5 quadratic objective terms

Model has 10 quadratic constraints

Variable types: 43 continuous, 1494 integer (0 binary)

Coefficient statistics:

  Matrix range     [1e+00, 1e+05]

  QMatrix range    [1e+00, 1e+00]

  QLMatrix range   [1e+00, 1e+01]

  Objective range  [3e+00, 1e+02]

  QObjective range [2e+00, 2e+00]

  Bounds range     [1e+00, 1e+02]

  RHS range        [1e+00, 1e+05]

  QRHS range       [1e+02, 1e+02]

Presolve removed 46 rows and 106 columns

Presolve time: 0.29s

Presolved: 1539 rows, 2338 columns, 14212 nonzeros

Variable types: 375 continuous, 1963 integer (1818 binary)

Root relaxation presolve removed 25 rows and 1 columns

Root relaxation presolved: 1507 rows, 2332 columns, 28982 nonzeros





Root relaxation: objective 9.961898e+01, 260 iterations, 0.04 seconds (0.06 work units)



    Nodes    |    Current Node    |     Objective Bounds      |     Work

 Expl Unexpl |  Obj  Depth IntInf | Incumbent    BestBd   Gap | It/Node Time



     0     0   99.61898    0   56          -   99.61898      -     -    0s

H    0     0                     599.3000000  157.30623  73.8%     -    0s

     0     0  163.71091    0   67  599.30000  163.71091  72.7%     -    1s

     0     0  163.71091    0   88  599.30000  163.71091  72.7%     -    1s

     0     0  163.71091    0   89  599.30000  163.71091  72.7%     -    1s

     0     0  164.59081    0   65  599.30000  164.59081  72.5%     -    1s

H    0     0                     593.3000000  165.33959  72.1%     -    1s

     0     0  165.33959    0   74  593.30000  165.33959  72.1%     -    1s

H    0     0                     552.2700000  165.33959  70.1%     -    1s

H    0     0                     532.2400000  165.33959  68.9%     -    1s

H    0     0                     529.8400000  169.82006  67.9%     -    1s

H    0     0                     515.6600000  169.82006  67.1%     -    1s

H    0     0                     509.1200000  169.82006  66.6%     -    1s

     0     0  169.84391    0  110  509.12000  169.84391  66.6%     -    1s

     0     0  169.85365    0   56  509.12000  169.85365  66.6%     -    1s

     0     0  169.85365    0  134  509.12000  169.85365  66.6%     -    1s

     0     0  170.94839    0  115  509.12000  170.94839  66.4%     -    2s

     0     0  174.24456    0   99  509.12000  174.24456  65.8%     -    2s

     0     2  174.26199    0   99  509.12000  174.26199  65.8%     -    2s

H 1602  1293                     500.0500000  190.72045  61.9%  18.3    4s

H 1610  1233                     414.7400000  190.72045  54.0%  18.2    5s

H 1625  1181                     410.6000000  191.03054  53.5%  18.1    7s

H 1625  1121                     410.3500000  191.03054  53.4%  18.1    7s

H 1625  1065                     410.3400000  191.03054  53.4%  18.1    7s

H 1625  1011                     410.1300000  191.03054  53.4%  18.1    7s

H 1625   960                     408.9700000  191.03054  53.3%  18.1    7s

H 1625   912                     408.7200000  191.03054  53.3%  18.1    7s

H 1626   867                     404.6100000  191.16663  52.8%  18.0    7s

H 1627   823                     402.0200000  191.17124  52.4%  18.0    8s

H 1627   781                     401.8100000  191.17124  52.4%  18.0    8s

H 1627   742                     401.6500000  191.17124  52.4%  18.0    8s

H 1627   704                     401.4400000  191.17124  52.4%  18.0    8s

  1985   938  321.20085   42   46  401.44000  196.90632  50.9%  25.5   10s

H 2713  1105                     345.0500000  201.18634  41.7%  26.6   10s

H 7678  3944                     344.4100000  207.37220  39.8%  24.0   14s

  8243  4307 infeasible   42       344.41000  207.52002  39.7%  24.1   15s

 17839  9542  241.82044   32   38  344.41000  210.74023  38.8%  23.4   20s

 22884 11967  283.58560   72   76  344.41000  211.74468  38.5%  23.3   25s

 29192 15317  313.97134   34   32  344.41000  213.28732  38.1%  23.7   30s

 34385 18337  252.17760   60   31  344.41000  214.29888  37.8%  23.8   35s

 43333 22173  231.18338   23   75  344.41000  215.18398  37.5%  23.1   40s

 50094 25117  260.40428   37   80  344.41000  215.81999  37.3%  22.9   45s

 55991 27721  216.97783   32   48  344.41000  216.48816  37.1%  23.1   50s

 62428 30483  244.89159   42   98  344.41000  217.09634  37.0%  23.1   55s

 68834 33149     cutoff   47       344.41000  217.73855  36.8%  23.2   60s

 74247 35546  244.59881   33   94  344.41000  218.29029  36.6%  23.3   65s

 80110 37574  235.59749   35   41  344.41000  218.84204  36.5%  23.6   70s

 85096 39673  322.03271   47   72  344.41000  219.40522  36.3%  23.9   75s

 91313 42028  324.20910   44   59  344.41000  220.07369  36.1%  24.2   80s

 96446 43924  339.80184   47   43  344.41000  220.52902  36.0%  24.4   85s

 102322 46039  335.27608   48   37  344.41000  221.21797  35.8%  24.6   90s

 108222 48261  293.19315   32   62  344.41000  221.81777  35.6%  24.9   95s

 115056 50685     cutoff   69       344.41000  222.60917  35.4%  25.1  100s

 120887 52846  293.09634   43   42  344.41000  223.19832  35.2%  25.2  105s

 127115 55244  332.94167   51   65  344.41000  223.83171  35.0%  25.3  110s

 133964 57431  224.41054   39   37  344.41000  224.36605  34.9%  25.5  115s

 140522 60025  326.14435   52   37  344.41000  224.93604  34.7%  25.5  120s

 146816 62227  238.45832   24   29  344.41000  225.52405  34.5%  25.7  125s

 153520 64664  245.54713   41  119  344.41000  226.04646  34.4%  25.7  130s

 159677 67278  235.09286   37   73  344.41000  226.43432  34.3%  25.7  135s

 166276 69394  275.19236   45   44  344.41000  226.99113  34.1%  25.8  140s

 172237 71600  281.03787   45   72  344.41000  227.41263  34.0%  25.8  145s

 178493 73675  266.16729   40   45  344.41000  227.93902  33.8%  25.8  150s

 184312 75847  232.59849   38   39  344.41000  228.36982  33.7%  25.9  155s

 190789 77995  300.91495   45   51  344.41000  228.92785  33.5%  25.9  160s

 196307 79712  288.45775   39   87  344.41000  229.33545  33.4%  26.0  165s

 202003 81655  321.59817   49   51  344.41000  229.70125  33.3%  26.1  170s

 207501 83825  332.52100   39   55  344.41000  230.02720  33.2%  26.1  175s

 213466 85770 infeasible   36       344.41000  230.38905  33.1%  26.1  180s

 219890 87832  261.12283   44   85  344.41000  230.88064  33.0%  26.1  185s

 225421 89646  322.72068   49   50  344.41000  231.26873  32.9%  26.2  190s

 228463 90670  287.17123   47   43  344.41000  231.46361  32.8%  26.3  195s

 234862 92575  288.22283   30   29  344.41000  231.87575  32.7%  26.3  200s

 239619 94399     cutoff   48       344.41000  232.18955  32.6%  26.3  205s

 245524 96156  323.80561   43   61  344.41000  232.59634  32.5%  26.4  210s

 250947 97785     cutoff   41       344.41000  232.96144  32.4%  26.4  215s

 256169 99263  321.08658   40   38  344.41000  233.35536  32.2%  26.5  220s

 261435 100806  302.03512   46   19  344.41000  233.79688  32.1%  26.6  225s

 267705 102698  321.82876   44   54  344.41000  234.24560  32.0%  26.7  230s

 272790 104296  292.10722   42   49  344.41000  234.66981  31.9%  26.8  235s

 278098 105821  313.53992   39   69  344.41000  235.02958  31.8%  26.9  240s

 283920 107487  240.90862   43  125  344.41000  235.48676  31.6%  26.9  245s

 289799 109090  306.17302   37   49  344.41000  235.94809  31.5%  27.0  250s

 295452 110566  310.51818   42   32  344.41000  236.37529  31.4%  27.1  255s

 301411 112084  336.59560   38   69  344.41000  236.88992  31.2%  27.1  260s

 307197 113719  268.10375   31   72  344.41000  237.29480  31.1%  27.2  265s

 312257 115171  316.59963   42   34  344.41000  237.65186  31.0%  27.3  270s

 318086 116855  332.27288   35   66  344.41000  238.10329  30.9%  27.3  275s

 323827 118452  288.34062   33   44  344.41000  238.53422  30.7%  27.4  280s

 328829 119843  276.29943   35  101  344.41000  238.91202  30.6%  27.4  285s

 334592 121466 infeasible   56       344.41000  239.37905  30.5%  27.5  290s

 340486 122851     cutoff   31       344.41000  239.88889  30.3%  27.6  295s

 345424 124147  307.35449   38   40  344.41000  240.24099  30.2%  27.6  300s

 351009 125669  315.31754   40   65  344.41000  240.58205  30.1%  27.7  305s

 356964 127286  278.50819   31  117  344.41000  241.01912  30.0%  27.7  310s

 361388 128457  292.45509   37   58  344.41000  241.33090  29.9%  27.8  315s

 366329 129698  259.48831   22   80  344.41000  241.68686  29.8%  27.8  320s

 371400 130913     cutoff   35       344.41000  242.07902  29.7%  27.9  325s

 376587 132340 infeasible   38       344.41000  242.45662  29.6%  27.9  330s

 381108 133589  257.47700   40   67  344.41000  242.77577  29.5%  28.0  335s

 386436 135133  334.71500   40   48  344.41000  243.10040  29.4%  28.0  340s

 390625 136129  279.08084   39   66  344.41000  243.36748  29.3%  28.0  345s

 395577 137379  287.39027   32   84  344.41000  243.70045  29.2%  28.1  350s

*399756 137909              49     341.2700000  244.03093  28.5%  28.1  354s

 400483 138055  314.96455   42   70  341.27000  244.07284  28.5%  28.1  355s

 405291 139253  295.38206   39   78  341.27000  244.40847  28.4%  28.2  360s

 409168 140173  264.91001   53   92  341.27000  244.67712  28.3%  28.2  365s

 414122 141518  274.69184   39   65  341.27000  245.03996  28.2%  28.3  370s

 419234 142625  321.31507   37   77  341.27000  245.36536  28.1%  28.3  375s

 423277 143608 infeasible   33       341.27000  245.63339  28.0%  28.4  380s

 427870 144530     cutoff   53       341.27000  245.88905  27.9%  28.4  385s

 432654 145683 infeasible   47       341.27000  246.21139  27.9%  28.4  390s

 437108 146667  321.49497   37   52  341.27000  246.49270  27.8%  28.5  395s

 441532 147761     cutoff   50       341.27000  246.74219  27.7%  28.5  400s

 446461 149092  298.10026   53   65  341.27000  247.03639  27.6%  28.6  405s

 450596 150032     cutoff   30       341.27000  247.29547  27.5%  28.6  410s

 455057 151054 infeasible   53       341.27000  247.54010  27.5%  28.6  415s

 458515 151939  289.94372   47   53  341.27000  247.75928  27.4%  28.6  420s

 462871 152992  291.10584   61   58  341.27000  248.00986  27.3%  28.7  425s

 467180 153996  253.79263   47   62  341.27000  248.25537  27.3%  28.7  430s

 472304 155249 infeasible   36       341.27000  248.51164  27.2%  28.7  435s

 475158 156157  322.76139   32   58  341.27000  248.66669  27.1%  28.7  440s

 480100 157034  311.09581   27   66  341.27000  248.98732  27.0%  28.8  445s

 484611 157961     cutoff   55       341.27000  249.25005  27.0%  28.8  450s

 489012 158997 infeasible   49       341.27000  249.46562  26.9%  28.8  455s

 493288 159996  323.32619   33   46  341.27000  249.69864  26.8%  28.9  460s

 497369 161107     cutoff   44       341.27000  249.93562  26.8%  28.9  465s

 501788 162076  312.94611   45  107  341.27000  250.20547  26.7%  28.9  470s

 505930 163202     cutoff   49       341.27000  250.42796  26.6%  29.0  475s

 510088 164311 infeasible   47       341.27000  250.64264  26.6%  29.0  480s

 514639 165349     cutoff   37       341.27000  250.89477  26.5%  29.0  485s

 519053 166179  309.18967   48   34  341.27000  251.11689  26.4%  29.0  490s

 523105 167259     cutoff   51       341.27000  251.29602  26.4%  29.0  495s

H526290 166697                     337.4400000  251.40341  25.5%  29.0  499s

H526416 166502                     336.9200000  251.40341  25.4%  29.0  499s

 526563 166617  314.51184   45   62  336.92000  251.40341  25.4%  29.0  500s

 530686 167575 infeasible   46       336.92000  251.67348  25.3%  29.0  505s

 534185 168292  259.27735   38   34  336.92000  251.85000  25.2%  29.1  510s

 538609 169253  284.83085   31   61  336.92000  252.07649  25.2%  29.1  515s

 543028 170038  317.08489   31   99  336.92000  252.31200  25.1%  29.1  520s

 547374 170851  323.67551   54   30  336.92000  252.53990  25.0%  29.2  525s

 551505 171725  330.53239   33   74  336.92000  252.77562  25.0%  29.2  530s

 555456 172577  264.17953   37   33  336.92000  253.01604  24.9%  29.2  535s

 559448 173386  274.36308   41   74  336.92000  253.19527  24.9%  29.2  540s

 563508 174188  265.12256   48   61  336.92000  253.42017  24.8%  29.3  545s

 567517 174980     cutoff   51       336.92000  253.60703  24.7%  29.3  550s

 571802 175948 infeasible   41       336.92000  253.83400  24.7%  29.3  555s

 575636 176845     cutoff   44       336.92000  254.00764  24.6%  29.3  560s

 579208 177452 infeasible   47       336.92000  254.21713  24.5%  29.4  565s

 583420 178421  294.63020   39   76  336.92000  254.42897  24.5%  29.4  570s

 587501 179156  330.07002   39   80  336.92000  254.63613  24.4%  29.4  576s

 590840 179898     cutoff   53       336.92000  254.77638  24.4%  29.4  580s

 594834 180832     cutoff   49       336.92000  254.96510  24.3%  29.5  585s

 596794 181198  309.42471   37   72  336.92000  255.04250  24.3%  29.5  590s

 600416 182020  268.20184   34   48  336.92000  255.22966  24.2%  29.5  595s

 603901 182689  295.59379   36   88  336.92000  255.39179  24.2%  29.5  600s

 608275 183651  287.63280   34  114  336.92000  255.58254  24.1%  29.5  605s

 612381 184424  273.32140   60   76  336.92000  255.79664  24.1%  29.6  610s

 615792 185173  283.81588   54   69  336.92000  255.92841  24.0%  29.6  615s

 620167 186090  262.20928   23  108  336.92000  256.14681  24.0%  29.6  620s

 623141 186770  324.20760   60   66  336.92000  256.27265  23.9%  29.6  625s

 627193 187575  296.63714   60   62  336.92000  256.44293  23.9%  29.7  630s

 630636 188318 infeasible   67       336.92000  256.60059  23.8%  29.7  635s

 634833 189182  298.05173   51   77  336.92000  256.81447  23.8%  29.7  640s

 638249 189838  270.33562   48  100  336.92000  256.95924  23.7%  29.7  645s

 641389 190454 infeasible   65       336.92000  257.10623  23.7%  29.8  650s

 645678 191260  307.02309   39   42  336.92000  257.29408  23.6%  29.8  655s

 649138 191784  257.62072   41   52  336.92000  257.47201  23.6%  29.8  660s

 652463 192483  329.97167   51  112  336.92000  257.62734  23.5%  29.8  665s

 656473 193219  286.25152   45  110  336.92000  257.80432  23.5%  29.8  671s

 659718 193867  264.91246   30  101  336.92000  257.95375  23.4%  29.9  676s

 662380 194361  334.25250   57   62  336.92000  258.05500  23.4%  29.9  680s

 665396 194863 infeasible   38       336.92000  258.19493  23.4%  29.9  685s

 668936 195462 infeasible   65       336.92000  258.37770  23.3%  29.9  690s

 672086 196108 infeasible   40       336.92000  258.48023  23.3%  29.9  695s

 675528 196754  300.35775   43   53  336.92000  258.63884  23.2%  29.9  700s

 679186 197423     cutoff   46       336.92000  258.79333  23.2%  30.0  705s

 682253 197987  308.51440   45   64  336.92000  258.93615  23.1%  30.0  710s

 685661 198681 infeasible   39       336.92000  259.08672  23.1%  30.0  715s

 689041 199366  273.65730   39   42  336.92000  259.24110  23.1%  30.0  721s

 692428 199885     cutoff   35       336.92000  259.40100  23.0%  30.1  726s

 694999 200332 infeasible   44       336.92000  259.51164  23.0%  30.1  730s

 698347 201027     cutoff   65       336.92000  259.68719  22.9%  30.1  735s

 701528 201602 infeasible   47       336.92000  259.82712  22.9%  30.1  740s

 704919 202198  305.38259   37   40  336.92000  259.97907  22.8%  30.1  745s

 708061 202770     cutoff   35       336.92000  260.11121  22.8%  30.1  750s

 711503 203418  303.28777   30  107  336.92000  260.28085  22.7%  30.2  755s

 714693 203941  289.08559   42   59  336.92000  260.40571  22.7%  30.2  760s

 717983 204655     cutoff   40       336.92000  260.55729  22.7%  30.2  765s

 721339 205192  296.40000   52   41  336.92000  260.71230  22.6%  30.2  770s

 724784 205772  319.83662   37   31  336.92000  260.87295  22.6%  30.2  775s

 727542 206307  295.19975   48   58  336.92000  260.98034  22.5%  30.3  780s

 730939 206728  325.03066   45   34  336.92000  261.15319  22.5%  30.3  785s

 734239 207432     cutoff   46       336.92000  261.28898  22.4%  30.3  790s

 737685 207987  271.32508   33   39  336.92000  261.43005  22.4%  30.3  795s

 740999 208427  323.08784   60  106  336.92000  261.58063  22.4%  30.3  800s

 743786 208922  283.76353   54   95  336.92000  261.70929  22.3%  30.4  805s

 747259 209402     cutoff   42       336.92000  261.84982  22.3%  30.4  810s

 750518 209937  283.48971   43   60  336.92000  261.98525  22.2%  30.4  815s

 753959 210408  284.25692   43   88  336.92000  262.15565  22.2%  30.4  820s

 757172 210857  284.61294   53   74  336.92000  262.31734  22.1%  30.4  825s

 760466 211318  301.49998   27   48  336.92000  262.47225  22.1%  30.5  830s

 763797 211870     cutoff   47       336.92000  262.60667  22.1%  30.5  835s

 767111 212399     cutoff   31       336.92000  262.74307  22.0%  30.5  840s

 770268 212790  270.54746   49  114  336.92000  262.90000  22.0%  30.5  845s

 773376 213208     cutoff   48       336.92000  263.04063  21.9%  30.5  850s

 776621 213742  319.15555   42   75  336.92000  263.18478  21.9%  30.6  856s

 779297 214103 infeasible   51       336.92000  263.29000  21.9%  30.6  860s

 782758 214616  303.66306   39   33  336.92000  263.43884  21.8%  30.6  865s

 785855 215025  279.09341   31   59  336.92000  263.57889  21.8%  30.6  870s

 789050 215568  287.56141   41   63  336.92000  263.72804  21.7%  30.6  875s

 792479 216014     cutoff   35       336.92000  263.88930  21.7%  30.7  880s

 795999 216515  303.17005   54   57  336.92000  264.01734  21.6%  30.7  885s

 799109 217143  290.22917   48   50  336.92000  264.16995  21.6%  30.7  890s

 802654 217493  301.22947   48   53  336.92000  264.32052  21.5%  30.7  895s

 805236 217927  280.80070   53  123  336.92000  264.40668  21.5%  30.7  900s

 809161 218610  309.05783   41   40  336.92000  264.61133  21.5%  30.7  906s

 811798 219011  294.59845   32   86  336.92000  264.72286  21.4%  30.8  910s

 814939 219337  281.60475   50   40  336.92000  264.87424  21.4%  30.8  915s

 818160 219841     cutoff   42       336.92000  265.02173  21.3%  30.8  920s

 821456 220362 infeasible   40       336.92000  265.15765  21.3%  30.8  925s

 825482 221015     cutoff   36       336.92000  265.32485  21.2%  30.8  931s

 828042 221387     cutoff   29       336.92000  265.43161  21.2%  30.8  935s

 831071 221851 infeasible   65       336.92000  265.56054  21.2%  30.9  940s

 834229 222172  288.10745   41   57  336.92000  265.69715  21.1%  30.9  945s

 837860 222582  295.46077   34  107  336.92000  265.82454  21.1%  30.9  950s

 840966 222994  285.87710   47   98  336.92000  265.95417  21.1%  30.9  955s

 843719 223377  299.56603   34   84  336.92000  266.06872  21.0%  30.9  960s

 847247 223713     cutoff   35       336.92000  266.23763  21.0%  30.9  966s

 850521 224202  313.20628   40  122  336.92000  266.37000  20.9%  31.0  971s

 853655 224618 infeasible   52       336.92000  266.51056  20.9%  31.0  976s

 856858 224941 infeasible   57       336.92000  266.65552  20.9%  31.0  981s

 859458 225302  324.00991   56   35  336.92000  266.76358  20.8%  31.0  985s

 862575 225706  334.59367   45   26  336.92000  266.92664  20.8%  31.0  990s

 866162 226158  316.97827   42   73  336.92000  267.08402  20.7%  31.1  995s

 869436 226563     cutoff   46       336.92000  267.23572  20.7%  31.1 1000s

 872060 226934  290.79594   47   79  336.92000  267.34641  20.6%  31.1 1005s

 875166 227327  330.82770   33   26  336.92000  267.47735  20.6%  31.1 1010s

 878397 227703  318.32864   43   55  336.92000  267.61000  20.6%  31.1 1015s

 881910 228037  278.04611   44   60  336.92000  267.77329  20.5%  31.2 1021s

 884360 228374  297.19053   43   77  336.92000  267.88879  20.5%  31.2 1025s

 887692 228752     cutoff   36       336.92000  268.01898  20.5%  31.2 1030s

 890971 229123  325.09161   45   45  336.92000  268.16147  20.4%  31.2 1035s

 894042 229459  280.07752   39  124  336.92000  268.28331  20.4%  31.2 1040s

 897322 229748  275.16633   41  116  336.92000  268.42211  20.3%  31.3 1046s

 899800 230043 infeasible   40       336.92000  268.52194  20.3%  31.3 1050s

 903262 230304 infeasible   45       336.92000  268.66453  20.3%  31.3 1055s

 906609 230589  297.64314   29   60  336.92000  268.79384  20.2%  31.3 1060s

 909609 231204  284.06292   52   69  336.92000  268.90010  20.2%  31.3 1066s

 912426 231439  324.12668   37   35  336.92000  269.01545  20.2%  31.3 1070s

 914585 231722     cutoff   40       336.92000  269.10262  20.1%  31.3 1075s

 918172 232095  294.44507   41  104  336.92000  269.24157  20.1%  31.4 1080s

 920276 232315  276.02528   35   25  336.92000  269.33165  20.1%  31.4 1085s

 923528 232618  308.90714   63   70  336.92000  269.47356  20.0%  31.4 1090s

 926117 232745  307.11976   29  110  336.92000  269.60147  20.0%  31.4 1095s

 929574 233019  299.52446   38   94  336.92000  269.74000  19.9%  31.4 1100s

 932939 233391  311.36474   45   69  336.92000  269.85847  19.9%  31.4 1106s

 935516 233542  290.17580   34   72  336.92000  269.97110  19.9%  31.5 1110s

 938654 233838     cutoff   53       336.92000  270.11185  19.8%  31.5 1115s

 942094 234231  335.59000   53   22  336.92000  270.24900  19.8%  31.5 1121s

 944685 234417  333.90318   39   41  336.92000  270.36220  19.8%  31.5 1125s

 947942 234814 infeasible   57       336.92000  270.49000  19.7%  31.5 1130s

 951381 234941  289.20194   39   69  336.92000  270.63478  19.7%  31.5 1136s

 953378 235198     cutoff   44       336.92000  270.71045  19.7%  31.6 1140s

 956228 235442  283.77609   59  151  336.92000  270.83871  19.6%  31.6 1145s

 959721 235692  308.85309   44   96  336.92000  270.97354  19.6%  31.6 1150s

 962217 235952  282.22240   44   92  336.92000  271.09513  19.5%  31.6 1155s

 965674 236203  307.69244   53   50  336.92000  271.23314  19.5%  31.6 1160s

 968824 236503  283.93974   32   54  336.92000  271.37002  19.5%  31.6 1166s

 971229 236752 infeasible   52       336.92000  271.46500  19.4%  31.7 1170s

 974529 236993  278.32731   33  104  336.92000  271.61000  19.4%  31.7 1175s

 977739 237304  324.38045   44   17  336.92000  271.73606  19.3%  31.7 1181s

 980170 237526  284.56805   40   44  336.92000  271.82319  19.3%  31.7 1185s

 983302 237700 infeasible   42       336.92000  271.96333  19.3%  31.7 1191s

 985767 237788 infeasible   35       336.92000  272.06404  19.2%  31.7 1195s

 989149 238151  309.66718   40   57  336.92000  272.20181  19.2%  31.8 1201s

 991092 238320     cutoff   42       336.92000  272.27029  19.2%  31.8 1205s

 994143 238644  294.73708   49   69  336.92000  272.36389  19.2%  31.8 1210s

 996575 238843  288.61779   33   28  336.92000  272.48306  19.1%  31.8 1215s

 999845 239099  297.62871   24   90  336.92000  272.59992  19.1%  31.8 1220s

 1002923 239329     cutoff   43       336.92000  272.72714  19.1%  31.8 1226s

 1005535 239489  292.74878   40   99  336.92000  272.81894  19.0%  31.8 1230s

 1008082 239617  295.44543   44   46  336.92000  272.91616  19.0%  31.9 1235s

 1011191 239835  336.81800   47   59  336.92000  273.03916  19.0%  31.9 1241s

 1013759 239950  296.74556   58   65  336.92000  273.16346  18.9%  31.9 1245s

 1017247 240194  310.36088   58   55  336.92000  273.30399  18.9%  31.9 1251s

 1019885 240229  317.62435   44  108  336.92000  273.41210  18.8%  31.9 1255s

 1022253 240366  289.16063   34   49  336.92000  273.54631  18.8%  31.9 1260s

 1025543 240479  319.91567   42   56  336.92000  273.67039  18.8%  31.9 1265s

 1027906 240716  301.84646   34   67  336.92000  273.76347  18.7%  32.0 1270s

 1031246 240906  320.27930   45   27  336.92000  273.91483  18.7%  32.0 1276s

 1033728 241002 infeasible   40       336.92000  274.01213  18.7%  32.0 1280s

 1036331 241220  294.97381   30   95  336.92000  274.12701  18.6%  32.0 1285s

 1039788 241433  332.57797   43   60  336.92000  274.26514  18.6%  32.0 1291s

 1042239 241628  299.39111   47   47  336.92000  274.34682  18.6%  32.0 1295s

 1044672 241760  303.00241   35   55  336.92000  274.45183  18.5%  32.0 1300s

 1047282 241927     cutoff   28       336.92000  274.52378  18.5%  32.0 1305s

 1050693 242022     cutoff   34       336.92000  274.69810  18.5%  32.1 1311s

 1053331 242195  315.92459   35   65  336.92000  274.81962  18.4%  32.1 1316s

 1055824 242336     cutoff   28       336.92000  274.90443  18.4%  32.1 1320s

 1058479 242376  278.33421   42  112  336.92000  275.01752  18.4%  32.1 1325s

 1061032 242567  308.66769   48   44  336.92000  275.10217  18.3%  32.1 1330s

 1064329 242737     cutoff   42       336.92000  275.24284  18.3%  32.1 1336s

 1067028 242881  318.75504   50   66  336.92000  275.35473  18.3%  32.1 1341s

 1069572 242950  289.71644   50  105  336.92000  275.46960  18.2%  32.2 1345s

 1072082 243144  285.35633   44   56  336.92000  275.56000  18.2%  32.2 1350s

 1075466 243428 infeasible   44       336.92000  275.67854  18.2%  32.2 1355s

 1077891 243488 infeasible   35       336.92000  275.76254  18.2%  32.2 1360s

 1081317 243570  308.18291   36  100  336.92000  275.89000  18.1%  32.2 1366s

 1083915 243738     cutoff   43       336.92000  275.99000  18.1%  32.2 1370s

 1087078 243808     cutoff   51       336.92000  276.13938  18.0%  32.2 1376s

 1089559 243941  281.76225   37   51  336.92000  276.24523  18.0%  32.2 1380s

 1092162 244083  300.66482   48   87  336.92000  276.33759  18.0%  32.2 1385s

 1095776 244195  298.63545   55   74  336.92000  276.47169  17.9%  32.3 1391s

 1098243 244273     cutoff   43       336.92000  276.58474  17.9%  32.3 1395s

 1100986 244370 infeasible   42       336.92000  276.69783  17.9%  32.3 1400s

 1104190 244473  282.41382   49  132  336.92000  276.81792  17.8%  32.3 1406s

 1106708 244497  320.13202   46   47  336.92000  276.92375  17.8%  32.3 1410s

 1109389 244696  301.65615   43   55  336.92000  277.01667  17.8%  32.3 1415s

 1112668 244766     cutoff   50       336.92000  277.14783  17.7%  32.3 1421s

 1115132 244752  304.66815   53  103  336.92000  277.24559  17.7%  32.4 1425s

 1118196 244940  317.90062   43   29  336.92000  277.36732  17.7%  32.4 1431s

 1120541 244916     cutoff   50       336.92000  277.46508  17.6%  32.4 1435s

 1122976 245001 infeasible   42       336.92000  277.55174  17.6%  32.4 1440s

 1126355 245103  323.85833   42   64  336.92000  277.68683  17.6%  32.4 1446s

 1128872 245216     cutoff   62       336.92000  277.78257  17.6%  32.4 1450s

 1131346 245266 infeasible   43       336.92000  277.88277  17.5%  32.4 1455s

 1134109 245422  317.95577   29   74  336.92000  277.99159  17.5%  32.4 1460s

 1136845 245499  284.43667   39   51  336.92000  278.10718  17.5%  32.4 1465s

 1139935 245452     cutoff   37       336.92000  278.21596  17.4%  32.5 1471s

 1142567 245566  308.90632   52   62  336.92000  278.34778  17.4%  32.5 1475s

 1145210 245611  309.53606   36   98  336.92000  278.44881  17.4%  32.5 1480s

 1148335 245699 infeasible   37       336.92000  278.56707  17.3%  32.5 1486s

 1150896 245746  290.90140   37   88  336.92000  278.64444  17.3%  32.5 1490s

 1153525 245794  317.71829   53   89  336.92000  278.76455  17.3%  32.5 1495s

 1156949 245926  288.87164   48  103  336.92000  278.90639  17.2%  32.5 1500s

 1159485 246116  323.05354   38   91  336.92000  279.00508  17.2%  32.5 1505s

 1162629 246310  322.55589   58   80  336.92000  279.12729  17.2%  32.5 1511s

 1164963 246319  336.39462   29   25  336.92000  279.21821  17.1%  32.6 1515s

 1167471 246374     cutoff   62       336.92000  279.32532  17.1%  32.6 1520s

 1170584 246461     cutoff   43       336.92000  279.43862  17.1%  32.6 1526s

 1173188 246558     cutoff   38       336.92000  279.52204  17.0%  32.6 1530s

 1175509 246553  310.95996   30   74  336.92000  279.62000  17.0%  32.6 1535s

 1179006 246584     cutoff   49       336.92000  279.76667  17.0%  32.6 1541s

 1181507 246577  290.97206   39   31  336.92000  279.85872  16.9%  32.6 1545s

 1184066 246607     cutoff   33       336.92000  279.96311  16.9%  32.6 1550s

 1187256 246588  295.89925   49   44  336.92000  280.08559  16.9%  32.7 1556s

 1189913 246535 infeasible   30       336.92000  280.18727  16.8%  32.7 1560s

 1192352 246580 infeasible   32       336.92000  280.26874  16.8%  32.7 1565s

 1195481 246572     cutoff   45       336.92000  280.40926  16.8%  32.7 1571s

 1198285 246631  318.07648   45   94  336.92000  280.50125  16.7%  32.7 1576s

 1201007 246710     cutoff   46       336.92000  280.60667  16.7%  32.7 1581s

 1203753 246779  307.25628   44   40  336.92000  280.70884  16.7%  32.7 1585s

 1206408 246814     cutoff   35       336.92000  280.80027  16.7%  32.7 1590s

 1209478 246922  313.04759   56   35  336.92000  280.91583  16.6%  32.7 1596s

 1212217 246982     cutoff   43       336.92000  281.00768  16.6%  32.7 1600s

 1214755 246930     cutoff   40       336.92000  281.10296  16.6%  32.7 1605s

 1218105 246912  315.42430   28   62  336.92000  281.22568  16.5%  32.8 1611s

 1220677 246850 infeasible   58       336.92000  281.32315  16.5%  32.8 1615s

 1223790 246916  302.66206   36  103  336.92000  281.44333  16.5%  32.8 1621s

 1226244 246884  299.49069   42   31  336.92000  281.53696  16.4%  32.8 1625s

 1228766 246933  325.24375   38   56  336.92000  281.61661  16.4%  32.8 1630s

 1230658 246958     cutoff   33       336.92000  281.66541  16.4%  32.8 1635s

 1233673 247032     cutoff   36       336.92000  281.78482  16.4%  32.8 1641s

 1235633 246989  316.55784   37   58  336.92000  281.87095  16.3%  32.8 1645s

 1238058 247027  291.06615   38   92  336.92000  281.95020  16.3%  32.8 1651s

 1240916 247037     cutoff   33       336.92000  282.08550  16.3%  32.8 1656s

 1243713 247098 infeasible   34       336.92000  282.19778  16.2%  32.8 1661s

 1246285 247115  320.90544   45   55  336.92000  282.28948  16.2%  32.9 1665s

 1248917 247191 infeasible   46       336.92000  282.37976  16.2%  32.9 1670s

 1252212 247179  332.45414   36   25  336.92000  282.49000  16.2%  32.9 1676s

 1254825 247119     cutoff   41       336.92000  282.58432  16.1%  32.9 1681s

 1257442 247187  293.50720   43   93  336.92000  282.68568  16.1%  32.9 1685s

 1260168 247170  327.20431   39   63  336.92000  282.77444  16.1%  32.9 1690s

 1263298 247129  301.09117   40  109  336.92000  282.88080  16.0%  32.9 1695s

 1265875 247117 infeasible   49       336.92000  282.97793  16.0%  32.9 1700s

 1269043 247052 infeasible   46       336.92000  283.09291  16.0%  32.9 1705s

 1271481 247012     cutoff   43       336.92000  283.19080  15.9%  32.9 1710s

 1274449 247032  304.43958   30  128  336.92000  283.29081  15.9%  33.0 1716s

 1277100 247076  320.88116   40   87  336.92000  283.37500  15.9%  33.0 1720s

 1279818 247031  316.49267   47   61  336.92000  283.47397  15.9%  33.0 1725s

 1283288 247008     cutoff   45       336.92000  283.61145  15.8%  33.0 1731s

 1285944 246983     cutoff   57       336.92000  283.70424  15.8%  33.0 1735s

 1288282 247058  315.85825   47   50  336.92000  283.78228  15.8%  33.0 1740s

 1291632 246990  287.93244   44   42  336.92000  283.89969  15.7%  33.0 1745s

 1294157 246994     cutoff   31       336.92000  283.99253  15.7%  33.0 1750s

 1297536 246850  320.87284   38  122  336.92000  284.12086  15.7%  33.0 1755s

 1300105 246803     cutoff   53       336.92000  284.20821  15.6%  33.0 1760s

 1303102 246665  290.92077   50   38  336.92000  284.32181  15.6%  33.0 1765s

 1305645 246658  334.00007   38   29  336.92000  284.41008  15.6%  33.1 1770s

 1309004 246659  319.19734   49   20  336.92000  284.53233  15.5%  33.1 1776s

 1311163 246614  317.98405   42   60  336.92000  284.62125  15.5%  33.1 1780s

 1313847 246523 infeasible   40       336.92000  284.71981  15.5%  33.1 1785s

 1316369 246481     cutoff   38       336.92000  284.81788  15.5%  33.1 1790s

 1319663 246395     cutoff   46       336.92000  284.93983  15.4%  33.1 1795s

 1322117 246371  309.15500   40   89  336.92000  285.02000  15.4%  33.1 1800s

 1325439 246368     cutoff   42       336.92000  285.13108  15.4%  33.1 1806s

 1328022 246323     cutoff   42       336.92000  285.22346  15.3%  33.1 1810s

 1330462 246251  316.37995   52   38  336.92000  285.31508  15.3%  33.1 1815s

 1333982 246071  297.90880   44   95  336.92000  285.42650  15.3%  33.1 1821s

 1336265 246042     cutoff   33       336.92000  285.51121  15.3%  33.1 1825s

 1338623 245965  289.88876   44   27  336.92000  285.59631  15.2%  33.1 1830s

 1341246 245941  334.68501   53   33  336.92000  285.70132  15.2%  33.1 1835s

 1344831 245757 infeasible   44       336.92000  285.82693  15.2%  33.2 1841s

 1347332 245775     cutoff   40       336.92000  285.91712  15.1%  33.2 1845s

 1350035 245671  330.88218   57   26  336.92000  286.00000  15.1%  33.2 1850s

 1352378 245543     cutoff   34       336.92000  286.07639  15.1%  33.2 1855s

 1355696 245526     cutoff   54       336.92000  286.20180  15.1%  33.2 1861s

 1357975 245412  287.06912   42   47  336.92000  286.27207  15.0%  33.2 1865s

 1360521 245354  329.02169   40   66  336.92000  286.37071  15.0%  33.2 1870s

 1364043 245189     cutoff   47       336.92000  286.48808  15.0%  33.2 1875s

 1366390 245112  304.93032   39  107  336.92000  286.57170  14.9%  33.2 1880s

 1369736 244958  316.18100   44   61  336.92000  286.71746  14.9%  33.2 1886s

 1372242 244807     cutoff   36       336.92000  286.81102  14.9%  33.2 1891s

 1374918 244760  327.86013   56   46  336.92000  286.90266  14.8%  33.2 1895s

 1377187 244812  333.36406   55   68  336.92000  286.97271  14.8%  33.2 1900s

 1380617 244751     cutoff   48       336.92000  287.07839  14.8%  33.2 1906s

 1383088 244732 infeasible   44       336.92000  287.17136  14.8%  33.3 1910s

 1385761 244564  311.22415   43   53  336.92000  287.25437  14.7%  33.3 1915s

 1388800 244462 infeasible   50       336.92000  287.35151  14.7%  33.3 1921s

 1391288 244248 infeasible   47       336.92000  287.44602  14.7%  33.3 1925s

 1393764 244085 infeasible   49       336.92000  287.54468  14.7%  33.3 1930s

 1396105 244019     cutoff   45       336.92000  287.63411  14.6%  33.3 1935s

 1399562 243955 infeasible   30       336.92000  287.74556  14.6%  33.3 1941s

 1402065 243676     cutoff   39       336.92000  287.83503  14.6%  33.3 1945s

 1404662 243502  316.66992   48   32  336.92000  287.94000  14.5%  33.3 1950s

 1407239 243282  300.00522   46   41  336.92000  288.02962  14.5%  33.3 1955s

 1410729 243203  312.12614   48   79  336.92000  288.14030  14.5%  33.3 1961s

 1413288 242995 infeasible   47       336.92000  288.22930  14.5%  33.3 1965s

 1415923 242875  331.73250   50   16  336.92000  288.31667  14.4%  33.3 1970s

 1418481 242743  291.15315   42   61  336.92000  288.41189  14.4%  33.3 1975s

 1421900 242651  299.81189   40   52  336.92000  288.52023  14.4%  33.4 1980s

 1424110 242531 infeasible   42       336.92000  288.59283  14.3%  33.4 1985s

 1426789 242387  331.97768   49   71  336.92000  288.67800  14.3%  33.4 1990s

 1430281 242217  298.39521   37   87  336.92000  288.78941  14.3%  33.4 1996s

 1432765 242135 infeasible   42       336.92000  288.88149  14.3%  33.4 2000s

 1435244 242017  307.31752   51   46  336.92000  288.96133  14.2%  33.4 2005s

 1438601 241834     cutoff   53       336.92000  289.06377  14.2%  33.4 2011s

 1441233 241703  306.55819   38   53  336.92000  289.15895  14.2%  33.4 2015s

 1443320 241597  307.48512   48   74  336.92000  289.22434  14.2%  33.4 2020s

 1446557 241447  321.92935   50   53  336.92000  289.32638  14.1%  33.4 2026s

 1449150 241379 infeasible   62       336.92000  289.41093  14.1%  33.4 2031s

 1451597 241230     cutoff   59       336.92000  289.48783  14.1%  33.4 2035s

 1454078 241046  302.88030   48   95  336.92000  289.57049  14.1%  33.4 2040s

 1457676 240941  303.21278   49   64  336.92000  289.68877  14.0%  33.4 2046s

 1460174 240848     cutoff   49       336.92000  289.76010  14.0%  33.4 2050s

 1462672 240690  320.82615   42   90  336.92000  289.85331  14.0%  33.4 2055s

 1466102 240495     cutoff   44       336.92000  289.96410  13.9%  33.4 2061s

 1468293 240281 infeasible   42       336.92000  290.04172  13.9%  33.5 2065s

 1470999 240043  308.79369   63   92  336.92000  290.13583  13.9%  33.5 2070s

 1474254 239781  293.93929   46   44  336.92000  290.26311  13.8%  33.5 2076s

 1476878 239652  302.17755   56   47  336.92000  290.34495  13.8%  33.5 2081s

 1479421 239501  297.61453   36   35  336.92000  290.42663  13.8%  33.5 2085s

 1481931 239304  320.99086   47   74  336.92000  290.51267  13.8%  33.5 2090s

 1484464 239140 infeasible   54       336.92000  290.59253  13.8%  33.5 2095s

 1487857 238806  293.14864   40   33  336.92000  290.71446  13.7%  33.5 2101s

 1490290 238649  321.42619   46   40  336.92000  290.79717  13.7%  33.5 2106s

 1492924 238589  314.82681   48   99  336.92000  290.88455  13.7%  33.5 2110s

 1495246 238444     cutoff   50       336.92000  290.94348  13.6%  33.5 2115s

 1498370 238245  293.45334   36   50  336.92000  291.05272  13.6%  33.5 2120s

 1500804 238170  327.23699   50   46  336.92000  291.11889  13.6%  33.5 2125s

 1504091 237955     cutoff   38       336.92000  291.23168  13.6%  33.5 2131s

 1506238 237807  307.93675   44   55  336.92000  291.29105  13.5%  33.5 2135s

 1508648 237584  321.39052   51   53  336.92000  291.37789  13.5%  33.5 2140s

 1511215 237435     cutoff   49       336.92000  291.46305  13.5%  33.5 2145s

 1514714 237142  291.62435   56   53  336.92000  291.58271  13.5%  33.5 2151s

 1517213 236861 infeasible   56       336.92000  291.67212  13.4%  33.5 2156s

 1519796 236764 infeasible   51       336.92000  291.75933  13.4%  33.5 2160s

 1522203 236614 infeasible   36       336.92000  291.83404  13.4%  33.6 2165s

 1525512 236424  326.46085   51   75  336.92000  291.93533  13.4%  33.6 2171s

 1528062 236300     cutoff   38       336.92000  292.02589  13.3%  33.6 2176s

 1530678 236082  315.22402   31   75  336.92000  292.11028  13.3%  33.6 2180s

 1533258 235975  311.65548   56   50  336.92000  292.18492  13.3%  33.6 2185s

 1535685 235818  305.34473   44   61  336.92000  292.25321  13.3%  33.6 2190s

 1538284 235616 infeasible   48       336.92000  292.34000  13.2%  33.6 2195s

 1541354 235440 infeasible   41       336.92000  292.42678  13.2%  33.6 2200s

 1543556 235226  307.61945   47   47  336.92000  292.48399  13.2%  33.6 2206s

 1545709 234986  304.16403   35   97  336.92000  292.59617  13.2%  33.6 2211s

 1548524 234790  326.64745   37   84  336.92000  292.68564  13.1%  33.6 2216s

 1550399 234694  293.65732   47   57  336.92000  292.74840  13.1%  33.6 2220s

 1553299 234534  309.74015   41   67  336.92000  292.83545  13.1%  33.6 2225s

 1556644 234257  317.69707   54   89  336.92000  292.94125  13.1%  33.6 2231s

 1559293 233980  304.13349   47   74  336.92000  293.02843  13.0%  33.6 2236s

 1561812 233698  307.11673   45   79  336.92000  293.11000  13.0%  33.6 2240s

 1564399 233583 infeasible   45       336.92000  293.18797  13.0%  33.6 2245s

 1566696 233328  301.28362   47   73  336.92000  293.26190  13.0%  33.6 2250s

 1570052 233038     cutoff   47       336.92000  293.37567  12.9%  33.6 2256s

 1572633 232812  319.98701   38   39  336.92000  293.46328  12.9%  33.6 2261s

 1575230 232680     cutoff   48       336.92000  293.54304  12.9%  33.6 2266s

 1577786 232399  330.38144   54  102  336.92000  293.62911  12.8%  33.6 2271s

 1580312 232232  307.45627   48   39  336.92000  293.70507  12.8%  33.6 2276s

 1582850 232056  295.80928   37   54  336.92000  293.79132  12.8%  33.6 2280s

 1585024 231942  318.09568   44   19  336.92000  293.85000  12.8%  33.6 2285s

 1587580 231722  309.63830   51   73  336.92000  293.93478  12.8%  33.6 2290s

 1590272 231493  316.96375   38   57  336.92000  294.02406  12.7%  33.6 2295s

 1593707 231292     cutoff   45       336.92000  294.12885  12.7%  33.7 2301s

 1596261 231145  303.79541   45   40  336.92000  294.20227  12.7%  33.7 2306s

 1598611 230960 infeasible   64       336.92000  294.28231  12.7%  33.7 2311s

 1600376 230895 infeasible   59       336.92000  294.30778  12.6%  33.7 2315s

 1602328 230835     cutoff   60       336.92000  294.32764  12.6%  33.7 2321s

 1604373 230598 infeasible   37       336.92000  294.44210  12.6%  33.7 2325s

 1606998 230407  306.73222   38   70  336.92000  294.52661  12.6%  33.7 2330s

 1609293 230228 infeasible   54       336.92000  294.58010  12.6%  33.7 2335s

 1611914 229907 infeasible   42       336.92000  294.69091  12.5%  33.7 2340s

 1614588 229658 infeasible   48       336.92000  294.76356  12.5%  33.7 2345s

 1617183 229481  301.65000   38   21  336.92000  294.84400  12.5%  33.7 2350s

 1619836 229146 infeasible   52       336.92000  294.92471  12.5%  33.7 2355s

 1622363 228831  305.33331   35  101  336.92000  295.00024  12.4%  33.7 2360s

 1624957 228558     cutoff   47       336.92000  295.08271  12.4%  33.7 2365s

 1627505 228254     cutoff   30       336.92000  295.17258  12.4%  33.7 2370s

 1630166 228089  309.01728   38  109  336.92000  295.24621  12.4%  33.7 2375s

 1632709 227887  311.21250   55   27  336.92000  295.32000  12.3%  33.7 2380s

 1635261 227746 infeasible   44       336.92000  295.39410  12.3%  33.7 2385s

 1637859 227513  322.75043   38   76  336.92000  295.47762  12.3%  33.7 2390s

 1640469 227304 infeasible   53       336.92000  295.55029  12.3%  33.7 2396s

 1643047 227035 infeasible   46       336.92000  295.63866  12.3%  33.7 2400s

 1645189 226721  314.99035   45   56  336.92000  295.70301  12.2%  33.7 2405s

 1647720 226455 infeasible   46       336.92000  295.78375  12.2%  33.7 2410s

 1650303 226388     cutoff   42       336.92000  295.86247  12.2%  33.7 2415s

 1652763 226084     cutoff   35       336.92000  295.93849  12.2%  33.7 2420s

 1655309 225806     cutoff   47       336.92000  296.02599  12.1%  33.7 2425s

 1657882 225625 infeasible   67       336.92000  296.09883  12.1%  33.7 2430s

 1660463 225446     cutoff   64       336.92000  296.17202  12.1%  33.7 2435s

 1662851 225281 infeasible   47       336.92000  296.25067  12.1%  33.7 2440s

 1665773 224928  321.11722   43  104  336.92000  296.33430  12.0%  33.7 2446s

 1667982 224727     cutoff   57       336.92000  296.39847  12.0%  33.7 2450s

 1670222 224412  313.58927   45  103  336.92000  296.47731  12.0%  33.7 2455s

 1672881 224150     cutoff   46       336.92000  296.55792  12.0%  33.7 2460s

 1675430 223859     cutoff   37       336.92000  296.63070  12.0%  33.7 2465s

 1677966 223622  319.67587   39   70  336.92000  296.71135  11.9%  33.7 2470s

 1680570 223374  298.36018   63   63  336.92000  296.79013  11.9%  33.7 2475s

 1682919 223134 infeasible   50       336.92000  296.85352  11.9%  33.7 2480s

 1685439 222822 infeasible   42       336.92000  296.93052  11.9%  33.7 2485s

 1688008 222565  306.48568   33   56  336.92000  297.00376  11.8%  33.7 2491s

 1690674 222267  324.70888   34  119  336.92000  297.09500  11.8%  33.7 2496s

 1693237 221987  305.88250   40   90  336.92000  297.17483  11.8%  33.7 2501s

 1695910 221699  308.66117   57   73  336.92000  297.25116  11.8%  33.7 2506s

 1698511 221510     cutoff   44       336.92000  297.33551  11.7%  33.7 2511s

 1701078 221182 infeasible   56       336.92000  297.40496  11.7%  33.7 2516s

 1703509 220872     cutoff   41       336.92000  297.49060  11.7%  33.7 2521s

 1705961 220628     cutoff   46       336.92000  297.56124  11.7%  33.7 2526s

 1708428 220491     cutoff   55       336.92000  297.62169  11.7%  33.7 2531s

 1710210 220402  326.68451   36   15  336.92000  297.67481  11.6%  33.7 2535s

 1713360 220028  322.79916   46   61  336.92000  297.77588  11.6%  33.7 2540s

 1714961 219668  324.66908   34   62  336.92000  297.82871  11.6%  33.7 2545s

 1717599 219373     cutoff   63       336.92000  297.90079  11.6%  33.7 2550s

 1720175 219198 infeasible   38       336.92000  297.97900  11.6%  33.7 2556s

 1721905 218976 infeasible   45       336.92000  298.03008  11.5%  33.7 2561s

 1723419 218759  302.82442   49   26  336.92000  298.07493  11.5%  33.7 2565s

 1726008 218433     cutoff   40       336.92000  298.16980  11.5%  33.8 2570s

 1728536 218145  300.85218   46   38  336.92000  298.24428  11.5%  33.8 2575s

 1731161 217841  316.29215   39  113  336.92000  298.32952  11.5%  33.8 2580s

 1733902 217563  325.88688   49   16  336.92000  298.40014  11.4%  33.8 2586s

 1736346 217334     cutoff   36       336.92000  298.47382  11.4%  33.8 2591s

 1738022 217160  333.08000   62   41  336.92000  298.52067  11.4%  33.8 2597s

 1739768 216937  306.01086   42   28  336.92000  298.56721  11.4%  33.8 2601s

 1742084 216751  318.26703   59   12  336.92000  298.63216  11.4%  33.8 2605s

 1743885 216391 infeasible   58       336.92000  298.69881  11.3%  33.8 2610s

 1746456 216089  309.94363   55   46  336.92000  298.77355  11.3%  33.8 2615s

 1748833 215829  299.20447   36   28  336.92000  298.85044  11.3%  33.8 2620s

 1751564 215455  305.05761   44   26  336.92000  298.93424  11.3%  33.8 2626s

 1753324 215320  334.74793   44   48  336.92000  298.97919  11.3%  33.8 2630s

 1756017 215091  321.47403   45  101  336.92000  299.05344  11.2%  33.8 2635s

 1758519 214736  328.47228   42   53  336.92000  299.12605  11.2%  33.8 2640s

 1759895 214602 infeasible   47       336.92000  299.15080  11.2%  33.8 2645s

 1761972 214326 infeasible   42       336.92000  299.20583  11.2%  33.8 2650s

 1764801 214121  307.22988   36   22  336.92000  299.30772  11.2%  33.8 2656s

 1766501 213895  305.18305   50   22  336.92000  299.35321  11.2%  33.8 2660s

 1769152 213588     cutoff   33       336.92000  299.43767  11.1%  33.8 2666s

 1770874 213380  310.84289   50   67  336.92000  299.48344  11.1%  33.8 2670s

 1773565 213013  305.18750   53   90  336.92000  299.56479  11.1%  33.8 2675s

 1776272 212743     cutoff   50       336.92000  299.63574  11.1%  33.8 2681s

 1778058 212554  323.17007   43   33  336.92000  299.68265  11.1%  33.8 2685s

 1780678 212192  323.51526   42   76  336.92000  299.75604  11.0%  33.8 2691s

 1782523 211927  318.93205   44   89  336.92000  299.80677  11.0%  33.8 2695s

 1785014 211618  322.22209   43   29  336.92000  299.88946  11.0%  33.8 2700s

 1787621 211308 infeasible   49       336.92000  299.96317  11.0%  33.8 2706s

 1789365 211096     cutoff   41       336.92000  300.02719  11.0%  33.8 2710s

 1791945 210742 infeasible   39       336.92000  300.09292  10.9%  33.8 2716s

 1794526 210538  326.01202   65  109  336.92000  300.17156  10.9%  33.8 2721s

 1796301 210384  325.13984   56   24  336.92000  300.21125  10.9%  33.8 2725s

 1798978 210025  325.06267   46   57  336.92000  300.27804  10.9%  33.7 2731s

 1800739 209834     cutoff   59       336.92000  300.33192  10.9%  33.7 2735s

 1803227 209559     cutoff   44       336.92000  300.39874  10.8%  33.7 2740s

 1805876 209311     cutoff   40       336.92000  300.47551  10.8%  33.7 2746s

 1807680 209045  324.76837   43   41  336.92000  300.52143  10.8%  33.7 2750s

 1810194 208751  308.49333   30   73  336.92000  300.59044  10.8%  33.7 2756s

 1812652 208480  309.17563   64   33  336.92000  300.65343  10.8%  33.7 2761s

 1814275 208217     cutoff   52       336.92000  300.70000  10.8%  33.7 2765s

 1816882 207846     cutoff   46       336.92000  300.78500  10.7%  33.7 2771s

 1819172 207441  328.93757   63   98  336.92000  300.85625  10.7%  33.7 2776s

 1820906 207244     cutoff   50       336.92000  300.91996  10.7%  33.7 2780s

 1823448 206784     cutoff   43       336.92000  300.98901  10.7%  33.7 2786s

 1825067 206558  325.09237   48   92  336.92000  301.04187  10.6%  33.7 2790s

 1827754 206135  321.47734   46   60  336.92000  301.11998  10.6%  33.7 2795s

 1830120 205848     cutoff   45       336.92000  301.17537  10.6%  33.7 2800s

 1831993 205515  314.24869   55   69  336.92000  301.24536  10.6%  33.7 2805s

 1834537 205128  306.01240   44   48  336.92000  301.32597  10.6%  33.7 2811s

 1836866 204723     cutoff   45       336.92000  301.40175  10.5%  33.7 2817s

 1838532 204447 infeasible   38       336.92000  301.45365  10.5%  33.7 2821s

 1840395 204194 infeasible   36       336.92000  301.51051  10.5%  33.7 2825s

 1843007 203768  327.10814   55   29  336.92000  301.58324  10.5%  33.7 2830s

 1845572 203391  320.16024   43   73  336.92000  301.66149  10.5%  33.7 2836s

 1847416 203135     cutoff   46       336.92000  301.71255  10.4%  33.7 2840s

 1849960 202784  326.12100   54   28  336.92000  301.78500  10.4%  33.7 2846s

 1851720 202522  306.09892   62   34  336.92000  301.83295  10.4%  33.7 2850s

 1854208 202115  305.86857   61   43  336.92000  301.90843  10.4%  33.7 2856s

 1855835 201827     cutoff   42       336.92000  301.95953  10.4%  33.7 2860s

 1858393 201447  320.30481   44   46  336.92000  302.04041  10.4%  33.7 2865s

 1860943 201036  305.91970   47   54  336.92000  302.11583  10.3%  33.7 2871s

 1862481 200700  302.98095   46   36  336.92000  302.16646  10.3%  33.7 2875s

 1865087 200328  309.10665   40   56  336.92000  302.25833  10.3%  33.7 2881s

 1866836 200063  320.29697   43   90  336.92000  302.30875  10.3%  33.7 2885s

 1869488 199558 infeasible   59       336.92000  302.38608  10.2%  33.7 2891s

 1871256 199358     cutoff   65       336.92000  302.43714  10.2%  33.7 2895s

 1873028 199084     cutoff   54       336.92000  302.49660  10.2%  33.7 2900s

 1875010 198820     cutoff   37       336.92000  302.54882  10.2%  33.7 2905s

 1877678 198432     cutoff   46       336.92000  302.63212  10.2%  33.7 2911s

 1879555 198159  304.12050   54   37  336.92000  302.67544  10.2%  33.7 2915s

 1882104 197699  332.96188   52   22  336.92000  302.75486  10.1%  33.7 2921s

 1883905 197425 infeasible   48       336.92000  302.80613  10.1%  33.7 2925s

 1886383 197059  317.58207   41   78  336.92000  302.87592  10.1%  33.7 2931s

 1888108 196795 infeasible   54       336.92000  302.93024  10.1%  33.7 2935s

 1890661 196344  311.46431   45   65  336.92000  303.00277  10.1%  33.7 2941s

 1892304 196107     cutoff   57       336.92000  303.05040  10.1%  33.7 2945s

 1894010 195847  323.00201   50   55  336.92000  303.10271  10.0%  33.7 2950s

 1896537 195479 infeasible   46       336.92000  303.18144  10.0%  33.7 2956s

 1898329 195155     cutoff   43       336.92000  303.23401  10.0%  33.7 2960s

 1900855 194651  332.57772   55   35  336.92000  303.30732  10.0%  33.7 2966s

 1902633 194338     cutoff   61       336.92000  303.36333  10.0%  33.7 2970s

 1905224 193878  328.31111   44   56  336.92000  303.44424  9.94%  33.7 2976s

 1906927 193666 infeasible   51       336.92000  303.49510  9.92%  33.7 2980s

 1908652 193409 infeasible   49       336.92000  303.54800  9.91%  33.7 2985s

 1911315 192974  333.88554   57   73  336.92000  303.62774  9.88%  33.7 2991s

 1913009 192752     cutoff   42       336.92000  303.67387  9.87%  33.7 2995s

 1915535 192330     cutoff   28       336.92000  303.75026  9.84%  33.7 3001s

 1917212 191958  318.32237   52   62  336.92000  303.80357  9.83%  33.7 3005s

 1919675 191470  311.10842   55   53  336.92000  303.88500  9.80%  33.7 3011s

 1921412 191255  314.93005   43   69  336.92000  303.94088  9.79%  33.7 3015s

 1923154 190967 infeasible   36       336.92000  303.98979  9.77%  33.7 3020s

 1925699 190530  330.39966   47   36  336.92000  304.05680  9.75%  33.7 3026s

 1927498 190253 infeasible   50       336.92000  304.10318  9.74%  33.7 3030s

 1930073 189905  313.00583   54   67  336.92000  304.17474  9.72%  33.7 3036s

 1931884 189647  331.61823   50   60  336.92000  304.22048  9.71%  33.7 3041s

 1933499 189297     cutoff   49       336.92000  304.26748  9.69%  33.7 3045s

 1935157 189001     cutoff   47       336.92000  304.32500  9.67%  33.7 3050s

 1937774 188511  312.84782   55   26  336.92000  304.39644  9.65%  33.7 3056s

 1939546 188205     cutoff   34       336.92000  304.45174  9.64%  33.7 3061s

 1941262 187888  312.75943   42   22  336.92000  304.50272  9.62%  33.7 3065s

 1943844 187418     cutoff   39       336.92000  304.58221  9.60%  33.7 3071s

 1945535 187106     cutoff   45       336.92000  304.63141  9.58%  33.7 3075s

 1947825 186619     cutoff   47       336.92000  304.70111  9.56%  33.7 3081s

 1949672 186318  311.11396   43   52  336.92000  304.75579  9.55%  33.7 3086s

 1951433 186110  323.66555   42   96  336.92000  304.80442  9.53%  33.7 3090s

 1953844 185699     cutoff   52       336.92000  304.87137  9.51%  33.7 3096s

 1955664 185338 infeasible   48       336.92000  304.92182  9.50%  33.7 3101s

 1957424 185032  314.69220   70   92  336.92000  304.97578  9.48%  33.7 3105s

 1959953 184541  332.12025   58   17  336.92000  305.04762  9.46%  33.7 3111s

 1961666 184267  321.13113   43   52  336.92000  305.10238  9.44%  33.7 3115s

 1963393 183995  328.20549   65   30  336.92000  305.14134  9.43%  33.7 3120s

 1965828 183556  336.49878   40   86  336.92000  305.21105  9.41%  33.7 3126s

 1967508 183203     cutoff   45       336.92000  305.26680  9.39%  33.7 3130s

 1969857 182789     cutoff   41       336.92000  305.33840  9.37%  33.7 3136s

 1971625 182441  318.49988   45   61  336.92000  305.39305  9.36%  33.7 3141s

 1973349 181975  329.90606   55   75  336.92000  305.45627  9.34%  33.7 3145s

 1975874 181545  325.67294   45   66  336.92000  305.53817  9.31%  33.7 3151s

 1977580 181230     cutoff   48       336.92000  305.58080  9.30%  33.7 3155s

 1979248 180912  313.60610   50   38  336.92000  305.63627  9.29%  33.7 3160s

 1981969 180444  311.51482   39   34  336.92000  305.72038  9.26%  33.6 3166s

 1983796 180258  315.10613   41   72  336.92000  305.77000  9.25%  33.6 3170s

 1985492 179785  310.99289   53   54  336.92000  305.82871  9.23%  33.6 3176s

 1987337 179439  309.16647   42   16  336.92000  305.87555  9.21%  33.6 3180s

 1989227 179246  310.48540   34   32  336.92000  305.91917  9.20%  33.6 3185s

 1991587 178802  325.65856   69   52  336.92000  305.99096  9.18%  33.6 3191s

 1993451 178460  307.73436   50   84  336.92000  306.04170  9.16%  33.6 3195s

 1996090 177965     cutoff   39       336.92000  306.12712  9.14%  33.6 3201s

 1997826 177625 infeasible   60       336.92000  306.17590  9.13%  33.6 3206s

 2000409 177103  329.72866   39  115  336.92000  306.25611  9.10%  33.6 3212s

 2002223 176829  306.81895   47   30  336.92000  306.30466  9.09%  33.6 3216s

 2003940 176463  323.82160   53   51  336.92000  306.35359  9.07%  33.6 3220s

 2006568 175941  315.93369   34   77  336.92000  306.43550  9.05%  33.6 3226s

 2008405 175622     cutoff   40       336.92000  306.48960  9.03%  33.6 3230s

 2010965 175182  313.87342   35   64  336.92000  306.56264  9.01%  33.6 3237s

 2012691 174902     cutoff   46       336.92000  306.60607  9.00%  33.6 3241s

 2014428 174612  319.14223   44   37  336.92000  306.66013  8.98%  33.6 3245s

 2017049 174065 infeasible   33       336.92000  306.74159  8.96%  33.6 3251s

 2018687 173825  320.19362   47   23  336.92000  306.77333  8.95%  33.6 3255s

 2021306 173245  307.82461   46   28  336.92000  306.85083  8.92%  33.6 3261s

 2023007 172904     cutoff   51       336.92000  306.90779  8.91%  33.6 3265s

 2025586 172374  317.94415   46   88  336.92000  306.97967  8.89%  33.6 3271s

 2027271 172019  328.94486   27   48  336.92000  307.03256  8.87%  33.6 3275s

 2029929 171524  318.13523   43   54  336.92000  307.11212  8.85%  33.6 3281s

 2031608 171125     cutoff   53       336.92000  307.16060  8.83%  33.6 3285s

 2034208 170614     cutoff   60       336.92000  307.23779  8.81%  33.6 3291s

 2035919 170227 infeasible   34       336.92000  307.28896  8.79%  33.6 3295s

 2038462 169685  313.03164   52   82  336.92000  307.37400  8.77%  33.6 3301s

 2040139 169307  330.85818   45   43  336.92000  307.42073  8.76%  33.6 3305s

 2042700 168865     cutoff   46       336.92000  307.49425  8.73%  33.6 3311s

 2044450 168462     cutoff   43       336.92000  307.55071  8.72%  33.6 3315s

 2046992 167856     cutoff   46       336.92000  307.64171  8.69%  33.6 3321s

 2048616 167466 infeasible   56       336.92000  307.68750  8.68%  33.6 3325s

 2051199 166931 infeasible   41       336.92000  307.76396  8.65%  33.6 3331s

 2052214 166879 infeasible   39       336.92000  307.79561  8.64%  33.6 3335s

 2053558 166460  330.94648   48   58  336.92000  307.80587  8.64%  33.6 3341s

 2055072 166101     cutoff   32       336.92000  307.87218  8.62%  33.5 3346s

 2056964 165693  326.17917   58   20  336.92000  307.94493  8.60%  33.5 3350s

 2059892 165108 infeasible   49       336.92000  308.03378  8.57%  33.5 3357s

 2061759 164682     cutoff   52       336.92000  308.09422  8.56%  33.5 3361s

 2063220 164358  317.74897   55   25  336.92000  308.14032  8.54%  33.5 3365s

 2066089 163852  311.70373   67   39  336.92000  308.22628  8.52%  33.5 3371s

 2067842 163531 infeasible   51       336.92000  308.28483  8.50%  33.5 3376s

 2069745 163195  311.14367   54   69  336.92000  308.33028  8.49%  33.5 3380s

 2072419 162534 infeasible   49       336.92000  308.41763  8.46%  33.5 3386s

 2074120 162240 infeasible   55       336.92000  308.46968  8.44%  33.5 3390s

 2076717 161646  327.29408   43   34  336.92000  308.55142  8.42%  33.5 3396s

 2078458 161371     cutoff   46       336.92000  308.59816  8.41%  33.5 3400s

 2080199 161026  317.61178   49   20  336.92000  308.65227  8.39%  33.5 3405s

 2082682 160544 infeasible   43       336.92000  308.72180  8.37%  33.5 3411s

 2084434 160141  325.42089   46   52  336.92000  308.78110  8.35%  33.5 3415s

 2087035 159556 infeasible   41       336.92000  308.86534  8.33%  33.5 3421s

 2088803 159104 infeasible   44       336.92000  308.91968  8.31%  33.5 3425s

 2091281 158532  330.78029   39   54  336.92000  308.99755  8.29%  33.5 3431s

 2092943 158113 infeasible   54       336.92000  309.05056  8.27%  33.5 3435s

 2095645 157549     cutoff   65       336.92000  309.13137  8.25%  33.5 3441s

 2097307 157173  316.44055   56   39  336.92000  309.18015  8.23%  33.5 3445s

 2099843 156591     cutoff   59       336.92000  309.26734  8.21%  33.5 3451s

 2101712 156235  311.86417   29   63  336.92000  309.32345  8.19%  33.5 3456s

 2103344 155877  318.71200   52   84  336.92000  309.36125  8.18%  33.5 3460s

 2105986 155286 infeasible   47       336.92000  309.44569  8.15%  33.5 3466s

 2108185 154918     cutoff   49       336.92000  309.49625  8.14%  33.5 3470s

 2110067 154479 infeasible   51       336.92000  309.57741  8.12%  33.5 3475s

 2111561 154084     cutoff   42       336.92000  309.61527  8.10%  33.5 3480s

 2114148 153388  319.96218   49   31  336.92000  309.69723  8.08%  33.5 3486s

 2115927 153007     cutoff   63       336.92000  309.74929  8.06%  33.5 3490s

 2118520 152411 infeasible   44       336.92000  309.83928  8.04%  33.5 3496s

 2120192 152070 infeasible   44       336.92000  309.88372  8.02%  33.5 3500s

 2122832 151469     cutoff   46       336.92000  309.96748  8.00%  33.5 3507s

 2124654 151087  329.84585   38   73  336.92000  310.02370  7.98%  33.4 3511s

 2126336 150721  312.03776   59   43  336.92000  310.07623  7.97%  33.4 3515s

 2128970 150131  314.49996   43   17  336.92000  310.15116  7.95%  33.4 3521s

 2130633 149794     cutoff   51       336.92000  310.20245  7.93%  33.4 3525s

 2133258 149189  325.54689   51   40  336.92000  310.29060  7.90%  33.4 3531s

 2134966 148914  323.07011   53   71  336.92000  310.34105  7.89%  33.4 3535s

 2136845 148347  322.90714   47   52  336.92000  310.39000  7.87%  33.4 3541s

 2138605 147932 infeasible   30       336.92000  310.45490  7.86%  33.4 3545s

 2141250 147216 infeasible   51       336.92000  310.54745  7.83%  33.4 3551s

 2142990 146800  331.48762   49   34  336.92000  310.60500  7.81%  33.4 3556s

 2145609 146222  316.27797   50   50  336.92000  310.68754  7.79%  33.4 3562s

 2147365 145760  316.19733   47   92  336.92000  310.73811  7.77%  33.4 3566s

 2149191 145269  330.23102   40   36  336.92000  310.79167  7.76%  33.4 3570s

 2151854 144712 infeasible   60       336.92000  310.87429  7.73%  33.4 3576s

 2153607 144330 infeasible   57       336.92000  310.93212  7.71%  33.4 3580s

 2156161 143640 infeasible   36       336.92000  311.01750  7.69%  33.4 3586s

 2157869 143246  326.37614   39   22  336.92000  311.07346  7.67%  33.4 3590s

 2160472 142642  332.73333   32   44  336.92000  311.15538  7.65%  33.4 3596s

 2162191 142208  322.85016   61   29  336.92000  311.21083  7.63%  33.4 3600s

 2163925 141717  321.18385   61   91  336.92000  311.27140  7.61%  33.4 3605s

 2166626 141082     cutoff   36       336.92000  311.34768  7.59%  33.4 3611s

 2168307 140612     cutoff   46       336.92000  311.40214  7.57%  33.4 3615s

 2170916 139938  334.42914   43   25  336.92000  311.48966  7.55%  33.4 3621s

 2172694 139540  321.25490   43   36  336.92000  311.53605  7.53%  33.4 3625s

 2174408 139090 infeasible   36       336.92000  311.59606  7.52%  33.4 3630s

 2176862 138394 infeasible   45       336.92000  311.68889  7.49%  33.4 3636s

 2178594 137920 infeasible   38       336.92000  311.75065  7.47%  33.4 3640s

 2181256 137306  322.67100   33   59  336.92000  311.83598  7.45%  33.3 3646s

 2182373 137146     cutoff   45       336.92000  311.86971  7.44%  33.3 3650s

 2184390 136440 infeasible   48       336.92000  311.90028  7.43%  33.3 3656s

 2186276 136019  316.83836   48   25  336.92000  311.99722  7.40%  33.3 3661s

 2188202 135535  316.81488   67   61  336.92000  312.05752  7.38%  33.3 3665s

 2189963 135082  321.73029   30  105  336.92000  312.11602  7.36%  33.3 3670s

 2192706 134438  315.44798   50   60  336.92000  312.20029  7.34%  33.3 3676s

 2194440 133984  328.37951   55   35  336.92000  312.25933  7.32%  33.3 3680s

 2197026 133250  326.31243   52   55  336.92000  312.35333  7.29%  33.3 3686s

 2198822 132715 infeasible   35       336.92000  312.42631  7.27%  33.3 3691s

 2200622 132231  322.15800   63   66  336.92000  312.48372  7.25%  33.3 3695s

 2203295 131668  312.66131   54   29  336.92000  312.56554  7.23%  33.3 3701s

 2204784 131310     cutoff   39       336.92000  312.59415  7.22%  33.3 3705s

 2207452 130659  326.62267   50   32  336.92000  312.67821  7.20%  33.3 3712s

 2209258 130259 infeasible   37       336.92000  312.73582  7.18%  33.3 3716s

 2211000 129855  327.28788   46   63  336.92000  312.79035  7.16%  33.3 3720s

 2213707 129188  314.81575   47   73  336.92000  312.87151  7.14%  33.3 3726s

 2215491 128688     cutoff   41       336.92000  312.92962  7.12%  33.3 3730s

 2218043 127864 infeasible   52       336.92000  313.02497  7.09%  33.3 3736s

 2219808 127365 infeasible   42       336.92000  313.08380  7.07%  33.3 3740s

 2222408 126694     cutoff   49       336.92000  313.17756  7.05%  33.3 3746s

 2224082 126170 infeasible   54       336.92000  313.23721  7.03%  33.2 3750s

 2226653 125394  330.01841   53   17  336.92000  313.32776  7.00%  33.2 3756s

 2228327 124958 infeasible   45       336.92000  313.37371  6.99%  33.2 3760s

 2230917 124286 infeasible   52       336.92000  313.46238  6.96%  33.2 3767s

 2232677 123817  319.90080   57   35  336.92000  313.51350  6.95%  33.2 3771s

 2235101 123090 infeasible   51       336.92000  313.59367  6.92%  33.2 3776s

 2236834 122552  324.24174   32   45  336.92000  313.66333  6.90%  33.2 3780s

 2239352 121729     cutoff   65       336.92000  313.75520  6.88%  33.2 3786s

 2241148 121191     cutoff   38       336.92000  313.82178  6.86%  33.2 3791s

 2242841 120686 infeasible   52       336.92000  313.88783  6.84%  33.2 3795s

 2245570 120004     cutoff   46       336.92000  313.97741  6.81%  33.2 3801s

 2247027 119537 infeasible   50       336.92000  314.02568  6.80%  33.2 3805s

 2249630 118753  319.74512   43   61  336.92000  314.11503  6.77%  33.2 3811s

 2251419 118211     cutoff   55       336.92000  314.17628  6.75%  33.2 3815s

 2254006 117439  326.24712   49   56  336.92000  314.27165  6.72%  33.2 3821s

 2255606 116872 infeasible   34       336.92000  314.33592  6.70%  33.2 3825s

 2258298 116083 infeasible   57       336.92000  314.43126  6.67%  33.2 3832s

 2260064 115574  334.45176   44   63  336.92000  314.49782  6.66%  33.2 3836s

 2261825 115064     cutoff   49       336.92000  314.55982  6.64%  33.2 3840s

 2264396 114173  319.57400   50   49  336.92000  314.66054  6.61%  33.2 3846s

 2267031 113400     cutoff   53       336.92000  314.75217  6.58%  33.2 3852s

 2268765 112795     cutoff   46       336.92000  314.81773  6.56%  33.1 3856s

 2271269 112020     cutoff   52       336.92000  314.92272  6.53%  33.1 3861s

 2272907 111545     cutoff   42       336.92000  314.98902  6.51%  33.1 3865s

 2275458 110704  318.66575   45   62  336.92000  315.08000  6.48%  33.1 3871s

 2277199 110175  323.33247   43   49  336.92000  315.14670  6.46%  33.1 3876s

 2278893 109661  325.60701   49   33  336.92000  315.21000  6.44%  33.1 3880s

 2281584 108921  320.87703   61   70  336.92000  315.31667  6.41%  33.1 3886s

 2283046 108414 infeasible   47       336.92000  315.36677  6.40%  33.1 3890s

 2285576 107619 infeasible   41       336.92000  315.44957  6.37%  33.1 3896s

 2287258 106970 infeasible   46       336.92000  315.52704  6.35%  33.1 3900s

 2289948 106146     cutoff   89       336.92000  315.63445  6.32%  33.1 3906s

 2291782 105576     cutoff   50       336.92000  315.68823  6.30%  33.1 3911s

 2293542 105081  330.81049   60   42  336.92000  315.75589  6.28%  33.1 3915s

 2296203 104175  324.72801   57   43  336.92000  315.87165  6.25%  33.1 3921s

 2297928 103597     cutoff   51       336.92000  315.93808  6.23%  33.1 3925s

 2300511 102748  333.73971   47   70  336.92000  316.04567  6.20%  33.1 3931s

 2302273 102163     cutoff   46       336.92000  316.11319  6.18%  33.1 3935s

 2304845 101183     cutoff   45       336.92000  316.21554  6.15%  33.1 3941s

 2306421 100569 infeasible   49       336.92000  316.29347  6.12%  33.1 3945s

 2309028 99627  326.18591   43   65  336.92000  316.39347  6.09%  33.0 3951s

 2310741 99022 infeasible   40       336.92000  316.46998  6.07%  33.0 3955s

 2313246 98151 infeasible   44       336.92000  316.56736  6.04%  33.0 3961s

 2314938 97576     cutoff   48       336.92000  316.63105  6.02%  33.0 3965s

 2317576 96567 infeasible   52       336.92000  316.74419  5.99%  33.0 3971s

 2319388 95907 infeasible   40       336.92000  316.82155  5.97%  33.0 3975s

 2321974 94943     cutoff   57       336.92000  316.93594  5.93%  33.0 3981s

 2323752 94374  333.38318   42   44  336.92000  317.01000  5.91%  33.0 3985s

 2326290 93350  327.62267   60   37  336.92000  317.12791  5.87%  33.0 3991s

 2327958 92702     cutoff   47       336.92000  317.21057  5.85%  33.0 3995s

 2330620 91760     cutoff   34       336.92000  317.31190  5.82%  33.0 4001s

 2332356 91098  322.61433   47   56  336.92000  317.39383  5.80%  33.0 4005s

 2334960 90136     cutoff   44       336.92000  317.51389  5.76%  33.0 4011s

 2336689 89541  329.84867   61   54  336.92000  317.58173  5.74%  33.0 4015s

 2339282 88684  328.03625   39   44  336.92000  317.69572  5.71%  33.0 4021s

 2341026 88057     cutoff   63       336.92000  317.77678  5.68%  33.0 4025s

 2343692 87040     cutoff   44       336.92000  317.89761  5.65%  33.0 4031s

 2345257 86354     cutoff   49       336.92000  317.97391  5.62%  32.9 4035s

 2347892 85315     cutoff   36       336.92000  318.09500  5.59%  32.9 4041s

 2349602 84665  324.10742   52   79  336.92000  318.17500  5.56%  32.9 4045s

 2352168 83625     cutoff   40       336.92000  318.30805  5.52%  32.9 4051s

 2353979 82952     cutoff   36       336.92000  318.39460  5.50%  32.9 4055s

 2356478 81996  321.18046   42   46  336.92000  318.50195  5.47%  32.9 4061s

 2358253 81334  322.13743   40   30  336.92000  318.58969  5.44%  32.9 4065s

 2360970 80290 infeasible   68       336.92000  318.70706  5.41%  32.9 4071s

 2362619 79669     cutoff   53       336.92000  318.80217  5.38%  32.9 4075s

 2365209 78559  333.78000   44   94  336.92000  318.92889  5.34%  32.9 4080s

 2367780 77539     cutoff   54       336.92000  319.05815  5.30%  32.9 4086s

 2369477 76832 infeasible   66       336.92000  319.13025  5.28%  32.9 4090s

 2372131 75849  335.64408   50   55  336.92000  319.25634  5.24%  32.9 4096s

 2373923 75168  321.29092   50   49  336.92000  319.33565  5.22%  32.9 4100s

H2374891 75044                     336.9199987  319.37707  5.21%  32.9 4102s

 2376035 74336  330.81407   55   88  336.92000  319.44083  5.19%  32.9 4106s

 2377681 73537     cutoff   45       336.92000  319.53409  5.16%  32.9 4110s

 2380411 72552  322.90037   68   34  336.92000  319.65575  5.12%  32.8 4116s

 2382171 71901  332.32704   56   34  336.92000  319.74321  5.10%  32.8 4120s

 2384949 70699     cutoff   41       336.92000  319.89160  5.05%  32.8 4126s

 2386629 70041     cutoff   42       336.92000  319.98642  5.03%  32.8 4130s

 2389315 68898 infeasible   52       336.92000  320.12938  4.98%  32.8 4136s

 2391953 67751     cutoff   41       336.92000  320.26050  4.94%  32.8 4142s

 2393752 67047  321.89222   51   47  336.92000  320.35575  4.92%  32.8 4146s

 2396337 65838  333.80548   47   55  336.92000  320.51473  4.87%  32.8 4151s

 2398019 65149  332.07747   53   28  336.92000  320.60533  4.84%  32.8 4155s

 2400588 64034     cutoff   41       336.92000  320.73329  4.80%  32.8 4161s

 2402324 63196     cutoff   38       336.92000  320.84346  4.77%  32.8 4165s

 2404976 62048     cutoff   53       336.92000  320.99324  4.73%  32.8 4171s

 2406648 61306  328.76229   53   49  336.92000  321.09662  4.70%  32.8 4175s

 2409360 60156  334.35958   53   49  336.92000  321.24399  4.65%  32.7 4180s

 2411923 59039  330.89486   53   56  336.92000  321.39609  4.61%  32.7 4186s

 2413759 58264     cutoff   45       336.92000  321.51783  4.57%  32.7 4190s

 2416310 57020  333.96093   50   59  336.92000  321.68407  4.52%  32.7 4196s

 2418901 55837  331.21245   53   21  336.92000  321.84094  4.48%  32.7 4201s

 2420641 54980     cutoff   37       336.92000  321.96280  4.44%  32.7 4205s

 2423339 53840 infeasible   64       336.92000  322.11713  4.39%  32.7 4211s

 2425023 53023  326.76833   39   45  336.92000  322.23120  4.36%  32.7 4215s

 2427711 51795 infeasible   56       336.92000  322.40667  4.31%  32.7 4221s

 2430089 50747     cutoff   46       336.92000  322.54087  4.27%  32.7 4226s

 2431867 49853     cutoff   61       336.92000  322.67788  4.23%  32.7 4230s

 2434522 48587     cutoff   61       336.92000  322.84610  4.18%  32.6 4236s

 2437084 47247 infeasible   46       336.92000  323.03732  4.12%  32.6 4241s

 2438839 46312     cutoff   42       336.92000  323.17772  4.08%  32.6 4245s

 2441370 44946     cutoff   50       336.92000  323.36683  4.02%  32.6 4250s

 2443938 43562 infeasible   42       336.92000  323.57946  3.96%  32.6 4256s

 2446433 42629  327.00038   51   30  336.92000  323.72384  3.92%  32.6 4260s

 2448413 41296     cutoff   54       336.92000  323.90710  3.86%  32.6 4265s

 2451025 39934     cutoff   62       336.92000  324.15631  3.79%  32.6 4270s

 2453457 38468  329.67663   49   39  336.92000  324.37350  3.72%  32.6 4276s

 2456104 37026     cutoff   46       336.92000  324.61943  3.65%  32.6 4281s

 2457852 36072     cutoff   48       336.92000  324.77771  3.60%  32.6 4285s

 2460509 34664  327.24869   41   69  336.92000  325.00584  3.54%  32.5 4291s

 2463145 33333  336.30013   51   44  336.92000  325.26112  3.46%  32.5 4296s

 2464809 32288     cutoff   61       336.92000  325.42766  3.41%  32.5 4300s

 2467428 30699  332.38204   41   51  336.92000  325.71217  3.33%  32.5 4305s

 2470119 29063     cutoff   33       336.92000  326.02700  3.23%  32.5 4310s

 2472812 27386 infeasible   48       336.92000  326.33407  3.14%  32.5 4316s

 2475475 25714     cutoff   74       336.92000  326.64185  3.05%  32.5 4321s

 2477186 24665     cutoff   39       336.92000  326.87856  2.98%  32.5 4325s

 2479796 22994  336.32493   51   75  336.92000  327.20865  2.88%  32.5 4330s

 2482489 21293     cutoff   55       336.92000  327.57130  2.77%  32.4 4336s

 2485238 19438 infeasible   67       336.92000  328.02389  2.64%  32.4 4341s

 2487953 17642 infeasible   49       336.92000  328.47005  2.51%  32.4 4346s

 2490583 15816  332.44756   42   59  336.92000  328.92333  2.37%  32.4 4351s

 2492425 14488 infeasible   47       336.92000  329.25213  2.28%  32.4 4355s

 2496045 11664     cutoff   33       336.92000  330.02250  2.05%  32.4 4361s

 2498841  9457     cutoff   39       336.92000  330.76500  1.83%  32.3 4365s

 2501712  7118     cutoff   52       336.92000  331.54800  1.59%  32.3 4370s

 2505020  4595 infeasible   49       336.92000  332.76546  1.23%  32.3 4375s

 2508772   623 infeasible   52       336.92000  335.22196  0.50%  32.3 4381s



Cutting planes:

  Learned: 23

  Gomory: 63

  Lift-and-project: 30

  Cover: 353

  Implied bound: 259

  Projected implied bound: 34

  Clique: 277

  MIR: 643

  Mixing: 256

  StrongCG: 2

  Flow cover: 1546

  GUB cover: 6

  Inf proof: 179

  Zero half: 1770

  RLT: 77

  Relax-and-lift: 819



Explored 2510515 nodes (80927412 simplex iterations) in 4382.62 seconds (3053.47 work units)

Thread count was 16 (of 16 available processors)



Solution count 10: 336.92 336.92 336.92 ... 401.81



Optimal solution found (tolerance 1.00e-04)

Best objective 3.369200000000e+02, best bound 3.369199986759e+02, gap 0.0000%



AMPL MP initial flat model has 1537 variables (0 integer, 1494 binary);

Objectives: 1 quadratic; 

Constraints:  661 linear; 10 quadratic;



AMPL MP final model has 1537 variables (0 integer, 1494 binary);

Objectives: 1 quadratic; 

Constraints:  661 linear; 10 quadratic;





-----RESULTS INFO-----
running_time:  4382.968
TC.best_bound:  336.9199986758617
TC:  336.92
MIP Gap (%):  3.9301268506828504e-07
=== Vehicle Routes ===
Vehicle 1: 0  1
Vehicle 1: 1  2
Vehicle 1: 2  19
Vehicle 1: 6  26
Vehicle 1: 19  6
Vehicle 2: 0  3
Vehicle 2: 3  4
Vehicle 2: 4  5
Vehicle 2: 5  22
Vehicle 2: 22  26
Vehicle 3: 0  23
Vehicle 3: 23  26
Vehicle 4: 0  26

=== Full Vehicle Routes ===
Vehicle 1: 0  1  2  19  6  0 (100<100)
Vehicle 2: 0  3  4  5  22  0 (100<100)
Vehicle 3: 0  23  0 (36<100)
Vehicle 4: 0  0 (0<100)
Arc used by MRT line: y variables:
MRT used: 19  20
MRT used: 22  21
MRT used: 23  24
Customer assigment to PL: u variables:
7 22
8 24
9 22
10 19
11 21
12 21
13 24
14 24
15 20
16 24
17 19
18 19
Node is served by regular vehicle: g variables:
1
2
3
4
5
6
19
22
23
Customer assigment to Home delivery: gm variables:
1
2
3
4
5
6
Node total demands: ntd variables:
1 13 1
2 12 1
3 13 1
4 12 1
5 13 1
6 12 1
13 0 0
14 0 0
15 0 0
16 0 0
17 0 0
18 0 0
25 0 0
19 63 1
20 0 0
21 0 0
22 62 1
23 36 1
24 0 0
Customer's demand delivered to PL: l variables:
7
8
9
10
11
12
13
14
15
16
17
18
Lockers load <= capacity:
0 <= 78
59 <= 77
4 <= 81
30 <= 92
32 <= 93
0 <= 72
36 <= 97
