Gurobi 12.0.3:   lim:time = 14400

  mip:bestbound = 1

Set parameter LogToConsole to value 1

  tech:outlev = 1

Set parameter Cuts to value 3

  cut:cuts = 3

Set parameter Presolve to value 2

  pre:solve = 2

Set parameter MIPFocus to value 2

  mip:focus = 2

Set parameter Symmetry to value 2

  mip:symmetry = 2

Set parameter InfUnbdInfo to value 1

Gurobi Optimizer version 12.0.3 build v12.0.3rc0 (win64 - Windows 11+.0 (26200.2))



CPU model: 13th Gen Intel(R) Core(TM) i7-13700K, instruction set [SSE2|AVX|AVX2]

Thread count: 16 physical cores, 24 logical processors, using up to 24 threads



Non-default parameters:

TimeLimit  14400

MIPFocus  2

Symmetry  2

Cuts  3

InfUnbdInfo  1

Presolve  2



Optimize a model with 513 rows, 1102 columns and 6396 nonzeros

Model fingerprint: 0x6b8d8259

Model has 4 quadratic constraints

Variable types: 40 continuous, 1062 integer (0 binary)

Coefficient statistics:

  Matrix range     [1e+00, 1e+05]

  QMatrix range    [1e+00, 1e+00]

  QLMatrix range   [1e+01, 2e+01]

  Objective range  [3e+00, 1e+02]

  Bounds range     [1e+00, 1e+02]

  RHS range        [1e+00, 1e+05]

  QRHS range       [1e+02, 1e+02]

Presolve removed 52 rows and 97 columns

Presolve time: 0.32s

Presolved: 1153 rows, 1693 columns, 10024 nonzeros

Variable types: 16 continuous, 1677 integer (1321 binary)

Root relaxation presolve removed 20 rows and 1 columns

Root relaxation presolved: 789 rows, 1349 columns, 14510 nonzeros





Root relaxation: objective 1.255521e+02, 304 iterations, 0.04 seconds (0.02 work units)



    Nodes    |    Current Node    |     Objective Bounds      |     Work

 Expl Unexpl |  Obj  Depth IntInf | Incumbent    BestBd   Gap | It/Node Time



     0     0  125.55211    0   65          -  125.55211      -     -    0s

H    0     0                     702.3200000  125.55211  82.1%     -    0s

H    0     0                     530.3100000  125.94292  76.3%     -    0s

     0     0  246.48000    0   41  530.31000  246.48000  53.5%     -    0s

     0     0  255.23636    0   41  530.31000  255.23636  51.9%     -    0s

     0     0  255.23636    0   38  530.31000  255.23636  51.9%     -    0s

     0     0  257.23273    0   51  530.31000  257.23273  51.5%     -    1s

     0     0  257.81818    0  113  530.31000  257.81818  51.4%     -    1s

H    0     0                     529.1200000  283.24271  46.5%     -    1s

H    0     0                     523.1400000  283.24271  45.9%     -    1s

H    0     0                     519.2200000  283.24271  45.4%     -    1s

     0     0  283.24271    0   43  519.22000  283.24271  45.4%     -    1s

     0     0  283.24271    0   43  519.22000  283.24271  45.4%     -    1s

     0     2  283.24271    0   43  519.22000  283.24271  45.4%     -    1s

H   39    43                     515.3700000  287.87174  44.1%  56.1    2s

H  130   175                     493.7600000  291.35241  41.0%  40.1    2s

H  194   192                     487.3500000  291.35241  40.2%  36.8    2s

H  217   213                     485.8000000  291.35241  40.0%  34.9    2s

H  225   213                     483.3300000  291.35241  39.7%  34.4    2s

H  240   213                     463.7700000  291.35241  37.2%  33.8    2s

H 1326   870                     463.5600000  296.23375  36.1%  24.2    3s

  3069  1910  353.68271   40  137  463.56000  298.61556  35.6%  22.1    5s

H 3077  1818                     462.6100000  298.61556  35.4%  22.1    5s

  3202  1936  302.44444   18  111  462.61000  300.80949  35.0%  24.4   10s

 15521  7175  323.42833   18   38  462.61000  314.63500  32.0%  20.4   15s

 27922 13064  448.76803   39   36  462.61000  318.72552  31.1%  19.7   20s

 41348 18552  447.79750   47   53  462.61000  322.03547  30.4%  19.6   25s

 51592 22493  424.55049   29   23  462.61000  324.27200  29.9%  19.6   30s

 62732 26708  419.21730   50   38  462.61000  326.83297  29.4%  19.7   35s

 75283 31395  379.87500   30   26  462.61000  329.33995  28.8%  19.7   40s

 86321 34658  389.78296   38   42  462.61000  331.01331  28.4%  19.6   45s

 96844 38199  346.19346   29   73  462.61000  332.42427  28.1%  19.7   51s

 102656 39919  435.20929   42   17  462.61000  333.10240  28.0%  19.7   55s

 109691 42544  362.26000   28   29  462.61000  334.20718  27.8%  19.7   60s

 117807 45015  378.36167   24   54  462.61000  335.25657  27.5%  19.7   66s

 125753 47624  347.61549   38   93  462.61000  336.07974  27.4%  19.7   71s

 130229 49181     cutoff   46       462.61000  336.60076  27.2%  19.7   75s

 137745 51665  339.53886   30   29  462.61000  337.50555  27.0%  19.7   80s

*143314 52961              46     459.9700000  338.11197  26.5%  19.8   84s

*143315 52715              46     456.5300000  338.11197  25.9%  19.8   84s

 145605 53339  348.85375   45   54  456.53000  338.35071  25.9%  19.7   86s

H145703 53124                     453.9200000  338.35071  25.5%  19.7   86s

H145753 52682                     449.2800000  338.35071  24.7%  19.7   86s

 152307 54644 infeasible   40       449.28000  339.13479  24.5%  19.7   91s

H153220 54484                     447.9100000  339.15550  24.3%  19.7   91s

 157106 55880 infeasible   32       447.91000  339.61542  24.2%  19.8   95s

 167160 58552  362.65506   41   17  447.91000  340.65746  23.9%  19.8  101s

 172650 59897  374.06599   38   28  447.91000  341.15727  23.8%  19.8  105s

 180285 62048  417.19460   32   39  447.91000  342.09102  23.6%  19.8  110s

 187410 64182  354.84022   33   65  447.91000  342.85973  23.5%  19.8  116s

 192587 65646  366.56757   37   53  447.91000  343.30162  23.4%  19.8  120s

 200526 67452  350.94854   45   40  447.91000  344.01500  23.2%  19.8  126s

H201330 66984                     445.4900000  344.01500  22.8%  19.8  126s

 203262 67879  356.82475   27   43  445.49000  344.16311  22.7%  19.8  130s

 209301 69496  407.62141   36   63  445.49000  344.84444  22.6%  19.8  136s

 213829 70712  423.05167   41   40  445.49000  345.21000  22.5%  19.8  140s

 221841 72624  422.27816   44   53  445.49000  345.99778  22.3%  19.9  146s

 227441 73902     cutoff   25       445.49000  346.53072  22.2%  19.9  151s

 233056 75104  370.73800   41   46  445.49000  346.98941  22.1%  19.9  156s

 237366 76305  374.93003   50   36  445.49000  347.38067  22.0%  19.9  161s

 243635 77538  392.98270   36   58  445.49000  347.93719  21.9%  20.0  166s

 248842 78843 infeasible   42       445.49000  348.38692  21.8%  20.0  171s

 254014 79953 infeasible   42       445.49000  348.74935  21.7%  20.0  176s

 259138 81225  371.02357   26   42  445.49000  349.12913  21.6%  20.0  182s

 264014 82345  385.07169   30   91  445.49000  349.55175  21.5%  20.0  187s

 266276 82965 infeasible   33       445.49000  349.70333  21.5%  20.0  190s

 269498 83387 infeasible   38       445.49000  349.98774  21.4%  20.1  195s

 273411 84675  419.15400   41   33  445.49000  350.10667  21.4%  20.1  201s

 276298 85127 infeasible   31       445.49000  350.55831  21.3%  20.1  205s

 282136 86419  418.28667   43   46  445.49000  350.99100  21.2%  20.1  212s

 284782 87046 infeasible   37       445.49000  351.21008  21.2%  20.1  215s

 289916 88073  377.08792   41   47  445.49000  351.57750  21.1%  20.1  221s

 295417 89208  397.19423   47   39  445.49000  351.99481  21.0%  20.1  227s

 297897 89764  398.75893   44   52  445.49000  352.19747  20.9%  20.1  230s

 302837 90827  360.73449   43   75  445.49000  352.52608  20.9%  20.1  236s

 305476 91563  360.63314   43   24  445.49000  352.74917  20.8%  20.1  240s

 310775 92576  353.71861   33   50  445.49000  353.09408  20.7%  20.1  246s

 313504 93071  386.52791   35   31  445.49000  353.33250  20.7%  20.1  250s

 318537 94297  356.49948   37   49  445.49000  353.70730  20.6%  20.2  256s

 323827 95451  368.64624   43   33  445.49000  354.03448  20.5%  20.2  262s

 326478 95930  397.91395   34   45  445.49000  354.26455  20.5%  20.2  265s

 332233 97121  418.19206   35   42  445.49000  354.62841  20.4%  20.1  270s

 337396 98190 infeasible   36       445.49000  354.96278  20.3%  20.1  276s

 342364 99183  394.18134   37   41  445.49000  355.30444  20.2%  20.1  282s

 344696 99770 infeasible   44       445.49000  355.47321  20.2%  20.1  286s

 349846 100735  372.42426   42   47  445.49000  355.79185  20.1%  20.1  292s

 352560 101437  402.49285   31   51  445.49000  355.96856  20.1%  20.1  295s

 357605 102489  406.17946   38   27  445.49000  356.28516  20.0%  20.1  302s

 360271 102909  421.20900   41   65  445.49000  356.43925  20.0%  20.1  306s

 365499 103784  361.56922   37   60  445.49000  356.77071  19.9%  20.1  313s

 367867 104279  379.54543   47   67  445.49000  356.88508  19.9%  20.1  316s

 370583 104749  379.14286   31   43  445.49000  357.04303  19.9%  20.1  320s

 375532 105750  400.85058   38   55  445.49000  357.33298  19.8%  20.1  326s

 377909 106214  390.96500   26   43  445.49000  357.49592  19.8%  20.1  330s

 380778 106562  427.25000   43   26  445.49000  357.71167  19.7%  20.1  335s

 384951 107786     cutoff   41       445.49000  357.97691  19.6%  20.1  343s

 387993 108294  374.17403   36   63  445.49000  358.10954  19.6%  20.1  346s

 393123 109204  360.55347   40   44  445.49000  358.44525  19.5%  20.1  353s

 395523 109674  402.86622   31   43  445.49000  358.57507  19.5%  20.1  356s

 400919 110669  377.93704   39   45  445.49000  358.88922  19.4%  20.1  362s

 403534 111139  413.60930   35   61  445.49000  359.02120  19.4%  20.1  366s

 408771 112043  367.38246   32   16  445.49000  359.29177  19.3%  20.1  373s

 411020 112469  366.94312   45   64  445.49000  359.43417  19.3%  20.0  377s

 413964 112926  400.85102   30   36  445.49000  359.57531  19.3%  20.0  380s

 418934 113801  412.41000   34   74  445.49000  359.88500  19.2%  20.0  387s

 421230 114343  433.44894   40   72  445.49000  360.02642  19.2%  20.0  390s

 426114 115261  384.56217   28   55  445.49000  360.29000  19.1%  20.0  397s

 428805 115862  362.18750   26   50  445.49000  360.44794  19.1%  20.0  400s

 431539 116324  367.55393   42   45  445.49000  360.56853  19.1%  20.0  405s

 436827 117289  396.59583   37   39  445.49000  360.82847  19.0%  20.0  414s

 439290 117496  390.10239   46   34  445.49000  360.95227  19.0%  20.0  417s

 440466 118008     cutoff   41       445.49000  361.02612  19.0%  20.0  421s

 443204 118495  390.74951   36   25  445.49000  361.14752  18.9%  20.0  425s

 448216 119403  422.16988   43   39  445.49000  361.44376  18.9%  20.0  432s

 450476 119974  383.50363   45   44  445.49000  361.55363  18.8%  20.0  436s

 453317 120303 infeasible   33       445.49000  361.71224  18.8%  20.0  440s

 458444 121239  419.85810   42   24  445.49000  362.00000  18.7%  20.0  448s

 460931 121691  400.33149   24   26  445.49000  362.10778  18.7%  20.0  452s

 463651 122167  408.16162   39   42  445.49000  362.22000  18.7%  20.0  455s

 468644 123036  386.21768   38   58  445.49000  362.42705  18.6%  20.0  460s

 473746 124172  406.38832   48   37  445.49000  362.66178  18.6%  19.9  465s

 479020 125115  415.08887   26   43  445.49000  362.96000  18.5%  19.9  470s

 484152 125930 infeasible   29       445.49000  363.22167  18.5%  19.9  475s

 489186 126735  416.17792   25   37  445.49000  363.43995  18.4%  19.9  480s

 494280 127548  403.03169   38   35  445.49000  363.69715  18.4%  20.0  485s

 501633 128754  415.73772   27   40  445.49000  364.04500  18.3%  19.9  491s

 506859 129481  381.52628   29   47  445.49000  364.26042  18.2%  19.9  496s

 512158 130315  381.67168   42   63  445.49000  364.50365  18.2%  19.9  500s

 517213 131235  433.51493   52   26  445.49000  364.74899  18.1%  19.9  505s

 522152 132047  398.01138   40   51  445.49000  365.01455  18.1%  19.9  510s

 527404 132786  434.22259   47   36  445.49000  365.24650  18.0%  19.9  515s

 532523 133674  439.43200   41   32  445.49000  365.49130  18.0%  19.9  520s

 537699 134453  443.76571   48   17  445.49000  365.74550  17.9%  19.9  525s

 542871 135289  396.88279   42   18  445.49000  365.98907  17.8%  19.9  530s

 550569 136457  389.36013   22   23  445.49000  366.31133  17.8%  19.9  536s

 555561 137108  367.11000   48   42  445.49000  366.55797  17.7%  19.9  541s

 560752 137958 infeasible   44       445.49000  366.77800  17.7%  19.9  545s

 565856 138624     cutoff   47       445.49000  366.97984  17.6%  19.9  550s

 571164 139391  408.84200   50   57  445.49000  367.21184  17.6%  19.9  555s

 576018 140205  416.25776   47   38  445.49000  367.44828  17.5%  19.9  560s

 581324 140873     cutoff   37       445.49000  367.67897  17.5%  19.9  565s

 588960 142076  401.29853   50   43  445.49000  368.02429  17.4%  19.9  571s

 591767 142410 infeasible   34       445.49000  368.16000  17.4%  19.8  575s

 597051 143076  372.64947   42   64  445.49000  368.40365  17.3%  19.8  581s

 602191 143646  431.27111   54   29  445.49000  368.64250  17.3%  19.8  586s

 606532 144524  437.22941   40   52  445.49000  368.82204  17.2%  19.8  591s

 612110 145247  436.60942   34   25  445.49000  369.06310  17.2%  19.8  596s

 617252 146087     cutoff   31       445.49000  369.28055  17.1%  19.8  601s

 622577 146746  432.21849   42   29  445.49000  369.50200  17.1%  19.8  606s

 627396 147320 infeasible   40       445.49000  369.70317  17.0%  19.8  612s

 632538 148135  437.41848   38   25  445.49000  369.90172  17.0%  19.8  616s

 637818 148847  438.89612   26   79  445.49000  370.15500  16.9%  19.8  621s

 642971 149657  419.54509   36   67  445.49000  370.33895  16.9%  19.8  627s

 647999 150225  393.82841   50   32  445.49000  370.54763  16.8%  19.8  632s

 649929 150625  385.37667   45   50  445.49000  370.61125  16.8%  19.8  635s

 655278 151224     cutoff   44       445.49000  370.85286  16.8%  19.8  640s

 660677 151820  413.80800   36   40  445.49000  371.05685  16.7%  19.8  645s

 666176 152514  418.63677   54   37  445.49000  371.27196  16.7%  19.8  651s

 671613 153234     cutoff   43       445.49000  371.47158  16.6%  19.8  656s

 676206 153800  394.71225   44   62  445.49000  371.67500  16.6%  19.8  660s

 681530 154517     cutoff   47       445.49000  371.85143  16.5%  19.8  665s

 686670 155151  433.37311   52   36  445.49000  372.07092  16.5%  19.8  670s

 691188 155619  374.16184   34   58  445.49000  372.26461  16.4%  19.8  676s

 695547 156043  406.62574   42   33  445.49000  372.46250  16.4%  19.8  681s

 699101 156428  402.59675   39   26  445.49000  372.61244  16.4%  19.8  687s

 703474 157102  389.38250   52   31  445.49000  372.82000  16.3%  19.8  692s

 706207 157385 infeasible   61       445.49000  372.91231  16.3%  19.8  695s

 711698 157953  389.03891   39   62  445.49000  373.15042  16.2%  19.8  702s

 714170 158266  410.99405   37   38  445.49000  373.24127  16.2%  19.8  705s

 718965 158901  374.72269   33   52  445.49000  373.47813  16.2%  19.8  711s

 723644 159136  421.40617   47   48  445.49000  373.59218  16.1%  19.8  715s

 726730 159620  387.16400   26   51  445.49000  373.79240  16.1%  19.8  721s

 731091 160025  409.86000   39   31  445.49000  373.97108  16.1%  19.8  726s

 733524 160228  395.15141   41   72  445.49000  374.04712  16.0%  19.8  730s

 738696 160696     cutoff   34       445.49000  374.25000  16.0%  19.8  736s

 743725 161103  377.28302   26   56  445.49000  374.47833  15.9%  19.8  742s

 745708 161404  396.66932   36   27  445.49000  374.55848  15.9%  19.8  746s

 751211 161984  397.99654   37   59  445.49000  374.76021  15.9%  19.8  752s

 754172 162203  408.40550   49   70  445.49000  374.87455  15.9%  19.8  755s

 758451 162721  398.54207   40   52  445.49000  375.03735  15.8%  19.8  762s

 761584 162994 infeasible   43       445.49000  375.16476  15.8%  19.8  765s

 766758 163518  385.50113   34   38  445.49000  375.36632  15.7%  19.9  772s

 769335 163901  403.51833   47   43  445.49000  375.49770  15.7%  19.9  776s

 774739 164503  380.47783   54   48  445.49000  375.68220  15.7%  19.9  783s

 777478 164749  428.90526   34   43  445.49000  375.78896  15.6%  19.9  787s

 781413 165147 infeasible   47       445.49000  375.94000  15.6%  19.9  792s

 784529 165510  424.20233   36   33  445.49000  376.02770  15.6%  19.9  796s

 787197 165748 infeasible   37       445.49000  376.13500  15.6%  19.9  800s

 792905 166334  423.45733   46   60  445.49000  376.34483  15.5%  19.9  807s

 795519 166681  395.02268   37   27  445.49000  376.44488  15.5%  19.9  811s

 798137 166962 infeasible   40       445.49000  376.53423  15.5%  19.9  815s

 803050 167449  444.63332   53   22  445.49000  376.74000  15.4%  19.9  821s

 807794 167926 infeasible   51       445.49000  376.94123  15.4%  19.9  827s

 810130 168152  423.32000   42   24  445.49000  377.02057  15.4%  19.9  830s

 815366 168550  411.84143   39   54  445.49000  377.20021  15.3%  19.9  836s

 820006 169053 infeasible   38       445.49000  377.38952  15.3%  19.9  843s

 822519 169215     cutoff   42       445.49000  377.48748  15.3%  19.9  846s

 827689 169661     cutoff   38       445.49000  377.68421  15.2%  19.9  852s

 830380 169892  383.87372   36   47  445.49000  377.80797  15.2%  19.9  856s

 835154 170264  444.38042   42   36  445.49000  377.98132  15.2%  19.9  861s

 839897 170691  384.99811   46   42  445.49000  378.16397  15.1%  19.9  866s

 844461 171185  408.27246   33   49  445.49000  378.33941  15.1%  19.9  873s

 847273 171441  384.34951   37   46  445.49000  378.42667  15.1%  19.9  876s

 852612 171885  436.97874   49   39  445.49000  378.60500  15.0%  19.9  882s

 854817 172117  438.51716   49   10  445.49000  378.68475  15.0%  19.9  886s

 859956 172497 infeasible   41       445.49000  378.87030  15.0%  19.9  892s

 861827 172628  421.52000   39   36  445.49000  378.93256  14.9%  19.9  895s

 866540 173058  411.59889   36   37  445.49000  379.09750  14.9%  19.9  901s

 869381 173308     cutoff   38       445.49000  379.19210  14.9%  19.9  905s

 874977 173728 infeasible   34       445.49000  379.41945  14.8%  19.9  912s

 877971 174016     cutoff   32       445.49000  379.54313  14.8%  19.9  915s

 883046 174405  426.40833   50   33  445.49000  379.71395  14.8%  19.9  921s

 887707 174796  387.72313   44   61  445.49000  379.85754  14.7%  19.9  927s

 892233 175101  383.15604   38   45  445.49000  380.02687  14.7%  19.9  933s

 894717 175355 infeasible   43       445.49000  380.13252  14.7%  19.9  936s

 897795 175683  413.09333   33   33  445.49000  380.21875  14.7%  19.9  940s

 903379 176132 infeasible   42       445.49000  380.43581  14.6%  19.9  946s

 905862 176258 infeasible   39       445.49000  380.51345  14.6%  19.9  950s

 910990 176669  405.54423   36   43  445.49000  380.72000  14.5%  19.9  956s

 915481 177149  414.35000   42   44  445.49000  380.87000  14.5%  19.9  963s

 918036 177354     cutoff   45       445.49000  380.95444  14.5%  19.9  966s

 923265 177743  401.62128   44   37  445.49000  381.13418  14.4%  19.9  973s

 925770 177931  389.97583   56   54  445.49000  381.24817  14.4%  19.9  976s

 928525 178131 infeasible   42       445.49000  381.34563  14.4%  19.9  980s

 933476 178466  395.61783   42   41  445.49000  381.50500  14.4%  19.9  987s

 937995 178815 infeasible   34       445.49000  381.65985  14.3%  19.9  993s

 940841 178877 infeasible   42       445.49000  381.75853  14.3%  19.9  996s

 945465 179201 infeasible   57       445.49000  381.92447  14.3%  19.9 1002s

 948427 179389  422.43419   41   27  445.49000  382.02917  14.2%  19.9 1005s

 953433 179577  435.09078   37   15  445.49000  382.19250  14.2%  19.9 1010s

 957866 180011 infeasible   50       445.49000  382.34687  14.2%  19.9 1017s

 962094 180205  425.01000   41   23  445.49000  382.47000  14.1%  19.9 1022s

 963890 180298  388.46378   45   60  445.49000  382.55955  14.1%  19.9 1025s

 969193 180640 infeasible   31       445.49000  382.71997  14.1%  19.9 1032s

 972238 180790 infeasible   54       445.49000  382.81400  14.1%  19.9 1035s

 977461 181003  414.45778   52   77  445.49000  382.99619  14.0%  20.0 1041s

 982617 181298  386.62053   47   60  445.49000  383.19647  14.0%  20.0 1046s

 984764 181440  423.32320   41   50  445.49000  383.28952  14.0%  20.0 1050s

 989526 181640  423.73097   47   57  445.49000  383.45985  13.9%  20.0 1055s

 994010 181772     cutoff   37       445.49000  383.59542  13.9%  20.0 1061s

 999120 182106     cutoff   51       445.49000  383.75438  13.9%  20.0 1067s

 1001974 182195  424.75953   35   48  445.49000  383.84732  13.8%  20.0 1070s

 1007078 182498  427.26381   43   29  445.49000  384.01413  13.8%  20.0 1076s

 1012316 182742     cutoff   44       445.49000  384.20161  13.8%  20.0 1082s

 1014511 182875  395.13800   49   81  445.49000  384.26774  13.7%  20.0 1085s

 1019197 183075     cutoff   44       445.49000  384.43541  13.7%  20.0 1091s

 1024395 183230  442.33174   40   34  445.49000  384.60136  13.7%  20.0 1097s

 1026933 183314 infeasible   60       445.49000  384.67629  13.7%  20.0 1100s

 1031616 183545  410.58601   32   32  445.49000  384.82194  13.6%  20.0 1106s

 1036979 183757  409.53182   61   49  445.49000  384.98487  13.6%  20.0 1112s

 1041645 183997  422.69852   41   36  445.49000  385.13663  13.5%  20.0 1117s

 1043783 184135 infeasible   48       445.49000  385.20562  13.5%  20.0 1120s

 1048976 184384  402.10999   38   48  445.49000  385.35000  13.5%  20.0 1126s

 1053778 184580  415.14455   42   40  445.49000  385.51715  13.5%  20.0 1131s

 1058859 184792  439.84968   40   38  445.49000  385.67917  13.4%  20.0 1137s

 1061736 184914 infeasible   34       445.49000  385.77475  13.4%  20.0 1140s

 1066273 185026  434.58500   39   39  445.49000  385.91823  13.4%  20.0 1146s

 1070447 185221  403.62159   38   40  445.49000  386.04424  13.3%  20.0 1151s

 1075820 185447  407.94890   39   57  445.49000  386.20350  13.3%  20.0 1157s

 1080980 185548  391.61483   32   42  445.49000  386.38731  13.3%  20.0 1162s

 1083593 185676  420.38775   36   38  445.49000  386.47154  13.2%  20.0 1165s

 1088864 185937  420.13833   40   37  445.49000  386.64758  13.2%  20.0 1171s

 1093689 185970     cutoff   48       445.49000  386.79195  13.2%  20.0 1176s

 1097825 186106  419.77094   52   73  445.49000  386.93208  13.1%  20.0 1182s

 1101048 186202  402.02100   43   40  445.49000  387.01729  13.1%  20.0 1185s

 1106738 186418 infeasible   43       445.49000  387.21281  13.1%  20.0 1191s

 1111854 186634  397.69947   35   56  445.49000  387.35437  13.0%  20.0 1198s

 1114235 186739  397.62091   54   49  445.49000  387.44333  13.0%  20.0 1201s

 1119731 186809  394.91619   40   57  445.49000  387.59264  13.0%  20.0 1207s

 1122574 186817  401.01703   57   44  445.49000  387.68820  13.0%  20.0 1210s

 1126027 186871  413.35761   43   46  445.49000  387.74479  13.0%  20.0 1218s

 1129026 186878  394.16630   39   38  445.49000  387.81667  12.9%  20.0 1221s

 1132210 186964 infeasible   41       445.49000  387.98000  12.9%  20.0 1225s

 1137370 186997     cutoff   35       445.49000  388.16857  12.9%  20.0 1231s

 1143195 187097  400.67235   39   59  445.49000  388.35630  12.8%  20.0 1237s

 1145143 187150 infeasible   50       445.49000  388.40437  12.8%  20.0 1241s

 1150646 187198  413.85510   38   30  445.49000  388.58373  12.8%  20.0 1247s

 1153043 187252  412.53577   45   33  445.49000  388.65810  12.8%  20.0 1250s

 1157541 187360     cutoff   40       445.49000  388.81335  12.7%  20.0 1256s

 1162754 187358 infeasible   39       445.49000  388.95892  12.7%  20.0 1262s

 1165184 187338  400.48054   39   33  445.49000  389.03434  12.7%  20.0 1266s

 1170485 187591  405.69006   32   23  445.49000  389.19514  12.6%  20.0 1271s

 1175817 187708  396.25670   39   39  445.49000  389.35015  12.6%  20.0 1278s

 1178529 187618     cutoff   45       445.49000  389.42935  12.6%  20.0 1281s

 1183156 187723 infeasible   47       445.49000  389.57581  12.6%  20.0 1286s

 1188339 187704  406.05918   46   18  445.49000  389.73046  12.5%  20.0 1291s

 1193665 187881     cutoff   43       445.49000  389.88864  12.5%  19.9 1296s

 1198981 187934  400.74240   43   34  445.49000  390.05437  12.4%  19.9 1300s

 1204489 187939  415.97240   32   37  445.49000  390.21071  12.4%  19.9 1305s

 1209700 187914  404.68862   42   38  445.49000  390.38026  12.4%  19.9 1310s

 1216827 187984  417.63750   47   36  445.49000  390.57689  12.3%  19.9 1317s

 1222386 188046  426.22290   50   38  445.49000  390.74145  12.3%  19.9 1321s

 1227521 188027  410.47785   37   35  445.49000  390.88427  12.3%  19.9 1326s

 1232979 188159  403.53567   42   57  445.49000  391.03455  12.2%  19.9 1331s

 1238161 188196  416.75857   43   56  445.49000  391.19071  12.2%  19.9 1335s

 1245360 188228  428.82533   35   50  445.49000  391.37926  12.1%  19.9 1341s

 1250665 188275  415.90094   41   31  445.49000  391.52493  12.1%  19.9 1346s

 1255947 188348  421.81925   45   36  445.49000  391.67000  12.1%  19.9 1351s

 1261275 188389  429.80167   41   38  445.49000  391.83571  12.0%  19.9 1355s

 1266492 188334     cutoff   46       445.49000  391.97071  12.0%  19.8 1360s

 1273414 188340     cutoff   30       445.49000  392.18000  12.0%  19.8 1367s

 1276589 188340  420.54431   50   51  445.49000  392.26916  11.9%  19.8 1370s

 1282375 188538  433.72538   49   50  445.49000  392.43800  11.9%  19.8 1375s

 1287913 188570  424.52178   44   24  445.49000  392.58578  11.9%  19.8 1380s

 1293403 188550  426.35800   44   36  445.49000  392.72747  11.8%  19.8 1385s

 1301383 188647  400.61761   50   33  445.49000  392.94193  11.8%  19.8 1392s

 1306195 188618  439.71156   35   61  445.49000  393.06243  11.8%  19.8 1396s

 1311406 188593  426.78625   53   49  445.49000  393.20937  11.7%  19.8 1401s

 1316593 188484     cutoff   53       445.49000  393.34752  11.7%  19.8 1406s

 1321780 188377  417.54618   32   26  445.49000  393.50378  11.7%  19.8 1410s

 1326628 188280 infeasible   38       445.49000  393.62309  11.6%  19.8 1415s

 1333897 188256  432.15233   39   27  445.49000  393.81690  11.6%  19.7 1421s

 1339059 188246     cutoff   31       445.49000  393.95250  11.6%  19.7 1426s

 1344184 188283 infeasible   26       445.49000  394.08929  11.5%  19.7 1431s

 1349502 188197 infeasible   37       445.49000  394.23804  11.5%  19.7 1435s

 1354776 188068  431.74034   37   36  445.49000  394.37545  11.5%  19.7 1440s

 1360189 188001  433.90939   33   33  445.49000  394.50805  11.4%  19.7 1445s

 1367492 187951  395.90684   47   24  445.49000  394.71733  11.4%  19.7 1452s

 1372708 187928  409.15313   36   26  445.49000  394.85791  11.4%  19.7 1456s

 1378078 187928  395.12860   31   39  445.49000  394.97690  11.3%  19.7 1461s

 1382843 187835  433.98823   39   46  445.49000  395.10257  11.3%  19.7 1465s

 1388027 187786 infeasible   41       445.49000  395.25887  11.3%  19.7 1470s

 1393250 187629  397.51979   44   47  445.49000  395.39008  11.2%  19.7 1475s

 1400679 187387  420.78236   47   70  445.49000  395.60500  11.2%  19.6 1482s

 1405816 187302     cutoff   42       445.49000  395.76000  11.2%  19.6 1486s

 1411117 187162  425.11213   38   52  445.49000  395.91452  11.1%  19.6 1491s

 1416333 187051  421.70756   36   23  445.49000  396.05480  11.1%  19.6 1495s

 1421549 186828  397.41556   49   37  445.49000  396.19186  11.1%  19.6 1500s

 1426913 186620  405.76727   50   46  445.49000  396.34178  11.0%  19.6 1505s

 1432267 186438 infeasible   42       445.49000  396.48446  11.0%  19.6 1510s

 1439287 186210     cutoff   35       445.49000  396.67312  11.0%  19.6 1516s

 1444604 186016 infeasible   35       445.49000  396.84525  10.9%  19.6 1521s

 1449920 185883  440.36567   43   60  445.49000  396.98449  10.9%  19.6 1526s

 1455360 185682 infeasible   46       445.49000  397.13207  10.9%  19.6 1531s

 1460277 185534  401.97007   40   62  445.49000  397.27976  10.8%  19.6 1536s

 1465738 185325  397.72156   36   47  445.49000  397.44333  10.8%  19.5 1541s

 1470981 185101     cutoff   42       445.49000  397.57825  10.8%  19.5 1545s

 1476196 184947  408.57269   43   59  445.49000  397.74076  10.7%  19.5 1550s

 1481521 184775     cutoff   38       445.49000  397.88127  10.7%  19.5 1555s

 1489172 184469     cutoff   42       445.49000  398.08429  10.6%  19.5 1561s

 1494011 184199 infeasible   36       445.49000  398.20250  10.6%  19.5 1566s

 1499404 183910     cutoff   48       445.49000  398.35322  10.6%  19.5 1571s

 1504648 183671  419.84573   43   65  445.49000  398.49587  10.5%  19.5 1576s

 1509741 183370  420.43251   63   56  445.49000  398.63082  10.5%  19.5 1580s

 1515052 183079     cutoff   44       445.49000  398.77570  10.5%  19.5 1585s

 1520464 182863  418.87922   39   36  445.49000  398.93657  10.4%  19.5 1590s

 1528296 182457  427.23000   37   32  445.49000  399.15111  10.4%  19.5 1597s

 1533598 182044  419.29000   52   27  445.49000  399.28947  10.4%  19.4 1602s

 1538743 181825     cutoff   43       445.49000  399.43076  10.3%  19.4 1607s

 1543426 181558  415.59033   38   77  445.49000  399.56761  10.3%  19.4 1611s

 1549149 181350  406.86098   42   39  445.49000  399.68896  10.3%  19.4 1616s

 1554809 181078  402.17819   32   57  445.49000  399.83690  10.2%  19.4 1621s

 1560152 180762  417.11500   44   32  445.49000  399.98395  10.2%  19.4 1625s

 1565303 180405  439.03639   44   42  445.49000  400.11892  10.2%  19.4 1630s

 1573174 179964  440.85923   52   25  445.49000  400.33596  10.1%  19.4 1637s

 1578556 179646  435.09250   37   29  445.49000  400.48048  10.1%  19.4 1641s

 1583518 179363  430.41375   33   24  445.49000  400.61546  10.1%  19.4 1646s

 1588548 179045 infeasible   55       445.49000  400.75471  10.0%  19.4 1651s

 1593873 178613     cutoff   42       445.49000  400.90870  10.0%  19.4 1655s

 1597415 178341     cutoff   40       445.49000  401.00458  10.0%  19.4 1660s

 1603361 177884  414.74217   57   40  445.49000  401.15612  10.0%  19.3 1665s

 1611734 177208  418.99036   51   41  445.49000  401.40000  9.90%  19.3 1672s

 1617070 176874  419.95857   43   41  445.49000  401.53626  9.87%  19.3 1677s

 1621526 176533     cutoff   50       445.49000  401.63274  9.84%  19.3 1681s

 1627056 176193  430.20758   47   25  445.49000  401.80360  9.81%  19.3 1686s

 1632538 175787 infeasible   50       445.49000  401.94923  9.77%  19.3 1690s

 1637805 175388  431.78603   50   51  445.49000  402.09726  9.74%  19.3 1695s

 1645824 174758  431.84000   29   45  445.49000  402.30784  9.69%  19.3 1702s

 1651332 174385  434.96653   41   28  445.49000  402.45642  9.66%  19.3 1706s

 1656693 174080  423.11736   43   36  445.49000  402.59658  9.63%  19.3 1711s

 1661937 173612  433.07750   51   55  445.49000  402.73466  9.60%  19.3 1715s

 1666806 173131  406.90753   28   50  445.49000  402.88711  9.56%  19.2 1720s

 1672317 172683  406.76601   37   45  445.49000  403.01442  9.53%  19.2 1725s

 1680181 171941  405.13750   49   34  445.49000  403.24747  9.48%  19.2 1731s

 1683933 171670 infeasible   51       445.49000  403.33384  9.46%  19.2 1736s

 1689107 171288  416.97072   45   32  445.49000  403.48752  9.43%  19.2 1741s

 1694941 170710  432.43784   50   77  445.49000  403.65471  9.39%  19.2 1746s

 1700608 170201  406.42372   50   57  445.49000  403.80429  9.36%  19.2 1751s

 1706055 169620 infeasible   37       445.49000  403.94627  9.33%  19.2 1756s

 1711359 169107  423.08627   50   35  445.49000  404.08813  9.29%  19.2 1760s

 1716276 168629  422.90143   48   19  445.49000  404.23000  9.26%  19.2 1765s

 1721762 168096 infeasible   41       445.49000  404.37374  9.23%  19.2 1770s

 1729610 167264 infeasible   44       445.49000  404.54882  9.19%  19.1 1777s

 1734841 166802  407.32878   42   55  445.49000  404.72688  9.15%  19.1 1781s

 1740098 166240     cutoff   34       445.49000  404.86863  9.12%  19.1 1786s

 1745304 165725     cutoff   33       445.49000  405.00602  9.09%  19.1 1791s

 1750658 165196     cutoff   48       445.49000  405.15452  9.05%  19.1 1795s

 1755818 164725 infeasible   34       445.49000  405.28494  9.02%  19.1 1800s

 1761401 164123  434.72122   49   46  445.49000  405.44304  8.99%  19.1 1805s

 1769388 163101  425.86219   53   59  445.49000  405.67008  8.94%  19.1 1811s

 1774632 162595  408.61340   38   23  445.49000  405.81553  8.91%  19.1 1816s

 1779889 162122  421.46552   29   49  445.49000  405.97896  8.87%  19.1 1820s

 1785334 161498 infeasible   44       445.49000  406.11759  8.84%  19.1 1825s

 1793197 160694  425.14750   49   46  445.49000  406.32659  8.79%  19.0 1832s

 1797488 160031  437.64519   38   74  445.49000  406.44762  8.76%  19.0 1836s

 1802962 159350  426.67774   56   19  445.49000  406.61600  8.73%  19.0 1841s

 1808412 158791  441.58093   37   25  445.49000  406.76483  8.69%  19.0 1845s

 1813876 158035     cutoff   61       445.49000  406.91774  8.66%  19.0 1850s

 1818958 157477  436.87664   47   40  445.49000  407.06738  8.62%  19.0 1855s

 1824542 156727  430.30866   49   70  445.49000  407.22071  8.59%  19.0 1860s

 1832557 155712  443.43898   48   33  445.49000  407.46700  8.54%  19.0 1867s

 1837521 154911     cutoff   27       445.49000  407.61421  8.50%  19.0 1871s

 1842818 154322  436.83464   44   34  445.49000  407.74001  8.47%  19.0 1876s

 1848286 153599     cutoff   44       445.49000  407.90857  8.44%  19.0 1880s

 1853341 152809  428.05534   36   51  445.49000  408.06399  8.40%  18.9 1885s

 1858720 152122  429.56500   36   17  445.49000  408.22068  8.37%  18.9 1890s

 1864064 151457  427.59833   43   35  445.49000  408.37600  8.33%  18.9 1895s

 1871831 150334  430.84455   41   30  445.49000  408.60932  8.28%  18.9 1901s

 1877299 149481  436.23253   42   23  445.49000  408.76222  8.24%  18.9 1906s

 1882487 148704  428.63571   47   40  445.49000  408.92957  8.21%  18.9 1910s

 1887842 147912  415.16319   37   66  445.49000  409.08375  8.17%  18.9 1915s

 1892164 147232     cutoff   50       445.49000  409.22500  8.14%  18.9 1921s

 1897809 146240     cutoff   50       445.49000  409.38992  8.10%  18.9 1926s

 1902773 145369  418.78252   41   32  445.49000  409.54600  8.07%  18.9 1931s

 1908126 144597 infeasible   48       445.49000  409.73108  8.03%  18.9 1936s

 1913759 143696     cutoff   43       445.49000  409.89041  7.99%  18.9 1941s

 1919065 142897  425.64401   44   37  445.49000  410.06529  7.95%  18.8 1946s

 1924383 141952  421.76328   52   38  445.49000  410.23000  7.91%  18.8 1951s

 1929866 141024  418.40062   35   49  445.49000  410.41773  7.87%  18.8 1956s

 1935318 140137 infeasible   32       445.49000  410.59765  7.83%  18.8 1961s

 1940574 139199     cutoff   39       445.49000  410.76757  7.79%  18.8 1965s

 1945779 138376 infeasible   38       445.49000  410.93588  7.76%  18.8 1970s

 1951255 137464     cutoff   47       445.49000  411.10737  7.72%  18.8 1975s

 1959045 136123  438.22752   40   33  445.49000  411.36129  7.66%  18.8 1982s

 1963901 135156  429.36938   35   23  445.49000  411.53799  7.62%  18.8 1987s

 1969431 134155  430.11703   26   44  445.49000  411.73094  7.58%  18.8 1992s

 1974447 133122 infeasible   53       445.49000  411.88200  7.54%  18.8 1996s

 1980106 132079     cutoff   46       445.49000  412.09383  7.50%  18.8 2001s

 1985464 131012  417.97869   49   54  445.49000  412.31333  7.45%  18.7 2006s

 1990665 130108 infeasible   37       445.49000  412.47299  7.41%  18.7 2010s

 1996260 129260  428.80849   35   16  445.49000  412.64883  7.37%  18.7 2015s

 2001597 128269  435.57895   42   33  445.49000  412.84027  7.33%  18.7 2020s

 2006429 127309  415.73016   32   29  445.49000  412.99981  7.29%  18.7 2025s

 2012070 126326  413.21509   44   43  445.49000  413.18045  7.25%  18.7 2030s

 2019951 124828     cutoff   41       445.49000  413.45830  7.19%  18.7 2037s

 2025459 123767  435.60606   44   27  445.49000  413.64524  7.15%  18.7 2041s

 2030603 122747  445.01680   29   32  445.49000  413.81500  7.11%  18.7 2046s

 2034161 122211  419.13417   48   46  445.49000  413.95239  7.08%  18.7 2050s

 2039276 121145  427.89573   41   14  445.49000  414.12467  7.04%  18.7 2055s

 2044703 119903     cutoff   64       445.49000  414.32000  7.00%  18.6 2060s

 2050373 118810     cutoff   44       445.49000  414.51823  6.95%  18.6 2065s

 2055896 117670  419.37000   52   18  445.49000  414.72767  6.91%  18.6 2070s

 2061171 116561  425.57744   40   35  445.49000  414.92783  6.86%  18.6 2075s

 2066578 115430     cutoff   34       445.49000  415.13000  6.81%  18.6 2080s

 2071706 114268 infeasible   53       445.49000  415.33090  6.77%  18.6 2085s

 2077260 113049  436.69540   47   46  445.49000  415.53000  6.73%  18.6 2090s

 2082558 111943 infeasible   38       445.49000  415.72147  6.68%  18.6 2095s

 2088055 110745  441.45433   47   16  445.49000  415.91914  6.64%  18.6 2100s

 2095685 109073  442.63200   39   26  445.49000  416.23267  6.57%  18.6 2107s

 2101230 107893  440.64708   44   17  445.49000  416.45188  6.52%  18.6 2112s

 2106436 106573  432.72286   50   27  445.49000  416.64360  6.48%  18.5 2116s

 2111718 105317  436.67814   47   66  445.49000  416.86072  6.43%  18.5 2121s

 2116971 104069  429.64186   41   19  445.49000  417.05423  6.38%  18.5 2125s

 2122611 102814  424.19448   43   35  445.49000  417.29000  6.33%  18.5 2131s

 2127639 101676 infeasible   65       445.49000  417.47347  6.29%  18.5 2136s

 2132922 100440     cutoff   29       445.49000  417.68250  6.24%  18.5 2141s

 2138442 99091     cutoff   43       445.49000  417.89328  6.19%  18.5 2146s

 2143780 97657  438.63373   29   20  445.49000  418.11860  6.14%  18.5 2151s

 2149282 96355 infeasible   37       445.49000  418.35813  6.09%  18.5 2156s

 2154382 94951  435.89791   39   26  445.49000  418.55798  6.05%  18.5 2161s

 2159717 93485 infeasible   52       445.49000  418.79875  5.99%  18.5 2166s

 2164660 92116  423.33192   40   29  445.49000  419.01257  5.94%  18.4 2171s

 2170363 90810  440.37878   33   34  445.49000  419.24614  5.89%  18.4 2176s

 2175839 89439     cutoff   45       445.49000  419.47690  5.84%  18.4 2180s

 2181104 88077     cutoff   52       445.49000  419.71563  5.79%  18.4 2185s

 2186441 86714 infeasible   61       445.49000  419.93500  5.74%  18.4 2190s

 2191580 85236 infeasible   38       445.49000  420.17800  5.68%  18.4 2195s

 2197146 83798  436.09598   44   20  445.49000  420.44619  5.62%  18.4 2200s

 2202370 82305     cutoff   45       445.49000  420.70388  5.56%  18.4 2205s

 2210442 80161 infeasible   47       445.49000  421.08246  5.48%  18.4 2212s

 2215477 78614     cutoff   45       445.49000  421.29885  5.43%  18.3 2217s

 2221108 77019  421.68204   32   20  445.49000  421.59040  5.36%  18.3 2222s

 2226247 75492  427.95290   38   25  445.49000  421.82803  5.31%  18.3 2226s

 2231720 73901 infeasible   57       445.49000  422.12049  5.25%  18.3 2231s

 2237035 72251 infeasible   35       445.49000  422.38109  5.19%  18.3 2236s

 2242556 70662  425.07490   44   50  445.49000  422.67641  5.12%  18.3 2240s

 2247657 68905     cutoff   45       445.49000  422.95000  5.06%  18.3 2245s

 2253674 67153  442.56254   43   29  445.49000  423.26880  4.99%  18.3 2252s

 2259015 65234     cutoff   48       445.49000  423.58114  4.92%  18.3 2257s

 2261782 64751  424.20687   55   26  445.49000  423.74374  4.88%  18.3 2260s

 2266527 62900     cutoff   33       445.49000  424.00512  4.82%  18.2 2265s

 2272187 61016     cutoff   38       445.49000  424.35222  4.74%  18.2 2270s

 2278063 58948     cutoff   35       445.49000  424.72000  4.66%  18.2 2275s

 2283473 56844  425.97554   52   35  445.49000  425.04813  4.59%  18.2 2280s

 2288665 54827     cutoff   38       445.49000  425.44921  4.50%  18.2 2285s

 2294175 52748  443.15612   47   30  445.49000  425.81154  4.42%  18.2 2290s

 2299785 50681 infeasible   35       445.49000  426.25936  4.32%  18.2 2295s

 2307775 47545     cutoff   34       445.49000  426.85004  4.18%  18.2 2302s

 2313465 45525  437.28215   45   43  445.49000  427.30000  4.08%  18.1 2307s

 2318653 43332  442.38171   35   18  445.49000  427.70209  3.99%  18.1 2312s

 2321504 42327     cutoff   54       445.49000  427.95071  3.94%  18.1 2315s

 2326775 40073     cutoff   37       445.49000  428.39757  3.84%  18.1 2321s

 2332108 37668     cutoff   34       445.49000  428.84064  3.74%  18.1 2327s

 2334797 36540  431.62112   34   45  445.49000  429.15451  3.67%  18.1 2331s

 2340380 33842 infeasible   43       445.49000  429.74232  3.53%  18.1 2337s

 2343064 32714 infeasible   56       445.49000  430.04412  3.47%  18.1 2341s

 2345607 31416     cutoff   42       445.49000  430.31045  3.41%  18.1 2345s

 2351095 28819     cutoff   65       445.49000  430.98307  3.26%  18.0 2353s

 2353784 27496 infeasible   54       445.49000  431.31499  3.18%  18.0 2358s

 2356515 25974     cutoff   51       445.49000  431.65505  3.11%  18.0 2362s

 2359209 24654     cutoff   42       445.49000  431.97743  3.03%  18.0 2366s

 2361860 23099 infeasible   39       445.49000  432.38604  2.94%  18.0 2371s

 2364790 21670  434.57833   33   30  445.49000  432.79183  2.85%  18.0 2376s

 2367451 20323  445.03257   43   53  445.49000  433.19363  2.76%  18.0 2382s

 2370156 18813 infeasible   43       445.49000  433.64986  2.66%  18.0 2386s

 2372876 17155     cutoff   47       445.49000  434.22071  2.53%  18.0 2392s

 2375686 15441     cutoff   58       445.49000  434.74752  2.41%  18.0 2398s

 2378402 13876 infeasible   47       445.49000  435.36553  2.27%  18.0 2404s

 2381260 12083     cutoff   40       445.49000  435.93827  2.14%  17.9 2410s

 2384184 10376  439.33406   36   20  445.49000  436.59754  2.00%  17.9 2417s

 2386874  8347 infeasible   49       445.49000  437.33774  1.83%  17.9 2423s

 2389830  6303     cutoff   38       445.49000  438.50370  1.57%  17.9 2429s

 2392816  3687     cutoff   47       445.49000  439.51888  1.34%  17.9 2435s

 2396073   804 infeasible   46       445.49000  441.46000  0.90%  17.9 2440s



Cutting planes:

  Learned: 16

  Gomory: 49

  Lift-and-project: 33

  Cover: 230

  Implied bound: 255

  Projected implied bound: 18

  Clique: 190

  MIR: 249

  Mixing: 76

  StrongCG: 134

  Flow cover: 1251

  GUB cover: 8

  Inf proof: 153

  Zero half: 1170

  Mod-K: 1

  RLT: 204

  Relax-and-lift: 677



Explored 2400279 nodes (42872727 simplex iterations) in 2442.91 seconds (539.38 work units)

Thread count was 24 (of 24 available processors)



Solution count 10: 445.49 445.49 447.91 ... 463.77



Optimal solution found (tolerance 1.00e-04)

Best objective 4.454900000000e+02, best bound 4.454900000000e+02, gap 0.0000%



AMPL MP initial flat model has 1102 variables (0 integer, 1062 binary);

Objectives: 1 linear; 

Constraints:  513 linear; 4 quadratic;



AMPL MP final model has 1102 variables (0 integer, 1062 binary);

Objectives: 1 linear; 

Constraints:  513 linear; 4 quadratic;





-----RESULTS INFO-----
running_time:  2443.187
TC.best_bound:  445.49
TC:  445.48999999999995
MIP Gap (%):  1.2759751927272896e-14
=== Vehicle Routes ===
Vehicle 1: 0 → 1
Vehicle 1: 1 → 3
Vehicle 1: 3 → 19
Vehicle 1: 19 → 22
Vehicle 2: 0 → 4
Vehicle 2: 2 → 22
Vehicle 2: 4 → 17
Vehicle 2: 17 → 2
Vehicle 3: 0 → 16
Vehicle 3: 15 → 22
Vehicle 3: 16 → 21
Vehicle 3: 21 → 15
Vehicle 4: 0 → 22

=== Full Vehicle Routes ===
Vehicle 1: 0 → 1 → 3 → 19 → 0 (47<100)
Vehicle 2: 0 → 4 → 17 → 2 → 0 (70<100)
Vehicle 3: 0 → 16 → 21 → 15 → 0 (92<100)
Vehicle 4: 0 → 0 (0<100)
Arc used by MRT line: y variables:
Customer assigment to PL: u variables:
5 17
6 16
7 16
8 21
9 16
10 21
11 17
12 15
13 19
14 16
Node is served by regular vehicle: g variables:
1
2
3
4
21
15
16
17
19
Customer assigment to Home delivery: gm variables:
1
2
3
4
Node total demands: ntd variables:
1 13 1
2 24 1
3 12 1
4 13 1
10 0 0
11 0 0
12 0 0
13 0 0
14 0 0
21 33 1
15 12 1
16 47 1
17 33 1
18 0 0
19 22 1
20 0 0
Customer's demand delivered to PL: l variables:
5
6
7
8
9
10
11
12
13
14
Lockers load <= capacity:
33 <= 99
12 <= 84
47 <= 78
33 <= 76
0 <= 93
22 <= 70
0 <= 78
