Gurobi 12.0.3:   lim:time = 14400

  mip:bestbound = 1

Set parameter LogToConsole to value 1

  tech:outlev = 1

Set parameter Cuts to value 3

  cut:cuts = 3

Set parameter Presolve to value 2

  pre:solve = 2

Set parameter MIPFocus to value 2

  mip:focus = 2

Set parameter Symmetry to value 2

  mip:symmetry = 2

Set parameter InfUnbdInfo to value 1

Gurobi Optimizer version 12.0.3 build v12.0.3rc0 (win64 - Windows 10.0 (19045.2))



CPU model: Intel(R) Core(TM) i7-10700 CPU @ 2.90GHz, instruction set [SSE2|AVX|AVX2]

Thread count: 8 physical cores, 16 logical processors, using up to 16 threads



Non-default parameters:

TimeLimit  14400

MIPFocus  2

Symmetry  2

Cuts  3

InfUnbdInfo  1

Presolve  2



Optimize a model with 682 rows, 1373 columns and 8298 nonzeros

Model fingerprint: 0x951a1955

Model has 3 quadratic objective terms

Model has 8 quadratic constraints

Variable types: 44 continuous, 1329 integer (0 binary)

Coefficient statistics:

  Matrix range     [1e+00, 1e+05]

  QMatrix range    [1e+00, 1e+00]

  QLMatrix range   [1e+00, 2e+01]

  Objective range  [3e+00, 1e+02]

  QObjective range [3e+00, 3e+00]

  Bounds range     [1e+00, 1e+02]

  RHS range        [1e+00, 1e+05]

  QRHS range       [2e+01, 1e+02]

Presolve removed 52 rows and 106 columns

Presolve time: 0.24s

Presolved: 1429 rows, 2054 columns, 12641 nonzeros

Variable types: 87 continuous, 1967 integer (1630 binary)

Root relaxation presolve removed 59 rows and 1 columns

Root relaxation presolved: 975 rows, 1700 columns, 16642 nonzeros





Root relaxation: objective 1.462463e+02, 112 iterations, 0.01 seconds (0.02 work units)



    Nodes    |    Current Node    |     Objective Bounds      |     Work

 Expl Unexpl |  Obj  Depth IntInf | Incumbent    BestBd   Gap | It/Node Time



     0     0  146.24635    0   54          -  146.24635      -     -    0s

H    0     0                     894.2000000  146.24635  83.6%     -    0s

H    0     0                     834.2000000  146.24635  82.5%     -    0s

     0     0  273.52000    0   58  834.20000  273.52000  67.2%     -    0s

H    0     0                     786.9000000  273.52000  65.2%     -    0s

     0     0  273.52000    0   58  786.90000  273.52000  65.2%     -    0s

     0     0  273.52000    0   52  786.90000  273.52000  65.2%     -    0s

H    0     0                     766.4700000  273.52000  64.3%     -    0s

H    0     0                     764.2500000  273.52000  64.2%     -    0s

H    0     0                     687.4800000  273.52000  60.2%     -    0s

H    0     0                     676.0900000  273.52000  59.5%     -    0s

H    0     0                     597.8900000  273.52000  54.3%     -    0s

     0     0  273.52000    0   28  597.89000  273.52000  54.3%     -    0s

     0     0  273.52000    0   29  597.89000  273.52000  54.3%     -    0s

     0     0  273.52664    0   41  597.89000  273.52664  54.3%     -    0s

     0     0  273.52664    0   42  597.89000  273.52664  54.3%     -    0s

H    0     0                     596.8300000  273.52664  54.2%     -    1s

H    0     0                     589.2100000  273.52664  53.6%     -    1s

     0     0  276.26333    0   44  589.21000  276.26333  53.1%     -    1s

     0     0  276.26333    0   44  589.21000  276.26333  53.1%     -    1s

     0     2  277.04333    0   38  589.21000  277.04333  53.0%     -    1s

H   54    52                     567.6100000  292.03750  48.5%  40.2    1s

H   94    96                     566.2000000  292.03750  48.4%  36.2    1s

H 1493  1228                     564.9500000  295.43875  47.7%  21.3    1s

H 1861  1361                     555.5800000  313.49500  43.6%  20.4    3s

  1882  1375  506.93029   60  155  555.58000  322.05524  42.0%  20.2    5s

H 1906  1321                     553.3500000  326.46500  41.0%  19.9    6s

H 1906  1253                     544.0700000  326.46500  40.0%  19.9    6s

H 1959  1241                     532.3200000  326.75500  38.6%  24.9    7s

H 1960  1180                     522.7400000  326.75500  37.5%  25.0    7s

H 1962  1121                     508.5700000  326.75500  35.8%  25.0    7s

H 4113  1709                     505.9500000  326.75500  35.4%  29.8    8s

H 5213  1969                     505.7300000  326.75500  35.4%  30.3    9s

  6075  2346  386.86809   30   61  505.73000  327.15050  35.3%  29.8   10s

H 6141  2379                     503.7400000  327.15050  35.1%  30.0   10s

 20031  9122  369.27384   61   17  503.74000  344.08416  31.7%  29.0   15s

H20292  8983                     490.0800000  344.10332  29.8%  29.0   15s

H22467 10265                     480.6800000  345.27668  28.2%  28.9   16s

 35598 16301  392.91369   29   52  480.68000  350.84101  27.0%  28.0   20s

 51273 22865     cutoff   39       480.68000  355.05957  26.1%  27.9   25s

 65210 28591     cutoff   44       480.68000  358.44658  25.4%  27.8   30s

 79174 33876  381.85603   35  125  480.68000  360.52117  25.0%  27.9   35s

 91782 38518  362.18708   26   57  480.68000  362.12260  24.7%  27.9   40s

 104516 43514     cutoff   43       480.68000  363.59458  24.4%  27.8   45s

*110569 45333              38     477.1800000  364.20219  23.7%  27.7   47s

H111545 44918                     470.5900000  364.25712  22.6%  27.7   48s

H111876 44750                     469.2500000  364.28911  22.4%  27.7   48s

 113882 45815 infeasible   37       469.25000  364.55244  22.3%  27.7   50s

H113883 44133                     460.0100000  364.55244  20.8%  27.7   50s

 123710 47485  456.31200   42   53  460.01000  365.55413  20.5%  27.8   55s

 134654 50627  384.95742   60   45  460.01000  366.63310  20.3%  27.8   60s

 146522 54278  429.66891   41   18  460.01000  367.77531  20.1%  27.8   65s

 156854 57479  385.96550   29   69  460.01000  368.67033  19.9%  27.6   70s

 166936 60598  416.60720   44   38  460.01000  369.44123  19.7%  27.5   75s

 176880 63635  397.25689   37   58  460.01000  370.23078  19.5%  27.5   80s

 185949 66423  425.19806   39   44  460.01000  370.86894  19.4%  27.5   85s

 193988 68720  398.43177   35   81  460.01000  371.44582  19.3%  27.5   90s

 203252 71169  410.92582   48   20  460.01000  372.05786  19.1%  27.5   95s

 211273 73576  410.05742   45   35  460.01000  372.53680  19.0%  27.5  100s

 219547 76072  403.17602   56   58  460.01000  373.03240  18.9%  27.4  105s

 228129 78412  400.06013   28   30  460.01000  373.52944  18.8%  27.4  110s

 236718 80763  381.71396   44   43  460.01000  374.05139  18.7%  27.4  115s

 243973 82775  434.86657   39   80  460.01000  374.39667  18.6%  27.4  121s

 251900 84781  375.93290   29  102  460.01000  374.80487  18.5%  27.3  125s

 260811 87003  455.56539   40   61  460.01000  375.27411  18.4%  27.3  130s

 269405 89075  381.83846   33   73  460.01000  375.74192  18.3%  27.2  135s

 277147 91016 infeasible   38       460.01000  376.13261  18.2%  27.2  140s

 287437 93491  435.73267   45   48  460.01000  376.68432  18.1%  27.2  145s

 295866 95618  393.09651   34   54  460.01000  377.13081  18.0%  27.1  150s

 304449 97637  391.58359   45  113  460.01000  377.53752  17.9%  27.1  155s

 312947 99586     cutoff   44       460.01000  377.91781  17.8%  27.1  160s

 319899 101189  379.96192   45   70  460.01000  378.29223  17.8%  27.1  165s

 328386 103073  409.13500   46   23  460.01000  378.73190  17.7%  27.0  170s

 336780 105101 infeasible   39       460.01000  379.18184  17.6%  27.0  175s

 345338 106992  411.37353   38  108  460.01000  379.61720  17.5%  27.0  180s

 352249 108462 infeasible   55       460.01000  379.96465  17.4%  27.0  185s

 360842 110355  408.46665   33   57  460.01000  380.43278  17.3%  27.0  190s

 367337 111656  395.61510   34   79  460.01000  380.73206  17.2%  27.0  195s

 376136 113448  430.64548   33   63  460.01000  381.19557  17.1%  26.9  200s

 382842 115003  399.94596   42   52  460.01000  381.49190  17.1%  26.9  205s

 388629 116364  446.03914   38   62  460.01000  381.77500  17.0%  26.9  210s

 398032 118545  445.49077   35   24  460.01000  382.20850  16.9%  26.9  215s

 404993 120166  421.90842   36   56  460.01000  382.51623  16.8%  26.9  220s

 413712 122014     cutoff   43       460.01000  382.89644  16.8%  26.9  226s

 420615 123559  454.05892   37   49  460.01000  383.15522  16.7%  26.8  230s

 427358 125065  456.47353   44   20  460.01000  383.41757  16.7%  26.8  235s

 435862 126753 infeasible   49       460.01000  383.76432  16.6%  26.8  240s

 442850 128053  395.98995   45   60  460.01000  384.02530  16.5%  26.8  245s

 451318 129839  392.77750   43   69  460.01000  384.40241  16.4%  26.8  251s

 458360 131276     cutoff   33       460.01000  384.68253  16.4%  26.8  256s

 465319 132653  397.65494   39   36  460.01000  384.95267  16.3%  26.8  261s

 471875 133971  431.00790   37   86  460.01000  385.22188  16.3%  26.8  266s

 476366 134954  422.36056   42   95  460.01000  385.39250  16.2%  26.8  270s

 483044 136140 infeasible   54       460.01000  385.65706  16.2%  26.7  276s

 487773 136968  408.38655   47  101  460.01000  385.82448  16.1%  26.7  281s

 492918 137981 infeasible   51       460.01000  385.99565  16.1%  26.7  285s

 497686 139029  405.21706   36   47  460.01000  386.20043  16.0%  26.7  290s

 502652 140015 infeasible   47       460.01000  386.40611  16.0%  26.8  295s

 507342 140945  407.28250   37   24  460.01000  386.58233  16.0%  26.8  300s

 512635 141818  397.82954   37   60  460.01000  386.79270  15.9%  26.8  306s

 516706 142840  432.81891   51   38  460.01000  386.88123  15.9%  26.8  311s

 522183 144041  458.19589   48   29  460.01000  387.15005  15.8%  26.8  316s

 527903 145007  443.66391   46   27  460.01000  387.33197  15.8%  26.8  321s

 532668 145972     cutoff   41       460.01000  387.54682  15.8%  26.8  325s

 537989 146824  415.25864   33   56  460.01000  387.75067  15.7%  26.8  330s

 543095 147758  422.49590   30   98  460.01000  387.97355  15.7%  26.8  335s

 548131 148576  438.57200   46   24  460.01000  388.15298  15.6%  26.8  340s

 553198 149451  398.66856   44   38  460.01000  388.33004  15.6%  26.8  345s

 559794 150780  406.82477   44   85  460.01000  388.56708  15.5%  26.8  351s

 564709 151712  418.08672   38   27  460.01000  388.75000  15.5%  26.8  356s

 569657 152633  421.60430   42   39  460.01000  388.94759  15.4%  26.8  361s

 574550 153551  443.61319   42   56  460.01000  389.12102  15.4%  26.9  366s

 579526 154328  442.72927   53   27  460.01000  389.31480  15.4%  26.9  371s

 584672 155223  393.82276   37   21  460.01000  389.53300  15.3%  26.9  375s

 591465 156378 infeasible   56       460.01000  389.77632  15.3%  26.9  381s

 596512 157237  427.68208   43   36  460.01000  389.94633  15.2%  26.9  385s

 602481 158115  442.65556   36   90  460.01000  390.11847  15.2%  26.9  390s

 607123 159065  446.34037   46   83  460.01000  390.27716  15.2%  26.9  395s

 611548 159904 infeasible   55       460.01000  390.40460  15.1%  26.9  401s

 617252 160721  409.24366   43   47  460.01000  390.66319  15.1%  26.9  405s

 622332 161498  451.83553   40   36  460.01000  390.83835  15.0%  26.9  410s

 629061 162645 infeasible   49       460.01000  391.03388  15.0%  26.9  416s

 635421 163808  399.46648   51   40  460.01000  391.26861  14.9%  26.9  420s

 642003 164841  405.70714   34   71  460.01000  391.48670  14.9%  26.9  425s

 650466 166275  398.44625   39   31  460.01000  391.77577  14.8%  26.9  430s

 657126 167311     cutoff   43       460.01000  392.01800  14.8%  26.9  435s

 665520 168753     cutoff   55       460.01000  392.26443  14.7%  26.9  440s

 671925 169720  429.23373   39   35  460.01000  392.48900  14.7%  26.9  445s

 680351 171098  406.36652   45   41  460.01000  392.75917  14.6%  26.9  450s

 688843 172568 infeasible   46       460.01000  393.03623  14.6%  26.9  455s

 695543 173616  434.48277   36   45  460.01000  393.23416  14.5%  26.9  460s

 704098 175038  397.25635   39   59  460.01000  393.48647  14.5%  26.9  465s

 711077 176102  395.27199   42   70  460.01000  393.70519  14.4%  26.9  470s

 719752 177399 infeasible   38       460.01000  393.97916  14.4%  26.8  475s

 726189 178326  398.88243   37   59  460.01000  394.17980  14.3%  26.8  480s

 734653 179702  441.48806   31   23  460.01000  394.40253  14.3%  26.8  485s

 743047 180921  430.02259   38   27  460.01000  394.64674  14.2%  26.8  491s

 749694 182006  416.53870   38   40  460.01000  394.83383  14.2%  26.8  495s

 756718 182894  439.78167   32   64  460.01000  395.04216  14.1%  26.8  500s

 764649 183999     cutoff   48       460.01000  395.30393  14.1%  26.8  505s

 771331 185133  424.26382   36   40  460.01000  395.50500  14.0%  26.8  510s

 778097 186039 infeasible   40       460.01000  395.72000  14.0%  26.8  515s

 786662 187257  422.86743   45   31  460.01000  395.95247  13.9%  26.8  521s

 793378 188306  437.92765   40   39  460.01000  396.15152  13.9%  26.8  525s

 800211 189400     cutoff   49       460.01000  396.33622  13.8%  26.7  530s

 807014 190257     cutoff   35       460.01000  396.55020  13.8%  26.7  535s

 813841 191274  398.09557   50   31  460.01000  396.74000  13.8%  26.7  540s

 820467 192236     cutoff   43       460.01000  396.96423  13.7%  26.7  545s

 828814 193370  433.10500   39   22  460.01000  397.19328  13.7%  26.7  551s

 835406 194426  451.99002   38   25  460.01000  397.37778  13.6%  26.7  556s

 842424 195272  447.08999   50   31  460.01000  397.55413  13.6%  26.7  561s

 849235 196295  417.63568   43   22  460.01000  397.74145  13.5%  26.7  566s

 855726 197202  430.20032   48   26  460.01000  397.91789  13.5%  26.7  571s

 860871 197963  420.29760   34   40  460.01000  398.05077  13.5%  26.7  575s

 867871 198928     cutoff   44       460.01000  398.23491  13.4%  26.7  580s

 874474 199753  439.77247   29   30  460.01000  398.41397  13.4%  26.7  585s

 880821 200579 infeasible   39       460.01000  398.57994  13.4%  26.6  590s

 887756 201375 infeasible   40       460.01000  398.76489  13.3%  26.6  595s

 894407 202185  410.60958   49   29  460.01000  398.94766  13.3%  26.6  600s

 901183 202914  453.07643   35   35  460.01000  399.12078  13.2%  26.6  605s

 907914 203719  435.15635   41   27  460.01000  399.31188  13.2%  26.6  610s

 914486 204519  416.58728   46   44  460.01000  399.47016  13.2%  26.6  615s

 920587 205434     cutoff   39       460.01000  399.63137  13.1%  26.6  621s

 928269 206318  439.09357   44   47  460.01000  399.81924  13.1%  26.6  626s

 935351 207181 infeasible   38       460.01000  399.99016  13.0%  26.6  630s

 941736 207952  442.34563   42   58  460.01000  400.15536  13.0%  26.5  635s

 948515 208844  450.12000   51   22  460.01000  400.31618  13.0%  26.5  640s

 955339 209747  414.73711   37   62  460.01000  400.47848  12.9%  26.5  645s

 963692 210613 infeasible   36       460.01000  400.68180  12.9%  26.5  651s

 970318 211453  444.10233   39   54  460.01000  400.84446  12.9%  26.5  655s

 977002 212229  448.60062   40   13  460.01000  401.00783  12.8%  26.5  660s

 985318 213198  440.01333   36   51  460.01000  401.19579  12.8%  26.5  665s

 992235 214054     cutoff   47       460.01000  401.35224  12.8%  26.5  670s

 999025 214866  424.12397   44   17  460.01000  401.50318  12.7%  26.5  675s

 1007280 215789  446.65441   24   44  460.01000  401.69167  12.7%  26.5  680s

 1014222 216601  442.00667   55   31  460.01000  401.84347  12.6%  26.5  685s

 1021131 217318  437.97293   47   35  460.01000  402.01114  12.6%  26.5  690s

 1029262 218248  448.38248   37   48  460.01000  402.19823  12.6%  26.4  695s

 1036124 218883  421.32008   49   39  460.01000  402.36220  12.5%  26.4  700s

 1043005 219544  414.34095   37  103  460.01000  402.52122  12.5%  26.4  705s

 1051234 220333  435.01200   35   70  460.01000  402.74300  12.4%  26.4  710s

 1058106 220992     cutoff   50       460.01000  402.92094  12.4%  26.4  715s

 1064898 221621 infeasible   47       460.01000  403.07428  12.4%  26.4  720s

 1071662 222355     cutoff   40       460.01000  403.25491  12.3%  26.4  725s

 1080383 222985  426.22093   45   18  460.01000  403.44872  12.3%  26.4  731s

 1086954 223617  428.94351   41   45  460.01000  403.59800  12.3%  26.4  736s

 1093674 224414  410.12397   28   50  460.01000  403.75337  12.2%  26.4  740s

 1100415 225094  405.02669   34   66  460.01000  403.89718  12.2%  26.4  745s

 1107124 225598  440.56459   35   86  460.01000  404.06760  12.2%  26.4  750s

 1113425 226215  434.26777   49   57  460.01000  404.19729  12.1%  26.4  755s

 1120404 226961  427.45823   31   73  460.01000  404.35184  12.1%  26.3  760s

 1127121 227605  432.18263   33   33  460.01000  404.49872  12.1%  26.3  765s

 1133676 228354  448.70705   30   74  460.01000  404.63220  12.0%  26.3  770s

 1140482 228978  439.25090   38   79  460.01000  404.79039  12.0%  26.3  775s

 1147136 229526     cutoff   65       460.01000  404.93975  12.0%  26.3  780s

 1153683 230160  433.85316   49   56  460.01000  405.08463  11.9%  26.3  785s

 1160550 230777  441.81033   45   49  460.01000  405.24546  11.9%  26.3  790s

 1167404 231426  441.89500   36   14  460.01000  405.40979  11.9%  26.3  795s

 1174109 232056 infeasible   57       460.01000  405.55858  11.8%  26.3  800s

 1180625 232770  427.82832   40   55  460.01000  405.70450  11.8%  26.3  805s

 1187511 233404  420.11033   58   67  460.01000  405.84500  11.8%  26.3  810s

 1192096 233787 infeasible   41       460.01000  405.95048  11.8%  26.3  815s

 1196671 234193  407.70524   42   32  460.01000  406.05500  11.7%  26.3  820s

 1200796 234413 infeasible   49       460.01000  406.14165  11.7%  26.3  825s

 1205354 234774     cutoff   39       460.01000  406.19684  11.7%  26.3  830s

 1210006 235158     cutoff   38       460.01000  406.31388  11.7%  26.3  836s

 1214138 235541 infeasible   46       460.01000  406.42796  11.6%  26.3  840s

 1220946 236032  446.64374   42   38  460.01000  406.59444  11.6%  26.3  846s

 1225893 236448     cutoff   43       460.01000  406.68807  11.6%  26.3  850s

 1230766 236902     cutoff   34       460.01000  406.80329  11.6%  26.3  855s

 1237579 237426  412.79996   35   57  460.01000  406.93702  11.5%  26.3  861s

 1240801 237673  459.78955   57   35  460.01000  407.00484  11.5%  26.3  865s

 1245943 238093 infeasible   46       460.01000  407.10427  11.5%  26.3  870s

 1251641 238619     cutoff   50       460.01000  407.23405  11.5%  26.3  875s

 1257069 239043  412.94877   44   29  460.01000  407.35511  11.4%  26.3  880s

 1263582 239452 infeasible   35       460.01000  407.48020  11.4%  26.3  886s

 1268843 239820  448.46208   46   23  460.01000  407.59056  11.4%  26.3  891s

 1273979 240120  435.87499   34   49  460.01000  407.69728  11.4%  26.3  895s

 1279078 240531  439.95908   39   50  460.01000  407.80749  11.3%  26.3  900s

 1283704 240835     cutoff   26       460.01000  407.90496  11.3%  26.3  905s

 1288897 241232  444.20410   49   21  460.01000  408.01247  11.3%  26.3  910s

 1295750 241691  419.93148   44   25  460.01000  408.14636  11.3%  26.3  916s

 1301115 242077  449.80431   38   20  460.01000  408.25173  11.3%  26.3  921s

 1305914 242493  452.17888   50   18  460.01000  408.35931  11.2%  26.3  925s

 1310934 242863  445.78185   39   60  460.01000  408.45184  11.2%  26.3  930s

 1316175 243291  425.84098   31   46  460.01000  408.55249  11.2%  26.3  935s

 1321371 243667  426.15777   38   53  460.01000  408.64248  11.2%  26.3  940s

 1326333 243995  428.23819   49   50  460.01000  408.73454  11.1%  26.3  945s

 1331446 244490  417.62402   37   17  460.01000  408.83052  11.1%  26.3  950s

 1336543 244895  417.27250   55   34  460.01000  408.93445  11.1%  26.3  955s

 1341651 245200  433.10262   55   29  460.01000  409.03348  11.1%  26.3  960s

 1347961 245709  413.61359   43   99  460.01000  409.15555  11.1%  26.3  966s

 1353252 246049 infeasible   42       460.01000  409.25612  11.0%  26.3  971s

 1356766 246216  442.29591   42   14  460.01000  409.31630  11.0%  26.3  975s

 1363391 246738  445.60841   49   37  460.01000  409.44763  11.0%  26.3  981s

 1367088 246927  418.18953   50   17  460.01000  409.51000  11.0%  26.3  985s

 1371994 247242  424.19205   50   24  460.01000  409.58993  11.0%  26.3  990s

 1376908 247576  435.79799   45   92  460.01000  409.68427  10.9%  26.3  995s

 1381762 247754 infeasible   46       460.01000  409.77789  10.9%  26.3 1000s

 1386938 247942  419.40967   48   45  460.01000  409.88250  10.9%  26.3 1006s

 1391650 248278  448.91000   45   24  460.01000  409.96824  10.9%  26.3 1011s

 1395158 248522     cutoff   42       460.01000  410.03093  10.9%  26.3 1015s

 1399817 248825  419.94200   37   44  460.01000  410.12973  10.8%  26.3 1020s

 1404971 249207 infeasible   43       460.01000  410.22093  10.8%  26.3 1025s

 1410212 249496  438.26769   70   18  460.01000  410.31398  10.8%  26.3 1031s

 1415040 249665  411.16688   38  112  460.01000  410.40500  10.8%  26.3 1035s

 1418296 249847  433.56870   43   30  460.01000  410.46395  10.8%  26.3 1040s

 1423324 250043  444.19649   42   44  460.01000  410.56132  10.7%  26.3 1046s

 1426813 250166  423.78682   46   57  460.01000  410.62221  10.7%  26.3 1050s

 1431881 250278  447.30061   41   39  460.01000  410.72478  10.7%  26.3 1055s

 1436692 250574     cutoff   42       460.01000  410.82776  10.7%  26.3 1061s

 1440094 250758 infeasible   42       460.01000  410.88667  10.7%  26.3 1065s

 1445490 250867  417.31329   43   24  460.01000  410.99484  10.7%  26.3 1071s

 1450252 251033  437.49011   53   15  460.01000  411.08522  10.6%  26.3 1076s

 1453621 251187 infeasible   43       460.01000  411.15058  10.6%  26.3 1080s

 1458577 251554  443.13797   45   43  460.01000  411.24159  10.6%  26.3 1086s

 1462072 251682  429.88890   37   43  460.01000  411.30372  10.6%  26.3 1090s

 1467207 251881     cutoff   34       460.01000  411.40609  10.6%  26.3 1095s

 1472158 251967  437.40662   44   78  460.01000  411.50077  10.5%  26.3 1101s

 1476781 252102  452.47609   47   22  460.01000  411.59222  10.5%  26.3 1106s

 1480249 252133  428.92164   39   44  460.01000  411.66667  10.5%  26.3 1110s

 1485301 252381  445.11355   53   39  460.01000  411.75806  10.5%  26.3 1116s

 1490269 252591  447.52935   39   71  460.01000  411.83600  10.5%  26.3 1121s

 1493885 252661  457.49274   48   59  460.01000  411.90434  10.5%  26.3 1125s

 1498817 252698     cutoff   53       460.01000  412.01091  10.4%  26.3 1131s

 1501938 252807  440.07570   52   31  460.01000  412.06619  10.4%  26.3 1135s

 1506782 252931  453.14060   47   50  460.01000  412.16730  10.4%  26.3 1140s

 1512076 253081 infeasible   35       460.01000  412.26785  10.4%  26.3 1146s

 1515555 253175  446.16576   51   55  460.01000  412.33286  10.4%  26.3 1150s

 1520771 253364  440.02836   52   66  460.01000  412.44023  10.3%  26.3 1156s

 1523852 253481  417.36543   43   57  460.01000  412.49886  10.3%  26.3 1160s

 1528732 253682 infeasible   33       460.01000  412.59500  10.3%  26.3 1166s

 1532239 253695 infeasible   42       460.01000  412.65090  10.3%  26.3 1170s

 1537292 253774  440.77936   36   25  460.01000  412.76429  10.3%  26.3 1176s

 1540510 253890 infeasible   54       460.01000  412.83681  10.3%  26.3 1180s

 1545600 253955  422.13532   36   75  460.01000  412.92990  10.2%  26.3 1186s

 1548574 253974 infeasible   52       460.01000  412.98908  10.2%  26.3 1190s

 1553775 254010 infeasible   48       460.01000  413.09211  10.2%  26.3 1195s

 1557126 254103  427.06927   50   86  460.01000  413.16729  10.2%  26.3 1200s

 1561863 254190  419.90056   50   56  460.01000  413.26512  10.2%  26.3 1206s

 1565300 254253 infeasible   36       460.01000  413.33755  10.1%  26.3 1210s

 1569956 254319  434.06202   41   30  460.01000  413.42523  10.1%  26.3 1216s

 1573415 254368     cutoff   57       460.01000  413.49599  10.1%  26.3 1220s

 1578447 254465  425.35648   57   68  460.01000  413.59757  10.1%  26.3 1226s

 1581705 254475  447.96517   60   27  460.01000  413.66381  10.1%  26.4 1230s

 1586896 254528  424.17157   40   94  460.01000  413.76203  10.1%  26.4 1236s

 1591568 254594  426.90173   46   24  460.01000  413.86000  10.0%  26.4 1240s

 1596458 254657  439.54444   50   58  460.01000  413.94849  10.0%  26.4 1245s

 1601683 254754 infeasible   49       460.01000  414.05096  10.0%  26.4 1250s

 1606983 254875     cutoff   37       460.01000  414.15398  10.0%  26.4 1255s

 1611673 254898     cutoff   35       460.01000  414.24625  9.95%  26.4 1260s

 1616732 254959  440.14542   47   27  460.01000  414.34603  9.93%  26.4 1265s

 1621831 254971 infeasible   47       460.01000  414.44032  9.91%  26.3 1270s

 1626878 254958  416.92286   48   17  460.01000  414.53815  9.88%  26.3 1275s

 1631906 254949 infeasible   38       460.01000  414.64374  9.86%  26.3 1280s

 1636515 255048  442.03646   37   41  460.01000  414.72105  9.85%  26.3 1285s

 1641652 255134 infeasible   32       460.01000  414.82636  9.82%  26.3 1290s

 1646631 255220  420.30062   38   37  460.01000  414.92106  9.80%  26.3 1295s

 1651709 255216     cutoff   47       460.01000  415.01764  9.78%  26.3 1300s

 1656474 255158     cutoff   43       460.01000  415.11651  9.76%  26.3 1305s

 1661516 255164  420.89250   40   42  460.01000  415.20451  9.74%  26.3 1310s

 1666634 255151 infeasible   38       460.01000  415.31287  9.72%  26.3 1315s

 1671932 255181  445.49259   41   30  460.01000  415.41819  9.69%  26.3 1320s

 1676749 255193  438.23417   35   62  460.01000  415.51051  9.67%  26.3 1325s

 1681687 255177 infeasible   30       460.01000  415.60690  9.65%  26.3 1330s

 1686749 255109  429.01111   34   18  460.01000  415.70551  9.63%  26.3 1335s

 1691916 255061     cutoff   40       460.01000  415.80014  9.61%  26.3 1340s

 1696841 255080  438.06504   40   47  460.01000  415.90080  9.59%  26.3 1345s

 1701805 255049  428.03717   51   32  460.01000  415.99138  9.57%  26.3 1350s

 1706868 254972 infeasible   37       460.01000  416.10000  9.55%  26.3 1355s

 1712017 254936  446.53676   41   64  460.01000  416.19247  9.53%  26.3 1361s

 1714663 255008  439.17400   54   47  460.01000  416.23139  9.52%  26.3 1365s

 1720174 255008  454.07223   40   14  460.01000  416.33766  9.49%  26.3 1370s

 1724996 254954 infeasible   52       460.01000  416.43233  9.47%  26.3 1375s

 1729984 254821  454.71500   37   48  460.01000  416.52500  9.45%  26.3 1380s

 1734988 254801  444.85375   38   73  460.01000  416.62405  9.43%  26.3 1386s

 1740032 254762  437.50668   48   48  460.01000  416.71751  9.41%  26.3 1391s

 1745226 254763  453.69278   45   39  460.01000  416.82320  9.39%  26.3 1396s

 1748281 254724  423.10207   45   45  460.01000  416.87657  9.38%  26.3 1400s

 1754341 254726     cutoff   41       460.01000  416.96936  9.36%  26.3 1405s

 1758291 254796  428.46915   42   26  460.01000  417.06000  9.34%  26.3 1410s

 1763553 254705 infeasible   49       460.01000  417.14910  9.32%  26.3 1415s

 1768700 254711  439.09952   45   16  460.01000  417.24515  9.30%  26.3 1420s

 1773424 254664 infeasible   31       460.01000  417.34531  9.27%  26.3 1426s

 1778781 254508  439.60895   48   16  460.01000  417.44617  9.25%  26.3 1431s

 1783978 254433  436.42636   54   41  460.01000  417.54259  9.23%  26.3 1436s

 1787399 254392  456.21206   34   26  460.01000  417.60143  9.22%  26.3 1440s

 1792134 254451  421.07562   38   66  460.01000  417.67908  9.20%  26.3 1445s

 1797512 254407     cutoff   56       460.01000  417.78067  9.18%  26.3 1451s

 1802849 254276 infeasible   52       460.01000  417.87518  9.16%  26.3 1456s

 1806133 254185  454.17346   56   48  460.01000  417.95143  9.14%  26.3 1460s

 1811311 254108  438.38659   46   63  460.01000  418.04501  9.12%  26.3 1465s

 1816456 254023  434.77040   38   61  460.01000  418.13832  9.10%  26.3 1470s

 1821304 253962     cutoff   44       460.01000  418.22708  9.08%  26.3 1476s

 1826244 253844  445.50887   62   24  460.01000  418.32239  9.06%  26.3 1481s

 1829700 253778  428.66047   44   25  460.01000  418.38921  9.05%  26.3 1485s

 1834785 253623 infeasible   66       460.01000  418.48440  9.03%  26.3 1491s

 1839643 253526     cutoff   43       460.01000  418.56925  9.01%  26.3 1496s

 1843256 253433 infeasible   45       460.01000  418.63215  8.99%  26.3 1500s

 1848277 253298  437.75609   48   34  460.01000  418.72233  8.98%  26.3 1505s

 1853425 253307  442.23461   43   46  460.01000  418.81770  8.95%  26.3 1511s

 1858219 253218  419.92133   33   27  460.01000  418.88601  8.94%  26.3 1515s

 1862024 253071     cutoff   41       460.01000  418.97272  8.92%  26.3 1520s

 1866823 253140     cutoff   44       460.01000  419.05901  8.90%  26.3 1525s

 1872105 253046  450.96500   48   25  460.01000  419.15227  8.88%  26.2 1531s

 1875332 252942  456.43304   29   25  460.01000  419.21430  8.87%  26.2 1535s

 1880541 252798  446.39349   46   62  460.01000  419.31370  8.85%  26.2 1541s

 1883788 252670 infeasible   43       460.01000  419.36250  8.84%  26.2 1545s

 1889129 252520  430.24200   53   78  460.01000  419.46533  8.81%  26.2 1550s

 1894165 252408  423.79268   46   23  460.01000  419.54645  8.80%  26.2 1556s

 1897609 252261     cutoff   40       460.01000  419.62056  8.78%  26.2 1560s

 1902796 252058  426.57283   33   42  460.01000  419.71101  8.76%  26.2 1565s

 1907958 251974  430.62644   49   53  460.01000  419.81208  8.74%  26.2 1571s

 1910977 251810  448.78707   52   31  460.01000  419.86688  8.73%  26.2 1575s

 1916174 251641  421.21193   51   40  460.01000  419.95374  8.71%  26.2 1581s

 1919610 251632  441.85925   42   29  460.01000  420.02858  8.69%  26.2 1585s

 1924535 251454  425.50161   36   76  460.01000  420.12333  8.67%  26.2 1590s

 1927890 251377     cutoff   37       460.01000  420.18000  8.66%  26.2 1595s

 1932950 251081 infeasible   58       460.01000  420.28314  8.64%  26.2 1600s

 1938149 250983  458.25606   34   34  460.01000  420.37336  8.62%  26.2 1606s

 1941542 250930  442.41073   41   53  460.01000  420.43825  8.60%  26.2 1610s

 1946300 250730 infeasible   49       460.01000  420.52417  8.58%  26.2 1616s

 1949723 250587  455.58865   40   31  460.01000  420.58059  8.57%  26.2 1620s

 1953464 250470  445.55405   41   13  460.01000  420.66003  8.55%  26.2 1625s

 1958213 250202  446.18111   58   20  460.01000  420.73790  8.54%  26.2 1631s

 1961801 250090  429.10377   39   33  460.01000  420.81727  8.52%  26.2 1635s

 1963997 249892 infeasible   40       460.01000  420.83342  8.52%  26.2 1641s

 1967429 249732  428.59639   35   74  460.01000  420.89265  8.50%  26.2 1646s

 1971538 249645     cutoff   36       460.01000  421.00503  8.48%  26.2 1650s

 1976217 249452     cutoff   49       460.01000  421.09501  8.46%  26.2 1656s

 1979751 249387  423.18450   43   56  460.01000  421.15411  8.45%  26.2 1660s

 1984940 249064  441.63907   49   38  460.01000  421.24862  8.43%  26.2 1666s

 1988289 248945 infeasible   44       460.01000  421.31389  8.41%  26.2 1670s

 1993398 248701  448.98457   30   44  460.01000  421.40000  8.39%  26.2 1676s

 1996752 248513  422.00293   36   28  460.01000  421.45984  8.38%  26.2 1680s

 2002107 248253     cutoff   44       460.01000  421.56570  8.36%  26.2 1686s

 2005551 248096 infeasible   47       460.01000  421.62462  8.34%  26.2 1690s

 2010724 247943  454.82276   49   48  460.01000  421.72088  8.32%  26.2 1695s

 2015530 247660 infeasible   38       460.01000  421.80906  8.30%  26.2 1701s

 2019027 247555     cutoff   59       460.01000  421.87019  8.29%  26.2 1705s

 2024054 247191 infeasible   39       460.01000  421.95688  8.27%  26.2 1710s

 2029089 246947     cutoff   58       460.01000  422.05412  8.25%  26.2 1716s

 2032452 246875  424.47500   35   41  460.01000  422.11055  8.24%  26.2 1720s

 2037248 246731     cutoff   47       460.01000  422.20000  8.22%  26.2 1725s

 2042312 246506     cutoff   49       460.01000  422.29300  8.20%  26.2 1731s

 2047480 246138  448.61741   42   60  460.01000  422.37926  8.18%  26.1 1736s

 2050907 245957  425.10385   42   28  460.01000  422.44264  8.17%  26.1 1740s

 2056005 245624     cutoff   51       460.01000  422.53736  8.15%  26.1 1746s

 2059211 245345 infeasible   43       460.01000  422.60427  8.13%  26.1 1750s

 2064381 245112     cutoff   45       460.01000  422.69000  8.11%  26.1 1755s

 2069488 244846     cutoff   46       460.01000  422.78020  8.09%  26.1 1761s

 2072910 244776     cutoff   38       460.01000  422.83999  8.08%  26.1 1765s

 2078111 244557     cutoff   50       460.01000  422.92352  8.06%  26.1 1771s

 2083237 244274  444.64702   51   28  460.01000  423.02570  8.04%  26.1 1776s

 2086587 244077  452.70880   42   72  460.01000  423.08765  8.03%  26.1 1780s

 2091732 243772  438.85862   35   30  460.01000  423.16745  8.01%  26.1 1786s

 2095203 243584     cutoff   38       460.01000  423.23547  7.99%  26.1 1790s

 2100308 243261     cutoff   44       460.01000  423.32466  7.97%  26.1 1795s

 2105380 242956     cutoff   44       460.01000  423.40862  7.96%  26.1 1801s

 2108792 242716  444.08603   49   40  460.01000  423.48210  7.94%  26.1 1805s

 2113949 242410  439.50556   44   55  460.01000  423.57149  7.92%  26.1 1811s

 2117291 242159  450.53521   45   23  460.01000  423.63220  7.91%  26.1 1815s

 2122336 241865  436.33384   35   80  460.01000  423.72960  7.89%  26.1 1821s

 2125500 241721     cutoff   51       460.01000  423.77501  7.88%  26.1 1825s

 2130954 241432  457.87857   45   19  460.01000  423.86053  7.86%  26.1 1831s

 2134263 241194  435.70044   54   86  460.01000  423.92123  7.85%  26.1 1835s

 2139348 240906     cutoff   35       460.01000  424.00337  7.83%  26.1 1840s

 2144500 240528  427.06072   56   36  460.01000  424.10105  7.81%  26.1 1846s

 2147849 240255  444.42558   37   40  460.01000  424.15332  7.79%  26.1 1850s

 2152893 239949  428.01080   49   25  460.01000  424.24458  7.77%  26.1 1855s

 2158170 239664     cutoff   49       460.01000  424.32812  7.76%  26.1 1861s

 2161582 239479 infeasible   36       460.01000  424.39049  7.74%  26.1 1865s

 2166745 239129  434.89174   45   36  460.01000  424.47758  7.72%  26.1 1871s

 2169997 238860  432.50951   41   16  460.01000  424.54348  7.71%  26.1 1875s

 2175221 238558  436.74174   45   28  460.01000  424.63600  7.69%  26.1 1881s

 2178631 238301     cutoff   42       460.01000  424.69444  7.68%  26.1 1885s

 2183801 237885 infeasible   53       460.01000  424.78190  7.66%  26.1 1890s

 2188958 237561     cutoff   49       460.01000  424.87491  7.64%  26.1 1896s

 2192354 237318     cutoff   41       460.01000  424.93987  7.62%  26.1 1900s

 2197530 237052  432.27000   39   41  460.01000  425.02009  7.61%  26.0 1906s

 2201022 236857     cutoff   42       460.01000  425.07675  7.59%  26.0 1910s

 2206200 236508     cutoff   42       460.01000  425.16167  7.58%  26.0 1916s

 2209594 236350 infeasible   53       460.01000  425.21626  7.56%  26.0 1920s

 2213082 236086 infeasible   48       460.01000  425.28326  7.55%  26.0 1925s

 2216662 235802  429.92667   41   34  460.01000  425.34522  7.54%  26.0 1930s

 2222030 235402 infeasible   43       460.01000  425.43887  7.52%  26.0 1936s

 2225493 235164 infeasible   43       460.01000  425.49779  7.50%  26.0 1940s

 2230914 234889     cutoff   47       460.01000  425.58795  7.48%  26.0 1946s

 2234457 234610  428.21875   59   65  460.01000  425.64500  7.47%  26.0 1950s

 2239594 234293     cutoff   46       460.01000  425.73375  7.45%  26.0 1956s

 2242912 234005  427.26810   38   16  460.01000  425.78723  7.44%  26.0 1960s

 2247912 233527  451.72025   57   32  460.01000  425.87889  7.42%  26.0 1966s

 2251274 233238  452.47531   47   48  460.01000  425.92980  7.41%  26.0 1970s

 2256410 232779  430.49990   37   34  460.01000  426.02556  7.39%  26.0 1976s

 2260013 232463  445.86517   44   25  460.01000  426.08000  7.38%  26.0 1980s

 2265066 232105  438.41909   41   25  460.01000  426.16683  7.36%  26.0 1985s

 2270158 231616  434.17150   42   66  460.01000  426.25865  7.34%  26.0 1992s

 2273499 231314     cutoff   49       460.01000  426.33000  7.32%  26.0 1995s

 2278760 230844  438.72932   38   74  460.01000  426.41301  7.30%  26.0 2001s

 2282208 230542  439.71000   41   31  460.01000  426.47241  7.29%  26.0 2006s

 2285775 230180  454.69500   35   52  460.01000  426.53162  7.28%  26.0 2010s

 2290748 229625 infeasible   48       460.01000  426.61820  7.26%  26.0 2016s

 2295746 229089     cutoff   54       460.01000  426.71116  7.24%  26.0 2021s

 2299182 228797  446.57986   59   57  460.01000  426.77000  7.23%  26.0 2025s

 2302702 228486     cutoff   46       460.01000  426.82901  7.21%  26.0 2030s

 2307848 228034  445.96718   57   59  460.01000  426.91380  7.19%  26.0 2036s

 2311252 227670     cutoff   46       460.01000  426.97108  7.18%  26.0 2040s

 2316506 227229     cutoff   33       460.01000  427.06073  7.16%  26.0 2046s

 2319965 226846  433.61434   45   14  460.01000  427.11619  7.15%  26.0 2050s

 2324920 226395     cutoff   44       460.01000  427.21365  7.13%  26.0 2056s

 2328481 226164  437.47643   43   75  460.01000  427.26476  7.12%  26.0 2060s

 2333727 225606     cutoff   55       460.01000  427.35745  7.10%  26.0 2066s

 2337154 225246     cutoff   43       460.01000  427.42095  7.08%  25.9 2070s

 2342279 224663     cutoff   47       460.01000  427.50882  7.07%  25.9 2076s

 2345490 224343  450.56608   49   52  460.01000  427.57237  7.05%  25.9 2080s

 2350776 223799  438.81737   40   38  460.01000  427.66864  7.03%  25.9 2086s

 2354182 223451 infeasible   52       460.01000  427.72654  7.02%  25.9 2090s

 2359293 222896  443.19010   37   46  460.01000  427.81166  7.00%  25.9 2096s

 2362756 222479 infeasible   51       460.01000  427.86763  6.99%  25.9 2100s

 2367918 221989     cutoff   35       460.01000  427.96110  6.97%  25.9 2106s

 2371558 221669     cutoff   39       460.01000  428.01964  6.95%  25.9 2110s

 2376582 221127  428.54077   40   23  460.01000  428.10104  6.94%  25.9 2116s

 2380022 220736     cutoff   52       460.01000  428.15846  6.92%  25.9 2120s

 2385275 220248     cutoff   55       460.01000  428.24810  6.90%  25.9 2126s

 2388523 219891     cutoff   55       460.01000  428.30408  6.89%  25.9 2130s

 2393731 219379  448.54786   59   41  460.01000  428.39356  6.87%  25.9 2136s

 2397024 218988  455.34808   41   45  460.01000  428.45638  6.86%  25.9 2140s

 2402183 218437     cutoff   53       460.01000  428.54940  6.84%  25.9 2146s

 2405801 218091     cutoff   46       460.01000  428.61200  6.83%  25.9 2150s

 2410659 217466     cutoff   49       460.01000  428.69333  6.81%  25.9 2156s

 2415292 217124     cutoff   38       460.01000  428.76079  6.79%  25.9 2160s

 2419141 216557  450.25480   50   48  460.01000  428.84961  6.77%  25.9 2165s

 2422329 216205  441.44257   56   58  460.01000  428.90032  6.76%  25.9 2170s

 2427482 215649  440.17506   40   24  460.01000  428.99419  6.74%  25.9 2176s

 2431100 215254  447.97632   48   21  460.01000  429.05344  6.73%  25.9 2180s

 2436169 214708     cutoff   42       460.01000  429.14444  6.71%  25.9 2186s

 2439661 214251     cutoff   39       460.01000  429.20084  6.70%  25.9 2190s

 2444824 213633     cutoff   40       460.01000  429.30604  6.67%  25.9 2196s

 2448081 213205  436.21454   44   22  460.01000  429.36000  6.66%  25.8 2200s

 2453189 212488     cutoff   44       460.01000  429.45681  6.64%  25.8 2206s

 2456534 212050  448.78423   40   51  460.01000  429.52104  6.63%  25.8 2210s

 2461584 211387 infeasible   46       460.01000  429.61762  6.61%  25.8 2216s

 2465148 210917 infeasible   48       460.01000  429.67282  6.59%  25.8 2220s

 2470441 210256  435.61096   49   52  460.01000  429.77342  6.57%  25.8 2226s

 2473872 209865  434.44155   50   26  460.01000  429.83804  6.56%  25.8 2230s

 2478992 209158  446.93904   47   58  460.01000  429.93000  6.54%  25.8 2236s

 2482233 208687  455.26827   55   48  460.01000  429.99066  6.53%  25.8 2240s

 2487400 207928  444.86083   41   48  460.01000  430.09211  6.50%  25.8 2246s

 2490796 207463 infeasible   46       460.01000  430.14469  6.49%  25.8 2250s

 2496090 206750  452.88131   37   18  460.01000  430.24739  6.47%  25.8 2256s

 2499565 206258     cutoff   46       460.01000  430.30406  6.46%  25.8 2260s

 2504688 205502  455.00833   49   91  460.01000  430.40209  6.44%  25.8 2266s

 2508093 205047     cutoff   40       460.01000  430.47300  6.42%  25.8 2270s

 2513156 204321  453.56194   49   50  460.01000  430.56550  6.40%  25.8 2276s

 2516600 203851  441.90241   37   59  460.01000  430.62500  6.39%  25.8 2280s

 2521748 203167  439.18491   45   43  460.01000  430.72947  6.37%  25.8 2286s

 2524998 202676     cutoff   46       460.01000  430.78840  6.35%  25.8 2290s

 2528465 202127  448.43058   39  100  460.01000  430.85835  6.34%  25.8 2295s

 2533713 201266  440.18532   36   46  460.01000  430.95979  6.32%  25.8 2301s

 2536974 200707 infeasible   39       460.01000  431.03354  6.30%  25.8 2305s

 2542159 200015  452.39333   41   34  460.01000  431.13913  6.28%  25.8 2311s

 2545715 199557     cutoff   37       460.01000  431.19158  6.26%  25.8 2315s

 2550828 198751     cutoff   43       460.01000  431.29271  6.24%  25.8 2321s

 2554432 198232  436.15307   58   36  460.01000  431.35172  6.23%  25.8 2325s

 2559526 197353  438.65481   55   49  460.01000  431.46341  6.21%  25.8 2331s

 2563084 196817  458.37773   37   88  460.01000  431.52613  6.19%  25.7 2335s

 2568161 196003     cutoff   44       460.01000  431.63108  6.17%  25.7 2341s

 2571461 195472     cutoff   44       460.01000  431.69037  6.16%  25.7 2345s

 2576543 194608  447.74552   40   30  460.01000  431.79472  6.13%  25.7 2351s

 2579962 194082     cutoff   50       460.01000  431.85405  6.12%  25.7 2355s

 2585103 193382  436.40282   44   71  460.01000  431.95623  6.10%  25.7 2361s

 2588599 192809 infeasible   49       460.01000  432.01125  6.09%  25.7 2365s

 2593585 191947  451.99171   50   98  460.01000  432.11704  6.06%  25.7 2371s

 2597240 191383  458.87018   35   18  460.01000  432.18222  6.05%  25.7 2375s

 2602304 190434  456.66178   41   36  460.01000  432.28777  6.03%  25.7 2381s

 2605708 189884     cutoff   39       460.01000  432.35607  6.01%  25.7 2385s

 2610708 189030 infeasible   51       460.01000  432.45396  5.99%  25.7 2391s

 2614176 188449  439.53600   40   32  460.01000  432.52245  5.98%  25.7 2395s

 2619236 187642  435.38407   46   25  460.01000  432.61363  5.96%  25.7 2401s

 2622732 187044     cutoff   53       460.01000  432.69566  5.94%  25.7 2405s

 2627725 186173     cutoff   52       460.01000  432.79503  5.92%  25.7 2411s

 2631204 185584  449.49411   43   38  460.01000  432.86696  5.90%  25.7 2415s

 2636354 184619     cutoff   38       460.01000  432.96952  5.88%  25.7 2421s

 2639673 184059  449.33003   51   17  460.01000  433.03901  5.86%  25.7 2425s

 2645051 183192  445.81739   47   34  460.01000  433.14778  5.84%  25.7 2431s

 2648480 182669     cutoff   52       460.01000  433.21450  5.82%  25.7 2435s

 2651983 182096  438.15889   34   46  460.01000  433.28385  5.81%  25.7 2440s

 2657037 181145  441.02165   42   54  460.01000  433.38139  5.79%  25.7 2446s

 2660393 180531  446.76042   47   80  460.01000  433.44496  5.77%  25.7 2450s

 2665552 179565  448.81500   51   16  460.01000  433.55418  5.75%  25.7 2456s

 2668809 178895  444.06764   52   53  460.01000  433.61120  5.74%  25.6 2460s

 2673979 177918 infeasible   53       460.01000  433.72391  5.71%  25.6 2466s

 2677524 177265 infeasible   51       460.01000  433.79974  5.70%  25.6 2470s

 2682573 176323  448.52429   39   49  460.01000  433.90181  5.68%  25.6 2476s

 2686055 175715  453.21569   42   68  460.01000  433.97525  5.66%  25.6 2480s

 2691268 174724     cutoff   64       460.01000  434.08029  5.64%  25.6 2486s

 2694579 174032  455.40012   57   24  460.01000  434.13856  5.62%  25.6 2490s

 2699628 172951  440.81976   47   57  460.01000  434.25469  5.60%  25.6 2496s

 2703023 172195  447.98868   51   59  460.01000  434.33263  5.58%  25.6 2500s

 2706499 171593     cutoff   55       460.01000  434.40700  5.57%  25.6 2505s

 2711873 170607 infeasible   41       460.01000  434.51583  5.54%  25.6 2511s

 2715183 169964     cutoff   51       460.01000  434.58660  5.53%  25.6 2515s

 2720468 168990     cutoff   35       460.01000  434.69640  5.50%  25.6 2521s

 2723831 168316  452.75285   47   48  460.01000  434.76732  5.49%  25.6 2525s

 2728967 167222  435.54929   47   25  460.01000  434.88000  5.46%  25.6 2531s

 2732480 166532  439.25525   47   40  460.01000  434.95627  5.45%  25.6 2535s

 2737567 165559  443.75416   47   32  460.01000  435.07202  5.42%  25.6 2541s

 2741051 164884     cutoff   46       460.01000  435.13456  5.41%  25.6 2545s

 2746132 163809     cutoff   41       460.01000  435.24800  5.38%  25.6 2551s

 2749514 163008  456.03500   55   30  460.01000  435.31543  5.37%  25.6 2555s

 2754630 161908     cutoff   54       460.01000  435.44001  5.34%  25.6 2561s

 2757969 161131 infeasible   43       460.01000  435.51097  5.33%  25.6 2565s

 2763149 160036     cutoff   52       460.01000  435.62760  5.30%  25.5 2571s

 2766559 159153     cutoff   49       460.01000  435.71000  5.28%  25.5 2575s

 2771630 157963     cutoff   52       460.01000  435.82576  5.26%  25.5 2581s

 2774972 157133     cutoff   54       460.01000  435.90957  5.24%  25.5 2585s

 2780280 156010 infeasible   47       460.01000  436.02530  5.21%  25.5 2591s

 2783668 155290  442.34770   53   20  460.01000  436.10019  5.20%  25.5 2595s

 2788923 154224 infeasible   42       460.01000  436.22189  5.17%  25.5 2601s

 2792232 153433  449.74255   55   89  460.01000  436.29123  5.16%  25.5 2605s

 2797392 152339  456.50959   53   45  460.01000  436.40988  5.13%  25.5 2611s

 2800861 151554  443.24446   41   45  460.01000  436.49308  5.11%  25.5 2615s

 2806166 150393  438.77642   45   28  460.01000  436.60548  5.09%  25.5 2621s

 2809676 149602  452.29814   59   22  460.01000  436.68653  5.07%  25.5 2625s

 2813245 148775  454.46749   47   49  460.01000  436.77321  5.05%  25.5 2630s

 2818503 147662  441.65657   49   15  460.01000  436.89000  5.03%  25.5 2636s

 2821975 146890  442.18529   44   67  460.01000  436.97000  5.01%  25.5 2640s

 2827044 145689     cutoff   36       460.01000  437.09000  4.98%  25.5 2646s

 2830528 144937     cutoff   40       460.01000  437.16498  4.97%  25.5 2650s

 2835650 143796  451.73966   37   53  460.01000  437.27988  4.94%  25.5 2656s

 2838845 142999  442.31054   45   42  460.01000  437.35769  4.92%  25.5 2660s

 2844112 141808 infeasible   41       460.01000  437.47333  4.90%  25.4 2666s

 2847464 140879     cutoff   65       460.01000  437.56437  4.88%  25.4 2670s

 2852649 139630     cutoff   44       460.01000  437.68893  4.85%  25.4 2676s

 2855926 138762 infeasible   68       460.01000  437.76681  4.84%  25.4 2680s

 2861002 137536  441.91959   52   61  460.01000  437.89323  4.81%  25.4 2686s

 2864499 136583  438.79895   33   71  460.01000  437.97468  4.79%  25.4 2690s

 2869625 135153     cutoff   54       460.01000  438.11190  4.76%  25.4 2696s

 2872837 134260     cutoff   48       460.01000  438.18666  4.74%  25.4 2700s

 2878061 132885  456.52507   46   39  460.01000  438.32000  4.72%  25.4 2706s

 2881309 131897  446.64805   40   33  460.01000  438.40133  4.70%  25.4 2710s

 2886524 130536 infeasible   40       460.01000  438.53600  4.67%  25.4 2716s

 2889995 129525     cutoff   53       460.01000  438.61410  4.65%  25.4 2721s

 2893313 128489     cutoff   61       460.01000  438.71018  4.63%  25.4 2725s

 2898697 127084     cutoff   39       460.01000  438.86537  4.60%  25.4 2731s

 2902066 126149     cutoff   40       460.01000  438.95167  4.58%  25.4 2735s

 2907114 124705 infeasible   43       460.01000  439.08465  4.55%  25.4 2741s

 2910676 123653 infeasible   43       460.01000  439.18384  4.53%  25.4 2745s

 2915715 122160 infeasible   43       460.01000  439.32649  4.50%  25.4 2751s

 2919167 121078  445.97367   43   70  460.01000  439.43225  4.47%  25.4 2755s

 2924300 119412  446.48499   51   43  460.01000  439.58338  4.44%  25.3 2761s

 2927790 118356 infeasible   46       460.01000  439.68065  4.42%  25.3 2765s

 2933036 116725     cutoff   51       460.01000  439.84678  4.38%  25.3 2772s

 2936534 115625 infeasible   40       460.01000  439.94621  4.36%  25.3 2776s

 2940026 114521  448.99799   46   49  460.01000  440.04827  4.34%  25.3 2780s

 2945107 113340     cutoff   46       460.01000  440.21057  4.30%  25.3 2785s

 2945997 112821 infeasible   57       460.01000  440.22333  4.30%  25.3 2790s

 2949383 111252  443.63667   48   22  460.01000  440.24516  4.30%  25.3 2796s

 2953551 110464  455.21104   48   15  460.01000  440.47667  4.25%  25.3 2800s

 2955830 109064     cutoff   54       460.01000  440.50161  4.24%  25.3 2805s

 2959900 107712  450.04063   39   23  460.01000  440.58558  4.22%  25.3 2810s

 2963901 106322  458.04400   44   82  460.01000  440.81279  4.17%  25.3 2815s

 2967857 105035  448.83600   56   47  460.01000  440.95250  4.14%  25.3 2820s

 2973423 103072     cutoff   46       460.01000  441.13500  4.10%  25.3 2826s

 2977094 101826 infeasible   50       460.01000  441.25720  4.08%  25.3 2831s

 2980623 100513  441.67860   39   14  460.01000  441.38494  4.05%  25.3 2835s

 2985921 98565  452.65459   45   40  460.01000  441.57043  4.01%  25.2 2841s

 2989343 97318  451.17762   41   22  460.01000  441.68681  3.98%  25.2 2845s

 2992761 96017     cutoff   56       460.01000  441.80345  3.96%  25.2 2850s

 2997929 94185 infeasible   38       460.01000  441.98860  3.92%  25.2 2856s

 3001243 92778     cutoff   43       460.01000  442.11718  3.89%  25.2 2860s

 3006497 90796  449.79404   35   22  460.01000  442.30855  3.85%  25.2 2866s

 3010017 89483     cutoff   38       460.01000  442.44137  3.82%  25.2 2870s

 3015205 87437 infeasible   49       460.01000  442.64888  3.77%  25.2 2876s

 3018695 86117     cutoff   62       460.01000  442.78111  3.75%  25.2 2881s

 3022332 84736     cutoff   48       460.01000  442.93202  3.71%  25.2 2885s

 3027519 82693 infeasible   43       460.01000  443.14801  3.67%  25.2 2891s

 3031010 81455     cutoff   45       460.01000  443.28807  3.64%  25.2 2895s

 3036216 79293  450.57669   58   32  460.01000  443.49688  3.59%  25.2 2901s

 3041289 77104  447.31557   42   43  460.01000  443.72152  3.54%  25.2 2907s

 3044155 75850 infeasible   37       460.01000  443.83521  3.52%  25.2 2911s

 3047945 74248     cutoff   43       460.01000  444.00201  3.48%  25.1 2916s

 3051746 72753     cutoff   49       460.01000  444.18755  3.44%  25.1 2920s

 3057089 70350 infeasible   40       460.01000  444.44000  3.38%  25.1 2926s

 3060726 68771  444.67104   53   35  460.01000  444.61604  3.35%  25.1 2930s

 3065998 66240  452.30877   43   37  460.01000  444.88700  3.29%  25.1 2936s

 3069432 64593     cutoff   48       460.01000  445.06625  3.25%  25.1 2940s

 3074731 62248     cutoff   46       460.01000  445.33982  3.19%  25.1 2946s

 3078234 60498  450.18580   43   29  460.01000  445.53481  3.15%  25.1 2950s

 3083303 57827 infeasible   49       460.01000  445.84500  3.08%  25.1 2956s

 3088623 55296 infeasible   41       460.01000  446.13997  3.02%  25.1 2961s

 3092079 53439  459.26506   51   35  460.01000  446.35826  2.97%  25.0 2965s

 3097215 50836 infeasible   44       460.01000  446.68527  2.90%  25.0 2971s

 3102469 48033     cutoff   38       460.01000  447.05031  2.82%  25.0 2976s

 3105882 46088     cutoff   50       460.01000  447.31243  2.76%  25.0 2980s

 3111215 43249 infeasible   53       460.01000  447.69833  2.68%  25.0 2986s

 3116625 40345     cutoff   34       460.01000  448.12953  2.58%  25.0 2991s

 3119999 38384  457.97946   51   12  460.01000  448.40560  2.52%  25.0 2995s

 3125271 35585     cutoff   37       460.01000  448.84766  2.43%  25.0 3001s

 3128417 33705     cutoff   28       460.01000  449.13988  2.36%  25.0 3005s

 3131777 31712     cutoff   48       460.01000  449.46380  2.29%  24.9 3010s

 3136800 28478     cutoff   42       460.01000  450.00697  2.17%  24.9 3017s

 3140284 26308  451.72020   46   78  460.01000  450.42039  2.08%  24.9 3021s

 3143814 24132 infeasible   49       460.01000  450.79600  2.00%  24.9 3026s

 3147322 21891 infeasible   42       460.01000  451.23112  1.91%  24.9 3031s

 3150872 19454 infeasible   55       460.01000  451.74372  1.80%  24.9 3036s

 3154213 17057     cutoff   45       460.01000  452.30140  1.68%  24.9 3041s

 3158044 14375 infeasible   35       460.01000  452.97015  1.53%  24.9 3046s

 3161690 11737     cutoff   42       460.01000  453.68593  1.37%  24.9 3051s

 3165643  8800  455.35163   53   16  460.01000  454.64617  1.17%  24.8 3057s

 3169354  5717     cutoff   35       460.01000  455.75615  0.92%  24.8 3062s

 3171311  4034     cutoff   53       460.01000  456.45416  0.77%  24.8 3065s

 3175338   280     cutoff   41       460.01000  458.13875  0.41%  24.8 3071s



Cutting planes:

  Learned: 15

  Gomory: 59

  Lift-and-project: 52

  Cover: 113

  Implied bound: 388

  Projected implied bound: 14

  Clique: 298

  MIR: 168

  Mixing: 25

  StrongCG: 51

  Flow cover: 1215

  GUB cover: 4

  Inf proof: 297

  Zero half: 1570

  RLT: 159

  Relax-and-lift: 728



Explored 3177722 nodes (78771140 simplex iterations) in 3073.37 seconds (1516.53 work units)

Thread count was 16 (of 16 available processors)



Solution count 10: 460.01 460.01 469.25 ... 505.95



Optimal solution found (tolerance 1.00e-04)

Best objective 4.600100000000e+02, best bound 4.600100000000e+02, gap 0.0000%



AMPL MP initial flat model has 1373 variables (0 integer, 1329 binary);

Objectives: 1 quadratic; 

Constraints:  682 linear; 8 quadratic;



AMPL MP final model has 1373 variables (0 integer, 1329 binary);

Objectives: 1 quadratic; 

Constraints:  682 linear; 8 quadratic;





-----RESULTS INFO-----
running_time:  3073.719
TC.best_bound:  460.01
TC:  460.01
MIP Gap (%):  0
=== Vehicle Routes ===
Vehicle 1: 0  3
Vehicle 1: 1  17
Vehicle 1: 3  22
Vehicle 1: 14  25
Vehicle 1: 17  14
Vehicle 1: 20  1
Vehicle 1: 22  20
Vehicle 2: 0  18
Vehicle 2: 2  6
Vehicle 2: 4  2
Vehicle 2: 5  25
Vehicle 2: 6  16
Vehicle 2: 16  5
Vehicle 2: 18  4
Vehicle 3: 0  25
Vehicle 4: 0  25

=== Full Vehicle Routes ===
Vehicle 1: 0  3  22  20  1  17  14  0 (87<100)
Vehicle 2: 0  18  4  2  6  16  5  0 (99<100)
Vehicle 3: 0  0 (0<100)
Vehicle 4: 0  0 (0<100)
Arc used by MRT line: y variables:
MRT used: 16  15
Customer assigment to PL: u variables:
7 17
8 18
9 22
10 16
11 20
12 16
13 15
Node is served by regular vehicle: g variables:
1
2
3
4
5
6
14
22
16
17
18
20
Customer assigment to Home delivery: gm variables:
1
2
3
4
5
6
14
Node total demands: ntd variables:
1 9 1
2 6 1
3 3 1
4 8 1
5 8 1
6 14 1
11 0 0
12 0 0
13 0 0
14 18 1
21 0 0
22 20 1
23 0 0
24 0 0
15 0 0
16 39 1
17 16 1
18 24 1
19 0 0
20 21 1
Customer's demand delivered to PL: l variables:
7
8
9
10
11
12
13
Lockers load <= capacity:
0 <= 86
20 <= 76
0 <= 100
0 <= 98
8 <= 88
31 <= 98
16 <= 85
24 <= 98
0 <= 100
21 <= 93
