Gurobi 12.0.3:   lim:time = 14400

  mip:bestbound = 1

Set parameter LogToConsole to value 1

  tech:outlev = 1

Set parameter Cuts to value 3

  cut:cuts = 3

Set parameter Presolve to value 2

  pre:solve = 2

Set parameter MIPFocus to value 2

  mip:focus = 2

Set parameter Symmetry to value 2

  mip:symmetry = 2

Set parameter InfUnbdInfo to value 1

Gurobi Optimizer version 12.0.3 build v12.0.3rc0 (win64 - Windows 10.0 (19045.2))



CPU model: Intel(R) Core(TM) i7-10700 CPU @ 2.90GHz, instruction set [SSE2|AVX|AVX2]

Thread count: 8 physical cores, 16 logical processors, using up to 16 threads



Non-default parameters:

TimeLimit  14400

MIPFocus  2

Symmetry  2

Cuts  3

InfUnbdInfo  1

Presolve  2



Optimize a model with 582 rows, 1448 columns and 8541 nonzeros

Model fingerprint: 0xc56dca93

Model has 4 quadratic constraints

Variable types: 44 continuous, 1404 integer (0 binary)

Coefficient statistics:

  Matrix range     [1e+00, 1e+05]

  QMatrix range    [1e+00, 1e+00]

  QLMatrix range   [1e+01, 2e+01]

  Objective range  [4e+00, 1e+02]

  Bounds range     [1e+00, 1e+02]

  RHS range        [1e+00, 1e+05]

  QRHS range       [1e+02, 1e+02]

Presolve removed 36 rows and 97 columns

Presolve time: 0.54s

Presolved: 1366 rows, 2167 columns, 13595 nonzeros

Variable types: 17 continuous, 2150 integer (1663 binary)

Root relaxation presolve removed 21 rows and 0 columns

Root relaxation presolved: 1000 rows, 1822 columns, 18276 nonzeros





Root relaxation: objective 8.738558e+01, 335 iterations, 0.03 seconds (0.03 work units)



    Nodes    |    Current Node    |     Objective Bounds      |     Work

 Expl Unexpl |  Obj  Depth IntInf | Incumbent    BestBd   Gap | It/Node Time



     0     0   87.38558    0   61          -   87.38558      -     -    0s

H    0     0                     442.7100000   87.38558  80.3%     -    1s

     0     0  203.16029    0  100  442.71000  203.16029  54.1%     -    1s

     0     0  203.16029    0   62  442.71000  203.16029  54.1%     -    1s

     0     0  203.16029    0   56  442.71000  203.16029  54.1%     -    1s

     0     0  203.16029    0   62  442.71000  203.16029  54.1%     -    1s

H    0     0                     426.5500000  204.02240  52.2%     -    1s

     0     0  204.02240    0   51  426.55000  204.02240  52.2%     -    1s

     0     0  204.02240    0   61  426.55000  204.02240  52.2%     -    1s

H    0     0                     425.0000000  204.02240  52.0%     -    1s

H    0     0                     423.4000000  204.02240  51.8%     -    1s

     0     0  204.32000    0   52  423.40000  204.32000  51.7%     -    2s

     0     0  204.32000    0   50  423.40000  204.32000  51.7%     -    2s

     0     0  204.32000    0   71  423.40000  204.32000  51.7%     -    2s

     0     0  204.32000    0   71  423.40000  204.32000  51.7%     -    2s

     0     2  204.37504    0   71  423.40000  204.37504  51.7%     -    2s

H   49    49                     396.0200000  204.37504  48.4%  58.5    2s

H   52    60                     395.9700000  204.37504  48.4%  58.0    2s

H  261   223                     390.1900000  204.37504  47.6%  33.4    3s

H 1303  1117                     372.6900000  206.44667  44.6%  24.2    4s

  1927  1393  214.55401    8  502  372.69000  207.64826  44.3%  23.5    5s

H 1940  1331                     369.9000000  207.64826  43.9%  23.4    7s

H 1940  1264                     362.3100000  207.64826  42.7%  23.4    7s

H 1940  1201                     360.6000000  207.64826  42.4%  23.4    7s

H 1977  1177                     359.8000000  207.64826  42.3%  26.0    9s

H 1981  1119                     356.4400000  207.64826  41.7%  26.1    9s

H 1982  1064                     355.6400000  207.64826  41.6%  26.1    9s

  2348  1267  207.64826   28  110  355.64000  207.64826  41.6%  29.5   10s

H 2372  1207                     342.6200000  207.64826  39.4%  29.6   10s

  9715  4319  268.17148   40   87  342.62000  215.08406  37.2%  27.4   15s

 16502  8601  236.80660   35   67  342.62000  216.67840  36.8%  24.5   20s

 22582 11518  220.13933   36   57  342.62000  218.57249  36.2%  23.5   25s

 29210 15251  223.14709   59   30  342.62000  219.48226  35.9%  22.8   30s

 35219 17887  249.12582   40   78  342.62000  220.50591  35.6%  22.2   35s

 40559 20298  283.21409   48    8  342.62000  221.40016  35.4%  22.2   41s

 44515 21714  226.41359   28   36  342.62000  222.18715  35.2%  22.3   45s

 49987 23320  286.96907   44   10  342.62000  223.20909  34.9%  22.3   50s

 54467 25257  248.55409   30   66  342.62000  224.23569  34.6%  22.4   55s

 59684 26924  332.93373   44   48  342.62000  225.29938  34.2%  22.5   60s

 64728 28777  336.69507   43   13  342.62000  226.29034  34.0%  22.6   65s

 69435 30182     cutoff   37       342.62000  226.84122  33.8%  22.6   70s

 74827 32103  266.42570   42   37  342.62000  227.76611  33.5%  22.6   76s

 80241 33664  258.77285   40  100  342.62000  228.62129  33.3%  22.8   81s

 85518 34984  297.13178   51   46  342.62000  229.61189  33.0%  22.8   86s

 85965 36793  299.55420   37   95  342.62000  229.66540  33.0%  22.8   92s

 93793 37826 infeasible   45       342.62000  230.82957  32.6%  22.9   96s

 99277 39310 infeasible   50       342.62000  231.88000  32.3%  23.0  100s

 106218 40978 infeasible   45       342.62000  233.02387  32.0%  23.0  106s

 111057 42318 infeasible   44       342.62000  233.87025  31.7%  23.1  110s

 117892 44227  265.21417   29   67  342.62000  234.91273  31.4%  23.2  116s

 122988 45260 infeasible   51       342.62000  235.79273  31.2%  23.3  120s

 128166 46346  334.13470   49   31  342.62000  236.66233  30.9%  23.4  125s

 134110 47956  297.43747   35   40  342.62000  237.64750  30.6%  23.4  131s

 139818 49226  314.54641   23   40  342.62000  238.53294  30.4%  23.5  135s

 145026 50438  306.59492   41   39  342.62000  239.36264  30.1%  23.5  140s

 150282 51459  286.68045   51   30  342.62000  240.20625  29.9%  23.5  145s

 157212 52956  293.30631   36   44  342.62000  241.27114  29.6%  23.6  151s

 162278 54008 infeasible   47       342.62000  242.17108  29.3%  23.6  155s

 167327 55034  325.19125   41   34  342.62000  242.92989  29.1%  23.7  160s

 171265 55900  339.70864   44   67  342.62000  243.49508  28.9%  23.7  165s

 177869 57016  300.51634   39   49  342.62000  244.76936  28.6%  23.7  170s

 183434 57968  324.03918   39   73  342.62000  245.62288  28.3%  23.7  175s

 190119 59254  288.03623   39   44  342.62000  246.71839  28.0%  23.8  181s

 195453 60251  319.54583   45   82  342.62000  247.68808  27.7%  23.9  186s

 200595 61205  317.86722   39   78  342.62000  248.41035  27.5%  23.9  190s

 205662 62148 infeasible   61       342.62000  249.20943  27.3%  23.9  195s

 212411 63364     cutoff   58       342.62000  250.30424  26.9%  23.9  201s

 217384 64107  308.00627   44   44  342.62000  251.14875  26.7%  23.9  206s

 222630 64889 infeasible   39       342.62000  252.00589  26.4%  24.0  211s

 227932 65434  302.67605   39   52  342.62000  252.90329  26.2%  24.0  215s

 231857 66238  336.66885   42   30  342.62000  253.51152  26.0%  24.0  220s

 238276 67132 infeasible   65       342.62000  254.63692  25.7%  24.0  225s

 243648 67885  307.70805   34   65  342.62000  255.33263  25.5%  24.0  230s

 250281 69047 infeasible   51       342.62000  256.26339  25.2%  24.1  236s

 255117 69838  291.19650   45   48  342.62000  256.85589  25.0%  24.1  240s

 260228 70794  304.00000   48   59  342.62000  257.33177  24.9%  24.1  245s

 266979 71552 infeasible   37       342.62000  258.59019  24.5%  24.1  251s

 271986 72142  311.40458   60   31  342.62000  259.31996  24.3%  24.2  255s

 276949 72720  316.05500   50   25  342.62000  260.04384  24.1%  24.2  260s

 283538 73208  313.41383   53   60  342.62000  261.13944  23.8%  24.3  266s

 288310 73529  326.16553   41   58  342.62000  261.93562  23.5%  24.3  270s

 293363 73889  327.23429   58   39  342.62000  262.76906  23.3%  24.3  275s

 298417 74380  307.57167   38   50  342.62000  263.68360  23.0%  24.4  280s

 305165 74904  312.52500   46   39  342.62000  264.65882  22.8%  24.4  285s

 310198 75304     cutoff   42       342.62000  265.54509  22.5%  24.4  290s

 315289 75479     cutoff   42       342.62000  266.21532  22.3%  24.5  295s

 319985 75625 infeasible   38       342.62000  267.15275  22.0%  24.5  300s

 326818 75964  317.43352   40   24  342.62000  268.23975  21.7%  24.5  306s

 332163 76209  331.43225   40   38  342.62000  269.13667  21.4%  24.6  311s

 337431 76395  332.04402   39   62  342.62000  269.94784  21.2%  24.6  315s

 342343 76416 infeasible   33       342.62000  270.77773  21.0%  24.6  320s

 346552 76607 infeasible   57       342.62000  271.43796  20.8%  24.6  325s

 352525 76851 infeasible   41       342.62000  272.27772  20.5%  24.7  331s

 357533 76928     cutoff   38       342.62000  273.19791  20.3%  24.7  336s

 362626 77113  298.91404   36   91  342.62000  274.05467  20.0%  24.8  340s

 367646 77360  325.31154   50   65  342.62000  274.89663  19.8%  24.8  345s

 374320 77821  340.97322   53   37  342.62000  275.88563  19.5%  24.8  351s

 379517 78065 infeasible   42       342.62000  276.61325  19.3%  24.8  356s

 384191 78332 infeasible   51       342.62000  277.33544  19.1%  24.9  361s

 389119 78598  323.74754   47   15  342.62000  277.96500  18.9%  24.9  365s

 393934 78974  313.97643   41   52  342.62000  278.74262  18.6%  24.9  370s

 399082 79448  331.97821   57   38  342.62000  279.52986  18.4%  24.9  375s

 404359 79761     cutoff   34       342.62000  280.29899  18.2%  24.9  380s

 409135 80117  342.49164   45   29  342.62000  281.05315  18.0%  25.0  385s

 414446 80521 infeasible   35       342.62000  281.69062  17.8%  25.0  390s

 420054 81106  333.47590   32   41  342.62000  282.46000  17.6%  25.0  395s

 425616 81639 infeasible   39       342.62000  283.16600  17.4%  25.0  400s

 429211 81951  317.15813   39   79  342.62000  283.58716  17.2%  25.0  405s

 435284 82580  325.14699   46   60  342.62000  284.36740  17.0%  25.0  410s

 440746 83135  307.60236   42  106  342.62000  285.11085  16.8%  25.0  415s

 446006 83732  293.94957   43   63  342.62000  285.77245  16.6%  25.0  420s

 450864 84249  319.04095   42   64  342.62000  286.26029  16.4%  25.0  425s

 456339 84770  297.80246   52   48  342.62000  286.89103  16.3%  25.0  430s

 461351 85212  320.46678   44   46  342.62000  287.50455  16.1%  25.0  435s

 466628 85727  319.63500   54   22  342.62000  288.02702  15.9%  25.0  441s

 471413 86291     cutoff   58       342.62000  288.55438  15.8%  25.0  446s

 475078 86783  322.12370   46   36  342.62000  288.91355  15.7%  25.0  450s

 480210 87286  328.15184   44   37  342.62000  289.39418  15.5%  25.0  455s

 485411 87910  323.25714   43   57  342.62000  289.80920  15.4%  25.0  460s

 490161 88523 infeasible   44       342.62000  290.35294  15.3%  25.0  466s

 494049 88938  312.89772   33   51  342.62000  290.74171  15.1%  25.0  470s

 498955 89511  332.24444   42   63  342.62000  291.00510  15.1%  25.0  475s

 502514 90253  318.51404   42   32  342.62000  291.45000  14.9%  25.0  481s

 506141 90771  305.09778   35   42  342.62000  291.72447  14.9%  25.0  485s

 510839 91375  324.61188   46   55  342.62000  292.13831  14.7%  25.0  491s

 514235 91810  321.51888   46   61  342.62000  292.39912  14.7%  25.0  495s

 519200 92497  300.78143   44   35  342.62000  292.75175  14.6%  25.0  501s

 522281 93004 infeasible   61       342.62000  292.99276  14.5%  25.0  505s

 527660 93732  319.82559   37   56  342.62000  293.39784  14.4%  25.0  511s

 530978 94318  320.87698   66   58  342.62000  293.63347  14.3%  25.0  515s

 535621 94957 infeasible   38       342.62000  294.00818  14.2%  25.0  522s

 537439 95166 infeasible   56       342.62000  294.10206  14.2%  25.0  525s

 540983 95678     cutoff   49       342.62000  294.36455  14.1%  25.0  531s

 544454 96143  300.12512   48   43  342.62000  294.56331  14.0%  25.0  536s

 547726 96671  323.01000   30   39  342.62000  294.81238  14.0%  25.0  540s

 553029 97304  331.85592   58   34  342.62000  295.12602  13.9%  25.0  546s

 556773 98026  305.73167   44   50  342.62000  295.31340  13.8%  25.0  551s

 561053 98552  303.89167   29   51  342.62000  295.63844  13.7%  25.0  555s

 566320 99326 infeasible   44       342.62000  295.96500  13.6%  25.0  561s

 570056 99724 infeasible   57       342.62000  296.21480  13.5%  25.0  565s

 575238 100338  321.46000   49   30  342.62000  296.47440  13.5%  25.0  571s

 578566 100765     cutoff   36       342.62000  296.72204  13.4%  24.9  575s

 583315 101389 infeasible   52       342.62000  297.03865  13.3%  25.0  581s

 586450 101894  310.23088   37   34  342.62000  297.22725  13.2%  25.0  585s

 591812 102602  325.72500   52   38  342.62000  297.52643  13.2%  24.9  591s

 594710 102986  316.19881   37   78  342.62000  297.64467  13.1%  24.9  596s

 597864 103385  311.95721   53   36  342.62000  297.88943  13.1%  24.9  601s

 603049 103998  308.77221   42   67  342.62000  298.15708  13.0%  24.9  606s

 606745 104434  311.09438   50   22  342.62000  298.34367  12.9%  24.9  610s

 611769 105124  339.53577   64   25  342.62000  298.62596  12.8%  24.9  616s

 615081 105543     cutoff   40       342.62000  298.79556  12.8%  24.9  620s

 619979 106288     cutoff   56       342.62000  299.05000  12.7%  24.9  626s

 623691 106686 infeasible   63       342.62000  299.22219  12.7%  24.9  631s

 626895 107098 infeasible   36       342.62000  299.38079  12.6%  24.9  636s

 630523 107622     cutoff   37       342.62000  299.60178  12.6%  24.9  640s

 634358 107973 infeasible   50       342.62000  299.76655  12.5%  24.9  645s

 639632 108618  327.32109   49   55  342.62000  300.03830  12.4%  24.9  650s

 642789 109129  322.17035   49   18  342.62000  300.20000  12.4%  24.9  655s

 647522 109750     cutoff   55       342.62000  300.40509  12.3%  24.9  660s

 652944 110438  325.48593   38   31  342.62000  300.66694  12.2%  24.9  666s

 656583 110985 infeasible   70       342.62000  300.81888  12.2%  24.9  670s

 661820 111704  312.67129   41   50  342.62000  301.05800  12.1%  24.9  676s

 665032 112038  309.40600   43   36  342.62000  301.20000  12.1%  24.9  680s

 669683 112648  339.07661   57   26  342.62000  301.37692  12.0%  24.9  686s

 673133 113034  312.99385   67   25  342.62000  301.51774  12.0%  24.9  690s

 678160 113563     cutoff   41       342.62000  301.74934  11.9%  24.9  696s

 683538 114126  336.50432   41   67  342.62000  301.98378  11.9%  24.9  700s

 688783 114899  318.65787   85   34  342.62000  302.19000  11.8%  24.9  706s

 692093 115239     cutoff   58       342.62000  302.33247  11.8%  24.9  710s

 697018 115814     cutoff   42       342.62000  302.55026  11.7%  24.9  715s

 702329 116387 infeasible   47       342.62000  302.73549  11.6%  24.9  720s

 709277 117125 infeasible   47       342.62000  303.03891  11.6%  24.9  726s

 714524 117626     cutoff   73       342.62000  303.25857  11.5%  24.9  730s

 720060 118170 infeasible   34       342.62000  303.46000  11.4%  24.8  735s

 725091 120011  305.66173   40   63  342.62000  303.65663  11.4%  24.8  760s

 740770 120062 infeasible   55       342.62000  303.94000  11.3%  24.8  765s

 745349 120704     cutoff   47       342.62000  304.07977  11.2%  24.8  770s

 750029 121343     cutoff   45       342.62000  304.25902  11.2%  24.8  775s

 755185 122026  309.97702   38   33  342.62000  304.42526  11.1%  24.8  780s

 760416 122740  336.07472   41   38  342.62000  304.59934  11.1%  24.8  786s

 763706 123175  328.82433   54   30  342.62000  304.71065  11.1%  24.8  790s

 769125 123571     cutoff   60       342.62000  304.89568  11.0%  24.8  795s

 774116 124063  331.08733   45   42  342.62000  305.09845  11.0%  24.8  800s

 778926 124709 infeasible   52       342.62000  305.28638  10.9%  24.8  806s

 782572 125138  315.60500   50   32  342.62000  305.39906  10.9%  24.8  810s

 788010 125653  329.82000   51   47  342.62000  305.58750  10.8%  24.8  815s

 792698 126098  309.29104   40   49  342.62000  305.74931  10.8%  24.8  821s

 797652 126696 infeasible   43       342.62000  305.91032  10.7%  24.8  826s

 801344 127158  332.32875   44   34  342.62000  306.01577  10.7%  24.8  830s

 806043 127758 infeasible   47       342.62000  306.15953  10.6%  24.8  835s

 811339 128125  322.83450   51   40  342.62000  306.36667  10.6%  24.8  841s

 814504 128584  334.57696   46   57  342.62000  306.45149  10.6%  24.8  845s

 820022 129124  328.74224   39   56  342.62000  306.63101  10.5%  24.8  850s

 825020 129625 infeasible   52       342.62000  306.77940  10.5%  24.8  856s

 828692 129932  309.25069   32   20  342.62000  306.89437  10.4%  24.8  860s

 833022 130374 infeasible   58       342.62000  307.01795  10.4%  24.8  866s

 838735 130942  310.01065   50   52  342.62000  307.18937  10.3%  24.7  871s

 842508 131282 infeasible   59       342.62000  307.29283  10.3%  24.7  875s

 847771 131868  326.62169   60   31  342.62000  307.43486  10.3%  24.7  881s

 853062 132402  333.83080   42   36  342.62000  307.59495  10.2%  24.7  886s

 856269 132731     cutoff   61       342.62000  307.68507  10.2%  24.7  890s

 861240 133415  314.62167   46   34  342.62000  307.82560  10.2%  24.7  896s

 865048 133935  314.21333   62   22  342.62000  307.92859  10.1%  24.7  901s

 868538 134236 infeasible   58       342.62000  308.02453  10.1%  24.7  905s

 874179 134713  328.41481   51   42  342.62000  308.16492  10.1%  24.7  911s

 877026 135031  333.45615   42   23  342.62000  308.25570  10.0%  24.7  915s

 882869 135649 infeasible   64       342.62000  308.41947  10.0%  24.7  921s

 887261 135881 infeasible   52       342.62000  308.53097  9.95%  24.7  927s

 890734 136038  312.19745   46   66  342.62000  308.61318  9.93%  24.7  930s

 894593 136521 infeasible   45       342.62000  308.71298  9.90%  24.7  936s

 897353 136777 infeasible   52       342.62000  308.78252  9.88%  24.7  941s

 901477 137032  317.48495   55   59  342.62000  308.89326  9.84%  24.7  945s

 906721 137532     cutoff   56       342.62000  309.03752  9.80%  24.7  951s

 910405 137812  309.35362   49   30  342.62000  309.13739  9.77%  24.7  956s

 913976 138077  312.16245   39   92  342.62000  309.22532  9.75%  24.7  960s

 919205 138484  319.60918   60   27  342.62000  309.34288  9.71%  24.7  966s

 922445 138664 infeasible   57       342.62000  309.42346  9.69%  24.7  970s

 925928 139045  338.26399   41   23  342.62000  309.52201  9.66%  24.7  975s

 930895 139430     cutoff   65       342.62000  309.63648  9.63%  24.6  981s

 934110 139591  324.59183   41   41  342.62000  309.71835  9.60%  24.6  985s

 939045 139957 infeasible   57       342.62000  309.82905  9.57%  24.6  991s

 942591 140188  312.52268   58   30  342.62000  309.90478  9.55%  24.6  995s

 947913 140398  313.61917   51   46  342.62000  310.05028  9.51%  24.6 1000s

 951573 140636  340.53056   47   17  342.62000  310.09798  9.49%  24.6 1006s

 953855 140785     cutoff   56       342.62000  310.16826  9.47%  24.6 1010s

 957150 141183 infeasible   43       342.62000  310.22141  9.46%  24.6 1015s

 962014 141466  329.22173   34   37  342.62000  310.37113  9.41%  24.6 1021s

 965651 141829  337.40875   35   71  342.62000  310.44737  9.39%  24.6 1025s

 970797 142141  313.47357   39   73  342.62000  310.56135  9.36%  24.6 1031s

 974310 142423  314.52694   48   74  342.62000  310.63845  9.33%  24.6 1036s

 977679 142512     cutoff   57       342.62000  310.71733  9.31%  24.6 1040s

 982728 142685     cutoff   44       342.62000  310.83709  9.28%  24.6 1046s

 985891 142794  336.38000   40   37  342.62000  310.91662  9.25%  24.6 1050s

 991360 142978  325.71978   50   32  342.62000  311.03832  9.22%  24.6 1056s

 994601 143143  334.92714   53   40  342.62000  311.11866  9.19%  24.6 1061s

 998222 143382  329.88760   47   33  342.62000  311.20767  9.17%  24.6 1065s

 1003253 143676 infeasible   58       342.62000  311.32707  9.13%  24.6 1071s

 1006330 143875  334.33083   43   15  342.62000  311.39963  9.11%  24.6 1075s

 1009719 144193 infeasible   42       342.62000  311.47500  9.09%  24.6 1080s

 1014959 144507     cutoff   38       342.62000  311.59105  9.06%  24.6 1086s

 1018544 144661     cutoff   41       342.62000  311.66812  9.03%  24.6 1090s

 1023054 144958  329.73516   50   26  342.62000  311.76715  9.00%  24.6 1096s

 1026515 145135     cutoff   51       342.62000  311.84308  8.98%  24.6 1100s

 1029976 145366     cutoff   44       342.62000  311.93031  8.96%  24.6 1105s

 1034945 145682  327.08264   51   49  342.62000  312.03000  8.93%  24.6 1111s

 1038429 145859 infeasible   38       342.62000  312.10781  8.91%  24.6 1115s

 1041566 146015 infeasible   57       342.62000  312.18360  8.88%  24.6 1120s

 1046421 146209  317.47841   33   13  342.62000  312.28067  8.86%  24.6 1126s

 1049784 146294  340.36480   64   18  342.62000  312.35434  8.83%  24.6 1130s

 1053089 146510  337.30270   54   30  342.62000  312.41020  8.82%  24.6 1135s

 1056717 146625  312.52121   38   32  342.62000  312.48368  8.80%  24.6 1140s

 1060180 146671  324.44500   60   16  342.62000  312.56875  8.77%  24.6 1145s

 1065099 146868  317.67027   47  108  342.62000  312.67385  8.74%  24.6 1152s

 1068787 146870     cutoff   54       342.62000  312.75484  8.72%  24.6 1156s

 1071123 147108     cutoff   52       342.62000  312.80465  8.70%  24.6 1160s

 1074772 147237  319.31224   45   60  342.62000  312.87833  8.68%  24.6 1165s

 1078584 147292  326.33255   47   42  342.62000  312.96214  8.66%  24.5 1170s

 1083815 147351  327.19134   50   30  342.62000  313.06854  8.63%  24.5 1177s

 1087338 147414 infeasible   44       342.62000  313.14945  8.60%  24.5 1181s

 1090426 147525     cutoff   80       342.62000  313.21759  8.58%  24.5 1186s

 1093913 147591  331.56449   72   30  342.62000  313.28994  8.56%  24.5 1190s

 1097430 147649  340.91875   51   42  342.62000  313.37452  8.54%  24.5 1195s

 1102254 147638     cutoff   58       342.62000  313.49588  8.50%  24.5 1202s

 1105897 147777  335.25430   59   25  342.62000  313.57611  8.48%  24.5 1206s

 1109195 147942  317.92014   46   61  342.62000  313.63967  8.46%  24.5 1210s

 1112368 148028  319.13077   48   32  342.62000  313.71031  8.44%  24.5 1215s

 1117250 148129 infeasible   61       342.62000  313.81617  8.41%  24.5 1221s

 1120947 148080  332.43359   42   22  342.62000  313.89724  8.38%  24.5 1226s

 1124345 148132  332.75249   40   69  342.62000  313.97250  8.36%  24.5 1230s

 1127685 148196  337.52500   51   22  342.62000  314.03637  8.34%  24.5 1235s

 1131225 148231  322.35878   68   32  342.62000  314.10987  8.32%  24.5 1240s

 1136147 148302  330.67904   40   65  342.62000  314.21885  8.29%  24.5 1246s

 1139593 148316 infeasible   51       342.62000  314.29154  8.27%  24.5 1251s

 1143227 148293 infeasible   54       342.62000  314.36732  8.25%  24.5 1256s

 1146823 148311 infeasible   57       342.62000  314.44851  8.22%  24.5 1261s

 1150140 148237  320.94927   43   44  342.62000  314.52210  8.20%  24.5 1266s

 1153806 148325     cutoff   43       342.62000  314.59623  8.18%  24.5 1270s

 1156730 148288  336.40230   50   37  342.62000  314.65600  8.16%  24.5 1275s

 1161026 148242  320.97455   37   42  342.62000  314.72675  8.14%  24.5 1280s

 1165829 148183 infeasible   51       342.62000  314.84134  8.11%  24.5 1287s

 1169199 148165  320.05525   50   58  342.62000  314.90412  8.09%  24.5 1291s

 1172592 148121  340.95765   51   42  342.62000  314.97116  8.07%  24.5 1296s

 1176065 148052  321.91885   45   44  342.62000  315.04666  8.05%  24.5 1301s

 1179637 148015 infeasible   58       342.62000  315.11636  8.03%  24.5 1305s

 1182501 147980 infeasible   61       342.62000  315.17521  8.01%  24.5 1310s

 1186111 147889     cutoff   67       342.62000  315.25432  7.99%  24.5 1315s

 1190765 147817 infeasible   66       342.62000  315.33147  7.96%  24.5 1320s

 1194525 147738  324.18875   39   42  342.62000  315.43333  7.93%  24.5 1327s

 1198169 147642 infeasible   50       342.62000  315.51011  7.91%  24.5 1332s

 1201529 147517 infeasible   35       342.62000  315.58086  7.89%  24.5 1337s

 1205235 147325     cutoff   37       342.62000  315.65055  7.87%  24.5 1341s

 1208450 147189  325.89468   66   41  342.62000  315.72375  7.85%  24.5 1346s

 1211903 147163 infeasible   54       342.62000  315.80761  7.83%  24.5 1351s

 1214989 147161 infeasible   57       342.62000  315.86500  7.81%  24.5 1355s

 1218222 147078  334.58352   31   44  342.62000  315.93471  7.79%  24.5 1360s

 1221788 146931     cutoff   54       342.62000  316.01568  7.76%  24.5 1365s

 1225713 146821     cutoff   48       342.62000  316.08552  7.74%  24.5 1370s

 1226688 146704 infeasible   44       342.62000  316.10511  7.74%  24.5 1375s

 1230484 146649 infeasible   53       342.62000  316.20000  7.71%  24.5 1381s

 1234046 146602 infeasible   53       342.62000  316.27170  7.69%  24.5 1387s

 1237833 146597  329.54621   53   59  342.62000  316.34839  7.67%  24.5 1392s

 1240988 146479  336.59000   63   29  342.62000  316.41443  7.65%  24.5 1396s

 1244233 146389  327.66000   53   35  342.62000  316.48419  7.63%  24.5 1400s

 1249466 146226 infeasible   50       342.62000  316.58985  7.60%  24.5 1406s

 1253048 146089  332.28787   60   40  342.62000  316.66195  7.58%  24.5 1411s

 1256369 146038  327.90983   39   64  342.62000  316.74800  7.55%  24.5 1415s

 1259854 145908     cutoff   48       342.62000  316.82082  7.53%  24.5 1420s

 1265080 145630  332.93643   56   49  342.62000  316.93195  7.50%  24.5 1426s

 1268555 145533  318.06035   70   61  342.62000  316.99877  7.48%  24.5 1431s

 1272177 145389  319.59840   67   62  342.62000  317.08167  7.45%  24.5 1435s

 1276250 145187  328.23031   44   46  342.62000  317.16408  7.43%  24.5 1442s

 1279839 145134     cutoff   54       342.62000  317.24132  7.41%  24.5 1446s

 1283469 144983  332.68422   71   22  342.62000  317.30637  7.39%  24.5 1451s

 1286939 144851  329.60940   62   30  342.62000  317.37643  7.37%  24.5 1456s

 1290497 144700  325.17565   55   54  342.62000  317.45125  7.35%  24.5 1461s

 1293928 144473     cutoff   51       342.62000  317.51679  7.33%  24.5 1465s

 1297673 144283 infeasible   63       342.62000  317.59871  7.30%  24.5 1470s

 1300973 144064  325.33578   34   43  342.62000  317.65833  7.29%  24.5 1475s

 1306302 143881  331.76469   55   90  342.62000  317.77187  7.25%  24.5 1481s

 1309207 143662     cutoff   53       342.62000  317.82219  7.24%  24.5 1486s

 1312686 143437 infeasible   52       342.62000  317.90179  7.21%  24.5 1491s

 1316212 143334 infeasible   60       342.62000  317.97617  7.19%  24.5 1495s

 1319699 143161  323.80583   51   41  342.62000  318.03455  7.18%  24.5 1500s

 1323269 142997  329.11929   48   44  342.62000  318.10694  7.15%  24.5 1505s

 1326972 142772     cutoff   43       342.62000  318.18000  7.13%  24.5 1510s

 1331911 142516  321.89194   61   66  342.62000  318.28539  7.10%  24.5 1516s

 1335420 142365  330.23876   52   32  342.62000  318.35875  7.08%  24.5 1521s

 1339083 142263 infeasible   61       342.62000  318.42696  7.06%  24.5 1525s

 1344081 141911     cutoff   48       342.62000  318.52823  7.03%  24.5 1532s

 1347682 141626  330.25860   45   25  342.62000  318.59961  7.01%  24.5 1536s

 1350948 141311  338.45362   50   40  342.62000  318.68000  6.99%  24.5 1541s

 1354461 141149 infeasible   41       342.62000  318.75143  6.97%  24.5 1545s

 1359693 140789  325.53304   55   17  342.62000  318.86000  6.93%  24.5 1551s

 1363149 140529  335.28239   60   25  342.62000  318.92421  6.92%  24.5 1556s

 1366704 140365  328.28102   52   75  342.62000  318.98958  6.90%  24.5 1560s

 1370094 140259  320.57367   45   51  342.62000  319.06000  6.88%  24.5 1565s

 1375090 139880     cutoff   54       342.62000  319.14340  6.85%  24.5 1571s

 1378281 139605  322.27815   46   51  342.62000  319.21676  6.83%  24.5 1575s

 1381824 139377 infeasible   68       342.62000  319.28983  6.81%  24.5 1581s

 1385026 139099  323.19843   58   70  342.62000  319.34882  6.79%  24.5 1585s

 1388452 138771  327.79154   59   34  342.62000  319.41775  6.77%  24.4 1590s

 1393743 138581 infeasible   49       342.62000  319.51977  6.74%  24.4 1597s

 1397145 138289  330.27920   38   39  342.62000  319.58406  6.72%  24.4 1601s

 1400653 137935  332.00120   49   35  342.62000  319.67134  6.70%  24.4 1605s

 1404068 137693  336.35427   51   43  342.62000  319.74355  6.68%  24.4 1610s

 1409240 137327  330.92698   37   46  342.62000  319.85000  6.65%  24.4 1617s

 1412937 137057 infeasible   54       342.62000  319.91586  6.63%  24.4 1621s

 1416188 136711  330.19120   47   43  342.62000  319.98608  6.61%  24.4 1626s

 1419911 136366  320.11012   62   22  342.62000  320.06081  6.58%  24.4 1630s

 1423330 136138  331.02021   62   49  342.62000  320.12656  6.57%  24.4 1635s

 1428278 135611  333.11522   56   48  342.62000  320.23387  6.53%  24.4 1642s

 1431227 135254     cutoff   52       342.62000  320.29508  6.52%  24.4 1646s

 1435096 134869 infeasible   58       342.62000  320.38223  6.49%  24.4 1651s

 1438420 134660 infeasible   45       342.62000  320.44058  6.47%  24.4 1655s

 1442005 134305  324.09641   49   51  342.62000  320.52729  6.45%  24.4 1660s

 1447074 133821  331.06833   49   42  342.62000  320.64000  6.42%  24.4 1667s

 1450544 133478  334.43384   41   33  342.62000  320.70936  6.40%  24.4 1671s

 1454010 133242     cutoff   49       342.62000  320.78893  6.37%  24.4 1676s

 1456090 133040  333.28493   56   38  342.62000  320.81667  6.36%  24.4 1680s

 1459899 132639     cutoff   50       342.62000  320.90000  6.34%  24.4 1685s

 1465494 132124  330.78412   55   17  342.62000  321.01769  6.31%  24.4 1692s

 1468923 131842 infeasible   58       342.62000  321.09500  6.28%  24.4 1696s

 1472529 131572 infeasible   70       342.62000  321.16154  6.26%  24.4 1701s

 1475850 131251  333.64759   42   74  342.62000  321.22543  6.24%  24.4 1706s

 1479377 130698  328.24077   49   66  342.62000  321.30802  6.22%  24.4 1710s

 1482862 130263  331.03814   52   52  342.62000  321.38831  6.20%  24.4 1715s

 1486251 129869 infeasible   59       342.62000  321.46228  6.18%  24.4 1720s

 1491397 129342 infeasible   56       342.62000  321.56137  6.15%  24.4 1727s

 1494693 128927  323.92368   40   24  342.62000  321.63378  6.13%  24.4 1731s

 1498504 128590     cutoff   61       342.62000  321.71237  6.10%  24.4 1736s

 1501811 128267  329.83567   38   72  342.62000  321.78104  6.08%  24.4 1740s

 1505425 127748  338.51538   70   12  342.62000  321.86180  6.06%  24.4 1745s

 1508847 127381  324.92517   51   38  342.62000  321.94594  6.03%  24.4 1750s

 1514139 126786  334.52443   42   62  342.62000  322.05000  6.00%  24.4 1757s

 1517768 126368 infeasible   51       342.62000  322.13415  5.98%  24.4 1761s

 1521066 125931     cutoff   46       342.62000  322.20693  5.96%  24.4 1765s

 1524540 125550 infeasible   42       342.62000  322.28443  5.94%  24.4 1770s

 1528180 125059  327.15400   52   28  342.62000  322.35960  5.91%  24.4 1775s

 1533142 124436 infeasible   46       342.62000  322.46113  5.88%  24.4 1781s

 1536587 124015 infeasible   58       342.62000  322.53974  5.86%  24.4 1786s

 1539908 123641     cutoff   48       342.62000  322.60308  5.84%  24.4 1790s

 1543584 123174  337.87399   45   62  342.62000  322.67633  5.82%  24.4 1795s

 1547193 122851  324.62680   52   52  342.62000  322.75304  5.80%  24.4 1800s

 1550079 122353  323.47500   37   31  342.62000  322.81471  5.78%  24.4 1805s

 1553727 121874  325.09214   37   40  342.62000  322.88124  5.76%  24.4 1810s

 1558208 121292     cutoff   54       342.62000  322.97719  5.73%  24.4 1816s

 1561794 120821  337.44343   56   23  342.62000  323.05684  5.71%  24.4 1821s

 1565548 120405  331.57538   53   26  342.62000  323.13377  5.69%  24.4 1826s

 1569134 119881 infeasible   39       342.62000  323.21000  5.67%  24.4 1831s

 1572791 119373     cutoff   47       342.62000  323.28575  5.64%  24.4 1835s

 1576210 118999 infeasible   59       342.62000  323.35186  5.62%  24.4 1840s

 1579768 118613 infeasible   49       342.62000  323.42523  5.60%  24.4 1845s

 1583070 118001  331.58911   50   41  342.62000  323.49458  5.58%  24.4 1850s

 1588512 117106 infeasible   49       342.62000  323.63058  5.54%  24.3 1856s

 1591894 116579  328.83611   52   40  342.62000  323.70046  5.52%  24.3 1861s

 1595434 116078     cutoff   55       342.62000  323.77671  5.50%  24.3 1866s

 1599043 115703 infeasible   65       342.62000  323.85600  5.48%  24.3 1871s

 1602383 115252  333.15625   50   47  342.62000  323.92000  5.46%  24.3 1875s

 1606012 114969  332.70623   34   40  342.62000  323.99582  5.44%  24.3 1880s

 1609444 114177     cutoff   54       342.62000  324.06622  5.42%  24.3 1887s

 1612868 113706  334.65463   50   58  342.62000  324.13841  5.39%  24.3 1891s

 1616552 113165     cutoff   49       342.62000  324.21043  5.37%  24.3 1896s

 1620168 112519     cutoff   52       342.62000  324.29329  5.35%  24.3 1901s

 1623483 112039 infeasible   51       342.62000  324.36863  5.33%  24.3 1906s

 1627035 111518     cutoff   56       342.62000  324.44918  5.30%  24.3 1911s

 1630504 110947  329.39484   54   43  342.62000  324.51574  5.28%  24.3 1915s

 1633781 110467 infeasible   46       342.62000  324.58600  5.26%  24.3 1920s

 1637549 109845  326.78096   51   20  342.62000  324.67500  5.24%  24.3 1925s

 1642690 109015  331.10289   44  115  342.62000  324.78439  5.21%  24.3 1932s

 1646284 108382     cutoff   58       342.62000  324.87072  5.18%  24.3 1937s

 1649694 107735 infeasible   39       342.62000  324.96375  5.15%  24.3 1941s

 1653055 107155 infeasible   41       342.62000  325.03876  5.13%  24.3 1946s

 1656770 106807     cutoff   50       342.62000  325.12932  5.10%  24.3 1950s

 1658682 106281  330.52333   48   59  342.62000  325.16385  5.09%  24.3 1955s

 1662220 105674  331.70478   51   65  342.62000  325.24432  5.07%  24.3 1960s

 1667675 104720  340.69500   45   60  342.62000  325.36772  5.04%  24.3 1967s

 1671050 104058  336.94321   36   20  342.62000  325.44753  5.01%  24.3 1972s

 1674697 103441  339.31263   52   14  342.62000  325.52577  4.99%  24.3 1977s

 1678149 102766  329.68000   52   36  342.62000  325.60478  4.97%  24.3 1981s

 1681592 102084  332.94783   50   45  342.62000  325.69730  4.94%  24.3 1986s

 1684989 101580 infeasible   51       342.62000  325.77953  4.92%  24.3 1991s

 1688410 100981 infeasible   64       342.62000  325.85200  4.89%  24.3 1996s

 1692081 100274     cutoff   53       342.62000  325.92851  4.87%  24.3 2000s

 1695679 99644  327.07310   49   47  342.62000  326.01983  4.85%  24.3 2005s

 1698874 99018  329.09932   52   55  342.62000  326.08506  4.83%  24.3 2010s

 1704147 98018 infeasible   68       342.62000  326.20426  4.79%  24.3 2017s

 1707472 97315     cutoff   52       342.62000  326.29556  4.76%  24.3 2022s

 1711080 96588  332.75037   50   32  342.62000  326.38048  4.74%  24.3 2026s

 1714630 95904  327.88429   46   54  342.62000  326.46168  4.72%  24.3 2031s

 1718130 95207     cutoff   52       342.62000  326.54300  4.69%  24.3 2036s

 1721664 94557 infeasible   40       342.62000  326.62147  4.67%  24.3 2040s

 1725207 93934  328.81499   53   29  342.62000  326.69672  4.65%  24.3 2045s

 1728542 93276     cutoff   38       342.62000  326.77414  4.62%  24.2 2050s

 1733832 92221 infeasible   46       342.62000  326.90068  4.59%  24.2 2057s

 1737225 91462  335.80851   53   34  342.62000  326.97717  4.57%  24.2 2061s

 1740751 90807     cutoff   46       342.62000  327.07192  4.54%  24.2 2066s

 1744024 90094  340.02667   47   32  342.62000  327.13953  4.52%  24.2 2071s

 1747631 89418  329.84915   59   63  342.62000  327.22118  4.49%  24.2 2075s

 1750958 88650  332.44667   42   54  342.62000  327.30684  4.47%  24.2 2080s

 1754486 87960  334.47250   46   58  342.62000  327.39854  4.44%  24.2 2085s

 1759689 86801     cutoff   42       342.62000  327.52893  4.40%  24.2 2092s

 1763245 86086  328.36816   47   28  342.62000  327.60500  4.38%  24.2 2097s

 1766817 85375  333.89760   48   18  342.62000  327.69657  4.36%  24.2 2101s

 1770206 84494  335.50000   57   29  342.62000  327.77621  4.33%  24.2 2106s

 1773756 83707     cutoff   58       342.62000  327.86926  4.31%  24.2 2111s

 1777079 82976  336.09109   62   21  342.62000  327.95020  4.28%  24.2 2115s

 1780634 82159     cutoff   52       342.62000  328.04803  4.25%  24.2 2120s

 1784091 81218  339.40361   54   39  342.62000  328.13078  4.23%  24.2 2125s

 1789225 79941  340.40312   60   33  342.62000  328.28179  4.18%  24.2 2132s

 1792832 79136  341.48322   44   54  342.62000  328.37700  4.16%  24.2 2136s

 1796209 78238  337.09963   63   32  342.62000  328.46602  4.13%  24.2 2141s

 1799588 77378  335.11089   58   71  342.62000  328.56826  4.10%  24.2 2146s

 1802978 76478 infeasible   57       342.62000  328.67428  4.07%  24.2 2151s

 1806590 75510  336.97688   51   63  342.62000  328.76848  4.04%  24.2 2155s

 1809237 74713  339.19722   48   52  342.62000  328.83443  4.02%  24.2 2160s

 1813009 73785     cutoff   50       342.62000  328.96121  3.99%  24.2 2165s

 1816626 72762 infeasible   42       342.62000  329.05329  3.96%  24.2 2171s

 1820408 71733 infeasible   44       342.62000  329.18138  3.92%  24.2 2176s

 1824125 70835  331.15679   58   28  342.62000  329.28478  3.89%  24.2 2181s

 1827644 69809  340.69074   61   40  342.62000  329.39401  3.86%  24.2 2186s

 1831168 68775  330.55509   52   93  342.62000  329.49667  3.83%  24.2 2191s

 1834736 67871  335.68786   57   61  342.62000  329.61531  3.80%  24.2 2195s

 1838194 66859 infeasible   42       342.62000  329.71865  3.77%  24.2 2200s

 1841834 65833  331.27425   40   32  342.62000  329.81923  3.74%  24.2 2205s

 1846977 64339 infeasible   51       342.62000  329.97209  3.69%  24.2 2211s

 1850556 63341  334.43343   57   39  342.62000  330.08000  3.66%  24.1 2216s

 1853904 62335  331.91910   40   49  342.62000  330.19667  3.63%  24.1 2221s

 1857497 61250  335.39736   35   34  342.62000  330.30251  3.60%  24.1 2225s

 1861045 60269     cutoff   34       342.62000  330.43062  3.56%  24.1 2230s

 1866214 58598     cutoff   56       342.62000  330.59167  3.51%  24.1 2237s

 1869824 57530  333.46635   52   40  342.62000  330.71217  3.48%  24.1 2241s

 1873214 56426 infeasible   52       342.62000  330.83876  3.44%  24.1 2246s

 1876661 55349  332.01187   33   75  342.62000  330.95713  3.40%  24.1 2250s

 1880124 54167 infeasible   42       342.62000  331.07500  3.37%  24.1 2255s

 1883744 53041     cutoff   50       342.62000  331.20166  3.33%  24.1 2261s

 1886852 51778     cutoff   43       342.62000  331.32000  3.30%  24.1 2266s

 1890437 50547  331.74466   36   45  342.62000  331.47207  3.25%  24.1 2270s

 1893966 49235 infeasible   43       342.62000  331.62000  3.21%  24.1 2275s

 1898094 47639 infeasible   48       342.62000  331.76825  3.17%  24.1 2281s

 1901742 46249     cutoff   46       342.62000  331.94918  3.11%  24.1 2286s

 1905321 44943  334.44316   52   78  342.62000  332.10917  3.07%  24.1 2290s

 1909073 43597  336.00906   55   42  342.62000  332.26506  3.02%  24.1 2295s

 1912562 42124  342.52264   52   56  342.62000  332.41902  2.98%  24.1 2300s

 1918018 40071  339.42004   41   28  342.62000  332.67074  2.90%  24.1 2306s

 1921508 38600 infeasible   57       342.62000  332.84403  2.85%  24.1 2311s

 1925152 37248  334.02000   59   29  342.62000  333.02500  2.80%  24.1 2316s

 1928538 35665     cutoff   39       342.62000  333.20154  2.75%  24.1 2320s

 1933728 33288     cutoff   42       342.62000  333.48000  2.67%  24.0 2326s

 1937392 31743 infeasible   58       342.62000  333.67868  2.61%  24.0 2331s

 1940784 30016  336.61426   60   59  342.62000  333.88625  2.55%  24.0 2335s

 1944408 28328     cutoff   45       342.62000  334.12955  2.48%  24.0 2340s

 1947916 26512     cutoff   50       342.62000  334.34796  2.41%  24.0 2345s

 1951602 24715     cutoff   43       342.62000  334.62109  2.33%  24.0 2350s

 1955110 22931     cutoff   50       342.62000  334.91063  2.25%  24.0 2355s

 1958525 21041     cutoff   49       342.62000  335.17261  2.17%  24.0 2361s

 1962074 19104     cutoff   56       342.62000  335.51462  2.07%  24.0 2367s

 1963867 18076 infeasible   42       342.62000  335.67827  2.03%  24.0 2370s

 1967424 16053     cutoff   50       342.62000  336.04221  1.92%  24.0 2376s

 1970954 13898  340.34190   43   46  342.62000  336.43336  1.81%  24.0 2382s

 1972805 12739     cutoff   53       342.62000  336.62237  1.75%  24.0 2386s

 1976443 10334  337.85663   51   24  342.62000  337.18909  1.59%  23.9 2393s

 1978241  9026     cutoff   62       342.62000  337.45000  1.51%  23.9 2396s

 1981444  7721 infeasible   51       342.62000  337.83000  1.40%  23.9 2400s

 1983858  4882     cutoff   46       342.62000  338.63752  1.16%  23.9 2407s

 1985824  3117     cutoff   66       342.62000  339.19099  1.00%  23.9 2410s

 1991252     0 infeasible   45       342.62000  341.41312  0.35%  23.9 2415s



Cutting planes:

  Learned: 12

  Gomory: 39

  Lift-and-project: 7

  Cover: 347

  Implied bound: 233

  Projected implied bound: 20

  Clique: 212

  MIR: 170

  Mixing: 97

  StrongCG: 68

  Flow cover: 1061

  GUB cover: 7

  Inf proof: 261

  Zero half: 1460

  RLT: 318

  Relax-and-lift: 680



Explored 1991332 nodes (47518067 simplex iterations) in 2415.65 seconds (783.69 work units)

Thread count was 16 (of 16 available processors)



Solution count 10: 342.62 342.62 355.64 ... 390.19



Optimal solution found (tolerance 1.00e-04)

Best objective 3.426200000000e+02, best bound 3.426200000000e+02, gap 0.0000%



AMPL MP initial flat model has 1448 variables (0 integer, 1404 binary);

Objectives: 1 linear; 

Constraints:  582 linear; 4 quadratic;



AMPL MP final model has 1448 variables (0 integer, 1404 binary);

Objectives: 1 linear; 

Constraints:  582 linear; 4 quadratic;





-----RESULTS INFO-----
running_time:  2415.844
TC.best_bound:  342.6199999999999
TC:  342.61999999999995
MIP Gap (%):  1.659080580841983e-14
=== Vehicle Routes ===
Vehicle 1: 0 → 3
Vehicle 1: 3 → 21
Vehicle 1: 4 → 23
Vehicle 1: 5 → 4
Vehicle 1: 21 → 5
Vehicle 2: 0 → 2
Vehicle 2: 2 → 19
Vehicle 2: 16 → 23
Vehicle 2: 19 → 16
Vehicle 3: 0 → 1
Vehicle 3: 1 → 23
Vehicle 4: 0 → 23

=== Full Vehicle Routes ===
Vehicle 1: 0 → 3 → 21 → 5 → 4 → 0 (92<100)
Vehicle 2: 0 → 2 → 19 → 16 → 0 (98<100)
Vehicle 3: 0 → 1 → 0 (13<100)
Vehicle 4: 0 → 0 (0<100)
Arc used by MRT line: y variables:
Customer assigment to PL: u variables:
6 19
7 19
8 19
9 21
10 19
11 21
12 21
13 21
14 16
15 19
Node is served by regular vehicle: g variables:
1
2
3
4
5
16
19
21
Customer assigment to Home delivery: gm variables:
1
2
3
4
5
Node total demands: ntd variables:
1 13 1
2 12 1
3 13 1
4 12 1
5 23 1
11 0 0
12 0 0
13 0 0
14 0 0
15 0 0
22 0 0
16 13 1
17 0 0
18 0 0
19 73 1
20 0 0
21 44 1
Customer's demand delivered to PL: l variables:
6
7
8
9
10
11
12
13
14
15
Lockers load <= capacity:
0 <= 74
13 <= 76
0 <= 71
0 <= 86
73 <= 97
0 <= 83
44 <= 90
