Gurobi 12.0.3:   lim:time = 14400

  mip:bestbound = 1

Set parameter LogToConsole to value 1

  tech:outlev = 1

Set parameter Cuts to value 3

  cut:cuts = 3

Set parameter Presolve to value 2

  pre:solve = 2

Set parameter MIPFocus to value 2

  mip:focus = 2

Set parameter Symmetry to value 2

  mip:symmetry = 2

Set parameter InfUnbdInfo to value 1

Gurobi Optimizer version 12.0.3 build v12.0.3rc0 (win64 - Windows 11.0 (26100.2))



CPU model: 12th Gen Intel(R) Core(TM) i7-12700, instruction set [SSE2|AVX|AVX2]

Thread count: 12 physical cores, 20 logical processors, using up to 20 threads



Non-default parameters:

TimeLimit  14400

MIPFocus  2

Symmetry  2

Cuts  3

InfUnbdInfo  1

Presolve  2



Optimize a model with 615 rows, 1390 columns and 8185 nonzeros

Model fingerprint: 0x427f373a

Model has 5 quadratic objective terms

Model has 10 quadratic constraints

Variable types: 42 continuous, 1348 integer (0 binary)

Coefficient statistics:

  Matrix range     [1e+00, 1e+05]

  QMatrix range    [1e+00, 1e+00]

  QLMatrix range   [1e+00, 2e+01]

  Objective range  [4e+00, 1e+02]

  QObjective range [2e+00, 2e+00]

  Bounds range     [1e+00, 1e+02]

  RHS range        [1e+00, 1e+05]

  QRHS range       [1e+02, 1e+02]

Presolve removed 49 rows and 106 columns

Presolve time: 0.20s

Presolved: 1438 rows, 2139 columns, 12852 nonzeros

Variable types: 354 continuous, 1785 integer (1648 binary)

Root relaxation presolve removed 30 rows and 6 columns

Root relaxation presolved: 1404 rows, 2131 columns, 23549 nonzeros





Root relaxation: objective 9.597397e+01, 293 iterations, 0.02 seconds (0.05 work units)



    Nodes    |    Current Node    |     Objective Bounds      |     Work

 Expl Unexpl |  Obj  Depth IntInf | Incumbent    BestBd   Gap | It/Node Time



     0     0   95.97397    0   63          -   95.97397      -     -    0s

H    0     0                     817.7400000   95.97397  88.3%     -    0s

H    0     0                     805.7400000   95.97397  88.1%     -    0s

     0     0  137.21071    0   62  805.74000  137.21071  83.0%     -    0s

H    0     0                     803.7400000  137.21071  82.9%     -    0s

     0     0  137.21071    0   76  803.74000  137.21071  82.9%     -    0s

     0     0  137.21071    0   88  803.74000  137.21071  82.9%     -    0s

     0     0  137.21071    0   88  803.74000  137.21071  82.9%     -    0s

H    0     0                     608.2000000  137.21071  77.4%     -    0s

H    0     0                     484.3700000  139.24315  71.3%     -    0s

H    0     0                     472.3700000  139.24315  70.5%     -    0s

     0     0  139.94355    0   81  472.37000  139.94355  70.4%     -    0s

     0     0  139.96937    0   99  472.37000  139.96937  70.4%     -    0s

     0     0  140.49665    0  100  472.37000  140.49665  70.3%     -    0s

     0     0  141.11840    0  105  472.37000  141.11840  70.1%     -    0s

     0     0  141.11840    0  102  472.37000  141.11840  70.1%     -    0s

H    0     0                     463.8800000  141.11840  69.6%     -    1s

H    0     0                     452.8800000  149.92650  66.9%     -    1s

H    0     0                     413.0100000  149.92650  63.7%     -    1s

     0     0  149.92650    0   52  413.01000  149.92650  63.7%     -    1s

     0     0  151.75000    0   98  413.01000  151.75000  63.3%     -    1s

H    0     0                     406.8100000  151.75000  62.7%     -    1s

H    0     0                     392.1100000  151.75426  61.3%     -    1s

     0     0  151.75426    0  107  392.11000  151.75426  61.3%     -    1s

     0     0  151.75717    0   97  392.11000  151.75717  61.3%     -    1s

H    0     0                     390.6600000  151.75717  61.2%     -    1s

     0     0  151.79009    0  107  390.66000  151.79009  61.1%     -    2s

     0     0  151.79009    0  107  390.66000  151.79009  61.1%     -    2s

     0     2  151.79034    0  105  390.66000  151.79034  61.1%     -    2s

H  379   422                     386.3600000  152.05908  60.6%  41.7    2s

H  614   603                     383.3200000  152.47816  60.2%  33.0    2s

H 1085   971                     381.8700000  153.40221  59.8%  27.7    3s

H 1121   950                     354.6800000  153.40221  56.7%  27.3    3s

H 1682  1258                     337.2400000  153.64363  54.4%  26.2    3s

  2329  1686  242.83842   11  101  337.24000  153.65701  54.4%  25.9    5s

H 2347  1612                     337.2399995  155.43197  53.9%  25.7    9s

  2353  1616  180.77296   40   28  337.24000  156.27772  53.7%  25.6   10s

  2815  1903  178.28315   27   98  337.24000  162.48961  51.8%  31.4   15s

 10549  5167  211.98066   36   32  337.24000  174.15692  48.4%  30.6   20s

 20047  9854  285.69202   38   75  337.24000  182.64047  45.8%  30.3   25s

 31960 15313  271.35705   45   49  337.24000  188.92305  44.0%  29.2   30s

 43904 20115  193.87499   32   85  337.24000  192.94012  42.8%  28.7   35s

 51347 23324  200.65797   26   56  337.24000  195.05275  42.2%  28.6   40s

 59256 26615  210.71243   52   51  337.24000  197.29606  41.5%  28.6   45s

H63641 27624                     327.5500000  198.25594  39.5%  28.6   47s

 66384 28724     cutoff   36       327.55000  199.15950  39.2%  28.7   50s

 75283 31720  268.36844   29   56  327.55000  201.36681  38.5%  28.9   55s

 82469 34237  276.88752   35   69  327.55000  203.00386  38.0%  29.2   60s

 90715 36431  236.49074   32   78  327.55000  204.76509  37.5%  29.4   65s

 96371 38396 infeasible   52       327.55000  206.14727  37.1%  29.5   70s

 103750 40406  309.59324   57   58  327.55000  207.63056  36.6%  29.6   75s

 111449 42637  261.11254   28   90  327.55000  208.94127  36.2%  29.7   80s

 116862 44392  237.44818   47   40  327.55000  209.91454  35.9%  29.8   85s

 125077 46609  304.41798   40   48  327.55000  211.27840  35.5%  29.9   90s

 131779 48503  269.04000   51   31  327.55000  212.54431  35.1%  30.0   95s

 137586 50294     cutoff   42       327.55000  213.63116  34.8%  30.0  100s

 142677 51586  309.94404   64   34  327.55000  214.31696  34.6%  30.0  105s

 148907 53133  304.62315   46   43  327.55000  215.31895  34.3%  30.1  110s

 153871 54473  284.39926   45   44  327.55000  216.09084  34.0%  30.1  115s

 159402 55730  258.71768   29   69  327.55000  216.95142  33.8%  30.1  120s

H159853 56082                     327.5499995  216.97116  33.8%  30.1  121s

 164094 57233  281.56260   25   72  327.55000  217.62950  33.6%  30.1  126s

 169254 58486  230.00178   28   62  327.55000  218.28488  33.4%  30.1  131s

 174326 59677  226.63138   37   88  327.55000  219.02817  33.1%  30.1  136s

 179253 61034  303.37517   30   75  327.55000  219.70905  32.9%  30.1  140s

 184214 62221  242.55394   40   58  327.55000  220.32996  32.7%  30.1  145s

 187963 63301  244.03617   42   28  327.55000  220.82500  32.6%  30.1  150s

 193369 64608  222.87862   53   40  327.55000  221.46494  32.4%  30.1  155s

 198104 65696 infeasible   45       327.55000  221.95000  32.2%  30.1  160s

 201674 66913  252.53553   33   58  327.55000  222.40404  32.1%  30.1  165s

 206134 67892  226.54628   28  100  327.55000  222.98610  31.9%  30.1  170s

 211331 69168  250.20916   59   62  327.55000  223.66628  31.7%  30.0  176s

 214907 70127 infeasible   43       327.55000  224.08474  31.6%  30.0  180s

 218759 71050  285.62172   50   37  327.55000  224.56113  31.4%  30.1  185s

 223263 72221  310.72357   29   44  327.55000  225.17159  31.3%  30.1  190s

 228342 73338  243.58229   28   90  327.55000  225.78858  31.1%  30.1  196s

 232157 74133  272.27300   35   79  327.55000  226.24828  30.9%  30.1  200s

 236757 75192  249.81904   43   31  327.55000  226.71452  30.8%  30.1  205s

 240248 76000     cutoff   47       327.55000  227.16027  30.6%  30.2  210s

 243317 76776     cutoff   44       327.55000  227.41113  30.6%  30.2  215s

 247736 77637  301.62246   42   28  327.55000  228.00430  30.4%  30.2  220s

 251806 78702  262.23233   36   24  327.55000  228.46896  30.2%  30.2  225s

 255897 79588 infeasible   24       327.55000  228.90085  30.1%  30.2  231s

 259554 80342  294.16559   42   38  327.55000  229.28847  30.0%  30.3  235s

 263356 81304  280.14086   37  101  327.55000  229.61674  29.9%  30.3  240s

 266357 81988     cutoff   50       327.55000  229.82152  29.8%  30.3  245s

 270306 82866  289.38828   34   96  327.55000  230.33868  29.7%  30.3  250s

 274387 83630     cutoff   29       327.55000  230.73619  29.6%  30.4  255s

 278256 84351 infeasible   60       327.55000  231.19418  29.4%  30.4  260s

 282012 85161  303.45579   52   12  327.55000  231.58290  29.3%  30.4  265s

 285967 85929 infeasible   39       327.55000  231.92603  29.2%  30.5  270s

 291191 86988  301.88361   30   48  327.55000  232.49174  29.0%  30.5  276s

 294908 87744 infeasible   52       327.55000  232.85204  28.9%  30.5  280s

 298658 88493  288.61852   41   23  327.55000  233.18808  28.8%  30.6  285s

 302751 89271  252.24051   34   30  327.55000  233.58434  28.7%  30.6  290s

 307059 90063  294.91617   36   17  327.55000  233.94984  28.6%  30.6  296s

 310837 90687  281.38529   40   70  327.55000  234.43580  28.4%  30.6  301s

 314586 91313 infeasible   33       327.55000  234.81061  28.3%  30.7  306s

 318324 92156     cutoff   40       327.55000  235.13890  28.2%  30.7  311s

 322166 92908 infeasible   41       327.55000  235.49400  28.1%  30.7  316s

 325882 93654  287.93004   46   93  327.55000  235.83246  28.0%  30.7  321s

 329903 94397  313.71432   46   33  327.55000  236.25112  27.9%  30.7  326s

 333514 95038  292.51675   39   58  327.55000  236.58192  27.8%  30.7  331s

 337397 95732  282.17343   41   20  327.55000  236.90978  27.7%  30.8  336s

 341098 96518  268.83003   32   23  327.55000  237.22837  27.6%  30.8  341s

 343724 97018  312.90887   31   27  327.55000  237.44500  27.5%  30.8  345s

 347305 97600  280.33731   32   85  327.55000  237.74067  27.4%  30.8  350s

 350997 98212 infeasible   31       327.55000  238.11707  27.3%  30.9  355s

 354642 99000  299.57832   55   48  327.55000  238.36264  27.2%  30.9  360s

 358291 99793  249.57948   41   60  327.55000  238.68551  27.1%  30.9  365s

 362144 100533     cutoff   32       327.55000  239.00059  27.0%  30.9  370s

 365845 101213  264.26981   40  109  327.55000  239.32676  26.9%  31.0  375s

 369513 101845 infeasible   43       327.55000  239.62906  26.8%  31.0  381s

 372979 102444 infeasible   31       327.55000  239.89617  26.8%  31.0  385s

 376919 103097  278.73333   36   52  327.55000  240.24674  26.7%  31.0  391s

 380339 103848  293.35465   36   82  327.55000  240.51225  26.6%  31.0  396s

 382960 104304     cutoff   28       327.55000  240.71987  26.5%  31.0  400s

 386586 104904  318.29398   37   61  327.55000  241.02912  26.4%  31.0  405s

 390407 105558  307.60529   29   19  327.55000  241.33227  26.3%  31.0  410s

 395460 106338  300.67397   48   85  327.55000  241.67602  26.2%  31.0  416s

 399227 106941  248.62227   38   64  327.55000  241.97032  26.1%  31.1  420s

 404084 107621  290.55422   34   39  327.55000  242.36948  26.0%  31.1  426s

 407909 108302  256.32394   41   67  327.55000  242.69085  25.9%  31.1  431s

 411901 108838     cutoff   48       327.55000  242.95124  25.8%  31.1  435s

 416728 109580  323.12750   40   44  327.55000  243.34595  25.7%  31.2  441s

 420515 110167  320.88903   45   39  327.55000  243.62346  25.6%  31.2  445s

 425643 111040     cutoff   35       327.55000  244.02056  25.5%  31.2  451s

 429440 111666     cutoff   55       327.55000  244.28426  25.4%  31.2  455s

 434567 112362 infeasible   36       327.55000  244.66136  25.3%  31.2  461s

H435048 112362                     327.5499990  244.66141  25.3%  31.2  461s

 437844 112953  294.82087   38   57  327.55000  244.83228  25.3%  31.2  466s

 440661 113315  269.40411   46   53  327.55000  245.16708  25.2%  31.2  470s

 444446 113969 infeasible   52       327.55000  245.44837  25.1%  31.2  475s

 449610 114687 infeasible   37       327.55000  245.85016  24.9%  31.2  481s

 453558 115143 infeasible   32       327.55000  246.15232  24.9%  31.3  486s

 457237 115675  286.70534   39   32  327.55000  246.45057  24.8%  31.3  490s

 461129 116282  294.76861   36   25  327.55000  246.68700  24.7%  31.3  495s

 464893 116823 infeasible   48       327.55000  246.94853  24.6%  31.3  500s

 468602 117414  274.10908   37   50  327.55000  247.24066  24.5%  31.3  505s

 473594 118163 infeasible   37       327.55000  247.58769  24.4%  31.3  511s

 477429 118670  305.59317   33   37  327.55000  247.87163  24.3%  31.3  516s

 481325 119276     cutoff   66       327.55000  248.16412  24.2%  31.3  521s

 485448 119818  285.22393   28   52  327.55000  248.44604  24.2%  31.3  526s

 488973 120318  298.54946   53   48  327.55000  248.72000  24.1%  31.4  531s

 492870 120812  265.12554   40   65  327.55000  248.99157  24.0%  31.4  535s

 496472 121300  267.91946   31   28  327.55000  249.23244  23.9%  31.4  541s

 500350 121824  319.30201   39   61  327.55000  249.47640  23.8%  31.4  545s

 503797 122394  267.28336   35   41  327.55000  249.70420  23.8%  31.4  550s

 507651 123059  309.51052   45   41  327.55000  249.96907  23.7%  31.4  555s

 511296 123681  300.23835   33   68  327.55000  250.17909  23.6%  31.4  560s

 515093 124204  298.42227   47   47  327.55000  250.43246  23.5%  31.4  565s

 518764 124769  304.43943   41   47  327.55000  250.64580  23.5%  31.5  570s

 522750 125340  271.84218   40   95  327.55000  250.86381  23.4%  31.5  575s

 526341 125894  300.07000   49   30  327.55000  251.10593  23.3%  31.5  580s

 530242 126506     cutoff   67       327.55000  251.33354  23.3%  31.5  585s

 533940 127032  286.62876   26   96  327.55000  251.58412  23.2%  31.5  590s

 537509 127528  314.51673   43   49  327.55000  251.78291  23.1%  31.5  596s

 541498 128068  265.81033   28   71  327.55000  252.02511  23.1%  31.5  601s

 544047 128338  316.04238   51   33  327.55000  252.19728  23.0%  31.5  605s

 547990 128797     cutoff   56       327.55000  252.43394  22.9%  31.5  610s

 551568 129201     cutoff   43       327.55000  252.60070  22.9%  31.5  615s

 555188 129729  314.70066   35   15  327.55000  252.80742  22.8%  31.5  620s

 559033 130170 infeasible   48       327.55000  252.97828  22.8%  31.5  625s

 562823 130552  257.97636   35   36  327.55000  253.22219  22.7%  31.6  630s

 566534 131053  312.05417   27   75  327.55000  253.43986  22.6%  31.6  635s

 570329 131588     cutoff   44       327.55000  253.61399  22.6%  31.6  640s

 571745 131911     cutoff   42       327.55000  253.68471  22.6%  31.6  645s

 576776 132394  275.69315   59   38  327.55000  253.88164  22.5%  31.6  651s

 578967 132733 infeasible   39       327.55000  254.10500  22.4%  31.6  655s

 583499 133321  265.55294   41   44  327.55000  254.33778  22.4%  31.6  661s

 586239 133758 infeasible   45       327.55000  254.49789  22.3%  31.6  665s

 590171 134284 infeasible   42       327.55000  254.71699  22.2%  31.6  670s

 594175 134898  315.72344   30   47  327.55000  254.94000  22.2%  31.6  676s

 598162 135405  293.47515   46   49  327.55000  255.12749  22.1%  31.6  681s

 600605 135598 infeasible   37       327.55000  255.26220  22.1%  31.6  685s

 604524 136009  257.26297   30   55  327.55000  255.49552  22.0%  31.6  690s

 608223 136423 infeasible   26       327.55000  255.70255  21.9%  31.6  695s

 612267 136802     cutoff   41       327.55000  255.91187  21.9%  31.6  700s

 615936 137306 infeasible   39       327.55000  256.10596  21.8%  31.6  705s

 619900 137645  320.90050   42   48  327.55000  256.29082  21.8%  31.6  710s

 623497 138044  256.67985   58   50  327.55000  256.50271  21.7%  31.6  715s

 627265 138476  263.71713   34   63  327.55000  256.67925  21.6%  31.6  721s

 631084 138757  315.62926   42   17  327.55000  256.87200  21.6%  31.6  726s

 634889 139138  326.80273   56   21  327.55000  257.06529  21.5%  31.6  731s

 637423 139339  300.94007   61   49  327.55000  257.17534  21.5%  31.6  735s

 641338 139637  319.55875   40   33  327.55000  257.41214  21.4%  31.6  740s

 644925 139989 infeasible   38       327.55000  257.61330  21.4%  31.7  746s

 649187 140376  318.94868   49   62  327.55000  257.83697  21.3%  31.7  751s

 652516 140655  262.21625   43   76  327.55000  258.03207  21.2%  31.7  756s

 655208 140821  321.71763   34   51  327.55000  258.16102  21.2%  31.7  760s

 659176 141246  282.29633   44   72  327.55000  258.38501  21.1%  31.7  765s

 662925 141579 infeasible   37       327.55000  258.59044  21.1%  31.7  771s

 666985 141872  287.61418   29   68  327.55000  258.78339  21.0%  31.7  776s

 669406 142035  294.86608   61   44  327.55000  258.91773  21.0%  31.7  780s

 672321 142498  312.88500   52  103  327.55000  259.08651  20.9%  31.7  785s

 675281 142739  276.54333   37   33  327.55000  259.17192  20.9%  31.7  790s

 679367 143156  284.85802   50   50  327.55000  259.41154  20.8%  31.7  795s

 683084 143462  276.40911   41   70  327.55000  259.56817  20.8%  31.7  801s

 686846 143842  287.71282   41   33  327.55000  259.78414  20.7%  31.7  806s

 689435 144070  277.11639   53   33  327.55000  259.90012  20.7%  31.7  810s

 693136 144517  311.09902   32  109  327.55000  260.10495  20.6%  31.7  815s

 697184 144969  284.67465   47   39  327.55000  260.31778  20.5%  31.7  820s

 700992 145320  308.82167   42   41  327.55000  260.50845  20.5%  31.7  825s

 704611 145645  306.79720   31   28  327.55000  260.69831  20.4%  31.7  831s

 708554 146008  311.87530   38   73  327.55000  260.89568  20.3%  31.7  836s

 710976 146254  306.24187   45   26  327.55000  261.00696  20.3%  31.7  840s

 715035 146544  298.60026   35   50  327.55000  261.21938  20.3%  31.7  845s

 718823 146717     cutoff   42       327.55000  261.42683  20.2%  31.7  851s

 721553 146886 infeasible   47       327.55000  261.57422  20.1%  31.7  855s

 725349 147203 infeasible   31       327.55000  261.78919  20.1%  31.7  861s

 727989 147420  267.10055   37   62  327.55000  261.93225  20.0%  31.7  865s

 731702 147723  277.38281   38   39  327.55000  262.10184  20.0%  31.7  870s

 735576 147906  270.61047   37   54  327.55000  262.29976  19.9%  31.7  876s

 737926 148030  285.29838   36   50  327.55000  262.40877  19.9%  31.7  880s

 740434 148162  308.39950   35   55  327.55000  262.53752  19.8%  31.7  885s

 744439 148485  298.90193   47   83  327.55000  262.74297  19.8%  31.7  891s

 748136 148663  263.06815   36   48  327.55000  262.90681  19.7%  31.7  896s

 750730 148699     cutoff   48       327.55000  263.03136  19.7%  31.7  900s

 754515 148944  285.85910   26   54  327.55000  263.23453  19.6%  31.7  905s

 758306 149261  303.69250   49   55  327.55000  263.40860  19.6%  31.7  911s

 762181 149524 infeasible   43       327.55000  263.58044  19.5%  31.7  916s

 764646 149656     cutoff   55       327.55000  263.70107  19.5%  31.7  920s

 769651 149863  321.01752   44   84  327.55000  263.96766  19.4%  31.7  926s

 772838 150067  317.84801   33   75  327.55000  264.12000  19.4%  31.7  931s

 775580 150340  272.96677   41   43  327.55000  264.25909  19.3%  31.8  935s

 779418 150497  307.60091   34   44  327.55000  264.44090  19.3%  31.8  941s

 782059 150653  288.26283   39   62  327.55000  264.57235  19.2%  31.8  945s

 786149 150854 infeasible   46       327.55000  264.76399  19.2%  31.8  951s

 788098 150954  290.29102   35   40  327.55000  264.86667  19.1%  31.8  955s

 792054 151126  317.37746   49   69  327.55000  265.07991  19.1%  31.8  961s

 795630 151244  286.75620   43  112  327.55000  265.23440  19.0%  31.8  966s

 798178 151514  270.80537   37  121  327.55000  265.37634  19.0%  31.8  970s

 801936 151698  320.62219   53   27  327.55000  265.55777  18.9%  31.8  976s

 805693 151859     cutoff   47       327.55000  265.77407  18.9%  31.8  981s

 808143 152057  275.44167   42   40  327.55000  265.89964  18.8%  31.8  985s

 811953 152297  281.47266   41   49  327.55000  266.05406  18.8%  31.8  991s

 814830 152327 infeasible   45       327.55000  266.16664  18.7%  31.8  995s

 817606 152440  266.46032   29   37  327.55000  266.32427  18.7%  31.8 1001s

 820290 152541  299.90770   35   54  327.55000  266.45034  18.7%  31.8 1005s

 824203 152639     cutoff   48       327.55000  266.62106  18.6%  31.8 1011s

 826940 152802  315.75295   31   26  327.55000  266.76157  18.6%  31.8 1015s

 830794 153117  302.08936   44   27  327.55000  266.91788  18.5%  31.8 1021s

 833149 153234 infeasible   44       327.55000  267.00951  18.5%  31.8 1025s

 837080 153484  293.17123   37   55  327.55000  267.18534  18.4%  31.8 1031s

 839388 153516     cutoff   53       327.55000  267.29617  18.4%  31.8 1035s

 842058 153660  293.07320   32   33  327.55000  267.41245  18.4%  31.8 1040s

 845915 153841  272.66904   48   60  327.55000  267.58502  18.3%  31.8 1046s

 848343 153967 infeasible   45       327.55000  267.69196  18.3%  31.8 1050s

 852050 154126  303.42583   45   37  327.55000  267.85499  18.2%  31.8 1056s

 854626 154194 infeasible   39       327.55000  267.96173  18.2%  31.8 1060s

 858227 154209 infeasible   48       327.55000  268.15626  18.1%  31.8 1065s

 860865 154221  283.25293   27   62  327.55000  268.25185  18.1%  31.8 1071s

 863642 154363 infeasible   40       327.55000  268.39558  18.1%  31.8 1076s

 866245 154427  322.14780   42   29  327.55000  268.50069  18.0%  31.8 1080s

 870086 154600     cutoff   42       327.55000  268.67648  18.0%  31.8 1087s

 872777 154627  285.07893   37   44  327.55000  268.79849  17.9%  31.8 1091s

 875023 154572  299.96828   46   62  327.55000  268.91640  17.9%  31.8 1095s

 879032 154551  275.04129   39   54  327.55000  269.10299  17.8%  31.8 1102s

 881634 154515     cutoff   40       327.55000  269.22521  17.8%  31.8 1106s

 884065 154565     cutoff   33       327.55000  269.35580  17.8%  31.9 1110s

 887767 154507  304.04373   47   69  327.55000  269.52289  17.7%  31.9 1116s

 890273 154620  303.27474   33   32  327.55000  269.65552  17.7%  31.9 1120s

 894029 154601  278.26471   38   38  327.55000  269.82145  17.6%  31.9 1127s

 896717 154670     cutoff   34       327.55000  269.93688  17.6%  31.9 1131s

 899396 154693 infeasible   69       327.55000  270.06414  17.6%  31.9 1135s

 903026 154713 infeasible   33       327.55000  270.24310  17.5%  31.9 1141s

 905344 154707  293.00086   30   48  327.55000  270.34020  17.5%  31.9 1145s

 907966 154701  273.10335   46   57  327.55000  270.46304  17.4%  31.9 1150s

 910703 154756     cutoff   44       327.55000  270.58187  17.4%  31.9 1155s

 913430 154810  270.75768   45   37  327.55000  270.70503  17.4%  31.9 1160s

 917296 154807  285.01119   42   45  327.55000  270.90515  17.3%  31.9 1166s

 920025 154790     cutoff   43       327.55000  271.02250  17.3%  31.9 1170s

 923668 154771     cutoff   44       327.55000  271.20142  17.2%  31.9 1176s

 926241 154782  311.74168   46   84  327.55000  271.30141  17.2%  31.9 1181s

 929013 154784 infeasible   38       327.55000  271.43757  17.1%  31.9 1185s

 932940 154824 infeasible   58       327.55000  271.58597  17.1%  31.9 1192s

 935370 154880  294.50720   42   68  327.55000  271.68460  17.1%  31.9 1196s

 938016 154869  289.74370   42   46  327.55000  271.81607  17.0%  31.9 1200s

 941738 154833     cutoff   31       327.55000  271.98625  17.0%  31.9 1206s

 944109 154760 infeasible   46       327.55000  272.09117  16.9%  31.9 1210s

 947893 154803 infeasible   56       327.55000  272.25537  16.9%  31.9 1217s

 950578 154760  290.88008   39   64  327.55000  272.37791  16.8%  31.9 1221s

 953142 154768  286.64015   34   41  327.55000  272.49658  16.8%  31.9 1225s

 957012 154585     cutoff   41       327.55000  272.67270  16.8%  31.9 1232s

 959539 154558  307.61984   52   45  327.55000  272.80007  16.7%  31.9 1236s

 962109 154547  309.81524   33   53  327.55000  272.91044  16.7%  31.9 1240s

 964517 154425  298.98182   46   87  327.55000  273.01869  16.6%  31.9 1245s

 968271 154320  280.16468   35   71  327.55000  273.21580  16.6%  31.9 1251s

 970864 154255  289.21588   28   53  327.55000  273.32900  16.6%  31.9 1256s

 973649 154118 infeasible   47       327.55000  273.45549  16.5%  31.9 1260s

 976309 154113     cutoff   45       327.55000  273.58142  16.5%  31.9 1265s

 980200 154168     cutoff   35       327.55000  273.74621  16.4%  31.9 1271s

 982475 154058     cutoff   34       327.55000  273.87522  16.4%  31.9 1275s

 986404 153964  299.83342   46   29  327.55000  274.05853  16.3%  31.9 1281s

 988975 153884  291.24918   44   67  327.55000  274.18957  16.3%  31.9 1286s

 991536 153876     cutoff   36       327.55000  274.29050  16.3%  31.9 1290s

 995352 153799 infeasible   39       327.55000  274.42661  16.2%  31.9 1297s

 997880 153756 infeasible   38       327.55000  274.54547  16.2%  31.9 1301s

 1000551 153708 infeasible   45       327.55000  274.66584  16.1%  31.9 1305s

 1003129 153618  283.12729   38   36  327.55000  274.79181  16.1%  31.9 1310s

 1006794 153525     cutoff   50       327.55000  274.97966  16.0%  31.9 1316s

 1009511 153453 infeasible   44       327.55000  275.10619  16.0%  31.9 1320s

 1011789 153374  293.44769   44   85  327.55000  275.20456  16.0%  31.9 1325s

 1015654 153264  305.89180   31   50  327.55000  275.37920  15.9%  31.9 1331s

 1018351 153131  313.73176   48   87  327.55000  275.48695  15.9%  31.9 1336s

 1020939 153125  295.19969   46   30  327.55000  275.59690  15.9%  31.9 1341s

 1023242 153046  282.35000   35   30  327.55000  275.69653  15.8%  31.9 1345s

 1026992 152850  316.50841   37   82  327.55000  275.86636  15.8%  31.9 1351s

 1029386 152822     cutoff   46       327.55000  275.98464  15.7%  31.9 1356s

 1032346 152632 infeasible   47       327.55000  276.09317  15.7%  31.9 1361s

 1034732 152500  289.57564   44   74  327.55000  276.14113  15.7%  31.9 1365s

 1037219 152370  295.92166   49   76  327.55000  276.34225  15.6%  31.9 1372s

 1038672 152378  279.99891   42   44  327.55000  276.40638  15.6%  31.9 1375s

 1042877 152165 infeasible   48       327.55000  276.57560  15.6%  31.9 1382s

 1045531 151982  293.59032   37   73  327.55000  276.69819  15.5%  31.9 1387s

 1048183 151865  279.29718   47   83  327.55000  276.84167  15.5%  31.9 1391s

 1050726 151848  312.40431   33   45  327.55000  276.94410  15.4%  31.9 1396s

 1053062 151825  296.82052   42   62  327.55000  277.04184  15.4%  31.9 1401s

 1055780 151760  284.99173   35   34  327.55000  277.15167  15.4%  31.9 1406s

 1058107 151742  310.93948   42   39  327.55000  277.24286  15.4%  31.9 1410s

 1060738 151683  291.57667   26   45  327.55000  277.35425  15.3%  31.9 1415s

 1063808 151499     cutoff   48       327.55000  277.47603  15.3%  31.9 1422s

 1066372 151357  319.91683   45   45  327.55000  277.58444  15.3%  31.9 1427s

 1068924 151132  286.21152   42   55  327.55000  277.70605  15.2%  31.9 1432s

 1071595 150932  291.00652   35   47  327.55000  277.81855  15.2%  31.9 1437s

 1074209 150779 infeasible   33       327.55000  277.93290  15.1%  31.9 1441s

 1076764 150631 infeasible   40       327.55000  278.06823  15.1%  31.9 1446s

 1079337 150524 infeasible   50       327.55000  278.18534  15.1%  31.9 1451s

 1081969 150444  298.25182   35   28  327.55000  278.28303  15.0%  31.9 1456s

 1084604 150395  287.18749   41   39  327.55000  278.41818  15.0%  31.9 1461s

 1087332 150314  294.18542   48   68  327.55000  278.53480  15.0%  31.9 1466s

 1089845 150117  319.60943   41   63  327.55000  278.64506  14.9%  31.9 1471s

 1092398 149978  312.57998   42   52  327.55000  278.76241  14.9%  31.9 1475s

 1095061 149907  313.84918   39   35  327.55000  278.87377  14.9%  31.9 1480s

 1098787 149672     cutoff   53       327.55000  279.02764  14.8%  31.9 1487s

 1101256 149407  283.40132   40   59  327.55000  279.15040  14.8%  31.9 1492s

 1103909 149232     cutoff   47       327.55000  279.29984  14.7%  31.9 1497s

 1106535 149011  289.53342   36   81  327.55000  279.38913  14.7%  31.9 1502s

 1109150 148876 infeasible   40       327.55000  279.50500  14.7%  31.9 1507s

 1111691 148656     cutoff   34       327.55000  279.63248  14.6%  31.9 1511s

 1114158 148418  298.76998   52   25  327.55000  279.74627  14.6%  31.9 1516s

 1116800 148318  290.84687   49   66  327.55000  279.86301  14.6%  31.9 1521s

 1119404 148107  326.65500   56   36  327.55000  279.98429  14.5%  31.9 1525s

 1121927 147924     cutoff   46       327.55000  280.10252  14.5%  31.9 1530s

 1124523 147815  283.89457   41   36  327.55000  280.21772  14.5%  31.9 1536s

 1127070 147673     cutoff   37       327.55000  280.33202  14.4%  31.9 1540s

 1129611 147455 infeasible   40       327.55000  280.45465  14.4%  31.9 1545s

 1132191 147277 infeasible   31       327.55000  280.56618  14.3%  31.9 1550s

 1134665 147045     cutoff   48       327.55000  280.68032  14.3%  31.9 1555s

 1137264 146798     cutoff   36       327.55000  280.79317  14.3%  31.9 1560s

 1139785 146637 infeasible   33       327.55000  280.91695  14.2%  31.9 1565s

 1143667 146447  315.67620   53   32  327.55000  281.07862  14.2%  31.9 1572s

 1146216 146227  297.35151   51   50  327.55000  281.19449  14.2%  31.9 1576s

 1148821 145968  317.03312   48   54  327.55000  281.30533  14.1%  31.9 1581s

 1151337 145809     cutoff   35       327.55000  281.42400  14.1%  31.9 1586s

 1153863 145588  312.86127   54   42  327.55000  281.53210  14.0%  31.9 1591s

 1156564 145441 infeasible   36       327.55000  281.62581  14.0%  31.9 1596s

 1159108 145297  307.10703   44   86  327.55000  281.76059  14.0%  31.9 1601s

 1161709 145132 infeasible   39       327.55000  281.85769  13.9%  31.9 1605s

 1164309 144832     cutoff   41       327.55000  281.99175  13.9%  31.9 1610s

 1166763 144724  294.95502   42   39  327.55000  282.11398  13.9%  31.9 1615s

 1169490 144448 infeasible   41       327.55000  282.22728  13.8%  31.9 1620s

 1173130 144183 infeasible   58       327.55000  282.37859  13.8%  31.9 1626s

 1175298 143998 infeasible   56       327.55000  282.46604  13.8%  31.9 1631s

 1177919 143694  315.39306   59   39  327.55000  282.58400  13.7%  31.9 1636s

 1180605 143457  320.66633   36   41  327.55000  282.70158  13.7%  31.9 1641s

 1183239 143161  304.41367   50   18  327.55000  282.83083  13.7%  31.9 1646s

 1185762 142865     cutoff   52       327.55000  282.95786  13.6%  31.9 1651s

 1188412 142537  283.78463   49   31  327.55000  283.07254  13.6%  31.9 1655s

 1190923 142271  315.22260   42   26  327.55000  283.20091  13.5%  31.9 1660s

 1193558 142066 infeasible   40       327.55000  283.32422  13.5%  31.9 1665s

 1196230 141865     cutoff   38       327.55000  283.43386  13.5%  31.9 1670s

 1198740 141592  307.48163   55   28  327.55000  283.53625  13.4%  31.9 1675s

 1202758 141131  304.24234   50   37  327.55000  283.74007  13.4%  31.9 1682s

 1205184 140831  313.71352   42   44  327.55000  283.83906  13.3%  31.9 1686s

 1207860 140629     cutoff   47       327.55000  283.97159  13.3%  31.9 1691s

 1210519 140299  295.63204   47   41  327.55000  284.09191  13.3%  31.9 1696s

 1213092 140101  303.61738   41   36  327.55000  284.20881  13.2%  31.9 1700s

 1215210 139789     cutoff   39       327.55000  284.27621  13.2%  31.9 1706s

 1218010 139569  298.15710   39   58  327.55000  284.40262  13.2%  31.9 1711s

 1220693 139332  304.94563   37   31  327.55000  284.53667  13.1%  31.9 1717s

 1223276 139108     cutoff   43       327.55000  284.65920  13.1%  31.9 1722s

 1225621 138935  310.76102   32   44  327.55000  284.76600  13.1%  31.9 1726s

 1228350 138605  287.53609   42   41  327.55000  284.87006  13.0%  31.9 1731s

 1230964 138284     cutoff   58       327.55000  284.99527  13.0%  31.9 1736s

 1232445 138083  290.30315   46   32  327.55000  285.06429  13.0%  31.9 1740s

 1235073 137739  309.35363   43   51  327.55000  285.20419  12.9%  31.9 1745s

 1237811 137387  293.52667   35   93  327.55000  285.33559  12.9%  31.9 1751s

 1240328 137038  293.09768   39   27  327.55000  285.46080  12.8%  31.9 1756s

 1243053 136706     cutoff   38       327.55000  285.57907  12.8%  31.9 1761s

 1245656 136434  296.38105   40   78  327.55000  285.71118  12.8%  31.9 1766s

 1248218 136050 infeasible   44       327.55000  285.81744  12.7%  31.9 1771s

 1250231 135740  317.83465   61   57  327.55000  285.91771  12.7%  31.9 1776s

 1252902 135422 infeasible   48       327.55000  286.05468  12.7%  31.9 1781s

 1255564 135131     cutoff   43       327.55000  286.17450  12.6%  31.9 1786s

 1258320 134829 infeasible   48       327.55000  286.29202  12.6%  31.9 1791s

 1261063 134420  295.44809   40   38  327.55000  286.42125  12.6%  31.9 1796s

 1263678 134094 infeasible   42       327.55000  286.53399  12.5%  31.9 1801s

 1266421 133815  301.70659   38   40  327.55000  286.66259  12.5%  31.9 1806s

 1269151 133473  301.20470   36   47  327.55000  286.79495  12.4%  31.9 1811s

 1271585 133065     cutoff   52       327.55000  286.92123  12.4%  31.9 1816s

 1274252 132792 infeasible   35       327.55000  287.04602  12.4%  31.9 1821s

 1276897 132511  315.58898   46   45  327.55000  287.15790  12.3%  31.9 1825s

 1279291 132242 infeasible   50       327.55000  287.27377  12.3%  31.9 1831s

 1281935 131962  310.83500   45   50  327.55000  287.39618  12.3%  31.9 1836s

 1284608 131597     cutoff   39       327.55000  287.51644  12.2%  31.8 1841s

 1286989 131235  311.36729   56   62  327.55000  287.61969  12.2%  31.8 1845s

 1289607 130902     cutoff   33       327.55000  287.75024  12.2%  31.8 1850s

 1292138 130596     cutoff   41       327.55000  287.85224  12.1%  31.8 1855s

 1294755 130235 infeasible   41       327.55000  287.96800  12.1%  31.8 1860s

 1297265 129832 infeasible   41       327.55000  288.09631  12.0%  31.8 1865s

 1299807 129461     cutoff   52       327.55000  288.21581  12.0%  31.8 1870s

 1303628 128784  311.70298   50   38  327.55000  288.39741  12.0%  31.8 1877s

 1306186 128398  290.71061   46   52  327.55000  288.53389  11.9%  31.8 1882s

 1308819 127983  293.81352   34   66  327.55000  288.63857  11.9%  31.8 1887s

 1310478 127783  314.34534   50   46  327.55000  288.71440  11.9%  31.8 1890s

 1313009 127391  313.70015   32   39  327.55000  288.83754  11.8%  31.8 1896s

 1315698 126944  298.48299   49   32  327.55000  288.96932  11.8%  31.8 1901s

 1318386 126495  290.96990   48   45  327.55000  289.08648  11.7%  31.8 1906s

 1321049 126217  314.29029   57   41  327.55000  289.22735  11.7%  31.8 1911s

 1323743 125748     cutoff   43       327.55000  289.36446  11.7%  31.8 1916s

 1326425 125410  303.59168   47   34  327.55000  289.48017  11.6%  31.8 1921s

 1329026 124965  296.62779   51   46  327.55000  289.59989  11.6%  31.8 1926s

 1331614 124574  296.31516   33   53  327.55000  289.73040  11.5%  31.8 1931s

 1334248 124123  300.99748   53   53  327.55000  289.85846  11.5%  31.8 1935s

 1336778 123724     cutoff   45       327.55000  289.98854  11.5%  31.8 1940s

 1339351 123344 infeasible   42       327.55000  290.12485  11.4%  31.8 1945s

 1341968 122827     cutoff   55       327.55000  290.25072  11.4%  31.8 1950s

 1344460 122352  311.02510   52   45  327.55000  290.38776  11.3%  31.8 1955s

 1347130 121921  291.58656   37   53  327.55000  290.51930  11.3%  31.8 1960s

 1349647 121441  296.10838   46   28  327.55000  290.64982  11.3%  31.8 1965s

 1352339 121009 infeasible   34       327.55000  290.78510  11.2%  31.8 1970s

 1354827 120596     cutoff   55       327.55000  290.88371  11.2%  31.8 1975s

 1358814 119825 infeasible   30       327.55000  291.09333  11.1%  31.8 1982s

 1361500 119426  323.00506   40   41  327.55000  291.22442  11.1%  31.8 1987s

 1362842 119233  309.97416   49   31  327.55000  291.30251  11.1%  31.7 1990s

 1366603 118601  317.63428   40   32  327.55000  291.47805  11.0%  31.7 1997s

 1368602 118117  302.69317   37   39  327.55000  291.59147  11.0%  31.7 2001s

 1371149 117647  319.42723   47   56  327.55000  291.70887  10.9%  31.7 2007s

 1373861 117112  294.12096   38   92  327.55000  291.85434  10.9%  31.7 2012s

 1376301 116554     cutoff   30       327.55000  291.99021  10.9%  31.7 2017s

 1378994 116006     cutoff   52       327.55000  292.12500  10.8%  31.7 2022s

 1381612 115488     cutoff   45       327.55000  292.27657  10.8%  31.7 2027s

 1384271 114880  319.63107   48   53  327.55000  292.41608  10.7%  31.7 2032s

 1386851 114314     cutoff   49       327.55000  292.54702  10.7%  31.7 2037s

 1389476 113765     cutoff   42       327.55000  292.69150  10.6%  31.7 2042s

 1392054 113206  294.60770   44   42  327.55000  292.84790  10.6%  31.7 2047s

 1394587 112619  312.93065   45   92  327.55000  292.97847  10.6%  31.7 2051s

 1397007 112007  314.68172   41   18  327.55000  293.11549  10.5%  31.7 2057s

 1399728 111534  311.06388   51   57  327.55000  293.25089  10.5%  31.7 2062s

 1402283 111018  295.52533   33   61  327.55000  293.39000  10.4%  31.7 2067s

 1403615 110747  319.02056   60   20  327.55000  293.46602  10.4%  31.7 2070s

 1406348 110192  303.22031   51   12  327.55000  293.60993  10.4%  31.7 2075s

 1408871 109688 infeasible   54       327.55000  293.72793  10.3%  31.7 2080s

 1411495 109116 infeasible   45       327.55000  293.87761  10.3%  31.7 2085s

 1414202 108578  327.38195   49   28  327.55000  294.01743  10.2%  31.7 2090s

 1416655 107995 infeasible   50       327.55000  294.16147  10.2%  31.7 2095s

 1419296 107426 infeasible   32       327.55000  294.28799  10.2%  31.7 2101s

 1421853 106851  310.69615   47   69  327.55000  294.43754  10.1%  31.7 2105s

 1424341 106256     cutoff   50       327.55000  294.57618  10.1%  31.7 2110s

 1427011 105660  297.92464   36   55  327.55000  294.70749  10.0%  31.6 2116s

 1429570 105148     cutoff   40       327.55000  294.86100  10.0%  31.6 2121s

 1432304 104614  320.56964   40   24  327.55000  294.98083  9.94%  31.6 2126s

 1434943 104020     cutoff   46       327.55000  295.12802  9.90%  31.6 2131s

 1437546 103551  312.92284   44   52  327.55000  295.26369  9.86%  31.6 2136s

 1439483 102899  313.25271   44   97  327.55000  295.37091  9.82%  31.6 2141s

 1442184 102290  321.32061   45   60  327.55000  295.53521  9.77%  31.6 2146s

 1444807 101728  302.49598   38   39  327.55000  295.67822  9.73%  31.6 2151s

 1447352 101118  309.91225   35   45  327.55000  295.79819  9.69%  31.6 2156s

 1449852 100434  314.46268   42   39  327.55000  295.94538  9.65%  31.6 2161s

 1452541 99779  310.00056   42   39  327.55000  296.09929  9.60%  31.6 2166s

 1455123 99191 infeasible   45       327.55000  296.23251  9.56%  31.6 2172s

 1457745 98583     cutoff   63       327.55000  296.38204  9.52%  31.6 2177s

 1460352 97870  319.97558   55   57  327.55000  296.54811  9.46%  31.6 2182s

 1462897 97224     cutoff   40       327.55000  296.68545  9.42%  31.6 2187s

 1464234 96867     cutoff   46       327.55000  296.76036  9.40%  31.6 2190s

 1466824 96269     cutoff   38       327.55000  296.91158  9.35%  31.6 2195s

 1469023 95578  297.06499   48   24  327.55000  297.05891  9.31%  31.6 2200s

 1471771 94924  299.73174   43   30  327.55000  297.20633  9.26%  31.5 2205s

 1474382 94321  313.68321   49   33  327.55000  297.35400  9.22%  31.5 2210s

 1476982 93537 infeasible   47       327.55000  297.53219  9.16%  31.5 2215s

 1479601 92744  311.09947   46   68  327.55000  297.69000  9.12%  31.5 2220s

 1482156 92044  303.34894   33   82  327.55000  297.84581  9.07%  31.5 2226s

 1484809 91371 infeasible   49       327.55000  298.00798  9.02%  31.5 2231s

 1487347 90678     cutoff   47       327.55000  298.16214  8.97%  31.5 2236s

 1489953 89884  327.00703   60   34  327.55000  298.32440  8.92%  31.5 2241s

 1492548 89174  325.05162   45   40  327.55000  298.49840  8.87%  31.5 2246s

 1495118 88437 infeasible   53       327.55000  298.65238  8.82%  31.5 2251s

 1497821 87666 infeasible   36       327.55000  298.82509  8.77%  31.5 2257s

 1500351 86931 infeasible   45       327.55000  298.99575  8.72%  31.5 2262s

 1503026 86180  318.31139   58   39  327.55000  299.15075  8.67%  31.5 2267s

 1505621 85515 infeasible   46       327.55000  299.31237  8.62%  31.5 2272s

 1508024 84684  316.76731   41   59  327.55000  299.45913  8.58%  31.5 2277s

 1510604 84331  309.11202   58   28  327.55000  299.63490  8.52%  31.4 2281s

 1511975 83632  319.84962   37   25  327.55000  299.70122  8.50%  31.4 2286s

 1514671 82826  309.56294   40   32  327.55000  299.87872  8.45%  31.4 2291s

 1517366 81961     cutoff   40       327.55000  300.04842  8.40%  31.4 2297s

 1519655 81267  322.45396   57   51  327.55000  300.18898  8.35%  31.4 2302s

 1521666 80933  307.33052   42   82  327.55000  300.27662  8.33%  31.4 2305s

 1523827 80135 infeasible   37       327.55000  300.46611  8.27%  31.4 2310s

 1526425 79340  313.02505   48   29  327.55000  300.62287  8.22%  31.4 2315s

 1529090 78461  307.59424   47   38  327.55000  300.79743  8.17%  31.4 2320s

 1531701 77592     cutoff   38       327.55000  300.99065  8.11%  31.4 2325s

 1534249 76785  312.29892   44   98  327.55000  301.15914  8.06%  31.4 2330s

 1536910 75964     cutoff   43       327.55000  301.30518  8.01%  31.4 2335s

 1539541 75086     cutoff   44       327.55000  301.48689  7.96%  31.4 2340s

 1542282 74286  311.02113   39   38  327.55000  301.67168  7.90%  31.4 2345s

 1544801 73567  319.46000   39   28  327.55000  301.84569  7.85%  31.3 2350s

 1547203 72742  305.72127   54   72  327.55000  302.00330  7.80%  31.3 2356s

 1550010 71883  304.45779   38   54  327.55000  302.17703  7.75%  31.3 2361s

 1552492 71028     cutoff   38       327.55000  302.36010  7.69%  31.3 2367s

 1555244 70185  302.56545   53   33  327.55000  302.54501  7.63%  31.3 2372s

 1556473 69800  314.48993   43   49  327.55000  302.64784  7.60%  31.3 2375s

 1558997 68878     cutoff   39       327.55000  302.78831  7.56%  31.3 2380s

 1561628 68005     cutoff   55       327.55000  302.99000  7.50%  31.3 2385s

 1564329 67022  305.12133   53   59  327.55000  303.20550  7.43%  31.3 2390s

 1566824 66129 infeasible   49       327.55000  303.38909  7.38%  31.3 2395s

 1569543 65173 infeasible   35       327.55000  303.57276  7.32%  31.3 2401s

 1572159 64245     cutoff   52       327.55000  303.78920  7.25%  31.2 2406s

 1574750 63407  317.95583   45   72  327.55000  303.97061  7.20%  31.2 2411s

 1576982 62628  318.65604   62   27  327.55000  304.14853  7.14%  31.2 2415s

 1578892 61567     cutoff   48       327.55000  304.29790  7.10%  31.2 2420s

 1581740 60501 infeasible   55       327.55000  304.53785  7.03%  31.2 2426s

 1584403 59431 infeasible   50       327.55000  304.77113  6.95%  31.2 2431s

 1587066 58491  308.47538   43   37  327.55000  304.96310  6.90%  31.2 2437s

 1589887 57423  311.86957   62   21  327.55000  305.17941  6.83%  31.2 2442s

 1592358 56460     cutoff   43       327.55000  305.38113  6.77%  31.2 2447s

 1595035 55471  315.48936   41   47  327.55000  305.61924  6.70%  31.2 2452s

 1596428 54927     cutoff   43       327.55000  305.73328  6.66%  31.2 2455s

 1599015 53853  318.20756   42   51  327.55000  305.96905  6.59%  31.1 2460s

 1601599 52897     cutoff   54       327.55000  306.16806  6.53%  31.1 2465s

 1604352 51855 infeasible   37       327.55000  306.40050  6.46%  31.1 2470s

 1606928 50695  315.43137   46   41  327.55000  306.62162  6.39%  31.1 2475s

 1609590 49573 infeasible   43       327.55000  306.88793  6.31%  31.1 2480s

 1612224 48590     cutoff   54       327.55000  307.11000  6.24%  31.1 2485s

 1614863 47489  316.41115   32   87  327.55000  307.35964  6.16%  31.1 2490s

 1617459 46499 infeasible   55       327.55000  307.60175  6.09%  31.1 2495s

 1619988 45452  315.31143   41   91  327.55000  307.82311  6.02%  31.1 2500s

 1622608 44412     cutoff   44       327.55000  308.05267  5.95%  31.0 2505s

 1625203 43359  312.70958   36   69  327.55000  308.29491  5.88%  31.0 2510s

 1627750 42242     cutoff   45       327.55000  308.53567  5.81%  31.0 2515s

 1630465 41123     cutoff   46       327.55000  308.81875  5.72%  31.0 2521s

 1632991 39976     cutoff   52       327.55000  309.02487  5.66%  31.0 2526s

 1635636 38737  318.83760   38   64  327.55000  309.34389  5.56%  31.0 2531s

 1638251 37428     cutoff   39       327.55000  309.64227  5.47%  31.0 2536s

 1640963 36110  325.75732   46   41  327.55000  309.96307  5.37%  31.0 2541s

 1643511 34963     cutoff   49       327.55000  310.26406  5.28%  31.0 2546s

 1646095 33802 infeasible   41       327.55000  310.57083  5.18%  30.9 2551s

 1648779 32485     cutoff   54       327.55000  310.85217  5.10%  30.9 2556s

 1651322 31270     cutoff   56       327.55000  311.21502  4.99%  30.9 2561s

 1653548 30098     cutoff   57       327.55000  311.40197  4.93%  30.9 2566s

 1655460 29175 infeasible   58       327.55000  311.67923  4.85%  30.9 2570s

 1658177 27707  312.58350   39   40  327.55000  312.09368  4.72%  30.9 2575s

 1661033 26210  317.86322   45   39  327.55000  312.47048  4.60%  30.9 2581s

 1663839 24757     cutoff   36       327.55000  312.94623  4.46%  30.9 2586s

 1666546 23237     cutoff   39       327.55000  313.36614  4.33%  30.8 2591s

 1669308 21612     cutoff   43       327.55000  313.81286  4.19%  30.8 2596s

 1671928 20289     cutoff   53       327.55000  314.26679  4.06%  30.8 2601s

 1673657 19245     cutoff   48       327.55000  314.49642  3.99%  30.8 2606s

 1676509 17470  316.40683   52   47  327.55000  315.15667  3.78%  30.8 2611s

 1679296 15789     cutoff   56       327.55000  315.73667  3.61%  30.8 2616s

 1682165 14099  323.23514   53   39  327.55000  316.30664  3.43%  30.7 2621s

 1685015 12329     cutoff   59       327.55000  317.02832  3.21%  30.7 2625s

 1687809 10520 infeasible   36       327.55000  317.75649  2.99%  30.7 2630s

 1690618  8576     cutoff   35       327.55000  318.58634  2.74%  30.7 2635s

 1693219  6568     cutoff   54       327.55000  319.71506  2.39%  30.6 2641s

 1696148  4316     cutoff   38       327.55000  321.07598  1.98%  30.6 2647s

 1697662  3004     cutoff   49       327.55000  321.80543  1.75%  30.6 2650s

 1700705   205 infeasible   54       327.55000  324.28798  1.00%  30.6 2656s



Cutting planes:

  Learned: 32

  Gomory: 26

  Lift-and-project: 109

  Cover: 380

  Implied bound: 334

  Projected implied bound: 29

  Clique: 262

  MIR: 340

  Mixing: 121

  StrongCG: 69

  Flow cover: 1407

  GUB cover: 20

  Inf proof: 216

  Zero half: 1003

  RLT: 144

  Relax-and-lift: 915



Explored 1702632 nodes (52001286 simplex iterations) in 2657.83 seconds (1134.95 work units)

Thread count was 20 (of 20 available processors)



Solution count 10: 327.55 327.55 327.55 ... 390.66



Optimal solution found (tolerance 1.00e-04)

Best objective 3.275500000000e+02, best bound 3.275499990263e+02, gap 0.0000%



AMPL MP initial flat model has 1390 variables (0 integer, 1348 binary);

Objectives: 1 quadratic; 

Constraints:  615 linear; 10 quadratic;



AMPL MP final model has 1390 variables (0 integer, 1348 binary);

Objectives: 1 quadratic; 

Constraints:  615 linear; 10 quadratic;





-----RESULTS INFO-----
running_time:  2657.953
TC.best_bound:  327.5499990263039
TC:  327.55
MIP Gap (%):  2.972664030839065e-07
=== Vehicle Routes ===
Vehicle 1: 0 → 4
Vehicle 1: 1 → 25
Vehicle 1: 4 → 5
Vehicle 1: 5 → 18
Vehicle 1: 18 → 1
Vehicle 2: 0 → 22
Vehicle 2: 2 → 25
Vehicle 2: 22 → 2
Vehicle 3: 0 → 20
Vehicle 3: 3 → 25
Vehicle 3: 20 → 3
Vehicle 4: 0 → 25

=== Full Vehicle Routes ===
Vehicle 1: 0 → 4 → 5 → 18 → 1 → 0 (90<100)
Vehicle 2: 0 → 22 → 2 → 0 (46<100)
Vehicle 3: 0 → 20 → 3 → 0 (100<100)
Vehicle 4: 0 → 0 (0<100)
Arc used by MRT line: y variables:
MRT used: 20 → 21
MRT used: 22 → 23
Customer assigment to PL: u variables:
6 20
7 20
8 18
9 23
10 21
11 18
12 23
13 20
14 20
15 20
16 20
17 21
Node is served by regular vehicle: g variables:
1
2
3
4
5
18
20
22
Customer assigment to Home delivery: gm variables:
1
2
3
4
5
Node total demands: ntd variables:
1 13 1
2 12 1
3 13 1
4 12 1
5 23 1
12 0 0
13 0 0
14 0 0
15 0 0
16 0 0
17 0 0
24 0 0
18 42 1
19 0 0
20 87 1
21 0 0
22 34 1
23 0 0
Customer's demand delivered to PL: l variables:
6
7
8
9
10
11
12
13
14
15
16
17
Lockers load <= capacity:
0 <= 90
42 <= 73
0 <= 85
68 <= 97
19 <= 75
0 <= 97
34 <= 100
