Gurobi 12.0.3:   lim:time = 14400

  mip:bestbound = 1

Set parameter LogToConsole to value 1

  tech:outlev = 1

Set parameter Cuts to value 3

  cut:cuts = 3

Set parameter Presolve to value 2

  pre:solve = 2

Set parameter MIPFocus to value 2

  mip:focus = 2

Set parameter Symmetry to value 2

  mip:symmetry = 2

Set parameter InfUnbdInfo to value 1

Gurobi Optimizer version 12.0.3 build v12.0.3rc0 (win64 - Windows 11+.0 (26200.2))



CPU model: 13th Gen Intel(R) Core(TM) i7-13700K, instruction set [SSE2|AVX|AVX2]

Thread count: 16 physical cores, 24 logical processors, using up to 24 threads



Non-default parameters:

TimeLimit  14400

MIPFocus  2

Symmetry  2

Cuts  3

InfUnbdInfo  1

Presolve  2



Optimize a model with 1594 rows, 5198 columns and 32385 nonzeros

Model fingerprint: 0xfe56a8be

Model has 6 quadratic constraints

Variable types: 62 continuous, 5136 integer (0 binary)

Coefficient statistics:

  Matrix range     [1e+00, 1e+05]

  QMatrix range    [1e+00, 1e+00]

  QLMatrix range   [5e+00, 2e+01]

  Objective range  [2e+00, 1e+02]

  Bounds range     [1e+00, 1e+02]

  RHS range        [1e+00, 1e+05]

  QRHS range       [1e+02, 1e+02]

Presolve removed 126 rows and 220 columns

Presolve time: 1.36s

Presolved: 4444 rows, 7948 columns, 34529 nonzeros

Variable types: 31 continuous, 7917 integer (6917 binary)

Root relaxation presolve removed 36 rows and 3 columns

Root relaxation presolved: 4396 rows, 7959 columns, 50301 nonzeros





Root relaxation: objective 1.681629e+02, 558 iterations, 0.04 seconds (0.06 work units)



    Nodes    |    Current Node    |     Objective Bounds      |     Work

 Expl Unexpl |  Obj  Depth IntInf | Incumbent    BestBd   Gap | It/Node Time



     0     0  168.16287    0  122          -  168.16287      -     -    2s

     0     0  248.93659    0  131          -  248.93659      -     -    3s

     0     0  248.93659    0  111          -  248.93659      -     -    3s

     0     0  249.98698    0  171          -  249.98698      -     -    3s

     0     0  253.09999    0  161          -  253.09999      -     -    3s

     0     0  254.26826    0  159          -  254.26826      -     -    4s

     0     0  254.32137    0  172          -  254.32137      -     -    4s

     0     0  259.22200    0  243          -  259.22200      -     -    4s

     0     0  260.27731    0  212          -  260.27731      -     -    4s

     0     0  260.28807    0  228          -  260.28807      -     -    4s

     0     0  268.23255    0  309          -  268.23255      -     -    5s

     0     0  268.61747    0  308          -  268.61747      -     -    5s

     0     0  274.99811    0  238          -  274.99811      -     -    6s

     0     0  275.17716    0  324          -  275.17716      -     -    6s

     0     0  277.71445    0  148          -  277.71445      -     -    7s

     0     0  277.76084    0  152          -  277.76084      -     -    7s

     0     0  277.77078    0  170          -  277.77078      -     -    7s

     0     0  277.77078    0  170          -  277.77078      -     -    8s

     0     2  277.77196    0  167          -  277.77196      -     -    8s

  1806  1881  553.15551  132   78          -  279.20350      -  63.4   10s

  3656  3190  315.40043   45  159          -  279.73101      -  52.4   15s

H 3656  3030                    1277.6000000  279.73101  78.1%  52.4   17s

H 3657  2879                    1261.5300000  279.73101  77.8%  52.4   20s

H 3657  2735                    1239.4200000  279.73101  77.4%  52.4   20s

H 3657  2598                    1231.3700000  279.73101  77.3%  52.4   20s

H 3657  2468                    1171.3300000  279.73101  76.1%  52.4   20s

H 3657  2345                    1165.6200000  279.73101  76.0%  52.4   20s

H 3657  2228                    1162.8100000  279.73101  75.9%  52.4   20s

H 3657  2116                    1162.1400000  279.73101  75.9%  52.4   20s

H 3658  2010                    1151.7700000  279.73101  75.7%  52.4   20s

H 3658  1910                    1146.0600000  279.73101  75.6%  52.4   20s

H 3658  1814                    1135.7000000  279.73101  75.4%  52.4   20s

H 3658  1723                    1129.9900000  279.73101  75.2%  52.4   20s

H 3658  1637                    1129.6000000  279.73101  75.2%  52.4   20s

H 3659  1556                    1124.6000000  279.73101  75.1%  52.4   24s

H 3659  1478                    1119.9900000  279.73101  75.0%  52.4   24s

H 3660  1405                    1111.8200000  279.73101  74.8%  52.4   25s

H 3660  1335                    1111.5700000  279.73101  74.8%  52.4   25s

H 3660  1268                    1087.3500000  279.73101  74.3%  52.4   25s

H 3662  1205                    1081.6600000  279.73101  74.1%  52.4   28s

H 3662  1145                    1080.9900000  279.73101  74.1%  52.4   28s

  3666  1148  299.35826   34  345 1080.99000  279.73101  74.1%  52.3   30s

H 3666  1090                    1075.7700000  279.81262  74.0%  52.3   31s

H 3666  1035                    1060.7100000  279.81262  73.6%  52.3   31s

  3672  1039  350.72605   37  301 1060.71000  280.60245  73.5%  52.2   35s

H 3673   987                    1054.5500000  281.17903  73.3%  52.2   35s

H 3673   937                    1047.8200000  281.17903  73.2%  52.2   35s

H 3673   890                    1029.0200000  281.17903  72.7%  52.2   35s

H 3673   845                    1026.1200000  281.17903  72.6%  52.2   35s

  3686   854  307.29233   18  343 1026.12000  284.28190  72.3%  52.0   40s

H 3689   813                    1022.7100000  285.10625  72.1%  52.0   41s

H 3689   771                    1015.9400000  285.10625  71.9%  52.0   41s

H 3693   735                    1009.2800000  285.19709  71.7%  51.9   43s

H 3697   699                     996.7600000  285.78939  71.3%  51.9   44s

H 3701   666                     990.9200000  286.39025  71.1%  51.8   45s

H 3709   637                     986.7900000  286.63638  71.0%  51.7   46s

H 3713   607                     979.4100000  286.71942  70.7%  51.6   47s

H 3713   576                     949.1300000  286.71942  69.8%  51.6   47s

H 3713   546                     945.6100000  286.71942  69.7%  51.6   47s

H 3713   517                     930.2100000  286.71942  69.2%  51.6   47s

H 3713   491                     927.8000000  286.71942  69.1%  51.6   47s

H 3713   465                     911.9200000  286.71942  68.6%  51.6   47s

H 3713   441                     911.4700000  286.71942  68.5%  51.6   47s

  3725   458  286.77813   12  358  911.47000  286.77813  68.5%  56.6   50s

H 3750   458                     901.4800000  286.77813  68.2%  59.4   50s

H 3751   435                     900.7700000  286.77813  68.2%  59.6   50s

H 3833   468                     900.6400000  286.77813  68.2%  63.6   51s

H 3900   491                     844.5700000  286.77813  66.0%  66.5   51s

H 4001   547                     836.8800000  286.77813  65.7%  71.7   53s

  4107   611  299.72755   23  168  836.88000  286.77813  65.7%  75.7   55s

H 4214   652                     826.2100000  286.77813  65.3%  80.7   56s

H 4280   665                     823.4900000  286.77813  65.2%  82.0   57s

H 4358   735                     821.9800000  286.77813  65.1%  83.0   57s

H 4386   710                     802.7900000  286.77813  64.3%  83.5   57s

H 4487   767                     782.5400000  286.77813  63.4%  86.0   58s

  4909  1218  385.33122   43   98  782.54000  286.77813  63.4%  90.0   60s

H 5147  1477                     771.0400000  286.77813  62.8%  90.8   60s

H 5202  1477                     770.4400000  286.77813  62.8%  90.7   60s

H 5427  1736                     769.7400000  286.77813  62.7%  90.7   61s

H 6393  2404                     769.0900000  286.77813  62.7%  89.6   63s

  7254  3106  446.73419   96  112  769.09000  286.77813  62.7%  89.2   65s

H 7548  3378                     765.0200000  286.77813  62.5%  90.1   65s

H 8616  4115                     760.5400000  286.77813  62.3%  91.6   68s

  8900  4602  393.70635   59  156  760.54000  286.77813  62.3%  91.4   70s

  9833  5108  368.30487   36  125  760.54000  286.77813  62.3%  94.1   75s

 10903  6332  419.25364   59  144  760.54000  286.77813  62.3%  94.8   80s

 12897  8281  351.20142   37  169  760.54000  286.77813  62.3%  94.2   85s

 15030  9698  339.15063   31  147  760.54000  286.80614  62.3%  96.5   90s

 16869 11430  684.82077   99  121  760.54000  286.80614  62.3%  96.0   95s

 19052 13008  503.10004   29  129  760.54000  286.80614  62.3%  94.3  100s

 20788 14522  349.69239   40  273  760.54000  286.80614  62.3%  95.9  106s

 23314 16144  337.44196   25  150  760.54000  290.30547  61.8%  95.6  111s

 23589 16525  342.66582   26  197  760.54000  290.30547  61.8%  96.1  115s

 24837 17762  556.68013   65  155  760.54000  291.07274  61.7%  97.8  120s

 25561 18041  420.98116   38  106  760.54000  291.07274  61.7%  98.8  126s

 25871 18499  505.10102   43   97  760.54000  291.07274  61.7%  98.9  131s

 26966 19487  542.63105   44  101  760.54000  291.18696  61.7%  99.3  136s

 27453 20412  525.77747   44   96  760.54000  291.25807  61.7%  99.4  140s

 29791 22730  311.25210   32  294  760.54000  291.51406  61.7%  99.1  148s

 31436 23887  524.58311   89  134  760.54000  291.51406  61.7%  98.9  153s

 32834 26013  520.35007   85   78  760.54000  291.51406  61.7%  98.5  158s

 35421 26901  320.62412   31  219  760.54000  292.88937  61.5%  97.6  162s

 36448 29057  437.48311   68  166  760.54000  293.00573  61.5%  97.9  168s

 39246 31374  339.54344   31  168  760.54000  293.54336  61.4%  96.9  173s

 42141 32892  376.39866   32  187  760.54000  293.90049  61.4%  95.7  179s

 42952 32892  489.31953   35  225  760.54000  294.07686  61.3%  96.1  180s

 46882 36054  479.26386   45  110  760.54000  294.51734  61.3%  96.5  187s

 48018 38206  341.59185   25  238  760.54000  294.52741  61.3%  97.0  193s

 50816 38506 infeasible   92       760.54000  294.84693  61.2%  95.7  196s

 52219 41482  531.47335   50  170  760.54000  294.84693  61.2%  96.2  204s

 54915 42152  324.23151   35  180  760.54000  295.45137  61.2%  95.2  207s

 55779 42912  420.21625   22  200  760.54000  295.68284  61.1%  95.8  211s

 56783 45194  300.54076   30  221  760.54000  295.85411  61.1%  96.0  215s

 60370 46514  446.60090   97  174  760.54000  296.08957  61.1%  95.5  221s

 61169 48643  350.16513   25  247  760.54000  296.08957  61.1%  95.9  226s

 63819 50235  347.49865   27  133  760.54000  296.65654  61.0%  95.1  232s

 65832 52402  711.91187   79  129  760.54000  296.97441  61.0%  95.2  238s

 68531 52945  428.64028   47  157  760.54000  297.32013  60.9%  94.7  242s

H68893 52354                     729.6000000  297.32013  59.2%  94.9  242s

 69262 53011  309.10853   29  230  729.60000  297.32013  59.2%  95.0  246s

 70088 54805  488.75278   69  214  729.60000  297.32013  59.2%  95.3  251s

H72192 54839                     729.5900000  297.78682  59.2%  95.0  254s

 72231 55724  431.18315   53  140  729.59000  297.78758  59.2%  95.1  257s

 73326 56243  531.14777   66  140  729.59000  297.78758  59.2%  95.6  262s

 73987 57171  352.02334   29  267  729.59000  298.04456  59.1%  95.8  267s

 75160 59351  555.64855   72  123  729.59000  298.04456  59.1%  95.9  274s

 76619 59351  558.19570   55  153  729.59000  298.34615  59.1%  95.6  275s

 78692 61006  625.83621   84  134  729.59000  298.53185  59.1%  95.6  283s

 79835 63623  392.95986   61  173  729.59000  298.53185  59.1%  95.8  291s

 83026 64584  391.98448   21  249  729.59000  299.13617  59.0%  94.9  296s

 84193 65195  610.11493   63  136  729.59000  299.23970  59.0%  95.1  301s

 84979 67646  351.64008   41  162  729.59000  299.35740  59.0%  95.3  310s

 88585 68766  349.16737   42  201  729.59000  299.72547  58.9%  95.5  316s

 89607 69290  308.75821   28  177  729.59000  299.93963  58.9%  95.8  321s

 90412 69955  409.91375   34  136  729.59000  299.98928  58.9%  96.2  325s

 91301 70481  645.53934   53  138  729.59000  299.98928  58.9%  96.9  330s

 91979 72810  363.76667   32  194  729.59000  300.24379  58.8%  97.3  338s

 94976 73703  575.72843   69  137  729.59000  300.48328  58.8%  96.9  342s

 96087 74649  432.69773   62  135  729.59000  300.56531  58.8%  97.2  347s

 97222 76432  362.39862   28  206  729.59000  300.81763  58.8%  97.2  354s

 99508 78430 infeasible   24       729.59000  300.82554  58.8%  96.9  361s

 102037 79425  303.34476   22  155  729.59000  301.20624  58.7%  96.5  366s

 103370 80868  637.24225   78  137  729.59000  301.20624  58.7%  96.6  373s

 105202 81620  326.73587   33  281  729.59000  301.32851  58.7%  96.4  377s

 106103 83118  418.81445   38  166  729.59000  301.71946  58.6%  96.6  386s

 108022 84003  464.30679   48  182  729.59000  301.85886  58.6%  96.4  391s

 109331 84784 infeasible   83       729.59000  301.95758  58.6%  96.7  396s

 110361 87135  366.15018   39  184  729.59000  301.95758  58.6%  96.7  405s

 113567 87847  312.96085   18  260  729.59000  302.40068  58.6%  96.5  410s

 114624 88711  380.06307   45  139  729.59000  302.49478  58.5%  96.8  416s

 115713 90815  368.80000   29  144  729.59000  302.49478  58.5%  96.9  423s

 118351 90898 infeasible   70       729.59000  302.86127  58.5%  96.7  427s

 118804 91590  331.02003   31  148  729.59000  302.99014  58.5%  96.9  432s

 119338 91969  332.34060   32  146  729.59000  302.99014  58.5%  97.0  437s

 119811 92721  334.38329   33  155  729.59000  302.99014  58.5%  97.0  444s

 120785 93720  343.20304   24  222  729.59000  303.10851  58.5%  97.2  450s

 122085 94936  533.33855   61  141  729.59000  303.24127  58.4%  97.5  457s

 123629 96011  504.51601   56  147  729.59000  303.47581  58.4%  97.7  464s

 124985 98577  424.15053   64  138  729.59000  303.58426  58.4%  97.8  475s

 128396 100548  431.15115   33  139  729.59000  303.86687  58.4%  97.5  485s

 131193 101221  662.58666  134  105  729.59000  304.10112  58.3%  97.5  490s

 132907 101847  506.31344   30  154  729.59000  304.11655  58.3%  97.8  495s

 133034 102949  402.88893   50  159  729.59000  304.11655  58.3%  97.8  500s

 134361 105089  421.22079   49  175  729.59000  304.21030  58.3%  97.9  508s

 137039 105717 infeasible  105       729.59000  304.33701  58.3%  97.5  513s

 137782 107667  453.41844   76  155  729.59000  304.40180  58.3%  97.7  520s

 140162 108512  366.49090   32  164  729.59000  304.58750  58.3%  97.5  525s

 141147 109677  591.88908   99   96  729.59000  304.58750  58.3%  97.6  532s

 142970 110148 infeasible   65       729.59000  304.77557  58.2%  97.7  536s

 143672 111343  344.63321   31  156  729.59000  304.85079  58.2%  98.0  544s

 145719 112146 infeasible   66       729.59000  305.03485  58.2%  98.1  549s

 146756 113130  471.98531   62  173  729.59000  305.13262  58.2%  98.3  555s

 147919 114790  428.91596   62  154  729.59000  305.13262  58.2%  98.5  562s

 150041 115562  363.28233   26  227  729.59000  305.32449  58.2%  98.6  570s

 151248 116877  420.90505   37  174  729.59000  305.32449  58.2%  99.1  578s

 152919 120059  412.74856   29  166  729.59000  305.62243  58.1%  99.2  592s

 156826 121694  361.68954   48  220  729.59000  305.85114  58.1%  98.9  599s

 158946 122591  482.80593   64  161  729.59000  306.01392  58.1%  98.9  605s

 160028 123540  330.70021   22  172  729.59000  306.12660  58.0%  99.1  610s

 161255 124724  565.02157   83  116  729.59000  306.12660  58.0%  99.2  617s

 163104 125586  371.89430   38  162  729.59000  306.34069  58.0%  99.5  622s

 164161 126318  475.57245   56  146  729.59000  306.34069  58.0%   100  628s

 165147 128282  344.68822   36  199  729.59000  306.49864  58.0%   100  636s

 167495 129191 infeasible   31       729.59000  306.59368  58.0%   100  642s

 168708 131045  414.56524   50  173  729.59000  306.69139  58.0%   100  650s

 171071 131901  366.31868   23  191  729.59000  306.85348  57.9%   100  657s

 172196 133411  544.57496   40  162  729.59000  306.96111  57.9%   100  667s

 174133 136278  349.89065   58  230  729.59000  307.15195  57.9%   100  679s

 177730 137300 infeasible   55       729.59000  307.34425  57.9%   100  686s

 179126 138217  555.66667   32  177  729.59000  307.36355  57.9%   100  691s

 180231 140423 infeasible   55       729.59000  307.46253  57.9%   101  700s

 183137 141109  710.69246   51  104  729.59000  307.59222  57.8%   101  706s

 184003 143083  445.83715   55  164  729.59000  307.59732  57.8%   101  714s

 186343 144105  439.92912   32  166  729.59000  307.74432  57.8%   101  720s

 187593 146048  345.31326   31  209  729.59000  307.74432  57.8%   101  728s

 189915 146730  356.71140   34  179  729.59000  307.74542  57.8%   100  733s

 190786 148627  425.36235   64  208  729.59000  307.88303  57.8%   101  741s

 193151 150835  543.43609   68  189  729.59000  308.03868  57.8%   100  752s

 195868 151426  330.78529   32  204  729.59000  308.12997  57.8%   100  756s

 196652 152349  489.55686   67  154  729.59000  308.12997  57.8%   100  761s

 197748 153802  412.79621   56  167  729.59000  308.12997  57.8%   100  768s

 199766 154530  353.56184   36  119  729.59000  308.38992  57.7%   100  774s

 200774 155874  504.71471   64  196  729.59000  308.38992  57.7%   100  781s

 202618 156707  531.53677   86  180  729.59000  308.53096  57.7%   101  786s

 203690 157578  367.17294   33  151  729.59000  308.65613  57.7%   101  792s

 204778 159272  347.91120   40  255  729.59000  308.65613  57.7%   101  799s

 206780 160054  398.83815   57  191  729.59000  308.65756  57.7%   101  805s

 207755 161800  413.21393   44  206  729.59000  308.65756  57.7%   101  813s

 210189 163250  340.07636   27  180  729.59000  309.09463  57.6%   101  822s

 212323 163926  348.74666   39  198  729.59000  309.15617  57.6%   101  828s

 213277 164852  412.73713   52  151  729.59000  309.15617  57.6%   101  834s

 214461 165519  670.19697  100   90  729.59000  309.18711  57.6%   101  842s

 215435 168912  355.40593   28  244  729.59000  309.25811  57.6%   101  858s

 219625 169755  542.10305   55  134  729.59000  309.52039  57.6%   101  864s

 220672 170673  434.60840   45  172  729.59000  309.53769  57.6%   101  870s

 221936 171398  502.64262   29  175  729.59000  309.56376  57.6%   101  876s

 222882 173438  332.60575   28  294  729.59000  309.75555  57.5%   102  885s

 225401 174755  390.20192   49  237  729.59000  309.83048  57.5%   101  893s

 227131 175748  383.73943   45  209  729.59000  309.91723  57.5%   101  899s

 228288 177080  476.24730   40  165  729.59000  309.91723  57.5%   102  908s

 230300 177799  620.41887   50  110  729.59000  310.06877  57.5%   102  915s

 231231 179699  344.72907   37  151  729.59000  310.08724  57.5%   102  925s

 233557 180643  476.81592   88  123  729.59000  310.24348  57.5%   102  931s

 234828 181802  369.42267   45  216  729.59000  310.32904  57.5%   102  938s

 236227 183712  573.57484  115  183  729.59000  310.38192  57.5%   102  949s

 238467 184332  377.03670   36  163  729.59000  310.44587  57.4%   102  955s

 239301 186225  394.61596   35  208  729.59000  310.46262  57.4%   102  963s

 241493 186971  522.71929   98  169  729.59000  310.59140  57.4%   102  969s

 242491 187542  512.77220   44  157  729.59000  310.68347  57.4%   102  975s

 243361 189820  464.71814   65  179  729.59000  310.69100  57.4%   102  985s

 246104 190724  615.27304   69  145  729.59000  310.78938  57.4%   102  990s

 247184 192090  591.71468   68  160  729.59000  310.80596  57.4%   102  997s

 248946 192764  549.50342   83  187  729.59000  310.90360  57.4%   102 1004s

 249843 193895  519.76605   39  113  729.59000  310.90360  57.4%   102 1011s

 251581 194700  475.10230   62  191  729.59000  310.99724  57.4%   102 1017s

 252692 195563  334.94345   29  295  729.59000  311.07673  57.4%   102 1022s

 253690 197682  382.32178   42  163  729.59000  311.07673  57.4%   102 1032s

 256304 199247  659.75139   90  139  729.59000  311.17900  57.3%   102 1040s

 258422 200132 infeasible   36       729.59000  311.23710  57.3%   102 1048s

 259577 201893  342.91438   44  205  729.59000  311.31446  57.3%   102 1058s

 261686 204266  615.12465   63  148  729.59000  311.40700  57.3%   102 1069s

 264545 204945  346.66803   28  259  729.59000  311.51892  57.3%   102 1075s

 265400 205892  431.97588   57  188  729.59000  311.51892  57.3%   102 1083s

 266578 207057  457.18963   38  195  729.59000  311.51892  57.3%   102 1091s

 268136 209052  567.67553   67  138  729.59000  311.75318  57.3%   102 1101s

 270510 210036 infeasible   63       729.59000  311.86270  57.3%   102 1108s

 271735 211917  339.59402   32  195  729.59000  311.86270  57.3%   102 1117s

 274082 212593  400.77609   48  242  729.59000  312.03563  57.2%   102 1123s

 274921 214810  511.58997   90  171  729.59000  312.05210  57.2%   102 1133s

 277711 215617  580.04671   87  166  729.59000  312.12322  57.2%   102 1140s

 278780 216352 infeasible   32       729.59000  312.23459  57.2%   103 1149s

 279831 217085  466.92284   39  166  729.59000  312.23474  57.2%   103 1156s

 280816 220378  451.79365   42  234  729.59000  312.26239  57.2%   103 1172s

 285131 221091  705.53517  114  137  729.59000  312.44169  57.2%   103 1178s

 285985 221874  560.53358   61  153  729.59000  312.44169  57.2%   103 1184s

 287046 223495  405.30153   40  219  729.59000  312.45511  57.2%   103 1193s

 289189 224194 infeasible   60       729.59000  312.58205  57.2%   103 1199s

 290048 225889  684.96096   61   96  729.59000  312.58205  57.2%   103 1207s

 292055 227303  414.81247   32  256  729.59000  312.63345  57.1%   103 1216s

 293820 228136  520.28076   53  127  729.59000  312.76511  57.1%   103 1225s

 294761 229248  473.86518   29  179  729.59000  312.77548  57.1%   103 1231s

 296088 231153  450.54323   59   99  729.59000  312.77548  57.1%   103 1241s

 298345 232223  589.15369  124  118  729.59000  312.77548  57.1%   103 1248s

 299645 233704  379.70577   23  169  729.59000  312.90411  57.1%   103 1257s

 301619 234499  476.23115   59  134  729.59000  313.12944  57.1%   103 1263s

 302536 237696  588.03386   83  147  729.59000  313.13240  57.1%   103 1279s

 306508 238697  559.77547   70  113  729.59000  313.24576  57.1%   103 1286s

 307739 240075  498.22350   60  196  729.59000  313.28936  57.1%   103 1294s

 308785 240075  415.34655   35  217  729.59000  313.32873  57.1%   103 1295s

 309630 240852 infeasible   33       729.59000  313.32873  57.1%   103 1301s

 310730 241648  589.26891   72  110  729.59000  313.37720  57.0%   103 1307s

 311763 242272  463.04708   59  172  729.59000  313.37720  57.0%   103 1314s

 312458 242272  422.35467   49  180  729.59000  313.37720  57.0%   103 1315s

 312559 244089  718.55917   96  136  729.59000  313.37720  57.0%   103 1325s

 314798 244862  472.01341   42  128  729.59000  313.55269  57.0%   103 1332s

 315913 245788  519.03821   45  111  729.59000  313.55324  57.0%   103 1339s

 317147 247034  386.73326   35  157  729.59000  313.65259  57.0%   103 1347s

 318683 249247  509.26359   50  136  729.59000  313.76222  57.0%   103 1358s

 321306 250167  344.48032   25  215  729.59000  313.83922  57.0%   103 1365s

 322364 252076  714.89339  104  119  729.59000  313.83922  57.0%   103 1377s

 324749 253296  353.28906   22  188  729.59000  314.02277  57.0%   103 1384s

 326280 253938  434.10841   43  208  729.59000  314.10216  56.9%   103 1389s

 327055 255487  412.17085   25  209  729.59000  314.11111  56.9%   103 1397s

 329129 256133  384.40792   34  186  729.59000  314.11111  56.9%   103 1403s

 330047 256886  474.81285   51  121  729.59000  314.11111  56.9%   103 1409s

 331055 258618  355.64501   42  233  729.59000  314.19615  56.9%   103 1419s

 333159 259821  694.02054   54  188  729.59000  314.31748  56.9%   103 1427s

 334776 260677  506.09678   32  151  729.59000  314.40385  56.9%   103 1434s

 335897 261622  494.20972   30  200  729.59000  314.42828  56.9%   104 1441s

 337063 263243  381.26572   38  226  729.59000  314.54913  56.9%   104 1449s

 338281 263243  362.64744   47  185  729.59000  314.54913  56.9%   104 1450s

 339014 264019 infeasible   31       729.59000  314.59515  56.9%   104 1456s

 339923 265771  505.30849   53  125  729.59000  314.60248  56.9%   104 1467s

 342093 267412  490.95882   75  210  729.59000  314.67828  56.9%   103 1476s

 344068 268435  482.72075   87  210  729.59000  314.73702  56.9%   103 1485s

 345332 270916  487.99785   59  168  729.59000  314.74736  56.9%   104 1499s

 346802 270916  380.41292   37  175  729.59000  314.76478  56.9%   103 1500s

 348345 271743  582.69307   44  133  729.59000  314.83817  56.8%   103 1506s

 349344 273363  561.19126   86  156  729.59000  314.85251  56.8%   103 1516s

 351411 274012  558.79692   75  134  729.59000  314.99993  56.8%   103 1523s

 352246 275406  447.79828   26  253  729.59000  315.02390  56.8%   104 1533s

 354325 276145  400.16114   29  170  729.59000  315.14221  56.8%   104 1540s

 355280 277091  350.57703   29  216  729.59000  315.14858  56.8%   104 1548s

 356517 277856  402.79524   35  190  729.59000  315.20428  56.8%   104 1556s

 357454 279729  331.85336   26  196  729.59000  315.27807  56.8%   104 1568s

 359864 281390  496.48035   39  204  729.59000  315.30530  56.8%   104 1580s

 362046 282278 infeasible   34       729.59000  315.31804  56.8%   104 1588s

 363229 283273  534.14505   40  180  729.59000  315.39242  56.8%   104 1596s

 364471 285035  442.14620   36  206  729.59000  315.39242  56.8%   104 1610s

 366746 285517  367.95527   24  203  729.59000  315.57824  56.7%   104 1616s

 367395 287165  509.07157   67  146  729.59000  315.57824  56.7%   104 1626s

 369520 287705  432.04521   38  172  729.59000  315.72056  56.7%   104 1633s

 370319 288532  406.13270   46  170  729.59000  315.74572  56.7%   104 1643s

 371344 290111  484.16384   43  162  729.59000  315.76331  56.7%   104 1655s

 373416 290409  478.69551   63  218  729.59000  315.88472  56.7%   104 1665s

 373795 291084  479.79036   64  185  729.59000  315.88472  56.7%   104 1674s

 374630 291751  483.96060   65  200  729.59000  315.88472  56.7%   104 1683s

 375488 293445  487.76111   66  205  729.59000  315.88631  56.7%   104 1696s

 377686 293457  494.57835   67  207  729.59000  315.88631  56.7%   104 1717s

 377706 293470  495.09609   68  225  729.59000  315.88631  56.7%   104 1723s

 377725 293478  496.06756   69  189  729.59000  315.88631  56.7%   104 1729s

 377749 293499  500.62536   70  217  729.59000  315.88631  56.7%   104 1734s

 377770 293576 infeasible   71       729.59000  315.88631  56.7%   105 1739s

 377875 293804  501.93426   72  176  729.59000  315.88631  56.7%   105 1745s

 378133 294372  502.17866   73  181  729.59000  315.88631  56.7%   105 1752s

 378864 295390  521.03853   74  135  729.59000  316.08166  56.7%   105 1762s

 380177 296363  401.08672   32  131  729.59000  316.15247  56.7%   105 1773s

 381390 297671  398.17358   37  181  729.59000  316.15247  56.7%   105 1785s

 382987 298843  405.40767   38  227  729.59000  316.29982  56.6%   105 1796s

 384491 299820 infeasible   38       729.59000  316.35557  56.6%   105 1808s

 385815 300827 infeasible   79       729.59000  316.35557  56.6%   105 1819s

 387076 302258  402.95313   50  160  729.59000  316.35557  56.6%   105 1832s

 388883 303337  510.98760   50  144  729.59000  316.48654  56.6%   105 1843s

 390302 304877  544.03736   35  169  729.59000  316.52011  56.6%   106 1856s

 392265 307331  528.95616  104  123  729.59000  316.60569  56.6%   106 1872s

 395296 308651  410.54843   44  262  729.59000  316.70920  56.6%   105 1883s

 396904 310535  559.49329   64  190  729.59000  316.70920  56.6%   105 1896s

 399260 311488  496.40746   36  186  729.59000  316.79087  56.6%   105 1906s

 400423 312641  409.86223   61  144  729.59000  316.79090  56.6%   105 1918s

 401893 313694 infeasible   40       729.59000  316.84048  56.6%   105 1929s

 403261 315020  381.50081   40  249  729.59000  316.93074  56.6%   105 1939s

 405174 316038  358.97690   45  225  729.59000  317.00076  56.6%   106 1950s

 406498 316818  447.65686   33  154  729.59000  317.03233  56.5%   106 1959s

 407448 319873  510.53420   45  163  729.59000  317.06820  56.5%   106 1980s

 411300 320795  385.41374   32  189  729.59000  317.19981  56.5%   106 1989s

 412431 322615  435.13706   42  142  729.59000  317.19981  56.5%   106 2002s

 414720 323332 infeasible   44       729.59000  317.30943  56.5%   106 2011s

 415715 324185  589.13688   43  136  729.59000  317.30943  56.5%   106 2021s

 416815 324943  529.59194   74  161  729.59000  317.39216  56.5%   106 2029s

 417718 326507  473.60761   49  246  729.59000  317.39216  56.5%   106 2043s

 419651 326634     cutoff  111       729.59000  317.40633  56.5%   106 2054s

 419796 326648  693.66750  111  189  729.59000  317.40633  56.5%   106 2059s

 419814 326664  694.88464  112  188  729.59000  317.40633  56.5%   106 2064s

 419830 326713  701.05050  113  182  729.59000  317.40633  56.5%   106 2068s

 419891 326904  623.91684   70  144  729.59000  317.46081  56.5%   106 2073s

 420182 327474  510.15637   60  160  729.59000  317.46081  56.5%   106 2081s

 420888 328175  469.93995   59  151  729.59000  317.49603  56.5%   106 2090s

 421880 329246 infeasible   58       729.59000  317.51789  56.5%   106 2103s

 423255 330301  371.62146   52  178  729.59000  317.58908  56.5%   106 2115s

 424596 331432     cutoff   33       729.59000  317.66584  56.5%   106 2129s

 425993 332741  427.25551   56  194  729.59000  317.70005  56.5%   106 2142s

 427734 333434  366.10323   30  246  729.59000  317.71604  56.5%   106 2157s

 428630 335568  506.68217   57  195  729.59000  317.80083  56.4%   106 2177s

 431235 337908  431.47993   37  233  729.59000  317.93654  56.4%   106 2195s

 434194 338733  601.71997   61  150  729.59000  318.08735  56.4%   106 2207s

 435394 340948  451.29467   49  179  729.59000  318.14501  56.4%   106 2223s

 438220 342112  523.93600   60  158  729.59000  318.20911  56.4%   106 2236s

 439755 342833  460.13587   43  129  729.59000  318.20911  56.4%   106 2248s

 440694 343634  547.44186   33  146  729.59000  318.20911  56.4%   107 2260s

 441860 345544  493.86260   68  136  729.59000  318.36973  56.4%   107 2274s

 444178 346701 infeasible   84       729.59000  318.41652  56.4%   107 2286s

 445613 347671  461.50292   48  174  729.59000  318.41652  56.4%   107 2298s

 446931 348891  591.80765   79  150  729.59000  318.50022  56.3%   107 2314s

 448617 349501  701.64758  124   72  729.59000  318.51093  56.3%   107 2326s

 449451 351709  487.08835   53  120  729.59000  318.57980  56.3%   107 2346s

 452188 353850  415.92405   46  152  729.59000  318.66989  56.3%   107 2365s

 455022 354561  493.64104   46  153  729.59000  318.77013  56.3%   107 2377s

 456078 356507  503.73865   42  180  729.59000  318.79170  56.3%   107 2393s

 458678 357328  394.00928   34  199  729.59000  318.90650  56.3%   107 2404s

 459782 358263  589.09289   50  113  729.59000  319.05241  56.3%   107 2414s

 461023 359187  621.23959   71  130  729.59000  319.09482  56.3%   107 2426s

 462220 361238  387.39292   45  165  729.59000  319.11265  56.3%   107 2442s

 464810 362562  449.40336   51  184  729.59000  319.18078  56.3%   107 2455s

 466457 363720  408.33160   35  198  729.59000  319.23349  56.2%   107 2467s

 467888 365234  546.22120   63  110  729.59000  319.24522  56.2%   107 2481s

 469902 366042  541.21546   57  136  729.59000  319.33932  56.2%   107 2494s

 470925 368342  477.36576   45  180  729.59000  319.33932  56.2%   107 2519s

 473789 369528  453.58631   54  216  729.59000  319.44412  56.2%   107 2532s

 475325 370902  627.45117   45  185  729.59000  319.49600  56.2%   107 2545s

 476975 373186  519.86241   49  140  729.59000  319.54601  56.2%   107 2563s

 479924 374100 infeasible   23       729.59000  319.60239  56.2%   107 2575s

 481060 375976  370.24543   56  216  729.59000  319.60239  56.2%   107 2590s

 483427 377150  350.32611   46  221  729.59000  319.70211  56.2%   107 2602s

 484777 378995  465.01938  106  153  729.59000  319.70211  56.2%   107 2617s

 487013 379772  519.04005   72  126  729.59000  319.77622  56.2%   107 2628s

 488028 381271  459.38495   67  160  729.59000  319.78311  56.2%   107 2641s

 490065 381892  661.27605   49  144  729.59000  319.88257  56.2%   107 2651s

 491051 382689  343.56548   38  239  729.59000  319.88811  56.2%   107 2664s

 492264 383571  444.40297   38  136  729.59000  319.98511  56.1%   107 2680s

 493637 385821  406.26199   33  195  729.59000  319.99109  56.1%   108 2704s

 496668 386895  364.14372   42  227  729.59000  320.11205  56.1%   108 2721s

 498077 388092  354.44129   42  213  729.59000  320.16687  56.1%   108 2737s

 499618 388908  456.30238   95  278  729.59000  320.17763  56.1%   108 2753s

 500619 391159  556.88612  149  190  729.59000  320.22074  56.1%   108 2772s

 503363 392771  425.13119   25  253  729.59000  320.32244  56.1%   108 2790s

 505419 393948  517.52532   44  107  729.59000  320.44890  56.1%   108 2805s

 506849 395429  583.65997   71  167  729.59000  320.44890  56.1%   108 2821s

 508727 397325  485.14372   56  216  729.59000  320.44890  56.1%   108 2838s

 511218 398007  453.22261   45  153  729.59000  320.57027  56.1%   108 2853s

 512267 399328  471.70740   49  146  729.59000  320.62622  56.1%   108 2867s

 513871 400352  367.04663   50  283  729.59000  320.62622  56.1%   108 2885s

 515238 401210  571.90906   74  162  729.59000  320.62622  56.1%   108 2899s

 516402 402277  564.17101   66  148  729.59000  320.74159  56.0%   108 2915s

 517745 404597  626.66926  119  140  729.59000  320.77519  56.0%   108 2936s

 520634 405840  382.09046   29  204  729.59000  320.87134  56.0%   108 2950s

 522164 407513  460.50377   37  198  729.59000  320.87134  56.0%   108 2968s

 524574 408379  459.22570   23  194  729.59000  320.99492  56.0%   108 2979s

 524984 408379  390.20369   33  195  729.59000  321.00099  56.0%   108 2980s

 525770 409277  377.11022   37  200  729.59000  321.07250  56.0%   108 2991s

 526944 410122  388.22467   26  252  729.59000  321.09949  56.0%   108 3003s

 528008 412253  692.75098  137  130  729.59000  321.09949  56.0%   108 3023s

 530796 414184  414.61422   38  224  729.59000  321.18930  56.0%   108 3040s

 533178 415351  536.27482   67  167  729.59000  321.26980  56.0%   108 3056s

 534629 417393  477.20887   31  156  729.59000  321.30475  56.0%   108 3075s

 537217 417906  419.29292   50  164  729.59000  321.34718  56.0%   108 3089s

 537863 419038  371.11107   41  202  729.59000  321.39268  55.9%   108 3102s

 539283 419979  519.58653   28  173  729.59000  321.47000  55.9%   108 3114s

 540443 422105  555.44887   52  151  729.59000  321.47000  55.9%   108 3134s

 543043 423966  418.53204   46  225  729.59000  321.54618  55.9%   108 3153s

 545237 425009  366.65464   35  171  729.59000  321.61015  55.9%   108 3166s

 546529 426714  371.21230   30  191  729.59000  321.66937  55.9%   108 3184s

 548990 427463  659.10098   53  136  729.59000  321.70674  55.9%   108 3196s

 550020 428635  478.50407   30  217  729.59000  321.70674  55.9%   108 3211s

 551498 429902  354.89907   45  206  729.59000  321.78146  55.9%   108 3228s

 553344 430774  593.69613   84   95  729.59000  321.85009  55.9%   108 3245s

 554456 431627  472.78166   59  215  729.59000  321.86105  55.9%   108 3258s

 555497 433575  436.05691   37  253  729.59000  321.90174  55.9%   108 3284s

 558524 434465 infeasible   28       729.59000  321.98404  55.9%   108 3299s

 559871 435537  714.63896   48  107  729.59000  321.98404  55.9%   109 3314s

 561292 436645  420.80278   46  179  729.59000  322.08758  55.9%   109 3334s

 562251 436645  481.04464   60  195  729.59000  322.12654  55.8%   109 3335s

 562757 437844  498.04479   48  159  729.59000  322.12654  55.8%   109 3351s

 564258 439755  619.74196   91  117  729.59000  322.25400  55.8%   109 3374s

 566008 439755  606.23742   74  158  729.59000  322.25536  55.8%   109 3375s

 566760 440512 infeasible   24       729.59000  322.33224  55.8%   109 3390s

 567792 442420  411.56444   38  172  729.59000  322.33614  55.8%   109 3412s

 570242 443195  500.66782   56  131  729.59000  322.40225  55.8%   109 3429s

 570861 443195  427.25457   46  167  729.59000  322.42201  55.8%   109 3430s

 571276 444057  361.91043   29  205  729.59000  322.45706  55.8%   109 3449s

 572376 445019  478.12593   61  225  729.59000  322.46149  55.8%   109 3466s

 573630 446766  365.53605   45  170  729.59000  322.50588  55.8%   109 3486s

 576017 448599 infeasible   86       729.59000  322.54739  55.8%   109 3509s

 578253 448916  416.39058   31  252  729.59000  322.59488  55.8%   109 3525s

 578655 449971  494.32129   42  161  729.59000  322.59488  55.8%   109 3539s

 579939 451141  482.64825   55  237  729.59000  322.68382  55.8%   109 3556s

 581440 453042  434.95282   48  214  729.59000  322.68382  55.8%   109 3578s

 583799 453982  519.92152   34  157  729.59000  322.78875  55.8%   109 3592s

 584985 455813  507.19777   73  208  729.59000  322.82713  55.8%   109 3612s

 587143 456620  419.51879   43  219  729.59000  322.89443  55.7%   109 3627s

 588132 458082  422.82545   43  204  729.59000  322.89443  55.7%   109 3648s

 590147 459001  449.16069   37  242  729.59000  322.97209  55.7%   109 3664s

 591336 459867  391.47047   27  246  729.59000  322.99336  55.7%   109 3678s

 592446 461337  581.66288   86  150  729.59000  323.07076  55.7%   109 3699s

 594364 461337  516.05872   51  156  729.59000  323.13921  55.7%   109 3700s

 594529 462400  387.45998   28  230  729.59000  323.14391  55.7%   109 3716s

 595946 463996  330.33679   43  241  729.59000  323.18235  55.7%   109 3739s

 598002 465008  362.99259   26  250  729.59000  323.24143  55.7%   109 3755s

 599278 465844  452.46876   33  138  729.59000  323.27043  55.7%   109 3781s

 600344 467337  479.24677   69  155  729.59000  323.29000  55.7%   109 3805s

 602375 470253  455.66182   30  155  729.59000  323.33089  55.7%   109 3838s

 605965 471209 infeasible   94       729.59000  323.42557  55.7%   109 3856s

 607174 473241  567.99069   62  183  729.59000  323.42557  55.7%   109 3881s

 609667 474292  643.25238  148  146  729.59000  323.55185  55.7%   109 3897s

 611031 475843  482.67433   44  128  729.59000  323.61263  55.6%   109 3916s

 612972 476946 infeasible  155       729.59000  323.63611  55.6%   109 3934s

 614406 477838  709.80271   83   52  729.59000  323.64535  55.6%   109 3950s

 615580 479886  399.68978   29  225  729.59000  323.68551  55.6%   109 3974s

 618240 481700  539.70073   67  236  729.59000  323.78075  55.6%   109 3996s

 620501 482749  497.74074   65  141  729.59000  323.84845  55.6%   109 4013s

 621851 484173  480.63357   59  150  729.59000  323.87464  55.6%   109 4038s

 623582 486106  347.96164   31  311  729.59000  323.96482  55.6%   109 4062s

 626095 486840  330.06041   38  325  729.59000  324.01710  55.6%   109 4079s

 627019 487873  424.68654   66  274  729.59000  324.01710  55.6%   109 4104s

 628308 489027  456.18556   47  188  729.59000  324.06923  55.6%   109 4122s

 629831 491227  671.81187   59  143  729.59000  324.15874  55.6%   109 4150s

 632531 492571  470.43031   39  177  729.59000  324.24105  55.6%   109 4169s

 634158 493406  459.86097   42  168  729.59000  324.25976  55.6%   109 4187s

 635310 494887  615.35324   48  113  729.59000  324.30927  55.5%   109 4208s

 637532 496134  623.93712  122  102  729.59000  324.37123  55.5%   109 4227s

 639144 498189  421.72526   19  194  729.59000  324.40113  55.5%   109 4252s

 641638 499290  546.41559   77  193  729.59000  324.46493  55.5%   109 4271s

 642962 501489  599.75774   88  117  729.59000  324.46493  55.5%   109 4300s

 645729 502378  428.86302   47  197  729.59000  324.56456  55.5%   109 4317s

 646857 504089  457.34218   57  154  729.59000  324.58347  55.5%   109 4339s

 648965 504896  487.14016   65  131  729.59000  324.58347  55.5%   109 4355s

 650029 505761  377.79928   44  252  729.59000  324.73430  55.5%   109 4375s

 651202 506620  447.77668   32  176  729.59000  324.75433  55.5%   109 4395s

 652323 508475  421.14268   36  204  729.59000  324.76009  55.5%   109 4420s

 654717 509638  503.10573   57  179  729.59000  324.87354  55.5%   109 4439s

 656192 511524  597.80546   33  130  729.59000  324.88547  55.5%   109 4464s

 658638 512376  404.42143   59  235  729.59000  324.88547  55.5%   109 4483s

 659798 513350  484.65105   58  201  729.59000  324.93409  55.5%   109 4500s

 661047 513998 infeasible   55       729.59000  325.03813  55.4%   109 4518s

 661857 515914  432.06636   45  183  729.59000  325.03813  55.4%   109 4544s

 663881 515914  644.06415  109  139  729.59000  325.04613  55.4%   109 4545s

 664306 516285  654.23127   86  178  729.59000  325.09604  55.4%   109 4569s

 664899 519083  683.54045   54  152  729.59000  325.09604  55.4%   109 4622s

 668500 521007  651.13253   95  121  729.59000  325.26800  55.4%   109 4653s

 671186 521880  332.34842   39  301  729.59000  325.31835  55.4%   109 4672s

 672302 524303  434.01125   31  167  729.59000  325.38481  55.4%   109 4702s

 675246 525121  390.80098   43  256  729.59000  325.42292  55.4%   109 4722s

 676417 526011  612.15989   43  130  729.59000  325.44140  55.4%   110 4741s

 677785 526776     cutoff   51       729.59000  325.52600  55.4%   110 4759s

 678959 527465  426.55280   24  243  729.59000  325.57675  55.4%   110 4779s

 679907 529174  513.41907   83  157  729.59000  325.57675  55.4%   110 4808s

 682328 530444  345.45162   32  274  729.59000  325.66309  55.4%   110 4832s

 683954 531665  532.69072   58  129  729.59000  325.66309  55.4%   110 4856s

 685601 531739  496.64100   65  154  729.59000  325.76102  55.4%   110 4882s

 685695 544329  431.78235   51  221  729.59000  325.76222  55.3%   110 5168s

 692695 544329  520.10580   39  190  729.59000  325.76222  55.3%   110 5171s

 701695 546700  492.52980   46  187  729.59000  326.17349  55.3%   110 5211s

 704783 548690  422.39073   31  212  729.59000  326.27592  55.3%   110 5243s

 707260 550379  418.37443   29  206  729.59000  326.34844  55.3%   110 5268s

 709279 551427  403.63906   77  123  729.59000  326.42169  55.3%   110 5287s

 710584 552206  588.48250  156  155  729.59000  326.44868  55.3%   110 5304s

 711617 553887  424.65111   34  108  729.59000  326.47933  55.3%   110 5329s

 713845 554679  354.03009   42  125  729.59000  326.54055  55.2%   110 5349s

 714283 554679  497.54667  100  145  729.59000  326.54493  55.2%   110 5350s

 714846 556075  405.71593   66  208  729.59000  326.54493  55.2%   110 5374s

 716257 556075  520.62248   74  103  729.59000  326.57051  55.2%   110 5375s

 716799 556798  540.11168   79  112  729.59000  326.60397  55.2%   110 5394s

 717767 558128  337.50708   29  144  729.59000  326.60682  55.2%   110 5418s

 719502 559115  601.18394   69  127  729.59000  326.69107  55.2%   110 5439s

 720789 560822  442.16318   50  202  729.59000  326.70877  55.2%   110 5467s

 722915 561870  506.93935   91  169  729.59000  326.75207  55.2%   110 5489s

 724218 563552  437.59790   30  195  729.59000  326.78070  55.2%   110 5514s

 725163 563552  701.33094  172  126  729.59000  326.78833  55.2%   110 5515s

 726303 564495  542.80713   58  132  729.59000  326.81788  55.2%   110 5534s

 727467 566223  401.13380   25  186  729.59000  326.82909  55.2%   110 5561s

 729633 567554 infeasible   93       729.59000  326.90143  55.2%   110 5587s

 731504 568232  389.61897   35  216  729.59000  326.97195  55.2%   110 5604s

 732430 569329  394.67387   40  206  729.59000  326.97295  55.2%   110 5628s

 733998 570412  571.71105   51  124  729.59000  326.97295  55.2%   110 5651s

 735393 572361  443.61014   46  167  729.59000  327.03102  55.2%   110 5683s

 737835 573317  656.74386  104  143  729.59000  327.10067  55.2%   110 5705s

 739124 574282  387.14869   29  183  729.59000  327.15078  55.2%   110 5728s

 740415 575245  392.48437   40  117  729.59000  327.18524  55.2%   110 5752s

 741899 576153  398.91319   51  201  729.59000  327.18992  55.2%   110 5776s

 743237 578274  410.88537   25  281  729.59000  327.19405  55.2%   111 5808s

 745827 579206  657.88901  104  165  729.59000  327.27134  55.1%   110 5832s

 747117 580249  382.36570   22  228  729.59000  327.31079  55.1%   111 5855s

 748547 581309  532.83081   63  108  729.59000  327.35574  55.1%   111 5878s

 749890 583425  494.51815   52  271  729.59000  327.36494  55.1%   111 5912s

 752474 584985 infeasible  105       729.59000  327.42237  55.1%   111 5941s

 754435 585953  446.42854   29  233  729.59000  327.46886  55.1%   111 5963s

 755708 587415 infeasible   68       729.59000  327.48246  55.1%   111 5992s

 757625 588203  447.29961   37  215  729.59000  327.54039  55.1%   111 6013s

 758840 589070  426.50668   40  219  729.59000  327.54039  55.1%   111 6035s

 760074 590254  369.14101   32  224  729.59000  327.61450  55.1%   111 6060s

 761563 591961  566.54819   73  142  729.59000  327.61450  55.1%   111 6092s

 763763 592687  447.85563   64  213  729.59000  327.69745  55.1%   111 6118s

 764775 593700  586.99489   51  115  729.59000  327.70410  55.1%   111 6144s

 765929 593700  391.14583   29  159  729.59000  327.70410  55.1%   111 6145s

 766091 594844  536.84303   54  140  729.59000  327.70410  55.1%   111 6172s

 767604 596658  603.06478   61  124  729.59000  327.78285  55.1%   111 6211s

 769836 597454  437.27104   93  147  729.59000  327.82890  55.1%   111 6236s

 770944 598544  397.66044   29  165  729.59000  327.84981  55.1%   111 6263s

 772379 599431  434.59078   31  182  729.59000  327.91587  55.1%   111 6287s

 773726 599950  505.57380   44  143  729.59000  327.95940  55.0%   111 6313s

 774769 601215  392.32416   37  297  729.59000  327.99556  55.0%   111 6350s

 776623 602387  511.98119   65  198  729.59000  328.02673  55.0%   111 6389s

 778247 605198  570.30046   84  152  729.59000  328.04183  55.0%   111 6439s

 780194 605198  455.99148   24  215  729.59000  328.08693  55.0%   111 6440s

 781618 606297  699.19864   85  158  729.59000  328.14528  55.0%   111 6473s

 783019 608406  381.59991   44  238  729.59000  328.19337  55.0%   111 6515s

 785704 609324 infeasible   99       729.59000  328.24200  55.0%   111 6542s

 786971 610348  489.11075   39  210  729.59000  328.24881  55.0%   111 6571s

 788345 611326  669.16847   94  125  729.59000  328.34043  55.0%   111 6597s

 789543 613200  477.31444   98   73  729.59000  328.34307  55.0%   111 6639s

 791930 614622 infeasible  112       729.59000  328.41622  55.0%   111 6674s

 792753 614622  568.13099   47  146  729.59000  328.42568  55.0%   111 6675s

 793987 615596 infeasible   73       729.59000  328.46721  55.0%   111 6701s

 795217 616724  532.26152   45  173  729.59000  328.47251  55.0%   111 6734s

 796823 618397  450.50254   39  189  729.59000  328.54076  55.0%   111 6772s

 799225 619094  384.23436   35  228  729.59000  328.58991  55.0%   111 6795s

 800241 619715  466.75298   41  185  729.59000  328.61704  55.0%   111 6817s

 801079 621222  388.87262   45  223  729.59000  328.62356  55.0%   111 6851s

 803107 622093  397.56446   39  140  729.59000  328.67714  55.0%   111 6878s

 804302 623178  477.12620   70  175  729.59000  328.71381  54.9%   112 6909s

 805674 624159  373.05517   41  164  729.59000  328.74408  54.9%   112 6939s

 806965 625130  538.12473  103   72  729.59000  328.76959  54.9%   112 6967s

 808169 627134  452.32309   61  192  729.59000  328.80265  54.9%   112 7011s

 810721 628662  360.05188   38  201  729.59000  328.88742  54.9%   112 7051s

 812793 629912  435.10759   30  221  729.59000  328.93914  54.9%   112 7085s

 814372 631239  414.18216   47  212  729.59000  328.93914  54.9%   112 7124s

 815854 631239  354.49858   26  150  729.59000  328.93914  54.9%   112 7125s

 816021 632614  369.54849   24  235  729.59000  328.97705  54.9%   112 7163s

 817962 633455  445.04238   43  176  729.59000  329.03126  54.9%   112 7192s

 819079 634166  412.96497   45  217  729.59000  329.06077  54.9%   112 7219s

 820032 636012  470.97262   35  207  729.59000  329.06599  54.9%   112 7262s

 822363 637084  536.16777   61  208  729.59000  329.14689  54.9%   112 7297s

 823724 638175  489.96627   44  217  729.59000  329.17675  54.9%   112 7331s

 825104 639689  376.68747   46  248  729.59000  329.21151  54.9%   112 7373s

 827142 640788  362.15346   42  175  729.59000  329.25751  54.9%   112 7409s

 828599 641872  407.68804   54  184  729.59000  329.27755  54.9%   112 7447s

 830081 643424  411.33063   29  254  729.59000  329.31726  54.9%   112 7490s

 832207 644436 infeasible   47       729.59000  329.31726  54.9%   112 7525s

 833508 645407  585.05775   82  127  729.59000  329.36410  54.9%   112 7558s

 834775 646623     cutoff   49       729.59000  329.41831  54.8%   112 7600s

 836427 648002  570.74265   57  110  729.59000  329.45454  54.8%   112 7645s

 838195 649013  425.39525   61  227  729.59000  329.49808  54.8%   112 7681s

 839518 650117  406.07833   40  185  729.59000  329.53922  54.8%   112 7718s

 840888 651129  416.78867   36  211  729.59000  329.57402  54.8%   112 7752s

 842156 652634  382.03363   36  180  729.59000  329.57745  54.8%   112 7800s

 844380 654270  355.76340   36  260  729.59000  329.63806  54.8%   112 7852s

 846513 655535  506.97327   82  132  729.59000  329.70344  54.8%   112 7892s

 848093 656985  414.42471   44  220  729.59000  329.74006  54.8%   112 7936s

 850129 657883  394.42757   40  233  729.59000  329.76509  54.8%   112 7970s

 851321 658933  401.50290   46  258  729.59000  329.81267  54.8%   112 8005s

 852566 660820  338.49855   49  217  729.59000  329.82420  54.8%   112 8057s

 854946 662101  520.15346   92  189  729.59000  329.86819  54.8%   112 8099s

 856780 662947  366.47475   31  267  729.59000  329.91453  54.8%   112 8132s

 857925 663997  405.48515   56  240  729.59000  329.91453  54.8%   112 8170s

 859276 665340  482.46677   37  204  729.59000  329.91453  54.8%   112 8217s

 860972 667474  413.38005   50  177  729.59000  330.03236  54.8%   112 8281s

 863753 668110  693.56607  125  167  729.59000  330.10794  54.8%   112 8310s

 864587 669610  358.26240   33  262  729.59000  330.11505  54.8%   112 8357s

 866613 670514  667.07588   81  114  729.59000  330.18924  54.7%   112 8393s

 867815 671618  640.07231  122  128  729.59000  330.19105  54.7%   112 8432s

 869319 672707  403.71394   39  287  729.59000  330.24191  54.7%   112 8473s

 870672 674264  420.43489   32  168  729.59000  330.24981  54.7%   113 8521s

 872733 675175 infeasible   53       729.59000  330.30301  54.7%   113 8560s

 873883 677219  353.22925   34  219  729.59000  330.31483  54.7%   113 8617s

 876513 677919  552.21569   63  112  729.59000  330.36418  54.7%   112 8653s

 877611 679050  501.89086   52  190  729.59000  330.36418  54.7%   113 8697s

 879342 680136  509.89795   53  158  729.59000  330.36418  54.7%   113 8744s

 879951 680136 infeasible   70       729.59000  330.38974  54.7%   113 8745s

 880731 681462  400.19366   54  257  729.59000  330.42412  54.7%   113 8793s

 882324 683497  429.47981   57  154  729.59000  330.46217  54.7%   113 8859s

 884797 684366  488.44663   30  228  729.59000  330.50815  54.7%   113 8893s

 885926 686201  456.11965   60  193  729.59000  330.50815  54.7%   113 8948s

 888249 687101  561.36112   55  179  729.59000  330.59764  54.7%   113 8989s

 889495 688150  475.08970   42  133  729.59000  330.61162  54.7%   113 9031s

 890916 688969  377.71879   21  186  729.59000  330.65295  54.7%   113 9069s

 891591 688969  356.13664   34  172  729.59000  330.66114  54.7%   113 9070s

 892086 689739  515.58791   45  189  729.59000  330.66114  54.7%   113 9111s

 893281 690784  462.72669   34  248  729.59000  330.73313  54.7%   113 9162s

 894715 692454  453.89248   26  206  729.59000  330.76721  54.7%   113 9219s

 896477 692454  418.94137   56  196  729.59000  330.81782  54.7%   113 9220s

 896745 693503 infeasible   46       729.59000  330.83570  54.7%   113 9263s

 898090 695393  682.40307  125  122  729.59000  330.86399  54.7%   113 9323s

 900530 696464  631.33311   83  116  729.59000  330.92540  54.6%   113 9367s

 901953 698418  627.56435   98  116  729.59000  330.94952  54.6%   113 9429s

 902471 698418  594.79546   83  139  729.59000  330.94952  54.6%   113 9430s

 904468 699284  423.59621   36  172  729.59000  331.01090  54.6%   113 9468s

 905577 700269  600.69888   34  166  729.59000  331.03810  54.6%   113 9508s

 906805 702061  403.55151   32  190  729.59000  331.04103  54.6%   113 9568s

 909034 703140  506.18652   57  128  729.59000  331.08575  54.6%   113 9614s

 909573 703140  508.84468   66   99  729.59000  331.08575  54.6%   113 9615s

 910417 704750  362.03022   30  193  729.59000  331.14088  54.6%   113 9669s

 911441 704750  385.87323   27  206  729.59000  331.14775  54.6%   113 9670s

 912519 705578  390.44085   42  232  729.59000  331.16637  54.6%   113 9709s

 913668 706411  466.06694   34  158  729.59000  331.21313  54.6%   113 9748s

 914910 707127  473.27052   45  167  729.59000  331.21987  54.6%   113 9788s

 916109 708761  495.95410   48  180  729.59000  331.22761  54.6%   113 9847s

 918269 709811  388.52465   38  163  729.59000  331.31656  54.6%   113 9891s

 919603 711020  441.42419   33  208  729.59000  331.33188  54.6%   113 9943s

 921333 711917  484.21175   52  199  729.59000  331.39984  54.6%   113 9984s

 922038 711917  591.69450   50  135  729.59000  331.42622  54.6%   113 9985s

 922451 713431  421.08230   52  108  729.59000  331.45640  54.6%   113 10047s

 924405 714487  401.20850   46  197  729.59000  331.46053  54.6%   113 10094s

 925688 716685  398.79131   21  269  729.59000  331.49622  54.6%   113 10175s

 928625 718274  462.70801   84  198  729.59000  331.56067  54.6%   113 10239s

 929543 718274  522.86861   48  193  729.59000  331.57531  54.6%   113 10240s

 930860 719407  526.90221   42  137  729.59000  331.60938  54.5%   113 10290s

 932364 720531  457.11901   38  184  729.59000  331.64801  54.5%   113 10336s

 933797 721802  482.20161   41  176  729.59000  331.65585  54.5%   113 10390s

 935418 723648  520.28413   71  228  729.59000  331.70731  54.5%   113 10454s

 936250 723648  544.44051   71   89  729.59000  331.70778  54.5%   113 10455s

 937910 724407  475.42621   54  163  729.59000  331.73219  54.5%   113 10495s

 938916 726096  426.54524   28  236  729.59000  331.75619  54.5%   113 10556s

 941197 727142  422.33759   47  214  729.59000  331.80388  54.5%   113 10605s

 942621 728224  391.44513   49  216  729.59000  331.85208  54.5%   113 10652s

 943972 730271  461.56910   35  121  729.59000  331.87762  54.5%   113 10728s

 946607 731268  427.27323   65  203  729.59000  331.94039  54.5%   113 10773s

 947866 732122  431.63089   58  282  729.59000  331.94039  54.5%   113 10822s

 949174 732858  644.74286   39  146  729.59000  332.01266  54.5%   113 10859s

 949741 732858  615.62780   86  126  729.59000  332.01266  54.5%   113 10860s

 950183 734911  428.85901   75  201  729.59000  332.01266  54.5%   113 10931s

 952814 736579  517.50671   48  178  729.59000  332.09079  54.5%   113 10991s

 954938 737309  651.93572   91   91  729.59000  332.12612  54.5%   113 11031s

 956047 738163  446.55533   50  179  729.59000  332.16010  54.5%   113 11076s

 957296 739232  384.22165   39  187  729.59000  332.18062  54.5%   114 11125s

 958675 740367  578.72205   53  166  729.59000  332.24830  54.5%   114 11175s

 960124 741903  383.91350   34  273  729.59000  332.28129  54.5%   114 11234s

 961108 741903  493.20743   47  219  729.59000  332.28398  54.5%   114 11235s

 962244 742758  398.82403   48  251  729.59000  332.31785  54.5%   114 11279s

 963401 744164  507.13140   30  180  729.59000  332.34159  54.4%   114 11324s

 964838 744164  693.75949   81  118  729.59000  332.35337  54.4%   114 11325s

 965370 745084  494.46426   32  143  729.59000  332.38474  54.4%   114 11358s

 966522 746195  427.06005   53  155  729.59000  332.39914  54.4%   114 11390s

 967968 747154  364.44348   29  215  729.59000  332.44252  54.4%   114 11438s

 969226 748090  430.81304   33  247  729.59000  332.46951  54.4%   114 11530s

 970547 750048  701.85744   48  109  729.59000  332.48766  54.4%   114 11655s

 973096 751107  462.82840   61  166  729.59000  332.54449  54.4%   114 11725s

 974459 752215  524.48554   40  198  729.59000  332.56574  54.4%   114 11798s

 975898 753803  419.79086   36  238  729.59000  332.59117  54.4%   114 11893s

 977998 755021 infeasible  105       729.59000  332.63075  54.4%   114 11979s

 979564 755843  557.45470   72   92  729.59000  332.63075  54.4%   114 12039s

 980715 757587  589.05586   54   98  729.59000  332.66166  54.4%   114 12133s

 982712 757587  508.12618   53  153  729.59000  332.69266  54.4%   114 12136s

 983127 758581  489.62974   43  154  729.59000  332.73113  54.4%   114 12201s

 984463 759635  595.12481   83  149  729.59000  332.76359  54.4%   114 12266s

 985841 761563  520.12099   49  152  729.59000  332.78262  54.4%   114 12378s

 988430 762338  540.11517   49  170  729.59000  332.84309  54.4%   114 12434s

 988987 762338  569.53769   69  129  729.59000  332.86167  54.4%   114 12435s

 989395 763803  352.82660   42  236  729.59000  332.86167  54.4%   114 12526s

 991593 764748  531.97000   45  146  729.59000  332.93513  54.4%   114 12596s

 992838 765967  510.90688   84  185  729.59000  332.95112  54.4%   114 12667s

 994340 767788 infeasible   93       729.59000  332.99187  54.4%   114 12755s

 996692 768877  650.23680  120  138  729.59000  333.06376  54.3%   114 12826s

 998071 769931  448.93071   29  140  729.59000  333.09946  54.3%   114 12888s

 999429 771233  498.10145   48  160  729.59000  333.12785  54.3%   114 12959s

 1001035 771233  613.92959  128  146  729.59000  333.14405  54.3%   114 12960s

 1001276 772062  542.24395   61  188  729.59000  333.16181  54.3%   114 13018s

 1002439 773128  526.84260   60  166  729.59000  333.19103  54.3%   114 13085s

 1003858 773937  438.46191   35  128  729.59000  333.24320  54.3%   114 13142s

 1004908 775230  453.97360   49  158  729.59000  333.27116  54.3%   114 13231s

 1006766 776120  506.57597   47  127  729.59000  333.29665  54.3%   114 13291s

 1007907 777191  507.23436   35  148  729.59000  333.32869  54.3%   114 13363s

 1009266 779117  505.98745   68  153  729.59000  333.36555  54.3%   114 13456s

 1011701 779906  453.29436   59  123  729.59000  333.39419  54.3%   114 13514s

 1011967 779906  417.06848   39  141  729.59000  333.39419  54.3%   114 13515s

 1012784 780847  417.40224   30  210  729.59000  333.41886  54.3%   114 13576s

 1014077 781768  467.01205   53  181  729.59000  333.46820  54.3%   114 13641s

 1015410 782802  409.46231   51  205  729.59000  333.49784  54.3%   114 13707s

 1016716 783753  539.79116   69  133  729.59000  333.49831  54.3%   114 13768s

 1017914 785684  433.62828   32  261  729.59000  333.49831  54.3%   114 13864s

 1018072 785684  481.49705   56  203  729.59000  333.49831  54.3%   114 13865s

 1020386 786830  455.86604   46  208  729.59000  333.59132  54.3%   114 13931s

 1021836 788702  479.10693   36  141  729.59000  333.61400  54.3%   114 14022s

 1024114 789788  408.17196   42  173  729.59000  333.64800  54.3%   114 14088s

 1025466 790790 infeasible   39       729.59000  333.68498  54.3%   114 14151s

 1026784 791789  388.79869   47  170  729.59000  333.70875  54.3%   114 14229s

 1028211 793712  378.80056   39  229  729.59000  333.73360  54.3%   114 14335s

 1031059 794407 infeasible   50       729.59000  333.79494  54.2%   114 14392s

 1032228 794506  466.98974   50  171  729.59000  333.82868  54.2%   114 14400s



Cutting planes:

  Learned: 16

  Gomory: 49

  Lift-and-project: 4

  Cover: 276

  Implied bound: 573

  Projected implied bound: 6

  Clique: 542

  MIR: 1079

  Mixing: 154

  StrongCG: 455

  Flow cover: 2753

  GUB cover: 9

  Inf proof: 14

  Zero half: 2136

  RLT: 189

  Relax-and-lift: 1049

  BQP: 1



Explored 1032349 nodes (117970174 simplex iterations) in 14401.42 seconds (5336.33 work units)

Thread count was 24 (of 24 available processors)



Solution count 10: 729.59 729.6 760.54 ... 802.79



Time limit reached

Best objective 7.295900000000e+02, best bound 3.338300000000e+02, gap 54.2442%



AMPL MP initial flat model has 5198 variables (0 integer, 5136 binary);

Objectives: 1 linear; 

Constraints:  1594 linear; 6 quadratic;



AMPL MP final model has 5198 variables (0 integer, 5136 binary);

Objectives: 1 linear; 

Constraints:  1594 linear; 6 quadratic;





-----RESULTS INFO-----
running_time:  14421.75
TC.best_bound:  333.83
TC:  729.59
MIP Gap (%):  54.24416453076386
=== Vehicle Routes ===
Vehicle 1: 0  1
Vehicle 1: 1  7
Vehicle 1: 7  40
Vehicle 1: 8  44
Vehicle 1: 40  8
Vehicle 2: 0  43
Vehicle 2: 2  44
Vehicle 2: 3  2
Vehicle 2: 4  3
Vehicle 2: 43  4
Vehicle 3: 0  42
Vehicle 3: 5  44
Vehicle 3: 6  5
Vehicle 3: 9  6
Vehicle 3: 42  9
Vehicle 4: 0  10
Vehicle 4: 10  38
Vehicle 4: 11  44
Vehicle 4: 38  11
Vehicle 5: 0  37
Vehicle 5: 12  44
Vehicle 5: 37  12
Vehicle 6: 0  41
Vehicle 6: 41  44

=== Full Vehicle Routes ===
Vehicle 1: 0  1  7  40  8  0 (98<100)
Vehicle 2: 0  43  4  3  2  0 (92<100)
Vehicle 3: 0  42  9  6  5  0 (96<100)
Vehicle 4: 0  10  38  11  0 (98<100)
Vehicle 5: 0  37  12  0 (96<100)
Vehicle 6: 0  41  0 (90<100)
Arc used by MRT line: y variables:
Customer assigment to PL: u variables:
13 40
14 37
15 38
16 41
17 40
18 43
19 40
20 41
21 41
22 42
23 40
24 38
25 42
26 37
27 38
28 42
29 40
30 40
31 38
32 37
33 37
34 43
35 41
36 42
Node is served by regular vehicle: g variables:
1
2
3
4
5
6
7
8
9
10
11
12
43
37
38
40
41
42
Customer assigment to Home delivery: gm variables:
1
2
3
4
5
6
7
8
9
10
11
12
Node total demands: ntd variables:
1 13 1
2 18 1
3 17 1
4 12 1
5 18 1
6 21 1
7 8 1
8 5 1
9 18 1
10 5 1
11 23 1
12 14 1
25 0 0
26 0 0
27 0 0
28 0 0
29 0 0
30 0 0
31 0 0
32 0 0
33 0 0
34 0 0
35 0 0
36 0 0
43 45 1
37 82 1
38 70 1
39 0 0
40 72 1
41 90 1
42 39 1
Customer's demand delivered to PL: l variables:
13
14
15
16
17
18
19
20
21
22
23
24
25
26
27
28
29
30
31
32
33
34
35
36
Lockers load <= capacity:
45 <= 81
82 <= 100
70 <= 92
0 <= 85
72 <= 86
90 <= 92
39 <= 79
