Gurobi 12.0.3:   lim:time = 14400

  mip:bestbound = 1

Set parameter LogToConsole to value 1

  tech:outlev = 1

Set parameter Cuts to value 3

  cut:cuts = 3

Set parameter Presolve to value 2

  pre:solve = 2

Set parameter MIPFocus to value 2

  mip:focus = 2

Set parameter Symmetry to value 2

  mip:symmetry = 2

Set parameter InfUnbdInfo to value 1

Gurobi Optimizer version 12.0.3 build v12.0.3rc0 (win64 - Windows 11+.0 (26200.2))



CPU model: 13th Gen Intel(R) Core(TM) i7-13700K, instruction set [SSE2|AVX|AVX2]

Thread count: 16 physical cores, 24 logical processors, using up to 24 threads



Non-default parameters:

TimeLimit  14400

MIPFocus  2

Symmetry  2

Cuts  3

InfUnbdInfo  1

Presolve  2



Optimize a model with 1378 rows, 4523 columns and 27872 nonzeros

Model fingerprint: 0xd76809d3

Model has 6 quadratic objective terms

Model has 12 quadratic constraints

Variable types: 60 continuous, 4463 integer (0 binary)

Coefficient statistics:

  Matrix range     [1e+00, 1e+05]

  QMatrix range    [1e+00, 1e+00]

  QLMatrix range   [1e+00, 3e+01]

  Objective range  [3e+00, 1e+02]

  QObjective range [2e+00, 2e+00]

  Bounds range     [1e+00, 1e+02]

  RHS range        [1e+00, 1e+05]

  QRHS range       [1e+02, 1e+02]

Presolve removed 110 rows and 201 columns

Presolve time: 1.06s

Presolved: 4049 rows, 7082 columns, 29945 nonzeros

Variable types: 957 continuous, 6125 integer (5962 binary)

Root relaxation presolve removed 10 rows and 2 columns

Root relaxation presolved: 4016 rows, 7035 columns, 52779 nonzeros





Root relaxation: objective 1.441915e+02, 545 iterations, 0.04 seconds (0.05 work units)



    Nodes    |    Current Node    |     Objective Bounds      |     Work

 Expl Unexpl |  Obj  Depth IntInf | Incumbent    BestBd   Gap | It/Node Time



     0     0  144.19155    0   98          -  144.19155      -     -    2s

     0     0  222.98025    0   98          -  222.98025      -     -    2s

     0     0  222.98025    0  133          -  222.98025      -     -    2s

     0     0  224.19199    0  123          -  224.19199      -     -    3s

     0     0  228.96750    0  125          -  228.96750      -     -    3s

     0     0  228.97000    0  141          -  228.97000      -     -    3s

     0     0  241.77862    0  123          -  241.77862      -     -    3s

     0     0  242.46505    0  142          -  242.46505      -     -    4s

H    0     0                    1155.2500000  242.46505  79.0%     -    4s

     0     0  249.36963    0  123 1155.25000  249.36963  78.4%     -    4s

H    0     0                    1147.1700000  251.59668  78.1%     -    4s

     0     0  251.59668    0  185 1147.17000  251.59668  78.1%     -    4s

     0     0  257.23168    0  134 1147.17000  257.23168  77.6%     -    4s

     0     0  257.33272    0  120 1147.17000  257.33272  77.6%     -    4s

H    0     0                    1143.5400000  258.38323  77.4%     -    5s

H    0     0                    1143.1800000  258.38323  77.4%     -    5s

H    0     0                    1141.5500000  258.38323  77.4%     -    5s

H    0     0                    1140.2500000  258.38323  77.3%     -    5s

     0     0  258.38323    0  145 1140.25000  258.38323  77.3%     -    5s

     0     0  259.99444    0  104 1140.25000  259.99444  77.2%     -    5s

     0     0  260.35467    0  133 1140.25000  260.35467  77.2%     -    5s

H    0     0                    1130.1700000  260.35467  77.0%     -    5s

H    0     0                    1119.3900000  260.35467  76.7%     -    5s

H    0     0                    1103.3900000  260.35467  76.4%     -    5s

H    0     0                    1088.9100000  260.35467  76.1%     -    5s

H    0     0                    1085.1000000  264.49063  75.6%     -    5s

H    0     0                    1023.3400000  264.49063  74.2%     -    5s

     0     0  264.49063    0  139 1023.34000  264.49063  74.2%     -    5s

     0     0  264.49063    0  139 1023.34000  264.49063  74.2%     -    6s

     0     2  264.99702    0  108 1023.34000  264.99702  74.1%     -    6s

H  176   194                     996.3400000  272.74000  72.6%   181    7s

H  258   284                     995.4200000  272.74000  72.6%   166    7s

H  264   284                     943.2400000  272.74000  71.1%   167    7s

H 1306  1261                     922.7700000  272.74000  70.4%  96.2    8s

H 1723  1566                     920.9900000  272.74000  70.4%  87.2    8s

H 1867  1712                     878.7600000  272.74000  69.0%  85.6    8s

  2853  2466  427.87148   45 2013  878.76000  272.74000  69.0%  81.1   10s

  2874  2480  381.07126   50  296  878.76000  272.74000  69.0%  80.5   15s

H 2874  2355                     862.8100000  273.43360  68.3%  80.5   15s

H 2880  2241                     831.4500000  273.98829  67.0%  80.3   17s

H 2880  2128                     809.6400000  273.98829  66.2%  80.3   17s

H 2880  2021                     805.2500000  273.98829  66.0%  80.3   17s

H 2880  1920                     801.6200000  273.98829  65.8%  80.3   17s

H 2880  1823                     799.8400000  273.98829  65.7%  80.3   17s

H 2887  1736                     795.2200000  274.59527  65.5%  80.1   18s

H 2887  1649                     754.1700000  274.59527  63.6%  80.1   18s

H 2887  1566                     747.3600000  274.59527  63.3%  80.1   18s

  2899  1574  495.55338   59  290  747.36000  275.54489  63.1%  79.8   20s

H 2902  1496                     745.9700000  275.54489  63.1%  79.7   21s

H 2907  1423                     731.3700000  276.50437  62.2%  79.6   23s

  2917  1430  445.41155   48  307  731.37000  276.89383  62.1%  79.3   25s

  2945  1448  517.90689   75  360  731.37000  279.73762  61.8%  78.5   30s

H 2954  1380                     712.5300000  282.34672  60.4%  78.3   32s

  2981  1398  370.50698   35  421  712.53000  288.54214  59.5%  77.6   35s

H 3011  1344                     699.7900000  294.93316  57.9%  76.8   40s

H 3011  1274                     687.9100000  294.93316  57.1%  76.8   40s

H 3012  1211                     680.9100000  294.93316  56.7%  85.0   40s

H 3053  1180                     674.0500000  294.93316  56.2%  89.7   41s

  3646  1622  320.79256   37  153  674.05000  294.93316  56.2%  97.7   45s

  5472  2569  453.52238   69  117  674.05000  294.93316  56.2%  92.3   50s

  8530  5008  306.00183   35  151  674.05000  294.93316  56.2%  85.4   55s

 11881  7980  395.93715   35  159  674.05000  294.93316  56.2%  82.3   60s

 16264 10821 infeasible  115       674.05000  294.93316  56.2%  74.6   65s

H16556 11223                     670.8200000  294.93316  56.0%  74.3   66s

H17881 12047                     665.8200000  294.93316  55.7%  72.8   67s

 19408 13359  623.40392   52   84  665.82000  294.93316  55.7%  72.5   71s

 21175 15852  372.48335   49  151  665.82000  294.93316  55.7%  72.0   75s

 25558 18968  400.35140   62  107  665.82000  294.93316  55.7%  69.9   81s

 28054 20372  512.05110   81  127  665.82000  294.93316  55.7%  68.9   85s

 30476 23562  346.60724   52  143  665.82000  294.93316  55.7%  68.5   91s

 33859 25963  326.67371   41  156  665.82000  294.93316  55.7%  66.9   95s

 36827 28406  346.70132   44   78  665.82000  294.93316  55.7%  66.6  101s

 39961 30701  357.34682   60  109  665.82000  294.98200  55.7%  67.3  106s

 42640 32969  505.86529   76  124  665.82000  294.98896  55.7%  67.0  113s

 44173 35558  442.37901   63  144  665.82000  295.53257  55.6%  67.1  117s

 47338 37347  442.55680   71   91  665.82000  295.79988  55.6%  66.3  120s

 50218 39380  330.24869   23  142  665.82000  296.24608  55.5%  66.1  125s

 53246 41773  309.16510   47  154  665.82000  296.82342  55.4%  66.1  130s

 55989 44297  312.84248   31  159  665.82000  297.04487  55.4%  66.0  135s

 60458 46739  591.71927  132   71  665.82000  297.51805  55.3%  65.2  140s

 63199 50128  363.16712   48  123  665.82000  297.72914  55.3%  65.6  148s

 65643 50934  316.37071   41  153  665.82000  297.95969  55.2%  65.5  150s

 68653 53586  321.69937   42  253  665.82000  298.61583  55.2%  65.2  155s

 70738 55790  430.55790   58   98  665.82000  298.79817  55.1%  65.9  160s

 75104 58449  338.22970   50  118  665.82000  299.19815  55.1%  65.3  166s

 77586 60723  307.48527   23  223  665.82000  299.42286  55.0%  65.7  171s

 80973 62687  489.77828   56  102  665.82000  299.69840  55.0%  65.7  176s

 83777 65934  492.04438   39   80  665.82000  299.84784  55.0%  65.9  184s

 85951 66668  625.79507   52  184  665.82000  300.08301  54.9%  65.8  186s

 88764 69811  472.28966   81  124  665.82000  300.26984  54.9%  66.2  193s

 90909 70612  379.95048   33  149  665.82000  300.50403  54.9%  66.0  195s

 94160 72819  311.15065   44  146  665.82000  300.83701  54.8%  66.0  201s

 96969 75164  326.19807   39  132  665.82000  301.13845  54.8%  66.1  206s

 98158 76527 infeasible   67       665.82000  301.13845  54.8%  66.2  210s

 100764 78541 infeasible   44       665.82000  301.43480  54.7%  66.5  215s

 104625 81240  311.41856   26  180  665.82000  301.74819  54.7%  66.3  223s

 105749 83327  334.21017   37  157  665.82000  301.84320  54.7%  66.5  228s

 108508 84237  434.64951   75  126  665.82000  302.01396  54.6%  66.6  231s

 109629 86025  485.30732   64  145  665.82000  302.16365  54.6%  66.7  235s

 113817 88485  404.20918   43  104  665.82000  302.38497  54.6%  66.9  241s

 115009 90327  476.44322   74  178  665.82000  302.39751  54.6%  67.0  245s

 119207 92393 infeasible   65       665.82000  302.64109  54.5%  67.2  252s

 120084 94249  326.19418   35  116  665.82000  302.70841  54.5%  67.3  256s

 123641 96184  334.03445   56  137  665.82000  302.90500  54.5%  67.2  263s

 125091 97271 infeasible   68       665.82000  302.98200  54.5%  67.2  269s

 126505 98187  375.84417   41  151  665.82000  303.12573  54.5%  67.2  272s

 127681 100434  349.82617   36  199  665.82000  303.15021  54.5%  67.3  278s

 130605 102164  409.79259   58  100  665.82000  303.43281  54.4%  67.4  283s

 132735 103545  335.56195   40  225  665.82000  303.56775  54.4%  67.4  287s

 135553 106018  354.93799   41  125  665.82000  303.56775  54.4%  67.6  294s

 137672 107005  618.84453   68  132  665.82000  303.87725  54.4%  67.5  297s

 138917 108763  343.17453   43  166  665.82000  303.92055  54.4%  67.6  302s

 141112 110348  331.29819   30  125  665.82000  304.05876  54.3%  67.5  306s

 143147 110434  430.47040   73  160  665.82000  304.20378  54.3%  67.5  311s

 144066 112767  347.49606   44  141  665.82000  304.20378  54.3%  67.6  318s

 146156 114634  315.61755   37  139  665.82000  304.46946  54.3%  67.6  325s

 148896 115756  534.72433   57  211  665.82000  304.51500  54.3%  67.4  331s

 149895 117594  402.78894   44   98  665.82000  304.60843  54.3%  67.5  336s

 153299 119981  586.65099   67  151  665.82000  304.77871  54.2%  67.5  344s

 155202 121115  329.82855   35  133  665.82000  304.85324  54.2%  67.6  348s

 156670 121851  527.23031   66  105  665.82000  304.85324  54.2%  67.7  351s

 157567 123197  402.79911   39  124  665.82000  304.94032  54.2%  67.8  356s

 159396 124771  309.82426   34  196  665.82000  305.08490  54.2%  67.9  361s

 161518 125665  308.64119   41  204  665.82000  305.17803  54.2%  67.8  365s

 162573 127279  312.31755   32  291  665.82000  305.17803  54.2%  68.0  370s

 165990 130042  394.15688   66  115  665.82000  305.57567  54.1%  67.9  379s

 168238 131554  386.73488   47  130  665.82000  305.63437  54.1%  67.9  385s

 170987 134195  390.55261   37  176  665.82000  305.84352  54.1%  67.8  395s

 173445 135544 infeasible   69       665.82000  305.93092  54.1%  67.7  401s

 175187 137040  363.06343   46  112  665.82000  306.08100  54.0%  67.7  406s

 178225 139635  417.55389   70  146  665.82000  306.29624  54.0%  67.7  415s

 181093 141881  464.32828   65  120  665.82000  306.33658  54.0%  67.7  423s

 183204 143350  456.02920   42  120  665.82000  306.45339  54.0%  67.6  428s

 185158 143457  627.84071  121  122  665.82000  306.51313  54.0%  67.6  431s

 185448 144259  639.21319  123  119  665.82000  306.51313  54.0%  67.6  437s

 186327 145178  474.20873   46  136  665.82000  306.58506  54.0%  67.6  442s

 187516 146862  318.36321   30  136  665.82000  306.58506  54.0%  67.8  447s

 189625 147538     cutoff   71       665.82000  306.73390  53.9%  67.8  452s

 190500 151053  439.46835   82  126  665.82000  306.73390  53.9%  67.9  464s

 194839 152536  624.99962  121   99  665.82000  306.95340  53.9%  67.7  468s

 196704 153455  356.62578   38  127  665.82000  307.06399  53.9%  67.6  472s

 197840 154823  321.46230   36  121  665.82000  307.06399  53.9%  67.7  477s

 199701 155658  417.66571   61   85  665.82000  307.20207  53.9%  67.7  481s

 200788 157316  591.59115   85   71  665.82000  307.26580  53.9%  67.7  487s

 202798 158933  464.01974   63  106  665.82000  307.33881  53.8%  67.6  492s

 204848 159703  369.12205   45  142  665.82000  307.45500  53.8%  67.5  496s

 205857 161184  325.26494   32  187  665.82000  307.48736  53.8%  67.5  501s

 207706 161882  423.87837   54   83  665.82000  307.57201  53.8%  67.6  505s

 208654 163273  465.45184   77   99  665.82000  307.57201  53.8%  67.6  510s

 210490 164227  368.44322   45  155  665.82000  307.66583  53.8%  67.6  516s

 211705 166285  659.64466   81   58  665.82000  307.73216  53.8%  67.6  524s

 214292 167086  634.27881   75  111  665.82000  307.83524  53.8%  67.6  529s

 215374 168489  338.26408   39  114  665.82000  307.83893  53.8%  67.6  535s

 217333 169175  407.86988   37  156  665.82000  307.95817  53.7%  67.6  541s

 218196 170219  353.59935   52  115  665.82000  307.99074  53.7%  67.7  547s

 219474 170855  561.35933   78  126  665.82000  307.99074  53.7%  67.7  552s

H219584 170849                     665.6400000  307.99074  53.7%  67.7  552s

 220383 173036  313.00516   36  239  665.64000  308.09684  53.7%  67.7  560s

 223128 173706  453.66706   44  131  665.64000  308.18702  53.7%  67.6  566s

 223981 174887  531.60730   79  128  665.64000  308.20410  53.7%  67.7  572s

 225493 176873  405.28423   50   84  665.64000  308.31125  53.7%  67.7  579s

 226908 176873  365.96333   54  122  665.64000  308.33173  53.7%  67.7  580s

 228037 177944  432.80763   69  104  665.64000  308.39446  53.7%  67.7  585s

 229360 179779  386.56372   68  119  665.64000  308.39446  53.7%  67.8  592s

 231658 180535  425.34896   54  132  665.64000  308.54333  53.6%  67.7  597s

 232596 183110  389.33485   50  168  665.64000  308.58332  53.6%  67.8  607s

 235851 184092  324.63230   40  204  665.64000  308.68746  53.6%  67.9  612s

 237159 185843  531.30236   72  119  665.64000  308.77070  53.6%  68.0  620s

 240355 188352  473.29416   77  118  665.64000  308.86059  53.6%  68.0  631s

 242489 190034  370.56128   41  127  665.64000  308.99477  53.6%  68.0  636s

 244522 190982  393.50979   57  141  665.64000  309.05543  53.6%  68.0  640s

 245723 192662  472.83310   82  178  665.64000  309.11272  53.6%  68.0  647s

 247829 193520  370.43312   56  139  665.64000  309.14898  53.6%  68.1  651s

 248973 195285  630.43452   81  130  665.64000  309.15226  53.6%  68.1  658s

 251101 196023  442.05694   62  116  665.64000  309.24821  53.5%  68.1  662s

 251925 197688  372.27563   33  107  665.64000  309.24821  53.5%  68.1  669s

 254043 198479  348.04590   42  149  665.64000  309.34906  53.5%  68.2  675s

 255132 199216  459.07702   58   94  665.64000  309.34906  53.5%  68.2  682s

 256054 200492  619.69504  104  133  665.64000  309.34906  53.5%  68.3  690s

 257812 203599  399.26533   34  129  665.64000  309.49947  53.5%  68.4  703s

 261667 205720  319.50510   31  172  665.64000  309.65469  53.5%  68.3  711s

 264346 206623  345.15312   36  156  665.64000  309.70944  53.5%  68.3  716s

 265499 207621  376.34470   61  119  665.64000  309.77272  53.5%  68.4  722s

 266939 209530  355.13853   46  156  665.64000  309.83688  53.5%  68.5  728s

 269324 210389  462.21086   75  145  665.64000  309.85967  53.4%  68.5  733s

 270474 212413  339.27428   42  159  665.64000  309.98221  53.4%  68.5  741s

 272967 214167  389.72102   42  103  665.64000  310.02071  53.4%  68.4  746s

 275125 215032  365.93498   48  138  665.64000  310.11305  53.4%  68.4  753s

 276227 217402  404.55343   52   88  665.64000  310.12005  53.4%  68.5  763s

 279433 218333  412.69535   47   71  665.64000  310.20981  53.4%  68.4  767s

 280650 220053  493.40538   49  225  665.64000  310.20981  53.4%  68.5  774s

 282939 220721  387.10694   51   99  665.64000  310.30429  53.4%  68.4  778s

 283788 222131  394.30682   50  192  665.64000  310.33426  53.4%  68.4  784s

 285597 223599  332.22270   46  179  665.64000  310.39160  53.4%  68.5  789s

 287449 224728  377.76739   35  122  665.64000  310.41351  53.4%  68.5  795s

 289140 225563  384.82459   44  145  665.64000  310.50595  53.4%  68.5  800s

 290195 226965  471.46987   65  155  665.64000  310.50595  53.4%  68.6  806s

 292047 227694  499.22692   75  107  665.64000  310.54553  53.3%  68.6  810s

 293070 228677  375.39668   41  140  665.64000  310.54553  53.3%  68.7  816s

 294426 229465  341.92964   40  212  665.64000  310.66372  53.3%  68.8  821s

 295476 231119  401.31705   46  156  665.64000  310.70564  53.3%  68.8  828s

 297498 231905  406.67814   57  182  665.64000  310.75422  53.3%  68.8  835s

 298535 234343  355.47823   37  128  665.64000  310.75437  53.3%  68.8  845s

 301650 235260  317.23570   41  133  665.64000  310.88399  53.3%  68.8  850s

 302860 236517  341.11395   47  148  665.64000  310.91871  53.3%  68.9  856s

 304536 237023  315.99210   32  159  665.64000  310.95084  53.3%  69.0  861s

 305324 238437  424.07039   46  119  665.64000  310.98625  53.3%  69.1  867s

 307243 239410  442.78214   63  161  665.64000  311.04468  53.3%  69.2  874s

 308567 241136  326.27063   41  190  665.64000  311.08853  53.3%  69.3  882s

 310704 241664  452.95764   51  175  665.64000  311.13561  53.3%  69.3  888s

 311451 243599  348.73164   42  121  665.64000  311.15993  53.3%  69.3  896s

 313801 244812  469.70311   77  102  665.64000  311.19036  53.2%  69.3  902s

 315368 245735  369.44120   34  135  665.64000  311.25816  53.2%  69.3  907s

 316464 247537  459.38475   62  126  665.64000  311.25816  53.2%  69.3  915s

 318680 249091  337.56780   43  236  665.64000  311.33063  53.2%  69.3  922s

 320613 250262  318.22410   32  123  665.64000  311.35672  53.2%  69.3  928s

 322069 251123  317.58605   38  208  665.64000  311.41056  53.2%  69.3  933s

 323096 252986  572.07493   88  135  665.64000  311.41056  53.2%  69.4  940s

 325354 253739  413.86681   56  149  665.64000  311.47311  53.2%  69.3  946s

 326360 254393  352.61088   54  200  665.64000  311.47311  53.2%  69.4  954s

 327154 255596  352.54233   32  141  665.64000  311.51789  53.2%  69.4  961s

 328733 256543  411.65643   38  166  665.64000  311.51789  53.2%  69.4  967s

 329931 258186  531.76130   81   58  665.64000  311.51789  53.2%  69.4  975s

 331985 258930  381.72585   40  125  665.64000  311.51789  53.2%  69.4  981s

 332918 260868  624.54083   93  111  665.64000  311.51789  53.2%  69.5  990s

 335224 262708  571.66647   78  133  665.64000  311.75152  53.2%  69.4  997s

 337538 263633  376.03829   40  128  665.64000  311.81407  53.2%  69.4 1003s

 338737 265322  433.69656   87  102  665.64000  311.82361  53.2%  69.4 1011s

 340960 267021  457.87462   85  132  665.64000  311.90695  53.1%  69.4 1020s

 344001 269353  516.66686   60  129  665.64000  311.97242  53.1%  69.3 1031s

 346017 270001  339.38757   28  122  665.64000  312.04087  53.1%  69.3 1036s

 346753 271167  511.66864   58   83  665.64000  312.04087  53.1%  69.3 1043s

 348385 272317  361.59327   52  183  665.64000  312.09884  53.1%  69.4 1049s

 349985 272755  415.41626   57   87  665.64000  312.14048  53.1%  69.4 1054s

 350731 273468  395.81591   52  141  665.64000  312.17274  53.1%  69.5 1060s

 351646 274248  627.59540   70   77  665.64000  312.17274  53.1%  69.6 1066s

 352677 275983  511.65294   61  173  665.64000  312.17973  53.1%  69.7 1075s

 354928 277044  363.24526   54  166  665.64000  312.24222  53.1%  69.7 1082s

 356244 278927  465.74000   59   99  665.64000  312.24222  53.1%  69.7 1090s

 358509 279927  424.00173   57  135  665.64000  312.29845  53.1%  69.7 1096s

 359767 281187  598.78679  100   74  665.64000  312.30325  53.1%  69.7 1103s

 361288 282812  369.06620   74   87  665.64000  312.36688  53.1%  69.7 1110s

 363339 283608  569.69653   60  110  665.64000  312.40351  53.1%  69.7 1117s

 364443 284978  436.51904   72  127  665.64000  312.45601  53.1%  69.8 1127s

 366148 287258  334.00933   42  151  665.64000  312.48077  53.1%  69.8 1139s

 369029 288827  353.87134   40  242  665.64000  312.58406  53.0%  69.8 1146s

 371154 289823  323.36517   43  299  665.64000  312.64291  53.0%  69.8 1153s

 372402 291760  347.38008   44  195  665.64000  312.69212  53.0%  69.9 1163s

 374785 292377  339.39925   38  180  665.64000  312.71271  53.0%  69.8 1170s

 375538 293162  517.14580   83  105  665.64000  312.71271  53.0%  69.8 1177s

 376590 294846  419.44334   58  173  665.64000  312.77578  53.0%  69.9 1186s

 378824 296423  614.67287   81  144  665.64000  312.80975  53.0%  69.9 1195s

 380830 297318  485.74582   61  120  665.64000  312.84930  53.0%  69.9 1202s

 381996 299182  615.79914   73   80  665.64000  312.91105  53.0%  69.9 1211s

 384286 300244  501.58202   41  159  665.64000  312.95101  53.0%  69.8 1218s

 385613 302203  581.09615   70   75  665.64000  312.99179  53.0%  69.8 1229s

 387880 302203  542.38630   74  107  665.64000  313.01654  53.0%  69.8 1230s

 388087 303190  462.00659   81  127  665.64000  313.01654  53.0%  69.8 1235s

 389286 304685  424.65315   58  129  665.64000  313.01654  53.0%  69.8 1244s

 391190 305750  571.69855   76  108  665.64000  313.08294  53.0%  69.8 1250s

 392497 307396  324.07913   28  177  665.64000  313.16606  53.0%  69.8 1259s

 394564 308928  528.80724   71  114  665.64000  313.20016  52.9%  69.8 1266s

 396483 309609  392.62500   63  119  665.64000  313.25545  52.9%  69.8 1272s

 397340 310629  446.41717   38  126  665.64000  313.25545  52.9%  69.9 1280s

 398609 312001  401.69771   62  154  665.64000  313.28721  52.9%  69.8 1288s

 400438 312974  335.63483   36  185  665.64000  313.34333  52.9%  69.9 1295s

 401724 314310  390.19345   40  122  665.64000  313.37742  52.9%  70.0 1305s

 403561 314969  329.62448   53  212  665.64000  313.40923  52.9%  70.0 1311s

 404446 316680  425.18335   88  184  665.64000  313.43220  52.9%  70.1 1321s

 406734 317617  416.18085   61  122  665.64000  313.50389  52.9%  70.0 1328s

 407879 319974  366.79345   35  157  665.64000  313.50917  52.9%  70.0 1341s

 410797 320516  363.83243   33  149  665.64000  313.60361  52.9%  70.0 1347s

 411511 322417  349.88424   43  136  665.64000  313.62753  52.9%  70.1 1356s

 413726 323361  508.99314   76   77  665.64000  313.66512  52.9%  70.1 1363s

 414998 323547  541.16438   87  107  665.64000  313.67626  52.9%  70.1 1371s

 415214 324407  541.36275   88  100  665.64000  313.67626  52.9%  70.1 1377s

 416231 325040  418.04081   53   99  665.64000  313.69996  52.9%  70.1 1385s

 417060 326672  325.88132   40  172  665.64000  313.71605  52.9%  70.2 1394s

 419315 327649  542.90469   86   96  665.64000  313.75786  52.9%  70.3 1402s

 420570 329279  342.88773   44  208  665.64000  313.79876  52.9%  70.3 1411s

 422625 330063  346.91390   29  168  665.64000  313.86839  52.8%  70.3 1418s

 423577 331852  331.18977   31  184  665.64000  313.87236  52.8%  70.5 1428s

 425829 332278  374.04454   42  133  665.64000  313.90884  52.8%  70.5 1436s

 426461 333245  325.03102   34  123  665.64000  313.91903  52.8%  70.5 1443s

 427688 334720  364.75665   47  145  665.64000  313.95950  52.8%  70.5 1454s

 429570 335440  420.20116   55  114  665.64000  313.97403  52.8%  70.5 1460s

 430461 336817  372.66813   58  106  665.64000  314.00499  52.8%  70.6 1468s

 432213 338182  325.16990   40  199  665.64000  314.05535  52.8%  70.6 1476s

 434009 339102 infeasible   54       665.64000  314.08067  52.8%  70.7 1483s

 435191 340555  589.23050  120  155  665.64000  314.09390  52.8%  70.7 1491s

 437154 341342  361.07260   44  226  665.64000  314.13543  52.8%  70.7 1498s

 438179 343151  395.16822   41  134  665.64000  314.17142  52.8%  70.8 1508s

 440425 344097  352.91083   50  132  665.64000  314.21463  52.8%  70.7 1514s

 441528 345824  339.20597   33  224  665.64000  314.22689  52.8%  70.8 1524s

 443711 347627  346.87571   36  189  665.64000  314.27649  52.8%  70.8 1534s

 445981 348576  380.01477   52   86  665.64000  314.31673  52.8%  70.7 1540s

 447195 350080  485.44480   60  121  665.64000  314.32187  52.8%  70.7 1549s

 449120 350894  344.32391   54  175  665.64000  314.38558  52.8%  70.7 1556s

 450114 353578  403.18929   72  133  665.64000  314.38558  52.8%  70.7 1572s

 453511 355202  490.36192   73  160  665.64000  314.48962  52.8%  70.7 1580s

 455517 356042  371.24369   43  139  665.64000  314.55111  52.7%  70.7 1587s

 456594 357213  451.58394   59   92  665.64000  314.55649  52.7%  70.7 1596s

 458144 357972 infeasible   50       665.64000  314.55649  52.7%  70.7 1603s

 459075 359409  332.58578   39  161  665.64000  314.58777  52.7%  70.7 1612s

 460911 359892  322.09686   38  157  665.64000  314.66647  52.7%  70.7 1620s

 461489 360623  334.11545   39  109  665.64000  314.66647  52.7%  70.7 1626s

 462389 361872  413.14499   56  132  665.64000  314.66647  52.7%  70.8 1635s

 464048 362770  346.28419   40  143  665.64000  314.70253  52.7%  70.8 1642s

 465147 363767  362.03923   46  218  665.64000  314.72928  52.7%  70.8 1651s

 466453 365286  398.04099   47  204  665.64000  314.72928  52.7%  70.8 1661s

 468431 366968  324.83272   43  183  665.64000  314.79771  52.7%  70.9 1671s

 470666 367895  359.00563   46  138  665.64000  314.85551  52.7%  70.9 1679s

 471849 369912  478.87056   66  120  665.64000  314.87293  52.7%  70.9 1692s

 474362 370958  544.54171   72  129  665.64000  314.95066  52.7%  70.9 1699s

 475610 372927  351.20339   59  164  665.64000  314.96336  52.7%  70.9 1711s

 478009 373824  641.47698  109  159  665.64000  315.00718  52.7%  70.9 1717s

 479104 375083  541.20494   79  157  665.64000  315.00718  52.7%  71.0 1725s

 480780 375980  376.61820   52  111  665.64000  315.06533  52.7%  71.0 1733s

 481932 376778  346.60015   41  150  665.64000  315.06645  52.7%  71.1 1740s

 483014 378371  578.15569   83  111  665.64000  315.06645  52.7%  71.2 1751s

 485162 379773  643.94233   67  110  665.64000  315.13797  52.7%  71.2 1761s

 487045 380697  440.37337   77  179  665.64000  315.18972  52.6%  71.2 1769s

 488250 382496  561.02480   51  106  665.64000  315.21989  52.6%  71.3 1781s

 490484 383194  329.70311   45  118  665.64000  315.28175  52.6%  71.2 1788s

 491420 384671  383.34557   43  181  665.64000  315.28175  52.6%  71.3 1800s

 493304 385575  341.67767   36  144  665.64000  315.34171  52.6%  71.3 1807s

 494542 387305  452.44473   60   97  665.64000  315.34171  52.6%  71.3 1817s

 496713 387890  354.29626   45  150  665.64000  315.38487  52.6%  71.3 1822s

 497461 388349  366.23802   43  111  665.64000  315.38487  52.6%  71.4 1829s

 498139 388569  436.61253   41  104  665.64000  315.38487  52.6%  71.4 1840s

H498281 388458                     662.7500000  315.38487  52.4%  71.4 1840s

 498420 389451  556.15950   71   96  662.75000  315.38487  52.4%  71.4 1849s

 499744 390840  561.89386   49   72  662.75000  315.47025  52.4%  71.5 1861s

 501591 391709  335.52242   37  244  662.75000  315.47025  52.4%  71.5 1870s

 502812 392719 infeasible  105       662.75000  315.47025  52.4%  71.6 1879s

 504140 394425  358.90444   42  124  662.75000  315.53664  52.4%  71.6 1890s

 506324 396249  338.43682   35  171  662.75000  315.60470  52.4%  71.6 1903s

 508615 397241  388.37722   41  144  662.75000  315.64186  52.4%  71.6 1912s

 509857 398863  526.40146   83  154  662.75000  315.66729  52.4%  71.7 1923s

 512026 399483 infeasible   91       662.75000  315.71431  52.4%  71.7 1931s

 512839 402089  448.22847   61  160  662.75000  315.71644  52.4%  71.7 1951s

 516344 402939  455.06168   51  195  662.75000  315.78712  52.4%  71.7 1959s

 517474 404195  441.38246   38  151  662.75000  315.79057  52.4%  71.8 1968s

 519035 406173  393.33662   69  181  662.75000  315.84719  52.3%  71.8 1981s

 521432 406967  554.03143   69  133  662.75000  315.91065  52.3%  71.8 1989s

 522481 408825  452.94243   59  126  662.75000  315.92403  52.3%  71.8 2001s

 524836 410550  500.12453   70  178  662.75000  315.98951  52.3%  71.8 2012s

 526937 411550  359.66211   48   97  662.75000  316.01771  52.3%  71.8 2020s

 528266 413022  343.72631   52  138  662.75000  316.02544  52.3%  71.8 2030s

 530214 413823  549.90694   76  148  662.75000  316.08694  52.3%  71.8 2038s

 531264 415421  448.05410   71  129  662.75000  316.11611  52.3%  71.9 2048s

 533213 416921  328.13943   55  147  662.75000  316.14425  52.3%  71.9 2058s

 535161 417699  534.25113   62  122  662.75000  316.17067  52.3%  71.9 2067s

 536399 417766  658.44616   61  122  662.75000  316.21626  52.3%  71.9 2072s

 536518 418500     cutoff   62       662.75000  316.21626  52.3%  71.9 2078s

 537488 419253  507.64321   70  171  662.75000  316.23289  52.3%  71.9 2087s

 538538 421126  415.69925   52  172  662.75000  316.26364  52.3%  72.0 2100s

 540935 422253  439.32110   77  156  662.75000  316.32717  52.3%  72.0 2109s

 541751 422253  391.37538   40  187  662.75000  316.32851  52.3%  72.1 2110s

 542278 423816  364.46741   42  137  662.75000  316.32851  52.3%  72.1 2122s

 544440 424823  468.62945   34  165  662.75000  316.35281  52.3%  72.1 2131s

 545734 426472  399.74466   66  107  662.75000  316.38417  52.3%  72.2 2143s

 547849 427165  528.26738   86  116  662.75000  316.40239  52.3%  72.2 2151s

 548733 428813  335.44075   43  262  662.75000  316.44579  52.3%  72.3 2163s

 550977 429827  468.08065   74  173  662.75000  316.46652  52.2%  72.3 2172s

 552305 431450  407.11291   42  141  662.75000  316.46652  52.2%  72.3 2184s

 554281 432193  461.58680   73  109  662.75000  316.52894  52.2%  72.4 2195s

 555370 433217  434.27965   51  118  662.75000  316.55991  52.2%  72.4 2206s

 556605 435662  433.31789   76  140  662.75000  316.56083  52.2%  72.5 2224s

 557915 435662  468.65453   70   93  662.75000  316.56184  52.2%  72.5 2225s

 559765 437549  410.02287   57  131  662.75000  316.62781  52.2%  72.5 2238s

 562238 438632  479.70092   83   93  662.75000  316.66638  52.2%  72.5 2247s

 563578 440423  357.24825   30  148  662.75000  316.70153  52.2%  72.5 2261s

 565898 441342  354.77462   42  180  662.75000  316.74282  52.2%  72.5 2269s

 567089 442742  353.55391   37  130  662.75000  316.74337  52.2%  72.5 2279s

 568997 443517  505.03882   46  141  662.75000  316.74337  52.2%  72.6 2289s

 570221 445196     cutoff   61       662.75000  316.74483  52.2%  72.6 2302s

 572423 446172  343.64361   38  166  662.75000  316.82489  52.2%  72.5 2311s

 573705 447566  378.91934   65  121  662.75000  316.83416  52.2%  72.6 2321s

 575550 448298  441.39628   56  158  662.75000  316.86641  52.2%  72.6 2330s

 576695 450702  349.39982   49  166  662.75000  316.90227  52.2%  72.7 2346s

 579867 451312  375.81316   57   74  662.75000  316.94914  52.2%  72.6 2352s

 580624 452830  328.13475   33  189  662.75000  316.94914  52.2%  72.7 2361s

 582644 453583  439.88175   65  196  662.75000  316.99245  52.2%  72.7 2369s

 583715 455210  434.62787   73  100  662.75000  317.03111  52.2%  72.7 2380s

 585701 456209  562.30543   72   93  662.75000  317.05621  52.2%  72.7 2389s

 586995 457720  628.74127   83  101  662.75000  317.05830  52.2%  72.7 2399s

 588867 458398  396.26303   51  132  662.75000  317.08963  52.2%  72.7 2405s

 589838 459969  358.94688   44  189  662.75000  317.15441  52.1%  72.7 2416s

 591810 460842  585.44877   98  127  662.75000  317.17140  52.1%  72.7 2425s

 592933 462439  484.48793   81   89  662.75000  317.21000  52.1%  72.7 2436s

 594915 463163  485.49624   52  114  662.75000  317.23079  52.1%  72.7 2443s

 595835 463879  353.25290   44  139  662.75000  317.24439  52.1%  72.8 2450s

 596824 465477  411.52388   52  108  662.75000  317.27297  52.1%  72.8 2462s

 598753 466715  323.07067   33  149  662.75000  317.30233  52.1%  72.8 2471s

 600362 468013  356.32932   34  180  662.75000  317.33534  52.1%  72.8 2479s

 602026 468781  347.49534   31  149  662.75000  317.35706  52.1%  72.9 2486s

 602952 470083  526.18168   71  149  662.75000  317.35706  52.1%  72.9 2495s

 604731 470858  417.38820   52  113  662.75000  317.41659  52.1%  72.9 2503s

 605800 471816  632.37991   73   89  662.75000  317.41841  52.1%  72.9 2512s

 607124 473056  591.43608   82   81  662.75000  317.44684  52.1%  73.0 2523s

 608706 474209  607.11862   73  112  662.75000  317.44684  52.1%  73.0 2533s

 610335 474919  352.57116   44  176  662.75000  317.52455  52.1%  73.0 2541s

 611323 476428  415.08615   56  175  662.75000  317.54141  52.1%  73.0 2552s

 613281 477169  355.90471   39  214  662.75000  317.56797  52.1%  73.0 2560s

 614322 478553  435.27824   55  116  662.75000  317.56797  52.1%  73.1 2571s

 616165 479496  514.85150   66  122  662.75000  317.62042  52.1%  73.1 2580s

 617354 480842  619.90476  109  165  662.75000  317.65812  52.1%  73.1 2592s

 619104 481469  417.57880   81  134  662.75000  317.68040  52.1%  73.2 2600s

 619897 483172  476.33357  110  127  662.75000  317.68040  52.1%  73.2 2612s

 622047 484047  466.78497   72  167  662.75000  317.72564  52.1%  73.2 2621s

 623178 485791  489.08359   85  141  662.75000  317.74382  52.1%  73.2 2633s

 625390 486646  457.15545   64   94  662.75000  317.78316  52.1%  73.2 2643s

 626425 488461  500.16715   77  134  662.75000  317.80448  52.0%  73.2 2656s

 628684 489625  343.48061   33  185  662.75000  317.83746  52.0%  73.2 2665s

 630318 490623  545.18757   66  167  662.75000  317.87484  52.0%  73.2 2675s

 631591 491911  354.87344   49  183  662.75000  317.89487  52.0%  73.2 2686s

 633289 492696  333.69367   30  175  662.75000  317.94660  52.0%  73.3 2694s

 634261 494020  496.75391   59  105  662.75000  317.94660  52.0%  73.3 2706s

 636127 495420  438.26284   63  133  662.75000  317.98747  52.0%  73.3 2718s

 638130 496218  354.84875   39  145  662.75000  318.02000  52.0%  73.4 2728s

 639160 497512  528.06192   68   91  662.75000  318.02900  52.0%  73.4 2741s

 640813 499635  345.42171   28  165  662.75000  318.06759  52.0%  73.5 2757s

 643602 500399  372.22181   51  216  662.75000  318.11435  52.0%  73.5 2768s

 644649 502306  381.94196   67  159  662.75000  318.14917  52.0%  73.5 2782s

 647089 503454  342.58989   42  128  662.75000  318.18587  52.0%  73.5 2794s

 648480 504567  447.71532   78  143  662.75000  318.19099  52.0%  73.6 2806s

 650096 506025  371.79851   74  207  662.75000  318.22410  52.0%  73.6 2818s

 652005 506882  380.42760   37  229  662.75000  318.26380  52.0%  73.7 2827s

 653119 507810  442.73320   57  126  662.75000  318.26553  52.0%  73.7 2837s

 654301 509280  473.08714   61  155  662.75000  318.26861  52.0%  73.7 2850s

 656335 510931  522.95417   54  148  662.75000  318.33504  52.0%  73.8 2864s

 658575 511791  400.93682   50  107  662.75000  318.36187  52.0%  73.8 2873s

 659637 514052  530.35968   83   88  662.75000  318.37949  52.0%  73.8 2891s

 662564 514905  445.60670   94  112  662.75000  318.46133  51.9%  73.8 2899s

 663686 516363  518.44892   48  153  662.75000  318.48828  51.9%  73.8 2912s

 665647 517243  463.12535   66  164  662.75000  318.51886  51.9%  73.8 2921s

 666708 518807  342.95792   35  242  662.75000  318.51886  51.9%  73.8 2933s

 668605 520140  414.93106   79  129  662.75000  318.54514  51.9%  73.9 2942s

 670438 521508  503.29446   68   95  662.75000  318.57135  51.9%  73.9 2953s

 672322 522455  422.60766   69  169  662.75000  318.60536  51.9%  73.9 2963s

 673565 523948  415.52468   47  136  662.75000  318.61679  51.9%  74.0 2975s

 675408 524847  368.61445   60  187  662.75000  318.66035  51.9%  74.0 2985s

 676606 525766  354.62749   42  147  662.75000  318.68972  51.9%  74.0 2995s

 677817 527368  472.08248   71  107  662.75000  318.69270  51.9%  74.1 3009s

 679837 528162  460.85115   79  113  662.75000  318.73387  51.9%  74.1 3020s

 680840 530265  485.31577   67   92  662.75000  318.74096  51.9%  74.1 3040s

 683503 531436  345.28233   38  143  662.75000  318.81796  51.9%  74.1 3052s

 684984 533163  342.40510   41  115  662.75000  318.84258  51.9%  74.1 3067s

 687457 534353  402.57020   56  154  662.75000  318.89121  51.9%  74.0 3077s

 688985 536023  388.04239   53  182  662.75000  318.90236  51.9%  74.0 3091s

 691105 536979  338.03792   30  217  662.75000  318.91872  51.9%  74.0 3102s

 692312 538531  380.62147   43  108  662.75000  318.93545  51.9%  74.0 3117s

 694329 539501  349.01995   49  200  662.75000  318.96370  51.9%  74.0 3126s

 695587 540939  393.45167   46  113  662.75000  318.98145  51.9%  74.1 3138s

 697449 541859  363.04372   40  121  662.75000  319.03909  51.9%  74.1 3148s

 698590 543649  342.03741   50  237  662.75000  319.03939  51.9%  74.1 3163s

 700860 544962  349.28874   49  195  662.75000  319.09544  51.9%  74.0 3175s

 702579 545797  369.15324   50  166  662.75000  319.12795  51.8%  74.1 3185s

 703759 546738  394.80701   40  106  662.75000  319.15350  51.8%  74.1 3197s

 705254 547658  360.63081   32  180  662.75000  319.17691  51.8%  74.1 3206s

 706421 549584  435.57211   68  111  662.75000  319.22436  51.8%  74.1 3221s

 708816 550981  373.90986   50  109  662.75000  319.24352  51.8%  74.1 3234s

 710781 551862  330.48798   35  147  662.75000  319.26917  51.8%  74.1 3245s

 711986 553388  393.12760   47  242  662.75000  319.29839  51.8%  74.1 3256s

 713948 554304     cutoff   95       662.75000  319.32969  51.8%  74.2 3268s

 715219 555414  400.82055   58  198  662.75000  319.35902  51.8%  74.2 3280s

 716639 557162  624.20697  100  107  662.75000  319.38972  51.8%  74.2 3295s

 718839 557952  423.14723   58  155  662.75000  319.41346  51.8%  74.2 3304s

 719663 557952  384.60583   29  187  662.75000  319.43097  51.8%  74.2 3305s

 719916 558885  595.67772   70   49  662.75000  319.44910  51.8%  74.2 3315s

 721206 560548  401.40795   35  159  662.75000  319.45015  51.8%  74.3 3330s

 723503 561324  356.71309   51   96  662.75000  319.49154  51.8%  74.3 3340s

 724479 563988  514.07444   75  100  662.75000  319.51361  51.8%  74.3 3361s

 727745 564753  334.47020   42  199  662.75000  319.55562  51.8%  74.3 3371s

 728756 565709  651.43203   92  121  662.75000  319.55562  51.8%  74.3 3387s

 730021 566631  369.66417   48  165  662.75000  319.59158  51.8%  74.4 3398s

 731225 568265  496.20459   51   86  662.75000  319.61372  51.8%  74.4 3414s

 733591 569820  348.04000   43  101  662.75000  319.64911  51.8%  74.4 3428s

 735686 570526  336.91305   38  137  662.75000  319.67670  51.8%  74.4 3438s

 736655 571527  347.72597   44  101  662.75000  319.67680  51.8%  74.5 3450s

 738014 572695  349.32859   41  196  662.75000  319.73134  51.8%  74.5 3462s

 739602 573500  529.09379   43  121  662.75000  319.74325  51.8%  74.6 3473s

 740731 575025  367.20909   45  117  662.75000  319.78115  51.7%  74.6 3487s

 742649 576201  405.23455   35  179  662.75000  319.78115  51.7%  74.6 3500s

 744243 576927  504.96585   63  128  662.75000  319.82108  51.7%  74.6 3511s

 745295 578077  462.59045   64  134  662.75000  319.86811  51.7%  74.7 3525s

 746844 580242  353.45809   48  158  662.75000  319.90670  51.7%  74.7 3543s

 749612 582017  475.21729   75   94  662.75000  319.93409  51.7%  74.7 3561s

 751975 582967  632.61149   74   70  662.75000  319.96486  51.7%  74.7 3572s

 753189 584651  342.43234   33  131  662.75000  319.99888  51.7%  74.8 3588s

 755447 585492  341.34424   36  160  662.75000  320.01878  51.7%  74.8 3598s

 756641 586378  382.77699   55  131  662.75000  320.03361  51.7%  74.8 3610s

 757846 587985  548.23968   90  107  662.75000  320.07635  51.7%  74.8 3624s

 760021 589584  591.60897   77  123  662.75000  320.11349  51.7%  74.8 3638s

 762043 590418  439.39722   45  112  662.75000  320.13305  51.7%  74.8 3648s

 763378 591361  563.21698   51  109  662.75000  320.16280  51.7%  74.8 3659s

 764609 592714  342.74320   52  226  662.75000  320.19329  51.7%  74.8 3673s

 766350 593296  561.94940   68   96  662.75000  320.21563  51.7%  74.8 3682s

 767055 596280  414.60551   44   96  662.75000  320.21912  51.7%  74.9 3710s

 771144 597297  393.50513   41  128  662.75000  320.26994  51.7%  74.9 3722s

 772404 598115  650.86919   75   92  662.75000  320.31770  51.7%  74.9 3734s

 773612 599419  457.01636   66  123  662.75000  320.33929  51.7%  75.0 3747s

 775391 600217  468.55329   71  109  662.75000  320.36145  51.7%  75.0 3758s

 776527 602014  512.77056   47  121  662.75000  320.36145  51.7%  75.1 3775s

 778877 602958  544.22266   76   95  662.75000  320.39170  51.7%  75.1 3786s

 780116 604643  352.54025   40  139  662.75000  320.42194  51.7%  75.1 3800s

 782212 605920  604.34808   81  101  662.75000  320.45576  51.6%  75.1 3815s

 783853 607776  480.53008   73  120  662.75000  320.48895  51.6%  75.1 3826s

 786162 608586  328.62064   34  183  662.75000  320.52941  51.6%  75.1 3836s

 787172 609913  559.11014   66  112  662.75000  320.52941  51.6%  75.1 3849s

 788929 611303  352.41931   31  241  662.75000  320.58690  51.6%  75.1 3860s

 790670 612243  370.57026   49  127  662.75000  320.60530  51.6%  75.1 3870s

 791915 613789  388.83733   40  168  662.75000  320.60891  51.6%  75.1 3882s

 793835 614713  333.72032   37  155  662.75000  320.65478  51.6%  75.1 3892s

 794937 616260  501.85862   59   97  662.75000  320.65478  51.6%  75.1 3904s

 796741 616260  571.42991   81  124  662.75000  320.70837  51.6%  75.1 3905s

 796867 616832  584.72226   99  131  662.75000  320.70837  51.6%  75.1 3912s

 797642 618359  391.35331   52   91  662.75000  320.73240  51.6%  75.2 3924s

 799661 619259  392.84579   39  221  662.75000  320.74903  51.6%  75.2 3933s

 800798 620909  378.79539   48  160  662.75000  320.77287  51.6%  75.2 3946s

 802814 621732  632.25113  125  103  662.75000  320.77331  51.6%  75.2 3954s

 803908 623078  342.89066   36  156  662.75000  320.80177  51.6%  75.3 3966s

 805754 623816  360.65000   44   72  662.75000  320.80177  51.6%  75.3 3975s

 806700 625451  635.86955   82   67  662.75000  320.85443  51.6%  75.3 3988s

 808724 627028  598.09193   97  114  662.75000  320.86358  51.6%  75.3 4002s

 810687 627713  427.93685   40   95  662.75000  320.90114  51.6%  75.3 4008s

 811567 628597  481.11839   54   93  662.75000  320.90114  51.6%  75.4 4018s

 812806 630218 infeasible   61       662.75000  320.92833  51.6%  75.4 4032s

 814969 630913  383.50551   51  159  662.75000  320.97128  51.6%  75.4 4041s

 815824 632041  469.01338   58  116  662.75000  320.97128  51.6%  75.4 4053s

 817681 632973  600.91871   76   92  662.75000  321.02087  51.6%  75.4 4063s

 818902 634346  353.01001   47  141  662.75000  321.02087  51.6%  75.5 4076s

 820901 635384  330.77294   32   96  662.75000  321.06936  51.6%  75.5 4087s

 822271 636863  510.50787   97  122  662.75000  321.08097  51.6%  75.5 4100s

 824268 637949  645.70901   98  131  662.75000  321.11856  51.5%  75.5 4110s

 825671 639395  461.97219   44  105  662.75000  321.11897  51.5%  75.5 4123s

 827704 640010 infeasible   77       662.75000  321.15835  51.5%  75.6 4133s

 828629 641689  365.00051   46  133  662.75000  321.15835  51.5%  75.6 4148s

 830785 642508  402.76682   48  133  662.75000  321.21375  51.5%  75.6 4159s

 832035 644213  325.71122   55  213  662.75000  321.23665  51.5%  75.6 4174s

 834249 645085  485.00719   71   56  662.75000  321.26093  51.5%  75.6 4182s

 835454 645935  439.89668   60  150  662.75000  321.29716  51.5%  75.7 4194s

 836708 647595  576.51475   68  126  662.75000  321.29716  51.5%  75.7 4209s

 837818 647595  469.42562   52  113  662.75000  321.29716  51.5%  75.7 4210s

 838904 648752  452.92861   38  160  662.75000  321.35735  51.5%  75.7 4222s

 840461 650312  469.73468   71  101  662.75000  321.38589  51.5%  75.7 4237s

 842454 651256  391.03240   47  122  662.75000  321.42585  51.5%  75.7 4249s

 842582 651256  342.48519   35  191  662.75000  321.42657  51.5%  75.7 4250s

 843707 652098  459.64787   70  151  662.75000  321.45259  51.5%  75.7 4260s

 844764 653459  346.96870   32  195  662.75000  321.47764  51.5%  75.7 4275s

 846556 655339  369.85379   36  124  662.75000  321.50073  51.5%  75.8 4290s

 848884 656375  356.29010   43  156  662.75000  321.53441  51.5%  75.7 4300s

 850284 657763  429.26824   51  116  662.75000  321.56759  51.5%  75.8 4312s

 852210 658522  357.74763   42   97  662.75000  321.59641  51.5%  75.8 4323s

 853328 659709  429.46022   50  176  662.75000  321.61701  51.5%  75.8 4337s

 854839 661672  482.31167   77  120  662.75000  321.63173  51.5%  75.9 4354s

 857516 662828  474.53672   59  123  662.75000  321.66676  51.5%  75.9 4366s

 858968 664572  338.64037   36  220  662.75000  321.69443  51.5%  75.9 4380s

 861226 665596  399.01650   42  157  662.75000  321.71435  51.5%  75.9 4391s

 862597 667153  339.92540   42  163  662.75000  321.75074  51.5%  75.9 4405s

 864777 667985  384.77840   41  173  662.75000  321.77399  51.4%  76.0 4415s

 865819 669368  349.00212   46  238  662.75000  321.78974  51.4%  76.0 4428s

 867871 670709  620.86402   74   84  662.75000  321.83359  51.4%  76.0 4441s

 869848 671667 infeasible   65       662.75000  321.86516  51.4%  76.0 4452s

 871179 672666  596.02431   54  121  662.75000  321.90611  51.4%  76.0 4464s

 872485 674477  388.42303   43  136  662.75000  321.93130  51.4%  76.0 4478s

 874786 675343  372.51948   32  189  662.75000  321.96261  51.4%  76.0 4488s

 876021 676873  618.62924   99  134  662.75000  321.96261  51.4%  76.0 4503s

 878251 677655  470.98913   44  138  662.75000  322.03194  51.4%  76.1 4512s

 879188 679244  552.93862   59  125  662.75000  322.03194  51.4%  76.1 4527s

 881439 680320  350.03190   30  141  662.75000  322.07594  51.4%  76.1 4539s

 882844 682194  552.73134   74  138  662.75000  322.09952  51.4%  76.1 4555s

 885131 683110  589.46107  102  114  662.75000  322.13080  51.4%  76.1 4563s

 886352 684503  612.71466   48   83  662.75000  322.13746  51.4%  76.1 4576s

 888299 685252  454.17321   58  100  662.75000  322.17105  51.4%  76.2 4588s

 889272 686677  358.18660   41  149  662.75000  322.18885  51.4%  76.2 4602s

 891244 687601  655.16490   73   56  662.75000  322.20971  51.4%  76.2 4614s

 892508 689398  474.18804   94  132  662.75000  322.23997  51.4%  76.2 4629s

 894802 690343  379.71447   61  177  662.75000  322.28429  51.4%  76.2 4640s

 896008 690830  505.22426   74  149  662.75000  322.30425  51.4%  76.2 4650s

 896651 692715  515.04718   75  151  662.75000  322.30425  51.4%  76.2 4672s

 898985 694935  372.83324   62  201  662.75000  322.34652  51.4%  76.2 4694s

 902137 696809  364.82776   41  166  662.75000  322.39879  51.4%  76.3 4711s

 904539 698047  392.30001   39  189  662.75000  322.43003  51.3%  76.3 4725s

 906105 699898  355.51622   42  112  662.75000  322.44913  51.3%  76.3 4739s

 907837 699898  490.74472   79  162  662.75000  322.47359  51.3%  76.3 4740s

 908441 700871  358.15672   54  171  662.75000  322.47661  51.3%  76.3 4750s

 909766 701915  487.73388   56  141  662.75000  322.51452  51.3%  76.3 4764s

 911240 703130  352.57931   37  176  662.75000  322.51452  51.3%  76.3 4778s

 912770 704984  522.73426   75   83  662.75000  322.55235  51.3%  76.3 4793s

 915104 706151  494.86247   37  165  662.75000  322.57685  51.3%  76.3 4807s

 916611 707012  438.99255   49  201  662.75000  322.59846  51.3%  76.4 4820s

 917841 708773  533.11302   66  113  662.75000  322.61235  51.3%  76.4 4836s

 920166 709566     cutoff   85       662.75000  322.63492  51.3%  76.4 4846s

 921230 711178  463.73744   87  151  662.75000  322.65869  51.3%  76.4 4861s

 923274 712835  606.36385   84   57  662.75000  322.67996  51.3%  76.4 4877s

 925402 713779  347.97157   45  183  662.75000  322.71033  51.3%  76.4 4886s

 926687 714426 infeasible  129       662.75000  322.71033  51.3%  76.4 4896s

 927705 715183  398.17214   42  160  662.75000  322.73233  51.3%  76.5 4906s

 928727 716574  560.27769   59  125  662.75000  322.73233  51.3%  76.5 4921s

 930906 717615  366.30430   48  135  662.75000  322.78292  51.3%  76.5 4934s

 932226 719193  382.75072   53  182  662.75000  322.79886  51.3%  76.5 4950s

 934351 720171  370.51775   53  190  662.75000  322.82184  51.3%  76.5 4963s

 935661 721270  363.67356   54  110  662.75000  322.85167  51.3%  76.5 4976s

 937098 722101 infeasible   56       662.75000  322.87377  51.3%  76.6 4988s

 938247 724116  363.98340   36  174  662.75000  322.89285  51.3%  76.6 5008s

 940916 724973  474.67274   81  167  662.75000  322.92958  51.3%  76.6 5020s

 942096 725854  602.43514   78   99  662.75000  322.95939  51.3%  76.6 5032s

 943239 727510  381.77310   50  139  662.75000  322.96131  51.3%  76.6 5046s

 945307 729037  370.80421   47   87  662.75000  323.00551  51.3%  76.7 5061s

 947357 730108  392.70731   47  153  662.75000  323.02442  51.3%  76.7 5072s

 948691 731624  620.50958  111   91  662.75000  323.05240  51.3%  76.7 5086s

 950583 732612  533.49000   88   75  662.75000  323.07670  51.3%  76.7 5099s

 951851 733704  406.14802   48  170  662.75000  323.07712  51.3%  76.7 5112s

 953239 734818  489.57797   56   78  662.75000  323.12559  51.2%  76.7 5125s

 954695 736520  556.73694   60  146  662.75000  323.12693  51.2%  76.8 5141s

 956789 737430  351.84883   42  115  662.75000  323.16572  51.2%  76.8 5154s

 957939 738869  377.25902   49  172  662.75000  323.18305  51.2%  76.8 5168s

 959764 739765  496.08788   52  164  662.75000  323.20112  51.2%  76.8 5178s

 961119 740526  336.65078   40  164  662.75000  323.21904  51.2%  76.8 5188s

 962128 741320  480.57141   62   86  662.75000  323.21904  51.2%  76.8 5200s

 963183 743026  648.33570   98   74  662.75000  323.25485  51.2%  76.8 5215s

 965349 743850  521.69408   44  108  662.75000  323.27207  51.2%  76.8 5229s

 966498 744970  379.94994   42  207  662.75000  323.27337  51.2%  76.9 5242s

 967885 746614  350.10832   43  161  662.75000  323.30011  51.2%  76.9 5257s

 969914 747409  341.03823   45  221  662.75000  323.32004  51.2%  76.9 5269s

 970949 749083  357.21567   44  153  662.75000  323.34338  51.2%  76.9 5286s

 973167 750869  480.04187   74  131  662.75000  323.35127  51.2%  76.9 5302s

 975374 751932  342.23157   42  176  662.75000  323.39318  51.2%  76.9 5313s

 976685 753419  565.24229   48   81  662.75000  323.39390  51.2%  76.9 5329s

 978137 753419  460.64706   55  102  662.75000  323.42743  51.2%  76.9 5330s

 978633 754127  532.96944   79  119  662.75000  323.43734  51.2%  76.9 5343s

 979504 755443  402.79290   37  111  662.75000  323.44390  51.2%  76.9 5362s

 981344 757369  348.10329   41  225  662.75000  323.47375  51.2%  77.0 5383s

 984044 759081  399.32700   52  141  662.75000  323.51311  51.2%  77.0 5400s

 986283 760266  497.76801   55  173  662.75000  323.53545  51.2%  77.0 5415s

 987816 761828  621.45075  101  107  662.75000  323.56952  51.2%  77.0 5429s

 989551 761828  485.02238   71  105  662.75000  323.59972  51.2%  77.1 5430s

 989872 762850  389.38275   62  116  662.75000  323.61623  51.2%  77.1 5442s

 991189 763752  455.93372   69  116  662.75000  323.62493  51.2%  77.1 5454s

 992374 765443  513.77077   41  175  662.75000  323.65377  51.2%  77.1 5472s

 994678 767075  510.40150   71   75  662.75000  323.67578  51.2%  77.1 5489s

 996799 768222  373.27695   52  195  662.75000  323.69761  51.2%  77.1 5502s

 998222 770004  367.58299   61  124  662.75000  323.72602  51.2%  77.1 5521s

 1000437 771007  335.04397   47  197  662.75000  323.74549  51.2%  77.1 5532s

 1001723 772765  431.76155   77   98  662.75000  323.74549  51.2%  77.1 5549s

 1004093 773442  463.88930   43  168  662.75000  323.77730  51.1%  77.1 5558s

 1004940 774876  402.86054   40  127  662.75000  323.78741  51.1%  77.1 5575s

 1006862 775681  534.42903  106  109  662.75000  323.80330  51.1%  77.1 5587s

 1007934 777096  388.02713   40  173  662.75000  323.83343  51.1%  77.1 5603s

 1009791 777367  512.63917   78   92  662.75000  323.85250  51.1%  77.1 5616s

 1010143 777733  613.06262   79   75  662.75000  323.85269  51.1%  77.1 5626s

 1010621 778130  514.92019   79   95  662.75000  323.85957  51.1%  77.1 5636s

 1011194 778789  522.21507   80  103  662.75000  323.87377  51.1%  77.2 5647s

 1012088 779516  492.67772   79   87  662.75000  323.88661  51.1%  77.2 5660s

 1013033 780537  493.88604   80  103  662.75000  323.91540  51.1%  77.2 5674s

 1014304 781636  495.74852   81  102  662.75000  323.93405  51.1%  77.2 5689s

 1015728 781992  496.67181   82  100  662.75000  323.95502  51.1%  77.2 5714s

 1016166 783173  497.68778   83   92  662.75000  323.95782  51.1%  77.2 5733s

 1017729 785288  544.36544   53   74  662.75000  323.98595  51.1%  77.2 5755s

 1020609 786376  359.56568   37  112  662.75000  324.01399  51.1%  77.2 5772s

 1022112 787679  434.99185   42  136  662.75000  324.04363  51.1%  77.3 5787s

 1023802 788561  657.61907   90  138  662.75000  324.07000  51.1%  77.3 5800s

 1024931 789628  402.06096   58  164  662.75000  324.08329  51.1%  77.3 5815s

 1026388 790717  327.42026   29  197  662.75000  324.10878  51.1%  77.3 5830s

 1027756 792032  368.55072   47  140  662.75000  324.13959  51.1%  77.3 5847s

 1029596 792857  559.75307   69  109  662.75000  324.15716  51.1%  77.3 5860s

 1030684 794631  476.90563   95  130  662.75000  324.16209  51.1%  77.4 5879s

 1032982 796124  421.43456   46  206  662.75000  324.20881  51.1%  77.4 5897s

 1035051 796791 infeasible   79       662.75000  324.23264  51.1%  77.4 5911s

 1036173 797541  458.06985   60  136  662.75000  324.23973  51.1%  77.4 5924s

 1037248 798720  449.41820   50  144  662.75000  324.26289  51.1%  77.5 5939s

 1038700 800447  394.38650   46  160  662.75000  324.28577  51.1%  77.5 5959s

 1041014 801648  378.45124   52  144  662.75000  324.30819  51.1%  77.5 5975s

 1042545 802955  428.92271   60   94  662.75000  324.31828  51.1%  77.5 5992s

 1044336 803484  359.67726   30  180  662.75000  324.35644  51.1%  77.5 6002s

 1045087 804990  371.63482   48  217  662.75000  324.36048  51.1%  77.5 6019s

 1047052 805796 infeasible   36       662.75000  324.38624  51.1%  77.6 6032s

 1048183 806546  538.02572   79   83  662.75000  324.38624  51.1%  77.6 6045s

 1049194 808128  425.55982   79  222  662.75000  324.41216  51.1%  77.6 6063s

 1051252 809198  482.76903   51  135  662.75000  324.41905  51.0%  77.6 6079s

 1052644 810614  403.84528   37  180  662.75000  324.44946  51.0%  77.7 6097s

 1054773 811570  375.69738   37  138  662.75000  324.47028  51.0%  77.7 6113s

 1055980 812419  445.80861   44  218  662.75000  324.49810  51.0%  77.7 6128s

 1057124 813933  432.67927   51   72  662.75000  324.49924  51.0%  77.7 6146s

 1059199 815524  471.82803   61  119  662.75000  324.52961  51.0%  77.7 6166s

 1061354 816439  409.46704   42  131  662.75000  324.55640  51.0%  77.8 6181s

 1062690 817334  436.57384   53  111  662.75000  324.57955  51.0%  77.8 6197s

 1064065 818294  354.71357   54  226  662.75000  324.58617  51.0%  77.8 6211s

 1065217 820261  578.88414   69  119  662.75000  324.60927  51.0%  77.8 6234s

 1067701 821016  362.47739   34  222  662.75000  324.63335  51.0%  77.8 6247s

 1068722 822565  533.57302   43  126  662.75000  324.63335  51.0%  77.8 6267s

 1070612 823376  559.88851   84  135  662.75000  324.68925  51.0%  77.8 6280s

 1071701 824332  421.42394   57   92  662.75000  324.70727  51.0%  77.9 6297s

 1073109 825149  380.86104   51  109  662.75000  324.70835  51.0%  77.9 6312s

 1074149 827119  348.69402   44  288  662.75000  324.72496  51.0%  77.9 6332s

 1076581 827675  418.62770   84  113  662.75000  324.74339  51.0%  77.9 6351s

 1077339 828219  433.21324   85  147  662.75000  324.74339  51.0%  77.9 6363s

 1078088 828841  436.66049   86  145  662.75000  324.75495  51.0%  77.9 6376s

 1079009 829299  461.37273   87  131  662.75000  324.76125  51.0%  77.9 6388s

 1079692 829973  466.23999   88  134  662.75000  324.76125  51.0%  78.0 6402s

 1080637 830914  485.94083   89   84  662.75000  324.76125  51.0%  78.0 6418s

 1081938 831699  375.89812   53  191  662.75000  324.82285  51.0%  78.0 6434s

 1082125 831699  497.45400   63  107  662.75000  324.82285  51.0%  78.0 6435s

 1083114 832807  395.34536   48  143  662.75000  324.83460  51.0%  78.0 6453s

 1084691 833454  372.00500   45  140  662.75000  324.85470  51.0%  78.0 6467s

 1085530 835866  393.58740   50   97  662.75000  324.86009  51.0%  78.1 6496s

 1088733 836917     cutoff   77       662.75000  324.91688  51.0%  78.1 6512s

 1090043 837727  405.47843   45  126  662.75000  324.94487  51.0%  78.1 6527s

 1091128 839203  555.40780   61  136  662.75000  324.94487  51.0%  78.1 6547s

 1093101 840314  377.64949   33  201  662.75000  324.98096  51.0%  78.2 6564s

 1093306 840314  419.77399   50  195  662.75000  324.98096  51.0%  78.2 6565s

 1094525 841645  401.44565   43  157  662.75000  324.99639  51.0%  78.2 6583s

 1096211 843300  478.59466   91  104  662.75000  325.01780  51.0%  78.2 6604s

 1098427 844183  376.54256   58  174  662.75000  325.03978  51.0%  78.2 6619s

 1099531 846065  369.18332   33  194  662.75000  325.04777  51.0%  78.2 6640s

 1101938 847163  387.12352   52  233  662.75000  325.08111  50.9%  78.2 6658s

 1103474 848903  358.22169   39  137  662.75000  325.09369  50.9%  78.2 6679s

 1105670 849478  536.74500   67   71  662.75000  325.11476  50.9%  78.2 6694s

 1106444 852471  615.31663   52  100  662.75000  325.11845  50.9%  78.3 6729s

 1108326 852471  384.06009   58  169  662.75000  325.14024  50.9%  78.3 6730s

 1110286 853152  547.06485   65  138  662.75000  325.16983  50.9%  78.2 6743s

 1111382 853868  341.32778   42  222  662.75000  325.17573  50.9%  78.3 6756s

 1112464 854787  396.69712   41  170  662.75000  325.18354  50.9%  78.3 6772s

 1113718 855950  365.23538   57  233  662.75000  325.22127  50.9%  78.4 6790s

 1115293 857306  356.69447   45  230  662.75000  325.23283  50.9%  78.4 6810s

 1117302 858457  543.15780   57  107  662.75000  325.24946  50.9%  78.4 6828s

 1118815 860081  546.06224  104  116  662.75000  325.27703  50.9%  78.4 6848s

 1120896 860833  358.37069   32  176  662.75000  325.30886  50.9%  78.4 6863s

 1121935 861933  391.70130   69   92  662.75000  325.30886  50.9%  78.5 6881s

 1123385 863641  376.66676   37  127  662.75000  325.33033  50.9%  78.5 6902s

 1125605 864445  610.65574   93  154  662.75000  325.35479  50.9%  78.5 6919s

 1126638 865741  467.59075   40  160  662.75000  325.35563  50.9%  78.5 6936s

 1128363 866449  461.55705   51   85  662.75000  325.37322  50.9%  78.6 6950s

 1129423 867271  352.62723   38  146  662.75000  325.37322  50.9%  78.6 6965s

 1130489 868943  479.38202   83  104  662.75000  325.37322  50.9%  78.6 6988s

 1132680 869976  548.14353   97  149  662.75000  325.43403  50.9%  78.6 7005s

 1134010 870768  338.87384   44  152  662.75000  325.43480  50.9%  78.6 7021s

 1135155 872463  350.82754   48  144  662.75000  325.45984  50.9%  78.6 7044s

 1137480 873600  365.93733   46  190  662.75000  325.48776  50.9%  78.6 7063s

 1138891 874942  412.93512   47  149  662.75000  325.49990  50.9%  78.7 7082s

 1140691 876071  373.44919   50  142  662.75000  325.51195  50.9%  78.7 7101s

 1142178 877775  512.21850   74  141  662.75000  325.52721  50.9%  78.7 7127s

 1144398 878702  565.76644  111  132  662.75000  325.55928  50.9%  78.7 7144s

 1145576 880494  425.83867   82  176  662.75000  325.57565  50.9%  78.7 7166s

 1147861 881341  412.06472   67   97  662.75000  325.58939  50.9%  78.7 7182s

 1148965 883442  447.74718   55  113  662.75000  325.59245  50.9%  78.7 7209s

 1150279 883442  421.76358   69  156  662.75000  325.59690  50.9%  78.7 7210s

 1151662 884555  486.03292   69  154  662.75000  325.63081  50.9%  78.7 7227s

 1153038 885664  510.54071   79  152  662.75000  325.65283  50.9%  78.7 7246s

 1154463 887113  364.68994   48  144  662.75000  325.67258  50.9%  78.7 7267s

 1156372 888094  492.50728   78  106  662.75000  325.68306  50.9%  78.7 7285s

 1157720 889052  473.68856   70  131  662.75000  325.70015  50.9%  78.8 7301s

 1158925 890687  447.58665   54  102  662.75000  325.70015  50.9%  78.8 7323s

 1161050 891769  339.41185   33  179  662.75000  325.73303  50.9%  78.8 7342s

 1162461 893337  490.74061   61  146  662.75000  325.73303  50.9%  78.8 7367s

 1164462 894102     cutoff   80       662.75000  325.76824  50.8%  78.8 7386s

 1165561 894926  438.47448   70   96  662.75000  325.78135  50.8%  78.8 7402s

 1166603 896453  578.19700   70  108  662.75000  325.78198  50.8%  78.8 7424s

 1167714 896453     cutoff   58       662.75000  325.79069  50.8%  78.9 7425s

 1168684 897409  394.49179   48  144  662.75000  325.80722  50.8%  78.9 7442s

 1169874 897988  505.67776   68  105  662.75000  325.82203  50.8%  78.9 7487s

 1170642 899492  385.93732   42  226  662.75000  325.83575  50.8%  78.9 7517s

 1172625 901679  400.49081   44  195  662.75000  325.85850  50.8%  78.9 7549s

 1173697 901679  357.96874   31  114  662.75000  325.85886  50.8%  78.9 7550s

 1175473 902495  571.76150   42  117  662.75000  325.88134  50.8%  78.9 7569s

 1176591 903530  498.23479   49   96  662.75000  325.88452  50.8%  79.0 7591s

 1178068 904394  447.23395   53  170  662.75000  325.91011  50.8%  79.0 7611s

 1179242 906474  404.80456   45  147  662.75000  325.91011  50.8%  79.1 7643s

 1181875 907758  485.90504   76  129  662.75000  325.94449  50.8%  79.1 7669s

 1182819 907758  542.96543   67  116  662.75000  325.94953  50.8%  79.1 7670s

 1183485 909724  372.85139   53  149  662.75000  325.96722  50.8%  79.1 7698s

 1185934 910865  520.62227  101  129  662.75000  325.99471  50.8%  79.1 7721s

 1187402 911808  346.92166   45  182  662.75000  326.01600  50.8%  79.1 7745s

 1188628 913223  399.28441   46  149  662.75000  326.03228  50.8%  79.1 7770s

 1190619 913988  365.47152   40  180  662.75000  326.04781  50.8%  79.2 7789s

 1191596 916414  412.96819   55  172  662.75000  326.04781  50.8%  79.2 7826s

 1194684 917258  431.27199   68  132  662.75000  326.09036  50.8%  79.2 7844s

 1195760 918598  432.45185   64  146  662.75000  326.10052  50.8%  79.2 7868s

 1197551 919576  444.72593   59  140  662.75000  326.12547  50.8%  79.2 7888s

 1198761 920730  492.29702   72  136  662.75000  326.13684  50.8%  79.2 7912s

 1200332 921590  363.84043   46  178  662.75000  326.16613  50.8%  79.2 7934s

 1200817 921590  355.30803   46  283  662.75000  326.16613  50.8%  79.2 7935s

 1201455 923325  402.11993   52  188  662.75000  326.16613  50.8%  79.2 7964s

 1202105 923325  379.83257   49  258  662.75000  326.16613  50.8%  79.2 7965s

 1203770 924386  427.81393   55  199  662.75000  326.20672  50.8%  79.2 7987s

 1205142 926161  518.99601   57  139  662.75000  326.22602  50.8%  79.3 8017s

 1207420 927097  397.00700   43  242  662.75000  326.26046  50.8%  79.2 8040s

 1208692 928402  506.73787   67  158  662.75000  326.27123  50.8%  79.3 8066s

 1210442 929242  339.95667   34  106  662.75000  326.29951  50.8%  79.3 8087s

 1211554 930712  552.20798   74  129  662.75000  326.30053  50.8%  79.3 8113s

 1213405 931302  378.48695   34  157  662.75000  326.32323  50.8%  79.3 8129s

 1214232 932306  402.26729   46  189  662.75000  326.34006  50.8%  79.3 8151s

 1215523 934130  412.60983   37  113  662.75000  326.36230  50.8%  79.3 8181s

 1217876 934911  441.08566   82  196  662.75000  326.38650  50.8%  79.3 8200s

 1218855 936438  388.95944   45  208  662.75000  326.39948  50.8%  79.3 8227s

 1220892 937425  346.81747   45  249  662.75000  326.42295  50.7%  79.3 8249s

 1222122 939138  520.87119  102  140  662.75000  326.42295  50.7%  79.4 8279s

 1222228 939138  378.89617   39  146  662.75000  326.42295  50.7%  79.4 8280s

 1224380 939879  636.07393  102   97  662.75000  326.45045  50.7%  79.4 8300s

 1225454 940600  467.60689   47  134  662.75000  326.47141  50.7%  79.4 8318s

 1226417 941708  385.48367   47  143  662.75000  326.47141  50.7%  79.4 8343s

 1227894 943247  422.42253   42  140  662.75000  326.50302  50.7%  79.5 8370s

 1229846 943947  373.19552   38   96  662.75000  326.51833  50.7%  79.5 8393s

 1230875 944954  370.90917   44  144  662.75000  326.53196  50.7%  79.5 8414s

 1231465 944954  356.53687   55  189  662.75000  326.53196  50.7%  79.6 8415s

 1232161 946398  406.09170   41  143  662.75000  326.53196  50.7%  79.6 8440s

 1234153 947189  528.35730   79   98  662.75000  326.56829  50.7%  79.6 8458s

 1235194 947954  456.90861   46  211  662.75000  326.56862  50.7%  79.6 8478s

 1236191 949331  360.75377   52  172  662.75000  326.58695  50.7%  79.6 8507s

 1238133 950435  356.42540   50  186  662.75000  326.61347  50.7%  79.6 8531s

 1239578 951849  368.66520   55  163  662.75000  326.62654  50.7%  79.6 8555s

 1241406 952780 infeasible   74       662.75000  326.64663  50.7%  79.6 8579s

 1242700 954253  450.41964   49  124  662.75000  326.66698  50.7%  79.6 8606s

 1244636 955067  480.26850   81  127  662.75000  326.68453  50.7%  79.6 8627s

 1245703 956251  404.31544   47  128  662.75000  326.70665  50.7%  79.6 8652s

 1247532 957288  354.64416   39  130  662.75000  326.73591  50.7%  79.6 8676s

 1249000 958211  384.36821   39  168  662.75000  326.75472  50.7%  79.6 8699s

 1249428 958211  500.36197   76  162  662.75000  326.75472  50.7%  79.6 8700s

 1250358 959633  422.52491   54  158  662.75000  326.77445  50.7%  79.6 8729s

 1252514 960797  355.95544   47  221  662.75000  326.79717  50.7%  79.6 8754s

 1253959 961675  403.83086   57  152  662.75000  326.81153  50.7%  79.7 8775s

 1255093 963415  392.01990   55   71  662.75000  326.82845  50.7%  79.7 8808s

 1257419 964123  445.09333   60  134  662.75000  326.84936  50.7%  79.7 8829s

 1258387 965769  419.03655   52  131  662.75000  326.84936  50.7%  79.7 8863s

 1260538 966905  372.51242   40  234  662.75000  326.90326  50.7%  79.7 8889s

 1261985 967816  449.38617   49  172  662.75000  326.92219  50.7%  79.7 8911s

 1263215 969573  418.51366   46  126  662.75000  326.94062  50.7%  79.8 8944s

 1265547 970364  347.68703   47  178  662.75000  326.96536  50.7%  79.8 8966s

 1266548 972123  499.01308   72  111  662.75000  326.96536  50.7%  79.8 8998s

 1268796 973127  624.81334  122  114  662.75000  326.98790  50.7%  79.8 9019s

 1270165 973976  508.13734   39  150  662.75000  326.99811  50.7%  79.8 9045s

 1271270 975766  344.39363   37   96  662.75000  327.01403  50.7%  79.8 9079s

 1271716 975766  360.33595   33  119  662.75000  327.01459  50.7%  79.8 9080s

 1273557 976871  399.09456   72   97  662.75000  327.03846  50.7%  79.8 9105s

 1274976 978393  368.70153   36  152  662.75000  327.05617  50.7%  79.8 9134s

 1276883 979194  419.24812   48   97  662.75000  327.07043  50.6%  79.8 9154s

 1277921 980720  469.06828   55  137  662.75000  327.07687  50.6%  79.8 9182s

 1279787 981361  488.22996   71  130  662.75000  327.09270  50.6%  79.8 9199s

 1280464 981361 infeasible   54       662.75000  327.09270  50.6%  79.8 9200s

 1280618 982448  586.17186   98   99  662.75000  327.09270  50.6%  79.9 9223s

 1282003 983375  352.09275   39  189  662.75000  327.11442  50.6%  79.9 9246s

 1283308 984348  387.37702   56  149  662.75000  327.11442  50.6%  79.9 9270s

 1284666 985867  424.35276   48  126  662.75000  327.14883  50.6%  79.9 9301s

 1286795 986934  436.04049   54  231  662.75000  327.18832  50.6%  79.9 9329s

 1287625 986934  352.38681   48  245  662.75000  327.19326  50.6%  79.9 9330s

 1288154 988614  435.35457   54  150  662.75000  327.20269  50.6%  79.9 9361s

 1290323 989479  361.76386   40  140  662.75000  327.21822  50.6%  79.9 9386s

 1291472 991044  481.94005   50  180  662.75000  327.23390  50.6%  80.0 9418s

 1293408 992062  527.18084   84  100  662.75000  327.24856  50.6%  80.0 9444s

 1293868 992062  427.97530   53  161  662.75000  327.24856  50.6%  80.0 9445s

 1294680 993591  552.46693   61  104  662.75000  327.26362  50.6%  80.0 9476s

 1296785 994510  392.80028   31  176  662.75000  327.28077  50.6%  80.0 9498s

 1298001 995619  486.66906   70  122  662.75000  327.30293  50.6%  80.0 9529s

 1299416 997605  435.12768   47  130  662.75000  327.31667  50.6%  80.0 9570s

 1301944 998947  425.03005   55  125  662.75000  327.34067  50.6%  80.0 9601s

 1303633 999839  416.04090   38  194  662.75000  327.35151  50.6%  80.0 9626s

 1304797 1001002  473.07212   64  157  662.75000  327.37150  50.6%  80.0 9657s

 1306266 1002999  482.22409   80  123  662.75000  327.38716  50.6%  80.1 9697s

 1308761 1003785  352.41765   47  104  662.75000  327.40305  50.6%  80.1 9724s

 1309054 1003785  643.97887  117   90  662.75000  327.40469  50.6%  80.1 9725s

 1309844 1004987  383.17257   45  162  662.75000  327.41892  50.6%  80.1 9757s

 1311450 1006107  366.11412   30  174  662.75000  327.43269  50.6%  80.1 9790s

 1312961 1007778  354.89703   39  216  662.75000  327.45786  50.6%  80.1 9831s

 1315097 1008671  359.12118   35  112  662.75000  327.47849  50.6%  80.1 9859s

 1315826 1008671  354.89587   41  171  662.75000  327.47849  50.6%  80.1 9860s

 1316211 1010742  357.79326   48  127  662.75000  327.47849  50.6%  80.1 9902s

 1318812 1011801  651.97509   77   89  662.75000  327.51453  50.6%  80.1 9926s

 1320120 1013350  576.02026   66   86  662.75000  327.53144  50.6%  80.1 9964s

 1322237 1013610  377.31649   41  170  662.75000  327.55061  50.6%  80.1 10009s

 1322552 1014450  431.57003   52  191  662.75000  327.55453  50.6%  80.1 10036s

 1323584 1015746  404.88886   56  151  662.75000  327.55580  50.6%  80.2 10073s

 1325287 1017657  419.63822   59  195  662.75000  327.57651  50.6%  80.2 10118s

 1327820 1018505 infeasible  111       662.75000  327.59847  50.6%  80.2 10150s

 1329112 1019541  386.87348   52  128  662.75000  327.62053  50.6%  80.2 10181s

 1330433 1021268  333.57112   38  201  662.75000  327.63322  50.6%  80.2 10224s

 1332610 1022475     cutoff   42       662.75000  327.65702  50.6%  80.2 10260s

 1334153 1023455  542.74343   91  128  662.75000  327.67661  50.6%  80.2 10293s

 1335483 1024433  509.41496   63  140  662.75000  327.68982  50.6%  80.2 10326s

 1336716 1025953  429.18390   44  114  662.75000  327.69311  50.6%  80.3 10368s

 1338812 1027481  421.87788   43  122  662.75000  327.73233  50.5%  80.3 10408s

 1341022 1028250  583.91582   99  139  662.75000  327.74366  50.5%  80.3 10437s

 1342177 1029576  361.56224   34  170  662.75000  327.76259  50.5%  80.3 10475s

 1343880 1031217  528.07160   66  123  662.75000  327.77937  50.5%  80.3 10520s

 1346057 1032323  357.54173   60  190  662.75000  327.79507  50.5%  80.3 10553s

 1347437 1033821  359.09624   57  156  662.75000  327.81988  50.5%  80.3 10593s

 1349406 1034757  340.93001   40  196  662.75000  327.84361  50.5%  80.3 10625s

 1350838 1035662  359.39016   39  174  662.75000  327.85808  50.5%  80.3 10659s

 1351596 1035662  372.26052   42  167  662.75000  327.86724  50.5%  80.4 10660s

 1352015 1037395  494.09322   61   87  662.75000  327.86929  50.5%  80.4 10704s

 1353021 1037395  347.86832   43  114  662.75000  327.87237  50.5%  80.4 10705s

 1354287 1038417  425.65271   41  169  662.75000  327.90082  50.5%  80.4 10737s

 1355654 1039684  479.51816   55   88  662.75000  327.92663  50.5%  80.4 10771s

 1357291 1040869  473.75637   62  134  662.75000  327.93976  50.5%  80.4 10803s

 1358759 1042595  451.83881   51  157  662.75000  327.94335  50.5%  80.4 10848s

 1360923 1042595  360.83165   36  155  662.75000  327.96457  50.5%  80.4 10850s

 1361071 1042982  385.61827   54  180  662.75000  327.96457  50.5%  80.4 10882s

 1361589 1043646  476.44463   74  117  662.75000  327.96457  50.5%  80.4 10904s

 1362478 1044985  382.87769   57  128  662.75000  327.97732  50.5%  80.4 10947s

 1364239 1047301  455.24373   51  112  662.75000  327.99585  50.5%  80.4 11005s

 1367235 1048414  486.99022   78   99  662.75000  328.03457  50.5%  80.4 11042s

 1368733 1049312  387.52315   35  122  662.75000  328.05403  50.5%  80.5 11075s

 1369960 1051286  437.19711   71  109  662.75000  328.05707  50.5%  80.5 11122s

 1372523 1052361  371.29636   49  190  662.75000  328.08540  50.5%  80.5 11156s

 1373937 1053692  365.02250   45  172  662.75000  328.09594  50.5%  80.5 11196s

 1375647 1054795  407.06860   51  212  662.75000  328.13041  50.5%  80.5 11231s

 1377053 1056596  370.85217   60  122  662.75000  328.15100  50.5%  80.6 11277s

 1379442 1057750  363.37700   40  138  662.75000  328.17461  50.5%  80.5 11311s

 1380939 1059577  358.13551   32  236  662.75000  328.18772  50.5%  80.6 11341s

 1383348 1060317  347.48254   27  197  662.75000  328.20310  50.5%  80.6 11358s

 1384317 1062526  493.36052   65  156  662.75000  328.20310  50.5%  80.6 11414s

 1387199 1063532  580.03796   84  136  662.75000  328.23987  50.5%  80.6 11450s

 1388553 1064485  427.39417   55  171  662.75000  328.25659  50.5%  80.6 11494s

 1389841 1066139  419.22197   54  167  662.75000  328.27171  50.5%  80.6 11547s

 1392100 1067170 infeasible   79       662.75000  328.29293  50.5%  80.6 11587s

 1393642 1068075  473.12046   50  113  662.75000  328.31267  50.5%  80.6 11619s

 1393800 1068075  373.80956   54  172  662.75000  328.31267  50.5%  80.6 11620s

 1394827 1069872  345.10363   33  173  662.75000  328.32514  50.5%  80.6 11664s

 1397052 1071554  337.41961   38  245  662.75000  328.34262  50.5%  80.6 11709s

 1398087 1071554  515.85260  111  131  662.75000  328.34460  50.5%  80.6 11710s

 1399323 1072489  409.80107   51  149  662.75000  328.35648  50.5%  80.6 11746s

 1400887 1073454  367.21557   37  119  662.75000  328.37886  50.5%  80.6 11776s

 1402105 1074535  375.80130   59  174  662.75000  328.38160  50.5%  80.6 11807s

 1403477 1075733  429.85337   52  107  662.75000  328.40043  50.4%  80.6 11842s

 1405137 1076590  448.35020   67  129  662.75000  328.40085  50.4%  80.7 11871s

 1406360 1078504  399.79856   65  133  662.75000  328.41367  50.4%  80.7 11917s

 1408803 1079397  625.12142  101  110  662.75000  328.43462  50.4%  80.6 11946s

 1409921 1081214  574.59928   68   99  662.75000  328.43462  50.4%  80.7 11986s

 1412223 1082051  451.95979   48  102  662.75000  328.46346  50.4%  80.6 12015s

 1413373 1082868  372.14388   57  194  662.75000  328.46346  50.4%  80.7 12041s

 1414535 1083812  427.02525   42  147  662.75000  328.48372  50.4%  80.7 12072s

 1415929 1085205  506.54759   43  128  662.75000  328.49937  50.4%  80.7 12110s

 1417828 1085988  372.88276   44  140  662.75000  328.51870  50.4%  80.7 12138s

 1418798 1087707  449.25876   52  102  662.75000  328.52757  50.4%  80.7 12180s

 1420950 1088744  588.23596  105   63  662.75000  328.54663  50.4%  80.7 12211s

 1422298 1089785  455.33642   47  152  662.75000  328.56025  50.4%  80.7 12240s

 1423638 1091147  369.74123   49   94  662.75000  328.58112  50.4%  80.7 12281s

 1425472 1092133  411.05920   57  150  662.75000  328.59153  50.4%  80.8 12311s

 1426648 1093434     cutoff   78       662.75000  328.59446  50.4%  80.8 12349s

 1428285 1094377  342.03473   41  224  662.75000  328.61767  50.4%  80.8 12378s

 1429439 1096108  593.64244   60   81  662.75000  328.62134  50.4%  80.8 12419s

 1430720 1096108  618.51814   75  126  662.75000  328.63538  50.4%  80.8 12420s

 1431731 1096975  372.19302   47   82  662.75000  328.64288  50.4%  80.8 12454s

 1433087 1098229  626.88301   66  125  662.75000  328.64913  50.4%  80.8 12488s

 1434561 1099064  477.22273   50  127  662.75000  328.68172  50.4%  80.8 12517s

 1435664 1100381  517.67847   75  145  662.75000  328.68288  50.4%  80.8 12554s

 1436024 1100381     cutoff   54       662.75000  328.68288  50.4%  80.8 12555s

 1437564 1101299  423.31818   49   78  662.75000  328.68451  50.4%  80.8 12586s

 1438835 1102375  463.44783   54  111  662.75000  328.70308  50.4%  80.8 12623s

 1440243 1103832  444.53595   75  161  662.75000  328.70308  50.4%  80.8 12665s

 1442142 1104612  440.71946   45  164  662.75000  328.73252  50.4%  80.8 12700s

 1443216 1106357  477.40824   68  132  662.75000  328.74940  50.4%  80.9 12745s

 1445510 1107497  370.38314   37  190  662.75000  328.77425  50.4%  80.8 12781s

 1447064 1107605  379.94820   54  130  662.75000  328.78609  50.4%  80.8 12847s

 1447238 1115024  380.28924   55  118  662.75000  328.78609  50.4%  80.8 13125s

 1455233 1115024  474.22738   68  129  662.75000  328.78687  50.4%  81.0 13132s

 1457195 1116281  400.94471   39  114  662.75000  328.87871  50.4%  81.0 13185s

 1458959 1118233 infeasible  112       662.75000  328.90139  50.4%  81.0 13247s

 1461485 1119242  357.50846   34  245  662.75000  328.92662  50.4%  81.0 13290s

 1462844 1121051  387.55099   51  114  662.75000  328.94259  50.4%  81.0 13342s

 1465196 1122141  402.10883   56  164  662.75000  328.95709  50.4%  81.0 13388s

 1466649 1123840  337.65030   58  201  662.75000  328.96488  50.4%  81.1 13443s

 1469037 1124526  362.87834   49  138  662.75000  328.99523  50.4%  81.1 13477s

 1470044 1126527  383.62113   56  182  662.75000  329.00092  50.4%  81.1 13538s

 1472808 1127359  391.18655   49  188  662.75000  329.03411  50.4%  81.1 13574s

 1473855 1128419     cutoff   69       662.75000  329.03411  50.4%  81.1 13617s

 1475367 1129568  524.73908   47  130  662.75000  329.05231  50.4%  81.1 13657s

 1476818 1131484  354.91778   41  157  662.75000  329.06351  50.3%  81.2 13715s

 1479369 1132127  362.62489   35  240  662.75000  329.08648  50.3%  81.2 13756s

 1480571 1133330  408.47520   47  168  662.75000  329.09897  50.3%  81.2 13803s

 1482256 1135156  492.32488   53   89  662.75000  329.11790  50.3%  81.2 13860s

 1484617 1136022  598.60607   92   96  662.75000  329.13778  50.3%  81.2 13898s

 1485787 1137562  439.56725   69  164  662.75000  329.14889  50.3%  81.2 13949s

 1486104 1137562  357.88579   43  170  662.75000  329.15561  50.3%  81.2 13950s

 1487869 1138783  350.09828   40  160  662.75000  329.18123  50.3%  81.2 13994s

 1489416 1140255  593.24675   90  117  662.75000  329.19918  50.3%  81.2 14048s

 1491348 1141138  332.16413   50  289  662.75000  329.22272  50.3%  81.2 14085s

 1492490 1141975  618.85480   81  114  662.75000  329.22272  50.3%  81.2 14131s

 1493659 1143882  437.96792   52  137  662.75000  329.23379  50.3%  81.2 14203s

 1496514 1145078  422.94944   65  157  662.75000  329.26389  50.3%  81.3 14250s

 1497972 1146276  382.21682   38  134  662.75000  329.27035  50.3%  81.3 14303s

 1499173 1146276  500.22035   57  187  662.75000  329.29053  50.3%  81.3 14305s

 1499608 1147721  405.99039   49  117  662.75000  329.30253  50.3%  81.3 14362s

 1501458 1148341  351.68411   38  132  662.75000  329.30447  50.3%  81.3 14400s



Cutting planes:

  Learned: 3

  Gomory: 54

  Lift-and-project: 33

  Cover: 230

  Implied bound: 327

  Projected implied bound: 16

  Clique: 683

  MIR: 576

  Mixing: 56

  StrongCG: 31

  Flow cover: 1209

  GUB cover: 11

  Inf proof: 11

  Zero half: 4492

  Network: 1

  RLT: 371

  Relax-and-lift: 1275



Explored 1502322 nodes (122143641 simplex iterations) in 14402.34 seconds (4333.20 work units)

Thread count was 24 (of 24 available processors)



Solution count 10: 662.75 665.64 665.82 ... 731.37



Time limit reached

Best objective 6.627500000000e+02, best bound 3.293077917844e+02, gap 50.3119%



AMPL MP initial flat model has 4523 variables (0 integer, 4463 binary);

Objectives: 1 quadratic; 

Constraints:  1378 linear; 12 quadratic;



AMPL MP final model has 4523 variables (0 integer, 4463 binary);

Objectives: 1 quadratic; 

Constraints:  1378 linear; 12 quadratic;





-----RESULTS INFO-----
running_time:  14427.703
TC.best_bound:  329.3077917844371
TC:  662.7500000000001
MIP Gap (%):  50.31191372547159
=== Vehicle Routes ===
Vehicle 1: 0  3
Vehicle 1: 1  40
Vehicle 1: 2  1
Vehicle 1: 3  2
Vehicle 2: 0  39
Vehicle 2: 4  40
Vehicle 2: 7  4
Vehicle 2: 39  7
Vehicle 3: 0  34
Vehicle 3: 5  40
Vehicle 3: 10  5
Vehicle 3: 34  10
Vehicle 4: 0  6
Vehicle 4: 6  8
Vehicle 4: 8  38
Vehicle 4: 38  40
Vehicle 5: 0  9
Vehicle 5: 9  23
Vehicle 5: 23  36
Vehicle 5: 36  40
Vehicle 6: 0  37
Vehicle 6: 26  40
Vehicle 6: 28  26
Vehicle 6: 37  28

=== Full Vehicle Routes ===
Vehicle 1: 0  3  2  1  0 (59<100)
Vehicle 2: 0  39  7  4  0 (99<100)
Vehicle 3: 0  34  10  5  0 (91<100)
Vehicle 4: 0  6  8  38  0 (97<100)
Vehicle 5: 0  9  23  36  0 (97<100)
Vehicle 6: 0  37  28  26  0 (98<100)
Arc used by MRT line: y variables:
MRT used: 34  33
MRT used: 36  35
Customer assigment to PL: u variables:
11 33
12 38
13 37
14 36
15 37
16 35
17 37
18 36
19 38
20 35
21 33
22 38
24 37
25 38
27 34
29 37
30 39
31 39
32 37
Node is served by regular vehicle: g variables:
1
2
3
4
5
6
7
8
9
10
23
26
28
39
34
36
37
38
Customer assigment to Home delivery: gm variables:
1
2
3
4
5
6
7
8
9
10
23
26
28
Node total demands: ntd variables:
1 21 1
2 22 1
3 16 1
4 1 1
5 11 1
6 17 1
7 25 1
8 25 1
9 26 1
10 25 1
22 0 0
23 5 1
24 0 0
25 0 0
26 11 1
27 0 0
28 17 1
29 0 0
30 0 0
31 0 0
32 0 0
39 73 1
33 0 0
34 55 1
35 0 0
36 66 1
37 70 1
38 55 1
Customer's demand delivered to PL: l variables:
11
12
13
14
15
16
17
18
19
20
21
22
24
25
27
29
30
31
32
Lockers load <= capacity:
73 <= 100
44 <= 77
11 <= 70
28 <= 70
38 <= 79
70 <= 70
55 <= 95
