Gurobi 12.0.3:   lim:time = 14400

  mip:bestbound = 1

Set parameter LogToConsole to value 1

  tech:outlev = 1

Set parameter Cuts to value 3

  cut:cuts = 3

Set parameter Presolve to value 2

  pre:solve = 2

Set parameter MIPFocus to value 2

  mip:focus = 2

Set parameter Symmetry to value 2

  mip:symmetry = 2

Set parameter InfUnbdInfo to value 1

Gurobi Optimizer version 12.0.3 build v12.0.3rc0 (win64 - Windows 11.0 (26100.2))



CPU model: 12th Gen Intel(R) Core(TM) i7-12700, instruction set [SSE2|AVX|AVX2]

Thread count: 12 physical cores, 20 logical processors, using up to 20 threads



Non-default parameters:

TimeLimit  14400

MIPFocus  2

Symmetry  2

Cuts  3

InfUnbdInfo  1

Presolve  2



Optimize a model with 1962 rows, 6464 columns and 40932 nonzeros

Model fingerprint: 0x19aea627

Model has 6 quadratic objective terms

Model has 11 quadratic constraints

Variable types: 76 continuous, 6388 integer (0 binary)

Coefficient statistics:

  Matrix range     [1e+00, 1e+05]

  QMatrix range    [1e+00, 1e+00]

  QLMatrix range   [1e+00, 3e+01]

  Objective range  [2e+00, 1e+02]

  QObjective range [3e+00, 3e+00]

  Bounds range     [1e+00, 1e+02]

  RHS range        [1e+00, 1e+05]

  QRHS range       [1e+02, 1e+02]

Presolve removed 101 rows and 227 columns

Presolve time: 0.88s

Presolved: 5797 rows, 10153 columns, 49505 nonzeros

Variable types: 1067 continuous, 9086 integer (8223 binary)

Root relaxation presolve removed 5 rows and 2 columns

Root relaxation presolved: 5760 rows, 10144 columns, 95719 nonzeros





Root relaxation: objective 1.485229e+02, 680 iterations, 0.07 seconds (0.12 work units)



    Nodes    |    Current Node    |     Objective Bounds      |     Work

 Expl Unexpl |  Obj  Depth IntInf | Incumbent    BestBd   Gap | It/Node Time



     0     0  148.52292    0  126          -  148.52292      -     -    2s

     0     0  298.37993    0  119          -  298.37993      -     -    3s

     0     0  298.37993    0  145          -  298.37993      -     -    3s

     0     0  298.37993    0  143          -  298.37993      -     -    3s

     0     0  298.39146    0  116          -  298.39146      -     -    4s

     0     0  306.55000    0  114          -  306.55000      -     -    4s

     0     0  306.55000    0  120          -  306.55000      -     -    4s

     0     0  313.21001    0  113          -  313.21001      -     -    5s

     0     0  314.94000    0  115          -  314.94000      -     -    5s

     0     0  314.94000    0   97          -  314.94000      -     -    6s

     0     0  314.94000    0  102          -  314.94000      -     -    6s

     0     0  314.94000    0   91          -  314.94000      -     -    7s

     0     0  314.94000    0   83          -  314.94000      -     -    7s

     0     2  315.00000    0   83          -  315.00000      -     -    8s

  1498  1440  401.78200   86   82          -  315.00000      -  36.1   10s

  3227  2824  347.81806   24  125          -  315.00000      -  36.2   15s

H 3232  2686                    1120.2800000  315.00000  71.9%  36.1   20s

H 3232  2551                    1112.4900000  315.00000  71.7%  36.1   20s

H 3236  2426                    1095.4600000  315.00000  71.2%  36.1   23s

H 3236  2304                    1087.3800000  315.00000  71.0%  36.1   23s

H 3236  2189                    1081.8700000  315.00000  70.9%  36.1   23s

  3239  2191  363.40996  116  104 1081.87000  315.00000  70.9%  36.0   25s

H 3240  2082                    1074.3800000  315.00000  70.7%  36.0   26s

H 3241  1978                    1074.1200000  315.00000  70.7%  36.0   26s

H 3242  1879                    1019.9500000  315.00000  69.1%  36.0   27s

  3272  1925  315.00000   15  119 1019.95000  315.00000  69.1%  40.3   30s

H 3323  1851                    1019.0400000  315.00000  69.1%  41.4   30s

  3572  2008  326.42681   28  109 1019.04000  315.00000  69.1%  47.3   35s

H 3650  1972                    1009.4400000  315.00000  68.8%  48.4   36s

H 3743  1958                     958.0700000  315.00000  67.1%  49.4   36s

H 3857  1956                     950.9900000  315.00000  66.9%  51.1   37s

H 3863  1877                     943.2300000  315.00000  66.6%  51.2   37s

H 3996  1891                     941.7500000  315.00000  66.6%  52.1   37s

H 4007  1818                     936.1500000  315.00000  66.4%  52.4   37s

H 4022  1747                     936.0000000  315.00000  66.3%  52.7   37s

H 4119  1801                     925.7600000  315.00000  66.0%  54.2   38s

H 4165  1727                     904.3300000  315.00000  65.2%  54.5   38s

H 4280  1734                     887.6100000  315.00000  64.5%  54.8   39s

  4306  1736  336.94800   56  106  887.61000  315.00000  64.5%  55.0   40s

H 4409  1739                     878.9400000  315.00000  64.2%  55.8   41s

H 4417  1686                     860.1900000  315.00000  63.4%  55.9   41s

  5577  2357  356.69386  110  113  860.19000  315.00000  63.4%  58.5   45s

H 5582  2307                     860.1800000  315.00000  63.4%  58.5   45s

H 5700  2399                     859.3800000  315.00000  63.3%  58.8   45s

H 5804  2387                     847.9800000  315.00000  62.9%  59.0   46s

H 6806  3246                     845.6100000  315.00000  62.7%  59.0   48s

H 6859  3239                     836.9000000  315.00000  62.4%  59.1   48s

  7324  3940  522.99447  166   87  836.90000  315.00000  62.4%  58.3   50s

H 7874  4033                     829.6700000  315.00000  62.0%  57.8   51s

H 7891  4033                     829.6600000  315.00000  62.0%  57.8   51s

H 8126  4268                     827.8300000  315.00000  61.9%  57.8   52s

H 8449  4558                     826.1300000  315.00000  61.9%  58.0   53s

H 8527  4548                     817.1700000  315.00000  61.5%  57.8   53s

  9405  5593  381.70106   26  117  817.17000  315.10229  61.4%  58.3   55s

H 9925  5631                     812.0800000  315.10229  61.2%  59.0   57s

H10267  6093                     806.8900000  315.10229  60.9%  58.9   59s

 10513  6362  462.36346  107   70  806.89000  315.10229  60.9%  58.8   60s

H11247  6793                     806.8500000  315.10229  60.9%  58.7   62s

H11250  6753                     796.3200000  315.10229  60.4%  58.7   62s

H12261  7640                     796.2800000  315.58313  60.4%  58.3   64s

H12294  7994                     789.4500000  315.58313  60.0%  58.4   65s

H12355  7943                     773.0100000  315.58313  59.2%  58.3   65s

 14183  9150  471.72784  127  142  773.01000  315.58313  59.2%  57.3   70s

H14291  9225                     767.6900000  315.58313  58.9%  57.2   71s

H14376  9502                     760.8600000  315.58313  58.5%  57.3   72s

 15333 10244  665.83003  209  119  760.86000  316.31610  58.4%  57.1   75s

H15471 10194                     751.8500000  316.31610  57.9%  57.3   75s

 16663 11461  510.54177   74  101  751.85000  316.79002  57.9%  57.5   80s

H17209 11637                     749.4300000  316.79002  57.7%  57.2   82s

 18429 12658  695.52231  107   64  749.43000  316.79002  57.7%  56.8   87s

 18554 13879  328.37763   21  179  749.43000  316.79002  57.7%  57.1   96s

 19953 14718  597.51971   88   74  749.43000  316.79002  57.7%  58.3  101s

 21026 15844  563.11623   89   74  749.43000  316.99031  57.7%  57.6  106s

 22412 17297  502.98789   51  138  749.43000  317.51759  57.6%  57.7  111s

 24048 18622  696.03667  141   84  749.43000  317.56188  57.6%  57.6  115s

 26799 20312  351.89415   32  104  749.43000  317.72529  57.6%  57.0  122s

 27643 22373  355.63208   33  176  749.43000  317.76072  57.6%  56.6  126s

 30023 23589  654.88862  247  122  749.43000  318.01000  57.6%  56.4  130s

H30689 23566                     745.9800000  318.11808  57.4%  56.6  130s

 31395 23609     cutoff  249       745.98000  318.11808  57.4%  57.2  137s

 31434 23617     cutoff  250       745.98000  318.14912  57.4%  57.2  140s

 31881 24620  360.71771   54  114  745.98000  318.14912  57.4%  57.3  147s

H32426 24620                     745.9799972  318.14912  57.4%  57.4  147s

H32485 24456                     732.3000000  318.14912  56.6%  57.4  147s

 32659 25431  360.73300   55  118  732.30000  318.14912  56.6%  57.4  151s

 33754 27940  650.38770  122  128  732.30000  318.14912  56.6%  57.0  157s

 36609 29584  410.61599   80  126  732.30000  318.50482  56.5%  56.3  165s

 38864 31395  681.55357  172   97  732.30000  318.52932  56.5%  55.6  171s

 40545 33014     cutoff  173       732.30000  318.70775  56.5%  55.4  175s

 44455 35051  380.33880   55  113  732.30000  319.02301  56.4%  54.9  181s

 44766 37095  476.63699   93   87  732.30000  319.16368  56.4%  55.0  185s

 48218 39680  444.05115   76  155  732.30000  319.32625  56.4%  54.3  191s

 50524 41632  323.51560   33  128  732.30000  319.45108  56.4%  54.1  197s

 53064 43431  400.75856   58  116  732.30000  319.51057  56.4%  54.7  202s

 54318 44451  627.89038  111   90  732.30000  319.52712  56.4%  54.9  207s

 55605 46337  374.73443   57  130  732.30000  319.68418  56.3%  55.0  212s

 57794 47475  441.82563   71  132  732.30000  319.75754  56.3%  54.8  216s

 60596 49554  341.09564   21  126  732.30000  319.84770  56.3%  55.1  222s

 61542 50983  600.33787   65  147  732.30000  319.88919  56.3%  55.1  225s

 64674 53690  341.32454   36  144  732.30000  320.07819  56.3%  55.1  231s

 67069 55487  372.78126   36  115  732.30000  320.19927  56.3%  55.3  236s

 69123 57445  328.55772   30  128  732.30000  320.34198  56.3%  55.7  242s

 70697 58747  337.92969   58  141  732.30000  320.37741  56.3%  55.7  245s

 72182 59549 infeasible  189       732.30000  320.39428  56.2%  55.6  250s

 73101 62117  355.93847   26  133  732.30000  320.42114  56.2%  55.7  256s

 77681 64872  363.85549   48  123  732.30000  320.64501  56.2%  55.5  263s

 79212 65900  403.30097   53  131  732.30000  320.64501  56.2%  55.4  266s

 81761 68179  679.19657  115   59  732.30000  320.74949  56.2%  55.5  271s

 83634 69547  440.98534   56  125  732.30000  320.78658  56.2%  55.6  276s

 85620 70534  328.87739   32  151  732.30000  320.94643  56.2%  56.1  281s

 87423 72252  339.29374   51  149  732.30000  321.04879  56.2%  56.3  286s

 89197 74138  350.16699   51  221  732.30000  321.09219  56.2%  56.6  292s

 90111 75781  406.86529  117  149  732.30000  321.11683  56.1%  56.7  298s

 92050 76227  325.65530   25  151  732.30000  321.32454  56.1%  56.7  300s

 93638 78034  598.40328  148  126  732.30000  321.35083  56.1%  57.0  306s

 95820 79130  709.99562  187   73  732.30000  321.35083  56.1%  57.7  311s

 96200 80422  356.03615   52  113  732.30000  321.52463  56.1%  58.0  315s

 99249 82192  526.01044   50  151  732.30000  321.52666  56.1%  58.1  322s

 99912 83534  404.90134   37  102  732.30000  321.67543  56.1%  58.3  326s

 103002 85907  435.50926   40  105  732.30000  321.79495  56.1%  58.3  333s

 104235 87197  373.56305   47  193  732.30000  321.86089  56.0%  58.5  336s

 106238 88701  555.90724   90   95  732.30000  321.87481  56.0%  58.9  343s

 107548 89826  628.10787   87  132  732.30000  322.00245  56.0%  59.1  346s

 108867 91320  515.51475   88  155  732.30000  322.05952  56.0%  59.2  352s

 110951 92810  359.39467   43  133  732.30000  322.18381  56.0%  59.2  357s

 112274 94005  395.93627   55  159  732.30000  322.19892  56.0%  59.4  361s

 113942 95067  693.31706  205  101  732.30000  322.25762  56.0%  59.6  365s

 116157 97190  514.05978  120  155  732.30000  322.26994  56.0%  59.7  371s

 118114 98901  703.52203   70  133  732.30000  322.26994  56.0%  59.9  378s

 119495 100399  422.25187   80  121  732.30000  322.50045  56.0%  60.1  382s

 121345 101095  391.72355   53  171  732.30000  322.50045  56.0%  60.1  385s

 122193 101350  704.59502  159  112  732.30000  322.50045  56.0%  60.1  390s

 123407 102813  391.49970   45  139  732.30000  322.52643  56.0%  60.3  398s

 124229 103655  421.81444   35  203  732.30000  322.52806  56.0%  60.4  402s

 125213 104157  333.58023   28  110  732.30000  322.52806  56.0%  60.5  405s

 126964 106489  385.09986   57  184  732.30000  322.68750  55.9%  60.6  415s

 128931 108221  451.44405  102  149  732.30000  322.75223  55.9%  60.8  423s

 130618 109359  325.67105   23  127  732.30000  322.75223  55.9%  60.8  426s

 132494 110945  571.27938  139  122  732.30000  322.75631  55.9%  61.0  433s

 133854 111862  412.21573   61  169  732.30000  322.93516  55.9%  61.1  437s

 134953 112772  566.05461   66  115  732.30000  322.93516  55.9%  61.2  441s

 136231 112922  386.06744   35  179  732.30000  322.96673  55.9%  61.3  445s

 136748 114145  420.61576   37  151  732.30000  322.96673  55.9%  61.5  451s

 137822 115077  420.62192   38  149  732.30000  323.01249  55.9%  61.6  456s

 139632 117052  435.51340   47  140  732.30000  323.05518  55.9%  61.7  464s

 141176 118431  577.80450   85  116  732.30000  323.15791  55.9%  61.8  468s

 142724 119115 infeasible  138       732.30000  323.17850  55.9%  61.8  473s

 143660 119844  351.59883   37  117  732.30000  323.21571  55.9%  62.0  477s

 144616 121156  345.73721   33  124  732.30000  323.22883  55.9%  62.1  481s

 146114 121694 infeasible   84       732.30000  323.30286  55.9%  62.2  486s

 146816 123973  409.12278   51  192  732.30000  323.30286  55.9%  62.3  494s

 149469 125340  356.75007   28  152  732.30000  323.44601  55.8%  62.4  499s

 151110 126473  378.54198   42  116  732.30000  323.48667  55.8%  62.4  503s

 152444 127041  579.40104  156   72  732.30000  323.50990  55.8%  62.6  506s

 153771 127916  444.27215   71  144  732.30000  323.50990  55.8%  63.0  513s

 154409 129122  450.04338   81  131  732.30000  323.50990  55.8%  63.1  518s

 155961 130255  403.44433   46  175  732.30000  323.62250  55.8%  63.1  523s

 157334 130841  552.74383   34  144  732.30000  323.65657  55.8%  63.3  526s

 158080 131711  370.02661   53  138  732.30000  323.65657  55.8%  63.5  531s

 159156 132317  583.76242  121   82  732.30000  323.65657  55.8%  63.5  535s

 161247 134469  550.19694   53  152  732.30000  323.66404  55.8%  63.9  544s

 162808 134840  375.04520   42  160  732.30000  323.77877  55.8%  64.0  547s

 163259 135905 infeasible   39       732.30000  323.77890  55.8%  64.1  552s

 164673 136614  375.43017   33  127  732.30000  323.82649  55.8%  64.4  558s

 165587 136877  483.72535   58   81  732.30000  323.82649  55.8%  64.5  562s

 165864 137393  628.70504   59  109  732.30000  323.82649  55.8%  64.4  568s

 166460 139107 infeasible   59       732.30000  323.84017  55.8%  64.5  578s

 168652 141610  353.14272   39  171  732.30000  323.95005  55.8%  64.6  587s

 171598 143497  419.17162   75  165  732.30000  323.98606  55.8%  64.7  593s

 173919 144146  565.39352   66  101  732.30000  324.04694  55.7%  64.6  597s

 174652 145714  441.14307   58  165  732.30000  324.04694  55.7%  64.7  603s

 176468 146090  557.83539   68  120  732.30000  324.09929  55.7%  64.6  606s

 176932 147254  383.14590   41  162  732.30000  324.13130  55.7%  64.7  611s

 178443 148264  427.51161   38  155  732.30000  324.19892  55.7%  64.9  615s

 179832 149520  365.99777   35  137  732.30000  324.22210  55.7%  65.0  620s

 181436 150441  372.53551   28  105  732.30000  324.22210  55.7%  65.2  625s

 182639 151085  395.81532   55  101  732.30000  324.22210  55.7%  65.2  630s

 183456 151094  389.55719   52  202  732.30000  324.22210  55.7%  65.4  635s

 183471 151469  393.88092   53  202  732.30000  324.22210  55.7%  65.4  641s

 183927 153120  398.53730   54  188  732.30000  324.24185  55.7%  65.4  650s

 185864 155473 infeasible  181       732.30000  324.29960  55.7%  65.5  660s

 188523 157240  506.14595   74  112  732.30000  324.38140  55.7%  65.5  666s

 190625 159031  383.00938   58  132  732.30000  324.40853  55.7%  65.6  672s

 192664 159732  353.43586   48  133  732.30000  324.44102  55.7%  65.5  677s

 193472 161074  516.91983   93   54  732.30000  324.44102  55.7%  65.6  682s

 195076 162145 infeasible  144       732.30000  324.45589  55.7%  65.6  687s

 196453 162705  499.29607   56   92  732.30000  324.48526  55.7%  65.7  691s

 197214 164198  392.34972   42  123  732.30000  324.51305  55.7%  65.8  697s

 198973 164760  332.27221   35  148  732.30000  324.51644  55.7%  65.8  700s

 199627 166088  511.72144   88  144  732.30000  324.51644  55.7%  65.9  706s

 201209 167408 infeasible  126       732.30000  324.51644  55.7%  65.9  712s

 202727 167656  525.01217  120  139  732.30000  324.51644  55.7%  66.0  716s

 202992 168772  573.15608  154  130  732.30000  324.60706  55.7%  66.0  721s

 204299 169868  609.47050  160  115  732.30000  324.63793  55.7%  66.0  726s

 205561 170331  338.47160   38  224  732.30000  324.63793  55.7%  66.1  730s

 206185 171536  484.00951   88  110  732.30000  324.63793  55.7%  66.3  735s

 207612 172707  509.53989   61  155  732.30000  324.72847  55.7%  66.4  740s

 208939 173864  355.33542   39  142  732.30000  324.72847  55.7%  66.4  745s

 210330 175207  431.52070   69  103  732.30000  324.78704  55.6%  66.5  751s

 212141 175727  562.51735   72  153  732.30000  324.80614  55.6%  66.5  756s

 212886 177018  386.89892   37  178  732.30000  324.80614  55.6%  66.6  761s

 214382 177350  373.72599   37  187  732.30000  324.85198  55.6%  66.7  766s

 214757 178112  454.37608   54  118  732.30000  324.85593  55.6%  66.7  771s

 215644 179436  379.21739   43  119  732.30000  324.85593  55.6%  66.7  776s

 217202 180011  359.88964   35  147  732.30000  324.85593  55.6%  66.8  780s

 217944 181350  394.22069   35  125  732.30000  324.92462  55.6%  66.8  786s

 219502 182761  357.99742   49  176  732.30000  324.96325  55.6%  66.9  792s

 221119 183113  342.55933   30  173  732.30000  324.98420  55.6%  66.9  795s

 221509 184377  404.99122   53  148  732.30000  324.98420  55.6%  66.9  800s

 224184 186124  397.04014   35  120  732.30000  325.04312  55.6%  67.1  808s

 225365 186267  498.97422   84  230  732.30000  325.04312  55.6%  67.2  812s

 225568 186597  506.52114   85  261  732.30000  325.04312  55.6%  67.3  816s

 225933 187161  591.99834  118  171  732.30000  325.04312  55.6%  67.3  820s

 227098 188623  469.89453   69  147  732.30000  325.04312  55.6%  67.4  830s

 228523 190275  476.25099   69   99  732.30000  325.15668  55.6%  67.5  836s

 230427 191263  455.54971   46  183  732.30000  325.16615  55.6%  67.5  842s

 231572 192615  631.01847  115  161  732.30000  325.16615  55.6%  67.6  847s

 233096 193363  458.52340   86  124  732.30000  325.19475  55.6%  67.6  852s

 233916 194571  392.84074   41  157  732.30000  325.23010  55.6%  67.6  857s

 235406 195766  606.02423  106   86  732.30000  325.23010  55.6%  67.6  862s

 236800 196996  649.72862  154   98  732.30000  325.32495  55.6%  67.7  868s

 238304 197410  377.72928   38  119  732.30000  325.34023  55.6%  67.7  873s

 238797 199603  529.18770   75  136  732.30000  325.34023  55.6%  67.8  887s

 241593 201641  480.60343   66  125  732.30000  325.42314  55.6%  68.0  894s

 243892 202407  642.87556  121  148  732.30000  325.46725  55.6%  68.0  899s

 244742 203716  468.96985   69  130  732.30000  325.46725  55.6%  68.0  904s

 245591 203716  398.00814   58  182  732.30000  325.46725  55.6%  68.0  905s

 246217 204581  524.38943  121  105  732.30000  325.46725  55.6%  68.0  910s

 247346 205133  484.55276   56   88  732.30000  325.46725  55.6%  68.2  915s

 248625 206629  443.33280   70  109  732.30000  325.56086  55.5%  68.4  925s

 250050 208142  384.34409   48  165  732.30000  325.64737  55.5%  68.5  932s

 251970 208886  640.93653   61  127  732.30000  325.66715  55.5%  68.5  937s

 252827 209998  397.45752   62  197  732.30000  325.66715  55.5%  68.6  942s

 254158 210710  670.71121  175  111  732.30000  325.66715  55.5%  68.7  948s

 255102 211718  373.82899   69  169  732.30000  325.66715  55.5%  68.7  954s

 256214 212323 infeasible  218       732.30000  325.66715  55.5%  68.7  960s

 256878 214576  542.03115   71   84  732.30000  325.70357  55.5%  68.8  971s

 259557 216061  565.57545  147  131  732.30000  325.78394  55.5%  68.9  977s

 261246 216481  618.02815  111   99  732.30000  325.79502  55.5%  68.8  981s

 261727 217827  461.14882   61  108  732.30000  325.81102  55.5%  68.9  987s

 263295 218160  467.38587   85  167  732.30000  325.86497  55.5%  68.9  992s

 263638 218681  652.54760  139   84  732.30000  325.86497  55.5%  68.9  997s

 264315 219144  534.15400   74  151  732.30000  325.86497  55.5%  68.9 1002s

 264874 220427  378.75724   51  191  732.30000  325.86743  55.5%  68.9 1008s

 266383 221098  551.73385  148  198  732.30000  325.86743  55.5%  68.9 1013s

 267197 222378  390.05506   34  195  732.30000  325.86743  55.5%  68.9 1019s

 268632 222389  347.60978   40  172  732.30000  325.86743  55.5%  69.0 1029s

 268645 222401  355.30785   40  172  732.30000  325.86743  55.5%  69.0 1035s

 268657 222524  357.46037   41  165  732.30000  325.86743  55.5%  69.0 1042s

 268796 223026  368.66696   41  126  732.30000  325.92515  55.5%  69.0 1048s

H269189 222599                     722.8600000  325.92515  54.9%  69.1 1048s

 269452 223716  454.07493   58   78  722.86000  325.92515  54.9%  69.1 1055s

 270960 224241  345.03511   34  181  722.86000  325.99000  54.9%  69.3 1062s

 271584 225841  426.58902   36  118  722.86000  325.99000  54.9%  69.4 1070s

 273483 227097 infeasible  117       722.86000  326.02373  54.9%  69.3 1077s

 275003 227738  398.73475   41  160  722.86000  326.02373  54.9%  69.4 1083s

 275805 229564 infeasible   70       722.86000  326.02373  54.9%  69.5 1093s

 278071 230060  513.58368   92  148  722.86000  326.07819  54.9%  69.6 1098s

 278676 231581  555.58743  136  140  722.86000  326.07819  54.9%  69.6 1106s

 280448 232979  368.55028   24  159  722.86000  326.17350  54.9%  69.6 1112s

 282041 234217  508.34118   96   96  722.86000  326.19068  54.9%  69.6 1118s

 283477 234913  534.29460  105  174  722.86000  326.24199  54.9%  69.6 1123s

 284225 235992  690.79950  185  126  722.86000  326.24199  54.9%  69.6 1129s

 285530 237072  455.53314   47  187  722.86000  326.24199  54.9%  69.7 1135s

 286840 238113  424.25850   43  155  722.86000  326.24199  54.9%  69.8 1142s

 288192 239155  435.55277   51  132  722.86000  326.30092  54.9%  69.8 1147s

 289338 239863  475.63160   97  121  722.86000  326.30092  54.9%  69.9 1152s

 290167 240865  395.48399   56  149  722.86000  326.30092  54.9%  69.9 1159s

 291378 241754  347.18984   42  187  722.86000  326.30092  54.9%  69.9 1166s

 292486 242686  423.37585   59  163  722.86000  326.30092  54.9%  70.0 1172s

 293639 243124  454.68709   39  141  722.86000  326.30092  54.9%  70.1 1177s

 294116 246602  560.42628   56  153  722.86000  326.41136  54.8%  70.1 1196s

 298299 246742  421.58988   31  155  722.86000  326.46602  54.8%  70.1 1202s

 298469 246972  421.59197   32  157  722.86000  326.46602  54.8%  70.1 1207s

 298804 247349  458.61962   33  216  722.86000  326.46903  54.8%  70.2 1211s

 299341 248043  459.18047   34  209  722.86000  326.46903  54.8%  70.2 1217s

 300110 248765  609.14118   69  176  722.86000  326.46903  54.8%  70.3 1224s

 300965 250352  462.99829   63  136  722.86000  326.46903  54.8%  70.3 1233s

 302902 251661     cutoff  145       722.86000  326.58522  54.8%  70.3 1240s

 304583 252007  341.01874   33  170  722.86000  326.58522  54.8%  70.4 1246s

 305037 253487  481.10959   68  173  722.86000  326.58522  54.8%  70.4 1254s

 306750 254803  667.12246  131   98  722.86000  326.58522  54.8%  70.4 1261s

 308258 255566  615.69620   97  160  722.86000  326.65575  54.8%  70.4 1267s

 309158 256881  373.78392   56  130  722.86000  326.65575  54.8%  70.5 1274s

 310805 257934  517.89033   98  192  722.86000  326.69315  54.8%  70.5 1281s

 312127 258805  345.99391   37  201  722.86000  326.69315  54.8%  70.6 1288s

 313121 260260  560.78479  116  126  722.86000  326.69315  54.8%  70.6 1296s

 314754 261749  670.06922  106  134  722.86000  326.76760  54.8%  70.6 1303s

 316460 262267 infeasible  115       722.86000  326.79541  54.8%  70.6 1308s

 317019 263563  569.11644   76  129  722.86000  326.79566  54.8%  70.6 1316s

 318513 264924  498.18912   64  120  722.86000  326.82055  54.8%  70.7 1322s

 320138 266192  462.34161   71   95  722.86000  326.82193  54.8%  70.7 1329s

 320605 266192  561.04823  125  137  722.86000  326.82193  54.8%  70.7 1330s

 321627 267126  670.73634   80  127  722.86000  326.82193  54.8%  70.7 1336s

 322787 267692  549.87597   85  124  722.86000  326.82193  54.8%  70.7 1341s

 323503 268469  443.19304   49  147  722.86000  326.82193  54.8%  70.8 1347s

 324416 269552  361.21536   39  197  722.86000  326.82193  54.8%  70.9 1354s

 325767 270695  354.34637   37  189  722.86000  326.95233  54.8%  70.9 1360s

 327073 271151  607.33816  126  124  722.86000  326.95233  54.8%  70.9 1365s

 327622 272300  368.89720   47  191  722.86000  326.97119  54.8%  70.9 1372s

 328961 273433  393.78045   24  202  722.86000  326.97850  54.8%  71.0 1379s

 330187 274280  666.60481  110  203  722.86000  326.97850  54.8%  71.0 1388s

 331157 275592  415.39089   49  134  722.86000  326.97850  54.8%  71.0 1398s

 332887 276167  390.36021   59  155  722.86000  327.03777  54.8%  71.1 1403s

 333591 277719  423.18948   50  136  722.86000  327.04637  54.8%  71.2 1413s

 335449 278609  362.54632   42  172  722.86000  327.07587  54.8%  71.2 1420s

 336517 279077  364.41068   37  148  722.86000  327.09804  54.7%  71.2 1428s

 337110 279510  367.52254   38  182  722.86000  327.09804  54.7%  71.3 1434s

 337617 281019  375.06681   39  173  722.86000  327.10061  54.7%  71.3 1443s

 339292 282451     cutoff   81       722.86000  327.10061  54.7%  71.2 1451s

 341085 283731  424.95167   36  154  722.86000  327.16485  54.7%  71.2 1459s

 342606 284351  623.48167   63  125  722.86000  327.21007  54.7%  71.3 1465s

 343397 285557  385.73007   25  154  722.86000  327.21007  54.7%  71.3 1473s

 344863 286959  375.97131   35  185  722.86000  327.22439  54.7%  71.4 1480s

 346503 287603  610.48366  141  111  722.86000  327.22638  54.7%  71.4 1486s

 347215 288949  450.15390   74  143  722.86000  327.24721  54.7%  71.4 1494s

 348776 290282  506.38497   58  159  722.86000  327.25150  54.7%  71.4 1502s

 350262 291199  388.01736   47  164  722.86000  327.26347  54.7%  71.5 1509s

 351367 291664  344.57604   56  186  722.86000  327.29419  54.7%  71.5 1513s

 351921 293137  477.79928   83  147  722.86000  327.29484  54.7%  71.5 1523s

 353656 294307  532.22522   88  114  722.86000  327.32359  54.7%  71.5 1530s

 355055 295657  660.84117  147   88  722.86000  327.34332  54.7%  71.5 1537s

 356663 296398  456.13010   96  126  722.86000  327.34332  54.7%  71.5 1546s

 357495 296887  459.54243   97  115  722.86000  327.34332  54.7%  71.5 1552s

 358078 297861  367.93600   25  162  722.86000  327.34332  54.7%  71.5 1559s

 359259 298936  711.85891   84   50  722.86000  327.36241  54.7%  71.5 1565s

 360473 299830  628.94596  112  146  722.86000  327.36241  54.7%  71.6 1572s

 361487 301294  423.79905   72  156  722.86000  327.40546  54.7%  71.6 1578s

 363129 301710 infeasible   57       722.86000  327.40546  54.7%  71.6 1584s

 363651 302765  442.42259   52  184  722.86000  327.42253  54.7%  71.6 1591s

 364915 303981  516.42887   82  196  722.86000  327.44031  54.7%  71.6 1598s

 366288 304014  415.65594   47  156  722.86000  327.45139  54.7%  71.6 1607s

 366321 304148  415.86590   48  149  722.86000  327.45139  54.7%  71.6 1613s

 366474 304160  432.69883   49  127  722.86000  327.45139  54.7%  71.6 1622s

 366486 314280  461.56621   50  137  722.86000  327.45495  54.7%  71.6 1738s

H370486 313922                     719.9600000  327.46878  54.5%  71.8 1739s

 378486 314789  466.71867   45  190  719.96000  327.62761  54.5%  72.0 1752s

 379670 316372 infeasible   62       719.96000  327.65447  54.5%  72.0 1763s

 381633 318278  376.38593   48   75  719.96000  327.68345  54.5%  72.1 1775s

 383956 319852  351.72473   25  191  719.96000  327.71329  54.5%  72.1 1783s

 385760 320817  346.98920   44  235  719.96000  327.73594  54.5%  72.2 1793s

 386928 321952  406.14399   39  207  719.96000  327.73594  54.5%  72.2 1800s

 388472 323074  691.04740  200  112  719.96000  327.73743  54.5%  72.2 1808s

 389769 323893  391.16081   26  132  719.96000  327.73743  54.5%  72.3 1815s

 390864 325066  359.27734   34  196  719.96000  327.79336  54.5%  72.3 1824s

 392280 325994  405.56014   52  149  719.96000  327.79336  54.5%  72.4 1831s

 393477 327144  528.22284   60  137  719.96000  327.81754  54.5%  72.4 1838s

 394882 327997  636.24535   83  118  719.96000  327.85127  54.5%  72.4 1846s

 396045 329124  360.70295   38  144  719.96000  327.88460  54.5%  72.5 1854s

 397409 330385  702.78014  150  118  719.96000  327.89866  54.5%  72.5 1861s

 398878 331327  360.37715   39  149  719.96000  327.91701  54.5%  72.5 1869s

 400062 332403  399.31700   46  127  719.96000  327.94717  54.4%  72.5 1875s

 401302 333466  418.64085   69  170  719.96000  327.94717  54.4%  72.5 1883s

 402510 334760  608.84575  168  127  719.96000  327.94717  54.4%  72.6 1890s

 404057 336196  398.52727   45  113  719.96000  328.01547  54.4%  72.6 1901s

 405718 337116  364.77569   34  186  719.96000  328.05608  54.4%  72.6 1908s

 406900 338114  660.65054   82   82  719.96000  328.05679  54.4%  72.5 1914s

 408053 338983  524.76524  103   97  719.96000  328.05679  54.4%  72.5 1923s

 409060 338994  414.44907   25  207  719.96000  328.08397  54.4%  72.6 1931s

 409073 339006  416.17224   26  198  719.96000  328.08397  54.4%  72.6 1936s

 409085 339020  416.17224   27  197  719.96000  328.08397  54.4%  72.6 1941s

 409099 339148  417.37453   28  216  719.96000  328.08397  54.4%  72.6 1946s

 409252 339323  417.45949   29  211  719.96000  328.08397  54.4%  72.6 1951s

 409444 340093  417.47400   30  210  719.96000  328.08397  54.4%  72.6 1958s

 410364 340463  432.95070   31  197  719.96000  328.08397  54.4%  72.6 1963s

 410838 341652  482.32725   46  177  719.96000  328.08397  54.4%  72.6 1972s

 412236 342905  480.58548   63  157  719.96000  328.18081  54.4%  72.7 1981s

 413693 343544  414.97253   50  190  719.96000  328.18081  54.4%  72.7 1988s

 414432 344845  665.43453   87  117  719.96000  328.19489  54.4%  72.7 1998s

 416024 346203  367.30897   46   93  719.96000  328.22827  54.4%  72.7 2007s

 417564 347362  432.36788   38  170  719.96000  328.22827  54.4%  72.8 2015s

 419030 347868  373.50143   39  168  719.96000  328.24666  54.4%  72.8 2021s

 419587 349189  406.04850   65  164  719.96000  328.24666  54.4%  72.8 2031s

 421228 350057  425.54955   32  153  719.96000  328.30673  54.4%  72.9 2039s

 422382 351402  380.48101   54  125  719.96000  328.33714  54.4%  72.9 2050s

 424056 351751  658.31183  181   54  719.96000  328.33757  54.4%  72.9 2055s

 424495 352992  406.83061   56  169  719.96000  328.33757  54.4%  73.0 2064s

 425948 354199  670.67639  174   95  719.96000  328.33757  54.4%  73.0 2071s

 427378 354531  697.01142  100  130  719.96000  328.36685  54.4%  73.0 2077s

 427819 355496  487.28622   57  113  719.96000  328.36685  54.4%  73.0 2085s

 428962 356534  543.73357   65  125  719.96000  328.36685  54.4%  73.0 2093s

 430135 356543  451.84051   55  120  719.96000  328.36685  54.4%  73.1 2118s

 430150 356555  456.05637   56  127  719.96000  328.36685  54.4%  73.1 2128s

 430162 356564  456.46531   57  117  719.96000  328.36685  54.4%  73.1 2139s

H430169 356439                     719.2700000  328.36685  54.3%  73.1 2139s

 430177 356784  460.38986   58  145  719.27000  328.36685  54.3%  73.1 2144s

 430633 357872  354.82768   33  157  719.27000  328.44494  54.3%  73.1 2154s

 431864 358451  615.93308  113  150  719.27000  328.44494  54.3%  73.1 2161s

 432479 359883  407.70506   54  173  719.27000  328.44494  54.3%  73.2 2172s

 434138 361041  477.90471   85  158  719.27000  328.49823  54.3%  73.2 2181s

 435523 362369  395.85089   50  190  719.27000  328.51053  54.3%  73.2 2190s

 437086 363749  440.96030   60  155  719.27000  328.56588  54.3%  73.2 2201s

 438642 364468  425.24885   47  150  719.27000  328.57724  54.3%  73.2 2207s

 439439 365633  638.27321  110  124  719.27000  328.57724  54.3%  73.2 2217s

 440862 366899  378.87442   54  161  719.27000  328.63307  54.3%  73.2 2227s

 442331 367880  428.36045   40  121  719.27000  328.63307  54.3%  73.2 2235s

 443602 368251  437.29064   39  144  719.27000  328.63307  54.3%  73.2 2240s

 444022 369445  559.81737   62  126  719.27000  328.63307  54.3%  73.3 2249s

 445474 370627  515.50995   60  157  719.27000  328.72837  54.3%  73.3 2258s

 446926 371649  536.65956   83  159  719.27000  328.76063  54.3%  73.3 2267s

 448300 372146  574.72545   53  114  719.27000  328.76153  54.3%  73.3 2273s

 448964 373215  631.60116   68  153  719.27000  328.77442  54.3%  73.3 2283s

 450248 373878  607.52076  122   95  719.27000  328.82031  54.3%  73.3 2289s

 451012 374958  472.64599   77  204  719.27000  328.82031  54.3%  73.4 2298s

 452330 375691  389.99447   78  122  719.27000  328.83715  54.3%  73.4 2304s

 453112 376800  355.18225   23  165  719.27000  328.83715  54.3%  73.4 2314s

 454413 377236  625.97827  130  130  719.27000  328.83715  54.3%  73.4 2319s

 454883 378547  482.50118   48  172  719.27000  328.85987  54.3%  73.5 2329s

 456395 379905  391.50352   62  122  719.27000  328.88543  54.3%  73.5 2338s

 457970 381076  398.62837   37  159  719.27000  328.94589  54.3%  73.4 2348s

 459288 382302  400.25281   39  187  719.27000  328.94837  54.3%  73.5 2357s

 460722 382915  580.64837  123  137  719.27000  328.94837  54.3%  73.5 2365s

 461400 384372  659.56102  180  124  719.27000  328.94837  54.3%  73.5 2375s

 463065 385111  342.54442   26  165  719.27000  329.00497  54.3%  73.5 2384s

 463988 386263  353.93522   40  205  719.27000  329.00807  54.3%  73.5 2394s

 465290 387122  555.42607  144  141  719.27000  329.01770  54.3%  73.5 2403s

 466403 387782  393.77813   50  188  719.27000  329.03796  54.3%  73.6 2410s

 467211 389191  338.79512   27  151  719.27000  329.05295  54.3%  73.6 2423s

 468948 390533  409.53536   39  154  719.27000  329.07803  54.2%  73.6 2432s

 470469 391573  395.25043   36  220  719.27000  329.07803  54.2%  73.6 2441s

 471698 392053  646.13737  117  137  719.27000  329.08062  54.2%  73.6 2449s

 472436 393174  416.68570   69  147  719.27000  329.12043  54.2%  73.6 2459s

 473663 394326  458.87697   75  172  719.27000  329.12598  54.2%  73.6 2468s

 475003 395398  362.74738   40  145  719.27000  329.13459  54.2%  73.6 2479s

 476417 396012  707.25933   82   92  719.27000  329.16162  54.2%  73.7 2487s

 477179 397105  354.25319   44  189  719.27000  329.16932  54.2%  73.7 2501s

 478384 398376  398.42085   52  189  719.27000  329.17635  54.2%  73.7 2511s

 479821 398751  409.53505   51  169  719.27000  329.17635  54.2%  73.7 2525s

 480289 398981  411.49278   52  156  719.27000  329.18909  54.2%  73.7 2534s

 480537 400074  549.54780   81  140  719.27000  329.18909  54.2%  73.8 2548s

 481840 400894  375.01174   59  105  719.27000  329.20371  54.2%  73.8 2559s

 482892 402185  490.92051   58  144  719.27000  329.25237  54.2%  73.8 2573s

 484450 403363  340.46499   36  142  719.27000  329.26946  54.2%  73.8 2584s

 484901 403363  372.68729   49  128  719.27000  329.27284  54.2%  73.8 2585s

 485897 403959  613.74938   89  106  719.27000  329.27522  54.2%  73.9 2594s

 486730 405545  366.91534   31  180  719.27000  329.27522  54.2%  73.9 2608s

 488594 406955  444.69138   57  179  719.27000  329.30990  54.2%  73.9 2619s

 490235 407855  378.79526   49  196  719.27000  329.34491  54.2%  73.9 2630s

 491293 409319  668.76349  107  100  719.27000  329.34491  54.2%  74.0 2642s

 493025 410191  415.46502   64   94  719.27000  329.35839  54.2%  74.0 2653s

 494136 411315  643.65394   96   60  719.27000  329.38717  54.2%  74.0 2666s

 495610 412070  355.12947   35  147  719.27000  329.38832  54.2%  74.0 2675s

 496469 413819  482.26210  102  149  719.27000  329.40791  54.2%  74.1 2693s

 498545 415311  511.37265   96  140  719.27000  329.43031  54.2%  74.1 2704s

 500289 415978  518.32609   41  148  719.27000  329.45729  54.2%  74.1 2712s

 501160 416407  450.20708   33  178  719.27000  329.46290  54.2%  74.2 2719s

 501718 417478  490.32048   46  136  719.27000  329.46290  54.2%  74.2 2729s

 502458 417478  507.96268   47  133  719.27000  329.47890  54.2%  74.2 2730s

 503091 418568  538.16950   81  163  719.27000  329.47890  54.2%  74.2 2739s

 504455 419151  642.67755  117  129  719.27000  329.51431  54.2%  74.3 2748s

 505142 420360  450.63963   61  150  719.27000  329.51431  54.2%  74.3 2759s

 506610 421382  388.69148   44  180  719.27000  329.52910  54.2%  74.3 2770s

 507925 421917  634.65531   83   83  719.27000  329.52910  54.2%  74.4 2777s

 508547 423300  406.43625   73  144  719.27000  329.52910  54.2%  74.4 2790s

 510156 424635  387.09036   52  177  719.27000  329.58608  54.2%  74.4 2800s

 511669 425543  502.90705   73  141  719.27000  329.58608  54.2%  74.4 2813s

 512751 426515  503.74506   57  118  719.27000  329.61766  54.2%  74.4 2824s

 514044 427188  362.02142   30  157  719.27000  329.64093  54.2%  74.5 2834s

 514808 427433  665.22608   86  162  719.27000  329.64093  54.2%  74.5 2854s

 515095 429028  670.66298   87  157  719.27000  329.64797  54.2%  74.5 2878s

 516911 430271  671.21759   88  142  719.27000  329.64797  54.2%  74.5 2895s

 518333 432519  528.21322   98  153  719.27000  329.64894  54.2%  74.5 2917s

 520936 432530  420.15732   62  161  719.27000  329.70000  54.2%  74.5 2959s

 520949 432539  420.51539   63  159  719.27000  329.70000  54.2%  74.5 2973s

H520961 417916                     691.2000000  329.70000  52.3%  74.5 2973s

 520964 419021  421.44070   64  158  691.20000  329.70000  52.3%  74.5 2986s

 522308 420307  599.35498   79  121  691.20000  329.71061  52.3%  74.6 3005s

 523833 421260  624.59421  125  134  691.20000  329.74058  52.3%  74.6 3019s

 525045 422696  381.35054   36  187  691.20000  329.76817  52.3%  74.6 3033s

 526772 424086  455.32059   50  129  691.20000  329.78359  52.3%  74.7 3045s

 528412 424944  556.63556   84  165  691.20000  329.81259  52.3%  74.7 3056s

 529408 426408  621.14275  122  112  691.20000  329.81259  52.3%  74.8 3072s

 531183 427948  415.83109   40  136  691.20000  329.84198  52.3%  74.8 3085s

 533082 429127     cutoff  127       691.20000  329.86953  52.3%  74.8 3099s

 534471 429660  533.11275  102   89  691.20000  329.88049  52.3%  74.8 3107s

 535169 431070  360.45751   32  192  691.20000  329.88049  52.3%  74.8 3121s

 536790 432218  385.62268   45  176  691.20000  329.89315  52.3%  74.8 3131s

 538159 433337  390.97349   53  200  691.20000  329.91102  52.3%  74.8 3142s

 539475 434107  358.93344   26  178  691.20000  329.91102  52.3%  74.9 3151s

 540432 435430  426.80668   59  132  691.20000  329.91102  52.3%  74.9 3165s

 542056 436247  370.24051   40  225  691.20000  329.95208  52.3%  74.9 3175s

 543158 436821  616.76763  119  129  691.20000  329.95208  52.3%  74.9 3183s

 543879 437865  456.13379   96  117  691.20000  329.95208  52.3%  75.0 3195s

 545146 438935 infeasible   48       691.20000  329.98712  52.3%  75.0 3204s

 546460 439473  672.17721  132  121  691.20000  329.99366  52.3%  75.1 3213s

 547205 440632  452.61889   55  124  691.20000  329.99571  52.3%  75.1 3226s

 548568 441751  491.72128   77  118  691.20000  330.03065  52.3%  75.1 3237s

 549900 442353  461.78260   36  132  691.20000  330.03065  52.3%  75.1 3246s

 550711 443287  375.71609   50  187  691.20000  330.03065  52.3%  75.2 3258s

 552047 443894  346.19050   29  108  691.20000  330.08435  52.2%  75.2 3270s

 552829 445910  419.09011   42  157  691.20000  330.08435  52.2%  75.3 3291s

 555181 446357  388.91872   53  114  691.20000  330.12081  52.2%  75.3 3299s

 555761 447730  568.18754   92  172  691.20000  330.12081  52.2%  75.3 3312s

 557378 449117  576.43346  132  138  691.20000  330.12081  52.2%  75.3 3324s

 559057 450353  624.67354  128  102  691.20000  330.19765  52.2%  75.3 3338s

 560512 450995  380.55454   45  202  691.20000  330.21696  52.2%  75.3 3346s

 561243 451829  471.10849   87  191  691.20000  330.21696  52.2%  75.4 3360s

 562247 452965  349.84402   50  238  691.20000  330.21696  52.2%  75.4 3374s

 563608 453064  409.09863   43  130  691.20000  330.25192  52.2%  75.4 3391s

 563739 453337  367.17038   57  188  691.20000  330.25192  52.2%  75.4 3402s

H563933 449441                     686.2200000  330.25192  51.9%  75.4 3402s

 564048 450299  645.72691  133  109  686.22000  330.25192  51.9%  75.4 3414s

 565113 450899  608.40967  106   97  686.22000  330.28622  51.9%  75.4 3435s

 565798 451615  429.53477   48  141  686.22000  330.28695  51.9%  75.4 3447s

 566687 453084  458.93825   55  191  686.22000  330.28777  51.9%  75.5 3461s

 568342 454336  349.75569   40  173  686.22000  330.30708  51.9%  75.5 3473s

 569843 455582  510.32875   65  139  686.22000  330.34768  51.9%  75.5 3488s

 571245 456130  450.71928   66  157  686.22000  330.34768  51.9%  75.5 3496s

 571859 457657  486.62992   77  129  686.22000  330.35696  51.9%  75.5 3513s

 573831 458779  461.43730   54   95  686.22000  330.39931  51.9%  75.5 3523s

 575256 459676  493.94970   38  135  686.22000  330.39931  51.9%  75.5 3535s

 576362 460311  662.63216  120   94  686.22000  330.39931  51.9%  75.5 3543s

 577118 461189  557.92857   40  126  686.22000  330.42048  51.8%  75.6 3554s

 578214 462371  427.70773   62  145  686.22000  330.46317  51.8%  75.6 3569s

 579687 463476  381.02965   39  211  686.22000  330.48205  51.8%  75.6 3579s

 580913 463476 infeasible  112       686.22000  330.48917  51.8%  75.6 3580s

 581083 464132  494.21340   67  130  686.22000  330.48917  51.8%  75.6 3589s

 581878 465350  361.86489   43  216  686.22000  330.48917  51.8%  75.6 3602s

 583192 466504  570.78132  119  163  686.22000  330.48917  51.8%  75.6 3614s

 584527 466504  655.50907  183  118  686.22000  330.48917  51.8%  75.6 3615s

 584587 467001  437.65507   62  169  686.22000  330.48917  51.8%  75.6 3623s

 585197 468128  368.93820   37  215  686.22000  330.52457  51.8%  75.7 3638s

 586543 469333  422.83796   60  185  686.22000  330.57100  51.8%  75.7 3649s

 587895 470655  623.00286  174  110  686.22000  330.57178  51.8%  75.7 3665s

 589363 471524  632.87847  158  126  686.22000  330.57178  51.8%  75.7 3675s

 590395 472218  634.36524   96  139  686.22000  330.57178  51.8%  75.7 3684s

 591264 472517  351.62834   37  235  686.22000  330.57178  51.8%  75.7 3701s

 591599 472949  664.34842  159  100  686.22000  330.57178  51.8%  75.7 3714s

 592084 473397  473.84198   58  102  686.22000  330.60936  51.8%  75.7 3728s

 592638 474571  438.28781   56  192  686.22000  330.60936  51.8%  75.7 3744s

 593200 474571  582.30537   54  166  686.22000  330.60936  51.8%  75.7 3745s

 593980 475264  571.32471   99  142  686.22000  330.62841  51.8%  75.8 3757s

 594818 476438  401.09612   66  196  686.22000  330.62841  51.8%  75.8 3772s

 596343 477722  461.08041   45   83  686.22000  330.67383  51.8%  75.9 3791s

 598102 479141  385.98236   34  159  686.22000  330.69464  51.8%  75.9 3808s

 599820 479963  391.01407   38  151  686.22000  330.70470  51.8%  76.0 3821s

 600960 481183  660.00725   86   64  686.22000  330.70846  51.8%  76.0 3836s

 602445 482220  495.01643  100  127  686.22000  330.74164  51.8%  76.1 3851s

 603672 483679  471.20502   52  169  686.22000  330.74336  51.8%  76.1 3867s

 605442 484943  608.76021  142  110  686.22000  330.75530  51.8%  76.1 3881s

 607045 486136  361.04562   35  180  686.22000  330.78500  51.8%  76.1 3897s

 608351 486562  356.97606   28  193  686.22000  330.79306  51.8%  76.1 3906s

 608859 487047  418.30925   48  125  686.22000  330.79306  51.8%  76.2 3923s

H609289 486722                     685.8200000  330.79306  51.8%  76.1 3923s

H609404 485469                     684.3200000  330.79306  51.7%  76.2 3923s

 609434 487431  418.50801   49  144  684.32000  330.79306  51.7%  76.2 3945s

 611780 488190  560.32027  112  110  684.32000  330.81699  51.7%  76.1 3959s

 612646 489272  439.73208   32  221  684.32000  330.81699  51.7%  76.1 3972s

 614083 490544  377.22306   35  149  684.32000  330.84424  51.7%  76.2 3989s

 615691 491312  467.95894   85  150  684.32000  330.84442  51.7%  76.2 3998s

 616599 492390  392.69237   61  210  684.32000  330.87166  51.6%  76.2 4012s

 617925 493481  448.30161   52  135  684.32000  330.88090  51.6%  76.3 4025s

 619335 494182  452.00473   56  126  684.32000  330.88727  51.6%  76.4 4036s

 620220 495311  588.66103   64  114  684.32000  330.89115  51.6%  76.4 4050s

 621536 496052  520.87376   97  171  684.32000  330.89115  51.6%  76.4 4062s

 622445 497291  374.48796   35  156  684.32000  330.89115  51.6%  76.5 4076s

 623882 498497  540.74120   70  145  684.32000  330.95307  51.6%  76.5 4089s

 624143 498497  651.26384   81  147  684.32000  330.95307  51.6%  76.5 4090s

 625342 498885  500.50114   72  137  684.32000  330.96818  51.6%  76.5 4100s

 625868 501625  357.90705   53  138  684.32000  330.96857  51.6%  76.5 4132s

 629129 502378 infeasible  184       684.32000  331.01500  51.6%  76.6 4142s

 630050 503065  368.55961   38  143  684.32000  331.01617  51.6%  76.6 4161s

 630906 503823  416.49331   47  114  684.32000  331.01617  51.6%  76.6 4175s

 631874 504741  391.63178   50  188  684.32000  331.03374  51.6%  76.7 4189s

 632961 506012  408.33330   47   71  684.32000  331.03374  51.6%  76.7 4203s

 634569 507231  445.33881   48  169  684.32000  331.09420  51.6%  76.7 4218s

 635982 507845  415.81141   53  184  684.32000  331.12725  51.6%  76.7 4229s

 636676 509293  487.68746   80  141  684.32000  331.12746  51.6%  76.7 4246s

 638473 510612  463.91454   60  142  684.32000  331.15847  51.6%  76.7 4259s

 640064 511830  391.26426   40  115  684.32000  331.18465  51.6%  76.8 4275s

 641494 512910  375.46780   44  245  684.32000  331.19936  51.6%  76.8 4287s

 642756 512921  604.49311  108  133  684.32000  331.21133  51.6%  76.8 4319s

 642769 512934  607.19611  109  130  684.32000  331.21133  51.6%  76.8 4333s

 642790 513044  610.11556  110  119  684.32000  331.21133  51.6%  76.8 4352s

H642794 507896                     678.6500000  331.21133  51.2%  76.8 4352s

 642914 508614  610.24649  111  128  678.65000  331.21133  51.2%  76.8 4362s

 643699 509469  478.73691   91  120  678.65000  331.21133  51.2%  76.8 4376s

 644800 509481  425.16102   56  121  678.65000  331.25094  51.2%  76.9 4395s

 644812 509532  410.60057   57  138  678.65000  331.25094  51.2%  76.9 4408s

 644883 509847  432.96200   57  157  678.65000  331.25227  51.2%  76.9 4422s

 645274 510842  427.58444   63  147  678.65000  331.25418  51.2%  76.9 4441s

 646539 512841  464.14109   71   57  678.65000  331.26852  51.2%  77.0 4465s

 649041 513426  567.03416   79  128  678.65000  331.27928  51.2%  77.0 4478s

 649762 514908  498.60156   62  167  678.65000  331.27928  51.2%  77.0 4497s

 651512 516108     cutoff   91       678.65000  331.32335  51.2%  77.1 4513s

 652961 517636  344.49479   44  182  678.65000  331.35266  51.2%  77.1 4533s

 654857 518464  521.66840   82  158  678.65000  331.38079  51.2%  77.1 4547s

 655864 519688  402.66833   56  185  678.65000  331.38079  51.2%  77.1 4564s

 657439 521229  566.27327   91  133  678.65000  331.43257  51.2%  77.1 4581s

 659207 521725  560.35441  111  157  678.65000  331.45741  51.2%  77.1 4591s

 659811 523332  404.08910   34  168  678.65000  331.45851  51.2%  77.1 4608s

 661700 524972  450.09948   70  202  678.65000  331.49094  51.2%  77.1 4625s

 663603 525930  515.67397   88  138  678.65000  331.50365  51.2%  77.1 4635s

 664691 526592  667.84346  210  132  678.65000  331.50502  51.2%  77.1 4643s

 665588 527079  422.54563   63  133  678.65000  331.50502  51.2%  77.1 4651s

 666203 528183  379.07845   34  202  678.65000  331.50858  51.2%  77.2 4664s

 667548 529256  377.57969   23  154  678.65000  331.54644  51.1%  77.1 4674s

 668782 529329  360.94518   35  250  678.65000  331.56100  51.1%  77.1 4689s

 668895 529394  361.81361   36  215  678.65000  331.56100  51.1%  77.1 4697s

 668960 529578  370.06234   37  205  678.65000  331.56100  51.1%  77.1 4706s

 669177 529922  378.51436   38  172  678.65000  331.56100  51.1%  77.1 4715s

 669638 530352  378.88990   39  178  678.65000  331.56970  51.1%  77.2 4725s

 670110 531235  380.95953   40  164  678.65000  331.56970  51.1%  77.2 4738s

 671205 532098  383.75748   41  144  678.65000  331.57830  51.1%  77.2 4750s

 672265 532552  384.58357   42  145  678.65000  331.58490  51.1%  77.2 4761s

 672844 533846  386.10948   43  150  678.65000  331.58490  51.1%  77.2 4778s

 674325 535035  648.70604  112  104  678.65000  331.59806  51.1%  77.2 4794s

 675779 536333  391.07282   47  160  678.65000  331.59806  51.1%  77.2 4807s

 677368 536984  353.70473   41  160  678.65000  331.67220  51.1%  77.2 4818s

 678154 538195  363.29086   36  233  678.65000  331.67723  51.1%  77.3 4832s

 679550 539538  356.40805   47  160  678.65000  331.68860  51.1%  77.3 4846s

 681100 540437 infeasible  128       678.65000  331.69234  51.1%  77.3 4858s

 682231 540953  510.50265   79  110  678.65000  331.69234  51.1%  77.3 4868s

 682951 541389  456.75322   42  144  678.65000  331.69234  51.1%  77.3 4877s

 683511 542438  386.96947   41  178  678.65000  331.69234  51.1%  77.4 4892s

 684848 543515  468.03453   53  177  678.65000  331.75449  51.1%  77.4 4904s

 685762 543515  546.09204   74  123  678.65000  331.75449  51.1%  77.4 4905s

 686127 544260     cutoff  101       678.65000  331.75449  51.1%  77.4 4916s

 687036 545489  457.09175   84  139  678.65000  331.77513  51.1%  77.4 4932s

 688444 546840  356.05566   22  156  678.65000  331.78027  51.1%  77.4 4946s

 690129 547908  453.07428   57  153  678.65000  331.79013  51.1%  77.4 4961s

 691490 548508  387.73877   51  118  678.65000  331.80961  51.1%  77.5 4971s

 692242 548884  566.61161   79  122  678.65000  331.81035  51.1%  77.5 4981s

 692791 550009  442.02592   53  178  678.65000  331.81035  51.1%  77.5 4997s

 694248 551104  383.39687   28  160  678.65000  331.84160  51.1%  77.6 5012s

 695498 552465  386.38913   57  152  678.65000  331.84160  51.1%  77.6 5025s

 697096 553148  363.90276   39  131  678.65000  331.84160  51.1%  77.6 5038s

 697966 553916  665.31614  112  100  678.65000  331.84160  51.1%  77.6 5059s

H698129 553916                     678.6499482  331.84160  51.1%  77.6 5059s

 698821 555733  398.87561   48  112  678.64995  331.84160  51.1%  77.6 5079s

 700976 555816  533.67233   92   98  678.64995  331.91211  51.1%  77.6 5099s

H701068 555816                     678.6499311  331.91211  51.1%  77.6 5099s

 701071 556450  570.35676   91   91  678.64993  331.91211  51.1%  77.6 5112s

 701927 557702  423.76564   65  154  678.64993  331.92650  51.1%  77.6 5128s

 703356 557835  386.23626   38  244  678.64993  331.92650  51.1%  77.7 5148s

 703539 557919  436.30122   58  166  678.64993  331.92650  51.1%  77.7 5169s

 703635 558110  436.69323   59  169  678.64993  331.92650  51.1%  77.7 5184s

 703874 558502  490.50566   66  149  678.64993  331.92650  51.1%  77.7 5199s

 704406 559897  358.14017   39  217  678.64993  331.94090  51.1%  77.7 5219s

 706026 560905 infeasible   60       678.64993  331.97048  51.1%  77.7 5235s

 707177 562160  351.65117   41  206  678.64993  331.97136  51.1%  77.8 5254s

 708663 563718  372.72416   43  244  678.64993  332.00164  51.1%  77.8 5274s

 710452 564394  444.07071   92  112  678.64993  332.00910  51.1%  77.8 5288s

 711281 565429  438.10582   50  157  678.64993  332.02387  51.1%  77.9 5306s

 712744 566242  489.11139   72  170  678.64993  332.04729  51.1%  77.9 5319s

 713669 567663  459.10980   96  182  678.64993  332.04729  51.1%  78.0 5339s

 715404 568973  411.41120   80  172  678.64993  332.07936  51.1%  78.0 5353s

 716869 569848  408.94070   63  187  678.64993  332.07936  51.1%  78.0 5369s

 717969 569860  459.73802   49  138  678.64993  332.11854  51.1%  78.0 5405s

 717981 569872  461.71566   50  126  678.64993  332.11854  51.1%  78.0 5418s

H717993 567734                     676.4600000  332.11854  50.9%  78.0 5435s

H718003 565583                     674.2400000  332.11854  50.7%  78.0 5435s

H718004 562013                     670.8200000  332.11854  50.5%  78.0 5435s

 718005 562825  468.54111   52  133  670.82000  332.11854  50.5%  78.0 5450s

 719108 563458  567.78364   65   67  670.82000  332.12512  50.5%  78.1 5469s

H719423 563440                     670.8100000  332.12512  50.5%  78.1 5469s

 719969 564816  380.25518   57  171  670.81000  332.12512  50.5%  78.1 5490s

 721637 566181  375.90539   42  280  670.81000  332.17504  50.5%  78.2 5512s

 723247 566920  395.00516   42  198  670.81000  332.19013  50.5%  78.2 5526s

 724134 568129  539.94141  116  131  670.81000  332.19013  50.5%  78.3 5546s

 725632 569587  411.67036   51  141  670.81000  332.21785  50.5%  78.3 5567s

 727413 570099  357.84094   33  142  670.81000  332.24250  50.5%  78.3 5578s

 728031 571686  506.76064   64  215  670.81000  332.24250  50.5%  78.3 5600s

 729961 572845  388.36810   34  150  670.81000  332.26962  50.5%  78.4 5619s

 731388 573842  345.32118   36  151  670.81000  332.29568  50.5%  78.4 5633s

 732745 574730  384.37359   48  171  670.81000  332.30559  50.5%  78.4 5651s

 733858 576030  378.18196   33  209  670.81000  332.31355  50.5%  78.5 5674s

 735383 576787  391.40008   54  193  670.81000  332.32149  50.5%  78.5 5687s

 736294 577519  478.24846  115  172  670.81000  332.32298  50.5%  78.5 5713s

 737212 578746     cutoff  179       670.81000  332.34944  50.5%  78.5 5736s

 738809 579448  620.50286  116  131  670.81000  332.36352  50.5%  78.5 5751s

 739636 581087  434.90851   49  126  670.81000  332.36352  50.5%  78.6 5776s

 741638 581665  386.07288   29  198  670.81000  332.39688  50.4%  78.6 5789s

 742361 583123  373.86488   43  153  670.81000  332.39688  50.4%  78.6 5812s

 744175 584493  535.93114   86  163  670.81000  332.39688  50.4%  78.6 5832s

 745740 585665  576.34417  137  117  670.81000  332.44003  50.4%  78.7 5850s

 747171 586918  335.26683   26  218  670.81000  332.45672  50.4%  78.7 5869s

 748640 587650  535.92562   90  142  670.81000  332.45672  50.4%  78.7 5882s

 749526 589147  383.22477   75  136  670.81000  332.45672  50.4%  78.7 5905s

 751217 590626  385.09436   35  142  670.81000  332.49720  50.4%  78.8 5922s

 752901 591464  645.50312  135  137  670.81000  332.49720  50.4%  78.8 5938s

 753879 592442  477.93786   80  160  670.81000  332.52115  50.4%  78.8 5954s

 755112 593511  543.81160   53  117  670.81000  332.52115  50.4%  78.8 5972s

 756476 593736  563.92588   88  143  670.81000  332.55558  50.4%  78.8 5993s

 756738 594382  650.79317   98  182  670.81000  332.55558  50.4%  78.8 6011s

 757553 594935  370.48486   47  170  670.81000  332.56080  50.4%  78.8 6028s

 758255 596341 infeasible  130       670.81000  332.56295  50.4%  78.9 6051s

 759948 596909  390.58426   80  142  670.81000  332.61209  50.4%  78.9 6064s

 760663 598118  536.98389  126  161  670.81000  332.61402  50.4%  78.9 6087s

 762120 599596  344.55460   29  175  670.81000  332.64150  50.4%  78.9 6108s

 763835 600958  541.20155  108   89  670.81000  332.64436  50.4%  78.9 6129s

 765473 601702  474.04644   57  152  670.81000  332.64436  50.4%  78.9 6144s

 766422 602802  428.93241   50  153  670.81000  332.64436  50.4%  79.0 6162s

 767763 604044  511.18074   83   95  670.81000  332.70545  50.4%  79.0 6179s

 769344 605103  412.83209   62  162  670.81000  332.72476  50.4%  79.0 6199s

 770640 605738  535.27960   38  174  670.81000  332.72799  50.4%  79.0 6215s

 771405 606932  428.23447   61  193  670.81000  332.74839  50.4%  79.1 6234s

 772793 608074  415.91468   44  231  670.81000  332.75057  50.4%  79.1 6251s

 774122 608519  385.57475   52  215  670.81000  332.75656  50.4%  79.1 6261s

 774651 609728  506.20914   92  146  670.81000  332.77059  50.4%  79.1 6282s

 776109 610882 infeasible  107       670.81000  332.77787  50.4%  79.2 6298s

 777447 612123  414.53884   56  192  670.81000  332.77787  50.4%  79.2 6320s

 778906 613116  465.60619   87  130  670.81000  332.82991  50.4%  79.2 6334s

 780101 613687  649.89098   55   62  670.81000  332.82991  50.4%  79.2 6348s

 780931 614858  413.47411   82  201  670.81000  332.85348  50.4%  79.3 6368s

 782303 615485 infeasible   70       670.81000  332.85488  50.4%  79.3 6380s

 783096 616584  462.41082   92  140  670.81000  332.85488  50.4%  79.3 6398s

 784399 617705  430.56555   51  165  670.81000  332.87980  50.4%  79.4 6416s

 785681 618466  483.69730   68   86  670.81000  332.89651  50.4%  79.4 6433s

 786703 619530  528.63242   55   63  670.81000  332.89651  50.4%  79.4 6451s

 788033 619975  606.80228   64  166  670.81000  332.92494  50.4%  79.5 6464s

 788656 621320  453.05919   43  205  670.81000  332.92494  50.4%  79.5 6485s

 790194 622642  547.21502  126  141  670.81000  332.98038  50.4%  79.5 6503s

 791748 623747  589.00534   92  185  670.81000  333.00373  50.4%  79.5 6525s

 793188 624396  401.95107   27  176  670.81000  333.00373  50.4%  79.5 6537s

 793934 625544  502.89352   59  179  670.81000  333.00373  50.4%  79.5 6555s

 795278 626456  482.01342   60  168  670.81000  333.03724  50.4%  79.5 6570s

 796462 627517  454.97439  100  130  670.81000  333.03724  50.4%  79.6 6589s

 796780 627517  469.56370   51   79  670.81000  333.03724  50.4%  79.6 6590s

 797840 628143  403.60952   53  171  670.81000  333.09425  50.3%  79.6 6601s

 798565 629066  457.26509   54  144  670.81000  333.09817  50.3%  79.6 6620s

 799679 630061  613.64675   92  127  670.81000  333.10425  50.3%  79.6 6640s

 801012 631039  454.48211   49  122  670.81000  333.14981  50.3%  79.7 6654s

 802222 631460  346.93310   47  184  670.81000  333.14981  50.3%  79.7 6667s

 802815 632595  442.19636   58  160  670.81000  333.15344  50.3%  79.7 6688s

 804226 633693  443.96348   55  219  670.81000  333.18090  50.3%  79.8 6709s

 805561 634193  477.62767   52  151  670.81000  333.18090  50.3%  79.8 6724s

 806165 635226  480.15190   38  144  670.81000  333.19768  50.3%  79.8 6743s

 807417 636638  540.31564   63  136  670.81000  333.22249  50.3%  79.8 6762s

 809048 637445 infeasible  111       670.81000  333.23823  50.3%  79.8 6779s

 809991 638507  527.16808   82  157  670.81000  333.23867  50.3%  79.8 6799s

 811251 639407  630.00982  125  150  670.81000  333.25926  50.3%  79.9 6814s

 811752 639407  405.80099   54  177  670.81000  333.25926  50.3%  79.9 6815s

 812398 640430  374.71342   48  242  670.81000  333.26540  50.3%  79.9 6833s

 813670 641504  443.48401   59  210  670.81000  333.28118  50.3%  79.9 6850s

 814918 641977  429.96548   48  145  670.81000  333.31273  50.3%  79.9 6862s

 815487 643060  507.23372   69   99  670.81000  333.31273  50.3%  80.0 6885s

 816923 643681  359.18491   44  237  670.81000  333.33201  50.3%  80.0 6900s

 817866 644778  407.02737   43  187  670.81000  333.34449  50.3%  80.0 6921s

 819270 646150  496.16487   60  144  670.81000  333.36002  50.3%  80.0 6943s

 820830 646770  443.91785   73  174  670.81000  333.38047  50.3%  80.0 6956s

 821568 647954  522.94177  125  185  670.81000  333.38047  50.3%  80.1 6976s

 823003 648825  502.89415  101  130  670.81000  333.40369  50.3%  80.1 6992s

 824040 649686  393.43288   33  173  670.81000  333.40369  50.3%  80.1 7011s

 825154 650716  367.86422   45  185  670.81000  333.44374  50.3%  80.1 7032s

 826454 651359  464.29955   72  153  670.81000  333.44374  50.3%  80.2 7046s

 827224 652513  409.63259   49  154  670.81000  333.44457  50.3%  80.2 7068s

 828777 653501  525.81720   85  101  670.81000  333.49680  50.3%  80.2 7089s

 829978 654056  474.60302   39  184  670.81000  333.50432  50.3%  80.2 7101s

 830643 655210  637.13660   96   87  670.81000  333.50502  50.3%  80.3 7124s

 832024 656678  516.77638   88  110  670.81000  333.50502  50.3%  80.3 7145s

 833812 657555  534.18127   85  106  670.81000  333.54808  50.3%  80.3 7165s

 835011 658219  391.44075   34  114  670.81000  333.57347  50.3%  80.4 7182s

 835921 659553  413.71946   58  110  670.81000  333.58478  50.3%  80.4 7207s

 837526 660686  457.84759   79  166  670.81000  333.60386  50.3%  80.4 7224s

 838789 661996  430.30280   64  159  670.81000  333.60805  50.3%  80.4 7248s

 840350 662694  412.28388   43  125  670.81000  333.64065  50.3%  80.4 7262s

 841213 663762  443.04347   47  108  670.81000  333.64065  50.3%  80.4 7282s

 842522 664873  450.02673   53  129  670.81000  333.65913  50.3%  80.5 7302s

 843905 665336  340.26260   35  169  670.81000  333.66006  50.3%  80.5 7314s

 844415 666526  436.74242   65  159  670.81000  333.66006  50.3%  80.5 7340s

 845875 667668  501.57276   88  150  670.81000  333.69002  50.3%  80.5 7360s

 847312 668686  615.32907  103   90  670.81000  333.70312  50.3%  80.5 7383s

 848569 669943  645.58476  133  167  670.81000  333.71098  50.3%  80.6 7409s

 850082 670711  371.22481   53  193  670.81000  333.72482  50.3%  80.6 7423s

 850973 671968  345.60496   43  219  670.81000  333.72593  50.3%  80.6 7441s

 852385 672666  581.34758  153  157  670.81000  333.72593  50.3%  80.6 7461s

 853260 673208  477.99998   56  138  670.81000  333.72593  50.3%  80.6 7477s

 853974 674279  426.87447   52  131  670.81000  333.73255  50.2%  80.6 7499s

 855293 675008  548.70369   97  190  670.81000  333.76898  50.2%  80.7 7517s

 856184 676102  370.80246   41  180  670.81000  333.77388  50.2%  80.7 7537s

 857549 677314  614.51247   72  150  670.81000  333.80624  50.2%  80.7 7563s

 859005 678348  584.42464  132  166  670.81000  333.81754  50.2%  80.7 7581s

 860213 679032  618.51673   84  105  670.81000  333.81754  50.2%  80.7 7599s

 861130 679948  437.62700   51  181  670.81000  333.81754  50.2%  80.8 7624s

 862323 680697  400.36983   62  221  670.81000  333.85682  50.2%  80.8 7643s

 863204 681982  426.92702   47  162  670.81000  333.85682  50.2%  80.8 7669s

 864740 683301  368.18384   48  120  670.81000  333.87810  50.2%  80.8 7690s

 866378 684212  456.96489   52  120  670.81000  333.87870  50.2%  80.8 7716s

 867487 685040  366.61193   54  266  670.81000  333.89144  50.2%  80.8 7734s

 868439 686228  484.71843   99  182  670.81000  333.89144  50.2%  80.9 7763s

 870042 687550  395.59167   40  181  670.81000  333.92892  50.2%  80.9 7790s

 871605 688747  406.78491   44  111  670.81000  333.93748  50.2%  80.9 7812s

 873030 689503  440.87221   84  136  670.81000  333.94279  50.2%  80.9 7832s

 873904 690753  367.70105   40  165  670.81000  333.94279  50.2%  80.9 7852s

 875348 691738  449.03673   51  130  670.81000  333.98232  50.2%  80.9 7879s

 876486 692820  438.52315   65  131  670.81000  334.00215  50.2%  80.9 7907s

 877850 693269  552.23333   82  129  670.81000  334.01630  50.2%  81.0 7921s

 878377 694257  468.78489   58  106  670.81000  334.01630  50.2%  81.0 7945s

 879657 695461  414.23608   69  168  670.81000  334.01630  50.2%  81.0 7969s

 881115 696577  398.11489   58  117  670.81000  334.07582  50.2%  81.0 7996s

 882450 697270  592.10993   72   91  670.81000  334.07582  50.2%  81.0 8014s

 883379 698350  541.21650   89  130  670.81000  334.07582  50.2%  81.1 8039s

 884134 698350  499.38056   51  148  670.81000  334.07582  50.2%  81.1 8040s

 884636 699338  499.15975   78  138  670.81000  334.07582  50.2%  81.1 8065s

 885891 699986  411.50846   58  198  670.81000  334.13157  50.2%  81.1 8082s

 886699 701390  365.01971   45  143  670.81000  334.13157  50.2%  81.1 8115s

 888337 702053  650.21475  201  121  670.81000  334.14177  50.2%  81.2 8132s

 889172 703346  386.32581   46  149  670.81000  334.16771  50.2%  81.2 8163s

 890811 704661  507.08787   85  128  670.81000  334.19390  50.2%  81.2 8188s

 892467 705309  598.69608  108  121  670.81000  334.21136  50.2%  81.2 8209s

 893264 706301  399.60919   50  168  670.81000  334.21433  50.2%  81.2 8236s

 894459 707291  414.67942   26  201  670.81000  334.23657  50.2%  81.2 8256s

 895648 707946  649.82411  130  151  670.81000  334.23657  50.2%  81.2 8276s

 896497 708618  594.04978   88  123  670.81000  334.23657  50.2%  81.3 8298s

 897377 709825  505.66494   57  161  670.81000  334.25774  50.2%  81.3 8327s

 898869 710990  360.62443   34  163  670.81000  334.27558  50.2%  81.3 8351s

 900328 711970  623.70605  139  146  670.81000  334.27558  50.2%  81.3 8377s

 901541 712713  353.60059   43  197  670.81000  334.31618  50.2%  81.4 8399s

 902498 713779  367.50324   26  167  670.81000  334.31618  50.2%  81.4 8430s

 903860 714402  341.22770   34  274  670.81000  334.34533  50.2%  81.4 8444s

 904577 715588  471.26121   76  233  670.81000  334.34533  50.2%  81.4 8476s

 906032 716708  448.56175   63  121  670.81000  334.37588  50.2%  81.4 8499s

 906911 716708 infeasible   50       670.81000  334.37588  50.2%  81.4 8500s

 907537 717751  461.35245   45  169  670.81000  334.37588  50.2%  81.4 8527s

 909014 718143  649.26484   62  110  670.81000  334.38640  50.2%  81.4 8543s

 909603 719323  584.62085   55  113  670.81000  334.38640  50.2%  81.4 8573s

 911089 720573  538.39773   91  157  670.81000  334.41821  50.1%  81.4 8597s

 912556 721383  541.63441   80  123  670.81000  334.43516  50.1%  81.4 8622s

 913618 722552  421.45306   57  111  670.81000  334.43516  50.1%  81.4 8644s

 914943 723133  368.13923   41  161  670.81000  334.43724  50.1%  81.5 8663s

 915655 724175  464.58796   57   80  670.81000  334.43724  50.1%  81.5 8691s

 916967 724635  411.44919   57  132  670.81000  334.47356  50.1%  81.5 8708s

 917680 725545  472.05816   57  190  670.81000  334.47356  50.1%  81.5 8732s

 918882 726671  557.43576   67  134  670.81000  334.49840  50.1%  81.5 8762s

 920278 727372  422.26679   50  111  670.81000  334.50891  50.1%  81.6 8784s

 921189 728390  441.17872   29  138  670.81000  334.53679  50.1%  81.6 8817s

 922486 729234  378.49584   40  146  670.81000  334.55696  50.1%  81.6 8843s

 923665 730771  594.81728  128  123  670.81000  334.55696  50.1%  81.6 8882s

 925414 731803     cutoff  149       670.81000  334.56554  50.1%  81.7 8904s

 926612 733125  361.23816   58  183  670.81000  334.58027  50.1%  81.6 8939s

 928204 734218  430.84725   68  207  670.81000  334.60752  50.1%  81.7 8966s

 929521 734795  487.48257   50   98  670.81000  334.62137  50.1%  81.7 8988s

 930303 736329  420.67349   54  121  670.81000  334.62137  50.1%  81.7 9024s

 932157 737159  388.03227   53  139  670.81000  334.64641  50.1%  81.7 9048s

 933124 738290  429.23002   51  179  670.81000  334.64641  50.1%  81.7 9081s

 934401 739096 infeasible   48       670.81000  334.64641  50.1%  81.7 9107s

 935421 740293  341.35816   42  233  670.81000  334.67551  50.1%  81.7 9151s

 937021 741051  433.19283   46  137  670.81000  334.69163  50.1%  81.8 9172s

 937938 742432  402.32128   39  156  670.81000  334.71211  50.1%  81.8 9206s

 939514 743315  438.78738   55  174  670.81000  334.72772  50.1%  81.8 9229s

 939950 743315  485.91720   52  204  670.81000  334.72772  50.1%  81.8 9230s

 940621 744305  493.40313   38  134  670.81000  334.74610  50.1%  81.8 9260s

 941920 745138  495.00776   93  152  670.81000  334.74716  50.1%  81.8 9285s

 942986 745765  647.46209   60   90  670.81000  334.74716  50.1%  81.9 9310s

 943833 746276 infeasible   64       670.81000  334.74716  50.1%  81.9 9335s

 944525 747501  504.95018   65  148  670.81000  334.74716  50.1%  81.9 9368s

 946196 748297  568.80184   94   85  670.81000  334.80550  50.1%  82.0 9395s

 947200 749745  385.95788   51  140  670.81000  334.80732  50.1%  82.0 9434s

 949023 750666  445.18758   60  178  670.81000  334.83797  50.1%  82.0 9459s

 949475 750666  585.89529   76  151  670.81000  334.83833  50.1%  82.1 9460s

 950139 752057  353.32825   33  201  670.81000  334.84083  50.1%  82.1 9499s

 951695 753407  370.53297   42  212  670.81000  334.85006  50.1%  82.1 9526s

 953298 753962 infeasible   54       670.81000  334.86282  50.1%  82.1 9548s

 953946 755205  515.23773   87  138  670.81000  334.86282  50.1%  82.1 9583s

 955454 756472  510.22606   71  158  670.81000  334.89758  50.1%  82.1 9618s

 956953 757780  585.01369  116  110  670.81000  334.89758  50.1%  82.2 9647s

 958517 758351  383.21068   46  186  670.81000  334.92780  50.1%  82.2 9672s

 959227 760123  655.02440  123  170  670.81000  334.93050  50.1%  82.2 9726s

 961393 761065  347.27226   48  160  670.81000  334.97029  50.1%  82.2 9752s

 962558 761756  412.40702   55  220  670.81000  334.97451  50.1%  82.2 9777s

 963402 762884  522.06776   54  122  670.81000  334.98629  50.1%  82.3 9812s

 964842 764262  345.25613   25  240  670.81000  334.98629  50.1%  82.3 9842s

 966504 765330  385.43773   49  157  670.81000  334.98629  50.1%  82.3 9878s

 967824 766123  344.62401   25  112  670.81000  335.03108  50.1%  82.3 9908s

 968833 767061  479.41823   58  219  670.81000  335.03224  50.1%  82.3 9938s

 970039 767625  602.41021   65  135  670.81000  335.03224  50.1%  82.4 9967s

 970761 768557  454.81700   36  127  670.81000  335.05999  50.1%  82.4 9998s

 972014 769308 infeasible   59       670.81000  335.09367  50.0%  82.4 10029s

 972686 769308  523.60277   60  138  670.81000  335.09367  50.0%  82.5 10030s

 972967 770112  550.04863   67  217  670.81000  335.09367  50.0%  82.5 10057s

 973928 771272  507.74329   69  185  670.81000  335.10042  50.0%  82.5 10095s

 975284 772732  572.08146   99  167  670.81000  335.14980  50.0%  82.5 10127s

 977039 773529  447.44037   49  176  670.81000  335.15904  50.0%  82.5 10159s

 978001 774214  485.05691   45  180  670.81000  335.16078  50.0%  82.5 10185s

 978792 775984  571.25980   77  140  670.81000  335.16078  50.0%  82.5 10235s

 980860 777000  621.67403  136  147  670.81000  335.19245  50.0%  82.6 10262s

 982153 778340  346.72729   29  121  670.81000  335.21986  50.0%  82.6 10301s

 983859 779112  535.30529   74  164  670.81000  335.22497  50.0%  82.6 10323s

 984707 780229  466.20637   81  129  670.81000  335.24277  50.0%  82.6 10358s

 986085 781585  359.84009   55  149  670.81000  335.24277  50.0%  82.6 10387s

 987662 782669  388.28192   33  161  670.81000  335.26092  50.0%  82.7 10421s

 988966 783489  444.66226   38  110  670.81000  335.26092  50.0%  82.7 10449s

 989062 783489  615.96133   65  180  670.81000  335.26092  50.0%  82.7 10450s

 989979 784038  404.24885   41  118  670.81000  335.30244  50.0%  82.7 10478s

 990779 784781  425.77108   56   94  670.81000  335.31172  50.0%  82.7 10504s

 991670 786077  421.99833   64  149  670.81000  335.32462  50.0%  82.8 10543s

 993231 786529  464.90737   56  174  670.81000  335.32462  50.0%  82.8 10565s

 993807 787978  467.43329   35  171  670.81000  335.32462  50.0%  82.8 10609s

 995214 787978  410.18403   35  154  670.81000  335.36167  50.0%  82.8 10610s

 995483 789098  537.16897  112  120  670.81000  335.36842  50.0%  82.8 10638s

 996816 789770  545.66215   74  135  670.81000  335.37095  50.0%  82.8 10669s

 997915 790501  383.48244   41  203  670.81000  335.37095  50.0%  82.8 10697s

 998770 791527  622.03181  127  135  670.81000  335.37095  50.0%  82.8 10728s

 1000098 792106  347.77915   33  136  670.81000  335.41784  50.0%  82.9 10755s

 1000861 793093  408.04794   47  161  670.81000  335.42955  50.0%  82.9 10791s

 1002123 793980  390.39399   54  180  670.81000  335.44954  50.0%  82.9 10824s

 1003205 795252  376.35052   40  180  670.81000  335.46484  50.0%  82.9 10859s

 1003770 795252  557.11866  102  142  670.81000  335.46926  50.0%  82.9 10860s

 1004790 795713  359.57702   44  154  670.81000  335.47829  50.0%  82.9 10885s

 1005376 797180  628.47631   60  111  670.81000  335.47829  50.0%  83.0 10930s

 1007053 798448  410.31793   53  132  670.81000  335.52061  50.0%  83.0 10961s

 1008513 799149  528.62436   58  173  670.81000  335.54176  50.0%  83.0 10992s

 1009380 800315  418.65847   81  145  670.81000  335.54176  50.0%  83.0 11031s

 1010778 801498  373.88282   37  193  670.81000  335.57193  50.0%  83.0 11058s

 1012136 802192  379.65907   32  104  670.81000  335.58507  50.0%  83.0 11090s

 1013086 803154  455.05794   63  173  670.81000  335.58507  50.0%  83.1 11126s

 1014339 803628  521.03285   77  201  670.81000  335.60882  50.0%  83.1 11152s

 1014941 805574  398.04624   56  161  670.81000  335.60882  50.0%  83.1 11224s

 1015346 805574  538.51635   72   89  670.81000  335.60882  50.0%  83.1 11225s

 1017465 806735  426.03881   71  182  670.81000  335.64418  50.0%  83.1 11260s

 1018994 807372  590.56336   89  147  670.81000  335.66170  50.0%  83.1 11288s

 1019740 808664  456.20035   67  210  670.81000  335.66170  50.0%  83.2 11330s

 1021229 809658  424.48196   48  192  670.81000  335.69898  50.0%  83.2 11360s

 1022487 810271  432.77948   31  144  670.81000  335.71024  50.0%  83.2 11388s

 1023309 811364  366.37700   32  188  670.81000  335.72330  50.0%  83.2 11429s

 1024640 812590  583.20226   58   98  670.81000  335.72481  50.0%  83.2 11462s

 1026067 813212  420.96186   41  127  670.81000  335.75454  49.9%  83.2 11486s

 1026782 814388  453.13082   56  159  670.81000  335.75454  49.9%  83.3 11528s

 1028128 815626  470.98519   81  107  670.81000  335.76545  49.9%  83.3 11562s

 1029582 816673     cutoff   99       670.81000  335.77631  49.9%  83.3 11603s

 1031000 817304  339.99657   28  140  670.81000  335.80064  49.9%  83.3 11633s

 1031772 818403  525.98567   96  140  670.81000  335.80064  49.9%  83.3 11673s

 1033105 819238  369.89475   52  262  670.81000  335.81771  49.9%  83.4 11703s

 1034061 819238  361.44586   33  203  670.81000  335.81771  49.9%  83.4 11705s

 1034185 819882  496.59913   66  167  670.81000  335.81771  49.9%  83.4 11734s

 1034937 821170  567.91000   73  175  670.81000  335.83699  49.9%  83.4 11785s

 1036590 822173  490.51986   45   97  670.81000  335.85854  49.9%  83.5 11818s

 1037865 822868  542.48215   76  177  670.81000  335.86507  49.9%  83.5 11858s

 1038738 824171  438.12383   55  128  670.81000  335.87070  49.9%  83.5 11910s

 1040328 825098 infeasible  120       670.81000  335.89429  49.9%  83.5 11943s

 1041456 826547  560.03021   66  111  670.81000  335.89429  49.9%  83.5 11996s

 1043129 827312  566.79005  105  149  670.81000  335.93928  49.9%  83.5 12023s

 1044027 828509  529.52928   63  137  670.81000  335.94391  49.9%  83.6 12069s

 1045437 829744  547.77571   74  178  670.81000  335.97796  49.9%  83.6 12107s

 1046920 830823     cutoff  107       670.81000  335.99735  49.9%  83.6 12147s

 1048221 832057  463.08874   80  140  670.81000  336.00814  49.9%  83.6 12192s

 1049760 832678  404.25751   61  128  670.81000  336.01532  49.9%  83.6 12216s

 1050487 833912  514.32385  134  110  670.81000  336.01532  49.9%  83.6 12264s

 1052027 834950  412.50148   57  133  670.81000  336.03661  49.9%  83.7 12297s

 1053198 835990  453.36625   63  127  670.81000  336.03661  49.9%  83.7 12335s

 1054447 836995  394.20205   50  128  670.81000  336.03661  49.9%  83.7 12370s

 1055872 837603  390.06790   61  162  670.81000  336.08441  49.9%  83.7 12402s

 1056670 838459  624.19647  109   93  670.81000  336.08441  49.9%  83.7 12440s

 1057898 839137  414.21966   56  174  670.81000  336.09730  49.9%  83.8 12473s

 1058777 839733  426.12168   72  185  670.81000  336.12051  49.9%  83.8 12513s

 1059610 840958  380.98579   54  137  670.81000  336.12962  49.9%  83.8 12558s

 1061070 841386  444.66075   67  101  670.81000  336.13691  49.9%  83.8 12583s

 1061583 842536  540.72829   85  168  670.81000  336.13691  49.9%  83.9 12629s

 1062783 842536  445.16101   64   99  670.81000  336.16505  49.9%  83.9 12630s

 1063145 843650  416.59425   45  138  670.81000  336.16756  49.9%  83.9 12664s

 1064597 844662  548.55488   73  177  670.81000  336.18743  49.9%  83.9 12710s

 1065908 845302  510.64839   60   95  670.81000  336.20134  49.9%  83.9 12741s

 1066678 846561  456.90682   73  146  670.81000  336.20134  49.9%  83.9 12790s

 1068141 847690  485.48005   57  220  670.81000  336.22772  49.9%  83.9 12823s

 1069526 848548  479.35774   73  174  670.81000  336.24618  49.9%  84.0 12859s

 1070529 849077  410.14634   60  126  670.81000  336.24618  49.9%  84.0 12890s

 1071332 849917 infeasible   32       670.81000  336.25464  49.9%  84.0 12930s

 1072341 851582  418.50985   58  151  670.81000  336.26550  49.9%  84.0 12996s

 1074493 853009  392.32436   53  204  670.81000  336.29359  49.9%  84.0 13040s

 1076176 854239  512.64652   91  119  670.81000  336.30147  49.9%  84.1 13089s

 1077626 855030  424.94348   46  143  670.81000  336.31961  49.9%  84.1 13120s

 1078593 856212  472.91310   42  170  670.81000  336.31961  49.9%  84.1 13169s

 1080059 857467  366.26269   29  144  670.81000  336.31961  49.9%  84.1 13207s

 1081586 858267  468.50751   81  154  670.81000  336.36025  49.9%  84.1 13244s

 1082141 858267  371.48013   34  152  670.81000  336.36025  49.9%  84.1 13245s

 1082525 859445  352.44675   41  219  670.81000  336.36893  49.9%  84.1 13286s

 1083839 860569  365.22477   30  236  670.81000  336.36893  49.9%  84.1 13325s

 1085218 861714  460.82605   61  149  670.81000  336.39030  49.9%  84.1 13370s

 1086551 862534  579.56346   97  155  670.81000  336.39336  49.9%  84.1 13400s

 1087532 863608  364.78304   36  252  670.81000  336.40955  49.9%  84.2 13446s

 1088848 864629  520.91394   70  144  670.81000  336.42691  49.8%  84.2 13481s

 1090124 865839  402.35260   67   94  670.81000  336.43847  49.8%  84.2 13529s

 1090881 865839  381.80617   37  150  670.81000  336.44542  49.8%  84.2 13530s

 1091658 866132  480.47744   70  118  670.81000  336.44831  49.8%  84.2 13545s

 1092003 866867  397.95745   56  189  670.81000  336.45229  49.8%  84.2 13578s

 1092937 867888  406.53549   49  216  670.81000  336.46926  49.8%  84.2 13620s

 1094239 868783  397.95586   58  138  670.81000  336.46926  49.8%  84.3 13650s

 1095358 869675  340.77362   33  179  670.81000  336.49865  49.8%  84.3 13694s

 1095927 869675  533.23816   67  125  670.81000  336.49865  49.8%  84.3 13695s

 1096731 870447 infeasible   43       670.81000  336.51815  49.8%  84.3 13731s

 1097677 871460  512.10166   78  190  670.81000  336.52027  49.8%  84.3 13773s

 1098887 872538  461.56774   55  129  670.81000  336.52027  49.8%  84.3 13818s

 1100250 873237  483.61085   71  182  670.81000  336.53349  49.8%  84.3 13847s

 1101075 874142  430.77332   57  236  670.81000  336.54405  49.8%  84.3 13888s

 1102220 875238  364.20530   35  169  670.81000  336.56873  49.8%  84.4 13924s

 1103581 875666  447.36213   72  182  670.81000  336.59003  49.8%  84.4 13952s

 1104120 876676  359.22415   41  168  670.81000  336.59181  49.8%  84.4 13999s

 1104869 876676  547.45870   41  143  670.81000  336.59181  49.8%  84.4 14000s

 1105439 877627  381.57766   32  167  670.81000  336.61532  49.8%  84.4 14040s

 1106571 878280  405.29656   61  193  670.81000  336.61575  49.8%  84.4 14074s

 1106616 878280  373.02086   41  184  670.81000  336.61575  49.8%  84.4 14075s

 1107367 879714  534.53263  106  196  670.81000  336.61575  49.8%  84.5 14131s

 1109038 880802  436.09168   51  133  670.81000  336.65214  49.8%  84.5 14170s

 1110355 881490 infeasible  136       670.81000  336.66719  49.8%  84.5 14209s

 1111233 882792  389.71565   47  139  670.81000  336.66878  49.8%  84.5 14264s

 1111776 882792  605.21582   87  121  670.81000  336.68972  49.8%  84.5 14265s

 1112822 883945  398.72967   62  127  670.81000  336.70194  49.8%  84.5 14305s

 1114296 884495  414.89816   41  205  670.81000  336.71268  49.8%  84.6 14336s

 1114980 885616  468.68388   77  172  670.81000  336.71268  49.8%  84.6 14390s

 1116414 885867  449.89283   62  179  670.81000  336.73703  49.8%  84.6 14400s



Cutting planes:

  Learned: 26

  Gomory: 78

  Lift-and-project: 17

  Cover: 171

  Implied bound: 542

  Projected implied bound: 43

  Clique: 431

  MIR: 228

  Mixing: 80

  StrongCG: 20

  Flow cover: 825

  GUB cover: 19

  Inf proof: 20

  Zero half: 2043

  RLT: 87

  Relax-and-lift: 569

  BQP: 1



Explored 1116679 nodes (94483555 simplex iterations) in 14401.29 seconds (5082.00 work units)

Thread count was 20 (of 20 available processors)



Solution count 10: 670.81 670.82 674.24 ... 691.2



Time limit reached

Best objective 6.708100000000e+02, best bound 3.367370298655e+02, gap 49.8014%



AMPL MP initial flat model has 6464 variables (0 integer, 6388 binary);

Objectives: 1 quadratic; 

Constraints:  1962 linear; 11 quadratic;



AMPL MP final model has 6464 variables (0 integer, 6388 binary);

Objectives: 1 quadratic; 

Constraints:  1962 linear; 11 quadratic;





-----RESULTS INFO-----
running_time:  14418.109
TC.best_bound:  336.7370298654652
TC:  670.8100000000001
MIP Gap (%):  49.801429634998705
=== Vehicle Routes ===
Vehicle 1: 0  8
Vehicle 1: 1  2
Vehicle 1: 2  12
Vehicle 1: 3  1
Vehicle 1: 8  39
Vehicle 1: 12  49
Vehicle 1: 39  3
Vehicle 2: 0  43
Vehicle 2: 4  13
Vehicle 2: 11  45
Vehicle 2: 13  11
Vehicle 2: 43  4
Vehicle 2: 45  49
Vehicle 3: 0  10
Vehicle 3: 5  46
Vehicle 3: 7  5
Vehicle 3: 10  42
Vehicle 3: 42  7
Vehicle 3: 46  49
Vehicle 4: 0  6
Vehicle 4: 6  40
Vehicle 4: 9  49
Vehicle 4: 40  9
Vehicle 5: 0  41
Vehicle 5: 41  47
Vehicle 5: 47  49

=== Full Vehicle Routes ===
Vehicle 1: 0  8  39  3  1  2  12  0 (98<100)
Vehicle 2: 0  43  4  13  11  45  0 (100<100)
Vehicle 3: 0  10  42  7  5  46  0 (92<100)
Vehicle 4: 0  6  40  9  0 (100<100)
Vehicle 5: 0  41  47  0 (91<100)
Arc used by MRT line: y variables:
Customer assigment to PL: u variables:
14 42
15 40
16 41
17 47
18 39
19 42
20 41
21 39
22 43
23 43
24 41
25 42
26 40
27 42
28 42
29 39
30 45
31 40
32 46
33 47
34 43
35 45
36 41
37 43
Node is served by regular vehicle: g variables:
1
2
3
4
5
6
7
8
9
10
11
12
13
45
46
47
39
40
41
42
43
Customer assigment to Home delivery: gm variables:
1
2
3
4
5
6
7
8
9
10
11
12
13
Node total demands: ntd variables:
1 12 1
2 8 1
3 12 1
4 12 1
5 8 1
6 25 1
7 13 1
8 19 1
9 20 1
10 8 1
11 19 1
12 25 1
13 24 1
26 0 0
27 0 0
28 0 0
29 0 0
30 0 0
31 0 0
32 0 0
33 0 0
34 0 0
35 0 0
36 0 0
37 0 0
44 0 0
45 8 1
46 9 1
47 36 1
48 0 0
38 0 0
39 22 1
40 55 1
41 55 1
42 54 1
43 37 1
Customer's demand delivered to PL: l variables:
14
15
16
17
18
19
20
21
22
23
24
25
26
27
28
29
30
31
32
33
34
35
36
37
Lockers load <= capacity:
0 <= 100
8 <= 84
9 <= 91
36 <= 87
0 <= 70
0 <= 81
22 <= 98
55 <= 79
55 <= 94
54 <= 75
37 <= 71
