Gurobi 12.0.3:   lim:time = 14400

  mip:bestbound = 1

Set parameter LogToConsole to value 1

  tech:outlev = 1

Set parameter Cuts to value 3

  cut:cuts = 3

Set parameter Presolve to value 2

  pre:solve = 2

Set parameter MIPFocus to value 2

  mip:focus = 2

Set parameter Symmetry to value 2

  mip:symmetry = 2

Set parameter InfUnbdInfo to value 1

Gurobi Optimizer version 12.0.3 build v12.0.3rc0 (win64 - Windows 11+.0 (26200.2))



CPU model: 13th Gen Intel(R) Core(TM) i7-13700K, instruction set [SSE2|AVX|AVX2]

Thread count: 16 physical cores, 24 logical processors, using up to 24 threads



Non-default parameters:

TimeLimit  14400

MIPFocus  2

Symmetry  2

Cuts  3

InfUnbdInfo  1

Presolve  2



Optimize a model with 1537 rows, 4809 columns and 30029 nonzeros

Model fingerprint: 0xfc2e2413

Model has 6 quadratic objective terms

Model has 11 quadratic constraints

Variable types: 63 continuous, 4746 integer (0 binary)

Coefficient statistics:

  Matrix range     [1e+00, 1e+05]

  QMatrix range    [1e+00, 1e+00]

  QLMatrix range   [1e+00, 2e+01]

  Objective range  [3e+00, 1e+02]

  QObjective range [2e+00, 2e+00]

  Bounds range     [1e+00, 1e+02]

  RHS range        [1e+00, 1e+05]

  QRHS range       [1e+02, 1e+02]

Presolve removed 119 rows and 195 columns

Presolve time: 1.33s

Presolved: 4199 rows, 7375 columns, 31720 nonzeros

Variable types: 913 continuous, 6462 integer (6307 binary)

Root relaxation presolve removed 13 rows and 4 columns

Root relaxation presolved: 4175 rows, 7360 columns, 51458 nonzeros





Root relaxation: objective 1.601541e+02, 583 iterations, 0.04 seconds (0.08 work units)



    Nodes    |    Current Node    |     Objective Bounds      |     Work

 Expl Unexpl |  Obj  Depth IntInf | Incumbent    BestBd   Gap | It/Node Time



     0     0  160.15415    0   74          -  160.15415      -     -    2s

     0     0  205.84875    0   95          -  205.84875      -     -    3s

H    0     0                     663.5100000  205.84875  69.0%     -    3s

     0     0  206.09734    0  110  663.51000  206.09734  68.9%     -    3s

     0     0  206.09734    0  108  663.51000  206.09734  68.9%     -    3s

H    0     0                     649.1900000  210.67220  67.5%     -    3s

H    0     0                     648.7100000  210.67220  67.5%     -    3s

H    0     0                     640.1700000  210.67220  67.1%     -    3s

     0     0  210.67220    0  100  640.17000  210.67220  67.1%     -    3s

     0     0  212.05851    0  129  640.17000  212.05851  66.9%     -    3s

     0     0  212.33320    0  122  640.17000  212.33320  66.8%     -    3s

H    0     0                     621.6300000  212.33320  65.8%     -    4s

H    0     0                     617.5600000  212.33320  65.6%     -    4s

     0     0  219.47419    0  184  617.56000  219.47419  64.5%     -    4s

     0     0  219.56958    0  198  617.56000  219.56958  64.4%     -    4s

H    0     0                     607.5600000  223.16239  63.3%     -    5s

     0     0  223.16239    0  148  607.56000  223.16239  63.3%     -    5s

     0     0  223.22330    0  191  607.56000  223.22330  63.3%     -    5s

     0     0  227.43122    0  169  607.56000  227.43122  62.6%     -    5s

     0     0  228.04229    0  171  607.56000  228.04229  62.5%     -    6s

H    0     0                     598.5600000  228.04229  61.9%     -    6s

     0     0  229.04452    0  203  598.56000  229.04452  61.7%     -    6s

     0     0  229.15449    0  197  598.56000  229.15449  61.7%     -    6s

     0     2  229.15449    0  197  598.56000  229.15449  61.7%     -    7s

H  107   160                     590.3300000  236.61356  59.9%   217    8s

H  163   176                     565.3300000  236.61356  58.1%   196    8s

H  314   345                     552.7200000  236.61356  57.2%   156    8s

H 1150  1218                     551.5100000  236.61356  57.1%  75.5    9s

H 1627  1528                     548.1300000  236.61356  56.8%  64.7    9s

  1635  1653  367.85300  101   82  548.13000  236.61356  56.8%  64.5   10s

  2633  2334  329.13554   81  294  548.13000  239.41250  56.3%  56.9   15s

H 2633  2216                     548.0500000  239.41250  56.3%  56.9   16s

H 2634  2106                     546.0700000  239.41250  56.2%  56.8   16s

H 2643  2006                     544.3800000  239.41250  56.0%  56.6   17s

H 2643  1905                     542.5400000  239.41250  55.9%  56.6   17s

H 2643  1809                     539.8200000  239.41250  55.6%  56.6   17s

H 2649  1722                     510.2300000  239.41250  53.1%  56.5   18s

H 2650  1636                     505.7100000  239.41250  52.7%  56.5   18s

H 2650  1554                     504.1900000  239.41250  52.5%  56.5   18s

H 2650  1475                     503.3700000  239.41250  52.4%  56.5   18s

H 2650  1401                     502.3700000  239.41250  52.3%  56.5   18s

  2657  1405  422.91085   75  295  502.37000  240.15271  52.2%  56.3   20s

  2672  1415  352.21315   43  118  502.37000  242.28000  51.8%  56.0   25s

H 2676  1346                     493.2900000  242.58183  50.8%  55.9   26s

H 2676  1277                     492.2900000  242.58183  50.7%  55.9   26s

H 2679  1214                     491.7600000  242.95848  50.6%  55.9   29s

H 2680  1153                     487.6800000  243.67421  50.0%  55.9   31s

H 2717  1135                     487.6300000  244.10950  49.9%  64.2   34s

H 2719  1079                     479.8100000  244.10950  49.1%  64.2   34s

  2882  1189  244.65837   25  157  479.81000  244.10950  49.1%  69.2   35s

  4717  2303  277.01565   55   96  479.81000  244.10950  49.1%  67.7   40s

  7889  4535  341.71992   61   91  479.81000  244.10950  49.1%  62.9   45s

H 9194  5502                     477.8500000  244.10950  48.9%  61.6   49s

  9225  5752  358.78402   68  147  477.85000  244.10950  48.9%  61.7   50s

 12059  8274  362.63212   65   81  477.85000  246.38061  48.4%  61.0   55s

 15861 11370     cutoff   87       477.85000  247.69520  48.2%  59.1   60s

 20381 15216  306.81433  106  102  477.85000  249.53535  47.8%  57.6   65s

 23835 17204  380.21783   43  126  477.85000  249.76976  47.7%  56.3   70s

 26873 20552  446.59271  110  105  477.85000  251.00229  47.5%  55.5   75s

 30997 23706  417.46169   68   75  477.85000  251.69494  47.3%  53.9   80s

 36427 27837 infeasible  125       477.85000  252.32574  47.2%  53.9   86s

 39233 30397  335.67692   68   91  477.85000  252.76555  47.1%  53.4   90s

 42223 33466  344.42635   81   81  477.85000  252.78455  47.1%  52.7   96s

 46571 36219  291.81915   57  117  477.85000  253.22655  47.0%  51.8  101s

 48869 37794  334.76759   71  102  477.85000  253.33427  47.0%  51.4  107s

 51632 40431  329.23794   55  100  477.85000  253.59182  46.9%  51.1  113s

 53840 41335  408.02650   70  120  477.85000  253.70755  46.9%  50.6  115s

 56500 44051  348.66236   79  128  477.85000  253.85291  46.9%  50.5  121s

 60034 46825  267.22323   44  163  477.85000  254.28092  46.8%  50.1  127s

 61828 47691  409.76888  110   97  477.85000  254.28092  46.8%  50.0  130s

 65108 50965  276.98694   60  154  477.85000  254.53349  46.7%  50.0  137s

 67014 52398  277.87005   56  118  477.85000  254.72137  46.7%  49.9  140s

 70349 55133  288.69002   50  122  477.85000  254.99994  46.6%  49.8  145s

 73839 57661  309.80917   45  122  477.85000  255.17787  46.6%  49.7  151s

 77197 60164 infeasible  115       477.85000  255.30209  46.6%  49.7  156s

 80262 61996  260.20785   48   92  477.85000  255.44689  46.5%  49.8  160s

 83264 63944  270.88601   41  127  477.85000  255.67483  46.5%  49.7  165s

 86178 66875  310.77779   45  108  477.85000  255.84410  46.5%  49.7  171s

 89394 69524  260.87694   44   84  477.85000  255.99939  46.4%  49.7  176s

 92257 71803  419.35268   87   83  477.85000  256.09051  46.4%  49.8  182s

 93964 73097  353.64229   68  108  477.85000  256.15716  46.4%  49.7  185s

 97443 75847  416.81357   82  112  477.85000  256.33492  46.4%  49.7  190s

 100417 77745  263.11316   46  104  477.85000  256.51502  46.3%  49.7  195s

 102984 79977  264.35623   33  166  477.85000  256.61392  46.3%  49.9  200s

 106741 82715  305.57490   50  133  477.85000  256.64519  46.3%  50.1  207s

 108307 83985 infeasible  125       477.85000  256.64519  46.3%  50.2  210s

 111557 86549  302.12891   63  121  477.85000  256.91157  46.2%  50.3  215s

 114793 88780  279.00115   33  113  477.85000  257.02687  46.2%  50.4  220s

 117944 91454  286.02812   57  108  477.85000  257.19258  46.2%  50.4  226s

 120411 93472  295.83298   45  105  477.85000  257.27789  46.2%  50.6  232s

 122273 94964  404.83243  103   90  477.85000  257.34704  46.1%  50.6  235s

 125986 97363  298.04987   46  148  477.85000  257.48221  46.1%  50.6  243s

 127417 98731  283.88932   66   90  477.85000  257.52780  46.1%  50.6  246s

 129115 100413  269.46815   37  178  477.85000  257.63141  46.1%  50.8  250s

 132857 102994  287.66635   50  115  477.85000  257.75329  46.1%  51.0  258s

 134671 104330  428.17369   74   79  477.85000  257.83671  46.0%  51.0  261s

 137519 106607  295.56817   53  173  477.85000  257.98585  46.0%  51.2  268s

 139348 108415  395.74923   79  133  477.85000  258.05762  46.0%  51.2  273s

 141631 109861  270.15296   48  143  477.85000  258.17549  46.0%  51.2  277s

 143609 111234  462.29578   77   75  477.85000  258.23196  46.0%  51.2  280s

 145283 112688  367.75910  110  100  477.85000  258.31839  45.9%  51.2  285s

 147366 114059  327.55299   73   97  477.85000  258.36478  45.9%  51.2  290s

 150837 116502  290.73028   41  161  477.85000  258.54039  45.9%  51.2  296s

 151995 117931  401.39540   91  119  477.85000  258.56415  45.9%  51.2  301s

 155141 119925  275.87275   55  107  477.85000  258.74555  45.9%  51.3  308s

 156451 121252  327.91470   49  130  477.85000  258.78999  45.8%  51.3  313s

 158151 122717 infeasible   93       477.85000  258.87663  45.8%  51.3  317s

 160101 124129  299.46095   36  101  477.85000  258.96984  45.8%  51.3  322s

 161985 125536  265.98524   48  177  477.85000  259.04550  45.8%  51.3  326s

 164626 127558  380.60272   63  103  477.85000  259.16229  45.8%  51.4  333s

 166337 128300  473.82341   79   95  477.85000  259.18141  45.8%  51.4  337s

 167280 129337  421.71401   76   78  477.85000  259.18141  45.8%  51.5  341s

 168610 130005  393.34094   99   88  477.85000  259.24700  45.7%  51.5  345s

 169490 132414  351.39203   58   57  477.85000  259.28091  45.7%  51.6  354s

 172727 133795  334.62604  102   69  477.85000  259.36687  45.7%  51.6  359s

 174499 134771  376.63915   43   85  477.85000  259.46925  45.7%  51.6  363s

 176007 136200  266.55255   52  111  477.85000  259.51717  45.7%  51.7  368s

 177851 137684  288.99692   42   71  477.85000  259.55488  45.7%  51.7  372s

 179790 139077  285.80520   35  169  477.85000  259.62732  45.7%  51.8  377s

 181688 140185  279.94193   36  108  477.85000  259.71361  45.6%  51.8  381s

 183327 141209  337.50365   66  156  477.85000  259.80275  45.6%  51.9  385s

 184640 142783  272.37547   53  118  477.85000  259.86472  45.6%  52.0  390s

 186718 143930  363.22628   66  136  477.85000  259.91800  45.6%  51.9  395s

 189915 145180  438.28014   74   72  477.85000  260.03410  45.6%  52.1  400s

 191871 147768  284.49056   67   96  477.85000  260.08682  45.6%  52.2  408s

 193539 148343  362.74947   69  112  477.85000  260.14527  45.6%  52.2  412s

 194520 149635  441.86169   81  118  477.85000  260.19191  45.5%  52.2  416s

 196233 150894     cutoff   65       477.85000  260.23887  45.5%  52.2  420s

 197947 152033  313.05939   66   90  477.85000  260.32591  45.5%  52.3  425s

 201115 154358  288.88448   34   95  477.85000  260.44313  45.5%  52.5  434s

 202878 155609  425.37485   69   74  477.85000  260.50144  45.5%  52.5  438s

 204549 156479  318.91991   56  131  477.85000  260.56029  45.5%  52.6  442s

 205742 157253  323.30222   45  127  477.85000  260.65757  45.5%  52.6  445s

 206764 158706  326.23615   96  137  477.85000  260.66428  45.5%  52.7  451s

 209679 161078  388.25015   95  147  477.85000  260.77039  45.4%  52.8  460s

 211724 162307 infeasible   82       477.85000  260.85576  45.4%  52.8  466s

 213366 163706  339.85233   69   93  477.85000  260.91766  45.4%  52.8  470s

 215184 164596  298.42489   66  162  477.85000  260.96602  45.4%  52.9  475s

 216320 165811  391.52077   98  129  477.85000  260.96602  45.4%  52.9  481s

 218156 167293  322.68739   63  108  477.85000  261.02768  45.4%  52.9  486s

 219945 167690  433.40231   96   93  477.85000  261.09657  45.4%  52.9  490s

 220419 169237  446.09279   99   92  477.85000  261.09910  45.4%  52.9  495s

 222365 170049  332.32631   55  124  477.85000  261.10350  45.4%  52.9  500s

 223509 171403  266.00122   50  111  477.85000  261.20670  45.3%  53.0  505s

 225251 172468 infeasible   68       477.85000  261.23248  45.3%  53.0  511s

 226657 173574  379.29716   80  102  477.85000  261.24594  45.3%  53.0  515s

 228089 175093  359.92322   67   69  477.85000  261.33251  45.3%  53.0  521s

 230022 176566  317.85226   67  117  477.85000  261.35454  45.3%  53.1  527s

 232030 178118  400.81281   75   85  477.85000  261.46941  45.3%  53.1  532s

 234048 179238  444.06080   93   79  477.85000  261.55575  45.3%  53.1  539s

 235481 180635  384.32360   66  100  477.85000  261.55575  45.3%  53.1  544s

 237343 182198  282.32678   39  205  477.85000  261.64283  45.2%  53.2  550s

 239284 183236  401.43333   78   61  477.85000  261.67756  45.2%  53.2  555s

 240665 184688  342.80892   52   86  477.85000  261.69066  45.2%  53.2  561s

 242510 186171  318.42699   50  158  477.85000  261.73499  45.2%  53.2  566s

 244465 187596     cutoff   92       477.85000  261.77910  45.2%  53.2  572s

 246294 188774  274.74708   41  130  477.85000  261.83672  45.2%  53.2  577s

 247875 190158  300.46338   57  165  477.85000  261.89701  45.2%  53.2  583s

 249735 191496     cutoff   93       477.85000  261.94904  45.2%  53.2  588s

 251421 192627  285.20927   41   97  477.85000  261.98947  45.2%  53.2  593s

 252986 193731  366.04965   57   74  477.85000  261.99749  45.2%  53.3  598s

 254502 194229  310.00782   42  144  477.85000  262.06433  45.2%  53.4  603s

 255221 196076  313.70080   46  114  477.85000  262.06433  45.2%  53.4  613s

 257979 197816  341.54606   56  102  477.85000  262.16562  45.1%  53.5  620s

 260350 199582  356.42508   64  121  477.85000  262.23515  45.1%  53.6  626s

 262613 200924  336.34021   52   95  477.85000  262.27830  45.1%  53.6  632s

 264390 202459  376.83259   36  167  477.85000  262.37786  45.1%  53.7  638s

 266424 202968  421.50400   77  115  477.85000  262.41655  45.1%  53.7  643s

 267174 204469  339.69536   65   90  477.85000  262.42572  45.1%  53.7  650s

 269096 205663  310.72191   74   83  477.85000  262.42608  45.1%  53.7  656s

 270751 207005  297.72744   65  113  477.85000  262.42608  45.1%  53.8  662s

 272696 208500  355.28591   55   94  477.85000  262.54010  45.1%  53.9  668s

 274638 209991  423.63446   80   81  477.85000  262.62681  45.0%  53.9  675s

 276650 210977  281.40329   55  151  477.85000  262.66795  45.0%  53.9  681s

 277959 212659  328.98615   52   95  477.85000  262.71972  45.0%  54.0  688s

 280098 214029  350.53547   64  131  477.85000  262.77157  45.0%  54.0  695s

 281881 215411  280.95887   50   91  477.85000  262.82450  45.0%  53.9  701s

 283698 216889  434.05297  117   96  477.85000  262.89554  45.0%  54.0  708s

 285628 218136  433.66495   90  110  477.85000  262.95314  45.0%  54.0  713s

 287315 218778  429.55293   76   94  477.85000  262.99627  45.0%  54.0  719s

 288295 220235  451.67726   92   62  477.85000  262.99627  45.0%  54.0  725s

 290089 221593  336.33568   60  132  477.85000  263.06615  44.9%  54.1  731s

 291960 222626  270.00018   48  115  477.85000  263.09138  44.9%  54.1  736s

 293274 222655  288.05549   39  146  477.85000  263.15473  44.9%  54.1  741s

H293281 222449                     475.4600000  263.15473  44.7%  54.1  741s

 293290 223674  291.66242   40  137  475.46000  263.15473  44.7%  54.1  748s

H294249 223306                     472.8200000  263.17150  44.3%  54.1  748s

 294914 224992  362.83391  102   85  472.82000  263.20909  44.3%  54.1  755s

 297012 226257  385.11877   59  169  472.82000  263.29436  44.3%  54.1  763s

 298649 227349  311.70263   54  131  472.82000  263.34018  44.3%  54.1  770s

 299976 228668  335.77358   65   82  472.82000  263.34018  44.3%  54.1  778s

 301841 229640  313.31274   76   93  472.82000  263.41889  44.3%  54.1  784s

 303149 231425  451.78724   99   70  472.82000  263.43399  44.3%  54.1  791s

 305524 232976 infeasible   98       472.82000  263.55278  44.3%  54.1  799s

 307484 234371  406.27447   70   80  472.82000  263.57999  44.3%  54.1  806s

 309374 234790  281.36526   51  117  472.82000  263.63118  44.2%  54.1  811s

 309910 235940  344.97020   46   71  472.82000  263.64054  44.2%  54.1  818s

 311446 236944  344.77225   80   85  472.82000  263.65745  44.2%  54.1  823s

 312914 238621  390.98252   67   88  472.82000  263.72105  44.2%  54.1  832s

 315148 239684  302.07006   59  108  472.82000  263.79801  44.2%  54.1  838s

 316474 241335  440.06579   80   84  472.82000  263.83034  44.2%  54.1  846s

 318518 242718  398.65693   66  110  472.82000  263.86539  44.2%  54.1  853s

 320274 243945  442.30245   89  109  472.82000  263.91248  44.2%  54.1  861s

 321830 245461  292.81969   59  108  472.82000  263.94277  44.2%  54.1  868s

 323875 246836  320.55779   49  119  472.82000  264.00073  44.2%  54.1  874s

 325685 247719  301.68346   56  125  472.82000  264.05379  44.2%  54.1  880s

 326856 248570  290.03188   54   83  472.82000  264.09870  44.1%  54.1  885s

 327932 249952  386.38609   80  110  472.82000  264.13171  44.1%  54.1  893s

 329698 251222  465.37576  159   54  472.82000  264.17268  44.1%  54.1  899s

 331377 252557  316.20065   69  121  472.82000  264.17268  44.1%  54.1  906s

 333140 253886  270.92911   47  140  472.82000  264.27722  44.1%  54.2  913s

 334908 254530  328.81597   58   74  472.82000  264.31228  44.1%  54.2  920s

 336087 256015  319.02969   61   93  472.82000  264.32090  44.1%  54.2  927s

 338145 257442  396.28170   68  126  472.82000  264.37351  44.1%  54.2  933s

 339934 258351  271.09968   48  126  472.82000  264.41747  44.1%  54.2  939s

 341087 259589  302.66634   51  138  472.82000  264.43796  44.1%  54.2  947s

 342759 260727  274.28650   45  151  472.82000  264.48912  44.1%  54.3  952s

 344259 261593  330.25677   49  175  472.82000  264.52305  44.1%  54.4  959s

 345590 263095  281.50094   52  172  472.82000  264.54822  44.0%  54.4  967s

 347523 264394  301.14566   49  157  472.82000  264.59016  44.0%  54.4  974s

 349149 265591  287.70644   59  150  472.82000  264.61594  44.0%  54.4  980s

 350809 266671  402.92461   73  103  472.82000  264.67790  44.0%  54.5  987s

 352244 267855  399.51615   62  105  472.82000  264.73142  44.0%  54.5  994s

 354000 269181  281.89481   51  176  472.82000  264.77536  44.0%  54.5 1002s

 355874 270598  292.19579   59   89  472.82000  264.82772  44.0%  54.6 1009s

 357712 271443  293.25558   57  117  472.82000  264.85761  44.0%  54.6 1016s

 358849 272811  286.16363   47  169  472.82000  264.88348  44.0%  54.6 1024s

 360558 274343  299.77180   45  132  472.82000  264.92615  44.0%  54.6 1032s

 362561 275111  270.28362   57  131  472.82000  264.96268  44.0%  54.6 1038s

 363556 277217  352.58487   89  123  472.82000  264.96268  44.0%  54.6 1050s

 366392 278649  312.03905   61  136  472.82000  265.04694  43.9%  54.6 1058s

 368375 279979  333.87846   27  161  472.82000  265.08569  43.9%  54.6 1064s

 370019 281269  460.58160   92  104  472.82000  265.13712  43.9%  54.7 1072s

 371901 282606  315.28994   41  145  472.82000  265.14037  43.9%  54.7 1079s

 373624 283976  466.19883  111  111  472.82000  265.14037  43.9%  54.7 1086s

 375486 285148  339.92682   75   92  472.82000  265.26260  43.9%  54.7 1093s

 377031 286404  317.45341   53   74  472.82000  265.29641  43.9%  54.7 1099s

 378678 287318  328.50559   63  122  472.82000  265.29641  43.9%  54.7 1105s

 379936 288089  269.07654   42  104  472.82000  265.30187  43.9%  54.8 1112s

 380916 289424  299.43120   51   88  472.82000  265.30187  43.9%  54.8 1119s

 382735 290591  344.09028   65  145  472.82000  265.39143  43.9%  54.8 1127s

 384425 291835  334.19806   45  148  472.82000  265.42367  43.9%  54.9 1134s

 385554 291835  267.11104   53  151  472.82000  265.42424  43.9%  54.9 1135s

 386054 293145  436.31973   86  118  472.82000  265.45640  43.9%  54.9 1141s

 387703 294493  350.46998   32  119  472.82000  265.48150  43.9%  54.9 1148s

 389501 295768  453.19028   68  141  472.82000  265.50439  43.8%  54.9 1156s

 391182 296477  347.84230   81  102  472.82000  265.55652  43.8%  55.0 1161s

 392156 297852  449.28156   87   71  472.82000  265.58973  43.8%  55.0 1169s

 394031 299112  449.00717   95  114  472.82000  265.61900  43.8%  55.0 1175s

 395769 300261  416.94416   91  105  472.82000  265.65223  43.8%  55.0 1183s

 397266 301438  283.10863   57  157  472.82000  265.68164  43.8%  55.0 1190s

 398975 302696  460.34266   67   63  472.82000  265.70664  43.8%  55.1 1197s

 400703 303684  320.66000   66   64  472.82000  265.76535  43.8%  55.1 1203s

 402016 305182  402.23872   70   99  472.82000  265.78453  43.8%  55.1 1212s

 404025 306740  438.73907   83   92  472.82000  265.84237  43.8%  55.1 1219s

 406032 308192  347.25590   63  127  472.82000  265.87283  43.8%  55.1 1227s

 407907 309471  357.18455   74  115  472.82000  265.87283  43.8%  55.1 1233s

 409550 310710  327.01121   53  167  472.82000  265.96364  43.7%  55.1 1240s

 412210 312720  333.25094   60   94  472.82000  266.05085  43.7%  55.1 1251s

 413912 313870  302.03515   35  136  472.82000  266.08601  43.7%  55.1 1256s

 415479 315128  300.39466   59  144  472.82000  266.11089  43.7%  55.2 1264s

 417265 316275  378.32985   68  104  472.82000  266.15327  43.7%  55.2 1271s

 419101 317348  343.02599   59   71  472.82000  266.20205  43.7%  55.2 1277s

 420674 318091  351.27768   64  129  472.82000  266.23359  43.7%  55.2 1283s

 421856 319145  292.69871   53  138  472.82000  266.26685  43.7%  55.3 1290s

 423414 320328  322.73025   63  121  472.82000  266.30200  43.7%  55.3 1296s

 425013 321469  274.59058   38  115  472.82000  266.33290  43.7%  55.3 1302s

 426594 322132  408.46312   58  107  472.82000  266.36257  43.7%  55.4 1309s

 427842 323299  300.72621   47  125  472.82000  266.37026  43.7%  55.4 1317s

 429540 324906  382.22761   79  104  472.82000  266.42211  43.7%  55.5 1326s

 431761 325988  396.00550  110   95  472.82000  266.49327  43.6%  55.5 1332s

 433362 326917  356.11524   61  141  472.82000  266.51288  43.6%  55.5 1339s

 434906 328221  311.88305   55  127  472.82000  266.56649  43.6%  55.5 1346s

 436600 329581  430.77721   95   90  472.82000  266.59585  43.6%  55.5 1354s

 438450 330944  434.62178   71  138  472.82000  266.65209  43.6%  55.5 1362s

 440315 332507  288.79677   44  123  472.82000  266.69730  43.6%  55.6 1369s

 442330 333435  270.81327   55  185  472.82000  266.73473  43.6%  55.6 1375s

 443633 334789  396.69356   62   67  472.82000  266.73473  43.6%  55.6 1383s

 445412 336416  403.40299  100  141  472.82000  266.79451  43.6%  55.6 1390s

 447479 337660  305.67826   57  170  472.82000  266.85448  43.6%  55.6 1398s

 449220 338848  463.25238   77  104  472.82000  266.88825  43.6%  55.6 1405s

 450840 339958  355.27608   80  123  472.82000  266.93767  43.5%  55.6 1410s

 452185 340770  297.65008   40  193  472.82000  266.96295  43.5%  55.6 1416s

 453436 341906  325.27351   53  100  472.82000  267.00340  43.5%  55.7 1423s

 454972 343157  302.84424   24  142  472.82000  267.00659  43.5%  55.7 1430s

 456882 344469  303.81543   55  114  472.82000  267.06409  43.5%  55.7 1438s

 458736 345331  332.38710   79  164  472.82000  267.11209  43.5%  55.7 1444s

 459886 346707  310.62340   33   84  472.82000  267.11878  43.5%  55.8 1451s

 461720 348027  330.94358   42  119  472.82000  267.15896  43.5%  55.8 1458s

 463429 349398  420.55849   69  115  472.82000  267.19207  43.5%  55.8 1466s

 465260 350918  317.01315   43  120  472.82000  267.22550  43.5%  55.8 1473s

 467293 352109  342.21473   57  146  472.82000  267.27106  43.5%  55.8 1481s

 469021 353490  439.61888   81   81  472.82000  267.31524  43.5%  55.8 1488s

 470921 354325  314.80291   57   98  472.82000  267.33974  43.5%  55.8 1495s

 472120 355635  437.84169   71  139  472.82000  267.33974  43.5%  55.8 1501s

 473845 356960  395.01289   37  146  472.82000  267.40236  43.4%  55.8 1509s

 475548 358204  403.70393   89  100  472.82000  267.43188  43.4%  55.8 1516s

 477067 359503  402.78266   86  112  472.82000  267.46536  43.4%  55.8 1523s

 478829 360330  334.91296   30  108  472.82000  267.48939  43.4%  55.8 1529s

 480001 361480  411.65941   49   59  472.82000  267.50093  43.4%  55.9 1536s

 481714 362894  403.02534   58  145  472.82000  267.54194  43.4%  55.9 1543s

 483718 363707  363.20865   74  113  472.82000  267.55612  43.4%  55.9 1549s

 484797 364959  370.42615   63  169  472.82000  267.59021  43.4%  55.9 1557s

 486532 366170  359.77377   95  108  472.82000  267.60143  43.4%  55.9 1563s

 488181 367532  467.57827   89   70  472.82000  267.62992  43.4%  55.9 1571s

 489939 368740  348.60007   88  155  472.82000  267.67731  43.4%  55.9 1579s

 491524 369568  455.22210   68  122  472.82000  267.70379  43.4%  55.9 1586s

 492690 370974  348.65143   71  102  472.82000  267.70417  43.4%  56.0 1594s

 494747 372253  326.50603   47   76  472.82000  267.76059  43.4%  56.0 1601s

 496634 373571  369.03420   52  110  472.82000  267.79689  43.4%  56.0 1610s

 498441 374188  290.19029   59   95  472.82000  267.83570  43.4%  56.0 1615s

 499370 375634  388.34129   72   93  472.82000  267.83570  43.4%  56.1 1623s

 501235 376967  300.24003   55  131  472.82000  267.87736  43.3%  56.1 1630s

 503063 378138  406.07351   67   77  472.82000  267.90998  43.3%  56.1 1638s

 504803 379232  366.00638   82  142  472.82000  267.93408  43.3%  56.1 1646s

 506279 380524 infeasible   60       472.82000  267.97285  43.3%  56.2 1654s

 508075 381855  338.93068   51  113  472.82000  268.03163  43.3%  56.2 1661s

 509930 382815  452.86606   89  124  472.82000  268.07678  43.3%  56.2 1668s

 511316 384205  412.19989   86  132  472.82000  268.09274  43.3%  56.2 1677s

 513114 385183  302.78088   44  130  472.82000  268.11411  43.3%  56.2 1684s

 514554 385930  404.72024   54  113  472.82000  268.11412  43.3%  56.2 1690s

 515787 387113  372.33385   54  147  472.82000  268.19326  43.3%  56.3 1698s

 517428 388232  306.58251   43  171  472.82000  268.24515  43.3%  56.3 1706s

 518886 389588  439.88705   74   62  472.82000  268.24619  43.3%  56.3 1714s

 520680 390693  419.56022   85  125  472.82000  268.30293  43.3%  56.3 1722s

 522193 392124  311.32686   58  112  472.82000  268.33580  43.2%  56.3 1729s

 524002 393168  278.92679   55  133  472.82000  268.37960  43.2%  56.4 1736s

 525381 394660  433.19089   90   60  472.82000  268.41078  43.2%  56.4 1746s

 527210 395527 infeasible   69       472.82000  268.43221  43.2%  56.4 1753s

 528593 397006  306.56711   49  126  472.82000  268.47576  43.2%  56.4 1761s

 530489 398328  373.02060   73   99  472.82000  268.49894  43.2%  56.4 1768s

 532257 399606  382.31245   61  132  472.82000  268.52565  43.2%  56.4 1777s

 533992 400832  345.35953   70  111  472.82000  268.54119  43.2%  56.4 1785s

 535559 402194  360.57205   70  107  472.82000  268.58771  43.2%  56.4 1792s

 537303 403023  405.72935   74   74  472.82000  268.61909  43.2%  56.5 1798s

 538528 404291  292.80759   41  177  472.82000  268.62262  43.2%  56.5 1806s

 540233 405144  276.09604   41  151  472.82000  268.66305  43.2%  56.5 1812s

 541510 406451  385.14711   66  105  472.82000  268.67800  43.2%  56.5 1821s

 543471 407723  435.36558   47   84  472.82000  268.71360  43.2%  56.5 1829s

 545178 408463  321.26734   50  158  472.82000  268.74420  43.2%  56.5 1835s

 546147 409862  383.45001   54  126  472.82000  268.76645  43.2%  56.5 1844s

 548023 411219  288.58188   63  170  472.82000  268.78107  43.2%  56.5 1853s

 549764 412256  421.41042   98   99  472.82000  268.81428  43.1%  56.6 1860s

 551308 413423  346.01317   39  118  472.82000  268.84740  43.1%  56.6 1869s

 552937 414677  347.37943   52  140  472.82000  268.89700  43.1%  56.6 1878s

 554716 415544  384.08581   66   74  472.82000  268.92806  43.1%  56.6 1884s

 555857 416923  404.44366   64   97  472.82000  268.92949  43.1%  56.6 1893s

 557731 418236  393.35484   71   97  472.82000  268.96285  43.1%  56.7 1900s

 559406 419555  356.65531   76  101  472.82000  269.00804  43.1%  56.7 1909s

 561268 420771  348.24842   56  136  472.82000  269.04546  43.1%  56.7 1918s

 562859 421490  355.77727   50  118  472.82000  269.05560  43.1%  56.7 1925s

 563857 422768  439.51543   70  107  472.82000  269.09824  43.1%  56.7 1933s

 565732 424016  457.69393   88   55  472.82000  269.11770  43.1%  56.8 1943s

 567804 425219  414.51337   73  111  472.82000  269.12536  43.1%  56.8 1950s

 569461 426415  422.90032   95   88  472.82000  269.17786  43.1%  56.8 1959s

 571133 427681 infeasible  104       472.82000  269.18868  43.1%  56.8 1967s

 572806 428722  439.31348  127  110  472.82000  269.25098  43.1%  56.8 1975s

 574206 429881  356.04567   69  109  472.82000  269.27436  43.0%  56.8 1986s

 575794 431044  380.63734   53  121  472.82000  269.29735  43.0%  56.8 1994s

 577519 432247  309.55842   45  161  472.82000  269.33628  43.0%  56.8 2002s

 579097 433241  296.53039   62  139  472.82000  269.36728  43.0%  56.8 2009s

 580441 434738  289.26391   46  154  472.82000  269.39505  43.0%  56.8 2019s

 582353 436136  318.75514   60  130  472.82000  269.41746  43.0%  56.8 2027s

 584252 437359  328.93686   51  130  472.82000  269.43311  43.0%  56.8 2036s

 585911 438490  380.03207   72   86  472.82000  269.48812  43.0%  56.8 2043s

 587387 439689     cutoff   88       472.82000  269.51147  43.0%  56.9 2052s

 589024 441214  303.52419   54  131  472.82000  269.54751  43.0%  56.9 2063s

 591095 442080  341.80895   36  136  472.82000  269.54782  43.0%  56.9 2069s

 592275 443249  349.18255   81  133  472.82000  269.58264  43.0%  56.9 2078s

 593844 444592  315.57932   38  145  472.82000  269.61824  43.0%  56.9 2086s

 595634 445799  323.37462   47  108  472.82000  269.65228  43.0%  56.9 2095s

 597249 447094  399.07483   72  104  472.82000  269.69077  43.0%  56.9 2103s

 598935 447945  401.11292   98   85  472.82000  269.72792  43.0%  56.9 2110s

 600083 449200  283.51059   50  163  472.82000  269.73000  43.0%  56.9 2120s

 601916 450581  402.55104   47  146  472.82000  269.77967  42.9%  56.9 2131s

 603806 451172  327.89956   55  113  472.82000  269.81822  42.9%  56.9 2140s

 604521 452078  444.17692   73   64  472.82000  269.83894  42.9%  56.9 2148s

 605663 453611  357.25160   88   92  472.82000  269.84558  42.9%  57.0 2159s

 607666 455215  363.01819   52  120  472.82000  269.89633  42.9%  57.0 2168s

 609653 456613  405.53444   61  112  472.82000  269.93280  42.9%  57.0 2179s

 611522 457580  275.01837   28  243  472.82000  269.97457  42.9%  57.0 2186s

 612803 459026  368.12385   59  103  472.82000  269.98795  42.9%  57.0 2196s

 614653 460447  419.45368   69  114  472.82000  270.01583  42.9%  57.0 2205s

 616593 461806  366.95185   66  126  472.82000  270.05884  42.9%  57.0 2216s

 618344 462939  316.99634   51  143  472.82000  270.10101  42.9%  57.0 2225s

 619893 464260  310.21579   48  165  472.82000  270.13384  42.9%  57.0 2233s

 621661 465565  328.71553   52  178  472.82000  270.15395  42.9%  57.0 2242s

 623362 466398  443.49075   90   89  472.82000  270.18843  42.9%  57.0 2249s

 624474 467808  323.86775   50  142  472.82000  270.18844  42.9%  57.0 2259s

 625769 467808  348.55553   72  129  472.82000  270.22835  42.8%  57.0 2260s

 626471 468945  313.95126   57   80  472.82000  270.24806  42.8%  57.0 2267s

 628066 470083  309.64370   56  181  472.82000  270.27273  42.8%  57.0 2277s

 629521 471034  425.70981   76   86  472.82000  270.28368  42.8%  57.0 2284s

 629731 471034  437.44815   84  109  472.82000  270.29703  42.8%  57.0 2285s

 630737 472297  392.72215   79   82  472.82000  270.32130  42.8%  57.0 2293s

 632401 473598  380.93052   68  148  472.82000  270.33725  42.8%  57.1 2302s

 634138 474946  371.34041   49  186  472.82000  270.34160  42.8%  57.1 2311s

 635814 476251  282.46818   60  154  472.82000  270.40048  42.8%  57.1 2320s

 637617 477396  350.66532   52  131  472.82000  270.42642  42.8%  57.1 2330s

 639145 478215  458.52734  108  108  472.82000  270.44793  42.8%  57.1 2337s

 640336 479895  292.49437   60  129  472.82000  270.49318  42.8%  57.1 2349s

 642460 481374  378.49551   84   71  472.82000  270.52715  42.8%  57.1 2358s

 644386 482743  356.73475   70   64  472.82000  270.54862  42.8%  57.1 2368s

 646202 484038  426.52250   85  126  472.82000  270.55155  42.8%  57.2 2378s

 647878 485417  321.74792   40  215  472.82000  270.60337  42.8%  57.2 2387s

 649790 486801  302.01786   48  180  472.82000  270.62706  42.8%  57.2 2398s

 651539 487864  298.52895   60  197  472.82000  270.65031  42.8%  57.2 2405s

 652849 489184  343.59876   55   89  472.82000  270.66045  42.8%  57.2 2415s

 654667 490559  389.90260   58  144  472.82000  270.70421  42.7%  57.2 2424s

 656581 491580  329.93661   48  122  472.82000  270.74549  42.7%  57.2 2433s

 658098 492700  313.88338   65  113  472.82000  270.76670  42.7%  57.2 2444s

 659708 493963  432.71252   93   56  472.82000  270.79778  42.7%  57.2 2452s

 661412 495104  309.25735   72  112  472.82000  270.82988  42.7%  57.2 2463s

 663083 496242  353.48111   68  194  472.82000  270.85823  42.7%  57.2 2472s

 664688 497148  316.16825   43  131  472.82000  270.89704  42.7%  57.2 2479s

 665973 498224 infeasible   73       472.82000  270.92801  42.7%  57.3 2490s

 667534 499664  311.75227   64  146  472.82000  270.96316  42.7%  57.3 2499s

 669433 500789  332.03985   50   90  472.82000  270.99925  42.7%  57.3 2508s

 670917 501847  296.57590   43  111  472.82000  271.01732  42.7%  57.3 2518s

 672371 503240  404.79400   62  105  472.82000  271.04402  42.7%  57.3 2529s

 674343 504473  344.95206   57   91  472.82000  271.06835  42.7%  57.3 2538s

 676169 505176  343.86445   65  116  472.82000  271.08753  42.7%  57.3 2546s

 677256 506553  312.56165   54  144  472.82000  271.14625  42.7%  57.4 2558s

 679195 507966  316.02457   47  127  472.82000  271.17976  42.6%  57.4 2568s

 680939 509041  315.85299   65  112  472.82000  271.21188  42.6%  57.4 2578s

 682319 510031  437.25593   84  117  472.82000  271.23434  42.6%  57.4 2587s

 683566 511598  419.86841   99   69  472.82000  271.23434  42.6%  57.4 2597s

 685607 513074  348.44785   66  102  472.82000  271.27855  42.6%  57.4 2609s

 687547 514364  465.16176   89  131  472.82000  271.30682  42.6%  57.4 2617s

 689203 515573  464.36232   73   87  472.82000  271.32119  42.6%  57.4 2627s

 690902 516837  400.25213   56  158  472.82000  271.32119  42.6%  57.4 2638s

 692569 517778  314.81927   56   75  472.82000  271.39598  42.6%  57.4 2646s

 693940 518992  340.98795   51  122  472.82000  271.43905  42.6%  57.4 2657s

 695775 519981  314.77736   51  134  472.82000  271.48202  42.6%  57.4 2664s

 696812 519981  314.46907   62  160  472.82000  271.48202  42.6%  57.4 2665s

 697117 521212  303.08535   47   67  472.82000  271.48694  42.6%  57.4 2674s

 698797 522361  295.28974   45  167  472.82000  271.52924  42.6%  57.4 2685s

 700531 523536  319.41776   59  112  472.82000  271.55649  42.6%  57.5 2695s

 702195 524497  302.76306   49  123  472.82000  271.60077  42.6%  57.5 2704s

 703471 526115  295.90736   56  175  472.82000  271.62813  42.6%  57.5 2714s

 705224 526115  317.47749   67  130  472.82000  271.63818  42.5%  57.5 2715s

 705511 527355  445.45940   94   77  472.82000  271.64586  42.5%  57.5 2726s

 707219 528586  344.86393   61   95  472.82000  271.69137  42.5%  57.5 2735s

 708930 529858  403.59886   82  103  472.82000  271.72046  42.5%  57.5 2745s

 710590 531122  360.52813   68   63  472.82000  271.74862  42.5%  57.5 2756s

 712311 531864  311.06292   49  141  472.82000  271.77830  42.5%  57.5 2764s

 713325 533229  323.07221   63  137  472.82000  271.78331  42.5%  57.5 2775s

 715198 534529  438.61175   71   91  472.82000  271.81636  42.5%  57.5 2785s

 717006 535725  355.79916   88  159  472.82000  271.85244  42.5%  57.5 2795s

 718624 536799  419.56068   51   44  472.82000  271.85244  42.5%  57.5 2804s

 720132 538112  351.98380   73   79  472.82000  271.88297  42.5%  57.5 2815s

 722073 538972  442.18820   94   61  472.82000  271.90639  42.5%  57.5 2826s

 723439 540360  367.86492   70   37  472.82000  271.91227  42.5%  57.6 2836s

 725363 541223  334.17310   60  118  472.82000  271.96211  42.5%  57.6 2846s

 726610 542739  321.84093   55  140  472.82000  271.98981  42.5%  57.6 2858s

 728535 544089  355.31199   56  127  472.82000  272.02242  42.5%  57.6 2868s

 730474 545517  313.57571   73  144  472.82000  272.05981  42.5%  57.6 2881s

 732380 546764  332.96897   57   62  472.82000  272.09054  42.5%  57.6 2891s

 734022 547816  448.12229   99  178  472.82000  272.13231  42.4%  57.6 2901s

 735529 549173  313.99141   51  106  472.82000  272.16734  42.4%  57.6 2913s

 737381 550440  309.11036   62  147  472.82000  272.20616  42.4%  57.6 2922s

 739059 551396  427.31956   78  117  472.82000  272.24416  42.4%  57.6 2932s

 740442 552495  365.76481   54  135  472.82000  272.26161  42.4%  57.6 2941s

 741874 553773  367.58433   70  116  472.82000  272.29207  42.4%  57.6 2953s

 743732 554847  301.03924   69  101  472.82000  272.31995  42.4%  57.6 2966s

 745274 556082 infeasible   68       472.82000  272.34893  42.4%  57.7 2975s

 746961 557248  409.06816   51   74  472.82000  272.35609  42.4%  57.7 2986s

 748384 558868  399.18921   93   84  472.82000  272.37118  42.4%  57.7 2999s

 750501 560181  378.21913   70  113  472.82000  272.41784  42.4%  57.7 3009s

 752301 561504  308.37868   65  149  472.82000  272.43848  42.4%  57.7 3019s

 753971 563013  372.59730   66  101  472.82000  272.44930  42.4%  57.7 3029s

 755873 563771 infeasible   60       472.82000  272.48385  42.4%  57.7 3038s

 757043 565024  443.06858   62   66  472.82000  272.48385  42.4%  57.7 3049s

 758705 566017  455.02943   68   82  472.82000  272.49954  42.4%  57.7 3058s

 760057 567188  356.40474   50   91  472.82000  272.54920  42.4%  57.7 3069s

 761866 568346  433.13078   79  107  472.82000  272.56911  42.4%  57.7 3078s

 763436 569167  310.55943   58  127  472.82000  272.59104  42.3%  57.7 3087s

 764708 570458  333.12029   61   87  472.82000  272.62068  42.3%  57.8 3097s

 766372 571727  329.85955   60   53  472.82000  272.63252  42.3%  57.8 3106s

 768069 572843  382.57372   60  101  472.82000  272.67992  42.3%  57.8 3118s

 769680 573590  322.40599   46  152  472.82000  272.70870  42.3%  57.8 3128s

 770737 574869  387.89738   71  119  472.82000  272.72752  42.3%  57.8 3137s

 772491 576091  317.68109   62  115  472.82000  272.78420  42.3%  57.8 3148s

 774097 576781  315.81299   38  192  472.82000  272.80384  42.3%  57.8 3158s

 775156 578211  453.21339   51   79  472.82000  272.80384  42.3%  57.8 3174s

 776905 578211  345.58011   61  132  472.82000  272.85220  42.3%  57.9 3175s

 777004 579553  302.58070   51  155  472.82000  272.85220  42.3%  57.9 3188s

 778771 580916  338.32898   69   98  472.82000  272.85220  42.3%  57.9 3203s

 780503 581916  301.11208   59  116  472.82000  272.91500  42.3%  57.9 3215s

 781974 582892  395.19117   82   81  472.82000  272.94763  42.3%  57.9 3229s

 783402 584117  329.15429   62  114  472.82000  272.96733  42.3%  57.9 3242s

 785108 585158  350.87103   72  125  472.82000  272.98818  42.3%  57.9 3256s

 786522 586267  295.70159   61  154  472.82000  273.02975  42.3%  57.9 3273s

 788070 587366  422.46749   89  150  472.82000  273.05178  42.3%  57.9 3285s

 789576 588356  321.39116   44  106  472.82000  273.09372  42.2%  58.0 3302s

 790983 589579  320.78353   58  129  472.82000  273.09372  42.2%  58.0 3318s

 792563 590943  357.44300   53  121  472.82000  273.13439  42.2%  58.0 3338s

 794365 592485  320.43077   50  117  472.82000  273.17696  42.2%  58.0 3352s

 796369 593846 infeasible   71       472.82000  273.21756  42.2%  58.0 3369s

 798271 594741  317.28259   44   94  472.82000  273.25005  42.2%  58.0 3380s

 799495 596146  353.52186   72  137  472.82000  273.25005  42.2%  58.0 3398s

 801451 597668  444.82651  102  113  472.82000  273.30829  42.2%  58.0 3412s

 803422 598937  423.16791   68  109  472.82000  273.32611  42.2%  58.0 3428s

 805193 599744  423.86541  109   92  472.82000  273.37344  42.2%  58.0 3438s

 806285 601043  315.79602   59  150  472.82000  273.38959  42.2%  58.0 3455s

 808213 602191  338.41925   63  125  472.82000  273.42982  42.2%  58.0 3467s

 809819 603241  367.54650   59  103  472.82000  273.45704  42.2%  58.1 3482s

 811481 604468  346.82983   64  114  472.82000  273.48463  42.2%  58.1 3498s

 813031 605701  438.18363   86  105  472.82000  273.48463  42.2%  58.1 3511s

 814670 607084  289.14543   24  133  472.82000  273.54285  42.1%  58.1 3527s

 816590 607973  345.28324   51  118  472.82000  273.55554  42.1%  58.1 3540s

 817963 609189  324.41137   56  170  472.82000  273.58363  42.1%  58.1 3558s

 819597 610170  290.76794   44   97  472.82000  273.61537  42.1%  58.1 3572s

 820917 611613  465.28656   92   38  472.82000  273.64600  42.1%  58.1 3587s

 822808 613032  352.42977   82  157  472.82000  273.66814  42.1%  58.1 3601s

 824758 614303  422.04848   65  141  472.82000  273.69703  42.1%  58.1 3616s

 826457 615472  305.42042   66  155  472.82000  273.73208  42.1%  58.1 3631s

 828138 616432  300.48475   49  116  472.82000  273.74754  42.1%  58.1 3644s

 828380 616432  331.89981   57  140  472.82000  273.75007  42.1%  58.1 3645s

 829497 617540  461.30015   99  100  472.82000  273.77398  42.1%  58.1 3659s

 830993 618782  312.37723   51  105  472.82000  273.80264  42.1%  58.1 3674s

 832742 620117  303.34930   51  127  472.82000  273.83242  42.1%  58.1 3691s

 834485 621130  408.43846   85  154  472.82000  273.86517  42.1%  58.2 3706s

H835487 617525                     466.8000000  273.88238  41.3%  58.2 3707s

 835782 618109  387.54576   74  132  466.80000  273.88238  41.3%  58.2 3720s

H836213 616519                     465.4200000  273.88721  41.2%  58.2 3721s

 836608 617991     cutoff   91       465.42000  273.90863  41.1%  58.2 3739s

 838580 619101  390.95728   61  129  465.42000  273.92816  41.1%  58.2 3758s

H839374 604695                     458.3302824  273.94716  40.2%  58.2 3758s

 840191 605838  346.94318   59  142  458.33028  273.96389  40.2%  58.2 3775s

H841817 607058                     458.3300000  273.99211  40.2%  58.2 3794s

 843524 608051  427.46503   72   62  458.33000  274.03678  40.2%  58.2 3812s

H843872 605741                     457.4400000  274.04412  40.1%  58.2 3813s

 845078 606633  342.82624   51  102  457.44000  274.05768  40.1%  58.2 3828s

 846298 607991  342.18477   58  114  457.44000  274.07169  40.1%  58.2 3845s

 848217 609209  388.73110   70  142  457.44000  274.15502  40.1%  58.2 3859s

 850071 609705  310.57676   50   89  457.44000  274.19745  40.1%  58.3 3877s

 850688 612521  329.65463   83   65  457.44000  274.19901  40.1%  58.3 3915s

 854780 613359  399.54830   41  105  457.44000  274.26917  40.0%  58.3 3926s

 855924 614736 infeasible   70       457.44000  274.31806  40.0%  58.3 3945s

 857862 616171  418.62830   81   73  457.44000  274.36939  40.0%  58.3 3961s

 860034 617732  299.37451   50  100  457.44000  274.39013  40.0%  58.3 3981s

 862034 618704  339.83060   53  188  457.44000  274.40803  40.0%  58.3 3995s

 863447 619948  326.05706   40  103  457.44000  274.43518  40.0%  58.4 4011s

 865291 621077  366.16600   49  134  457.44000  274.46124  40.0%  58.4 4027s

 866915 621906  317.79650   59  113  457.44000  274.49629  40.0%  58.4 4041s

 868088 623264  450.39528   54  140  457.44000  274.52380  40.0%  58.4 4058s

 870000 624178  363.34321   63   64  457.44000  274.55367  40.0%  58.4 4075s

 871578 625226  306.10518   65  107  457.44000  274.57166  40.0%  58.4 4092s

 873070 626474  383.94024   63  120  457.44000  274.60855  40.0%  58.4 4106s

 874880 627655  367.80705   64  117  457.44000  274.63560  40.0%  58.4 4123s

 876502 628553  286.81819   49  132  457.44000  274.67335  40.0%  58.4 4134s

 877654 629815  363.31213   49   89  457.44000  274.68258  40.0%  58.5 4150s

 879397 630965  408.27763   96  162  457.44000  274.71962  39.9%  58.5 4168s

 881004 632272  302.69087   43  118  457.44000  274.77714  39.9%  58.5 4183s

 882796 633554  307.32968   30  165  457.44000  274.79521  39.9%  58.5 4201s

 884496 634513  386.66757   68   77  457.44000  274.82891  39.9%  58.5 4215s

 886033 635892  382.62559   88  119  457.44000  274.82891  39.9%  58.5 4235s

 887965 637194  336.23843   62  168  457.44000  274.89252  39.9%  58.5 4251s

 889796 638033  295.90313   57  119  457.44000  274.92010  39.9%  58.5 4264s

 890971 639401  429.56905   64  109  457.44000  274.93286  39.9%  58.5 4282s

 892904 640553  449.53494   92  149  457.44000  274.96000  39.9%  58.5 4297s

 894481 641522  305.84907   49  111  457.44000  275.00839  39.9%  58.5 4314s

 896120 642811  417.72377   49  128  457.44000  275.04589  39.9%  58.6 4331s

 897847 644041  421.97385   62   76  457.44000  275.06855  39.9%  58.6 4344s

 898041 644041  356.88000   59   56  457.44000  275.06855  39.9%  58.6 4345s

 899554 645010  352.77210   58   84  457.44000  275.10632  39.9%  58.6 4360s

 900989 646410  314.60808   59  164  457.44000  275.12034  39.9%  58.6 4378s

 902790 647256  308.49528   49  112  457.44000  275.15178  39.8%  58.6 4391s

 904007 648610  360.96421   62  154  457.44000  275.16654  39.8%  58.6 4410s

 905898 649794  297.67445   37  143  457.44000  275.19518  39.8%  58.6 4425s

 907598 651163  387.80714   82  140  457.44000  275.19518  39.8%  58.6 4443s

 909452 651884  296.53335   57  129  457.44000  275.26278  39.8%  58.6 4454s

 910512 653246  369.62251   55  136  457.44000  275.28226  39.8%  58.6 4471s

 912318 654487  341.33428   55   82  457.44000  275.31650  39.8%  58.6 4485s

 913982 655526  446.02991   89   96  457.44000  275.34204  39.8%  58.6 4503s

 915486 656706  325.28662   61   98  457.44000  275.35492  39.8%  58.6 4517s

 917213 657591  374.59540   67  166  457.44000  275.38880  39.8%  58.6 4533s

 918490 658904  351.14834   69  101  457.44000  275.41189  39.8%  58.7 4551s

 920363 659929  340.39922   57  125  457.44000  275.42236  39.8%  58.7 4565s

 921832 661280  307.17196   61  151  457.44000  275.45933  39.8%  58.7 4584s

 923669 662425  296.17736   29  127  457.44000  275.49357  39.8%  58.7 4597s

 925181 663685  346.17165   73  138  457.44000  275.51156  39.8%  58.7 4616s

 927016 664874  318.15777   52  165  457.44000  275.52716  39.8%  58.7 4635s

 928751 664934  315.72743   39  104  457.44000  275.54690  39.8%  58.7 4654s

 928827 665811  386.05812   48  142  457.44000  275.54690  39.8%  58.7 4668s

 930026 667298  336.56997   49   93  457.44000  275.57298  39.8%  58.7 4687s

 932091 668376  372.84873   84   79  457.44000  275.59993  39.8%  58.7 4703s

 933650 669360  359.64596   53   97  457.44000  275.62142  39.7%  58.7 4718s

 934965 670594  435.33062   84  127  457.44000  275.62728  39.7%  58.7 4735s

 936599 671680  389.72382   67   57  457.44000  275.64573  39.7%  58.7 4748s

 938185 672740  277.22368   34  191  457.44000  275.66924  39.7%  58.8 4763s

 939685 673976  433.89225   94  120  457.44000  275.67111  39.7%  58.8 4778s

 941497 674906  380.73196   76  141  457.44000  275.73035  39.7%  58.8 4794s

 942791 676234  394.29315   64  109  457.44000  275.75018  39.7%  58.8 4810s

 944590 676979  375.10181   60  111  457.44000  275.76792  39.7%  58.8 4821s

 945673 678239  345.84264   66  109  457.44000  275.78865  39.7%  58.8 4842s

 947552 679204  309.48289   53  143  457.44000  275.81778  39.7%  58.8 4859s

 948943 680339  399.94410   64   74  457.44000  275.83439  39.7%  58.8 4879s

 950510 681270  351.83223   68  148  457.44000  275.86415  39.7%  58.9 4892s

 951942 682613  387.98328   73   54  457.44000  275.88650  39.7%  58.9 4911s

 953777 683400  317.84006   51  155  457.44000  275.91538  39.7%  58.9 4926s

 954985 684628  345.33288   50  124  457.44000  275.95658  39.7%  58.9 4941s

 956732 685608  330.88584   73  120  457.44000  275.98173  39.7%  58.9 4958s

 958123 686809  352.41335   80  127  457.44000  276.00118  39.7%  58.9 4976s

 959787 688117  313.88194   65  171  457.44000  276.02157  39.7%  59.0 4993s

 961481 689490  426.64800  104   82  457.44000  276.05091  39.7%  59.0 5008s

 963343 690731  439.26740   64  101  457.44000  276.07580  39.6%  59.0 5026s

 965112 691967  347.80195   70  125  457.44000  276.09666  39.6%  59.0 5042s

 966828 693055  399.28215   66   89  457.44000  276.12087  39.6%  59.0 5060s

 968290 694264  422.88618   84  113  457.44000  276.14643  39.6%  59.0 5079s

 970098 694862  383.77776   55  124  457.44000  276.14709  39.6%  59.0 5095s

 971011 695540  304.80009   64  157  457.44000  276.18356  39.6%  59.0 5112s

 972165 696875  353.49560   49  147  457.44000  276.21219  39.6%  59.0 5134s

 974130 697782  437.33167   83  115  457.44000  276.23936  39.6%  59.0 5149s

 975711 698687  395.19711   75  103  457.44000  276.26084  39.6%  59.1 5167s

 977036 699825  423.17429   82   99  457.44000  276.28349  39.6%  59.1 5191s

 978737 700900  312.74161   65  140  457.44000  276.30543  39.6%  59.1 5209s

 979055 700900  300.53094   44  151  457.44000  276.30543  39.6%  59.1 5210s

 980267 701691  366.59371   70  137  457.44000  276.32705  39.6%  59.1 5222s

 981387 703265  310.83584   45  135  457.44000  276.35248  39.6%  59.1 5243s

 983425 704733  325.31042   62   99  457.44000  276.37849  39.6%  59.1 5261s

 985330 706034  404.35898   96   83  457.44000  276.40685  39.6%  59.1 5281s

 987057 707404  374.62068  121  131  457.44000  276.42775  39.6%  59.1 5297s

 988938 708351  319.32201   50   82  457.44000  276.45047  39.6%  59.1 5315s

 990279 709611  301.02307   38  146  457.44000  276.46581  39.6%  59.2 5333s

 991994 710622  431.20871   63  129  457.44000  276.50352  39.6%  59.2 5352s

 993343 711494  339.45023   88   86  457.44000  276.50352  39.6%  59.2 5366s

 994587 712828  288.46591   41  130  457.44000  276.55465  39.5%  59.2 5386s

 996518 714148  391.13131   60  143  457.44000  276.57924  39.5%  59.2 5402s

 998323 715494     cutoff  106       457.44000  276.60734  39.5%  59.2 5420s

 1000134 716625  387.08071   65  125  457.44000  276.63808  39.5%  59.2 5435s

 1001716 717875 infeasible  130       457.44000  276.67783  39.5%  59.2 5453s

 1003382 718795  371.41014   51  160  457.44000  276.69386  39.5%  59.2 5466s

 1004638 719957  313.26082   69  155  457.44000  276.71363  39.5%  59.2 5484s

 1005870 719957  318.61497   40  170  457.44000  276.73188  39.5%  59.2 5485s

 1006300 721168  367.68026   65   98  457.44000  276.74097  39.5%  59.2 5503s

 1007929 722383  324.44967   57  143  457.44000  276.76731  39.5%  59.2 5525s

 1009536 723561  319.20570   56  148  457.44000  276.79489  39.5%  59.2 5543s

 1011088 724696  322.28408   59  124  457.44000  276.81200  39.5%  59.2 5558s

 1012797 725951  298.03034   55  134  457.44000  276.84537  39.5%  59.3 5578s

 1014574 726810     cutoff   61       457.44000  276.87448  39.5%  59.3 5591s

 1015883 728198  317.96153   74  155  457.44000  276.89550  39.5%  59.3 5614s

 1017801 729638     cutoff   88       457.44000  276.92618  39.5%  59.3 5630s

 1019706 730754  366.10072   61  110  457.44000  276.94845  39.5%  59.3 5651s

 1021244 731837  361.59588   69  154  457.44000  276.97937  39.5%  59.3 5670s

 1022689 732842  398.20541   83  113  457.44000  276.98242  39.4%  59.3 5685s

 1024073 734258  397.48811   73  120  457.44000  277.01754  39.4%  59.3 5706s

 1026082 735543  389.92332   93  103  457.44000  277.04406  39.4%  59.3 5723s

 1027909 736884  365.00770   53  118  457.44000  277.07228  39.4%  59.3 5745s

 1029717 738046  389.65694   85   96  457.44000  277.10679  39.4%  59.3 5762s

 1031272 739463  311.32301   36  161  457.44000  277.12292  39.4%  59.3 5784s

 1032352 739463  414.62392  104  100  457.44000  277.12627  39.4%  59.3 5785s

 1033128 740575  422.91126   81   71  457.44000  277.14160  39.4%  59.3 5802s

 1034730 741510  341.18180   50  124  457.44000  277.16682  39.4%  59.3 5820s

 1036078 742894  350.12318   50  101  457.44000  277.19867  39.4%  59.3 5839s

 1037908 744103  408.02746   75  178  457.44000  277.21553  39.4%  59.3 5853s

 1039548 745266  373.44443   56  108  457.44000  277.24567  39.4%  59.3 5871s

 1041160 746155  377.75667  100  120  457.44000  277.27181  39.4%  59.4 5886s

 1042533 747320  377.73811   54  116  457.44000  277.29736  39.4%  59.4 5906s

 1044174 748466  337.44183   63  114  457.44000  277.32673  39.4%  59.4 5926s

 1045912 749381  300.74057   52   74  457.44000  277.35591  39.4%  59.4 5938s

 1047101 750485  362.40616   73  147  457.44000  277.36884  39.4%  59.4 5958s

 1048681 751813  314.50345   45  123  457.44000  277.39895  39.4%  59.4 5974s

 1050437 752970  319.95556   59  147  457.44000  277.43234  39.4%  59.4 5992s

 1052091 753905  350.91425   66  114  457.44000  277.45619  39.3%  59.4 6008s

 1053394 755259  393.49324   61  118  457.44000  277.47374  39.3%  59.4 6028s

 1055156 756159  446.23437   95   67  457.44000  277.48952  39.3%  59.4 6043s

 1056512 757011  295.89603   46  156  457.44000  277.52083  39.3%  59.4 6066s

 1057658 758277  394.16762   81   70  457.44000  277.52083  39.3%  59.4 6087s

 1059376 759775  325.22773   59   94  457.44000  277.56763  39.3%  59.5 6107s

 1061394 760637  376.90482   38   90  457.44000  277.59768  39.3%  59.5 6123s

 1062533 761747  302.95052   65  108  457.44000  277.60284  39.3%  59.5 6142s

 1064169 762903  379.66184   49  144  457.44000  277.64926  39.3%  59.5 6159s

 1064726 762903  339.71738   65   96  457.44000  277.64926  39.3%  59.5 6160s

 1065743 763901  336.12323   66  110  457.44000  277.66928  39.3%  59.5 6178s

 1067129 764990  380.54615   87  106  457.44000  277.67991  39.3%  59.5 6199s

 1068413 764990  321.14331   51  170  457.44000  277.67991  39.3%  59.5 6200s

 1068855 766272  381.48206   57   52  457.44000  277.72041  39.3%  59.5 6218s

 1070736 767071  447.37550   82  123  457.44000  277.73379  39.3%  59.5 6237s

 1071876 768461  327.32378   43  142  457.44000  277.77728  39.3%  59.5 6256s

 1073735 769444  448.07511  112  103  457.44000  277.79248  39.3%  59.5 6274s

 1074118 769444  372.04944   53   91  457.44000  277.79248  39.3%  59.5 6275s

 1075136 770691  381.21868   55  124  457.44000  277.81542  39.3%  59.5 6297s

 1076896 772096  445.24611  111  107  457.44000  277.84317  39.3%  59.5 6316s

 1078960 772952  315.37901   49  116  457.44000  277.85970  39.3%  59.5 6332s

 1080200 774302  335.18512   49  135  457.44000  277.88354  39.3%  59.6 6352s

 1082020 775747  351.12081   61   72  457.44000  277.90643  39.2%  59.6 6370s

 1083874 776891  408.43700   84  125  457.44000  277.93423  39.2%  59.6 6390s

 1085505 778094     cutoff   71       457.44000  277.95605  39.2%  59.6 6409s

 1087192 779063  358.65874   61  109  457.44000  277.98505  39.2%  59.6 6426s

 1088487 780428  366.67007   51   71  457.44000  277.99554  39.2%  59.6 6448s

 1090357 781545 infeasible   59       457.44000  278.03877  39.2%  59.6 6465s

 1092127 782365  436.18965   87   95  457.44000  278.05523  39.2%  59.6 6482s

 1093284 783135  303.32645   48  163  457.44000  278.08101  39.2%  59.6 6499s

 1094610 784178  351.48141   59  133  457.44000  278.10408  39.2%  59.6 6517s

 1096424 785062  285.36373   44  213  457.44000  278.11740  39.2%  59.6 6537s

 1097626 786047  415.47905   58   94  457.44000  278.11740  39.2%  59.6 6558s

 1099044 787491  408.73566   96  108  457.44000  278.16607  39.2%  59.6 6582s

 1101043 788989  308.31519   42  154  457.44000  278.20632  39.2%  59.6 6600s

 1103060 789731  306.60815   46  155  457.44000  278.23353  39.2%  59.6 6616s

 1104306 790936  425.16353   65   93  457.44000  278.23683  39.2%  59.7 6636s

 1106064 792123  339.23375   57   92  457.44000  278.29232  39.2%  59.7 6654s

 1107616 792971  331.44314   64  133  457.44000  278.29232  39.2%  59.7 6672s

 1108823 794324  315.25765   51  101  457.44000  278.31971  39.2%  59.7 6695s

 1110657 795555  336.24951   48  106  457.44000  278.34110  39.2%  59.7 6715s

 1112393 796759  299.68436   48  131  457.44000  278.37333  39.1%  59.7 6736s

 1114066 797910 infeasible   92       457.44000  278.38312  39.1%  59.7 6753s

 1115650 799208  313.76000   54  125  457.44000  278.40759  39.1%  59.7 6775s

 1117453 800439  445.39569   74  112  457.44000  278.41488  39.1%  59.7 6794s

 1119252 801326  394.21962   99  149  457.44000  278.45173  39.1%  59.8 6812s

 1120434 802659  292.98176   50   85  457.44000  278.47749  39.1%  59.8 6832s

 1122162 802673  333.41592   68   96  457.44000  278.48877  39.1%  59.8 6861s

 1122180 802689  336.71924   69   92  457.44000  278.48877  39.1%  59.8 6878s

 1122196 802704  351.80752   70   77  457.44000  278.48877  39.1%  59.8 6900s

 1122213 802785  352.62608   71   84  457.44000  278.48877  39.1%  59.8 6919s

 1122311 803185  397.10912   70  127  457.44000  278.49011  39.1%  59.8 6937s

 1122895 804003  353.18263   72   86  457.44000  278.49011  39.1%  59.8 6957s

 1124047 804765  290.63629   52  138  457.44000  278.51491  39.1%  59.8 6979s

 1125058 804765  301.29066   31  149  457.44000  278.51759  39.1%  59.8 6980s

 1125174 806316  325.24309   38  229  457.44000  278.53030  39.1%  59.8 7008s

 1127300 807278  353.28961   41  140  457.44000  278.56602  39.1%  59.8 7028s

 1128691 808299  348.09073   58  147  457.44000  278.59491  39.1%  59.8 7047s

 1130044 809801  444.41195   69  110  457.44000  278.59491  39.1%  59.8 7072s

 1132129 810783  415.16211   65  119  457.44000  278.63893  39.1%  59.9 7092s

 1133556 811944  347.95841   60  130  457.44000  278.67957  39.1%  59.9 7117s

 1135141 813409  311.99114   43  196  457.44000  278.71313  39.1%  59.9 7141s

 1137113 814658  374.23252   47   85  457.44000  278.73911  39.1%  59.9 7163s

 1138722 816046  291.23004   56  127  457.44000  278.75849  39.1%  59.9 7187s

 1140643 816662  300.31535   50  152  457.44000  278.77509  39.1%  59.9 7207s

 1141570 818029  392.79564   70   96  457.44000  278.78540  39.1%  59.9 7232s

 1143393 819067  386.28869   62   75  457.44000  278.81100  39.0%  59.9 7251s

 1144984 820583  454.20785  107   93  457.44000  278.83091  39.0%  59.9 7277s

 1147064 821426  445.77115  117  124  457.44000  278.85134  39.0%  59.9 7294s

 1148244 821426  336.94734   86  137  457.44000  278.87781  39.0%  59.9 7295s

 1148331 822568  439.46691  119  112  457.44000  278.87781  39.0%  59.9 7317s

 1149999 823849  312.41644   64  151  457.44000  278.89912  39.0%  59.9 7334s

 1150828 823849  304.96056   51  150  457.44000  278.90049  39.0%  59.9 7335s

 1151699 825128  347.01398   57  152  457.44000  278.92198  39.0%  60.0 7356s

 1153434 825984  314.10395   51  134  457.44000  278.93985  39.0%  60.0 7372s

 1154661 827157  386.30289   71  143  457.44000  278.95040  39.0%  60.0 7394s

 1155551 827157  322.05834   73  142  457.44000  278.95040  39.0%  60.0 7395s

 1156397 828214  446.03850   78   88  457.44000  278.98421  39.0%  60.0 7413s

 1157994 829177  333.43502   55  159  457.44000  279.00772  39.0%  60.0 7434s

 1158408 829177  307.09639   48  123  457.44000  279.00772  39.0%  60.0 7435s

 1159235 830122  292.81281   67  134  457.44000  279.00772  39.0%  60.0 7452s

 1160547 831348  343.86992   50  119  457.44000  279.04167  39.0%  60.0 7475s

 1162180 832573 infeasible   92       457.44000  279.05896  39.0%  60.0 7494s

 1163940 833808  349.80185   83   97  457.44000  279.08560  39.0%  60.0 7516s

 1165597 834720  355.42843   63   93  457.44000  279.10746  39.0%  60.0 7532s

 1166946 836008  336.40334   55  133  457.44000  279.12759  39.0%  60.0 7556s

 1168706 836972  310.90067   43  145  457.44000  279.15508  39.0%  60.0 7573s

 1170084 838126  356.39289   85  156  457.44000  279.17215  39.0%  60.0 7595s

 1171796 839227  329.18209   50  126  457.44000  279.18093  39.0%  60.0 7618s

 1173343 840371  330.43655   49  155  457.44000  279.20956  39.0%  60.0 7634s

 1173539 840371  365.55272   55  193  457.44000  279.20972  39.0%  60.0 7635s

 1174989 841061  437.87607   89  123  457.44000  279.22500  39.0%  60.1 7650s

 1176073 842280  424.07753   65   56  457.44000  279.24623  39.0%  60.1 7672s

 1177762 843594  338.67020   54  105  457.44000  279.27532  38.9%  60.1 7692s

 1179575 845008  324.11985   49  182  457.44000  279.30282  38.9%  60.1 7716s

 1181451 846048  447.83077   88  101  457.44000  279.31357  38.9%  60.1 7733s

 1182907 846833  312.63213   45   72  457.44000  279.31821  38.9%  60.1 7752s

 1184125 848089  341.32928   48   94  457.44000  279.34623  38.9%  60.1 7776s

 1185929 848961  375.07432   53  120  457.44000  279.36333  38.9%  60.1 7790s

 1187086 850165  336.58025   60  150  457.44000  279.36872  38.9%  60.1 7812s

 1188811 851349  351.88040   54  105  457.44000  279.40731  38.9%  60.1 7832s

 1190590 852433  359.95602   51   96  457.44000  279.43316  38.9%  60.1 7856s

 1192126 853666  355.25020   74  115  457.44000  279.45651  38.9%  60.2 7881s

 1193952 854768  397.39075   52  107  457.44000  279.47130  38.9%  60.2 7897s

 1195397 855974  410.26656   86  109  457.44000  279.50670  38.9%  60.2 7921s

 1196981 857330  355.59989   64  103  457.44000  279.51253  38.9%  60.2 7941s

 1198800 858308  383.90520   68  109  457.44000  279.53868  38.9%  60.2 7962s

 1200282 859460  287.38913   47  171  457.44000  279.56207  38.9%  60.2 7983s

 1201874 860749  415.61654   97  125  457.44000  279.56297  38.9%  60.2 8002s

 1203658 861799  307.46055   54  116  457.44000  279.62122  38.9%  60.2 8024s

 1205071 863100  368.88934   75  151  457.44000  279.62922  38.9%  60.2 8047s

 1206825 863976  333.50801   43  101  457.44000  279.65597  38.9%  60.2 8062s

 1208027 865230  305.41836   55  146  457.44000  279.66933  38.9%  60.2 8084s

 1209730 866509  300.36693   40  158  457.44000  279.70534  38.9%  60.2 8103s

 1211551 867506  343.75720   42  143  457.44000  279.70788  38.9%  60.3 8125s

 1213075 868628  442.82617   80  119  457.44000  279.73567  38.8%  60.3 8147s

 1214770 869681  317.06526   35  101  457.44000  279.77092  38.8%  60.3 8165s

 1216319 870945  406.59476   65  100  457.44000  279.78293  38.8%  60.3 8190s

 1218085 872217  412.48232   71  109  457.44000  279.80224  38.8%  60.3 8209s

 1219518 872217  395.11423   63  144  457.44000  279.82241  38.8%  60.3 8210s

 1219843 873175  301.07030   51  169  457.44000  279.84339  38.8%  60.3 8228s

 1221166 874375  282.77235   42  171  457.44000  279.86214  38.8%  60.3 8250s

 1222801 875535  310.01354   50  111  457.44000  279.88352  38.8%  60.3 8267s

 1224485 876454  379.65060   63  103  457.44000  279.91565  38.8%  60.3 8281s

 1225706 877633  337.21713   60  120  457.44000  279.93674  38.8%  60.3 8305s

 1227522 878965  419.86037   70  161  457.44000  279.96427  38.8%  60.3 8326s

 1229445 880103  377.49713   78  105  457.44000  279.98852  38.8%  60.3 8349s

 1230873 880103  358.49945   64  135  457.44000  280.00924  38.8%  60.3 8350s

 1230951 881390  448.10218   69   79  457.44000  280.00924  38.8%  60.3 8373s

 1232787 882266  374.34253   65   89  457.44000  280.03988  38.8%  60.3 8392s

 1234031 883729  331.22817   36  159  457.44000  280.06480  38.8%  60.3 8420s

 1236113 884612  306.36896   59  162  457.44000  280.09010  38.8%  60.3 8438s

 1237491 886061  338.80822   53   44  457.44000  280.10830  38.8%  60.4 8464s

 1237901 886061  362.01328   51  129  457.44000  280.11136  38.8%  60.4 8465s

 1239427 886568  364.81643  122  154  457.44000  280.13753  38.8%  60.4 8487s

 1240340 887915  387.20843  137   96  457.44000  280.13753  38.8%  60.4 8513s

 1242306 888039  345.48163   63  132  457.44000  280.18311  38.7%  60.4 8530s

 1242464 888743  346.36351   64  129  457.44000  280.18312  38.7%  60.4 8550s

 1243515 889812  313.05355   39  116  457.44000  280.19504  38.7%  60.4 8572s

 1245038 891383  337.86583   71  126  457.44000  280.21369  38.7%  60.4 8599s

 1245195 891383  447.58048  108   72  457.44000  280.21369  38.7%  60.4 8600s

 1247117 892862  407.41015   83  127  457.44000  280.23886  38.7%  60.4 8624s

 1249079 894325  293.17597   52  173  457.44000  280.26620  38.7%  60.4 8650s

 1251015 895795  416.92398   76  127  457.44000  280.27834  38.7%  60.4 8672s

 1253032 896855  390.67394   71   95  457.44000  280.30716  38.7%  60.4 8694s

 1254476 897761  451.42018   83  106  457.44000  280.32100  38.7%  60.4 8714s

 1255790 898971  292.85424   43  192  457.44000  280.34245  38.7%  60.4 8739s

 1256418 898971  312.09447   28   98  457.44000  280.35156  38.7%  60.4 8740s

 1257600 900051  382.70090   81  157  457.44000  280.36412  38.7%  60.4 8760s

 1259159 901327  424.39954   57  151  457.44000  280.38036  38.7%  60.4 8787s

 1260916 902524  354.81169   64  116  457.44000  280.40104  38.7%  60.4 8814s

 1261033 902524  328.10788   74   97  457.44000  280.40104  38.7%  60.4 8815s

 1262835 903567  330.44722   73  126  457.44000  280.42185  38.7%  60.5 8832s

 1264260 904902  315.76225   48  144  457.44000  280.42185  38.7%  60.5 8858s

 1266181 906021  439.65987   87   91  457.44000  280.44750  38.7%  60.5 8880s

 1267764 907085  360.71589   71  109  457.44000  280.46880  38.7%  60.5 8903s

 1269203 908562  322.26917   84  112  457.44000  280.48582  38.7%  60.5 8930s

 1271145 909849 infeasible  115       457.44000  280.50971  38.7%  60.5 8955s

 1272968 910818  359.81356   63  146  457.44000  280.53195  38.7%  60.5 8978s

 1274344 912122  325.54113   45  160  457.44000  280.54649  38.7%  60.5 9002s

 1276194 913377  338.23182   48  102  457.44000  280.56986  38.7%  60.5 9023s

 1277991 914330  380.86185   69  114  457.44000  280.58548  38.7%  60.5 9042s

 1279268 915464  395.45870  107   87  457.44000  280.60976  38.7%  60.5 9066s

 1280846 916741  451.00717   89  130  457.44000  280.63118  38.7%  60.5 9085s

 1282579 917622  361.04562   49  114  457.44000  280.64902  38.6%  60.6 9106s

 1283844 918840  358.26539   61  137  457.44000  280.66525  38.6%  60.6 9130s

 1285552 920072  351.84753   87  151  457.44000  280.68668  38.6%  60.6 9155s

 1287247 921453  288.82063   45  184  457.44000  280.71706  38.6%  60.6 9179s

 1289055 922318  367.41223   68  116  457.44000  280.73562  38.6%  60.6 9198s

 1290286 923135  365.67194   73   85  457.44000  280.75478  38.6%  60.6 9216s

 1291469 924319  298.25276   49  118  457.44000  280.77825  38.6%  60.6 9241s

 1293275 925736  341.96576   74  168  457.44000  280.79138  38.6%  60.6 9262s

 1295179 926689     cutoff   96       457.44000  280.81538  38.6%  60.6 9285s

 1296640 927514  297.23373   49  122  457.44000  280.82876  38.6%  60.6 9308s

 1297827 928688  447.07555   51   80  457.44000  280.82876  38.6%  60.6 9335s

 1299479 930118  307.36090   41  102  457.44000  280.85602  38.6%  60.6 9362s

 1301422 931753  359.47989   65   68  457.44000  280.88370  38.6%  60.6 9386s

 1303599 932716  373.79796   67  107  457.44000  280.91708  38.6%  60.6 9410s

 1304976 934047  375.39240   68   67  457.44000  280.92973  38.6%  60.6 9438s

 1306774 934047  347.18910   48  125  457.44000  280.94396  38.6%  60.6 9440s

 1306881 935146  430.11009   97  107  457.44000  280.94396  38.6%  60.6 9463s

 1308355 936309  439.01618   79   81  457.44000  280.96957  38.6%  60.7 9483s

 1310135 937568  431.86835   46  113  457.44000  280.97044  38.6%  60.7 9507s

 1311903 938925  396.57159  108  119  457.44000  281.00382  38.6%  60.7 9530s

 1313825 940068  396.30977   74  125  457.44000  281.01986  38.6%  60.7 9554s

 1315383 940068  307.17339   40   74  457.44000  281.04187  38.6%  60.7 9555s

 1315480 941110  400.17534   76  124  457.44000  281.04691  38.6%  60.7 9574s

 1316909 941110  304.72393   53  128  457.44000  281.06875  38.6%  60.7 9575s

 1317030 942170  324.11662   63  117  457.44000  281.06875  38.6%  60.7 9600s

 1318563 942969  329.83810   46  220  457.44000  281.08767  38.6%  60.7 9620s

 1319738 944703  373.10492   83  132  457.44000  281.09222  38.6%  60.7 9652s

 1322076 946003  299.65104   45  122  457.44000  281.13146  38.5%  60.7 9673s

 1323853 947317  414.62735  120   99  457.44000  281.15055  38.5%  60.7 9701s

 1325731 948261  339.96368   54   93  457.44000  281.17386  38.5%  60.7 9718s

 1327040 949425  428.71680   75  114  457.44000  281.20039  38.5%  60.7 9742s

 1328752 950565  363.66138   72   45  457.44000  281.23122  38.5%  60.8 9761s

 1330458 951558  306.29250   62  110  457.44000  281.24473  38.5%  60.8 9783s

 1331853 952756  311.63565   56  162  457.44000  281.27002  38.5%  60.8 9811s

 1333765 954032  283.16679   39  151  457.44000  281.28936  38.5%  60.8 9830s

 1335547 955291  401.64824   57  118  457.44000  281.30628  38.5%  60.8 9855s

 1337356 956168  301.46853   56  190  457.44000  281.32785  38.5%  60.8 9873s

 1338552 957459  430.66734   80  102  457.44000  281.34343  38.5%  60.8 9899s

 1340400 958490  369.94039   57  123  457.44000  281.36003  38.5%  60.8 9921s

 1341937 959687  434.66254   86  111  457.44000  281.37803  38.5%  60.8 9946s

 1343532 960785  443.85475   86   58  457.44000  281.37984  38.5%  60.8 9966s

 1345174 961809  358.67267   64  123  457.44000  281.41793  38.5%  60.8 9990s

 1346658 962816     cutoff   63       457.44000  281.43288  38.5%  60.8 10016s

 1348063 964107  423.67825   53  177  457.44000  281.44149  38.5%  60.8 10038s

 1349856 964933  293.33180   36  168  457.44000  281.47012  38.5%  60.8 10059s

 1350958 964933  373.37617   51  138  457.44000  281.47696  38.5%  60.9 10060s

 1351063 966353  411.24639   64   75  457.44000  281.47696  38.5%  60.9 10085s

 1352935 967739  334.26576   53   98  457.44000  281.51235  38.5%  60.9 10108s

 1354835 968968  343.13746   59  183  457.44000  281.52691  38.5%  60.9 10133s

 1356410 970194  340.38718   67  124  457.44000  281.53736  38.5%  60.9 10155s

 1358186 971147  354.20297   60  137  457.44000  281.56597  38.4%  60.9 10176s

 1359528 972493  387.27956   99  148  457.44000  281.58085  38.4%  60.9 10198s

 1361490 973211  296.63634   67  165  457.44000  281.60439  38.4%  60.9 10217s

 1362501 974868  319.28077   46  137  457.44000  281.62265  38.4%  60.9 10247s

 1364849 976215  415.27940   75  107  457.44000  281.63106  38.4%  61.0 10272s

 1366663 977747  441.88499   70  118  457.44000  281.65500  38.4%  61.0 10302s

 1368815 978718  376.27137   81   78  457.44000  281.67552  38.4%  61.0 10328s

 1370108 980108  405.32623   74   96  457.44000  281.68415  38.4%  61.0 10355s

 1372051 981055  431.60403   58  112  457.44000  281.71124  38.4%  61.0 10372s

 1373327 982316  328.73448   73  111  457.44000  281.73725  38.4%  61.0 10397s

 1375064 983497  291.70467   51  182  457.44000  281.75382  38.4%  61.0 10422s

 1376685 984953  353.94563   63   86  457.44000  281.77061  38.4%  61.0 10444s

 1377050 984953  384.19285   65  104  457.44000  281.77061  38.4%  61.0 10445s

 1378676 986040  408.54163   82  115  457.44000  281.78740  38.4%  61.0 10469s

 1379780 986040  385.13789   64   86  457.44000  281.79354  38.4%  61.0 10470s

 1380173 987292     cutoff  119       457.44000  281.80862  38.4%  61.0 10494s

 1381915 987975  337.69666   47  112  457.44000  281.82834  38.4%  61.0 10513s

 1383000 989818  310.10904   50  117  457.44000  281.82834  38.4%  61.0 10545s

 1385510 991095  394.23489   83  154  457.44000  281.86851  38.4%  61.0 10568s

 1387594 992280  372.06494   59   74  457.44000  281.88904  38.4%  61.0 10592s

 1389296 993229  335.64852   47  141  457.44000  281.90080  38.4%  61.0 10610s

 1390669 994299  331.69012   65   60  457.44000  281.91338  38.4%  61.0 10633s

 1392126 995070  380.34882   66   96  457.44000  281.91365  38.4%  61.0 10653s

 1393244 996402  295.66210   51  149  457.44000  281.94534  38.4%  61.0 10680s

 1395054 997673  353.03529   47  134  457.44000  281.96727  38.4%  61.0 10702s

 1396825 998848  330.99331   84  128  457.44000  281.98866  38.4%  61.0 10727s

 1398513 999956  443.37500   81  111  457.44000  282.01100  38.4%  61.0 10746s

 1400014 1001293  313.80464   53  149  457.44000  282.02398  38.3%  61.0 10771s

 1401846 1002206  363.25097   84   90  457.44000  282.02490  38.3%  61.1 10788s

 1403241 1003315  368.00510   55  136  457.44000  282.06473  38.3%  61.1 10812s

 1404832 1004073  305.32311   43  164  457.44000  282.07561  38.3%  61.1 10834s

 1405660 1004073 infeasible  104       457.44000  282.07561  38.3%  61.1 10835s

 1405912 1005345  375.66960   58   87  457.44000  282.07597  38.3%  61.1 10858s

 1407662 1006676  342.86751   71  150  457.44000  282.10431  38.3%  61.1 10881s

 1409463 1007656  358.14200   48   75  457.44000  282.13414  38.3%  61.1 10903s

 1410857 1008840  304.88457   50  118  457.44000  282.14921  38.3%  61.1 10929s

 1411100 1008840  394.26549   83   74  457.44000  282.14921  38.3%  61.1 10930s

 1412550 1009815  322.61641   48  152  457.44000  282.16938  38.3%  61.1 10948s

 1413907 1011164 infeasible   57       457.44000  282.18571  38.3%  61.1 10975s

 1415913 1012555  400.08784   90  128  457.44000  282.20769  38.3%  61.1 11000s

 1417858 1013780  292.72976   40  131  457.44000  282.23121  38.3%  61.1 11021s

 1419645 1015071  449.29836  111  128  457.44000  282.24850  38.3%  61.1 11048s

 1420994 1015071  313.95472   57  189  457.44000  282.25835  38.3%  61.2 11050s

 1421420 1016075  380.35271   83  104  457.44000  282.27447  38.3%  61.2 11067s

 1422799 1017275  450.79357   89  100  457.44000  282.28690  38.3%  61.2 11094s

 1424506 1017823  333.31678   60  156  457.44000  282.31048  38.3%  61.2 11116s

 1425294 1019541  330.07375   62  129  457.44000  282.31987  38.3%  61.2 11151s

 1427823 1021263  335.68268   45   99  457.44000  282.34528  38.3%  61.2 11178s

 1430240 1022616  300.27813   58  151  457.44000  282.36833  38.3%  61.2 11207s

 1432230 1023976  360.77621   57   97  457.44000  282.38999  38.3%  61.2 11233s

 1434126 1025398  318.98592   50   82  457.44000  282.41032  38.3%  61.2 11256s

 1436042 1026412  361.90854   58  137  457.44000  282.41992  38.3%  61.2 11279s

 1437466 1027957 infeasible   93       457.44000  282.44231  38.3%  61.2 11307s

 1439499 1028955  348.53765   58  102  457.44000  282.45880  38.3%  61.2 11325s

 1440955 1029915  379.33534   57   65  457.44000  282.47779  38.2%  61.2 11350s

 1442637 1030755  323.50410   57   97  457.44000  282.50091  38.2%  61.2 11373s

 1444001 1031579  408.97297   87  124  457.44000  282.51865  38.2%  61.3 11395s

 1445390 1032542  326.74929   49  102  457.44000  282.53326  38.2%  61.3 11417s

 1446845 1033686  324.16184   52  117  457.44000  282.56239  38.2%  61.3 11438s

 1448558 1034724  338.52961   70   80  457.44000  282.57302  38.2%  61.3 11463s

 1450062 1035825  322.36891   43  162  457.44000  282.58892  38.2%  61.3 11487s

 1451587 1036909  452.14556   89   91  457.44000  282.60542  38.2%  61.3 11509s

 1452421 1036909  433.74037  110   56  457.44000  282.60639  38.2%  61.3 11510s

 1453224 1038127  283.79301   45  119  457.44000  282.61708  38.2%  61.3 11534s

 1454954 1039355  338.06372   59  124  457.44000  282.63454  38.2%  61.3 11560s

 1456690 1040334  404.42750   67   98  457.44000  282.66538  38.2%  61.3 11578s

 1458103 1041252  376.84259   70  100  457.44000  282.67964  38.2%  61.3 11598s

 1459394 1042615  358.55966   79  100  457.44000  282.67964  38.2%  61.4 11624s

 1460228 1042615  330.40485   52  126  457.44000  282.69541  38.2%  61.4 11625s

 1461360 1043948  359.41250   64  149  457.44000  282.71385  38.2%  61.4 11646s

 1463298 1044960  443.88488   73   69  457.44000  282.72847  38.2%  61.4 11672s

 1464916 1046265  423.65179   60   83  457.44000  282.72865  38.2%  61.4 11693s

 1466776 1047269  402.44722   68  116  457.44000  282.75893  38.2%  61.4 11718s

 1468204 1048325  331.39258   61  109  457.44000  282.77834  38.2%  61.4 11741s

 1469610 1049835  341.83917   49  129  457.44000  282.79451  38.2%  61.4 11761s

 1471569 1050665  351.50235   64  157  457.44000  282.81343  38.2%  61.4 11784s

 1472772 1052149  357.07274   78  132  457.44000  282.83144  38.2%  61.4 11813s

 1474870 1053427  314.67413   53   95  457.44000  282.85136  38.2%  61.4 11839s

 1476673 1054842  343.69787   64  100  457.44000  282.86932  38.2%  61.4 11860s

 1478574 1055689  375.39283   72   87  457.44000  282.90193  38.2%  61.4 11885s

 1479968 1056719 infeasible   77       457.44000  282.91730  38.2%  61.4 11907s

 1481398 1058088  393.46485   79  135  457.44000  282.93337  38.1%  61.4 11934s

 1482642 1058088  439.91372   74  167  457.44000  282.93633  38.1%  61.4 11935s

 1483333 1059529  329.74292   77  126  457.44000  282.94500  38.1%  61.4 11956s

 1485337 1060563  404.99567   81  138  457.44000  282.96666  38.1%  61.4 11980s

 1486999 1061642  366.13705   72  121  457.44000  282.97832  38.1%  61.4 12001s

 1488461 1062640  371.42141   52   62  457.44000  282.98679  38.1%  61.4 12022s

 1489903 1063905 infeasible   73       457.44000  283.01349  38.1%  61.4 12049s

 1491724 1064880  329.48822   54  155  457.44000  283.03253  38.1%  61.5 12067s

 1493092 1066066  307.65585   48  113  457.44000  283.04770  38.1%  61.5 12093s

 1494859 1067286  359.72979   56  107  457.44000  283.06424  38.1%  61.5 12114s

 1496640 1068318  437.70262   90   95  457.44000  283.08105  38.1%  61.5 12135s

 1498010 1069513  355.81963   63  103  457.44000  283.09224  38.1%  61.5 12159s

 1499755 1070893  391.05605   76   96  457.44000  283.11214  38.1%  61.5 12182s

 1501757 1072337  339.56409   57  124  457.44000  283.13479  38.1%  61.5 12209s

 1502288 1072337  368.58007   59  125  457.44000  283.13690  38.1%  61.5 12210s

 1503665 1073249  382.21740   52   80  457.44000  283.14808  38.1%  61.5 12225s

 1504944 1074655  348.46805   80   50  457.44000  283.16595  38.1%  61.5 12253s

 1506825 1075939  414.75520   73   91  457.44000  283.17632  38.1%  61.5 12273s

 1508499 1077230  321.25191   54  196  457.44000  283.19211  38.1%  61.5 12297s

 1510255 1078422     cutoff  114       457.44000  283.21732  38.1%  61.5 12320s

 1511864 1079431  301.14681   46  136  457.44000  283.23291  38.1%  61.5 12339s

 1513164 1080865  331.40197   67  127  457.44000  283.24460  38.1%  61.5 12367s

 1515072 1082068  415.93632   45  177  457.44000  283.25462  38.1%  61.5 12389s

 1516171 1082068  315.73414   62  167  457.44000  283.25827  38.1%  61.5 12390s

 1516776 1083029  421.54633   72  100  457.44000  283.27299  38.1%  61.5 12411s

 1518220 1084113  429.39027   81  101  457.44000  283.28582  38.1%  61.5 12428s

 1519849 1085439  358.21407   75   78  457.44000  283.29813  38.1%  61.5 12453s

 1521749 1086767  371.79683   47  103  457.44000  283.32933  38.1%  61.5 12478s

 1523496 1087697 infeasible   97       457.44000  283.34082  38.1%  61.5 12497s

 1524908 1088718  301.28065   52  117  457.44000  283.36308  38.1%  61.5 12517s

 1526500 1089736  399.70220   60   77  457.44000  283.37263  38.1%  61.6 12536s

 1527980 1090861  325.00762   62  106  457.44000  283.38638  38.0%  61.6 12562s

 1529578 1091842  364.87143   71  173  457.44000  283.40379  38.0%  61.6 12580s

 1530974 1093036  363.86373   78   82  457.44000  283.42448  38.0%  61.6 12604s

 1532512 1094272 infeasible   63       457.44000  283.43487  38.0%  61.6 12628s

 1534290 1095571  355.22246   72  143  457.44000  283.45569  38.0%  61.6 12647s

 1535929 1096398  406.25120   67  127  457.44000  283.46467  38.0%  61.6 12666s

 1537122 1097654  427.92736   67  145  457.44000  283.48223  38.0%  61.6 12685s

 1538844 1098598  351.13693   44  144  457.44000  283.50200  38.0%  61.6 12706s

 1540189 1099705  326.57960   53  182  457.44000  283.51791  38.0%  61.6 12730s

 1541729 1101292  414.29791   71  154  457.44000  283.53299  38.0%  61.6 12751s

 1543906 1102131  406.35638   68  149  457.44000  283.55862  38.0%  61.6 12772s

 1545096 1103476  388.93391   70   81  457.44000  283.56785  38.0%  61.6 12797s

 1546921 1104589  306.09440   56  152  457.44000  283.59066  38.0%  61.6 12816s

 1548637 1105218  323.20313   60  195  457.44000  283.59929  38.0%  61.6 12837s

 1550067 1106156  316.01011   67  121  457.44000  283.62282  38.0%  61.6 12858s

 1551393 1106928  358.27855   70  126  457.44000  283.64069  38.0%  61.6 12877s

 1552535 1108738  309.59269   39  185  457.44000  283.66165  38.0%  61.7 12903s

 1554921 1109909  399.90666   62   96  457.44000  283.68067  38.0%  61.7 12929s

 1555177 1109909  443.14306  117   69  457.44000  283.68067  38.0%  61.7 12930s

 1556657 1111163  406.08729   70   62  457.44000  283.69126  38.0%  61.7 12949s

 1556748 1111163  340.07907   61  114  457.44000  283.69126  38.0%  61.7 12950s

 1558321 1112404  320.23053   72  128  457.44000  283.71266  38.0%  61.7 12974s

 1560125 1113773  313.76621   52   95  457.44000  283.73871  38.0%  61.7 12998s

 1561920 1115068  353.24950   40  171  457.44000  283.75447  38.0%  61.7 13017s

 1563730 1115895  400.39235   70   90  457.44000  283.77463  38.0%  61.7 13037s

 1564914 1117123  323.48368   49  168  457.44000  283.79205  38.0%  61.7 13056s

 1566671 1118274  315.66690   51  141  457.44000  283.81345  38.0%  61.7 13081s

 1568215 1119620  379.19360   56   73  457.44000  283.83697  38.0%  61.7 13108s

 1569998 1120959  293.51341   33  167  457.44000  283.85413  37.9%  61.7 13126s

 1571703 1121887  402.37462   78  129  457.44000  283.87064  37.9%  61.7 13147s

 1573097 1122762  451.17002   88   56  457.44000  283.89195  37.9%  61.7 13164s

 1574374 1123880  397.88903   74  100  457.44000  283.89286  37.9%  61.7 13188s

 1576329 1124659  380.96737   61  115  457.44000  283.92311  37.9%  61.7 13206s

 1577436 1126187  371.06327   69   96  457.44000  283.93809  37.9%  61.7 13228s

 1579513 1127561  364.50027   67   77  457.44000  283.95434  37.9%  61.7 13252s

 1581386 1128795  377.77795   70   89  457.44000  283.97148  37.9%  61.7 13277s

 1583203 1129625  334.40717   63   93  457.44000  283.99073  37.9%  61.7 13294s

 1584057 1129625  336.49969   39  106  457.44000  284.00399  37.9%  61.7 13295s

 1584419 1130677  327.67869   39   87  457.44000  284.00399  37.9%  61.7 13318s

 1585991 1131897  317.41967   38  116  457.44000  284.02089  37.9%  61.7 13337s

 1587584 1133204  382.90018   76  108  457.44000  284.03619  37.9%  61.7 13362s

 1589430 1134488  424.06182   71  104  457.44000  284.05220  37.9%  61.7 13382s

 1591147 1135315  369.84659   45   88  457.44000  284.08220  37.9%  61.8 13404s

 1592133 1135315  447.63621   87  113  457.44000  284.08620  37.9%  61.8 13405s

 1592330 1136789  447.66310   80   83  457.44000  284.09173  37.9%  61.8 13429s

 1592746 1136789  390.63829   67  131  457.44000  284.09269  37.9%  61.8 13430s

 1594412 1137981  413.24829   86   66  457.44000  284.11713  37.9%  61.8 13448s

 1596080 1139046  330.96318   60  151  457.44000  284.12610  37.9%  61.8 13470s

 1597597 1139968  336.25482   55  124  457.44000  284.14586  37.9%  61.8 13487s

 1598902 1141047  357.65157   55  141  457.44000  284.15910  37.9%  61.8 13509s

 1599311 1141047  312.38355   44  127  457.44000  284.15910  37.9%  61.8 13510s

 1600590 1142269  404.62284   42  120  457.44000  284.16972  37.9%  61.8 13531s

 1602255 1143318  362.47040   62  136  457.44000  284.19788  37.9%  61.8 13550s

 1603818 1144120  326.84421   59  103  457.44000  284.20004  37.9%  61.8 13571s

 1604933 1145333  321.64819   45   91  457.44000  284.21538  37.9%  61.8 13594s

 1606635 1146717  383.64010   45  185  457.44000  284.23048  37.9%  61.8 13613s

 1608509 1147611  422.11827   73  133  457.44000  284.23735  37.9%  61.8 13636s

 1610144 1148467  397.76837   70   74  457.44000  284.27261  37.9%  61.8 13659s

 1610827 1148467  345.46372   55  132  457.44000  284.28366  37.9%  61.8 13660s

 1611346 1149431  331.31953   73  168  457.44000  284.28930  37.9%  61.8 13677s

 1612602 1150787  399.96442  135  164  457.44000  284.29477  37.9%  61.8 13696s

 1614487 1152000  330.06235   43  113  457.44000  284.31293  37.8%  61.8 13720s

 1616316 1152824  435.57450   70   69  457.44000  284.33564  37.8%  61.8 13742s

 1617504 1153661  361.17602   54  151  457.44000  284.34032  37.8%  61.8 13764s

 1618694 1155193  382.09142   78  117  457.44000  284.35328  37.8%  61.8 13792s

 1620864 1156421  433.15487   91   66  457.44000  284.38260  37.8%  61.9 13817s

 1622590 1157642  352.59146   74  108  457.44000  284.40619  37.8%  61.9 13838s

 1624356 1159201  396.81511   41  108  457.44000  284.42279  37.8%  61.9 13865s

 1626463 1160637  417.92144   66  116  457.44000  284.43898  37.8%  61.9 13888s

 1628563 1161705  404.93750   80   42  457.44000  284.46271  37.8%  61.9 13911s

 1630153 1162881 infeasible   77       457.44000  284.48076  37.8%  61.9 13936s

 1631769 1164277  441.54993  116  104  457.44000  284.49342  37.8%  61.9 13962s

 1633780 1165784  397.37893   52   29  457.44000  284.51895  37.8%  61.9 13983s

 1635894 1167217  360.26292   54   69  457.44000  284.53889  37.8%  61.9 14009s

 1637785 1167868  347.79156   55  140  457.44000  284.56143  37.8%  61.9 14024s

 1638675 1170087  445.19109   93   76  457.44000  284.57008  37.8%  61.9 14064s

 1641760 1171549  292.31867   42  210  457.44000  284.58645  37.8%  61.9 14085s

 1643673 1172514  368.38785   51  114  457.44000  284.59928  37.8%  61.9 14107s

 1644949 1173825  352.33791   93  133  457.44000  284.60479  37.8%  61.9 14127s

 1646737 1174772  327.74386   49  132  457.44000  284.62994  37.8%  61.9 14148s

 1648120 1176047  373.63532   83  102  457.44000  284.64772  37.8%  61.9 14172s

 1649934 1177451  343.25013   48   88  457.44000  284.66449  37.8%  61.9 14194s

 1651859 1178590  438.54758  103  118  457.44000  284.68041  37.8%  61.9 14216s

 1653442 1179541  391.74448   62   81  457.44000  284.69572  37.8%  61.9 14237s

 1654979 1180653  310.72094   37  136  457.44000  284.71099  37.8%  61.9 14259s

 1655804 1180653  410.94393   82  106  457.44000  284.71129  37.8%  61.9 14260s

 1656555 1181852  402.47266   84   94  457.44000  284.72392  37.8%  61.9 14283s

 1658282 1182633  390.06978   72  157  457.44000  284.73848  37.8%  61.9 14303s

 1659374 1184402  341.45241   58   75  457.44000  284.75399  37.8%  61.9 14334s

 1661837 1185485 infeasible   75       457.44000  284.77670  37.7%  62.0 14353s

 1663374 1186669  435.13747   73  136  457.44000  284.79098  37.7%  62.0 14376s

 1665116 1187995  380.23770   47  127  457.44000  284.81293  37.7%  62.0 14397s

 1666880 1188051  392.59340   60  171  457.44000  284.82514  37.7%  62.0 14400s



Cutting planes:

  Learned: 12

  Gomory: 49

  Lift-and-project: 82

  Cover: 163

  Implied bound: 276

  Projected implied bound: 7

  Clique: 367

  MIR: 542

  Mixing: 70

  StrongCG: 8

  Flow cover: 1124

  GUB cover: 6

  Inf proof: 32

  Zero half: 1977

  Network: 2

  RLT: 174

  Relax-and-lift: 976



Explored 1666944 nodes (103325680 simplex iterations) in 14400.53 seconds (3030.38 work units)

Thread count was 24 (of 24 available processors)



Solution count 10: 457.44 458.33 465.42 ... 487.68



Time limit reached

Best objective 4.574400000000e+02, best bound 2.848251440026e+02, gap 37.7350%



AMPL MP initial flat model has 4809 variables (0 integer, 4746 binary);

Objectives: 1 quadratic; 

Constraints:  1537 linear; 11 quadratic;



AMPL MP final model has 4809 variables (0 integer, 4746 binary);

Objectives: 1 quadratic; 

Constraints:  1537 linear; 11 quadratic;





-----RESULTS INFO-----
running_time:  14426.329
TC.best_bound:  284.8251440026181
TC:  457.44000000000005
MIP Gap (%):  37.734972017615846
=== Vehicle Routes ===
Vehicle 1: 0  4
Vehicle 1: 1  44
Vehicle 1: 4  11
Vehicle 1: 5  1
Vehicle 1: 11  5
Vehicle 2: 0  7
Vehicle 2: 2  44
Vehicle 2: 3  2
Vehicle 2: 7  9
Vehicle 2: 9  3
Vehicle 3: 0  6
Vehicle 3: 6  37
Vehicle 3: 37  41
Vehicle 3: 41  44
Vehicle 4: 0  42
Vehicle 4: 8  44
Vehicle 4: 10  8
Vehicle 4: 42  10
Vehicle 5: 0  43
Vehicle 5: 12  40
Vehicle 5: 40  44
Vehicle 5: 43  12

=== Full Vehicle Routes ===
Vehicle 1: 0  4  11  5  1  0 (51<100)
Vehicle 2: 0  7  9  3  2  0 (71<100)
Vehicle 3: 0  6  37  41  0 (95<100)
Vehicle 4: 0  42  10  8  0 (96<100)
Vehicle 5: 0  43  12  40  0 (94<100)
Arc used by MRT line: y variables:
MRT used: 40  39
Customer assigment to PL: u variables:
13 42
14 41
15 42
16 41
17 43
18 40
19 43
20 42
21 40
22 42
23 41
24 41
25 41
26 41
27 41
28 37
29 41
30 40
31 40
32 37
33 42
34 40
35 40
36 39
Node is served by regular vehicle: g variables:
1
2
3
4
5
6
7
8
9
10
11
12
43
37
40
41
42
Customer assigment to Home delivery: gm variables:
1
2
3
4
5
6
7
8
9
10
11
12
Node total demands: ntd variables:
1 5 1
2 23 1
3 16 1
4 20 1
5 7 1
6 1 1
7 16 1
8 7 1
9 16 1
10 19 1
11 19 1
12 2 1
25 0 0
26 0 0
27 0 0
28 0 0
29 0 0
30 0 0
31 0 0
32 0 0
33 0 0
34 0 0
35 0 0
36 0 0
43 24 1
37 13 1
38 0 0
39 0 0
40 68 1
41 81 1
42 70 1
Customer's demand delivered to PL: l variables:
13
14
15
16
17
18
19
20
21
22
23
24
25
26
27
28
29
30
31
32
33
34
35
36
Lockers load <= capacity:
24 <= 80
13 <= 96
0 <= 70
8 <= 98
60 <= 84
81 <= 91
70 <= 85
