Gurobi 12.0.3:   lim:time = 14400

  mip:bestbound = 1

Set parameter LogToConsole to value 1

  tech:outlev = 1

Set parameter Cuts to value 3

  cut:cuts = 3

Set parameter Presolve to value 2

  pre:solve = 2

Set parameter MIPFocus to value 2

  mip:focus = 2

Set parameter Symmetry to value 2

  mip:symmetry = 2

Set parameter InfUnbdInfo to value 1

Gurobi Optimizer version 12.0.3 build v12.0.3rc0 (win64 - Windows 10.0 (19045.2))



CPU model: 11th Gen Intel(R) Core(TM) i7-11700 @ 2.50GHz, instruction set [SSE2|AVX|AVX2|AVX512]

Thread count: 8 physical cores, 16 logical processors, using up to 16 threads



Non-default parameters:

TimeLimit  14400

MIPFocus  2

Symmetry  2

Cuts  3

InfUnbdInfo  1

Presolve  2



Optimize a model with 2243 rows, 8375 columns and 53051 nonzeros

Model fingerprint: 0x29570990

Model has 6 quadratic constraints

Variable types: 77 continuous, 8298 integer (0 binary)

Coefficient statistics:

  Matrix range     [1e+00, 1e+05]

  QMatrix range    [1e+00, 1e+00]

  QLMatrix range   [2e+00, 7e+01]

  Objective range  [1e+00, 1e+02]

  Bounds range     [1e+00, 1e+02]

  RHS range        [1e+00, 1e+05]

  QRHS range       [1e+02, 1e+02]

Presolve removed 154 rows and 315 columns

Presolve time: 2.59s

Presolved: 6745 rows, 12710 columns, 54736 nonzeros

Variable types: 38 continuous, 12672 integer (10955 binary)

Root relaxation presolve removed 9 rows and 1 columns

Root relaxation presolved: 6723 rows, 12659 columns, 88845 nonzeros





Root relaxation: objective 2.272953e+02, 753 iterations, 0.06 seconds (0.12 work units)



    Nodes    |    Current Node    |     Objective Bounds      |     Work

 Expl Unexpl |  Obj  Depth IntInf | Incumbent    BestBd   Gap | It/Node Time



     0     0  227.29531    0  136          -  227.29531      -     -    4s

H    0     0                     853.3200000  307.09000  64.0%     -    5s

H    0     0                     839.3600000  307.09000  63.4%     -    5s

     0     0  314.56500    0  136  839.36000  314.56500  62.5%     -    5s

     0     0  314.56500    0  136  839.36000  314.56500  62.5%     -    5s

H    0     0                     823.0400000  314.56500  61.8%     -    5s

H    0     0                     773.0500000  325.60000  57.9%     -    6s

H    0     0                     770.4600000  325.60000  57.7%     -    6s

     0     0  325.60000    0  129  770.46000  325.60000  57.7%     -    6s

H    0     0                     751.9600000  328.63833  56.3%     -    6s

     0     0  328.63833    0  167  751.96000  328.63833  56.3%     -    6s

     0     0  329.46500    0  135  751.96000  329.46500  56.2%     -    6s

     0     0  329.46500    0  125  751.96000  329.46500  56.2%     -    6s

     0     0  331.44840    0  185  751.96000  331.44840  55.9%     -    7s

     0     0  331.57444    0  170  751.96000  331.57444  55.9%     -    7s

     0     0  333.01000    0  145  751.96000  333.01000  55.7%     -    8s

     0     0  333.07000    0  134  751.96000  333.07000  55.7%     -    8s

     0     2  333.09500    0  121  751.96000  333.09500  55.7%     -    8s

H   46    51                     745.6600000  333.58333  55.3%   209    9s

    96   117  369.44550   10  128  745.66000  333.58333  55.3%   174   10s

  1106  1147  448.00188   98  123  745.66000  333.58333  55.3%  59.6   15s

  2220  2176  456.08282   79  131  745.66000  333.58333  55.3%  49.6   20s

  2459  2270  403.00648   41  190  745.66000  333.58333  55.3%  50.1   26s

  2462  2272  437.72067   94  287  745.66000  337.91743  54.7%  50.0   30s

  2467  2276  512.69241  116  192  745.66000  341.08414  54.3%  49.9   35s

  2471  2278  496.45200  172  148  745.66000  341.19000  54.2%  49.8   40s

  2476  2282  394.68236   19  132  745.66000  341.19000  54.2%  49.7   45s

  2481  2285  465.70215  194  206  745.66000  341.64377  54.2%  49.6   50s

  2491  2292  482.79493  104  242  745.66000  342.94992  54.0%  49.4   55s

  2500  2298  380.31467   16  290  745.66000  343.06953  54.0%  49.2   60s

H 2502  2183                     744.2400000  343.19766  53.9%  49.2   62s

H 2502  2073                     743.2600000  343.19766  53.8%  49.2   62s

H 2504  1969                     738.2000000  343.25448  53.5%  49.2   63s

H 2506  1872                     736.8600000  343.40743  53.4%  49.1   64s

H 2506  1777                     735.8800000  343.40743  53.3%  49.1   64s

  2508  1778  362.00582   25  275  735.88000  343.40743  53.3%  49.1   65s

  2521  1787  391.46678   55  308  735.88000  343.55994  53.3%  48.8   70s

  2535  1796  540.08334  138  315  735.88000  344.53376  53.2%  48.6   75s

  2549  1805  404.10981   32  325  735.88000  346.59709  52.9%  48.3   80s

  2563  1815  425.77916  141  333  735.88000  347.32910  52.8%  48.0   85s

  2580  1826  402.58803   35  332  735.88000  347.97233  52.7%  47.7   90s

  2593  1836  368.27748   28  246  735.88000  347.97233  52.7%  62.8   95s

H 2596  1746                     733.0000000  347.97233  52.5%  62.8  100s

  2601  1749  626.66936  235  296  733.00000  348.40753  52.5%  62.6  105s

  2605  1752  511.40954  191  293  733.00000  348.71501  52.4%  62.5  111s

  2608  1754  362.00582   25  361  733.00000  348.82192  52.4%  62.5  115s

  2612  1757  395.21243   28  343  733.00000  348.96450  52.4%  62.4  120s

  2616  1759  553.16462  136  408  733.00000  349.16061  52.4%  62.3  125s

  2623  1764  463.40358   98  329  733.00000  349.72334  52.3%  62.1  130s

  2633  1771  461.06206  128  416  733.00000  350.07815  52.2%  61.9  135s

  2641  1776  412.84012   68  362  733.00000  350.33042  52.2%  61.7  140s

  2651  1783  396.23781   64  303  733.00000  350.47653  52.2%  61.4  145s

  2659  1788  403.00648   41  367  733.00000  350.50858  52.2%  61.3  150s

  2675  1799  397.04000   48  360  733.00000  350.57302  52.2%  60.9  155s

  2719  1837  350.96461   29  341  733.00000  350.71820  52.2%  74.1  160s

H 2734  1751                     725.6200000  350.71820  51.7%  75.6  161s

  2794  1795  352.57275   34  337  725.62000  350.71820  51.7%  81.0  165s

H 2810  1712                     724.4800000  350.71820  51.6%  82.0  165s

  2898  1779  355.39524   40  328  724.48000  350.71820  51.6%  87.4  170s

  2975  1831  363.96022   45  221  724.48000  350.71820  51.6%  91.5  175s

  3125  1970  365.96266   50  223  724.48000  350.71820  51.6%  96.7  180s

  3452  2161  385.97694   64  163  724.48000  350.71820  51.6%   100  185s

  3738  2375  398.03465   87  169  724.48000  350.71820  51.6%   102  190s

  4282  2641  584.90794  130  141  724.48000  350.97540  51.6%   103  196s

  4457  2708  652.14419  143   90  724.48000  350.97540  51.6%   104  200s

  4926  3117  355.21551   30  230  724.48000  350.97540  51.6%   105  205s

  5621  3413  443.85943   68  150  724.48000  350.97961  51.6%   103  210s

  6291  3746  363.67902   35  213  724.48000  351.11931  51.5%   101  215s

H 7104  3997                     718.3000000  351.11931  51.1%  97.0  219s

  7184  4321  586.19880  170  121  718.30000  351.11931  51.1%  96.7  221s

  7999  4631  482.78412   90  103  718.30000  351.11931  51.1%  94.0  225s

  8427  5162  371.18797   29  434  718.30000  351.11931  51.1%  93.5  231s

  8676  5457  389.53490   40  240  718.30000  351.11931  51.1%  93.1  236s

  9396  6100  358.57605   29  341  718.30000  353.71818  50.8%  93.4  240s

 10323  6930  527.59963   70  160  718.30000  353.71818  50.8%  92.5  246s

 10987  7414  598.55299   81   99  718.30000  353.71818  50.8%  91.3  252s

 11455  7563  562.56957   77  143  718.30000  354.11831  50.7%  91.1  255s

 12367  8503  453.99548   49  125  718.30000  354.29018  50.7%  90.4  261s

 13087  9136  398.02586   51  170  718.30000  354.61117  50.6%  90.7  267s

 13548  9805 infeasible  111       718.30000  354.61117  50.6%  91.1  271s

 14391 10272  483.81931   91  117  718.30000  355.34986  50.5%  90.3  275s

 14905 11281  403.12377   43  263  718.30000  355.38670  50.5%  89.6  282s

 16241 11661  381.36419   49  228  718.30000  355.47781  50.5%  88.3  287s

 16510 12396  468.63672   89  172  718.30000  355.47781  50.5%  88.6  291s

 17962 13110  385.79063   35  175  718.30000  355.95031  50.4%  87.4  297s

 18235 13734  383.44022   46  183  718.30000  355.97306  50.4%  88.4  301s

 18961 14026  452.86770   89  109  718.30000  355.98339  50.4%  88.2  305s

 19863 14778  379.85856   45  190  718.30000  356.22245  50.4%  88.7  313s

 20342 14790  362.47673   44  195  718.30000  356.22245  50.4%  89.8  317s

 20356 14958  389.26227   46  165  718.30000  356.22427  50.4%  89.9  321s

 20612 15253  365.40360   36  210  718.30000  356.26331  50.4%  90.1  325s

 20940 15899  422.87200   77  152  718.30000  356.30898  50.4%  90.2  330s

H21439 15890                     714.3800000  356.36475  50.1%  89.8  330s

 21719 16416  397.24306   45  116  714.38000  356.39971  50.1%  89.5  335s

 22384 16825  405.36526   51  132  714.38000  356.39971  50.1%  90.3  340s

 22931 17838  371.89275   42  127  714.38000  356.73036  50.1%  90.7  347s

 24100 18878  385.85380   48  184  714.38000  356.75276  50.1%  89.8  353s

 25285 19303  567.96583  104  126  714.38000  357.08374  50.0%  89.2  358s

 25824 20234  427.15619   60  135  714.38000  357.15669  50.0%  90.0  364s

 27001 20909  389.45742   62  113  714.38000  357.15669  50.0%  90.1  369s

 27798 21327  580.01278  111  103  714.38000  357.24674  50.0%  90.4  374s

 28405 22036  474.62285   64  142  714.38000  357.37933  50.0%  90.3  379s

 29248 22705  402.27054   83  202  714.38000  357.58964  49.9%  90.3  385s

H29405 22684                     709.8400000  357.58964  49.6%  90.2  385s

 30040 23393  557.95052  116  120  709.84000  357.64761  49.6%  90.1  392s

 30911 24208  392.28034   47  130  709.84000  357.86460  49.6%  90.2  399s

H31705 24208                     709.6500000  357.86460  49.6%  90.5  399s

 31966 24279  431.94698   68  216  709.65000  357.86460  49.6%  90.6  405s

 32042 24854  439.07469   69  143  709.65000  357.86460  49.6%  90.6  411s

 32754 25813  385.75500   50  193  709.65000  357.86460  49.6%  90.3  418s

 33895 26374  363.51914   39  253  709.65000  358.31095  49.5%  90.6  423s

 34538 27462  409.81888   63  169  709.65000  358.31095  49.5%  90.9  430s

 35891 28366  386.56187   39  144  709.65000  358.60688  49.5%  90.6  436s

 36921 28542  384.79101   39  178  709.65000  358.63984  49.5%  90.4  441s

 37133 29250  448.08844   64  116  709.65000  358.63984  49.5%  90.5  447s

 37994 29854  422.55462   50  156  709.65000  358.63984  49.5%  90.6  452s

 38717 30632  372.51064   38  219  709.65000  358.89896  49.4%  90.7  458s

 39689 30853  411.91006   43  225  709.65000  358.92810  49.4%  90.8  463s

 39924 31827  471.36376   58  161  709.65000  358.92810  49.4%  91.0  469s

 41078 32415  439.72198   47  144  709.65000  359.05238  49.4%  90.8  474s

 41809 32857  518.28985   86  112  709.65000  359.16997  49.4%  90.9  479s

 42342 33908  561.52203  108  110  709.65000  359.25062  49.4%  91.2  485s

 43578 34355  381.72285   42  143  709.65000  359.32845  49.4%  90.9  490s

 44123 35089  365.36681   38  225  709.65000  359.38599  49.4%  90.9  496s

 44933 35597  369.58872   37  122  709.65000  359.43983  49.3%  90.9  504s

 45572 36637  367.59876   42  232  709.65000  359.54843  49.3%  90.9  513s

 46857 37199  471.82600   90  157  709.65000  359.60613  49.3%  91.0  519s

 47581 38011  389.26567   57  202  709.65000  359.63894  49.3%  90.9  526s

 48603 38447  384.40360   44  230  709.65000  359.74317  49.3%  91.2  532s

 49160 39138  651.82513   67   98  709.65000  359.74317  49.3%  91.7  538s

 50071 39860  379.61699   47  184  709.65000  359.86539  49.3%  91.8  546s

 50937 40347  656.23730  124  108  709.65000  359.87245  49.3%  91.8  552s

 51576 40660  367.14870   33  295  709.65000  359.96460  49.3%  92.0  559s

 51937 41552  402.46511   64  138  709.65000  359.96460  49.3%  92.1  566s

 53103 41800  484.49607   62  153  709.65000  360.01572  49.3%  92.0  572s

 53467 42619  372.94248   48  191  709.65000  360.01572  49.3%  92.0  579s

 54442 43512  374.50980   44  229  709.65000  360.22635  49.2%  92.0  586s

 55547 44220  370.70231   42  168  709.65000  360.29269  49.2%  92.2  593s

 56431 45288  390.83366   49  191  709.65000  360.29517  49.2%  92.3  600s

 57723 45891  430.86114   46  142  709.65000  360.29517  49.2%  92.2  606s

 58466 46600  462.94249   69  131  709.65000  360.38376  49.2%  92.3  612s

 59323 47663  436.17502   42  147  709.65000  360.49130  49.2%  92.5  619s

 60541 48202  387.24933   37  197  709.65000  360.58037  49.2%  92.1  626s

 61209 49314  531.22319  103  146  709.65000  360.58746  49.2%  92.2  634s

 62500 50133  462.24213   79  112  709.65000  360.66919  49.2%  92.2  641s

 63491 50773  373.23814   57  206  709.65000  360.76434  49.2%  92.1  646s

 64202 51603  375.17342   38  245  709.65000  360.76434  49.2%  92.2  652s

 65208 52508  492.02654   82  125  709.65000  360.88879  49.1%  92.2  658s

 66257 53010  569.81472  104  120  709.65000  360.92599  49.1%  92.0  663s

 66872 53294  370.94957   45  176  709.65000  360.92599  49.1%  92.2  669s

 67181 54184  658.42307   96  135  709.65000  360.92599  49.1%  92.2  675s

 68253 54615  386.93117   57  175  709.65000  361.06307  49.1%  92.0  680s

 68786 54844  496.80800   68  156  709.65000  361.06307  49.1%  92.3  686s

 69042 55592  566.70641   91  178  709.65000  361.06307  49.1%  92.4  693s

 69949 56197  369.00420   41  194  709.65000  361.13539  49.1%  92.2  699s

 70732 56590  432.99269   43  164  709.65000  361.23068  49.1%  92.3  705s

 71223 57189  384.24914   56  161  709.65000  361.23533  49.1%  92.2  711s

 71935 57750  421.26976   50  224  709.65000  361.23533  49.1%  92.2  717s

 72589 58818  674.06556  101   85  709.65000  361.23533  49.1%  92.4  724s

 73895 59177  515.64110  111  121  709.65000  361.32170  49.1%  92.3  730s

 74350 59632  409.97880   50  145  709.65000  361.32170  49.1%  92.3  735s

 74938 60374  590.63650  105  127  709.65000  361.32170  49.1%  92.3  742s

 75913 60797  392.07863   50  117  709.65000  361.41045  49.1%  92.5  749s

 76452 62263  373.45988   44  191  709.65000  361.47176  49.1%  92.7  760s

 78181 62486  440.06045   60  155  709.65000  361.49846  49.1%  92.7  766s

 78458 63620  455.27728   68  178  709.65000  361.52144  49.1%  92.8  773s

 79791 63928  520.51350  112  171  709.65000  361.57000  49.0%  92.6  778s

 80146 63982  673.46548  157  108  709.65000  361.57000  49.0%  92.7  784s

 80205 64781  694.24699  166  153  709.65000  361.58220  49.0%  92.7  791s

 81198 65285  370.90307   36  221  709.65000  361.64594  49.0%  92.6  796s

 81785 66004  642.14797   98   70  709.65000  361.65605  49.0%  92.6  802s

 82652 66821  433.40339   60  188  709.65000  361.65696  49.0%  92.6  808s

 83631 67447  487.38679   95  125  709.65000  361.69821  49.0%  92.5  814s

 84402 67895  661.79419  137   91  709.65000  361.75845  49.0%  92.6  820s

 84899 68416  452.46295   80  137  709.65000  361.75845  49.0%  92.7  826s

 85547 69445  422.94731   56  140  709.65000  361.75845  49.0%  92.8  832s

 86730 70284  562.08025  110  165  709.65000  361.87184  49.0%  92.6  839s

 87722 70695  376.54785   40  223  709.65000  361.87184  49.0%  92.5  845s

 88182 71237  405.44385   64  189  709.65000  361.87184  49.0%  92.6  851s

 88845 71840  454.15373   49  180  709.65000  361.93224  49.0%  92.9  857s

 89613 72672  381.31650   47  269  709.65000  362.05215  49.0%  93.1  863s

 90602 73152  407.37808   58  149  709.65000  362.08718  49.0%  93.0  871s

 91136 74563  644.10791  131  139  709.65000  362.10684  49.0%  93.1  881s

 92795 75222  364.88621   37  231  709.65000  362.17498  49.0%  93.1  888s

 93617 75787  681.27529  169  101  709.65000  362.17498  49.0%  93.2  893s

 94296 76348  443.71174   41  161  709.65000  362.17498  49.0%  93.3  899s

 94980 77280  375.45847   55  231  709.65000  362.25902  49.0%  93.4  906s

 96089 78059  391.34661   57  246  709.65000  362.31940  48.9%  93.4  912s

 97046 78957  388.51379   52  255  709.65000  362.31942  48.9%  93.3  919s

 98071 79483  430.23769   60  157  709.65000  362.41708  48.9%  93.3  924s

 98691 80026  366.66452   42  240  709.65000  362.41708  48.9%  93.3  930s

 99316 81028  588.43936   67  156  709.65000  362.41708  48.9%  93.4  936s

 100551 81947  406.52429   43  298  709.65000  362.48046  48.9%  93.2  942s

 101592 82365  463.25234   89  218  709.65000  362.48046  48.9%  93.2  948s

 102117 83004  511.70545  114  203  709.65000  362.52221  48.9%  93.3  954s

 102889 83012  404.03541   48  134  709.65000  362.59124  48.9%  93.5  962s

 102897 83020  393.45207   48  174  709.65000  362.59124  48.9%  93.5  967s

 102905 83106  405.54580   49  134  709.65000  362.59124  48.9%  93.5  973s

 103013 83186  405.90677   50  123  709.65000  362.59124  48.9%  93.5  979s

 103106 83408  410.94362   51  118  709.65000  362.59124  48.9%  93.5  986s

 103378 83805  412.16149   52  128  709.65000  362.59124  48.9%  93.5  991s

 103804 84251  444.98063   68  117  709.65000  362.59124  48.9%  93.5  997s

 104335 85386  452.83681   77  170  709.65000  362.60909  48.9%  93.5 1005s

 105683 86024  369.21844   38  169  709.65000  362.66791  48.9%  93.3 1013s

 106461 86829  614.39141   69   77  709.65000  362.66791  48.9%  93.3 1020s

 107551 87581  395.32813   51  211  709.65000  362.76385  48.9%  93.5 1027s

 108617 87887  422.87831   63  180  709.65000  362.80906  48.9%  93.5 1032s

 109031 88526  409.97981   77  198  709.65000  362.81571  48.9%  93.6 1038s

 109752 89339  371.31072   40  199  709.65000  362.82002  48.9%  93.5 1045s

 110722 90277  518.24047  103  159  709.65000  362.88176  48.9%  93.6 1051s

 111880 91039  577.01124   94  182  709.65000  362.89888  48.9%  93.5 1057s

 112823 91736  410.20212   52  152  709.65000  362.91521  48.9%  93.5 1063s

 113609 92341  381.57734   53  168  709.65000  362.96159  48.9%  93.5 1069s

 114314 93184  442.68538   76  162  709.65000  363.02828  48.8%  93.6 1075s

 115296 94033  493.58185   96  128  709.65000  363.04596  48.8%  93.4 1081s

 116338 94609  478.19404   78  214  709.65000  363.09665  48.8%  93.4 1086s

 117048 95182  392.57808   42  294  709.65000  363.14526  48.8%  93.4 1092s

 117732 95785  609.85716   99  103  709.65000  363.15541  48.8%  93.4 1098s

 118480 96333  394.10112   49  230  709.65000  363.15541  48.8%  93.4 1103s

 119120 97085  398.80738   45  194  709.65000  363.15541  48.8%  93.5 1109s

 120012 97746  371.13795   36  218  709.65000  363.23090  48.8%  93.5 1115s

 120808 97948  467.05366   75  247  709.65000  363.23090  48.8%  93.6 1123s

 121059 100932  503.88869   92  225  709.65000  363.23090  48.8%  93.6 1146s

 124732 101240  470.08430   58  113  709.65000  363.36760  48.8%  93.7 1152s

 125116 101798  556.23161   59  130  709.65000  363.36760  48.8%  93.8 1158s

 125843 102106  526.66815   61  127  709.65000  363.37327  48.8%  93.7 1164s

 126233 102789  693.21493   67   81  709.65000  363.38524  48.8%  93.7 1170s

 127108 103351  367.15063   44  160  709.65000  363.43717  48.8%  93.9 1176s

 127792 104055  474.74944   81  124  709.65000  363.47293  48.8%  93.9 1183s

 128605 104770  373.16757   39  175  709.65000  363.49730  48.8%  93.9 1190s

 129502 105447  571.23086   80   72  709.65000  363.50778  48.8%  93.9 1197s

 130390 105808  370.50806   43  167  709.65000  363.51763  48.8%  94.0 1203s

 130823 106600  529.89151  106  124  709.65000  363.51763  48.8%  94.1 1210s

 131827 107241  479.43926   52  102  709.65000  363.57373  48.8%  94.1 1217s

 132804 107672  429.97300   62  160  709.65000  363.61575  48.8%  94.1 1223s

 133337 108172  399.96649   44  154  709.65000  363.65092  48.8%  94.3 1229s

 133900 108697 infeasible   73       709.65000  363.65092  48.8%  94.4 1236s

 134534 109418  391.75888   52  167  709.65000  363.65092  48.8%  94.4 1243s

 135426 110202  613.74235   88  118  709.65000  363.70755  48.7%  94.5 1251s

 136408 110723  415.66372   53  292  709.65000  363.70755  48.7%  94.7 1257s

 137032 111511  552.62735   88  197  709.65000  363.77297  48.7%  94.6 1264s

 137953 112140  443.22413   66  151  709.65000  363.82441  48.7%  94.7 1270s

 138647 112829  478.22892   93  146  709.65000  363.82441  48.7%  94.8 1276s

 139547 113455  493.59686   53  150  709.65000  363.85861  48.7%  94.9 1282s

 140306 114167  590.22386   92   88  709.65000  363.88185  48.7%  94.9 1289s

 141226 115004  373.35428   37  184  709.65000  363.90290  48.7%  94.9 1296s

 142260 115561  386.84872   45  253  709.65000  363.91237  48.7%  95.0 1303s

 142982 115982  374.25547   38  209  709.65000  363.93408  48.7%  95.0 1309s

 143500 116580  656.21331  102  135  709.65000  363.93408  48.7%  95.0 1315s

 144221 117319  551.30950   65  118  709.65000  363.94624  48.7%  95.1 1323s

 145220 118144  534.01513   68  172  709.65000  363.97132  48.7%  95.2 1329s

 146212 118652  375.32272   41  182  709.65000  364.00920  48.7%  95.2 1335s

 146867 119357  429.56322   49  256  709.65000  364.00920  48.7%  95.2 1342s

 147701 120041  546.03816   62  173  709.65000  364.06247  48.7%  95.3 1349s

 148569 120730  408.65164   61  161  709.65000  364.10748  48.7%  95.2 1356s

 149395 121639  638.26593  100  133  709.65000  364.10748  48.7%  95.2 1362s

 150472 122175  401.34224   57  187  709.65000  364.12877  48.7%  95.2 1371s

 151142 123179  489.51155   84  139  709.65000  364.12877  48.7%  95.2 1380s

 152293 123790  419.13979   50  197  709.65000  364.18633  48.7%  95.2 1387s

 153053 124651  382.05755   51  166  709.65000  364.22063  48.7%  95.2 1395s

 154035 125684  417.87502   65  241  709.65000  364.23167  48.7%  95.3 1403s

 155281 125943  480.28128   73  229  709.65000  364.28597  48.7%  95.2 1408s

 155586 126280  370.94269   50  210  709.65000  364.28635  48.7%  95.3 1414s

 156011 127310  367.77071   35  219  709.65000  364.31429  48.7%  95.3 1421s

 157154 127946  435.02661   50  215  709.65000  364.31429  48.7%  95.3 1428s

 157909 129015  383.76616   53  152  709.65000  364.36401  48.7%  95.3 1435s

 159132 129838  374.83223   40  201  709.65000  364.38453  48.7%  95.2 1442s

 160109 130201  428.33793   48  177  709.65000  364.41172  48.6%  95.2 1447s

 160513 130757  377.03936   48  166  709.65000  364.41405  48.6%  95.3 1454s

 161288 131439  608.07830  116  117  709.65000  364.41405  48.6%  95.4 1461s

 162235 132132  378.28085   50  217  709.65000  364.47535  48.6%  95.4 1468s

 163005 132861  441.54491   60  205  709.65000  364.51260  48.6%  95.4 1474s

 163935 133247  535.74833   82  129  709.65000  364.54628  48.6%  95.4 1480s

 164443 134071  442.31998   42  208  709.65000  364.54628  48.6%  95.5 1487s

 165400 134624  378.98863   48  145  709.65000  364.60972  48.6%  95.4 1495s

 166027 135730  566.28602   92   97  709.65000  364.61185  48.6%  95.5 1504s

 167356 136438  422.06865   49  220  709.65000  364.67936  48.6%  95.5 1511s

 168187 136769  634.43605   92  142  709.65000  364.70823  48.6%  95.6 1517s

 168564 137841  405.84484   56  225  709.65000  364.71501  48.6%  95.7 1525s

 169873 138603  386.91864   35  226  709.65000  364.75169  48.6%  95.5 1532s

 170800 139568  425.69550   49  182  709.65000  364.78116  48.6%  95.6 1539s

 171889 140107  429.75713   77  154  709.65000  364.78116  48.6%  95.5 1546s

 172524 140646  418.94402   49  154  709.65000  364.80367  48.6%  95.6 1552s

 173179 141508  404.84175   62  201  709.65000  364.85793  48.6%  95.6 1559s

 174254 141655  577.46305   93  101  709.65000  364.88019  48.6%  95.6 1564s

 174459 142058  370.94561   50  217  709.65000  364.88019  48.6%  95.5 1570s

 174919 142661  557.81845  121  118  709.65000  364.88019  48.6%  95.5 1576s

 175665 143261  376.22251   41  220  709.65000  364.93191  48.6%  95.5 1583s

 176389 143832  411.35298   45  190  709.65000  364.95149  48.6%  95.6 1589s

 177011 144395  373.21228   43  218  709.65000  364.95149  48.6%  95.7 1596s

 177715 144933  702.27258  111  115  709.65000  364.96911  48.6%  95.8 1602s

 178376 145644  404.29185   46  169  709.65000  364.97175  48.6%  95.9 1610s

 179309 146397  397.51581   56  135  709.65000  364.99160  48.6%  95.9 1617s

 180198 146928  626.31323   91  132  709.65000  365.02404  48.6%  95.9 1624s

 180827 147870  396.69612   46  161  709.65000  365.02600  48.6%  95.9 1634s

 182026 148489  378.16834   43  144  709.65000  365.05276  48.6%  96.1 1641s

 182797 149002  389.85783   45  142  709.65000  365.05276  48.6%  96.1 1648s

 183484 149978  534.59385   64  176  709.65000  365.05819  48.6%  96.2 1656s

 184696 150605  463.41565  105  188  709.65000  365.11566  48.5%  96.2 1663s

 185402 151062  402.40659   44  166  709.65000  365.11566  48.5%  96.3 1670s

 185950 151904  372.94630   44  145  709.65000  365.13311  48.5%  96.4 1677s

 186952 152590  397.19001   53  154  709.65000  365.13311  48.5%  96.4 1685s

 187751 153354  469.34380   45  201  709.65000  365.13311  48.5%  96.4 1692s

 188699 153979  382.87319   48  260  709.65000  365.22644  48.5%  96.4 1699s

 189508 154813  382.68625   46  164  709.65000  365.22644  48.5%  96.5 1707s

 190448 155355  453.56836   78  157  709.65000  365.26062  48.5%  96.5 1714s

 191098 156112  419.90475   62  150  709.65000  365.27518  48.5%  96.5 1721s

 191942 156922  617.69803  173  191  709.65000  365.27518  48.5%  96.5 1729s

 192962 157590  480.48954   73  142  709.65000  365.29208  48.5%  96.5 1736s

 193771 158331  384.17740   51  214  709.65000  365.30864  48.5%  96.5 1743s

 194727 158738  414.93867   60  130  709.65000  365.30864  48.5%  96.6 1752s

 195236 159942  379.22471   49  175  709.65000  365.30864  48.5%  96.6 1764s

 196766 160169  422.06717   61  234  709.65000  365.38898  48.5%  96.6 1773s

 197031 160694  370.83690   38  169  709.65000  365.38919  48.5%  96.6 1781s

 197719 161490  423.43414   50  154  709.65000  365.41804  48.5%  96.7 1790s

 198727 162312  519.94044   78  127  709.65000  365.43227  48.5%  96.7 1798s

 199674 163261  505.17252   84  182  709.65000  365.44566  48.5%  96.7 1806s

 200848 164135  385.80946   46  208  709.65000  365.45696  48.5%  96.7 1814s

 201886 164838  673.25716  121  129  709.65000  365.46339  48.5%  96.7 1822s

 202769 165415  412.82972   50  167  709.65000  365.46339  48.5%  96.8 1829s

 203503 166366  408.79398   53  152  709.65000  365.53723  48.5%  96.8 1837s

 204605 166659  616.59582  129  147  709.65000  365.55215  48.5%  96.8 1844s

 204989 167557  465.46473   60  153  709.65000  365.55406  48.5%  96.8 1851s

 206005 168028  371.58172   33  170  709.65000  365.55599  48.5%  96.9 1857s

 206612 168946  511.22649   65  213  709.65000  365.55599  48.5%  97.0 1865s

 207674 169437  415.37356   52  138  709.65000  365.55599  48.5%  97.0 1871s

 208262 169929  514.36581  116   75  709.65000  365.55599  48.5%  97.0 1878s

 208837 170775  562.31686  126  200  709.65000  365.55599  48.5%  97.0 1886s

 209877 171464  661.19025  107  111  709.65000  365.66239  48.5%  97.0 1895s

 210698 172022  626.09510   78  152  709.65000  365.66239  48.5%  97.1 1902s

 211348 172613  469.71282   60  187  709.65000  365.68455  48.5%  97.2 1911s

 212043 172865  429.02511   73  229  709.65000  365.69886  48.5%  97.2 1923s

 212362 173590     cutoff  113       709.65000  365.69886  48.5%  97.2 1932s

 213264 174545  610.04620  125  133  709.65000  365.73572  48.5%  97.3 1943s

 214451 175463  400.16297   47  199  709.65000  365.74441  48.5%  97.3 1952s

 215573 176002  411.66981   49  200  709.65000  365.76502  48.5%  97.3 1959s

 216237 176764  448.50996   58  167  709.65000  365.81262  48.5%  97.3 1968s

 217151 178015  370.47761   41  220  709.65000  365.83378  48.4%  97.4 1977s

 218601 178807  593.80162  154  128  709.65000  365.85069  48.4%  97.3 1985s

 219684 179344  407.59493   60  189  709.65000  365.86692  48.4%  97.3 1993s

 220309 180207  368.78222   41  217  709.65000  365.88526  48.4%  97.3 2001s

 221295 180927  437.58465   69  145  709.65000  365.89848  48.4%  97.3 2009s

 222255 181445  518.06720   90   87  709.65000  365.91378  48.4%  97.2 2016s

 222961 182199  407.91195   63  170  709.65000  365.91502  48.4%  97.3 2024s

 223860 182853  508.70619   98  145  709.65000  365.93796  48.4%  97.3 2032s

 224664 183260  378.08181   39  248  709.65000  365.94055  48.4%  97.3 2041s

 225165 184220  414.62215   54  178  709.65000  365.94055  48.4%  97.3 2053s

 226328 185145  667.18477  111  175  709.65000  365.96978  48.4%  97.3 2063s

 227512 186190  433.73137   54  225  709.65000  365.97951  48.4%  97.4 2071s

 228771 186761     cutoff  136       709.65000  365.99674  48.4%  97.4 2078s

 229525 187612  396.49047   48  166  709.65000  366.01567  48.4%  97.4 2085s

 230513 188250  535.39162  100  176  709.65000  366.03494  48.4%  97.4 2093s

 231273 188987  536.17116  116  133  709.65000  366.03494  48.4%  97.3 2101s

 232133 189489  427.79873   62  173  709.65000  366.06580  48.4%  97.4 2108s

 232734 190398  489.29006   73  190  709.65000  366.07662  48.4%  97.4 2115s

 233775 191255  413.88565   79  188  709.65000  366.09079  48.4%  97.4 2123s

 234740 191290  403.68822   68  213  709.65000  366.09177  48.4%  97.4 2133s

 234800 191743  403.73689   69  249  709.65000  366.09177  48.4%  97.4 2140s

 235293 192533  547.34435  124  128  709.65000  366.09177  48.4%  97.3 2148s

 236320 193095  432.32643   41  168  709.65000  366.12722  48.4%  97.4 2155s

 237006 193817 infeasible   58       709.65000  366.12898  48.4%  97.4 2163s

 237905 194465  445.76191   95  165  709.65000  366.15181  48.4%  97.5 2170s

 238691 195175  413.38370   51  252  709.65000  366.17069  48.4%  97.5 2178s

 239530 195646 infeasible   67       709.65000  366.19448  48.4%  97.5 2186s

 240113 196690  366.72280   44  260  709.65000  366.21197  48.4%  97.6 2197s

 241391 197038  379.10915   47  289  709.65000  366.21197  48.4%  97.6 2205s

 241847 197796  450.31722   58  175  709.65000  366.21197  48.4%  97.7 2214s

 242783 198137  414.73590   62  203  709.65000  366.24567  48.4%  97.8 2222s

 243196 199206  378.57356   48  162  709.65000  366.24671  48.4%  97.8 2232s

 244480 199525  662.77489  103  162  709.65000  366.29029  48.4%  97.8 2240s

 244897 200490  411.65327   45  202  709.65000  366.29683  48.4%  97.8 2249s

 246087 201461  375.95586   46  195  709.65000  366.34031  48.4%  97.8 2258s

 247196 202292  375.23217   41  218  709.65000  366.36081  48.4%  97.8 2267s

 248244 202715  391.83224   55  215  709.65000  366.37475  48.4%  97.7 2275s

 248745 203290  441.57471   80  110  709.65000  366.37475  48.4%  97.8 2283s

 249511 204028  481.17817   76  160  709.65000  366.38700  48.4%  97.8 2291s

 250409 204333 infeasible   76       709.65000  366.40057  48.4%  97.8 2299s

 250830 205042  414.93019   61  152  709.65000  366.40697  48.4%  97.9 2307s

 251705 205453  439.06348   62  202  709.65000  366.42630  48.4%  98.0 2314s

 252227 206443  376.00544   38  186  709.65000  366.43905  48.4%  98.0 2323s

 253388 207125  440.48452   47  213  709.65000  366.45008  48.4%  98.0 2332s

 254169 207133  433.80456   87  152  709.65000  366.46242  48.4%  98.0 2345s

 254177 213680  450.98953   88  140  709.65000  366.46242  48.4%  98.0 2467s

 262177 214726  649.24947  131  142  709.65000  366.55899  48.3%  98.3 2482s

 263438 215501  396.37679   39  119  709.65000  366.58405  48.3%  98.4 2494s

 264431 216655  487.54583   63  197  709.65000  366.58748  48.3%  98.6 2506s

 266007 217757  513.84288  101  154  709.65000  366.60417  48.3%  98.5 2519s

 267329 218375  386.84137   43  165  709.65000  366.62948  48.3%  98.5 2528s

 268046 219009  419.33012   46  144  709.65000  366.63647  48.3%  98.5 2539s

 268857 219762  390.36987   41  153  709.65000  366.64708  48.3%  98.5 2548s

 269735 220478  385.81247   49  178  709.65000  366.64962  48.3%  98.6 2557s

 270742 220995  395.91995   53  144  709.65000  366.66604  48.3%  98.5 2563s

 271357 221692 infeasible   67       709.65000  366.69138  48.3%  98.5 2571s

 272216 222009  502.51085   98  238  709.65000  366.70571  48.3%  98.5 2577s

 272583 222403  644.83729  148  163  709.65000  366.70571  48.3%  98.6 2584s

 273101 223244  408.36444   55  187  709.65000  366.72522  48.3%  98.6 2593s

 274087 224003  405.30985   42  214  709.65000  366.75025  48.3%  98.6 2601s

 274931 224664  684.37087  160  175  709.65000  366.75189  48.3%  98.6 2610s

 275810 225132  393.37047   47  258  709.65000  366.76487  48.3%  98.6 2617s

 276405 225907  512.45345   90  184  709.65000  366.78926  48.3%  98.6 2626s

 277379 226335  453.01358   47  206  709.65000  366.79896  48.3%  98.6 2634s

H277440 226318                     709.0100000  366.79896  48.3%  98.6 2634s

 277863 227054  616.99999  108  186  709.01000  366.79896  48.3%  98.6 2642s

 278687 227600  673.34651  148  155  709.01000  366.81601  48.3%  98.6 2649s

 279315 228575  376.86902   38  182  709.01000  366.81981  48.3%  98.6 2658s

 280447 229419  684.32638  128   83  709.01000  366.83947  48.3%  98.6 2666s

 281456 230368  399.83883   43  234  709.01000  366.85665  48.3%  98.6 2675s

H282346 230231                     704.4200000  366.85665  47.9%  98.6 2675s

 282528 230900  413.94252   44  226  704.42000  366.87477  47.9%  98.6 2683s

 283364 231091  385.60128   49  135  704.42000  366.87904  47.9%  98.6 2693s

 283618 232916  425.01309   70  154  704.42000  366.87904  47.9%  98.6 2717s

 285923 234172  606.14674   93  160  704.42000  366.92623  47.9%  98.8 2729s

 287400 234915  436.19180   62  140  704.42000  366.94401  47.9%  98.7 2737s

 288377 235384 infeasible   66       704.42000  366.96007  47.9%  98.7 2744s

 288926 236316  463.74279   81  147  704.42000  366.96789  47.9%  98.7 2754s

 290038 237120  603.94333   95  119  704.42000  366.96789  47.9%  98.7 2762s

 291010 238037  442.91716   69  187  704.42000  366.99873  47.9%  98.7 2771s

 292116 238635  533.68970   86  122  704.42000  367.01564  47.9%  98.7 2779s

 292826 239460  515.81744   99  109  704.42000  367.01823  47.9%  98.6 2788s

 293778 240075  561.40656  118  146  704.42000  367.04697  47.9%  98.6 2796s

 294553 240623  368.51193   42  297  704.42000  367.04856  47.9%  98.6 2804s

 295177 241420  442.61243  101  153  704.42000  367.04856  47.9%  98.6 2812s

 296156 242236  573.63304   95  108  704.42000  367.08812  47.9%  98.7 2820s

 297161 242751  429.62072   64  186  704.42000  367.09342  47.9%  98.7 2827s

 297810 243407  403.50958   54  211  704.42000  367.10722  47.9%  98.7 2838s

 298753 243794  540.02980   81  162  704.42000  367.12820  47.9%  98.7 2845s

 299230 244812  381.60108   42  296  704.42000  367.13435  47.9%  98.7 2854s

 300443 245590  381.41800   37  206  704.42000  367.14955  47.9%  98.7 2862s

 301349 245850  566.47184   98  107  704.42000  367.16124  47.9%  98.7 2869s

 301680 246760  398.41441   55  224  704.42000  367.17031  47.9%  98.8 2877s

 302718 247263  470.38215   59   89  704.42000  367.17031  47.9%  98.8 2885s

H302924 247256                     704.3000000  367.17031  47.9%  98.8 2885s

 303314 248050  482.49168   88  183  704.30000  367.20264  47.9%  98.8 2892s

 304208 248583  498.18611   88  128  704.30000  367.20826  47.9%  98.8 2900s

 304828 249298  424.50021   77  240  704.30000  367.20826  47.9%  98.8 2908s

 305664 250148  498.56187   81  172  704.30000  367.20826  47.9%  98.8 2916s

 306615 250705  554.22129   90  160  704.30000  367.23101  47.9%  98.8 2923s

 307350 250985  427.25872   51  206  704.30000  367.23668  47.9%  98.9 2930s

 307704 251679  656.68831   57  177  704.30000  367.23668  47.9%  98.9 2938s

 308541 252350  676.90319   75  187  704.30000  367.23668  47.9%  98.9 2946s

 309402 252799  428.88843   45  129  704.30000  367.23770  47.9%  99.0 2954s

 309936 253653  490.35246   66  146  704.30000  367.26830  47.9%  99.0 2962s

 310966 254272  370.31168   41  298  704.30000  367.27549  47.9%  99.0 2971s

 311752 254830  367.34068   41  245  704.30000  367.27898  47.9%  99.1 2979s

 312387 255676  448.84919   81  120  704.30000  367.27898  47.9%  99.1 2990s

 313373 256347  384.53697   39  232  704.30000  367.31186  47.8%  99.1 2998s

 314157 256813  374.38793   44  212  704.30000  367.31929  47.8%  99.1 3005s

 314679 257241  446.22099   64  135  704.30000  367.31929  47.8%  99.1 3013s

 315225 257767     cutoff   96       704.30000  367.31929  47.8%  99.1 3022s

 315906 258778  372.19171   40  238  704.30000  367.32179  47.8%  99.1 3032s

 317065 259504  625.89217  156  140  704.30000  367.33847  47.8%  99.1 3040s

 318066 259848  429.00388   73  102  704.30000  367.35692  47.8%  99.2 3047s

 318466 260792  382.00511   41  246  704.30000  367.35692  47.8%  99.2 3056s

 319615 261608  397.05670   44  184  704.30000  367.38841  47.8%  99.1 3065s

 320564 262146  436.50334   59  220  704.30000  367.40415  47.8%  99.1 3072s

 321251 262816  388.60794   44  180  704.30000  367.41210  47.8%  99.2 3081s

 322102 263466     cutoff   78       704.30000  367.41210  47.8%  99.2 3088s

 322947 263690  558.89139  114  142  704.30000  367.44027  47.8%  99.3 3096s

 323180 264652  591.69844  125  121  704.30000  367.44304  47.8%  99.3 3104s

 324364 265075  470.15567   64   61  704.30000  367.45231  47.8%  99.3 3112s

 324876 265960  402.62287   59  113  704.30000  367.45295  47.8%  99.3 3121s

 326040 266447  549.28220   73  156  704.30000  367.47092  47.8%  99.3 3129s

 326660 267266  566.24176   88  146  704.30000  367.47092  47.8%  99.3 3137s

 327687 267891  590.46173  116  158  704.30000  367.49776  47.8%  99.3 3147s

 328393 268794  642.34482  110  117  704.30000  367.50109  47.8%  99.3 3159s

 329483 269612  695.63311  138  137  704.30000  367.51136  47.8%  99.3 3168s

 330463 269880  491.68808   93  209  704.30000  367.52559  47.8%  99.3 3175s

 330799 270858  404.61701   55  266  704.30000  367.53124  47.8%  99.3 3185s

 332017 271497     cutoff   95       704.30000  367.55118  47.8%  99.3 3193s

 332756 272106  426.69248   65  156  704.30000  367.55717  47.8%  99.3 3201s

 333466 272602  423.47754   67  146  704.30000  367.55717  47.8%  99.3 3209s

 334069 273317  694.05398   93  108  704.30000  367.57527  47.8%  99.3 3217s

 335062 274011  397.06919   42  304  704.30000  367.58751  47.8%  99.3 3226s

 335838 274629  526.25018  105  124  704.30000  367.58751  47.8%  99.3 3234s

 336537 275270  452.60304   81  190  704.30000  367.58751  47.8%  99.3 3242s

 337298 275879  441.19415   47  172  704.30000  367.58751  47.8%  99.3 3251s

 337970 276485  607.55467  119  202  704.30000  367.58751  47.8%  99.3 3259s

 338717 276994  458.80773   64  161  704.30000  367.58751  47.8%  99.4 3268s

 339382 277385  377.14786   37  222  704.30000  367.63139  47.8%  99.4 3277s

 339903 277915  387.74010   49  220  704.30000  367.63144  47.8%  99.4 3286s

 340550 278450  512.70833   45  178  704.30000  367.63144  47.8%  99.5 3295s

 341209 279059  441.26122   64  181  704.30000  367.64754  47.8%   100 3304s

 341927 279669  458.96353   82  140  704.30000  367.64904  47.8%   100 3314s

 342650 280280  511.04505   65   98  704.30000  367.65876  47.8%   100 3324s

 343395 281140  399.53967   47  247  704.30000  367.66243  47.8%   100 3334s

 343869 281140  604.75132   98  194  704.30000  367.66243  47.8%   100 3335s

 344389 281616  635.45500  113  168  704.30000  367.66243  47.8%   100 3344s

 344932 282348  635.46732  114  164  704.30000  367.66243  47.8%   100 3354s

 345830 282785  473.93427   85  213  704.30000  367.66243  47.8%   100 3362s

 346406 283650  667.69341  145   72  704.30000  367.70670  47.8%   100 3372s

 347433 284492  538.15833   87  166  704.30000  367.71803  47.8%   100 3382s

 348492 285368  394.16044   40  226  704.30000  367.73407  47.8%   100 3391s

 349513 285896  701.70118  121  166  704.30000  367.74786  47.8%   100 3399s

 350148 286535  543.77507   94  125  704.30000  367.75046  47.8%   100 3409s

 350913 287464  408.78743   54  160  704.30000  367.75526  47.8%   100 3420s

 352134 288107  379.35812   41  239  704.30000  367.76469  47.8%   100 3428s

 352913 288945  407.14701   41  211  704.30000  367.78516  47.8%   100 3438s

 353923 289565  470.89770   60  114  704.30000  367.78883  47.8%   100 3447s

 354648 290349  640.11890  126  131  704.30000  367.78883  47.8%   100 3457s

 355629 290648  559.00640  116  179  704.30000  367.80720  47.8%   100 3466s

 355967 291372  399.27041   61  212  704.30000  367.81183  47.8%   100 3476s

 356877 291778  388.54904   40  244  704.30000  367.82533  47.8%   100 3484s

 357337 292458  413.41527   55  132  704.30000  367.82803  47.8%   100 3495s

 358223 293230  448.95397   60  244  704.30000  367.84888  47.8%   100 3503s

 359098 293715  483.08725   63  171  704.30000  367.85669  47.8%   100 3511s

 359700 294625  444.28037   79  193  704.30000  367.86414  47.8%   100 3520s

 360749 295394  401.77592   50  181  704.30000  367.87413  47.8%   100 3529s

 361701 295751  483.61922   62  186  704.30000  367.87554  47.8%   100 3538s

 362117 296731  415.69602   44  164  704.30000  367.88223  47.8%   100 3547s

 363255 297409  428.08423   56  192  704.30000  367.90281  47.8%   100 3557s

 364025 298023  410.55462   60  177  704.30000  367.90281  47.8%   100 3566s

 364745 298763  442.60337   47  115  704.30000  367.91369  47.8%   100 3575s

 365714 298884  450.55425   57  163  704.30000  367.92488  47.8%   100 3584s

 365886 299200  452.08506   58  150  704.30000  367.92488  47.8%   100 3592s

 366311 299581  427.79935   70  127  704.30000  367.92672  47.8%   100 3601s

 366750 300414  470.59377   46  173  704.30000  367.92734  47.8%   100 3611s

 367716 301115  478.92402   81  163  704.30000  367.94763  47.8%   100 3620s

 368591 301691  561.50352   73  148  704.30000  367.95420  47.8%   100 3628s

 369292 302528  522.39552  110  139  704.30000  367.95420  47.8%   100 3637s

 370234 303385 infeasible   76       704.30000  367.97177  47.8%   100 3647s

 371283 304005  402.75773   52  191  704.30000  367.97868  47.8%   100 3655s

 372067 304569  380.49506   41  256  704.30000  367.98641  47.8%   100 3666s

 372861 305332  398.05747   50  182  704.30000  367.99273  47.8%   100 3676s

 373765 306203  378.56814   52  235  704.30000  368.00553  47.7%   100 3686s

 374772 306689  396.10537   52  168  704.30000  368.01675  47.7%   100 3695s

 375474 307160  459.99230   75  150  704.30000  368.01675  47.7%   100 3703s

 376036 307758  615.53216  107  106  704.30000  368.02680  47.7%   100 3712s

 376799 308491  387.56737   39  105  704.30000  368.03780  47.7%   100 3723s

 377736 309091  444.76258   63  106  704.30000  368.06246  47.7%   100 3732s

 378495 309624  679.49971  120  158  704.30000  368.06246  47.7%   100 3741s

 379164 310162  475.64612   61  163  704.30000  368.08340  47.7%   100 3751s

 379821 310997  412.91114   73  198  704.30000  368.09415  47.7%   100 3762s

 380785 311931  427.97431   73  164  704.30000  368.10555  47.7%   100 3773s

 381902 312422 infeasible   78       704.30000  368.11606  47.7%   100 3782s

 382478 313246  528.23339   94  193  704.30000  368.11606  47.7%   100 3793s

 383504 313954  390.43943   45  194  704.30000  368.13492  47.7%   100 3804s

 384376 314391 infeasible  172       704.30000  368.13492  47.7%   100 3814s

 385010 315020  439.75047   61  117  704.30000  368.15641  47.7%   100 3824s

 385767 315634  393.70641   45  210  704.30000  368.15641  47.7%   100 3834s

 386536 316405  555.58901  139  192  704.30000  368.15641  47.7%   100 3844s

 386963 316405  386.53502   59  223  704.30000  368.15641  47.7%   100 3845s

 387431 316794  434.78899   50  240  704.30000  368.15641  47.7%   100 3852s

 387953 317502  612.87585   90  149  704.30000  368.15641  47.7%   100 3863s

 388800 318015  446.28123   65  155  704.30000  368.19680  47.7%   100 3873s

 389420 318608  375.90304   51  131  704.30000  368.19768  47.7%   100 3882s

 390114 319451  518.91461   95  155  704.30000  368.21485  47.7%   100 3894s

 391183 320327  388.57912   50  201  704.30000  368.22691  47.7%   100 3905s

 392258 320748  458.40968   45  127  704.30000  368.24145  47.7%   100 3914s

 392822 321758  442.45343   68  169  704.30000  368.24249  47.7%   100 3925s

 393967 322514  524.65490   73  132  704.30000  368.26792  47.7%   100 3936s

 394974 323057  561.54590   62  153  704.30000  368.28116  47.7%   101 3945s

 395663 323948  533.17622   72  245  704.30000  368.28116  47.7%   101 3956s

 396673 324866  440.12118  103  199  704.30000  368.29943  47.7%   101 3967s

 397761 325328  536.30335   95  141  704.30000  368.31441  47.7%   101 3977s

 398316 326240  536.66132   66  145  704.30000  368.31441  47.7%   101 3987s

 399423 326876  386.91522   49  206  704.30000  368.33238  47.7%   101 3998s

 400266 327490  385.42375   44  162  704.30000  368.35106  47.7%   101 4007s

 400990 328133  439.65804   55  162  704.30000  368.35900  47.7%   101 4019s

 401748 328852  457.16118   59  114  704.30000  368.36719  47.7%   101 4031s

 402720 329407  390.86464   38  204  704.30000  368.39024  47.7%   101 4040s

 403351 330232  516.11280   61  181  704.30000  368.39024  47.7%   101 4051s

 404346 330982  654.78093  110   90  704.30000  368.40279  47.7%   101 4062s

 405290 331703  553.06790   90  130  704.30000  368.41824  47.7%   101 4071s

 406149 332361  507.39286   85  172  704.30000  368.42694  47.7%   101 4081s

 406924 333220  424.81975   71  187  704.30000  368.43197  47.7%   101 4092s

 407999 333402  388.28988   34  197  704.30000  368.43994  47.7%   101 4100s

 408274 334274  446.17381   49  172  704.30000  368.43994  47.7%   101 4111s

 409316 334763  400.70383   47  117  704.30000  368.45266  47.7%   101 4119s

 409849 335757  392.82046   53  192  704.30000  368.45438  47.7%   101 4130s

 411036 336554  440.87421   48  244  704.30000  368.47763  47.7%   101 4140s

 411991 337489  404.81911   41  154  704.30000  368.48783  47.7%   101 4150s

 413055 338266  447.52548   63  213  704.30000  368.49225  47.7%   101 4160s

 413971 338897  423.39410   47  161  704.30000  368.49949  47.7%   101 4170s

 414774 339362  437.82158   46  130  704.30000  368.51081  47.7%   101 4179s

 415321 339905  382.09214   46  228  704.30000  368.51081  47.7%   101 4187s

 415941 340797  597.91549  100  145  704.30000  368.51081  47.7%   101 4199s

 416938 341560  526.88282  102  185  704.30000  368.53167  47.7%   101 4209s

 417838 342143  383.88277   45  266  704.30000  368.53249  47.7%   101 4217s

 418555 342528  680.75595  127  105  704.30000  368.53686  47.7%   101 4224s

 419033 343169  493.32068   58  109  704.30000  368.54863  47.7%   101 4235s

 419919 343471  374.16129   39  219  704.30000  368.54863  47.7%   101 4243s

 420315 344265  666.60933   96  140  704.30000  368.57297  47.7%   101 4252s

 421267 344913  533.75481   84  161  704.30000  368.57428  47.7%   101 4262s

 422076 345449  612.46810   80  169  704.30000  368.58574  47.7%   101 4272s

 422731 346246  589.50422  128   99  704.30000  368.58574  47.7%   101 4284s

 423705 346724  565.98466   72  128  704.30000  368.59590  47.7%   101 4293s

 424276 347307  560.42157  109  130  704.30000  368.59590  47.7%   101 4303s

 424975 348132  614.74146   85  184  704.30000  368.61498  47.7%   101 4314s

 425986 348612 infeasible   92       704.30000  368.62977  47.7%   101 4323s

 426617 349420  401.84668   54  185  704.30000  368.63938  47.7%   101 4334s

 427527 350035  398.42986   44  221  704.30000  368.64345  47.7%   101 4345s

 428232 350881  553.97295  106  140  704.30000  368.64345  47.7%   101 4356s

 429188 351637  593.75917   98  171  704.30000  368.66437  47.7%   101 4367s

 430131 352100  494.54450   77  174  704.30000  368.67158  47.7%   101 4376s

 430705 352801  379.79282   40  205  704.30000  368.67158  47.7%   101 4389s

 431542 353529  548.51661  102  104  704.30000  368.67158  47.7%   101 4401s

 432435 354207  596.67412   85  134  704.30000  368.70224  47.6%   101 4411s

 433289 354738  435.30478   47  163  704.30000  368.72319  47.6%   101 4421s

 433945 355624  404.03033   53  210  704.30000  368.72704  47.6%   101 4432s

 434949 356163  374.12679   49  163  704.30000  368.73612  47.6%   101 4442s

 435630 356796  404.64535   64  194  704.30000  368.74132  47.6%   101 4454s

 436419 357449  452.94276   76  138  704.30000  368.74894  47.6%   101 4464s

 437182 358124  478.65887   91  179  704.30000  368.74894  47.6%   101 4474s

 437897 358124  374.81746   45  222  704.30000  368.75959  47.6%   101 4475s

 438023 358732  510.10585  108  114  704.30000  368.75959  47.6%   101 4485s

 438738 359423  394.18102   50  142  704.30000  368.75959  47.6%   101 4496s

 439652 359899  395.01325   55  249  704.30000  368.77634  47.6%   101 4506s

 440216 360694  490.64765   91  152  704.30000  368.77634  47.6%   101 4518s

 441206 361304  570.54114  113  185  704.30000  368.78222  47.6%   101 4528s

 441955 361875  499.37740   94  147  704.30000  368.79617  47.6%   101 4538s

 442617 362568  443.34357   60  127  704.30000  368.79906  47.6%   101 4550s

 443421 362973  411.61275   40  157  704.30000  368.81081  47.6%   101 4560s

 443993 363729  385.34002   57  179  704.30000  368.81719  47.6%   101 4572s

 444897 364735  500.00827   83  169  704.30000  368.82307  47.6%   101 4584s

 446032 365323  512.23470  122  125  704.30000  368.82398  47.6%   101 4596s

 446746 366194  675.65772   93  112  704.30000  368.84717  47.6%   101 4610s

 447821 366805  446.06104   64  134  704.30000  368.87022  47.6%   101 4620s

 448540 367736  428.16681   51  135  704.30000  368.87903  47.6%   101 4634s

 449617 368203  415.50609   65  153  704.30000  368.89226  47.6%   101 4644s

 450162 369146  672.73831  134  187  704.30000  368.89226  47.6%   101 4656s

 451246 369768  655.81442   98  152  704.30000  368.90962  47.6%   101 4667s

 452097 370223  383.03369   37  198  704.30000  368.92338  47.6%   101 4677s

 452685 370797  445.26515   73  142  704.30000  368.92373  47.6%   101 4687s

 453338 371575  515.20338   84  129  704.30000  368.92373  47.6%   101 4699s

 454285 372471  378.91530   43  180  704.30000  368.94374  47.6%   101 4710s

 455300 373116  401.81949   54  122  704.30000  368.95628  47.6%   101 4722s

 456152 373574  656.78437  103  142  704.30000  368.96099  47.6%   101 4731s

 456740 374263  479.94097   70  177  704.30000  368.97777  47.6%   101 4742s

 457586 375086  536.66659   58  157  704.30000  368.98360  47.6%   101 4755s

 458584 375527  625.09922  102  198  704.30000  368.99799  47.6%   101 4766s

 459162 376119  472.85357   90  132  704.30000  369.00043  47.6%   101 4777s

 459958 376700  400.48480   39  220  704.30000  369.01499  47.6%   101 4786s

 460633 377390  403.50459   49  230  704.30000  369.01579  47.6%   101 4800s

 461504 378243  375.16369   51  170  704.30000  369.02876  47.6%   101 4812s

 462486 378557  393.71418   57  289  704.30000  369.03040  47.6%   101 4820s

 462865 379662  552.30296   85  157  704.30000  369.03494  47.6%   101 4835s

 464178 380484  390.95497   57  210  704.30000  369.04955  47.6%   101 4846s

 465131 381182  387.26047   49  266  704.30000  369.06010  47.6%   101 4856s

 465946 381663  380.88177   43  370  704.30000  369.06798  47.6%   101 4865s

 466543 382196  474.07980   70  217  704.30000  369.06798  47.6%   101 4875s

 467189 382666  577.11622   99  159  704.30000  369.07560  47.6%   101 4884s

 467777 383429  403.34722   67  167  704.30000  369.08692  47.6%   101 4896s

 468709 384160  599.29478   81  140  704.30000  369.10351  47.6%   101 4907s

 469590 384855  468.16531   78  239  704.30000  369.11454  47.6%   101 4918s

 470382 385633  374.76063   47  237  704.30000  369.12440  47.6%   101 4929s

 471267 386048  677.40090   96  123  704.30000  369.12738  47.6%   101 4939s

 471827 386675  407.75480   43  162  704.30000  369.13565  47.6%   101 4950s

 472579 387028  388.47479   43  227  704.30000  369.14720  47.6%   101 4959s

 473018 387780  529.29322   86  214  704.30000  369.14720  47.6%   101 4970s

 473919 388295  414.66988   41  172  704.30000  369.14720  47.6%   101 4981s

 474551 388995  600.90708   80  100  704.30000  369.14720  47.6%   101 4993s

 475446 389748  596.52943   71  141  704.30000  369.18018  47.6%   101 5006s

 476298 390115  681.52846  111  142  704.30000  369.18559  47.6%   101 5015s

 476766 390998  383.37505   48  223  704.30000  369.19637  47.6%   101 5029s

 477838 391587  428.27030   44   96  704.30000  369.20586  47.6%   101 5042s

 478731 392182  653.03759  112  142  704.30000  369.22123  47.6%   101 5054s

 479472 392866  401.86154   42  205  704.30000  369.22660  47.6%   101 5067s

 480370 393645  494.93526   55  189  704.30000  369.24174  47.6%   102 5079s

 481281 394216  434.70409   67  183  704.30000  369.24474  47.6%   101 5091s

 482045 394933  445.15966   55  178  704.30000  369.25456  47.6%   102 5103s

 482906 395427  651.91242   86  146  704.30000  369.27100  47.6%   102 5114s

 483545 396157  375.24890   49  235  704.30000  369.27100  47.6%   102 5127s

 484471 396745  685.78967  196  172  704.30000  369.27100  47.6%   102 5140s

 485267 397389  380.70261   47  366  704.30000  369.29499  47.6%   102 5151s

 486008 398256  563.14638  121  202  704.30000  369.29499  47.6%   102 5165s

 487042 399026  398.88055   48  170  704.30000  369.31246  47.6%   102 5177s

 487958 399725  462.54455   64  190  704.30000  369.31246  47.6%   102 5189s

 488624 399725  659.03157   70  108  704.30000  369.32442  47.6%   102 5190s

 488796 400134  628.12276   85   86  704.30000  369.32442  47.6%   102 5199s

 489300 400862  389.40976   44  216  704.30000  369.33521  47.6%   102 5211s

 490168 401567  475.20780   60  228  704.30000  369.33521  47.6%   102 5225s

 491139 402101  468.84892   58  205  704.30000  369.35856  47.6%   102 5234s

 491734 402795  487.02880   63  183  704.30000  369.35927  47.6%   102 5246s

 492620 403474  411.00635   48  254  704.30000  369.36825  47.6%   102 5258s

 493512 403954  666.55525  106  156  704.30000  369.37042  47.6%   102 5269s

 494083 404841  651.53936   89  109  704.30000  369.37042  47.6%   102 5284s

 495185 405211  393.74917   48  168  704.30000  369.38948  47.6%   102 5293s

 495652 406234  410.13689   57  180  704.30000  369.38948  47.6%   102 5307s

 496852 406927  627.07433  120  115  704.30000  369.40074  47.6%   102 5320s

 497759 407591  402.21151   36  238  704.30000  369.41580  47.5%   102 5330s

 498541 408043  566.66878  108  187  704.30000  369.41580  47.5%   102 5340s

 499097 408739  474.33976   82  111  704.30000  369.41580  47.5%   102 5353s

 499966 409462  384.26768   45  252  704.30000  369.44748  47.5%   102 5364s

 500807 410012  679.92087  128  161  704.30000  369.44748  47.5%   102 5375s

 501534 410803  597.74314   99  137  704.30000  369.45774  47.5%   102 5388s

 502506 411280  466.10031   92  202  704.30000  369.46739  47.5%   102 5399s

 503115 411897  391.46541   45  177  704.30000  369.47758  47.5%   102 5409s

 503853 412612  429.33619   70  197  704.30000  369.48970  47.5%   102 5422s

 504697 412821  681.10479  117  102  704.30000  369.50136  47.5%   102 5432s

 504950 415062  404.80773   66  169  704.30000  369.50223  47.5%   102 5472s

 507606 415509  449.38799   72  155  704.30000  369.52500  47.5%   102 5483s

 508144 416382  387.20827   57  243  704.30000  369.52658  47.5%   102 5497s

 509323 417359  399.24397   59  202  704.30000  369.55248  47.5%   102 5513s

 510532 417941  395.39612   46  196  704.30000  369.56163  47.5%   102 5524s

 511160 418579  509.09234  112  135  704.30000  369.56163  47.5%   102 5535s

 511932 419268  519.01292   69  193  704.30000  369.57840  47.5%   102 5548s

 512772 419821  426.27467   62  185  704.30000  369.57840  47.5%   102 5560s

 513390 420740  454.69579   84  168  704.30000  369.59539  47.5%   102 5575s

 514501 421381  374.08252   43  187  704.30000  369.60574  47.5%   102 5588s

 515291 421810  459.65775   62  168  704.30000  369.60574  47.5%   102 5599s

 515799 422428  399.08656   50  193  704.30000  369.60574  47.5%   102 5612s

 516549 423266  438.12880   64  178  704.30000  369.61330  47.5%   102 5625s

 517562 423905  400.06150   56  211  704.30000  369.61330  47.5%   102 5638s

 518349 424435  404.47350   49  309  704.30000  369.64973  47.5%   102 5650s

 518999 425206  470.79841   61  123  704.30000  369.65169  47.5%   102 5664s

 520025 425533     cutoff  106       704.30000  369.65169  47.5%   102 5676s

 520452 426934  699.05014  111  114  704.30000  369.66787  47.5%   102 5700s

 522153 427529  409.09227   60  175  704.30000  369.68057  47.5%   102 5714s

 522630 427529  487.09845   69  227  704.30000  369.69531  47.5%   102 5715s

 523005 428080  398.14838   59  161  704.30000  369.69838  47.5%   102 5726s

 523648 429052  389.83893   57  165  704.30000  369.71704  47.5%   102 5742s

 524828 429780  437.34956   53  214  704.30000  369.72518  47.5%   102 5756s

 525728 430288  416.84442   53  152  704.30000  369.72942  47.5%   102 5768s

 526318 431073  648.64019  112  201  704.30000  369.72942  47.5%   102 5783s

 527276 431785  411.66775   66  122  704.30000  369.74571  47.5%   102 5797s

 528149 432204  476.86415   65  146  704.30000  369.75558  47.5%   102 5810s

 528684 432770  444.87428   42  170  704.30000  369.75558  47.5%   102 5824s

 529175 432770  454.84672   39  188  704.30000  369.75558  47.5%   102 5825s

 529493 433554  407.37156   62  135  704.30000  369.75558  47.5%   102 5838s

 530396 434029  468.27728   80  111  704.30000  369.78874  47.5%   102 5851s

 530954 434575  490.64044   66  128  704.30000  369.79064  47.5%   102 5867s

 531671 435044  448.82762   68  157  704.30000  369.79064  47.5%   102 5879s

 532308 435706  390.91063   46  138  704.30000  369.80058  47.5%   102 5894s

 532571 435706  677.40953   72  120  704.30000  369.80058  47.5%   102 5895s

 533155 436157  423.33450   55  169  704.30000  369.81126  47.5%   102 5906s

 533702 437011  398.53356   45  279  704.30000  369.81588  47.5%   103 5923s

 534730 437843  421.85847   57  142  704.30000  369.83416  47.5%   103 5939s

 535699 438424  552.49594  121  162  704.30000  369.83507  47.5%   103 5950s

 536374 438870  416.22646   48  117  704.30000  369.84552  47.5%   103 5963s

 536927 439718  521.97092  112  145  704.30000  369.84552  47.5%   103 5977s

 537908 440252  635.92455  102  234  704.30000  369.85942  47.5%   103 5989s

 538563 441059  468.39409   68  202  704.30000  369.87274  47.5%   103 6003s

 539477 441701  458.66880   72  147  704.30000  369.87395  47.5%   103 6016s

 540236 442425  393.64789   53  192  704.30000  369.87395  47.5%   103 6029s

 541066 442985  476.33599   70  154  704.30000  369.90622  47.5%   103 6043s

 541764 443648  396.25289   48  243  704.30000  369.90793  47.5%   103 6057s

 542702 444186  397.23807   53  298  704.30000  369.91326  47.5%   103 6069s

 543327 444975  575.07648  117  177  704.30000  369.91326  47.5%   103 6085s

 544311 445656  606.47985   89  132  704.30000  369.92504  47.5%   103 6099s

 545075 445656  607.58470   98  151  704.30000  369.92504  47.5%   103 6100s

 545133 446139  413.22987   62  183  704.30000  369.92504  47.5%   103 6110s

 545695 446872  690.52260  169  126  704.30000  369.92504  47.5%   103 6125s

 546570 447657  514.44064   94  139  704.30000  369.94314  47.5%   103 6140s

 547522 448529  394.87463   43  208  704.30000  369.94890  47.5%   103 6155s

 548517 449007  393.01866   47  239  704.30000  369.95586  47.5%   103 6168s

 549082 449627  434.39332   79  157  704.30000  369.95586  47.5%   103 6183s

 549900 450226  397.57168   44   83  704.30000  369.96363  47.5%   103 6198s

 550677 450814  449.34386   53  168  704.30000  369.97363  47.5%   103 6212s

 551420 451407  484.44211   85  194  704.30000  369.97949  47.5%   103 6228s

 552263 452036  383.85138   48  163  704.30000  369.99276  47.5%   103 6243s

 552991 452979  558.46168   91  178  704.30000  369.99276  47.5%   103 6260s

 554134 453822  375.00536   38  237  704.30000  370.01207  47.5%   103 6275s

 555098 454298  585.94225   75  182  704.30000  370.01207  47.5%   103 6289s

 555835 454751  438.62264   50  132  704.30000  370.02692  47.5%   103 6302s

 556473 455327  398.66303   38  191  704.30000  370.03490  47.5%   103 6315s

 557206 455894  380.86915   47  268  704.30000  370.03493  47.5%   103 6330s

 557930 456664  405.57918   65  230  704.30000  370.04743  47.5%   103 6345s

 558863 457364  404.41380   74  102  704.30000  370.06094  47.5%   103 6360s

 559728 458288  428.85425   52  192  704.30000  370.06901  47.5%   103 6376s

 560841 458799  384.65989   46  174  704.30000  370.07510  47.5%   103 6388s

 561452 459274  579.11057  131  208  704.30000  370.07510  47.5%   103 6401s

 562111 460009  386.15148   36  263  704.30000  370.08429  47.5%   103 6416s

 563021 460683  638.05197   87  111  704.30000  370.08925  47.5%   103 6431s

 563947 461327  407.06929   48  207  704.30000  370.10755  47.5%   103 6445s

 564688 462105  411.13995   48  129  704.30000  370.10755  47.5%   103 6462s

 565696 462522  427.79237   59  142  704.30000  370.12054  47.4%   103 6471s

 566162 463197  647.79356  111  153  704.30000  370.12054  47.4%   103 6487s

 567048 463934  396.36173   47  186  704.30000  370.13257  47.4%   103 6500s

 567875 464627  506.41169   69  145  704.30000  370.13257  47.4%   103 6514s

 568740 465078  372.16530   43  221  704.30000  370.14870  47.4%   103 6524s

 568843 465078  397.01642   53  234  704.30000  370.14870  47.4%   103 6525s

 569248 465834  508.97433   77  237  704.30000  370.14870  47.4%   103 6540s

 570150 466601     cutoff  166       704.30000  370.15853  47.4%   103 6555s

 571043 467091  398.35402   45  145  704.30000  370.15853  47.4%   103 6567s

 571618 467996  373.32414   48  240  704.30000  370.17299  47.4%   103 6584s

 572691 468729  465.79038   51  228  704.30000  370.17901  47.4%   103 6599s

 573631 469478  595.27783   94   88  704.30000  370.18874  47.4%   103 6615s

 574584 470095  421.34570   46  258  704.30000  370.20487  47.4%   103 6628s

 575320 470951  476.09185   66  154  704.30000  370.20585  47.4%   103 6644s

 576372 471537  389.33113   46  280  704.30000  370.22223  47.4%   103 6658s

 577072 472374  574.00129   81   97  704.30000  370.22223  47.4%   103 6673s

 578036 472901  637.68086  131  166  704.30000  370.23165  47.4%   103 6686s

 578712 473602  373.01336   42  182  704.30000  370.23579  47.4%   103 6700s

 579620 473996  394.07465   39  187  704.30000  370.24667  47.4%   103 6713s

 580159 475037  434.64699   59  133  704.30000  370.25681  47.4%   103 6735s

 581419 475664 infeasible  132       704.30000  370.25681  47.4%   103 6750s

 582245 476373  474.13677   57  115  704.30000  370.26915  47.4%   103 6767s

 583139 477012  628.22332  132  157  704.30000  370.28124  47.4%   103 6783s

 583907 477841  703.72853  115   53  704.30000  370.28263  47.4%   103 6801s

 585007 478601  501.76875   59  166  704.30000  370.29172  47.4%   103 6816s

 585900 478994  513.10107  100  171  704.30000  370.29706  47.4%   103 6830s

 586351 479865  374.15693   36  221  704.30000  370.29864  47.4%   103 6847s

 587402 480620  384.37418   38  272  704.30000  370.31316  47.4%   103 6862s

 588302 481245  497.63510   77  203  704.30000  370.32411  47.4%   103 6876s

 589018 481954  538.48869   80  154  704.30000  370.32650  47.4%   103 6891s

 589851 482739  574.48185  114  118  704.30000  370.33184  47.4%   103 6907s

 590792 483565  436.39882   55  262  704.30000  370.33352  47.4%   103 6923s

 591724 484131  397.45454   53  173  704.30000  370.34151  47.4%   103 6936s

 592391 485087  519.84965  110  120  704.30000  370.34159  47.4%   103 6954s

 593524 485935  455.65893   47  148  704.30000  370.35179  47.4%   103 6970s

 594546 486510  455.02934   63  163  704.30000  370.36363  47.4%   103 6986s

 595270 487043  531.46724   92  121  704.30000  370.36598  47.4%   103 6999s

 595606 487043  405.55352   42  220  704.30000  370.36828  47.4%   103 7000s

 595901 488108  399.76230   61  161  704.30000  370.37217  47.4%   103 7019s

 597138 488813  387.59960   50  237  704.30000  370.38085  47.4%   103 7035s

 598018 489347  390.10701   53  213  704.30000  370.38817  47.4%   103 7049s

 598753 490353  394.96972   55  160  704.30000  370.39432  47.4%   103 7066s

 599883 491148  635.87974   83  100  704.30000  370.40064  47.4%   103 7082s

 600870 491692  557.35601  114  131  704.30000  370.41011  47.4%   103 7096s

 601562 492471  432.68075   64  221  704.30000  370.41016  47.4%   103 7112s

 602553 493183  667.34092  102   90  704.30000  370.41868  47.4%   103 7127s

 603489 493888  482.79715   76  103  704.30000  370.41890  47.4%   103 7142s

 604332 494405  480.89530   56  184  704.30000  370.43448  47.4%   103 7155s

 604966 495190  596.83899  125  172  704.30000  370.43448  47.4%   103 7170s

 605919 496114  463.39965   88  131  704.30000  370.44972  47.4%   103 7186s

 607011 496592  649.08234  137  164  704.30000  370.45027  47.4%   103 7199s

 607602 497352  442.54510   39  194  704.30000  370.46104  47.4%   103 7214s

 608511 497854  409.71597   55  148  704.30000  370.46878  47.4%   103 7227s

 609177 498372  569.92329   88  120  704.30000  370.47321  47.4%   103 7242s

 609818 499570  607.47051   88  122  704.30000  370.47424  47.4%   103 7263s

 611246 500268  620.35939   79   57  704.30000  370.49267  47.4%   103 7277s

 612093 500758  394.29472   54  138  704.30000  370.49795  47.4%   103 7288s

 612651 501534  435.23812   80  149  704.30000  370.50306  47.4%   103 7302s

 613542 502414  409.03227   51  187  704.30000  370.51153  47.4%   103 7317s

 614637 503108  410.08278   48  150  704.30000  370.51751  47.4%   103 7331s

 615451 503679  455.11091   62  150  704.30000  370.51823  47.4%   103 7346s

 616165 504321  417.77633   47  130  704.30000  370.53027  47.4%   103 7361s

 616957 504882  645.80985  119  198  704.30000  370.53027  47.4%   103 7375s

 617726 505319  380.38855   40  180  704.30000  370.54307  47.4%   103 7386s

 618280 506121  416.23529   61  151  704.30000  370.54307  47.4%   103 7400s

 619227 506844  433.78925   55  106  704.30000  370.54418  47.4%   103 7416s

 620213 507432  588.03540   85  134  704.30000  370.54418  47.4%   103 7431s

 620971 508127  472.55186   85  173  704.30000  370.56784  47.4%   103 7446s

 621871 508726  608.07183   76  150  704.30000  370.57155  47.4%   103 7460s

 622601 509375  383.48098   34  269  704.30000  370.57317  47.4%   103 7474s

 623362 510009  591.72491   87  180  704.30000  370.57317  47.4%   103 7489s

 624172 510890  606.88532   93  132  704.30000  370.58860  47.4%   103 7507s

 625215 511236  402.29415   62  166  704.30000  370.60729  47.4%   103 7517s

 625633 512085  451.36453   96  186  704.30000  370.61223  47.4%   103 7532s

 626632 512839  588.08291   69  145  704.30000  370.61539  47.4%   103 7548s

 627543 513422  418.79170   58  192  704.30000  370.63319  47.4%   103 7561s

 628332 514016  564.51184   87   84  704.30000  370.63811  47.4%   103 7576s

 629139 514479  452.60180   75  134  704.30000  370.64744  47.4%   103 7588s

 629750 515422  428.99523   61  167  704.30000  370.65252  47.4%   103 7604s

 630431 515422  525.64491   68  135  704.30000  370.65879  47.4%   103 7605s

 630828 516255  435.11645   53  192  704.30000  370.65942  47.4%   103 7621s

 631836 516756  619.39211   89  147  704.30000  370.66374  47.4%   103 7633s

 632437 517384  478.59732   69  188  704.30000  370.66822  47.4%   103 7646s

 633212 518165  485.36524   65  187  704.30000  370.67456  47.4%   103 7662s

 634090 518703  446.20544   63   96  704.30000  370.67646  47.4%   103 7677s

 634790 519336  423.89346   47  211  704.30000  370.69239  47.4%   103 7691s

 635582 519947  404.89510   48  204  704.30000  370.69312  47.4%   103 7704s

 636276 520747  674.98370  111  161  704.30000  370.69312  47.4%   103 7721s

 637244 521226  465.58985   43  107  704.30000  370.70958  47.4%   103 7733s

 637831 521649  397.22905   33  230  704.30000  370.70972  47.4%   103 7744s

 638336 522344  396.65486   41  159  704.30000  370.71272  47.4%   103 7759s

 639161 522997  610.51842  103  147  704.30000  370.72511  47.4%   103 7775s

 639962 523553  425.81715   58  173  704.30000  370.73518  47.4%   103 7790s

 640653 524390  393.63607   43  261  704.30000  370.73999  47.4%   103 7807s

 641667 525240  462.68537   67  179  704.30000  370.74807  47.4%   104 7824s

 642650 525706  493.99257   66  196  704.30000  370.76187  47.4%   104 7837s

 643246 526575  430.12719   61  219  704.30000  370.76928  47.4%   104 7853s

 644252 527116  577.59582  124  160  704.30000  370.77576  47.4%   104 7867s

 644903 527915  561.62679   80  179  704.30000  370.77576  47.4%   104 7883s

 645866 528817  447.37266   57  191  704.30000  370.79072  47.4%   104 7900s

 646954 529292  400.07453   49  216  704.30000  370.79885  47.4%   104 7912s

 647513 530026  389.93525   50  267  704.30000  370.80157  47.4%   104 7927s

 648399 530467  381.63378   46  237  704.30000  370.81252  47.4%   104 7940s

 648936 531184  408.89632   47  200  704.30000  370.81597  47.3%   104 7957s

 649821 531871  411.73271   54  162  704.30000  370.82518  47.3%   104 7971s

 650612 532675     cutoff  147       704.30000  370.82518  47.3%   104 7987s

 651558 533490  626.90309   74  122  704.30000  370.83441  47.3%   104 8003s

 652521 534180  384.22892   44  137  704.30000  370.84226  47.3%   104 8019s

 653478 534675  429.85455   42  170  704.30000  370.85374  47.3%   104 8032s

 654101 535505  391.70091   56  209  704.30000  370.85619  47.3%   104 8050s

 655031 536075  486.93566   82  145  704.30000  370.86451  47.3%   104 8067s

 655727 536550  385.69213   44  189  704.30000  370.87525  47.3%   104 8078s

 656272 537463  526.45402   76  230  704.30000  370.88034  47.3%   104 8097s

 657355 538293  657.29030  103  152  704.30000  370.88808  47.3%   104 8114s

 658365 538846  429.40513   58  111  704.30000  370.89829  47.3%   104 8129s

 659078 539687  443.35835   49  165  704.30000  370.91020  47.3%   104 8144s

 660021 540432  571.43976  116  165  704.30000  370.91921  47.3%   104 8159s

 660876 540966  604.06623  127  146  704.30000  370.91921  47.3%   104 8173s

 661546 541703  400.26690   52  212  704.30000  370.91921  47.3%   104 8188s

 662457 542461  682.27474  139  132  704.30000  370.91921  47.3%   104 8205s

 663393 542934  483.24924   59  188  704.30000  370.95765  47.3%   104 8216s

 663933 543606  410.54280   59  121  704.30000  370.95765  47.3%   104 8231s

 664802 544257 infeasible  135       704.30000  370.95765  47.3%   104 8246s

 665587 544805  398.58299   60  155  704.30000  370.98745  47.3%   104 8259s

 666212 545527  401.22188   50  238  704.30000  370.98802  47.3%   104 8274s

 666438 545527  458.63825   72  162  704.30000  370.98802  47.3%   104 8275s

 667064 546088  408.89670   49  264  704.30000  371.00318  47.3%   104 8288s

 667738 546653  461.02045   70  166  704.30000  371.00318  47.3%   104 8304s

 668552 547253  620.12837   65   97  704.30000  371.01416  47.3%   104 8323s

 669344 548086  394.91498   42  207  704.30000  371.01921  47.3%   104 8340s

 670360 548526  413.71046   46  220  704.30000  371.02053  47.3%   104 8354s

 670989 549323  612.44883  104  153  704.30000  371.02053  47.3%   104 8371s

 671948 549773  426.27883   59  197  704.30000  371.04341  47.3%   104 8385s

 672473 550755  385.72682   52  278  704.30000  371.04341  47.3%   104 8403s

 673603 551386  640.33419  155  133  704.30000  371.04341  47.3%   104 8417s

 674320 552090  454.51127   78  195  704.30000  371.05309  47.3%   104 8433s

 675149 552873  422.28113   42  251  704.30000  371.06583  47.3%   104 8449s

 676133 553491  427.51381   62  199  704.30000  371.07180  47.3%   104 8463s

 676942 553769  516.70714   95   81  704.30000  371.07181  47.3%   104 8475s

 677274 554554  439.07269   66  202  704.30000  371.07181  47.3%   104 8491s

 678206 555399  502.14963   83  151  704.30000  371.08745  47.3%   104 8510s

 679290 556166  474.66745   90  227  704.30000  371.09247  47.3%   104 8526s

 680180 556833  415.40774   64  188  704.30000  371.09247  47.3%   104 8541s

 680990 557299  439.74481   57  121  704.30000  371.10595  47.3%   104 8554s

 681561 557942  433.73316   59  150  704.30000  371.10782  47.3%   104 8570s

 682378 558381  412.30092   50  132  704.30000  371.12086  47.3%   104 8583s

 682947 559109  450.23570   58  123  704.30000  371.12167  47.3%   104 8599s

 683850 559896     cutoff   77       704.30000  371.12167  47.3%   104 8619s

 684871 560190     cutoff  143       704.30000  371.13608  47.3%   104 8630s

 685301 560930  420.05438   43  235  704.30000  371.13608  47.3%   104 8646s

 686183 561538  439.08360   63   96  704.30000  371.14578  47.3%   104 8660s

 686884 562157  441.21702   60  151  704.30000  371.14934  47.3%   104 8677s

 687655 563122  391.49263   38  237  704.30000  371.15132  47.3%   104 8696s

 688764 563637  432.48206   60  130  704.30000  371.16222  47.3%   104 8709s

 689366 564290  593.69730   67  186  704.30000  371.16402  47.3%   104 8725s

 690187 564893  497.52891   82  122  704.30000  371.16402  47.3%   104 8741s

 690906 565313  477.91818   57  112  704.30000  371.16402  47.3%   104 8754s

 691121 565313  533.41224  117  203  704.30000  371.16402  47.3%   104 8755s

 691392 566184  448.68947   71  128  704.30000  371.16402  47.3%   104 8771s

 692452 567015  592.02665   81  172  704.30000  371.19652  47.3%   104 8788s

 693423 567543  639.02804  105  135  704.30000  371.20138  47.3%   104 8803s

 694079 568051 infeasible   67       704.30000  371.20408  47.3%   104 8817s

 694715 568922  510.09504  112  121  704.30000  371.21591  47.3%   104 8834s

 695781 569317  671.51588   90  147  704.30000  371.22471  47.3%   104 8847s

 696285 570089  548.09065   81  179  704.30000  371.22471  47.3%   104 8863s

 697281 570770 infeasible  114       704.30000  371.22471  47.3%   104 8880s

 698108 571403  552.24175  109  134  704.30000  371.23673  47.3%   104 8895s

 698827 572347  447.62985   77  117  704.30000  371.24769  47.3%   104 8916s

 699933 572926  634.01044  108  179  704.30000  371.25444  47.3%   104 8930s

 700665 573451     cutoff   87       704.30000  371.25959  47.3%   104 8942s

 701284 574017  593.68999  119  101  704.30000  371.26337  47.3%   104 8956s

 701944 574764  406.15580   57  250  704.30000  371.27438  47.3%   104 8971s

 702805 575216  403.00650   40  251  704.30000  371.28025  47.3%   104 8983s

 703315 575749  470.16290   67  165  704.30000  371.28025  47.3%   104 8999s

 704004 576374  424.47821   44  299  704.30000  371.29020  47.3%   104 9014s

 704731 576943  551.02187  112  119  704.30000  371.29020  47.3%   104 9029s

 705510 577506  568.75769   70  169  704.30000  371.30028  47.3%   104 9044s

 706193 578230  568.34197   70  174  704.30000  371.30999  47.3%   104 9061s

 707038 578917  632.28571   76  149  704.30000  371.31778  47.3%   104 9076s

 707889 579409  432.00140   55  253  704.30000  371.32885  47.3%   104 9090s

 708512 580253  604.53788  111  222  704.30000  371.33138  47.3%   104 9108s

 709456 581066  489.69590  101  172  704.30000  371.34466  47.3%   104 9126s

 710495 581932  573.44126   91  196  704.30000  371.35821  47.3%   104 9144s

 711552 582457  384.75929   44  193  704.30000  371.36964  47.3%   104 9159s

 712203 583284  386.93718   53  189  704.30000  371.37689  47.3%   104 9178s

 713229 584139  406.98748   47  273  704.30000  371.38604  47.3%   104 9196s

 714276 584728 infeasible  118       704.30000  371.39314  47.3%   104 9213s

 714946 585538  395.17615   44  268  704.30000  371.39405  47.3%   104 9234s

 716040 586362  456.74496   57  130  704.30000  371.40092  47.3%   104 9251s

 717038 586747  405.00992   50  207  704.30000  371.40860  47.3%   104 9263s

 717487 587551  566.57854  108  195  704.30000  371.41188  47.3%   104 9281s

 718444 588465  403.69421   37  227  704.30000  371.42291  47.3%   104 9300s

 719577 589206 infeasible  109       704.30000  371.43185  47.3%   104 9318s

 720484 589675  399.48611   57  170  704.30000  371.44141  47.3%   104 9331s

 721037 590524  385.39790   47  260  704.30000  371.44141  47.3%   104 9348s

 722012 591084  540.56471  104  114  704.30000  371.44141  47.3%   104 9364s

 722846 591613  390.19001   42  158  704.30000  371.46531  47.3%   104 9378s

 723470 592264  461.83138   48  133  704.30000  371.46531  47.3%   104 9395s

 724350 593026  662.10969  101  138  704.30000  371.48091  47.3%   104 9414s

 725288 593586  394.08694   45  208  704.30000  371.49222  47.3%   104 9429s

 725973 594334  400.38009   50  156  704.30000  371.51154  47.3%   104 9445s

 726919 594906  416.57012   41  206  704.30000  371.51256  47.3%   104 9461s

 727619 595749  438.73631   57  153  704.30000  371.51256  47.3%   104 9478s

 728662 596582  508.97731   68  190  704.30000  371.53201  47.2%   104 9496s

 729660 597025  481.79951   68  152  704.30000  371.53334  47.2%   104 9512s

 730229 598167  435.20524   48  168  704.30000  371.53334  47.2%   104 9537s

 731673 599005  403.20259   42  267  704.30000  371.56337  47.2%   104 9555s

 732646 599450  449.26773   70  215  704.30000  371.56780  47.2%   104 9570s

 733287 599858  510.76527   68  149  704.30000  371.56780  47.2%   104 9585s

 733799 600608  440.72265   54  144  704.30000  371.56780  47.2%   104 9602s

 734763 601128  621.88653   93  209  704.30000  371.58257  47.2%   104 9620s

 735452 601860  401.51525   40  178  704.30000  371.58969  47.2%   104 9638s

 736350 602414  407.26942   54  126  704.30000  371.59354  47.2%   104 9654s

 737041 603125  412.79239   54  158  704.30000  371.59354  47.2%   104 9671s

 737900 603941  396.01639   55  203  704.30000  371.60853  47.2%   104 9688s

 738859 604413  618.71147   82  154  704.30000  371.61398  47.2%   104 9704s

 739457 605168  385.51119   38  287  704.30000  371.62141  47.2%   104 9722s

 740362 605713  387.89106   37  188  704.30000  371.62649  47.2%   104 9738s

 741019 606599  494.23064   57  112  704.30000  371.62659  47.2%   104 9756s

 742038 607386  517.04936   92  172  704.30000  371.63747  47.2%   104 9775s

 742988 607816  487.68115   75  195  704.30000  371.64335  47.2%   104 9791s

 743577 608668  485.79776   62  127  704.30000  371.65252  47.2%   104 9809s

 744586 609307  652.07403  169  120  704.30000  371.66289  47.2%   104 9828s

 745363 610185  427.00996   40  246  704.30000  371.67350  47.2%   104 9848s

 746376 610631  389.18158   43  229  704.30000  371.68378  47.2%   104 9863s

 746945 611217  375.31799   43  296  704.30000  371.68672  47.2%   104 9880s

 747716 612104  394.43738   39  167  704.30000  371.70458  47.2%   104 9901s

 748747 612566  556.55864  109  154  704.30000  371.71226  47.2%   104 9919s

 749317 613087  554.82271   93  130  704.30000  371.71979  47.2%   104 9935s

 749949 613998  466.05704   76  187  704.30000  371.72720  47.2%   104 9955s

 751077 614777  422.97428   56  139  704.30000  371.74101  47.2%   104 9973s

 752074 615218  387.15979   42  183  704.30000  371.74980  47.2%   104 9989s

 752705 615786  415.06426   61  199  704.30000  371.76440  47.2%   104 10008s

 753383 616416  396.37265   52  137  704.30000  371.77387  47.2%   104 10024s

 753678 616416  529.96346   93  131  704.30000  371.77714  47.2%   104 10025s

 754163 616890  390.10949   45  212  704.30000  371.78770  47.2%   104 10040s

 754729 617746  582.00479   74  116  704.30000  371.78770  47.2%   104 10062s

 755780 618528  658.53379   81  169  704.30000  371.79473  47.2%   104 10082s

 756741 619139  588.35385  115  165  704.30000  371.79869  47.2%   104 10099s

 757526 619946  392.12893   44  114  704.30000  371.80781  47.2%   104 10118s

 758513 620321  438.78885   62  218  704.30000  371.81903  47.2%   104 10135s

 758986 621095  411.63812   58  302  704.30000  371.82111  47.2%   104 10154s

 759964 621904  520.05664   73  148  704.30000  371.84233  47.2%   104 10174s

 760416 621904  564.41012   87  169  704.30000  371.84520  47.2%   104 10175s

 760916 622424  638.91498  135  150  704.30000  371.85298  47.2%   104 10188s

 761516 623153  508.70781   56  233  704.30000  371.85298  47.2%   104 10206s

 762470 623959  384.86465   44  220  704.30000  371.86921  47.2%   104 10225s

 763426 624480  422.92678   47  132  704.30000  371.87895  47.2%   104 10240s

 764061 625402  486.83403   73  130  704.30000  371.88658  47.2%   104 10259s

 765133 626180  458.39531   76  137  704.30000  371.89383  47.2%   104 10277s

 766068 626676  455.83370   72  139  704.30000  371.90195  47.2%   104 10292s

 766694 627222  435.91397   60  181  704.30000  371.90823  47.2%   104 10308s

 767422 627756  399.07269   51  197  704.30000  371.91907  47.2%   104 10323s

 768085 628473  650.31074  126   84  704.30000  371.91907  47.2%   104 10340s

 769000 628895  400.28216   57  153  704.30000  371.91955  47.2%   104 10353s

 769486 629624  582.35802  130  164  704.30000  371.92783  47.2%   104 10372s

 770341 630444  403.26053   41  306  704.30000  371.93931  47.2%   104 10390s

 771306 631133 infeasible  106       704.30000  371.93931  47.2%   104 10408s

 772153 631603  458.65287   49  224  704.30000  371.95205  47.2%   104 10424s

 772730 632309  382.36089   46  233  704.30000  371.96055  47.2%   104 10442s

 773574 633009  400.09366   41  247  704.30000  371.96774  47.2%   104 10460s

 774371 633625  549.02027  148  137  704.30000  371.96780  47.2%   104 10478s

 775113 634271  535.48984   72  143  704.30000  371.98620  47.2%   104 10496s

 775915 634968  574.26666   91  121  704.30000  371.99479  47.2%   104 10514s

 776770 635621  529.62767  116  147  704.30000  371.99865  47.2%   104 10531s

 777568 636035  458.54214   79  211  704.30000  372.00713  47.2%   104 10546s

 778061 636940  401.14200   53  245  704.30000  372.01102  47.2%   104 10566s

 779148 637468  511.37945  108  125  704.30000  372.01993  47.2%   104 10583s

 779790 638347  463.34594   92  147  704.30000  372.02929  47.2%   104 10605s

 780865 639032  681.94642  116  132  704.30000  372.03359  47.2%   104 10625s

 781701 639525  388.56797   56  283  704.30000  372.04293  47.2%   104 10642s

 782277 640317  450.19706   45  116  704.30000  372.04354  47.2%   104 10661s

 783197 641083  503.45883   91   96  704.30000  372.05562  47.2%   104 10681s

 784194 641479     cutoff   77       704.30000  372.06400  47.2%   104 10704s

 784685 641979  470.11995   62  142  704.30000  372.06400  47.2%   104 10723s

 785321 642625  393.95128   51  135  704.30000  372.06907  47.2%   104 10741s

 786064 643175  425.28124   43  184  704.30000  372.07276  47.2%   104 10758s

 786743 643513  443.76944   53  142  704.30000  372.07276  47.2%   104 10778s

 787171 644190  404.14031   45  181  704.30000  372.07417  47.2%   104 10797s

 788003 645016  493.14463   59  188  704.30000  372.08998  47.2%   104 10817s

 788994 645837  374.19282   43  216  704.30000  372.09905  47.2%   104 10838s

 789989 646303  434.79793   62  133  704.30000  372.10588  47.2%   104 10855s

 790546 647070  377.34381   35  380  704.30000  372.10612  47.2%   104 10880s

 791457 647988     cutoff  137       704.30000  372.11262  47.2%   104 10904s

 792575 648677  543.05920  101  122  704.30000  372.12217  47.2%   104 10928s

 793430 649613  496.06671   90  143  704.30000  372.13433  47.2%   104 10951s

 794501 650173  518.38889   91  131  704.30000  372.13815  47.2%   104 10969s

 795167 650964  529.54386   73  130  704.30000  372.13815  47.2%   104 10993s

 796236 651636  669.20018   96  116  704.30000  372.14669  47.2%   104 11013s

 797086 652169  424.92706   46  128  704.30000  372.15724  47.2%   104 11033s

 797738 653003  599.17674  123  137  704.30000  372.16646  47.2%   104 11056s

 798788 653598  489.69050   79  166  704.30000  372.18145  47.2%   104 11076s

 799546 654393  387.36116   38  281  704.30000  372.19145  47.2%   104 11101s

 800493 655111  402.94325   60  165  704.30000  372.19770  47.2%   104 11123s

 801323 655646  641.70876  118   73  704.30000  372.20587  47.2%   104 11141s

 801970 656446  608.17568   99  132  704.30000  372.20822  47.2%   104 11165s

 803024 657117  614.02928  102  186  704.30000  372.21321  47.2%   104 11183s

 803849 657661  430.70224   49  177  704.30000  372.21930  47.2%   105 11208s

 804584 658182  416.64322   61  122  704.30000  372.22193  47.2%   105 11229s

 805222 659131  396.66189   48  263  704.30000  372.22432  47.1%   105 11253s

 806359 659560  393.48801   57  182  704.30000  372.23742  47.1%   105 11272s

 806945 660365  375.59821   47  249  704.30000  372.25158  47.1%   105 11292s

 807955 661046  504.15444   50  183  704.30000  372.25816  47.1%   105 11312s

 808742 661730  390.56420   48  243  704.30000  372.25945  47.1%   105 11335s

 809588 662308  476.11525   65  151  704.30000  372.25945  47.1%   105 11357s

 810410 663172  686.04902   98  108  704.30000  372.27990  47.1%   105 11379s

 811462 663195  534.53779   70  188  704.30000  372.28925  47.1%   105 11427s

 811503 663502  544.58213   71  162  704.30000  372.28925  47.1%   105 11446s

 811899 664354  444.39833   61  180  704.30000  372.28925  47.1%   105 11469s

 812921 664898  404.81164   46  218  704.30000  372.30645  47.1%   105 11487s

 813618 665476  571.77577   90  234  704.30000  372.30645  47.1%   105 11507s

 814326 665961  570.58869   94  146  704.30000  372.32244  47.1%   105 11527s

 814885 666999  471.00179  107  122  704.30000  372.32619  47.1%   105 11550s

 816042 667903 infeasible  154       704.30000  372.33185  47.1%   105 11574s

 816574 667903  573.60590   86  159  704.30000  372.33441  47.1%   105 11575s

 817171 668344  458.98249   64  141  704.30000  372.33719  47.1%   105 11593s

 817760 668937  453.89469   63  199  704.30000  372.35107  47.1%   105 11615s

 818455 669474  414.40796   52  135  704.30000  372.35984  47.1%   105 11636s

 819142 670005  490.97139   68  211  704.30000  372.36757  47.1%   105 11656s

 819801 670894  393.91179   47  189  704.30000  372.37157  47.1%   105 11683s

 820861 671353  409.84088   46  179  704.30000  372.37991  47.1%   105 11704s

 821408 672181  414.36292   43  209  704.30000  372.38341  47.1%   105 11729s

 822421 672899  376.55682   45  214  704.30000  372.39544  47.1%   105 11751s

 823301 673512  480.24628   65  201  704.30000  372.40550  47.1%   105 11771s

 824033 674276  554.53919   94  135  704.30000  372.41383  47.1%   105 11797s

 825036 674841  647.92062  119  126  704.30000  372.42291  47.1%   105 11821s

 825742 675732  398.60897   55  200  704.30000  372.43375  47.1%   105 11844s

 826771 676372  495.07237   55  242  704.30000  372.44568  47.1%   105 11864s

 827545 676774  417.68872   58  170  704.30000  372.44900  47.1%   105 11885s

 828101 677638  579.81333  117  160  704.30000  372.44974  47.1%   105 11907s

 829083 678455  435.67970   57  156  704.30000  372.44974  47.1%   105 11930s

 830071 678983  441.38714   51  210  704.30000  372.46537  47.1%   105 11953s

 830733 679691  456.34289   74  186  704.30000  372.46537  47.1%   105 11975s

 831649 679872  392.05424   49  184  704.30000  372.47661  47.1%   105 12002s

 831862 680367  392.89056   50  198  704.30000  372.47661  47.1%   105 12022s

 832436 681190  462.06131   78  146  704.30000  372.47661  47.1%   105 12050s

 833473 682011  438.61010   63  135  704.30000  372.48837  47.1%   105 12077s

 834487 682682  439.41923   74  206  704.30000  372.50222  47.1%   105 12101s

 835289 683343  658.72361  174  161  704.30000  372.50641  47.1%   105 12120s

 836017 684286  533.91537   83   92  704.30000  372.50641  47.1%   105 12146s

 837200 684951  385.14324   40  298  704.30000  372.51666  47.1%   105 12164s

 837973 685426  447.09243   73  113  704.30000  372.51666  47.1%   105 12182s

 838576 686303  452.87402   80  173  704.30000  372.52563  47.1%   105 12204s

 839611 686999  553.37273   82  140  704.30000  372.53293  47.1%   105 12226s

 840483 687441  409.61433   52  167  704.30000  372.53619  47.1%   105 12241s

 840989 688010 infeasible   80       704.30000  372.53619  47.1%   105 12260s

 841637 688744  392.92237   51  267  704.30000  372.53619  47.1%   105 12281s

 842489 689525  576.81597  135  195  704.30000  372.53824  47.1%   105 12303s

 843459 690036  390.81029   49  221  704.30000  372.56009  47.1%   105 12324s

 844065 690994  441.55544   42  168  704.30000  372.56277  47.1%   105 12348s

 845192 691513  427.51800   45  185  704.30000  372.57958  47.1%   105 12367s

 845842 692296  448.55369   58  161  704.30000  372.57958  47.1%   105 12389s

 846787 692925  538.37093  114  124  704.30000  372.59255  47.1%   105 12409s

 847552 693723  674.08268  161  144  704.30000  372.59302  47.1%   105 12431s

 848534 694358  616.84664  102  184  704.30000  372.61281  47.1%   105 12451s

 849324 695169  390.35632   45  218  704.30000  372.61980  47.1%   105 12476s

 850281 695893  468.61965   90  188  704.30000  372.62579  47.1%   105 12495s

 851120 696253  384.65239   41  193  704.30000  372.62808  47.1%   105 12514s

 851560 696893  685.98501   93   98  704.30000  372.63197  47.1%   105 12535s

 852406 697619  411.20199   55  200  704.30000  372.64241  47.1%   105 12557s

 853247 698113  410.15859   50  198  704.30000  372.65263  47.1%   105 12576s

 853940 698150  401.29460   53  191  704.30000  372.65558  47.1%   105 12629s

 853977 698468  416.06407   57  136  704.30000  372.65558  47.1%   105 12649s

 854333 699153  410.40490   48  225  704.30000  372.66010  47.1%   105 12673s

 855140 699641  461.80219   62  175  704.30000  372.66806  47.1%   105 12694s

 855784 700279  461.26210   71  182  704.30000  372.67571  47.1%   105 12723s

 856496 701055  386.71167   47  125  704.30000  372.67895  47.1%   105 12744s

 857111 701055  648.44955  145  149  704.30000  372.68406  47.1%   105 12745s

 857369 702040  514.60237  105  151  704.30000  372.68636  47.1%   105 12773s

 858558 702719  462.51168   61  200  704.30000  372.69442  47.1%   105 12795s

 859350 703482  385.19399   41  296  704.30000  372.70193  47.1%   105 12820s

 860211 704181  611.51976  106  204  704.30000  372.70193  47.1%   105 12843s

 861100 704704  503.74780   73  180  704.30000  372.71530  47.1%   105 12862s

 861726 705458  558.87084   70  172  704.30000  372.72790  47.1%   105 12886s

 862639 705885  575.09836  102  168  704.30000  372.73174  47.1%   105 12911s

 863150 706703  470.81271   66  114  704.30000  372.73887  47.1%   105 12935s

 864129 707172  580.77206  129  171  704.30000  372.74175  47.1%   105 12954s

 864715 708019  564.12031   93  163  704.30000  372.74222  47.1%   105 12983s

 865754 708789  425.19174   49  293  704.30000  372.74828  47.1%   105 13009s

 865910 708789  394.97145   49  262  704.30000  372.74833  47.1%   105 13010s

 866656 709449  394.48584   46  250  704.30000  372.75817  47.1%   105 13035s

 867520 710084  460.85611   56  170  704.30000  372.76309  47.1%   105 13056s

 868274 710833  478.46858   73  136  704.30000  372.76688  47.1%   105 13080s

 869179 711619  656.53582   96  180  704.30000  372.77848  47.1%   105 13106s

 870206 711979 infeasible   75       704.30000  372.78758  47.1%   105 13130s

 870678 712825  635.14565   80  161  704.30000  372.78879  47.1%   105 13155s

 871728 713424  376.05120   44  279  704.30000  372.80292  47.1%   105 13178s

 872464 714429  459.88425   56  181  704.30000  372.80292  47.1%   105 13205s

 873693 714958  393.04514   46  237  704.30000  372.81603  47.1%   105 13225s

 874338 715595  421.20870   41  151  704.30000  372.81741  47.1%   105 13249s

 874599 715595  443.27768   59  158  704.30000  372.81741  47.1%   105 13250s

 875067 716435  538.85574   80  100  704.30000  372.81741  47.1%   105 13275s

 876218 716974  507.47370   68  166  704.30000  372.82759  47.1%   105 13298s

 876833 717752  556.03931   62  146  704.30000  372.82759  47.1%   105 13322s

 877792 718449  429.06758   60  195  704.30000  372.83903  47.1%   105 13349s

 878061 718449  495.58776   96  130  704.30000  372.83903  47.1%   105 13350s

 878747 718966  412.41582   55  236  704.30000  372.84772  47.1%   105 13370s

 879439 719353  405.20544   50  197  704.30000  372.84981  47.1%   105 13408s

 879916 720089  539.99856  116  168  704.30000  372.84981  47.1%   105 13435s

 880786 721028  561.37104   73  173  704.30000  372.85915  47.1%   105 13463s

 881979 721899  605.52496   66  116  704.30000  372.86714  47.1%   105 13491s

 883086 722732  483.84017   60  230  704.30000  372.87837  47.1%   105 13516s

 884087 723596  610.98752   95  114  704.30000  372.88377  47.1%   105 13543s

 885152 724261  586.67123   91  204  704.30000  372.89432  47.1%   105 13566s

 885931 725124  457.83536   63  164  704.30000  372.90025  47.1%   105 13591s

 886979 725606  455.49020   70  117  704.30000  372.90294  47.1%   105 13614s

 887679 726146  399.26675   50  230  704.30000  372.90905  47.1%   105 13632s

 888287 726862  414.24765   59  240  704.30000  372.91237  47.1%   105 13658s

 889135 727576  417.70306   46  193  704.30000  372.92405  47.1%   105 13681s

 889984 728347  392.73566   54  164  704.30000  372.92821  47.0%   105 13704s

 890289 728347  607.71397  113  153  704.30000  372.92821  47.0%   105 13705s

 890992 728866  521.29585  105  158  704.30000  372.92821  47.0%   105 13725s

 891645 729221  620.83098  140  138  704.30000  372.93604  47.0%   105 13785s

 892089 729878  496.90580   53  199  704.30000  372.93866  47.0%   105 13821s

 892848 730503  659.43541  116  105  704.30000  372.93866  47.0%   105 13844s

 893638 731165  382.80431   38  307  704.30000  372.95772  47.0%   105 13869s

 894394 731868  510.65698  103  169  704.30000  372.95772  47.0%   105 13895s

 895230 732470  476.81158   69  188  704.30000  372.97064  47.0%   105 13918s

 895965 732876  416.70734   43  204  704.30000  372.97064  47.0%   105 13938s

 896472 733807  393.63106   49  288  704.30000  372.97064  47.0%   105 13963s

 897529 734658  489.78220  100  146  704.30000  372.97895  47.0%   105 13992s

 898641 735602  470.08597   61  201  704.30000  372.98899  47.0%   105 14019s

 899269 735602  398.20784   41  162  704.30000  372.99069  47.0%   105 14020s

 899720 736117  573.61189  111   96  704.30000  372.99668  47.0%   105 14042s

 900356 736805  433.65806   52  129  704.30000  372.99668  47.0%   105 14067s

 901326 737362  542.60587   58  189  704.30000  373.01226  47.0%   105 14094s

 902081 738134  432.77712   64  188  704.30000  373.02208  47.0%   105 14121s

 903087 738528  413.38370   42  191  704.30000  373.02994  47.0%   105 14142s

 903719 739069  418.47528   53  231  704.30000  373.03938  47.0%   105 14172s

 904393 739701  386.57270   52  317  704.30000  373.04837  47.0%   105 14194s

 905126 740549  425.36760   49  199  704.30000  373.05230  47.0%   105 14220s

 906118 741516  477.47138   72  170  704.30000  373.05501  47.0%   105 14248s

 907259 742085  403.33826   50  127  704.30000  373.06119  47.0%   105 14273s

 907973 742651  519.94457   65   85  704.30000  373.06404  47.0%   105 14295s

 908665 743421  380.90507   47  275  704.30000  373.06487  47.0%   105 14319s

 909564 743760  643.03563  139  127  704.30000  373.06487  47.0%   105 14344s

 909983 744232  599.82695   85  118  704.30000  373.07438  47.0%   105 14371s

 910599 745046  424.15665   52  243  704.30000  373.08021  47.0%   105 14400s



Cutting planes:

  Learned: 16

  Gomory: 59

  Lift-and-project: 27

  Cover: 1267

  Implied bound: 618

  Projected implied bound: 21

  Clique: 569

  MIR: 946

  Mixing: 40

  StrongCG: 1587

  Flow cover: 3667

  GUB cover: 61

  Inf proof: 15

  Zero half: 2919

  RLT: 793

  Relax-and-lift: 859



Explored 911625 nodes (96096302 simplex iterations) in 14401.18 seconds (11244.64 work units)

Thread count was 16 (of 16 available processors)



Solution count 10: 704.3 704.42 709.01 ... 733



Time limit reached

Best objective 7.043000000000e+02, best bound 3.730900000000e+02, gap 47.0268%



AMPL MP initial flat model has 8375 variables (0 integer, 8298 binary);

Objectives: 1 linear; 

Constraints:  2243 linear; 6 quadratic;



AMPL MP final model has 8375 variables (0 integer, 8298 binary);

Objectives: 1 linear; 

Constraints:  2243 linear; 6 quadratic;





-----RESULTS INFO-----
running_time:  14414.421999999999
TC.best_bound:  373.09
TC:  704.3
MIP Gap (%):  47.02683515547352
=== Vehicle Routes ===
Vehicle 1: 0  2
Vehicle 1: 1  51
Vehicle 1: 2  4
Vehicle 1: 4  13
Vehicle 1: 8  1
Vehicle 1: 13  41
Vehicle 1: 41  8
Vehicle 2: 0  9
Vehicle 2: 3  50
Vehicle 2: 7  51
Vehicle 2: 9  49
Vehicle 2: 45  7
Vehicle 2: 49  3
Vehicle 2: 50  45
Vehicle 3: 0  6
Vehicle 3: 5  11
Vehicle 3: 6  42
Vehicle 3: 11  51
Vehicle 3: 14  5
Vehicle 3: 42  46
Vehicle 3: 46  14
Vehicle 4: 0  10
Vehicle 4: 10  48
Vehicle 4: 48  51
Vehicle 5: 0  12
Vehicle 5: 12  40
Vehicle 5: 40  51
Vehicle 6: 0  43
Vehicle 6: 39  51
Vehicle 6: 43  39

=== Full Vehicle Routes ===
Vehicle 1: 0  2  4  13  41  8  1  0 (100<100)
Vehicle 2: 0  9  49  3  50  45  7  0 (68<100)
Vehicle 3: 0  6  42  46  14  5  11  0 (98<100)
Vehicle 4: 0  10  48  0 (94<100)
Vehicle 5: 0  12  40  0 (74<100)
Vehicle 6: 0  43  39  0 (92<100)
Arc used by MRT line: y variables:
Customer assigment to PL: u variables:
15 39
16 40
17 48
18 41
19 41
20 40
21 40
22 46
23 42
24 43
25 42
26 46
27 42
28 40
29 41
30 50
31 39
32 43
33 49
34 39
35 41
36 42
37 43
38 45
Node is served by regular vehicle: g variables:
1
2
3
4
5
6
7
8
9
10
11
12
13
14
45
46
48
49
50
39
40
41
42
43
Customer assigment to Home delivery: gm variables:
1
2
3
4
5
6
7
8
9
10
11
12
13
14
Node total demands: ntd variables:
1 18 1
2 3 1
3 6 1
4 18 1
5 16 1
6 7 1
7 16 1
8 4 1
9 7 1
10 22 1
11 5 1
12 22 1
13 15 1
14 2 1
27 0 0
28 0 0
29 0 0
30 0 0
31 0 0
32 0 0
33 0 0
34 0 0
35 0 0
36 0 0
37 0 0
38 0 0
45 11 1
46 20 1
47 0 0
48 72 1
49 22 1
50 6 1
39 59 1
40 52 1
41 42 1
42 48 1
43 33 1
44 0 0
Customer's demand delivered to PL: l variables:
15
16
17
18
19
20
21
22
23
24
25
26
27
28
29
30
31
32
33
34
35
36
37
38
Lockers load <= capacity:
11 <= 70
20 <= 91
0 <= 89
72 <= 72
22 <= 74
6 <= 75
59 <= 82
52 <= 73
42 <= 70
48 <= 85
33 <= 96
0 <= 96
