Gurobi 12.0.3:   lim:time = 14400

  mip:bestbound = 1

Set parameter LogToConsole to value 1

  tech:outlev = 1

Set parameter Cuts to value 3

  cut:cuts = 3

Set parameter Presolve to value 2

  pre:solve = 2

Set parameter MIPFocus to value 2

  mip:focus = 2

Set parameter Symmetry to value 2

  mip:symmetry = 2

Set parameter InfUnbdInfo to value 1

Gurobi Optimizer version 12.0.3 build v12.0.3rc0 (win64 - Windows 11.0 (26100.2))



CPU model: 12th Gen Intel(R) Core(TM) i7-12700, instruction set [SSE2|AVX|AVX2]

Thread count: 12 physical cores, 20 logical processors, using up to 20 threads



Non-default parameters:

TimeLimit  14400

MIPFocus  2

Symmetry  2

Cuts  3

InfUnbdInfo  1

Presolve  2



Optimize a model with 2244 rows, 8378 columns and 53055 nonzeros

Model fingerprint: 0x9dc96534

Model has 2 quadratic objective terms

Model has 8 quadratic constraints

Variable types: 77 continuous, 8301 integer (0 binary)

Coefficient statistics:

  Matrix range     [1e+00, 1e+05]

  QMatrix range    [1e+00, 1e+00]

  QLMatrix range   [1e+00, 7e+01]

  Objective range  [1e+00, 1e+02]

  QObjective range [3e+00, 3e+00]

  Bounds range     [1e+00, 1e+02]

  RHS range        [1e+00, 1e+05]

  QRHS range       [1e+02, 1e+02]

Presolve removed 151 rows and 313 columns

Presolve time: 2.37s

Presolved: 6756 rows, 12717 columns, 54551 nonzeros

Variable types: 468 continuous, 12249 integer (10958 binary)

Root relaxation presolve removed 11 rows and 2 columns

Root relaxation presolved: 6732 rows, 12667 columns, 100066 nonzeros



Deterministic concurrent LP optimizer: primal and dual simplex

Showing primal log only...



Concurrent spin time: 0.02s



Solved with dual simplex



Root relaxation: objective 2.247028e+02, 795 iterations, 0.13 seconds (0.12 work units)



    Nodes    |    Current Node    |     Objective Bounds      |     Work

 Expl Unexpl |  Obj  Depth IntInf | Incumbent    BestBd   Gap | It/Node Time



     0     0  224.70281    0  128          -  224.70281      -     -    4s

H    0     0                    1658.9300000  307.09000  81.5%     -    5s

     0     0  319.62129    0  111 1658.93000  319.62129  80.7%     -    5s

     0     0  319.62129    0  111 1658.93000  319.62129  80.7%     -    5s

     0     0  319.69085    0  148 1658.93000  319.69085  80.7%     -    6s

     0     0  323.18500    0  154 1658.93000  323.18500  80.5%     -    6s

     0     0  324.01000    0  139 1658.93000  324.01000  80.5%     -    6s

     0     0  324.01000    0  146 1658.93000  324.01000  80.5%     -    6s

     0     0  331.92000    0  109 1658.93000  331.92000  80.0%     -    8s

H    0     0                     997.9400000  331.92000  66.7%     -    8s

H    0     0                     990.8800000  331.92000  66.5%     -    8s

     0     0  331.92000    0  133  990.88000  331.92000  66.5%     -    8s

H    0     0                     987.2800000  331.92000  66.4%     -    8s

H    0     0                     982.9600000  331.92000  66.2%     -    8s

H    0     0                     917.4800000  333.07068  63.7%     -    9s

H    0     0                     915.5600000  333.07068  63.6%     -    9s

H    0     0                     913.4900000  333.07068  63.5%     -    9s

H    0     0                     911.9400000  333.07068  63.5%     -    9s

     0     0  333.07068    0  117  911.94000  333.07068  63.5%     -    9s

     0     0  334.38000    0  145  911.94000  334.38000  63.3%     -    9s

     0     0  334.38000    0  141  911.94000  334.38000  63.3%     -    9s

H    0     0                     910.2700000  334.38000  63.3%     -   10s

H    0     0                     907.2800000  334.38000  63.1%     -   10s

H    0     0                     905.7000000  334.38000  63.1%     -   10s

     0     0  334.38000    0  130  905.70000  334.38000  63.1%     -   10s

     0     0  334.38000    0  121  905.70000  334.38000  63.1%     -   10s

     0     2  334.40000    0  111  905.70000  334.40000  63.1%     -   11s

H  172   175                     896.7800000  335.95500  62.5%   150   13s

H  179   187                     885.8600000  335.95500  62.1%   149   13s

H  264   282                     880.0400000  335.95500  61.8%   139   14s

H  272   282                     879.0500000  335.95500  61.8%   139   14s

H  321   334                     877.3800000  335.95500  61.7%   133   14s

   381   413  342.19695   19  172  877.38000  335.95500  61.7%   125   15s

H  771   767                     850.5700000  335.95500  60.5%   100   15s

H 1445  1394                     848.6500000  335.95500  60.4%  76.8   17s

  1671  1607  450.51966   76  142  848.65000  336.30751  60.4%  77.1   20s

  2532  2341  478.65531   90  141  848.65000  336.34058  60.4%  71.4   25s

H 2560  2390                     844.8600000  336.34058  60.2%  71.4   25s

H 3107  2823                     822.9600000  336.85799  59.1%  69.0   28s

  3115  2824  362.13928   10 3372  822.96000  336.85799  59.1%  69.1   30s

H 3120  2685                     819.8700000  336.85799  58.9%  69.0   34s

H 3121  2552                     817.9900000  337.21686  58.8%  68.9   35s

H 3123  2425                     811.0500000  337.90398  58.3%  68.9   39s

H 3124  2304                     806.5200000  338.06894  58.1%  68.9   41s

H 3124  2189                     803.4300000  338.06894  57.9%  68.9   41s

  3127  2191  423.06966   42  229  803.43000  339.30377  57.8%  68.8   48s

  3128  2192  614.04658   77  284  803.43000  340.68849  57.6%  68.8   54s

  3129  2192  342.72215   18  236  803.43000  340.99790  57.6%  68.8   59s

  3130  2193  628.44966  130  210  803.43000  341.19000  57.5%  68.7   64s

  3131  2194  570.17156   96  232  803.43000  341.19000  57.5%  68.7   70s

  3132  2194  347.32462   11  208  803.43000  341.19034  57.5%  68.7   75s

  3133  2195  373.37733   28  269  803.43000  341.26385  57.5%  68.7   80s

H 3135  2086                     788.8800000  341.51657  56.7%  68.6   86s

  3138  2088  467.98371   60  292  788.88000  341.60301  56.7%  68.6   90s

  3141  2090  442.48526   60  172  788.88000  341.65362  56.7%  68.5   95s

  3145  2093  386.48730   33  203  788.88000  341.84734  56.7%  68.4  101s

H 3145  1988                     788.7500000  341.96179  56.6%  68.4  102s

  3149  1991  557.14800   86  200  788.75000  342.14379  56.6%  68.3  105s

  3154  1994  469.71501   78  237  788.75000  342.42491  56.6%  68.2  111s

  3158  1997  387.08344   23  260  788.75000  342.63657  56.6%  68.1  115s

  3162  1999  437.67796   39  272  788.75000  342.86372  56.5%  68.0  123s

  3163  2000  366.25624   18  280  788.75000  342.99880  56.5%  68.0  128s

H 3163  1899                     788.6600000  343.03232  56.5%  68.0  130s

H 3163  1803                     773.2200000  343.03232  55.6%  68.0  130s

  3168  1806  382.65716   29  225  773.22000  343.35259  55.6%  67.9  135s

  3174  1810  378.14740   43  243  773.22000  343.58752  55.6%  67.8  141s

  3178  1813  553.57259   72  322  773.22000  343.71478  55.5%  67.7  145s

  3184  1817  487.51038   91  331  773.22000  343.85868  55.5%  67.6  150s

  3186  1818  376.85297   29  268  773.22000  344.03841  55.5%  67.5  155s

  3191  1822  385.91727   39  227  773.22000  345.20262  55.4%  67.4  162s

  3193  1823  396.04337   19  333  773.22000  345.54177  55.3%  67.4  165s

  3194  1824  368.76827   14  237  773.22000  345.84753  55.3%  67.4  170s

  3202  1829  496.12081  108  448  773.22000  348.04940  55.0%  67.2  175s

  3211  1835  503.19299   73  486  773.22000  348.46036  54.9%  67.0  180s

  3220  1841  552.60420   76  391  773.22000  348.56668  54.9%  66.8  185s

  3231  1848  570.17156   96  476  773.22000  348.61186  54.9%  66.6  190s

  3240  1854  416.87168   57  325  773.22000  348.64670  54.9%  66.4  195s

  3252  1862  348.71673   14  445  773.22000  348.71673  54.9%  66.2  200s

  3263  1870  366.25624   18  546  773.22000  348.74906  54.9%  65.9  205s

  3273  1878  375.31376   26 3372  773.22000  348.76685  54.9%  77.3  210s

  3279  1882  377.21323   27  319  773.22000  349.11050  54.8%  77.2  216s

  3281  1883  462.32738   42  278  773.22000  349.88486  54.7%  77.2  224s

  3282  1884  349.88486    7  333  773.22000  349.88486  54.7%  77.1  227s

  3284  1885  487.51038   91  321  773.22000  349.89781  54.7%  77.1  230s

  3287  1887  353.86567   20  355  773.22000  350.26727  54.7%  77.0  236s

  3289  1889  382.62486   18  354  773.22000  350.28888  54.7%  77.0  240s

  3292  1891  403.89578   45  414  773.22000  350.28888  54.7%  76.9  246s

  3294  1892  368.76827   14  431  773.22000  350.46370  54.7%  76.9  250s

  3303  1898  393.86830   30  405  773.22000  350.46370  54.7%  76.6  255s

  3306  1900  350.46370   15  364  773.22000  350.46370  54.7%  76.6  260s

  3312  1904  522.07286  123  382  773.22000  351.07663  54.6%  76.4  266s

  3317  1907  391.70772   40  397  773.22000  351.09696  54.6%  76.3  270s

  3323  1911  534.49796  111  322  773.22000  351.33469  54.6%  76.2  275s

  3331  1917  570.17156   96  419  773.22000  351.60897  54.5%  76.0  281s

  3334  1919  611.18478  116  331  773.22000  351.67294  54.5%  75.9  285s

H 3338  1823                     766.0500000  351.67294  54.1%  75.8  290s

H 3338  1731                     762.5700000  351.67294  53.9%  75.8  290s

H 3338  1643                     747.4800000  351.67294  53.0%  75.8  290s

H 3338  1560                     742.4100000  351.67294  52.6%  75.8  290s

H 3341  1483                     720.3100000  351.67294  51.2%  75.8  293s

H 3341  1407                     718.9200000  351.67294  51.1%  75.8  294s

  3343  1409  364.39334   24  399  718.92000  351.67294  51.1%  75.7  296s

  3348  1412  718.92000  114  399  718.92000  351.97106  51.0%  75.6  300s

  3354  1416  469.71501   78  392  718.92000  351.99108  51.0%  75.5  305s

  3383  1448  351.99108   32  364  718.92000  351.99108  51.0%  83.0  310s

H 3396  1384                     717.6700000  351.99108  51.0%  83.4  311s

H 3457  1356                     716.1700000  351.99108  50.9%  86.5  312s

  3581  1441  368.00790   39  155  716.17000  351.99108  50.9%  91.3  315s

  3700  1538  396.25088   43  139  716.17000  351.99108  50.9%  95.0  320s

  3884  1635  414.29331   52  169  716.17000  351.99108  50.9%  99.4  325s

  4090  1787  460.55357   58  207  716.17000  351.99108  50.9%   104  330s

  4304  1977  469.17627   67  135  716.17000  351.99108  50.9%   107  335s

H 4515  2009                     716.0100000  351.99108  50.8%   109  337s

  4797  2239  510.23687   84  127  716.01000  351.99108  50.8%   110  340s

  5374  2539  690.54676  116  145  716.01000  351.99108  50.8%   108  345s

  5970  2663  368.56125   42  153  716.01000  351.99108  50.8%   107  351s

  6008  2679  383.73258   45  144  716.01000  351.99108  50.8%   107  355s

  6048  2729  387.08791   45  137  716.01000  351.99108  50.8%   108  360s

H 6322  2883                     714.3000000  351.99108  50.7%   109  364s

  6428  3137  451.63332   68  106  714.30000  351.99108  50.7%   109  366s

  6986  3412  622.41708  135   92  714.30000  351.99108  50.7%   107  370s

  7394  3892  363.24881   44  169  714.30000  351.99108  50.7%   106  375s

  8431  4681  442.88278   56  185  714.30000  351.99108  50.7%   104  382s

  9023  5423  606.33232  100  142  714.30000  352.25236  50.7%   103  386s

 10040  6024  415.92848   43  205  714.30000  353.00057  50.6%   102  391s

 10699  6843  479.64460   45  158  714.30000  353.00057  50.6%   102  396s

 11350  7523  479.91225   46  146  714.30000  353.00057  50.6%   100  400s

 12418  8453  367.89750   40  190  714.30000  353.22813  50.5%  98.8  405s

 13902  9199  427.24373   40  177  714.30000  353.96093  50.4%  97.4  411s

 14208  9931  420.40868   47  131  714.30000  354.38763  50.4%  98.5  415s

 16094 10913  486.54952   46  150  714.30000  354.69144  50.3%  97.6  421s

 17303 12279  383.43703   39  191  714.30000  355.04188  50.3%  99.3  428s

 18281 12524  507.01356   52  157  714.30000  355.05629  50.3%  99.1  434s

 18633 13875  361.83256   37  196  714.30000  355.51664  50.2%   100  443s

 20284 14250  377.93456   49  254  714.30000  356.03142  50.2%  99.1  447s

 20769 14289  406.35644   70  174  714.30000  356.03142  50.2%  99.3  451s

 20810 14595  480.40569   88  136  714.30000  356.03142  50.2%  99.3  455s

 21173 16122  604.58249  112  140  714.30000  356.03142  50.2%  99.0  462s

 22927 16732  446.69978   49  188  714.30000  356.49610  50.1%  97.9  466s

 23673 17315  396.49389   62  140  714.30000  356.49610  50.1%  98.5  470s

 24383 18418  591.41477  140  107  714.30000  356.51730  50.1%  98.4  476s

 25671 19756  393.48164   44  182  714.30000  356.61495  50.1%  98.3  481s

 27239 20722  375.16518   54  158  714.30000  356.77427  50.1%  96.9  487s

 28442 21352  623.20731  107  128  714.30000  356.77427  50.1%  96.2  492s

 29235 22440  374.43796   58  227  714.30000  356.91024  50.0%  95.8  497s

 30532 23436  381.25831   50  155  714.30000  357.06480  50.0%  95.0  503s

 31658 24906  363.14220   42  169  714.30000  357.08265  50.0%  94.4  508s

 33321 26127  377.61298   50  241  714.30000  357.29327  50.0%  93.6  516s

 34714 26506  462.44249   58  120  714.30000  357.33505  50.0%  92.6  522s

 35221 27948  403.48353   61  190  714.30000  357.33505  50.0%  92.6  528s

 36878 29879  550.61181   94  117  714.30000  357.46717  50.0%  92.2  539s

 39133 30458  389.74811   59  213  714.30000  357.73940  49.9%  91.4  543s

 39795 31665  619.23921  113   99  714.30000  357.73940  49.9%  91.4  549s

 41317 32528  363.68978   40  302  714.30000  358.03648  49.9%  90.9  554s

 42388 32773  583.43989   95  185  714.30000  358.03648  49.9%  91.0  559s

 42704 33832  390.30500   40  155  714.30000  358.18319  49.9%  91.4  564s

 43963 34348  469.87451   78  139  714.30000  358.23289  49.8%  91.1  569s

 44581 35157  435.10322   73  161  714.30000  358.28883  49.8%  91.2  575s

 45521 36494 infeasible   58       714.30000  358.28883  49.8%  91.3  581s

 47102 37365  501.06074   95  176  714.30000  358.54481  49.8%  91.2  586s

 48102 37767  390.15723   47  193  714.30000  358.54481  49.8%  91.6  593s

 48574 38311 infeasible   78       714.30000  358.54481  49.8%  92.1  599s

 49266 39967  379.65490   45  261  714.30000  358.54481  49.8%  92.4  606s

 51167 40549  386.08932   51  145  714.30000  358.78741  49.8%  91.8  612s

 51829 41716  582.78231  100  137  714.30000  358.78741  49.8%  91.8  618s

 53281 42873  418.02007   61  126  714.30000  358.92558  49.8%  91.8  625s

 54609 44633  489.80209  103  200  714.30000  358.92558  49.8%  91.7  636s

 56733 45082  519.82884   83  117  714.30000  359.07830  49.7%  91.9  640s

 57425 45391  406.38941   42  169  714.30000  359.07830  49.7%  92.0  645s

 57782 45784  408.78039   48  147  714.30000  359.07830  49.7%  92.0  650s

 58244 47141  368.87201   50  172  714.30000  359.07830  49.7%  92.2  656s

 59882 47904  407.19689   72  176  714.30000  359.19609  49.7%  92.1  662s

 60807 49005  382.62228   40  267  714.30000  359.25923  49.7%  92.0  671s

 62172 50145  586.15613   50  115  714.30000  359.25923  49.7%  91.9  678s

 63568 51701  508.70886   96  195  714.30000  359.42528  49.7%  91.9  685s

 65408 53196  421.60788   50  200  714.30000  359.49876  49.7%  91.5  692s

 67149 53726  498.70356  119  144  714.30000  359.60561  49.7%  91.1  697s

 67768 54419  433.35225   47  219  714.30000  359.61221  49.7%  91.2  704s

 68587 55563  431.73546   68  133  714.30000  359.61979  49.7%  91.2  713s

 69971 56343  639.49933  126  113  714.30000  359.72095  49.6%  90.7  719s

 70915 57358  408.95774   54  163  714.30000  359.74904  49.6%  90.7  725s

 72084 57389  478.96673   70  151  714.30000  359.74904  49.6%  90.6  735s

 72116 58728  457.24545   71  116  714.30000  359.74904  49.6%  90.7  742s

 73708 59407  374.26963   38  131  714.30000  359.84431  49.6%  90.3  751s

 74552 62217  368.28368   40  151  714.30000  359.85164  49.6%  90.4  764s

 77878 62562  454.16890   54  160  714.30000  359.98762  49.6%  89.9  769s

 78315 63442  576.91735   83  155  714.30000  359.98762  49.6%  89.8  774s

 79348 64840  474.16872  106   85  714.30000  359.99785  49.6%  89.8  781s

 81001 65958  411.32011   67  156  714.30000  359.99785  49.6%  89.6  787s

 82385 66649  634.09218  148  107  714.30000  360.08677  49.6%  89.6  792s

 83167 68143  499.68575  104   87  714.30000  360.08677  49.6%  89.7  799s

 84883 69574  647.39870  123  125  714.30000  360.17713  49.6%  89.5  805s

 86515 71066  380.48470   46  185  714.30000  360.23942  49.6%  89.1  812s

 88209 71559  418.79888   65  152  714.30000  360.26047  49.6%  88.7  818s

 88788 72647  381.24502   48  124  714.30000  360.26047  49.6%  88.7  824s

 90127 73241  451.39621   59  190  714.30000  360.33223  49.6%  88.6  828s

 90837 74514  373.43509   43  237  714.30000  360.33223  49.6%  88.7  834s

 92317 75682  494.78603   76  205  714.30000  360.42507  49.5%  88.5  846s

 93658 76196  369.01054   48  297  714.30000  360.44167  49.5%  88.3  856s

 94290 78173  395.31953   63  256  714.30000  360.44167  49.5%  88.2  865s

 96586 79605  516.17747   55  131  714.30000  360.53807  49.5%  87.9  874s

 98270 80431  546.34658   88   99  714.30000  360.59124  49.5%  87.6  879s

 99250 80922  362.85320   42  214  714.30000  360.61059  49.5%  87.4  887s

 99766 80934  505.23324   85  194  714.30000  360.61059  49.5%  87.4  893s

 99778 80946  506.34521   86  147  714.30000  360.61059  49.5%  87.4  899s

 99790 80957  506.70993   87  169  714.30000  360.61059  49.5%  87.4  905s

 99802 80968  532.24625   88  170  714.30000  360.61059  49.5%  87.4  911s

 99815 81008  532.67180   89  183  714.30000  360.61059  49.5%  87.4  918s

 99872 81278  533.47638   90  193  714.30000  360.61059  49.5%  87.4  924s

 100269 81964  533.93822   91  197  714.30000  360.63012  49.5%  87.4  931s

 101087 83644  400.65415   55  182  714.30000  360.63012  49.5%  87.4  942s

 103048 85280  464.34477  103  153  714.30000  360.63012  49.5%  87.1  951s

 104912 85869  408.54836   39  158  714.30000  360.72990  49.5%  86.8  957s

 105569 87737  563.74847   53  136  714.30000  360.72990  49.5%  86.8  966s

 107679 88937  367.42395   53  167  714.30000  360.87923  49.5%  86.5  974s

 108664 88937  694.71231  148  176  714.30000  360.93590  49.5%  86.5  975s

 109180 89562  370.11937   53  170  714.30000  360.97948  49.5%  86.4  982s

 109930 90949  622.26531   97  105  714.30000  360.97948  49.5%  86.6  989s

 111516 90949  437.07678   54  144  714.30000  361.02392  49.5%  86.5  990s

 111641 91052  385.93955   50  189  714.30000  361.02392  49.5%  86.5 1005s

 111752 101076  465.24644   59  164  714.30000  361.02392  49.5%  86.6 1090s

 123752 102039  547.07325  141  138  714.30000  361.33408  49.4%  86.2 1102s

 124983 103061  463.94132   69  189  714.30000  361.42032  49.4%  86.2 1111s

 126195 103729  384.19131   38  196  714.30000  361.42032  49.4%  86.3 1118s

 127092 104677  395.45019   39  166  714.30000  361.42032  49.4%  86.2 1125s

 128219 106099  701.68225  171   92  714.30000  361.48450  49.4%  86.3 1134s

 130062 108124  364.09241   47  271  714.30000  361.52022  49.4%  86.3 1147s

 132448 109173  547.64498  124  163  714.30000  361.54407  49.4%  86.0 1152s

 133612 110319  494.50282   91  172  714.30000  361.54464  49.4%  85.9 1158s

 134966 111412  426.64864   70  147  714.30000  361.60696  49.4%  85.7 1164s

 136237 112453  388.79784   54  123  714.30000  361.60696  49.4%  85.5 1169s

 137463 113441  369.44505   63  222  714.30000  361.67116  49.4%  85.3 1174s

 138569 114407  702.43495  184  123  714.30000  361.67116  49.4%  85.3 1180s

 139737 115295  364.00398   51  174  714.30000  361.70555  49.4%  85.2 1185s

 140720 116041  496.28485  112  141  714.30000  361.70555  49.4%  85.2 1190s

 141636 116279  394.44928   50  146  714.30000  361.70555  49.4%  85.3 1195s

 141949 117136  419.23811   55  118  714.30000  361.70555  49.4%  85.3 1201s

 143035 118256  410.32441   74  102  714.30000  361.79373  49.3%  85.3 1208s

 144385 118699  409.01107   52  140  714.30000  361.83008  49.3%  85.2 1212s

 144874 119742  473.35994   94  123  714.30000  361.83008  49.3%  85.2 1218s

 146136 120730  402.92351   67  140  714.30000  361.89410  49.3%  85.1 1224s

 147280 121911  513.36209  129  141  714.30000  361.89410  49.3%  85.2 1230s

 148714 123573  403.47824   53  188  714.30000  361.91778  49.3%  85.1 1242s

 150615 124016  451.87515   56  157  714.30000  361.96456  49.3%  85.1 1247s

 151198 125361  546.36496   87  139  714.30000  361.96456  49.3%  85.1 1254s

 152774 126323  436.48915   73  125  714.30000  361.96456  49.3%  85.1 1262s

 153981 126707  456.57521   52  131  714.30000  361.96456  49.3%  85.1 1268s

 154472 126726  365.47859   40  153  714.30000  361.96456  49.3%  85.2 1278s

 154491 127557  404.17168   48  131  714.30000  361.96456  49.3%  85.2 1286s

 155504 127874  455.28806  118  163  714.30000  361.96456  49.3%  85.1 1292s

 155891 129486  476.82718  160  140  714.30000  361.96456  49.3%  85.2 1302s

 157883 130916  449.77379   85  176  714.30000  362.14627  49.3%  84.9 1311s

 159536 131205  577.32160   82  150  714.30000  362.17026  49.3%  84.8 1317s

 159887 132512  443.23846   68  131  714.30000  362.17026  49.3%  84.8 1325s

 161412 133906  535.90058   80  145  714.30000  362.24505  49.3%  84.7 1334s

 163047 134475  409.15369   63  203  714.30000  362.24505  49.3%  84.6 1340s

 163679 135668  483.35601  127  129  714.30000  362.27367  49.3%  84.6 1348s

 165120 136743  538.43665  107  165  714.30000  362.32422  49.3%  84.5 1357s

 166394 138577  527.79872  106  123  714.30000  362.34672  49.3%  84.4 1370s

 168473 139637  403.17422   69  141  714.30000  362.39402  49.3%  84.2 1378s

 169735 139964  574.64522   85  123  714.30000  362.42972  49.3%  84.1 1384s

 170120 140892  689.80329  124  136  714.30000  362.42972  49.3%  84.1 1391s

 171240 141308  507.97109  114  166  714.30000  362.43419  49.3%  84.0 1397s

 171713 142347  659.98296  151  136  714.30000  362.43419  49.3%  84.1 1405s

 172897 143493  379.79117   50  153  714.30000  362.47471  49.3%  84.1 1413s

 174332 144796  380.70982   48  222  714.30000  362.54423  49.2%  84.1 1421s

 175829 145661  400.78153   69  221  714.30000  362.58591  49.2%  84.0 1428s

 176834 146759  587.70864  122  175  714.30000  362.58591  49.2%  84.0 1436s

 178162 147272  488.71470   76  108  714.30000  362.63651  49.2%  84.0 1443s

 178767 148656  556.33607   86  118  714.30000  362.63651  49.2%  84.0 1451s

 180396 149655  444.07382   64  109  714.30000  362.68685  49.2%  83.9 1459s

 180601 149655  567.64783  106  144  714.30000  362.68685  49.2%  83.9 1460s

 181584 150126  469.10090   72  179  714.30000  362.68685  49.2%  83.9 1466s

 182164 151442  404.52508   66  146  714.30000  362.70372  49.2%  83.9 1475s

 183688 152694  453.58991   67  195  714.30000  362.76056  49.2%  83.9 1483s

 185205 153558  405.75667   45  132  714.30000  362.77637  49.2%  83.9 1494s

 186199 155323 infeasible   88       714.30000  362.77637  49.2%  84.0 1508s

 188382 155931  410.84673   56  174  714.30000  362.81900  49.2%  83.9 1515s

 189140 156670  679.77648   85  100  714.30000  362.82604  49.2%  84.0 1525s

 190077 157112  435.15208   53  167  714.30000  362.83604  49.2%  84.0 1532s

 190635 158647  367.12263   50  366  714.30000  362.85804  49.2%  84.1 1544s

 192463 159834  501.47673   82  157  714.30000  362.86907  49.2%  84.0 1554s

 193983 160511  576.82630  119  167  714.30000  362.91339  49.2%  84.0 1561s

 194789 161994  465.38336   65  191  714.30000  362.91339  49.2%  84.1 1571s

 196582 163497  386.62339   43  228  714.30000  362.96895  49.2%  84.0 1581s

 198329 164581  436.39054   74  143  714.30000  363.00424  49.2%  84.0 1591s

 199744 164590  662.82644   83  157  714.30000  363.03174  49.2%  84.0 1603s

 199759 164787  656.75728   83  138  714.30000  363.03174  49.2%  84.0 1613s

 200008 165597  393.85217   48  155  714.30000  363.03887  49.2%  84.1 1621s

 200998 166953  369.65627   51  150  714.30000  363.03887  49.2%  84.1 1631s

 202565 168089  595.29535  122  136  714.30000  363.11138  49.2%  84.1 1640s

 204025 168501  393.25174   54  201  714.30000  363.13496  49.2%  84.2 1652s

 204518 171448  398.96987   59  209  714.30000  363.13496  49.2%  84.2 1679s

 208149 172065  509.29023   62  150  714.30000  363.22854  49.1%  84.4 1688s

 208847 173795  571.31177   83   94  714.30000  363.22854  49.1%  84.5 1700s

 210958 174505  460.30530   91  206  714.30000  363.27873  49.1%  84.4 1708s

 211818 175783  378.99888   46  243  714.30000  363.27873  49.1%  84.5 1717s

 213352 177078  507.16564   87  123  714.30000  363.28821  49.1%  84.6 1728s

 214893 178600  469.28307  127  162  714.30000  363.34644  49.1%  84.6 1737s

 216624 179308  587.23073   91  130  714.30000  363.37596  49.1%  84.5 1745s

 217482 180519  483.59544   71  185  714.30000  363.39180  49.1%  84.6 1756s

 218982 181653  528.14070   98  141  714.30000  363.42578  49.1%  84.5 1766s

 220319 182639  420.87826   63  161  714.30000  363.42578  49.1%  84.5 1775s

 221503 183640  382.50198   50  332  714.30000  363.49571  49.1%  84.5 1784s

 222751 184208  373.31592   54  143  714.30000  363.53876  49.1%  84.6 1795s

 223399 186959  532.81501   97  162  714.30000  363.53876  49.1%  84.6 1816s

 226684 187753  573.89398   76  175  714.30000  363.59621  49.1%  84.6 1826s

 227817 188959  699.23544   89  153  714.30000  363.59621  49.1%  84.6 1836s

 229198 189934  623.91495  115  219  714.30000  363.60091  49.1%  84.6 1844s

 230388 190632  435.95823   60  137  714.30000  363.68491  49.1%  84.6 1853s

 231290 191353  412.55909   48  196  714.30000  363.68491  49.1%  84.6 1863s

 232205 192674  402.46784   52  223  714.30000  363.68491  49.1%  84.7 1874s

 233748 193146  508.63768  113  157  714.30000  363.68491  49.1%  84.7 1881s

 234315 194741  430.31266   64  155  714.30000  363.68491  49.1%  84.8 1892s

 236135 195229  661.27729  156   99  714.30000  363.76677  49.1%  84.7 1901s

 236758 195867  662.58334  157  100  714.30000  363.76677  49.1%  84.6 1910s

 237544 196841  478.24709   66  132  714.30000  363.77542  49.1%  84.7 1920s

 238633 198500  424.11342   73  152  714.30000  363.80670  49.1%  84.6 1931s

 240525 200171  496.85756   97  157  714.30000  363.82899  49.1%  84.5 1945s

 242487 200963  380.50683   46  148  714.30000  363.86321  49.1%  84.4 1952s

 243469 201578  450.85879   69  137  714.30000  363.90528  49.1%  84.4 1958s

 244167 202631  559.91995  133  126  714.30000  363.90528  49.1%  84.4 1968s

 245514 203962  612.29379   97  143  714.30000  363.95333  49.0%  84.4 1976s

 246993 205187  534.82674  135  153  714.30000  363.96903  49.0%  84.4 1985s

 248386 205748  535.48860   97  147  714.30000  363.96903  49.0%  84.3 1992s

 249038 206810  381.58118   47  178  714.30000  363.98686  49.0%  84.3 2002s

 250340 207928  438.91306   63  148  714.30000  363.98686  49.0%  84.3 2009s

 251629 209098  462.52410   94  169  714.30000  364.06890  49.0%  84.3 2018s

 252987 209110  426.71246   65  188  714.30000  364.09236  49.0%  84.3 2030s

 252999 209461  427.11830   66  188  714.30000  364.09236  49.0%  84.3 2040s

 253381 210760  427.12525   67  185  714.30000  364.09236  49.0%  84.2 2049s

 254880 211180  400.40923   68  153  714.30000  364.11901  49.0%  84.2 2056s

 255342 212387  549.93354  102  125  714.30000  364.11901  49.0%  84.2 2066s

 256806 213624  478.28460  104  148  714.30000  364.13460  49.0%  84.2 2076s

 258195 214965  514.82097  101  134  714.30000  364.14597  49.0%  84.2 2091s

 259855 215248  375.74055   50  221  714.30000  364.18943  49.0%  84.2 2098s

 260186 215863  399.43635   54  241  714.30000  364.18943  49.0%  84.2 2109s

 260995 217105  413.70247   51  190  714.30000  364.18943  49.0%  84.3 2121s

 262656 217680 infeasible  176       714.30000  364.25502  49.0%  84.3 2131s

 263296 219154  399.70619   64  180  714.30000  364.25502  49.0%  84.3 2144s

 265167 220344  413.54658   45  184  714.30000  364.31706  49.0%  84.3 2157s

 266581 221535  369.27203   52  216  714.30000  364.35702  49.0%  84.2 2169s

 268025 222367  470.03981   81  128  714.30000  364.38258  49.0%  84.2 2178s

 269066 223446  386.91286   65  189  714.30000  364.38258  49.0%  84.3 2190s

 270338 224115  413.60833   58  171  714.30000  364.44778  49.0%  84.3 2200s

 271105 225185  481.35913  106  185  714.30000  364.44778  49.0%  84.3 2211s

 272418 226224  413.37378   64  100  714.30000  364.50235  49.0%  84.4 2224s

 273829 227266  406.68569   56  220  714.30000  364.50346  49.0%  84.4 2236s

 275117 228091  538.06205   79  138  714.30000  364.53571  49.0%  84.4 2246s

 276107 229268  392.89017   68  189  714.30000  364.53571  49.0%  84.4 2262s

 277455 230743  532.28198  115  137  714.30000  364.53571  49.0%  84.4 2274s

 279122 231245  404.45794   54  174  714.30000  364.56538  49.0%  84.4 2282s

 279696 232553  547.52468   88  166  714.30000  364.56538  49.0%  84.4 2294s

 280767 232553  512.89505   87  162  714.30000  364.62432  49.0%  84.3 2295s

 281176 233852  620.66858  149  163  714.30000  364.63697  49.0%  84.3 2305s

 282657 234258  541.04990  127  145  714.30000  364.64376  49.0%  84.3 2315s

 283145 235638  402.10376   57  120  714.30000  364.65991  48.9%  84.3 2327s

 284720 236990  411.24062   76  189  714.30000  364.69192  48.9%  84.2 2337s

 286298 237559  431.35471   82  149  714.30000  364.71957  48.9%  84.1 2346s

 287046 238323  569.51604  109  167  714.30000  364.72069  48.9%  84.1 2358s

 288130 239177  546.53157   77  178  714.30000  364.72069  48.9%  84.1 2369s

 289244 240163  400.91918   42  196  714.30000  364.76529  48.9%  84.2 2379s

 290215 240163  408.17833   60  176  714.30000  364.76529  48.9%  84.2 2380s

 290391 240745  377.58380   41  160  714.30000  364.76529  48.9%  84.2 2388s

 291143 241966  694.94851   93  134  714.30000  364.79082  48.9%  84.2 2399s

 292570 243082  514.70647   72  125  714.30000  364.82552  48.9%  84.2 2411s

 293958 244290  451.69696   63  158  714.30000  364.84997  48.9%  84.1 2426s

 295428 244844  383.81567   42  183  714.30000  364.88178  48.9%  84.2 2436s

 296054 246414  451.07693   80  112  714.30000  364.88178  48.9%  84.2 2451s

 297831 247614  506.98567  105  191  714.30000  364.89889  48.9%  84.1 2462s

 299271 247627  415.38301   59  131  714.30000  364.91994  48.9%  84.1 2472s

 299284 247821  451.43899   61  144  714.30000  364.91994  48.9%  84.1 2484s

 299499 248657  457.87986   61  146  714.30000  364.91994  48.9%  84.2 2497s

 300548 249354  382.57974   47  160  714.30000  364.92920  48.9%  84.3 2507s

 301356 250529  557.20912  118  155  714.30000  364.92920  48.9%  84.3 2520s

 302775 251472  425.82952   65  188  714.30000  364.96048  48.9%  84.3 2533s

 303914 252470  525.80567  103  173  714.30000  364.98274  48.9%  84.3 2545s

 305231 252760 infeasible   52       714.30000  365.04693  48.9%  84.4 2554s

 305586 254061  425.96096   56  145  714.30000  365.05242  48.9%  84.4 2568s

 307243 255069  492.06081   48  170  714.30000  365.06432  48.9%  84.5 2579s

 308583 255593  392.79848   54  192  714.30000  365.09443  48.9%  84.5 2589s

 309204 256992  365.87081   54  215  714.30000  365.10099  48.9%  84.6 2603s

 310842 258716  432.77348   76  114  714.30000  365.12691  48.9%  84.5 2616s

 312804 259346  550.56238  127  166  714.30000  365.14962  48.9%  84.4 2630s

 313603 261121  617.55381  172  163  714.30000  365.15205  48.9%  84.4 2650s

 315937 262024  615.24048   83  137  714.30000  365.22560  48.9%  84.4 2663s

 317134 262784  446.88681   75  106  714.30000  365.26295  48.9%  84.5 2673s

 318002 263857  400.75152   72  209  714.30000  365.26352  48.9%  84.6 2687s

 319361 264389 infeasible  183       714.30000  365.28012  48.9%  84.6 2697s

 320000 265265  639.92291   86  152  714.30000  365.29464  48.9%  84.6 2710s

 321130 266780  373.12367   53  200  714.30000  365.32541  48.9%  84.6 2724s

 322901 268216  601.19833  108  138  714.30000  365.36356  48.9%  84.6 2738s

 324677 268228  685.24970  154  151  714.30000  365.38345  48.8%  84.6 2754s

 324689 268504 infeasible  155       714.30000  365.38345  48.8%  84.6 2768s

 325065 269049  407.28406   48  136  714.30000  365.39636  48.8%  84.6 2778s

 325766 270356  435.88125   68  152  714.30000  365.39636  48.8%  84.7 2792s

 327387 271242  368.79435   42  200  714.30000  365.43333  48.8%  84.7 2805s

 328429 272290  446.49525   46  166  714.30000  365.44054  48.8%  84.7 2819s

 329807 272878  563.19212   75  130  714.30000  365.47404  48.8%  84.8 2830s

 330530 273453  522.64607   77  132  714.30000  365.47404  48.8%  84.8 2845s

 331244 275141  657.64481  159  154  714.30000  365.47404  48.8%  84.8 2864s

 332504 275141  577.50404  105  159  714.30000  365.47551  48.8%  84.8 2865s

 333319 275892  655.23198  169   98  714.30000  365.50401  48.8%  84.9 2876s

 334238 277562  381.88628   61  180  714.30000  365.51537  48.8%  84.9 2894s

 336326 278756  376.20056   53  203  714.30000  365.57227  48.8%  84.9 2909s

 336567 278756  437.08643   63  150  714.30000  365.57227  48.8%  84.9 2910s

 337836 279211  373.21911   54  185  714.30000  365.59360  48.8%  84.9 2919s

 338475 280876  512.46757   59  155  714.30000  365.60544  48.8%  84.9 2934s

 340398 281911  403.24687   55  176  714.30000  365.64416  48.8%  84.9 2947s

 341820 282512  377.13033   43  290  714.30000  365.66285  48.8%  84.9 2957s

 342520 284067  482.71031   67  132  714.30000  365.66285  48.8%  85.0 2972s

 344295 285283  478.30167  103  182  714.30000  365.67918  48.8%  84.9 2984s

 345546 285283  387.93436   48  274  714.30000  365.69611  48.8%  84.9 2985s

 345753 286125  554.89127  102  122  714.30000  365.70504  48.8%  85.0 2995s

 346751 287449  407.90753   62  218  714.30000  365.70504  48.8%  85.0 3008s

 348333 288196  541.31916  110  160  714.30000  365.74072  48.8%  85.0 3021s

 349243 290120  437.79649   84  149  714.30000  365.76671  48.8%  85.0 3038s

 351398 291400  574.56791  107   94  714.30000  365.77845  48.8%  85.1 3051s

 352914 292625  520.62103  115  182  714.30000  365.78058  48.8%  85.1 3064s

 353331 292625  471.96381  108  199  714.30000  365.78058  48.8%  85.0 3065s

 354359 293169  375.87824   59  185  714.30000  365.80871  48.8%  85.0 3074s

 355010 293639  492.40545   84  156  714.30000  365.80871  48.8%  85.0 3085s

 355611 294514  396.37322   55  170  714.30000  365.80871  48.8%  85.0 3098s

 356747 295794  682.60075  101   89  714.30000  365.80871  48.8%  85.1 3112s

 358281 297034  406.30456   52  162  714.30000  365.87167  48.8%  85.1 3125s

 359675 297870  465.63410   69  141  714.30000  365.87608  48.8%  85.1 3136s

 360678 299033  553.22824   71  199  714.30000  365.90412  48.8%  85.1 3150s

 362175 299561  391.31411   45  192  714.30000  365.92658  48.8%  85.1 3158s

 362772 300822  452.17067   75  142  714.30000  365.92658  48.8%  85.1 3171s

 364187 302044  385.38897   54  148  714.30000  365.96314  48.8%  85.1 3184s

 365716 302974  528.58010   86  168  714.30000  365.96314  48.8%  85.1 3195s

 366862 303673  438.17830   73  177  714.30000  365.97442  48.8%  85.2 3211s

 367792 305282  695.38086  104  131  714.30000  365.98811  48.8%  85.2 3231s

 369750 305891     cutoff   68       714.30000  366.02044  48.8%  85.2 3241s

 370544 307655  509.21260  117  112  714.30000  366.03617  48.8%  85.2 3257s

 372564 308934  690.61135  163  107  714.30000  366.05773  48.8%  85.2 3271s

 374151 309704  445.39076   86  159  714.30000  366.08924  48.7%  85.1 3280s

 374978 311059  416.64005   60  130  714.30000  366.08924  48.7%  85.1 3294s

 376583 312321  474.77686   80  160  714.30000  366.11532  48.7%  85.1 3306s

 378053 313357  402.56691   74  129  714.30000  366.11602  48.7%  85.1 3319s

 378676 313357  380.99239   58  186  714.30000  366.13774  48.7%  85.1 3320s

 379244 314696  598.35242  145  136  714.30000  366.13875  48.7%  85.1 3332s

 380821 315170  635.14297  138  138  714.30000  366.16328  48.7%  85.0 3342s

 381371 315497  405.80514   58  153  714.30000  366.16328  48.7%  85.0 3359s

 381742 315881  440.70593   79  131  714.30000  366.16328  48.7%  85.0 3380s

 382210 316847  385.20786   66  199  714.30000  366.16328  48.7%  85.0 3396s

 383432 318013  612.57910   80  140  714.30000  366.16328  48.7%  85.0 3409s

 384751 319559  416.22150   67  198  714.30000  366.19338  48.7%  85.0 3427s

 386523 320002  504.06546   74  119  714.30000  366.20570  48.7%  84.9 3435s

 387039 321219  531.44332  111  120  714.30000  366.21104  48.7%  84.9 3450s

 388525 322450  662.77870  124  137  714.30000  366.22923  48.7%  84.9 3461s

 390004 323165  688.71372  127  131  714.30000  366.24079  48.7%  84.9 3473s

 390842 323911  502.40506   65  158  714.30000  366.24205  48.7%  84.9 3483s

 391708 324854  383.89517   59  183  714.30000  366.25337  48.7%  84.9 3495s

 392880 325256  636.28194   89  109  714.30000  366.25498  48.7%  84.9 3507s

 393418 326570  417.80063   79  113  714.30000  366.25498  48.7%  84.9 3521s

 394936 328067  461.51485   57  151  714.30000  366.29403  48.7%  84.9 3535s

 396674 328420     cutoff  148       714.30000  366.31190  48.7%  84.8 3544s

 397187 329646  496.54485   78  146  714.30000  366.32843  48.7%  84.9 3557s

 398626 330858  628.44944  140  116  714.30000  366.34132  48.7%  84.9 3569s

 399720 330858  418.89009   69  230  714.30000  366.34132  48.7%  84.8 3570s

 400019 332026  386.47861   54  242  714.30000  366.35773  48.7%  84.9 3583s

 401356 332704  389.25869   48  180  714.30000  366.36036  48.7%  84.8 3593s

 402164 333910  585.08047   98  158  714.30000  366.38729  48.7%  84.8 3608s

 403556 335314  671.13139  147   98  714.30000  366.40048  48.7%  84.8 3624s

 405219 335910  464.99313   76  188  714.30000  366.43013  48.7%  84.8 3636s

 405936 337177  390.30427   39  199  714.30000  366.43630  48.7%  84.8 3650s

 407425 337833     cutoff   92       714.30000  366.45431  48.7%  84.7 3661s

 408299 338837  384.18159   43  275  714.30000  366.46887  48.7%  84.7 3673s

 409491 340294  395.88456   49  182  714.30000  366.49251  48.7%  84.8 3687s

 411130 341592  393.64618   52  156  714.30000  366.50817  48.7%  84.7 3700s

 412581 342133  375.05524   52  173  714.30000  366.50831  48.7%  84.7 3710s

 413230 343129  479.89876   87  137  714.30000  366.50831  48.7%  84.7 3724s

 414425 343250  451.91765   67  128  714.30000  366.55552  48.7%  84.7 3735s

 414609 343650  386.41087   45  223  714.30000  366.55552  48.7%  84.7 3745s

 415093 344326  448.44132   62  140  714.30000  366.55552  48.7%  84.7 3757s

 416031 345035  370.76805   49  227  714.30000  366.56990  48.7%  84.7 3769s

 416853 346072  539.84507  104  137  714.30000  366.56990  48.7%  84.7 3785s

 418264 347299  486.85918   58  204  714.30000  366.60741  48.7%  84.8 3800s

 419747 348592  627.08466  125  163  714.30000  366.64356  48.7%  84.8 3814s

 421286 349177  375.02861   57  158  714.30000  366.66414  48.7%  84.8 3828s

 422006 351179 infeasible  101       714.30000  366.66414  48.7%  84.8 3854s

 424488 351774  402.28864   44   97  714.30000  366.70396  48.7%  84.8 3866s

 425259 352381  419.60146   54  157  714.30000  366.70396  48.7%  85.0 3879s

 426036 352691  421.57239   58  156  714.30000  366.72541  48.7%  85.0 3911s

 426451 353971  509.34998   84  138  714.30000  366.74086  48.7%  85.0 3939s

 428004 355132  499.58849   82  154  714.30000  366.75578  48.7%  84.9 3956s

 429355 356790  516.71442   76  126  714.30000  366.75806  48.7%  84.9 3975s

 431316 358166  375.45692   41  224  714.30000  366.79391  48.6%  84.9 3990s

 432945 359630  464.70080   56  191  714.30000  366.82646  48.6%  84.9 4009s

 434240 359630  425.20046   59  152  714.30000  366.84067  48.6%  84.9 4010s

 434728 361155  610.56367   98  148  714.30000  366.84731  48.6%  84.9 4024s

 436205 361155  381.12514   46  227  714.30000  366.86549  48.6%  84.8 4025s

 436482 361695  417.02085   71  162  714.30000  366.86549  48.6%  84.8 4036s

 437121 362169  708.42390  129  124  714.30000  366.86549  48.6%  84.9 4048s

 437650 363620  559.33099   74  131  714.30000  366.86549  48.6%  84.9 4067s

 439410 365026  370.60258   47  207  714.30000  366.89831  48.6%  84.8 4088s

 440990 366119  676.59966  167  107  714.30000  366.89852  48.6%  84.8 4099s

 442249 367196  637.03844  155  168  714.30000  366.92965  48.6%  84.8 4112s

 443466 367820  559.63518  114  144  714.30000  366.92974  48.6%  84.8 4122s

 444200 368678  582.04172   55  133  714.30000  366.92974  48.6%  84.8 4136s

 445280 369402  447.01425   72  204  714.30000  366.92974  48.6%  84.9 4152s

 446175 370350  452.48099   73  177  714.30000  366.92974  48.6%  84.9 4167s

 447487 371037  696.88213  114  133  714.30000  366.97984  48.6%  84.9 4180s

 448439 372322  384.84079   41  211  714.30000  367.00493  48.6%  84.9 4197s

 450005 373625  369.41356   39  201  714.30000  367.03044  48.6%  84.9 4212s

 451493 374235  399.83511   65  209  714.30000  367.04695  48.6%  84.9 4222s

 452208 375478  444.60174   86  149  714.30000  367.04695  48.6%  84.9 4239s

 453797 376727  466.23001   68  186  714.30000  367.07251  48.6%  84.9 4254s

 454503 376727  380.77647   59  226  714.30000  367.07703  48.6%  84.9 4255s

 455223 377501  412.40467   69  157  714.30000  367.10102  48.6%  84.9 4268s

 456064 378223  393.84029   45  197  714.30000  367.10102  48.6%  84.9 4282s

 456906 379174  510.70583   85  176  714.30000  367.10102  48.6%  84.9 4295s

 458075 380744 infeasible   71       714.30000  367.13532  48.6%  84.9 4315s

 460084 381318  469.20792   51  186  714.30000  367.13977  48.6%  84.9 4326s

 460798 382384  413.52891   51  107  714.30000  367.14806  48.6%  84.9 4340s

 462033 382774  653.40944  167  161  714.30000  367.16004  48.6%  84.9 4350s

 462482 383734  503.66911   77   92  714.30000  367.16004  48.6%  84.9 4364s

 462764 383734  477.68709   67  177  714.30000  367.16004  48.6%  84.9 4365s

 463677 384579  591.05563   99  182  714.30000  367.18229  48.6%  84.9 4376s

 464723 385049  609.45084   59  184  714.30000  367.20314  48.6%  84.9 4389s

 465350 386320  379.44034   56  186  714.30000  367.20314  48.6%  84.9 4405s

 466801 387171  417.88095   73  146  714.30000  367.20604  48.6%  84.9 4417s

 467796 388315  517.74717   45  121  714.30000  367.22614  48.6%  84.9 4434s

 469159 389295  397.07126   55  187  714.30000  367.23775  48.6%  84.9 4450s

 470338 390470  418.58173   69  134  714.30000  367.25799  48.6%  84.9 4465s

 471779 391763  433.32346   83  146  714.30000  367.26278  48.6%  84.9 4481s

 473282 392919  669.29174  174   89  714.30000  367.27615  48.6%  84.8 4497s

 474652 393500  388.02281   47  189  714.30000  367.29904  48.6%  84.8 4510s

 475315 394628  483.59688   90  152  714.30000  367.29904  48.6%  84.8 4525s

 476683 395460  500.30127  100  187  714.30000  367.29959  48.6%  84.8 4543s

 477752 396803  397.56875   47  247  714.30000  367.33251  48.6%  84.8 4563s

 479282 397513  683.08921   90  156  714.30000  367.34760  48.6%  84.8 4578s

 480232 397525  509.30013  109  177  714.30000  367.34760  48.6%  84.9 4604s

 480244 397812  511.75288  110  125  714.30000  367.34760  48.6%  84.9 4628s

 480592 399308  630.69528  148  140  714.30000  367.34760  48.6%  84.9 4653s

 482448 400084  445.02309   83  170  714.30000  367.34760  48.6%  84.9 4669s

 483348 401464  665.55350  155  166  714.30000  367.34760  48.6%  84.9 4689s

 484555 401464  377.02891   48  200  714.30000  367.40519  48.6%  84.9 4690s

 485013 402772  443.10279   67  225  714.30000  367.41029  48.6%  84.9 4709s

 486562 404139  433.75550   67  209  714.30000  367.41029  48.6%  84.8 4726s

 488131 405200  460.91170   76  119  714.30000  367.44110  48.6%  84.9 4744s

 489339 405712  460.21312   93  137  714.30000  367.44284  48.6%  84.9 4757s

 489994 406578  612.26898  176  146  714.30000  367.44284  48.6%  84.9 4776s

 491252 407648  467.15556   59  161  714.30000  367.48381  48.6%  85.0 4793s

 492731 408549  396.26814   51  112  714.30000  367.48878  48.6%  85.1 4810s

 493871 409404  391.34187   39  270  714.30000  367.50621  48.6%  85.1 4826s

 494882 410898  502.65738   77  108  714.30000  367.50621  48.6%  85.1 4850s

 496649 411973  511.63124  120  184  714.30000  367.53827  48.5%  85.0 4864s

 497891 412668  449.73116   88  166  714.30000  367.53827  48.5%  85.0 4877s

 498702 413380  489.13866  101  148  714.30000  367.53827  48.5%  85.0 4891s

 499694 414228  410.56230   68  173  714.30000  367.57081  48.5%  85.1 4905s

 500781 414920  397.28434   44  201  714.30000  367.59627  48.5%  85.1 4920s

 501670 415820  388.22922   48  193  714.30000  367.60715  48.5%  85.1 4936s

 502824 416259  389.19474   53  125  714.30000  367.61912  48.5%  85.1 4946s

 503265 417043  456.83443   85  189  714.30000  367.61912  48.5%  85.1 4964s

 504236 418107  612.62364  103  129  714.30000  367.61912  48.5%  85.1 4981s

 505548 419176  560.84733   84  156  714.30000  367.63410  48.5%  85.1 5000s

 506996 420473  377.88921   50  269  714.30000  367.65412  48.5%  85.1 5017s

 508464 421357  388.49909   71  133  714.30000  367.65977  48.5%  85.1 5035s

 509483 422716  647.76298  174  143  714.30000  367.65977  48.5%  85.1 5054s

 511028 424021  436.29036   65  206  714.30000  367.69195  48.5%  85.1 5070s

 512490 424455  415.21120   71  163  714.30000  367.69195  48.5%  85.0 5087s

 512990 424948  453.79273   79  139  714.30000  367.69195  48.5%  85.0 5103s

 513541 427357  664.34323  177  141  714.30000  367.69195  48.5%  85.0 5140s

 516283 428999  435.35039   54  184  714.30000  367.69195  48.5%  85.0 5161s

 518181 429643  378.89246   51  304  714.30000  367.76666  48.5%  85.0 5175s

 518917 430835  464.73063  100  157  714.30000  367.76666  48.5%  85.0 5194s

 519462 430835  672.86468  110  164  714.30000  367.77739  48.5%  85.0 5195s

 520327 432045  430.50460   68  168  714.30000  367.79273  48.5%  85.0 5215s

 521872 433122  477.90107   85  139  714.30000  367.80417  48.5%  85.1 5231s

 523220 434305  508.46972   56  205  714.30000  367.81417  48.5%  85.1 5252s

 524748 435194  418.89902   37  254  714.30000  367.82784  48.5%  85.1 5267s

 525804 435945  603.60510   83  222  714.30000  367.82784  48.5%  85.1 5282s

 526718 436730  536.88775   67  113  714.30000  367.84883  48.5%  85.1 5297s

 527624 438112  461.91454   89  126  714.30000  367.85067  48.5%  85.1 5317s

 529192 439404  592.31346  108  112  714.30000  367.87462  48.5%  85.1 5336s

 530761 440718  496.02582  105  163  714.30000  367.88825  48.5%  85.1 5359s

 531691 440718  388.43963   51  174  714.30000  367.89232  48.5%  85.1 5360s

 532356 441594  463.60831   89  178  714.30000  367.90292  48.5%  85.1 5375s

 533441 442052  486.33586   94  170  714.30000  367.90746  48.5%  85.1 5389s

 533781 442052  415.38666   54  153  714.30000  367.91771  48.5%  85.1 5390s

 534100 443019  382.13168   64  176  714.30000  367.91771  48.5%  85.1 5405s

 535256 443771  582.38979  163  127  714.30000  367.91771  48.5%  85.2 5421s

 536141 444497     cutoff   91       714.30000  367.94325  48.5%  85.2 5441s

 537107 445918  426.54816   59  153  714.30000  367.96116  48.5%  85.2 5463s

 538836 445927  501.88617   64  130  714.30000  367.96116  48.5%  85.2 5497s

 538851 446279  501.89864   65  123  714.30000  367.96116  48.5%  85.2 5524s

 539284 446998  395.38826   52  240  714.30000  367.96116  48.5%  85.2 5541s

 540178 448401  492.94537  109  124  714.30000  367.96116  48.5%  85.3 5562s

 541786 449777  584.95798  125  135  714.30000  368.00364  48.5%  85.3 5584s

 543117 449777  572.35844   93  105  714.30000  368.00865  48.5%  85.3 5585s

 543441 450778  372.02122   55  195  714.30000  368.01201  48.5%  85.3 5603s

 544659 451438  406.16484   70  145  714.30000  368.02410  48.5%  85.3 5619s

 545414 452598  414.77338   50  156  714.30000  368.02410  48.5%  85.3 5639s

 546876 453670  417.36767   68  153  714.30000  368.04034  48.5%  85.3 5659s

 548179 454952  378.99108   57  224  714.30000  368.04274  48.5%  85.3 5681s

 549668 456198  641.83370  157  149  714.30000  368.05016  48.5%  85.3 5703s

 551078 456854  702.88470  208  172  714.30000  368.05016  48.5%  85.3 5719s

 551895 458299  561.00252  108  151  714.30000  368.07542  48.5%  85.3 5740s

 553546 459201  531.70468  124  152  714.30000  368.09096  48.5%  85.3 5758s

 554643 459902  503.61668   63  163  714.30000  368.10151  48.5%  85.3 5774s

 555387 459902  520.45246  135  148  714.30000  368.10151  48.5%  85.3 5775s

 555485 460357  404.10201   51  198  714.30000  368.10151  48.5%  85.3 5794s

 556072 461169  416.39365   54  139  714.30000  368.10151  48.5%  85.3 5813s

 557042 461733  624.30995   95  133  714.30000  368.12525  48.5%  85.3 5830s

 557719 463061  454.21489   71  199  714.30000  368.12525  48.5%  85.4 5855s

 559367 464186  551.24462  111  177  714.30000  368.15031  48.5%  85.3 5878s

 560805 464761  374.32024   45  194  714.30000  368.16704  48.5%  85.4 5892s

 561508 465944  396.97110   55  153  714.30000  368.16789  48.5%  85.4 5912s

 562940 466858  552.80864   85   81  714.30000  368.19316  48.5%  85.5 5933s

 564206 468221  497.56053   79  176  714.30000  368.20281  48.5%  85.5 5956s

 565762 468947  574.01859  105  158  714.30000  368.21744  48.5%  85.5 5971s

 566623 470082  680.13267   79   87  714.30000  368.21744  48.5%  85.6 5993s

 568035 471278  529.48061   78  134  714.30000  368.22438  48.4%  85.6 6015s

 569482 472370  455.99944   70  228  714.30000  368.25621  48.4%  85.6 6035s

 570757 473480  391.95973   41  217  714.30000  368.27740  48.4%  85.6 6053s

 572044 474161  649.89065  125  171  714.30000  368.27740  48.4%  85.6 6067s

 572827 475154  485.96488   72  104  714.30000  368.27740  48.4%  85.6 6087s

 574019 476212  472.85435   74  100  714.30000  368.29183  48.4%  85.6 6105s

 575397 477239  443.57499   89  187  714.30000  368.30588  48.4%  85.6 6126s

 576716 477790  521.36529   53  118  714.30000  368.30720  48.4%  85.6 6141s

 577439 479164  503.99733   77  147  714.30000  368.31853  48.4%  85.7 6164s

 578523 479164  421.56389   66  157  714.30000  368.32271  48.4%  85.6 6165s

 579055 479846  393.20602   68  177  714.30000  368.32271  48.4%  85.6 6179s

 579877 480800 infeasible  143       714.30000  368.33913  48.4%  85.6 6198s

 581109 481719  529.92824   54  116  714.30000  368.36783  48.4%  85.7 6217s

 582301 482795  399.18849   50  186  714.30000  368.36783  48.4%  85.7 6237s

 583561 483316  626.07134  141  189  714.30000  368.36783  48.4%  85.7 6250s

 584193 484494  397.34147   58  221  714.30000  368.36783  48.4%  85.7 6273s

 585562 485869  375.38652   61  255  714.30000  368.41022  48.4%  85.7 6293s

 587104 487422  634.84376  169  131  714.30000  368.41022  48.4%  85.7 6323s

 588882 488252  387.94577   51  227  714.30000  368.43746  48.4%  85.6 6338s

 589889 489089     cutoff   83       714.30000  368.43842  48.4%  85.7 6355s

 590951 489771  488.64807   89  128  714.30000  368.44046  48.4%  85.7 6369s

 591762 490690  426.96490   52  196  714.30000  368.46736  48.4%  85.7 6390s

 592960 491708  412.32967   44  203  714.30000  368.48961  48.4%  85.7 6410s

 594207 492206  409.68713   54  159  714.30000  368.49036  48.4%  85.7 6425s

 594836 493330  484.10445   71  179  714.30000  368.50547  48.4%  85.7 6446s

 596115 494296  430.37364   55  193  714.30000  368.51013  48.4%  85.7 6465s

 597290 494853  528.02572   90   89  714.30000  368.51013  48.4%  85.8 6481s

 597982 495058  442.81227   75  177  714.30000  368.51013  48.4%  85.8 6496s

 598209 496314  459.77594   82  195  714.30000  368.51013  48.4%  85.8 6518s

 599668 496887  475.31271   84  166  714.30000  368.55269  48.4%  85.8 6534s

 600342 498099  446.60523   60  181  714.30000  368.55269  48.4%  85.8 6557s

 601770 499291  418.60415   54  216  714.30000  368.55269  48.4%  85.8 6581s

 603348 500386  423.31717   85  201  714.30000  368.57842  48.4%  85.9 6600s

 604697 501470  430.18752   75  182  714.30000  368.59225  48.4%  85.9 6621s

 606004 502148  575.53821  115  154  714.30000  368.59225  48.4%  85.9 6642s

 606883 503698  482.17964   68  180  714.30000  368.61579  48.4%  85.9 6673s

 608760 504882  425.70595   67  180  714.30000  368.62582  48.4%  86.0 6692s

 610162 505570  446.93725   54  109  714.30000  368.64046  48.4%  86.0 6713s

 610977 506970  515.63929   85  120  714.30000  368.64046  48.4%  86.0 6740s

 612657 508225  580.14655   76   99  714.30000  368.66032  48.4%  86.0 6761s

 614104 509147  429.39651   60  190  714.30000  368.66141  48.4%  86.0 6784s

 614272 509147  524.60153   93  136  714.30000  368.66141  48.4%  86.0 6785s

 615186 510489  412.36865   80  197  714.30000  368.67849  48.4%  86.0 6808s

 616688 511181  432.78579   77  190  714.30000  368.68240  48.4%  86.0 6825s

 617528 512283  528.87003  117  176  714.30000  368.68240  48.4%  86.0 6847s

 618819 513363  520.15625   71  119  714.30000  368.70396  48.4%  86.0 6871s

 620217 514444  532.33949  111  189  714.30000  368.71228  48.4%  86.1 6893s

 621452 514947  431.75022   81   99  714.30000  368.71444  48.4%  86.1 6910s

 622125 515995  381.40081   55  166  714.30000  368.71444  48.4%  86.1 6937s

 623564 516610  427.85477   66  151  714.30000  368.74447  48.4%  86.1 6955s

 624329 517869  418.81500   89  192  714.30000  368.74447  48.4%  86.1 6983s

 625770 518749  467.96651   76  204  714.30000  368.77300  48.4%  86.1 7000s

 626903 519366  405.48744   60  147  714.30000  368.78326  48.4%  86.2 7018s

 627648 520474  670.14980  110   99  714.30000  368.78326  48.4%  86.2 7040s

 628987 521576  393.80286   50  222  714.30000  368.78326  48.4%  86.2 7062s

 630398 522086 infeasible   77       714.30000  368.79804  48.4%  86.3 7078s

 631006 523288     cutoff   93       714.30000  368.81743  48.4%  86.3 7106s

 632448 524279  449.94686   63  198  714.30000  368.83703  48.4%  86.3 7128s

 633641 525368  587.45119   95  125  714.30000  368.85265  48.4%  86.3 7152s

 635019 526294  412.51958   62  173  714.30000  368.86281  48.4%  86.3 7174s

 635439 526294  392.13051   53  177  714.30000  368.86281  48.4%  86.3 7175s

 636063 527458  394.29120   44  158  714.30000  368.86281  48.4%  86.3 7202s

 637456 528622  419.90765   52  150  714.30000  368.86281  48.4%  86.3 7227s

 638918 529197  406.23316   64  142  714.30000  368.90016  48.4%  86.3 7243s

 639551 530301  510.63598  100  139  714.30000  368.90258  48.4%  86.3 7266s

 640917 531398  473.93494   87  161  714.30000  368.92084  48.4%  86.4 7291s

 642210 532002  426.97385   67  184  714.30000  368.92229  48.4%  86.4 7312s

 642922 533764  543.73128  115  161  714.30000  368.92352  48.4%  86.4 7354s

 645150 535111  544.89314   95   93  714.30000  368.94809  48.3%  86.5 7383s

 646797 536635  494.93446   96  146  714.30000  368.94809  48.3%  86.5 7413s

 648525 537633  417.15085   51  125  714.30000  368.98841  48.3%  86.4 7433s

 649689 538141  427.41423   52  140  714.30000  368.98908  48.3%  86.5 7452s

 650424 539295  432.31610   62  198  714.30000  369.00593  48.3%  86.5 7478s

 651863 539745  631.84669   81  140  714.30000  369.01843  48.3%  86.5 7496s

 652485 541071  454.44477   65  210  714.30000  369.01843  48.3%  86.6 7523s

 653941 542155  464.42270   64  126  714.30000  369.01937  48.3%  86.6 7547s

 655207 542923  611.02708  120  162  714.30000  369.01937  48.3%  86.6 7568s

 656105 544136  497.82841   87  158  714.30000  369.01937  48.3%  86.6 7596s

 657523 545096  674.02466  128  139  714.30000  369.05499  48.3%  86.6 7617s

 658744 546038 infeasible   89       714.30000  369.07421  48.3%  86.6 7641s

 659956 546539  433.82181   56  243  714.30000  369.07475  48.3%  86.7 7662s

 660575 548822  625.76734   70  151  714.30000  369.07606  48.3%  86.7 7717s

 663484 549525  657.77413   98  115  714.30000  369.09844  48.3%  86.7 7737s

 664269 550752  588.76568  110  147  714.30000  369.09844  48.3%  86.7 7764s

 664498 550752  378.36573   56  247  714.30000  369.09978  48.3%  86.7 7765s

 665681 551998  416.63830   66  122  714.30000  369.11027  48.3%  86.8 7789s

 666478 551998  394.09541   41  255  714.30000  369.11027  48.3%  86.8 7790s

 667163 553158  431.60485   45  127  714.30000  369.11027  48.3%  86.8 7817s

 668531 554518  518.24226  106  187  714.30000  369.11027  48.3%  86.8 7846s

 670072 555651  676.54550  142  161  714.30000  369.11027  48.3%  86.8 7871s

 671400 556091  583.44032  121  157  714.30000  369.16573  48.3%  86.8 7887s

 671881 557338  411.97546   57  173  714.30000  369.16579  48.3%  86.8 7917s

 673391 558506  446.62124   74  134  714.30000  369.17592  48.3%  86.8 7940s

 674721 559579  443.55144   64  163  714.30000  369.17705  48.3%  86.8 7966s

 676013 560656  471.99157   66  174  714.30000  369.19571  48.3%  86.8 7991s

 677291 561720  447.72130   68  130  714.30000  369.19606  48.3%  86.8 8017s

 678646 562462  514.15224   83  114  714.30000  369.20850  48.3%  86.9 8042s

 679520 563925  413.35008   59  193  714.30000  369.20882  48.3%  86.9 8080s

 681358 564604  568.55346   86  151  714.30000  369.22102  48.3%  86.9 8101s

 682099 565998  440.30808   90  101  714.30000  369.22102  48.3%  87.0 8135s

 683781 567333  429.87159   51  180  714.30000  369.22102  48.3%  87.0 8167s

 685369 568409 infeasible   97       714.30000  369.25449  48.3%  87.0 8194s

 686453 568409  681.52850  110  117  714.30000  369.25560  48.3%  87.0 8195s

 686684 568970  370.74824   41  220  714.30000  369.25560  48.3%  87.0 8212s

 687332 570127  466.70062   69  135  714.30000  369.25619  48.3%  87.0 8241s

 688698 571478  387.59338   55  151  714.30000  369.25619  48.3%  87.0 8269s

 690259 572734  395.42538   41  231  714.30000  369.29005  48.3%  87.0 8298s

 691787 573829  397.32789   43  227  714.30000  369.29005  48.3%  87.1 8322s

 692991 574962  532.64039   87  173  714.30000  369.29005  48.3%  87.1 8351s

 694417 575575  665.24630  124  155  714.30000  369.29005  48.3%  87.1 8368s

 695109 576657  398.58336   63  204  714.30000  369.29607  48.3%  87.1 8399s

 696451 577870  641.07769   62  143  714.30000  369.33025  48.3%  87.1 8427s

 697845 578731  612.32398  118  188  714.30000  369.33118  48.3%  87.1 8453s

 698842 579823  433.37997   55  198  714.30000  369.33118  48.3%  87.2 8484s

 699118 579823  416.90205   57  145  714.30000  369.33118  48.3%  87.2 8485s

 700193 580371  505.13261   96  122  714.30000  369.33118  48.3%  87.2 8505s

 700929 581550  424.99166   61  188  714.30000  369.37205  48.3%  87.2 8533s

 702214 582833  574.07098  120  202  714.30000  369.37205  48.3%  87.2 8558s

 703682 583473  513.71688  124  173  714.30000  369.39150  48.3%  87.2 8580s

 704460 584954  503.40468   93  159  714.30000  369.39231  48.3%  87.2 8614s

 706102 586214  677.92002  191  151  714.30000  369.40725  48.3%  87.2 8640s

 707577 587366  408.36058   61  210  714.30000  369.41952  48.3%  87.2 8670s

 709043 587849  396.11944   52  255  714.30000  369.43526  48.3%  87.2 8686s

 709583 589070  500.12895   68  160  714.30000  369.43526  48.3%  87.2 8717s

 711096 590092  440.61486   83  191  714.30000  369.43909  48.3%  87.2 8744s

 712181 590092     cutoff   94       714.30000  369.44695  48.3%  87.3 8745s

 712279 591211  437.40108   88  162  714.30000  369.44695  48.3%  87.3 8769s

 713666 592426  380.82206   51  183  714.30000  369.44695  48.3%  87.3 8798s

 715110 593148  527.52203  102   96  714.30000  369.46564  48.3%  87.3 8825s

 715937 594903  484.19561   81  169  714.30000  369.46564  48.3%  87.3 8869s

 717976 596521  462.54875   66  163  714.30000  369.50313  48.3%  87.3 8901s

 719815 597124  414.96442   68  155  714.30000  369.51545  48.3%  87.2 8926s

 720668 597787  698.58441  143  104  714.30000  369.51908  48.3%  87.3 8949s

 721508 598348  399.36348   63  239  714.30000  369.52541  48.3%  87.3 8969s

 721646 598348  528.32564   93  175  714.30000  369.52541  48.3%  87.3 8970s

 722220 599610  522.61130  141  128  714.30000  369.52541  48.3%  87.3 9000s

 723645 601045  479.93413   95  251  714.30000  369.52566  48.3%  87.3 9029s

 725278 602111  599.79463   87  105  714.30000  369.54927  48.3%  87.3 9057s

 726562 603192  392.11614   53  215  714.30000  369.56928  48.3%  87.3 9084s

 727793 604165  615.49111  155  240  714.30000  369.57361  48.3%  87.3 9111s

 728915 604822  508.14916   67  174  714.30000  369.57361  48.3%  87.4 9134s

 729675 605942  655.12055  135  161  714.30000  369.57361  48.3%  87.4 9164s

 730973 607159  654.56284  116  195  714.30000  369.60293  48.3%  87.4 9192s

 732414 608334  426.03830   60  152  714.30000  369.61405  48.3%  87.4 9222s

 733760 609427  456.42207   77  184  714.30000  369.61405  48.3%  87.4 9257s

 735003 610116  418.99814   64  180  714.30000  369.63517  48.3%  87.4 9279s

 735838 611609  631.57762  135  147  714.30000  369.63517  48.3%  87.4 9314s

 737508 612876  666.38798  162  143  714.30000  369.63517  48.3%  87.4 9344s

 738560 612876  558.55992  170  191  714.30000  369.64585  48.3%  87.4 9345s

 739020 614108  391.68036   47  161  714.30000  369.65991  48.2%  87.4 9374s

 740367 614580  483.73631   77  150  714.30000  369.66038  48.2%  87.4 9392s

 740965 615809  404.12698   58  143  714.30000  369.66038  48.2%  87.4 9424s

 742275 615809  417.32511   63  134  714.30000  369.68599  48.2%  87.4 9425s

 742421 616985  395.87892   68  226  714.30000  369.68599  48.2%  87.4 9455s

 743776 617937  393.65365   59  226  714.30000  369.70092  48.2%  87.4 9481s

 744954 618614  403.73064   60  114  714.30000  369.71037  48.2%  87.4 9502s

 745677 619777  480.14941   76  162  714.30000  369.71037  48.2%  87.5 9538s

 747122 620337  608.49762  108  166  714.30000  369.71463  48.2%  87.5 9561s

 747853 621694  471.47734   84  158  714.30000  369.72190  48.2%  87.5 9595s

 749375 623008  406.07658   74  209  714.30000  369.72190  48.2%  87.5 9624s

 750896 623991  398.45630   47  157  714.30000  369.75193  48.2%  87.5 9653s

 752146 624594  501.33991  102  166  714.30000  369.75399  48.2%  87.5 9677s

 752864 626775  401.29542   65  204  714.30000  369.75399  48.2%  87.5 9731s

 755440 627894  389.06805   59  210  714.30000  369.77550  48.2%  87.5 9762s

 756748 628866  399.48076   60  138  714.30000  369.79079  48.2%  87.5 9790s

 757976 629363  390.69705   44  186  714.30000  369.79079  48.2%  87.5 9807s

 758518 630525  414.23663   58  203  714.30000  369.79079  48.2%  87.5 9839s

 759890 631780  492.46058   99  154  714.30000  369.80815  48.2%  87.5 9874s

 760119 631780  467.03831   97  158  714.30000  369.80941  48.2%  87.5 9875s

 761417 632790  462.00307   65  129  714.30000  369.82138  48.2%  87.5 9900s

 762643 633774  398.47403   56  206  714.30000  369.82455  48.2%  87.6 9931s

 763806 634801  527.34816   99  175  714.30000  369.83078  48.2%  87.6 9962s

 765075 635561  645.12278  139  123  714.30000  369.83078  48.2%  87.6 9987s

 765995 636781  473.48936   86  146  714.30000  369.83078  48.2%  87.6 10019s

 766124 636781  392.69399   56  172  714.30000  369.83078  48.2%  87.6 10020s

 767420 637892  433.57228   79  174  714.30000  369.85237  48.2%  87.6 10049s

 768704 639054  476.38533   88  177  714.30000  369.88017  48.2%  87.7 10078s

 770030 639853  498.63549  104  146  714.30000  369.89256  48.2%  87.7 10109s

 770995 641591  415.21849   70  142  714.30000  369.89517  48.2%  87.7 10156s

 773030 642842  395.43613   58  174  714.30000  369.91271  48.2%  87.7 10186s

 774474 643377  573.81624  172  173  714.30000  369.91271  48.2%  87.7 10209s

 774587 643377  442.10927   60  213  714.30000  369.91271  48.2%  87.7 10210s

 775167 644624  462.39026   83  170  714.30000  369.91271  48.2%  87.7 10246s

 776689 645649  397.95342   52  202  714.30000  369.93835  48.2%  87.7 10277s

 777967 646198  426.60324   46  200  714.30000  369.93874  48.2%  87.7 10296s

 778617 647434  514.72554   61  136  714.30000  369.93874  48.2%  87.7 10337s

 780155 648765  524.39593   65  131  714.30000  369.97079  48.2%  87.7 10369s

 781715 648765  382.98054   60  251  714.30000  369.98485  48.2%  87.7 10370s

 781719 650077  686.98161  154  183  714.30000  369.98485  48.2%  87.7 10405s

 783218 650561  395.33696   70  191  714.30000  369.99347  48.2%  87.7 10424s

 783784 651901  436.34827   99  278  714.30000  369.99347  48.2%  87.7 10457s

 785283 653053  644.56967  194  237  714.30000  369.99347  48.2%  87.7 10485s

 786624 654111  494.16944  116  192  714.30000  369.99347  48.2%  87.7 10520s

 787805 655314  423.43555   70  247  714.30000  369.99347  48.2%  87.7 10551s

 789132 656048  454.69015   66  225  714.30000  370.02904  48.2%  87.7 10578s

 790001 657337  635.48957  123  203  714.30000  370.02904  48.2%  87.7 10616s

 791489 658436  474.96028   94  193  714.30000  370.04791  48.2%  87.7 10650s

 792812 659032  647.65649   87  128  714.30000  370.06062  48.2%  87.7 10681s

 793538 660147  396.98777   50  176  714.30000  370.06062  48.2%  87.7 10717s

 794901 661440  522.06814  121  160  714.30000  370.08328  48.2%  87.7 10748s

 796384 661988  475.53980   59  226  714.30000  370.09630  48.2%  87.7 10765s

 797049 663233  397.65268   48  207  714.30000  370.09898  48.2%  87.7 10793s

 798519 664449  408.37924   52  199  714.30000  370.10817  48.2%  87.8 10821s

 799904 665685  493.62475   56  146  714.30000  370.11558  48.2%  87.8 10850s

 801336 666815 infeasible  153       714.30000  370.11616  48.2%  87.8 10876s

 802645 667547  432.91683   53  118  714.30000  370.13570  48.2%  87.8 10897s

 803507 668568  395.47054   67  228  714.30000  370.13570  48.2%  87.8 10926s

 804718 669390  373.58084   57  161  714.30000  370.15160  48.2%  87.8 10948s

 805694 670431  438.14168   61  178  714.30000  370.15392  48.2%  87.8 10975s

 806892 671291  457.86122   62  185  714.30000  370.16357  48.2%  87.8 10998s

 807870 672604  408.33918   51  231  714.30000  370.16755  48.2%  87.8 11023s

 809416 673898  522.37312   73  184  714.30000  370.17933  48.2%  87.8 11057s

 810935 674947  657.63277  124  115  714.30000  370.17933  48.2%  87.8 11083s

 812355 675478  388.17266   47  193  714.30000  370.20321  48.2%  87.8 11103s

 813097 676568     cutoff  116       714.30000  370.20385  48.2%  87.8 11130s

 814408 677773  386.58581   52  235  714.30000  370.22100  48.2%  87.9 11159s

 815479 677773  493.54421  121  209  714.30000  370.22100  48.2%  87.8 11160s

 815829 678538  404.76094   42  184  714.30000  370.22921  48.2%  87.8 11178s

 816742 679743  388.74900   48  218  714.30000  370.22944  48.2%  87.9 11205s

 818110 680248  681.17065  125  200  714.30000  370.23767  48.2%  87.9 11221s

 818737 681542  438.67669   58  181  714.30000  370.23767  48.2%  87.9 11249s

 820214 682740  615.43920  125   81  714.30000  370.26038  48.2%  87.9 11272s

 821735 683879  370.79684   49  214  714.30000  370.26557  48.2%  87.9 11303s

 823154 684883  463.93592   62  182  714.30000  370.27121  48.2%  87.9 11328s

 824385 685475  462.59431   67  135  714.30000  370.28218  48.2%  88.0 11349s

 825022 685475  416.76430   69  192  714.30000  370.28218  48.2%  88.0 11350s

 825145 686381  403.22210   69  193  714.30000  370.28218  48.2%  88.0 11378s

 826228 688619  503.32307   76  149  714.30000  370.28433  48.2%  88.0 11425s

 828803 689879  399.04160   59  232  714.30000  370.30261  48.2%  88.0 11453s

 830382 690889  539.20482   82  153  714.30000  370.31511  48.2%  88.0 11477s

 831518 691688  552.12918   57  171  714.30000  370.31511  48.2%  88.0 11504s

 832660 692347  434.43653   68  179  714.30000  370.33031  48.2%  88.0 11525s

 833470 693576  675.34875  103  155  714.30000  370.33031  48.2%  88.1 11557s

 834981 694836  489.06959   60  191  714.30000  370.34737  48.2%  88.1 11581s

 836396 695865  430.69998   60  148  714.30000  370.34774  48.2%  88.1 11607s

 837650 696420  575.46387  109  163  714.30000  370.36443  48.2%  88.1 11627s

 838332 697876  413.34200   77  167  714.30000  370.36650  48.1%  88.2 11661s

 840051 699059  663.51069  103  129  714.30000  370.38296  48.1%  88.2 11690s

 841415 699528  387.96820   61  164  714.30000  370.39615  48.1%  88.2 11708s

 841995 700754  475.83913  106  174  714.30000  370.39615  48.1%  88.2 11737s

 843441 701994  538.15406   96  140  714.30000  370.40358  48.1%  88.2 11769s

 844857 702931  384.88543   42  201  714.30000  370.40573  48.1%  88.2 11791s

 846046 704010  399.29421   62  135  714.30000  370.41646  48.1%  88.2 11819s

 846295 704010  404.44490   70  157  714.30000  370.41646  48.1%  88.2 11820s

 847297 704860  560.78598   79  139  714.30000  370.41646  48.1%  88.2 11840s

 848290 705599  623.33184  102  175  714.30000  370.43722  48.1%  88.2 11860s

 849152 706785  418.56115   82  151  714.30000  370.43722  48.1%  88.2 11888s

 850560 707834  395.44232   38  205  714.30000  370.45010  48.1%  88.2 11911s

 851788 709080  439.22991   95  253  714.30000  370.46433  48.1%  88.2 11939s

 852723 709080  633.46691  125  150  714.30000  370.46433  48.1%  88.2 11940s

 853189 710299  385.20419   49  186  714.30000  370.46433  48.1%  88.2 11964s

 854608 711177  430.16216   87  143  714.30000  370.47675  48.1%  88.2 11987s

 855639 712246  414.51839   58  160  714.30000  370.49063  48.1%  88.2 12015s

 856956 712698  412.73111   50  216  714.30000  370.50062  48.1%  88.2 12029s

 857464 713721  518.07447   61  152  714.30000  370.50062  48.1%  88.3 12055s

 858752 714899  380.32197   48  171  714.30000  370.51151  48.1%  88.3 12086s

 860153 716061 infeasible  194       714.30000  370.51858  48.1%  88.3 12109s

 861371 716061  413.34169   63  147  714.30000  370.51963  48.1%  88.3 12110s

 861558 716502  396.24661   68  147  714.30000  370.51985  48.1%  88.3 12132s

 862109 718801  384.54101   51  171  714.30000  370.53189  48.1%  88.3 12187s

 864968 719540  539.54190  118  110  714.30000  370.54690  48.1%  88.3 12213s

 865883 720811  374.37859   56  228  714.30000  370.54738  48.1%  88.3 12248s

 867370 722402  409.84817   77  153  714.30000  370.56239  48.1%  88.4 12286s

 869165 723553  460.16095  102  151  714.30000  370.57649  48.1%  88.3 12319s

 869416 723553  464.60016   66  126  714.30000  370.57649  48.1%  88.3 12320s

 870546 724139  687.14729  101  134  714.30000  370.57667  48.1%  88.3 12341s

 871237 724758  410.46781   83  198  714.30000  370.57667  48.1%  88.3 12366s

 872020 725840  449.61916  124  230  714.30000  370.57667  48.1%  88.3 12401s

 873367 726709  416.40701   51  147  714.30000  370.58924  48.1%  88.4 12432s

 874414 727610  434.07119   58  177  714.30000  370.58924  48.1%  88.4 12456s

 875432 728998  442.60467   72  181  714.30000  370.61154  48.1%  88.4 12491s

 877172 729760  426.35451   48  254  714.30000  370.62995  48.1%  88.4 12512s

 878050 730847  627.00176  126  148  714.30000  370.62995  48.1%  88.4 12544s

 878619 730847  385.40605   62  158  714.30000  370.63044  48.1%  88.4 12545s

 879418 732088  434.12977   53  166  714.30000  370.64668  48.1%  88.4 12578s

 880835 732916  479.64536   84  204  714.30000  370.66073  48.1%  88.4 12600s

 881884 733809  554.66398   81  156  714.30000  370.66073  48.1%  88.4 12625s

 883014 734935  563.13921   84  160  714.30000  370.68677  48.1%  88.5 12652s

 884381 735405  502.50454   73  114  714.30000  370.68784  48.1%  88.5 12670s

 884927 736517  640.79320  104  112  714.30000  370.68784  48.1%  88.5 12699s

 885489 736517  421.00848   62  128  714.30000  370.68784  48.1%  88.5 12700s

 886267 737183  462.01887   70  143  714.30000  370.68784  48.1%  88.5 12722s

 887026 738051  386.57013   45  186  714.30000  370.69633  48.1%  88.5 12753s

 888265 738899 infeasible   80       714.30000  370.71851  48.1%  88.6 12780s

 889363 739689  479.07738   73  110  714.30000  370.73470  48.1%  88.6 12806s

 890319 740285  450.98766   76  148  714.30000  370.73470  48.1%  88.6 12831s

 891042 741668  399.13550   56  173  714.30000  370.73919  48.1%  88.6 12865s

 892590 742968  373.42443   53  191  714.30000  370.76485  48.1%  88.6 12895s

 894145 744232  495.33742   70  134  714.30000  370.77379  48.1%  88.6 12928s

 895612 745181  500.74828   68  139  714.30000  370.78759  48.1%  88.6 12955s

 896800 745874  556.17941   82  101  714.30000  370.78766  48.1%  88.7 12979s

 897633 746435  565.97527   85  125  714.30000  370.78766  48.1%  88.7 13006s

 898357 747456  563.58302   76  100  714.30000  370.80075  48.1%  88.8 13046s

 899663 749611  664.36207  122  168  714.30000  370.80075  48.1%  88.8 13098s

 902163 750929  675.01460  105   84  714.30000  370.82376  48.1%  88.8 13130s

 903717 751674  386.11430   62  172  714.30000  370.82376  48.1%  88.8 13156s

 904564 753105  609.38906  125  201  714.30000  370.82376  48.1%  88.8 13190s

 906150 754178  669.73496  176  199  714.30000  370.85629  48.1%  88.8 13216s

 907441 755340  423.18479   59  239  714.30000  370.86643  48.1%  88.8 13248s

 908830 755888  386.47388   47  206  714.30000  370.86656  48.1%  88.8 13269s

 909044 755888  593.83458   80  121  714.30000  370.86656  48.1%  88.8 13270s

 909544 757047  593.33452  108   92  714.30000  370.86656  48.1%  88.8 13302s

 910974 758397  407.70664   51  163  714.30000  370.89673  48.1%  88.9 13335s

 912611 758885 infeasible  177       714.30000  370.89673  48.1%  88.8 13354s

 913224 759881  375.53291   49  252  714.30000  370.90848  48.1%  88.9 13386s

 914453 760978  497.30680  110  180  714.30000  370.90848  48.1%  88.9 13418s

 915753 761957  467.00236   79  177  714.30000  370.90848  48.1%  88.9 13447s

 916928 763209  652.56448   61  148  714.30000  370.90848  48.1%  88.9 13483s

 918555 763920  599.66537   79  146  714.30000  370.95693  48.1%  88.9 13506s

 919394 764851  557.07542  117  177  714.30000  370.95693  48.1%  88.9 13530s

 920423 765998  643.09969  151  179  714.30000  370.96551  48.1%  88.9 13562s

 921777 766920  581.64771   89  140  714.30000  370.97527  48.1%  88.9 13590s

 922896 767810  558.38920   56  169  714.30000  370.97527  48.1%  88.9 13615s

 924005 768540  444.52633   49  156  714.30000  370.97527  48.1%  89.0 13641s

 924869 769359  681.54260  127  101  714.30000  370.97527  48.1%  89.0 13667s

 925942 770559  416.18623   77  125  714.30000  371.01269  48.1%  89.1 13702s

 927496 771656  471.57482   71  207  714.30000  371.01600  48.1%  89.1 13736s

 928785 772143  520.96358   73  134  714.30000  371.02214  48.1%  89.1 13759s

 929390 773004  535.92559   78  141  714.30000  371.02214  48.1%  89.1 13794s

 929624 773004  372.33476   52  235  714.30000  371.02979  48.1%  89.1 13795s

 930748 774149  443.17333   75  220  714.30000  371.04879  48.1%  89.1 13827s

 932122 775733  379.36319   66  251  714.30000  371.06069  48.1%  89.1 13866s

 933894 776967  404.53368   56  229  714.30000  371.06692  48.1%  89.1 13895s

 935321 777962  406.51374   63  230  714.30000  371.07410  48.1%  89.1 13922s

 936455 778698  523.38223  119  120  714.30000  371.07410  48.1%  89.1 13945s

 937315 779902  372.47636   55  192  714.30000  371.07410  48.1%  89.1 13979s

 938409 779902  541.61799  105  150  714.30000  371.08618  48.0%  89.1 13980s

 938786 781139  433.60022   53  204  714.30000  371.09489  48.0%  89.1 14007s

 940198 782273  566.44688  145  164  714.30000  371.09489  48.0%  89.1 14039s

 941540 783543  390.28096   54  164  714.30000  371.11338  48.0%  89.1 14069s

 941804 783543  408.82339   67  179  714.30000  371.11338  48.0%  89.1 14070s

 943087 784359  593.95551  120  149  714.30000  371.12406  48.0%  89.1 14097s

 944000 785690  519.83551   87  117  714.30000  371.12555  48.0%  89.1 14127s

 945551 786606  693.32879  109  101  714.30000  371.13535  48.0%  89.1 14155s

 946629 787501  645.55006   82  188  714.30000  371.13634  48.0%  89.1 14184s

 947790 787965  480.40642   69  159  714.30000  371.14830  48.0%  89.1 14203s

 948308 788865  439.83472   69  146  714.30000  371.15073  48.0%  89.1 14230s

 949432 789787  479.03922   59  194  714.30000  371.16788  48.0%  89.1 14260s

 950651 790852  416.91084   76  172  714.30000  371.16817  48.0%  89.1 14292s

 951863 791836  390.58174   53  227  714.30000  371.17493  48.0%  89.1 14322s

 953126 792374  407.73933   72  198  714.30000  371.18371  48.0%  89.2 14349s

 953788 793694  667.72053  110  129  714.30000  371.18371  48.0%  89.2 14388s

 955372 794147  616.93603  144  195  714.30000  371.19511  48.0%  89.2 14400s



Cutting planes:

  Learned: 21

  Gomory: 47

  Lift-and-project: 34

  Cover: 623

  Implied bound: 670

  Projected implied bound: 15

  Clique: 553

  MIR: 169

  Mixing: 21

  StrongCG: 38

  Flow cover: 1162

  GUB cover: 14

  Inf proof: 25

  Zero half: 2245

  RLT: 542

  Relax-and-lift: 649

  BQP: 1



Explored 955899 nodes (85254982 simplex iterations) in 14401.41 seconds (6322.29 work units)

Thread count was 20 (of 20 available processors)



Solution count 10: 714.3 716.01 716.17 ... 766.05



Time limit reached

Best objective 7.143000000000e+02, best bound 3.711951109391e+02, gap 48.0337%



AMPL MP initial flat model has 8378 variables (0 integer, 8301 binary);

Objectives: 1 quadratic; 

Constraints:  2244 linear; 8 quadratic;



AMPL MP final model has 8378 variables (0 integer, 8301 binary);

Objectives: 1 quadratic; 

Constraints:  2244 linear; 8 quadratic;





-----RESULTS INFO-----
running_time:  14421.953
TC.best_bound:  371.1951109390613
TC:  714.3000000000001
MIP Gap (%):  48.03372379405555
=== Vehicle Routes ===
Vehicle 1: 0  4
Vehicle 1: 1  29
Vehicle 1: 4  13
Vehicle 1: 8  1
Vehicle 1: 13  41
Vehicle 1: 29  51
Vehicle 1: 41  8
Vehicle 2: 0  2
Vehicle 2: 2  40
Vehicle 2: 5  14
Vehicle 2: 11  5
Vehicle 2: 12  11
Vehicle 2: 14  51
Vehicle 2: 40  12
Vehicle 3: 0  9
Vehicle 3: 3  47
Vehicle 3: 9  3
Vehicle 3: 47  48
Vehicle 3: 48  51
Vehicle 4: 0  46
Vehicle 4: 6  49
Vehicle 4: 42  6
Vehicle 4: 46  42
Vehicle 4: 49  51
Vehicle 5: 0  7
Vehicle 5: 7  10
Vehicle 5: 10  51
Vehicle 6: 0  43
Vehicle 6: 39  51
Vehicle 6: 43  39

=== Full Vehicle Routes ===
Vehicle 1: 0  4  13  41  8  1  29  0 (97<100)
Vehicle 2: 0  2  40  12  11  5  14  0 (100<100)
Vehicle 3: 0  9  3  47  48  0 (96<100)
Vehicle 4: 0  46  42  6  49  0 (97<100)
Vehicle 5: 0  7  10  0 (38<100)
Vehicle 6: 0  43  39  0 (98<100)
Arc used by MRT line: y variables:
Customer assigment to PL: u variables:
15 43
16 40
17 48
18 41
19 41
20 40
21 40
22 46
23 42
24 43
25 42
26 46
27 42
28 40
30 39
31 43
32 39
33 49
34 39
35 41
36 42
37 43
38 47
Node is served by regular vehicle: g variables:
1
2
3
4
5
6
7
8
9
10
11
12
13
14
29
46
47
48
49
39
40
41
42
43
Customer assigment to Home delivery: gm variables:
1
2
3
4
5
6
7
8
9
10
11
12
13
14
29
Node total demands: ntd variables:
1 18 1
2 3 1
3 6 1
4 18 1
5 16 1
6 7 1
7 16 1
8 4 1
9 7 1
10 22 1
11 5 1
12 22 1
13 15 1
14 2 1
27 0 0
28 0 0
29 19 1
30 0 0
31 0 0
32 0 0
33 0 0
34 0 0
35 0 0
36 0 0
37 0 0
38 0 0
45 0 0
46 20 1
47 11 1
48 72 1
49 22 1
50 0 0
39 52 1
40 52 1
41 23 1
42 48 1
43 46 1
44 0 0
Customer's demand delivered to PL: l variables:
15
16
17
18
19
20
21
22
23
24
25
26
27
28
30
31
32
33
34
35
36
37
38
Lockers load <= capacity:
0 <= 70
20 <= 91
11 <= 89
72 <= 72
22 <= 74
0 <= 75
52 <= 82
52 <= 73
23 <= 70
48 <= 85
46 <= 96
0 <= 96
