Gurobi 12.0.3:   lim:time = 14400

  mip:bestbound = 1

Set parameter LogToConsole to value 1

  tech:outlev = 1

Set parameter Cuts to value 3

  cut:cuts = 3

Set parameter Presolve to value 2

  pre:solve = 2

Set parameter MIPFocus to value 2

  mip:focus = 2

Set parameter Symmetry to value 2

  mip:symmetry = 2

Set parameter InfUnbdInfo to value 1

Gurobi Optimizer version 12.0.3 build v12.0.3rc0 (win64 - Windows 11+.0 (26200.2))



CPU model: 13th Gen Intel(R) Core(TM) i7-13700K, instruction set [SSE2|AVX|AVX2]

Thread count: 16 physical cores, 24 logical processors, using up to 24 threads



Non-default parameters:

TimeLimit  14400

MIPFocus  2

Symmetry  2

Cuts  3

InfUnbdInfo  1

Presolve  2



Optimize a model with 1976 rows, 7121 columns and 44706 nonzeros

Model fingerprint: 0xd616a64f

Model has 2 quadratic objective terms

Model has 8 quadratic constraints

Variable types: 71 continuous, 7050 integer (0 binary)

Coefficient statistics:

  Matrix range     [1e+00, 1e+05]

  QMatrix range    [1e+00, 1e+00]

  QLMatrix range   [1e+00, 2e+01]

  Objective range  [1e+00, 1e+02]

  QObjective range [2e+00, 2e+00]

  Bounds range     [1e+00, 1e+02]

  RHS range        [1e+00, 1e+05]

  QRHS range       [1e+02, 1e+02]

Presolve removed 115 rows and 262 columns

Presolve time: 1.08s

Presolved: 6164 rows, 11151 columns, 54283 nonzeros

Variable types: 429 continuous, 10722 integer (9736 binary)

Root relaxation presolve removed 3 rows and 1 columns

Root relaxation presolved: 6152 rows, 11141 columns, 88724 nonzeros





Root relaxation: objective 2.130096e+02, 1315 iterations, 0.09 seconds (0.16 work units)



    Nodes    |    Current Node    |     Objective Bounds      |     Work

 Expl Unexpl |  Obj  Depth IntInf | Incumbent    BestBd   Gap | It/Node Time



     0     0  213.00959    0  140          -  213.00959      -     -    2s

     0     0  254.88550    0  136          -  254.88550      -     -    3s

     0     0  254.88550    0  117          -  254.88550      -     -    3s

     0     0  254.88550    0  117          -  254.88550      -     -    3s

     0     0  254.88550    0  140          -  254.88550      -     -    4s

     0     0  265.29500    0  131          -  265.29500      -     -    4s

     0     0  265.90600    0  132          -  265.90600      -     -    4s

     0     0  266.14295    0  154          -  266.14295      -     -    4s

     0     0  281.17207    0  152          -  281.17207      -     -    5s

     0     0  281.48646    0  177          -  281.48646      -     -    5s

H    0     0                    1285.7000000  281.48646  78.1%     -    6s

H    0     0                    1281.1100000  281.48646  78.0%     -    6s

H    0     0                    1270.4400000  282.25880  77.8%     -    6s

     0     0  282.25880    0  150 1270.44000  282.25880  77.8%     -    6s

H    0     0                    1247.2400000  282.25880  77.4%     -    6s

     0     0  282.30675    0  180 1247.24000  282.30675  77.4%     -    6s

     0     0  282.73254    0  207 1247.24000  282.73254  77.3%     -    7s

     0     0  282.73254    0  207 1247.24000  282.73254  77.3%     -    7s

     0     2  282.86807    0  205 1247.24000  282.86807  77.3%     -    8s

H   31    48                    1238.6300000  283.18770  77.1%   402    8s

H   39    48                    1216.6900000  283.18770  76.7%   397    8s

H   85   113                    1213.6900000  283.18770  76.7%   337    9s

H   91   113                    1213.3900000  283.18770  76.7%   328    9s

H  101   113                    1204.5400000  283.18770  76.5%   318    9s

H  160   175                    1201.5400000  283.18770  76.4%   278    9s

H  162   175                    1198.1200000  283.18770  76.4%   278    9s

H  219   226                    1194.8200000  283.18770  76.3%   264    9s

H  307   308                    1162.9100000  283.18770  75.6%   260    9s

   320   324  294.15928   20  220 1162.91000  283.18770  75.6%   253   10s

H  327   324                    1138.6100000  283.18770  75.1%   251   10s

H  398   405                    1110.8600000  283.18770  74.5%   231   10s

H  488   487                    1102.7600000  283.18770  74.3%   207   10s

H  492   487                    1087.4100000  283.18770  74.0%   207   10s

H  557   562                    1087.0500000  283.18770  73.9%   201   11s

H  560   562                    1076.0600000  283.18770  73.7%   201   11s

H  634   672                    1075.7000000  283.18770  73.7%   195   11s

H  772   757                    1070.2500000  283.18770  73.5%   184   11s

H 1033   987                    1065.1500000  283.40519  73.4%   178   13s

H 1037   987                    1061.5700000  283.40519  73.3%   178   13s

H 1166  1104                    1047.3000000  283.40519  72.9%   170   13s

H 1169  1104                    1046.6700000  283.40519  72.9%   170   13s

H 1736  1661                    1046.2900000  283.40519  72.9%   146   14s

  1775  1778  617.84458   74  171 1046.29000  283.40519  72.9%   146   15s

H 2062  1930                    1034.6700000  283.40519  72.6%   139   16s

H 2087  1930                    1011.4700000  283.40519  72.0%   138   16s

H 2588  2420                     998.7800000  284.76224  71.5%   132   18s

H 2866  2636                     990.3900000  284.76224  71.2%   127   19s

  3197  3090  777.71549  121  121  990.39000  284.76224  71.2%   121   20s

H 3348  3090                     986.8700000  284.79966  71.1%   119   20s

H 3829  3577                     968.4500000  284.79966  70.6%   113   21s

H 3949  3576                     953.5200000  284.79966  70.1%   111   21s

  3982  3579  794.76763  173  121  953.52000  284.79966  70.1%   111   25s

H 3984  3400                     947.1500000  284.79966  69.9%   111   36s

H 3984  3230                     947.0800000  284.79966  69.9%   111   36s

H 3984  3069                     944.4300000  284.79966  69.8%   111   36s

H 3986  2917                     913.5100000  286.04184  68.7%   111   39s

H 3986  2771                     902.3100000  286.04184  68.3%   111   39s

H 3986  2632                     880.9900000  286.04184  67.5%   111   39s

H 3986  2501                     877.9700000  286.04184  67.4%   111   39s

H 3986  2375                     855.0300000  286.04184  66.5%   111   39s

H 3987  2256                     845.3700000  286.13153  66.2%   111   41s

H 3989  2145                     787.2100000  286.84885  63.6%   111   44s

  3991  2146  326.66885    6  250  787.21000  287.18885  63.5%   111   46s

  3993  2147  541.57858  142  259  787.21000  287.50475  63.5%   111   56s

  3994  2148  336.76664   27  247  787.21000  288.53130  63.3%   110   64s

  3995  2149  344.67070   37  263  787.21000  290.42458  63.1%   110   71s

  3996  2149  580.75270   71  269  787.21000  292.49718  62.8%   110   80s

  3997  2150  404.35016   75  253  787.21000  294.36903  62.6%   110   87s

  3998  2151  495.82581   57  261  787.21000  296.37233  62.4%   110   94s

H 3998  2043                     784.5600000  297.20851  62.1%   110  102s

H 3999  1941                     768.4200000  297.20851  61.3%   110  109s

H 3999  1844                     763.9000000  297.20851  61.1%   110  109s

  4000  1845  391.98789  105  287  763.90000  297.97079  61.0%   110  111s

H 4000  1752                     759.6600000  297.97079  60.8%   110  118s

H 4000  1664                     748.5100000  297.97079  60.2%   110  118s

  4002  1665  414.74970   50  296  748.51000  298.86196  60.1%   110  120s

  4003  1666  334.07459   11  316  748.51000  299.62968  60.0%   110  127s

H 4003  1582                     746.7000000  299.82505  59.8%   110  129s

  4005  1583  657.75181  136  328  746.70000  300.36296  59.8%   110  136s

  4006  1584  403.37488  107  303  746.70000  300.85887  59.7%   110  146s

  4007  1585  340.74853   29  318  746.70000  301.50548  59.6%   110  156s

  4008  1585  461.10686   85  313  746.70000  301.97281  59.6%   110  161s

  4010  1587  530.73291  153  390  746.70000  302.13001  59.5%   110  166s

H 4011  1507                     745.8300000  302.48534  59.4%   110  170s

H 4011  1431                     744.6900000  302.48534  59.4%   110  170s

  4015  1434  358.76544   22  375  744.69000  302.74876  59.3%   110  175s

H 4018  1364                     743.8200000  302.78824  59.3%   110  177s

  4023  1367  622.75012   99  445  743.82000  302.78824  59.3%   110  180s

H 4027  1301                     733.3500000  302.88779  58.7%   110  182s

H 4027  1235                     732.8100000  302.88779  58.7%   110  182s

H 4027  1172                     730.9300000  302.88779  58.6%   110  182s

H 4027  1113                     728.1200000  302.88779  58.4%   110  182s

  4032  1116  728.12000  150  411  728.12000  303.05047  58.4%   109  185s

  4045  1125  672.50550   86  432  728.12000  303.23487  58.4%   109  190s

  4058  1134  358.79772   46  453  728.12000  303.30059  58.3%   109  195s

  4069  1141  405.38040   44  487  728.12000  303.49577  58.3%   108  200s

  4082  1150  728.12000  173  446  728.12000  303.76294  58.3%   108  205s

H 4100  1102                     724.6000000  303.87510  58.1%   108  210s

  4112  1111  442.78145   54 3078  724.60000  303.97251  58.0%   116  215s

H 4113  1056                     724.1300000  303.97251  58.0%   116  215s

  4129  1066  370.46457   39  451  724.13000  303.97251  58.0%   115  220s

  4132  1068  724.13000  150  437  724.13000  303.97251  58.0%   115  225s

  4136  1071  357.74719   19  435  724.13000  303.97251  58.0%   115  230s

  4142  1075  325.59704   16  448  724.13000  303.97251  58.0%   115  236s

  4147  1078  322.78010   20  475  724.13000  303.97251  58.0%   115  240s

  4150  1080  380.86691   52  459  724.13000  303.97251  58.0%   115  248s

  4153  1087  303.97251   28  368  724.13000  303.97251  58.0%   118  250s

H 4193  1059                     723.6700000  303.97251  58.0%   122  251s

  4619  1378  313.35433   40  136  723.67000  303.97251  58.0%   132  255s

  5338  1846  342.00620   59  140  723.67000  303.97251  58.0%   134  260s

  6414  2582  394.74121   87  100  723.67000  303.97251  58.0%   132  265s

  8184  3671  603.28510  151   88  723.67000  303.97251  58.0%   125  270s

H 8951  4308                     718.1000000  303.97251  57.7%   125  274s

  8969  4459  303.97251   42  262  718.10000  303.97251  57.7%   125  275s

H10590  5787                     716.7100000  303.97251  57.6%   121  279s

 10606  6086  305.72783   41  259  716.71000  303.97251  57.6%   121  280s

 12334  7736  303.97251   58  218  716.71000  303.97251  57.6%   118  285s

H13133  8098                     716.7099994  303.97251  57.6%   118  287s

 13402  8988  377.65439  139  137  716.71000  303.97251  57.6%   118  291s

 15329 10667  303.97251   58  311  716.71000  303.97251  57.6%   114  296s

 17242 12328  662.60307  186  123  716.71000  303.97251  57.6%   110  300s

 19357 14189  304.16932   49  295  716.71000  303.97251  57.6%   109  305s

 21161 16274  312.09145   53  257  716.71000  303.97251  57.6%   108  310s

 23825 17327  418.28715  109  118  716.71000  303.97251  57.6%   107  315s

 24213 18388  310.49194   70  275  716.71000  303.97251  57.6%   107  320s

 25921 20311  383.56667  150  134  716.71000  303.97251  57.6%   105  325s

 27291 20419  627.14358  201   86  716.71000  303.97251  57.6%   104  330s

 27650 21707  644.67508  205  105  716.71000  303.97251  57.6%   104  335s

 29438 22794  632.61095  126  138  716.71000  303.97251  57.6%   102  340s

 31228 24505  402.33301  137  153  716.71000  303.97251  57.6%   101  347s

 32027 26135  502.84672  214  109  716.71000  303.97251  57.6%   101  351s

 34302 27508  523.75628  124  109  716.71000  303.97251  57.6%   100  356s

 36921 29423  695.00980  175  153  716.71000  303.97251  57.6%   101  362s

 37737 30101  317.40562   72  199  716.71000  303.97251  57.6%   101  365s

 39991 32954  405.62181   60  200  716.71000  303.97251  57.6%   102  374s

 41842 33949  617.25623  115  105  716.71000  303.97251  57.6%   101  380s

 43005 36755  319.56059   64  170  716.71000  303.97251  57.6%   102  388s

 46224 37948  570.73501  131   54  716.71000  303.97251  57.6%   102  394s

 47734 39793  306.12395   52  212  716.71000  303.97251  57.6%   101  400s

 49847 41049  446.47470  111  184  716.71000  303.97251  57.6%   101  405s

 52296 43281  362.11886   58  132  716.71000  303.97251  57.6%   102  413s

 53916 44319  421.84206  117  156  716.71000  303.97251  57.6%   104  419s

 55287 45154  512.19004  149  114  716.71000  303.97251  57.6%   105  422s

 56427 46937  383.74128   70  179  716.71000  303.97251  57.6%   106  428s

 58488 47661  658.57540  175  149  716.71000  303.97251  57.6%   106  432s

 59466 49084  332.07097   47  222  716.71000  303.97251  57.6%   107  437s

 60997 50602  601.35706   97   71  716.71000  303.97251  57.6%   108  442s

 62789 51119  418.69449   93  180  716.71000  303.97251  57.6%   109  448s

 63421 54661  331.53766   63  167  716.71000  303.97251  57.6%   109  464s

 67683 55698  403.17028  107  158  716.71000  303.97251  57.6%   110  471s

 68916 57834  519.17795  141  174  716.71000  303.97251  57.6%   110  480s

 71507 58461  316.84449   50  249  716.71000  303.97251  57.6%   110  486s

 72334 60274  471.45136   79  262  716.71000  303.97251  57.6%   110  493s

 74469 61736  382.17288   73  184  716.71000  303.97251  57.6%   111  501s

 76260 63288  579.40288  102  179  716.71000  303.97251  57.6%   112  510s

 78446 64426  355.34196   67  130  716.71000  303.97251  57.6%   112  516s

 79758 65925  322.80643   65  165  716.71000  303.97251  57.6%   112  523s

 81422 67701  397.87207  102  161  716.71000  303.97251  57.6%   112  530s

 83618 69617  466.02019  153  136  716.71000  303.97251  57.6%   113  540s

 86822 71681  437.63626   97  167  716.71000  303.97251  57.6%   113  549s

 88452 72222  339.40303   55  225  716.71000  303.97251  57.6%   113  556s

 89126 73567  396.55006   71  116  716.71000  303.97251  57.6%   114  563s

 90728 75360  355.55399   55  200  716.71000  303.97251  57.6%   115  571s

 92942 76823     cutoff  125       716.71000  303.97483  57.6%   115  578s

 94959 77789  372.24896   67  185  716.71000  304.04084  57.6%   115  584s

 96077 78665  452.85696  100  108  716.71000  304.04084  57.6%   115  592s

 97084 78686  331.25732   73  176  716.71000  304.04084  57.6%   115  599s

H97108 78645                     712.5200000  304.04084  57.3%   115  599s

 97112 80864  332.35746   74  163  712.52000  304.04084  57.3%   115  608s

 99632 81745  464.67817   76  268  712.52000  304.23908  57.3%   114  614s

 100630 83480  310.01807   41  175  712.52000  304.23908  57.3%   114  623s

 102491 85493  468.85195  101  137  712.52000  304.23908  57.3%   113  633s

 104929 87386  391.33828   80  137  712.52000  304.24115  57.3%   113  644s

 106344 87386  330.92701   54  183  712.52000  304.40545  57.3%   113  645s

 107281 88923  419.15259   70  150  712.52000  304.40545  57.3%   113  651s

 108910 90486  655.43557  161  146  712.52000  304.45819  57.3%   112  658s

 110718 92048  599.30975  155  151  712.52000  304.45819  57.3%   112  666s

 112537 92645  561.10401   72  146  712.52000  304.57861  57.3%   112  670s

 113366 93302  360.04870   71  170  712.52000  304.57861  57.3%   112  679s

 114227 94762  310.28411   60  251  712.52000  304.73398  57.2%   112  687s

 116055 95722  461.68436  119  230  712.52000  304.73398  57.2%   112  692s

 117139 97926  601.13048  190  159  712.52000  304.73398  57.2%   112  701s

 119681 99476  671.34179  111  117  712.52000  304.73398  57.2%   111  709s

 121606 100909  419.51096   93  137  712.52000  304.98764  57.2%   111  717s

 123308 102503  382.52609   59  159  712.52000  304.98764  57.2%   111  724s

 125162 104358  323.84766   67  226  712.52000  305.11480  57.2%   111  731s

 127220 106879  534.87468  210  116  712.52000  305.11892  57.2%   110  744s

 130082 108135  475.28550   74  214  712.52000  305.16527  57.2%   110  751s

 131590 109369  389.66178   44  179  712.52000  305.17443  57.2%   109  757s

 133065 110170  367.53947   63  241  712.52000  305.28961  57.2%   109  762s

 133947 111869  507.83513  130  142  712.52000  305.28961  57.2%   109  770s

 135874 113466  506.75650  115  151  712.52000  305.28961  57.2%   109  778s

 137705 115000  477.04578  133  158  712.52000  305.37548  57.1%   108  785s

 139432 116528  329.82857   56  279  712.52000  305.37548  57.1%   108  793s

 141174 118275  597.50831  167  124  712.52000  305.37548  57.1%   108  802s

 143139 118985  551.65743  105  164  712.52000  305.37548  57.1%   107  807s

 144042 120623  443.67288   67  110  712.52000  305.37548  57.1%   107  815s

 145879 122082  414.89780   82  207  712.52000  305.45267  57.1%   107  822s

 147440 123875  547.93750  131  228  712.52000  305.45267  57.1%   107  832s

 149495 125693  325.17884   37  165  712.52000  305.54873  57.1%   106  844s

 150699 125693     cutoff   89       712.52000  305.60994  57.1%   106  845s

 151631 125999  347.99915   67  113  712.52000  305.65575  57.1%   106  851s

 152024 126918  472.44942   80  102  712.52000  305.66379  57.1%   106  858s

 153187 128461  336.66183   40  174  712.52000  305.66379  57.1%   107  871s

 155051 129975  655.61016   74  125  712.52000  305.67136  57.1%   106  883s

 156848 130305  596.13369  195  125  712.52000  305.85025  57.1%   106  893s

 157200 132578  611.36609  199  125  712.52000  305.85025  57.1%   106  906s

 159774 133754  435.66060   87  141  712.52000  305.93490  57.1%   106  915s

 161126 135155  543.25380  156  162  712.52000  305.93522  57.1%   106  927s

 162765 136679  373.19138   63  245  712.52000  306.00547  57.1%   106  937s

 164510 137085  381.55035   47  152  712.52000  306.04188  57.0%   106  946s

 165058 138226  460.61981   52  174  712.52000  306.04188  57.0%   106  956s

 166468 140213  536.68678  111  162  712.52000  306.04518  57.0%   106  969s

 168725 142024  403.24645  100  231  712.52000  306.09824  57.0%   106  980s

 170681 143627  601.23307  193  217  712.52000  306.13149  57.0%   106  993s

 172654 144939  402.81661   83  211  712.52000  306.18430  57.0%   106 1002s

 174255 146252  358.34989  105  162  712.52000  306.28506  57.0%   106 1010s

 175721 147386  581.31959  212  106  712.52000  306.28506  57.0%   106 1019s

 177201 148713 infeasible   94       712.52000  306.37626  57.0%   106 1031s

 178762 149815     cutoff  143       712.52000  306.38512  57.0%   106 1041s

 180400 150666  380.16307   72  205  712.52000  306.42125  57.0%   107 1049s

 181569 152699  329.78097   57  169  712.52000  306.46158  57.0%   107 1063s

 183853 154518  417.06415   76  171  712.52000  306.46158  57.0%   106 1077s

 185884 156320  340.02073   61  180  712.52000  306.46158  57.0%   106 1087s

 187957 157341  392.05507   71  180  712.52000  306.46158  57.0%   106 1099s

 189252 158311  440.00315  101  128  712.52000  306.58380  57.0%   106 1106s

 190349 159761  586.80906  176   68  712.52000  306.58380  57.0%   106 1119s

 192203 161845  330.42116   71  164  712.52000  306.60542  57.0%   106 1133s

 194574 163452  562.33968  230  163  712.52000  306.63499  57.0%   106 1144s

 196402 164113  676.83967  159  145  712.52000  306.63499  57.0%   106 1150s

 197190 165424  397.66731   80  171  712.52000  306.66041  57.0%   106 1160s

 198669 166401  332.22478   39  152  712.52000  306.69994  57.0%   106 1168s

 199971 167674  343.12044   64  224  712.52000  306.69994  57.0%   106 1176s

 201511 168615  417.15713   95  191  712.52000  306.69994  57.0%   106 1184s

 202683 169829  536.84256  120  175  712.52000  306.69994  57.0%   106 1192s

 204167 170145  482.15295  127  199  712.52000  306.82587  56.9%   106 1201s

 204503 170161  310.63548   72  252  712.52000  306.82587  56.9%   106 1211s

 204519 170427  310.86950   73  214  712.52000  306.82587  56.9%   106 1220s

 204823 171704  313.55339   75  228  712.52000  306.82587  56.9%   106 1231s

 206312 172481  517.56930  201  181  712.52000  306.82587  56.9%   106 1240s

 207491 172961  422.41893   64  162  712.52000  306.87720  56.9%   107 1247s

 208278 174256  338.33319   57  127  712.52000  306.87720  56.9%   107 1257s

 209888 175257  521.95965  104  155  712.52000  306.87720  56.9%   107 1266s

 211056 176563  616.62942  122  167  712.52000  306.87720  56.9%   107 1278s

 212544 177769  495.51670  149  109  712.52000  306.91262  56.9%   108 1290s

 214260 178812  342.50697   54  128  712.52000  306.93200  56.9%   108 1304s

 215573 179488  454.09557   74  181  712.52000  307.09284  56.9%   108 1312s

 216505 180561  330.25515   63  192  712.52000  307.09284  56.9%   109 1332s

 217812 182897  695.57833  129  114  712.52000  307.09284  56.9%   109 1352s

 220675 184097  351.47818   63  158  712.52000  307.22617  56.9%   109 1363s

 222064 186178  473.96684   74  211  712.52000  307.22617  56.9%   109 1379s

 224611 187804  448.41478  101  182  712.52000  307.35588  56.9%   109 1393s

 226585 189539  399.79731   65  167  712.52000  307.35588  56.9%   109 1407s

 228676 191730  613.29081   99  169  712.52000  307.42614  56.9%   109 1423s

 231121 192947  353.80482   75  249  712.52000  307.43535  56.9%   109 1433s

 232493 195089  435.27523   91  276  712.52000  307.43535  56.9%   109 1448s

 234937 196688  557.83272  199  162  712.52000  307.51465  56.8%   109 1461s

 236729 197663  338.01988   68  177  712.52000  307.51549  56.8%   109 1469s

 238006 198739  389.03338   54  176  712.52000  307.51549  56.8%   110 1479s

 239425 198739  433.72383  106  163  712.52000  307.52031  56.8%   110 1480s

 239498 199226  326.44215   66  189  712.52000  307.52031  56.8%   110 1487s

 240179 201299  449.85852   74  146  712.52000  307.52031  56.8%   110 1502s

 242559 202669  450.93856  108  167  712.52000  307.52031  56.8%   110 1514s

 244260 203000  320.62714   65  202  712.52000  307.52031  56.8%   111 1525s

 244627 204692  444.33016   88  210  712.52000  307.63622  56.8%   111 1539s

 246565 206123  574.46126  138  185  712.52000  307.69075  56.8%   111 1551s

 248315 206736  429.47463   71  132  712.52000  307.71503  56.8%   111 1559s

 249137 208012  640.75764   92   94  712.52000  307.72000  56.8%   111 1572s

 250881 208737  415.73433   88  157  712.52000  307.72377  56.8%   111 1580s

 251777 210836  577.38154  138  163  712.52000  307.72377  56.8%   111 1596s

 254115 212653  454.43175   86  211  712.52000  307.78289  56.8%   111 1609s

 256156 214180  335.35530   53  187  712.52000  307.78289  56.8%   112 1625s

 258151 215653  356.09084   37  191  712.52000  307.83466  56.8%   112 1637s

 259874 216773  445.95864   66  150  712.52000  307.83466  56.8%   111 1647s

 261191 217769  342.46799   49  231  712.52000  307.83466  56.8%   112 1656s

 262338 217858  388.49149   63  231  712.52000  307.85604  56.8%   112 1669s

 262495 218605  397.81294   64  171  712.52000  307.85604  56.8%   112 1678s

 263485 219804  311.54239   47  309  712.52000  307.96302  56.8%   112 1693s

 264956 220429  318.02213   50  202  712.52000  307.96302  56.8%   112 1703s

 265660 222099  479.21428  100  164  712.52000  307.96302  56.8%   112 1721s

 267671 224031  433.25134   86  210  712.52000  307.96664  56.8%   112 1739s

 269855 225606  392.82503   81  206  712.52000  308.09365  56.8%   112 1755s

 271685 227421  343.40321   67  186  712.52000  308.14459  56.8%   112 1771s

 273837 228529  469.10178  125  164  712.52000  308.23067  56.7%   112 1782s

 275130 230436  345.34072   55  193  712.52000  308.23067  56.7%   112 1799s

 275276 230436  539.39057  104  171  712.52000  308.23067  56.7%   112 1800s

 277241 231955  561.59923  201  141  712.52000  308.23067  56.7%   112 1814s

 278947 233341  544.43579  158  161  712.52000  308.23067  56.7%   112 1826s

 280596 234024  538.69356   92  125  712.52000  308.23067  56.7%   112 1840s

 281428 236394  611.67589  121  156  712.52000  308.23067  56.7%   112 1861s

 284163 237932  559.24916  159  147  712.52000  308.42580  56.7%   112 1875s

 285915 238689  438.00614  133  210  712.52000  308.42607  56.7%   112 1884s

 286853 239971  312.47019   47  310  712.52000  308.43335  56.7%   112 1896s

 288520 241267  361.93069   56  193  712.52000  308.48872  56.7%   112 1909s

 290106 242810  338.12904   61  275  712.52000  308.49019  56.7%   112 1924s

 291976 244255  618.74376  207  165  712.52000  308.49210  56.7%   112 1937s

 293649 245463  441.82312   98  160  712.52000  308.56078  56.7%   112 1947s

 294957 246656  675.15388  135  129  712.52000  308.56078  56.7%   112 1963s

 296612 247653  362.86764   66  156  712.52000  308.67056  56.7%   113 1976s

 297871 248403  666.91804  127   92  712.52000  308.67056  56.7%   113 1990s

 298777 251450  478.94881  104  165  712.52000  308.67580  56.7%   113 2015s

 302240 251463  647.19460  122  172  712.52000  308.78006  56.7%   113 2043s

 302258 251522  617.40998  123  177  712.52000  308.78006  56.7%   113 2055s

 302354 251672  430.66806   48  170  712.52000  308.78181  56.7%   113 2070s

 302525 252013  612.00136   87  145  712.52000  308.78181  56.7%   113 2086s

 302926 252425  342.00051   66  212  712.52000  308.78181  56.7%   113 2101s

 303373 253662  326.41087   50  295  712.52000  308.78348  56.7%   113 2117s

 304840 255885  471.90478   75  144  712.52000  308.78882  56.7%   114 2138s

 307504 258176 infeasible  118       712.52000  308.82904  56.7%   114 2160s

 310138 259194  690.86213  130  131  712.52000  308.84349  56.7%   114 2176s

 311413 261072  452.72167  113  158  712.52000  308.84349  56.7%   114 2196s

 313563 262573  499.56214  121  178  712.52000  308.89671  56.6%   114 2212s

 315451 264106  318.04115   62  273  712.52000  308.93723  56.6%   114 2231s

 317183 265485  401.55598  131  209  712.52000  308.93723  56.6%   114 2247s

 318848 267373  541.64590  205  236  712.52000  308.93723  56.6%   114 2267s

 321113 268649  692.34770  144  124  712.52000  308.93723  56.6%   114 2279s

 322582 270140  502.24571  126  220  712.52000  308.93723  56.6%   114 2294s

 324270 270565  482.27311   62  208  712.52000  309.11081  56.6%   114 2308s

 324860 271091  442.12077   64  200  712.52000  309.11081  56.6%   114 2316s

 325488 272156  470.10782   66  290  712.52000  309.11081  56.6%   114 2328s

 326797 274275  654.75310   74  250  712.52000  309.11081  56.6%   114 2347s

 329167 275750  341.95926   50  158  712.52000  309.17410  56.6%   114 2361s

 330892 276824  655.37758   89  191  712.52000  309.22984  56.6%   114 2375s

 332546 277455  360.77595   63  152  712.52000  309.28386  56.6%   114 2389s

 333275 279005  554.29882  105  157  712.52000  309.29631  56.6%   114 2406s

 335050 280287  659.43545  189   80  712.52000  309.29631  56.6%   114 2419s

 336526 282034  382.64937   85  186  712.52000  309.29631  56.6%   114 2436s

 338609 283333  345.40571   62  194  712.52000  309.36628  56.6%   114 2449s

 340153 284811  344.78743   46  222  712.52000  309.36628  56.6%   114 2465s

 341813 286404  591.58632  124  163  712.52000  309.36628  56.6%   114 2483s

 343778 286881  673.26278  126  180  712.52000  309.36628  56.6%   114 2493s

 344360 287601  343.40586   52  176  712.52000  309.41218  56.6%   114 2510s

 345238 289018  437.42321  108  186  712.52000  309.41218  56.6%   114 2526s

 346786 290406  325.66328   56  196  712.52000  309.47030  56.6%   114 2544s

 348536 291556  619.11707   71  160  712.52000  309.47030  56.6%   114 2558s

 349930 293235  634.44872   94   98  712.52000  309.48004  56.6%   114 2579s

 352019 294518  450.76569   80  216  712.52000  309.54057  56.6%   114 2593s

 353604 296093  645.15973  108  214  712.52000  309.54057  56.6%   115 2611s

 355556 297872  381.48051   59  179  712.52000  309.62978  56.5%   115 2628s

 357560 299006  452.18294   88  165  712.52000  309.65147  56.5%   115 2642s

 358883 300529 infeasible   82       712.52000  309.69718  56.5%   115 2662s

 360841 302139  335.19309   55  224  712.52000  309.74942  56.5%   115 2681s

 362692 303184  328.14612   41  298  712.52000  309.75444  56.5%   115 2691s

 364034 304355  389.41365   59  193  712.52000  309.75444  56.5%   115 2705s

 365610 305033  331.54897   46  185  712.52000  309.75444  56.5%   115 2715s

 366405 307054  458.27529   71  219  712.52000  309.75444  56.5%   115 2735s

 368799 308907 infeasible  122       712.52000  309.90789  56.5%   115 2755s

 370880 310391  428.71188   74  126  712.52000  309.91240  56.5%   115 2770s

 372557 312029  434.27762  105  200  712.52000  309.91551  56.5%   115 2787s

 374540 313082  380.80151   59  126  712.52000  309.97034  56.5%   115 2797s

 375824 314704  352.74060   57  188  712.52000  309.99133  56.5%   115 2815s

 377779 316032  432.25332   78  137  712.52000  309.99216  56.5%   115 2830s

 379351 317678     cutoff  206       712.52000  309.99216  56.5%   115 2846s

 381194 318621  327.55543   57  190  712.52000  309.99216  56.5%   115 2861s

 382243 320112  513.87891  113  169  712.52000  309.99216  56.5%   115 2878s

 384021 320836  567.98033   83  105  712.52000  310.09897  56.5%   115 2896s

 385077 322932     cutoff  142       712.52000  310.11508  56.5%   115 2920s

 387558 324610  337.41262   54  168  712.52000  310.11508  56.5%   115 2935s

 389532 326323  354.32735   71  156  712.52000  310.18733  56.5%   115 2952s

 391446 327327  380.15791   50  227  712.52000  310.18733  56.5%   115 2962s

 392563 329195  635.42502  110  178  712.52000  310.18733  56.5%   115 2982s

 394637 330587  499.58365  102  168  712.52000  310.18733  56.5%   115 2999s

 396286 332312  443.57013  114  132  712.52000  310.22208  56.5%   115 3019s

 398250 334300  409.27176   85  196  712.52000  310.28655  56.5%   115 3034s

 400456 334820  351.65737   56  255  712.52000  310.34308  56.4%   115 3049s

 401017 336114  578.55148   74  239  712.52000  310.34308  56.4%   115 3064s

 402676 337350  327.74141   50  265  712.52000  310.37738  56.4%   115 3083s

 404319 338861  337.35466   51  198  712.52000  310.37738  56.4%   115 3100s

 406038 340168  407.42555   67  153  712.52000  310.40674  56.4%   115 3118s

 407550 341273  322.19151   45  244  712.52000  310.42716  56.4%   115 3135s

 408983 342529  386.44426   66  299  712.52000  310.46365  56.4%   115 3154s

 410472 343558  367.63782   61  307  712.52000  310.46365  56.4%   115 3173s

 411612 345526  422.07675   77  199  712.52000  310.46365  56.4%   115 3195s

 413828 347465  609.84744  235  176  712.52000  310.53926  56.4%   115 3216s

 416030 349009  343.44725   73  209  712.52000  310.53926  56.4%   115 3233s

 417808 350470  510.55694  141  121  712.52000  310.56971  56.4%   115 3257s

 419479 351277  459.56331   70  172  712.52000  310.57740  56.4%   115 3269s

 420469 352037  339.32721   60  184  712.52000  310.57740  56.4%   115 3289s

 421527 353546  425.82183   76  167  712.52000  310.57740  56.4%   115 3310s

 423208 354278 infeasible  100       712.52000  310.68243  56.4%   115 3325s

 424144 356939  366.44981   63  171  712.52000  310.70621  56.4%   115 3356s

 427294 357904  457.64681   78  198  712.52000  310.76174  56.4%   115 3371s

 428611 358773  324.78081   40  209  712.52000  310.76686  56.4%   115 3389s

 429709 359705  460.59312   64  114  712.52000  310.76686  56.4%   116 3408s

 430768 361596  392.65836   66  158  712.52000  310.77229  56.4%   116 3436s

 432998 363226  335.61352   49  311  712.52000  310.77229  56.4%   116 3460s

 434997 363329  334.37171   51  205  712.52000  310.86165  56.4%   116 3478s

 435134 363623  337.62882   52  207  712.52000  310.86165  56.4%   116 3495s

 435513 364613  352.50978   58  233  712.52000  310.86827  56.4%   116 3515s

 437039 365685  367.91094   67  212  712.52000  310.90589  56.4%   116 3533s

 438332 367444  592.95313  118   96  712.52000  310.90589  56.4%   116 3557s

 440572 369297  371.01114   88  161  712.52000  310.90737  56.4%   116 3585s

 442710 371497  647.44427  238  112  712.52000  310.94344  56.4%   116 3613s

 445214 372847  328.04037   58  170  712.52000  310.99037  56.4%   116 3632s

 446665 375029  576.76630   98  197  712.52000  310.99037  56.4%   116 3662s

 449055 375323  435.43153  107  202  712.52000  310.99037  56.4%   116 3678s

 449376 375750  435.61657  108  203  712.52000  310.99037  56.4%   116 3690s

 449884 376367  436.20933  109  212  712.52000  310.99037  56.4%   116 3703s

 450582 376978  439.71787  110  192  712.52000  310.99037  56.4%   116 3719s

 451378 377775  440.86300  111  189  712.52000  310.99037  56.4%   116 3735s

 452376 379364  443.76075  112  194  712.52000  310.99037  56.4%   116 3758s

 454314 380911  337.43273   54  151  712.52000  311.07787  56.3%   116 3783s

 456336 381868 infeasible   80       712.52000  311.11315  56.3%   116 3801s

 457467 384458  513.47136   92  207  712.52000  311.13197  56.3%   116 3838s

 460457 384476  401.00159   78  183  712.52000  311.19983  56.3%   116 3879s

 460475 386391  402.88860   79  183  712.52000  311.19983  56.3%   116 3915s

 462588 388623  613.87448  222  162  712.52000  311.20004  56.3%   116 3944s

 463344 388623  604.00941  107  153  712.52000  311.20611  56.3%   116 3945s

 465137 390891 infeasible   80       712.52000  311.20800  56.3%   116 3975s

 467763 392638  349.59341   49  155  712.52000  311.24735  56.3%   116 4000s

 469828 393716  494.18672  126  172  712.52000  311.30389  56.3%   116 4018s

 471392 395060  368.43621   63  262  712.52000  311.34719  56.3%   116 4035s

 472926 396607  445.55230   68  100  712.52000  311.37430  56.3%   116 4051s

 474709 397753  445.68444   88  153  712.52000  311.42420  56.3%   116 4067s

 475934 399115  577.21969  119  174  712.52000  311.42420  56.3%   116 4086s

 477451 400582  340.71899   75  305  712.52000  311.44875  56.3%   116 4103s

 479118 401611  593.04375  132  252  712.52000  311.46688  56.3%   116 4121s

 480531 402579  354.73770   63  208  712.52000  311.47695  56.3%   116 4140s

 481816 404140  386.96062   61  202  712.52000  311.47695  56.3%   116 4163s

 483612 405155  402.95263   79  217  712.52000  311.47695  56.3%   116 4176s

 484735 407083  536.98188  162  181  712.52000  311.55091  56.3%   116 4203s

 486936 408720 infeasible   96       712.52000  311.62675  56.3%   116 4221s

 488708 410463  632.83270  112  159  712.52000  311.62675  56.3%   116 4250s

 490729 412092  473.45850  116  182  712.52000  311.67483  56.3%   116 4268s

 492523 413349  334.38519   52  215  712.52000  311.67533  56.3%   116 4288s

 494031 415141  401.21862   66  161  712.52000  311.69732  56.3%   116 4308s

 496017 416823  343.52605   77  158  712.52000  311.71570  56.3%   116 4332s

 497844 418441  450.78682  125  232  712.52000  311.71570  56.3%   116 4351s

 499671 419289  356.80287   55  263  712.52000  311.73187  56.2%   116 4367s

 500634 420458  454.46469   81  322  712.52000  311.73187  56.2%   116 4386s

 502120 421718  611.85182  179  243  712.52000  311.75881  56.2%   116 4407s

 503638 423699  479.99967  106  107  712.52000  311.75881  56.2%   116 4432s

 505869 425247  434.46892   80  182  712.52000  311.84299  56.2%   115 4454s

 507656 426075  585.12610  198  178  712.52000  311.86000  56.2%   115 4472s

 508765 426798  341.23143   58  212  712.52000  311.91875  56.2%   115 4488s

 509665 428163  396.72782   77  251  712.52000  311.91875  56.2%   116 4513s

 511250 430324  612.21894  126  175  712.52000  311.91875  56.2%   116 4544s

 513627 431112  506.62226  110  207  712.52000  311.98013  56.2%   115 4557s

 514528 432924  658.87804  172  169  712.52000  311.98013  56.2%   115 4578s

 516542 434455  360.15751   60  175  712.52000  312.00167  56.2%   115 4603s

 518295 435824  654.24632  133  155  712.52000  312.02039  56.2%   115 4623s

 519946 436636  451.49014   50  284  712.52000  312.02039  56.2%   115 4641s

 521084 437633  346.53803   64  222  712.52000  312.02039  56.2%   116 4659s

 522228 438459  462.29123  116  144  712.52000  312.02039  56.2%   116 4677s

 523209 440381  640.67078  167  156  712.52000  312.11281  56.2%   116 4712s

 525416 441741 infeasible   64       712.52000  312.17985  56.2%   116 4739s

 527061 443065  348.42478   56  205  712.52000  312.23001  56.2%   116 4762s

 528712 444359  350.40699   50  189  712.52000  312.25090  56.2%   116 4787s

 530173 445481  587.44114  167  136  712.52000  312.25290  56.2%   116 4811s

 531406 447338  688.37587  108  166  712.52000  312.25535  56.2%   116 4849s

 533628 449492  459.74911   78  165  712.52000  312.33833  56.2%   116 4879s

 536089 451302  518.77652  123  164  712.52000  312.38217  56.2%   116 4911s

 538111 452975  431.03462   87  201  712.52000  312.38217  56.2%   116 4935s

 540071 454488  355.76818   62  228  712.52000  312.38217  56.2%   116 4966s

 541832 456273  361.44135   62  155  712.52000  312.42403  56.2%   116 4990s

 543800 456864  629.33664  139  170  712.52000  312.43035  56.2%   115 5008s

 544471 456880  373.33552   82  148  712.52000  312.43035  56.2%   115 5047s

 544487 457441  373.44522   83  174  712.52000  312.43035  56.2%   115 5086s

 545114 458275  418.22943  101  210  712.52000  312.43035  56.2%   115 5115s

 546070 459603  573.22320  119  233  712.52000  312.43035  56.2%   115 5144s

 547725 461194  348.62529   41  277  712.52000  312.51698  56.1%   116 5176s

 549599 462741  395.64578   75  186  712.52000  312.51698  56.1%   116 5211s

 551453 463841  404.30603   58  184  712.52000  312.56426  56.1%   115 5236s

 552708 465975  338.40166   46  238  712.52000  312.56896  56.1%   116 5275s

 555036 467013  439.99605  150  290  712.52000  312.56896  56.1%   116 5300s

 556247 468557  543.64008  206  241  712.52000  312.56896  56.1%   116 5339s

 558147 470174  436.76860   69  193  712.52000  312.60852  56.1%   116 5372s

 560072 471517  431.80229  114  168  712.52000  312.67946  56.1%   116 5406s

 561635 473663  340.18447   58  194  712.52000  312.68138  56.1%   116 5446s

 564003 475389  353.18713   73  167  712.52000  312.68255  56.1%   116 5474s

 564574 475389  710.23687  162  151  712.52000  312.70895  56.1%   115 5475s

 565981 476797  454.60173   83  158  712.52000  312.72213  56.1%   115 5505s

 567616 477547  416.98563  107  134  712.52000  312.72594  56.1%   116 5530s

 568498 479500  336.19304   64  190  712.52000  312.72594  56.1%   116 5569s

 570667 480947  370.86396   73  251  712.52000  312.72594  56.1%   115 5597s

 572331 481986  558.81251  181  181  712.52000  312.72594  56.1%   115 5630s

 573577 483921  355.87751   60  205  712.52000  312.83090  56.1%   116 5673s

 575859 485458  623.98805   97  163  712.52000  312.83090  56.1%   116 5711s

 577746 486610  343.44466   49  182  712.52000  312.88193  56.1%   116 5737s

 578997 488113  513.61057   66  209  712.52000  312.88422  56.1%   116 5777s

 580853 489545  527.28386   67  197  712.52000  312.89169  56.1%   116 5813s

 582424 490836  346.62395   64  205  712.52000  312.91993  56.1%   116 5841s

 583897 492455  649.05516  226  170  712.52000  312.91993  56.1%   116 5878s

 585788 494092  520.31700  132  194  712.52000  312.91993  56.1%   116 5917s

 587686 495428  349.34815   59  268  712.52000  312.95624  56.1%   116 5943s

 589254 497207  642.55333  119  223  712.52000  312.95624  56.1%   116 5984s

 590152 497207  542.12160   70  156  712.52000  313.03579  56.1%   116 5985s

 591267 498552  347.34691   49  257  712.52000  313.04924  56.1%   116 6020s

 592893 499443  395.37546   72  168  712.52000  313.06346  56.1%   116 6051s

 593937 501322  454.15000  100  149  712.52000  313.08992  56.1%   116 6100s

 596375 502626  544.67337  108  141  712.52000  313.10079  56.1%   116 6147s

 597978 503359  706.94096  190  110  712.52000  313.10079  56.1%   116 6170s

 598773 505181  487.73870   96  197  712.52000  313.10079  56.1%   116 6215s

 600853 507332  447.19024   96  136  712.52000  313.15508  56.0%   116 6263s

 603258 509225  387.51464   95  170  712.52000  313.17604  56.0%   116 6300s

 605379 511139  403.67669  101  275  712.52000  313.20437  56.0%   116 6349s

 607488 512723  536.53958  262  195  712.52000  313.20437  56.0%   116 6380s

 609293 514580  451.83536   87  212  712.52000  313.20437  56.0%   116 6425s

 611324 516333  636.05536  175  245  712.52000  313.20437  56.0%   116 6460s

 613289 517507  391.35583   90  237  712.52000  313.28180  56.0%   116 6491s

 614574 517561  467.25027  141  180  712.52000  313.28180  56.0%   116 6555s

 614644 531591  471.69832  142  192  712.52000  313.28180  56.0%   116 6940s

 630644 532282  400.28526   60  214  712.52000  313.50572  56.0%   116 6975s

 631490 532669  528.45014   97  202  712.52000  313.50572  56.0%   116 7001s

 631883 533942  556.54468   98  218  712.52000  313.50572  56.0%   116 7024s

 633309 535455  557.53409   99  213  712.52000  313.50572  56.0%   115 7048s

 634992 536566  559.81368  100  213  712.52000  313.50572  56.0%   115 7072s

 636244 538068  562.03253  101  210  712.52000  313.53325  56.0%   115 7106s

 637885 538840  569.04167  102  219  712.52000  313.53325  56.0%   115 7133s

 638897 540845  569.31249  103  207  712.52000  313.59266  56.0%   115 7174s

 639031 540845  388.03810   55  259  712.52000  313.59266  56.0%   115 7175s

 641207 542892  678.35328  146  175  712.52000  313.65296  56.0%   115 7220s

 643581 544033  401.12979   75  171  712.52000  313.69937  56.0%   115 7246s

 644921 545918  605.60841  173  110  712.52000  313.69937  56.0%   115 7293s

 646987 547749  497.97052  124  184  712.52000  313.70556  56.0%   115 7326s

 648971 549583  363.96245   67  177  712.52000  313.70556  56.0%   115 7372s

 651090 551579  414.41070   65  183  712.52000  313.77226  56.0%   115 7419s

 653371 553184  691.93825  243  121  712.52000  313.77811  56.0%   115 7453s

 655291 553997  348.52603   55  199  712.52000  313.77940  56.0%   115 7480s

 656286 555131  441.71805   99  159  712.52000  313.77940  56.0%   115 7511s

 657644 556132  332.59513   56  225  712.52000  313.80668  56.0%   115 7538s

 658980 556831  435.01713   75  175  712.52000  313.80668  56.0%   116 7571s

 659913 558082  467.01944   83  181  712.52000  313.80668  56.0%   116 7615s

 661541 561497  362.18903   85  171  712.52000  313.89591  55.9%   116 7700s

 665356 563368  357.18081   55  162  712.52000  313.92546  55.9%   116 7749s

 667503 564400  396.67606   83  142  712.52000  313.92546  55.9%   116 7778s

 668790 566273  402.95270   64  221  712.52000  313.99447  55.9%   116 7826s

 670901 567668  326.15978   50  169  712.52000  314.01369  55.9%   116 7862s

 672593 569276  369.36019   51  174  712.52000  314.02139  55.9%   116 7905s

 674412 571053  559.44360  123  132  712.52000  314.04117  55.9%   116 7955s

 676406 572963  607.78134   88  147  712.52000  314.04117  55.9%   116 7993s

 678476 574342  438.41805  101  261  712.52000  314.04117  55.9%   116 8039s

 679594 574342  424.36226  104  132  712.52000  314.04117  55.9%   116 8040s

 680056 575196  457.56447   88  190  712.52000  314.04117  55.9%   116 8064s

 681096 576297  321.13557   67  308  712.52000  314.12195  55.9%   116 8108s

 682491 576312  553.01870   58  197  712.52000  314.16078  55.9%   116 8185s

 682508 577172  528.74400   58  140  712.52000  314.16078  55.9%   116 8247s

 683749 578151  699.42249  144  142  712.52000  314.19345  55.9%   116 8288s

 684932 580000  561.44875   85  149  712.52000  314.19345  55.9%   116 8349s

 687088 581730  404.73328   44  298  712.52000  314.23533  55.9%   116 8407s

 689176 583341  575.98778   90  154  712.52000  314.24849  55.9%   116 8463s

 691051 583341  580.58662  127  260  712.52000  314.25546  55.9%   116 8465s

 691237 584526  376.19443   49  303  712.52000  314.31801  55.9%   116 8510s

 692815 585497  589.85524   80  146  712.52000  314.31801  55.9%   116 8560s

 694052 587706  498.42462  142  165  712.52000  314.32872  55.9%   116 8632s

 696637 588408  582.02496   83  129  712.52000  314.37664  55.9%   116 8676s

 697458 590027  582.68526   84  137  712.52000  314.37664  55.9%   116 8731s

 699380 590975  602.61629  133   70  712.52000  314.42683  55.9%   116 8781s

 700882 592284  340.68719   64  151  712.52000  314.45530  55.9%   116 8835s

 702498 593472  438.17170   83  175  712.52000  314.48287  55.9%   116 8879s

 703675 593472  351.51144   61  209  712.52000  314.48287  55.9%   116 8880s

 703841 595215  540.89136  146  167  712.52000  314.48287  55.9%   116 8945s

 705888 596847  676.22383   79  171  712.52000  314.48287  55.9%   116 9006s

 707769 598642  386.56616   62  142  712.52000  314.55010  55.9%   116 9070s

 709841 600038  388.76968   94  130  712.52000  314.55010  55.9%   116 9116s

 711480 601244  465.31088   87  190  712.52000  314.55010  55.9%   116 9170s

 712819 601807  346.26988   66  150  712.52000  314.55010  55.9%   116 9206s

 713530 603534  442.72812   79  172  712.52000  314.55010  55.9%   116 9269s

 715608 605208  345.46543   76  253  712.52000  314.55010  55.9%   116 9331s

 717528 605948  528.24044  177  192  712.52000  314.55010  55.9%   116 9366s

 718584 606589  416.57931   62  202  712.52000  314.62479  55.8%   116 9402s

 719516 607498  337.49820   73  133  712.52000  314.64575  55.8%   117 9444s

 720727 609451  422.82307   82  168  712.52000  314.68828  55.8%   117 9515s

 722905 610491  427.26802   75  220  712.52000  314.69914  55.8%   117 9559s

 724088 610491     cutoff  249       712.52000  314.69914  55.8%   117 9560s

 724187 610922  702.47594  123  141  712.52000  314.69914  55.8%   117 9598s

 724789 611797  702.98857  124  155  712.52000  314.69914  55.8%   117 9642s

 726018 612717  356.40130   52  226  712.52000  314.74922  55.8%   117 9681s

 727198 613981 infeasible   83       712.52000  314.74922  55.8%   117 9735s

 728802 614720  436.91298   82  135  712.52000  314.79320  55.8%   117 9771s

 729571 617026  359.47595   51  185  712.52000  314.79320  55.8%   117 9849s

 730531 617026  428.37004   90  170  712.52000  314.79320  55.8%   117 9850s

 732217 618461  351.76478   44  343  712.52000  314.79320  55.8%   117 9906s

 733877 619837     cutoff  123       712.52000  314.81778  55.8%   117 9949s

 734818 619837  548.45442  107  135  712.52000  314.84701  55.8%   117 9950s

 735563 620918 infeasible   71       712.52000  314.85158  55.8%   117 9999s

 736270 620918  498.15767   95   59  712.52000  314.86359  55.8%   117 10000s

 736968 622362  327.55257   73  308  712.52000  314.86820  55.8%   117 10057s

 738636 624117  336.57457   62  208  712.52000  314.86820  55.8%   117 10131s

 740774 625824  523.05318  159  169  712.52000  314.86820  55.8%   117 10190s

 742694 626854  392.97630   49  217  712.52000  314.86820  55.8%   117 10243s

 743911 628706  378.82498   62  205  712.52000  314.90688  55.8%   117 10322s

 746022 630627  365.75163   73  122  712.52000  314.92531  55.8%   117 10375s

 748193 631714 infeasible   86       712.52000  314.95064  55.8%   117 10430s

 749398 633470  366.72863   42  194  712.52000  314.95064  55.8%   117 10500s

 751423 634240  665.77619  200  121  712.52000  314.95064  55.8%   117 10544s

 752389 634240  521.16515   99  204  712.52000  314.95064  55.8%   117 10545s

 752462 634272  371.15485   44  171  712.52000  314.95064  55.8%   117 10627s

 752517 634700  436.49887   44  139  712.52000  314.95064  55.8%   117 10695s

 753045 636245  441.61725   46   99  712.52000  314.95064  55.8%   117 10764s

 754154 636245  340.24176   59  269  712.52000  314.95064  55.8%   117 10766s

 754894 637825  342.93202   70  188  712.52000  315.04842  55.8%   117 10830s

 756718 638237  385.21306   66  209  712.52000  315.06227  55.8%   117 10868s

 757162 639141  483.17731   76  175  712.52000  315.06227  55.8%   117 10910s

 758359 640217  388.03327   57  221  712.52000  315.08149  55.8%   117 10965s

 759870 641965  643.70688  151  203  712.52000  315.08226  55.8%   117 11038s

 761182 641965  633.44131   86  148  712.52000  315.09343  55.8%   117 11040s

 762056 644097  470.00544   80  232  712.52000  315.11256  55.8%   117 11119s

 762226 644097  700.50234  128   75  712.52000  315.11256  55.8%   117 11120s

 764458 645795  621.95436   96  154  712.52000  315.12083  55.8%   117 11191s

 766410 646635  479.40254  172  144  712.52000  315.16950  55.8%   117 11241s

 767284 647742  710.93116  305  130  712.52000  315.16950  55.8%   117 11295s

 768737 649318  389.42522   85  232  712.52000  315.19050  55.8%   117 11358s

 770581 650856  545.72782  159  205  712.52000  315.19078  55.8%   117 11404s

 772357 652127  480.04478  109  176  712.52000  315.20316  55.8%   117 11452s

 773768 654480  353.32503   62  265  712.52000  315.22578  55.8%   117 11522s

 776276 655904  507.20472  210  172  712.52000  315.22578  55.8%   117 11566s

 777996 657526  666.16459  101  144  712.52000  315.22665  55.8%   117 11608s

 779855 658672  372.68728   55  204  712.52000  315.31184  55.7%   117 11654s

 781275 659162  374.74914   74  287  712.52000  315.33421  55.7%   117 11684s

 781985 660610  423.35901   79  224  712.52000  315.33421  55.7%   117 11742s

 783939 661371  540.10323   91  202  712.52000  315.39543  55.7%   117 11791s

 784859 662749  400.38238   88  162  712.52000  315.39639  55.7%   117 11901s

 786479 664213  528.26590  117  204  712.52000  315.39639  55.7%   118 12062s

 788131 665774  657.72302   98  180  712.52000  315.39639  55.7%   118 12169s

 788985 665774  503.56825  140  154  712.52000  315.39639  55.7%   118 12172s

 789875 666750  425.65716  103  155  712.52000  315.39639  55.7%   118 12288s

 791103 667539  392.58593   55  253  712.52000  315.50370  55.7%   118 12388s

 792142 669704  663.83362   93  148  712.52000  315.50370  55.7%   118 12567s

 794500 670909  412.92454  102  188  712.52000  315.50370  55.7%   118 12686s

 796100 672799  429.56187   80  153  712.52000  315.56462  55.7%   118 12838s

 796955 672799  489.00644  119  197  712.52000  315.56602  55.7%   118 12840s

 798233 674258  411.82330   85  190  712.52000  315.61123  55.7%   118 12919s

 799311 674258  701.55649  152  161  712.52000  315.61123  55.7%   118 12920s

 799817 675809  679.11367  242   90  712.52000  315.61123  55.7%   118 13037s

 801655 677062  553.91013   72  170  712.52000  315.61123  55.7%   118 13114s

 802938 677062  391.35054   60  247  712.52000  315.61123  55.7%   118 13116s

 803210 678713  460.04947  118  169  712.52000  315.61123  55.7%   118 13236s

 805110 680428  667.42676  279  146  712.52000  315.61123  55.7%   118 13324s

 807033 682312  569.67028  171  172  712.52000  315.67433  55.7%   118 13460s

 809153 683787  618.04572  131  170  712.52000  315.71599  55.7%   118 13535s

 810799 684992  404.79309   66  190  712.52000  315.71599  55.7%   117 13612s

 812131 685557  667.41718  125  115  712.52000  315.71599  55.7%   118 13650s

 812822 687019  653.38114   82  115  712.52000  315.72722  55.7%   118 13753s

 814562 688455 infeasible  104       712.52000  315.78084  55.7%   118 13851s

 816204 689848  431.44079   94  124  712.52000  315.78734  55.7%   118 13915s

 817814 690933  458.17572  113  142  712.52000  315.78806  55.7%   118 13996s

 819177 692073  366.75923   64  209  712.52000  315.78806  55.7%   118 14079s

 819461 692073  563.50097  178  181  712.52000  315.78806  55.7%   118 14080s

 820642 692916  367.73661   75  168  712.52000  315.79493  55.7%   118 14138s

 821599 694474  502.75431  135  137  712.52000  315.79493  55.7%   118 14235s

 823400 696321  549.95809  145  136  712.52000  315.84643  55.7%   118 14327s

 825487 697324  632.19180   97  118  712.52000  315.84999  55.7%   118 14400s



Cutting planes:

  Learned: 17

  Gomory: 20

  Lift-and-project: 7

  Cover: 148

  Implied bound: 713

  Projected implied bound: 11

  Clique: 465

  MIR: 477

  Mixing: 52

  StrongCG: 58

  Flow cover: 1201

  GUB cover: 6

  Inf proof: 27

  Zero half: 2276

  RLT: 162

  Relax-and-lift: 1040



Explored 826641 nodes (97288155 simplex iterations) in 14404.59 seconds (4902.13 work units)

Thread count was 24 (of 24 available processors)



Solution count 10: 712.52 716.71 716.71 ... 732.81



Time limit reached

Best objective 7.125200000000e+02, best bound 3.158499883044e+02, gap 55.6714%



AMPL MP initial flat model has 7121 variables (0 integer, 7050 binary);

Objectives: 1 quadratic; 

Constraints:  1976 linear; 8 quadratic;



AMPL MP final model has 7121 variables (0 integer, 7050 binary);

Objectives: 1 quadratic; 

Constraints:  1976 linear; 8 quadratic;





-----RESULTS INFO-----
running_time:  14429.671999999999
TC.best_bound:  315.8499883044435
TC:  712.52
MIP Gap (%):  55.6714213910566
=== Vehicle Routes ===
Vehicle 1: 0  3
Vehicle 1: 1  51
Vehicle 1: 3  5
Vehicle 1: 5  13
Vehicle 1: 10  1
Vehicle 1: 13  10
Vehicle 2: 0  47
Vehicle 2: 2  51
Vehicle 2: 4  2
Vehicle 2: 6  4
Vehicle 2: 9  6
Vehicle 2: 47  9
Vehicle 3: 0  7
Vehicle 3: 7  11
Vehicle 3: 11  45
Vehicle 3: 12  51
Vehicle 3: 45  12
Vehicle 4: 0  50
Vehicle 4: 8  51
Vehicle 4: 50  8
Vehicle 5: 0  44
Vehicle 5: 44  48
Vehicle 5: 48  51
Vehicle 6: 0  49
Vehicle 6: 46  51
Vehicle 6: 49  46

=== Full Vehicle Routes ===
Vehicle 1: 0  3  5  13  10  1  0 (98<100)
Vehicle 2: 0  47  9  6  4  2  0 (78<100)
Vehicle 3: 0  7  11  45  12  0 (100<100)
Vehicle 4: 0  50  8  0 (99<100)
Vehicle 5: 0  44  48  0 (99<100)
Vehicle 6: 0  49  46  0 (96<100)
Arc used by MRT line: y variables:
Customer assigment to PL: u variables:
14 50
15 48
16 46
17 45
18 48
19 49
20 48
21 50
22 45
23 48
24 48
25 47
26 44
27 49
28 48
29 50
30 45
31 48
32 50
33 50
34 44
35 44
36 50
37 49
38 50
39 47
40 50
41 49
42 50
43 49
Node is served by regular vehicle: g variables:
1
2
3
4
5
6
7
8
9
10
11
12
13
50
44
45
46
47
48
49
Customer assigment to Home delivery: gm variables:
1
2
3
4
5
6
7
8
9
10
11
12
13
Node total demands: ntd variables:
1 23 1
2 14 1
3 24 1
4 4 1
5 19 1
6 14 1
7 14 1
8 9 1
9 9 1
10 18 1
11 24 1
12 18 1
13 14 1
29 0 0
30 0 0
31 0 0
32 0 0
33 0 0
34 0 0
35 0 0
36 0 0
37 0 0
38 0 0
39 0 0
40 0 0
41 0 0
42 0 0
43 0 0
50 90 1
44 19 1
45 44 1
46 24 1
47 37 1
48 80 1
49 72 1
Customer's demand delivered to PL: l variables:
14
15
16
17
18
19
20
21
22
23
24
25
26
27
28
29
30
31
32
33
34
35
36
37
38
39
40
41
42
43
Lockers load <= capacity:
90 <= 94
19 <= 90
44 <= 97
24 <= 72
37 <= 71
80 <= 87
72 <= 94
