Gurobi 12.0.0:   lim:time = 14400

  mip:bestbound = 1

Set parameter LogToConsole to value 1

  tech:outlev = 1

Set parameter Cuts to value 3

  cut:cuts = 3

Set parameter Presolve to value 2

  pre:solve = 2

Set parameter MIPFocus to value 2

  mip:focus = 2

Set parameter Symmetry to value 2

  mip:symmetry = 2

Set parameter InfUnbdInfo to value 1

Gurobi Optimizer version 12.0.0 build v12.0.0rc1 (win64 - Windows 11.0 (26100.2))



CPU model: 11th Gen Intel(R) Core(TM) i7-11700 @ 2.50GHz, instruction set [SSE2|AVX|AVX2|AVX512]

Thread count: 8 physical cores, 16 logical processors, using up to 16 threads



Non-default parameters:

TimeLimit  14400

MIPFocus  2

Symmetry  2

Cuts  3

InfUnbdInfo  1

Presolve  2



Optimize a model with 2357 rows, 9529 columns and 59987 nonzeros

Model fingerprint: 0x04dbec2d

Model has 2 quadratic objective terms

Model has 9 quadratic constraints

Variable types: 77 continuous, 9452 integer (0 binary)

Coefficient statistics:

  Matrix range     [1e+00, 1e+05]

  QMatrix range    [1e+00, 1e+00]

  QLMatrix range   [1e+00, 2e+01]

  Objective range  [3e+00, 1e+02]

  QObjective range [2e+00, 2e+00]

  Bounds range     [1e+00, 1e+02]

  RHS range        [1e+00, 1e+05]

  QRHS range       [1e+02, 1e+02]

Presolve removed 123 rows and 315 columns

Presolve time: 1.95s

Presolved: 7883 rows, 14851 columns, 71529 nonzeros

Variable types: 532 continuous, 14319 integer (13327 binary)

Root relaxation presolve removed 4 rows and 3 columns

Root relaxation presolved: 7879 rows, 14848 columns, 120659 nonzeros



Deterministic concurrent LP optimizer: primal and dual simplex

Showing primal log only...



Concurrent spin time: 0.04s



Solved with dual simplex



Root relaxation: objective 2.170386e+02, 830 iterations, 0.20 seconds (0.17 work units)



    Nodes    |    Current Node    |     Objective Bounds      |     Work

 Expl Unexpl |  Obj  Depth IntInf | Incumbent    BestBd   Gap | It/Node Time



     0     0  217.03858    0  178          -  217.03858      -     -    4s

     0     0  255.90768    0  137          -  255.90768      -     -    6s

     0     0  255.90768    0  156          -  255.90768      -     -    7s

     0     0  255.90768    0  142          -  255.90768      -     -    7s

H    0     0                    1577.1400000  255.90844  83.8%     -    8s

     0     0  255.90844    0  189 1577.14000  255.90844  83.8%     -    8s

     0     0  269.13171    0  174 1577.14000  269.13171  82.9%     -    9s

     0     0  269.13171    0  176 1577.14000  269.13171  82.9%     -    9s

     0     0  274.17472    0  164 1577.14000  274.17472  82.6%     -   11s

     0     0  277.42071    0  216 1577.14000  277.42071  82.4%     -   11s

     0     0  277.42071    0  174 1577.14000  277.42071  82.4%     -   11s

H    0     0                    1572.4000000  280.66851  82.2%     -   12s

H    0     0                    1526.3600000  280.66851  81.6%     -   12s

H    0     0                    1502.8700000  280.66851  81.3%     -   12s

     0     0  280.66851    0  208 1502.87000  280.66851  81.3%     -   12s

     0     0  280.87769    0  252 1502.87000  280.87769  81.3%     -   12s

H    0     0                    1498.3800000  280.90354  81.3%     -   14s

H    0     0                    1492.1900000  280.90354  81.2%     -   14s

H    0     0                    1491.4300000  280.90354  81.2%     -   14s

H    0     0                    1486.4500000  280.90354  81.1%     -   14s

H    0     0                    1462.6600000  280.90354  80.8%     -   14s

H    0     0                    1453.6700000  280.90354  80.7%     -   14s

H    0     0                    1432.2800000  280.90354  80.4%     -   14s

H    0     0                    1413.4000000  280.90354  80.1%     -   14s

H    0     0                    1385.2400000  280.90354  79.7%     -   14s

H    0     0                    1147.0200000  280.90354  75.5%     -   14s

     0     0  280.90354    0  160 1147.02000  280.90354  75.5%     -   14s

     0     0  281.03899    0  244 1147.02000  281.03899  75.5%     -   14s

H    0     0                    1144.1200000  281.03899  75.4%     -   15s

     0     0  281.93433    0  224 1144.12000  281.93433  75.4%     -   16s

     0     0  282.59529    0  205 1144.12000  282.59529  75.3%     -   16s

     0     0  284.61566    0  192 1144.12000  284.61566  75.1%     -   18s

     0     0  284.61566    0  138 1144.12000  284.61566  75.1%     -   19s

H    0     0                    1142.1200000  284.64680  75.1%     -   19s

     0     2  284.64680    0  138 1142.12000  284.64680  75.1%     -   20s

H   40    53                    1129.5300000  285.52861  74.7%   658   23s

H   82    88                    1063.3500000  285.52861  73.1%   507   24s

   108   129  318.96857   18  188 1063.35000  285.52861  73.1%   466   25s

H  145   153                    1060.3500000  285.52861  73.1%   424   26s

H  241   241                    1012.8600000  285.52861  71.8%   377   29s

   244   262  325.92789   34  220 1012.86000  285.52861  71.8%   380   30s

H  273   287                     910.5700000  285.52861  68.6%   375   31s

H  305   311                     908.0400000  285.52861  68.6%   367   32s

   378   392  329.36761   46  313  908.04000  285.52861  68.6%   324   35s

H  396   408                     906.6800000  285.52861  68.5%   315   35s

H  401   408                     891.1800000  285.52861  68.0%   312   35s

H  475   485                     888.6500000  285.52861  67.9%   283   36s

   838   836  348.04762  101  160  888.65000  285.52861  67.9%   197   40s

H  843   836                     887.2900000  285.52861  67.8%   196   40s

H  934   923                     886.3900000  285.52861  67.8%   185   43s

  1231  1326  364.03598  149  163  886.39000  285.52861  67.8%   149   45s

H 1245  1326                     874.3900000  285.52861  67.3%   148   45s

  2155  2021  289.75942   10  217  874.39000  286.10926  67.3%   109   50s

H 2233  2075                     874.0900000  286.10926  67.3%   111   51s

  2515  2302  447.37794   49 3942  874.09000  286.10926  67.3%   112   58s

  2517  2303  390.93423   88  160  874.09000  286.10926  67.3%   112   61s

  2519  2305  296.09426   27  296  874.09000  286.10926  67.3%   112   66s

  2520  2305  522.31781  125  197  874.09000  286.10926  67.3%   112   70s

  2522  2307  546.65724  130  230  874.09000  286.10926  67.3%   112   78s

  2523  2307  625.65334  172  278  874.09000  286.10926  67.3%   112   81s

  2524  2308  338.93648   33  258  874.09000  286.10926  67.3%   112   86s

  2525  2309  357.86172  129  312  874.09000  286.10926  67.3%   112   90s

  2526  2309  472.06360  108  318  874.09000  286.17869  67.3%   112   95s

  2527  2310  780.00307  139  333  874.09000  288.51864  67.0%   112  101s

  2528  2311  341.66488   58  549  874.09000  289.10508  66.9%   112  106s

  2529  2311  325.85741   64  609  874.09000  294.67433  66.3%   112  116s

  2530  2312  399.97613  185  301  874.09000  294.94378  66.3%   112  121s

  2531  2313  435.20722  260  295  874.09000  297.05774  66.0%   112  132s

  2532  2313  461.50184   78  543  874.09000  298.63423  65.8%   112  146s

  2533  2314  488.98940  226  254  874.09000  298.77047  65.8%   112  150s

  2534  2315  459.92079  207  255  874.09000  299.95914  65.7%   112  155s

  2535  2315  313.82297   29  586  874.09000  304.45162  65.2%   111  167s

  2536  2316  359.43977   78  246  874.09000  304.91049  65.1%   111  172s

H 2536  2199                     857.0700000  306.32630  64.3%   111  175s

  2539  2201  327.00023   52  250  857.07000  311.84121  63.6%   111  183s

  2540  2202  319.08414   27  536  857.07000  313.89360  63.4%   111  187s

  2541  2202  346.87290   92  806  857.07000  314.65329  63.3%   111  192s

H 2541  2092                     850.1300000  315.31508  62.9%   111  196s

  2544  2094  436.11425  251  162  850.13000  315.61961  62.9%   111  201s

  2547  2096  626.73247  196  183  850.13000  315.63794  62.9%   111  206s

  2550  2098  315.65279   11  218  850.13000  315.65279  62.9%   111  212s

H 2551  1993                     846.0700000  315.66526  62.7%   111  216s

H 2551  1893                     839.3200000  315.66526  62.4%   111  216s

  2554  1895  503.73219  107  198  839.32000  315.72693  62.4%   111  220s

H 2555  1800                     829.5400000  315.74039  61.9%   111  224s

  2557  1801  337.52423   58  273  829.54000  315.74784  61.9%   111  226s

  2559  1802  798.56558  142  267  829.54000  315.78403  61.9%   110  230s

  2561  1804  366.78786  151  284  829.54000  315.82292  61.9%   110  241s

  2563  1805  564.07027   82  554  829.54000  316.20752  61.9%   110  246s

H 2563  1714                     829.5100000  316.58716  61.8%   110  266s

  2566  1716  448.61080   49  296  829.51000  316.64385  61.8%   110  271s

H 2567  1631                     826.9800000  316.75571  61.7%   110  276s

  2569  1632  676.24421  256  354  826.98000  316.95960  61.7%   110  287s

  2570  1633  317.05364   15  336  826.98000  317.05364  61.7%   110  290s

  2573  1635  373.67167   69  310  826.98000  317.12966  61.7%   110  296s

  2574  1635  535.61037  138  589  826.98000  317.39535  61.6%   110  304s

  2575  1636  331.53082   16  593  826.98000  317.73877  61.6%   110  306s

  2577  1637  347.43594   97  339  826.98000  318.02547  61.5%   110  311s

  2579  1639  516.07149  335  374  826.98000  318.51782  61.5%   110  331s

H 2579  1556                     826.8500000  318.84728  61.4%   110  345s

  2581  1557  319.50901   10  358  826.85000  319.50901  61.4%   109  364s

  2582  1558  382.66691   89  312  826.85000  319.60897  61.3%   109  368s

  2583  1558  359.23434  125  309  826.85000  319.61587  61.3%   109  370s

  2584  1559  540.25183  167  393  826.85000  319.61587  61.3%   109  379s

H 2584  1479                     820.7900000  319.71286  61.0%   109  381s

H 2585  1405                     811.7900000  319.78863  60.6%   109  386s

H 2585  1334                     792.1900000  319.78863  59.6%   109  387s

H 2587  1267                     784.8700000  319.94858  59.2%   109  407s

H 2587  1202                     782.8600000  319.94858  59.1%   109  407s

H 2588  1142                     781.3200000  319.95442  59.0%   109  410s

  2591  1144  327.14892   57  374  781.32000  320.03995  59.0%   109  417s

H 2591  1085                     781.2000000  320.24609  59.0%   109  435s

  2593  1086  320.32917   17  404  781.20000  320.32917  59.0%   109  441s

  2595  1087  741.86207  375  436  781.20000  320.37266  59.0%   109  445s

  2598  1089  370.76597  162  424  781.20000  320.38779  59.0%   109  450s

  2600  1091  397.20279  166  505  781.20000  320.44101  59.0%   109  455s

H 2600  1035                     777.2100000  320.44299  58.8%   109  457s

  2602  1036  408.39489  184  462  777.21000  320.44951  58.8%   109  460s

H 2602   983                     768.0200000  320.47502  58.3%   109  462s

H 2603   933                     705.7000000  320.49800  54.6%   109  464s

  2605   934  329.96243   57  506  705.70000  320.52729  54.6%   108  466s

  2607   935  336.31564   99  506  705.70000  320.63100  54.6%   108  471s

  2609   937  323.04303   91  403  705.70000  320.67381  54.6%   108  480s

  2610   937  320.94967   11  424  705.70000  320.94967  54.5%   108  499s

  2611   938  410.59752  197  448  705.70000  321.00972  54.5%   108  501s

  2614   940  468.27549  109  484  705.70000  321.11949  54.5%   108  509s

  2615   941  447.37794   49  523  705.70000  321.15509  54.5%   108  510s

H 2615   893                     704.9100000  321.23609  54.4%   108  514s

  2616   893  360.64497   34  514  704.91000  321.23609  54.4%   108  515s

H 2618   848                     702.6600000  321.25752  54.3%   108  520s

  2621   850  524.90886  122  738  702.66000  321.25752  54.3%   108  525s

  2623   851  625.65334  172  771  702.66000  321.33334  54.3%   108  531s

  2626   853  472.06360  108  789  702.66000  321.43081  54.3%   108  537s

  2628   854  341.66488   58  796  702.66000  321.50323  54.2%   108  540s

  2632   857  461.50184   78  547  702.66000  321.62507  54.2%   107  546s

  2634   858  459.92079  207  513  702.66000  321.76523  54.2%   107  554s

  2635   859  321.86185   29  518  702.66000  321.86185  54.2%   107  555s

  2638   861  321.97696   30  538  702.66000  321.97696  54.2%   107  561s

  2641   863  346.87290   92  572  702.66000  322.10358  54.2%   107  566s

  2644   865  436.11425  251  507  702.66000  322.18006  54.1%   107  571s

  2646   866  657.53666  205  514  702.66000  322.18006  54.1%   107  575s

  2651   871  345.71402   74 3942  702.66000  322.21493  54.1%   151  581s

  2654   873  503.73219  107  699  702.66000  322.21493  54.1%   150  587s

  2657   875  337.52423   58  292  702.66000  322.21493  54.1%   150  590s

  2661   878  366.78786  151  451  702.66000  322.21493  54.1%   150  595s

  2668   882  504.50771  119  510  702.66000  322.21493  54.1%   150  612s

  2669   883  676.24421  256  504  702.66000  322.21493  54.1%   150  620s

  2672   885  431.85432   33  509  702.66000  322.21493  54.1%   149  626s

  2673   886  373.67167   69  512  702.66000  322.21493  54.1%   149  633s

  2674   886  535.61037  138  513  702.66000  322.21493  54.1%   149  639s

  2675   887  331.53082   16  504  702.66000  322.21493  54.1%   149  646s

  2677   888  347.43594   97  536  702.66000  322.21493  54.1%   149  653s

  2678   889  394.86634  139  515  702.66000  322.21493  54.1%   149  659s

  2679   890  516.07149  335  510  702.66000  322.21493  54.1%   149  664s

  2680   890  333.72612   47  510  702.66000  322.21493  54.1%   149  671s

  2681   894  337.31522   25  739  702.66000  322.21493  54.1%   156  675s

  2695   909  341.31052   28  513  702.66000  322.21493  54.1%   161  680s

  2741   949  343.90670   31  780  702.66000  322.21493  54.1%   168  686s

H 2743   903                     695.8800000  322.21493  53.7%   169  686s

H 2754   857                     693.7200000  322.21493  53.6%   171  686s

  2773   878  345.54402   33  191  693.72000  322.21493  53.6%   175  690s

  2852   938  351.77346   38  178  693.72000  322.21493  53.6%   185  695s

  2925   977  355.34937   45  129  693.72000  322.21493  53.6%   189  700s

H 2941   949                     684.1000000  322.21493  52.9%   190  701s

  3013  1003  356.73561   52  207  684.10000  322.21493  52.9%   194  705s

  3094  1060  357.58056   57  210  684.10000  322.21493  52.9%   199  710s

  3154  1100  360.85237   61  208  684.10000  322.21493  52.9%   202  716s

  3192  1129  363.72163   64  217  684.10000  322.21493  52.9%   204  720s

  3240  1148  367.15553   67  243  684.10000  322.21493  52.9%   208  726s

  3254  1166     cutoff   67       684.10000  322.21493  52.9%   209  731s

  3310  1203  369.72593   71  230  684.10000  322.21493  52.9%   214  737s

  3369  1250  456.36373   74  191  684.10000  322.21493  52.9%   218  742s

  3401  1275  450.94375   75  155  684.10000  322.21493  52.9%   220  745s

  3474  1328  371.72053   79  194  684.10000  322.21493  52.9%   223  751s

  3583  1404  373.52858   86  214  684.10000  322.21493  52.9%   227  757s

  3631  1466  373.76233   87  273  684.10000  322.21493  52.9%   228  760s

  3769  1562  384.31213   93  247  684.10000  322.21493  52.9%   231  766s

  3919  1575  508.69433  103  190  684.10000  322.21493  52.9%   234  770s

  4022  1691  405.28872  109  203  684.10000  322.21493  52.9%   235  775s

  4189  1781  420.85816  122  203  684.10000  322.21493  52.9%   238  783s

  4232  1814  423.17975  124  199  684.10000  322.21493  52.9%   239  787s

  4285  1865  566.80819  128  187  684.10000  322.21493  52.9%   240  790s

  4357  1929  496.60316  133  178  684.10000  322.21493  52.9%   241  795s

  4599  2086  559.17254  147  194  684.10000  322.21493  52.9%   240  804s

  4768  2056  617.45710  158  159  684.10000  322.21493  52.9%   239  808s

  4797  2097  456.90709  159  174  684.10000  322.21493  52.9%   239  812s

  4882  2146  631.40930  159  142  684.10000  322.21493  52.9%   239  817s

  4994  2245  462.73985  165  242  684.10000  322.21493  52.9%   238  822s

  5179  2337  628.47748  180  177  684.10000  322.21493  52.9%   237  826s

  5279  2442  519.75137  189  201  684.10000  322.21493  52.9%   237  832s

  5412  2575     cutoff  198       684.10000  322.21493  52.9%   235  837s

  5622  2726  558.80845  214  226  684.10000  322.21493  52.9%   233  842s

  5835  2836     cutoff  228       684.10000  322.21493  52.9%   231  848s

  5993  3048  624.65726  246  232  684.10000  322.21493  52.9%   229  854s

  6235  3240  327.39002   37  323  684.10000  322.21493  52.9%   227  860s

  6466  3513  336.06280   46  259  684.10000  322.21493  52.9%   225  865s

  6810  3707  356.75446   66  190  684.10000  322.21493  52.9%   221  871s

  7101  3890  467.09812  113  217  684.10000  322.21493  52.9%   217  878s

  7321  4290  380.08228  114  161  684.10000  322.21493  52.9%   216  885s

  7723  4651  380.64445  115  169  684.10000  322.21493  52.9%   212  891s

  8097  5169  428.45245  159  203  684.10000  322.21493  52.9%   207  899s

  8677  5611  323.35682   40  284  684.10000  322.33705  52.9%   201  908s

  9199  6031  389.65053   73  259  684.10000  322.33705  52.9%   196  918s

  9649  6162  483.65228   99  256  684.10000  322.33705  52.9%   194  926s

  9823  6294  337.47138   47  315  684.10000  322.33705  52.9%   194  935s

  9959  6302  357.94222   64  275  684.10000  322.33705  52.9%   194  943s

  9967  6310  358.28611   65  275  684.10000  322.33705  52.9%   193  950s

  9975  6348  358.68063   66  269  684.10000  322.33705  52.9%   193  959s

 10019  6547  358.86707   67  259  684.10000  322.33705  52.9%   193  969s

 10270  7057  391.14170   93  215  684.10000  322.33705  52.9%   191  979s

 10599  7057  347.89003   74  266  684.10000  322.99000  52.8%   190  980s

 10860  7418  356.18467   42  162  684.10000  322.99000  52.8%   188  990s

 11240  7734  364.47035   63  213  684.10000  322.99000  52.8%   188  999s

 11593  8302  390.13798   93  257  684.10000  322.99000  52.8%   188 1010s

 12179  8327  440.30968  167  183  684.10000  322.99000  52.8%   184 1020s

 12231  8597  443.19686  173  162  684.10000  322.99000  52.8%   184 1031s

 12506  9360  510.03042  213  121  684.10000  322.99000  52.8%   182 1043s

 13400  9825  337.37699   58  271  684.10000  323.13667  52.8%   178 1053s

 13888 10635  360.34376  103  228  684.10000  323.13667  52.8%   177 1064s

 14809 11532  325.45434   38  288  684.10000  323.13667  52.8%   172 1085s

 15856 11687  352.19005   49  319  684.10000  323.62812  52.7%   169 1093s

H16017 11700                     683.8400000  323.62812  52.7%   169 1102s

 16031 12283  384.97040   65  243  683.84000  323.62812  52.7%   169 1112s

 16690 12745  627.82940  174  164  683.84000  323.62812  52.7%   167 1122s

 17205 13631  389.21621   87  167  683.84000  323.66227  52.7%   167 1135s

 18147 13904  337.74226   61  317  683.84000  323.66227  52.7%   162 1143s

 18468 14503  375.91173  106  275  683.84000  323.66227  52.7%   163 1156s

 19145 14850  337.34575   33  221  683.84000  323.84253  52.6%   162 1167s

 19543 15541  469.55890   59  184  683.84000  323.84253  52.6%   162 1179s

 20368 15893  378.90188   99  295  683.84000  323.84253  52.6%   161 1190s

 20788 16684  530.55048  148  241  683.84000  323.93781  52.6%   161 1205s

 21668 17565  369.51446   99  314  683.84000  323.99680  52.6%   159 1220s

 22599 18367  471.93118  211  229  683.84000  323.99680  52.6%   157 1234s

 23518 18976  437.24865   76  213  683.84000  323.99734  52.6%   156 1248s

 24195 19486  524.09515   70  264  683.84000  323.99734  52.6%   155 1263s

 24818 20014  384.63038   49  182  683.84000  324.36261  52.6%   156 1278s

 25516 20431  580.04838   77  149  683.84000  324.36261  52.6%   157 1295s

 26126 20827  347.17625   91  328  683.84000  324.96720  52.5%   157 1311s

 26522 20937  406.23159  156  219  683.84000  324.96720  52.5%   157 1331s

 26632 21564  408.48885  158  248  683.84000  324.97808  52.5%   157 1347s

 27308 22173  347.73900   73  264  683.84000  324.97808  52.5%   156 1364s

 28014 23107  461.20274  199  210  683.84000  324.97808  52.5%   156 1382s

 29058 23640  385.90241  124  190  683.84000  325.17922  52.4%   155 1400s

 29683 24105     cutoff  208       683.84000  325.20864  52.4%   155 1427s

 30207 25367  592.88872   79  194  683.84000  325.20864  52.4%   157 1463s

 31667 26283  385.40062   81  258  683.84000  325.32025  52.4%   158 1486s

 32786 27111  500.32489  123  222  683.84000  325.32025  52.4%   158 1512s

 33720 27705  430.05266   88  291  683.84000  325.41659  52.4%   158 1537s

 34396 27891  332.25288   47  317  683.84000  325.41659  52.4%   157 1561s

 34582 28974  346.00494   66  270  683.84000  325.49956  52.4%   158 1583s

 35741 29583  330.94980   46  328  683.84000  325.49956  52.4%   157 1605s

 36503 30179  371.01107   62  210  683.84000  325.49956  52.4%   158 1625s

 37230 30776  438.24092   85  199  683.84000  325.67298  52.4%   159 1644s

 37899 31710  444.09349  104  225  683.84000  325.67298  52.4%   159 1664s

 38967 32600     cutoff  138       683.84000  325.91443  52.3%   159 1683s

 40077 33332  500.95793   58  225  683.84000  325.91443  52.3%   160 1702s

 41005 33632  353.96501   66  277  683.84000  326.01543  52.3%   160 1719s

 41351 34151  460.55310   81  169  683.84000  326.01543  52.3%   160 1739s

 42014 35353  342.02290   59  164  683.84000  326.20731  52.3%   160 1758s

 43321 36455  328.62000   47  286  683.84000  326.33923  52.3%   159 1775s

 44620 37200  395.45922   96  235  683.84000  326.41031  52.3%   159 1801s

 45444 38395  397.63567  103  164  683.84000  326.41031  52.3%   158 1822s

 46760 39098  349.06356   95  300  683.84000  326.41031  52.3%   157 1838s

 47561 39911  524.29230  195  163  683.84000  326.54140  52.2%   156 1853s

 48478 40325  409.65772  108  215  683.84000  326.54140  52.2%   156 1868s

 48924 40999  392.50788   53  198  683.84000  326.54140  52.2%   156 1884s

 49748 41490  352.08438   48  278  683.84000  326.66218  52.2%   156 1899s

 50298 42113  405.47949   80  181  683.84000  326.66218  52.2%   157 1916s

 50996 42855  341.39296   59  268  683.84000  326.71028  52.2%   157 1933s

 51866 43385  515.78092  189  161  683.84000  326.71028  52.2%   157 1949s

 52512 44070  359.45087   61  214  683.84000  326.80395  52.2%   157 1967s

 53277 44936  514.50489  229  167  683.84000  326.80395  52.2%   157 1983s

 54234 45060  497.84770  102  215  683.84000  326.80395  52.2%   157 1999s

 54378 45358  349.71869   48  243  683.84000  326.85195  52.2%   157 2015s

 54751 46363  360.79657   78  279  683.84000  326.89874  52.2%   157 2032s

 55912 46934  371.15580   99  277  683.84000  326.90749  52.2%   156 2044s

 56545 48241  483.61318  196  299  683.84000  326.90749  52.2%   156 2064s

 58002 48285  432.59745   79  236  683.84000  327.01476  52.2%   155 2080s

 58046 49464  442.73298   84  207  683.84000  327.03693  52.2%   155 2096s

 59368 50565  514.53650   92  221  683.84000  327.04080  52.2%   154 2122s

 60618 51263  422.71616  160  283  683.84000  327.13455  52.2%   153 2136s

 61402 52072  344.46583   56  243  683.84000  327.13946  52.2%   153 2151s

 62264 52867  473.98272  169  247  683.84000  327.13946  52.2%   153 2165s

 63183 53183  365.21094   79  227  683.84000  327.13946  52.2%   152 2175s

 63499 53881  504.66040  144  185  683.84000  327.13946  52.2%   152 2188s

 64300 54896  381.16632   89  255  683.84000  327.28533  52.1%   152 2201s

 65381 55734  347.11646   43  410  683.84000  327.28533  52.1%   151 2216s

 66341 56148  488.60533   85  263  683.84000  327.29545  52.1%   151 2229s

 66846 56655  353.66660   50  206  683.84000  327.29545  52.1%   151 2241s

 67531 57154  575.04072   76  125  683.84000  327.29545  52.1%   152 2254s

 68124 57665  356.45270   56  234  683.84000  327.29545  52.1%   152 2267s

 68733 58178  387.25631   62  210  683.84000  327.29545  52.1%   152 2281s

 69325 58428  337.18296   66  268  683.84000  327.29545  52.1%   152 2296s

 69590 58918  397.68820   87  187  683.84000  327.50141  52.1%   152 2310s

 70207 59613  358.60837   57  306  683.84000  327.51094  52.1%   152 2325s

 70924 60330  414.14602   84  230  683.84000  327.51094  52.1%   153 2342s

 71766 60891  453.61481  138  192  683.84000  327.51094  52.1%   153 2358s

 72434 61417  479.88144  180  137  683.84000  327.52610  52.1%   153 2373s

 73115 62189  344.58945   63  339  683.84000  327.59216  52.1%   153 2388s

 73940 63259  502.13482  148  233  683.84000  327.59216  52.1%   153 2414s

 75122 63470  333.33508   54  247  683.84000  327.59216  52.1%   152 2426s

 75356 64156  349.63164   81  300  683.84000  327.61457  52.1%   152 2443s

 76185 65074 infeasible   68       683.84000  327.70555  52.1%   152 2460s

 77186 65221  486.11184  133  227  683.84000  327.71666  52.1%   152 2477s

 77341 66110  487.89080  134  219  683.84000  327.71666  52.1%   152 2495s

 78367 66543  350.12572   78  296  683.84000  327.77850  52.1%   152 2512s

 78823 67377  359.83459   95  314  683.84000  327.77850  52.1%   152 2525s

 79776 68352  669.27299  214  194  683.84000  327.78151  52.1%   152 2541s

 80893 69239  496.43328  190  160  683.84000  327.83321  52.1%   151 2558s

 81862 69959  356.69527  119  301  683.84000  327.83321  52.1%   151 2572s

 82639 70904  579.66100  228  154  683.84000  327.83321  52.1%   151 2589s

 83690 71406  338.12199   58  305  683.84000  327.83321  52.1%   150 2605s

 84296 72074  390.71928  101  243  683.84000  327.83628  52.1%   151 2621s

 84998 72879  337.85887   52  280  683.84000  327.93153  52.0%   151 2636s

 85928 73296     cutoff  237       683.84000  327.93153  52.0%   151 2649s

 86437 73773  410.05506  106  186  683.84000  327.97318  52.0%   151 2662s

 86967 74584  375.45587   96  272  683.84000  327.97657  52.0%   151 2679s

 87889 75482  366.65124   53  197  683.84000  327.98084  52.0%   150 2695s

 88861 76073  392.43477   97  228  683.84000  327.98362  52.0%   150 2719s

 89520 77008  380.07840   65  193  683.84000  327.98362  52.0%   150 2744s

 89776 77008  389.71876   65  212  683.84000  327.98362  52.0%   150 2745s

 90627 77790  506.01936   75  177  683.84000  328.07297  52.0%   151 2766s

 91584 78421  613.78756  143  120  683.84000  328.08215  52.0%   151 2786s

 92323 79248  467.47124  127  250  683.84000  328.08215  52.0%   151 2806s

 93215 80169  374.86166   52  223  683.84000  328.08215  52.0%   151 2824s

 94260 80169  650.28138  239  177  683.84000  328.14463  52.0%   151 2825s

 94384 80730  346.29068   47  235  683.84000  328.14463  52.0%   151 2842s

 95005 81697  599.60163  140  141  683.84000  328.14463  52.0%   151 2861s

 96195 82564  398.87006   81  238  683.84000  328.24436  52.0%   151 2877s

 97175 83290  496.51822  107  210  683.84000  328.30502  52.0%   151 2894s

 98044 83663  522.14949   81  197  683.84000  328.32793  52.0%   151 2910s

 98497 83865  354.75308   62  248  683.84000  328.33978  52.0%   151 2927s

 98703 84679  350.02695   63  260  683.84000  328.33978  52.0%   151 2945s

 99640 85236  343.71071   69  276  683.84000  328.33978  52.0%   151 2962s

 100270 85755  348.88824   45  242  683.84000  328.33978  52.0%   151 2976s

 100837 86697  425.73612  112  225  683.84000  328.33978  52.0%   151 2994s

 101903 87842  429.86141  104  233  683.84000  328.42511  52.0%   151 3014s

 103112 88226  391.50353   75  263  683.84000  328.42511  52.0%   150 3030s

 103560 89061  365.46094   60  296  683.84000  328.42511  52.0%   150 3054s

 104457 89697  600.08381  159  201  683.84000  328.43737  52.0%   150 3071s

 105248 90648  335.79284   60  325  683.84000  328.46162  52.0%   151 3092s

 106302 91486  448.78111  133  237  683.84000  328.49626  52.0%   151 3110s

 107226 92345  360.12140   90  298  683.84000  328.52517  52.0%   150 3124s

 108234 92981 infeasible  207       683.84000  328.52517  52.0%   150 3140s

 108983 93337  371.35799   84  253  683.84000  328.57202  52.0%   150 3150s

 109381 94338  389.86573  104  261  683.84000  328.57202  52.0%   150 3167s

 110504 95080  424.19020  120  180  683.84000  328.61999  51.9%   150 3181s

 111308 95850  459.17897   57  243  683.84000  328.61999  51.9%   150 3197s

 112196 96604  347.69006   75  358  683.84000  328.64762  51.9%   150 3212s

 113004 97430  672.02481  209  177  683.84000  328.67377  51.9%   150 3227s

 113914 98309  407.83908  140  226  683.84000  328.67377  51.9%   150 3243s

 114959 98782  353.97058   51  266  683.84000  328.67784  51.9%   150 3258s

 115444 99749  386.22250   96  300  683.84000  328.67784  51.9%   149 3275s

 116525 100609  668.65238  215  226  683.84000  328.71919  51.9%   149 3287s

 117496 101159  363.49730   47  336  683.84000  328.71919  51.9%   149 3304s

 118158 101865  367.32856   70  289  683.84000  328.74376  51.9%   149 3328s

 119004 102423  445.80610   67  153  683.84000  328.75887  51.9%   149 3347s

 119744 102439  342.31240   59  329  683.84000  328.82870  51.9%   149 3368s

 119760 103112  342.40063   60  336  683.84000  328.82870  51.9%   149 3391s

 120489 104073  560.24158  192  204  683.84000  328.82870  51.9%   150 3412s

 121539 104773  416.69770  148  240  683.84000  328.84872  51.9%   150 3432s

 122394 105259     cutoff   67       683.84000  328.86080  51.9%   150 3449s

 122986 106341  451.51950  110  150  683.84000  328.88658  51.9%   150 3469s

 124234 107128  418.09095  119  206  683.84000  328.90973  51.9%   150 3490s

 125179 107871  370.64380   61  224  683.84000  328.93410  51.9%   150 3508s

 126072 108804  365.67563   40  321  683.84000  328.95682  51.9%   150 3528s

 127176 109518  546.20296  109  179  683.84000  328.97450  51.9%   150 3546s

 128024 110068  491.85808   63  180  683.84000  328.97450  51.9%   150 3563s

 128629 110906  541.20038   71  196  683.84000  328.97450  51.9%   150 3584s

 129698 111637  350.33339   66  262  683.84000  328.99974  51.9%   150 3602s

 130526 112108  341.09202   76  319  683.84000  329.07568  51.9%   150 3622s

 131047 112987  376.64103  111  332  683.84000  329.07568  51.9%   150 3640s

 132036 113867  392.38712   95  255  683.84000  329.07568  51.9%   150 3660s

 133044 114710  668.88403  166  174  683.84000  329.20135  51.9%   149 3685s

 134018 115045  367.26465   58  251  683.84000  329.20210  51.9%   149 3700s

 134366 116035  498.01594  105  217  683.84000  329.20210  51.9%   150 3721s

 135524 116875  370.40570   80  208  683.84000  329.22117  51.9%   149 3741s

 136485 117703  479.58221  198  226  683.84000  329.22117  51.9%   149 3759s

 137424 118501  333.04248   46  286  683.84000  329.22117  51.9%   149 3776s

 138386 119214  360.05024   87  234  683.84000  329.30046  51.8%   149 3795s

 139186 119878  444.09499  123  204  683.84000  329.34987  51.8%   149 3812s

 139877 120757  429.06788  125  201  683.84000  329.34987  51.8%   149 3829s

 140662 120757  568.48412  210  217  683.84000  329.34987  51.8%   149 3830s

 140821 121170     cutoff  186       683.84000  329.34987  51.8%   149 3845s

 141333 121580  385.72028   83  206  683.84000  329.37577  51.8%   149 3862s

 141828 122390  341.49859   69  278  683.84000  329.42526  51.8%   149 3880s

 142754 123274  335.01884   52  368  683.84000  329.46994  51.8%   149 3900s

 143731 123747  428.91759  111  329  683.84000  329.46994  51.8%   149 3915s

 144253 124289  643.98817  169  244  683.84000  329.46994  51.8%   149 3934s

 144964 125036  567.18673   79  194  683.84000  329.50275  51.8%   149 3955s

 145894 125780  361.54034   46  276  683.84000  329.53066  51.8%   149 3973s

 146805 126255  381.86317   69  250  683.84000  329.56625  51.8%   149 3989s

 147365 126919  340.75179   54  373  683.84000  329.56896  51.8%   149 4007s

 148120 127944  339.98882   63  287  683.84000  329.57715  51.8%   149 4033s

 149304 128553  580.03451  219  208  683.84000  329.57715  51.8%   149 4047s

 149988 129301  430.31775   94  150  683.84000  329.60587  51.8%   149 4062s

 150818 130208  342.98451   75  295  683.84000  329.60587  51.8%   149 4080s

 151801 130620  549.89095  173  171  683.84000  329.60587  51.8%   149 4095s

 152287 130682  333.18582   47  339  683.84000  329.60587  51.8%   149 4110s

 152349 130832  340.87559   53  326  683.84000  329.60587  51.8%   149 4129s

 152574 131288  341.44999   54  329  683.84000  329.60587  51.8%   149 4144s

 152876 131288  435.77817   52  287  683.84000  329.60587  51.8%   149 4145s

 153068 131960  394.86419   67  288  683.84000  329.60587  51.8%   149 4164s

 153844 132949  389.49831   94  256  683.84000  329.72002  51.8%   149 4189s

 154960 133658  372.35848   64  262  683.84000  329.72550  51.8%   149 4209s

 155776 134372  368.33264   76  284  683.84000  329.74513  51.8%   149 4229s

 156551 134962  613.49811  121  221  683.84000  329.74560  51.8%   149 4250s

 157310 135571  426.37437  100  273  683.84000  329.78535  51.8%   149 4273s

 158039 136251  354.66895   57  229  683.84000  329.78535  51.8%   149 4292s

 158890 136677  358.91173   85  262  683.84000  329.78982  51.8%   149 4312s

 159343 137345  474.43495  184  208  683.84000  329.78982  51.8%   149 4333s

 160107 138201  463.97511   85  464  683.84000  329.81572  51.8%   149 4352s

 161100 139038  538.24387  125  198  683.84000  329.85490  51.8%   149 4371s

 162013 139898  359.18427   91  303  683.84000  329.85490  51.8%   149 4393s

 163012 140819  360.88070   52  280  683.84000  329.85490  51.8%   149 4420s

 164131 141159  528.21976  101  110  683.84000  329.86477  51.8%   149 4435s

 164528 141977  368.85219   92  228  683.84000  329.86477  51.8%   149 4455s

 165440 142510  390.38789  114  266  683.84000  329.90063  51.8%   149 4474s

 166076 142832  331.59895   51  357  683.84000  329.90063  51.8%   149 4492s

 166417 143367  369.39104   95  179  683.84000  329.90063  51.8%   149 4513s

 167071 144361  350.96633   77  253  683.84000  329.95457  51.7%   149 4537s

 168152 144878     cutoff  222       683.84000  329.95556  51.7%   149 4560s

 168849 145682  620.47635  109  154  683.84000  329.98329  51.7%   149 4584s

 169743 146405  405.71008   82  199  683.84000  329.98415  51.7%   149 4610s

 170560 146934  344.84044   77  256  683.84000  329.98415  51.7%   149 4629s

 171188 147289  537.08112  162  233  683.84000  330.01781  51.7%   149 4648s

 171623 147500  372.82127   64  304  683.84000  330.01781  51.7%   150 4668s

 171905 148329  374.80005   66  276  683.84000  330.02951  51.7%   150 4694s

 172898 149269  369.04308   79  261  683.84000  330.03508  51.7%   150 4717s

 173974 150178  344.54424   68  238  683.84000  330.06659  51.7%   150 4739s

 174706 150178  408.12279   80  261  683.84000  330.06659  51.7%   150 4740s

 174994 150976  452.70821  145  211  683.84000  330.06659  51.7%   150 4763s

 175951 151367  347.27532   75  274  683.84000  330.09229  51.7%   150 4785s

 176484 151942  404.42651   85  125  683.84000  330.09229  51.7%   150 4808s

 177204 152768  379.39209   68  285  683.84000  330.11884  51.7%   150 4831s

 178165 153402  452.34948  113  148  683.84000  330.11884  51.7%   150 4859s

 178997 153817  343.18103   64  217  683.84000  330.14634  51.7%   150 4881s

 179592 154548  338.65128   54  235  683.84000  330.16623  51.7%   151 4909s

 180487 154911  478.39190   82  274  683.84000  330.17852  51.7%   151 4934s

 180918 155358  390.09874   59  295  683.84000  330.17852  51.7%   151 4959s

 181478 155366  475.57710   79  269  683.84000  330.17852  51.7%   151 4986s

 181486 155374  537.04746   78  191  683.84000  330.17852  51.7%   151 5005s

 181494 155382  477.56046   78  230  683.84000  330.17852  51.7%   151 5028s

 181502 155390  511.26579   78  198  683.84000  330.17852  51.7%   151 5049s

 181510 155588  511.47471   79  185  683.84000  330.17852  51.7%   151 5071s

 181761 156066  450.00638  124  213  683.84000  330.17852  51.7%   151 5098s

 182287 157294  409.28217   62  291  683.84000  330.17852  51.7%   151 5137s

 183781 157729  417.46253   99  214  683.84000  330.24157  51.7%   151 5160s

 184233 159029  417.66217  100  207  683.84000  330.24157  51.7%   151 5193s

 185662 160317  356.03487   69  253  683.84000  330.26242  51.7%   151 5224s

 186240 160317  397.15257   85  253  683.84000  330.26294  51.7%   151 5225s

 187087 160763  371.52318  107  296  683.84000  330.27147  51.7%   151 5248s

 187639 161665  355.07821   47  305  683.84000  330.27392  51.7%   151 5279s

 188577 161665  356.40808   78  300  683.84000  330.29118  51.7%   151 5280s

 188704 162388  338.37044   62  235  683.84000  330.29235  51.7%   151 5305s

 189563 163350  351.58431   89  207  683.84000  330.30632  51.7%   151 5335s

 190603 164264  471.09988   65  170  683.84000  330.30982  51.7%   151 5364s

 191422 164264  658.10387  136  215  683.84000  330.31452  51.7%   151 5365s

 191699 165217  556.41038  136  288  683.84000  330.32237  51.7%   151 5392s

 192783 165956  335.47948   62  338  683.84000  330.33102  51.7%   151 5424s

 193654 166543  499.26585  181  190  683.84000  330.33635  51.7%   151 5444s

 194306 167421  351.85792   69  341  683.84000  330.33635  51.7%   151 5471s

 195296 168326  562.11315  178  315  683.84000  330.33635  51.7%   151 5497s

 196313 169038  447.20494   92  202  683.84000  330.33635  51.7%   151 5521s

 197075 169584  624.85355  132  118  683.84000  330.37430  51.7%   151 5538s

 197700 170224     cutoff  133       683.84000  330.37430  51.7%   151 5558s

 198464 170694  631.52168  134  160  683.84000  330.38429  51.7%   151 5579s

 199036 171361  433.27475   48  192  683.84000  330.38429  51.7%   151 5603s

 199872 172424  421.15947   84  169  683.84000  330.44585  51.7%   151 5633s

 201051 173343  462.51964  129  312  683.84000  330.44585  51.7%   151 5659s

 202105 173960  360.73910   68  247  683.84000  330.44684  51.7%   151 5680s

 202849 174670  422.24324   71  201  683.84000  330.47932  51.7%   151 5704s

 203742 175217  352.93575   72  181  683.84000  330.50086  51.7%   151 5726s

 204367 175944  362.72703   57  221  683.84000  330.50086  51.7%   151 5754s

 204496 175944  437.66802  137  317  683.84000  330.50086  51.7%   151 5755s

 205233 176444  439.04990   89  188  683.84000  330.54102  51.7%   151 5777s

 205786 177227  375.07138   79  223  683.84000  330.54577  51.7%   151 5806s

 206707 177958  363.72529   51  314  683.84000  330.57147  51.7%   151 5830s

 207520 178742  334.00690   57  417  683.84000  330.58401  51.7%   151 5859s

 208416 179499  370.62703   57  326  683.84000  330.58666  51.7%   151 5883s

 209253 180088  441.57301  133  298  683.84000  330.58666  51.7%   151 5909s

 209898 180967  663.41281  202  240  683.84000  330.61820  51.7%   151 5935s

 210879 181520  506.15879   96  177  683.84000  330.62132  51.7%   151 5957s

 211511 182262  396.98358   81  208  683.84000  330.62132  51.7%   151 5983s

 212346 182652  403.24338   70  234  683.84000  330.63400  51.7%   151 6005s

 212812 183435  390.43687   62  270  683.84000  330.63654  51.7%   151 6034s

 213698 184208  349.69121   41  344  683.84000  330.64757  51.6%   151 6062s

 214580 184712  493.92049   84  188  683.84000  330.66078  51.6%   151 6086s

 215153 185578  371.27349   92  251  683.84000  330.66078  51.6%   151 6115s

 216102 186484  343.12242   69  314  683.84000  330.66078  51.6%   151 6142s

 217097 187200  571.24198  190  244  683.84000  330.66078  51.6%   151 6171s

 217937 187657  422.64555   59  288  683.84000  330.71359  51.6%   151 6197s

 218490 188507  396.16391   56  244  683.84000  330.71359  51.6%   152 6222s

 219425 189402  357.27037   98  222  683.84000  330.73176  51.6%   152 6251s

 220432 190106  466.00083  209  229  683.84000  330.74068  51.6%   152 6280s

 221236 190401  396.27216   88  277  683.84000  330.74068  51.6%   152 6299s

 221568 191017  497.46415  109  210  683.84000  330.74068  51.6%   152 6324s

 222313 191741  406.10240   76  190  683.84000  330.78903  51.6%   152 6350s

 223080 192233  494.65040  154  145  683.84000  330.79178  51.6%   152 6376s

 223666 193383  506.39169  153  175  683.84000  330.79178  51.6%   152 6411s

 224983 193827  367.72708   64  343  683.84000  330.80099  51.6%   152 6430s

 225483 194596  680.27795  138  153  683.84000  330.82397  51.6%   152 6459s

 226282 194596  448.62315  130  215  683.84000  330.86217  51.6%   152 6460s

 226424 195052  380.13016   57  278  683.84000  330.86217  51.6%   152 6482s

 226947 195961  553.11683  139  159  683.84000  330.86217  51.6%   152 6510s

 228029 196394  341.66458   77  396  683.84000  330.88745  51.6%   152 6531s

 228509 197114  375.25425  125  308  683.84000  330.88745  51.6%   152 6560s

 229342 198073  562.18704  221  191  683.84000  330.88745  51.6%   153 6599s

 230416 198922  513.10741  104  231  683.84000  330.88745  51.6%   153 6626s

 231370 199628  368.82057  114  237  683.84000  330.88745  51.6%   153 6655s

 232228 200408  452.75457  160  199  683.84000  330.94851  51.6%   153 6684s

 233238 201343  383.06499   82  199  683.84000  330.96370  51.6%   153 6715s

 234211 201991  383.89431   70  230  683.84000  330.96370  51.6%   153 6738s

 234954 202635  526.77707  187  253  683.84000  330.96370  51.6%   152 6761s

 235710 203120  456.19915   97  240  683.84000  330.96370  51.6%   153 6783s

 236380 204119  510.95949   70  190  683.84000  330.97955  51.6%   153 6818s

 237516 204988  471.15358  115  349  683.84000  330.97955  51.6%   153 6857s

 238464 205542  479.85752   78  202  683.84000  331.03479  51.6%   153 6880s

 239175 205902  404.00428   79  159  683.84000  331.04826  51.6%   153 6902s

 239570 206297  404.00177   80  163  683.84000  331.04826  51.6%   153 6923s

 240055 207020  478.14498  112  119  683.84000  331.06932  51.6%   153 6950s

 240830 208225  408.92304   80  264  683.84000  331.08227  51.6%   153 6988s

 242192 209199  475.28083  127  187  683.84000  331.11156  51.6%   153 7006s

 243273 209694  406.12773   85  217  683.84000  331.11555  51.6%   153 7031s

 243881 210076  559.54196  174  259  683.84000  331.12121  51.6%   153 7054s

 244305 210943  333.09155   43  360  683.84000  331.12121  51.6%   153 7081s

 245281 211763  347.10165   65  305  683.84000  331.14833  51.6%   153 7113s

 246325 212433  384.78105   75  203  683.84000  331.17981  51.6%   153 7140s

 247196 213189  350.82370   68  337  683.84000  331.19334  51.6%   153 7169s

 248062 214068  497.79335  201  222  683.84000  331.19335  51.6%   153 7201s

 249105 214627 infeasible  114       683.84000  331.23474  51.6%   153 7227s

 249775 215519  344.98836   50  278  683.84000  331.25119  51.6%   153 7254s

 250824 216364  366.05295   75  256  683.84000  331.26401  51.6%   153 7281s

 251835 217093  332.46413   63  381  683.84000  331.26401  51.6%   153 7307s

 252631 218057  357.47872  110  267  683.84000  331.27024  51.6%   153 7337s

 253695 218747  539.99059  252  232  683.84000  331.27024  51.6%   153 7357s

 254423 219181  436.12597   84  192  683.84000  331.30434  51.6%   153 7378s

 255024 219829  346.19407   69  223  683.84000  331.35466  51.5%   153 7403s

 255864 220369  405.27979   73  364  683.84000  331.35466  51.5%   153 7424s

 256372 220369  509.69165   90  211  683.84000  331.35466  51.5%   153 7425s

 256450 221166  487.64880  161  354  683.84000  331.35466  51.5%   153 7449s

 257326 222030  379.17603  114  171  683.84000  331.35466  51.5%   153 7476s

 258350 222515  358.97708   65  163  683.84000  331.38059  51.5%   153 7496s

 258983 223391  370.17094  105  267  683.84000  331.39535  51.5%   153 7520s

 259890 223883  572.23316  247  228  683.84000  331.39535  51.5%   153 7543s

 260476 224485  572.97564  127  215  683.84000  331.40000  51.5%   153 7564s

 260862 224485  513.83807  193  233  683.84000  331.40000  51.5%   153 7565s

 261199 225153  353.62569   48  253  683.84000  331.40000  51.5%   153 7588s

 261925 225625  436.22092  100  181  683.84000  331.40000  51.5%   153 7608s

 262449 226463  572.56045  120  198  683.84000  331.40000  51.5%   153 7628s

 263401 227196     cutoff  179       683.84000  331.40000  51.5%   153 7663s

 264252 228073  496.98244   82  253  683.84000  331.45057  51.5%   153 7693s

 265288 228821  369.93342  103  270  683.84000  331.47848  51.5%   153 7719s

 265419 228821  388.48701  129  362  683.84000  331.47848  51.5%   153 7720s

 266186 229215  347.19628   50  384  683.84000  331.49127  51.5%   153 7742s

 266670 229804  360.84617   61  261  683.84000  331.49568  51.5%   153 7768s

 267393 230365  401.64477   63  242  683.84000  331.51717  51.5%   153 7803s

 268089 231315  560.62518  131  129  683.84000  331.51717  51.5%   153 7836s

 269261 232050  360.96379   69  229  683.84000  331.51776  51.5%   153 7864s

 269761 232050  343.66794   69  244  683.84000  331.51776  51.5%   153 7865s

 270174 232332  678.14170  246  202  683.84000  331.52357  51.5%   153 7886s

 270674 232608  364.65601   53  285  683.84000  331.54032  51.5%   153 7908s

 271083 233223  428.17452   85  305  683.84000  331.54703  51.5%   153 7928s

 271736 234025  336.23314   49  328  683.84000  331.54703  51.5%   153 7957s

 272675 234823  390.64021  106  284  683.84000  331.54703  51.5%   153 7988s

 273589 235801  460.03391  147  222  683.84000  331.54703  51.5%   153 8022s

 274706 236590  649.02693  280  105  683.84000  331.58161  51.5%   153 8049s

 275073 236590  357.54031   77  238  683.84000  331.58161  51.5%   153 8050s

 275568 237433  353.27791   73  299  683.84000  331.58161  51.5%   153 8084s

 276175 237433  340.70315   49  305  683.84000  331.58634  51.5%   153 8085s

 276558 238537  355.01121   78  309  683.84000  331.60659  51.5%   153 8114s

 276841 238537  339.08388   56  323  683.84000  331.60659  51.5%   153 8115s

 277747 239230  475.96271  198  279  683.84000  331.60659  51.5%   153 8144s

 278614 239722 infeasible   67       683.84000  331.63049  51.5%   153 8169s

 279191 240476  432.99899   76  217  683.84000  331.63049  51.5%   153 8197s

 280038 241127  432.08005  125  282  683.84000  331.63049  51.5%   153 8220s

 280754 241903  367.92671   45  349  683.84000  331.63049  51.5%   153 8248s

 281689 242204  514.12301  153  284  683.84000  331.63049  51.5%   153 8268s

 282048 243196  344.31827   53  265  683.84000  331.63049  51.5%   153 8297s

 283129 243791  474.12622  182  223  683.84000  331.63049  51.5%   153 8318s

 283835 244569  347.58863   71  295  683.84000  331.63049  51.5%   153 8341s

 284760 244887  551.18583   90  166  683.84000  331.63049  51.5%   153 8359s

 285185 245499  342.02831   45  310  683.84000  331.63049  51.5%   153 8381s

 285930 245874  384.69275   53  148  683.84000  331.63049  51.5%   153 8402s

 286420 246180  416.89068   58  161  683.84000  331.63049  51.5%   153 8425s

 286748 246820  644.33260   64  119  683.84000  331.63049  51.5%   153 8449s

 286957 246820  398.62912   82  270  683.84000  331.70666  51.5%   153 8450s

 287547 247148  382.00475   60  314  683.84000  331.70666  51.5%   153 8472s

 287993 247723 infeasible   78       683.84000  331.71915  51.5%   153 8497s

 288664 248461  437.24962  103  310  683.84000  331.71915  51.5%   153 8527s

 289614 249248  336.92784   45  306  683.84000  331.71915  51.5%   153 8553s

 290457 250303  436.85276  132  274  683.84000  331.71915  51.5%   153 8580s

 291614 250953  368.88602   80  306  683.84000  331.71915  51.5%   153 8604s

 292292 251920  445.97626  142  281  683.84000  331.71915  51.5%   153 8637s

 293339 252998  370.47741   98  211  683.84000  331.74919  51.5%   153 8671s

 294496 253640  351.90357   54  343  683.84000  331.77568  51.5%   153 8698s

 295234 254246  433.20211  123  289  683.84000  331.77568  51.5%   153 8727s

 295958 255169  492.06477  170  263  683.84000  331.78311  51.5%   153 8753s

 296943 255932  352.99837   74  278  683.84000  331.79587  51.5%   153 8790s

 297855 256337  382.55713   78  216  683.84000  331.82081  51.5%   153 8813s

 298366 256631  352.55101   55  277  683.84000  331.82602  51.5%   153 8836s

 298660 258017  468.83877  110  180  683.84000  331.82602  51.5%   153 8874s

 299109 258017  419.47584   99  299  683.84000  331.83299  51.5%   153 8875s

 300280 258793  489.48424  132  209  683.84000  331.83893  51.5%   153 8903s

 301139 259460  368.04184   94  323  683.84000  331.83893  51.5%   153 8929s

 301881 260046  472.11862  210  241  683.84000  331.83893  51.5%   153 8951s

 302559 260505  355.75597   46  247  683.84000  331.85196  51.5%   153 8975s

 303211 260985  343.78298   53  284  683.84000  331.85196  51.5%   153 8999s

 303788 261772  344.28688   72  344  683.84000  331.85196  51.5%   153 9028s

 304716 262250  404.92185   62  202  683.84000  331.87885  51.5%   153 9050s

 305302 263083  358.25824   90  300  683.84000  331.87885  51.5%   153 9083s

 306244 263822  615.89388  225  175  683.84000  331.88313  51.5%   153 9114s

 306473 263822  363.45831   53  274  683.84000  331.89715  51.5%   153 9115s

 307121 264837  434.51884  120  311  683.84000  331.90800  51.5%   153 9142s

 308208 265518  387.80167   58  246  683.84000  331.91675  51.5%   153 9176s

 309036 265884  343.96303   44  284  683.84000  331.93571  51.5%   153 9195s

 309461 266401  341.86831   63  328  683.84000  331.93571  51.5%   153 9221s

 310027 267379  443.07917   99  261  683.84000  331.93571  51.5%   153 9249s

 311098 268280  357.21620   62  292  683.84000  331.93571  51.5%   153 9278s

 312108 269003  543.95051  198  248  683.84000  331.93571  51.5%   153 9308s

 312969 269654  634.62396  125  235  683.84000  331.95871  51.5%   153 9332s

 313709 270718  364.24730   92  271  683.84000  331.96454  51.5%   153 9356s

 314832 271341  563.20395  222  263  683.84000  331.96454  51.5%   153 9382s

 315621 271879  410.27732   71  289  683.84000  331.96454  51.5%   153 9409s

 316304 272440  347.75716   53  280  683.84000  331.99435  51.5%   153 9430s

 316981 272768  450.83983   79  348  683.84000  331.99435  51.5%   153 9449s

 317164 272768  333.46853   50  449  683.84000  331.99435  51.5%   153 9450s

 317385 273515  488.15755   97  269  683.84000  331.99435  51.5%   153 9474s

 318187 274373  429.02841   96  225  683.84000  332.00620  51.4%   153 9499s

 318413 274373  475.76596  146  346  683.84000  332.00620  51.4%   153 9500s

 319140 275048  353.15637   76  221  683.84000  332.01190  51.4%   153 9520s

 319866 275842  506.22833  174  188  683.84000  332.01190  51.4%   153 9548s

 320768 276634  552.67208  101  202  683.84000  332.01190  51.4%   153 9575s

 321733 277248  372.15992   59  212  683.84000  332.01190  51.4%   153 9601s

 322433 277609  479.25886   76  304  683.84000  332.01190  51.4%   153 9626s

 322864 278297  509.98003   76  254  683.84000  332.05797  51.4%   153 9648s

 323564 279021  488.03349   77  267  683.84000  332.05797  51.4%   153 9671s

 324399 279582  488.67533   78  254  683.84000  332.07946  51.4%   153 9693s

 325043 280023  510.33152   77  244  683.84000  332.08123  51.4%   153 9713s

 325549 280824  489.16767   80  255  683.84000  332.08504  51.4%   153 9739s

 326510 281632  368.19962   62  257  683.84000  332.08583  51.4%   153 9761s

 327405 282413  516.95640  142  222  683.84000  332.08583  51.4%   153 9791s

 328296 283095  430.18765   95  222  683.84000  332.08583  51.4%   153 9818s

 329133 283958  385.10217   78  252  683.84000  332.12128  51.4%   153 9842s

 330054 284587  518.05947  146  168  683.84000  332.12128  51.4%   153 9869s

 330835 284592  410.87203   82  160  683.84000  332.12467  51.4%   154 9891s

 330846 284728  426.24186   82  163  683.84000  332.12583  51.4%   154 9914s

 331017 285069  431.94434   92  142  683.84000  332.12583  51.4%   154 9933s

 331417 285453  637.31053  128  100  683.84000  332.12583  51.4%   154 9956s

 331901 285876  543.93748   78  239  683.84000  332.15958  51.4%   154 9981s

 332475 286683  378.48708   76  189  683.84000  332.17041  51.4%   154 10013s

 333401 287448  360.79912  111  234  683.84000  332.17826  51.4%   154 10041s

 334261 288235  587.47193  230  134  683.84000  332.17826  51.4%   154 10068s

 335176 288504  435.47774  127  251  683.84000  332.17826  51.4%   154 10090s

 335470 289399  341.71518   78  302  683.84000  332.17826  51.4%   154 10121s

 336425 290529  461.34194  170  201  683.84000  332.17826  51.4%   154 10156s

 337666 291245  416.10546   81  215  683.84000  332.17971  51.4%   154 10182s

 338484 292299  417.89128  163  235  683.84000  332.17971  51.4%   154 10215s

 339671 293078  446.79630   80  299  683.84000  332.17971  51.4%   154 10242s

 340570 293928  376.64319   80  364  683.84000  332.24007  51.4%   154 10274s

 341468 294760  444.84177  143  265  683.84000  332.24007  51.4%   154 10306s

 342344 295624  676.97464  290  284  683.84000  332.24007  51.4%   154 10336s

 343289 296074  476.64158  149  220  683.84000  332.24007  51.4%   154 10358s

 343805 296829 infeasible   53       683.84000  332.27218  51.4%   154 10387s

 344793 297849  394.10656   84  183  683.84000  332.27866  51.4%   154 10412s

 345908 297989  444.84626  110  201  683.84000  332.28905  51.4%   154 10435s

 346114 298196  464.86887  111  187  683.84000  332.28905  51.4%   154 10453s

 346398 298471  470.10775  112  175  683.84000  332.29255  51.4%   154 10473s

 346762 299310  473.62053  113  169  683.84000  332.29255  51.4%   154 10499s

 347729 300271  408.32921   81  252  683.84000  332.29288  51.4%   154 10526s

 348766 301183  354.04645   60  227  683.84000  332.29288  51.4%   154 10551s

 349765 302229  344.76189   44  252  683.84000  332.32610  51.4%   154 10579s

 350906 302835  574.41719  237  177  683.84000  332.32610  51.4%   153 10605s

 351622 303714  354.92331   87  385  683.84000  332.32610  51.4%   153 10629s

 352537 304616  476.22424  175  245  683.84000  332.32610  51.4%   153 10656s

 353556 305369  377.31043   76  274  683.84000  332.32610  51.4%   153 10680s

 354327 306020 infeasible  163       683.84000  332.32610  51.4%   153 10702s

 355098 306833  564.08458  139  105  683.84000  332.36861  51.4%   153 10729s

 355687 306833  456.63179   99  233  683.84000  332.36861  51.4%   153 10730s

 356015 307463  465.11501  140  174  683.84000  332.36861  51.4%   153 10752s

 356700 308298  371.52546   52  245  683.84000  332.36861  51.4%   153 10779s

 357599 309175  399.70257   93  250  683.84000  332.38821  51.4%   153 10811s

 358552 309923  364.57068   66  284  683.84000  332.38821  51.4%   153 10835s

 359400 310636  373.55548   53  321  683.84000  332.40069  51.4%   153 10862s

 360161 311392  436.54161  145  286  683.84000  332.40069  51.4%   153 10891s

 360970 311399 infeasible   41       683.84000  332.40069  51.4%   153 10917s

 360979 311850  372.05984   42  279  683.84000  332.40069  51.4%   153 10951s

 361498 312559  621.48028   60  241  683.84000  332.40069  51.4%   153 10978s

 362320 312891  440.58844   92  254  683.84000  332.43666  51.4%   153 10999s

 362665 313656  503.23488  140  238  683.84000  332.43666  51.4%   153 11024s

 363378 313656  494.08437  133  271  683.84000  332.44625  51.4%   153 11025s

 363571 314464  344.61715   55  287  683.84000  332.44910  51.4%   153 11052s

 364498 315301  439.60785  152  227  683.84000  332.44910  51.4%   153 11080s

 365443 315852  455.62676   68  191  683.84000  332.44910  51.4%   153 11111s

 366055 316240  623.02570  159  153  683.84000  332.44910  51.4%   153 11133s

 366564 316904  386.38509   80  192  683.84000  332.48727  51.4%   153 11155s

 367384 317288  550.53370  155  143  683.84000  332.48727  51.4%   154 11175s

 367890 318033  446.19209   91  240  683.84000  332.49084  51.4%   154 11204s

 368768 318976  370.77967   99  332  683.84000  332.49084  51.4%   154 11236s

 369874 319424  507.85709  194  261  683.84000  332.49084  51.4%   154 11259s

 370383 319803  660.30389  304  276  683.84000  332.49776  51.4%   154 11278s

 370924 320303  388.90502   83  255  683.84000  332.51135  51.4%   154 11302s

 371476 321453  568.83595  157  174  683.84000  332.51822  51.4%   154 11333s

 372712 322455  426.42711  141  252  683.84000  332.51822  51.4%   153 11368s

 373812 322982  346.87162   48  251  683.84000  332.53584  51.4%   153 11389s

 374436 323587  539.41279   72  125  683.84000  332.53584  51.4%   153 11413s

 375167 324230  490.51320   96  276  683.84000  332.53584  51.4%   153 11442s

 375934 325084  334.87880   56  337  683.84000  332.53584  51.4%   153 11470s

 376852 325731  413.28784  123  217  683.84000  332.53584  51.4%   153 11498s

 377601 326422  353.01363   57  247  683.84000  332.55423  51.4%   153 11520s

 378415 326836  383.31344   66  359  683.84000  332.59584  51.4%   153 11540s

 378850 327769  419.59012   99  290  683.84000  332.59584  51.4%   153 11570s

 379838 328121  350.63796   84  267  683.84000  332.60000  51.4%   153 11596s

 380266 328657  397.29516  103  188  683.84000  332.60000  51.4%   153 11622s

 380992 329384  349.64052   59  273  683.84000  332.60991  51.4%   153 11650s

 381843 329743  364.69883   64  268  683.84000  332.63025  51.4%   153 11680s

 382298 330309  352.62340   78  343  683.84000  332.63675  51.4%   153 11709s

 382921 330853  425.98775  111  176  683.84000  332.63675  51.4%   154 11740s

 383682 330865  429.89279   65  273  683.84000  332.63675  51.4%   154 11780s

 383696 331228  429.90708   66  259  683.84000  332.63675  51.4%   154 11811s

 384177 332042  358.12733   70  242  683.84000  332.64724  51.4%   154 11844s

 385150 332645  375.12747   87  268  683.84000  332.66289  51.4%   154 11876s

 385859 333518  355.33949   51  271  683.84000  332.67848  51.4%   154 11903s

 386842 334250  370.84663   70  207  683.84000  332.67848  51.4%   154 11927s

 387596 334886  569.70076  200  256  683.84000  332.67848  51.4%   154 11957s

 388321 335817  437.26813  125  185  683.84000  332.69855  51.3%   154 11996s

 389377 336615  375.31141   63  234  683.84000  332.69855  51.3%   154 12027s

 390282 337309  599.56191  180  114  683.84000  332.71221  51.3%   154 12060s

 391113 337784  353.34644   77  323  683.84000  332.72565  51.3%   154 12082s

 391606 338647  393.38953  108  296  683.84000  332.72565  51.3%   154 12115s

 392579 339434  494.12986  183  244  683.84000  332.72565  51.3%   154 12139s

 393460 340381  380.62810   84  268  683.84000  332.72565  51.3%   154 12167s

 394502 341141  562.72419  251  211  683.84000  332.72565  51.3%   154 12197s

 395362 341677  404.80163   54  234  683.84000  332.72565  51.3%   154 12220s

 395970 342224  413.50016   85  316  683.84000  332.72565  51.3%   154 12247s

 396636 342709  495.31941  155  290  683.84000  332.72565  51.3%   154 12272s

 397249 343620  350.80887   55  262  683.84000  332.77885  51.3%   154 12299s

 397792 343620  338.75360   55  289  683.84000  332.78088  51.3%   154 12300s

 398237 344344  580.03633  192  185  683.84000  332.78088  51.3%   154 12329s

 398447 344344  639.19828  201  248  683.84000  332.78166  51.3%   154 12330s

 399078 344590     cutoff   99       683.84000  332.78166  51.3%   154 12359s

 399385 345320     cutoff  127       683.84000  332.79616  51.3%   154 12387s

 400236 345769  371.80969   83  295  683.84000  332.79616  51.3%   154 12409s

 400765 346454  454.00257  139  269  683.84000  332.79616  51.3%   154 12438s

 401527 347304  344.95691   64  267  683.84000  332.81023  51.3%   154 12465s

 402413 347592  630.83197  192  240  683.84000  332.81023  51.3%   154 12498s

 402843 348635  662.86019  193  233  683.84000  332.82601  51.3%   154 12548s

 404187 349042     cutoff  116       683.84000  332.86987  51.3%   154 12574s

 404639 350329  412.88768   75  255  683.84000  332.86987  51.3%   154 12618s

 406097 351224  407.12879   91  232  683.84000  332.88108  51.3%   154 12653s

 407238 351976  592.69845  165  154  683.84000  332.88108  51.3%   154 12686s

 408190 352926  412.73745  154  341  683.84000  332.89700  51.3%   154 12718s

 409176 353671  355.10790   67  326  683.84000  332.90559  51.3%   154 12747s

 410054 353972  351.41931   63  238  683.84000  332.90789  51.3%   154 12774s

 410428 354105  362.68126   48  265  683.84000  332.91531  51.3%   154 12818s

 410588 354699  366.19690   50  251  683.84000  332.91531  51.3%   154 12852s

 411304 355163  496.37909   70  235  683.84000  332.91531  51.3%   154 12875s

 411879 356080  545.74525   75  169  683.84000  332.92185  51.3%   154 12914s

 412985 357041  338.30666   55  320  683.84000  332.93549  51.3%   154 12950s

 414082 358043  425.54591  150  409  683.84000  332.93549  51.3%   154 12983s

 415197 358355  347.43686   94  339  683.84000  332.95613  51.3%   154 13009s

 415566 359327  375.25560  123  242  683.84000  332.95613  51.3%   154 13042s

 416727 359953  351.16084   60  336  683.84000  332.96304  51.3%   154 13070s

 417531 360648  375.86979   80  312  683.84000  332.99895  51.3%   154 13097s

 418275 361856  538.64617  163  215  683.84000  332.99895  51.3%   154 13131s

 419585 362227  353.16639   49  313  683.84000  332.99895  51.3%   154 13153s

 420027 362685  490.76388   83  257  683.84000  332.99895  51.3%   154 13175s

 420592 363495  395.51686   67  232  683.84000  332.99895  51.3%   154 13203s

 421498 363803  509.31515  162  264  683.84000  333.01467  51.3%   154 13232s

 421878 364584  538.42034   49  238  683.84000  333.02549  51.3%   154 13266s

 422866 365501  384.03899  101  250  683.84000  333.02549  51.3%   154 13296s

 423797 366081  663.32368  254  284  683.84000  333.02549  51.3%   154 13325s

 424534 366325  338.64135   50  318  683.84000  333.06440  51.3%   154 13349s

 424860 366700  378.49603   76  196  683.84000  333.06440  51.3%   154 13371s

 425366 367341  365.32196   52  262  683.84000  333.06465  51.3%   154 13398s

 426201 368079  441.87085   66  196  683.84000  333.08380  51.3%   155 13429s

 427047 368682 infeasible   84       683.84000  333.09647  51.3%   155 13454s

 427694 369401  418.79795   52  237  683.84000  333.09647  51.3%   155 13483s

 428537 370005  573.01228  102  189  683.84000  333.09661  51.3%   155 13518s

 429380 370949  423.41037   83  246  683.84000  333.11471  51.3%   155 13557s

 430416 372012  671.59621  216  245  683.84000  333.11471  51.3%   155 13590s

 431573 372621  394.23091  157  263  683.84000  333.11677  51.3%   155 13624s

 432217 373345  548.39967  313  261  683.84000  333.13108  51.3%   155 13652s

 433044 373680 infeasible  101       683.84000  333.13108  51.3%   155 13676s

 433477 374692  406.31448   67  294  683.84000  333.13451  51.3%   155 13712s

 434669 375357  365.49536   89  360  683.84000  333.13451  51.3%   155 13744s

 435163 375357  436.21010   69  283  683.84000  333.13451  51.3%   155 13745s

 435472 376190  353.73824   58  318  683.84000  333.13451  51.3%   155 13774s

 436258 376190  346.96760   63  391  683.84000  333.13451  51.3%   155 13775s

 436427 376718  349.72588   69  333  683.84000  333.18614  51.3%   155 13805s

 436999 376734  360.83455   79  343  683.84000  333.18614  51.3%   155 13857s

 437015 377231  363.47192   80  332  683.84000  333.18614  51.3%   155 13898s

 437593 377516  431.70115  121  289  683.84000  333.19084  51.3%   155 13927s

 437910 378284  510.46429  158  320  683.84000  333.19084  51.3%   155 13958s

 438797 379262  405.05926   95  269  683.84000  333.21364  51.3%   155 13994s

 439912 380240  367.24005   74  281  683.84000  333.21533  51.3%   155 14028s

 441017 380647  350.31009   61  239  683.84000  333.22379  51.3%   155 14054s

 441483 381522  478.43033  111  237  683.84000  333.22379  51.3%   155 14089s

 441557 381522  530.18579  144  169  683.84000  333.22379  51.3%   155 14090s

 442498 382283  439.94914   76  374  683.84000  333.24618  51.3%   155 14131s

 443294 383153  519.01945  186  285  683.84000  333.24618  51.3%   155 14174s

 444267 384033  352.17978   74  350  683.84000  333.24618  51.3%   155 14211s

 445275 384543  344.26787   55  286  683.84000  333.26663  51.3%   155 14240s

 445787 385300  443.80854  127  226  683.84000  333.26663  51.3%   155 14263s

 446651 386115  342.19502   75  313  683.84000  333.26663  51.3%   155 14304s

 447566 386969  399.58240  154  224  683.84000  333.26663  51.3%   155 14339s

 448481 387731  354.92456   62  221  683.84000  333.27494  51.3%   155 14371s

 449311 388518  583.72669  163  252  683.84000  333.27553  51.3%   155 14400s



Cutting planes:

  Learned: 16

  Gomory: 33

  Lift-and-project: 5

  Cover: 245

  Implied bound: 440

  Clique: 455

  MIR: 397

  Mixing: 30

  StrongCG: 102

  Flow cover: 589

  GUB cover: 8

  Inf proof: 14

  Zero half: 1432

  RLT: 56

  Relax-and-lift: 581



Explored 450160 nodes (69565264 simplex iterations) in 14401.15 seconds (8250.64 work units)

Thread count was 16 (of 16 available processors)



Solution count 10: 683.84 684.1 693.72 ... 781.2



Time limit reached

Best objective 6.838400000000e+02, best bound 3.332756478793e+02, gap 51.2641%

-----RESULTS INFO-----
running_time:  14414.187
TC.best_bound:  333.2756478793419
TC:  683.8399999999999
MIP Gap (%):  51.264089863222104
=== Vehicle Routes ===
Vehicle 1: 0  1
Vehicle 1: 1  5
Vehicle 1: 2  54
Vehicle 1: 4  8
Vehicle 1: 5  4
Vehicle 1: 7  11
Vehicle 1: 8  7
Vehicle 1: 9  2
Vehicle 1: 11  9
Vehicle 2: 0  3
Vehicle 2: 3  51
Vehicle 2: 6  54
Vehicle 2: 12  6
Vehicle 2: 15  12
Vehicle 2: 51  15
Vehicle 3: 0  42
Vehicle 3: 10  54
Vehicle 3: 13  10
Vehicle 3: 14  48
Vehicle 3: 42  14
Vehicle 3: 48  13
Vehicle 4: 0  34
Vehicle 4: 34  52
Vehicle 4: 52  54
Vehicle 5: 0  40
Vehicle 5: 40  49
Vehicle 5: 49  54
Vehicle 6: 0  47
Vehicle 6: 47  54
Vehicle 7: 0  53
Vehicle 7: 53  54

=== Full Vehicle Routes ===
Vehicle 1: 0  1  5  4  8  7  11  9  2  0 (98<100)
Vehicle 2: 0  3  51  15  12  6  0 (99<100)
Vehicle 3: 0  42  14  48  13  10  0 (92<100)
Vehicle 4: 0  34  52  0 (94<100)
Vehicle 5: 0  40  49  0 (100<100)
Vehicle 6: 0  47  0 (94<100)
Vehicle 7: 0  53  0 (26<100)
Arc used by MRT line: y variables:
Customer assigment to PL: u variables:
16 49
17 52
18 48
19 47
20 52
21 53
22 49
23 51
24 49
25 49
26 52
27 49
28 47
29 52
30 52
31 52
32 51
33 47
35 49
36 47
37 47
38 52
39 51
41 51
43 49
44 52
45 51
Node is served by regular vehicle: g variables:
1
2
3
4
5
6
7
8
9
10
11
12
13
14
15
34
40
42
52
53
47
48
49
51
Customer assigment to Home delivery: gm variables:
1
2
3
4
5
6
7
8
9
10
11
12
13
14
15
34
40
42
Node total demands: ntd variables:
1 18 1
2 10 1
3 1 1
4 20 1
5 12 1
6 3 1
7 2 1
8 13 1
9 4 1
10 24 1
11 19 1
12 2 1
13 10 1
14 15 1
15 12 1
31 0 0
32 0 0
33 0 0
34 3 1
35 0 0
36 0 0
37 0 0
38 0 0
39 0 0
40 6 1
41 0 0
42 20 1
43 0 0
44 0 0
45 0 0
52 91 1
53 26 1
46 0 0
47 94 1
48 23 1
49 94 1
50 0 0
51 81 1
Customer's demand delivered to PL: l variables:
16
17
18
19
20
21
22
23
24
25
26
27
28
29
30
31
32
33
35
36
37
38
39
41
43
44
45
Lockers load <= capacity:
91 <= 91
26 <= 72
0 <= 72
94 <= 95
23 <= 100
94 <= 98
0 <= 71
81 <= 84
