Gurobi 12.0.3:   lim:time = 14400

  mip:bestbound = 1

Set parameter LogToConsole to value 1

  tech:outlev = 1

Set parameter Cuts to value 3

  cut:cuts = 3

Set parameter Presolve to value 2

  pre:solve = 2

Set parameter MIPFocus to value 2

  mip:focus = 2

Set parameter Symmetry to value 2

  mip:symmetry = 2

Set parameter InfUnbdInfo to value 1

Gurobi Optimizer version 12.0.3 build v12.0.3rc0 (win64 - Windows 11.0 (26100.2))



CPU model: 12th Gen Intel(R) Core(TM) i7-12700, instruction set [SSE2|AVX|AVX2]

Thread count: 12 physical cores, 20 logical processors, using up to 20 threads



Non-default parameters:

TimeLimit  14400

MIPFocus  2

Symmetry  2

Cuts  3

InfUnbdInfo  1

Presolve  2



Optimize a model with 2561 rows, 9818 columns and 62289 nonzeros

Model fingerprint: 0xd0f909ed

Model has 6 quadratic objective terms

Model has 12 quadratic constraints

Variable types: 86 continuous, 9732 integer (0 binary)

Coefficient statistics:

  Matrix range     [1e+00, 1e+05]

  QMatrix range    [1e+00, 1e+00]

  QLMatrix range   [1e+00, 2e+01]

  Objective range  [1e+00, 1e+02]

  QObjective range [3e+00, 3e+00]

  Bounds range     [1e+00, 1e+02]

  RHS range        [1e+00, 1e+05]

  QRHS range       [1e+02, 1e+02]

Presolve removed 115 rows and 296 columns

Presolve time: 1.06s

Presolved: 8479 rows, 15534 columns, 74105 nonzeros

Variable types: 1439 continuous, 14095 integer (12691 binary)

Root relaxation presolve removed 13 rows and 6 columns

Root relaxation presolved: 8466 rows, 15528 columns, 183987 nonzeros



Deterministic concurrent LP optimizer: primal and dual simplex

Showing primal log only...



Concurrent spin time: 0.00s



Solved with dual simplex



Root relaxation: objective 2.327153e+02, 734 iterations, 0.14 seconds (0.29 work units)



    Nodes    |    Current Node    |     Objective Bounds      |     Work

 Expl Unexpl |  Obj  Depth IntInf | Incumbent    BestBd   Gap | It/Node Time



     0     0  232.71534    0  155          -  232.71534      -     -    3s

     0     0  306.47099    0  120          -  306.47099      -     -    4s

     0     0  306.47099    0  127          -  306.47099      -     -    4s

     0     0  306.47099    0  133          -  306.47099      -     -    4s

     0     0  309.95174    0  136          -  309.95174      -     -    5s

     0     0  311.63480    0  130          -  311.63480      -     -    5s

     0     0  311.76526    0  408          -  311.76526      -     -    5s

     0     0  318.14887    0  151          -  318.14887      -     -    6s

     0     0  318.94521    0  164          -  318.94521      -     -    6s

H    0     0                    1306.7800000  318.94521  75.6%     -    7s

H    0     0                    1306.6000000  318.94521  75.6%     -    7s

H    0     0                    1261.3800000  318.94521  74.7%     -    7s

     0     0  318.94627    0  171 1261.38000  318.94627  74.7%     -    7s

     0     0  318.94627    0  171 1261.38000  318.94627  74.7%     -    8s

     0     2  318.94627    0  171 1261.38000  318.94627  74.7%     -    8s

H   92    95                    1257.9800000  319.07946  74.6%   261    9s

    94   126  337.10961    7  168 1257.98000  319.07946  74.6%   256   10s

H  148   164                    1252.2600000  319.07946  74.5%   215   10s

H  154   164                    1237.5900000  319.07946  74.2%   215   10s

H  220   221                    1236.0600000  319.07946  74.2%   187   10s

H  221   221                    1231.8700000  319.07946  74.1%   188   10s

H  260   279                    1197.7400000  319.07946  73.4%   176   11s

H  394   381                    1119.3700000  319.07946  71.5%   149   11s

H  458   451                    1112.2600000  319.07946  71.3%   140   12s

H  512   510                    1062.5900000  319.07946  70.0%   135   13s

H  605   595                    1058.0900000  319.07946  69.8%   126   14s

  1116  1159  410.63458   65  121 1058.09000  319.07946  69.8%  97.5   15s

H 1689  1664                    1014.8000000  320.85278  68.4%  82.7   17s

H 2094  1951                     963.0100000  320.85278  66.7%  79.7   19s

  2119  2098  552.12694  112  102  963.01000  320.85278  66.7%  79.9   20s

H 2450  2265                     949.7800000  320.86832  66.2%  77.0   20s

H 2473  2265                     949.4100000  320.86832  66.2%  76.5   20s

H 2487  2265                     943.7900000  320.86832  66.0%  76.9   20s

H 3532  3194                     915.2700000  320.86832  64.9%  76.1   23s

H 3814  3399                     903.2700000  320.90349  64.5%  75.2   24s

  3815  3400  673.02532   95 4240  903.27000  320.90349  64.5%  75.2   26s

  3820  3403  417.72213   26  164  903.27000  320.90349  64.5%  75.1   30s

H 3820  3232                     903.1400000  321.02291  64.5%  75.1   31s

H 3821  3071                     900.6700000  322.17043  64.2%  75.1   32s

  3825  3074  405.98992   53  241  900.67000  323.59585  64.1%  75.0   36s

H 3825  2921                     895.8900000  323.59585  63.9%  75.0   37s

H 3826  2774                     893.4200000  323.86452  63.8%  75.0   37s

  3829  2776  685.71315  111  295  893.42000  324.74300  63.7%  74.9   41s

  3833  2779  331.18572   22  373  893.42000  325.25813  63.6%  74.8   46s

  3836  2781  419.03981   48  355  893.42000  325.48868  63.6%  74.8   50s

  3840  2784  462.24890   83  313  893.42000  326.17464  63.5%  74.7   55s

  3844  2786  347.02658   50  308  893.42000  326.31662  63.5%  74.6   61s

  3847  2788  478.39068   84  373  893.42000  327.16999  63.4%  74.5   65s

  3853  2792  335.48307   12  391  893.42000  335.48307  62.4%  74.4   70s

  3860  2797  495.26607   88  466  893.42000  337.86030  62.2%  74.3   75s

  3864  2800  457.27725  106  451  893.42000  338.14715  62.2%  74.2   80s

  3871  2804  649.18760   99  523  893.42000  338.46751  62.1%  74.1   85s

  3880  2810  458.61463  104  547  893.42000  338.51442  62.1%  73.9   90s

  3890  2817  371.03205   74  543  893.42000  338.51972  62.1%  73.7   95s

  3900  2824  340.71978   23  518  893.42000  338.55647  62.1%  73.5  100s

  3913  2832  591.88491   85  572  893.42000  338.73847  62.1%  73.3  105s

  3924  2840  348.61654   15  581  893.42000  338.73847  62.1%  73.1  114s

  3926  2841  388.83313   43  596  893.42000  338.73847  62.1%  73.0  115s

  3939  2851  338.88794   12 4240  893.42000  338.73847  62.1%  90.1  120s

  3944  2854  347.02658   50  352  893.42000  338.81732  62.1%  90.0  125s

  3947  2856  478.39068   84  360  893.42000  338.81732  62.1%  89.9  130s

  3949  2858  840.66377  109  478  893.42000  339.29159  62.0%  89.9  135s

H 3950  2714                     886.3500000  339.29159  61.7%  89.8  138s

H 3950  2578                     886.3300000  339.29159  61.7%  89.8  138s

H 3950  2449                     883.0600000  339.29159  61.6%  89.8  138s

H 3950  2327                     872.5500000  339.29159  61.1%  89.8  138s

  3952  2329  351.79338   15  528  872.55000  339.29159  61.1%  89.8  141s

  3954  2330  344.64349   35  506  872.55000  339.33103  61.1%  89.7  145s

  3957  2332  445.24826   42  604  872.55000  339.33103  61.1%  89.7  151s

  3962  2335  459.52407   99  536  872.55000  339.48586  61.1%  89.6  155s

  3966  2338  339.63065   19  576  872.55000  339.63065  61.1%  89.5  160s

  3971  2341  649.18760   99  674  872.55000  339.67140  61.1%  89.4  166s

  3974  2343  367.20936   31  546  872.55000  341.03337  60.9%  89.3  170s

  3980  2347  458.61463  104  615  872.55000  341.21513  60.9%  89.2  175s

  3986  2351  635.28403  113  535  872.55000  341.31440  60.9%  89.0  180s

  3994  2357  531.66087   78  594  872.55000  341.48089  60.9%  88.8  185s

  4002  2362  425.86811   59  550  872.55000  341.49055  60.9%  88.7  190s

  4010  2367  422.77744   49  540  872.55000  341.52446  60.9%  88.5  195s

  4017  2372  598.74879  133  542  872.55000  341.52853  60.9%  88.3  201s

  4032  2395  341.87959   33  524  872.55000  341.52853  60.9%  99.0  205s

  4068  2419  342.20026   35  550  872.55000  341.88069  60.8%   104  210s

  4116  2451  347.88849   37  410  872.55000  341.88069  60.8%   107  215s

  4196  2524  344.90647   39  413  872.55000  341.88069  60.8%   113  220s

  4381  2650  351.96487   42  288  872.55000  341.88069  60.8%   121  225s

  4537  2717  352.50083   44  218  872.55000  341.88069  60.8%   125  232s

  4630  2783  355.35647   46  229  872.55000  341.88069  60.8%   128  235s

  4772  2906  355.91634   50  216  872.55000  341.88069  60.8%   130  240s

  5010  3021  366.80091   57  181  872.55000  341.88069  60.8%   131  245s

  5077  3143  371.51103   60  234  872.55000  341.88069  60.8%   131  250s

  5390  3290  375.61191   68  157  872.55000  341.88069  60.8%   133  255s

  5807  3578  394.52223   90  122  872.55000  341.88069  60.8%   137  261s

  6157  3796  399.57333  111  123  872.55000  342.35267  60.8%   136  265s

  6690  3976  457.46377  144   90  872.55000  342.35267  60.8%   135  271s

  7006  4114  353.14897   39  345  872.55000  342.35267  60.8%   137  275s

  7431  4468  360.54295   49  301  872.55000  342.35267  60.8%   138  280s

  8058  4820  366.50616   56  243  872.55000  342.35267  60.8%   134  286s

  8607  4929  430.78648   78  192  872.55000  342.35267  60.8%   136  291s

  8867  5447  467.29717   86  187  872.55000  342.35267  60.8%   136  296s

  9679  5714  531.17862  113  121  872.55000  342.66906  60.7%   137  302s

  9937  6077  613.53918  147   96  872.55000  342.87593  60.7%   138  306s

 10930  6304 infeasible   47       872.55000  342.87593  60.7%   137  313s

 11134  6788  368.50332   51  287  872.55000  342.87593  60.7%   138  316s

 11727  7311  389.50954   64  173  872.55000  342.87593  60.7%   137  320s

 12495  7975  493.73922   93  130  872.55000  342.87593  60.7%   138  328s

 13094  8202  416.29799   95  138  872.55000  342.87593  60.7%   137  331s

 13339  8792  417.30937  101  139  872.55000  342.87593  60.7%   137  335s

 14391  9793  475.83300  148  139  872.55000  342.87593  60.7%   135  344s

 15219 10023  373.81186   49  317  872.55000  343.61806  60.6%   134  348s

 15451 10840  386.98303   63  298  872.55000  343.61908  60.6%   135  354s

 16400 11136  346.20733   43  299  872.55000  343.61908  60.6%   135  358s

 16747 11148  370.16711   58  283  872.55000  343.61908  60.6%   135  362s

 16759 11224  370.93323   59  239  872.55000  343.61908  60.6%   135  366s

 16849 11469  370.93323   60  239  872.55000  343.61908  60.6%   135  371s

 17104 12258  404.48603   82  233  872.55000  343.61908  60.6%   135  376s

 17975 13093  647.76096  171  117  872.55000  343.61908  60.6%   134  385s

 18917 13569  365.76327   50  275  872.55000  343.61908  60.6%   132  390s

 19457 13582  537.11191   86  147  872.55000  343.61908  60.6%   132  395s

 19470 13733  563.86446   87  125  872.55000  343.61908  60.6%   132  400s

 19663 13817  618.03348  115  114  872.55000  343.61908  60.6%   132  406s

 19756 14247  811.48890  127   77  872.55000  344.99472  60.5%   133  413s

 20262 15378  488.90884   75  156  872.55000  344.99472  60.5%   134  420s

 21567 15808  368.82598   57  324  872.55000  344.99472  60.5%   133  427s

 22006 16891  421.19789   79  179  872.55000  345.16591  60.4%   133  434s

 23226 17831  366.55462   49  214  872.55000  345.16591  60.4%   131  441s

 24237 18836  758.93800  148  100  872.55000  345.16591  60.4%   131  448s

 25417 19037  366.80670   51  273  872.55000  345.42541  60.4%   130  454s

 25699 19985  439.01044   56  173  872.55000  345.42541  60.4%   131  461s

 26814 20196  805.09123   91   98  872.55000  345.45412  60.4%   132  468s

 27053 20549  827.05900   97   79  872.55000  345.45412  60.4%   133  475s

 27521 20663  366.77389   41  299  872.55000  345.45412  60.4%   133  482s

 27635 20950  406.36856   54  178  872.55000  345.45412  60.4%   133  489s

 27959 20962  531.69506   98  121  872.55000  345.45412  60.4%   134  498s

H27961 20914                     859.0000000  345.45412  59.8%   134  498s

 27971 21675  532.22851   99  118  859.00000  345.53726  59.8%   134  506s

 28902 23052  436.31760   70  172  859.00000  345.53726  59.8%   134  515s

 30611 24545  402.52058   77  183  859.00000  345.53726  59.8%   134  525s

 32281 25516  600.05966  111  178  859.00000  345.53726  59.8%   133  533s

 33315 26714  364.06394   43  369  859.00000  345.53726  59.8%   132  544s

 34664 28060  700.45435  157   90  859.00000  345.53726  59.8%   132  555s

 36222 29981  563.79397  147  119  859.00000  346.20542  59.7%   130  570s

 38357 31366  419.66053   79  132  859.00000  346.20542  59.7%   130  579s

 39921 32680  358.55246   46  280  859.00000  346.28826  59.7%   129  586s

 41421 33346  464.38248   93  242  859.00000  346.28826  59.7%   128  593s

 42214 33820  348.53604   44  393  859.00000  346.28826  59.7%   128  600s

 42736 34178  348.95673   47  380  859.00000  346.28826  59.7%   128  607s

 43150 34799  398.38753   62  213  859.00000  346.28826  59.7%   128  614s

 43853 34858  400.30034   68  173  859.00000  346.28826  59.7%   128  623s

H43932 34747                     848.1700000  346.28826  59.2%   128  623s

 43936 35414  406.16823   74  196  848.17000  346.28826  59.2%   128  631s

H43961 35371                     846.2800000  346.28826  59.1%   128  631s

 44716 36708  359.16620   60  224  846.28000  346.28826  59.1%   128  641s

 46201 37490  497.26044  142  162  846.28000  346.28826  59.1%   128  652s

 47165 39114  354.31715   48  286  846.28000  346.49948  59.1%   128  661s

 48961 39684  462.62701  116  173  846.28000  346.49948  59.1%   128  669s

 49612 39769  352.72390   44  349  846.28000  346.49948  59.1%   128  681s

H49692 39735                     844.4500000  346.49948  59.0%   128  681s

 49697 41453  355.19349   45  318  844.45000  346.49948  59.0%   128  692s

 51694 41832  467.71977   94  169  844.45000  346.49948  59.0%   127  701s

H51774 41789                     842.3600000  346.49948  58.9%   127  701s

 52170 43247  608.97665  144  128  842.36000  347.08847  58.8%   127  711s

 53786 44046  415.00265   81  273  842.36000  347.08847  58.8%   127  720s

 54748 46365  572.82266  132  174  842.36000  347.08847  58.8%   127  735s

 57365 47217  355.26177   43  346  842.36000  347.32283  58.8%   126  742s

 58308 48180  393.79303   85  316  842.36000  347.32283  58.8%   127  750s

 59453 48623  560.96866  153  200  842.36000  347.32283  58.8%   127  756s

 59932 49836  716.42458  199  185  842.36000  347.32283  58.8%   127  764s

 61375 50826  415.77520   64  208  842.36000  347.65276  58.7%   127  771s

 62515 51357  385.15232   79  169  842.36000  347.65276  58.7%   127  778s

 63072 52468  475.62718  123  212  842.36000  347.65276  58.7%   128  785s

 64325 53395  350.76577   53  282  842.36000  347.65276  58.7%   127  793s

 65334 54539  382.15039   81  187  842.36000  347.65276  58.7%   128  802s

 66649 55814  434.22828  118  113  842.36000  347.65276  58.7%   128  810s

 68087 56257  504.62342  108  176  842.36000  347.65276  58.7%   128  816s

 68625 57690 infeasible  175       842.36000  347.65276  58.7%   128  825s

 70214 59007  411.36374   85  230  842.36000  347.65276  58.7%   128  833s

 71717 60528  760.00995  226  159  842.36000  347.65276  58.7%   128  842s

 73458 62150  453.13912  100  226  842.36000  347.76096  58.7%   127  854s

 73935 62150  576.02804  129  109  842.36000  347.76096  58.7%   127  855s

 75288 62779  623.49659  134  126  842.36000  347.76096  58.7%   128  862s

 76071 63860  359.71135   44  114  842.36000  347.76096  58.7%   128  871s

 77383 65323  475.17104   69  143  842.36000  347.76096  58.7%   128  881s

 79100 66542  508.94023   89  185  842.36000  347.76096  58.7%   128  889s

 80479 66920  371.38624   81  231  842.36000  347.76096  58.7%   128  896s

 80885 68690  454.42632  118  208  842.36000  347.76096  58.7%   128  907s

 82889 70181  384.84350   62  250  842.36000  348.20673  58.7%   128  916s

 84511 70690  363.75803   48  280  842.36000  348.34430  58.6%   127  925s

 85055 71903  405.15486   85  231  842.36000  348.34430  58.6%   127  934s

 86354 72724  491.10689  139  210  842.36000  348.34430  58.6%   127  942s

 87278 73673  394.40942   49  244  842.36000  348.37186  58.6%   127  950s

 88416 74416  349.80355   51  362  842.36000  348.37186  58.6%   128  958s

 89263 75648  429.89517  110  258  842.36000  348.37186  58.6%   128  966s

 90604 77012  353.44731   44  314  842.36000  348.37186  58.6%   128  975s

 92094 78069  548.00289  150   75  842.36000  348.37186  58.6%   128  987s

 93246 79677  383.58466   71  301  842.36000  348.37186  58.6%   128  999s

 95160 80484  604.54596  185  172  842.36000  348.37186  58.6%   128 1008s

 96075 81900  791.85896  307  172  842.36000  348.37186  58.6%   128 1018s

 97619 82641  504.15136  128  159  842.36000  348.51055  58.6%   128 1027s

 98452 83846  784.93034  201  123  842.36000  348.51055  58.6%   128 1037s

 99858 85113  400.55854   64  166  842.36000  348.68213  58.6%   128 1046s

 101311 86498  414.48465   72  117  842.36000  348.79428  58.6%   129 1058s

 103116 87458  352.29057   43  351  842.36000  348.80756  58.6%   128 1067s

 104281 88606  458.68537   89  217  842.36000  348.80756  58.6%   129 1076s

 105498 89814  752.47091  170   81  842.36000  348.80756  58.6%   129 1084s

 106795 90319  415.46680   98  214  842.36000  348.80756  58.6%   129 1093s

 107412 91631  630.85473  140  228  842.36000  348.80756  58.6%   129 1103s

 108884 92829  393.12367   60  292  842.36000  348.80756  58.6%   129 1113s

 110270 94501  546.24923  158  130  842.36000  348.80756  58.6%   129 1128s

 112412 95222  475.93983   74  122  842.36000  348.80756  58.6%   129 1135s

 113320 95588  357.23518   51  429  842.36000  349.07860  58.6%   129 1141s

 113714 97042  377.64606   72  344  842.36000  349.08024  58.6%   129 1151s

 115343 98054  673.07268  200  108  842.36000  349.13652  58.6%   129 1159s

 116419 98651  574.54875  145  150  842.36000  349.13652  58.6%   129 1166s

 117092 99849  361.30664   55  320  842.36000  349.13652  58.6%   129 1175s

 118413 101229  502.66351  159  163  842.36000  349.13652  58.6%   129 1185s

 119966 102062  513.63058   91  158  842.36000  349.13652  58.6%   129 1193s

 120961 103158  369.31035   69  234  842.36000  349.13652  58.6%   129 1201s

 122157 104347  514.89838  137  142  842.36000  349.13652  58.6%   129 1210s

 123483 105084  354.24935   44  293  842.36000  349.13652  58.6%   129 1220s

 124346 105831  374.20220   66  214  842.36000  349.13652  58.6%   129 1228s

 125171 107099  528.60118  124  129  842.36000  349.13652  58.6%   129 1237s

 126604 108167  369.56151   54  269  842.36000  349.38238  58.5%   129 1246s

 127747 108960  641.48452  156  113  842.36000  349.38238  58.5%   129 1256s

 128671 110175  369.15296   50  321  842.36000  349.38347  58.5%   129 1270s

 129975 111854  523.74494  111  150  842.36000  349.45346  58.5%   130 1283s

 131921 112365  796.92034  156   99  842.36000  349.50366  58.5%   129 1293s

 132495 113104  357.06893   36  302  842.36000  349.50366  58.5%   129 1303s

 133435 113800  390.01495   60  194  842.36000  349.54309  58.5%   130 1311s

 134147 115214  589.60631  119  168  842.36000  349.54309  58.5%   130 1323s

 135718 116308  377.60822   59  361  842.36000  349.54309  58.5%   130 1335s

 136882 117608  468.58733  118  212  842.36000  349.54309  58.5%   130 1348s

 138285 118620  716.31618  276  162  842.36000  349.54309  58.5%   130 1362s

 139493 119840  403.44158   77  203  842.36000  349.59050  58.5%   130 1373s

 140783 120291  396.56746   62  280  842.36000  349.59050  58.5%   130 1383s

 141313 121586  494.21291   92  210  842.36000  349.59050  58.5%   130 1396s

 142876 122823  379.71711   72  276  842.36000  349.74920  58.5%   130 1407s

 144276 123893  361.97909   47  265  842.36000  349.74920  58.5%   130 1420s

 145475 124611  405.14731   78  163  842.36000  349.74920  58.5%   130 1430s

 146299 125934  356.33026   45  328  842.36000  349.83527  58.5%   130 1441s

 147751 127233  356.08998   51  420  842.36000  349.91767  58.5%   130 1457s

 149166 127973  525.89054  154  121  842.36000  349.91767  58.5%   131 1468s

 150030 129299  358.59328   57  315  842.36000  349.91767  58.5%   131 1482s

 151520 130164  405.37028   95  259  842.36000  349.95183  58.5%   131 1496s

 152554 131368  540.79789  161  157  842.36000  349.95183  58.5%   131 1508s

 153973 131774  373.26576   64  306  842.36000  350.06091  58.4%   131 1519s

 154393 133565  404.63009   87  192  842.36000  350.06549  58.4%   131 1533s

 156366 134564  352.18586   45  428  842.36000  350.08326  58.4%   131 1547s

 157567 134592  356.60709   44  201  842.36000  350.08326  58.4%   131 1569s

 157595 135775  363.43300   45  190  842.36000  350.11787  58.4%   131 1584s

 158942 136795  458.10592   59  248  842.36000  350.11787  58.4%   131 1596s

 160104 137200  370.24908   68  277  842.36000  350.11787  58.4%   131 1610s

 160628 138300  383.13620   77  299  842.36000  350.11787  58.4%   131 1622s

 161868 138939  359.09023   48  193  842.36000  350.18765  58.4%   132 1632s

 162586 140132  404.08932   60  147  842.36000  350.18765  58.4%   132 1645s

 164037 141932  380.35636   87  210  842.36000  350.18765  58.4%   132 1659s

 166077 142841  561.13017   90  128  842.36000  350.24334  58.4%   132 1674s

 167116 144123  432.34447   82  192  842.36000  350.24334  58.4%   132 1687s

 168551 145604  364.24795   38  217  842.36000  350.24334  58.4%   132 1704s

 170165 146577  593.71336  132  204  842.36000  350.24334  58.4%   132 1715s

 171293 147814  840.32054  224  206  842.36000  350.30400  58.4%   132 1730s

 172663 148889  548.96800   70  144  842.36000  350.30400  58.4%   132 1746s

 174043 150071  435.81824   88  188  842.36000  350.32794  58.4%   132 1762s

 175348 150982  388.37430   47  208  842.36000  350.33936  58.4%   132 1775s

 176464 151371  358.19521   53  220  842.36000  350.36019  58.4%   132 1789s

 176945 152325  427.53609   65  134  842.36000  350.36019  58.4%   132 1804s

 178156 153093  372.24649   47  283  842.36000  350.36019  58.4%   132 1815s

 178990 154769  407.60278   65  305  842.36000  350.36019  58.4%   133 1829s

 180872 156306  533.63402  146  163  842.36000  350.37592  58.4%   133 1847s

 182678 157521  470.50234  112  151  842.36000  350.42154  58.4%   132 1864s

 184089 158946  589.00541   90  165  842.36000  350.42154  58.4%   132 1879s

 185175 158946  358.37543   46  171  842.36000  350.42154  58.4%   132 1880s

 185739 159520  585.75674   76  115  842.36000  350.42154  58.4%   132 1893s

 186575 160037  526.00673   82  209  842.36000  350.42154  58.4%   133 1903s

 187155 161226  721.29037  143  131  842.36000  350.42154  58.4%   133 1916s

 188577 161290  355.79231   49  344  842.36000  350.42154  58.4%   133 1941s

 188692 161705  355.98206   50  453  842.36000  350.42154  58.4%   133 1956s

 189183 163057  383.67469   65  382  842.36000  350.42154  58.4%   133 1970s

 190811 164843  670.23946  126  200  842.36000  350.62315  58.4%   133 1985s

 192815 165715  483.50265   94  210  842.36000  350.62315  58.4%   133 1996s

 193776 166970  709.40542  184  221  842.36000  350.62315  58.4%   133 2010s

 195170 168464  449.80397   84  102  842.36000  350.62315  58.4%   133 2027s

 196807 169793  386.16002   51  275  842.36000  350.62315  58.4%   133 2043s

 198301 170469  530.41157  125  166  842.36000  350.62315  58.4%   133 2056s

 199119 171672  382.34633   60  193  842.36000  350.62315  58.4%   133 2072s

 200414 172391  368.63724   44  254  842.36000  350.62315  58.4%   133 2084s

 201228 173686  466.12606  114  129  842.36000  350.62315  58.4%   133 2098s

 202776 175083  481.75907  109  160  842.36000  350.75870  58.4%   133 2117s

 204383 176094  648.34106  177  153  842.36000  350.75870  58.4%   133 2129s

 205262 176094  473.67666   99  185  842.36000  350.75870  58.4%   133 2130s

 205616 177046  410.03709   73  311  842.36000  350.75870  58.4%   133 2139s

 206637 178600  558.55311  157  226  842.36000  350.75870  58.4%   133 2151s

 208359 179039  361.66687   59  309  842.36000  350.77204  58.4%   133 2165s

 208901 179499  371.26183   67  299  842.36000  350.77204  58.4%   133 2175s

 209411 180718  464.65217   87  182  842.36000  350.77204  58.4%   133 2187s

 210810 181908  362.92167   52  151  842.36000  350.77204  58.4%   133 2200s

 212109 183102  461.28597  112  205  842.36000  350.90846  58.3%   133 2211s

 213416 183568  740.30160  261  144  842.36000  350.90846  58.3%   133 2221s

 213934 184319  383.38953   60  303  842.36000  350.90846  58.3%   133 2237s

 214764 185537  386.58925   61  255  842.36000  350.90846  58.3%   133 2252s

 216185 186545  474.35903   89  209  842.36000  350.90846  58.3%   133 2266s

 217323 187205  505.25242   86  148  842.36000  350.90846  58.3%   133 2278s

 218075 188446  687.22768  136  105  842.36000  350.90846  58.3%   133 2292s

 219455 189582  539.62372  116  197  842.36000  350.94069  58.3%   133 2305s

 220680 190942  363.84117   55  180  842.36000  350.94069  58.3%   133 2323s

 222243 191470  719.73469  173  157  842.36000  350.99704  58.3%   133 2332s

 222839 192936  420.61063   55  250  842.36000  350.99704  58.3%   133 2348s

 224568 192941  391.64109   65  261  842.36000  350.99704  58.3%   133 2371s

 224587 193132  391.68850   66  267  842.36000  350.99704  58.3%   133 2391s

 224784 193917  395.84902   67  219  842.36000  350.99704  58.3%   133 2405s

 225757 194716  512.62084  114  176  842.36000  350.99704  58.3%   133 2419s

 226624 196393  404.19319   68  167  842.36000  350.99704  58.3%   134 2437s

 228471 197369  374.58284   44  256  842.36000  351.07292  58.3%   133 2456s

 229568 197642  491.05076  103  174  842.36000  351.09289  58.3%   133 2472s

 229861 198990  506.26583  115  148  842.36000  351.09289  58.3%   133 2487s

 231479 199544  434.05620   62  259  842.36000  351.09289  58.3%   133 2498s

 232100 200708  569.91994  111  154  842.36000  351.09289  58.3%   134 2513s

 233545 201844  397.43145   70  282  842.36000  351.22676  58.3%   134 2528s

 234909 203006  424.37270   73  224  842.36000  351.23100  58.3%   134 2547s

 236210 204089  377.14604   53  172  842.36000  351.23100  58.3%   134 2564s

 236906 204089  385.57230   65  163  842.36000  351.23100  58.3%   134 2565s

 237516 204758  374.50789   47  205  842.36000  351.23100  58.3%   134 2575s

 238235 205987  524.87845  111  202  842.36000  351.23100  58.3%   134 2593s

 239639 207350  425.39783   58  212  842.36000  351.23100  58.3%   134 2614s

 241197 208305  362.02148   46  335  842.36000  351.23100  58.3%   134 2626s

 242259 208896  495.22425   91  288  842.36000  351.23100  58.3%   134 2642s

 242950 209364  497.44292   92  266  842.36000  351.23100  58.3%   134 2657s

 243507 210446  501.16869   93  269  842.36000  351.23100  58.3%   134 2673s

 244731 211661  538.46129  116  241  842.36000  351.23100  58.3%   134 2689s

 246155 212973  355.64199   45  251  842.36000  351.23545  58.3%   134 2705s

 247585 214736  483.52079  132  228  842.36000  351.23545  58.3%   134 2721s

 249447 215474  393.58068   73  163  842.36000  351.23545  58.3%   134 2731s

 250270 217077  531.33622  109  157  842.36000  351.23545  58.3%   134 2747s

 252062 218212  402.80627   56  144  842.36000  351.23545  58.3%   134 2762s

 253462 219198  364.94533   55  329  842.36000  351.45939  58.3%   134 2774s

 254572 220603  500.71325  100  277  842.36000  351.45939  58.3%   134 2789s

 256187 221313  375.91425   52  183  842.36000  351.45939  58.3%   134 2801s

 256986 222670  533.54052   74  112  842.36000  351.45939  58.3%   134 2816s

 258574 223672  411.62359  102  167  842.36000  351.51856  58.3%   134 2831s

 259703 224732  391.68210   47  205  842.36000  351.52606  58.3%   134 2848s

 260911 226067  373.41375   52  142  842.36000  351.52606  58.3%   134 2865s

 262477 226816  416.34535   92  263  842.36000  351.57759  58.3%   134 2882s

 263337 228323  473.92353  145  264  842.36000  351.57759  58.3%   134 2899s

 265047 228341  405.43933   50  235  842.36000  351.58246  58.3%   134 2941s

 265065 229318  410.58087   57  209  842.36000  351.58246  58.3%   134 2962s

 266131 230302  355.06655   47  278  842.36000  351.58246  58.3%   135 2981s

 267143 231386  397.78357   54  218  842.36000  351.58246  58.3%   135 2998s

 268495 232700  386.11931   72  303  842.36000  351.59760  58.3%   135 3020s

 269941 233538  543.78783  140  114  842.36000  351.59760  58.3%   135 3037s

 270988 234285  407.33019   64  169  842.36000  351.59760  58.3%   135 3053s

 271804 235595  725.91068  171  130  842.36000  351.59760  58.3%   135 3076s

 273278 236984  573.50160  126  118  842.36000  351.59760  58.3%   135 3094s

 274915 238477  491.79713   93  204  842.36000  351.67923  58.3%   135 3111s

 276623 239419  580.38005   62  141  842.36000  351.67923  58.3%   135 3135s

 277864 240126  387.37949   65  316  842.36000  351.67923  58.3%   135 3147s

 278678 241845  546.64655  104  211  842.36000  351.67923  58.3%   135 3167s

 280635 242852  383.70547   51  188  842.36000  351.71576  58.2%   135 3182s

 281851 243494  371.89501   60  208  842.36000  351.71576  58.2%   135 3199s

 282642 244788  403.25940   73  160  842.36000  351.71576  58.2%   135 3219s

 284217 245543  434.95642   82  140  842.36000  351.77376  58.2%   135 3235s

 285108 247037  517.57007  131  143  842.36000  351.77376  58.2%   135 3257s

 286815 247653  760.47061  196  137  842.36000  351.77376  58.2%   135 3271s

 287491 249055  427.83395   81  231  842.36000  351.77376  58.2%   135 3291s

 289067 249945  362.45684   69  298  842.36000  351.77376  58.2%   135 3308s

 290006 250848  468.16092  123  309  842.36000  351.77376  58.2%   135 3323s

 290965 252176  577.71915  190  239  842.36000  351.80131  58.2%   135 3342s

 292475 253373  398.14028   55  206  842.36000  351.80131  58.2%   135 3364s

 293827 254778  381.32496   55  193  842.36000  351.80131  58.2%   135 3380s

 295386 255679  571.51736  180  182  842.36000  351.80131  58.2%   135 3402s

 296439 257115  425.60919   63  255  842.36000  351.80131  58.2%   135 3426s

 298070 257764  385.73033   58  179  842.36000  351.80131  58.2%   135 3439s

 298796 259403  542.38713  108  175  842.36000  351.80131  58.2%   135 3463s

 300693 261019  509.01151  132  183  842.36000  351.80131  58.2%   135 3481s

 302554 262072  475.26122   95  168  842.36000  351.80131  58.2%   135 3496s

 303760 262084  426.20900   69  178  842.36000  351.80131  58.2%   135 3538s

 303772 262790  427.50023   70  167  842.36000  351.90291  58.2%   135 3563s

 304650 263150  412.86465   61  237  842.36000  351.92716  58.2%   135 3581s

 305043 264361  459.13667   92  142  842.36000  351.92716  58.2%   135 3597s

 306450 265660  455.92782   90  192  842.36000  351.92716  58.2%   135 3613s

 307886 266648  427.41104   54  230  842.36000  351.95978  58.2%   135 3629s

 308988 267483  360.47557   48  252  842.36000  351.98775  58.2%   135 3646s

 309974 268142  513.13873  101  181  842.36000  351.98775  58.2%   135 3670s

 310683 268736  736.83103  194   91  842.36000  351.98775  58.2%   135 3684s

 311295 270411  369.20337   66  257  842.36000  351.98775  58.2%   136 3705s

 313157 271631 infeasible  107       842.36000  351.98775  58.2%   136 3724s

 314595 273069  431.45656   95  202  842.36000  351.98775  58.2%   136 3743s

 316242 274016  831.60688  242   72  842.36000  351.98775  58.2%   135 3756s

 317239 275515  412.80694   77  275  842.36000  351.98775  58.2%   136 3773s

 318833 275988  361.37945   40  389  842.36000  351.98775  58.2%   135 3784s

 319424 277090  443.77084   67  166  842.36000  352.06619  58.2%   135 3797s

 320599 277665  362.87755   45  208  842.36000  352.07077  58.2%   135 3818s

 321305 278461  503.54910  105  215  842.36000  352.07077  58.2%   135 3835s

 322179 279972  378.13586   47  261  842.36000  352.07732  58.2%   136 3853s

 323946 280431  370.29122   62  250  842.36000  352.08408  58.2%   135 3866s

 324479 281651  516.02188  110  167  842.36000  352.08408  58.2%   136 3883s

 325902 282589  384.01637   64  227  842.36000  352.09959  58.2%   136 3898s

 326991 283644  360.12303   49  360  842.36000  352.09959  58.2%   136 3915s

 328105 284138  437.82462   78  232  842.36000  352.09959  58.2%   136 3926s

 328664 286217  463.58653  103  245  842.36000  352.13880  58.2%   136 3947s

 330864 287538  385.13564   50  220  842.36000  352.16232  58.2%   135 3966s

 332338 288620  364.77130   53  315  842.36000  352.16842  58.2%   136 3983s

 333607 289398  405.08946   88  197  842.36000  352.18209  58.2%   136 3995s

 334432 290154  407.20301   55  243  842.36000  352.18209  58.2%   136 4015s

 335252 291107  551.17104  119  157  842.36000  352.18209  58.2%   136 4031s

 336361 291654  734.38676  190  103  842.36000  352.20640  58.2%   136 4049s

 337112 292937  389.68557   69  292  842.36000  352.21429  58.2%   136 4074s

 338517 293995  636.35386  171  214  842.36000  352.21429  58.2%   136 4091s

 339668 295574  389.31724   58  135  842.36000  352.21429  58.2%   136 4111s

 341349 295586  708.71108  194  152  842.36000  352.21429  58.2%   136 4145s

 341361 295598  708.78942  195  154  842.36000  352.21429  58.2%   136 4172s

 341373 295610  712.41334  196  144  842.36000  352.21429  58.2%   136 4185s

 341385 295621  713.00584  197  135  842.36000  352.21429  58.2%   136 4197s

 341397 295629  713.79098  198  144  842.36000  352.21429  58.2%   136 4210s

 341413 295641  715.75143  199  157  842.36000  352.21429  58.2%   136 4227s

 341425 295653  716.74482  200  150  842.36000  352.21429  58.2%   136 4246s

 341437 295665  718.67447  201  140  842.36000  352.21429  58.2%   136 4266s

 341449 295711  723.09529  202  143  842.36000  352.21429  58.2%   136 4286s

 341507 295816  725.53898  203  147  842.36000  352.21429  58.2%   136 4308s

 341612 296020  726.23595  204  155  842.36000  352.21429  58.2%   136 4333s

 341847 296196  748.27622  214  119  842.36000  352.21429  58.2%   136 4364s

 342093 296665  416.89713   57  165  842.36000  352.21429  58.2%   136 4383s

 342619 297236  386.17927   62  186  842.36000  352.21429  58.2%   136 4413s

 343313 297578  395.20482   63  189  842.36000  352.21429  58.2%   136 4439s

 343676 299441  395.23813   64  184  842.36000  352.21429  58.2%   136 4468s

 345781 301155  381.83929   54  211  842.36000  352.30618  58.2%   136 4497s

 347810 301990  388.70733   94  152  842.36000  352.30618  58.2%   136 4519s

 348831 303681  368.03945   40  226  842.36000  352.30618  58.2%   136 4551s

 350798 304526  416.64492   91  255  842.36000  352.30618  58.2%   136 4567s

 351671 305891  452.09391  149  172  842.36000  352.30618  58.2%   136 4586s

 353138 306392 infeasible  320       842.36000  352.34568  58.2%   135 4605s

 353677 307703  372.59151   60  283  842.36000  352.37436  58.2%   135 4623s

 355154 308799  469.97463  113  277  842.36000  352.37436  58.2%   135 4637s

 356324 309917  578.15397  214  191  842.36000  352.37436  58.2%   135 4652s

 357541 310577  403.40826   66  237  842.36000  352.37436  58.2%   135 4670s

 358250 311552  717.82177  119  133  842.36000  352.37436  58.2%   135 4686s

 359374 311704  373.95995   65  250  842.36000  352.37436  58.2%   135 4714s

 359538 311938  374.44450   66  299  842.36000  352.37436  58.2%   135 4730s

 359786 312021  377.59945   67  269  842.36000  352.37436  58.2%   135 4744s

 359884 312207  377.81491   68  176  842.36000  352.37436  58.2%   135 4756s

 360082 312749  377.89988   69  304  842.36000  352.37436  58.2%   135 4771s

 360662 313152  378.98524   70  182  842.36000  352.37436  58.2%   135 4786s

 361159 314210  383.27635   71  209  842.36000  352.37436  58.2%   135 4807s

 362386 315598  479.39447  132  188  842.36000  352.37919  58.2%   135 4827s

 363953 316340  365.30686   52  277  842.36000  352.41572  58.2%   135 4842s

 364811 317491  502.12366  103  208  842.36000  352.41572  58.2%   135 4862s

 366146 318239  356.91040   50  239  842.36000  352.41572  58.2%   135 4880s

 367035 318806  486.28357   77  200  842.36000  352.41572  58.2%   136 4902s

 367718 321330  527.93532  107  103  842.36000  352.41572  58.2%   136 4945s

 370631 322641  628.71280  121  168  842.36000  352.53450  58.1%   136 4969s

 372087 323381  391.60692   80  238  842.36000  352.57683  58.1%   136 4989s

 372883 324526  621.91499  147  132  842.36000  352.57683  58.1%   136 5014s

 373974 324526  829.11246  197  101  842.36000  352.61339  58.1%   136 5015s

 374280 325671  430.47756   75  224  842.36000  352.61339  58.1%   136 5038s

 375665 326546  398.68772   67  184  842.36000  352.61339  58.1%   136 5062s

 376683 327123  395.65374   63  169  842.36000  352.61339  58.1%   136 5076s

 377378 328263  360.21888   45  253  842.36000  352.61339  58.1%   136 5099s

 378756 329613  367.86769   65  209  842.36000  352.65863  58.1%   136 5126s

 380197 330510  517.51907  167  187  842.36000  352.65863  58.1%   136 5144s

 381236 332081  360.10576   67  225  842.36000  352.65863  58.1%   136 5170s

 382957 333420  558.28676  153  127  842.36000  352.65863  58.1%   136 5194s

 384464 334743  412.38329   78  147  842.36000  352.65863  58.1%   136 5219s

 385973 335524  369.01443   57  554  842.36000  352.72673  58.1%   136 5250s

 386892 337037  361.54034   42  354  842.36000  352.72673  58.1%   136 5276s

 388538 338667  750.75898  233  107  842.36000  352.74792  58.1%   136 5301s

 390399 339457  770.52170  132   97  842.36000  352.74792  58.1%   136 5328s

 391382 340901  425.03732  102  210  842.36000  352.74792  58.1%   136 5351s

 393073 341909  617.06173  270  179  842.36000  352.74792  58.1%   136 5371s

 394205 343357  358.91647   50  382  842.36000  352.74792  58.1%   136 5392s

 395828 344324  356.58898   51  223  842.36000  352.74792  58.1%   136 5413s

 396887 345177  495.55408  127  193  842.36000  352.74792  58.1%   136 5435s

 397791 346014  358.15614   39  284  842.36000  352.74792  58.1%   136 5461s

 398806 347444  468.06918   77  110  842.36000  352.74792  58.1%   136 5483s

 400434 348374  582.33391  107  148  842.36000  352.74792  58.1%   136 5503s

 401564 348994  396.16912   48  182  842.36000  352.74792  58.1%   136 5532s

 402296 349678  368.85055   53  254  842.36000  352.92814  58.1%   136 5552s

 403100 350490  357.26832   49  173  842.36000  352.92814  58.1%   136 5574s

 404067 352044  709.73352  175   91  842.36000  352.92814  58.1%   136 5599s

 405712 353320  494.60765  119  208  842.36000  352.92814  58.1%   136 5621s

 407094 354078  724.01120  287  200  842.36000  352.92814  58.1%   136 5636s

 407920 355320  407.22473   73  123  842.36000  352.95572  58.1%   136 5656s

 409322 356099  356.51244   54  328  842.36000  352.97573  58.1%   136 5677s

 410135 357152  397.22097   69  307  842.36000  352.97573  58.1%   136 5696s

 411242 358728  472.25571  119  244  842.36000  352.97573  58.1%   136 5722s

 412988 359066  361.17079   44  228  842.36000  352.97573  58.1%   136 5743s

 413415 360396  397.94703   57  167  842.36000  352.98337  58.1%   136 5763s

 414854 361465  363.54995   61  339  842.36000  352.99794  58.1%   136 5782s

 416020 362441  450.64687   93  199  842.36000  352.99794  58.1%   136 5806s

 417118 363250  549.67274  157  235  842.36000  353.00774  58.1%   136 5821s

 417995 364404  721.39275  275  200  842.36000  353.00774  58.1%   136 5847s

 419348 365289  418.89291   79  158  842.36000  353.00774  58.1%   136 5873s

 420340 366551  370.99782   44  231  842.36000  353.00774  58.1%   136 5893s

 421777 367734  431.88332   58  155  842.36000  353.00774  58.1%   136 5918s

 423185 368169  407.65859   75  186  842.36000  353.05616  58.1%   136 5936s

 423667 369692  556.81687  130  171  842.36000  353.05755  58.1%   136 5969s

 425303 371122  436.50094   88  221  842.36000  353.05755  58.1%   136 5999s

 426916 372329  357.38557   66  262  842.36000  353.05755  58.1%   136 6025s

 428322 373414  440.18559   71  159  842.36000  353.05755  58.1%   136 6053s

 429658 374318  574.85574   98  191  842.36000  353.13869  58.1%   136 6074s

 430669 374869  471.75237   68  147  842.36000  353.13869  58.1%   136 6099s

 431314 375911  369.51520   62  329  842.36000  353.13869  58.1%   136 6122s

 432492 376847  452.73444  105  271  842.36000  353.13955  58.1%   136 6142s

 433553 378138  521.36802  148  141  842.36000  353.15600  58.1%   136 6167s

 435012 378832  366.74156   61  221  842.36000  353.15600  58.1%   136 6194s

 435811 380152  599.77828  118  157  842.36000  353.17067  58.1%   136 6220s

 437332 381973  418.56023   43  238  842.36000  353.17245  58.1%   136 6249s

 439373 382612  595.76279   70  137  842.36000  353.17245  58.1%   136 6272s

 440098 384235  359.68547   54  208  842.36000  353.17245  58.1%   136 6307s

 441974 384352  369.68648   57  320  842.36000  353.17245  58.1%   136 6329s

 442106 384716  408.05901   60  196  842.36000  353.17245  58.1%   136 6343s

 442520 385845  487.07636   75  106  842.36000  353.17245  58.1%   136 6370s

 443893 386591  446.78901   74  241  842.36000  353.17245  58.1%   136 6388s

 444814 387911  363.26794   50  291  842.36000  353.17245  58.1%   136 6413s

 446376 389183  648.10564  134  148  842.36000  353.26868  58.1%   136 6438s

 447828 390224  636.16068  100  125  842.36000  353.28071  58.1%   136 6459s

 448084 390224  453.74865  102  222  842.36000  353.28071  58.1%   136 6460s

 448977 391941  378.56651   68  221  842.36000  353.28071  58.1%   136 6485s

 450778 393205  532.83835  160  185  842.36000  353.28071  58.1%   136 6509s

 452263 394145  539.04940  108  108  842.36000  353.28071  58.1%   136 6533s

 453262 395904  375.64605   69  251  842.36000  353.28071  58.1%   136 6562s

 455234 396859  704.47131  243  146  842.36000  353.28071  58.1%   136 6590s

 456380 397294  414.77500   81  214  842.36000  353.28071  58.1%   136 6603s

 456843 398697  474.00642  119  212  842.36000  353.28071  58.1%   136 6628s

 458439 399599  378.81136   46  212  842.36000  353.28071  58.1%   136 6664s

 459425 401322  441.85222   78  177  842.36000  353.28071  58.1%   136 6701s

 461393 402525  474.64964   91  155  842.36000  353.36861  58.1%   136 6727s

 462700 403696  359.08069   47  248  842.36000  353.36861  58.1%   136 6748s

 463919 405298  423.48655   89  241  842.36000  353.36861  58.1%   136 6776s

 465656 406689  737.02935  250  200  842.36000  353.36861  58.1%   136 6800s

 467154 407987  387.90362   73  286  842.36000  353.36861  58.1%   135 6823s

 468521 409392  492.61766  136  221  842.36000  353.36861  58.1%   135 6852s

 470206 409897  356.28626   46  344  842.36000  353.41382  58.0%   135 6866s

 470783 410725  479.93085   98  131  842.36000  353.41382  58.0%   135 6886s

 471819 411096  583.06481   75  152  842.36000  353.42550  58.0%   136 6915s

 472264 411683 infeasible   76       842.36000  353.42550  58.0%   136 6937s

 472936 412394  545.65380   75  165  842.36000  353.43925  58.0%   136 6960s

 473806 412838  411.65557   65  128  842.36000  353.44310  58.0%   136 6982s

 474345 413828  368.57651   51  260  842.36000  353.44310  58.0%   136 7006s

 475608 414269  555.56765  108  183  842.36000  353.45156  58.0%   136 7023s

 476111 415481  768.92741  187  119  842.36000  353.45156  58.0%   136 7051s

 477650 416811  408.35445   79  332  842.36000  353.48977  58.0%   136 7074s

 479067 417359  536.10465  153  224  842.36000  353.48977  58.0%   136 7089s

 479721 418643  634.76206  214  192  842.36000  353.48987  58.0%   136 7113s

 481239 419835  378.39680   76  295  842.36000  353.49162  58.0%   136 7138s

 482575 421000  459.27610  140  192  842.36000  353.49162  58.0%   136 7160s

 483826 422451  767.98025  314  209  842.36000  353.49334  58.0%   136 7185s

 485386 422841  404.28346   80  240  842.36000  353.49334  58.0%   136 7199s

 485827 424387  478.80201  111  246  842.36000  353.49334  58.0%   136 7226s

 487569 425362  357.05256   48  268  842.36000  353.51268  58.0%   136 7248s

 488654 426331  478.26479  110  243  842.36000  353.51268  58.0%   136 7270s

 489766 427071  364.98915   54  407  842.36000  353.51268  58.0%   136 7289s

 490633 428639  408.82016   59  275  842.36000  353.51268  58.0%   136 7316s

 492403 429141  714.78872  114  106  842.36000  353.54051  58.0%   136 7332s

 493031 430384  456.30615   77   93  842.36000  353.54051  58.0%   136 7357s

 494557 431640  390.00969   67  259  842.36000  353.57993  58.0%   136 7383s

 495831 433182  665.88715  211  170  842.36000  353.57993  58.0%   136 7414s

 497638 433664  403.96347   63  162  842.36000  353.57993  58.0%   136 7429s

 498153 434848  637.53390   96  105  842.36000  353.57993  58.0%   136 7454s

 499647 436071  470.40396   86  149  842.36000  353.61509  58.0%   136 7480s

 501115 436986  404.51881   70  288  842.36000  353.62764  58.0%   136 7509s

 501319 436986  495.04925   77  168  842.36000  353.62764  58.0%   136 7510s

 502073 438073  501.87413  101  128  842.36000  353.63736  58.0%   136 7535s

 503293 439010  362.23715   42  274  842.36000  353.63977  58.0%   136 7558s

 504384 439800  368.27797   50  241  842.36000  353.64144  58.0%   136 7577s

 505214 440546  805.15702  127   63  842.36000  353.65589  58.0%   136 7608s

 506072 441213  370.36270   50  338  842.36000  353.65589  58.0%   136 7629s

 506871 441868  407.72725   76  237  842.36000  353.65589  58.0%   136 7655s

 507610 443160  533.30746  117  179  842.36000  353.65589  58.0%   136 7683s

 509086 444175  449.61267   90  158  842.36000  353.67156  58.0%   136 7713s

 510365 445574  383.10203   58  225  842.36000  353.68672  58.0%   136 7746s

 511843 446413  699.52088  181  180  842.36000  353.68672  58.0%   136 7771s

 512874 447104     cutoff   85       842.36000  353.68986  58.0%   136 7812s

 513788 448229  360.94215   46  276  842.36000  353.68986  58.0%   136 7843s

 514970 450309  451.36574  115  227  842.36000  353.68986  58.0%   136 7889s

 517167 450309  629.91354  235  202  842.36000  353.68986  58.0%   136 7890s

 517393 451299  495.43978   64  118  842.36000  353.68986  58.0%   136 7916s

 518522 453043  417.76809   81  176  842.36000  353.73655  58.0%   136 7948s

 520406 454464  432.75428   78  213  842.36000  353.73655  58.0%   136 7980s

 521951 455729  364.88246   49  287  842.36000  353.73655  58.0%   136 8009s

 523394 456487  358.93480   58  318  842.36000  353.75070  58.0%   136 8033s

 524283 456882  457.22827   92  185  842.36000  353.75646  58.0%   136 8058s

 524731 458143  387.55941   54  234  842.36000  353.75646  58.0%   136 8084s

 525504 458143  412.29640   72  236  842.36000  353.75646  58.0%   136 8085s

 526079 459567  563.93253  184  182  842.36000  353.75646  58.0%   136 8114s

 527648 460183  373.79579   56  304  842.36000  353.75646  58.0%   136 8133s

 528353 461490  417.51995   80  246  842.36000  353.75646  58.0%   136 8165s

 529741 462750  582.86111  203  200  842.36000  353.75646  58.0%   136 8194s

 531164 463477  463.61849   62  200  842.36000  353.75646  58.0%   136 8232s

 532071 464796  427.61546   66  197  842.36000  353.81532  58.0%   136 8272s

 533690 465843  549.64548   93  100  842.36000  353.84621  58.0%   136 8302s

 534830 466614  666.02862  153  108  842.36000  353.84621  58.0%   136 8334s

 535917 467646  428.98203   66  166  842.36000  353.85434  58.0%   136 8364s

 537155 469761  380.66953   66  168  842.36000  353.85434  58.0%   136 8407s

 539512 470412  700.42179  253  192  842.36000  353.85434  58.0%   136 8437s

 540272 471963  404.85772   78  165  842.36000  353.85841  58.0%   136 8473s

 542017 473054  384.28379   62  242  842.36000  353.87525  58.0%   136 8501s

 543214 474392  590.66590  183  181  842.36000  353.87525  58.0%   136 8540s

 544622 474946  435.09619   85  156  842.36000  353.87525  58.0%   136 8564s

 545225 476623  565.61697  157  192  842.36000  353.87525  58.0%   136 8601s

 547082 477458  386.82445   57  198  842.36000  353.87525  58.0%   136 8637s

 548020 478806  506.11334  125  231  842.36000  353.87525  58.0%   136 8669s

 549294 478806  484.56967  108  246  842.36000  353.87525  58.0%   136 8670s

 549516 480263  361.40285   47  367  842.36000  353.87525  58.0%   136 8703s

 551054 481109  451.78952  101  299  842.36000  353.87525  58.0%   136 8737s

 552004 481979  557.43859  169  242  842.36000  353.87525  58.0%   136 8764s

 552920 483539  823.90214  322  175  842.36000  353.87525  58.0%   136 8802s

 554751 484956  527.56869  134  199  842.36000  353.97739  58.0%   136 8832s

 556271 485663  389.68268   59  293  842.36000  353.97739  58.0%   136 8853s

 556990 486680  440.45144   97  204  842.36000  353.97739  58.0%   136 8891s

 558106 487983  553.01556  154  219  842.36000  353.97739  58.0%   136 8921s

 559482 489414  382.47783   57  259  842.36000  353.97739  58.0%   136 8956s

 561115 490271  524.76726  127  154  842.36000  353.97739  58.0%   136 8982s

 562109 491019  813.92687  297  175  842.36000  353.97739  58.0%   136 9007s

 562982 491513  452.80370   69  168  842.36000  353.97739  58.0%   136 9031s

 563613 492228  380.63003   58  276  842.36000  353.97739  58.0%   136 9060s

 564450 492856  457.17985   78  125  842.36000  353.97739  58.0%   136 9089s

 565161 494237  556.18643  146  117  842.36000  353.97739  58.0%   136 9127s

 566777 495199  388.09984   65  205  842.36000  353.97739  58.0%   136 9162s

 568025 495738  433.64928   72  177  842.36000  353.97739  58.0%   136 9194s

 568656 498619  356.94193   63  352  842.36000  353.97739  58.0%   136 9257s

 571748 499905  798.23530  194  160  842.36000  354.03281  58.0%   136 9292s

 573146 500325  364.42075   42  356  842.36000  354.08306  58.0%   136 9316s

 573596 501798  408.79714   58  236  842.36000  354.08306  58.0%   136 9354s

 575240 503187  456.38369  103  251  842.36000  354.08306  58.0%   136 9396s

 576752 504248  363.96622   60  284  842.36000  354.08766  58.0%   136 9432s

 577933 505267  362.78902   44  404  842.36000  354.08766  58.0%   136 9461s

 579130 506198  464.26526   86  277  842.36000  354.08766  58.0%   136 9496s

 580219 506788  360.09365   51  431  842.36000  354.08766  58.0%   136 9517s

 580840 508107  397.07184   80  173  842.36000  354.08766  58.0%   136 9555s

 582298 508986  359.15065   43  293  842.36000  354.08766  58.0%   136 9587s

 583426 510379  685.38502   66   96  842.36000  354.08766  58.0%   137 9626s

 585008 511558  411.13302   57  186  842.36000  354.08766  58.0%   136 9664s

 585115 511558  501.78426  137  214  842.36000  354.08766  58.0%   136 9665s

 586382 512060  615.98983  127   96  842.36000  354.14320  58.0%   136 9695s

 586906 515579  380.66429   54  385  842.36000  354.14547  58.0%   136 9780s

 590808 516824  402.67088   71  202  842.36000  354.18936  58.0%   136 9815s

 592219 517472  399.30002   59  296  842.36000  354.18936  58.0%   136 9854s

 592944 518224  409.36641   65  148  842.36000  354.18936  58.0%   136 9880s

 593776 519593  568.18923  137  108  842.36000  354.18936  58.0%   136 9913s

 595343 520960  440.04533   86  187  842.36000  354.22512  57.9%   136 9945s

 596904 522235  413.17571   74  178  842.36000  354.22512  57.9%   136 9974s

 598352 522935  359.02899   53  290  842.36000  354.22512  57.9%   136 10005s

 599124 523956  401.22973   61  206  842.36000  354.22512  57.9%   136 10033s

 600283 525116  378.16754   64  250  842.36000  354.22512  57.9%   136 10063s

 601564 526107     cutoff  116       842.36000  354.22512  57.9%   136 10094s

 602166 526107  671.79376  122   97  842.36000  354.22634  57.9%   136 10095s

 602793 527303  378.73104   41  224  842.36000  354.27654  57.9%   136 10130s

 604088 528075  395.60089   64  178  842.36000  354.27833  57.9%   136 10167s

 605005 529804  373.14408   57  263  842.36000  354.27833  57.9%   136 10218s

 607010 530295 infeasible  123       842.36000  354.27833  57.9%   136 10251s

 607619 531530  417.49758   70  247  842.36000  354.29388  57.9%   137 10296s

 609053 532923  358.24317   48  278  842.36000  354.29501  57.9%   137 10338s

 610746 533535  360.64307   61  314  842.36000  354.32561  57.9%   137 10358s

 611358 535107  420.93702   89  217  842.36000  354.32934  57.9%   137 10405s

 613086 536532  375.13639   49  151  842.36000  354.33090  57.9%   136 10449s

 614611 537475  370.94039   45  373  842.36000  354.33241  57.9%   136 10492s

 615769 538538  465.85207   69  106  842.36000  354.33241  57.9%   136 10526s

 616980 539898  384.23435   61  218  842.36000  354.33241  57.9%   137 10565s

 618523 540702  514.51175  124  171  842.36000  354.33241  57.9%   137 10608s

 619449 541419  382.25930   68  283  842.36000  354.33241  57.9%   137 10633s

 620202 542895  443.62730  102  248  842.36000  354.33241  57.9%   137 10674s

 621886 543943  363.04220   58  382  842.36000  354.36199  57.9%   137 10709s

 622720 543943  395.15625   61  337  842.36000  354.36199  57.9%   137 10710s

 623051 545324  368.99311   57  156  842.36000  354.36199  57.9%   137 10758s

 624688 546073  361.00739   50  230  842.36000  354.39090  57.9%   137 10798s

 625577 547148  616.29323  125   97  842.36000  354.39090  57.9%   137 10832s

 626801 547647  409.99744   84  243  842.36000  354.39788  57.9%   137 10859s

 627422 549362  482.41145  126  183  842.36000  354.39788  57.9%   137 10905s

 629233 550591  524.45963   89  165  842.36000  354.39788  57.9%   137 10950s

 630647 551923  491.31636  105  159  842.36000  354.39788  57.9%   137 10997s

 632066 553121  363.29062   52  318  842.36000  354.39788  57.9%   137 11037s

 633429 553334  550.97807  113  148  842.36000  354.39788  57.9%   137 11082s

 633768 553909  733.52279  137  138  842.36000  354.46302  57.9%   137 11110s

 634397 555312  376.71129   70  214  842.36000  354.46302  57.9%   137 11151s

 636011 556075  366.68922   46  270  842.36000  354.46611  57.9%   137 11180s

 636851 557466  623.24434  128  182  842.36000  354.46611  57.9%   137 11224s

 637417 557466  412.50988   76  236  842.36000  354.47471  57.9%   137 11225s

 638493 558749 infeasible  105       842.36000  354.47888  57.9%   137 11265s

 640012 559614  426.97112   76  160  842.36000  354.47888  57.9%   137 11309s

 641268 560454  417.22597   76  238  842.36000  354.50465  57.9%   137 11339s

 642183 561982  683.61178  127  227  842.36000  354.50465  57.9%   137 11388s

 644000 562975  361.98011   52  413  842.36000  354.50821  57.9%   137 11427s

 645158 564299  497.93452  121  185  842.36000  354.50821  57.9%   137 11468s

 646638 564803  359.36275   54  313  842.36000  354.53411  57.9%   137 11502s

 647179 566231  418.34478   79  161  842.36000  354.53411  57.9%   137 11546s

 648809 567033  643.79025   97  148  842.36000  354.53411  57.9%   137 11593s

 649733 568203  417.38514   90  202  842.36000  354.53411  57.9%   137 11634s

 650499 568203  706.10002  136  119  842.36000  354.53411  57.9%   137 11635s

 651007 568880  600.40337  232  225  842.36000  354.53411  57.9%   137 11666s

 651703 570602  708.00747  301  183  842.36000  354.53411  57.9%   137 11714s

 653615 571530  440.90706   88  242  842.36000  354.53411  57.9%   137 11756s

 654693 572715  495.82320  106  208  842.36000  354.53411  57.9%   137 11805s

 655952 574011  405.78066   45  409  842.36000  354.53411  57.9%   137 11850s

 657394 575032  559.85058  107  136  842.36000  354.53411  57.9%   137 11889s

 657840 575032  595.32276  166  235  842.36000  354.53411  57.9%   137 11890s

 658594 576461  417.08944   70  261  842.36000  354.53411  57.9%   137 11932s

 660086 577246  367.49236   55  322  842.36000  354.53411  57.9%   137 11967s

 660978 578445  448.56123   83  212  842.36000  354.53411  57.9%   137 12016s

 662351 579238  371.98330   56  180  842.36000  354.60270  57.9%   137 12058s

 663280 580603  607.07160   75  108  842.36000  354.60270  57.9%   137 12101s

 664862 581936  500.84850   73  102  842.36000  354.60270  57.9%   137 12145s

 666422 582726  498.01740  106  218  842.36000  354.60290  57.9%   137 12180s

 667364 583213  391.73545   63  183  842.36000  354.60290  57.9%   137 12211s

 667931 583996  471.22677   96  136  842.36000  354.63008  57.9%   137 12263s

 668982 584806  363.27811   60  411  842.36000  354.64119  57.9%   137 12295s

 669900 586023  386.30908   80  207  842.36000  354.64119  57.9%   137 12336s

 671340 586606  639.76600  165   83  842.36000  354.66097  57.9%   137 12369s

 671664 586606  539.57529   64  143  842.36000  354.66097  57.9%   137 12370s

 672140 586985  396.64526   61  201  842.36000  354.66725  57.9%   137 12402s

 672555 588654  484.63758   98  178  842.36000  354.66725  57.9%   137 12447s

 674338 589888 infeasible  260       842.36000  354.68637  57.9%   137 12492s

 675683 590980  430.51775   71  206  842.36000  354.68637  57.9%   137 12537s

 676942 591717  434.39351   58  228  842.36000  354.68637  57.9%   137 12583s

 677769 592257  370.72271   48  290  842.36000  354.68637  57.9%   137 12649s

 678433 593198  377.70603   49  181  842.36000  354.68637  57.9%   137 12719s

 679549 595540  466.49251   71  114  842.36000  354.68637  57.9%   137 12796s

 682136 597318  535.67554   96  213  842.36000  354.73917  57.9%   137 12860s

 684328 598694  364.93521   52  288  842.36000  354.75420  57.9%   137 12914s

 685462 598694  795.15540   81   79  842.36000  354.76106  57.9%   137 12915s

 686120 599030  374.89925   49  314  842.36000  354.76106  57.9%   138 12944s

 686605 600510  538.11573   87  174  842.36000  354.76106  57.9%   138 12992s

 688350 601846  470.17129   85  182  842.36000  354.76106  57.9%   138 13037s

 689911 602590  419.41099   70  132  842.36000  354.76106  57.9%   138 13073s

 690755 604140  509.00211  125  136  842.36000  354.76106  57.9%   138 13122s

 692544 605207  561.51395  108  176  842.36000  354.76106  57.9%   138 13164s

 693805 606737  409.94330   68  392  842.36000  354.76106  57.9%   138 13215s

 695483 607188  663.22275  184  239  842.36000  354.76106  57.9%   138 13257s

 695992 610596  390.36662   46  259  842.36000  354.80720  57.9%   138 13369s

 699960 611387  530.68158   96  171  842.36000  354.84076  57.9%   138 13412s

 700872 612454  464.65060   78  291  842.36000  354.84076  57.9%   138 13456s

 702007 613769  603.76223  133  194  842.36000  354.84076  57.9%   138 13504s

 703568 614164  382.37902   58  254  842.36000  354.86917  57.9%   138 13547s

 703989 615094  482.39175   67  167  842.36000  354.86917  57.9%   138 13586s

 705287 615788  410.34148   71  264  842.36000  354.87999  57.9%   138 13613s

 705997 617251  466.61333  105  225  842.36000  354.87999  57.9%   138 13663s

 707663 618199  776.25962  248  188  842.36000  354.87999  57.9%   138 13702s

 708855 619168  486.25983   67  209  842.36000  354.89292  57.9%   138 13739s

 709676 619168  692.06870  107  190  842.36000  354.89292  57.9%   138 13740s

 709899 620472  565.59508  125  129  842.36000  354.89292  57.9%   138 13795s

 711535 621595  369.27209   66  238  842.36000  354.90361  57.9%   138 13837s

 712861 621909  622.29525  157  223  842.36000  354.90361  57.9%   138 13877s

 713241 623129  386.49670   54  238  842.36000  354.90361  57.9%   138 13924s

 714598 624515  606.76666  202  224  842.36000  354.90361  57.9%   138 13970s

 716084 625220  392.91406   67  345  842.36000  354.90361  57.9%   138 14016s

 716863 626192  427.94922   83  396  842.36000  354.92619  57.9%   138 14057s

 717939 627152  606.75957  155  242  842.36000  354.92619  57.9%   138 14095s

 718987 628323  371.53308   46  274  842.36000  354.93909  57.9%   138 14143s

 720398 628882  808.97403  151  114  842.36000  354.93909  57.9%   138 14174s

 721048 629926  468.81689   87  174  842.36000  354.93909  57.9%   138 14220s

 722463 630340  415.81920   89  209  842.36000  354.93909  57.9%   138 14258s

 722915 631935  459.01161  104  244  842.36000  354.98562  57.9%   138 14312s

 724672 633115  360.95446   51  308  842.36000  354.98562  57.9%   138 14360s

 726087 633911  646.53966  111  131  842.36000  354.98562  57.9%   138 14400s



Cutting planes:

  Learned: 24

  Gomory: 30

  Cover: 184

  Implied bound: 447

  Projected implied bound: 15

  Clique: 432

  MIR: 409

  Mixing: 36

  StrongCG: 62

  Flow cover: 1885

  GUB cover: 23

  Inf proof: 7

  Zero half: 1846

  RLT: 64

  Relax-and-lift: 681

  BQP: 1



Explored 727047 nodes (100401928 simplex iterations) in 14401.73 seconds (9984.34 work units)

Thread count was 20 (of 20 available processors)



Solution count 10: 842.36 844.45 846.28 ... 893.42



Time limit reached

Best objective 8.423600000000e+02, best bound 3.549856156128e+02, gap 57.8582%



AMPL MP initial flat model has 9818 variables (0 integer, 9732 binary);

Objectives: 1 quadratic; 

Constraints:  2561 linear; 12 quadratic;



AMPL MP final model has 9818 variables (0 integer, 9732 binary);

Objectives: 1 quadratic; 

Constraints:  2561 linear; 12 quadratic;





-----RESULTS INFO-----
running_time:  14418.703
TC.best_bound:  354.9856156128482
TC:  842.3599999999998
MIP Gap (%):  57.85820603864757
=== Vehicle Routes ===
Vehicle 1: 0  12
Vehicle 1: 1  56
Vehicle 1: 4  5
Vehicle 1: 5  14
Vehicle 1: 7  1
Vehicle 1: 12  4
Vehicle 1: 14  48
Vehicle 1: 48  7
Vehicle 2: 0  47
Vehicle 2: 2  10
Vehicle 2: 10  33
Vehicle 2: 33  56
Vehicle 2: 47  2
Vehicle 3: 0  6
Vehicle 3: 3  8
Vehicle 3: 6  54
Vehicle 3: 8  56
Vehicle 3: 54  3
Vehicle 4: 0  15
Vehicle 4: 9  56
Vehicle 4: 15  49
Vehicle 4: 35  9
Vehicle 4: 49  35
Vehicle 5: 0  53
Vehicle 5: 11  56
Vehicle 5: 51  11
Vehicle 5: 53  51
Vehicle 6: 0  45
Vehicle 6: 13  56
Vehicle 6: 45  13

=== Full Vehicle Routes ===
Vehicle 1: 0  12  4  5  14  48  7  1  0 (96<100)
Vehicle 2: 0  47  2  10  33  0 (88<100)
Vehicle 3: 0  6  54  3  8  0 (99<100)
Vehicle 4: 0  15  49  35  9  0 (93<100)
Vehicle 5: 0  53  51  11  0 (100<100)
Vehicle 6: 0  45  13  0 (94<100)
Arc used by MRT line: y variables:
Customer assigment to PL: u variables:
16 49
17 54
18 45
19 45
20 49
21 53
22 54
23 48
24 54
25 47
26 48
27 49
28 51
29 45
30 45
31 51
32 54
34 47
36 51
37 49
38 47
39 45
40 51
41 48
42 45
43 51
Node is served by regular vehicle: g variables:
1
2
3
4
5
6
7
8
9
10
11
12
13
14
15
33
35
51
53
54
45
47
48
49
Customer assigment to Home delivery: gm variables:
1
2
3
4
5
6
7
8
9
10
11
12
13
14
15
33
35
Node total demands: ntd variables:
1 9 1
2 9 1
3 3 1
4 14 1
5 8 1
6 8 1
7 2 1
8 9 1
9 8 1
10 14 1
11 24 1
12 13 1
13 18 1
14 14 1
15 18 1
30 0 0
31 0 0
32 0 0
33 14 1
34 0 0
35 24 1
36 0 0
37 0 0
38 0 0
39 0 0
40 0 0
41 0 0
42 0 0
43 0 0
50 0 0
51 58 1
52 0 0
53 18 1
54 79 1
55 0 0
44 0 0
45 76 1
46 0 0
47 51 1
48 36 1
49 43 1
Customer's demand delivered to PL: l variables:
16
17
18
19
20
21
22
23
24
25
26
27
28
29
30
31
32
34
36
37
38
39
40
41
42
43
Lockers load <= capacity:
0 <= 94
58 <= 85
0 <= 71
18 <= 85
79 <= 96
0 <= 71
0 <= 85
76 <= 80
0 <= 86
51 <= 85
36 <= 83
43 <= 90
