Gurobi 12.0.0:   lim:time = 14400

  mip:bestbound = 1

Set parameter LogToConsole to value 1

  tech:outlev = 1

Set parameter Cuts to value 3

  cut:cuts = 3

Set parameter Presolve to value 2

  pre:solve = 2

Set parameter MIPFocus to value 2

  mip:focus = 2

Set parameter Symmetry to value 2

  mip:symmetry = 2

Set parameter InfUnbdInfo to value 1

Gurobi Optimizer version 12.0.0 build v12.0.0rc1 (win64 - Windows 11.0 (26100.2))



CPU model: 11th Gen Intel(R) Core(TM) i7-11700 @ 2.50GHz, instruction set [SSE2|AVX|AVX2|AVX512]

Thread count: 8 physical cores, 16 logical processors, using up to 16 threads



Non-default parameters:

TimeLimit  14400

MIPFocus  2

Symmetry  2

Cuts  3

InfUnbdInfo  1

Presolve  2



Optimize a model with 2355 rows, 9526 columns and 59981 nonzeros

Model fingerprint: 0xd6beaa50

Model has 7 quadratic constraints

Variable types: 77 continuous, 9449 integer (0 binary)

Coefficient statistics:

  Matrix range     [1e+00, 1e+05]

  QMatrix range    [1e+00, 1e+00]

  QLMatrix range   [1e+00, 2e+01]

  Objective range  [3e+00, 1e+02]

  Bounds range     [1e+00, 1e+02]

  RHS range        [1e+00, 1e+05]

  QRHS range       [1e+02, 1e+02]

Presolve removed 126 rows and 317 columns

Presolve time: 2.21s

Presolved: 7871 rows, 14844 columns, 71755 nonzeros

Variable types: 38 continuous, 14806 integer (13324 binary)

Root relaxation presolve removed 1 rows and 3 columns

Root relaxation presolved: 7870 rows, 14841 columns, 114259 nonzeros



Deterministic concurrent LP optimizer: primal and dual simplex

Showing primal log only...



Concurrent spin time: 0.03s



Solved with dual simplex



Root relaxation: objective 2.217892e+02, 998 iterations, 0.21 seconds (0.17 work units)

Total elapsed time = 5.09s (DegenMoves)



    Nodes    |    Current Node    |     Objective Bounds      |     Work

 Expl Unexpl |  Obj  Depth IntInf | Incumbent    BestBd   Gap | It/Node Time



     0     0  221.78916    0  172          -  221.78916      -     -    5s

     0     0  257.99759    0  152          -  257.99759      -     -    7s

     0     0  257.99759    0  147          -  257.99759      -     -    7s

     0     0  257.99759    0  147          -  257.99759      -     -    7s

H    0     0                    1296.5800000  257.99759  80.1%     -   10s

H    0     0                    1268.2400000  257.99759  79.7%     -   10s

     0     0  257.99759    0  186 1268.24000  257.99759  79.7%     -   10s

H    0     0                    1265.6400000  257.99759  79.6%     -   10s

     0     0  269.13171    0  204 1265.64000  269.13171  78.7%     -   10s

     0     0  269.13171    0  197 1265.64000  269.13171  78.7%     -   11s

H    0     0                    1262.6700000  274.17307  78.3%     -   13s

H    0     0                    1245.5200000  274.17307  78.0%     -   13s

H    0     0                    1235.4100000  274.17307  77.8%     -   13s

     0     0  274.17307    0  187 1235.41000  274.17307  77.8%     -   13s

     0     0  274.26924    0  161 1235.41000  274.26924  77.8%     -   13s

H    0     0                    1228.0800000  274.59361  77.6%     -   16s

H    0     0                    1167.1900000  274.59361  76.5%     -   16s

H    0     0                    1166.8300000  274.59361  76.5%     -   16s

H    0     0                    1166.2500000  274.59361  76.5%     -   16s

H    0     0                    1164.0500000  274.59361  76.4%     -   16s

     0     0  274.59361    0  217 1164.05000  274.59361  76.4%     -   16s

     0     0  275.14376    0  225 1164.05000  275.14376  76.4%     -   17s

     0     0  275.25034    0  209 1164.05000  275.25034  76.4%     -   17s

     0     0  278.85950    0  171 1164.05000  278.85950  76.0%     -   19s

     0     0  278.85950    0  163 1164.05000  278.85950  76.0%     -   19s

H    0     0                    1159.8400000  281.99911  75.7%     -   21s

H    0     0                    1140.0500000  281.99911  75.3%     -   21s

     0     0  281.99911    0  210 1140.05000  281.99911  75.3%     -   21s

     0     0  281.99911    0  201 1140.05000  281.99911  75.3%     -   22s

H    0     0                    1125.4300000  282.02161  74.9%     -   23s

H    0     2                    1113.4000000  282.02161  74.7%     -   23s

     0     2  282.02161    0  201 1113.40000  282.02161  74.7%     -   23s

     7    16  287.30932    3  249 1113.40000  283.32377  74.6%   666   25s

H   43    55                    1048.5500000  285.66888  72.8%   644   27s

H   75    80                    1026.0700000  285.66888  72.2%   625   28s

   122   141  313.77764   12  325 1026.07000  285.66888  72.2%   528   30s

H  167   173                    1022.8700000  285.66888  72.1%   457   31s

H  208   228                    1019.2800000  285.66888  72.0%   414   32s

H  274   279                    1016.8700000  285.66888  71.9%   366   34s

H  279   279                    1016.2100000  285.66888  71.9%   362   34s

   282   296  298.84213   19  298 1016.21000  285.66888  71.9%   363   35s

   370   374  308.90726   27  270 1016.21000  285.66888  71.9%   313   40s

H  454   452                    1015.9000000  285.66888  71.9%   282   43s

H  456   452                    1015.0400000  285.66888  71.9%   281   43s

   529   532  307.51743   36  250 1015.04000  285.66888  71.9%   260   45s

H  530   532                     994.6500000  285.66888  71.3%   260   45s

H  653   643                     982.9200000  285.66888  70.9%   225   48s

H  766   824                     946.4000000  285.66888  69.8%   202   49s

H  771   824                     919.8600000  285.66888  68.9%   202   49s

H  818   824                     864.1200000  285.66888  66.9%   195   49s

   846   942  324.71381   58  244  864.12000  285.66888  66.9%   193   50s

H  871   942                     864.0100000  285.66888  66.9%   189   50s

H  972   942                     859.6100000  285.66888  66.8%   176   50s

H 1112  1093                     824.5000000  285.73651  65.3%   163   52s

H 1260  1189                     801.9800000  285.73651  64.4%   155   54s

H 1264  1189                     798.7400000  285.73651  64.2%   155   54s

  1308  1257  349.54874   96  202  798.74000  285.73651  64.2%   154   55s

  1588  1470  567.38916  212  159  798.74000  285.73651  64.2%   147   62s

H 1607  1470                     798.0700000  285.73651  64.2%   149   62s

H 1617  1501                     772.2100000  285.73651  63.0%   149   63s

  1733  1691  287.90856   16  199  772.21000  285.73651  63.0%   150   65s

H 1975  1800                     771.8100000  286.61696  62.9%   148   68s

H 1976  1800                     767.4600000  286.61696  62.7%   148   68s

  1994  1801  311.43556   35 3418  767.46000  286.61696  62.7%   149   75s

H 1995  1711                     767.0600000  286.61696  62.6%   149   76s

  1997  1712  478.29233  142  178  767.06000  286.61696  62.6%   148   80s

  1999  1713  349.71058   69  197  767.06000  286.61696  62.6%   148   87s

H 2006  1632                     762.4500000  286.61696  62.4%   148   92s

  2008  1633  487.97533  162  255  762.45000  286.61696  62.4%   148   96s

  2013  1637  426.11110  154  523  762.45000  286.98008  62.4%   147  103s

H 2013  1555                     762.0500000  287.52734  62.3%   147  108s

H 2013  1477                     761.2600000  287.52734  62.2%   147  108s

  2016  1479  346.33706   45  580  761.26000  287.60080  62.2%   147  110s

  2018  1480  444.41672   63  192  761.26000  287.61500  62.2%   147  131s

  2019  1481  469.81225  137  183  761.26000  287.61500  62.2%   147  137s

  2020  1481  457.05542  127  208  761.26000  287.61500  62.2%   147  151s

  2021  1482  313.65935   39  159  761.26000  287.61500  62.2%   147  156s

  2022  1483  347.27725   41  158  761.26000  287.66867  62.2%   147  168s

  2023  1483  339.13027   90  186  761.26000  287.92665  62.2%   146  181s

  2025  1485  479.71746   80  551  761.26000  288.35155  62.1%   146  185s

  2027  1486  320.51111   42  191  761.26000  288.72000  62.1%   146  198s

  2028  1487  593.35067  144  215  761.26000  289.31250  62.0%   146  204s

  2033  1490  358.51215   52  232  761.26000  289.39256  62.0%   146  210s

  2034  1491  493.10296  152  445  761.26000  290.31820  61.9%   146  216s

  2039  1494  371.91936  109  272  761.26000  290.63038  61.8%   145  223s

  2040  1495  293.71900   28  261  761.26000  291.27426  61.7%   145  228s

  2042  1496  530.16764  188  543  761.26000  292.74149  61.5%   145  233s

  2043  1497  408.50275   69  576  761.26000  293.01670  61.5%   145  238s

  2046  1499  507.13852  172  492  761.26000  293.09722  61.5%   145  242s

  2047  1499  335.50064   84  550  761.26000  293.30252  61.5%   145  247s

  2051  1502  379.91481   65  327  761.26000  293.38246  61.5%   144  250s

  2052  1503  478.29233  142  539  761.26000  293.47348  61.4%   144  255s

H 2058  1431                     758.2100000  293.69167  61.3%   144  268s

  2063  1434  353.88256   87  595  758.21000  293.76281  61.3%   144  271s

H 2067  1364                     755.1900000  293.77732  61.1%   143  274s

  2069  1365  317.80190   29  628  755.19000  293.77925  61.1%   143  275s

  2081  1373  478.63486  139  639  755.19000  293.81636  61.1%   142  280s

H 2086  1305                     753.7900000  293.83085  61.0%   142  286s

  2095  1311  349.89087   19  419  753.79000  293.85216  61.0%   141  290s

  2100  1315  350.25321   83  405  753.79000  293.89796  61.0%   141  296s

  2105  1318  566.40620  102  373  753.79000  293.90998  61.0%   141  300s

  2112  1323  313.74641   15  362  753.79000  293.91909  61.0%   140  305s

  2121  1329  313.65935   39  416  753.79000  293.98523  61.0%   140  311s

  2128  1333  593.35067  144  358  753.79000  294.10518  61.0%   139  315s

  2133  1337  358.51215   52  402  753.79000  294.13933  61.0%   139  320s

  2142  1343  530.16764  188  399  753.79000  294.23123  61.0%   138  325s

H 2144  1274                     747.0800000  294.23812  60.6%   138  327s

  2149  1277  294.26198    8  384  747.08000  294.26198  60.6%   138  330s

  2156  1282  676.74802  125  383  747.08000  294.31370  60.6%   137  335s

  2164  1287  297.64408   11  659  747.08000  294.36532  60.6%   137  340s

H 2169  1224                     741.7700000  294.38318  60.3%   137  343s

  2171  1225  294.38621   11  383  741.77000  294.38621  60.3%   136  345s

  2180  1231  477.19393  108  383  741.77000  294.39202  60.3%   136  351s

  2188  1236  309.59549   36  430  741.77000  294.42901  60.3%   135  355s

  2192  1239  355.75319   66  394  741.77000  294.46357  60.3%   135  360s

  2196  1242  356.15985   85  440  741.77000  294.51118  60.3%   135  368s

  2197  1245  294.51118   15  423  741.77000  294.51118  60.3%   199  370s

  2219  1276  294.51118   19  405  741.77000  294.51118  60.3%   207  376s

H 2246  1209                     739.9200000  294.51118  60.2%   217  378s

  2262  1227  301.63562   22  281  739.92000  294.51118  60.2%   221  383s

  2270  1245  302.11659   23  203  739.92000  294.51118  60.2%   223  385s

  2325  1268  303.33753   26  133  739.92000  294.51118  60.2%   232  390s

  2365  1291  303.54151   28  188  739.92000  294.51118  60.2%   234  395s

  2401  1319  321.50770   31  166  739.92000  294.51118  60.2%   236  400s

  2474  1378  313.98284   39  114  739.92000  294.51118  60.2%   239  406s

  2547  1429  321.20535   44  158  739.92000  294.51118  60.2%   245  411s

  2604  1473  306.48930   49  204  739.92000  294.51118  60.2%   248  415s

  2711  1553  396.72425   59  100  739.92000  294.51118  60.2%   250  420s

  2893  1668  408.76428   65  114  739.92000  294.51118  60.2%   249  425s

  3116  1745  503.02923   77  134  739.92000  294.51118  60.2%   243  431s

  3206  1767  503.48723   78  121  739.92000  294.51118  60.2%   244  435s

  3279  1794  424.40671   79  138  739.92000  294.51118  60.2%   245  440s

H 3280  1731                     738.5700000  294.51118  60.1%   245  440s

H 3288  1670                     730.8200000  294.51118  59.7%   245  440s

  3378  1740  417.52971   87  134  730.82000  294.51118  59.7%   247  445s

  3497  1826  418.85793   88  135  730.82000  294.51118  59.7%   247  450s

  3641  1935  541.13813   89  130  730.82000  294.51118  59.7%   247  455s

  3748  1915  419.44552   90  124  730.82000  294.51118  59.7%   246  461s

  3756  1919  453.92604   90  120  730.82000  294.51118  59.7%   246  465s

H 3765  1867                     727.0700000  294.51118  59.5%   245  468s

  3774  1938  503.26353   91  129  727.07000  294.51118  59.5%   246  471s

  3983  1992  710.74713  107  152  727.07000  294.51118  59.5%   242  475s

H 4156  1977                     726.9400000  294.51118  59.5%   238  478s

  4171  2098  564.77364  117   74  726.94000  294.51118  59.5%   238  482s

H 4232  2027                     726.7200000  294.51118  59.5%   237  482s

  4348  2134  294.78633   27  241  726.72000  294.51118  59.5%   235  486s

  4648  2265  307.00024   44  262  726.72000  294.51118  59.5%   233  493s

  4808  2354  316.28637   54  242  726.72000  294.51118  59.5%   231  497s

  4956  2431  326.90499   56  157  726.72000  294.51118  59.5%   230  501s

  5075  2607  343.07502   54  225  726.72000  294.51118  59.5%   227  505s

  5327  2800  342.07780   71  217  726.72000  294.51118  59.5%   222  510s

  5650  3143  377.21975   95  249  726.72000  294.51118  59.5%   218  519s

  5950  3383  423.75684  115  251  726.72000  294.51118  59.5%   214  524s

  6207  3476  421.30750  129  232  726.72000  294.51118  59.5%   212  529s

  6309  3636  581.98837  141  201  726.72000  294.51118  59.5%   212  534s

  6493  3775  321.42198   23  274  726.72000  294.51118  59.5%   212  540s

  6638  4219  374.87376   32  205  726.72000  294.51118  59.5%   211  545s

  7185  4580  489.18179  116   99  726.72000  294.51118  59.5%   201  552s

  7671  4703  319.73696   45  284  726.72000  294.51118  59.5%   197  557s

  7809  5060  338.36673   67  183  726.72000  294.51118  59.5%   198  563s

  8182  5378  294.68955   35  311  726.72000  294.51118  59.5%   198  570s

  8569  5670  300.02091   43  300  726.72000  294.51118  59.5%   194  577s

  8944  5978  382.08279   98  280  726.72000  294.51118  59.5%   194  583s

  9312  6300  326.97935   22  303  726.72000  294.51118  59.5%   193  590s

  9655  6844  419.55484   66  203  726.72000  294.51118  59.5%   193  597s

 10241  7057  639.90625  132  119  726.72000  294.51118  59.5%   188  604s

 10510  7762  333.43101   30  221  726.72000  294.51118  59.5%   187  611s

 11262  8058  694.01444  114  118  726.72000  294.51118  59.5%   183  619s

 11617  8319  700.52944  115  120  726.72000  294.51118  59.5%   182  625s

 11910  8634  365.52116   71  202  726.72000  294.51118  59.5%   183  634s

 12310  8642  383.49316   41  218  726.72000  294.51118  59.5%   183  643s

 12318  8650  393.00734   42  237  726.72000  294.51118  59.5%   183  651s

 12326  8672  393.03187   43  224  726.72000  294.51118  59.5%   183  659s

 12348  8751  393.61829   44  218  726.72000  294.51118  59.5%   183  669s

 12469  8890  393.69363   45  223  726.72000  294.51118  59.5%   184  678s

 12638  9345  414.28160   48  221  726.72000  294.51118  59.5%   185  688s

 13162  9859  304.48829   34  254  726.72000  294.51118  59.5%   184  697s

 13740 10115  488.72540   82  112  726.72000  294.51118  59.5%   182  708s

 13996 10123  585.82982  114  132  726.72000  294.51118  59.5%   181  717s

 14004 10130  587.99987  115  121  726.72000  294.51118  59.5%   181  727s

 14013 10233  592.63823  116   97  726.72000  294.51118  59.5%   181  737s

 14154 10678  601.76993  121   84  726.72000  294.51118  59.5%   180  747s

 14712 11625  386.40232   57  197  726.72000  294.51118  59.5%   178  764s

 15774 12015  342.33431   40  135  726.72000  294.51118  59.5%   178  772s

 16173 12285  396.00496   92  112  726.72000  294.51118  59.5%   178  781s

 16498 12980  306.50675   34  298  726.72000  294.56359  59.5%   179  792s

 17307 13409  319.34359   45  159  726.72000  294.58561  59.5%   178  801s

 17806 13467  560.82152   81  131  726.72000  294.58561  59.5%   177  812s

 17864 14208  563.67802  106  120  726.72000  294.58561  59.5%   177  823s

 18730 14433  302.98644   35  256  726.72000  294.58561  59.5%   175  834s

 18987 15262  358.54288   79  254  726.72000  294.66733  59.5%   176  846s

 19915 15756  365.45566   33  197  726.72000  294.78633  59.4%   174  861s

 20476 16438  522.90574   97  242  726.72000  294.89877  59.4%   175  876s

 21243 17403  297.41497   33  270  726.72000  295.12247  59.4%   173  892s

 22352 18167  391.89994   61  193  726.72000  295.20104  59.4%   171  906s

 23251 18774  403.32138   66  236  726.72000  295.20104  59.4%   170  922s

 23976 19685  366.51706   30  243  726.72000  295.79719  59.3%   170  940s

 25034 20281  478.79656   76  192  726.72000  295.92286  59.3%   170  957s

 25729 21135  333.73573   62  191  726.72000  296.02436  59.3%   169  975s

 26785 21497  359.70808   51  219  726.72000  296.11313  59.3%   168  991s

 27227 22249  490.14047  133  175  726.72000  296.11313  59.3%   169 1011s

 28131 23080  565.23050   51  140  726.72000  296.23221  59.2%   169 1030s

 29154 23698  517.09397  101  252  726.72000  296.23221  59.2%   169 1059s

 29872 25410  328.54560   37  199  726.72000  296.50423  59.2%   169 1091s

 31906 26040  662.00978  154  113  726.72000  296.69538  59.2%   167 1107s

 32629 26893  477.02870  101  185  726.72000  296.69538  59.2%   167 1122s

 33599 27845  390.78322   79  217  726.72000  296.81832  59.2%   167 1137s

 34676 28442  359.71997   44  231  726.72000  296.86982  59.1%   166 1151s

 35337 28849     cutoff  116       726.72000  296.87021  59.1%   165 1168s

 35819 29540  385.22463   85  226  726.72000  296.92997  59.1%   165 1183s

 36640 30368  331.87231   34  198  726.72000  296.95389  59.1%   164 1198s

 37559 31460  397.01706  101  202  726.72000  297.04120  59.1%   164 1216s

 38818 32021  319.18060   37  243  726.72000  297.15099  59.1%   163 1232s

 39539 32722  352.45886   30  237  726.72000  297.23597  59.1%   163 1245s

 40300 33672  376.39672   46  220  726.72000  297.31758  59.1%   163 1262s

 41406 34193  346.93712   59  220  726.72000  297.31758  59.1%   162 1273s

 42004 35136     cutoff  154       726.72000  297.33331  59.1%   162 1289s

 43072 35917  566.05244  114  129  726.72000  297.49299  59.1%   161 1305s

 43935 37087  433.32693   74  295  726.72000  297.49682  59.1%   162 1331s

 45350 37696  430.95070   60  201  726.72000  297.62546  59.0%   161 1346s

 46033 38180  530.83895   86  165  726.72000  297.64494  59.0%   162 1360s

 46610 38642  306.02009   31  337  726.72000  297.71489  59.0%   162 1376s

 47230 39569  451.72387   65  144  726.72000  297.72361  59.0%   162 1397s

 48252 40097  641.29320   92  159  726.72000  297.79750  59.0%   161 1414s

 48879 41176  385.90725   61  161  726.72000  297.79750  59.0%   162 1431s

 50171 41847  313.17094   50  278  726.72000  297.79750  59.0%   161 1449s

 50957 42635  473.06157  125  211  726.72000  298.05871  59.0%   161 1466s

 51833 43032  336.16382   45  273  726.72000  298.05871  59.0%   161 1483s

 52312 43667  701.86213  100  227  726.72000  298.05871  59.0%   161 1500s

 53087 43830  621.73711   92  181  726.72000  298.16852  59.0%   161 1518s

 53291 44428  316.88405   32  198  726.72000  298.16852  59.0%   161 1537s

 53970 45255  527.05283  140  182  726.72000  298.16852  59.0%   161 1556s

 54895 45688  336.97173   53  290  726.72000  298.16852  59.0%   161 1572s

 55433 46509     cutoff  107       726.72000  298.25745  59.0%   161 1592s

 56401 47297  326.60120   34  304  726.72000  298.30919  59.0%   161 1611s

 57338 47982  684.62739  174  120  726.72000  298.30919  59.0%   161 1631s

 58222 48409  439.30589   66  137  726.72000  298.30919  59.0%   161 1650s

 58746 49249  384.24738   72  207  726.72000  298.38958  58.9%   161 1682s

 59767 49556  315.19331   34  194  726.72000  298.45590  58.9%   161 1705s

 60113 50212  446.75123   51  172  726.72000  298.45590  58.9%   162 1728s

 60891 50584  442.58057   93  156  726.72000  298.48366  58.9%   163 1752s

 61409 51627  352.41922   55  302  726.72000  298.48392  58.9%   164 1780s

 62698 52597  430.78322  119  212  726.72000  298.53390  58.9%   163 1804s

 63796 53314  313.78931   25  278  726.72000  298.53390  58.9%   163 1825s

 64629 54134  475.61978  126  204  726.72000  298.53390  58.9%   163 1845s

 65564 55226  385.60824   82  186  726.72000  298.72208  58.9%   163 1867s

 66845 55782  410.48146   57  198  726.72000  298.74228  58.9%   163 1882s

 67476 56743  348.71347   39  270  726.72000  298.74228  58.9%   163 1901s

 68677 57626  502.86361  106  104  726.72000  298.80381  58.9%   163 1920s

 69697 58064  332.07510   61  277  726.72000  298.86207  58.9%   162 1937s

 70164 59049  356.78492   49  253  726.72000  298.86207  58.9%   162 1952s

 71332 59639  543.15281   97  104  726.72000  298.87764  58.9%   162 1971s

 72036 60728  433.82769   93  143  726.72000  298.93311  58.9%   162 1991s

 73273 61820  330.76249   50  226  726.72000  298.93311  58.9%   161 2016s

 74528 62120  612.58081  149  219  726.72000  298.93311  58.9%   161 2030s

 74887 63059  470.78388   78  128  726.72000  299.04103  58.9%   161 2049s

 76010 63491  394.98599   72  227  726.72000  299.06026  58.8%   161 2064s

 76482 64335  426.52519   97  209  726.72000  299.06026  58.8%   161 2081s

 77468 65188  326.88708   44  226  726.72000  299.10127  58.8%   161 2098s

 78453 65621  333.57275   26  293  726.72000  299.10127  58.8%   160 2114s

 78919 66321  393.02488   54  197  726.72000  299.10127  58.8%   160 2129s

 79748 67065  581.35496  104  140  726.72000  299.10127  58.8%   160 2146s

 80617 67264 infeasible   68       726.72000  299.25892  58.8%   160 2160s

 80842 67852  331.41884   54  318  726.72000  299.25892  58.8%   160 2175s

 81555 68311  369.09606   85  266  726.72000  299.25892  58.8%   161 2191s

 82186 68734  639.38705  142  155  726.72000  299.30178  58.8%   161 2212s

 82665 69450  389.58010   68  281  726.72000  299.30178  58.8%   161 2230s

 83461 69996 infeasible  186       726.72000  299.30178  58.8%   161 2246s

 84173 70579  359.67897   71  271  726.72000  299.37311  58.8%   161 2264s

 84830 71291  536.29040  170  212  726.72000  299.37311  58.8%   161 2280s

 85618 71807  625.73396  100  132  726.72000  299.39864  58.8%   162 2299s

 86086 71807  526.47559  128  105  726.72000  299.41225  58.8%   162 2300s

 86360 72581  336.01011   46  300  726.72000  299.43566  58.8%   162 2319s

 87254 73189  351.70675   48  218  726.72000  299.52134  58.8%   162 2341s

 87939 74165  671.03860  148  151  726.72000  299.52548  58.8%   162 2369s

 89125 74669  335.91242   32  210  726.72000  299.59861  58.8%   162 2385s

 89775 75162  496.77147   53  161  726.72000  299.59861  58.8%   162 2404s

 90337 75824  326.18458   34  272  726.72000  299.59861  58.8%   162 2421s

 91058 76226  549.96282  101  204  726.72000  299.59861  58.8%   162 2438s

 91537 76956  550.50860  102  214  726.72000  299.59861  58.8%   161 2458s

 92427 77880  418.15759  120  229  726.72000  299.59861  58.8%   161 2478s

 93515 78130  372.91330   45  321  726.72000  299.76664  58.8%   161 2495s

 93791 78837  454.69101   70  245  726.72000  299.76664  58.8%   161 2513s

 94637 79741  332.34424   52  242  726.72000  299.79176  58.7%   161 2533s

 95643 80294  485.75168  111  186  726.72000  299.79176  58.7%   161 2552s

 96321 80950  523.92624   60  227  726.72000  299.92842  58.7%   161 2569s

 97124 81920  325.76995   41  278  726.72000  299.98791  58.7%   161 2589s

 98230 82800  543.11490  114  199  726.72000  299.98791  58.7%   161 2610s

 99215 83187  390.67782   80  249  726.72000  299.98791  58.7%   161 2629s

 99636 84175  517.77247  124  213  726.72000  299.98791  58.7%   161 2647s

 100775 84719  646.42321   87  151  726.72000  300.10764  58.7%   161 2666s

 101450 85734  576.05143  106  150  726.72000  300.12917  58.7%   161 2685s

 102581 86200  361.10628   85  170  726.72000  300.15601  58.7%   161 2710s

 103115 87366  407.63260  117  142  726.72000  300.15601  58.7%   161 2741s

 104474 88560 infeasible  138       726.72000  300.18744  58.7%   160 2764s

 105831 89626  325.13637   41  235  726.72000  300.23227  58.7%   160 2782s

 106991 90168  625.51909  135  172  726.72000  300.27022  58.7%   159 2798s

 107631 90273  371.22814   79  223  726.72000  300.27022  58.7%   160 2813s

 107737 90719  371.32507   80  187  726.72000  300.27022  58.7%   160 2830s

 108231 91734  444.95572  127  163  726.72000  300.27022  58.7%   159 2847s

 109326 92680  384.80988   56  185  726.72000  300.37380  58.7%   159 2866s

 110435 93068  711.80009  157  126  726.72000  300.37683  58.7%   159 2881s

 110861 93920  477.43014   91  196  726.72000  300.37683  58.7%   159 2900s

 111862 94677  530.94500   81  139  726.72000  300.47423  58.7%   159 2918s

 112750 95524  419.76774   30  252  726.72000  300.50427  58.6%   158 2936s

 113740 95960  307.75809   40  195  726.72000  300.58949  58.6%   158 2953s

 114281 96917  313.49765   35  263  726.72000  300.58992  58.6%   158 2971s

 115344 97722  358.38405   32  148  726.72000  300.65039  58.6%   158 2988s

 116250 97856  411.94049   79  191  726.72000  300.65093  58.6%   158 3004s

 116420 98318  484.86188  104  229  726.72000  300.65969  58.6%   158 3019s

 116740 98318  451.88823   67  129  726.72000  300.65969  58.6%   158 3020s

 116962 98722  343.02278   73  265  726.72000  300.65969  58.6%   158 3035s

 117396 99723  467.57277  119  216  726.72000  300.65969  58.6%   158 3059s

 118360 99723  673.03913  173  172  726.72000  300.65969  58.6%   158 3060s

 118509 100438  510.50056  112  190  726.72000  300.65969  58.6%   158 3075s

 119283 101411  466.10683   93  218  726.72000  300.65969  58.6%   158 3089s

 120414 101863  310.89797   39  294  726.72000  300.65969  58.6%   158 3102s

 120923 102717  613.86542   96  168  726.72000  300.65969  58.6%   158 3117s

 121870 103118  493.06469   77  253  726.72000  300.65969  58.6%   158 3132s

 122401 103808  303.40237   38  255  726.72000  300.86287  58.6%   158 3146s

 123181 104241  325.78407   33  182  726.72000  300.86287  58.6%   158 3162s

 123694 105038  682.08344   97  110  726.72000  300.86287  58.6%   158 3179s

 124583 105697  360.63452   61  219  726.72000  300.86287  58.6%   158 3194s

 125359 106125  532.89143  192  227  726.72000  300.91520  58.6%   158 3207s

 125829 107234  330.02161   62  236  726.72000  300.91520  58.6%   158 3226s

 127019 108110  524.89407  169  185  726.72000  300.91520  58.6%   158 3245s

 128103 108729  398.21392   62  200  726.72000  300.98254  58.6%   157 3261s

 128821 109350  389.79171   76  191  726.72000  300.98254  58.6%   157 3279s

 129585 109357  362.35517   55  231  726.72000  300.98254  58.6%   157 3298s

 129594 109363  380.12939   56  183  726.72000  301.02339  58.6%   157 3320s

 129602 109371  380.37639   57  170  726.72000  301.02339  58.6%   158 3335s

 129610 109379  450.05155   58  181  726.72000  301.02339  58.6%   158 3350s

 129618 109387  391.22557   56  115  726.72000  301.02339  58.6%   158 3366s

H129625 109377                     724.7800000  301.02339  58.5%   158 3366s

 129626 109701  459.86314   57  134  724.78000  301.02339  58.5%   158 3381s

 130036 109969  311.68562   45  265  724.78000  301.02339  58.5%   158 3396s

 130423 110269  341.66393   76  201  724.78000  301.02339  58.5%   158 3413s

 130788 110897  396.23072  111  204  724.78000  301.02339  58.5%   158 3431s

 131606 111793  340.90810   41  263  724.78000  301.15573  58.4%   158 3449s

 132673 112519  688.89631   97  118  724.78000  301.16740  58.4%   158 3474s

 133647 112756  337.40255   63  223  724.78000  301.24055  58.4%   158 3491s

 133965 113601  436.07190   88  223  724.78000  301.24485  58.4%   158 3516s

 135008 114446  368.77459   45  221  724.78000  301.28015  58.4%   158 3536s

 136019 114701  705.46884   71   68  724.78000  301.31326  58.4%   158 3555s

 136311 115625  368.34924   78  294  724.78000  301.31326  58.4%   158 3576s

 137382 116454  540.85660  241  212  724.78000  301.31326  58.4%   158 3597s

 138396 117267  443.62337   96  202  724.78000  301.40673  58.4%   158 3617s

 139300 117506 infeasible  136       724.78000  301.41615  58.4%   158 3634s

 139600 118327  438.09931   86  230  724.78000  301.41615  58.4%   158 3654s

 140482 119222  689.82398  240  259  724.78000  301.41615  58.4%   158 3675s

 141510 119626  307.75500   48  318  724.78000  301.48097  58.4%   158 3694s

 142004 120589  373.47931   78  253  724.78000  301.50079  58.4%   158 3715s

 143156 120769  380.95183   56  225  724.78000  301.54369  58.4%   158 3730s

 143352 121148  497.75717   86  183  724.78000  301.55144  58.4%   158 3748s

 143805 121956  428.33983   28  151  724.78000  301.55862  58.4%   158 3768s

 144763 122517  383.54701   61  300  724.78000  301.55862  58.4%   158 3787s

 145414 123214  407.49174   53  205  724.78000  301.66097  58.4%   158 3807s

 146178 124086  558.85918   97  240  724.78000  301.66562  58.4%   158 3828s

 147177 124636  452.17815   89  214  724.78000  301.67306  58.4%   158 3850s

 147802 125908  387.00500   58  236  724.78000  301.69171  58.4%   158 3878s

 149218 126844  312.18914   33  256  724.78000  301.73024  58.4%   158 3898s

 150307 127451  466.25627   94  201  724.78000  301.73024  58.4%   158 3914s

 150991 128338  588.16042  145  144  724.78000  301.73024  58.4%   158 3932s

 152009 128589  382.72269   58  196  724.78000  301.83620  58.4%   158 3945s

 152262 129441  437.45540   75  234  724.78000  301.83620  58.4%   158 3963s

 153256 130389     cutoff  155       724.78000  301.84039  58.4%   158 3981s

 154387 131041  313.23248   43  318  724.78000  301.89759  58.3%   158 4001s

 155117 131429  633.14382  102  115  724.78000  301.89819  58.3%   158 4015s

 155586 132348  363.81147   64  287  724.78000  301.89819  58.3%   158 4032s

 156610 133005  603.73690  171  200  724.78000  301.89819  58.3%   158 4051s

 157324 133542  426.79603  103  196  724.78000  301.89819  58.3%   158 4066s

 157956 133974  384.88171   38  213  724.78000  301.89819  58.3%   158 4083s

 158492 134269  522.17314   64  122  724.78000  302.02846  58.3%   158 4099s

H158602 134264                     724.0500000  302.02846  58.3%   158 4099s

 158861 134735  559.50239   63  117  724.05000  302.03412  58.3%   158 4117s

 159448 135596  428.75432   69  248  724.05000  302.07738  58.3%   158 4136s

 160383 136339  677.10549  150  202  724.05000  302.07738  58.3%   158 4156s

 161192 136923  470.89490   98  239  724.05000  302.07738  58.3%   158 4174s

 161850 137897     cutoff  143       724.05000  302.07738  58.3%   158 4198s

 162957 138676  669.32080  138  129  724.05000  302.16257  58.3%   158 4213s

 163865 139016  426.20066  101  206  724.05000  302.16257  58.3%   158 4228s

 164243 139830  503.94549  157  215  724.05000  302.16257  58.3%   158 4244s

 165159 140592  341.43730   52  238  724.05000  302.18952  58.3%   158 4259s

 166022 141163  453.62330   86  257  724.05000  302.23703  58.3%   158 4275s

 166687 141528  343.06370   48  205  724.05000  302.23724  58.3%   158 4290s

 167115 142124  365.53735   42  167  724.05000  302.23724  58.3%   158 4307s

 167910 142387  319.89680   50  323  724.05000  302.26949  58.3%   158 4322s

 168336 142635  333.60353   50  298  724.05000  302.26949  58.3%   158 4337s

 168645 143117  378.97172   57  311  724.05000  302.26949  58.3%   158 4352s

 169243 143961  483.42782   63  260  724.05000  302.27746  58.3%   159 4371s

 170273 144586  331.72471   37  217  724.05000  302.30069  58.2%   159 4389s

 170940 145417  468.84040  105  261  724.05000  302.30069  58.2%   159 4406s

 171908 146106  485.46411   98  201  724.05000  302.34595  58.2%   159 4424s

 172584 146106  463.09509  101  268  724.05000  302.34690  58.2%   159 4425s

 172695 146921  318.33387   45  345  724.05000  302.34690  58.2%   159 4444s

 173626 147426 infeasible  132       724.05000  302.34690  58.2%   159 4462s

 174193 148330  347.06370   32  249  724.05000  302.34690  58.2%   159 4481s

H175214 149132                     722.7200000  302.40203  58.2%   159 4499s

 176128 149499  335.52922   59  270  722.72000  302.43265  58.2%   159 4515s

 176618 150110  395.86183  122  272  722.72000  302.43752  58.2%   159 4539s

 177305 150642  424.18779   42  221  722.72000  302.43752  58.2%   159 4560s

 177997 151846  441.05252   68  176  722.72000  302.46686  58.1%   159 4584s

 179363 152558  444.48636   74  300  722.72000  302.46686  58.1%   159 4605s

 180273 152904  468.46505   65  212  722.72000  302.51840  58.1%   159 4622s

 180683 153779  426.64477   78  244  722.72000  302.52568  58.1%   159 4643s

 181705 154165  340.64935   26  282  722.72000  302.52568  58.1%   159 4663s

 182158 154795  360.52133   44  233  722.72000  302.52568  58.1%   159 4682s

 182879 155162  450.82625   54  227  722.72000  302.52568  58.1%   159 4703s

 183326 156176  365.44489   65  216  722.72000  302.52568  58.1%   159 4728s

 184469 157075  333.19320   40  288  722.72000  302.52568  58.1%   159 4751s

 185489 157728  349.15790   38  218  722.72000  302.61935  58.1%   159 4772s

 186235 158593  487.44984   91  228  722.72000  302.63457  58.1%   160 4793s

 187275 159035  370.72350   66  351  722.72000  302.67397  58.1%   160 4811s

 187752 160021  423.30954  105  250  722.72000  302.67397  58.1%   160 4833s

 188888 160943  485.06895   80  219  722.72000  302.68053  58.1%   160 4853s

 189950 161847  448.51052   99  239  722.72000  302.68053  58.1%   160 4873s

 191030 162631  391.56729   50  194  722.72000  302.68053  58.1%   160 4891s

 191930 163529  482.69136   86  221  722.72000  302.77173  58.1%   160 4914s

 192295 163529  484.12880  102  329  722.72000  302.77173  58.1%   160 4915s

 192994 163829  535.75065   52  125  722.72000  302.80154  58.1%   160 4929s

 193407 164465  571.80464   61  138  722.72000  302.82808  58.1%   160 4947s

 194204 164873  335.80537   50  273  722.72000  302.82808  58.1%   160 4964s

 194704 165723  389.78629   80  259  722.72000  302.85478  58.1%   160 4988s

 195731 166156  419.88450   68  175  722.72000  302.86857  58.1%   160 5005s

 196264 166920  363.44562   46  248  722.72000  302.88772  58.1%   160 5028s

 197308 167717  397.66137   82  228  722.72000  302.94423  58.1%   160 5049s

 198170 168518  378.01923   69  292  722.72000  302.97391  58.1%   160 5078s

 199131 168791  430.17063   69  225  722.72000  303.02552  58.1%   160 5095s

 199404 169713  709.98555  113   91  722.72000  303.02552  58.1%   161 5116s

 200490 170589  354.70240   56  233  722.72000  303.03859  58.1%   160 5137s

 201519 171451  496.01209   80  226  722.72000  303.06137  58.1%   161 5155s

 202502 171881  628.38148  131  163  722.72000  303.06137  58.1%   161 5180s

 203026 172873  330.51974   61  256  722.72000  303.06137  58.1%   161 5203s

 204100 173427  523.88547  134  122  722.72000  303.06137  58.1%   161 5227s

 204764 174095  338.63834   63  209  722.72000  303.06137  58.1%   161 5249s

 205575 174582  404.74591  106  276  722.72000  303.06137  58.1%   161 5266s

 206195 174951  494.97108  126  257  722.72000  303.16602  58.1%   161 5284s

 206379 174951  398.29858   64  177  722.72000  303.16602  58.1%   161 5285s

 206624 175528  493.24923  126  178  722.72000  303.16602  58.1%   161 5305s

 207303 175954  515.63514  127  220  722.72000  303.16602  58.1%   161 5329s

 207876 177282  565.51147  127  167  722.72000  303.20804  58.0%   161 5360s

 209435 178024  368.38653   80  213  722.72000  303.22805  58.0%   161 5380s

 210318 178770  453.21891  104  174  722.72000  303.22805  58.0%   161 5398s

 211223 179482  646.19827  139  159  722.72000  303.25948  58.0%   161 5417s

 212070 179751  328.02546   43  308  722.72000  303.26632  58.0%   161 5434s

 212381 179959  429.82775   65  264  722.72000  303.26632  58.0%   161 5453s

 212647 180841  476.96227   93  248  722.72000  303.26632  58.0%   161 5473s

 213603 181309  538.97918  114  178  722.72000  303.30529  58.0%   161 5491s

 214166 182190  350.56629   34  274  722.72000  303.30529  58.0%   161 5508s

 215192 183082  545.54457   82  240  722.72000  303.33769  58.0%   161 5529s

 216133 183624  674.60927   88  212  722.72000  303.34174  58.0%   161 5546s

 216767 184444  418.12406   79  243  722.72000  303.35767  58.0%   161 5566s

 217669 184898  341.25549   65  187  722.72000  303.39573  58.0%   161 5585s

 218189 185729  486.36321  140  213  722.72000  303.39573  58.0%   161 5608s

 219155 186261  597.43497   89  124  722.72000  303.41236  58.0%   161 5630s

 219833 187129  397.31594   43  221  722.72000  303.42445  58.0%   161 5652s

 220775 188161  701.03220  148  168  722.72000  303.44319  58.0%   162 5674s

 221523 188161  386.30909   85  245  722.72000  303.44319  58.0%   161 5675s

 221947 188889  333.24844   51  227  722.72000  303.46125  58.0%   161 5697s

 222766 189313  383.67363   84  236  722.72000  303.46125  58.0%   161 5717s

 223264 190173  504.16854  135  239  722.72000  303.46125  58.0%   161 5741s

 224241 190886  547.41440   81  229  722.72000  303.51748  58.0%   162 5763s

 225051 191489  312.15742   47  343  722.72000  303.51748  58.0%   162 5783s

 225793 192022  405.88467  131  285  722.72000  303.51748  58.0%   162 5802s

 226393 192670  699.48048  283  174  722.72000  303.51748  58.0%   162 5824s

 227260 193270  312.78406   43  367  722.72000  303.59154  58.0%   162 5849s

 227970 193932  327.43614   37  299  722.72000  303.60297  58.0%   162 5871s

 228697 194038  362.39781   56  261  722.72000  303.60297  58.0%   162 5895s

 228821 194423  376.82922   68  232  722.72000  303.60297  58.0%   163 5919s

 229303 195241  534.32416  107  266  722.72000  303.60297  58.0%   163 5946s

 230188 195948  408.55208  107  223  722.72000  303.63444  58.0%   163 5970s

 231007 197193  352.83395   64  180  722.72000  303.64350  58.0%   163 5995s

 232360 198359  321.56420   54  312  722.72000  303.66783  58.0%   163 6017s

 233672 199190  595.21632  181  215  722.72000  303.66783  58.0%   163 6042s

 234636 199829  497.14919   77  246  722.72000  303.69314  58.0%   163 6063s

 235372 200570  307.79171   50  311  722.72000  303.69574  58.0%   163 6083s

 236238 201195  337.24109   22  311  722.72000  303.72300  58.0%   163 6103s

 236927 201788  391.66213   74  282  722.72000  303.72300  58.0%   163 6126s

 237603 202872  342.78516   44  253  722.72000  303.72652  58.0%   163 6150s

 238834 203546  335.62144   63  273  722.72000  303.76170  58.0%   163 6171s

 239588 204229  526.09286  133  304  722.72000  303.76598  58.0%   163 6191s

 240316 204837  311.31219   50  280  722.72000  303.76598  58.0%   163 6210s

 241013 205727  446.54028  133  274  722.72000  303.76598  58.0%   163 6231s

 241986 206318  357.14495   38  260  722.72000  303.77416  58.0%   163 6252s

 242659 206957  519.84077  125  177  722.72000  303.77416  58.0%   163 6272s

 243404 207793  360.77622   73  261  722.72000  303.80608  58.0%   163 6292s

 244490 208050  356.34133   39  195  722.72000  303.84477  58.0%   163 6309s

 244798 209044  373.34267   40  230  722.72000  303.85499  58.0%   163 6329s

 245932 209130  453.81238   65  138  722.72000  303.85499  58.0%   163 6349s

 246034 209661  474.47579   69  146  722.72000  303.85499  58.0%   163 6368s

 246683 210093  324.66925   34  264  722.72000  303.85499  58.0%   163 6386s

 247292 210836  514.12194   93  149  722.72000  303.85499  58.0%   164 6407s

 248115 211637  560.65285  120  117  722.72000  303.85499  58.0%   164 6427s

 249069 212263  521.63390  140  216  722.72000  303.94270  57.9%   164 6445s

 249751 212924  343.24416   32  237  722.72000  303.94270  57.9%   164 6468s

 250561 214035  339.30769   40  191  722.72000  303.97359  57.9%   164 6494s

 251843 214451  364.05717   42  267  722.72000  303.98050  57.9%   164 6517s

 252353 215661  449.70421   63  238  722.72000  303.98359  57.9%   164 6551s

 253784 216555  414.23615   67  285  722.72000  304.03609  57.9%   164 6572s

 254778 217106  691.87010  125  229  722.72000  304.04996  57.9%   164 6593s

 255403 217770  427.50930   99  197  722.72000  304.04996  57.9%   164 6613s

 256153 218607  334.69088   30  262  722.72000  304.04996  57.9%   164 6634s

 257058 219316  414.35275  112  258  722.72000  304.04996  57.9%   164 6655s

 257848 220189  516.71254  159  273  722.72000  304.05094  57.9%   164 6677s

 258930 221084 infeasible   61       722.72000  304.08537  57.9%   164 6699s

 259955 221327  544.88338  142  124  722.72000  304.12460  57.9%   164 6716s

 260210 221447  579.18993  143  126  722.72000  304.12460  57.9%   164 6730s

 260376 221882  566.55619  140  140  722.72000  304.12460  57.9%   164 6747s

 260891 222231  408.71012   55  207  722.72000  304.12460  57.9%   164 6763s

 261269 223248  681.02484  142  116  722.72000  304.12460  57.9%   164 6784s

 262437 224048  686.37476  183  161  722.72000  304.12460  57.9%   164 6809s

 263118 224048  562.00624  139  143  722.72000  304.12460  57.9%   164 6810s

 263466 224848  325.38984   30  268  722.72000  304.23503  57.9%   164 6829s

 264378 225816  307.44366   42  265  722.72000  304.23606  57.9%   164 6852s

 265501 225843 infeasible  130       722.72000  304.23606  57.9%   164 6873s

 265535 226400  513.35665  135  171  722.72000  304.23606  57.9%   164 6891s

 266193 227369  363.45023   55  224  722.72000  304.23606  57.9%   164 6912s

 267265 228349  682.37667  157  222  722.72000  304.26749  57.9%   164 6938s

 268415 228496  341.08059   67  217  722.72000  304.30061  57.9%   164 6951s

 268583 228619  342.71571   69  221  722.72000  304.30061  57.9%   164 6964s

 268726 228745  343.08166   70  216  722.72000  304.30061  57.9%   164 6978s

 268852 228914  343.17615   71  217  722.72000  304.30061  57.9%   164 6994s

 269035 229269  343.29500   72  220  722.72000  304.30061  57.9%   164 7016s

 269434 229910  405.05950   83  193  722.72000  304.31328  57.9%   164 7041s

 270161 231325  325.24049   60  374  722.72000  304.31328  57.9%   164 7079s

 271800 232245  441.47214   93  230  722.72000  304.37488  57.9%   164 7112s

 273017 233094  366.39175   43  245  722.72000  304.39959  57.9%   164 7137s

 274211 233582  443.88424   55  150  722.72000  304.42010  57.9%   164 7174s

 274852 234670  519.94051   79  194  722.72000  304.46405  57.9%   164 7199s

 275325 234670  440.21688   60  168  722.72000  304.46405  57.9%   164 7200s

 276047 235163  429.69318  111  266  722.72000  304.46405  57.9%   164 7220s

 276606 236218  709.17632  191  114  722.72000  304.47635  57.9%   164 7244s

 277540 236218  379.77141   65  258  722.72000  304.48273  57.9%   164 7245s

 277818 237315  434.76951   74  219  722.72000  304.50172  57.9%   164 7267s

 279074 238084  382.80150   57  183  722.72000  304.52415  57.9%   164 7290s

 280032 238837  638.49970  126  108  722.72000  304.54380  57.9%   164 7310s

 280913 239654  330.99767   55  308  722.72000  304.54380  57.9%   164 7333s

 281836 240215  603.77697  230  207  722.72000  304.55237  57.9%   164 7354s

 282529 240870  449.97652   60  257  722.72000  304.57066  57.9%   164 7378s

 283328 241936  407.62099   80  234  722.72000  304.61552  57.9%   164 7405s

 284592 242012  407.90188   45  376  722.72000  304.61552  57.9%   164 7427s

 284687 242481  514.98760   46  194  722.72000  304.61552  57.9%   164 7452s

 285361 243050  334.92496   56  285  722.72000  304.65209  57.8%   164 7474s

 285949 243847  564.49564  102  149  722.72000  304.65209  57.8%   164 7499s

 286936 244233  397.78322   53  118  722.72000  304.68173  57.8%   165 7520s

 287431 244815 infeasible   73       722.72000  304.68173  57.8%   165 7544s

 288223 245229  338.56789   43  278  722.72000  304.68173  57.8%   165 7566s

 288714 246240  391.30958   84  218  722.72000  304.68173  57.8%   165 7590s

 289862 247076 infeasible   95       722.72000  304.75634  57.8%   165 7615s

 290823 247729  455.38489   87  146  722.72000  304.78960  57.8%   165 7638s

 291578 248784  373.75849   46  191  722.72000  304.79215  57.8%   165 7664s

 292801 249798 infeasible  153       722.72000  304.81643  57.8%   165 7690s

 293940 250508  495.57326  119  264  722.72000  304.83072  57.8%   165 7720s

 294721 251403 infeasible  153       722.72000  304.83072  57.8%   165 7743s

 295745 251602  587.64979  115  261  722.72000  304.88731  57.8%   165 7767s

 295956 251877  597.47178  114  316  722.72000  304.88731  57.8%   165 7790s

 296271 252132  593.05998  112  230  722.72000  304.88731  57.8%   165 7810s

 296594 253648  607.48468  117  303  722.72000  304.88731  57.8%   165 7852s

 298364 254289  477.37728   82  132  722.72000  304.90492  57.8%   165 7877s

 299123 255366  478.50434   40  194  722.72000  304.92851  57.8%   165 7908s

 300424 256262  373.62004  103  286  722.72000  304.98634  57.8%   165 7935s

 301517 257045  322.52028   51  344  722.72000  305.01503  57.8%   165 7955s

 302445 257808  387.68628   80  274  722.72000  305.03958  57.8%   166 7976s

 303327 258786  404.30664   80  301  722.72000  305.03958  57.8%   166 7999s

 304386 259349  349.78120   61  262  722.72000  305.04828  57.8%   166 8019s

 305031 260293  448.27748  141  270  722.72000  305.04828  57.8%   166 8047s

 306118 261241  362.16445   42  209  722.72000  305.09412  57.8%   166 8072s

 307164 261615  564.15939  127  234  722.72000  305.09807  57.8%   166 8092s

 307573 261865  364.13080   52  264  722.72000  305.09807  57.8%   166 8115s

 307846 262403  403.99260   61  267  722.72000  305.09807  57.8%   166 8134s

 308494 262999  324.73526   54  304  722.72000  305.13009  57.8%   166 8155s

 309236 263472  339.34052   50  300  722.72000  305.15144  57.8%   166 8173s

 309791 264022  441.37721   68  189  722.72000  305.15144  57.8%   166 8194s

 310449 264479  488.91219  100  145  722.72000  305.15431  57.8%   166 8215s

 311031 265024  327.12737   27  269  722.72000  305.15431  57.8%   166 8236s

 311638 265666  449.45166  118  207  722.72000  305.21931  57.8%   167 8260s

 312433 266963  715.31040  269  178  722.72000  305.23630  57.8%   167 8291s

 313952 267974  441.84041  124  171  722.72000  305.26938  57.8%   167 8315s

 315053 268576  336.91687   48  272  722.72000  305.29338  57.8%   166 8336s

 315720 269079  347.49051   45  278  722.72000  305.32118  57.8%   166 8355s

 316318 269993  355.47007   40  304  722.72000  305.33920  57.8%   166 8377s

 317413 270656 infeasible   88       722.72000  305.36052  57.7%   166 8396s

 318198 271402  452.67273   90  180  722.72000  305.36052  57.7%   167 8421s

 319122 271945  363.05476   60  221  722.72000  305.39665  57.7%   167 8440s

 319750 272708 infeasible   84       722.72000  305.39665  57.7%   167 8463s

 320690 273064  318.92374   44  338  722.72000  305.40960  57.7%   167 8484s

 321130 273764  344.04183   72  264  722.72000  305.40960  57.7%   167 8506s

 321985 274392  510.73998  138  201  722.72000  305.42898  57.7%   167 8528s

 322794 274817  382.88093   63  249  722.72000  305.42898  57.7%   167 8547s

 323299 275719  429.37239   95  174  722.72000  305.42898  57.7%   167 8570s

 324486 276082  327.20546   37  292  722.72000  305.43183  57.7%   167 8590s

 324891 277204  432.47663   81  293  722.72000  305.43183  57.7%   167 8615s

 326131 277984  383.45579   69  332  722.72000  305.43183  57.7%   167 8645s

 327078 278503  624.51748  193  236  722.72000  305.43183  57.7%   167 8665s

 327768 279342  520.23009  108  208  722.72000  305.43183  57.7%   167 8687s

 328748 279751  357.84273   54  247  722.72000  305.43183  57.7%   167 8703s

 329214 280560     cutoff  153       722.72000  305.43183  57.7%   167 8724s

 329941 280560  569.07799  136  201  722.72000  305.43183  57.7%   167 8725s

 330150 281298  595.91917  107  218  722.72000  305.43183  57.7%   167 8748s

 330977 281849  612.16913  100  145  722.72000  305.43183  57.7%   167 8769s

 331383 281849  679.88471  150  185  722.72000  305.43183  57.7%   167 8770s

 331681 282196  486.59136   70  202  722.72000  305.69473  57.7%   167 8788s

 332138 282204  334.66000   51  309  722.72000  305.69473  57.7%   167 8808s

 332146 282464  336.43038   52  268  722.72000  305.69473  57.7%   167 8827s

 332443 283386  433.12365   82  215  722.72000  305.69473  57.7%   167 8846s

 333481 284139  414.61269   72  252  722.72000  305.73483  57.7%   167 8866s

 334412 284551  665.19755  136  162  722.72000  305.77032  57.7%   167 8887s

 334885 285493  389.48795   62  206  722.72000  305.77032  57.7%   167 8914s

 335921 286064  376.05782   48  189  722.72000  305.77032  57.7%   167 8933s

 336542 286955  694.35811  182  188  722.72000  305.79582  57.7%   167 8956s

 337689 287464  409.29160   80  194  722.72000  305.84263  57.7%   167 8976s

 338280 288216  337.37767   49  207  722.72000  305.86183  57.7%   167 8999s

 339146 288933  355.20249   55  293  722.72000  305.89170  57.7%   167 9019s

 339910 289517  469.59824  117  100  722.72000  305.89170  57.7%   167 9043s

 340604 289978  362.27382   44  236  722.72000  305.89273  57.7%   167 9065s

 341149 291295  445.20772   95  258  722.72000  305.89273  57.7%   167 9096s

 342687 291705  332.48272   46  275  722.72000  305.92331  57.7%   167 9117s

 343213 292506  378.43112   84  262  722.72000  305.92331  57.7%   167 9141s

 344193 293611  357.02312   76  195  722.72000  305.95465  57.7%   167 9166s

 345392 294292  654.99294  216  174  722.72000  305.95465  57.7%   167 9187s

 346241 294871  402.69602   85  215  722.72000  305.97827  57.7%   167 9208s

 346897 295599  425.02411   57  181  722.72000  305.98276  57.7%   167 9230s

 347706 296509  340.42924   54  292  722.72000  305.98276  57.7%   167 9251s

 348702 297241  528.93209  176  195  722.72000  305.98276  57.7%   167 9272s

 349546 297675  432.58452   74  233  722.72000  306.02009  57.7%   167 9289s

 350002 298559  466.43639   93  241  722.72000  306.02009  57.7%   167 9311s

 351109 299179  395.39434   87  307  722.72000  306.02962  57.7%   167 9332s

 351815 299515  371.90269   39  269  722.72000  306.04238  57.7%   167 9354s

 352253 299810  346.39510   53  252  722.72000  306.05813  57.7%   167 9372s

 352605 300611  401.70080   76  119  722.72000  306.08215  57.6%   168 9394s

 353588 301107  316.63817   38  344  722.72000  306.08215  57.6%   168 9415s

 354173 301487  440.35322   98  237  722.72000  306.08215  57.6%   168 9433s

 354621 302249  598.18495  173  208  722.72000  306.08215  57.6%   168 9453s

 355540 302829  508.36167  105  221  722.72000  306.12813  57.6%   168 9480s

 356207 303988  376.92416   64  183  722.72000  306.12813  57.6%   168 9513s

 357509 304639  397.19046   46  180  722.72000  306.13078  57.6%   168 9537s

 358304 305090  537.39723   84  199  722.72000  306.13078  57.6%   168 9557s

 358845 305982  370.91252   70  278  722.72000  306.13078  57.6%   168 9578s

 359840 306685     cutoff  179       722.72000  306.13078  57.6%   168 9605s

 360728 307082  537.78958   72  213  722.72000  306.18069  57.6%   168 9627s

 361223 307099  337.04417   56  297  722.72000  306.19796  57.6%   168 9653s

 361240 307465  338.06402   57  301  722.72000  306.19796  57.6%   168 9675s

 361618 308422  361.86043   92  282  722.72000  306.19796  57.6%   168 9702s

 362728 309176  328.14755   46  269  722.72000  306.22582  57.6%   168 9722s

 363601 310133  463.97862   98  159  722.72000  306.22582  57.6%   168 9747s

 364761 310798  475.95429   83  196  722.72000  306.22582  57.6%   168 9770s

 365558 311112  558.13730   94  198  722.72000  306.22582  57.6%   168 9791s

 365955 312166  361.41586   64  236  722.72000  306.22582  57.6%   168 9822s

 367040 312962  613.82690  203  216  722.72000  306.22582  57.6%   168 9848s

 367956 313334  573.96347   88  236  722.72000  306.32287  57.6%   168 9874s

 368396 314188  414.27560   62  245  722.72000  306.32441  57.6%   168 9898s

 369337 314966  407.72022   43  194  722.72000  306.32441  57.6%   168 9923s

 370289 315546  356.24307   40  337  722.72000  306.35441  57.6%   168 9950s

 371053 316129  347.72677   43  333  722.72000  306.35441  57.6%   168 9972s

 371743 317078  406.85032   55  266  722.72000  306.37403  57.6%   168 10000s

 372825 317469  484.29710   78  208  722.72000  306.40701  57.6%   168 10018s

 373305 317878  402.39792   47  226  722.72000  306.40701  57.6%   168 10039s

 373574 317878  341.03686   51  261  722.72000  306.40701  57.6%   168 10040s

 373735 318717  402.83496   48  220  722.72000  306.40701  57.6%   168 10068s

 374694 319255  452.96593   69  127  722.72000  306.40835  57.6%   168 10097s

 375357 320316  347.75435   45  214  722.72000  306.43761  57.6%   168 10132s

 376619 320878  341.37503   36  257  722.72000  306.47131  57.6%   168 10160s

 377265 321292  684.34131  170  177  722.72000  306.47131  57.6%   168 10182s

 377738 321754  401.33298   38  168  722.72000  306.50191  57.6%   169 10209s

 378355 322156  421.47658   67  207  722.72000  306.50675  57.6%   169 10235s

 379032 322652  353.14280   63  241  722.72000  306.50675  57.6%   169 10263s

 379616 323065  341.91851   62  316  722.72000  306.53467  57.6%   169 10288s

 380220 323606  405.58138   41  269  722.72000  306.56653  57.6%   169 10314s

 380853 324675  419.29980   77  227  722.72000  306.56653  57.6%   169 10345s

 382101 324710  467.08287   98  234  722.72000  306.62504  57.6%   169 10379s

 382136 325327  469.31751   99  222  722.72000  306.62504  57.6%   169 10414s

 382828 326219  390.93656   51  238  722.72000  306.62732  57.6%   169 10445s

 383916 326957  480.49496   77  163  722.72000  306.67162  57.6%   169 10475s

 384779 327588  359.80969   49  244  722.72000  306.67362  57.6%   169 10505s

 385648 327890  630.03157  153  180  722.72000  306.67362  57.6%   169 10527s

 386067 328955  393.92170   72  293  722.72000  306.68929  57.6%   169 10557s

 387312 329323  471.23313   67  165  722.72000  306.75075  57.6%   169 10578s

 387769 330232  350.70363   33  257  722.72000  306.75075  57.6%   169 10607s

 388827 330488  685.05408  219  155  722.72000  306.75075  57.6%   169 10632s

 389172 331190  437.00327   34  221  722.72000  306.77688  57.6%   169 10662s

 390147 331553  440.56883   64  219  722.72000  306.81044  57.5%   169 10688s

 390654 332448  405.62390   49  249  722.72000  306.83002  57.5%   169 10719s

 391660 333044  337.41515   50  272  722.72000  306.83002  57.5%   169 10750s

 392524 333562  327.71576   38  328  722.72000  306.85734  57.5%   169 10773s

 393090 334210  484.53593   88  216  722.72000  306.85734  57.5%   169 10802s

 393907 334955  334.60976   39  335  722.72000  306.88558  57.5%   169 10828s

 394781 335414  327.66271   36  323  722.72000  306.88599  57.5%   169 10854s

 395325 335968  490.39574   94  228  722.72000  306.88599  57.5%   170 10878s

 396021 336894  338.26497   36  302  722.72000  306.90333  57.5%   170 10905s

 397199 337896  401.89020   80  233  722.72000  306.91451  57.5%   170 10935s

 398354 338295  562.89665   85  241  722.72000  306.94350  57.5%   170 10954s

 398814 339185  371.87698   63  266  722.72000  306.94350  57.5%   170 10982s

 399881 339828  339.54962   32  241  722.72000  306.96449  57.5%   170 11010s

 400653 340164  638.80880  125  105  722.72000  306.96449  57.5%   170 11031s

 401089 340821  356.21661   50  235  722.72000  306.96449  57.5%   170 11060s

 401888 341567  433.43025   55  224  722.72000  306.96549  57.5%   170 11093s

 402753 342521  371.14534   48  181  722.72000  307.00367  57.5%   170 11121s

 403844 343121  470.84167  108  148  722.72000  307.00367  57.5%   170 11150s

 404595 344225  359.03806   55  220  722.72000  307.00367  57.5%   170 11185s

 405833 345210  567.02977  103  196  722.72000  307.07086  57.5%   170 11217s

 406992 345865  338.55278   55  278  722.72000  307.09568  57.5%   170 11243s

 407743 346834  337.90917   56  295  722.72000  307.10127  57.5%   170 11274s

 408810 347164  503.53584  119  263  722.72000  307.10127  57.5%   170 11304s

 409198 347172  365.42333   57  178  722.72000  307.10127  57.5%   170 11345s

 409206 347849  367.14070   58  189  722.72000  307.10888  57.5%   170 11381s

 410008 348355  345.11126   50  292  722.72000  307.13763  57.5%   170 11405s

 410573 349293  459.27734  103  162  722.72000  307.13763  57.5%   170 11444s

 411773 350168  485.35028   91  214  722.72000  307.14878  57.5%   170 11475s

 412745 350792  562.43320  135  142  722.72000  307.14878  57.5%   170 11505s

 413505 351335  438.02299   73  230  722.72000  307.17727  57.5%   170 11529s

 414143 352205  643.31675  141  207  722.72000  307.17727  57.5%   170 11558s

 415103 352820  388.38426   74  249  722.72000  307.19797  57.5%   170 11585s

 415778 353752  700.58076  116  188  722.72000  307.22228  57.5%   170 11618s

 417034 354398  484.69214   84  188  722.72000  307.25262  57.5%   170 11643s

 417755 354882  435.18287   70  257  722.72000  307.25501  57.5%   170 11669s

 418325 355327  325.49025   51  288  722.72000  307.28332  57.5%   170 11698s

 418806 355982  483.26950   94  225  722.72000  307.28332  57.5%   170 11726s

 419589 356549  436.28950   80  237  722.72000  307.28332  57.5%   170 11747s

 420223 357538  411.74992   45  164  722.72000  307.28332  57.5%   170 11781s

 421376 357872  504.45943  123  265  722.72000  307.33553  57.5%   170 11803s

 421805 357995  358.54806   35  225  722.72000  307.33553  57.5%   171 11830s

 421953 358171  331.71493   35  299  722.72000  307.33553  57.5%   171 11850s

 422176 358501  382.31667   35  309  722.72000  307.33553  57.5%   171 11875s

 422568 359087  402.22013   35  264  722.72000  307.36567  57.5%   171 11905s

 423261 359533  410.31545   36  269  722.72000  307.36567  57.5%   171 11932s

 423779 360378  328.24485   50  328  722.72000  307.40889  57.5%   171 11966s

 424741 360983  321.26193   40  244  722.72000  307.40889  57.5%   171 11994s

 425470 361894  478.48468  106  253  722.72000  307.41852  57.5%   171 12024s

 426641 362424  373.61675   64  349  722.72000  307.47949  57.5%   171 12049s

 427242 363725  339.40368   45  274  722.72000  307.50351  57.5%   171 12088s

 428757 364644  519.37091   86  259  722.72000  307.52695  57.4%   171 12120s

 429855 365405  378.70163   41  200  722.72000  307.52695  57.4%   171 12149s

 430746 365956  383.17216   69  180  722.72000  307.56528  57.4%   171 12168s

 431498 366330  539.17361   79  219  722.72000  307.56528  57.4%   171 12191s

 431940 367389  349.37097   51  283  722.72000  307.57449  57.4%   171 12223s

 433147 368279  603.63431  208  194  722.72000  307.58432  57.4%   171 12250s

 434139 368804  557.96824  103  195  722.72000  307.58432  57.4%   171 12277s

 434744 368825  448.84817   81  220  722.72000  307.58432  57.4%   171 12312s

 434765 369420  449.05225   82  216  722.72000  307.58432  57.4%   171 12341s

 435460 370125  381.30049   44  186  722.72000  307.58432  57.4%   171 12365s

 436294 370546  547.78531   88  145  722.72000  307.63568  57.4%   171 12390s

 436874 371044  354.00974   56  231  722.72000  307.63568  57.4%   171 12414s

 437499 371811  406.79611   35  226  722.72000  307.64549  57.4%   171 12443s

 438459 372622     cutoff  153       722.72000  307.70839  57.4%   171 12471s

 439361 373469  576.18785  149  420  722.72000  307.71503  57.4%   171 12503s

 440313 373937  501.67899   80  199  722.72000  307.72322  57.4%   171 12527s

 440884 374957  526.56854   88  210  722.72000  307.72322  57.4%   171 12559s

 441480 374957  340.95456   39  283  722.72000  307.72322  57.4%   171 12560s

 442030 375776  407.43135   60  191  722.72000  307.72322  57.4%   171 12590s

 443010 376582  415.03823   68  254  722.72000  307.78234  57.4%   171 12618s

 443962 376984  644.02888   66  197  722.72000  307.79258  57.4%   171 12642s

 444531 377637  330.11876   34  238  722.72000  307.80429  57.4%   172 12671s

 445314 378133  333.25423   38  290  722.72000  307.80429  57.4%   172 12699s

 445870 379166  487.29556   75  294  722.72000  307.80429  57.4%   172 12734s

 447011 380055  492.41469   58  247  722.72000  307.80429  57.4%   172 12765s

 448089 380536  359.45053   48  192  722.72000  307.89556  57.4%   172 12790s

 448658 381502  336.98348   50  246  722.72000  307.91746  57.4%   172 12821s

 449704 382459  359.70849   38  258  722.72000  307.92376  57.4%   172 12853s

 450807 382952  438.65343   69  218  722.72000  307.94543  57.4%   172 12879s

 451378 383912 infeasible  150       722.72000  307.94578  57.4%   172 12908s

 452444 384871  399.62281   47  152  722.72000  307.97027  57.4%   172 12939s

 453518 385771  406.52692   88  263  722.72000  307.99419  57.4%   172 12968s

 454580 386246  414.27497   52  370  722.72000  307.99419  57.4%   172 12990s

 455128 386832  360.05154   55  291  722.72000  308.00806  57.4%   172 13015s

 455804 387718  595.12766  141  181  722.72000  308.00806  57.4%   172 13044s

 456804 388432  452.58280   70  229  722.72000  308.00806  57.4%   172 13070s

 457636 388927  369.79925   33  240  722.72000  308.00806  57.4%   172 13094s

 458214 389884  501.56755   76  235  722.72000  308.00806  57.4%   172 13123s

 459227 390675  322.18675   48  342  722.72000  308.00806  57.4%   172 13156s

 460215 391139  666.42342  163  174  722.72000  308.00806  57.4%   172 13179s

 460723 391139  422.67050   66  133  722.72000  308.00806  57.4%   172 13180s

 460853 391659  386.93388   87  224  722.72000  308.00806  57.4%   172 13201s

 461419 392540  662.43202  217  176  722.72000  308.00806  57.4%   172 13233s

 462522 392549  347.32967   51  320  722.72000  308.00806  57.4%   172 13269s

 462523 392549  658.76332  198  200  722.72000  308.00806  57.4%   172 13270s

 462553 392796  347.56528   52  254  722.72000  308.00806  57.4%   172 13302s

 462865 393163  374.68175   74  252  722.72000  308.11776  57.4%   172 13327s

 463333 394148  441.02258  133  266  722.72000  308.11776  57.4%   172 13363s

 464496 395012  541.62381  106  161  722.72000  308.14641  57.4%   172 13398s

 465532 395729 infeasible   77       722.72000  308.16845  57.4%   172 13427s

 466396 396142  368.07019   68  178  722.72000  308.19307  57.4%   172 13452s

 466827 396709  439.09305   86  175  722.72000  308.19410  57.4%   172 13479s

 467593 397350  403.63128   56  318  722.72000  308.20460  57.4%   172 13510s

 468375 397672  514.46219   52  188  722.72000  308.20460  57.4%   172 13542s

 468819 398571  384.33384   53  259  722.72000  308.20460  57.4%   172 13575s

 469895 398900  374.50909   65  281  722.72000  308.22680  57.4%   172 13598s

 470286 399828  464.22456  106  249  722.72000  308.22680  57.4%   172 13632s

 471359 400675  408.32684   62  212  722.72000  308.29968  57.3%   172 13667s

 472305 401187  340.35408   53  282  722.72000  308.29968  57.3%   172 13690s

 472910 401988  393.06510   36  337  722.72000  308.33254  57.3%   173 13722s

 473902 402694  523.59925   73  235  722.72000  308.35763  57.3%   173 13757s

 474736 403274  593.23559   80  195  722.72000  308.35763  57.3%   173 13785s

 475459 403864  361.73103   43  315  722.72000  308.40145  57.3%   173 13819s

 476195 403864  416.30813   35  222  722.72000  308.40953  57.3%   173 13820s

 476306 404386  468.85279   97  199  722.72000  308.40953  57.3%   173 13852s

 476909 405321  707.92148  208  160  722.72000  308.41437  57.3%   173 13887s

 477946 406085  595.47031  117  197  722.72000  308.41437  57.3%   173 13919s

 478198 406085  553.97221  201  195  722.72000  308.41437  57.3%   173 13920s

 478879 406852  526.44286   81  186  722.72000  308.45264  57.3%   173 13952s

 479783 407438  414.80430   75  234  722.72000  308.45614  57.3%   173 13981s

 480532 407829  383.63785   61  214  722.72000  308.45614  57.3%   173 14011s

 480968 408557  364.31598   60  283  722.72000  308.50219  57.3%   173 14041s

 481910 408878  441.29162   56  189  722.72000  308.52072  57.3%   173 14073s

 482338 409635  613.48548   82  172  722.72000  308.52072  57.3%   173 14106s

 483196 410205  695.51304  177  190  722.72000  308.55215  57.3%   173 14133s

 483872 410960  488.73358   72  124  722.72000  308.56310  57.3%   173 14164s

 483990 410960  330.46336   44  336  722.72000  308.56310  57.3%   173 14165s

 484794 411711  322.47090   56  307  722.72000  308.56310  57.3%   173 14196s

 485685 412085  393.33614  122  378  722.72000  308.56402  57.3%   173 14228s

 486103 412909  447.07771  170  303  722.72000  308.60476  57.3%   173 14257s

 487034 413346  478.77593   99  194  722.72000  308.61096  57.3%   173 14283s

 487537 414144  502.30490   46  207  722.72000  308.61096  57.3%   173 14317s

 488555 414152  446.48161   77  213  722.72000  308.65208  57.3%   173 14357s

 488563 414300  461.48197   78  220  722.72000  308.65208  57.3%   173 14400s



Cutting planes:

  Learned: 8

  Gomory: 57

  Lift-and-project: 71

  Cover: 211

  Implied bound: 1106

  Projected implied bound: 1

  Clique: 461

  MIR: 1066

  Mixing: 24

  StrongCG: 265

  Flow cover: 1216

  GUB cover: 23

  Inf proof: 14

  Zero half: 1617

  RLT: 77

  Relax-and-lift: 814



Explored 488735 nodes (84671763 simplex iterations) in 14401.09 seconds (10185.13 work units)

Thread count was 16 (of 16 available processors)



Solution count 10: 722.72 724.05 724.78 ... 741.77



Time limit reached

Best objective 7.227200000000e+02, best bound 3.086600000000e+02, gap 57.2919%

-----RESULTS INFO-----
running_time:  14411.609
TC.best_bound:  308.66
TC:  722.72
MIP Gap (%):  57.291897276953726
=== Vehicle Routes ===
Vehicle 1: 0  1
Vehicle 1: 1  53
Vehicle 1: 5  10
Vehicle 1: 7  54
Vehicle 1: 8  7
Vehicle 1: 10  8
Vehicle 1: 53  5
Vehicle 2: 0  42
Vehicle 2: 2  54
Vehicle 2: 4  2
Vehicle 2: 13  4
Vehicle 2: 14  48
Vehicle 2: 42  14
Vehicle 2: 48  13
Vehicle 3: 0  12
Vehicle 3: 3  54
Vehicle 3: 12  47
Vehicle 3: 15  3
Vehicle 3: 47  15
Vehicle 4: 0  6
Vehicle 4: 6  41
Vehicle 4: 41  51
Vehicle 4: 51  54
Vehicle 5: 0  9
Vehicle 5: 9  52
Vehicle 5: 52  54
Vehicle 6: 0  11
Vehicle 6: 11  54
Vehicle 7: 0  49
Vehicle 7: 49  54

=== Full Vehicle Routes ===
Vehicle 1: 0  1  53  5  10  8  7  0 (95<100)
Vehicle 2: 0  42  14  48  13  4  2  0 (98<100)
Vehicle 3: 0  12  47  15  3  0 (99<100)
Vehicle 4: 0  6  41  51  0 (99<100)
Vehicle 5: 0  9  52  0 (95<100)
Vehicle 6: 0  11  0 (19<100)
Vehicle 7: 0  49  0 (98<100)
Arc used by MRT line: y variables:
Customer assigment to PL: u variables:
16 49
17 49
18 48
19 47
20 52
21 53
22 49
23 51
24 49
25 52
26 52
27 49
28 52
29 47
30 49
31 52
32 51
33 47
34 49
35 49
36 51
37 47
38 49
39 51
40 49
43 52
44 52
45 51
Node is served by regular vehicle: g variables:
1
2
3
4
5
6
7
8
9
10
11
12
13
14
15
41
42
52
53
47
48
49
51
Customer assigment to Home delivery: gm variables:
1
2
3
4
5
6
7
8
9
10
11
12
13
14
15
41
42
Node total demands: ntd variables:
1 18 1
2 10 1
3 1 1
4 20 1
5 12 1
6 3 1
7 2 1
8 13 1
9 4 1
10 24 1
11 19 1
12 2 1
13 10 1
14 15 1
15 12 1
31 0 0
32 0 0
33 0 0
34 0 0
35 0 0
36 0 0
37 0 0
38 0 0
39 0 0
40 0 0
41 17 1
42 20 1
43 0 0
44 0 0
45 0 0
52 91 1
53 26 1
46 0 0
47 84 1
48 23 1
49 98 1
50 0 0
51 79 1
Customer's demand delivered to PL: l variables:
16
17
18
19
20
21
22
23
24
25
26
27
28
29
30
31
32
33
34
35
36
37
38
39
40
43
44
45
Lockers load <= capacity:
91 <= 91
26 <= 72
0 <= 72
84 <= 95
23 <= 100
98 <= 98
0 <= 71
79 <= 84
