Gurobi 12.0.0:   lim:time = 14400

  mip:bestbound = 1

Set parameter LogToConsole to value 1

  tech:outlev = 1

Set parameter Cuts to value 3

  cut:cuts = 3

Set parameter Presolve to value 2

  pre:solve = 2

Set parameter MIPFocus to value 2

  mip:focus = 2

Set parameter Symmetry to value 2

  mip:symmetry = 2

Set parameter InfUnbdInfo to value 1

Gurobi Optimizer version 12.0.0 build v12.0.0rc1 (win64 - Windows 11.0 (26100.2))



CPU model: 11th Gen Intel(R) Core(TM) i7-11700 @ 2.50GHz, instruction set [SSE2|AVX|AVX2|AVX512]

Thread count: 8 physical cores, 16 logical processors, using up to 16 threads



Non-default parameters:

TimeLimit  14400

MIPFocus  2

Symmetry  2

Cuts  3

InfUnbdInfo  1

Presolve  2



Optimize a model with 2259 rows, 9021 columns and 56681 nonzeros

Model fingerprint: 0x187e77cf

Model has 6 quadratic objective terms

Model has 13 quadratic constraints

Variable types: 76 continuous, 8945 integer (0 binary)

Coefficient statistics:

  Matrix range     [1e+00, 1e+05]

  QMatrix range    [1e+00, 1e+00]

  QLMatrix range   [1e+00, 2e+01]

  Objective range  [2e+00, 1e+02]

  QObjective range [2e+00, 2e+00]

  Bounds range     [1e+00, 1e+02]

  RHS range        [1e+00, 1e+05]

  QRHS range       [1e+02, 1e+02]

Presolve removed 112 rows and 305 columns

Presolve time: 2.12s

Presolved: 7649 rows, 14196 columns, 68440 nonzeros

Variable types: 1477 continuous, 12719 integer (12229 binary)

Root relaxation presolve removed 7 rows and 3 columns

Root relaxation presolved: 7639 rows, 14192 columns, 122124 nonzeros



Deterministic concurrent LP optimizer: primal and dual simplex

Showing primal log only...



Concurrent spin time: 0.03s



Solved with dual simplex



Root relaxation: objective 1.715244e+02, 888 iterations, 0.22 seconds (0.22 work units)

Total elapsed time = 5.39s (DegenMoves)



    Nodes    |    Current Node    |     Objective Bounds      |     Work

 Expl Unexpl |  Obj  Depth IntInf | Incumbent    BestBd   Gap | It/Node Time



     0     0  171.52445    0  141          -  171.52445      -     -    5s

     0     0  234.72799    0  161          -  234.72799      -     -    7s

     0     0  234.72799    0  165          -  234.72799      -     -    7s

     0     0  234.72799    0  380          -  234.72799      -     -    9s

     0     0  243.59158    0  133          -  243.59158      -     -    9s

     0     0  243.59158    0  162          -  243.59158      -     -   10s

     0     0  250.15753    0  135          -  250.15753      -     -   12s

     0     0  251.00611    0  410          -  251.00611      -     -   12s

     0     0  252.32997    0  187          -  252.32997      -     -   14s

     0     0  252.50083    0  173          -  252.50083      -     -   14s

     0     0  253.49106    0  230          -  253.49106      -     -   15s

     0     0  253.49106    0  230          -  253.49106      -     -   16s

     0     2  253.56007    0  206          -  253.56007      -     -   17s

   336   367  279.69497   37  190          -  253.85232      -   154   20s

  2173  2029  661.08483  174 3823          -  254.23567      -  60.6   25s

  2177  2032  466.57792  134  182          -  254.23567      -  60.5   31s

  2179  2033  465.43927  131  242          -  255.24076      -  60.5   36s

  2180  2034  257.32534   15  168          -  255.70000      -  60.4   40s

H 2180  1932                    1309.7100000  255.86848  80.5%  60.4   45s

H 2181  1835                    1305.1500000  255.86848  80.4%  60.4   49s

H 2181  1743                    1286.5400000  255.86848  80.1%  60.4   49s

H 2181  1656                    1281.8200000  255.86848  80.0%  60.4   49s

H 2181  1573                    1277.2600000  255.86848  80.0%  60.4   49s

H 2182  1495                    1264.7000000  255.87693  79.8%  60.4   49s

H 2182  1420                    1256.2600000  255.87693  79.6%  60.4   53s

  2184  1421  333.63977  104  304 1256.26000  255.90009  79.6%  60.3   58s

  2185  1422  264.45759   22  204 1256.26000  255.95941  79.6%  60.3   62s

H 2185  1351                    1227.7800000  256.01269  79.1%  60.3   68s

H 2185  1283                    1226.8900000  256.01269  79.1%  60.3   68s

H 2185  1219                    1218.1600000  256.01269  79.0%  60.3   68s

H 2186  1158                    1211.9500000  256.05131  78.9%  60.3   71s

H 2186  1100                    1209.6500000  256.05131  78.8%  60.3   71s

  2188  1101  288.55017   52  246 1209.65000  256.06607  78.8%  60.2   75s

H 2191  1048                    1203.5200000  256.18806  78.7%  60.1   83s

  2193  1049  338.94367  157  276 1203.52000  256.44634  78.7%  60.1   87s

  2194  1050  424.89825  287  279 1203.52000  256.62752  78.7%  60.0   91s

  2195  1051  431.47736  303  333 1203.52000  257.16893  78.6%  60.0   96s

  2196  1051  402.69780  236  299 1203.52000  257.51473  78.6%  60.0  100s

  2198  1053  476.94610  155  301 1203.52000  258.47750  78.5%  59.9  108s

  2199  1053  487.92474  161  309 1203.52000  258.89943  78.5%  59.9  112s

  2201  1055  448.66178  136  298 1203.52000  259.89634  78.4%  59.9  118s

  2202  1055  433.75442  309  379 1203.52000  259.98863  78.4%  59.8  120s

  2203  1056  340.83133  174  312 1203.52000  260.14863  78.4%  59.8  125s

H 2203  1002                    1202.7300000  260.33336  78.4%  59.8  130s

H 2203   952                    1130.7000000  260.33336  77.0%  59.8  130s

H 2204   905                    1127.8500000  260.86762  76.9%  59.8  135s

H 2204   859                    1060.7100000  260.86762  75.4%  59.8  135s

H 2204   815                    1058.0000000  260.86762  75.3%  59.8  135s

H 2204   774                    1057.7600000  260.86762  75.3%  59.8  135s

H 2205   735                    1049.9500000  261.23553  75.1%  59.7  139s

H 2205   697                    1036.9900000  261.23553  74.8%  59.7  139s

H 2205   662                    1035.4300000  261.23553  74.8%  59.7  139s

  2207   664  346.94657  128  383 1035.43000  261.38572  74.8%  59.7  141s

H 2208   630                    1017.8200000  261.62152  74.3%  59.7  147s

H 2208   598                     992.1600000  261.62152  73.6%  59.7  147s

H 2208   568                     988.6800000  261.62152  73.5%  59.7  147s

H 2208   539                     988.5700000  261.62152  73.5%  59.7  147s

H 2208   511                     981.5600000  261.62152  73.3%  59.7  147s

H 2208   485                     976.8600000  261.62152  73.2%  59.7  147s

H 2208   460                     950.5400000  261.62152  72.5%  59.7  147s

H 2209   437                     942.7300000  261.62152  72.2%  59.6  148s

H 2209   415                     941.7300000  261.62152  72.2%  59.6  148s

H 2209   393                     941.3600000  261.62152  72.2%  59.6  148s

H 2209   373                     916.8000000  261.62152  71.5%  59.6  148s

H 2209   354                     915.0300000  261.62152  71.4%  59.6  148s

H 2209   336                     904.5600000  261.62152  71.1%  59.6  148s

H 2209   318                     901.2200000  261.62152  71.0%  59.6  148s

H 2209   302                     897.8100000  261.62152  70.9%  59.6  148s

  2212   304  269.46846   24  403  897.81000  261.70624  70.9%  59.6  150s

H 2213   289                     894.4700000  262.31176  70.7%  59.5  154s

  2215   290  286.79696   93  377  894.47000  262.63305  70.6%  59.5  155s

  2217   291  358.40551  236  304  894.47000  263.22820  70.6%  59.4  162s

  2218   292  272.59133   13  309  894.47000  263.76828  70.5%  59.4  166s

H 2220   277                     893.4600000  264.01142  70.5%  59.3  168s

H 2221   263                     881.5100000  264.05288  70.0%  59.3  169s

  2223   264  299.28924   77  407  881.51000  264.05288  70.0%  59.3  170s

  2226   266  286.64396   77  301  881.51000  265.12278  69.9%  59.2  175s

H 2233   257                     881.4600000  266.42642  69.8%  59.0  180s

H 2233   243                     881.1400000  266.42642  69.8%  59.0  180s

  2237   246  268.77066   68  352  881.14000  266.71092  69.7%  58.9  185s

H 2241   234                     873.7600000  267.06142  69.4%  58.8  190s

  2248   239  286.61781   92  447  873.76000  267.75322  69.4%  58.6  195s

H 2253   229                     871.4200000  267.79408  69.3%  58.5  200s

H 2253   216                     870.7300000  267.79408  69.2%  58.5  200s

H 2253   204                     868.3900000  267.79408  69.2%  58.5  201s

H 2253   192                     867.7300000  267.79408  69.1%  58.5  201s

  2259   196  341.21385   92  459  867.73000  268.01831  69.1%  58.3  205s

  2266   201  432.87083  310  522  867.73000  268.17850  69.1%  58.1  210s

  2273   206  661.08483  174  435  867.73000  268.56787  69.0%  58.0  215s

  2281   211  274.38374   18  555  867.73000  269.39367  69.0%  57.8  220s

  2288   216  288.55017   52  472  867.73000  269.77543  68.9%  57.6  225s

  2296   221  402.69780  236  503  867.73000  269.93538  68.9%  57.4  230s

  2304   226  277.90696   35  485  867.73000  270.14479  68.9%  57.2  235s

  2312   232  270.60537   24  420  867.73000  270.60537  68.8%  57.0  240s

  2320   237  405.85084  244  519  867.73000  271.09931  68.8%  56.8  245s

  2328   242  419.01213  272  579  867.73000  271.30137  68.7%  56.6  251s

  2336   248  356.05150  156  562  867.73000  271.67261  68.7%  56.4  255s

  2345   255  293.35292  102 3823  867.73000  271.73524  68.7%  83.5  261s

  2348   257  286.61781   92  164  867.73000  271.73524  68.7%  83.4  265s

  2350   258  288.13039   40  294  867.73000  271.73524  68.7%  83.3  276s

  2351   259  473.45303  146  296  867.73000  271.73524  68.7%  83.3  281s

  2352   260  477.53822  156  352  867.73000  271.73524  68.7%  83.2  286s

  2353   260  286.08087   82  332  867.73000  271.73524  68.7%  83.2  291s

  2354   261  508.43635  206  419  867.73000  271.73524  68.7%  83.2  297s

  2355   262  353.60140  144  383  867.73000  271.73524  68.7%  83.1  300s

  2364   268  271.73524   19  491  867.73000  271.73524  68.7%  82.8  307s

H 2364   254                     865.2900000  271.73524  68.6%  82.8  310s

  2371   258  349.44503  122  442  865.29000  271.73524  68.6%  82.6  317s

  2376   262  627.76412  167  578  865.29000  271.90686  68.6%  82.4  321s

  2382   266  285.58125   68  581  865.29000  271.90686  68.6%  82.2  327s

  2383   266  314.28212   80  566  865.29000  271.91224  68.6%  82.2  331s

  2390   271  336.64150   16  499  865.29000  271.91224  68.6%  81.9  338s

  2397   276  296.62248  130  560  865.29000  271.91224  68.6%  81.7  341s

  2398   276  476.94610  155  489  865.29000  271.91224  68.6%  81.6  345s

  2404   280  277.90696   35  493  865.29000  271.91224  68.6%  81.4  352s

  2409   284  292.44869   74  591  865.29000  271.91224  68.6%  81.3  356s

  2413   286  500.62980  208  582  865.29000  271.91224  68.6%  81.1  360s

  2418   290  273.33866   13  598  865.29000  273.33866  68.4%  81.0  365s

  2428   296  419.01213  272  623  865.29000  275.28237  68.2%  80.6  370s

  2436   302  356.05150  156  612  865.29000  275.28237  68.2%  80.4  375s

  2449   310  281.37064   33  597  865.29000  275.28665  68.2%  79.9  380s

  2458   316  305.59135   73  606  865.29000  275.28665  68.2%  79.7  385s

  2467   322  297.05839  114  439  865.29000  275.28665  68.2%  79.4  390s

  2470   324  364.89830  158  603  865.29000  275.28665  68.2%  79.3  395s

  2477   329  466.57792  134  454  865.29000  276.00412  68.1%  79.0  400s

  2487   336  287.15678  100  464  865.29000  276.03995  68.1%  78.7  405s

  2492   339  403.02012  217  566  865.29000  276.03995  68.1%  78.6  410s

  2502   346  433.75442  309  642  865.29000  276.04466  68.1%  78.3  415s

  2509   350  292.44869   74  630  865.29000  276.04466  68.1%  78.0  420s

  2520   358  405.85084  244  468  865.29000  276.04466  68.1%  77.7  425s

  2523   360  299.28924   77  632  865.29000  276.04466  68.1%  77.6  430s

  2527   362  399.83540  207  618  865.29000  276.04466  68.1%  77.5  436s

  2534   376  276.04466   29  559  865.29000  276.04466  68.1%  93.7  440s

  2603   427  279.31865   35  388  865.29000  276.04466  68.1%   110  446s

  2657   461  285.29241   38  342  865.29000  276.04466  68.1%   121  450s

  2730   510  291.81759   42  236  865.29000  276.04466  68.1%   131  455s

  2802   560  292.46720   46  262  865.29000  276.04466  68.1%   141  460s

  2875   605  300.41386   51  158  865.29000  276.04466  68.1%   154  465s

  2942   654  304.41597   55  276  865.29000  276.04466  68.1%   164  471s

  3009   684  308.21324   59  175  865.29000  276.04466  68.1%   172  476s

  3035   712  311.35500   60  236  865.29000  276.04466  68.1%   176  480s

  3101   750  460.66444   61  152  865.29000  276.04466  68.1%   185  485s

  3156   783  312.16239   63  246  865.29000  276.04466  68.1%   190  491s

  3199   798  322.03281   66  204  865.29000  276.04466  68.1%   195  496s

  3218   815  355.83744   67  192  865.29000  276.04466  68.1%   199  500s

  3259   852  356.62077   68  190  865.29000  276.04466  68.1%   203  505s

  3328   932  367.36940   69  243  865.29000  276.04466  68.1%   211  510s

  3447  1010  368.04334   70  210  865.29000  276.04466  68.1%   215  516s

  3617  1141  473.67669   78  149  865.29000  276.04466  68.1%   217  521s

  3833  1307  460.18879   89  187  865.29000  276.04466  68.1%   219  527s

  3917  1414  475.88775   91  151  865.29000  276.04466  68.1%   219  531s

  4158  1634  610.30948  106  166  865.29000  276.04466  68.1%   219  537s

  4292  1771  629.82075  119  107  865.29000  276.04466  68.1%   217  540s

  4582  1918  643.36828  147  114  865.29000  276.04466  68.1%   217  547s

  4591  1982  722.82103  147  103  865.29000  276.04466  68.1%   217  551s

  4684  2071  646.20353  148   98  865.29000  276.04466  68.1%   215  555s

  4916  2260  704.25649  174  115  865.29000  276.04466  68.1%   216  563s

  4997  2376  707.83994  183  104  865.29000  276.04466  68.1%   217  567s

  5138  2677  301.16586   36  281  865.29000  276.04466  68.1%   215  571s

  5460  2820  340.49723   58  239  865.29000  276.04466  68.1%   213  576s

  5672  3280  351.89831   69  184  865.29000  276.04466  68.1%   212  580s

  6178  3489  584.15711  120   88  865.29000  276.04466  68.1%   205  585s

  6901  3907  301.76627   35  226  865.29000  276.04466  68.1%   200  594s

  6909  3947  302.08839   36  234  865.29000  276.04466  68.1%   200  599s

  6955  4109  316.25233   46  219  865.29000  276.04466  68.1%   200  603s

  7156  4676  363.60163   73  188  865.29000  276.04466  68.1%   199  608s

  7783  4801  281.96731   46  225  865.29000  276.04466  68.1%   191  614s

  7962  5101  294.21372   63  258  865.29000  276.04466  68.1%   191  619s

  8300  5313  619.00354  105  153  865.29000  276.04466  68.1%   191  624s

  8567  5945  307.89904   48  318  865.29000  276.04466  68.1%   191  629s

  9246  6460  491.05519  148  176  865.29000  276.04466  68.1%   186  635s

  9812  6614     cutoff  312       865.29000  276.04466  68.1%   180  640s

  9978  6735  296.78234   47  231  865.29000  276.04466  68.1%   181  646s

 10123  7071  331.91835   90  250  865.29000  276.04466  68.1%   181  652s

 10484  7757  517.37480  172  194  865.29000  276.04466  68.1%   179  658s

 11235  7941  458.41892   76  193  865.29000  276.04466  68.1%   174  664s

 11475  8554  651.48389   94  159  865.29000  276.04466  68.1%   174  671s

 12155  8761  313.31359   54  219  865.29000  276.04466  68.1%   172  677s

 12374  9392  347.60988   70  170  865.29000  276.04466  68.1%   174  683s

 13044 10023  414.14330  120  160  865.29000  276.04466  68.1%   174  691s

 13877 10340  323.14090   37  144  865.29000  276.04466  68.1%   172  698s

 14268 11450  685.48000   97  116  865.29000  276.04466  68.1%   171  706s

 15573 11458  514.35559  116  192  865.29000  276.04466  68.1%   166  719s

 15581 13732  619.08426  117  163  865.29000  276.04466  68.1%   166  810s

H16889 13732                     865.1399817  276.04466  68.1%   165  810s

 18197 15603  380.70406   68  172  865.13998  277.11836  68.0%   163  832s

 20479 16476  295.40278   39  320  865.13998  277.32000  67.9%   163  845s

H21242 16476                     865.1399643  277.32000  67.9%   165  846s

 21462 17477  321.57825   38  258  865.13996  277.32000  67.9%   165  859s

 22744 18481  640.68451   83  133  865.13996  277.65437  67.9%   166  873s

 23876 19512  425.19646   65  229  865.13996  277.67457  67.9%   164  887s

 25066 19953  372.35947   48  244  865.13996  277.67632  67.9%   165  899s

 25565 20547  623.57146   72  149  865.13996  277.67632  67.9%   167  913s

 26303 21642  327.72066   55  220  865.13996  277.67632  67.9%   167  925s

 27556 22209  279.82086   53  224  865.13996  278.81561  67.8%   166  937s

 28163 23591  410.92720  111  223  865.13996  278.81561  67.8%   166  950s

 29683 24808  346.77622  107  246  865.13996  278.94721  67.8%   164  962s

 31033 25506  499.40724   90  287  865.13996  279.05700  67.7%   163  978s

 31820 27212  279.82504   46  322  865.13996  279.15491  67.7%   164  993s

 33736 27601  372.75513   62  120  865.13996  279.34969  67.7%   162 1002s

 34170 28724  496.86296  113  142  865.13996  279.34969  67.7%   163 1011s

 35464 29465  493.95264  159  182  865.13996  279.37915  67.7%   161 1020s

 36342 29717  711.41591  125  160  865.13996  279.75769  67.7%   161 1027s

 36627 30177  327.27799   43  115  865.13996  279.75769  67.7%   161 1036s

 37175 31307  386.12398   67  123  865.13996  279.85394  67.7%   162 1046s

 38461 31603  446.57356  107  210  865.13996  280.04883  67.6%   160 1054s

 38777 32402  564.99160  162  139  865.13996  280.04883  67.6%   161 1063s

 39696 32930  379.03971   61  252  865.13996  280.04883  67.6%   160 1072s

 40341 33490  471.62525   69  248  865.13996  280.04883  67.6%   161 1081s

 41069 33744 infeasible   74       865.13996  280.11220  67.6%   162 1089s

 41419 34597  421.39754   83  259  865.13996  280.34534  67.6%   163 1098s

 42358 35066  395.49825   96  267  865.13996  280.44522  67.6%   163 1107s

 42866 35604  320.97778   40  223  865.13996  280.44522  67.6%   163 1116s

H43275 35604                     865.1399533  280.44522  67.6%   163 1116s

 43506 36082  347.46743   59  213  865.13995  280.44522  67.6%   164 1125s

 44041 36822  361.60808   73  156  865.13995  280.44522  67.6%   164 1134s

 45000 37268 infeasible  128       865.13995  280.68198  67.6%   164 1143s

 45489 38596  346.77533   58  181  865.13995  280.68198  67.6%   163 1159s

 47081 39224  498.51732  118  177  865.13995  280.70859  67.6%   163 1167s

 47818 39587  459.52814   88  179  865.13995  280.79799  67.5%   162 1175s

 48219 40561  301.92866   51  331  865.13995  280.83638  67.5%   163 1183s

 49342 40774  320.35834   49  249  865.13995  280.93783  67.5%   162 1190s

H49350 40770                     861.7200000  280.93783  67.4%   162 1190s

 49578 41725  449.00235   57  196  861.72000  280.93783  67.4%   162 1198s

 50653 42146  291.54833   68  201  861.72000  280.93783  67.4%   161 1206s

 51130 42843  619.81557  104  169  861.72000  280.93783  67.4%   161 1214s

 51926 43081  351.84726   47  242  861.72000  281.00490  67.4%   161 1221s

 52207 43907  459.90116   81  174  861.72000  281.00490  67.4%   161 1229s

 53165 44097  749.13473  120  135  861.72000  281.29217  67.4%   161 1238s

 53404 44800  421.87013   61  231  861.72000  281.32690  67.4%   161 1246s

 54220 45116  426.74291   70  253  861.72000  281.50371  67.3%   161 1255s

 54580 46017  697.59559  104  144  861.72000  281.50371  67.3%   162 1264s

 55669 46710  538.82383  108  167  861.72000  281.50371  67.3%   161 1272s

 56489 46963 infeasible  104       861.72000  281.74264  67.3%   161 1282s

 56809 47605  455.74856   48  250  861.72000  281.77269  67.3%   161 1291s

 57559 48607  314.28721   83  290  861.72000  281.88933  67.3%   162 1302s

 58647 48948  709.87328  212  150  861.72000  281.88933  67.3%   161 1310s

 59019 49888  292.49861   82  317  861.72000  281.88933  67.3%   161 1319s

 60088 50140  301.83508   43  366  861.72000  281.88933  67.3%   161 1335s

 60424 51596  442.18007   48  157  861.72000  281.88933  67.3%   161 1363s

 62071 53068  713.82067  119  134  861.72000  282.07295  67.3%   161 1380s

 63884 53514  336.82992   72  265  861.72000  282.25389  67.2%   161 1393s

 64399 54404  344.51056   50  194  861.72000  282.25389  67.2%   161 1406s

 65467 55146  369.31731   78  241  861.72000  282.25389  67.2%   162 1418s

 66329 55566  408.55485   91  253  861.72000  282.25389  67.2%   162 1429s

 66835 55903  506.10177   99  157  861.72000  282.25389  67.2%   163 1442s

 67214 57325  454.40335  109  167  861.72000  282.35287  67.2%   162 1455s

 68844 57716  420.76455   56  266  861.72000  282.50811  67.2%   162 1465s

 69281 58516  701.32763   91  241  861.72000  282.51869  67.2%   162 1476s

 70309 59459  737.64264   73  111  861.72000  282.60754  67.2%   162 1488s

 71496 60518  729.42202  151  172  861.72000  282.60754  67.2%   162 1499s

 72693 60897  784.00384  175  170  861.72000  282.71701  67.2%   162 1509s

 73125 62005  466.69631   92  212  861.72000  282.71701  67.2%   162 1520s

 74369 63089  429.38766  142  240  861.72000  282.76769  67.2%   161 1530s

 75581 63597  380.44123   90  301  861.72000  282.76769  67.2%   161 1544s

 76089 65340  535.69778  156  217  861.72000  282.76769  67.2%   161 1564s

 78122 65669  320.67673   88  152  861.72000  282.85749  67.2%   160 1573s

 78486 66904  413.11636  122  181  861.72000  282.85749  67.2%   160 1584s

 79851 67892  311.57208   45  192  861.72000  282.98016  67.2%   160 1593s

 80969 68781  510.42381  165  226  861.72000  282.98016  67.2%   159 1602s

 81969 69045  703.36259  107  184  861.72000  283.05677  67.2%   159 1610s

 82297 69658  486.22025   71  222  861.72000  283.05677  67.2%   159 1619s

 82999 69900  806.54188  145  235  861.72000  283.13118  67.1%   159 1628s

 83259 69908  317.55552   67  270  861.72000  283.13118  67.1%   160 1637s

 83267 69980  317.82159   68  284  861.72000  283.13118  67.1%   160 1646s

 83341 70316  318.35320   69  292  861.72000  283.13118  67.1%   160 1655s

 83694 70667  407.59953  114  266  861.72000  283.13118  67.1%   160 1664s

 84153 70904  629.95972  173  245  861.72000  283.13523  67.1%   160 1675s

 84484 71719  344.28663   48  320  861.72000  283.13523  67.1%   160 1685s

 85435 72105  332.83651   41  227  861.72000  283.19471  67.1%   160 1695s

 85873 73178  404.53851   63  204  861.72000  283.21489  67.1%   160 1706s

 87071 73712  394.31275   50  154  861.72000  283.24233  67.1%   160 1715s

 87679 74486  385.68348   78  255  861.72000  283.24233  67.1%   160 1727s

 88601 74929  340.89396   75  266  861.72000  283.31330  67.1%   160 1736s

 89085 75998  588.30748  129  217  861.72000  283.31330  67.1%   160 1746s

 90321 77113  296.45948   46  266  861.72000  283.34766  67.1%   160 1761s

 91635 77614  338.57012   56  206  861.72000  283.37818  67.1%   160 1770s

 92205 77855  551.74065  113  222  861.72000  283.37887  67.1%   160 1778s

 92484 78818  683.58573  147  192  861.72000  283.37887  67.1%   160 1788s

 93586 79608  500.02047  134  230  861.72000  283.37887  67.1%   160 1798s

 94473 79672  463.73862  114  177  861.72000  283.43755  67.1%   160 1807s

 94549 79865  490.71461  137  176  861.72000  283.43755  67.1%   160 1816s

 94774 80825  341.42524   53  229  861.72000  283.45726  67.1%   161 1827s

 95914 81143  395.08004   38  207  861.72000  283.50000  67.1%   160 1836s

 96254 81984  418.47642   76  208  861.72000  283.50000  67.1%   161 1846s

 97240 82780  299.98118   51  332  861.72000  283.56978  67.1%   161 1856s

 98114 83251  633.63844  152  163  861.72000  283.56978  67.1%   161 1866s

 98660 83995  347.55715   55  200  861.72000  283.56978  67.1%   161 1876s

 99522 84950  312.58796   78  281  861.72000  283.65853  67.1%   161 1887s

 100604 85372  457.31354   54  241  861.72000  283.70457  67.1%   161 1896s

 101115 86423  321.46750   43  184  861.72000  283.77539  67.1%   161 1907s

 102274 87054  331.09470   81  211  861.72000  283.80267  67.1%   160 1917s

 102987 87804  292.75049   41  242  861.72000  283.80267  67.1%   160 1927s

 103834 88155 infeasible  125       861.72000  283.80267  67.1%   161 1937s

 104327 89040  417.92764   70  169  861.72000  283.81640  67.1%   161 1947s

 105285 89401  445.53497   62  158  861.72000  283.90039  67.1%   161 1961s

 105709 91767  407.20077   72  222  861.72000  283.90877  67.1%   161 1987s

 108460 92053  304.38998   49  334  861.72000  283.98741  67.0%   160 1996s

 108796 92902  333.46338   69  237  861.72000  283.98741  67.0%   160 2006s

 109755 93203  330.33212   50  316  861.72000  284.04312  67.0%   160 2015s

 110145 93538  681.27053   85  196  861.72000  284.04312  67.0%   160 2025s

 110543 94363  323.86864   46  262  861.72000  284.06439  67.0%   160 2035s

 111463 95280  399.43086   44  306  861.72000  284.08159  67.0%   160 2045s

 112513 95531  386.02780   47  216  861.72000  284.08159  67.0%   160 2054s

 112796 96415  683.76084   80  134  861.72000  284.08159  67.0%   160 2064s

 113867 97069  562.18646  124  161  861.72000  284.09758  67.0%   160 2074s

 114659 97336  489.79393  100  250  861.72000  284.21918  67.0%   160 2084s

H115002 97362                     857.0700000  284.24244  66.8%   161 2097s

H115003 97362                     857.0699763  284.24244  66.8%   161 2097s

 115046 97742  303.84069   71  286  857.06998  284.24244  66.8%   161 2107s

 115504 98569  610.84601  111  191  857.06998  284.24244  66.8%   161 2118s

 116468 99404  423.90868   78  219  857.06998  284.27034  66.8%   161 2129s

 117416 99747  323.53575   83  351  857.06998  284.32610  66.8%   161 2138s

H117780 100800                     857.0699651  284.32610  66.8%   161 2149s

H118075 100800                     857.0698892  284.32610  66.8%   161 2149s

H118320 100800                     857.0698533  284.33109  66.8%   161 2149s

 118937 101861  462.04396  129  280  857.06985  284.34064  66.8%   161 2161s

 120190 102569  298.31392   59  214  857.06985  284.39485  66.8%   161 2177s

 121028 102961  400.33747   76  196  857.06985  284.39485  66.8%   161 2190s

 121484 104188  714.09043  127  199  857.06985  284.39485  66.8%   161 2206s

 122886 104818  384.53686   58  280  857.06985  284.45707  66.8%   161 2218s

 123603 105748  395.58432   53  180  857.06985  284.46271  66.8%   161 2230s

 124648 106133  309.68315   57  303  857.06985  284.47791  66.8%   161 2241s

 125048 106388  309.68315   58  303  857.06985  284.47791  66.8%   161 2253s

 125353 107209  310.36187   59  312  857.06985  284.47791  66.8%   161 2265s

 126349 107664  384.69912   93  219  857.06985  284.48694  66.8%   161 2277s

 126866 108773  293.96463   42  246  857.06985  284.48694  66.8%   162 2289s

 128113 109898  414.79465  118  200  857.06985  284.48694  66.8%   161 2301s

 129388 110036  442.94317   85  136  857.06985  284.60206  66.8%   161 2316s

 129556 110119  442.94317   86  138  857.06985  284.60206  66.8%   161 2328s

H129622 110119                     857.0698424  284.60206  66.8%   161 2328s

 129699 110509  469.41650   87  138  857.06984  284.60206  66.8%   162 2340s

 130148 111729  464.44471   60  238  857.06984  284.60206  66.8%   162 2352s

 131500 112186  476.93296   69  273  857.06984  284.61955  66.8%   161 2363s

 132035 112774  343.61494   45  140  857.06984  284.63639  66.8%   162 2375s

 132718 113430  396.93714   55  194  857.06984  284.66649  66.8%   162 2387s

 133494 114612  391.26739   68  234  857.06984  284.69770  66.8%   162 2399s

 134749 114963  387.17457   52  263  857.06984  284.69770  66.8%   162 2413s

 135124 116753  419.74069   95  280  857.06984  284.70326  66.8%   162 2440s

 137246 117261  643.59490  111  176  857.06984  284.75441  66.8%   162 2453s

 137836 118287  399.19428   71  169  857.06984  284.79541  66.8%   162 2467s

 138997 118516 infeasible  101       857.06984  284.82831  66.8%   162 2479s

 139284 119379  672.52081   82  191  857.06984  284.82831  66.8%   162 2493s

 140369 119884  812.94067  122  190  857.06984  284.88710  66.8%   162 2504s

 140939 120812  383.26325   83  300  857.06984  284.89286  66.8%   162 2516s

 141967 121674  381.10224   45  204  857.06984  284.89286  66.8%   162 2528s

 143041 122550  385.35233   93  194  857.06984  284.97420  66.8%   163 2540s

 144034 122906  407.04119   67  200  857.06984  284.98610  66.7%   163 2551s

 144424 123975  518.86524   96  155  857.06984  284.98610  66.7%   163 2564s

 145625 124805  386.31093   93  231  857.06984  285.01337  66.7%   163 2577s

 146594 125563  382.07079   57  262  857.06984  285.01337  66.7%   163 2590s

 147508 125909  376.16498   46  246  857.06984  285.10615  66.7%   163 2601s

 147888 126178  474.41056   89  190  857.06984  285.11378  66.7%   163 2612s

 148157 126813  667.72468  155  228  857.06984  285.11378  66.7%   163 2624s

 148918 127438  316.35290   46  190  857.06984  285.11378  66.7%   162 2635s

 149617 127740  517.16689  112  171  857.06984  285.11378  66.7%   162 2648s

 149962 130331  383.14440   52  212  857.06984  285.14916  66.7%   162 2679s

 152943 130649  490.72775   94  240  857.06984  285.20091  66.7%   162 2688s

 153309 130979  756.34880  140  199  857.06984  285.20091  66.7%   162 2697s

 153687 131944  311.12772   88  195  857.06984  285.20091  66.7%   162 2709s

 154765 132748  300.86776   67  149  857.06984  285.27516  66.7%   162 2719s

 155670 133223  701.01925  182  209  857.06984  285.27516  66.7%   162 2730s

 156259 134002  372.12424   56  197  857.06984  285.28627  66.7%   162 2742s

 157192 134286  291.55982   68  175  857.06984  285.31570  66.7%   162 2751s

 157498 135042  307.56141   79  249  857.06984  285.31570  66.7%   163 2762s

 158405 135674 infeasible  130       857.06984  285.34838  66.7%   163 2774s

 159128 136850  446.31483   91  211  857.06984  285.34838  66.7%   163 2786s

 160478 137674  290.58410   53  184  857.06984  285.40366  66.7%   163 2797s

 161390 138060  619.43472  205  178  857.06984  285.40366  66.7%   162 2807s

 161830 138927  323.54218   43  357  857.06984  285.41634  66.7%   162 2819s

 162937 139070  696.02753  129  122  857.06984  285.41634  66.7%   162 2831s

 163115 139697  504.26833  127  182  857.06984  285.41634  66.7%   162 2844s

 163914 140002  372.60322   63  224  857.06984  285.41634  66.7%   162 2854s

 164298 140873  447.80380   89  255  857.06984  285.47309  66.7%   163 2870s

 165301 141547  435.23207   85  217  857.06984  285.50282  66.7%   163 2881s

 166092 141889  626.39281  133  104  857.06984  285.50282  66.7%   163 2891s

 166557 142837  515.49142   96  174  857.06984  285.50282  66.7%   163 2904s

 167645 143712  654.29014  163  124  857.06984  285.55504  66.7%   163 2915s

 168638 143993  604.28240   55  148  857.06984  285.55504  66.7%   163 2926s

 169036 144321  297.99412   48  266  857.06984  285.55504  66.7%   163 2936s

 169480 145011  779.38091   83  138  857.06984  285.55504  66.7%   163 2949s

 170434 145347  404.95411   83  214  857.06984  285.55504  66.7%   163 2960s

 170812 146335  566.23547  150  191  857.06984  285.55504  66.7%   164 2974s

 171885 147331  383.06785  119  169  857.06984  285.62758  66.7%   163 2986s

 173022 148184  317.56491   62  179  857.06984  285.64842  66.7%   163 2999s

 174017 148696  686.68660  217  181  857.06984  285.64842  66.7%   163 3009s

 174632 149330  387.49605   61  206  857.06984  285.65002  66.7%   163 3021s

H175285 149330                     857.0698356  285.65002  66.7%   164 3021s

 175356 149552  542.07207  109  148  857.06984  285.65002  66.7%   164 3031s

 175691 149869 infeasible   49       857.06984  285.69863  66.7%   164 3042s

 176089 150140  509.45924   58  170  857.06984  285.70568  66.7%   164 3054s

 176436 150252  349.40777   81  247  857.06984  285.70568  66.7%   164 3070s

H176521 150252                     857.0698228  285.70568  66.7%   164 3070s

 176591 150655  418.59728  104  177  857.06982  285.70568  66.7%   164 3082s

 177088 151831  579.24548  121  150  857.06982  285.70568  66.7%   164 3096s

 178486 152721  510.99845  177  261  857.06982  285.76184  66.7%   164 3110s

 179540 153027  421.66278   49  235  857.06982  285.77725  66.7%   164 3125s

 179943 154558  606.85413   63  186  857.06982  285.77725  66.7%   164 3150s

 181666 155748  497.82699  192  206  857.06982  285.81249  66.7%   164 3166s

 183078 156070  780.69520  137  140  857.06982  285.88182  66.6%   164 3177s

 183445 157093  433.44115  103  179  857.06982  285.88182  66.6%   164 3190s

 184559 157800  447.93160   78  218  857.06982  285.88182  66.6%   164 3201s

 185392 158074  449.89161   88  135  857.06982  285.94906  66.6%   164 3213s

 185756 158472  307.08670   58  296  857.06982  285.94906  66.6%   165 3224s

 186220 158724  377.76426   98  312  857.06982  285.94906  66.6%   165 3235s

 186476 159944  395.92296  127  227  857.06982  285.96200  66.6%   165 3249s

 187959 160413  316.86859   36  174  857.06982  285.98940  66.6%   165 3261s

 188466 161687  415.33402   77  247  857.06982  285.98940  66.6%   165 3274s

 189841 162506  745.25648  322  221  857.06982  285.98940  66.6%   164 3285s

 190766 163502  436.51868  113  223  857.06982  285.98940  66.6%   164 3297s

 191899 164824  421.79245   76  215  857.06982  285.98940  66.6%   164 3309s

 193348 165217  355.80059   63  187  857.06982  285.98940  66.6%   164 3319s

 193860 166043  522.81588  116  136  857.06982  285.98940  66.6%   164 3329s

 194614 166043  397.84419  104  139  857.06982  286.07625  66.6%   164 3330s

 194822 167017  465.91620  131  214  857.06982  286.09511  66.6%   164 3345s

 195982 167479  771.29951  103  119  857.06982  286.11200  66.6%   164 3355s

 196537 167749  475.86466   76  302  857.06982  286.11200  66.6%   164 3364s

 196840 168133  654.06476  105  183  857.06982  286.11200  66.6%   164 3380s

 197267 169031  654.16233  106  187  857.06982  286.13653  66.6%   164 3394s

 198257 169874 infeasible   77       857.06982  286.13653  66.6%   164 3407s

 199326 170342  450.36520  106  194  857.06982  286.13653  66.6%   164 3418s

H199488 170342                     857.0698104  286.13653  66.6%   164 3418s

 199819 171512  602.16527  200  178  857.06981  286.13653  66.6%   164 3432s

 201119 172548  602.57891  184  186  857.06981  286.20534  66.6%   164 3444s

 201796 172548  299.41568   59  252  857.06981  286.21514  66.6%   164 3445s

 202329 173244  826.44507  151  140  857.06981  286.23938  66.6%   164 3456s

 203130 173553 infeasible  107       857.06981  286.24334  66.6%   164 3467s

 203455 174594  503.00627  120  201  857.06981  286.24334  66.6%   164 3478s

 204738 174970  310.62777   64  298  857.06981  286.26730  66.6%   164 3489s

 205157 175230  497.08613   99  195  857.06981  286.27751  66.6%   164 3499s

 205520 176309  371.32576   61  202  857.06981  286.28459  66.6%   164 3511s

 206741 176654  520.40138   73  162  857.06981  286.32526  66.6%   163 3521s

 207162 177630  415.79811   53  207  857.06981  286.33002  66.6%   163 3533s

 208266 178521  458.02462   82  221  857.06981  286.33002  66.6%   163 3545s

 209269 179640  394.70109   98  172  857.06981  286.38442  66.6%   163 3562s

 210515 179957  583.34592   92  166  857.06981  286.38984  66.6%   163 3570s

 210870 180902  336.10690   65  215  857.06981  286.38984  66.6%   163 3581s

 211975 181720  312.68325   51  315  857.06981  286.41777  66.6%   163 3591s

 212899 182244  570.72336  131  256  857.06981  286.41777  66.6%   163 3601s

 213533 182433  315.26943   56  333  857.06981  286.41777  66.6%   163 3609s

 213746 183241  421.50212   92  254  857.06981  286.42906  66.6%   163 3619s

 214675 183488  349.97008  104  299  857.06981  286.44024  66.6%   163 3628s

 214940 184380  374.14647  122  305  857.06981  286.44724  66.6%   163 3639s

 216007 184876  373.63759   54  296  857.06981  286.47906  66.6%   163 3650s

 216660 184881  413.72532   80  248  857.06981  286.47939  66.6%   163 3662s

 216671 184974  415.40503   81  243  857.06981  286.47939  66.6%   163 3673s

H216776 184974                     857.0698103  286.47939  66.6%   163 3673s

 216790 185216  416.25690   82  245  857.06981  286.47939  66.6%   163 3684s

 217080 186014  533.21789  111  214  857.06981  286.47939  66.6%   163 3697s

 218019 186878  346.05130   60  259  857.06981  286.50611  66.6%   163 3708s

 219018 187341  394.39117   40  194  857.06981  286.54513  66.6%   163 3719s

 219576 188278  354.06249   61  176  857.06981  286.55907  66.6%   163 3731s

 220630 188921  333.79370   49  241  857.06981  286.57405  66.6%   162 3742s

 221459 189350  313.78702   48  215  857.06981  286.57405  66.6%   163 3753s

 222085 189661  313.37336   42  316  857.06981  286.61903  66.6%   163 3764s

 222477 190402  690.18039   82  190  857.06981  286.61903  66.6%   163 3775s

 223328 191013  446.92889  109  172  857.06981  286.68613  66.6%   163 3787s

 224000 191391  342.90286   51  152  857.06981  286.68613  66.6%   163 3802s

 224423 193426  676.97685   76  120  857.06981  286.68613  66.6%   163 3828s

 226818 193883  398.32708   78  159  857.06981  286.72836  66.5%   163 3837s

 227289 194821  579.54985  166  117  857.06981  286.72836  66.5%   163 3849s

 228402 195543  721.03313  105  151  857.06981  286.78922  66.5%   162 3859s

 229300 195770  302.37241   46  268  857.06981  286.78922  66.5%   162 3868s

 229543 196152  433.09900   71  198  857.06981  286.78922  66.5%   163 3878s

 229939 196889  438.66955   72  202  857.06981  286.78922  66.5%   163 3889s

 230796 197278  440.20110   73  208  857.06981  286.78922  66.5%   162 3899s

 231231 198337  304.06813   60  175  857.06981  286.83226  66.5%   162 3912s

 232431 199307  334.68199   54  212  857.06981  286.83349  66.5%   162 3923s

 233507 199890  561.28698  160  237  857.06981  286.87865  66.5%   162 3934s

 234217 200837  452.81448   81  251  857.06981  286.89402  66.5%   162 3945s

 235221 201350  374.09110   55  196  857.06981  286.92140  66.5%   162 3955s

 235796 202536  448.26874   91  168  857.06981  286.92140  66.5%   162 3968s

 237137 203561  659.00299  118  164  857.06981  286.98401  66.5%   162 3979s

 238268 204236  383.99432   74  164  857.06981  286.98401  66.5%   162 3990s

 239037 204718  296.29935   54  296  857.06981  286.98514  66.5%   162 4005s

 239615 206299  430.42987  121  236  857.06981  286.98514  66.5%   162 4025s

 241515 207184  440.66959   86  190  857.06981  287.05970  66.5%   162 4036s

 242458 207379  779.11014  232  170  857.06981  287.05970  66.5%   161 4045s

 242772 208006  332.65986   82  303  857.06981  287.08004  66.5%   161 4055s

 243516 208257  322.10546   66  114  857.06981  287.10945  66.5%   162 4065s

 243775 208679  376.59028   80  272  857.06981  287.10945  66.5%   162 4075s

 244350 208972  410.90558   87  192  857.06981  287.11228  66.5%   162 4086s

 244658 209255  539.65937  101  136  857.06981  287.11228  66.5%   162 4097s

 245032 210354  579.77334   68  269  857.06981  287.11274  66.5%   162 4110s

 246262 210794  409.75673  148  191  857.06981  287.13783  66.5%   162 4122s

 246764 211227  474.33066  208  198  857.06981  287.14851  66.5%   162 4133s

 247339 211540  339.01952   47  173  857.06981  287.15149  66.5%   163 4145s

 247809 212234  328.58839   60  293  857.06981  287.18299  66.5%   163 4158s

 248661 212453  347.62788   52  257  857.06981  287.21025  66.5%   163 4169s

 248890 212767  363.75423   74  176  857.06981  287.21025  66.5%   163 4181s

 249242 213295  537.91373   94  210  857.06981  287.21025  66.5%   164 4196s

 249923 213746  385.87939   43  207  857.06981  287.21025  66.5%   164 4209s

 250473 214140  443.14384   99  241  857.06981  287.21025  66.5%   164 4224s

 250991 214278  557.28664  137  235  857.06981  287.21025  66.5%   164 4241s

 251203 214803  638.72668  159  202  857.06981  287.21025  66.5%   164 4255s

 251808 216155  327.85282   39  300  857.06981  287.26730  66.5%   164 4271s

 253371 216424  378.12294   57  214  857.06981  287.26730  66.5%   164 4284s

 253672 217383  323.88580   55  384  857.06981  287.26730  66.5%   164 4300s

 254805 217732  522.32677  111  165  857.06981  287.26730  66.5%   164 4310s

 255258 219053  527.82369  113  208  857.06981  287.26730  66.5%   164 4322s

 256731 219495  476.70395  129  133  857.06981  287.31446  66.5%   164 4331s

 257238 219798  668.02533  210  179  857.06981  287.31446  66.5%   164 4341s

 257601 220375  332.33611   48  258  857.06981  287.32017  66.5%   164 4351s

 258301 220706  474.20743   77  227  857.06981  287.32017  66.5%   164 4362s

 258764 221479  362.43736   46  174  857.06981  287.39884  66.5%   164 4372s

 259611 222455  471.33226  115  186  857.06981  287.39884  66.5%   164 4385s

 260736 222685  536.74848  114  188  857.06981  287.40118  66.5%   164 4395s

 260990 223590  608.33756  132  172  857.06981  287.40118  66.5%   164 4408s

 262056 224568  319.34323   54  180  857.06981  287.42579  66.5%   164 4420s

 263177 224934  835.76018  244  186  857.06981  287.42579  66.5%   164 4431s

 263583 225842  364.45315   96  285  857.06981  287.42579  66.5%   164 4443s

H264357 225429                     842.7200000  287.42579  65.9%   164 4443s

 264566 226244  613.13917  199  218  842.72000  287.42579  65.9%   163 4454s

 265504 226725  446.84250   74  208  842.72000  287.43211  65.9%   163 4465s

 266152 226982  512.89924   53  160  842.72000  287.43211  65.9%   164 4475s

 266423 228040  639.24632   90  191  842.72000  287.46448  65.9%   164 4487s

 267653 228397  311.03565   63  307  842.72000  287.48883  65.9%   164 4499s

 268134 229115  312.66961   64  347  842.72000  287.48883  65.9%   164 4515s

 268890 230040  354.72105   79  252  842.72000  287.48883  65.9%   164 4529s

 269175 230040  502.69075  180  204  842.72000  287.48883  65.9%   164 4530s

 269865 231083  542.94197  126  177  842.72000  287.48883  65.9%   163 4544s

 271151 231091  325.75017   57  280  842.72000  287.54499  65.9%   163 4557s

 271159 231398  325.99988   58  335  842.72000  287.54499  65.9%   163 4570s

 271498 231699  389.28046  108  265  842.72000  287.54499  65.9%   163 4583s

 271825 232491  468.91954  165  236  842.72000  287.54499  65.9%   163 4598s

 272785 233059  672.49280  106  125  842.72000  287.57081  65.9%   163 4611s

 273627 233399  365.50146   88  192  842.72000  287.58812  65.9%   164 4622s

 274009 233820  288.59935   53  256  842.72000  287.58925  65.9%   164 4635s

 274481 234855  353.73783   97  150  842.72000  287.58925  65.9%   164 4650s

 275777 235374  290.48887   60  313  842.72000  287.61293  65.9%   164 4661s

 276360 236629  369.96802  115  203  842.72000  287.61293  65.9%   164 4676s

 277737 237638  381.73002   75  200  842.72000  287.65754  65.9%   164 4689s

 278881 238054  331.49088   52  169  842.72000  287.66307  65.9%   164 4700s

 279406 238133  617.27558   80  167  842.72000  287.67840  65.9%   164 4711s

 279520 238411  617.39481   81  163  842.72000  287.67840  65.9%   164 4723s

 279873 239084  436.45174   73  201  842.72000  287.67840  65.9%   164 4735s

 280681 239393  360.37054   70  283  842.72000  287.67840  65.9%   164 4746s

 281013 240140  391.58101   91  153  842.72000  287.67840  65.9%   164 4759s

 281971 240817  485.40272   94  195  842.72000  287.73667  65.9%   164 4772s

 282787 241789  318.40524   50  316  842.72000  287.74390  65.9%   164 4789s

 283898 241941 infeasible   62       842.72000  287.77174  65.9%   164 4799s

 284080 242670  410.84979   83  257  842.72000  287.77174  65.9%   164 4812s

 284871 243094  335.98379   65  357  842.72000  287.77174  65.9%   164 4824s

 285345 244051  562.83518   94  212  842.72000  287.77174  65.9%   164 4837s

 286456 245137  299.72662   79  263  842.72000  287.79347  65.8%   164 4851s

 287667 245710  666.03156  254  199  842.72000  287.79795  65.8%   164 4862s

 288316 246329  343.97230   69  382  842.72000  287.83039  65.8%   164 4874s

 289087 246878  340.93393   60  313  842.72000  287.86093  65.8%   164 4887s

 289891 247337  475.96396   90  120  842.72000  287.86093  65.8%   164 4900s

 290469 248262  353.74360   67  224  842.72000  287.86093  65.8%   164 4913s

 291548 248884  458.21203   87  238  842.72000  287.90196  65.8%   164 4926s

 292249 249862  413.19517   41  146  842.72000  287.90196  65.8%   164 4939s

 293324 250803  797.30163  186  204  842.72000  287.90725  65.8%   164 4955s

 294384 251019  382.96665   63  208  842.72000  287.90725  65.8%   164 4966s

 294640 251468  443.69119   83  177  842.72000  287.90725  65.8%   164 4979s

 295277 251858  560.09735   65  215  842.72000  287.95778  65.8%   165 4991s

 295771 252803  351.26427   58  295  842.72000  287.95778  65.8%   165 5007s

 296877 253470  310.75947   54  345  842.72000  287.97648  65.8%   165 5022s

 297641 253931  508.81153  143  199  842.72000  287.97648  65.8%   165 5041s

 298208 253939  324.79241   65  233  842.72000  287.97648  65.8%   165 5064s

 298216 253947  330.75798   66  246  842.72000  287.97648  65.8%   165 5084s

 298224 253955  332.51659   67  242  842.72000  287.97648  65.8%   165 5108s

 298232 253963  333.16610   68  244  842.72000  287.97648  65.8%   165 5132s

H298233 253745                     839.8400000  287.97648  65.7%   165 5132s

 298240 254626  333.16610   69  244  839.84000  287.98735  65.7%   165 5154s

 299219 256853  365.60581   83  308  839.84000  287.99796  65.7%   165 5179s

 301664 257557  487.05481  166  220  839.84000  288.01834  65.7%   164 5192s

 302460 258151  325.10210   64  257  839.84000  288.01834  65.7%   164 5206s

 303143 258469  393.91897   72  282  839.84000  288.02413  65.7%   164 5218s

 303517 259514  463.39269  105  180  839.84000  288.02413  65.7%   164 5234s

 304691 260252  338.07251   50  351  839.84000  288.02413  65.7%   164 5246s

 305517 260586  480.10278  182  208  839.84000  288.02413  65.7%   164 5258s

 305912 261736  327.73830   46  181  839.84000  288.02413  65.7%   164 5272s

 307222 262312  834.17243  192  200  839.84000  288.02413  65.7%   164 5285s

 307998 262495  321.09728   49  319  839.84000  288.02413  65.7%   164 5297s

 308227 262776  469.84714   75  165  839.84000  288.02413  65.7%   164 5308s

 308538 263498  340.75730   76  353  839.84000  288.05163  65.7%   164 5321s

 309536 263753 infeasible  120       839.84000  288.11150  65.7%   164 5332s

 309906 264261  329.90194   74  419  839.84000  288.11150  65.7%   164 5344s

 310619 264581  460.38924  164  264  839.84000  288.11150  65.7%   164 5356s

 311013 265865  617.31855  220  198  839.84000  288.11150  65.7%   165 5370s

 312454 266366  768.81805  171  198  839.84000  288.14967  65.7%   164 5386s

 313072 267934  479.47900   75  237  839.84000  288.14967  65.7%   164 5406s

 314833 268938  429.47387  153  260  839.84000  288.19936  65.7%   164 5421s

 315897 269654  804.14967  316  190  839.84000  288.20543  65.7%   164 5432s

 316686 269981  388.67813   91  279  839.84000  288.20543  65.7%   164 5440s

 317051 270677  522.93179  165  195  839.84000  288.20543  65.7%   164 5452s

 317815 271738  496.87202   65  204  839.84000  288.20543  65.7%   164 5465s

 319008 272545  337.51303   97  193  839.84000  288.22639  65.7%   164 5476s

 319874 273022  592.26859  206  187  839.84000  288.24172  65.7%   164 5487s

 320430 273700  293.61525   46  254  839.84000  288.26069  65.7%   164 5499s

 321221 274588  351.49349   68  304  839.84000  288.26859  65.7%   164 5513s

 322157 275107  624.01470  151  250  839.84000  288.26859  65.7%   164 5525s

 322869 275617  315.51344   78  206  839.84000  288.26859  65.7%   164 5536s

 323476 276250  627.85752  109  220  839.84000  288.26859  65.7%   164 5547s

 324256 276561  490.45690  112  210  839.84000  288.26859  65.7%   164 5557s

 324606 277342  592.73541  135  238  839.84000  288.26859  65.7%   164 5572s

 325528 277812  393.83339   54  222  839.84000  288.33290  65.7%   164 5583s

 326132 278557  484.76984   64  180  839.84000  288.37162  65.7%   164 5595s

 326911 279257  326.88454   53  288  839.84000  288.37563  65.7%   164 5612s

 327765 279484  339.85087   69  305  839.84000  288.37747  65.7%   164 5626s

 328038 280656  436.11697   75  271  839.84000  288.37747  65.7%   164 5644s

 329450 280974  498.26394   81  157  839.84000  288.37747  65.7%   164 5656s

 329840 281741 infeasible   90       839.84000  288.40577  65.7%   164 5672s

 330870 282115  325.25473   47  195  839.84000  288.43315  65.7%   164 5685s

 331322 282556  405.69603   69  162  839.84000  288.43315  65.7%   164 5700s

 331898 282810  423.68552   76  340  839.84000  288.43315  65.7%   164 5713s

 332232 283661  303.18889   66  219  839.84000  288.50095  65.6%   165 5730s

 333236 284134  379.15733   97  210  839.84000  288.50095  65.6%   165 5745s

 333856 284905  447.67885  133  224  839.84000  288.50829  65.6%   165 5762s

 334858 285294  534.10522  105  180  839.84000  288.53096  65.6%   165 5777s

 335403 286581  383.67817   84  195  839.84000  288.55763  65.6%   165 5797s

 336803 287831  381.43862   69  201  839.84000  288.55774  65.6%   165 5815s

 338120 288208  347.58520   51  304  839.84000  288.55774  65.6%   165 5829s

 338551 289325  422.40367   77  289  839.84000  288.56897  65.6%   165 5847s

 339792 290386  451.61364   80  267  839.84000  288.58746  65.6%   165 5862s

 340990 290710  666.94725  136  228  839.84000  288.59461  65.6%   165 5875s

 341361 291608  464.02675   91  207  839.84000  288.59461  65.6%   165 5893s

 342399 292305  496.06415   61  226  839.84000  288.62815  65.6%   165 5906s

 343258 292525  459.25365   96  229  839.84000  288.62815  65.6%   165 5918s

 343537 293264  290.64963   50  293  839.84000  288.64090  65.6%   165 5933s

 344413 293567  300.39577   35  247  839.84000  288.64474  65.6%   165 5946s

 344798 294529  496.31201   65  217  839.84000  288.64474  65.6%   165 5961s

 345906 295303  554.00181  135  146  839.84000  288.68183  65.6%   165 5974s

 346753 296198  385.19333   75  169  839.84000  288.68183  65.6%   165 5988s

 347794 296623  507.86277   80  190  839.84000  288.68460  65.6%   165 6001s

 348314 297539  446.10941   55  227  839.84000  288.68460  65.6%   165 6014s

 349370 298482  582.07341  114  257  839.84000  288.73223  65.6%   165 6029s

 350446 299360  504.08734   92  177  839.84000  288.74269  65.6%   165 6044s

 351434 299729  338.93380  100  243  839.84000  288.76803  65.6%   164 6056s

 351805 300857  442.12942  132  169  839.84000  288.76822  65.6%   164 6072s

 353143 301528  438.48198   72  120  839.84000  288.78258  65.6%   164 6085s

 354029 302479  491.49418   65  218  839.84000  288.81026  65.6%   164 6099s

 355102 302793  360.65772   97  206  839.84000  288.81026  65.6%   164 6111s

 355446 303679  526.81759  167  212  839.84000  288.81026  65.6%   164 6127s

 356443 304303  488.12029   69  208  839.84000  288.83710  65.6%   164 6146s

 357160 304638  628.13233   91  179  839.84000  288.83710  65.6%   164 6160s

 357545 306131  301.41972   52  173  839.84000  288.84267  65.6%   164 6184s

 359282 306470  582.67091  123  187  839.84000  288.87420  65.6%   164 6196s

 359702 307425  479.07116   66  174  839.84000  288.87420  65.6%   164 6213s

 360885 307896  449.36946  117  244  839.84000  288.87420  65.6%   164 6227s

 361406 308802  321.24435   57  431  839.84000  288.90410  65.6%   164 6243s

 362503 309927     cutoff  128       839.84000  288.90410  65.6%   164 6258s

 363727 310388  318.27028   52  281  839.84000  288.90410  65.6%   164 6271s

 364312 311227  521.93400   97  155  839.84000  288.90410  65.6%   164 6284s

 364959 311227  622.37716  137  110  839.84000  288.90410  65.6%   164 6285s

 365218 312232  391.40458   67  199  839.84000  288.90410  65.6%   164 6300s

 366421 312811  665.67372   97  156  839.84000  288.90410  65.6%   164 6314s

 367169 313091  521.83396   90  263  839.84000  288.96668  65.6%   164 6325s

 367489 313749  791.21437  140  166  839.84000  288.96668  65.6%   164 6340s

 368321 314417  529.15533  106  190  839.84000  289.02506  65.6%   165 6354s

 369105 315031  522.07779   88  212  839.84000  289.03776  65.6%   165 6368s

 369837 315651  351.95816   63  283  839.84000  289.03776  65.6%   165 6384s

 370510 316764  374.39956   66  262  839.84000  289.03776  65.6%   165 6401s

 371739 317470  541.29246  122  174  839.84000  289.03776  65.6%   164 6420s

 372580 318287  332.07331   80  182  839.84000  289.03776  65.6%   164 6441s

 373555 318651  577.07548  141  210  839.84000  289.03776  65.6%   164 6457s

 374005 319626  365.24998   56  315  839.84000  289.03776  65.6%   164 6477s

 375159 320062  366.79834   49  170  839.84000  289.17527  65.6%   164 6492s

 375629 321172  451.27283   83  234  839.84000  289.17527  65.6%   164 6512s

 376908 321736  400.31397   73  308  839.84000  289.20015  65.6%   164 6528s

 377553 322278  323.07081   55  159  839.84000  289.20095  65.6%   164 6542s

 378211 322583  445.85350   92  186  839.84000  289.20740  65.6%   165 6555s

 378569 322745  529.07796  110  143  839.84000  289.21460  65.6%   165 6569s

 378760 323066  533.63037  116  180  839.84000  289.21460  65.6%   165 6583s

 379209 324155  332.95271   69  287  839.84000  289.22268  65.6%   165 6602s

 380561 324520  382.13393   75  160  839.84000  289.22268  65.6%   165 6614s

 380885 324520  758.92741  180  160  839.84000  289.23868  65.6%   165 6615s

 380990 325734  614.57336  121  174  839.84000  289.23868  65.6%   165 6632s

 382381 326288  394.16782   63  224  839.84000  289.26661  65.6%   165 6647s

 383074 326734  432.25746   88  175  839.84000  289.27419  65.6%   165 6663s

 383565 327415  622.29509  130   99  839.84000  289.28063  65.6%   165 6680s

 384540 327797  311.93517   66  293  839.84000  289.28063  65.6%   165 6696s

 384964 328806  380.31628   99  244  839.84000  289.28063  65.6%   165 6714s

 386109 329875  522.62035   99  199  839.84000  289.31472  65.6%   165 6733s

 387324 330863  403.37414   77  231  839.84000  289.32699  65.5%   165 6754s

 388553 331089  364.04716   56  188  839.84000  289.32825  65.5%   165 6767s

 388830 331364  446.22595   80  103  839.84000  289.32825  65.5%   165 6781s

 389174 332296  340.13588   55  332  839.84000  289.32825  65.5%   165 6798s

 390277 332753  573.36656  133  257  839.84000  289.32825  65.5%   165 6811s

 390804 333385  334.39566   73  273  839.84000  289.32825  65.5%   165 6828s

 391547 334513  416.81216  100  315  839.84000  289.32825  65.5%   165 6845s

 392771 335079  658.68485  204  200  839.84000  289.32825  65.5%   165 6859s

 393420 335837  424.41132   55  200  839.84000  289.39750  65.5%   165 6875s

 394377 336128  322.34300   69  154  839.84000  289.39778  65.5%   165 6888s

 394760 336574  358.60866   90  289  839.84000  289.39778  65.5%   165 6905s

 395309 337500 infeasible  102       839.84000  289.41217  65.5%   165 6921s

 396390 337823 infeasible  208       839.84000  289.43365  65.5%   165 6934s

 396823 338061  310.89498   67  332  839.84000  289.43365  65.5%   165 6949s

 397164 338967  391.25843   77  209  839.84000  289.43365  65.5%   165 6966s

 398275 339331  399.93722   76  311  839.84000  289.45881  65.5%   165 6979s

 398745 340333  451.71865  105  299  839.84000  289.45881  65.5%   165 6999s

 399867 341154  333.39898   63  318  839.84000  289.46613  65.5%   165 7017s

 400783 341924  307.75984   49  331  839.84000  289.50619  65.5%   165 7034s

 401635 341977  367.64226   66  196  839.84000  289.50619  65.5%   165 7047s

 401716 342308  388.09364   74  215  839.84000  289.50619  65.5%   165 7060s

 402061 343179  490.33693  121  212  839.84000  289.50619  65.5%   165 7081s

 403058 343464  501.61381   67  190  839.84000  289.50619  65.5%   165 7095s

 403426 344406  385.58947   53  293  839.84000  289.54701  65.5%   165 7114s

 404531 344723  389.08706   86  188  839.84000  289.55817  65.5%   165 7129s

 404883 345815  331.60879   76  283  839.84000  289.55817  65.5%   165 7148s

 406140 346643  527.02651  153  208  839.84000  289.55817  65.5%   165 7165s

 407081 347127  290.64307   48  338  839.84000  289.55817  65.5%   165 7178s

 407618 347952  348.98165  114  226  839.84000  289.55817  65.5%   165 7196s

 408564 348822  330.99863   76  280  839.84000  289.61544  65.5%   165 7212s

 409551 349039  341.53191   71  238  839.84000  289.65700  65.5%   165 7225s

 409812 349922  523.28165   98  213  839.84000  289.65700  65.5%   165 7241s

 410810 350502  296.66317   74  297  839.84000  289.65700  65.5%   165 7255s

 411465 351050  557.77169  135  168  839.84000  289.65700  65.5%   165 7271s

 412106 351635  386.56549   64  240  839.84000  289.65700  65.5%   165 7287s

 412750 352258  549.76685   72  246  839.84000  289.65700  65.5%   165 7305s

 413730 352641  339.39006   71  337  839.84000  289.69402  65.5%   165 7320s

 414152 353802  444.20444   99  251  839.84000  289.69402  65.5%   165 7339s

 415542 354586  370.91407   59  306  839.84000  289.70601  65.5%   165 7356s

 416409 354901  587.66795  229  201  839.84000  289.70601  65.5%   165 7371s

 416760 356074  351.90592   67  178  839.84000  289.70601  65.5%   165 7395s

 418061 356690  379.81835   78  193  839.84000  289.72202  65.5%   165 7407s

 418755 357317  567.19755  150  163  839.84000  289.72202  65.5%   165 7421s

 419469 357491  404.39187   87  216  839.84000  289.73011  65.5%   165 7432s

 419665 358344  329.53104   57  294  839.84000  289.73011  65.5%   165 7448s

 420712 358602  413.17103   88  179  839.84000  289.76732  65.5%   165 7461s

 421036 359059  751.30311  124  162  839.84000  289.76732  65.5%   165 7474s

 421564 359638  403.91415   73  253  839.84000  289.76732  65.5%   165 7489s

 422291 360072  505.04959  154  279  839.84000  289.76732  65.5%   165 7503s

 422839 360297  325.01199   63  253  839.84000  289.82255  65.5%   165 7517s

 423116 361135  405.34129   71  262  839.84000  289.82258  65.5%   165 7537s

 424099 362139  326.52110   46  366  839.84000  289.85222  65.5%   165 7557s

 425181 362558  507.31132   98  222  839.84000  289.85222  65.5%   165 7572s

 425683 363633  595.54460  139  204  839.84000  289.85222  65.5%   165 7591s

 426875 364696  419.44874   81  271  839.84000  289.85222  65.5%   165 7612s

 428109 364992  397.24785   52  194  839.84000  289.91679  65.5%   165 7626s

 428423 365672  567.14874   92  178  839.84000  289.91731  65.5%   165 7643s

 429304 366302  428.32904   56  159  839.84000  289.93298  65.5%   165 7658s

 430080 366409  331.62725   59  332  839.84000  289.93298  65.5%   165 7672s

 430279 366762  368.23465   63  208  839.84000  289.93298  65.5%   165 7685s

 430706 367249  403.40280   69  152  839.84000  289.93298  65.5%   165 7703s

 431278 368219  434.49832   80  224  839.84000  289.93298  65.5%   165 7725s

 432417 368384  533.35326  106  121  839.84000  289.97217  65.5%   165 7738s

 432648 369034  556.72440  112  126  839.84000  289.97217  65.5%   165 7754s

 433385 369336  560.61592   57  140  839.84000  289.97217  65.5%   165 7771s

 433839 370157     cutoff  110       839.84000  290.01933  65.5%   165 7791s

 434801 370632  312.08458   46  222  839.84000  290.01933  65.5%   165 7810s

 435404 371589  416.89294   83  193  839.84000  290.03993  65.5%   165 7832s

 436451 372741  389.99539   62  211  839.84000  290.03993  65.5%   165 7853s

 437761 373176  493.49584  124  203  839.84000  290.06561  65.5%   165 7868s

 438238 373758  557.99683  144  165  839.84000  290.06561  65.5%   165 7891s

 438950 374473  600.65420  144  135  839.84000  290.06930  65.5%   165 7910s

 439822 374817  384.16387   48  289  839.84000  290.09734  65.5%   165 7927s

 440235 375658  675.96792  101  149  839.84000  290.10015  65.5%   165 7946s

 441296 376265  296.58956   55  338  839.84000  290.12253  65.5%   165 7966s

 442086 376641 infeasible   61       839.84000  290.12950  65.5%   165 7980s

 442548 377663  333.96543   70  271  839.84000  290.14696  65.5%   165 8002s

 443735 378384  378.48052   76  304  839.84000  290.16683  65.4%   165 8021s

 444738 379237  305.71394   58  268  839.84000  290.19174  65.4%   165 8040s

 445803 379581  363.69222   61  209  839.84000  290.19852  65.4%   165 8058s

 446229 381464  390.67789   70  172  839.84000  290.19852  65.4%   166 8095s

 448438 381706  394.91723   73  167  839.84000  290.24149  65.4%   165 8113s

 448684 382492  530.52352  119  181  839.84000  290.25332  65.4%   165 8132s

 449568 382963  505.23683   91  217  839.84000  290.25332  65.4%   165 8147s

 450075 383512  335.99421   74  266  839.84000  290.25332  65.4%   165 8166s

 450735 384218  378.22335   70  201  839.84000  290.25869  65.4%   165 8189s

 451552 384226  703.90223   93   99  839.84000  290.25869  65.4%   165 8223s

 451588 384523  705.59312   94  106  839.84000  290.25869  65.4%   165 8248s

 451983 385107  350.66470   93  219  839.84000  290.28213  65.4%   165 8266s

 452777 385440  444.58839   74  219  839.84000  290.29374  65.4%   165 8283s

 453227 386496  326.36671   58  235  839.84000  290.31034  65.4%   166 8304s

 454371 387342  591.01127  117  180  839.84000  290.31066  65.4%   166 8326s

 455427 387820  474.46617   80  206  839.84000  290.34295  65.4%   166 8342s

 455936 388860  341.99103   74  342  839.84000  290.34380  65.4%   166 8364s

 456913 388860  627.12835  168  199  839.84000  290.34986  65.4%   166 8365s

 457156 389949  546.94386  131  227  839.84000  290.35749  65.4%   166 8385s

 458340 390786  498.19472  164  220  839.84000  290.36365  65.4%   166 8406s

 459324 391854  344.12367  122  260  839.84000  290.36365  65.4%   166 8426s

 460552 392126  550.61245  249  209  839.84000  290.40144  65.4%   165 8447s

 460883 393708  670.05564  300  214  839.84000  290.40144  65.4%   165 8497s

 463049 393980  568.31212   70  174  839.84000  290.43944  65.4%   166 8517s

 463396 394667  397.43871   61  255  839.84000  290.43944  65.4%   166 8538s

 464139 395759  557.83485  115  236  839.84000  290.43944  65.4%   166 8563s

 465406 396959  479.05880   87  207  839.84000  290.45787  65.4%   166 8588s

 466788 397779  445.85858  100  337  839.84000  290.52420  65.4%   166 8612s

 467740 398323  331.15673   49  323  839.84000  290.54787  65.4%   166 8630s

 468370 399037  341.85836   61  345  839.84000  290.55631  65.4%   166 8648s

 469354 399565  510.34824   48  187  839.84000  290.57733  65.4%   166 8669s

 470127 400708  716.62216  120  150  839.84000  290.57733  65.4%   166 8691s

 471438 401027  384.10695   60  165  839.84000  290.60099  65.4%   166 8710s

 471763 401778  731.76457  142  149  839.84000  290.60099  65.4%   166 8731s

 472758 402572  308.44091   53  225  839.84000  290.60099  65.4%   166 8751s

 473756 402866  450.84958   84  144  839.84000  290.60099  65.4%   166 8766s

 474146 403636  345.19635   53  204  839.84000  290.63582  65.4%   166 8786s

 475085 403825  449.89602   58  157  839.84000  290.65620  65.4%   166 8807s

 475301 405563  663.28435   79  144  839.84000  290.65620  65.4%   166 8873s

 477307 407057  348.84137   68  296  839.84000  290.66706  65.4%   166 8909s

 478995 407953  415.32251  106  216  839.84000  290.68778  65.4%   166 8932s

 479976 409135  305.93919   62  315  839.84000  290.69772  65.4%   166 8959s

 481303 409496  617.71796  207  223  839.84000  290.69772  65.4%   166 8981s

 481711 410555  335.23298   77  307  839.84000  290.69772  65.4%   166 9005s

 482938 410697  541.04808  179  247  839.84000  290.72793  65.4%   166 9028s

 483088 410705  808.27306  266  131  839.84000  290.72793  65.4%   166 9049s

 483096 410713  819.93661  267  111  839.84000  290.72793  65.4%   166 9066s

 483104 410747  820.93556  268  125  839.84000  290.72793  65.4%   166 9081s

 483148 410871     cutoff  269       839.84000  290.72793  65.4%   166 9099s

 483315 411022 infeasible  269       839.84000  290.73428  65.4%   166 9120s

 483490 411257  348.93121   50  205  839.84000  290.73428  65.4%   166 9146s

 483741 411634  355.13145   51  159  839.84000  290.73428  65.4%   166 9176s

 484166 412000  355.13145   52  155  839.84000  290.73428  65.4%   166 9203s

 484600 413089  355.81458   53  179  839.84000  290.73428  65.4%   166 9234s

 485927 413929  355.83426   54  189  839.84000  290.75348  65.4%   166 9258s

 486834 415131  357.66796   55  187  839.84000  290.75348  65.4%   166 9284s

 488178 415681  358.49135   56  199  839.84000  290.75348  65.4%   166 9307s

 488811 416699  364.80183   57  216  839.84000  290.75348  65.4%   166 9344s

 490031 417284  371.37833   58  190  839.84000  290.82249  65.4%   166 9365s

 490746 418219  371.66135   59  214  839.84000  290.82249  65.4%   166 9390s

 491871 418615  551.73111   95  144  839.84000  290.84221  65.4%   166 9408s

 492333 419622  382.36896   55  195  839.84000  290.86760  65.4%   166 9434s

 493555 420283  522.18453  100  154  839.84000  290.87981  65.4%   166 9453s

 494385 421002  646.41899  113  140  839.84000  290.88393  65.4%   166 9475s

 495312 421415  357.25968   44  162  839.84000  290.90755  65.4%   166 9493s

 495833 422185  331.56748   61  287  839.84000  290.91682  65.4%   166 9513s

 496781 422873  498.33244   90  173  839.84000  290.94549  65.4%   166 9534s

 497707 423437  667.02480  101  169  839.84000  290.96248  65.4%   166 9553s

 498322 424519  344.41090   68  157  839.84000  290.96248  65.4%   166 9577s

 499530 425338  371.25926   78  295  839.84000  290.96928  65.4%   166 9599s

 500520 425980  364.82574   58  299  839.84000  290.99530  65.4%   166 9616s

 501218 427096  402.35710   52  144  839.84000  291.00425  65.4%   166 9640s

 502438 427805  364.65425   60  299  839.84000  291.00425  65.4%   166 9661s

 503324 428103 infeasible  110       839.84000  291.00425  65.4%   166 9677s

 503663 428840  713.89392   88  137  839.84000  291.02982  65.3%   166 9696s

 504607 429578  787.43645  116  160  839.84000  291.05873  65.3%   166 9721s

 505500 429954  502.66106   58  189  839.84000  291.06190  65.3%   166 9736s

 505939 430699  747.73116   72  125  839.84000  291.06190  65.3%   166 9773s

 506919 431028 infeasible   82       839.84000  291.08840  65.3%   166 9799s

 507353 432227  405.12591   61  193  839.84000  291.09390  65.3%   166 9834s

 508689 432780  382.71985   79  284  839.84000  291.11022  65.3%   166 9857s

 509291 433766  468.34094  109  327  839.84000  291.11190  65.3%   166 9888s

 510425 434406  375.18642   66  244  839.84000  291.11429  65.3%   166 9917s

 511298 435091  345.50325   62  253  839.84000  291.15077  65.3%   166 9941s

 512000 435972  559.37936  163  206  839.84000  291.15077  65.3%   166 9974s

 513026 437039  378.19930   74  294  839.84000  291.15847  65.3%   166 10006s

 514177 438022  481.48204  150  215  839.84000  291.15847  65.3%   166 10046s

 515337 438577  539.84702   58  186  839.84000  291.19443  65.3%   166 10083s

 515963 439385  333.01628   63  300  839.84000  291.19443  65.3%   166 10132s

 516917 440270  496.99484   83  161  839.84000  291.21699  65.3%   166 10188s

 517933 441237  353.64721   70  246  839.84000  291.22854  65.3%   166 10246s

 518976 441622  551.28320  203  176  839.84000  291.22854  65.3%   166 10279s

 519373 442557  714.62316  272  157  839.84000  291.22854  65.3%   166 10348s

 520407 443506  452.95906  112  173  839.84000  291.22854  65.3%   166 10407s

 521464 444162  797.27749  232  225  839.84000  291.22854  65.3%   166 10453s

 522078 444162  349.16102   56  265  839.84000  291.24426  65.3%   166 10455s

 522281 444939  510.22895  180  233  839.84000  291.25653  65.3%   166 10501s

 523107 445294  687.01820  364  183  839.84000  291.25653  65.3%   166 10547s

 523521 445880  292.07846   49  396  839.84000  291.26347  65.3%   166 10586s

 524274 446235  474.27761  101  183  839.84000  291.26347  65.3%   166 10629s

 524702 447002  343.34612   40  270  839.84000  291.28478  65.3%   166 10683s

 525660 447344  401.03879   67  251  839.84000  291.29269  65.3%   166 10719s

 526092 448019  551.10886   84  218  839.84000  291.29340  65.3%   166 10767s

 526798 448267  409.51046   70  251  839.84000  291.29340  65.3%   166 10806s

 527128 448807  450.67096   80  242  839.84000  291.29631  65.3%   166 10855s

 527856 449200  812.52705  144   66  839.84000  291.31462  65.3%   166 10893s

 528378 449771  497.49252   71  154  839.84000  291.31462  65.3%   166 10962s

 529009 450282  396.62383   58  162  839.84000  291.31552  65.3%   166 11005s

 529593 451081 infeasible  110       839.84000  291.31552  65.3%   166 11061s

 530509 451923  595.96129  159  198  839.84000  291.31552  65.3%   166 11120s

 531548 452147  385.01300   51  236  839.84000  291.35067  65.3%   166 11169s

 531828 452756  457.82575   80  184  839.84000  291.35067  65.3%   166 11214s

 532489 453098  314.12113   80  208  839.84000  291.35067  65.3%   166 11256s

 532893 453807  324.66199   42  264  839.84000  291.35067  65.3%   166 11303s

 533727 454266  553.68251  162  180  839.84000  291.35067  65.3%   166 11356s

 534258 454981  354.47236   70  233  839.84000  291.35067  65.3%   166 11413s

 535133 455427  455.09131   66  254  839.84000  291.38399  65.3%   166 11461s

 535756 455776  434.96855   48  161  839.84000  291.38399  65.3%   166 11504s

 536168 456479  808.46289   61  134  839.84000  291.38399  65.3%   166 11555s

 537118 456884  388.09830   75  165  839.84000  291.42187  65.3%   167 11610s

 537672 457325  368.04174   83  230  839.84000  291.42553  65.3%   167 11658s

 538207 457866  428.95107   89  238  839.84000  291.42553  65.3%   167 11718s

 538810 458694  618.21171  158  210  839.84000  291.42553  65.3%   167 11791s

 539810 459877  480.22640   68  269  839.84000  291.44763  65.3%   167 11871s

 541166 460460  534.18517  131  197  839.84000  291.47864  65.3%   167 11922s

 541823 461979  460.25390   94  234  839.84000  291.47864  65.3%   167 12001s

 543497 463229  518.91778  135  201  839.84000  291.49107  65.3%   167 12075s

 544858 464223  805.69399  213  201  839.84000  291.49107  65.3%   167 12151s

 545952 464552  318.60563   44  327  839.84000  291.49107  65.3%   166 12188s

 546352 465178  565.86149   67  162  839.84000  291.49107  65.3%   167 12239s

 547088 465977  417.86165   87  179  839.84000  291.49107  65.3%   167 12295s

 548009 466285 infeasible  160       839.84000  291.49107  65.3%   167 12333s

 548407 467691  486.95996  108  271  839.84000  291.49107  65.3%   167 12405s

 549964 468493  401.83746   76  245  839.84000  291.52323  65.3%   167 12466s

 550856 468809  674.73973  207  196  839.84000  291.52323  65.3%   167 12506s

 551212 469763  338.79866   69  329  839.84000  291.52323  65.3%   167 12565s

 552413 470033  334.13613   46  299  839.84000  291.57819  65.3%   166 12600s

 552779 470847  374.10429   67  208  839.84000  291.58867  65.3%   167 12661s

 553734 471789  343.68969   68  251  839.84000  291.60145  65.3%   167 12720s

 554808 472124  364.94250   84  265  839.84000  291.61384  65.3%   167 12754s

 555221 473066  350.84481   63  339  839.84000  291.61384  65.3%   167 12807s

 556246 473802  438.16768  155  234  839.84000  291.61384  65.3%   167 12861s

 557123 474107  464.01845   80  264  839.84000  291.62849  65.3%   167 12903s

 557530 474901  575.39043   83  272  839.84000  291.64627  65.3%   167 12959s

 558523 475470  550.03395  155  182  839.84000  291.64627  65.3%   167 12996s

 559150 476637  306.40370   52  308  839.84000  291.65188  65.3%   167 13062s

 560518 476833  298.04545   53  199  839.84000  291.67600  65.3%   167 13103s

 560750 477001  314.77001   78  230  839.84000  291.67600  65.3%   167 13130s

 560950 477293  421.39265  115  245  839.84000  291.67600  65.3%   167 13156s

 561263 477595  727.20499  286  166  839.84000  291.67600  65.3%   167 13194s

 561658 479120  428.86633   87  150  839.84000  291.67600  65.3%   167 13257s

 563294 479501  340.06138   78  226  839.84000  291.71080  65.3%   167 13295s

 563697 480750  586.10031  151  179  839.84000  291.71080  65.3%   167 13347s

 565079 481866  473.86997  152  240  839.84000  291.72776  65.3%   166 13398s

 566300 482356  319.29230   60  264  839.84000  291.73055  65.3%   166 13429s

 567042 482623  391.65011   76  217  839.84000  291.73055  65.3%   166 13449s

 567341 483314  468.47971   87  203  839.84000  291.73055  65.3%   166 13486s

 568138 483990  325.29168   77  298  839.84000  291.73227  65.3%   166 13524s

 568940 484506  345.59147   86  213  839.84000  291.78510  65.3%   166 13559s

 569502 485407  676.02700  199  117  839.84000  291.78510  65.3%   166 13598s

 570534 486288  431.37922  119  254  839.84000  291.79923  65.3%   166 13641s

 571472 486771  612.98881  225  227  839.84000  291.79923  65.3%   166 13669s

 571976 487773  770.06584  359  214  839.84000  291.79923  65.3%   166 13715s

 573107 488655  473.70856  106  234  839.84000  291.80133  65.3%   166 13758s

 574083 489255  559.04437  199  175  839.84000  291.80133  65.3%   166 13794s

 574873 489500  530.90276   63  319  839.84000  291.83080  65.3%   166 13818s

 575137 490213 infeasible   76       839.84000  291.83249  65.3%   166 13857s

 576046 490922  494.15507  141  163  839.84000  291.83700  65.3%   166 13902s

 576899 491340  470.46337   96  302  839.84000  291.83700  65.3%   166 13931s

 577339 491834  664.84036  142  109  839.84000  291.83700  65.3%   166 13966s

 577953 492297  472.00375   75  176  839.84000  291.86865  65.2%   166 13994s

 578600 492996  708.47176  127  186  839.84000  291.86885  65.2%   167 14029s

 579413 493405  661.05510  140  180  839.84000  291.86885  65.2%   167 14061s

 579939 493779  321.01770   48  351  839.84000  291.86885  65.2%   167 14096s

 580389 495702  401.42802   57  210  839.84000  291.88664  65.2%   167 14187s

 582584 496057  598.16470  212  181  839.84000  291.91986  65.2%   167 14212s

 582978 496957  485.17512   55  200  839.84000  291.92220  65.2%   167 14248s

 584016 497515  446.53742   96  216  839.84000  291.93501  65.2%   167 14282s

 584709 498114  310.78562   59  346  839.84000  291.93501  65.2%   167 14313s

 585471 498519  401.33853   68  236  839.84000  291.93501  65.2%   167 14348s

 586169 498871  330.43155   44  309  839.84000  291.98059  65.2%   167 14376s

 586584 499294  320.93503   51  226  839.84000  291.98059  65.2%   167 14400s



Cutting planes:

  Learned: 20

  Gomory: 25

  Lift-and-project: 70

  Cover: 148

  Implied bound: 625

  Projected implied bound: 3

  Clique: 593

  MIR: 726

  Mixing: 65

  StrongCG: 18

  Flow cover: 1604

  GUB cover: 8

  Inf proof: 5

  Zero half: 1833

  RLT: 78

  Relax-and-lift: 1049



Explored 587038 nodes (97952014 simplex iterations) in 14400.88 seconds (13308.57 work units)

Thread count was 16 (of 16 available processors)



Solution count 10: 839.84 842.72 857.07 ... 870.73



Time limit reached

Best objective 8.398400000000e+02, best bound 2.919805940427e+02, gap 65.2338%

-----RESULTS INFO-----
running_time:  14416.391
TC.best_bound:  291.9805940427012
TC:  839.84
MIP Gap (%):  65.23378333459931
=== Vehicle Routes ===
Vehicle 1: 0  1
Vehicle 1: 1  10
Vehicle 1: 5  6
Vehicle 1: 6  53
Vehicle 1: 10  40
Vehicle 1: 13  5
Vehicle 1: 31  34
Vehicle 1: 34  13
Vehicle 1: 40  31
Vehicle 2: 0  4
Vehicle 2: 2  53
Vehicle 2: 4  11
Vehicle 2: 11  48
Vehicle 2: 48  2
Vehicle 3: 0  3
Vehicle 3: 3  8
Vehicle 3: 8  9
Vehicle 3: 9  52
Vehicle 3: 52  53
Vehicle 4: 0  7
Vehicle 4: 7  51
Vehicle 4: 12  14
Vehicle 4: 14  53
Vehicle 4: 51  12
Vehicle 5: 0  47
Vehicle 5: 44  53
Vehicle 5: 47  44
Vehicle 6: 0  45
Vehicle 6: 45  53
Vehicle 7: 0  49
Vehicle 7: 49  53

=== Full Vehicle Routes ===
Vehicle 1: 0  1  10  40  31  34  13  5  6  0 (98<100)
Vehicle 2: 0  4  11  48  2  0 (90<100)
Vehicle 3: 0  3  8  9  52  0 (99<100)
Vehicle 4: 0  7  51  12  14  0 (100<100)
Vehicle 5: 0  47  44  0 (97<100)
Vehicle 6: 0  45  0 (69<100)
Vehicle 7: 0  49  0 (81<100)
Arc used by MRT line: y variables:
MRT used: 45  46
MRT used: 49  50
Customer assigment to PL: u variables:
15 50
16 51
17 46
18 47
19 46
20 52
21 46
22 50
23 51
24 52
25 48
26 48
27 47
28 48
29 51
30 47
32 49
33 47
35 50
36 47
37 50
38 45
39 48
41 51
42 49
43 47
Node is served by regular vehicle: g variables:
1
2
3
4
5
6
7
8
9
10
11
12
13
14
31
34
40
44
51
52
45
47
48
49
Customer assigment to Home delivery: gm variables:
1
2
3
4
5
6
7
8
9
10
11
12
13
14
31
34
40
44
Node total demands: ntd variables:
1 9 1
2 18 1
3 19 1
4 1 1
5 14 1
6 20 1
7 7 1
8 17 1
9 16 1
10 3 1
11 23 1
12 5 1
13 13 1
14 10 1
30 0 0
31 19 1
32 0 0
33 0 0
34 12 1
35 0 0
36 0 0
37 0 0
38 0 0
39 0 0
40 8 1
41 0 0
42 0 0
43 0 0
44 17 1
51 78 1
52 47 1
45 69 1
46 0 0
47 80 1
48 48 1
49 81 1
50 0 0
Customer's demand delivered to PL: l variables:
15
16
17
18
19
20
21
22
23
24
25
26
27
28
29
30
32
33
35
36
37
38
39
41
42
43
Lockers load <= capacity:
78 <= 89
47 <= 83
2 <= 73
67 <= 86
80 <= 86
48 <= 73
9 <= 91
72 <= 92
