Gurobi 12.0.3:   lim:time = 14400

  mip:bestbound = 1

Set parameter LogToConsole to value 1

  tech:outlev = 1

Set parameter Cuts to value 3

  cut:cuts = 3

Set parameter Presolve to value 2

  pre:solve = 2

Set parameter MIPFocus to value 2

  mip:focus = 2

Set parameter Symmetry to value 2

  mip:symmetry = 2

Set parameter InfUnbdInfo to value 1

Gurobi Optimizer version 12.0.3 build v12.0.3rc0 (win64 - Windows 11.0 (26100.2))



CPU model: 12th Gen Intel(R) Core(TM) i7-12700, instruction set [SSE2|AVX|AVX2]

Thread count: 12 physical cores, 20 logical processors, using up to 20 threads



Non-default parameters:

TimeLimit  14400

MIPFocus  2

Symmetry  2

Cuts  3

InfUnbdInfo  1

Presolve  2



Optimize a model with 2458 rows, 10051 columns and 63382 nonzeros

Model fingerprint: 0xde65dea9

Model has 4 quadratic objective terms

Model has 11 quadratic constraints

Variable types: 79 continuous, 9972 integer (0 binary)

Coefficient statistics:

  Matrix range     [1e+00, 1e+05]

  QMatrix range    [1e+00, 1e+00]

  QLMatrix range   [1e+00, 2e+01]

  Objective range  [2e+00, 1e+02]

  QObjective range [2e+00, 2e+00]

  Bounds range     [1e+00, 1e+02]

  RHS range        [1e+00, 1e+05]

  QRHS range       [1e+02, 1e+02]

Presolve removed 120 rows and 319 columns

Presolve time: 1.41s

Presolved: 8407 rows, 15784 columns, 75458 nonzeros

Variable types: 1055 continuous, 14729 integer (13960 binary)

Root relaxation presolve removed 3 rows and 2 columns

Root relaxation presolved: 8401 rows, 15781 columns, 141243 nonzeros



Deterministic concurrent LP optimizer: primal and dual simplex

Showing primal log only...



Concurrent spin time: 0.00s



Solved with dual simplex



Root relaxation: objective 1.990315e+02, 867 iterations, 0.17 seconds (0.19 work units)



    Nodes    |    Current Node    |     Objective Bounds      |     Work

 Expl Unexpl |  Obj  Depth IntInf | Incumbent    BestBd   Gap | It/Node Time



     0     0  199.03146    0  145          -  199.03146      -     -    3s

     0     0  274.16992    0  166          -  274.16992      -     -    4s

     0     0  274.16992    0  171          -  274.16992      -     -    4s

     0     0  274.16992    0  171          -  274.16992      -     -    4s

     0     0  274.16992    0  132          -  274.16992      -     -    5s

     0     0  274.16992    0  170          -  274.16992      -     -    5s

     0     0  274.87636    0  421          -  274.87636      -     -    5s

     0     0  275.12333    0  159          -  275.12333      -     -    5s

     0     0  277.09428    0  191          -  277.09428      -     -    7s

     0     0  277.32455    0  186          -  277.32455      -     -    7s

     0     0  277.32455    0  190          -  277.32455      -     -    8s

     0     0  277.32455    0  172          -  277.32455      -     -    8s

H    0     0                    1523.5000000  277.32455  81.8%     -    8s

     0     0  277.42009    0  171 1523.50000  277.42009  81.8%     -    9s

     0     0  277.54928    0  184 1523.50000  277.54928  81.8%     -    9s

     0     0  279.47598    0  205 1523.50000  279.47598  81.7%     -   10s

     0     0  279.58500    0  183 1523.50000  279.58500  81.6%     -   10s

     0     0  280.83000    0  124 1523.50000  280.83000  81.6%     -   10s

     0     0  280.83000    0  117 1523.50000  280.83000  81.6%     -   10s

H    0     0                    1475.1000000  280.83000  81.0%     -   11s

H    0     0                    1473.1000000  280.83000  80.9%     -   11s

     0     0  280.83043    0  154 1473.10000  280.83043  80.9%     -   11s

     0     0  280.83043    0  154 1473.10000  280.83043  80.9%     -   11s

     0     2  280.89167    0  154 1473.10000  280.89167  80.9%     -   12s

H   30    37                    1462.7800000  280.89167  80.8%   544   13s

H   71    78                    1457.7800000  280.89167  80.7%   453   14s

H   88    97                    1444.8800000  280.89167  80.6%   479   14s

H   92    97                    1414.4100000  280.89167  80.1%   474   14s

H   94    97                    1309.6200000  280.89167  78.6%   473   14s

H  129   137                    1304.6200000  280.89167  78.5%   462   15s

H  177   180                    1304.1700000  280.89167  78.5%   443   15s

H  179   180                    1256.2200000  280.89167  77.6%   438   15s

H  235   277                    1215.9700000  280.89167  76.9%   411   17s

H  357   357                    1205.7000000  280.89167  76.7%   370   18s

H  479   465                    1187.3100000  280.89167  76.3%   368   20s

H  492   488                    1184.0700000  280.89167  76.3%   368   21s

H  496   488                    1183.3400000  280.89167  76.3%   367   21s

H  501   488                    1168.2100000  280.89167  76.0%   366   21s

H  699   661                    1166.2100000  280.89167  75.9%   325   24s

H  700   661                    1165.2100000  280.89167  75.9%   325   24s

   891   934  301.49220   41  194 1165.21000  280.89167  75.9%   289   25s

H 1008   958                    1154.2600000  280.89167  75.7%   270   25s

H 1923  1863                    1148.5100000  280.89167  75.5%   194   29s

  2209  2035  447.15362   23  182 1148.51000  280.89167  75.5%   181   30s

H 2223  2048                    1147.8500000  280.89167  75.5%   181   30s

H 2231  2048                    1089.6200000  280.89167  74.2%   181   30s

H 2469  2510                    1087.6200000  280.89167  74.2%   171   32s

  2982  2738  461.24672  159 4202 1087.62000  280.89167  74.2%   153   35s

  2987  2741  348.59011   18  157 1087.62000  281.26043  74.1%   153   40s

H 2987  2603                    1018.3000000  281.47543  72.4%   153   42s

H 2987  2473                    1013.3000000  281.47543  72.2%   153   42s

H 2987  2349                    1011.6600000  281.47543  72.2%   153   42s

H 2987  2232                    1010.7600000  281.47543  72.2%   153   42s

  2990  2234  285.79591   30  226 1010.76000  282.34604  72.1%   153   45s

  2993  2236  464.73587  134  204 1010.76000  283.20815  72.0%   153   55s

  2996  2238  364.65191   72  220 1010.76000  284.27421  71.9%   153   61s

  2998  2240  284.33244   14  248 1010.76000  284.33244  71.9%   153   65s

  3001  2242  426.82650  145  327 1010.76000  284.64368  71.8%   153   72s

  3003  2243  415.44756  112  308 1010.76000  285.04792  71.8%   152   77s

  3005  2244  423.17319   83  302 1010.76000  285.64317  71.7%   152   87s

  3006  2245  359.96373   58  363 1010.76000  285.99335  71.7%   152   90s

  3008  2246  359.32188   49  345 1010.76000  286.35121  71.7%   152   96s

  3010  2248  348.63406   38  352 1010.76000  286.72242  71.6%   152  100s

  3012  2249  533.36498  180  292 1010.76000  287.06400  71.6%   152  105s

  3014  2250  469.20899   27  397 1010.76000  289.23614  71.4%   152  116s

  3016  2252  658.84961  177  190 1010.76000  289.79051  71.3%   152  121s

  3018  2253  312.63270   56  242 1010.76000  291.95810  71.1%   152  129s

  3019  2254  360.63710   79  255 1010.76000  297.94309  70.5%   152  138s

  3020  2254  388.80470   86  241 1010.76000  301.99610  70.1%   152  145s

  3024  2257  453.88777  114  464 1010.76000  303.36717  70.0%   151  150s

  3029  2260  311.00833   52  343 1010.76000  303.93037  69.9%   151  155s

  3032  2262  446.61226   99  318 1010.76000  304.84774  69.8%   151  160s

H 3034  2150                     999.9800000  304.96650  69.5%   151  163s

  3036  2151  654.19992   66  407  999.98000  304.98002  69.5%   151  165s

  3041  2154  317.20558   45  314  999.98000  305.42380  69.5%   151  170s

H 3042  2046                     999.3300000  305.45481  69.4%   150  171s

H 3042  1943                     959.4700000  305.45481  68.2%   150  171s

H 3042  1844                     958.6800000  305.45481  68.1%   150  172s

H 3046  1754                     949.6900000  305.72736  67.8%   150  175s

  3051  1757  320.09094   50  388  949.69000  306.11513  67.8%   150  181s

  3055  1760  343.24841   29  472  949.69000  306.37734  67.7%   150  185s

  3061  1764  308.09221   56  492  949.69000  306.88838  67.7%   150  190s

  3067  1768  587.51881  197  515  949.69000  307.36943  67.6%   149  196s

  3071  1770  570.71950  160  475  949.69000  307.55921  67.6%   149  200s

  3077  1774  307.65224   14  512  949.69000  307.65224  67.6%   149  205s

  3082  1778  461.24672  159  348  949.69000  307.88020  67.6%   149  210s

  3087  1781  348.59011   18  509  949.69000  308.06823  67.6%   148  215s

  3094  1787  350.04493   61 4202  949.69000  308.15546  67.6%   174  220s

  3109  1797  534.66141  120  366  949.69000  308.15546  67.6%   173  225s

  3115  1801  311.87949   48  488  949.69000  308.15546  67.6%   173  231s

  3117  1802  350.92917   72  484  949.69000  308.15546  67.6%   173  235s

  3119  1804  360.63710   79  482  949.69000  308.15546  67.6%   173  240s

  3123  1811  308.15546   27  321  949.69000  308.15546  67.6%   180  245s

  3147  1864  308.15546   30  197  949.69000  308.15546  67.6%   190  250s

  3326  1952  308.15546   38  195  949.69000  308.15546  67.6%   211  255s

  3426  2033  311.44893   42  173  949.69000  308.15546  67.6%   216  260s

  3631  2159  343.77403   50  228  949.69000  308.15546  67.6%   221  265s

  3930  2362  327.24582   61  172  949.69000  308.15546  67.6%   221  270s

  4167  2537  343.64639   72  141  949.69000  308.15546  67.6%   221  275s

  4459  2701  439.83172   90  151  949.69000  308.15546  67.6%   220  281s

  4717  2890  421.92780   98  170  949.69000  308.15546  67.6%   218  285s

  5210  3150 infeasible  126       949.69000  308.15546  67.6%   215  291s

  5501  3469  544.93494  138  155  949.69000  308.15546  67.6%   215  296s

  5906  3460  607.29788  167  130  949.69000  308.15546  67.6%   211  300s

  5999  3576  731.29276  168  136  949.69000  308.15546  67.6%   212  305s

  6405  4051  619.19006  178  125  949.69000  308.15546  67.6%   208  311s

  6793  3975 infeasible  198       949.69000  308.15546  67.6%   202  315s

  7004  4236  325.03374   33  290  949.69000  308.15546  67.6%   200  320s

  7764  4816  381.18548   59  196  949.69000  308.15546  67.6%   190  326s

  8747  5514  588.42439  178  144  949.69000  308.15546  67.6%   182  331s

 10102  7027  343.77590   34  272  949.69000  308.15546  67.6%   167  337s

 10989  7276  372.02213   45  208  949.69000  308.15546  67.6%   160  340s

 12075  8762  632.28016   74  143  949.69000  308.15546  67.6%   154  347s

 12927  9450  311.39508   44  242  949.69000  308.15546  67.6%   150  351s

 13901 10265  350.06109   56  169  949.69000  308.15546  67.6%   147  357s

 14625 10785  424.45897  109  116  949.69000  308.15546  67.6%   145  361s

 15446 11797  421.72135   71  246  949.69000  308.15546  67.6%   145  367s

 16374 11808  589.54041  203  200  949.69000  308.15546  67.6%   143  370s

 16655 12176  647.39624  205  197  949.69000  308.15546  67.6%   141  376s

 16803 12523  647.55019  206  196  949.69000  308.15546  67.6%   141  380s

 17174 13572  676.18219  222  206  949.69000  308.15546  67.6%   140  385s

 18310 14158  308.15546   42  330  949.69000  308.15546  67.6%   137  392s

 19049 15244  341.46667   62  166  949.69000  308.15546  67.6%   136  397s

 20201 15501  501.41328  112  138  949.69000  308.15546  67.6%   135  401s

 20485 15938  622.52414  181  120  949.69000  308.15546  67.6%   135  405s

 20990 16809  343.83583   45  172  949.69000  308.15546  67.6%   135  410s

 21983 17525 infeasible  110       949.69000  308.15546  67.6%   134  415s

 22763 17809  329.17546   82  189  949.69000  308.15546  67.6%   134  420s

 23083 19199  395.14514  104  205  949.69000  308.15546  67.6%   135  426s

 24560 19476  598.41116  230  157  949.69000  308.15546  67.6%   132  434s

 24860 19488  618.99890  255  199  949.69000  308.15546  67.6%   132  438s

H24870 19483                     943.2700000  308.15546  67.3%   132  438s

 24872 19928  703.89124  256  147  943.27000  308.15546  67.3%   132  443s

 25361 20770  308.15546   42  251  943.27000  308.15546  67.3%   132  450s

 26333 21532  509.88979   51  198  943.27000  308.15546  67.3%   132  456s

 27274 21811  308.15546   45  309  943.27000  308.15546  67.3%   133  462s

 27627 23116  308.15546   51  296  943.27000  308.15546  67.3%   134  469s

 29051 24268  339.19740   70  138  943.27000  308.15546  67.3%   134  476s

 30354 24425  308.15546   45  300  943.27000  308.15546  67.3%   132  483s

H30551 24424                     942.2500000  308.15546  67.3%   132  483s

 30561 24988  308.15546   46  299  942.25000  308.15546  67.3%   132  490s

 31195 26418  485.34811   70  251  942.25000  308.15546  67.3%   133  497s

 33029 27810  447.27105   92  211  942.25000  308.15546  67.3%   132  506s

H34130 27769                     928.1300000  308.15546  66.8%   131  506s

 34640 28469  796.60791  140  130  928.13000  308.15546  66.8%   131  513s

 35417 29837  469.06546   79  217  928.13000  308.15546  66.8%   130  521s

 36907 32774  407.14595   77  187  928.13000  308.15546  66.8%   129  534s

 40105 33437  568.35863  158  172  928.13000  308.15546  66.8%   124  538s

 40846 34375  308.15546   50  224  928.13000  308.15546  66.8%   124  543s

 41898 34635  579.70228   64  158  928.13000  308.15546  66.8%   124  547s

H42169 34629                     927.3000000  308.15546  66.8%   123  547s

 42180 35562  586.02463   65  159  927.30000  308.15546  66.8%   123  553s

 43236 35624  315.63820   55  171  927.30000  308.15546  66.8%   123  557s

 43303 35711  319.21927   67  158  927.30000  308.15546  66.8%   123  561s

H43321 35710                     926.9100000  308.15546  66.8%   123  561s

H43351 35682                     922.7000000  308.15546  66.6%   123  561s

 43392 36033  343.75071   85  212  922.70000  308.15546  66.6%   123  566s

 43795 36645  391.53070  117  203  922.70000  308.15546  66.6%   123  571s

 44419 37412  509.94857  259  199  922.70000  308.15546  66.6%   122  578s

 45248 38859  477.48739   95  148  922.70000  308.15546  66.6%   122  584s

 46837 39515  325.08222   62  198  922.70000  308.15546  66.6%   121  591s

 47611 39935 infeasible   84       922.70000  308.15546  66.6%   121  596s

 48057 40898  539.40534   48  155  922.70000  308.15546  66.6%   122  602s

 49199 42433  310.71811   49  287  922.70000  308.15546  66.6%   122  609s

 50989 42994  558.54750  187  198  922.70000  308.15546  66.6%   121  615s

 51638 44345  727.03334  250  194  922.70000  308.15546  66.6%   121  621s

 53091 44745  368.06050   94  162  922.70000  308.15546  66.6%   121  628s

 53520 45955  518.66942  248  212  922.70000  308.15546  66.6%   121  635s

 54865 47352  327.12193   54  242  922.70000  308.15546  66.6%   120  645s

 56383 47767  466.23567  132  172  922.70000  308.15546  66.6%   120  654s

H56763 47765                     922.3100000  308.15546  66.6%   119  654s

 56867 48990  513.72793  159  192  922.31000  308.15546  66.6%   119  663s

 58230 50014  851.03811  316  165  922.31000  308.15546  66.6%   119  672s

 59392 51768  851.20349  317  160  922.31000  308.15546  66.6%   119  683s

 61346 53514  495.35037   95  179  922.31000  308.15546  66.6%   119  692s

 63303 54111  367.01633   75  258  922.31000  308.15546  66.6%   119  698s

 64059 54668  529.52902  114  148  922.31000  308.15546  66.6%   119  705s

 64677 56519  358.21887   47  224  922.31000  308.15546  66.6%   119  715s

 66668 57731  423.91355   87  205  922.31000  308.15546  66.6%   118  723s

 67974 58439  803.93864  201   98  922.31000  308.15546  66.6%   118  732s

 68858 59277  392.43830   69  166  922.31000  308.15546  66.6%   118  739s

 69921 59822  315.69034   39  272  922.31000  308.15546  66.6%   119  746s

 70589 60423  337.03759   75  255  922.31000  308.15546  66.6%   119  753s

 71316 62095  360.63171  100  172  922.31000  308.15546  66.6%   119  762s

 73193 63852  888.19630  366  158  922.31000  308.15546  66.6%   119  774s

 75260 64415  330.03567   39  216  922.31000  308.15546  66.6%   119  780s

 75910 65033  357.46467   64  213  922.31000  308.15546  66.6%   119  785s

 76607 66359  375.42919   80  205  922.31000  308.15546  66.6%   119  794s

 78118 67972  315.02142   45  211  922.31000  308.15546  66.6%   119  802s

 79913 69084  464.49120  139  177  922.31000  308.15546  66.6%   118  809s

 81147 69322  361.03489   53  163  922.31000  308.15546  66.6%   118  815s

 81440 69334  460.71199   80  221  922.31000  308.15546  66.6%   118  821s

 81452 69429  469.34710   81  220  922.31000  308.15546  66.6%   118  828s

 81578 69703  487.78983   84  192  922.31000  308.15546  66.6%   118  835s

 81875 70096  309.73711   57  283  922.31000  308.15546  66.6%   118  843s

 82283 70965  385.78948  118  260  922.31000  308.15546  66.6%   118  850s

 83235 71788  581.74585  240  204  922.31000  308.15546  66.6%   118  857s

 84191 73501  871.27849  360  138  922.31000  308.15546  66.6%   118  867s

 86071 74244  327.48978   65  289  922.31000  308.15546  66.6%   118  874s

 86900 75682  503.08171  130  156  922.31000  308.15546  66.6%   118  883s

 88544 76885  636.38705  106  148  922.31000  308.15546  66.6%   118  891s

 89972 78289  799.89578  117  145  922.31000  308.23190  66.6%   118  900s

 91571 78854  786.93701   81  168  922.31000  308.23190  66.6%   118  911s

 92355 82519  373.13827   75  210  922.31000  308.34004  66.6%   118  928s

 96269 84339  422.24846  140  204  922.31000  308.41154  66.6%   117  936s

 98222 85304  866.96466  321  189  922.31000  308.41154  66.6%   116  942s

 99269 85789  466.60671   77  123  922.31000  308.41154  66.6%   116  947s

 99812 87235  560.95335  128  135  922.31000  308.41154  66.6%   116  953s

 101355 88510  361.92060   86  216  922.31000  308.41154  66.6%   115  960s

 102810 89584  685.70179  257  153  922.31000  308.41154  66.6%   115  966s

 103975 90255  374.85807   67  165  922.31000  308.41154  66.6%   115  971s

 104714 91200  433.19546   95  317  922.31000  308.41154  66.6%   115  977s

 105718 92597  530.90262  148  207  922.31000  308.41154  66.6%   115  985s

 107586 94008  419.27526   67  251  922.31000  308.41154  66.6%   114  997s

 108855 95002  406.49574   72  244  922.31000  308.41154  66.6%   114 1003s

 109909 96810  717.30315  172  192  922.31000  308.41154  66.6%   114 1017s

 111979 97139  458.14500   63  176  922.31000  308.67060  66.5%   114 1023s

 112368 98135  705.74376   97  134  922.31000  308.67060  66.5%   114 1030s

 113547 98297  423.53290  111  161  922.31000  308.67060  66.5%   114 1036s

 113709 99789  424.10976  112  161  922.31000  308.67060  66.5%   114 1044s

 115351 100262  590.49308  159  145  922.31000  308.67060  66.5%   114 1051s

 115930 101677  385.75991   53  148  922.31000  308.67060  66.5%   114 1059s

 117460 102876  787.72125  215  193  922.31000  308.67060  66.5%   114 1067s

 118740 103500  400.85102   56  186  922.31000  308.67060  66.5%   114 1073s

 119438 104769  482.26747   66  130  922.31000  308.74399  66.5%   114 1082s

 120901 106268  313.08493   50  347  922.31000  308.74399  66.5%   114 1091s

 122446 107678  376.72663  111  225  922.31000  308.74399  66.5%   114 1098s

 123996 108686  583.79830  303  212  922.31000  308.74399  66.5%   113 1106s

 125157 109064  405.26337   55  260  922.31000  309.11492  66.5%   113 1111s

 125557 110351  468.40763   66  205  922.31000  309.11492  66.5%   114 1120s

 127070 111101  312.88265   50  217  922.31000  309.11828  66.5%   114 1128s

 127866 112262  366.12133  102  248  922.31000  309.11828  66.5%   114 1140s

 129120 114246  604.15037  255  186  922.31000  309.11828  66.5%   113 1151s

 131287 115469  517.24155  115  214  922.31000  309.14998  66.5%   113 1159s

 132620 115934  318.34516   58  210  922.31000  309.14998  66.5%   113 1163s

 133086 117421  330.80927   82  212  922.31000  309.14998  66.5%   113 1172s

 134773 118379  553.49633  154  188  922.31000  309.14998  66.5%   113 1179s

 135199 118379  417.59797   58  292  922.31000  309.14998  66.5%   113 1180s

 135913 119530  374.20319   65  253  922.31000  309.14998  66.5%   113 1187s

 137183 121029  334.43875   44  233  922.31000  309.14998  66.5%   113 1195s

 138827 122278  649.80118  193  163  922.31000  309.14998  66.5%   112 1203s

 140201 122679  398.39817  100  181  922.31000  309.14998  66.5%   112 1209s

 140602 123778  441.84606  132  162  922.31000  309.14998  66.5%   112 1219s

 141827 125215  707.86375  237  158  922.31000  309.22308  66.5%   112 1228s

 143361 126993  382.03092  124  214  922.31000  309.22308  66.5%   111 1237s

 145274 128178  338.75781   63  255  922.31000  309.22308  66.5%   111 1246s

 146564 130182  435.85880  165  229  922.31000  309.22308  66.5%   111 1261s

 148754 130493  394.29602   76  143  922.31000  309.48654  66.4%   111 1266s

 149083 131875  425.26386  104  127  922.31000  309.48654  66.4%   111 1274s

 150667 132622  347.41323   52  201  922.31000  309.66466  66.4%   110 1280s

 151531 132723  365.58096   62  205  922.31000  309.66466  66.4%   111 1286s

 151681 132951  429.44365   78  133  922.31000  309.66466  66.4%   111 1291s

 151928 133608  891.76924  121   62  922.31000  309.66466  66.4%   111 1297s

 152747 134127  390.94962   90  245  922.31000  309.66466  66.4%   111 1303s

 153305 135809  440.06425  118  206  922.31000  309.66466  66.4%   111 1313s

 155239 136737  425.40421   56  212  922.31000  309.68315  66.4%   111 1320s

 156346 137994 infeasible   65       922.31000  309.68751  66.4%   111 1329s

 157788 138313  310.89302   52  318  922.31000  309.68751  66.4%   111 1335s

 158167 139526  324.88508   68  239  922.31000  309.68751  66.4%   111 1343s

 159485 140270  730.63660  155  144  922.31000  309.68751  66.4%   111 1351s

 160342 141322  368.42328   64  189  922.31000  309.71389  66.4%   111 1360s

 161602 142077  516.64813   82  174  922.31000  309.96601  66.4%   112 1367s

 162427 142464  855.06696  148  174  922.31000  309.96615  66.4%   112 1375s

 162957 143979  340.00166   61  238  922.31000  309.97764  66.4%   112 1385s

 164663 145371  344.84436   57  208  922.31000  309.97764  66.4%   112 1398s

 166183 145619  499.75849  151  170  922.31000  309.97764  66.4%   112 1404s

 166431 147227  501.07261  152  166  922.31000  309.97764  66.4%   112 1416s

 168194 148105  603.95974  103  189  922.31000  309.97764  66.4%   112 1424s

 169182 149469  378.54506   63  170  922.31000  309.97764  66.4%   112 1435s

 170721 150740  348.65317   73  246  922.31000  310.07373  66.4%   112 1445s

 172184 151414  313.83672   63  308  922.31000  310.16168  66.4%   112 1452s

 172937 151475  359.81431   93  182  922.31000  310.18341  66.4%   112 1461s

 173010 152483  555.87635  133  119  922.31000  310.18341  66.4%   112 1472s

 174131 153501  754.35424  142  139  922.31000  310.18341  66.4%   112 1482s

 175283 153873  593.72811   99  161  922.31000  310.18341  66.4%   112 1490s

 175766 154914  363.49485   60  215  922.31000  310.25125  66.4%   112 1500s

 176998 156557  453.91549   59  210  922.31000  310.26315  66.4%   112 1511s

 178862 157160  329.50784   57  236  922.31000  310.26315  66.4%   112 1520s

 179507 157605  616.89331  158  142  922.31000  310.26315  66.4%   112 1528s

 180139 158633  331.05653   56  175  922.31000  310.37135  66.3%   112 1538s

 181494 160151  352.02059   49  317  922.31000  310.37135  66.3%   112 1548s

 183129 160998  544.37321  169  225  922.31000  310.37135  66.3%   112 1559s

 183530 160998  449.79279   66  146  922.31000  310.37135  66.3%   112 1560s

 184086 163169  751.10258  229  203  922.31000  310.37135  66.3%   112 1575s

 186576 163884  379.18120   95  182  922.31000  310.37135  66.3%   112 1584s

 187353 165492  468.91666  163  141  922.31000  310.37135  66.3%   112 1594s

 189151 166827  336.45789   80  214  922.31000  310.54623  66.3%   112 1602s

 190570 167222  460.24863  216  233  922.31000  310.54623  66.3%   112 1608s

 190991 168480  490.03686  251  241  922.31000  310.54623  66.3%   112 1618s

 192454 169351  325.35088   42  290  922.31000  310.63354  66.3%   112 1625s

 193385 170683  338.22786   59  274  922.31000  310.63354  66.3%   112 1636s

 194891 171483  392.76818   90  231  922.31000  310.63354  66.3%   112 1645s

 195961 171854  584.22157  155  175  922.31000  310.63354  66.3%   112 1653s

 196485 172691  702.23186  178  172  922.31000  310.66029  66.3%   112 1661s

 197512 173129  334.06692   59  215  922.31000  310.66029  66.3%   112 1668s

 198043 174309  572.60923  113  156  922.31000  310.66029  66.3%   112 1678s

 199467 175826  458.04264   99  244  922.31000  310.66029  66.3%   113 1690s

 201050 176788  410.52593   66  187  922.31000  310.66029  66.3%   112 1701s

 202179 178327  357.69187   71  237  922.31000  310.66029  66.3%   112 1714s

 203962 178596  511.28371   64  312  922.31000  310.84913  66.3%   112 1721s

 204310 179750  530.61898   65  256  922.31000  310.84913  66.3%   113 1734s

 205714 180079  543.92470   65  182  922.31000  310.86613  66.3%   113 1742s

 206102 180575  745.89321   74  148  922.31000  310.86613  66.3%   113 1754s

 206778 182383  326.10188   86  232  922.31000  310.97369  66.3%   113 1771s

 208793 183831  344.33711   58  135  922.31000  311.00914  66.3%   113 1784s

 210283 184379  597.28114  152  155  922.31000  311.00914  66.3%   113 1794s

 210961 186089  697.22865  175  145  922.31000  311.00914  66.3%   113 1806s

 212927 186101  619.30504  135  187  922.31000  311.00914  66.3%   113 1816s

 212939 186246  652.93767  136  215  922.31000  311.00914  66.3%   113 1825s

 213126 186901  341.23310   42  218  922.31000  311.00914  66.3%   113 1833s

 213866 188576  380.11917   88  209  922.31000  311.00914  66.3%   113 1846s

 215734 189959  325.54201   78  183  922.31000  311.00914  66.3%   113 1858s

 217233 190468  556.84300  248  168  922.31000  311.06674  66.3%   113 1867s

 217826 191655  378.82173   45  220  922.31000  311.07390  66.3%   113 1879s

 219221 193504  556.66975  116  156  922.31000  311.09645  66.3%   113 1896s

 221246 193794  430.77381  117  197  922.31000  311.18823  66.3%   113 1902s

 221549 194948  455.06235  131  208  922.31000  311.18823  66.3%   113 1913s

 222796 196264  513.85287  157  172  922.31000  311.18823  66.3%   113 1922s

 224202 197039  325.31258   46  195  922.31000  311.18823  66.3%   113 1931s

 225194 197469  396.78289   64  164  922.31000  311.18823  66.3%   113 1938s

 225657 198591  430.17575   69  133  922.31000  311.18823  66.3%   113 1947s

 226905 199155 infeasible   96       922.31000  311.23249  66.3%   113 1954s

 227512 200512  323.12431   67  225  922.31000  311.23249  66.3%   113 1965s

 228967 201772  595.50780  162  184  922.31000  311.23249  66.3%   113 1974s

 230408 203031  344.61709   83  217  922.31000  311.23249  66.3%   113 1984s

 230883 203031  511.21995  199  191  922.31000  311.23249  66.3%   113 1985s

 231805 203500 infeasible  230       922.31000  311.23249  66.3%   113 1992s

 232312 204772  413.27860   96  219  922.31000  311.41333  66.2%   113 2004s

 233822 205809  389.14276   73  257  922.31000  311.41333  66.2%   113 2014s

 234934 206333  542.57964  101  207  922.31000  311.41333  66.2%   113 2024s

 235538 207504  600.54937  124  204  922.31000  311.41333  66.2%   113 2038s

 236915 209624  367.29491   69  286  922.31000  311.49390  66.2%   113 2055s

 239152 209910  547.36974  204  244  922.31000  311.49390  66.2%   112 2061s

 239504 211324  586.36075  226  198  922.31000  311.49390  66.2%   112 2069s

 241123 212335  351.59398   81  247  922.31000  311.50107  66.2%   112 2077s

 242148 213411  641.02149  201  215  922.31000  311.50107  66.2%   112 2084s

 243367 213689  346.52215   71  236  922.31000  311.50107  66.2%   112 2089s

 243670 214738  376.41019   87  167  922.31000  311.50107  66.2%   112 2097s

 244807 216102 infeasible  135       922.31000  311.50107  66.2%   112 2106s

 246351 216299  368.70432   77  189  922.31000  311.50107  66.2%   112 2112s

 246548 217358  369.55345   78  196  922.31000  311.50107  66.2%   112 2121s

 247682 217629  388.25928   99  212  922.31000  311.50107  66.2%   112 2127s

 248026 218697  430.49342  129  197  922.31000  311.50107  66.2%   112 2135s

 249226 219403  339.91238   57  216  922.31000  311.60181  66.2%   112 2144s

 250136 220662  313.20059   51  379  922.31000  311.68177  66.2%   112 2154s

 251472 221101  511.33447  122  189  922.31000  311.68177  66.2%   112 2161s

 251962 222558  567.05564  155  220  922.31000  311.72903  66.2%   112 2171s

 253596 224041  410.76977   72  204  922.31000  311.72903  66.2%   112 2180s

 255246 225972  530.23068   98  205  922.31000  311.76158  66.2%   112 2195s

 257339 226931  420.16652   96  172  922.31000  311.76158  66.2%   112 2201s

 258447 227299  600.21747  151  159  922.31000  311.76158  66.2%   112 2208s

 258872 228472  321.38253   49  291  922.31000  311.81373  66.2%   112 2217s

 260139 229385  340.66648   51  136  922.31000  311.82332  66.2%   112 2225s

 261220 229680  707.80545  135  209  922.31000  311.82332  66.2%   112 2234s

 261535 229900  762.38117  136  170  922.31000  311.82332  66.2%   112 2239s

 261755 230840  762.76898  137  174  922.31000  311.82332  66.2%   112 2249s

 262870 230851  763.89913  138  180  922.31000  311.82332  66.2%   112 2262s

 262883 230861  764.48844  139  175  922.31000  311.82332  66.2%   112 2270s

 262897 230922  767.55245  141  180  922.31000  311.82332  66.2%   112 2279s

 263000 231021  527.93523   68  177  922.31000  311.90359  66.2%   112 2289s

 263110 231181  361.84394   46  195  922.31000  311.90359  66.2%   112 2301s

 263275 231568  395.47328   86  163  922.31000  311.90359  66.2%   112 2312s

 263742 232047  721.39810  162  111  922.31000  311.90359  66.2%   112 2323s

 264291 233404  352.25411   71  244  922.31000  311.90359  66.2%   112 2336s

 265817 234725  864.02309  226  124  922.31000  311.90533  66.2%   112 2348s

 267303 235970  529.42336  152  213  922.31000  311.90533  66.2%   112 2361s

 268683 236669  363.49427   69  169  922.31000  311.96557  66.2%   112 2371s

 269587 237135     cutoff   91       922.31000  311.99818  66.2%   112 2379s

 270095 238972  333.38541   58  232  922.31000  311.99818  66.2%   112 2393s

 272073 240838  588.78450  213  215  922.31000  311.99818  66.2%   112 2408s

 274084 242102  521.04810  119  142  922.31000  311.99818  66.2%   111 2425s

 275517 243626  359.67594   68  283  922.31000  311.99818  66.2%   111 2437s

 277110 244415 infeasible  190       922.31000  311.99818  66.2%   111 2447s

 278043 245356  361.12347   81  219  922.31000  312.01605  66.2%   111 2456s

 279049 246667  509.45405  188  187  922.31000  312.01605  66.2%   111 2469s

 280575 247928  323.50850   79  277  922.31000  312.18283  66.2%   111 2480s

 281894 248425  365.31379  126  287  922.31000  312.18283  66.2%   111 2489s

 282432 248951  415.46921  154  243  922.31000  312.18283  66.2%   111 2500s

 283012 250250  356.29355   81  184  922.31000  312.18283  66.2%   111 2511s

 284382 251630  551.65526  221  216  922.31000  312.18283  66.2%   111 2522s

 286022 252445  478.48689   81  173  922.31000  312.18361  66.2%   111 2532s

 287021 252774  322.24538   80  226  922.31000  312.28700  66.1%   111 2539s

 287360 253234  330.44400   91  344  922.31000  312.28700  66.1%   112 2554s

 287888 253680  371.59074  134  359  922.31000  312.28700  66.1%   112 2562s

 288390 254349 infeasible  196       922.31000  312.28700  66.1%   112 2572s

 289218 255319  489.26280  182  199  922.31000  312.31590  66.1%   112 2583s

 290282 255594  551.46441   51  335  922.31000  312.31590  66.1%   112 2591s

 290609 256895  783.55465   87  149  922.31000  312.34102  66.1%   112 2604s

 292108 257995 infeasible  102       922.31000  312.38169  66.1%   112 2620s

 293448 258264  405.37680   54  231  922.31000  312.39462  66.1%   112 2631s

 293778 259621  527.61949   63  224  922.31000  312.39462  66.1%   112 2647s

 295522 260092  332.58665   67  232  922.31000  312.44982  66.1%   112 2658s

 296057 261881  433.17768  112  201  922.31000  312.44982  66.1%   112 2676s

 297994 262446  367.60560   51  310  922.31000  312.44982  66.1%   112 2689s

 298633 263543  373.50420   52  297  922.31000  312.44982  66.1%   112 2703s

 299928 264419  731.34670  182  134  922.31000  312.46713  66.1%   112 2714s

 300909 266101  450.28395  103  195  922.31000  312.46713  66.1%   112 2728s

 302847 267651  352.66589   73  199  922.31000  312.52874  66.1%   112 2742s

 304574 268026  321.79818   60  322  922.31000  312.52874  66.1%   112 2751s

 305008 269303  352.14971   82  195  922.31000  312.56991  66.1%   112 2765s

 306570 270332  313.38875   43  255  922.31000  312.65465  66.1%   112 2776s

 307819 271609  865.57562  111  132  922.31000  312.65617  66.1%   112 2789s

 309377 272162  379.47229   64  247  922.31000  312.67805  66.1%   112 2798s

 310029 273388  440.77852  101  248  922.31000  312.67805  66.1%   112 2814s

 311339 274296  343.18804   75  275  922.31000  312.67805  66.1%   113 2827s

 312367 274793  509.51361  183  254  922.31000  312.67805  66.1%   113 2838s

 312883 276415  629.22165  220  187  922.31000  312.69056  66.1%   113 2856s

 314738 278247  735.13420  184  168  922.31000  312.77071  66.1%   113 2869s

 316805 278599  394.73415   55  270  922.31000  312.78764  66.1%   113 2878s

 317203 279734  410.71881   79  200  922.31000  312.81089  66.1%   113 2890s

 318549 281437  325.91269   57  251  922.31000  312.81688  66.1%   113 2904s

 320402 281780  441.13519  146  176  922.31000  312.81688  66.1%   113 2912s

 320801 283297  600.28050  173  190  922.31000  312.81688  66.1%   113 2926s

 322396 284201  699.92961  209  206  922.31000  312.81688  66.1%   113 2937s

 323551 284535  468.29860   95  166  922.31000  312.84666  66.1%   113 2949s

 323916 284868  358.82582   63  206  922.31000  312.84666  66.1%   113 2957s

 324293 286647  399.26703  101  190  922.31000  312.84666  66.1%   113 2971s

 326243 287911  749.58971  325  226  922.31000  312.84666  66.1%   113 2984s

 327687 289205  349.85769   74  193  922.31000  312.84666  66.1%   113 2996s

 329196 290067  338.85887   75  236  922.31000  312.98220  66.1%   113 3011s

 330091 292090  464.98746  177  200  922.31000  312.98220  66.1%   113 3028s

 332428 293178  360.17425   68  193  922.31000  313.03040  66.1%   113 3040s

 333629 294690  453.84397  136  281  922.31000  313.03384  66.1%   113 3053s

 335334 295240  364.20739   67  186  922.31000  313.03878  66.1%   113 3062s

 336037 296279  492.03704  117  193  922.31000  313.03878  66.1%   113 3076s

 337274 297336  464.78502   83  180  922.31000  313.07305  66.1%   113 3089s

 338504 297720  374.25154  114  208  922.31000  313.12736  66.0%   113 3098s

 338906 299268  398.26159  158  224  922.31000  313.12736  66.0%   113 3115s

 340544 300421  619.49285  375  203  922.31000  313.12736  66.0%   113 3128s

 341890 300433  562.62088   84  187  922.31000  313.12736  66.0%   113 3153s

 341902 300445  562.73238   85  191  922.31000  313.12736  66.0%   113 3160s

 341914 300457  562.80784   86  204  922.31000  313.12736  66.0%   113 3167s

 341926 300469  562.80784   87  201  922.31000  313.12736  66.0%   113 3174s

 341938 300516  566.29390   88  198  922.31000  313.12736  66.0%   113 3181s

 341994 300602 infeasible  115       922.31000  313.14196  66.0%   113 3189s

 342119 300745  394.63426   72  167  922.31000  313.14196  66.0%   113 3197s

 342262 301047  471.23137  115  135  922.31000  313.14196  66.0%   113 3206s

 342583 302374  568.32848  179  169  922.31000  313.14196  66.0%   113 3221s

 344157 302981  413.07714   57  192  922.31000  313.14196  66.0%   113 3231s

 344901 304424  592.09727  128  176  922.31000  313.14196  66.0%   113 3247s

 346536 305731  370.60499   67  247  922.31000  313.16942  66.0%   113 3261s

 348076 306198  688.19676  224  181  922.31000  313.16942  66.0%   113 3274s

 348584 310011  342.48778   61  313  922.31000  313.20743  66.0%   113 3312s

 352888 311215  343.15994   46  260  922.31000  313.34571  66.0%   113 3326s

 354256 311938  426.40869  119  246  922.31000  313.34571  66.0%   113 3337s

 355217 312274  314.74256   57  259  922.31000  313.36180  66.0%   113 3345s

 355675 313517  328.50799   79  238  922.31000  313.36180  66.0%   113 3357s

 356985 314970  569.88157  191  230  922.31000  313.36180  66.0%   113 3370s

 358602 316091  533.51673  146  129  922.31000  313.36180  66.0%   113 3382s

 359872 316523  403.45314   62  144  922.31000  313.39357  66.0%   113 3391s

 360380 317473  502.20423  104  228  922.31000  313.39357  66.0%   113 3403s

 361473 318937  347.74258  105  220  922.31000  313.48026  66.0%   113 3415s

 363018 319386  545.97531  228  250  922.31000  313.48026  66.0%   113 3423s

 363508 320795  650.19994  274  251  922.31000  313.48026  66.0%   113 3436s

 365108 321925  618.52174  130  173  922.31000  313.49695  66.0%   113 3448s

 366414 322995  363.72326   55  206  922.31000  313.49695  66.0%   113 3464s

 367746 323969  546.66828   47  233  922.31000  313.56494  66.0%   113 3477s

 368975 325213  510.68834  112  226  922.31000  313.59209  66.0%   113 3490s

 370314 326208  833.56760  186  169  922.31000  313.59605  66.0%   113 3501s

 371401 327791  493.69561   56  186  922.31000  313.59605  66.0%   113 3515s

 373198 329142  704.26692  111  184  922.31000  313.60375  66.0%   113 3528s

 374734 330006  819.94004  192  121  922.31000  313.60375  66.0%   113 3539s

 375654 331450  377.64718   72  308  922.31000  313.60375  66.0%   113 3551s

 377197 332519  392.16548   91  253  922.31000  313.60375  66.0%   113 3562s

 378389 332923  435.77200  118  182  922.31000  313.67695  66.0%   113 3571s

 378896 333951  535.26175  129  178  922.31000  313.69354  66.0%   113 3583s

 380112 334516  542.92948   95  169  922.31000  313.69354  66.0%   114 3592s

 380773 335990  644.25990  195  149  922.31000  313.69354  66.0%   114 3607s

 382400 337109  420.43559   99  175  922.31000  313.71410  66.0%   114 3618s

 383701 338196  348.14947   67  171  922.31000  313.75686  66.0%   114 3630s

 384984 338821  382.43456   74  223  922.31000  313.75686  66.0%   114 3643s

 385705 341035  792.51873  181  143  922.31000  313.75686  66.0%   114 3668s

 388264 341634  415.00518  137  243  922.31000  313.87689  66.0%   114 3677s

 388975 343362  489.74276  164  200  922.31000  313.87845  66.0%   114 3693s

 390916 343640  332.88406   43  360  922.31000  313.88881  66.0%   114 3702s

 391247 344617  360.62374   52  190  922.31000  313.88881  66.0%   114 3715s

 392510 345111  509.40823   77  218  922.31000  313.92423  66.0%   114 3726s

 393066 345123  631.42830   90  151  922.31000  313.93367  66.0%   114 3752s

 393078 345540  521.99776   91  170  922.31000  313.93367  66.0%   114 3775s

 393571 346864  514.62720  105  155  922.31000  313.93411  66.0%   114 3794s

 395094 348513  400.56744   92  152  922.31000  313.95526  66.0%   114 3811s

 396898 349361  318.20510   43  320  922.31000  313.95526  66.0%   114 3824s

 397560 349361  511.66955  183  244  922.31000  313.95526  66.0%   114 3825s

 397853 350745  344.76415   69  191  922.31000  313.95526  66.0%   114 3840s

 399535 351701  453.67626  157  214  922.31000  313.96148  66.0%   114 3854s

 400712 353188  813.98825  254  130  922.31000  313.96148  66.0%   114 3871s

 402461 353857  753.74825  223  150  922.31000  314.07039  65.9%   114 3881s

 403163 355579  324.65025   56  178  922.31000  314.07039  65.9%   114 3899s

 405080 356614  548.15285   57  216  922.31000  314.10579  65.9%   114 3909s

 406275 357550  709.74450  153  138  922.31000  314.10579  65.9%   114 3920s

 407449 358580  473.86707   98  163  922.31000  314.13084  65.9%   114 3930s

 408691 359920  867.86534  193  173  922.31000  314.13551  65.9%   114 3943s

 410095 360477  432.49082  115  241  922.31000  314.13761  65.9%   114 3950s

 410729 361417  488.28807  150  228  922.31000  314.13761  65.9%   114 3963s

 411860 362312  719.02036  283  239  922.31000  314.13761  65.9%   114 3972s

 412932 362768  496.07845   68  124  922.31000  314.13761  65.9%   114 3982s

 413500 363566  765.29666   86   91  922.31000  314.18250  65.9%   114 3994s

 414481 364025  344.85617   66  212  922.31000  314.18250  65.9%   114 4003s

 415025 365071  412.16357  115  222  922.31000  314.23371  65.9%   114 4015s

 416266 365294  843.97202  270  142  922.31000  314.26173  65.9%   114 4024s

 416636 365767  498.01673   75  213  922.31000  314.26173  65.9%   114 4034s

 417228 366818  365.22612   59  155  922.31000  314.26173  65.9%   114 4047s

 418467 368572  578.04139   79  204  922.31000  314.30865  65.9%   115 4063s

 420317 369141  439.83504   87  188  922.31000  314.30865  65.9%   114 4072s

 420978 371204  673.00811  125  171  922.31000  314.30865  65.9%   114 4092s

 423246 372421  548.30792  156  228  922.31000  314.32145  65.9%   114 4102s

 424585 373533  339.46686   42  322  922.31000  314.32385  65.9%   114 4111s

 425856 374447  485.47951   86  254  922.31000  314.32385  65.9%   114 4122s

 426890 375411  326.65962   61  225  922.31000  314.32385  65.9%   114 4131s

 427986 375710  507.91232  201  122  922.31000  314.32385  65.9%   114 4137s

 428316 376403  695.03308  256   80  922.31000  314.32385  65.9%   114 4147s

 429145 377592  381.91665  116  219  922.31000  314.32385  65.9%   114 4157s

 430387 378658  491.60541  253  261  922.31000  314.32385  65.9%   114 4167s

 431531 379610  787.48306  385  219  922.31000  314.32385  65.9%   114 4177s

 432594 379994  436.23789   86  161  922.31000  314.32385  65.9%   114 4185s

 433000 381207  521.62083  126  144  922.31000  314.32385  65.9%   114 4198s

 434487 382676  356.05846   77  223  922.31000  314.45804  65.9%   114 4209s

 434919 382676  400.46646   42  203  922.31000  314.48482  65.9%   114 4210s

 436089 383598  550.87487  207  212  922.31000  314.48482  65.9%   114 4223s

 437191 384580  437.39101   52  210  922.31000  314.48482  65.9%   114 4233s

 438308 384912  393.05302   63  140  922.31000  314.48482  65.9%   114 4242s

 438766 385345  520.69658   68  225  922.31000  314.48482  65.9%   114 4257s

 439283 388916  488.18067   55  216  922.31000  314.49407  65.9%   114 4295s

 443343 389384  356.44889   99  248  922.31000  314.57093  65.9%   114 4304s

 443817 390673  459.58499  118  250  922.31000  314.57093  65.9%   114 4318s

 445234 391750  580.00299  185  202  922.31000  314.57093  65.9%   114 4331s

 446581 392094  441.00007   59  164  922.31000  314.57093  65.9%   114 4341s

 446935 393704  524.86498   97  185  922.31000  314.58264  65.9%   114 4357s

 448678 394844  354.70681   54  306  922.31000  314.58826  65.9%   114 4371s

 450057 396401  497.15119   88  216  922.31000  314.61352  65.9%   114 4386s

 451727 397900  354.98581   71  216  922.31000  314.63798  65.9%   114 4403s

 453306 398279  472.78888  157  223  922.31000  314.63798  65.9%   114 4415s

 453799 398949  515.51555  187  243  922.31000  314.63798  65.9%   114 4429s

 454509 400231  577.37453  233  175  922.31000  314.63798  65.9%   114 4447s

 455950 400633  400.50195   92  214  922.31000  314.65845  65.9%   114 4458s

 456466 401383  602.55181  114  185  922.31000  314.66522  65.9%   114 4474s

 457270 403658  879.09460  187  126  922.31000  314.66522  65.9%   114 4504s

 458655 403658  481.76597   71  272  922.31000  314.67053  65.9%   114 4505s

 459739 404092  644.97994  275  180  922.31000  314.67053  65.9%   114 4513s

 460195 405810  437.40636   79  160  922.31000  314.71142  65.9%   114 4531s

 462059 407491  821.09258  174  118  922.31000  314.71142  65.9%   114 4546s

 463868 408634  492.92793  173  164  922.31000  314.71142  65.9%   114 4559s

 465195 409934  514.86924   55  186  922.31000  314.74676  65.9%   114 4571s

 466664 411037  856.68152  134  122  922.31000  314.75245  65.9%   114 4586s

 467933 411497  498.41652   71  190  922.31000  314.76001  65.9%   114 4595s

 468409 412914  589.33245  126  196  922.31000  314.76001  65.9%   114 4610s

 469950 412925  414.33434   61  236  922.31000  314.78242  65.9%   114 4635s

 469962 412937  415.49519   62  242  922.31000  314.78242  65.9%   114 4643s

 469974 412949  415.56163   63  252  922.31000  314.78242  65.9%   114 4652s

 469986 412961  417.05107   64  218  922.31000  314.78242  65.9%   114 4661s

 469998 412977  417.74435   65  252  922.31000  314.78242  65.9%   114 4671s

 470014 413034  417.94726   66  241  922.31000  314.78242  65.9%   114 4680s

 470103 413106  424.22104   67  255  922.31000  314.78242  65.9%   114 4691s

 470175 413227  427.57967   68  223  922.31000  314.78242  65.9%   114 4700s

 470337 413393  456.28821   76  226  922.31000  314.78242  65.9%   114 4709s

 470515 413650  506.68964   90  220  922.31000  314.78242  65.9%   114 4718s

 470796 414164  517.90348  101  188  922.31000  314.78242  65.9%   114 4729s

 471379 415212  691.65396  130  164  922.31000  314.78242  65.9%   114 4744s

 472553 415699  391.94033  114  235  922.31000  314.79031  65.9%   114 4757s

 473099 416978  416.05686  148  219  922.31000  314.79031  65.9%   114 4778s

 474516 416990  745.10008  257  202  922.31000  314.79031  65.9%   114 4805s

 474528 427715  745.42123  258  203  922.31000  314.79031  65.9%   114 4974s

 476118 427715  346.31311   58  255  922.31000  314.79031  65.9%   114 4975s

 486528 428271  700.93098  195  211  922.31000  314.93494  65.9%   114 4993s

 487232 428702  333.69775   72  226  922.31000  314.93494  65.9%   114 5002s

 487683 429454  377.73178  113  169  922.31000  314.93494  65.9%   114 5015s

 488545 429907  456.54496  177  201  922.31000  314.93686  65.9%   114 5027s

 489050 431493  509.54463  240  168  922.31000  314.93686  65.9%   114 5046s

 490832 433203  405.04838   69  236  922.31000  314.96243  65.9%   114 5064s

 492758 434006  694.46826  236  164  922.31000  314.96243  65.9%   114 5081s

 493679 435667  479.17881   66  232  922.31000  314.96243  65.9%   114 5104s

 495678 437113  508.40754  120  173  922.31000  315.04292  65.8%   114 5122s

 497358 437612  477.04866   83  218  922.31000  315.04292  65.8%   114 5133s

 497922 438679  890.47167  121  155  922.31000  315.04292  65.8%   114 5149s

 499196 438955  430.48167   79  171  922.31000  315.04292  65.8%   114 5160s

 499524 440298  456.23458   92  143  922.31000  315.04292  65.8%   114 5178s

 501226 440726  327.37385   84  276  922.31000  315.10423  65.8%   114 5191s

 501789 442133  372.98594  108  244  922.31000  315.10423  65.8%   114 5209s

 503391 443708  345.21270   45  225  922.31000  315.14766  65.8%   114 5228s

 505125 445120  622.95189  150  173  922.31000  315.14766  65.8%   114 5242s

 506720 445782  430.23452  104  178  922.31000  315.14766  65.8%   114 5255s

 507423 447230  491.20921  161  152  922.31000  315.14766  65.8%   114 5275s

 509121 448864  337.54551   54  299  922.31000  315.17924  65.8%   114 5290s

 510947 450763  337.44977   64  240  922.31000  315.17924  65.8%   114 5317s

 512969 451962  515.15541  175  216  922.31000  315.19280  65.8%   114 5329s

 514298 452425  366.31332   62  194  922.31000  315.19280  65.8%   114 5336s

 514795 453496  421.04318   70  245  922.31000  315.19280  65.8%   114 5349s

 515959 454284  903.78759  205  133  922.31000  315.20862  65.8%   114 5359s

 516261 454284  703.68432  108  156  922.31000  315.20862  65.8%   114 5360s

 516923 454941  558.06632   80  152  922.31000  315.20862  65.8%   114 5372s

 517909 455200  332.61417   59  156  922.31000  315.28260  65.8%   114 5381s

 518264 456461  390.72175   78  150  922.31000  315.28260  65.8%   114 5397s

 519651 457733  533.23991  141  227  922.31000  315.28680  65.8%   114 5414s

 521136 458214  463.39216  105  199  922.31000  315.29144  65.8%   114 5422s

 521641 459766  594.77597  143  166  922.31000  315.29144  65.8%   114 5440s

 523375 460704  351.52930   48  253  922.31000  315.32477  65.8%   114 5453s

 524413 461676  739.78464   99  210  922.31000  315.32584  65.8%   114 5468s

 525506 462681  565.82016  121  161  922.31000  315.33410  65.8%   114 5482s

 526636 462986  479.39790   77  240  922.31000  315.35143  65.8%   114 5492s

 527008 464228  359.56203   64  215  922.31000  315.37697  65.8%   114 5510s

 528444 464936  378.01817   61  146  922.31000  315.38456  65.8%   114 5521s

 529327 465917  396.06034   86  154  922.31000  315.38735  65.8%   114 5541s

 530511 467184  364.57733   64  187  922.31000  315.41655  65.8%   114 5561s

 532009 467811  359.70603   56  291  922.31000  315.41800  65.8%   114 5573s

 532663 469672  442.00241  101  177  922.31000  315.41800  65.8%   114 5597s

 534721 471173  339.26138   80  322  922.31000  315.43417  65.8%   114 5614s

 536457 472392  333.53736   44  224  922.31000  315.45466  65.8%   114 5627s

 537735 473466  385.01985  102  216  922.31000  315.45466  65.8%   114 5642s

 538971 474348  500.16692  183  233  922.31000  315.46475  65.8%   114 5654s

 539907 475481  595.47071  238  174  922.31000  315.46475  65.8%   114 5672s

 541280 475904  662.42940   63  120  922.31000  315.47029  65.8%   114 5683s

 541738 477299  819.36896  112  117  922.31000  315.47029  65.8%   114 5703s

 543264 478488  434.26843   88  171  922.31000  315.47029  65.8%   114 5719s

 544637 479477  762.11515  148  132  922.31000  315.47029  65.8%   114 5734s

 545804 480022  424.57310  102  224  922.31000  315.48929  65.8%   114 5746s

 546407 481560  519.67405  143  207  922.31000  315.48929  65.8%   114 5766s

 548043 483097  347.01058   67  172  922.31000  315.51482  65.8%   114 5787s

 549824 483977  358.22546   68  263  922.31000  315.52162  65.8%   114 5801s

 550875 484458  821.14107  102  118  922.31000  315.52162  65.8%   114 5812s

 551470 485611  383.94041   90  206  922.31000  315.52182  65.8%   114 5831s

 552864 486633  451.46599   64  143  922.31000  315.59170  65.8%   114 5847s

 554099 486967  379.83297   56  177  922.31000  315.59170  65.8%   114 5860s

 554582 487345  757.97676   87  142  922.31000  315.59170  65.8%   114 5874s

 555124 488067  452.33306   86  181  922.31000  315.59170  65.8%   114 5893s

 556113 488885  369.42777   61  364  922.31000  315.68636  65.8%   114 5909s

 556993 490160  616.01264  124  166  922.31000  315.68636  65.8%   114 5931s

 558476 491295  692.43815  119  181  922.31000  315.72788  65.8%   114 5953s

 559798 491882  628.45241  151  159  922.31000  315.72788  65.8%   114 5966s

 560385 493503  786.95160  218  172  922.31000  315.72788  65.8%   114 5993s

 562267 495175  578.50356  166  195  922.31000  315.74442  65.8%   114 6021s

 564027 496533  326.49379   58  171  922.31000  315.74442  65.8%   114 6041s

 565584 496542  519.71494  141  150  922.31000  315.74442  65.8%   114 6082s

 565599 496751  520.29732  142  163  922.31000  315.74442  65.8%   114 6119s

 565861 497506  552.67892  143  191  922.31000  315.74442  65.8%   114 6147s

 566846 498130  578.69641  146  182  922.31000  315.74442  65.8%   114 6162s

 567523 500777  386.26550   78  192  922.31000  315.74442  65.8%   114 6202s

 570456 502332  352.03582   69  238  922.31000  315.81961  65.8%   114 6227s

 572159 503543  318.07500   44  344  922.31000  315.82671  65.8%   114 6243s

 573570 504408  329.81177   41  180  922.31000  315.85036  65.8%   114 6260s

 574656 505818  347.43587   63  244  922.31000  315.85036  65.8%   114 6279s

 576224 506341  637.85821  102  185  922.31000  315.85036  65.8%   114 6292s

 576845 507855  335.12600   58  224  922.31000  315.85036  65.8%   114 6314s

 577262 507855  490.19280  111  184  922.31000  315.85036  65.8%   114 6315s

 578541 508866  565.40309  147  233  922.31000  315.85036  65.8%   114 6331s

 579886 509684  567.19103   74  134  922.31000  315.85036  65.8%   114 6348s

 580871 510089 infeasible  156       922.31000  315.91205  65.7%   114 6360s

 581355 511202  410.38239   83  175  922.31000  315.91205  65.7%   114 6381s

 582703 513028  398.84791  124  141  922.31000  315.96078  65.7%   114 6405s

 584712 514739  326.50784   65  223  922.31000  315.96373  65.7%   114 6427s

 586512 515175  438.38743  204  239  922.31000  315.96373  65.7%   114 6436s

 586987 516609  485.87166  242  234  922.31000  315.96373  65.7%   114 6459s

 587324 516609  548.38699  194  170  922.31000  315.96373  65.7%   114 6460s

 588598 517314  319.82843   56  348  922.31000  315.96373  65.7%   114 6471s

 589431 518303  355.16715   71  213  922.31000  315.96382  65.7%   114 6486s

 590553 519453  410.15364   92  166  922.31000  315.96382  65.7%   114 6504s

 591311 519453  520.53600  166  256  922.31000  315.96382  65.7%   114 6505s

 591989 519911  558.79736  121  131  922.31000  315.96382  65.7%   114 6516s

 592510 521164  707.83835  140  165  922.31000  315.96382  65.7%   114 6538s

 594001 521960  318.46522   47  175  922.31000  316.03050  65.7%   114 6552s

 595003 522604  441.60958   83  209  922.31000  316.03050  65.7%   114 6568s

 595726 523155  488.51361  101  140  922.31000  316.03050  65.7%   114 6583s

 596339 523699  602.98801  158  183  922.31000  316.03050  65.7%   114 6599s

 597055 524095  852.48465  195   93  922.31000  316.05862  65.7%   114 6611s

 597546 525308  410.30054   55  204  922.31000  316.07237  65.7%   114 6637s

 598966 525599  358.83322  101  255  922.31000  316.07820  65.7%   114 6655s

 599271 526961  363.68627  112  211  922.31000  316.09642  65.7%   114 6678s

 600761 527889  624.47407  204  259  922.31000  316.09642  65.7%   114 6699s

 601973 528364  857.33724   74  133  922.31000  316.12682  65.7%   114 6714s

 602606 529641  358.76189   74  262  922.31000  316.12682  65.7%   114 6739s

 603762 529641  447.08260   71  172  922.31000  316.12682  65.7%   114 6740s

 604089 530534  677.63253  183  242  922.31000  316.12682  65.7%   114 6759s

 604309 530534  693.62480  191  181  922.31000  316.12682  65.7%   114 6760s

 605110 531556  443.07945   62  222  922.31000  316.13032  65.7%   114 6780s

 606280 532093  635.67966   85  202  922.31000  316.13032  65.7%   115 6796s

 606956 533395  319.82144   63  287  922.31000  316.13032  65.7%   114 6824s

 608362 534819  403.15656  110  253  922.31000  316.13032  65.7%   114 6849s

 609951 536596  611.17179  174  180  922.31000  316.13032  65.7%   114 6870s

 611905 537176  335.41638   45  146  922.31000  316.14683  65.7%   114 6885s

 612610 538657  581.97360   75  195  922.31000  316.14683  65.7%   114 6916s

 614218 540160  375.24580   71  136  922.31000  316.19496  65.7%   114 6936s

 615875 540546  537.11585  171  204  922.31000  316.19496  65.7%   114 6947s

 616267 540990 infeasible  209       922.31000  316.19496  65.7%   114 6968s

 616753 542175 infeasible  209       922.31000  316.19496  65.7%   114 6989s

 618151 543283  453.64626  103  183  922.31000  316.23514  65.7%   114 7009s

 619352 543878  654.95970  167  136  922.31000  316.24570  65.7%   114 7022s

 620002 545252  665.04546  188  138  922.31000  316.24570  65.7%   114 7045s

 621673 545662  546.51154  125  180  922.31000  316.24570  65.7%   114 7060s

 622127 549115  344.24465   53  288  922.31000  316.29367  65.7%   114 7128s

 625080 549115  802.16210  130  141  922.31000  316.29852  65.7%   114 7130s

 626136 549658  388.10532  129  199  922.31000  316.33073  65.7%   114 7142s

 626705 551513  493.60706  170  141  922.31000  316.33073  65.7%   114 7169s

 627577 551513  340.70236   74  226  922.31000  316.33073  65.7%   114 7170s

 628744 551525  438.03399   65  238  922.31000  316.33073  65.7%   114 7207s

 628756 551577  447.17745   66  222  922.31000  316.33073  65.7%   114 7250s

 628808 551881  447.69442   67  239  922.31000  316.33073  65.7%   114 7285s

 629112 552997  451.75917   68  211  922.31000  316.33073  65.7%   114 7315s

 630353 553776  786.09541  185  176  922.31000  316.33073  65.7%   114 7333s

 631223 555075  382.99527   66  212  922.31000  316.35080  65.7%   114 7358s

 632691 556829  354.80668   74  241  922.31000  316.35080  65.7%   114 7387s

 634571 558143  730.97079  180  212  922.31000  316.35080  65.7%   114 7412s

 636010 558720  346.88118   73  189  922.31000  316.35080  65.7%   114 7428s

 636638 560354  402.13157  104  201  922.31000  316.35080  65.7%   114 7456s

 638471 561506  336.44618   52  278  922.31000  316.37576  65.7%   114 7475s

 639757 562752  406.65058  113  224  922.31000  316.37576  65.7%   114 7500s

 641070 563880  767.05819  263  151  922.31000  316.41799  65.7%   114 7526s

 642393 564418  883.68357  157  166  922.31000  316.42304  65.7%   114 7541s

 643010 565811  418.61835   84  164  922.31000  316.42304  65.7%   114 7572s

 644659 566082  649.63197  117  173  922.31000  316.44083  65.7%   114 7596s

 645015 567255  350.81696   66  316  922.31000  316.45026  65.7%   114 7623s

 646304 567796  332.15043   52  171  922.31000  316.45026  65.7%   114 7639s

 646943 569338  442.61418  105  190  922.31000  316.45026  65.7%   114 7668s

 648629 570205  855.11488  329  150  922.31000  316.45026  65.7%   114 7688s

 649852 571313  778.72032  121  205  922.31000  316.48102  65.7%   114 7712s

 651258 572528  686.61572  108  145  922.31000  316.49900  65.7%   114 7739s

 652644 573041  381.52125  142  280  922.31000  316.50208  65.7%   114 7755s

 653241 574483  411.81752  171  272  922.31000  316.51574  65.7%   114 7782s

 654763 575908  753.07852  274  221  922.31000  316.51574  65.7%   114 7804s

 656327 577511  473.12407   80  217  922.31000  316.51574  65.7%   114 7830s

 658028 578195  487.18068   91  199  922.31000  316.51574  65.7%   114 7850s

 658825 580093  354.45143   65  155  922.31000  316.57073  65.7%   114 7897s

 661000 580384  551.58231  122  204  922.31000  316.57320  65.7%   114 7931s

 661359 581573  504.55268   66  300  922.31000  316.58103  65.7%   114 7961s

 662642 581924  439.79283  107  251  922.31000  316.58103  65.7%   114 7977s

 663026 583668  561.89195  162  224  922.31000  316.58103  65.7%   114 8011s

 664959 585050  735.97588  171  203  922.31000  316.60395  65.7%   114 8041s

 666423 586663  398.07496   97  298  922.31000  316.60395  65.7%   114 8066s

 668168 587140  764.76071  236  196  922.31000  316.60395  65.7%   114 8082s

 668668 588945  334.48059   49  169  922.31000  316.60670  65.7%   114 8114s

 670234 588945  583.38918  125  202  922.31000  316.60670  65.7%   114 8115s

 670631 590731  520.79441  151  173  922.31000  316.60670  65.7%   114 8139s

 671089 590731  657.17813  102  130  922.31000  316.60670  65.7%   114 8140s

 672673 592103  640.94472  117  138  922.31000  316.62589  65.7%   114 8167s

 674262 593412  394.82449   96  205  922.31000  316.65158  65.7%   114 8190s

 675722 594095  600.55888  216  145  922.31000  316.65158  65.7%   114 8209s

 676196 594095  504.38491  208  249  922.31000  316.65704  65.7%   114 8210s

 676533 595575  783.60811  242  159  922.31000  316.65704  65.7%   114 8247s

 678511 595892  397.97554   68  228  922.31000  316.65704  65.7%   114 8266s

 678944 596513  538.17846  129  151  922.31000  316.65704  65.7%   114 8290s

 679708 598252  592.58223  140  219  922.31000  316.72114  65.7%   114 8326s

 681638 599077  563.85933   69  108  922.31000  316.72114  65.7%   114 8349s

 682645 599628  363.00663   60  318  922.31000  316.72114  65.7%   114 8368s

 683261 601174  465.25686   97  219  922.31000  316.72114  65.7%   114 8402s

 685046 602921  393.23983  107  226  922.31000  316.74848  65.7%   114 8437s

 686969 604675  328.39843   64  247  922.31000  316.75410  65.7%   114 8462s

 688846 606352  428.56264  152  202  922.31000  316.75410  65.7%   114 8497s

 690645 607278  854.23957  275  180  922.31000  316.75410  65.7%   114 8516s

 691724 609008  383.13435   93  201  922.31000  316.75410  65.7%   114 8550s

 693588 610133  879.13044  294  152  922.31000  316.78571  65.7%   114 8580s

 694769 611640  660.41829  122  177  922.31000  316.78571  65.7%   114 8613s

 696435 612087  718.64698  163  117  922.31000  316.80730  65.7%   114 8628s

 696906 613431  454.19315   64  213  922.31000  316.80730  65.7%   114 8659s

 698463 614457  425.03295   59  230  922.31000  316.82972  65.6%   114 8681s

 699704 615642  348.37049   74  182  922.31000  316.82972  65.6%   114 8711s

 700945 617218  427.62696  163  220  922.31000  316.84636  65.6%   114 8735s

 702690 618113 infeasible  409       922.31000  316.85803  65.6%   114 8756s

 703717 619282  472.95355   94  198  922.31000  316.85803  65.6%   114 8783s

 705049 620101  450.90715   95  208  922.31000  316.88324  65.6%   114 8805s

 705883 621600  485.74575  107  214  922.31000  316.88324  65.6%   114 8833s

 707563 622854  394.91009   57  292  922.31000  316.88324  65.6%   114 8857s

 708964 623216  763.37633  141  176  922.31000  316.88324  65.6%   114 8872s

 709366 624265  392.53089   56  295  922.31000  316.88324  65.6%   114 8902s

 710497 624277  532.79603  105  229  922.31000  316.88324  65.6%   114 8939s

 710509 624289  532.79603  106  229  922.31000  316.88324  65.6%   114 8988s

 710521 624713  535.71057  107  296  922.31000  316.88324  65.6%   114 9037s

 710963 625093  535.71111  108  285  922.31000  316.88324  65.6%   114 9065s

 711417 625712  599.19074  126  125  922.31000  316.88324  65.6%   114 9091s

 712142 627651  702.13770   80  181  922.31000  316.89287  65.6%   114 9139s

 712628 627651  590.11164  112  102  922.31000  316.89287  65.6%   114 9140s

 714432 628157  437.56342   98  164  922.31000  316.94850  65.6%   114 9164s

 714979 629880  569.43404  155  217  922.31000  316.94850  65.6%   114 9203s

 716842 630343     cutoff  126       922.31000  316.94850  65.6%   114 9240s

 717370 630985  378.17201  112  161  922.31000  316.94850  65.6%   114 9264s

 717977 630985  767.67991  237  188  922.31000  316.94850  65.6%   114 9265s

 718097 632865  433.73483  173  166  922.31000  316.94850  65.6%   114 9307s

 720104 634671  451.60599   82  155  922.31000  316.97753  65.6%   114 9349s

 721649 634671  615.99305  210  248  922.31000  316.98224  65.6%   114 9350s

 722060 636388  341.74644   55  255  922.31000  316.98224  65.6%   114 9383s

 723890 638026  535.57311  183  192  922.31000  316.98224  65.6%   114 9423s

 725293 638026  467.69957   95  249  922.31000  316.98224  65.6%   114 9425s

 725675 638547  332.61857   67  295  922.31000  316.98224  65.6%   114 9443s

 726272 640086  349.02801   84  300  922.31000  316.98224  65.6%   114 9480s

 727890 641549  466.11817  155  216  922.31000  317.00757  65.6%   114 9507s

 729597 642422  425.98464  108  198  922.31000  317.02393  65.6%   114 9532s

 730675 643045  376.63583   51  254  922.31000  317.05643  65.6%   114 9578s

 731436 643621  354.84493   52  286  922.31000  317.05643  65.6%   114 9604s

 731561 643621  351.55178   58  284  922.31000  317.05643  65.6%   114 9605s

 732249 645756  552.78235   59  190  922.31000  317.05643  65.6%   114 9656s

 734649 646637  347.94176   71  299  922.31000  317.06894  65.6%   114 9686s

 735819 647070 infeasible  127       922.31000  317.06894  65.6%   114 9707s

 736309 648981  414.25820   88  229  922.31000  317.06894  65.6%   114 9747s

 738379 650197  716.04474  137  197  922.31000  317.06894  65.6%   114 9779s

 739107 650197  846.79322  325  117  922.31000  317.06894  65.6%   114 9780s

 739790 651623  405.02848   73  215  922.31000  317.06894  65.6%   114 9815s

 741492 652107  545.74348   86  214  922.31000  317.15246  65.6%   114 9838s

 742069 653720  377.37517   46  314  922.31000  317.15246  65.6%   114 9878s

 743836 655718  645.95958  164  285  922.31000  317.15246  65.6%   114 9907s

 746001 657081  385.89453   91  199  922.31000  317.15246  65.6%   114 9934s

 747475 657804  496.86353  157  218  922.31000  317.15246  65.6%   114 9961s

 748278 659304  733.34106  225  186  922.31000  317.15246  65.6%   114 10002s

 750155 659599  704.91463   88  222  922.31000  317.18844  65.6%   114 10038s

 750479 661384  410.62489   71  149  922.31000  317.22014  65.6%   114 10081s

 752397 662591  446.59142   72  319  922.31000  317.22383  65.6%   114 10115s

 753778 663312  340.61810   69  212  922.31000  317.23853  65.6%   114 10142s

 754585 664966  527.51903  103  221  922.31000  317.23853  65.6%   114 10181s

 756361 666376  404.73987   78  250  922.31000  317.23853  65.6%   114 10210s

 757936 667835  504.68392  190  224  922.31000  317.23853  65.6%   114 10241s

 759496 669038  834.23800  330  231  922.31000  317.23853  65.6%   114 10268s

 760927 669430  357.91294   89  262  922.31000  317.23853  65.6%   114 10286s

 761405 670773  372.50311   99  219  922.31000  317.23853  65.6%   114 10319s

 762546 670773  855.61741  180  172  922.31000  317.25160  65.6%   114 10320s

 762945 670784  572.67139  211  182  922.31000  317.25160  65.6%   114 10379s

 762957 670916  572.87012  212  196  922.31000  317.25160  65.6%   114 10399s

 763109 670982  608.07815  213  215  922.31000  317.25160  65.6%   114 10416s

 763175 671040  645.45835  213  169  922.31000  317.25160  65.6%   114 10432s

 763255 671184  675.35976  211  200  922.31000  317.25160  65.6%   114 10449s

 763401 671371  745.89149  209  141  922.31000  317.25160  65.6%   114 10468s

 763599 671583  610.20347  214  194  922.31000  317.25160  65.6%   114 10490s

 763864 671782  610.53601  215  202  922.31000  317.25160  65.6%   114 10508s

 764112 672867  610.65942  216  203  922.31000  317.25160  65.6%   114 10537s

 765308 673307  611.11538  217  201  922.31000  317.25160  65.6%   114 10563s

 765900 676382  665.01068  250  158  922.31000  317.25160  65.6%   114 10633s

 767904 676382  339.21348   68  203  922.31000  317.32841  65.6%   114 10635s

 769301 676899  444.37058   70  233  922.31000  317.33861  65.6%   114 10654s

 769911 677852  324.42918   71  176  922.31000  317.33861  65.6%   114 10684s

 771171 679530  387.60814   74  220  922.31000  317.36176  65.6%   114 10722s

 772975 680117  342.60681   55  253  922.31000  317.36390  65.6%   114 10743s

 773649 681316  485.55444   99  189  922.31000  317.36390  65.6%   114 10776s

 774966 682898  326.21483   52  245  922.31000  317.36990  65.6%   114 10812s

 776664 683745  421.59931  139  270  922.31000  317.36990  65.6%   114 10842s

 777640 684762  710.36915  256  189  922.31000  317.36990  65.6%   114 10872s

 778716 685568  426.66223  103  234  922.31000  317.36990  65.6%   114 10895s

 779536 686989  568.49920  201  179  922.31000  317.36990  65.6%   114 10935s

 781104 688557  489.03454   82  165  922.31000  317.40344  65.6%   114 10973s

 782878 689510  429.63899   67  203  922.31000  317.40344  65.6%   114 10996s

 783976 690915  326.78541   53  222  922.31000  317.43451  65.6%   114 11033s

 785517 691359  452.69507  154  244  922.31000  317.43451  65.6%   114 11049s

 785991 692868  602.51385  199  162  922.31000  317.43451  65.6%   114 11087s

 787780 693978  458.98186   92  178  922.31000  317.43863  65.6%   114 11114s

 789044 694894  369.14734   78  194  922.31000  317.47938  65.6%   114 11139s

 790008 696758  473.84938  156  236  922.31000  317.47938  65.6%   114 11169s

 790905 696758  476.50454  158  164  922.31000  317.47938  65.6%   114 11170s

 791966 697422  385.47089   71  238  922.31000  317.47938  65.6%   114 11188s

 792659 697434  447.76448  100  249  922.31000  317.47938  65.6%   114 11240s

 792671 697462  448.14566  101  196  922.31000  317.47938  65.6%   114 11303s

 792699 697913  450.16582  102  179  922.31000  317.47938  65.6%   114 11360s

 793195 698894  453.32393  103  220  922.31000  317.47938  65.6%   114 11390s

 794288 699319  789.67411  215  174  922.31000  317.49732  65.6%   114 11409s

 794733 699319  464.47429   92  286  922.31000  317.49732  65.6%   114 11410s

 794798 700690  372.85776   62  226  922.31000  317.49732  65.6%   114 11447s

 796336 702349  364.42091   52  220  922.31000  317.51603  65.6%   114 11486s

 798097 702761  693.02999  162  186  922.31000  317.51603  65.6%   114 11505s

 798567 703934  340.18189   58  280  922.31000  317.51603  65.6%   114 11546s

 799907 704827  405.54484   68  212  922.31000  317.55189  65.6%   114 11577s

 800919 706205  562.19040   73  197  922.31000  317.55189  65.6%   114 11606s

 802359 707945  420.81978   68  123  922.31000  317.55189  65.6%   114 11643s

 803817 707945  537.89676  185  219  922.31000  317.55189  65.6%   114 11645s

 804290 708285  457.38916   84  185  922.31000  317.55189  65.6%   114 11658s

 804763 709317  811.29934  153  120  922.31000  317.55189  65.6%   114 11684s

 805901 709649  483.74070   90  106  922.31000  317.55189  65.6%   114 11702s

 806284 710480  352.67387   49  194  922.31000  317.55189  65.6%   114 11730s

 807323 710859  834.99523   78  157  922.31000  317.55189  65.6%   114 11751s

 807822 712050  434.06027   92  221  922.31000  317.55189  65.6%   114 11786s

 809278 712588  711.47075  128   77  922.31000  317.55189  65.6%   114 11810s

 809887 714193  358.96175   49  194  922.31000  317.62852  65.6%   114 11851s

 811790 715918  392.58190   63  149  922.31000  317.63617  65.6%   114 11880s

 813633 717344  830.19991  260  150  922.31000  317.63617  65.6%   114 11917s

 815254 718489  890.42253  210  169  922.31000  317.63617  65.6%   114 11941s

 816464 718888  389.52079   60  195  922.31000  317.63617  65.6%   114 11960s

 816935 720299  479.61070   95  236  922.31000  317.63617  65.6%   114 11993s

 818009 720299  395.50225  110  184  922.31000  317.63617  65.6%   114 11995s

 818426 721676  829.18497  297  155  922.31000  317.63617  65.6%   114 12023s

 820024 722760  607.69831   91  142  922.31000  317.68459  65.6%   114 12051s

 821434 723939  374.69091   73  367  922.31000  317.68459  65.6%   114 12089s

 821558 723939  428.44239   87  148  922.31000  317.68459  65.6%   114 12090s

 822834 724444  819.05490  197  142  922.31000  317.68459  65.6%   114 12106s

 823396 725907  442.65092   87  134  922.31000  317.68459  65.6%   114 12147s

 825006 727542  421.47105   57  191  922.31000  317.71308  65.6%   114 12178s

 826684 727542  530.54629  135  144  922.31000  317.71308  65.6%   114 12180s

 826718 728877  821.10733  206  183  922.31000  317.71308  65.6%   114 12211s

 828176 730285  552.37350  111  206  922.31000  317.71562  65.6%   114 12240s

 829750 730624  402.38234  113  183  922.31000  317.72734  65.6%   114 12255s

 830119 732037  463.45295  169  184  922.31000  317.72734  65.6%   114 12291s

 831695 732892  530.22363   68  191  922.31000  317.76704  65.5%   114 12316s

 832735 733704  354.21871   70  213  922.31000  317.76704  65.5%   114 12345s

 833779 734869  470.19640   99  161  922.31000  317.76963  65.5%   114 12384s

 834780 734869  427.38954   58  273  922.31000  317.77969  65.5%   114 12385s

 835124 736121  418.39634   68  256  922.31000  317.77969  65.5%   114 12414s

 836481 736624  344.24014   59  319  922.31000  317.77969  65.5%   114 12439s

 836712 736624  853.47643  212  163  922.31000  317.77969  65.5%   114 12440s

 837083 736958  453.97318   67  184  922.31000  317.77969  65.5%   114 12460s

 837544 738046  392.29712   51  244  922.31000  317.77969  65.5%   114 12491s

 838699 739389  529.77249  128  247  922.31000  317.77969  65.5%   114 12525s

 840169 739865  746.22582  269  250  922.31000  317.77969  65.5%   114 12551s

 840738 742891  364.40084   59  222  922.31000  317.81972  65.5%   114 12634s

 841308 742891  463.71480   74  170  922.31000  317.81972  65.5%   114 12635s

 844164 743339  367.34304   65  198  922.31000  317.86612  65.5%   114 12657s

 844715 744477  541.13635   95  145  922.31000  317.86749  65.5%   114 12684s

 845390 744477  702.45884  105  186  922.31000  317.86781  65.5%   114 12685s

 845961 745807  510.37909   76  211  922.31000  317.86781  65.5%   114 12723s

 847412 746355  608.10443  154  186  922.31000  317.88562  65.5%   114 12746s

 848034 747751 infeasible  211       922.31000  317.88562  65.5%   114 12787s

 849614 748618  548.44645  131  160  922.31000  317.88562  65.5%   114 12817s

 850647 750270  402.41412  108  233  922.31000  317.88562  65.5%   114 12854s

 852355 751189  820.35075  290  210  922.31000  317.88562  65.5%   114 12885s

 853469 751813  714.14146   98  188  922.31000  317.91656  65.5%   114 12912s

 854191 752591  471.70459  122  194  922.31000  317.91656  65.5%   114 12943s

 855194 752950  452.18150   63  172  922.31000  317.94652  65.5%   114 12961s

 855569 753354  533.60872   66  147  922.31000  317.94652  65.5%   115 12986s

 856112 753860  631.92968   81   97  922.31000  317.94652  65.5%   115 13017s

 856827 754271  739.93218   91   69  922.31000  317.94652  65.5%   115 13044s

 857069 754271  576.62865   77  292  922.31000  317.94652  65.5%   115 13045s

 857439 755492  337.26595   60  288  922.31000  317.94652  65.5%   115 13085s

 858951 755789  509.43665  114  188  922.31000  317.94652  65.5%   115 13111s

 859277 758941  508.13095  137  164  922.31000  317.94652  65.5%   115 13220s

 863015 759608  365.64309   51  204  922.31000  317.97385  65.5%   115 13258s

 863813 761366  764.89627  109  160  922.31000  317.97385  65.5%   115 13312s

 865907 763104  329.78284   58  252  922.31000  318.00460  65.5%   115 13368s

 867493 763104  689.65082  172  126  922.31000  318.01231  65.5%   115 13370s

 867898 764321  469.07563   88  193  922.31000  318.01231  65.5%   115 13408s

 869280 764836  373.20971   65  217  922.31000  318.02321  65.5%   115 13432s

 869852 764848  541.34404  103  190  922.31000  318.02321  65.5%   115 13516s

 869864 764938  620.26884  104  185  922.31000  318.02321  65.5%   115 13610s

 869980 765968  858.57329  124  134  922.31000  318.04026  65.5%   115 13669s

 871261 767208  378.36380   74  232  922.31000  318.04026  65.5%   115 13711s

 872688 767724  641.51474  186  226  922.31000  318.05439  65.5%   115 13737s

 873302 769249  757.04085  258  159  922.31000  318.05439  65.5%   115 13789s

 874982 769719  550.79454  133  183  922.31000  318.06307  65.5%   115 13829s

 875136 769719  382.42983  101  233  922.31000  318.06307  65.5%   115 13830s

 875472 770941  552.16334  134  171  922.31000  318.06307  65.5%   115 13870s

 876897 772005  346.02077   71  243  922.31000  318.06307  65.5%   115 13906s

 878167 772482  369.62817   87  260  922.31000  318.06307  65.5%   115 13939s

 878793 773556  398.84833   92  255  922.31000  318.06307  65.5%   115 13981s

 880047 773935     cutoff  103       922.31000  318.06307  65.5%   115 14023s

 880525 774543 infeasible  108       922.31000  318.06307  65.5%   115 14059s

 881019 774543  637.41885  109  205  922.31000  318.08755  65.5%   115 14060s

 881253 776348  501.73439  121  235  922.31000  318.08755  65.5%   115 14126s

 883297 777670  429.28242   46  293  922.31000  318.14428  65.5%   115 14177s

 884846 778106 infeasible   74       922.31000  318.14428  65.5%   115 14210s

 885452 779801  643.49476   87  115  922.31000  318.15932  65.5%   115 14268s

 887450 780456  809.55211  177  187  922.31000  318.17429  65.5%   115 14304s

 888148 781162  493.35678   64  201  922.31000  318.17429  65.5%   115 14361s

 888924 782223  554.01855   71  167  922.31000  318.17429  65.5%   115 14400s



Cutting planes:

  Learned: 22

  Gomory: 26

  Lift-and-project: 6

  Cover: 235

  Implied bound: 540

  Projected implied bound: 10

  Clique: 504

  MIR: 477

  Mixing: 45

  StrongCG: 339

  Flow cover: 1014

  GUB cover: 17

  Inf proof: 8

  Zero half: 1938

  RLT: 121

  Relax-and-lift: 687

  PSD: 1



Explored 890074 nodes (102740009 simplex iterations) in 14402.91 seconds (9192.94 work units)

Thread count was 20 (of 20 available processors)



Solution count 10: 922.31 922.7 926.91 ... 959.47



Time limit reached

Best objective 9.223100000000e+02, best bound 3.181742857143e+02, gap 65.5025%



AMPL MP initial flat model has 10051 variables (0 integer, 9972 binary);

Objectives: 1 quadratic; 

Constraints:  2458 linear; 11 quadratic;



AMPL MP final model has 10051 variables (0 integer, 9972 binary);

Objectives: 1 quadratic; 

Constraints:  2458 linear; 11 quadratic;





-----RESULTS INFO-----
running_time:  14435.312
TC.best_bound:  318.1742857142856
TC:  922.3099999999998
MIP Gap (%):  65.50245733925843
=== Vehicle Routes ===
Vehicle 1: 0  1
Vehicle 1: 1  54
Vehicle 1: 3  56
Vehicle 1: 9  3
Vehicle 1: 11  15
Vehicle 1: 15  9
Vehicle 1: 54  11
Vehicle 2: 0  2
Vehicle 2: 2  4
Vehicle 2: 4  10
Vehicle 2: 10  39
Vehicle 2: 33  43
Vehicle 2: 39  33
Vehicle 2: 43  56
Vehicle 3: 0  6
Vehicle 3: 5  56
Vehicle 3: 6  50
Vehicle 3: 50  53
Vehicle 3: 53  5
Vehicle 4: 0  7
Vehicle 4: 7  12
Vehicle 4: 12  14
Vehicle 4: 13  56
Vehicle 4: 14  13
Vehicle 5: 0  8
Vehicle 5: 8  55
Vehicle 5: 55  56
Vehicle 6: 0  41
Vehicle 6: 41  52
Vehicle 6: 52  56
Vehicle 7: 0  49
Vehicle 7: 49  56

=== Full Vehicle Routes ===
Vehicle 1: 0  1  54  11  15  9  3  0 (96<100)
Vehicle 2: 0  2  4  10  39  33  43  0 (87<100)
Vehicle 3: 0  6  50  53  5  0 (92<100)
Vehicle 4: 0  7  12  14  13  0 (58<100)
Vehicle 5: 0  8  55  0 (97<100)
Vehicle 6: 0  41  52  0 (100<100)
Vehicle 7: 0  49  0 (96<100)
Arc used by MRT line: y variables:
MRT used: 49  48
MRT used: 50  51
Customer assigment to PL: u variables:
16 48
17 52
18 48
19 51
20 51
21 52
22 48
23 54
24 51
25 49
26 52
27 53
28 52
29 51
30 51
31 48
32 55
34 55
35 55
36 48
37 52
38 54
40 52
42 52
44 49
45 52
46 49
47 55
Node is served by regular vehicle: g variables:
1
2
3
4
5
6
7
8
9
10
11
12
13
14
15
33
39
41
43
54
55
49
50
52
53
Customer assigment to Home delivery: gm variables:
1
2
3
4
5
6
7
8
9
10
11
12
13
14
15
33
39
41
43
Node total demands: ntd variables:
1 11 1
2 23 1
3 7 1
4 13 1
5 15 1
6 14 1
7 12 1
8 13 1
9 3 1
10 9 1
11 16 1
12 2 1
13 22 1
14 22 1
15 24 1
32 0 0
33 12 1
34 0 0
35 0 0
36 0 0
37 0 0
38 0 0
39 14 1
40 0 0
41 10 1
42 0 0
43 16 1
44 0 0
45 0 0
46 0 0
47 0 0
54 35 1
55 84 1
48 0 0
49 96 1
50 49 1
51 0 0
52 90 1
53 14 1
Customer's demand delivered to PL: l variables:
16
17
18
19
20
21
22
23
24
25
26
27
28
29
30
31
32
34
35
36
37
38
40
42
44
45
46
47
Lockers load <= capacity:
35 <= 92
84 <= 93
64 <= 83
32 <= 92
0 <= 75
49 <= 95
90 <= 90
14 <= 84
