Gurobi 12.0.3:   lim:time = 14400

  mip:bestbound = 1

Set parameter LogToConsole to value 1

  tech:outlev = 1

Set parameter Cuts to value 3

  cut:cuts = 3

Set parameter Presolve to value 2

  pre:solve = 2

Set parameter MIPFocus to value 2

  mip:focus = 2

Set parameter Symmetry to value 2

  mip:symmetry = 2

Set parameter InfUnbdInfo to value 1

Gurobi Optimizer version 12.0.3 build v12.0.3rc0 (win64 - Windows 10.0 (19045.2))



CPU model: Intel(R) Core(TM) i7-10700 CPU @ 2.90GHz, instruction set [SSE2|AVX|AVX2]

Thread count: 8 physical cores, 16 logical processors, using up to 16 threads



Non-default parameters:

TimeLimit  14400

MIPFocus  2

Symmetry  2

Cuts  3

InfUnbdInfo  1

Presolve  2



Optimize a model with 2255 rows, 9015 columns and 56669 nonzeros

Model fingerprint: 0xd121b962

Model has 2 quadratic objective terms

Model has 9 quadratic constraints

Variable types: 76 continuous, 8939 integer (0 binary)

Coefficient statistics:

  Matrix range     [1e+00, 1e+05]

  QMatrix range    [1e+00, 1e+00]

  QLMatrix range   [1e+00, 2e+01]

  Objective range  [2e+00, 1e+02]

  QObjective range [2e+00, 2e+00]

  Bounds range     [1e+00, 1e+02]

  RHS range        [1e+00, 1e+05]

  QRHS range       [1e+02, 1e+02]

Presolve removed 118 rows and 309 columns

Presolve time: 1.54s

Presolved: 7625 rows, 14182 columns, 68858 nonzeros

Variable types: 517 continuous, 13665 integer (12223 binary)

Root relaxation presolve removed 1 rows and 1 columns

Root relaxation presolved: 7621 rows, 14180 columns, 112646 nonzeros



Deterministic concurrent LP optimizer: primal and dual simplex

Showing primal log only...



Concurrent spin time: 0.04s



Solved with dual simplex



Root relaxation: objective 1.949884e+02, 744 iterations, 0.19 seconds (0.20 work units)



    Nodes    |    Current Node    |     Objective Bounds      |     Work

 Expl Unexpl |  Obj  Depth IntInf | Incumbent    BestBd   Gap | It/Node Time



     0     0  194.98844    0  183          -  194.98844      -     -    4s

     0     0  241.15459    0  317          -  241.15459      -     -    6s

     0     0  241.15459    0  141          -  241.15459      -     -    6s

     0     0  241.15459    0  142          -  241.15459      -     -    6s

H    0     0                    1580.4900000  241.16261  84.7%     -    7s

     0     0  241.16261    0  198 1580.49000  241.16261  84.7%     -    7s

H    0     0                    1578.6600000  252.75070  84.0%     -    8s

     0     0  252.75070    0  418 1578.66000  252.75070  84.0%     -    8s

     0     0  252.75736    0  167 1578.66000  252.75736  84.0%     -    8s

     0     0  253.42027    0  146 1578.66000  253.42027  83.9%     -    9s

H    0     0                    1534.4300000  253.42027  83.5%     -    9s

     0     0  253.73961    0  169 1534.43000  253.73961  83.5%     -    9s

     0     0  254.78619    0  192 1534.43000  254.78619  83.4%     -   10s

H    0     0                    1526.1000000  254.78619  83.3%     -   10s

     0     0  255.14240    0  227 1526.10000  255.14240  83.3%     -   11s

     0     0  255.29129    0  212 1526.10000  255.29129  83.3%     -   11s

H    0     0                    1521.0700000  255.29129  83.2%     -   12s

     0     0  255.29129    0  212 1521.07000  255.29129  83.2%     -   12s

     0     2  255.29139    0  212 1521.07000  255.29139  83.2%     -   12s

H   51    56                    1512.7400000  255.66995  83.1%   365   14s

    55    77  261.00522    7  147 1512.74000  255.66995  83.1%   366   15s

H  107   126                    1477.5900000  255.66995  82.7%   323   16s

H  142   145                    1417.2900000  255.66995  82.0%   322   16s

H  187   190                    1401.5700000  255.66995  81.8%   300   17s

H  235   250                    1353.7400000  255.66995  81.1%   294   18s

H  271   277                    1348.9700000  255.66995  81.0%   275   18s

   338   345  276.73432   29  311 1348.97000  255.66995  81.0%   270   20s

H  367   368                    1334.8900000  255.66995  80.8%   263   20s

H  407   418                    1318.6700000  255.66995  80.6%   254   21s

H  466   489                    1178.0800000  255.66995  78.3%   248   22s

H  525   525                    1163.8400000  255.66995  78.0%   239   23s

H  595   623                    1162.2900000  255.66995  78.0%   229   24s

H  615   623                    1154.5300000  255.66995  77.9%   226   24s

   637   675  325.52126   54  223 1154.53000  255.66995  77.9%   229   25s

H  693   699                    1150.1100000  255.66995  77.8%   224   25s

H  699   699                    1126.2300000  255.66995  77.3%   222   25s

H  704   699                    1121.7100000  255.66995  77.2%   222   25s

H  709   699                    1112.3900000  255.66995  77.0%   221   25s

H  786   784                    1095.0900000  255.66995  76.7%   214   26s

H  796   784                    1058.8000000  255.66995  75.9%   213   26s

H 1200  1194                    1055.4800000  255.66995  75.8%   177   28s

  1545  1570  405.61909  111  184 1055.48000  255.66995  75.8%   154   30s

H 2041  1951                    1033.8600000  255.66995  75.3%   140   32s

  2116  1990  450.93822  161  126 1033.86000  255.66995  75.3%   140   35s

H 2128  2007                    1032.3800000  255.66995  75.2%   140   35s

H 2146  2069                    1017.9400000  255.66995  74.9%   140   36s

H 2254  2213                    1015.6900000  255.66995  74.8%   138   37s

H 2540  2443                    1011.0600000  255.66995  74.7%   134   38s

H 2629  2443                    1001.9000000  255.66995  74.5%   131   38s

  2659  2444  310.98967   49 2978 1001.90000  255.66995  74.5%   131   42s

  2662  2446  303.85232   26  158 1001.90000  255.66995  74.5%   131   45s

  2663  2447  574.10851  180  185 1001.90000  255.66995  74.5%   131   50s

  2664  2447  284.44839   22  183 1001.90000  256.31403  74.4%   131   59s

H 2664  2324                     998.1200000  257.60712  74.2%   131   66s

  2666  2326  339.83856   83  204  998.12000  259.02951  74.0%   131   75s

  2670  2328  738.45028  258  359  998.12000  259.35809  74.0%   131   81s

  2673  2330  467.09159  171  366  998.12000  259.80348  74.0%   131   86s

  2675  2332  274.91127   18  434  998.12000  260.13752  73.9%   131   90s

  2678  2334  269.56002    9  447  998.12000  261.48668  73.8%   131   95s

H 2678  2217                     996.4600000  261.57631  73.7%   131   97s

H 2678  2106                     991.3500000  261.57631  73.6%   131   97s

  2681  2108  336.63424   48  445  991.35000  262.17292  73.6%   130  100s

  2684  2110  565.62243  155  480  991.35000  262.64163  73.5%   130  106s

  2687  2112  550.65624  141  436  991.35000  262.98817  73.5%   130  111s

  2689  2113  592.97903  182  326  991.35000  263.25967  73.4%   130  115s

  2696  2118  281.55045   25  461  991.35000  264.80007  73.3%   130  120s

  2704  2123  276.56291   27  480  991.35000  265.04432  73.3%   129  125s

H 2707  2018                     991.0000000  265.12452  73.2%   129  129s

  2709  2019  271.79963   27  500  991.00000  265.12452  73.2%   129  130s

  2717  2025  359.36537   62  509  991.00000  265.62278  73.2%   129  135s

  2725  2030  319.01546   31  530  991.00000  265.63230  73.2%   128  140s

  2733  2035  451.54814  164  532  991.00000  265.64378  73.2%   128  145s

  2743  2043  345.99150   54  185  991.00000  265.64378  73.2%   139  151s

  2746  2045  404.69354  110  291  991.00000  265.64378  73.2%   139  155s

  2749  2047  396.01576  110  389  991.00000  265.64378  73.2%   138  161s

  2751  2049  644.52632  281  460  991.00000  265.64378  73.2%   138  165s

  2753  2050  326.37236   56  470  991.00000  265.64378  73.2%   138  170s

  2756  2052  558.79805  219  478  991.00000  265.70706  73.2%   138  177s

  2758  2053  420.10146   53  456  991.00000  267.02493  73.1%   138  180s

  2761  2055  422.18040   59  451  991.00000  267.02493  73.1%   138  186s

H 2762  1952                     987.5100000  267.02493  73.0%   138  190s

H 2766  1857                     975.6500000  267.02493  72.6%   138  194s

  2768  1858  660.12069  300  460  975.65000  267.02493  72.6%   137  195s

  2774  1862  358.22201   50  508  975.65000  267.28182  72.6%   137  200s

  2780  1866  563.35089  228  494  975.65000  267.88690  72.5%   137  205s

  2786  1870  450.83124   83  539  975.65000  267.88690  72.5%   137  210s

  2791  1873  355.71791   71  522  975.65000  267.90918  72.5%   136  215s

  2799  1879  357.97255   75  520  975.65000  267.90918  72.5%   136  220s

  2807  1884  526.15890  160  516  975.65000  268.16015  72.5%   136  225s

  2815  1889  444.85174  116  529  975.65000  268.16015  72.5%   135  230s

  2824  1895  558.17098  209  513  975.65000  268.16015  72.5%   135  235s

  2832  1901  593.70604  192  433  975.65000  268.16626  72.5%   134  240s

  2840  1906  268.16626    4  489  975.65000  268.16626  72.5%   134  245s

  2848  1911  297.10615   28  450  975.65000  268.16626  72.5%   134  250s

  2858  1918  420.10146   53  447  975.65000  269.16912  72.4%   133  256s

  2873  1937  276.55620   26  318  975.65000  275.52875  71.8%   148  260s

  2938  1982  277.43380   31  305  975.65000  275.52921  71.8%   155  265s

  3015  2029  280.55666   35  191  975.65000  275.52921  71.8%   169  270s

  3119  2099  281.65056   41  212  975.65000  275.52921  71.8%   179  275s

  3235  2183  283.81362   47  318  975.65000  275.52921  71.8%   188  280s

  3335  2252  285.28264   51  256  975.65000  275.52921  71.8%   197  285s

  3466  2336  302.44558   57  309  975.65000  275.52921  71.8%   206  290s

  3601  2439  315.13988   62  200  975.65000  275.52921  71.8%   215  295s

H 3659  2337                     957.5800000  275.52921  71.2%   216  299s

  3662  2373 infeasible   65       957.58000  275.52921  71.2%   216  300s

  3794  2408  356.21032   72  166  957.58000  275.52921  71.2%   224  306s

  3850  2461  314.94736   77  258  957.58000  275.68616  71.2%   230  310s

  4044  2599  321.40624   87  255  957.58000  275.68616  71.2%   236  315s

  4190  2661  325.16913   93  248  957.58000  275.68616  71.2%   240  320s

  4491  2844  328.33287  104  239  957.58000  275.71987  71.2%   243  327s

  4707  2938  496.77795  114  181  957.58000  275.71987  71.2%   245  332s

  4797  3025  449.52734  117  192  957.58000  275.97057  71.2%   245  335s

  5248  3146  457.28958  138  166  957.58000  275.97057  71.2%   239  340s

  5599  3381  500.13695  159  174  957.58000  276.43876  71.1%   238  345s

  6124  3878  532.16054  200  134  957.58000  276.43876  71.1%   229  351s

  6770  4308  532.13456   73  117  957.58000  276.55846  71.1%   218  357s

  7267  4290  277.73435   28  258  957.58000  276.55846  71.1%   209  360s

  7525  4356  413.35879   31  214  957.58000  276.55846  71.1%   208  367s

  7636  4516  277.96310   33  239  957.58000  276.55846  71.1%   209  370s

  8028  4590  286.07632   47  222  957.58000  276.55846  71.1%   209  377s

  8074  4767  347.83580   53  170  957.58000  276.55846  71.1%   210  381s

  8794  5262  408.10240   73  158  957.58000  277.08890  71.1%   205  388s

  9026  5540  438.69432   80  133  957.58000  277.08890  71.1%   205  392s

  9349  5924  450.08661   88  212  957.58000  277.08890  71.1%   204  396s

  9827  6028  484.05554  106  150  957.58000  277.14916  71.1%   201  400s

  9994  6367  490.20689  113  132  957.58000  277.14916  71.1%   201  409s

 10316  6939  649.55794  123  122  957.58000  277.19579  71.1%   199  414s

 11003  7507  398.91684   61  172  957.58000  277.19579  71.1%   195  418s

 11655  7745  314.55822   37  176  957.58000  277.96067  71.0%   193  423s

 11916  8374  454.69728   67  214  957.58000  277.96067  71.0%   192  428s

 12656  8594  344.89859   41  176  957.58000  278.08114  71.0%   190  434s

 12928  9618  608.72221   52  130  957.58000  278.08114  71.0%   192  439s

 14171  9911  761.13273  166  115  957.58000  278.13886  71.0%   185  444s

 14573 10839  313.23186   56  229  957.58000  278.45157  70.9%   185  453s

 15654 10957  761.05916  136  117  957.58000  278.45157  70.9%   182  457s

 15788 11567 infeasible  133       957.58000  278.45157  70.9%   182  461s

 16557 11734  370.47173   49  244  957.58000  278.45157  70.9%   180  465s

 16764 11742  409.08159   67  239  957.58000  278.57213  70.9%   180  470s

 16791 12049  409.18567   69  253  957.58000  278.57213  70.9%   180  478s

 17131 12733  898.11340  105  143  957.58000  278.57213  70.9%   179  483s

 17906 12819  704.01755  121  121  957.58000  278.57213  70.9%   177  489s

 18034 13039  936.63284  144   87  957.58000  278.57213  70.9%   177  494s

 18293 13815  373.20319   63  172  957.58000  278.57213  70.9%   177  500s

 19173 14168  325.03034   52  171  957.58000  278.57213  70.9%   175  505s

 19570 14884  344.05639   72  225  957.58000  279.26770  70.8%   175  512s

 20365 14980  426.91467  129  155  957.58000  279.26770  70.8%   173  517s

 20513 14992  356.12073   58  196  957.58000  279.26770  70.8%   173  524s

 20549 15038  546.91999   62  121  957.58000  279.26770  70.8%   173  531s

 20612 15306  677.93060   88   85  957.58000  279.26770  70.8%   173  538s

H20632 15298                     949.7900000  279.26770  70.6%   173  538s

 20950 15712  317.74188   37  314  949.79000  279.30705  70.6%   172  545s

 21423 16162  543.73959   76  171  949.79000  279.30705  70.6%   172  552s

 22040 17314  307.39626   55  211  949.79000  279.50101  70.6%   171  561s

 23348 17773 infeasible   79       949.79000  279.80636  70.5%   168  568s

 23896 19134  700.54381   87  150  949.79000  279.80636  70.5%   167  576s

 25499 19576 infeasible   77       949.79000  280.08998  70.5%   164  583s

 26015 20363  505.17027   45  173  949.79000  280.08998  70.5%   164  591s

 27012 20479  512.83814   46  129  949.79000  280.18778  70.5%   163  599s

H27013 20477                     948.6400000  280.18778  70.5%   163  599s

H27046 20474                     946.7700000  280.18778  70.4%   163  599s

H27118 20466                     942.7900000  280.18778  70.3%   163  599s

 27150 20871  511.05556   46  176  942.79000  280.18778  70.3%   163  606s

 27672 22016  292.45176   55  263  942.79000  280.40459  70.3%   163  615s

 29010 23379  359.50876   50  147  942.79000  280.59636  70.2%   161  628s

 30645 23598  517.21013   77  232  942.79000  280.95641  70.2%   160  634s

 30969 23868  518.23329   78  203  942.79000  280.95641  70.2%   160  640s

 31294 24783  287.26210   36  155  942.79000  281.02750  70.2%   160  647s

 32436 25312  313.46732   43  232  942.79000  281.13644  70.2%   159  653s

 33130 26256  399.65834   51  253  942.79000  281.20996  70.2%   160  660s

 34265 26380  443.24318   59  132  942.79000  281.37803  70.2%   159  666s

 34403 26828  459.30223   62  106  942.79000  281.37803  70.2%   159  673s

 34995 27909  290.13185   38  190  942.79000  281.71604  70.1%   159  680s

 36245 28216  360.41336   63  230  942.79000  281.91748  70.1%   158  687s

 36589 29335  528.43904  103  165  942.79000  281.91748  70.1%   158  693s

 37897 29909  436.46132  115  173  942.79000  282.10767  70.1%   157  701s

 38567 30392  301.56024   44  230  942.79000  282.12770  70.1%   157  708s

 39136 31275  357.13421   49  185  942.79000  282.12770  70.1%   156  715s

 40252 31900  284.25975   38  219  942.79000  282.12770  70.1%   156  722s

 40970 32704  658.14728  111  145  942.79000  282.12770  70.1%   155  728s

 41928 33210 infeasible   87       942.79000  282.62054  70.0%   156  735s

 42523 33893  493.76191  103  204  942.79000  282.65589  70.0%   156  742s

 43361 34327  292.60772   51  225  942.79000  282.69240  70.0%   156  748s

 43855 36330  569.22106  112  129  942.79000  282.69240  70.0%   156  760s

 46766 36983  312.86105   43  264  942.79000  283.04791  70.0%   153  768s

 46938 37617  344.35719   52  191  942.79000  283.04791  70.0%   153  772s

 47716 37765  453.55008   88  156  942.79000  283.05523  70.0%   153  777s

 47864 38515  464.03096   97  148  942.79000  283.05523  70.0%   153  782s

 48822 38706  386.73572   68  215  942.79000  283.20199  70.0%   153  787s

 49067 39377  576.03198   82  160  942.79000  283.20199  70.0%   153  792s

 49886 39708  880.24366  105  130  942.79000  283.20199  70.0%   153  797s

 50320 40425  386.24322   56  262  942.79000  283.20199  70.0%   152  802s

 51131 40571  907.44640  191  133  942.79000  283.20199  70.0%   152  808s

 51324 41204  404.18870   58  177  942.79000  283.20199  70.0%   153  813s

 52188 41420  311.10814   53  217  942.79000  283.56568  69.9%   152  819s

 52439 42431  353.60126   67  173  942.79000  283.56568  69.9%   152  825s

 53651 42680  705.98996  151   80  942.79000  283.73761  69.9%   152  830s

 53979 43489  389.27741   63  256  942.79000  283.80853  69.9%   152  835s

 54865 43497  361.82955   56  181  942.79000  283.81119  69.9%   151  843s

 54873 43520  377.73029   57  182  942.79000  283.81119  69.9%   151  849s

 54896 43566  377.73289   58  180  942.79000  283.81119  69.9%   151  854s

 54942 43688  378.59181   59  198  942.79000  283.81119  69.9%   151  860s

 55081 43752  378.94341   60  190  942.79000  283.81119  69.9%   151  865s

 55145 44056  421.92824   74  140  942.79000  283.81119  69.9%   151  871s

 55472 44806  862.91706  149  105  942.79000  283.82753  69.9%   151  877s

 56367 45097  472.56788   65  155  942.79000  283.91171  69.9%   151  882s

 56703 45970  325.50484   54  293  942.79000  283.94964  69.9%   152  888s

 57743 46252  299.35978   41  223  942.79000  284.10714  69.9%   151  894s

 58038 47186  384.77433   61  224  942.79000  284.10714  69.9%   151  901s

 59162 48420  927.39656  213   98  942.79000  284.10714  69.9%   150  912s

 60571 48562  364.29348   77  192  942.79000  284.16469  69.9%   150  918s

 60715 49583  514.72210  118  163  942.79000  284.16469  69.9%   150  925s

 61948 49853  394.23581   69  172  942.79000  284.34056  69.8%   149  931s

 62277 50742  360.45823   43  178  942.79000  284.34056  69.8%   150  937s

 63323 51021  817.87067  178   97  942.79000  284.44658  69.8%   149  943s

 63636 52132  348.03364   72  236  942.79000  284.46296  69.8%   150  950s

 64907 52843  393.84560   43  196  942.79000  284.59168  69.8%   149  956s

 65710 53523  485.49025   55  136  942.79000  284.60175  69.8%   148  963s

 66516 53865  397.82549   75  240  942.79000  284.69486  69.8%   148  968s

 66878 54353  666.58182  114  127  942.79000  284.69486  69.8%   148  975s

 67484 54953  485.38357   38  171  942.79000  284.73031  69.8%   149  981s

 68271 55534  792.31170   80  143  942.79000  284.79435  69.8%   149  987s

 68953 55830  300.16522   54  225  942.79000  284.79435  69.8%   149  994s

 69300 56075  639.87049  111  111  942.79000  284.79435  69.8%   149 1001s

 69564 56722     cutoff  102       942.79000  284.85529  69.8%   149 1007s

 70359 57213  607.02709  130  133  942.79000  284.85955  69.8%   149 1014s

 70927 58107  335.71807   61  243  942.79000  284.91786  69.8%   149 1021s

 71993 58448  407.52014   75  229  942.79000  284.96417  69.8%   149 1027s

 72348 59522  538.39552  124  122  942.79000  284.96417  69.8%   149 1034s

 73678 60692  348.25145   55  230  942.79000  284.96417  69.8%   149 1045s

 75109 61042  490.73747   55  145  942.79000  285.10228  69.8%   149 1051s

 75515 61958  321.93353   45  303  942.79000  285.12907  69.8%   149 1057s

 76601 62748  339.72912   49  241  942.79000  285.19344  69.8%   149 1063s

 77501 63065  311.92606   47  212  942.79000  285.19344  69.8%   148 1068s

 77853 63874  371.24367   78  288  942.79000  285.19344  69.8%   148 1075s

 78823 64713  645.43461  179  172  942.79000  285.24377  69.7%   148 1081s

 79856 65060  358.86199   51  310  942.79000  285.44350  69.7%   148 1088s

 80268 65954  438.78195   76  281  942.79000  285.44350  69.7%   148 1094s

 81319 66768  312.28379   49  358  942.79000  285.62859  69.7%   148 1099s

 82184 66908  516.50039  138  116  942.79000  285.62859  69.7%   148 1105s

 82399 67208  296.64115   43  310  942.79000  285.62859  69.7%   148 1112s

 82743 67540  438.36125   57  197  942.79000  285.64378  69.7%   148 1118s

 83172 68617  832.88350   83  175  942.79000  285.64378  69.7%   148 1125s

 84420 68958  311.67893   47  233  942.79000  285.64378  69.7%   148 1131s

 84813 69801  378.70361   61  232  942.79000  285.64378  69.7%   148 1138s

 85795 70364  302.28245   58  310  942.79000  285.64378  69.7%   148 1145s

 86475 70646  601.18856  157  179  942.79000  285.64378  69.7%   148 1152s

 86841 71122  360.25098   48  199  942.79000  285.86516  69.7%   148 1158s

 87443 71995  294.63582   47  241  942.79000  285.88426  69.7%   148 1165s

 88427 72595  479.95363  118  135  942.79000  285.88426  69.7%   148 1176s

 89075 74109  546.16509   66  136  942.79000  285.88426  69.7%   148 1188s

 90874 74764  288.54273   46  213  942.79000  286.06291  69.7%   147 1195s

 91615 75112  564.78273   70  219  942.79000  286.06291  69.7%   147 1202s

 92049 75789  645.58446  111  169  942.79000  286.06291  69.7%   147 1210s

 93011 76464  313.57212   44  243  942.79000  286.17300  69.6%   147 1217s

 93825 76915  335.10429   77  133  942.79000  286.22304  69.6%   147 1224s

 94302 77316  584.54095  156  178  942.79000  286.22304  69.6%   147 1231s

 94748 78495  345.27244   48  182  942.79000  286.22688  69.6%   147 1239s

 96085 78863  293.85258   59  242  942.79000  286.30026  69.6%   147 1246s

 96512 79822  417.34075   97  186  942.79000  286.30026  69.6%   147 1254s

 97599 80873  313.38761   61  177  942.79000  286.38657  69.6%   147 1262s

 98860 81419  293.68580   44  300  942.79000  286.43544  69.6%   147 1268s

 99493 82068  289.35979   50  337  942.79000  286.46738  69.6%   147 1275s

 100224 82993  403.62315   90  200  942.79000  286.46738  69.6%   147 1283s

 101287 83766  473.71145   88  142  942.79000  286.56171  69.6%   146 1290s

 102190 84667  529.20683   62  165  942.79000  286.57739  69.6%   146 1297s

 103220 85138  583.82077  155  122  942.79000  286.66999  69.6%   146 1308s

 103737 87137  354.78001   61  359  942.79000  286.66999  69.6%   146 1322s

 106088 87941  645.27260  135  169  942.79000  286.72621  69.6%   146 1328s

 106970 88346  318.36390   51  188  942.79000  286.73167  69.6%   146 1335s

 107471 88805  292.68825   40  317  942.79000  286.73167  69.6%   146 1341s

 107987 89589  347.98757   71  266  942.79000  286.73167  69.6%   146 1348s

 109010 90479  343.68560   54  247  942.79000  286.86902  69.6%   146 1355s

 110135 90504  303.52455   41  220  942.79000  286.86902  69.6%   146 1362s

 110176 90762  315.00917   47  235  942.79000  286.86902  69.6%   146 1368s

 110454 91378  483.87485   77  112  942.79000  286.86902  69.6%   146 1375s

 111154 92104  373.59819   64  243  942.79000  286.87943  69.6%   146 1382s

 111983 92578  322.20109   44  184  942.79000  286.94779  69.6%   146 1389s

 112560 93334  320.92660   42  296  942.79000  286.94779  69.6%   145 1396s

 113411 94013  495.59996  118  235  942.79000  286.94779  69.6%   145 1404s

 114190 94944  320.20761   63  160  942.79000  287.02995  69.6%   145 1411s

 115276 95493  618.17244   94  128  942.79000  287.10944  69.5%   145 1418s

 115926 96289  327.86683   45  268  942.79000  287.10944  69.5%   145 1425s

 116864 97118  408.72016   52  296  942.79000  287.10944  69.5%   145 1431s

 117872 98450  644.71353   98  136  942.79000  287.22242  69.5%   145 1442s

 119327 98790  392.33258  112  157  942.79000  287.28240  69.5%   145 1447s

 119714 99691  468.54340  136  164  942.79000  287.28240  69.5%   145 1454s

 120788 100120  364.86185   43  223  942.79000  287.33431  69.5%   145 1459s

 121298 100821  407.43311   49  187  942.79000  287.33431  69.5%   145 1465s

 122140 101175  412.50890   90  199  942.79000  287.37930  69.5%   145 1471s

 122524 102029  620.74513  115  127  942.79000  287.37930  69.5%   145 1478s

 123596 102744  405.96837   52  243  942.79000  287.43642  69.5%   145 1485s

 124433 103088  369.38044   61  172  942.79000  287.50668  69.5%   145 1491s

 124819 103737  294.13908   40  295  942.79000  287.51881  69.5%   145 1498s

 125623 104269  393.01949   51  157  942.79000  287.54934  69.5%   145 1504s

 126263 104768  470.36445   55  233  942.79000  287.54934  69.5%   145 1511s

 126921 105035  702.88554   78  110  942.79000  287.61210  69.5%   145 1518s

 127406 105335  410.38716   39  264  942.79000  287.66990  69.5%   145 1524s

 127753 105361  354.27659   52  163  942.79000  287.66990  69.5%   146 1532s

 127786 106108  354.56379   53  157  942.79000  287.67351  69.5%   146 1538s

 128697 106244  313.44763   53  155  942.79000  287.72378  69.5%   145 1545s

 128862 106697  374.87776   61  162  942.79000  287.72378  69.5%   146 1552s

 129391 107713  625.14332  138  125  942.79000  287.72378  69.5%   146 1559s

 130591 108213  495.15747   94  208  942.79000  287.80696  69.5%   145 1566s

 131162 108885  332.58267   49  239  942.79000  287.83582  69.5%   145 1574s

 131983 109342  301.70550   37  313  942.79000  287.87282  69.5%   145 1581s

 132650 109635  355.34843   49  238  942.79000  287.89059  69.5%   146 1592s

 132952 112178  375.03651   56  161  942.79000  287.89304  69.5%   146 1614s

 133499 112178  291.28698   49  225  942.79000  287.89304  69.5%   146 1615s

 136000 112258  417.80764   94  194  942.79000  287.97421  69.5%   146 1622s

 136091 112423  419.36132   96  183  942.79000  287.98847  69.5%   146 1629s

 136278 112686  438.95567   33  158  942.79000  288.00719  69.5%   146 1636s

 136591 112989  634.36261  108  133  942.79000  288.00719  69.5%   146 1644s

 136987 113849  379.73020   66  247  942.79000  288.00719  69.5%   146 1654s

 137996 114219     cutoff  185       942.79000  288.00719  69.5%   146 1662s

 138443 115376  492.34301   86  154  942.79000  288.00719  69.5%   146 1672s

 139763 116297  807.98102  130   84  942.79000  288.17429  69.4%   146 1681s

 140853 116815 infeasible  158       942.79000  288.19680  69.4%   146 1689s

 141464 117633  399.20267   55  122  942.79000  288.20149  69.4%   146 1698s

 142525 118549  372.47951   43  246  942.79000  288.20149  69.4%   146 1707s

 143654 119409  563.79974  104  157  942.79000  288.26027  69.4%   146 1715s

 144695 119874  325.81419   64  201  942.79000  288.31171  69.4%   146 1723s

 145228 120898  574.84258  115   93  942.79000  288.31171  69.4%   146 1732s

 146425 121547  295.75333   41  273  942.79000  288.34625  69.4%   146 1741s

 147222 121555  688.97510  146  136  942.79000  288.34625  69.4%   146 1751s

 147230 128265  692.61171  147  139  942.79000  288.34625  69.4%   146 1884s

 150230 128265  362.67905   58  238  942.79000  288.34862  69.4%   146 1885s

 155230 129894  414.00761   67  216  942.79000  288.58674  69.4%   147 1899s

 157129 130350  321.79560   60  265  942.79000  288.68026  69.4%   147 1910s

 157713 131854  334.61050   67  167  942.79000  288.68964  69.4%   147 1922s

 159437 132747  352.73315   64  251  942.79000  288.80027  69.4%   147 1932s

 160464 133184  500.48536   63  112  942.79000  288.81806  69.4%   147 1943s

 161005 134347  318.88962   52  208  942.79000  288.89236  69.4%   148 1953s

 162411 134755  726.58526  101  115  942.79000  288.93739  69.4%   148 1963s

 162920 136295  412.05951   72  287  942.79000  288.94164  69.4%   148 1978s

 164741 136967  651.65456  111  131  942.79000  289.02308  69.3%   148 1986s

 165575 137315  578.46201   76  121  942.79000  289.03061  69.3%   148 1994s

 165970 138394  388.02343   66  263  942.79000  289.03267  69.3%   148 2003s

 167275 138890  358.79757   52  210  942.79000  289.11569  69.3%   148 2010s

 167864 139194  317.65644   47  324  942.79000  289.11569  69.3%   148 2018s

 168172 140098  387.08007   57  230  942.79000  289.11569  69.3%   148 2026s

 169280 140262  595.24279   88  173  942.79000  289.19087  69.3%   149 2034s

 169559 140596  606.77140   89  164  942.79000  289.21083  69.3%   149 2042s

 169906 141613  625.86566   90  133  942.79000  289.21083  69.3%   149 2051s

 171148 142533  358.27266   60  194  942.79000  289.21083  69.3%   149 2059s

 171330 142533  377.03902   53  238  942.79000  289.21083  69.3%   149 2060s

 172275 143049  476.98968   71  136  942.79000  289.34656  69.3%   149 2068s

 172858 143911  694.38601  155  127  942.79000  289.34656  69.3%   149 2076s

 173929 144288  308.97470   46  157  942.79000  289.38804  69.3%   149 2085s

 174483 145176  833.55932  148  105  942.79000  289.38804  69.3%   149 2094s

 175533 145594  381.52864   50  245  942.79000  289.38804  69.3%   149 2101s

 176005 146519  577.02262  101  202  942.79000  289.38804  69.3%   149 2110s

 177132 147362  315.19283   40  277  942.79000  289.50213  69.3%   149 2121s

 178146 147663  882.39496  120   87  942.79000  289.50213  69.3%   149 2129s

 178520 148565  445.52799   66  205  942.79000  289.50213  69.3%   149 2139s

 179654 148741 infeasible  112       942.79000  289.65799  69.3%   149 2147s

 179875 149825  300.81277   55  269  942.79000  289.66177  69.3%   149 2156s

 181102 150215  343.88525   55  211  942.79000  289.70523  69.3%   149 2164s

 181506 150940  572.42813   83  214  942.79000  289.70523  69.3%   149 2173s

 182433 151146  693.95199   61  137  942.79000  289.70523  69.3%   149 2181s

 182721 151714  423.09490   69  216  942.79000  289.73984  69.3%   149 2190s

 183384 152412  309.42611   57  251  942.79000  289.77875  69.3%   149 2200s

 184275 152725  414.26360   55  263  942.79000  289.83082  69.3%   149 2209s

 184666 153712  290.43704   52  216  942.79000  289.83082  69.3%   149 2219s

 185797 154208  903.68477  175  164  942.79000  289.83082  69.3%   149 2228s

 186388 155326  321.02601   48  210  942.79000  289.83082  69.3%   149 2238s

 187718 156090  376.75144   53  315  942.79000  289.96855  69.2%   149 2248s

 188691 156631  406.03743   77  234  942.79000  290.01966  69.2%   149 2256s

 189299 157685  657.92662  149  169  942.79000  290.01966  69.2%   149 2265s

 190530 158417  410.43934   94  242  942.79000  290.08498  69.2%   149 2275s

 191376 158842  374.82130   58  224  942.79000  290.11431  69.2%   149 2283s

 191846 160029  522.79582  120  149  942.79000  290.11662  69.2%   149 2296s

 193270 160076  682.13308  175  157  942.79000  290.14737  69.2%   149 2301s

 193317 160150  682.79284  176  143  942.79000  290.14737  69.2%   149 2306s

 193408 160246  683.44487  177  152  942.79000  290.14737  69.2%   149 2312s

 193516 160425  684.20892  178  155  942.79000  290.14737  69.2%   149 2319s

 193732 160847  684.78646  179  155  942.79000  290.14737  69.2%   149 2328s

 194324 161898  335.50828   73  230  942.79000  290.21731  69.2%   149 2338s

 195590 162906  428.92377   67  215  942.79000  290.23881  69.2%   149 2347s

 196724 163393  804.79908  164  159  942.79000  290.28220  69.2%   149 2355s

 197275 164292  423.87482   61  164  942.79000  290.28220  69.2%   149 2364s

 198361 164891  362.32152   73  236  942.79000  290.29735  69.2%   149 2372s

 199111 165481  376.85524   49  282  942.79000  290.37319  69.2%   149 2380s

 200026 165894 infeasible   72       942.79000  290.37963  69.2%   149 2388s

 200450 166901  469.96770   73  221  942.79000  290.41123  69.2%   149 2397s

 201722 167704  385.49706   68  288  942.79000  290.43607  69.2%   149 2406s

 202694 168425  408.31702   83  189  942.79000  290.50362  69.2%   149 2414s

 203346 168425  413.64917   79  227  942.79000  290.53251  69.2%   149 2415s

 203504 169247  417.11310   67  183  942.79000  290.53251  69.2%   149 2423s

 204421 169543  321.16443   66  249  942.79000  290.53251  69.2%   149 2430s

 204769 169579  467.48912   97  131  942.79000  290.53251  69.2%   149 2437s

 204814 169920  467.48912   98  132  942.79000  290.53251  69.2%   149 2445s

 205233 170795  298.32256   51  291  942.79000  290.57218  69.2%   149 2454s

 206304 171278  360.54581   50  330  942.79000  290.62078  69.2%   149 2465s

 206839 172567  442.45883   85  218  942.79000  290.62078  69.2%   149 2480s

 208558 173401  345.86131   62  200  942.79000  290.65207  69.2%   149 2490s

 209561 173746  297.28900   47  295  942.79000  290.67674  69.2%   149 2498s

 210004 174415  352.81584   71  237  942.79000  290.67674  69.2%   150 2506s

 210777 175217  678.11996  172  160  942.79000  290.67674  69.2%   150 2515s

 211788 175586  333.25216   42  197  942.79000  290.67674  69.2%   150 2522s

 212183 176469  514.96602   87  237  942.79000  290.75290  69.2%   150 2533s

 213216 177528  403.68206   96  213  942.79000  290.76528  69.2%   150 2542s

 214395 178087  389.38171   67  250  942.79000  290.82320  69.2%   150 2552s

 215039 178940  335.90029   34  242  942.79000  290.83322  69.2%   150 2560s

 216014 179614 infeasible   51       942.79000  290.83322  69.2%   150 2570s

 216980 179957  339.40904   76  200  942.79000  290.88890  69.1%   150 2578s

 217371 180562  318.43811   50  232  942.79000  290.88890  69.1%   150 2586s

 218134 180880  361.00957   60  300  942.79000  290.92169  69.1%   150 2594s

 218492 181777  440.51075   83  238  942.79000  290.94676  69.1%   150 2604s

 219539 182832  366.73331   59  219  942.79000  291.01862  69.1%   151 2613s

 220760 183178  306.95346   51  304  942.79000  291.04218  69.1%   150 2625s

 221188 184142  487.59659   60  197  942.79000  291.04218  69.1%   151 2642s

 222259 185430  391.35963   66  293  942.79000  291.08639  69.1%   151 2659s

 223907 185763 infeasible   88       942.79000  291.14683  69.1%   151 2669s

 224329 186654  321.07984   72  228  942.79000  291.14683  69.1%   151 2681s

 225354 187134  624.17483  195  163  942.79000  291.14683  69.1%   151 2692s

 225926 188022  378.69776   33  146  942.79000  291.14683  69.1%   151 2704s

 227006 188849  325.24441   47  329  942.79000  291.23149  69.1%   152 2715s

 227945 189322 infeasible  139       942.79000  291.23620  69.1%   152 2727s

 228550 189971  412.41745   82  216  942.79000  291.25039  69.1%   152 2739s

 229312 190768  318.96921   46  271  942.79000  291.28424  69.1%   152 2750s

 230239 191218  526.24931  100  231  942.79000  291.28424  69.1%   152 2761s

 230814 192137  302.64881   47  201  942.79000  291.28424  69.1%   152 2772s

 231880 192288  526.67446  128  152  942.79000  291.28424  69.1%   152 2783s

 232063 192459  329.21522   53  157  942.79000  291.28424  69.1%   152 2793s

 232276 192901  787.74398   76   98  942.79000  291.28424  69.1%   152 2803s

 232822 193757  620.75842  137  123  942.79000  291.28424  69.1%   152 2816s

 233875 194815  478.47484   33  227  942.79000  291.37662  69.1%   152 2828s

 235130 195312  416.77338   81  174  942.79000  291.38812  69.1%   152 2839s

 235715 196305  296.01755   54  346  942.79000  291.40745  69.1%   152 2851s

 236776 197102  496.45650  128  221  942.79000  291.40745  69.1%   152 2860s

 237735 197373  360.60278   53  240  942.79000  291.45425  69.1%   152 2867s

 238051 198105  677.34280   84  152  942.79000  291.45425  69.1%   152 2876s

 238886 198617  519.25877   68  187  942.79000  291.51098  69.1%   152 2886s

 239494 199033  294.46295   33  335  942.79000  291.51306  69.1%   152 2895s

 239979 199844  333.27953   46  264  942.79000  291.51306  69.1%   152 2905s

 240931 200141  831.94083  158  149  942.79000  291.55196  69.1%   152 2914s

 241300 200500  350.89838   76  223  942.79000  291.56749  69.1%   153 2923s

 241757 201303  612.58314  147  160  942.79000  291.56749  69.1%   153 2933s

 242742 201679  487.02700   53  169  942.79000  291.59352  69.1%   153 2943s

 243238 202359  384.93731   58  199  942.79000  291.59352  69.1%   153 2953s

 244114 202877  476.25215   83  146  942.79000  291.70417  69.1%   153 2965s

 244732 203217  425.65335   49  226  942.79000  291.74433  69.1%   153 2976s

 245167 204147  555.33962   59   88  942.79000  291.74911  69.1%   153 2988s

 246352 204496  487.83031   81  148  942.79000  291.77923  69.1%   153 2998s

 246745 205364  575.52557   70  131  942.79000  291.77923  69.1%   153 3009s

 247794 205977  413.93678  111  244  942.79000  291.81861  69.0%   154 3019s

 248466 207026  649.64827  207  194  942.79000  291.81861  69.0%   154 3031s

 249734 207340  899.79777  129  133  942.79000  291.84895  69.0%   154 3041s

 250140 208209  431.83820   75  275  942.79000  291.85198  69.0%   154 3054s

 251153 208927  399.58091   90  214  942.79000  291.93808  69.0%   154 3063s

 251971 209275  470.72844   67  164  942.79000  291.93808  69.0%   154 3072s

 252403 210197  346.35872   59  250  942.79000  291.93808  69.0%   154 3083s

 253494 210882  308.18230   49  262  942.79000  291.93808  69.0%   154 3092s

 254291 211257 infeasible   97       942.79000  291.98966  69.0%   154 3100s

 254725 212238  383.08463   69  175  942.79000  292.01168  69.0%   154 3110s

 255824 212926  559.62076   52  130  942.79000  292.02712  69.0%   154 3120s

 256708 212934  464.16272   77  221  942.79000  292.03033  69.0%   154 3128s

H256709 212727                     931.7600000  292.03033  68.7%   154 3128s

 256716 213089  500.03128   78  183  931.76000  292.03033  68.7%   154 3137s

 257171 213996  296.27475   51  275  931.76000  292.03033  68.7%   154 3147s

 258137 214727  424.21148  116  223  931.76000  292.03033  68.7%   154 3158s

 259020 214858  373.06938   59  183  931.76000  292.03033  68.7%   154 3168s

 259175 215098  724.70334   89  136  931.76000  292.03033  68.7%   154 3176s

 259492 215898  417.62233   81  223  931.76000  292.10916  68.6%   154 3186s

 260425 216101  331.59278   49  254  931.76000  292.10916  68.6%   154 3195s

 260676 216837  453.36384   58  213  931.76000  292.10916  68.6%   154 3206s

 261525 217223  690.98500  101   95  931.76000  292.10916  68.6%   154 3216s

 261981 217921  408.53353   54  229  931.76000  292.10916  68.6%   154 3226s

 262795 219016  411.24777   86  233  931.76000  292.25314  68.6%   154 3238s

 264097 219324  406.86161   72  173  931.76000  292.26539  68.6%   154 3246s

 264451 220148  435.38781   51  235  931.76000  292.26539  68.6%   154 3257s

 265392 220839  390.82103   58  259  931.76000  292.31490  68.6%   155 3270s

 266206 221179  570.60998   67  162  931.76000  292.31490  68.6%   155 3280s

 266805 222146  469.70805   68  182  931.76000  292.33782  68.6%   155 3293s

 268017 222456  312.07397   64  226  931.76000  292.38185  68.6%   155 3302s

 268361 223399  349.41617   93  216  931.76000  292.38185  68.6%   155 3314s

 269430 223690  313.98102   52  347  931.76000  292.38185  68.6%   155 3324s

 269759 224032  710.02851  117  116  931.76000  292.38185  68.6%   155 3334s

 270236 224964  848.16699  112  129  931.76000  292.38185  68.6%   155 3346s

 271290 225388  677.40788  210  127  931.76000  292.38185  68.6%   155 3357s

 271792 226381  400.93242   77  212  931.76000  292.48681  68.6%   155 3369s

 272861 227087  343.27487   57  431  931.76000  292.51351  68.6%   155 3380s

 273734 227285  728.57535  112  104  931.76000  292.51351  68.6%   155 3393s

H273810 226421                     918.8300000  292.51351  68.2%   155 3393s

 274016 226828  407.43267   52  237  918.83000  292.53170  68.2%   155 3403s

 274566 228004  637.74914  122  142  918.83000  292.53170  68.2%   156 3416s

 275924 228915  346.40995   63  275  918.83000  292.58088  68.2%   155 3428s

H276255 228237                     912.8600000  292.58088  67.9%   155 3428s

 277015 228780  330.30306   47  202  912.86000  292.60723  67.9%   155 3438s

 277600 228984  785.79050  111  126  912.86000  292.60723  67.9%   156 3450s

 277837 229587  295.52075   43  308  912.86000  292.60723  67.9%   156 3461s

 278541 230739  389.88685   75  233  912.86000  292.60723  67.9%   156 3474s

 279814 231781  822.77870  218  145  912.86000  292.60723  67.9%   155 3486s

 281085 232060  311.46634   32  253  912.86000  292.65576  67.9%   155 3500s

 281415 233725  345.58455   56  227  912.86000  292.67346  67.9%   156 3526s

 283286 234604  497.10110   70  144  912.86000  292.69599  67.9%   156 3538s

 284312 234969  369.09832   90  187  912.86000  292.69599  67.9%   156 3550s

 284728 235948  455.75598  111  289  912.86000  292.69599  67.9%   156 3563s

 285861 236556  827.51726  279  173  912.86000  292.75039  67.9%   156 3576s

 286602 237614  677.11042  138  115  912.86000  292.75288  67.9%   156 3589s

 287853 237720  506.73458  100  288  912.86000  292.75288  67.9%   156 3602s

 287993 238317  489.94453  103  213  912.86000  292.78709  67.9%   156 3615s

 288713 239088  670.11132  156  106  912.86000  292.78709  67.9%   156 3628s

 289575 239541  543.76043  117  240  912.86000  292.78709  67.9%   156 3640s

 290092 240607  817.19302  174  185  912.86000  292.78709  67.9%   156 3653s

 291260 241755  701.33407  165  212  912.86000  292.82147  67.9%   156 3668s

 292522 242374  466.89259   87  204  912.86000  292.84353  67.9%   156 3680s

 293270 242980  342.77364   52  242  912.86000  292.88427  67.9%   156 3693s

 294075 243066  807.02656   72   99  912.86000  292.89793  67.9%   156 3704s

 294199 243207 infeasible   72       912.86000  292.91087  67.9%   156 3713s

 294370 243419  878.81294   73   95  912.86000  292.91192  67.9%   156 3723s

 294664 243881  370.78589   71  215  912.86000  292.92373  67.9%   156 3735s

 295254 244644  330.14559   42  398  912.86000  292.94812  67.9%   156 3747s

 296129 244929  313.34128   45  263  912.86000  292.96484  67.9%   156 3759s

 296450 246973  423.66994   95  153  912.86000  292.96484  67.9%   156 3788s

 298859 247317  363.96399   63  204  912.86000  292.99625  67.9%   156 3798s

 299279 248310  507.95261  104  265  912.86000  293.02193  67.9%   156 3812s

 300499 248693  341.04047   53  197  912.86000  293.09836  67.9%   156 3822s

 300927 249958  311.06258   55  271  912.86000  293.10323  67.9%   156 3837s

 302391 251122  307.72326   42  256  912.86000  293.12661  67.9%   156 3849s

 303620 251668  704.75443  178  146  912.86000  293.12661  67.9%   156 3859s

 304280 252291  459.79134   85  145  912.86000  293.12661  67.9%   156 3869s

 304384 252291  323.20257   52  298  912.86000  293.12661  67.9%   156 3870s

 305035 252568  398.66317   50  160  912.86000  293.17190  67.9%   156 3879s

 305348 253365  576.54823   61  127  912.86000  293.17190  67.9%   156 3891s

 306357 253790  832.29498  179  105  912.86000  293.17190  67.9%   156 3900s

 306839 254728  565.28190   76  191  912.86000  293.17190  67.9%   156 3912s

 307930 254736  544.55080   98  168  912.86000  293.27148  67.9%   156 3924s

 307938 254744  548.99189   99  149  912.86000  293.27148  67.9%   156 3933s

 307946 254752  550.47556  100  136  912.86000  293.27148  67.9%   156 3942s

 307954 254760  552.87150  101  132  912.86000  293.27148  67.9%   156 3952s

 307962 254768  554.57983  102  134  912.86000  293.27148  67.9%   156 3962s

 307970 254776  554.93348  103  130  912.86000  293.27148  67.9%   156 3974s

 307978 254795  588.45031  104  158  912.86000  293.27148  67.9%   156 3988s

 308005 254848  343.69039   45  268  912.86000  293.27148  67.9%   156 3998s

 308058 254969  547.95253   76  157  912.86000  293.27221  67.9%   156 4011s

 308203 255160  426.00880   76  225  912.86000  293.27542  67.9%   156 4025s

 308412 255478  498.72794  142  245  912.86000  293.27542  67.9%   156 4036s

 308765 255816     cutoff  241       912.86000  293.27542  67.9%   156 4049s

 309164 256202  430.50257   81  209  912.86000  293.27542  67.9%   156 4059s

 309588 256627  667.57698  155  170  912.86000  293.27542  67.9%   156 4070s

 310075 257539  398.19635   57  226  912.86000  293.28121  67.9%   156 4083s

 311175 257981  492.07772  137  143  912.86000  293.32381  67.9%   156 4096s

 311690 259688  390.01428   59  190  912.86000  293.34097  67.9%   156 4117s

 313731 259905  412.11388   95  227  912.86000  293.35478  67.9%   156 4125s

 313990 260570  498.87658  130  249  912.86000  293.35478  67.9%   157 4136s

 314875 260964  320.39502   49  214  912.86000  293.42264  67.9%   157 4148s

 315366 261303  371.05497   65  207  912.86000  293.42471  67.9%   157 4158s

 315881 261748  299.48085   54  407  912.86000  293.43760  67.9%   157 4168s

 316401 262492  557.44589   82  226  912.86000  293.43760  67.9%   157 4180s

 317257 263406  630.48541  122  150  912.86000  293.43760  67.9%   157 4192s

 318284 263769  694.46935  116  168  912.86000  293.44641  67.9%   157 4202s

 318705 264664  338.25357   66  322  912.86000  293.44641  67.9%   157 4215s

 319819 265580  548.50314   92  184  912.86000  293.51558  67.8%   157 4229s

 320983 265947  297.06860   44  411  912.86000  293.53200  67.8%   157 4239s

 321404 266929  349.37703   72  264  912.86000  293.53200  67.8%   157 4251s

 322539 267294  472.78913   60  268  912.86000  293.55641  67.8%   157 4261s

 322975 268293  391.46900   77  255  912.86000  293.55641  67.8%   157 4275s

 324134 268950  334.48175   58  221  912.86000  293.55641  67.8%   157 4287s

 324854 269400  634.02162  150  183  912.86000  293.55641  67.8%   157 4298s

 325482 270156  432.42018   79  118  912.86000  293.55641  67.8%   157 4310s

 326389 270834  362.14673   84  278  912.86000  293.66586  67.8%   157 4324s

 327170 271394  471.53025  143  227  912.86000  293.66586  67.8%   157 4338s

 327741 272761  883.63697  250  156  912.86000  293.67136  67.8%   157 4355s

 329322 273368  724.65057  193  188  912.86000  293.71812  67.8%   157 4366s

 329985 273836  437.49145   71  160  912.86000  293.72319  67.8%   157 4378s

 330494 274818  698.92495  133  131  912.86000  293.72319  67.8%   157 4391s

 331629 275339  322.60749   50  355  912.86000  293.72319  67.8%   157 4403s

 332312 275830  400.43840   92  160  912.86000  293.72319  67.8%   157 4414s

 332905 276412  510.20910  161  212  912.86000  293.78597  67.8%   157 4426s

 333564 277331  308.49300   58  284  912.86000  293.78597  67.8%   157 4442s

 334549 278261  495.25926  113  191  912.86000  293.83213  67.8%   157 4465s

 335668 278881 infeasible  132       912.86000  293.85785  67.8%   157 4479s

 336318 279758  531.18061   96  170  912.86000  293.85785  67.8%   157 4494s

 337354 280301  383.55762  102  222  912.86000  293.88090  67.8%   157 4508s

 337985 280492  456.33452  137  224  912.86000  293.88428  67.8%   157 4520s

 338188 281288  464.67721   77  167  912.86000  293.88428  67.8%   157 4533s

 339059 281916  629.63141  125  129  912.86000  293.88428  67.8%   157 4547s

 339759 282811  400.03149   94  169  912.86000  293.88449  67.8%   157 4562s

 340862 283227  318.60577   53  249  912.86000  293.88449  67.8%   157 4579s

 341414 284161  605.54725   68  226  912.86000  293.92588  67.8%   157 4600s

 342516 285492  546.68998   98  208  912.86000  293.94524  67.8%   157 4621s

 344078 286397  335.91809   63  219  912.86000  293.94715  67.8%   157 4637s

 345136 286838  448.49860   66  172  912.86000  293.94715  67.8%   157 4650s

 345654 287794     cutoff  129       912.86000  293.98091  67.8%   157 4666s

 346696 288694  448.13549   91  186  912.86000  293.98091  67.8%   157 4681s

 347729 289049  443.71121   78  193  912.86000  293.98091  67.8%   157 4693s

 348176 289264  304.83586   51  208  912.86000  294.01212  67.8%   157 4704s

 348407 290253  330.83206   52  200  912.86000  294.01212  67.8%   157 4719s

 349541 290693  340.36038   45  183  912.86000  294.03565  67.8%   157 4737s

 350088 291388  438.26103   97  205  912.86000  294.03565  67.8%   157 4761s

 350939 291785  344.19375   53  263  912.86000  294.05718  67.8%   157 4780s

 351440 292090 infeasible   65       912.86000  294.05718  67.8%   158 4800s

 351796 292930  751.34124   95  136  912.86000  294.05718  67.8%   158 4829s

 352949 293379  623.58379  120  167  912.86000  294.10266  67.8%   158 4851s

 353454 294333  375.48197   69  239  912.86000  294.10266  67.8%   158 4879s

 353688 294333  488.47464  117  160  912.86000  294.10266  67.8%   158 4880s

 354611 295067  580.35321   90  195  912.86000  294.10266  67.8%   158 4910s

 355547 295515  361.83915   41  225  912.86000  294.13486  67.8%   158 4934s

 355878 295515  573.57761   78  199  912.86000  294.13486  67.8%   158 4935s

 356094 296940  603.23204   83  247  912.86000  294.13486  67.8%   158 4978s

 357747 297114  336.41277   56  238  912.86000  294.16407  67.8%   158 4997s

 357940 298196  387.65846   86  175  912.86000  294.17378  67.8%   158 5025s

 359175 298562  478.93151   56  189  912.86000  294.17378  67.8%   158 5051s

 359578 299363  610.80495   99  160  912.86000  294.17378  67.8%   158 5085s

 360501 299984  355.98395   71  242  912.86000  294.17378  67.8%   158 5114s

 361178 300356  516.96253  156  199  912.86000  294.17378  67.8%   158 5137s

 361659 300949  416.88569   49  237  912.86000  294.17913  67.8%   158 5162s

 362380 301430  392.41207   71  227  912.86000  294.22614  67.8%   158 5187s

 362907 302361  500.41284  109  168  912.86000  294.22614  67.8%   158 5218s

 363945 303022  604.27117   81  173  912.86000  294.23436  67.8%   158 5255s

 364750 303282  338.12601   60  155  912.86000  294.23436  67.8%   158 5279s

 365048 303766  541.65628   92  161  912.86000  294.23436  67.8%   158 5304s

 365334 303766  612.35077   61  193  912.86000  294.23436  67.8%   158 5305s

 365658 304062  454.42294  109  208  912.86000  294.23436  67.8%   158 5325s

 366008 304905  670.72527  182  183  912.86000  294.23436  67.8%   158 5352s

 366995 305328  505.88771   94  147  912.86000  294.26020  67.8%   158 5380s

 367498 306417  655.07548  158  192  912.86000  294.26020  67.8%   158 5415s

 368735 307080  376.43712   43  185  912.86000  294.30218  67.8%   158 5446s

 369476 307503  328.36177   54  324  912.86000  294.30716  67.8%   158 5474s

 370016 308303  300.82041   58  343  912.86000  294.30888  67.8%   158 5505s

 371011 309177  312.78482   44  263  912.86000  294.33904  67.8%   158 5536s

 371963 309526  376.68105   49  258  912.86000  294.33904  67.8%   158 5559s

 372410 310274  582.91963   95  169  912.86000  294.33904  67.8%   158 5590s

 373336 310887  310.41575   62  333  912.86000  294.37113  67.8%   158 5619s

 374075 311183  620.77447  214  180  912.86000  294.37250  67.8%   158 5641s

 374447 311484  387.25451   50  296  912.86000  294.39201  67.8%   159 5664s

 374695 311484  512.25519  113  187  912.86000  294.39201  67.8%   159 5665s

 374816 312152  311.82916   55  222  912.86000  294.39201  67.8%   159 5698s

 375656 312686  399.09401   89  194  912.86000  294.44351  67.7%   159 5726s

 376241 313591  336.73397   52  353  912.86000  294.44756  67.7%   159 5758s

 377287 314294  310.14609   35  278  912.86000  294.44944  67.7%   159 5790s

 378118 315088  813.20421   58  168  912.86000  294.44944  67.7%   159 5825s

 379183 315357  357.09397   65  174  912.86000  294.47101  67.7%   159 5848s

 379473 315964  326.72924   58  409  912.86000  294.47101  67.7%   159 5879s

 379684 315964  334.76840   61  269  912.86000  294.47101  67.7%   159 5880s

 380284 316521  877.42207  101  168  912.86000  294.47101  67.7%   159 5911s

 380959 317660  770.76902  130  122  912.86000  294.47101  67.7%   159 5952s

 382325 318081  673.80011  110  180  912.86000  294.54541  67.7%   159 5986s

 382835 318388  347.04104   47  267  912.86000  294.54541  67.7%   159 6016s

 383184 318795  347.11728   48  255  912.86000  294.55315  67.7%   159 6039s

 383672 319442  347.40112   49  249  912.86000  294.57092  67.7%   159 6071s

 384536 319815  348.75585   50  279  912.86000  294.57187  67.7%   159 6097s

 384924 321652  349.09675   51  269  912.86000  294.57187  67.7%   159 6161s

 387022 322091  364.91416   55  229  912.86000  294.59311  67.7%   159 6187s

 387606 323116  362.93599   68  312  912.86000  294.64058  67.7%   159 6229s

 388800 323466  299.08442   46  256  912.86000  294.64564  67.7%   159 6252s

 389218 324189  306.38303   49  276  912.86000  294.64564  67.7%   159 6284s

 390119 324601  510.55400   86  172  912.86000  294.65876  67.7%   159 6313s

 390693 325257  368.85211   60  240  912.86000  294.65876  67.7%   159 6342s

 391500 325593  308.57893   55  231  912.86000  294.65876  67.7%   160 6363s

 391863 326564  431.94428   87  184  912.86000  294.65876  67.7%   160 6388s

 392988 327163  429.10139   68  178  912.86000  294.70362  67.7%   160 6419s

 393576 327163  766.39454  185  127  912.86000  294.70362  67.7%   160 6420s

 393727 327892  664.76438  153  222  912.86000  294.70362  67.7%   160 6464s

 394141 327892  429.85852   54  250  912.86000  294.70362  67.7%   160 6465s

 394609 328395  501.82918   84  226  912.86000  294.73580  67.7%   160 6493s

 395185 329298  324.19535   57  176  912.86000  294.73660  67.7%   160 6532s

 396313 330196  400.09667   62  211  912.86000  294.76261  67.7%   160 6566s

 397314 330574  360.04515   59  207  912.86000  294.76261  67.7%   160 6586s

 397748 331695  513.90178   81   93  912.86000  294.76261  67.7%   160 6609s

 399078 332157  342.98383   43  163  912.86000  294.81493  67.7%   160 6641s

 399603 332835  525.76480   78  204  912.86000  294.81635  67.7%   160 6677s

 400392 333994  422.19569   64  206  912.86000  294.81635  67.7%   160 6722s

 401900 335094  376.95600   95  164  912.86000  294.87836  67.7%   160 6763s

 403252 335950  328.95544   60  270  912.86000  294.89287  67.7%   160 6796s

 404192 336371  585.54533   74  160  912.86000  294.91191  67.7%   160 6823s

 404691 337384  345.34033   60  206  912.86000  294.91191  67.7%   160 6860s

 405829 338341  770.30635  184  127  912.86000  294.91191  67.7%   160 6887s

 406863 338822  433.26242  101  198  912.86000  294.91191  67.7%   160 6914s

 407449 339403  324.61412   53  346  912.86000  294.91191  67.7%   160 6938s

 408125 340051 infeasible  145       912.86000  294.91191  67.7%   160 6970s

 408939 341270  802.19869  155   99  912.86000  295.00043  67.7%   160 7006s

 410352 341903  480.69400  112  205  912.86000  295.02091  67.7%   160 7033s

 411070 342635  338.50105   56  171  912.86000  295.02091  67.7%   160 7061s

 411970 342978  799.49029  252  160  912.86000  295.02091  67.7%   160 7083s

 412396 343349  811.48932  253  172  912.86000  295.02091  67.7%   160 7108s

 412848 344005  336.36859   34  177  912.86000  295.02334  67.7%   160 7135s

 413677 344355  298.16435   49  325  912.86000  295.04814  67.7%   160 7159s

 414084 345937  380.57521   78  260  912.86000  295.05950  67.7%   160 7210s

 415935 346300  617.33597  147  176  912.86000  295.09352  67.7%   160 7233s

 416394 347438  469.31967   62  199  912.86000  295.09352  67.7%   160 7265s

 417706 347791  299.30929   36  330  912.86000  295.13676  67.7%   160 7282s

 418059 348997  501.32059   58  186  912.86000  295.13752  67.7%   160 7312s

 419426 350009  766.71475  147   86  912.86000  295.14917  67.7%   160 7342s

 420601 350875  319.06052   38  359  912.86000  295.16839  67.7%   160 7369s

 421628 351183  673.76527  124  184  912.86000  295.16839  67.7%   160 7387s

 422021 351988  350.71624   67  253  912.86000  295.16839  67.7%   160 7411s

 422927 352714  802.97176  153   91  912.86000  295.16839  67.7%   160 7434s

 423818 353019  680.60373   83  202  912.86000  295.16839  67.7%   160 7454s

 424234 353770  435.98017   62  182  912.86000  295.16839  67.7%   160 7482s

 425337 354252  519.53956   83  108  912.86000  295.24432  67.7%   160 7502s

 425947 355026  300.27437   36  231  912.86000  295.24432  67.7%   160 7525s

 426899 355450  369.86792   54  289  912.86000  295.28164  67.7%   160 7545s

 427429 356246  361.41006   45  254  912.86000  295.28164  67.7%   160 7570s

 428330 356311  585.52739  151  154  912.86000  295.28164  67.7%   160 7597s

 428431 360059  588.56487  152  147  912.86000  295.29198  67.7%   160 7752s

 432788 361093  740.29716  157  167  912.86000  295.31066  67.6%   161 7789s

 434162 362048  569.98870   93  184  912.86000  295.35278  67.6%   161 7819s

 434756 362048  509.66525   62  216  912.86000  295.41329  67.6%   161 7820s

 435308 363119 infeasible   60       912.86000  295.41329  67.6%   161 7849s

 436556 363604  537.71486   78  232  912.86000  295.44069  67.6%   161 7873s

 437137 364694  793.47351  147  179  912.86000  295.44069  67.6%   161 7907s

 438423 365705  431.01157   91  203  912.86000  295.48288  67.6%   161 7939s

 439625 366645  306.16824   54  277  912.86000  295.50141  67.6%   161 7968s

 440900 367351  396.49678   56  260  912.86000  295.51657  67.6%   161 7995s

 441706 368565 infeasible  131       912.86000  295.53649  67.6%   161 8027s

 443073 369643  732.05150  175  137  912.86000  295.53649  67.6%   161 8061s

 444335 370084  310.92860   59  195  912.86000  295.57906  67.6%   161 8077s

 444840 370718  569.77038  145  189  912.86000  295.57906  67.6%   161 8097s

 445551 371201  321.45983   51  261  912.86000  295.57906  67.6%   161 8115s

 446131 372118  620.57939  108  173  912.86000  295.57906  67.6%   161 8140s

 447125 372934  510.62119   92  148  912.86000  295.58696  67.6%   161 8164s

 448050 373467  468.06432   69  253  912.86000  295.62982  67.6%   161 8182s

 448632 374279  302.57503   51  326  912.86000  295.62982  67.6%   161 8210s

 449559 375051  356.65946   74  280  912.86000  295.62982  67.6%   161 8235s

 450486 375523  610.30902  138  149  912.86000  295.64611  67.6%   161 8258s

 451034 376484  320.85270   47  396  912.86000  295.64611  67.6%   161 8287s

 452097 377325  435.13452   96  286  912.86000  295.64611  67.6%   161 8311s

 453033 377750  444.40162   39  208  912.86000  295.68735  67.6%   161 8331s

 453510 378597  319.23089   51  344  912.86000  295.68735  67.6%   161 8357s

 454478 379225  791.30054  169  184  912.86000  295.68735  67.6%   161 8380s

 455253 379829  387.93952   77  335  912.86000  295.73102  67.6%   161 8404s

 455945 380448  668.19088  130  161  912.86000  295.73102  67.6%   161 8427s

 456640 381319  340.52609   78  247  912.86000  295.73102  67.6%   161 8455s

 457701 381980  589.31012  149  192  912.86000  295.73102  67.6%   161 8482s

 458507 383228  485.21503   61  175  912.86000  295.75754  67.6%   161 8513s

 459888 383991  577.27564  164  146  912.86000  295.77882  67.6%   161 8534s

 460768 384303  510.77631  116  188  912.86000  295.77882  67.6%   161 8550s

 461104 384986  362.59309   44  283  912.86000  295.77882  67.6%   161 8572s

 461922 385507 infeasible   83       912.86000  295.77882  67.6%   161 8594s

 462595 385794  498.51162  100  222  912.86000  295.81869  67.6%   161 8609s

 462910 386696  704.72040  136  163  912.86000  295.82358  67.6%   161 8633s

 463988 387077  401.12594   81  312  912.86000  295.83398  67.6%   161 8654s

 464423 388112  487.77698  110  254  912.86000  295.83398  67.6%   161 8678s

 465543 388805     cutoff  316       912.86000  295.83515  67.6%   161 8702s

 466365 388967  446.58212   98  189  912.86000  295.83515  67.6%   161 8725s

 466562 389411  507.41435  109  148  912.86000  295.83515  67.6%   161 8743s

 467031 390095  695.88693  153  116  912.86000  295.83515  67.6%   161 8766s

 467915 390418  302.21709   46  312  912.86000  295.83515  67.6%   161 8787s

 468304 391227  584.61617   86  133  912.86000  295.83515  67.6%   161 8811s

 469268 391605  498.67175  144  154  912.86000  295.90637  67.6%   161 8829s

 469699 392529  333.72286   63  260  912.86000  295.90637  67.6%   161 8855s

 470805 393108  497.54422   75  214  912.86000  295.92157  67.6%   161 8875s

 471458 393724  389.56204   64  243  912.86000  295.92206  67.6%   161 8900s

 472196 394061 infeasible  197       912.86000  295.92534  67.6%   161 8922s

 472593 395980  424.10050  108  132  912.86000  295.92534  67.6%   161 8977s

 474816 396308  533.72506  138  173  912.86000  295.95560  67.6%   161 8996s

 475193 396764  586.04604  170  143  912.86000  295.95560  67.6%   161 9018s

 475770 397581  645.08965  212  184  912.86000  295.95560  67.6%   161 9049s

 476765 397589  446.54980   65  200  912.86000  295.98017  67.6%   161 9072s

 476773 397597  455.25939   66  203  912.86000  295.98017  67.6%   161 9085s

 476781 397605  456.58239   67  204  912.86000  295.98017  67.6%   161 9097s

 476789 397613  457.34704   68  201  912.86000  295.98017  67.6%   161 9110s

 476797 397683  461.88624   69  185  912.86000  295.98017  67.6%   161 9123s

 476870 397910  467.13150   72  144  912.86000  295.98017  67.6%   161 9140s

 477138 398063  678.75900  121   85  912.86000  295.98017  67.6%   161 9158s

 477352 398481  351.75391   53  242  912.86000  295.98124  67.6%   161 9182s

 477855 398979  545.38821  117  178  912.86000  295.98386  67.6%   161 9204s

 478395 399728  655.73178   88  116  912.86000  295.98474  67.6%   161 9234s

 479286 400795  360.03446   56  197  912.86000  295.99461  67.6%   161 9270s

 480632 401942  319.66032   60  232  912.86000  296.02204  67.6%   161 9302s

 481859 402446  891.43928  227  154  912.86000  296.02204  67.6%   161 9325s

 482511 403658  448.72918   90  152  912.86000  296.02204  67.6%   161 9360s

 483810 404724  456.82293   99  167  912.86000  296.02204  67.6%   161 9391s

 485005 405320  402.11261   71  220  912.86000  296.07923  67.6%   161 9414s

 485628 406535  664.47692  145  163  912.86000  296.07923  67.6%   161 9446s

 486992 406980  735.70203  176  216  912.86000  296.07923  67.6%   161 9469s

 487540 408351  340.94578   75  332  912.86000  296.07923  67.6%   161 9506s

 489140 409125  814.51547  263  159  912.86000  296.11297  67.6%   161 9530s

 490042 409708  509.76515  114  135  912.86000  296.14180  67.6%   161 9551s

 490737 410646  344.75889   39  201  912.86000  296.14180  67.6%   161 9574s

 491776 411607  465.38632  115  245  912.86000  296.14180  67.6%   161 9600s

 492921 412072  370.41139   74  223  912.86000  296.14180  67.6%   161 9620s

 493517 412567  372.11597   72  218  912.86000  296.14180  67.6%   161 9638s

 494024 413352  830.46802  160  141  912.86000  296.14180  67.6%   161 9662s

 494948 414317  644.35926  128  146  912.86000  296.20292  67.6%   161 9686s

 496033 415042  712.79144  133  136  912.86000  296.20292  67.6%   161 9709s

 496877 415648  760.56965  123  120  912.86000  296.20292  67.6%   161 9729s

 497641 416120  302.36695   67  373  912.86000  296.23273  67.5%   161 9746s

 498131 417034  387.31772  120  236  912.86000  296.23273  67.5%   161 9773s

 499231 417758  371.23312   54  194  912.86000  296.23868  67.5%   161 9796s

 500058 418171  376.02285   61  150  912.86000  296.23868  67.5%   161 9814s

 500184 418171  673.38175   71  160  912.86000  296.23868  67.5%   161 9815s

 500560 419123  509.25970   75  121  912.86000  296.23868  67.5%   161 9838s

 501818 419573  482.72804   75  227  912.86000  296.29534  67.5%   161 9861s

 502372 420922  385.01241   52  267  912.86000  296.31747  67.5%   161 9902s

 503911 421872  355.48628   58  190  912.86000  296.32162  67.5%   161 9933s

 505022 422400  377.31799   62  180  912.86000  296.35174  67.5%   161 9952s

 505611 423212  661.91051  115  115  912.86000  296.35174  67.5%   161 9976s

 506606 423996  432.59405   69  230  912.86000  296.35174  67.5%   161 9997s

 507512 424889  372.00997   78  180  912.86000  296.35174  67.5%   161 10023s

 508573 425309  380.20268   55  191  912.86000  296.35174  67.5%   161 10041s

 509018 426358  563.53430   95  235  912.86000  296.38858  67.5%   161 10066s

 510194 426708  306.05587   59  307  912.86000  296.38858  67.5%   161 10083s

 510586 427674  358.57475   87  272  912.86000  296.40865  67.5%   161 10110s

 511683 428476  317.72842   46  218  912.86000  296.42299  67.5%   161 10130s

 512662 429078  384.01853   54  169  912.86000  296.42948  67.5%   161 10148s

 513443 429422  419.07617   59  258  912.86000  296.44696  67.5%   161 10170s

 513882 430055     cutoff  136       912.86000  296.44744  67.5%   161 10191s

 514660 430660  436.78338  104  210  912.86000  296.46386  67.5%   161 10213s

 515326 431350  697.93387  222  123  912.86000  296.46386  67.5%   161 10237s

 516148 431704  477.13192   92  244  912.86000  296.47769  67.5%   161 10257s

 516619 432513  441.02102   69  239  912.86000  296.47769  67.5%   161 10285s

 517560 432998  563.61315  106  166  912.86000  296.49652  67.5%   161 10304s

 518112 433737  354.46177   44  172  912.86000  296.49734  67.5%   161 10328s

 519009 434365 infeasible   64       912.86000  296.51160  67.5%   162 10350s

 519752 434835  805.59983   63  211  912.86000  296.51160  67.5%   162 10371s

 520332 435919  406.17604   94  259  912.86000  296.52328  67.5%   162 10400s

 521518 436360  329.52498   50  269  912.86000  296.52967  67.5%   162 10418s

 521975 437403  444.24444   99  222  912.86000  296.52967  67.5%   162 10448s

 523172 438325  350.09525   64  183  912.86000  296.52967  67.5%   162 10478s

 524227 438327  369.18861   47  225  912.86000  296.52967  67.5%   162 10508s

 524243 438665  370.03432   48  222  912.86000  296.52967  67.5%   162 10536s

 524663 439504  602.77172   72  193  912.86000  296.54812  67.5%   162 10565s

 525656 439946  298.27411   33  259  912.86000  296.55419  67.5%   162 10586s

 526259 440792  359.01586   85  235  912.86000  296.55419  67.5%   162 10608s

 527222 441321  599.95577   83  150  912.86000  296.56793  67.5%   162 10632s

 527867 442219  397.95842   52  266  912.86000  296.56812  67.5%   162 10659s

 528895 443044  336.29299   63  341  912.86000  296.59364  67.5%   162 10682s

 529801 443526  566.31853  111  171  912.86000  296.59364  67.5%   162 10705s

 530333 444280  883.32879  207  141  912.86000  296.60200  67.5%   162 10729s

 531334 445186  403.46685   63  201  912.86000  296.62601  67.5%   162 10761s

 532411 445936  360.09216   75  292  912.86000  296.66592  67.5%   162 10788s

 533294 446226  324.47053   57  342  912.86000  296.67762  67.5%   162 10804s

 533596 446852  364.12186   61  246  912.86000  296.67762  67.5%   162 10822s

 534469 447192  355.32390   49  299  912.86000  296.68293  67.5%   162 10841s

 534844 447503  548.86740   58  217  912.86000  296.68293  67.5%   162 10856s

 535257 448371  341.89999   53  206  912.86000  296.68293  67.5%   162 10880s

 536263 448900  300.37974   47  321  912.86000  296.68293  67.5%   162 10903s

 536897 449846  410.22346   75  221  912.86000  296.68293  67.5%   162 10931s

 537972 450624  662.91050   70  100  912.86000  296.71932  67.5%   162 10957s

 538909 451455  388.77900  144  156  912.86000  296.74251  67.5%   162 10981s

 539946 451861  501.31449  104  200  912.86000  296.75872  67.5%   162 10999s

 540354 452574  763.29133  186  145  912.86000  296.75872  67.5%   162 11023s

 541214 453335  818.02995   73  134  912.86000  296.75872  67.5%   162 11047s

 542163 454001  468.59826   84  314  912.86000  296.78027  67.5%   162 11070s

 542972 454503  439.47572   91  164  912.86000  296.79520  67.5%   162 11088s

 543474 455368  818.80887  176  181  912.86000  296.79549  67.5%   162 11112s

 544521 456293  617.94198  166  163  912.86000  296.79802  67.5%   162 11138s

 545559 457273  627.90651  137  145  912.86000  296.80570  67.5%   162 11163s

 546652 457780  446.25550  103  205  912.86000  296.80570  67.5%   162 11187s

 547189 458983  590.54345  187  185  912.86000  296.80570  67.5%   162 11226s

 548697 459809  730.24408  156  192  912.86000  296.84034  67.5%   162 11254s

 549650 459933  416.66991   48  218  912.86000  296.84034  67.5%   162 11278s

 549804 460048  417.58108   49  220  912.86000  296.84034  67.5%   162 11289s

 549919 460314  420.04027   50  221  912.86000  296.84034  67.5%   162 11306s

 550255 460322  420.09313   51  232  912.86000  296.84034  67.5%   162 11326s

 550263 460357  429.24007   52  242  912.86000  296.84034  67.5%   162 11345s

 550298 460487  582.43465   80  212  912.86000  296.84034  67.5%   162 11362s

 550428 460693  724.69861  164  173  912.86000  296.84034  67.5%   162 11384s

 550684 461075  441.85516   69  291  912.86000  296.85313  67.5%   162 11411s

 551128 461428  331.67650   55  209  912.86000  296.85313  67.5%   162 11437s

 551533 461792  514.94646  116  269  912.86000  296.87144  67.5%   162 11470s

 551941 462689  313.63916   58  319  912.86000  296.88595  67.5%   162 11501s

 552955 462979  769.64792  141  157  912.86000  296.88595  67.5%   162 11532s

 553332 463318  462.82061   59  172  912.86000  296.88595  67.5%   162 11562s

 553727 463955  346.79221   79  215  912.86000  296.89439  67.5%   162 11598s

 554450 464179  311.44391   69  210  912.86000  296.89439  67.5%   162 11632s

 554709 464951  476.53853   73  192  912.86000  296.90496  67.5%   162 11668s

 555632 466233  353.13374   51  219  912.86000  296.92061  67.5%   162 11706s

 557143 467751  505.64351   94  243  912.86000  296.94572  67.5%   163 11748s

 558784 468415  527.90812  114  188  912.86000  296.95417  67.5%   163 11779s

 559170 468415  636.27035  167  190  912.86000  296.95417  67.5%   162 11780s

 559501 469585  610.77856  176  204  912.86000  296.95417  67.5%   163 11815s

 560884 470629  516.40746  101  258  912.86000  296.96937  67.5%   163 11850s

 562114 471154  394.09582   48  339  912.86000  296.96937  67.5%   163 11877s

 562711 472192  460.57370   73  257  912.86000  296.98909  67.5%   163 11912s

 564062 472395  489.74072   62  195  912.86000  297.00533  67.5%   163 11932s

 564343 473337  366.63572   67  249  912.86000  297.00533  67.5%   163 11961s

 565462 473830  564.68356  120  162  912.86000  297.00533  67.5%   163 11983s

 566076 474551  326.33994   64  213  912.86000  297.00533  67.5%   163 12008s

 566903 475622  848.61244  202  146  912.86000  297.00533  67.5%   163 12038s

 568157 476332  533.66573   96  196  912.86000  297.05964  67.5%   163 12061s

 568945 477059  571.68492   47  214  912.86000  297.06174  67.5%   163 12087s

 569770 478139  427.46591   77  214  912.86000  297.06523  67.5%   163 12113s

 571022 478717  446.64497   56  249  912.86000  297.09640  67.5%   163 12136s

 571666 479557  497.09880   81  171  912.86000  297.09640  67.5%   163 12162s

 572588 480435  329.06656   47  227  912.86000  297.09709  67.5%   163 12189s

 573598 480860  666.17574  207  230  912.86000  297.09709  67.5%   163 12209s

 574098 481574  423.75490   71  232  912.86000  297.09709  67.5%   163 12236s

 575002 482393  661.47263   62  218  912.86000  297.13378  67.5%   163 12261s

 575993 482764     cutoff  144       912.86000  297.16318  67.4%   163 12281s

 576457 483626  318.99823   70  263  912.86000  297.16595  67.4%   163 12307s

 577501 484344  422.04490   60  159  912.86000  297.18813  67.4%   163 12334s

 578315 484807  498.90712   86  222  912.86000  297.18926  67.4%   163 12360s

 578897 485448  897.07679  194  105  912.86000  297.18926  67.4%   163 12381s

 579718 485866  553.30605  100  117  912.86000  297.21275  67.4%   163 12403s

 580197 486245  318.49994   48  173  912.86000  297.21938  67.4%   163 12424s

 580624 487390  404.90270   88  271  912.86000  297.21973  67.4%   163 12456s

 582014 488181  370.13250   70  183  912.86000  297.23904  67.4%   163 12483s

 582954 489154  309.57028   48  258  912.86000  297.23904  67.4%   163 12513s

 584218 490094  352.10718   59  176  912.86000  297.26244  67.4%   163 12543s

 585315 490418  503.80498   77  168  912.86000  297.26632  67.4%   163 12567s

 585673 491151  299.30868   61  303  912.86000  297.26632  67.4%   163 12589s

 586518 491578  547.04813  153  132  912.86000  297.26632  67.4%   163 12613s

 587107 492125  305.42680   47  196  912.86000  297.26632  67.4%   163 12637s

 587828 493297  532.94852  156  121  912.86000  297.26632  67.4%   163 12667s

 589268 493778  348.63364   81  294  912.86000  297.32534  67.4%   163 12687s

 589782 494790  434.72298  135  291  912.86000  297.32567  67.4%   163 12713s

 590960 495818  344.43146   66  179  912.86000  297.32642  67.4%   163 12741s

 592115 496323  301.14779   44  308  912.86000  297.34783  67.4%   163 12764s

 592679 497491  375.68686   82  183  912.86000  297.34783  67.4%   163 12799s

 594093 498064  686.63614   69  167  912.86000  297.38419  67.4%   163 12824s

 594790 499055  381.73702   84  206  912.86000  297.39752  67.4%   163 12858s

 595910 499939  373.72083   48  236  912.86000  297.40013  67.4%   163 12885s

 596959 500328  681.91907  149  177  912.86000  297.40013  67.4%   163 12902s

 597408 501217  427.21359   65  224  912.86000  297.41670  67.4%   163 12931s

 598463 501968  689.27716  127  141  912.86000  297.42584  67.4%   163 12959s

 599332 502398  383.30796   59  231  912.86000  297.42601  67.4%   163 12980s

 599823 503039  311.08063   36  262  912.86000  297.42601  67.4%   163 13005s

 600563 503741  614.31730  118  212  912.86000  297.42601  67.4%   163 13034s

 601283 503741  349.63201   62  269  912.86000  297.46723  67.4%   163 13035s

 601417 504130 infeasible   63       912.86000  297.46723  67.4%   163 13054s

 601908 505271  309.00944   60  391  912.86000  297.47605  67.4%   163 13081s

 603192 505605  768.77896  183  113  912.86000  297.47688  67.4%   163 13101s

 603566 506524  395.31373   66  152  912.86000  297.47688  67.4%   163 13130s

 604608 507410  387.98388   64  167  912.86000  297.49138  67.4%   163 13158s

 605636 507916 infeasible  185       912.86000  297.49146  67.4%   163 13179s

 606195 508437  480.42614  126  178  912.86000  297.49146  67.4%   163 13209s

 606794 509362  303.33755   47  301  912.86000  297.51582  67.4%   163 13238s

 607946 509934  319.24180   56  403  912.86000  297.52431  67.4%   163 13255s

 608595 510238  729.21169  106  195  912.86000  297.52431  67.4%   163 13274s

 608991 511075  360.72561   69  235  912.86000  297.52431  67.4%   163 13308s

 609903 511493  634.01539  148  244  912.86000  297.52431  67.4%   163 13335s

 610424 512124  344.94881   44  352  912.86000  297.57229  67.4%   163 13361s

 611135 512336  303.17809   63  217  912.86000  297.57229  67.4%   163 13398s

 611398 512669  579.94128   98  162  912.86000  297.57229  67.4%   163 13423s

 611800 513525  316.15438   32  361  912.86000  297.57229  67.4%   163 13456s

 612792 514218  515.99447  110  185  912.86000  297.57326  67.4%   163 13486s

 613602 515218  301.70386   50  321  912.86000  297.57326  67.4%   163 13519s

 614560 515218  352.17962   58  251  912.86000  297.57326  67.4%   163 13520s

 614780 516262  587.87558  146   92  912.86000  297.57326  67.4%   163 13549s

 616036 517099  605.82999   99  221  912.86000  297.61464  67.4%   163 13576s

 616973 517666  338.20431   49  303  912.86000  297.61727  67.4%   163 13598s

 617569 518314  603.00393  119  186  912.86000  297.61727  67.4%   163 13623s

 618334 519254  654.93172  156  156  912.86000  297.62844  67.4%   163 13650s

 619428 519841  456.28541  101  263  912.86000  297.62844  67.4%   163 13671s

 620043 520667  600.41315  174  209  912.86000  297.62844  67.4%   163 13699s

 621002 521623  479.74443  102  195  912.86000  297.64845  67.4%   163 13726s

 622056 522337  654.80926   71  182  912.86000  297.64845  67.4%   163 13757s

 622938 522710  416.56552   69  311  912.86000  297.64845  67.4%   163 13780s

 623350 523794  462.62697   96  245  912.86000  297.64845  67.4%   163 13814s

 624714 524127  330.93349   49  174  912.86000  297.69128  67.4%   163 13833s

 625087 525029 infeasible  104       912.86000  297.69128  67.4%   163 13862s

 626115 525250  508.10486   65  253  912.86000  297.70029  67.4%   163 13888s

 626370 525778  515.38460   70  284  912.86000  297.70029  67.4%   163 13914s

 626565 525778  334.63520   44  192  912.86000  297.70029  67.4%   163 13915s

 626994 526640  317.90163   52  296  912.86000  297.70029  67.4%   163 13941s

 628014 527280  553.76668  141  139  912.86000  297.70029  67.4%   163 13971s

 628735 528425  334.26688   55  193  912.86000  297.73663  67.4%   163 14001s

 630103 529170  395.57596   57  261  912.86000  297.73663  67.4%   163 14028s

 630949 529514  577.92066  159   95  912.86000  297.76960  67.4%   163 14050s

 631331 530554  539.40869   67  236  912.86000  297.76985  67.4%   163 14081s

 632578 531305  418.18738   60  148  912.86000  297.79276  67.4%   163 14110s

 633444 531847  430.39870   75  237  912.86000  297.79276  67.4%   163 14132s

 634075 532531  621.52467  132  186  912.86000  297.79276  67.4%   163 14168s

 634878 533366  459.17507   94  227  912.86000  297.80491  67.4%   163 14197s

 635796 534132  515.39752   85  205  912.86000  297.80491  67.4%   163 14221s

 636730 534550  424.20391  103  228  912.86000  297.83272  67.4%   163 14242s

 637150 534664  562.81382  175  164  912.86000  297.83295  67.4%   163 14286s

 637284 536406  562.65933  102  144  912.86000  297.83295  67.4%   163 14353s

 639279 536829  354.60562   54  271  912.86000  297.84645  67.4%   163 14383s

 639830 537221  324.33795   50  252  912.86000  297.85981  67.4%   163 14400s



Cutting planes:

  Learned: 21

  Gomory: 22

  Lift-and-project: 2

  Cover: 345

  Implied bound: 973

  Clique: 641

  MIR: 1200

  Mixing: 45

  StrongCG: 173

  Flow cover: 2407

  GUB cover: 30

  Inf proof: 8

  Zero half: 2261

  RLT: 200

  Relax-and-lift: 1266



Explored 640318 nodes (104464258 simplex iterations) in 14400.91 seconds (13001.17 work units)

Thread count was 16 (of 16 available processors)



Solution count 10: 912.86 918.83 931.76 ... 987.51



Time limit reached

Best objective 9.128600000000e+02, best bound 2.978598055468e+02, gap 67.3707%



AMPL MP initial flat model has 9015 variables (0 integer, 8939 binary);

Objectives: 1 quadratic; 

Constraints:  2255 linear; 9 quadratic;



AMPL MP final model has 9015 variables (0 integer, 8939 binary);

Objectives: 1 quadratic; 

Constraints:  2255 linear; 9 quadratic;





-----RESULTS INFO-----
running_time:  14411.891
TC.best_bound:  297.85980554681
TC:  912.8600000000001
MIP Gap (%):  67.37070245746227
=== Vehicle Routes ===
Vehicle 1: 0  3
Vehicle 1: 1  40
Vehicle 1: 3  1
Vehicle 1: 10  53
Vehicle 1: 31  33
Vehicle 1: 33  10
Vehicle 1: 40  31
Vehicle 2: 0  2
Vehicle 2: 2  48
Vehicle 2: 4  53
Vehicle 2: 11  4
Vehicle 2: 48  11
Vehicle 3: 0  5
Vehicle 3: 5  47
Vehicle 3: 30  53
Vehicle 3: 47  30
Vehicle 4: 0  45
Vehicle 4: 6  53
Vehicle 4: 7  6
Vehicle 4: 45  7
Vehicle 5: 0  52
Vehicle 5: 8  53
Vehicle 5: 9  8
Vehicle 5: 52  9
Vehicle 6: 0  51
Vehicle 6: 12  14
Vehicle 6: 14  53
Vehicle 6: 51  12
Vehicle 7: 0  13
Vehicle 7: 13  50
Vehicle 7: 50  53

=== Full Vehicle Routes ===
Vehicle 1: 0  3  1  40  31  33  10  0 (78<100)
Vehicle 2: 0  2  48  11  4  0 (90<100)
Vehicle 3: 0  5  47  30  0 (100<100)
Vehicle 4: 0  45  7  6  0 (96<100)
Vehicle 5: 0  52  9  8  0 (80<100)
Vehicle 6: 0  51  12  14  0 (93<100)
Vehicle 7: 0  13  50  0 (97<100)
Arc used by MRT line: y variables:
MRT used: 45  46
Customer assigment to PL: u variables:
15 50
16 47
17 46
18 47
19 46
20 52
21 46
22 50
23 51
24 52
25 48
26 48
27 51
28 48
29 51
32 51
34 50
35 50
36 47
37 50
38 45
39 48
41 51
42 51
43 47
44 47
Node is served by regular vehicle: g variables:
1
2
3
4
5
6
7
8
9
10
11
12
13
14
30
31
33
40
51
52
45
47
48
50
Customer assigment to Home delivery: gm variables:
1
2
3
4
5
6
7
8
9
10
11
12
13
14
30
31
33
40
Node total demands: ntd variables:
1 9 1
2 18 1
3 19 1
4 1 1
5 14 1
6 20 1
7 7 1
8 17 1
9 16 1
10 3 1
11 23 1
12 5 1
13 13 1
14 10 1
30 8 1
31 19 1
32 0 0
33 20 1
34 0 0
35 0 0
36 0 0
37 0 0
38 0 0
39 0 0
40 8 1
41 0 0
42 0 0
43 0 0
44 0 0
51 78 1
52 47 1
45 69 1
46 0 0
47 78 1
48 48 1
49 0 0
50 84 1
Customer's demand delivered to PL: l variables:
15
16
17
18
19
20
21
22
23
24
25
26
27
28
29
32
34
35
36
37
38
39
41
42
43
44
Lockers load <= capacity:
78 <= 89
47 <= 83
2 <= 73
67 <= 86
78 <= 86
48 <= 73
0 <= 91
84 <= 92
