Gurobi 12.0.3:   lim:time = 14400

  mip:bestbound = 1

Set parameter LogToConsole to value 1

  tech:outlev = 1

Set parameter Cuts to value 3

  cut:cuts = 3

Set parameter Presolve to value 2

  pre:solve = 2

Set parameter MIPFocus to value 2

  mip:focus = 2

Set parameter Symmetry to value 2

  mip:symmetry = 2

Set parameter InfUnbdInfo to value 1

Gurobi Optimizer version 12.0.3 build v12.0.3rc0 (win64 - Windows 11+.0 (26200.2))



CPU model: 13th Gen Intel(R) Core(TM) i7-13700K, instruction set [SSE2|AVX|AVX2]

Thread count: 16 physical cores, 24 logical processors, using up to 24 threads



Non-default parameters:

TimeLimit  14400

MIPFocus  2

Symmetry  2

Cuts  3

InfUnbdInfo  1

Presolve  2



Optimize a model with 2359 rows, 9534 columns and 59993 nonzeros

Model fingerprint: 0xf2a0ed5b

Model has 6 quadratic objective terms

Model has 13 quadratic constraints

Variable types: 77 continuous, 9457 integer (0 binary)

Coefficient statistics:

  Matrix range     [1e+00, 1e+05]

  QMatrix range    [1e+00, 1e+00]

  QLMatrix range   [1e+00, 2e+01]

  Objective range  [3e+00, 1e+02]

  QObjective range [2e+00, 2e+00]

  Bounds range     [1e+00, 1e+02]

  RHS range        [1e+00, 1e+05]

  QRHS range       [1e+02, 1e+02]

Presolve removed 115 rows and 310 columns

Presolve time: 0.89s

Presolved: 7907 rows, 14865 columns, 71332 nonzeros

Variable types: 1520 continuous, 13345 integer (13087 binary)

Root relaxation presolve removed 11 rows and 7 columns

Root relaxation presolved: 7893 rows, 14857 columns, 136458 nonzeros



Deterministic concurrent LP optimizer: primal and dual simplex

Showing primal log only...



Concurrent spin time: 0.01s



Solved with dual simplex



Root relaxation: objective 2.120402e+02, 918 iterations, 0.11 seconds (0.19 work units)



    Nodes    |    Current Node    |     Objective Bounds      |     Work

 Expl Unexpl |  Obj  Depth IntInf | Incumbent    BestBd   Gap | It/Node Time



     0     0  212.04015    0  160          -  212.04015      -     -    3s

     0     0  255.32258    0  133          -  255.32258      -     -    4s

     0     0  255.32258    0  127          -  255.32258      -     -    4s

     0     0  255.32258    0  129          -  255.32258      -     -    4s

     0     0  255.32258    0  181          -  255.32258      -     -    6s

     0     0  266.50303    0  157          -  266.50303      -     -    6s

     0     0  266.50428    0  181          -  266.50428      -     -    6s

     0     0  271.68468    0  232          -  271.68468      -     -    7s

     0     0  274.27369    0  210          -  274.27369      -     -    8s

     0     0  274.27369    0  208          -  274.27369      -     -    8s

     0     0  278.12958    0  157          -  278.12958      -     -    8s

     0     0  278.61625    0  194          -  278.61625      -     -    9s

     0     0  281.33191    0  214          -  281.33191      -     -   10s

     0     0  282.13294    0  257          -  282.13294      -     -   10s

     0     0  283.11143    0  236          -  283.11143      -     -   10s

     0     0  283.15935    0  225          -  283.15935      -     -   11s

     0     0  283.36162    0  255          -  283.36162      -     -   11s

     0     0  283.36162    0  255          -  283.36162      -     -   12s

     0     2  283.36197    0  255          -  283.36197      -     -   13s

   350   388  372.38989   12  195          -  285.31325      -   146   15s

  3004  2923  391.47268  225  193          -  285.31325      -  72.1   20s

  4418  4284  970.62373  395  126          -  285.31325      -  78.3   25s

  6532  5897  636.36689  198 3952          -  285.49144      -  74.8   30s

  6537  5900  453.06713  145  211          -  285.49144      -  74.7   35s

  6540  5902  509.57150  263  320          -  285.49144      -  74.7   40s

H 6541  5607                    1126.1700000  287.22146  74.5%  74.7   52s

H 6541  5327                    1118.0300000  287.22146  74.3%  74.7   52s

H 6541  5060                    1111.3000000  287.22146  74.2%  74.7   52s

H 6541  4807                    1089.0700000  287.22146  73.6%  74.7   52s

H 6541  4566                    1085.8800000  287.22146  73.5%  74.7   52s

H 6541  4338                    1085.7700000  287.22146  73.5%  74.7   52s

H 6541  4121                    1083.8100000  287.22146  73.5%  74.7   52s

H 6541  3915                    1062.2500000  287.22146  73.0%  74.7   52s

H 6541  3719                    1061.4200000  287.22146  72.9%  74.7   52s

H 6541  3533                    1054.5600000  287.22146  72.8%  74.7   52s

H 6541  3356                    1038.5500000  287.22146  72.3%  74.7   52s

H 6541  3188                    1036.1900000  287.22146  72.3%  74.7   52s

H 6541  3028                    1032.6100000  287.22146  72.2%  74.7   52s

H 6541  2877                    1022.6800000  287.22146  71.9%  74.7   52s

H 6541  2733                    1020.7000000  287.22146  71.9%  74.7   52s

H 6541  2596                    1013.7000000  287.22146  71.7%  74.7   52s

H 6541  2466                     998.8100000  287.22146  71.2%  74.7   52s

H 6541  2342                     997.3500000  287.22146  71.2%  74.7   52s

H 6542  2226                     994.3500000  289.94643  70.8%  74.7   53s

H 6542  2115                     989.2300000  289.94643  70.7%  74.7   53s

H 6542  2009                     986.1400000  289.94643  70.6%  74.7   53s

H 6542  1908                     971.6700000  289.94643  70.2%  74.7   53s

H 6542  1813                     970.2500000  289.94643  70.1%  74.7   53s

  6544  1814  874.60472  233  260  970.25000  289.98447  70.1%  74.7   55s

  6547  1816  467.90930  103  204  970.25000  290.38565  70.1%  74.6   60s

H 6547  1724                     963.4600000  290.38565  69.9%  74.6   62s

H 6547  1638                     961.4600000  290.38565  69.8%  74.6   62s

H 6547  1556                     949.5500000  290.38565  69.4%  74.6   62s

H 6548  1479                     948.6600000  290.38565  69.4%  74.6   72s

H 6548  1404                     922.6900000  290.38565  68.5%  74.6   72s

H 6548  1334                     921.5600000  290.38565  68.5%  74.6   72s

H 6548  1267                     914.8600000  290.38565  68.3%  74.6   72s

H 6548  1203                     909.9600000  290.38565  68.1%  74.6   72s

H 6548  1143                     907.5100000  290.38565  68.0%  74.6   72s

  6551  1145  365.73135  125  255  907.51000  290.60404  68.0%  74.6   76s

H 6551  1087                     898.8000000  290.64959  67.7%  74.6   77s

H 6551  1033                     896.8000000  290.64959  67.6%  74.6   77s

H 6551   981                     889.8000000  290.64959  67.3%  74.6   77s

  6554   983  461.90706  124  358  889.80000  290.82039  67.3%  74.5   80s

  6555   983  636.36689  198  294  889.80000  290.86293  67.3%  74.5   91s

H 6555   933                     870.4300000  290.87198  66.6%  74.5   93s

  6557   935  679.01366  221  321  870.43000  290.89425  66.6%  74.5   95s

  6560   937  337.30100   63  332  870.43000  291.15310  66.6%  74.5  100s

H 6564   892                     865.2400000  291.36547  66.3%  74.4  104s

  6566   894  291.36957    8  305  865.24000  291.36957  66.3%  74.4  105s

  6571   897  338.96795   77  601  865.24000  291.57954  66.3%  74.4  110s

  6577   901  317.73524  154  412  865.24000  292.15390  66.2%  74.3  115s

H 6580   857                     862.8400000  292.42422  66.1%  74.3  119s

H 6580   813                     850.5400000  292.42422  65.6%  74.3  119s

  6583   815  323.04537   49  436  850.54000  292.45566  65.6%  74.2  120s

H 6584   774                     849.7800000  292.52133  65.6%  74.2  122s

  6589   777  366.15681   30  429  849.78000  292.59252  65.6%  74.2  125s

H 6592   739                     841.2600000  292.70358  65.2%  74.1  129s

  6594   740  300.75544   22  455  841.26000  292.71711  65.2%  74.1  130s

  6599   744  294.91380   29  450  841.26000  292.85109  65.2%  74.0  136s

  6605   748  519.41035   40  500  841.26000  292.95858  65.2%  74.0  142s

  6609   750  300.36352   28  542  841.26000  293.44621  65.1%  73.9  145s

  6615   754  320.83439   36  525  841.26000  295.57031  64.9%  73.9  150s

H 6616   716                     839.5800000  295.94886  64.8%  73.8  153s

  6620   719  322.74162  133  611  839.58000  296.20557  64.7%  73.8  155s

  6627   723  297.71335   70  568  839.58000  297.71335  64.5%  73.7  160s

  6646   736  386.25913   78  578  839.58000  298.42989  64.5%  73.5  165s

  6672   753  303.91162   52  658  839.58000  298.59946  64.4%  73.2  170s

  6692   767  334.13540  109  595  839.58000  298.97675  64.4%  73.0  175s

H 6705   733                     828.2100000  299.05039  63.9%  72.9  178s

H 6710   698                     826.2000000  299.06624  63.8%  72.8  180s

  6723   708  323.30685   53 3952  826.20000  299.06634  63.8%  90.4  186s

  6728   711  459.57404  101  386  826.20000  299.12269  63.8%  90.3  192s

  6730   713  299.12687   26  395  826.20000  299.12687  63.8%  90.3  197s

H 6730   677                     818.9800000  299.12687  63.5%  90.3  198s

  6731   677  377.92918   12  482  818.98000  299.12687  63.5%  90.3  200s

  6733   679  626.25432  144  473  818.98000  299.28921  63.5%  90.3  206s

H 6738   647                     801.0400000  299.64053  62.6%  90.2  211s

H 6738   615                     800.9100000  299.64053  62.6%  90.2  211s

H 6739   585                     800.2400000  299.78810  62.5%  90.2  213s

H 6743   557                     799.2400000  299.81777  62.5%  90.1  216s

H 6743   529                     798.2400000  299.81777  62.4%  90.1  216s

  6749   533  749.48090  352  543  798.24000  299.97674  62.4%  90.0  221s

H 6756   510                     788.6000000  300.04169  62.0%  90.0  226s

H 6758   485                     772.4100000  300.14496  61.1%  89.9  229s

  6762   488  307.61861  169  571  772.41000  300.15128  61.1%  89.9  231s

  6763   489  502.52414  215  504  772.41000  300.37123  61.1%  89.9  235s

  6770   493  496.23531  188  534  772.41000  300.43760  61.1%  89.8  242s

  6777   498  317.73524  154  624  772.41000  300.43760  61.1%  89.7  245s

  6782   501  316.92697    8  548  772.41000  300.75896  61.1%  89.6  250s

H 6789   480                     772.1000000  300.92309  61.0%  89.5  252s

  6795   484  301.12618   25  570  772.10000  301.12618  61.0%  89.4  255s

H 6800   461                     764.3900000  301.29009  60.6%  89.4  258s

H 6800   437                     754.6400000  301.29009  60.1%  89.4  258s

  6805   441  519.41035   40  604  754.64000  301.29452  60.1%  89.3  260s

  6817   449  301.62819   75  614  754.64000  301.62819  60.0%  89.1  266s

  6827   455  301.95918   70  549  754.64000  301.95918  60.0%  89.0  270s

H 6834   435                     754.0900000  301.98233  60.0%  88.9  272s

  6840   439  509.57150  263  597  754.09000  302.03441  59.9%  88.8  275s

  6850   446  305.74295   43  583  754.09000  302.08061  59.9%  88.7  281s

  6859   452  302.08257   14  587  754.09000  302.08257  59.9%  88.6  285s

  6868   458  302.12202   10  565  754.09000  302.12202  59.9%  88.5  290s

  6873   461  386.18534  202  571  754.09000  302.12202  59.9%  88.4  295s

  6875   465  307.51320   23  321  754.09000  302.12202  59.9%  95.9  300s

  6889   489  325.15736   26  276  754.09000  304.50706  59.6%  98.2  306s

  6921   523  326.25969   28  300  754.09000  304.80987  59.6%   103  310s

  7051   616  328.66238   33  320  754.09000  304.80987  59.6%   110  315s

  7206   703  334.44742   35  301  754.09000  304.80987  59.6%   116  320s

  7346   793  334.31478   39  208  754.09000  304.80987  59.6%   123  325s

  7483   903  333.78011   41  225  754.09000  304.80987  59.6%   130  330s

  7552   961  333.82892   43  236  754.09000  304.80987  59.6%   135  335s

H 7650   969                     753.6200000  304.80987  59.6%   139  338s

  7665  1040  340.59260   46  198  753.62000  304.80987  59.6%   140  340s

  7966  1174  341.60293   54  210  753.62000  304.80987  59.6%   152  345s

  8043  1221  338.72536   58  230  753.62000  304.80987  59.6%   156  351s

  8108  1288  339.94707   59  227  753.62000  304.80987  59.6%   159  356s

  8202  1383  391.85376   62  241  753.62000  304.80987  59.6%   162  360s

  8461  1677  375.60975   68  252  753.62000  305.29335  59.5%   171  366s

  8787  1996  356.68911   74  229  753.62000  305.29335  59.5%   175  372s

H 8874  1996                     748.9600000  305.29335  59.2%   177  372s

  9054  2341  354.07905   80  263  748.96000  305.33690  59.2%   179  377s

  9290  2489  354.81923   84  253  748.96000  305.33690  59.2%   180  380s

  9711  2977  371.76374   91  178  748.96000  305.36059  59.2%   183  387s

H10011  2993                     742.8200000  305.36059  58.9%   183  391s

 10186  3338  418.47653  104  166  742.82000  305.36059  58.9%   185  397s

 10431  3570  316.96862   30  240  742.82000  305.36059  58.9%   186  401s

 10804  3919  332.27913   58  289  742.82000  305.36059  58.9%   188  408s

 11020  3936  341.31729   77  277  742.82000  305.36059  58.9%   190  411s

 11040  4067  341.39739   78  262  742.82000  305.36059  58.9%   190  415s

 11516  4413  384.80582  106  221  742.82000  305.36059  58.9%   190  422s

 11550  4523  385.95383  108  218  742.82000  305.36059  58.9%   190  426s

 11650  4537  402.34218  122  197  742.82000  305.36059  58.9%   190  431s

H11667  4644                     739.7100000  305.36059  58.7%   190  435s

 11777  4917  403.16310  124  186  739.71000  305.36059  58.7%   190  440s

 12578  5772  433.52141  202  207  739.71000  305.36059  58.7%   189  447s

 13074  6031  459.74606  274  197  739.71000  305.36059  58.7%   187  452s

 13372  6476  307.00887   31  389  739.71000  305.36059  58.7%   186  458s

 13979  6892  343.45003   45  323  739.71000  305.36059  58.7%   184  463s

 14493  7096  360.02529   61  235  739.71000  305.36059  58.7%   183  466s

 14748  7715  367.43632   75  297  739.71000  305.36059  58.7%   183  471s

 15425  8414  418.06285  103  353  739.71000  305.36059  58.7%   183  476s

 16276  9277  455.59200  114  304  739.71000  306.40542  58.6%   181  481s

 17240 10096  511.85933  167  211  739.71000  306.47528  58.6%   178  486s

 18158 10111  633.89285  259  161  739.71000  306.47528  58.6%   176  491s

 18174 10172  635.30026  260  156  739.71000  306.47528  58.6%   177  497s

 18241 10520  635.62399  261  154  739.71000  306.50141  58.6%   177  502s

 18600 11361  720.04774  304  145  739.71000  306.56806  58.6%   176  507s

 19500 12495  356.34803   48  326  739.71000  306.56806  58.6%   175  513s

 20655 13988  365.90513   70  321  739.71000  306.56806  58.6%   172  525s

 22527 14823  391.24002  105  158  739.71000  306.56806  58.6%   168  531s

 23887 15993  451.55230  222  158  739.71000  306.56806  58.6%   167  537s

 24547 16407  516.43287  306  132  739.71000  306.56806  58.6%   166  542s

 25049 16451  332.55663   43  300  739.71000  306.56806  58.6%   167  545s

 25299 16878  356.91114   87  250  739.71000  306.56806  58.6%   167  551s

 25524 17766  380.01706  108  268  739.71000  306.56806  58.6%   167  555s

 27395 19365  630.16383  345  231  739.71000  306.61319  58.5%   162  564s

 28261 20000  335.41140   64  270  739.71000  306.61319  58.5%   162  570s

 29033 20243  415.33882  107  196  739.71000  306.61319  58.5%   162  575s

 29289 21195  538.91102  151  158  739.71000  306.61319  58.5%   162  581s

 30366 22258  349.69524   43  255  739.71000  306.61319  58.5%   159  588s

 31507 23252  658.35276  115  132  739.71000  306.61319  58.5%   158  596s

 32612 24242  331.44728   64  223  739.71000  306.61319  58.5%   157  601s

 33695 25088  452.55233  179  150  739.71000  306.61319  58.5%   158  608s

 34583 25792  335.10678   41  268  739.71000  306.61319  58.5%   159  614s

 35328 27459  340.90967   61  280  739.71000  306.61319  58.5%   158  624s

 37212 28939  473.05719  178  185  739.71000  306.61319  58.5%   156  631s

 38825 30407  334.85181   40  271  739.71000  306.61319  58.5%   155  640s

 40429 31521  695.06772  117  128  739.71000  306.61319  58.5%   155  647s

 41689 33354  361.35536   40  234  739.71000  307.74917  58.4%   156  662s

 43918 34279  331.07491   41  262  739.71000  307.86437  58.4%   158  670s

 44903 35395  360.56969   69  178  739.71000  307.86437  58.4%   160  678s

 46163 38097  426.99017  135  142  739.71000  308.69914  58.3%   161  688s

 49090 39048  334.02606   55  237  739.71000  308.69914  58.3%   158  697s

 50264 40764  388.48381   88  212  739.71000  308.69914  58.3%   158  708s

 52198 41618  707.70768  304  152  739.71000  308.69914  58.3%   158  716s

 53164 43011  438.89234  108  127  739.71000  308.69914  58.3%   159  726s

 54760 43698  358.34298   74  252  739.71000  309.21027  58.2%   158  733s

 55563 45114  340.52807   50  233  739.71000  309.23925  58.2%   159  743s

 57180 47265  320.97334   46  328  739.71000  309.23925  58.2%   159  753s

 59471 48808  493.62588  143  200  739.71000  309.55646  58.2%   158  763s

 61157 50649  346.01088   49  291  739.71000  309.55646  58.2%   157  774s

 63261 52838  335.36643   44  320  739.71000  309.80619  58.1%   156  789s

 65732 53845  319.30878   55  194  739.71000  309.85377  58.1%   156  798s

 66958 54480 infeasible   93       739.71000  309.85377  58.1%   156  805s

 67767 55987  377.34652   54  247  739.71000  310.05751  58.1%   158  814s

 69452 57234  362.60375   51  244  739.71000  310.05751  58.1%   159  825s

 70865 58670  327.30498   39  305  739.71000  310.05751  58.1%   159  837s

 72447 60113  400.79871   99  119  739.71000  310.05751  58.1%   160  850s

 74081 60929  333.52720   54  304  739.71000  310.05751  58.1%   161  860s

 74959 61868  391.11547   90  275  739.71000  310.05751  58.1%   161  870s

 76043 63959  525.11915  154  178  739.71000  310.05751  58.1%   161  882s

 78489 66219  383.07657   98  159  739.71000  310.05751  58.1%   161  895s

 80939 67965  331.11678   45  324  739.71000  310.05751  58.1%   160  905s

 82799 69338  589.26185  104  223  739.71000  310.05751  58.1%   160  915s

 84287 69354  336.91283   54  309  739.71000  310.05751  58.1%   159  926s

H84303 83649                     737.2300000  310.05751  57.9%   159 1082s

H85303 83633                     735.1200000  310.05751  57.8%   159 1082s

H96303 83628                     734.3700000  311.04932  57.6%   161 1085s

 100303 84291  348.31390   47  224  734.37000  311.55448  57.6%   161 1098s

 101195 85842  466.55975   76  203  734.37000  311.80203  57.5%   162 1113s

 102913 86821  569.56535   82  195  734.37000  311.80203  57.5%   162 1127s

 104085 87800  452.16962   81  194  734.37000  312.12020  57.5%   162 1139s

 105253 89587  363.03813   51  235  734.37000  312.12020  57.5%   163 1158s

 107385 90512  442.05668   86  195  734.37000  312.48424  57.4%   163 1169s

 108473 91693  547.69092  132  171  734.37000  312.49654  57.4%   163 1182s

 109859 92885  372.87549   43  273  734.37000  312.49654  57.4%   164 1197s

 111486 94032  345.07718   43  220  734.37000  312.55623  57.4%   165 1211s

 112940 94688  339.22406   45  238  734.37000  312.82697  57.4%   166 1224s

 113700 96703  430.58565   85  228  734.37000  312.82697  57.4%   166 1239s

 115976 98394  355.97817   46  231  734.37000  312.82697  57.4%   167 1253s

 117902 99764  499.92161  144  219  734.37000  312.82697  57.4%   167 1268s

 119429 101262  377.96453   94  286  734.37000  312.82697  57.4%   167 1281s

 121172 102863  621.84134  197  227  734.37000  312.90313  57.4%   168 1295s

 123069 104332  320.18156   45  324  734.37000  312.91521  57.4%   168 1308s

 124789 105105  469.65663  122  235  734.37000  312.91521  57.4%   169 1317s

 125665 106656  522.92841  172  258  734.37000  312.91521  57.4%   169 1332s

 127373 108340  380.59936   49  251  734.37000  313.16237  57.4%   170 1349s

 129301 109499  371.89371   65  247  734.37000  313.38954  57.3%   170 1362s

 130705 111060  321.48746   36  564  734.37000  313.46139  57.3%   170 1377s

 132567 112004  399.26454   66  290  734.37000  313.57113  57.3%   171 1391s

 133597 113530  420.75444   67  273  734.37000  313.57113  57.3%   171 1407s

 135337 115292  568.28920   95  323  734.37000  313.59345  57.3%   171 1423s

 137327 116072  391.95557   69  387  734.37000  313.74031  57.3%   171 1435s

 138233 116204  485.30830  108  192  734.37000  313.74031  57.3%   172 1447s

 138380 117179  337.72800   45  259  734.37000  313.74031  57.3%   172 1461s

 139449 118696  520.11328  118  260  734.37000  313.74031  57.3%   172 1478s

 141212 120544  464.34547  120  209  734.37000  313.93056  57.3%   173 1496s

 143267 121276  337.45484   45  240  734.37000  313.94098  57.3%   173 1509s

 144140 123031  501.05174   86  200  734.37000  313.94098  57.3%   173 1528s

 146079 124712  382.73323   62  229  734.37000  313.94098  57.3%   173 1548s

 148053 126588  558.12729   82  193  734.37000  314.13696  57.2%   174 1565s

 150069 128255  414.60626   77  192  734.37000  314.13696  57.2%   174 1581s

 151969 129410  373.88586   51  229  734.37000  314.13696  57.2%   174 1595s

 153253 130586  618.94362  137  221  734.37000  314.13696  57.2%   174 1609s

 154581 131580  455.40425  100  160  734.37000  314.13696  57.2%   174 1622s

 155694 132567  412.91871   56  223  734.37000  314.13696  57.2%   174 1634s

 156163 132567  611.25208  154  185  734.37000  314.13696  57.2%   174 1635s

 156842 133929  345.52687   58  192  734.37000  314.13696  57.2%   174 1651s

 158487 133971  345.48421   48  226  734.37000  314.31083  57.2%   175 1660s

 158531 134385  345.54801   49  229  734.37000  314.31083  57.2%   175 1668s

 159002 134728  346.14989   50  228  734.37000  314.31083  57.2%   175 1675s

 159394 135648  346.14989   51  224  734.37000  314.38400  57.2%   175 1687s

 160474 136910  346.14989   52  227  734.37000  314.46941  57.2%   175 1703s

 161916 138037  348.67620   60  332  734.37000  314.49476  57.2%   175 1717s

 163197 139815  408.65758  110  231  734.37000  314.49476  57.2%   176 1737s

 165280 141517  409.47264   44  314  734.37000  314.54533  57.2%   176 1757s

 167302 143333  360.30178   65  277  734.37000  314.54533  57.2%   176 1780s

 169376 144486  622.66094  204  213  734.37000  314.60216  57.2%   176 1795s

 170814 146079  406.23037  105  182  734.37000  314.64276  57.2%   177 1812s

 172545 146623  334.21692   46  401  734.37000  314.64276  57.2%   177 1823s

 173201 148148  386.68471   67  353  734.37000  314.64276  57.2%   177 1841s

 174976 149854  657.37243  169  251  734.37000  314.64276  57.2%   178 1860s

 176850 151242  695.21838   86  184  734.37000  314.69848  57.1%   178 1879s

 177336 151242  719.87823  281  228  734.37000  314.69848  57.1%   178 1880s

 178538 152267  345.03420   49  403  734.37000  314.81008  57.1%   179 1894s

 179713 154067  468.19643  102  242  734.37000  314.81008  57.1%   179 1913s

 181685 155901  351.95030   55  327  734.37000  314.81008  57.1%   179 1932s

 183775 157361  518.88352  111  178  734.37000  314.81008  57.1%   179 1949s

 185488 158101  358.39853   67  234  734.37000  314.92615  57.1%   179 1961s

 186306 159999  314.96961   46  429  734.37000  314.92681  57.1%   179 1982s

 188450 161940  341.21681   61  276  734.37000  314.92681  57.1%   179 2011s

 190611 163382  507.15155  117  169  734.37000  314.99377  57.1%   179 2026s

 192185 164871  377.19349   67  355  734.37000  314.99377  57.1%   179 2041s

 193810 166083  651.38456  180  166  734.37000  314.99377  57.1%   179 2057s

 195156 167437  374.54620   85  286  734.37000  314.99377  57.1%   179 2074s

 196685 168268  556.37503  161  249  734.37000  315.21077  57.1%   180 2086s

 197708 169847  338.37244   54  286  734.37000  315.21077  57.1%   180 2106s

 199515 171678  429.42711  113  125  734.37000  315.28257  57.1%   180 2128s

 201549 173512  375.99295   75  247  734.37000  315.28257  57.1%   180 2148s

 203602 174483  711.64602  209  130  734.37000  315.28257  57.1%   180 2164s

 204865 175373  369.15984   48  281  734.37000  315.42569  57.0%   180 2178s

 206037 175931  444.21839   67  218  734.37000  315.47443  57.0%   181 2190s

 206780 177364  323.96375   55  222  734.37000  315.47443  57.0%   181 2209s

 208485 178753  621.17256  175  148  734.37000  315.47443  57.0%   182 2227s

 210075 180602  367.97346   88  225  734.37000  315.47443  57.0%   182 2252s

 212186 182304  348.85500   43  409  734.37000  315.56991  57.0%   182 2273s

 214095 182899  318.30656   31  367  734.37000  315.56991  57.0%   182 2285s

 214799 184647  347.97534   51  381  734.37000  315.65456  57.0%   183 2306s

 216740 186351  355.50671   56  201  734.37000  315.65456  57.0%   183 2329s

 218767 187505  366.28445   59  324  734.37000  315.65456  57.0%   182 2341s

 220027 189131  443.14996  114  254  734.37000  315.65456  57.0%   183 2361s

 221807 189680  343.93225   57  253  734.37000  315.65456  57.0%   182 2374s

 222491 191105  408.99433   94  198  734.37000  315.65456  57.0%   183 2393s

 224126 192780  363.97760   46  269  734.37000  315.65456  57.0%   183 2413s

 225970 193017  383.37380   62  226  734.37000  315.98155  57.0%   183 2440s

 226237 194127  387.38402   68  203  734.37000  315.98155  57.0%   183 2464s

 227121 194127  350.83634   59  389  734.37000  315.98155  57.0%   183 2465s

 227586 195481  368.56301   61  283  734.37000  315.98155  57.0%   183 2484s

 229034 195530     cutoff   93       734.37000  315.99466  57.0%   183 2496s

 229097 196171  368.83250   51  268  734.37000  315.99466  57.0%   183 2509s

 229839 197902  395.36085   73  188  734.37000  315.99466  57.0%   183 2532s

 231882 199178  465.48170  122  135  734.37000  316.06707  57.0%   183 2554s

 233434 199781  411.34164   48  174  734.37000  316.17292  56.9%   184 2571s

 234277 201735  318.03427   43  543  734.37000  316.17660  56.9%   184 2603s

 236569 203160  713.38611  146  125  734.37000  316.20413  56.9%   185 2627s

 238232 204703  709.17227  108  192  734.37000  316.29471  56.9%   185 2649s

 240034 206229  442.69110  100  181  734.37000  316.32045  56.9%   185 2671s

 241868 207730  498.87423   61  150  734.37000  316.39467  56.9%   186 2696s

 243729 208628  344.34579   79  284  734.37000  316.41804  56.9%   186 2711s

 244648 210756  390.42603  106  278  734.37000  316.41804  56.9%   187 2739s

 247254 212141  347.57753   53  405  734.37000  316.53305  56.9%   187 2758s

 248825 213870  324.63182   43  308  734.37000  316.53305  56.9%   187 2781s

 250822 215289  477.08732  121  278  734.37000  316.53305  56.9%   187 2800s

 252537 216373  500.49150   69  187  734.37000  316.58895  56.9%   187 2820s

 253843 218121  433.18466  122  199  734.37000  316.58895  56.9%   188 2843s

 255747 220381  326.63109   48  271  734.37000  316.65569  56.9%   188 2869s

 256183 220381  340.32644   56  254  734.37000  316.65569  56.9%   188 2870s

 258231 222393  455.33090  152  270  734.37000  316.65569  56.9%   188 2888s

 260416 222424  353.64168   45  176  734.37000  316.65569  56.9%   188 2906s

H260424 222162                     726.8600000  316.65569  56.4%   188 2906s

 260453 222708  358.27638   50  162  726.86000  316.65569  56.4%   188 2918s

 261037 224391  511.64132  100  177  726.86000  316.65569  56.4%   188 2939s

 262719 224391  497.99382  191  280  726.86000  316.72985  56.4%   188 2940s

 262974 225887  485.47216   98  202  726.86000  316.72985  56.4%   188 2962s

H263837 225003                     719.5800000  316.74500  56.0%   188 2962s

 264725 226630  505.71173  123  211  719.58000  316.75677  56.0%   188 2981s

 266427 228016  557.86317   98  158  719.58000  316.79988  56.0%   188 2999s

 267694 228016  682.76212  265  189  719.58000  316.79988  56.0%   188 3000s

 268043 229505  686.89440  153  157  719.58000  316.83401  56.0%   188 3018s

 269649 230777  461.54698  133  224  719.58000  316.83401  56.0%   188 3034s

 269990 230777  429.04584   82  214  719.58000  316.83401  56.0%   188 3035s

 271075 231638  368.33879   75  221  719.58000  316.84987  56.0%   188 3047s

 272021 233410  525.16048  126  228  719.58000  316.84987  56.0%   188 3068s

 273914 234909  373.61010   70  279  719.58000  316.86410  56.0%   188 3092s

 275590 236555  376.75552   43  361  719.58000  316.86410  56.0%   189 3109s

 277443 238007  393.06506   86  245  719.58000  316.92638  56.0%   189 3128s

 279067 238952  346.80883   61  283  719.58000  316.92638  56.0%   189 3145s

 280119 240160  349.09721   64  344  719.58000  316.92638  56.0%   189 3162s

 281464 240896  484.62985  147  284  719.58000  316.92638  56.0%   189 3176s

 282400 242491  561.57045  190  261  719.58000  316.92638  56.0%   189 3197s

 284230 244637  373.24392  100  270  719.58000  317.08468  55.9%   190 3222s

 286614 246511  362.65395   75  240  719.58000  317.08468  55.9%   190 3240s

 288616 247642  399.03188  120  207  719.58000  317.08468  55.9%   190 3255s

 289892 249536  363.46935   52  281  719.58000  317.17005  55.9%   190 3278s

 291993 251176  360.60194   72  205  719.58000  317.17005  55.9%   190 3296s

 293876 252831  342.03166   51  267  719.58000  317.20667  55.9%   190 3317s

 295741 254634  438.24632   64  305  719.58000  317.20667  55.9%   190 3336s

 297718 254728  491.47778  100  169  719.58000  317.20667  55.9%   190 3356s

 297841 255346  514.83800  104  211  719.58000  317.20667  55.9%   190 3378s

H297996 255216                     718.8400000  317.20667  55.9%   190 3378s

 298559 256933  629.57188  114  143  718.84000  317.20667  55.9%   190 3402s

 300598 258474  528.17779  117  218  718.84000  317.20667  55.9%   191 3426s

H301354 258421                     718.5200000  317.20667  55.9%   191 3426s

 302362 260119  520.81872  179  203  718.52000  317.20667  55.9%   191 3450s

H303304 258633                     711.9700000  317.20667  55.4%   191 3450s

 304224 259978  329.13966   41  375  711.97000  317.20667  55.4%   191 3466s

 305733 260686  544.11730  155  198  711.97000  317.20742  55.4%   191 3485s

 306544 261849  366.30415   48  356  711.97000  317.20742  55.4%   191 3504s

 308078 262996  347.61624   43  460  711.97000  317.47270  55.4%   192 3527s

 309580 264468  397.80711   53  237  711.97000  317.53313  55.4%   192 3551s

 311315 265908  424.97767   62  223  711.97000  317.53996  55.4%   193 3575s

 313112 266713  384.87309   41  435  711.97000  317.58585  55.4%   193 3599s

 314077 268453  321.44305   44  319  711.97000  317.58585  55.4%   193 3623s

 316064 269318  415.70025   97  145  711.97000  317.58585  55.4%   193 3643s

 317125 270545  481.73438  118  177  711.97000  317.58585  55.4%   194 3664s

 318586 272288  367.61990   56  294  711.97000  317.64475  55.4%   194 3689s

 320630 273776  374.56649   55  302  711.97000  317.67378  55.4%   195 3710s

 322301 274551  353.73243   49  235  711.97000  317.67378  55.4%   195 3723s

 323173 276410  482.06699  112  211  711.97000  317.70694  55.4%   195 3752s

 325283 278251  391.60858   78  262  711.97000  317.80107  55.4%   195 3778s

 327263 278724  425.29184   62  215  711.97000  317.80107  55.4%   195 3813s

 327782 280408  447.81984   83  210  711.97000  317.80107  55.4%   195 3843s

 329745 281118 infeasible   77       711.97000  317.83600  55.4%   195 3865s

 330602 282562  448.13410   44  322  711.97000  317.83600  55.4%   195 3887s

 332277 283794  372.57631   53  313  711.97000  317.92211  55.3%   196 3907s

 333713 285411  544.46456  123  281  711.97000  317.92211  55.3%   196 3931s

 335575 286339  366.96189   83  194  711.97000  317.93872  55.3%   196 3945s

 336555 288118  423.59804  134  216  711.97000  317.93872  55.3%   196 3973s

 338505 289484  608.36671  314  243  711.97000  317.97645  55.3%   196 3995s

 340115 290819  620.34077   52  191  711.97000  318.00194  55.3%   196 4016s

 341695 292733  586.35122  166  190  711.97000  318.08938  55.3%   196 4045s

 343880 294001  319.72589   47  541  711.97000  318.10934  55.3%   196 4066s

 345295 295231  346.92079   83  383  711.97000  318.11485  55.3%   197 4088s

 346717 296604  407.28478  154  328  711.97000  318.14317  55.3%   197 4113s

 348259 297026  574.22746  278  248  711.97000  318.14317  55.3%   197 4134s

 348695 298922  334.28154   57  190  711.97000  318.16259  55.3%   197 4161s

 350747 300631  363.06711   93  261  711.97000  318.18061  55.3%   197 4182s

 352648 302307  447.43457  100  231  711.97000  318.18061  55.3%   197 4209s

 354554 303860  357.79729   59  288  711.97000  318.18061  55.3%   197 4232s

 356229 305715  399.76589   34  257  711.97000  318.18061  55.3%   198 4255s

 358354 306356  492.47976   83  275  711.97000  318.18061  55.3%   198 4270s

 359271 306400  601.30322  111  187  711.97000  318.18061  55.3%   198 4308s

 359321 320325  588.94887  113  182  711.97000  318.22700  55.3%   198 4583s

 375321 321224  355.44628   57  281  711.97000  318.50796  55.3%   198 4608s

 376383 322402  433.10493  111  185  711.97000  318.50796  55.3%   198 4626s

 377792 323030  346.34563   52  417  711.97000  318.58138  55.3%   199 4643s

 378521 324595  521.23673   72  295  711.97000  318.58138  55.3%   199 4666s

 380235 326260  365.72180   55  277  711.97000  318.58138  55.3%   199 4693s

 382129 327747  498.78988  102  282  711.97000  318.58160  55.3%   199 4713s

 383771 328910  657.78343  173  193  711.97000  318.58160  55.3%   199 4733s

 385177 330462  359.96317   72  303  711.97000  318.68338  55.2%   199 4759s

 386856 331053  424.20872  139  405  711.97000  318.68338  55.2%   199 4776s

 387467 332730  448.66930  165  312  711.97000  318.69721  55.2%   199 4799s

 389277 333759  679.98583  349  264  711.97000  318.69786  55.2%   199 4814s

 390468 335260  325.84838   42  282  711.97000  318.72432  55.2%   199 4835s

 392247 336942  362.06743   51  197  711.97000  318.74431  55.2%   199 4861s

 394183 337436  601.74760   99  206  711.97000  318.76378  55.2%   199 4882s

 394796 338789  549.06648  105  221  711.97000  318.76378  55.2%   199 4905s

 396429 340162  319.39251   38  523  711.97000  318.76378  55.2%   199 4926s

 398034 342233  355.49482   89  338  711.97000  318.76378  55.2%   200 4952s

 400365 344017  453.45564  173  275  711.97000  318.76378  55.2%   200 4972s

 402358 344799  385.57041   48  281  711.97000  318.76378  55.2%   200 4990s

 403262 347880  489.28496   84  216  711.97000  318.76378  55.2%   200 5036s

 406743 349109  323.61695   37  318  711.97000  318.84042  55.2%   200 5059s

 408113 350811  644.06370   94  152  711.97000  318.84042  55.2%   200 5085s

 410030 352510  324.13149   49  297  711.97000  318.84042  55.2%   200 5106s

 411922 354256  438.93979  157  218  711.97000  318.84042  55.2%   200 5139s

 413867 354789  324.52905   54  234  711.97000  318.84042  55.2%   200 5162s

 414452 355588  353.26134   80  271  711.97000  318.84042  55.2%   200 5174s

 414632 355588  427.20000   64  234  711.97000  318.84042  55.2%   200 5175s

 415340 355752  546.39874  147  105  711.97000  318.84042  55.2%   200 5199s

 415525 357036  534.64891  150  125  711.97000  318.84042  55.2%   200 5223s

 417001 357835  555.52592  105  241  711.97000  318.84042  55.2%   200 5242s

 417892 359757  351.94010   57  375  711.97000  318.84042  55.2%   200 5268s

 420017 361670  646.07567  209  229  711.97000  318.97512  55.2%   200 5295s

 422146 363186     cutoff   95       711.97000  319.03346  55.2%   200 5328s

 423969 364917  435.35621  103  268  711.97000  319.04241  55.2%   201 5363s

 425922 365983  526.51548   89  158  711.97000  319.07147  55.2%   201 5384s

 427173 367970  383.43028   56  293  711.97000  319.08199  55.2%   201 5417s

 429339 368926  606.95712  223  205  711.97000  319.09312  55.2%   201 5434s

 430368 370586  348.18559   82  321  711.97000  319.09312  55.2%   201 5464s

 432189 372236  428.85521  189  289  711.97000  319.09312  55.2%   201 5487s

 434039 373429  349.30767   53  269  711.97000  319.17756  55.2%   201 5513s

 435492 375027  418.47146   98  252  711.97000  319.25170  55.2%   201 5543s

 437277 376396     cutoff   53       711.97000  319.25170  55.2%   201 5567s

 438947 376410  484.05120   99  194  711.97000  319.25355  55.2%   201 5610s

 438965 376426  484.88409  100  198  711.97000  319.29044  55.2%   201 5628s

 438981 376442  485.68296  101  212  711.97000  319.29044  55.2%   201 5637s

 438997 376454  485.85345  102  211  711.97000  319.29044  55.2%   201 5647s

 439017 376467  488.47335  103  182  711.97000  319.29044  55.2%   201 5661s

 439036 376482  558.26413  104  165  711.97000  319.29044  55.2%   201 5676s

 439052 376539  566.74661  105  142  711.97000  319.29044  55.2%   201 5696s

 439111 376645  630.95503  136  165  711.97000  319.29044  55.2%   201 5719s

H439339 376371                     710.8600000  319.29044  55.1%   201 5719s

 439340 377060  411.33883   75  225  710.86000  319.29044  55.1%   201 5737s

 440196 378657  385.70991   87  172  710.86000  319.29044  55.1%   201 5769s

 440322 378657  474.56261   85  188  710.86000  319.29044  55.1%   201 5770s

 442086 379684 infeasible  105       710.86000  319.33427  55.1%   202 5798s

 443307 380605  478.53164  100  150  710.86000  319.33427  55.1%   202 5818s

 444319 382674  435.44408   53  171  710.86000  319.33427  55.1%   202 5853s

 446745 384570  351.41638   50  268  710.86000  319.36335  55.1%   202 5895s

 448845 385841  339.57873   48  284  710.86000  319.38112  55.1%   202 5922s

 450204 387275  413.72761  114  247  710.86000  319.38112  55.1%   202 5949s

 451591 387275  334.95342   51  253  710.86000  319.38112  55.1%   202 5950s

 451780 388871  365.13631   52  221  710.86000  319.38112  55.1%   202 5979s

 453593 390264  631.03450  237  206  710.86000  319.38611  55.1%   202 6012s

 455101 391504  358.40157   49  311  710.86000  319.38705  55.1%   202 6040s

 456479 392884  618.44204  193  165  710.86000  319.38705  55.1%   202 6073s

 458057 393704  500.63020   65  204  710.86000  319.38705  55.1%   202 6101s

 458994 394471  340.72792   62  295  710.86000  319.38705  55.1%   202 6130s

 459851 395995  390.58740  143  253  710.86000  319.38705  55.1%   202 6162s

 461604 397090  677.82841  365  191  710.86000  319.42694  55.1%   202 6192s

 462893 398352  365.95990   63  303  710.86000  319.44029  55.1%   202 6221s

 464455 399543  324.33705   65  264  710.86000  319.54038  55.0%   203 6248s

 466043 400809  363.22415   41  350  710.86000  319.54252  55.0%   203 6274s

 466713 400809  428.57820   68  270  710.86000  319.54252  55.0%   203 6275s

 467493 402715  628.53713   81  259  710.86000  319.54252  55.0%   203 6316s

 469544 403382  613.41193   85  257  710.86000  319.54252  55.0%   203 6338s

 470313 404575  338.76863   58  240  710.86000  319.54252  55.0%   203 6373s

 471625 406213  408.34345  134  282  710.86000  319.54252  55.0%   203 6412s

 473518 407611  337.04710   47  282  710.86000  319.54252  55.0%   203 6453s

 475286 408479  376.25159   61  323  710.86000  319.61406  55.0%   203 6483s

 476286 410552  460.19027  104  184  710.86000  319.61406  55.0%   204 6527s

 478559 412019  604.18598  114  231  710.86000  319.61406  55.0%   203 6565s

 480231 413467  417.31933   63  255  710.86000  319.61406  55.0%   204 6599s

 481798 415054  517.72043   50  278  710.86000  319.61406  55.0%   204 6632s

 483500 416269  647.30657  118  140  710.86000  319.61406  55.0%   204 6667s

 484906 416906  393.00250   59  236  710.86000  319.61406  55.0%   204 6690s

 485597 418445  437.08654  102  229  710.86000  319.61406  55.0%   204 6733s

 487349 419736  355.10003   41  497  710.86000  319.73791  55.0%   204 6766s

 488924 421022  363.86013   46  266  710.86000  319.73791  55.0%   204 6801s

 490389 423166  342.93188   63  194  710.86000  319.73791  55.0%   204 6849s

 492751 424643  352.36808   51  316  710.86000  319.79515  55.0%   204 6880s

 494516 425086  323.22598   51  276  710.86000  319.84349  55.0%   204 6907s

 494987 425735  644.39147  112  157  710.86000  319.84349  55.0%   205 6930s

 495797 427277  339.56354   74  283  710.86000  319.84349  55.0%   205 6965s

 497507 428687     cutoff  151       710.86000  319.84349  55.0%   205 7003s

 499314 429573  465.80283   78  182  710.86000  319.90659  55.0%   205 7030s

 500344 431427  356.62182   77  257  710.86000  319.90665  55.0%   205 7072s

 502425 432953  462.71115   50  256  710.86000  319.95440  55.0%   205 7115s

 504219 435154  389.05826   63  299  710.86000  319.98552  55.0%   205 7155s

 506671 436846  386.50500   76  310  710.86000  319.99025  55.0%   205 7199s

 508518 438153  452.25404  158  291  710.86000  320.01170  55.0%   205 7236s

 510058 439193  678.09478  268  260  710.86000  320.01481  55.0%   205 7274s

 511318 441233  507.30916   99  171  710.86000  320.03738  55.0%   206 7329s

 511898 441233  435.06896   97  229  710.86000  320.04712  55.0%   206 7330s

 513643 442011  341.58040   57  272  710.86000  320.04712  55.0%   206 7358s

 514495 444310  360.41016   99  287  710.86000  320.04712  55.0%   206 7412s

 517012 446040  541.77566  278  218  710.86000  320.08248  55.0%   206 7458s

 518952 446086  415.89761   55  255  710.86000  320.08499  55.0%   206 7505s

 519006 446366  416.95884   56  260  710.86000  320.08499  55.0%   206 7522s

 519311 446976  422.40137   57  258  710.86000  320.08499  55.0%   206 7543s

 520070 447995  428.26803   58  281  710.86000  320.08499  55.0%   206 7568s

 521258 449400  429.11548   59  268  710.86000  320.14676  55.0%   206 7599s

 522807 450989  430.59324   60  274  710.86000  320.14676  55.0%   206 7644s

 524602 451874  430.59324   61  274  710.86000  320.14676  55.0%   206 7674s

 525387 451874  537.25128   95  195  710.86000  320.14676  55.0%   206 7675s

 525578 452447  437.46226   62  257  710.86000  320.14676  55.0%   206 7708s

 526207 454002  444.09202   63  292  710.86000  320.14676  55.0%   206 7755s

 527951 454860 infeasible   78       710.86000  320.14676  55.0%   206 7788s

 529070 457031  417.29019   61  303  710.86000  320.22223  55.0%   206 7847s

 531534 458592  385.71183   82  287  710.86000  320.28347  54.9%   206 7892s

 533329 459682  601.58290  116  206  710.86000  320.28347  54.9%   207 7927s

 534666 460906  371.54894   74  303  710.86000  320.28631  54.9%   207 7962s

 536098 461888  387.17401   63  228  710.86000  320.33805  54.9%   207 7990s

 537145 463804  585.48659  124  135  710.86000  320.33805  54.9%   207 8038s

 539324 465516  466.06030  140  243  710.86000  320.33805  54.9%   207 8087s

 541199 466334  354.41176   47  313  710.86000  320.39014  54.9%   207 8111s

 542060 468463  382.38476   65  297  710.86000  320.39014  54.9%   207 8163s

 544304 468463  382.66760  102  249  710.86000  320.39027  54.9%   207 8165s

 544532 470378  405.27806   98  294  710.86000  320.39027  54.9%   207 8210s

 546592 471918  356.70334   53  256  710.86000  320.39027  54.9%   207 8250s

 548270 473534  405.06497  117  280  710.86000  320.39103  54.9%   207 8287s

 550018 475121  532.06989  228  239  710.86000  320.42537  54.9%   207 8328s

 551697 476715  420.55522   65  309  710.86000  320.42537  54.9%   208 8373s

 553599 478411  423.90936   76  204  710.86000  320.47245  54.9%   208 8415s

 555543 479056  562.43813  113  168  710.86000  320.47245  54.9%   208 8441s

 556300 480483  341.80696   53  344  710.86000  320.47245  54.9%   208 8490s

 557975 482366  410.03741   45  342  710.86000  320.52912  54.9%   208 8542s

 560107 484045  341.24854   52  297  710.86000  320.54702  54.9%   208 8582s

 561953 485473  484.39752  130  163  710.86000  320.54702  54.9%   208 8622s

 563517 486637  436.08417   80  243  710.86000  320.54702  54.9%   208 8655s

 564757 487901  468.61293   89  159  710.86000  320.54702  54.9%   208 8698s

 566295 489030  376.17580   47  465  710.86000  320.63797  54.9%   208 8736s

 567613 489769  450.49453  127  324  710.86000  320.63797  54.9%   208 8763s

 568402 491589  653.05438  188  200  710.86000  320.64678  54.9%   208 8817s

 570522 493340  406.33564  154  245  710.86000  320.68036  54.9%   208 8858s

 572462 494636 infeasible  265       710.86000  320.70609  54.9%   208 8898s

 573940 496376  540.05250  137  235  710.86000  320.74404  54.9%   209 8945s

 575823 497913  611.13874   85  260  710.86000  320.74404  54.9%   209 8986s

 577543 499658  367.25805   67  430  710.86000  320.74404  54.9%   209 9033s

 579465 501016  352.02078   42  271  710.86000  320.74832  54.9%   209 9070s

 580934 501954  457.75183  133  289  710.86000  320.74832  54.9%   209 9096s

 581958 503569  345.17989   45  280  710.86000  320.74832  54.9%   209 9143s

 583576 503569  376.56415   75  280  710.86000  320.74832  54.9%   209 9145s

 583858 504536  588.46907  146  282  710.86000  320.74832  54.9%   209 9177s

 585074 505709  456.53396   68  256  710.86000  320.74832  54.9%   209 9222s

 586611 507115  386.13486   58  213  710.86000  320.85195  54.9%   210 9264s

 588220 508586  339.20147   59  235  710.86000  320.85195  54.9%   210 9312s

 589962 509957  447.83608  103  219  710.86000  320.88873  54.9%   210 9355s

 591591 510941  402.65244   67  274  710.86000  320.90339  54.9%   210 9388s

 592654 512565  535.49067  114  185  710.86000  320.90339  54.9%   210 9436s

 594611 513207  453.20914   52  225  710.86000  320.91108  54.9%   210 9464s

 595446 514771  455.87649   58  283  710.86000  320.91108  54.9%   210 9511s

 597234 516392  372.30035   81  213  710.86000  320.93645  54.9%   210 9560s

 599087 517922  359.32089   54  245  710.86000  320.93645  54.9%   211 9604s

 600779 519443  353.46239   44  450  710.86000  320.94688  54.9%   211 9643s

 602472 520211  414.66069  144  304  710.86000  320.94688  54.9%   211 9670s

 603294 521772  635.31363  253  204  710.86000  320.97014  54.8%   211 9718s

 605108 523030  484.09871  144  188  710.86000  320.97014  54.8%   211 9763s

 606534 524706  373.99350   45  311  710.86000  320.99012  54.8%   211 9805s

 608422 526473  570.92235  115  229  710.86000  321.02359  54.8%   211 9857s

 610398 527947  436.23195   88  218  710.86000  321.02359  54.8%   211 9905s

 612120 528634  403.52051   97  237  710.86000  321.02555  54.8%   211 9937s

 612897 530211  362.89558   53  248  710.86000  321.02555  54.8%   211 9992s

 614699 531732  442.48131  141  250  710.86000  321.02555  54.8%   211 10043s

 616351 533236  348.33686   38  265  710.86000  321.09681  54.8%   211 10084s

 618054 534487  322.07345   38  378  710.86000  321.10644  54.8%   211 10135s

 619472 536171  343.33645   75  285  710.86000  321.10644  54.8%   211 10200s

 621374 537781  412.27825  183  304  710.86000  321.13321  54.8%   211 10249s

 622109 537781  603.40647  110  218  710.86000  321.13321  54.8%   211 10250s

 623155 539018  341.67815   64  265  710.86000  321.13321  54.8%   211 10292s

 624499 539672  341.71529   61  264  710.86000  321.13321  54.8%   211 10327s

 625322 541037  532.77460   69  200  710.86000  321.13321  54.8%   211 10375s

 626977 542800  403.21659   84  206  710.86000  321.15954  54.8%   212 10436s

 629005 543717  344.84454   45  384  710.86000  321.23449  54.8%   212 10473s

 629980 545507  404.13375   74  261  710.86000  321.24092  54.8%   212 10535s

 631972 546931  446.27899   51  334  710.86000  321.25992  54.8%   212 10595s

 633550 548077  602.86373  112  203  710.86000  321.25992  54.8%   212 10648s

 634880 549662  382.00911   48  291  710.86000  321.25992  54.8%   212 10707s

 636917 551530  347.28245   92  253  710.86000  321.31930  54.8%   212 10756s

 638963 552945  676.73252  181  132  710.86000  321.31930  54.8%   212 10804s

 639456 552945  393.11638   60  179  710.86000  321.31930  54.8%   212 10805s

 640511 554592  392.24884  106  237  710.86000  321.31930  54.8%   213 10856s

 642415 556011  544.08743  248  140  710.86000  321.32704  54.8%   213 10903s

 644066 556787  448.76475   87  225  710.86000  321.33554  54.8%   213 10944s

 645036 558086  349.23156   54  280  710.86000  321.33554  54.8%   213 10995s

 646505 559913  405.14942   92  270  710.86000  321.33554  54.8%   213 11053s

 648466 561739  625.81388  165  153  710.86000  321.34952  54.8%   213 11103s

 650507 562543  359.43303   49  258  710.86000  321.38486  54.8%   213 11150s

 651453 563777  435.11439   58  253  710.86000  321.38486  54.8%   213 11200s

 652833 565391  401.36276   59  249  710.86000  321.38486  54.8%   213 11252s

 654702 566756  579.55365   96  123  710.86000  321.38486  54.8%   213 11307s

 656460 568204  653.98623   59  101  710.86000  321.38486  54.8%   213 11360s

 658227 570002  424.24518  100  290  710.86000  321.48472  54.8%   213 11408s

 660276 570749  529.73906  107  186  710.86000  321.48472  54.8%   213 11445s

 661116 573936  419.46849   49  266  710.86000  321.48472  54.8%   213 11550s

 664652 575286  638.44096  143  210  710.86000  321.54029  54.8%   213 11606s

 666278 576263  356.79171   52  307  710.86000  321.54029  54.8%   213 11655s

 667381 578101  525.29248  117  193  710.86000  321.54029  54.8%   213 11711s

 669417 579622  548.46631  122  133  710.86000  321.54029  54.8%   213 11752s

 671178 581465  386.18662   53  328  710.86000  321.54029  54.8%   214 11809s

 672674 581465  473.96427  122  282  710.86000  321.54029  54.8%   214 11810s

 673296 583250  500.40401  164  239  710.86000  321.54029  54.8%   214 11867s

 675350 584541  383.85798   40  221  710.86000  321.57003  54.8%   214 11902s

 676825 586194  341.04093   52  234  710.86000  321.57003  54.8%   214 11955s

 678664 587963  468.46661  138  174  710.86000  321.57003  54.8%   214 12002s

 680594 588898  325.66773   55  374  710.86000  321.63166  54.8%   214 12049s

 681877 589653  374.19083   62  253  710.86000  321.63166  54.8%   214 12087s

 682782 591918 infeasible   73       710.86000  321.63979  54.8%   214 12182s

H682783 591918                     710.8599999  321.63979  54.8%   214 12182s

 685530 593291 infeasible  133       710.86000  321.71554  54.7%   214 12256s

 687026 595779  670.70754  186  133  710.86000  321.71554  54.7%   214 12333s

 689364 595779  346.98070   80  196  710.86000  321.71554  54.7%   214 12335s

 689717 597331  351.31164   61  292  710.86000  321.72173  54.7%   214 12392s

 691472 597832  364.17607   51  281  710.86000  321.72173  54.7%   214 12450s

 692013 599404  431.09269   83  203  710.86000  321.72173  54.7%   214 12513s

 693737 601265  395.93615   74  265  710.86000  321.72173  54.7%   214 12575s

 695751 602787  645.42865  228  171  710.86000  321.76092  54.7%   214 12624s

 697506 604404  383.47967   53  275  710.86000  321.80046  54.7%   214 12686s

 699309 605619  337.56907   46  257  710.86000  321.80046  54.7%   214 12729s

 700585 607215  493.54708  127  198  710.86000  321.80046  54.7%   214 12787s

 702365 608452  337.48574   50  582  710.86000  321.81796  54.7%   214 12830s

 703871 609795  364.94882   62  368  710.86000  321.82245  54.7%   214 12884s

 704844 609795  427.36040   65  228  710.86000  321.82245  54.7%   215 12885s

 705399 611116  398.66185   73  312  710.86000  321.82245  54.7%   215 12943s

 706826 612802  531.22806  101  227  710.86000  321.82245  54.7%   215 13011s

 708773 614748  357.97285   57  211  710.86000  321.87724  54.7%   215 13069s

 709830 614748  342.83655   49  226  710.86000  321.87724  54.7%   215 13070s

 711067 615748  470.47487   65  187  710.86000  321.87724  54.7%   215 13110s

 712253 616587  398.13526   82  227  710.86000  321.89725  54.7%   215 13147s

 713153 618343  540.98646  154  236  710.86000  321.89725  54.7%   215 13207s

 715105 620135  385.69409   69  241  710.86000  321.89725  54.7%   215 13270s

 717082 621568  523.91975  116  188  710.86000  321.89725  54.7%   215 13338s

 718717 622689  438.67698   38  359  710.86000  321.89725  54.7%   215 13397s

 720123 623966  645.69875  152  210  710.86000  322.01573  54.7%   215 13454s

 720816 623966  377.19411   71  286  710.86000  322.01573  54.7%   215 13455s

 721739 624930  337.85284   54  255  710.86000  322.01573  54.7%   215 13511s

 722974 626135  511.87023   61  129  710.86000  322.02319  54.7%   215 13564s

 723254 626135  344.00943   51  225  710.86000  322.04840  54.7%   215 13565s

 724495 627050  399.92943  111  287  710.86000  322.08483  54.7%   215 13602s

 725448 629074  473.33627  180  214  710.86000  322.08551  54.7%   215 13680s

 727700 630614  342.93316   87  255  710.86000  322.09284  54.7%   215 13753s

 729245 630614  567.91230  198  300  710.86000  322.09284  54.7%   215 13755s

 729405 632081  538.18169  180  145  710.86000  322.09284  54.7%   215 13812s

 731131 633551  427.45069   89  221  710.86000  322.11060  54.7%   216 13875s

 732837 635283  505.67853   76  267  710.86000  322.13176  54.7%   216 13954s

 733387 635283  466.78905  175  253  710.86000  322.14516  54.7%   216 13955s

 734819 636621  401.67516   96  303  710.86000  322.14620  54.7%   216 14019s

 736303 638369  662.57292  212  192  710.86000  322.14666  54.7%   216 14071s

 738312 639314  424.63203  120  248  710.86000  322.18895  54.7%   216 14114s

 739313 640864  329.79799   42  579  710.86000  322.18895  54.7%   216 14174s

 740897 640864  460.87542  140  240  710.86000  322.18895  54.7%   216 14176s

 741014 642498  350.30646   64  486  710.86000  322.18895  54.7%   216 14242s

 742831 644558  377.13587  113  351  710.86000  322.19100  54.7%   216 14314s

 743617 644558  621.07326  189  164  710.86000  322.19100  54.7%   216 14315s

 745066 644574  559.66813  218  269  710.86000  322.19100  54.7%   216 14401s



Cutting planes:

  Learned: 12

  Gomory: 52

  Lift-and-project: 1

  Cover: 191

  Implied bound: 841

  Projected implied bound: 10

  Clique: 516

  MIR: 587

  Mixing: 55

  StrongCG: 89

  Flow cover: 1034

  GUB cover: 12

  Inf proof: 9

  Zero half: 1911

  RLT: 86

  Relax-and-lift: 590



Explored 745082 nodes (160872184 simplex iterations) in 14401.74 seconds (8614.47 work units)

Thread count was 24 (of 24 available processors)



Solution count 10: 710.86 710.86 711.97 ... 737.23



Time limit reached

Best objective 7.108600002989e+02, best bound 3.221909954325e+02, gap 54.6759%



AMPL MP initial flat model has 9534 variables (0 integer, 9457 binary);

Objectives: 1 quadratic; 

Constraints:  2359 linear; 13 quadratic;



AMPL MP final model has 9534 variables (0 integer, 9457 binary);

Objectives: 1 quadratic; 

Constraints:  2359 linear; 13 quadratic;





-----RESULTS INFO-----
running_time:  14417.391
TC.best_bound:  322.1909954324743
TC:  710.860000298922
MIP Gap (%):  54.675886208678136
=== Vehicle Routes ===
Vehicle 1: 0  6
Vehicle 1: 1  54
Vehicle 1: 6  33
Vehicle 1: 12  1
Vehicle 1: 15  12
Vehicle 1: 33  45
Vehicle 1: 41  15
Vehicle 1: 45  41
Vehicle 2: 0  2
Vehicle 2: 2  11
Vehicle 2: 9  54
Vehicle 2: 11  46
Vehicle 2: 46  9
Vehicle 3: 0  7
Vehicle 3: 3  54
Vehicle 3: 7  14
Vehicle 3: 14  51
Vehicle 3: 51  3
Vehicle 4: 0  53
Vehicle 4: 4  5
Vehicle 4: 5  54
Vehicle 4: 8  4
Vehicle 4: 53  8
Vehicle 5: 0  42
Vehicle 5: 10  54
Vehicle 5: 13  10
Vehicle 5: 42  13
Vehicle 6: 0  38
Vehicle 6: 38  52
Vehicle 6: 52  54
Vehicle 7: 0  40
Vehicle 7: 40  49
Vehicle 7: 49  54

=== Full Vehicle Routes ===
Vehicle 1: 0  6  33  45  41  15  12  1  0 (96<100)
Vehicle 2: 0  2  11  46  9  0 (83<100)
Vehicle 3: 0  7  14  51  3  0 (100<100)
Vehicle 4: 0  53  8  4  5  0 (70<100)
Vehicle 5: 0  42  13  10  0 (54<100)
Vehicle 6: 0  38  52  0 (98<100)
Vehicle 7: 0  40  49  0 (100<100)
Arc used by MRT line: y variables:
MRT used: 46  47
Customer assigment to PL: u variables:
16 49
17 46
18 51
19 47
20 52
21 53
22 46
23 51
24 49
25 52
26 49
27 49
28 49
29 52
30 52
31 52
32 51
34 52
35 49
36 51
37 52
39 51
43 49
44 47
Node is served by regular vehicle: g variables:
1
2
3
4
5
6
7
8
9
10
11
12
13
14
15
33
38
40
41
42
45
52
53
46
49
51
Customer assigment to Home delivery: gm variables:
1
2
3
4
5
6
7
8
9
10
11
12
13
14
15
33
38
40
41
42
45
Node total demands: ntd variables:
1 18 1
2 10 1
3 1 1
4 20 1
5 12 1
6 3 1
7 2 1
8 13 1
9 4 1
10 24 1
11 19 1
12 2 1
13 10 1
14 15 1
15 12 1
31 0 0
32 0 0
33 24 1
34 0 0
35 0 0
36 0 0
37 0 0
38 12 1
39 0 0
40 6 1
41 17 1
42 20 1
43 0 0
44 0 0
45 20 1
52 86.99999922447144 1
53 25.99999969784498 1
46 50.00000029983126 1
47 0 0
48 3.123768332410851e-07 0
49 94.00000047641159 1
50 0 0
51 82.00000004086405 1
Customer's demand delivered to PL: l variables:
16
17
18
19
20
21
22
23
24
25
26
27
28
29
30
31
32
34
35
36
37
39
43
44
Lockers load <= capacity:
86 <= 91
25 <= 72
21 <= 72
29 <= 95
0 <= 100
94 <= 98
0 <= 71
82 <= 84
