Gurobi 12.0.0:   lim:time = 14400

  mip:bestbound = 1

Set parameter LogToConsole to value 1

  tech:outlev = 1

Set parameter Cuts to value 3

  cut:cuts = 3

Set parameter Presolve to value 2

  pre:solve = 2

Set parameter MIPFocus to value 2

  mip:focus = 2

Set parameter Symmetry to value 2

  mip:symmetry = 2

Set parameter InfUnbdInfo to value 1

Gurobi Optimizer version 12.0.0 build v12.0.0rc1 (win64 - Windows 11.0 (26100.2))



CPU model: 11th Gen Intel(R) Core(TM) i7-11700 @ 2.50GHz, instruction set [SSE2|AVX|AVX2|AVX512]

Thread count: 8 physical cores, 16 logical processors, using up to 16 threads



Non-default parameters:

TimeLimit  14400

MIPFocus  2

Symmetry  2

Cuts  3

InfUnbdInfo  1

Presolve  2



Optimize a model with 2062 rows, 7527 columns and 47402 nonzeros

Model fingerprint: 0xdddd3821

Model has 2 quadratic objective terms

Model has 8 quadratic constraints

Variable types: 72 continuous, 7455 integer (0 binary)

Coefficient statistics:

  Matrix range     [1e+00, 1e+05]

  QMatrix range    [1e+00, 1e+00]

  QLMatrix range   [1e+00, 2e+01]

  Objective range  [3e+00, 1e+02]

  QObjective range [2e+00, 2e+00]

  Bounds range     [1e+00, 1e+02]

  RHS range        [1e+00, 1e+05]

  QRHS range       [1e+02, 1e+02]

Presolve removed 115 rows and 268 columns

Presolve time: 1.66s

Presolved: 6382 rows, 11683 columns, 57293 nonzeros

Variable types: 442 continuous, 11241 integer (10224 binary)

Root relaxation presolve removed 3 rows and 2 columns

Root relaxation presolved: 6379 rows, 11681 columns, 87664 nonzeros





Root relaxation: objective 1.874504e+02, 718 iterations, 0.10 seconds (0.12 work units)



    Nodes    |    Current Node    |     Objective Bounds      |     Work

 Expl Unexpl |  Obj  Depth IntInf | Incumbent    BestBd   Gap | It/Node Time



     0     0  187.45039    0  145          -  187.45039      -     -    3s

     0     0  280.36911    0  167          -  280.36911      -     -    5s

     0     0  280.36911    0  136          -  280.36911      -     -    5s

     0     0  280.36911    0  143          -  280.36911      -     -    5s

     0     0  280.71617    0  176          -  280.71617      -     -    6s

     0     0  284.97250    0  152          -  284.97250      -     -    6s

     0     0  284.97250    0  134          -  284.97250      -     -    6s

     0     0  288.73000    0  139          -  288.73000      -     -    8s

     0     0  288.75000    0  148          -  288.75000      -     -    8s

     0     0  289.56000    0   89          -  289.56000      -     -   10s

     0     0  289.94614    0  183          -  289.94614      -     -   10s

     0     0  290.52682    0  203          -  290.52682      -     -   11s

     0     0  290.59718    0  213          -  290.59718      -     -   11s

     0     0  290.68445    0  219          -  290.68445      -     -   12s

     0     0  290.68445    0  200          -  290.68445      -     -   12s

     0     2  290.68734    0  191          -  290.68734      -     -   13s

   227   225  296.43701   14   97          -  291.89014      -  92.6   15s

  1975  1716  319.11435   39  144          -  294.55272      -  44.2   20s

  1978  1718  302.68428   32  159          -  294.55272      -  44.1   26s

  1983  1722  303.56944   37  191          -  294.55272      -  44.0   30s

  1990  1726  361.90338   85  257          -  294.55272      -  43.9   36s

  1993  1728  457.01017  133  163          -  294.55272      -  43.8   41s

  1998  1732  303.96835   56  213          -  294.55272      -  43.7   46s

H 2001  1646                    1229.6600000  294.55272  76.0%  43.6   48s

H 2001  1564                    1218.5200000  294.55272  75.8%  43.6   48s

H 2001  1485                    1214.0500000  294.55272  75.7%  43.6   48s

  2005  1487  400.97680   85  229 1214.05000  294.55272  75.7%  43.5   50s

  2011  1491  312.03210   13  240 1214.05000  294.55272  75.7%  43.4   55s

H 2011  1416                    1205.6500000  294.55272  75.6%  43.4   56s

  2037  1454  296.06848   16  246 1205.65000  294.55272  75.6%  54.4   60s

H 2056  1387                    1180.6900000  294.55272  75.1%  56.5   60s

H 2105  1346                    1151.7100000  294.55272  74.4%  60.8   61s

H 2107  1280                    1147.5500000  294.55272  74.3%  60.9   61s

H 2112  1218                    1141.7300000  294.55272  74.2%  61.0   61s

H 2151  1194                    1140.4000000  294.55272  74.2%  64.0   62s

H 2201  1166                    1111.4200000  294.55272  73.5%  66.2   63s

H 2249  1136                    1103.3000000  294.55272  73.3%  68.3   64s

  2252  1153  351.27597   29   90 1103.30000  294.55272  73.3%  68.2   65s

H 2286  1100                    1093.3400000  294.55272  73.1%  69.5   65s

H 2341  1082                    1091.4300000  294.55272  73.0%  71.1   66s

H 2343  1037                    1063.0400000  294.55272  72.3%  71.1   66s

H 2357  1002                    1061.6400000  294.55272  72.3%  71.2   66s

H 2463  1020                    1061.0600000  294.55272  72.2%  73.7   68s

  2554  1057  506.39307   58  108 1061.06000  295.22313  72.2%  76.6   70s

H 2603  1041                     998.1800000  295.22313  70.4%  77.6   70s

H 2614  1022                     976.2300000  295.22313  69.8%  77.9   71s

H 2693  1028                     968.4700000  295.22313  69.5%  79.0   71s

H 2848  1081                     942.2700000  295.22313  68.7%  80.4   73s

  2903  1147  559.44104   90   99  942.27000  295.22313  68.7%  81.1   75s

H 2919  1110                     939.1800000  295.22313  68.6%  81.2   75s

H 3004  1119                     935.4600000  295.22313  68.4%  83.1   76s

H 3077  1129                     934.6000000  295.22313  68.4%  84.6   77s

  3241  1244  579.88529  116  108  934.60000  295.31434  68.4%  85.5   80s

H 3321  1218                     932.2700000  295.31434  68.3%  85.8   80s

  3879  1731  296.32878   26  117  932.27000  295.52091  68.3%  84.6   85s

H 4388  2043                     932.1200000  295.52091  68.3%  84.9   89s

H 4405  2038                     910.9100000  295.52091  67.6%  84.8   89s

  4415  2118 infeasible  166       910.91000  295.52091  67.6%  84.8   90s

  5523  2935  340.15320   30  135  910.91000  295.52091  67.6%  81.6   96s

H 5526  2933                     904.1500000  295.52091  67.3%  81.6   96s

  5689  3227  348.82935   46  114  904.15000  295.52091  67.3%  81.3  100s

  6197  3782  303.57177   29  158  904.15000  295.83732  67.3%  81.5  105s

  6755  4028  387.90758   57  112  904.15000  295.83948  67.3%  81.2  110s

  7910  5108  339.94207   27  120  904.15000  295.83948  67.3%  79.7  116s

  9088  6087 infeasible  218       904.15000  295.99866  67.3%  81.9  121s

 10103  7032  395.14745   29  104  904.15000  296.07717  67.3%  81.3  125s

 11108  8048  747.96274  158  100  904.15000  296.07717  67.3%  80.9  131s

 11789  8266  709.09177   83  100  904.15000  296.07717  67.3%  82.4  136s

H11964  8436                     891.5400000  296.07717  66.8%  82.2  138s

 12060  8724  716.92404   99   90  891.54000  296.07717  66.8%  82.5  141s

H12707  9400                     867.1600000  296.14064  65.8%  81.8  144s

 13215  9638  647.65615  156  103  867.16000  296.14064  65.8%  81.7  146s

 13988 10122  545.11948   98  125  867.16000  296.14064  65.8%  81.6  152s

 14103 10673  547.62052   99  133  867.16000  296.14064  65.8%  81.5  155s

 14708 10966  817.65559  192   93  867.16000  296.14064  65.8%  80.9  160s

 15051 11339  405.96522   50  121  867.16000  296.14064  65.8%  81.2  166s

H15450 11049                     811.9700000  296.14064  63.5%  81.2  166s

H15453 10942                     795.9800000  296.14064  62.8%  81.2  173s

 15507 11508  405.44468   45  135  795.98000  296.14064  62.8%  81.3  181s

 16139 13778  445.88891   74  120  795.98000  296.44548  62.8%  81.6  188s

 18790 13896  730.95171  162   98  795.98000  296.61840  62.7%  79.8  192s

 18944 14320  339.47460   42  122  795.98000  296.61840  62.7%  80.2  195s

 19847 15688  597.34601  101  137  795.98000  296.61840  62.7%  80.2  203s

 21025 16524  338.47453   25  150  795.98000  296.84559  62.7%  79.5  207s

 21978 17741  334.58570   45  136  795.98000  296.85407  62.7%  79.1  211s

 23341 18860  686.14844   93   91  795.98000  296.85620  62.7%  78.0  215s

 25233 20085  535.86333   80  162  795.98000  296.93817  62.7%  78.3  222s

 26121 20788  553.80970   96  124  795.98000  296.94181  62.7%  78.8  226s

 26939 21886  346.00271   41  137  795.98000  296.94206  62.7%  78.6  230s

 29368 23009  479.29974  107  137  795.98000  296.94325  62.7%  77.8  241s

 29376 29921  522.21046  108  131  795.98000  296.94325  62.7%  77.8  307s

H31377 29902                     792.4100000  296.94327  62.5%  78.9  307s

 37376 30701  411.37032   65  125  792.41000  296.94788  62.5%  79.0  314s

 38300 31069  487.56504  123  149  792.41000  296.94863  62.5%  79.1  321s

 38679 32989     cutoff  169       792.41000  296.94921  62.5%  79.0  328s

 40961 33840  321.33491   45  151  792.41000  296.95291  62.5%  78.2  334s

 42096 34496  346.75474   44  129  792.41000  296.95300  62.5%  78.7  340s

 42922 34515  365.52557   58  132  792.41000  296.95318  62.5%  78.8  346s

H42937 34514                     792.2900000  296.95318  62.5%  78.8  346s

 42941 35419  407.46534   70  154  792.29000  296.95318  62.5%  78.8  351s

 43959 36419  298.20686   30  158  792.29000  296.95318  62.5%  78.4  359s

 45096 37200  324.51256   50  159  792.29000  296.95318  62.5%  78.0  363s

 45999 37503  324.61461   31  146  792.29000  296.95318  62.5%  77.8  367s

 46376 37846  337.64260   37  169  792.29000  296.95318  62.5%  78.0  371s

 46812 38076  399.87089   59  140  792.29000  296.95318  62.5%  78.0  376s

 47069 38674  530.15836   96   99  792.29000  297.02487  62.5%  78.3  381s

 47781 39793  362.53478   35  114  792.29000  297.02487  62.5%  78.4  387s

 49189 40519  297.78234   37  167  792.29000  297.04620  62.5%  78.2  392s

 49997 41565  441.70405   80  175  792.29000  297.04620  62.5%  78.0  397s

 51246 42204  369.54097   45  125  792.29000  297.09968  62.5%  78.0  401s

 51985 43295  427.89126   67  153  792.29000  297.10341  62.5%  78.0  406s

 53216 44200  615.88267   77  143  792.29000  297.17083  62.5%  77.8  410s

 54299 44208  733.95455  119  122  792.29000  297.20626  62.5%  77.7  415s

 54307 44419  735.04286  120  121  792.29000  297.20626  62.5%  77.7  420s

 55452 45515 infeasible   61       792.29000  297.20626  62.5%  78.0  428s

 55877 46579  337.75361   38  119  792.29000  297.25426  62.5%  78.2  433s

 57108 47246  377.83586   58  149  792.29000  297.33431  62.5%  78.3  437s

 57852 47793  628.37242  124  147  792.29000  297.33431  62.5%  78.0  441s

 58640 48593  756.10250  176  102  792.29000  297.35710  62.5%  78.1  449s

 59644 49533  724.47584  149  131  792.29000  297.38323  62.5%  78.3  454s

 60706 49934 infeasible  119       792.29000  297.44058  62.5%  78.5  458s

 61214 50656  300.68987   28  171  792.29000  297.44058  62.5%  78.6  463s

 62026 51536  496.81576   55  119  792.29000  297.50096  62.5%  78.8  468s

 63000 52063  351.33229   35  201  792.29000  297.56312  62.4%  78.8  472s

 63664 52776  302.13817   31  173  792.29000  297.56916  62.4%  78.8  477s

 64533 53569  298.98344   34  203  792.29000  297.56962  62.4%  79.1  481s

 65527 53576  449.56227   58  123  792.29000  297.62076  62.4%  79.4  486s

 65536 53736  470.26758   59  145  792.29000  297.62076  62.4%  79.4  490s

 66116 55036  442.17851  115  101  792.29000  297.62076  62.4%  79.6  499s

 66387 55036  557.04204   84  179  792.29000  297.62076  62.4%  79.5  500s

 68014 56991  460.82910   67  144  792.29000  297.64913  62.4%  79.5  509s

 69416 57458  474.04681   53  125  792.29000  297.70049  62.4%  79.3  513s

 70034 58001  430.40695   70  118  792.29000  297.73505  62.4%  79.4  518s

 70758 58474  356.63166   41  137  792.29000  297.78554  62.4%  79.9  523s

 71284 58781  369.32376   65  109  792.29000  297.78554  62.4%  80.5  527s

 71683 59167  346.83536   89  137  792.29000  297.78558  62.4%  81.0  532s

 72129 59450  439.91883  107  112  792.29000  297.78684  62.4%  81.3  536s

 72515 60481  313.12603   42  123  792.29000  297.79161  62.4%  81.3  541s

 73750 61140  326.87582   28  138  792.29000  297.84145  62.4%  81.5  548s

 74558 61485  366.41236   31  111  792.29000  297.86416  62.4%  81.6  554s

 74929 62342  369.37243   32   90  792.29000  297.86416  62.4%  81.7  560s

 75966 63501  527.09152  101  155  792.29000  297.86416  62.4%  81.8  567s

 77487 63843  420.90114   78  147  792.29000  297.93746  62.4%  82.0  572s

 77952 64720  299.13813   32  137  792.29000  297.96370  62.4%  82.1  577s

 78920 64728  598.08999   98  140  792.29000  297.96370  62.4%  82.1  583s

 78928 64827  656.66373   99  121  792.29000  297.96370  62.4%  82.1  588s

 79027 65589  668.10489  100  128  792.29000  297.96370  62.4%  82.2  594s

 79852 66481  671.14411  101  130  792.29000  297.97987  62.4%  82.0  600s

 80898 67596  329.55509   31  105  792.29000  298.04052  62.4%  81.9  605s

 82119 68534  329.83282   55  139  792.29000  298.04085  62.4%  82.0  610s

 83101 69184  602.67181  203  138  792.29000  298.04085  62.4%  81.9  615s

 83817 70194  342.16853   38  123  792.29000  298.04085  62.4%  81.9  621s

 84920 71169  560.47754  103  135  792.29000  298.04085  62.4%  81.8  626s

 85968 71636  373.68584   58  130  792.29000  298.04085  62.4%  81.7  632s

 86489 72059  662.40602  148  121  792.29000  298.04085  62.4%  81.8  637s

 86987 72962  350.68862   57  121  792.29000  298.04085  62.4%  82.0  642s

 88031 73863  380.66787   44  152  792.29000  298.04594  62.4%  82.2  647s

 89022 74531  351.11482   37  140  792.29000  298.04594  62.4%  82.1  654s

 89822 75498  460.40068   70  177  792.29000  298.04594  62.4%  82.3  661s

 90912 75988  467.72641   70  172  792.29000  298.05911  62.4%  82.3  665s

 91453 76517  572.79971  101  136  792.29000  298.05911  62.4%  82.3  671s

 92069 77341 infeasible   98       792.29000  298.07047  62.4%  82.5  677s

 93019 78579  574.91924  102  140  792.29000  298.08849  62.4%  82.8  683s

 94485 79134  313.49362   39  130  792.29000  298.12021  62.4%  82.6  687s

 95156 79996  511.22254  124  132  792.29000  298.12021  62.4%  82.8  692s

 96231 80620  457.43199   70   90  792.29000  298.20158  62.4%  83.1  698s

 96975 80843  446.02505   82  194  792.29000  298.23257  62.4%  83.1  702s

 97237 82192  453.47013   92  202  792.29000  298.23257  62.4%  83.2  708s

 98784 83005  475.39317   36  131  792.29000  298.23819  62.4%  82.9  713s

 99671 84138  347.53412   49  143  792.29000  298.23819  62.4%  82.9  718s

 100920 84430  685.20485  235  130  792.29000  298.23819  62.4%  82.7  722s

 101266 85426  323.82330   46  152  792.29000  298.23819  62.4%  82.8  728s

 102361 85434  308.52564   33  166  792.29000  298.23819  62.4%  82.6  734s

 102369 85571  313.92014   34  119  792.29000  298.23819  62.4%  82.6  739s

 102545 85796  316.73424   35  150  792.29000  298.23819  62.4%  82.7  744s

 102863 86055  360.39923   42  191  792.29000  298.23819  62.4%  82.8  748s

 103220 86885  465.65559   50  203  792.29000  298.38340  62.3%  82.9  753s

 104121 87392  417.52401   51  161  792.29000  298.38340  62.3%  82.8  759s

 104750 88713  417.52401   52  161  792.29000  298.39611  62.3%  82.8  767s

 106346 89642  550.40421   50  110  792.29000  298.41076  62.3%  83.0  772s

 107525 90374 infeasible  237       792.29000  298.42322  62.3%  83.0  776s

 108300 91394  505.19694  101  135  792.29000  298.42322  62.3%  83.0  782s

 109512 91808  330.74973   36  156  792.29000  298.42322  62.3%  82.8  786s

 109967 92357  365.92587   45  103  792.29000  298.42322  62.3%  82.9  790s

 110579 93064     cutoff  227       792.29000  298.42322  62.3%  82.9  795s

 111966 93566 infeasible   60       792.29000  298.51791  62.3%  83.3  800s

 112622 94582  298.64711   31  149  792.29000  298.51791  62.3%  83.3  809s

 113260 95339  408.97027   84  199  792.29000  298.51896  62.3%  83.4  813s

 114045 96234  338.36164   39  126  792.29000  298.51896  62.3%  83.4  818s

 115071 96955  390.46141   89  150  792.29000  298.51896  62.3%  83.3  823s

 115844 97180  440.28907  108  177  792.29000  298.51896  62.3%  83.2  827s

 116116 98257  482.06766  104  152  792.29000  298.61651  62.3%  83.2  832s

 117341 99189  366.13089   41  123  792.29000  298.63032  62.3%  83.1  837s

 118435 100112  543.39530   73  151  792.29000  298.64799  62.3%  83.2  842s

 119501 100417 infeasible   84       792.29000  298.66021  62.3%  83.1  848s

 119957 101192  380.82739   44  119  792.29000  298.69388  62.3%  83.5  858s

 120865 101283  568.94718  108  103  792.29000  298.69561  62.3%  84.2  870s

 120971 102148  551.17164  108  111  792.29000  298.69561  62.3%  84.2  882s

 122088 103232  321.56586   26  204  792.29000  298.69623  62.3%  84.3  892s

 123332 104348  349.80825   67  147  792.29000  298.70153  62.3%  84.3  901s

 124525 105699  547.50635   46  142  792.29000  298.70153  62.3%  84.3  911s

 126000 106421  421.01244  122  150  792.29000  298.73922  62.3%  84.3  917s

 126816 107458  345.53285   40  134  792.29000  298.77427  62.3%  84.5  926s

 127973 108439  357.22088   48  180  792.29000  298.77427  62.3%  84.5  933s

 129100 109504  351.13838   34  108  792.29000  298.81258  62.3%  84.5  940s

 130275 109968  345.42314   54  151  792.29000  298.81310  62.3%  84.5  946s

 130770 111043  468.19057  100  144  792.29000  298.81310  62.3%  84.5  953s

 131981 111890  657.14477  156  124  792.29000  298.83530  62.3%  84.4  960s

 132935 113015     cutoff  194       792.29000  298.84464  62.3%  84.3  967s

 134207 113775  407.88761   49  132  792.29000  298.88649  62.3%  84.3  974s

 135049 114903  353.95652   36  132  792.29000  298.88649  62.3%  84.3  980s

 136750 116287  379.39767   65  166  792.29000  298.90332  62.3%  84.4  989s

 137843 117206  470.54856   89  117  792.29000  298.96367  62.3%  84.4  994s

 138913 118457  420.75052   64  171  792.29000  298.97235  62.3%  84.5 1000s

 141286 119732  423.11957   82  155  792.29000  299.01611  62.3%  84.2 1008s

 141689 120716  508.75285  118  158  792.29000  299.01611  62.3%  84.2 1013s

 142751 121452  323.77857   46  176  792.29000  299.03062  62.3%  84.1 1017s

 143645 122425  333.57486   25  148  792.29000  299.07995  62.3%  84.1 1022s

 144709 123175  722.85215  124  190  792.29000  299.07995  62.3%  84.0 1026s

 145564 123611  299.65112   34  226  792.29000  299.12112  62.2%  84.0 1030s

 146637 124940  595.64857  164  106  792.29000  299.12112  62.2%  84.0 1039s

 147624 125687  636.50199   86  114  792.29000  299.19113  62.2%  83.9 1043s

 148510 126534  592.53237  143  132  792.29000  299.19113  62.2%  84.0 1048s

 149491 127780  349.65761   59  164  792.29000  299.23065  62.2%  83.9 1056s

 151115 128821  492.85901   70  160  792.29000  299.26298  62.2%  83.8 1064s

 152111 129955  382.10880   46  129  792.29000  299.29787  62.2%  83.8 1069s

 153310 130846  328.08876   31  150  792.29000  299.29787  62.2%  83.7 1074s

 154334 131406  537.39906  153  136  792.29000  299.29787  62.2%  83.6 1078s

 155020 131770  307.84115   34  229  792.29000  299.29787  62.2%  83.5 1081s

 155447 132509  385.27748   61  164  792.29000  299.35612  62.2%  83.6 1085s

 157036 133859  347.40521   43  134  792.29000  299.40554  62.2%  83.6 1093s

 157856 134249  459.12934  100   97  792.29000  299.40554  62.2%  83.7 1097s

 158386 135002  330.79436   33  134  792.29000  299.43079  62.2%  83.7 1102s

 159245 135522  407.68668   46  152  792.29000  299.43079  62.2%  83.7 1106s

 159793 136125  532.85073  120  151  792.29000  299.43079  62.2%  83.7 1110s

 161047 137157  529.27559   99  104  792.29000  299.44427  62.2%  84.1 1118s

 161904 137377  640.26259   98  132  792.29000  299.44662  62.2%  84.1 1122s

 162180 138092  391.08688   32  175  792.29000  299.45211  62.2%  84.3 1126s

 163027 138886  327.29268   39  174  792.29000  299.45764  62.2%  84.3 1131s

 163927 139888  544.06302  156  164  792.29000  299.45764  62.2%  84.4 1139s

 165024 140874  441.47475   44  163  792.29000  299.50493  62.2%  84.3 1144s

 166159 141507  645.39876  132  111  792.29000  299.51980  62.2%  84.2 1149s

 166909 142004  549.35264  155  123  792.29000  299.53786  62.2%  84.2 1152s

 167425 142909  684.33308  238  146  792.29000  299.53786  62.2%  84.2 1158s

 168447 143613  430.34919   85  135  792.29000  299.53786  62.2%  84.1 1162s

 169277 144253  395.11802   42  104  792.29000  299.53786  62.2%  84.2 1166s

 170054 144786  433.81400   67  126  792.29000  299.59566  62.2%  84.3 1171s

 171109 145989  595.02577   90  155  792.29000  299.59566  62.2%  84.5 1179s

 172097 146430  332.48266   32  176  792.29000  299.65273  62.2%  84.5 1183s

 172614 147260  481.93695  115  148  792.29000  299.65273  62.2%  84.5 1189s

 173509 147919  429.19928   40  127  792.29000  299.65273  62.2%  84.5 1193s

 174403 148646  337.89728   43  146  792.29000  299.71349  62.2%  84.6 1198s

 175223 148833  649.62836  189  150  792.29000  299.71349  62.2%  84.6 1202s

 175458 149714  342.73739   37  178  792.29000  299.71349  62.2%  84.7 1207s

 176411 150413  546.25889   79  205  792.29000  299.72524  62.2%  84.6 1212s

 177271 150819  374.77527   36  146  792.29000  299.83251  62.2%  84.7 1216s

 177754 151799  532.24498   74  133  792.29000  299.83251  62.2%  84.8 1222s

 178898 152818  576.46948   50  148  792.29000  299.86551  62.2%  84.7 1230s

 180598 153929  408.84703   81  120  792.29000  299.93900  62.1%  84.7 1238s

 181439 154297  384.81995   42  146  792.29000  299.94692  62.1%  84.8 1243s

 181939 154569  559.03934   79  102  792.29000  299.96170  62.1%  85.0 1248s

 182303 155814  363.13853   49  171  792.29000  299.99819  62.1%  85.0 1255s

 183650 156691  701.54711  215  176  792.29000  299.99819  62.1%  84.9 1260s

 184614 157603  313.97847   30  194  792.29000  299.99819  62.1%  84.9 1265s

 185586 158344  510.95524  117  177  792.29000  300.01810  62.1%  84.8 1270s

 187002 159437  435.37410   67  178  792.29000  300.01810  62.1%  84.9 1279s

 187697 160149  415.91931   78  170  792.29000  300.01810  62.1%  85.0 1285s

 189100 161207  412.07074   56  210  792.29000  300.01810  62.1%  85.1 1293s

 189811 161961  429.84184   94  154  792.29000  300.01810  62.1%  85.2 1298s

 190851 162281  636.86742  187   86  792.29000  300.10825  62.1%  85.2 1303s

 191312 162890  457.13441   55  156  792.29000  300.10825  62.1%  85.3 1309s

 192088 163556  375.11346   35  134  792.29000  300.15302  62.1%  85.4 1314s

 192907 164390  415.00405   93  181  792.29000  300.15302  62.1%  85.5 1319s

 193923 164937  348.38163   36  158  792.29000  300.21200  62.1%  85.5 1327s

 194558 166286  327.03500   60  138  792.29000  300.21200  62.1%  85.6 1335s

 196100 166498  358.11501   42  151  792.29000  300.30394  62.1%  85.6 1340s

 196446 167366  467.68451   51  103  792.29000  300.30394  62.1%  85.7 1346s

 197394 168221  358.06229   61  187  792.29000  300.30552  62.1%  85.7 1352s

 198381 168691  386.86882   78  130  792.29000  300.34427  62.1%  85.7 1358s

 198897 169528  617.58996  118   90  792.29000  300.34427  62.1%  85.7 1364s

 199849 170625  599.59281  106  126  792.29000  300.34427  62.1%  85.8 1370s

 201081 171828  518.80548   79  102  792.29000  300.43111  62.1%  85.7 1377s

 202390 172280  721.34945   92  133  792.29000  300.43111  62.1%  85.6 1383s

 202938 172901  312.46019   29  204  792.29000  300.43833  62.1%  85.6 1387s

 203679 173552  372.59817   62  174  792.29000  300.43833  62.1%  85.7 1393s

 204398 174488  536.97317  108  165  792.29000  300.43833  62.1%  85.7 1398s

 205573 174983  477.99524   65   93  792.29000  300.54281  62.1%  85.6 1404s

 206132 175829  340.34173   46  174  792.29000  300.54492  62.1%  85.6 1410s

 207146 176916  640.80272  107   76  792.29000  300.55968  62.1%  85.6 1415s

 208355 178153  356.10678   47  134  792.29000  300.56529  62.1%  85.6 1425s

 210003 179456  452.33994   58  175  792.29000  300.63661  62.1%  85.5 1436s

 211218 180042  497.13927   94  121  792.29000  300.63661  62.1%  85.4 1440s

 211890 180620  333.00460   48  114  792.29000  300.63661  62.1%  85.4 1445s

 212816 181594  691.78169  234  123  792.29000  300.63661  62.1%  85.4 1454s

 213706 182329  415.27357   45  156  792.29000  300.73587  62.0%  85.5 1459s

 214556 182680  760.78677  162  127  792.29000  300.73992  62.0%  85.5 1463s

 214941 183474  451.56431   50  126  792.29000  300.73992  62.0%  85.5 1468s

 215848 184125  438.06500   48  176  792.29000  300.74816  62.0%  85.5 1473s

 216631 184789  639.33762   83  205  792.29000  300.78218  62.0%  85.6 1478s

 217418 185421  553.52700   80  117  792.29000  300.84740  62.0%  85.6 1484s

 218085 186459  355.89011   51  157  792.29000  300.84795  62.0%  85.6 1489s

 219265 186815     cutoff  229       792.29000  300.84795  62.0%  85.5 1495s

 219726 187376  523.84944   88  129  792.29000  300.84795  62.0%  85.6 1500s

 220371 188586  390.84323   30  117  792.29000  300.89416  62.0%  85.7 1506s

 221716 189100  387.94119   44  139  792.29000  300.93000  62.0%  85.5 1510s

 222266 190123  577.62667  105  156  792.29000  300.93000  62.0%  85.5 1518s

 223453 191179  474.48482   96  161  792.29000  300.96479  62.0%  85.4 1527s

 224672 191635  323.13574   26  161  792.29000  300.99223  62.0%  85.4 1532s

 225140 192809  341.90025   51  149  792.29000  300.99426  62.0%  85.4 1538s

 226438 193427  358.43961   33  184  792.29000  301.02646  62.0%  85.3 1543s

 227172 194298  351.12612   41  157  792.29000  301.03618  62.0%  85.3 1548s

 228088 195115  467.57621  122  186  792.29000  301.03618  62.0%  85.3 1554s

 228965 195955  590.67865  217  213  792.29000  301.03618  62.0%  85.2 1559s

 229927 196188  367.94035   46  108  792.29000  301.03618  62.0%  85.2 1562s

 230194 196986  527.92036   87  114  792.29000  301.03618  62.0%  85.2 1568s

 231114 198101  362.43747   69  191  792.29000  301.07084  62.0%  85.1 1573s

 232301 198597  761.11237  253  133  792.29000  301.07084  62.0%  85.0 1579s

 232884 199071  437.74359   78   90  792.29000  301.09913  62.0%  85.1 1583s

 233401 199875  336.82180   40  155  792.29000  301.09913  62.0%  85.1 1589s

 234312 200601  645.34216  117  173  792.29000  301.09913  62.0%  85.0 1594s

 235228 201058  312.09333   35  148  792.29000  301.09913  62.0%  85.0 1599s

 235885 201385  757.34308  130   73  792.29000  301.09913  62.0%  85.1 1603s

 236248 201766  430.04380   76  179  792.29000  301.09913  62.0%  85.3 1608s

 236663 202650  529.01659  133  128  792.29000  301.09913  62.0%  85.3 1614s

 237760 202966  719.26151  143  155  792.29000  301.09913  62.0%  85.3 1618s

 238178 203886  448.70968   47  131  792.29000  301.09913  62.0%  85.4 1628s

 239251 204221  321.04458   28  173  792.29000  301.22177  62.0%  85.4 1632s

 239639 205567  428.65878   65  120  792.29000  301.25859  62.0%  85.4 1642s

 241123 206229  373.22997   47  136  792.29000  301.31652  62.0%  85.3 1647s

 241900 206817  337.25139   48  180  792.29000  301.32826  62.0%  85.3 1653s

 242596 207105  516.90134  123  195  792.29000  301.33309  62.0%  85.4 1657s

 242956 208137  654.75800  170  182  792.29000  301.33309  62.0%  85.4 1664s

 244078 208807  371.66868   51  159  792.29000  301.33309  62.0%  85.3 1669s

 244926 209057  415.86047   82  149  792.29000  301.33309  62.0%  85.4 1674s

 245236 209737  447.37547  103  144  792.29000  301.37502  62.0%  85.4 1681s

 246087 210175  489.63220   41  143  792.29000  301.43826  62.0%  85.5 1686s

 246636 211223  416.18752   55  138  792.29000  301.43826  62.0%  85.5 1693s

 247827 212048  366.37703   45  111  792.29000  301.48498  61.9%  85.4 1700s

 248803 212569  332.94356   37  163  792.29000  301.52055  61.9%  85.4 1705s

 249392 213135  416.95719   57  163  792.29000  301.52055  61.9%  85.4 1711s

 250043 213429  625.06626   94  137  792.29000  301.52055  61.9%  85.5 1715s

 250351 214467  385.15351   36  147  792.29000  301.52066  61.9%  85.5 1723s

 251511 215538  607.34480  203  128  792.29000  301.52066  61.9%  85.4 1730s

 252673 216227 infeasible  169       792.29000  301.52066  61.9%  85.4 1740s

 253514 216976  390.38624   74  149  792.29000  301.60724  61.9%  85.4 1747s

 254309 218084  520.11417  160  109  792.29000  301.60724  61.9%  85.4 1755s

 255690 218623 infeasible   67       792.29000  301.68556  61.9%  85.4 1761s

 256286 219121  350.40578   34  143  792.29000  301.68556  61.9%  85.4 1766s

 256834 219808  480.51844   86  136  792.29000  301.69846  61.9%  85.5 1773s

 257633 220179  374.99549   29  131  792.29000  301.69846  61.9%  85.5 1779s

 258154 220583  344.90008   29  173  792.29000  301.73382  61.9%  85.6 1786s

 258635 221495  490.02553   65  183  792.29000  301.75372  61.9%  85.6 1795s

 259667 221992  409.30259   88  154  792.29000  301.78457  61.9%  85.6 1801s

 260241 222835  525.41991  187  171  792.29000  301.78457  61.9%  85.7 1810s

 261181 223742  405.31073   42  192  792.29000  301.78457  61.9%  85.7 1818s

 262350 224542  717.21223  161  128  792.29000  301.84601  61.9%  85.7 1825s

 263178 225517  568.71861   93  132  792.29000  301.84601  61.9%  85.6 1833s

 264285 226226  452.86924   85  134  792.29000  301.86924  61.9%  85.6 1841s

 265099 226790  405.62178   43  111  792.29000  301.86924  61.9%  85.6 1848s

 265788 227803  341.41538   29  160  792.29000  301.91849  61.9%  85.6 1856s

 266835 228583  348.38803   41  179  792.29000  301.93469  61.9%  85.6 1863s

 267753 229064  311.85450   43  155  792.29000  301.97095  61.9%  85.6 1871s

 268323 230844  337.57100   42  120  792.29000  301.98713  61.9%  85.6 1886s

 270256 231397 infeasible   83       792.29000  302.01817  61.9%  85.5 1893s

 271009 231996 infeasible   56       792.29000  302.03424  61.9%  85.5 1899s

 271756 232353  578.51643  119  135  792.29000  302.10107  61.9%  85.6 1904s

 272204 233007  444.50147   67  115  792.29000  302.10107  61.9%  85.6 1911s

 272970 233704  635.62604   88  145  792.29000  302.16726  61.9%  85.6 1918s

 273804 234315  563.50007  120  133  792.29000  302.16864  61.9%  85.7 1924s

 274517 235404  391.00230   65  148  792.29000  302.16864  61.9%  85.6 1933s

 275695 236222  488.96682   79  146  792.29000  302.22440  61.9%  85.6 1941s

 276656 237148  339.31008   23  132  792.29000  302.23805  61.9%  85.5 1948s

 277659 237629  553.68063  105  150  792.29000  302.23805  61.9%  85.5 1954s

 278185 238505  395.12293   46  132  792.29000  302.23805  61.9%  85.5 1961s

 279201 239298  357.72166   50  164  792.29000  302.30325  61.8%  85.5 1970s

 280099 239975  363.45429   45  169  792.29000  302.34381  61.8%  85.5 1977s

 280884 240283  549.99358   93  152  792.29000  302.34381  61.8%  85.6 1982s

 281265 241017  680.61939  115   80  792.29000  302.36351  61.8%  85.6 1991s

 282153 241436  377.08580   33  103  792.29000  302.36351  61.8%  85.6 1997s

 282614 242606  678.89394   91  137  792.29000  302.36351  61.8%  85.7 2008s

 283913 242985  379.19206   76  119  792.29000  302.43149  61.8%  85.6 2013s

 284382 243687  379.10881   44  117  792.29000  302.43776  61.8%  85.6 2020s

 285238 244536  344.17368   28   82  792.29000  302.47125  61.8%  85.6 2028s

 286187 244793  745.92661  157  101  792.29000  302.48372  61.8%  85.6 2033s

 286491 245645  386.68969   53  142  792.29000  302.48372  61.8%  85.6 2041s

 287467 246513  348.98703   44  172  792.29000  302.57311  61.8%  85.6 2051s

 288404 247255  378.11366   47   99  792.29000  302.57311  61.8%  85.5 2058s

 289271 247899  427.42454   85  115  792.29000  302.63587  61.8%  85.5 2065s

 289990 248455  393.86363   55  167  792.29000  302.63587  61.8%  85.5 2072s

 290607 248864  747.14437  160  142  792.29000  302.63587  61.8%  85.5 2078s

 291098 249406  351.44250   56  141  792.29000  302.65470  61.8%  85.6 2086s

 291698 250261  421.90889   87  181  792.29000  302.65470  61.8%  85.6 2094s

 292695 250749  405.01026   41  125  792.29000  302.65470  61.8%  85.6 2103s

 293266 251405  380.73616   42  179  792.29000  302.70141  61.8%  85.6 2112s

 294112 251626  304.28266   39  161  792.29000  302.74585  61.8%  85.7 2117s

 294397 251904  337.79229   42  156  792.29000  302.74585  61.8%  85.8 2124s

 294740 252577  378.00945   52  131  792.29000  302.76002  61.8%  85.8 2132s

 295493 253527  371.33027   52  120  792.29000  302.77998  61.8%  85.8 2140s

 296549 254108  365.73440   46   95  792.29000  302.81315  61.8%  85.8 2149s

 297240 254707  349.18276   49  144  792.29000  302.83046  61.8%  85.8 2158s

 297906 255828  530.54380  108  159  792.29000  302.83046  61.8%  85.8 2172s

 299288 256719  411.42162   39  167  792.29000  302.85142  61.8%  85.8 2180s

 300255 257589  401.29095   44  127  792.29000  302.88822  61.8%  85.8 2188s

 301261 257848  311.54449   21  206  792.29000  302.90318  61.8%  85.8 2194s

 301588 258427  326.82259   37  261  792.29000  302.90318  61.8%  85.8 2202s

 302264 259331  492.08288   95  131  792.29000  302.90318  61.8%  85.9 2210s

 303216 260124  495.71152   99  122  792.29000  302.91799  61.8%  85.9 2220s

 304177 260564  435.06842   67  122  792.29000  302.98907  61.8%  85.9 2226s

 304643 261402  548.98851  146  182  792.29000  302.98907  61.8%  85.9 2234s

 305624 262177  598.76624  104  158  792.29000  303.04446  61.8%  85.9 2244s

 306538 262495  320.99978   29  145  792.29000  303.05879  61.7%  85.9 2252s

 306967 263200  367.73056   71  138  792.29000  303.05879  61.7%  86.0 2261s

 307816 263686  741.33964  209  164  792.29000  303.14908  61.7%  86.0 2267s

 308366 264491  407.89303   57  126  792.29000  303.16049  61.7%  86.0 2277s

 309317 265145  341.78926   27  165  792.29000  303.23805  61.7%  86.0 2286s

 310128 266068  337.42292   52  146  792.29000  303.27123  61.7%  86.0 2296s

 311173 266448  474.92280   36  117  792.29000  303.27123  61.7%  86.0 2303s

 311640 267123  583.89837   59  120  792.29000  303.27123  61.7%  86.0 2311s

 312472 268192  373.82587   80  159  792.29000  303.28012  61.7%  86.1 2326s

 313657 268645  356.54457   31  120  792.29000  303.28012  61.7%  86.0 2332s

 314177 269454  547.82964   77  128  792.29000  303.39176  61.7%  86.0 2340s

 315076 269782  372.21370   45  144  792.29000  303.39176  61.7%  86.0 2347s

 315453 270478  410.15526   63  122  792.29000  303.39176  61.7%  86.0 2356s

 316317 270955  561.67998  174  107  792.29000  303.39565  61.7%  86.0 2362s

 316855 271494  386.16361   77  202  792.29000  303.39565  61.7%  86.2 2371s

 317557 271733  358.91898   35  179  792.29000  303.49075  61.7%  86.2 2378s

 317822 272696  389.46343   59  146  792.29000  303.49439  61.7%  86.2 2391s

 318916 273448  363.16744   48  175  792.29000  303.49485  61.7%  86.2 2399s

 319719 274536  575.08837  137  159  792.29000  303.49485  61.7%  86.2 2409s

 320975 274762     cutoff  110       792.29000  303.53176  61.7%  86.2 2417s

 321255 275327  349.38236   30  148  792.29000  303.53176  61.7%  86.2 2428s

 321862 276119  388.28718   51  158  792.29000  303.56637  61.7%  86.3 2438s

 322816 276385  390.53700   45  126  792.29000  303.62199  61.7%  86.3 2446s

 323110 277360  446.07452   61  135  792.29000  303.62199  61.7%  86.4 2459s

 324261 277599  391.39997   48  180  792.29000  303.70297  61.7%  86.3 2466s

 324569 278612  421.15515   41  146  792.29000  303.70297  61.7%  86.4 2479s

 325571 278612  319.36268   37  129  792.29000  303.73875  61.7%  86.4 2480s

 325717 279115  773.72898  198  142  792.29000  303.73875  61.7%  86.3 2489s

 326301 279412  468.98201  106  126  792.29000  303.78711  61.7%  86.4 2497s

 326728 279891  324.36159   36  163  792.29000  303.79540  61.7%  86.4 2506s

 327304 280288  306.03855   27  141  792.29000  303.79540  61.7%  86.5 2516s

 327750 281905  449.05158   77  147  792.29000  303.80076  61.7%  86.5 2535s

 329557 281913  407.56254   56  146  792.29000  303.85812  61.6%  86.5 2548s

 329565 281921  408.18046   57  155  792.29000  303.85812  61.6%  86.6 2563s

 329573 282075  412.92182   58  154  792.29000  303.85812  61.6%  86.6 2576s

 329727 282452  691.34918   86  126  792.29000  303.85974  61.6%  86.6 2589s

 330189 282854 infeasible   53       792.29000  303.86021  61.6%  86.6 2600s

 330693 283749  329.22024   36  177  792.29000  303.86021  61.6%  86.6 2616s

 331705 284402  587.93740  203  178  792.29000  303.86021  61.6%  86.7 2631s

 332485 285365  385.53908   76  142  792.29000  303.98060  61.6%  86.7 2644s

 333486 286691  652.03181  210  187  792.29000  303.98060  61.6%  86.7 2662s

 334941 287240  387.66404   61  172  792.29000  304.03068  61.6%  86.7 2672s

 335528 288100  492.42864  113  178  792.29000  304.03068  61.6%  86.7 2686s

 336533 288796  435.62774   38  131  792.29000  304.08043  61.6%  86.7 2698s

 337394 289382  756.82458   68  130  792.29000  304.08330  61.6%  86.8 2711s

 338083 290243  352.60661   40  169  792.29000  304.10702  61.6%  86.8 2726s

 339132 290507  341.75452   47  182  792.29000  304.10702  61.6%  86.9 2735s

 339440 291172  381.15645   61  129  792.29000  304.10702  61.6%  86.9 2747s

 340286 292184  448.89267  109  114  792.29000  304.15862  61.6%  87.1 2762s

 341555 292557  401.73451   45  143  792.29000  304.20675  61.6%  87.0 2772s

 341983 293323  495.05216   48  127  792.29000  304.20675  61.6%  87.1 2788s

 342794 294110  735.33854  130  158  792.29000  304.20675  61.6%  87.0 2800s

 343679 294824  367.25981   31  127  792.29000  304.25525  61.6%  87.0 2812s

 344498 295303  351.32376   47  151  792.29000  304.26829  61.6%  87.1 2819s

 344977 296289  618.04502  150  120  792.29000  304.26829  61.6%  87.1 2834s

 346113 297091  444.18471   75  188  792.29000  304.33929  61.6%  87.1 2844s

 346994 297942  769.55725  273  158  792.29000  304.34009  61.6%  87.1 2856s

 348013 298610  304.43070   31  187  792.29000  304.34009  61.6%  87.2 2868s

 348803 299008  519.55930  114  132  792.29000  304.34009  61.6%  87.2 2876s

 349244 299529  416.50014   37  181  792.29000  304.34009  61.6%  87.2 2888s

 349777 300192  441.04879   39  129  792.29000  304.34009  61.6%  87.2 2899s

 350607 300660  514.94032   40  122  792.29000  304.34009  61.6%  87.3 2910s

 351349 301189  384.47559   45  120  792.29000  304.34009  61.6%  87.4 2919s

 351925 301532  744.61772  117   69  792.29000  304.34009  61.6%  87.4 2929s

 352339 302466  384.31432   70  186  792.29000  304.43049  61.6%  87.5 2944s

 353365 303266  772.03301  249  129  792.29000  304.43049  61.6%  87.5 2955s

 354255 303924  419.62391   87  138  792.29000  304.43049  61.6%  87.5 2966s

 354981 304631  631.65115  178  173  792.29000  304.43049  61.6%  87.5 2980s

 355809 305550  534.31420   82  107  792.29000  304.51675  61.6%  87.5 2997s

 356852 306171  356.07989   34  186  792.29000  304.51675  61.6%  87.5 3011s

 357632 306460  355.91179   44  182  792.29000  304.51675  61.6%  87.6 3020s

 357983 307428  439.14372   43  134  792.29000  304.59240  61.6%  87.7 3038s

 359093 307452  383.72228   81  137  792.29000  304.60507  61.6%  87.8 3050s

 359117 307540  383.95718   82  153  792.29000  304.60507  61.6%  87.8 3058s

 359205 307938  390.72009   90  163  792.29000  304.60507  61.6%  87.8 3068s

 359623 308640 infeasible  258       792.29000  304.63587  61.5%  87.7 3082s

 360458 309150  431.95430   84  143  792.29000  304.63587  61.5%  87.7 3095s

 361037 310444  616.41200  143  202  792.29000  304.63587  61.5%  87.7 3116s

 362555 311045  351.46250   31  107  792.29000  304.69701  61.5%  87.8 3128s

 363313 312418  365.02439   60  154  792.29000  304.72359  61.5%  87.8 3147s

 364812 313344  339.94903   36  151  792.29000  304.75951  61.5%  87.8 3161s

 365864 313977  426.56691   76  127  792.29000  304.77192  61.5%  87.8 3174s

 366181 313977  456.15629   97   99  792.29000  304.78846  61.5%  87.9 3175s

 366668 314369  451.20113   66  160  792.29000  304.80450  61.5%  88.0 3184s

 367115 314721  768.97526  117  111  792.29000  304.81148  61.5%  88.1 3195s

 367585 315570  470.70526   82  149  792.29000  304.81148  61.5%  88.2 3210s

 368599 316711  569.70786  107  157  792.29000  304.84738  61.5%  88.3 3230s

 369837 317283  434.85536   87  173  792.29000  304.84738  61.5%  88.2 3242s

 370468 318261  307.31208   40  168  792.29000  304.84738  61.5%  88.2 3255s

 371533 318964  564.78636  153  157  792.29000  304.84738  61.5%  88.3 3271s

 372382 319601  570.06033   88  149  792.29000  304.84738  61.5%  88.3 3283s

 373170 320121  391.16152   49  212  792.29000  304.90467  61.5%  88.4 3295s

 373774 321153  336.90550   49  213  792.29000  304.93978  61.5%  88.4 3313s

 374938 321684  319.75382   32  174  792.29000  304.96497  61.5%  88.4 3323s

 375531 322524  426.10285   77  155  792.29000  304.96497  61.5%  88.4 3334s

 376514 322560  317.71168   35  184  792.29000  304.96879  61.5%  88.5 3359s

 376560 322844  340.16698   38  150  792.29000  304.96879  61.5%  88.5 3377s

 376871 323801  582.24571  121  201  792.29000  304.96879  61.5%  88.5 3393s

 377927 324551  445.39561   67  163  792.29000  304.96879  61.5%  88.5 3405s

 378724 324985  317.37813   29  160  792.29000  304.96879  61.5%  88.5 3416s

 379229 325725  340.08176   35  151  792.29000  304.96879  61.5%  88.5 3428s

 380100 326652  359.67128   39  210  792.29000  304.97236  61.5%  88.6 3440s

 381169 327224  322.97310   46  186  792.29000  304.97236  61.5%  88.6 3452s

 381800 328076  455.10128  102  181  792.29000  304.97236  61.5%  88.6 3465s

 382769 328976  322.70947   44  134  792.29000  304.97971  61.5%  88.7 3480s

 383801 329825  361.28015   34  149  792.29000  304.97971  61.5%  88.7 3493s

 384776 330137  706.00628   88  136  792.29000  304.97971  61.5%  88.7 3502s

 385130 331135  434.76815   77  110  792.29000  304.99818  61.5%  88.7 3519s

 386250 332142  413.56160   97  143  792.29000  305.01383  61.5%  88.7 3533s

 387332 332728  324.81104   56  186  792.29000  305.01383  61.5%  88.7 3545s

 388031 333451  339.45844   33  202  792.29000  305.01383  61.5%  88.7 3554s

 388805 333911  532.11163  106  173  792.29000  305.01383  61.5%  88.8 3564s

 389308 334737  690.36805  168  174  792.29000  305.01383  61.5%  88.8 3578s

 390253 335447  386.63604   53  156  792.29000  305.01383  61.5%  88.8 3588s

 391042 335914  337.86804   38  208  792.29000  305.05835  61.5%  88.8 3600s

 391644 336769  386.01790   53  115  792.29000  305.06385  61.5%  88.8 3612s

 392558 337135  478.12316  104  164  792.29000  305.06385  61.5%  88.8 3621s

 392967 337763  595.76428  144  183  792.29000  305.06385  61.5%  88.9 3633s

 393654 338546  364.18550   41  117  792.29000  305.06385  61.5%  88.9 3643s

 394470 339166  621.04628   90  126  792.29000  305.06385  61.5%  88.9 3656s

 395208 339542  311.58722   39  152  792.29000  305.13374  61.5%  88.9 3665s

 395639 340349  369.84809   71  175  792.29000  305.13374  61.5%  88.9 3681s

 396539 340894  540.11397  148  109  792.29000  305.13452  61.5%  89.0 3692s

 397253 341344  405.93979   52  118  792.29000  305.13452  61.5%  89.1 3703s

 397766 342026  343.06990   27  145  792.29000  305.13452  61.5%  89.1 3715s

 398491 342668  568.83790  130  123  792.29000  305.13452  61.5%  89.1 3729s

 399265 343812  342.32138   35  186  792.29000  305.13452  61.5%  89.2 3742s

 400497 344121  449.14202  126  188  792.29000  305.13452  61.5%  89.1 3751s

 400854 345263  476.50350  150  180  792.29000  305.13452  61.5%  89.2 3770s

 402074 345855  312.69096   43  200  792.29000  305.13452  61.5%  89.1 3779s

 402744 346354  546.42208   87  196  792.29000  305.13452  61.5%  89.1 3789s

 403296 347259  335.26176   35  135  792.29000  305.13452  61.5%  89.1 3800s

 404272 347830  586.74454  138  161  792.29000  305.13452  61.5%  89.1 3815s

 404933 348063  318.78260   39  161  792.29000  305.20620  61.5%  89.1 3823s

 405228 348813  349.82386   62  136  792.29000  305.21085  61.5%  89.1 3836s

 406084 349184  439.23423   52  186  792.29000  305.21085  61.5%  89.1 3845s

 406582 349452  590.01127   83  115  792.29000  305.21085  61.5%  89.2 3856s

 406925 349989  350.94105   28  117  792.29000  305.29010  61.5%  89.3 3869s

 407516 350612  324.32056   47  120  792.29000  305.29010  61.5%  89.3 3882s

 408256 350619  580.85554  103  168  792.29000  305.29682  61.5%  89.3 3907s

 408265 350700  581.39260  104  155  792.29000  305.29682  61.5%  89.3 3931s

 408356 350902  583.15069  105  152  792.29000  305.29682  61.5%  89.3 3949s

 408628 351495  584.49370  106  183  792.29000  305.29682  61.5%  89.3 3969s

 409328 352092  620.61975  116  188  792.29000  305.29682  61.5%  89.3 3982s

 409995 352653  480.87741   80  175  792.29000  305.32629  61.5%  89.4 3998s

 410701 352962  387.99087   44  113  792.29000  305.36579  61.5%  89.4 4010s

 411143 353069  450.19838   55  131  792.29000  305.39594  61.5%  89.5 4024s

 411280 353355 infeasible   61       792.29000  305.39594  61.5%  89.6 4035s

 411579 354058  502.63617  105  157  792.29000  305.39594  61.5%  89.6 4052s

 412391 354360  468.47002   78  117  792.29000  305.39594  61.5%  89.6 4063s

 412714 355245  383.56853   38  158  792.29000  305.44080  61.4%  89.6 4082s

 413730 356225  461.49176   69  158  792.29000  305.45378  61.4%  89.6 4100s

 414811 356941  397.89192   75  181  792.29000  305.45378  61.4%  89.6 4117s

 415647 357802 infeasible  230       792.29000  305.48628  61.4%  89.6 4134s

 416553 358333  349.01805   43  127  792.29000  305.48628  61.4%  89.6 4146s

 417145 359109  702.00399  110  123  792.29000  305.48628  61.4%  89.6 4167s

 418061 360007  386.66212   29  118  792.29000  305.50000  61.4%  89.6 4182s

 419058 360441  715.87579  154  178  792.29000  305.50000  61.4%  89.6 4194s

 419528 361390  555.16860   58  106  792.29000  305.56156  61.4%  89.6 4210s

 420608 362287  587.89534  101  147  792.29000  305.58138  61.4%  89.6 4229s

 421596 363011  413.45268   68  185  792.29000  305.58138  61.4%  89.6 4242s

 422411 363529  354.55533   36  206  792.29000  305.61695  61.4%  89.6 4254s

 422612 363529  322.49452   54  189  792.29000  305.61695  61.4%  89.6 4255s

 423030 363995  345.52944   56  145  792.29000  305.61695  61.4%  89.6 4266s

 423533 364924  439.96735  112  164  792.29000  305.63021  61.4%  89.7 4280s

 424566 365569  768.04513   98  113  792.29000  305.63021  61.4%  89.6 4296s

 425349 366291  416.51914   42  135  792.29000  305.66075  61.4%  89.7 4313s

 426199 367202  729.11989  240  122  792.29000  305.66162  61.4%  89.7 4327s

 427228 367817  355.98362   28  178  792.29000  305.66162  61.4%  89.7 4341s

 427926 368532  407.09129   41  187  792.29000  305.66162  61.4%  89.7 4353s

 428726 368802  658.06615   78  135  792.29000  305.66162  61.4%  89.8 4363s

 429074 369709  392.49351   46  213  792.29000  305.66162  61.4%  89.8 4382s

 430062 370478  337.03069   45  135  792.29000  305.72651  61.4%  89.8 4395s

 430937 371253  417.17433   68  160  792.29000  305.72651  61.4%  89.8 4409s

 431770 371960  330.04865   25  159  792.29000  305.72651  61.4%  89.8 4425s

 432583 372578  595.71608  107  128  792.29000  305.72651  61.4%  89.8 4438s

 433351 372900  550.11071   54  161  792.29000  305.72651  61.4%  89.9 4453s

 433817 373481  368.60873   48  206  792.29000  305.72651  61.4%  89.9 4470s

 434555 374416  345.03716   35  166  792.29000  305.77749  61.4%  90.0 4488s

 435605 375112  422.64112   77  129  792.29000  305.78571  61.4%  90.0 4505s

 436372 376285  311.13810   34  158  792.29000  305.78571  61.4%  90.0 4521s

 437639 377131  680.09963  229  161  792.29000  305.78571  61.4%  90.0 4541s

 438578 377233  619.39272   65  125  792.29000  305.80463  61.4%  90.0 4558s

 438721 377348 infeasible   66       792.29000  305.80463  61.4%  90.0 4568s

 438851 377724  687.47905   66  143  792.29000  305.80463  61.4%  90.0 4581s

 439297 378451  691.99046   67  150  792.29000  305.80483  61.4%  90.0 4598s

 440174 379115  694.00219   68  146  792.29000  305.80483  61.4%  90.1 4613s

 440959 379450  702.44975   69  141  792.29000  305.86293  61.4%  90.1 4625s

 441344 380557 infeasible   72       792.29000  305.86293  61.4%  90.1 4647s

 442627 381368  333.61215   58  242  792.29000  305.91774  61.4%  90.1 4663s

 443531 381954  441.79108  123  213  792.29000  305.91774  61.4%  90.1 4674s

 444154 383055  624.30837  181  144  792.29000  305.91774  61.4%  90.2 4698s

 445350 383931  344.85573   43  165  792.29000  305.91774  61.4%  90.1 4717s

 446295 384755  728.74124  175   78  792.29000  305.91774  61.4%  90.2 4739s

 447350 384763  371.24498   45  122  792.29000  305.99276  61.4%  90.2 4758s

 447358 384771  372.31850   46  130  792.29000  305.99276  61.4%  90.2 4779s

 447366 384778  372.50829   47  130  792.29000  305.99276  61.4%  90.2 4803s

 447388 384960  373.65055   48  143  792.29000  305.99276  61.4%  90.2 4821s

 447570 385319  374.39801   49  135  792.29000  305.99276  61.4%  90.2 4835s

 447993 386625  500.25394  107  132  792.29000  305.99276  61.4%  90.2 4863s

 449398 387550  326.63638   35  146  792.29000  305.99470  61.4%  90.2 4887s

 450427 387947  528.38970   40  153  792.29000  306.04671  61.4%  90.3 4900s

 450894 389020  380.57260   46  186  792.29000  306.06759  61.4%  90.3 4925s

 452074 389905  321.74851   35  199  792.29000  306.06930  61.4%  90.3 4940s

 453096 390329  381.24854   70  103  792.29000  306.06930  61.4%  90.3 4951s

 453564 391112  468.54488  124   83  792.29000  306.06930  61.4%  90.3 4972s

 454500 391870  364.21441   25  154  792.29000  306.07781  61.4%  90.3 4988s

 455373 392659  544.70751   75   98  792.29000  306.07781  61.4%  90.4 5009s

 456400 393346  515.98716   29  165  792.29000  306.07781  61.4%  90.4 5025s

 457244 394006  334.66464   34  199  792.29000  306.14371  61.4%  90.4 5041s

 457931 394855  784.43955  133  113  792.29000  306.14371  61.4%  90.4 5058s

 458894 395708  437.87069   91  192  792.29000  306.17423  61.4%  90.5 5082s

 459805 396520  744.28524  241  153  792.29000  306.17423  61.4%  90.4 5099s

 460724 396821  386.26359   43  114  792.29000  306.17423  61.4%  90.4 5117s

 461050 399101  446.25795   65  149  792.29000  306.17961  61.4%  90.4 5217s

 463679 399738  363.55503   39  165  792.29000  306.21422  61.4%  90.4 5246s

 464343 400075  470.73181   94  196  792.29000  306.21422  61.4%  90.4 5289s

 464757 400668  472.30769   95  187  792.29000  306.21422  61.4%  90.4 5324s

 465395 401135  742.30701  270  149  792.29000  306.21422  61.4%  90.5 5357s

 465934 402057  375.49145   65  222  792.29000  306.21422  61.4%  90.5 5404s

 466997 402416  577.23368  194  155  792.29000  306.22836  61.3%  90.5 5432s

 467397 403309  321.28048   33  199  792.29000  306.22836  61.3%  90.6 5477s

 468459 403721  534.69345   69   88  792.29000  306.24475  61.3%  90.6 5490s

 468953 404593  435.85458   60  149  792.29000  306.25173  61.3%  90.7 5541s

 470153 405371  432.67257   86  136  792.29000  306.25361  61.3%  90.6 5598s

 471070 405976  647.19284  103  136  792.29000  306.25361  61.3%  90.7 5632s

 471752 406953  456.13694   70  121  792.29000  306.25361  61.3%  90.7 5687s

 472847 407676  420.33282   62  119  792.29000  306.25361  61.3%  90.7 5728s

 473693 408290  671.41887  204  176  792.29000  306.25361  61.3%  90.7 5768s

 474371 409256  548.20905   69  139  792.29000  306.26686  61.3%  90.7 5810s

 475428 409567  471.60644  141  120  792.29000  306.32112  61.3%  90.7 5856s

 475777 410788  561.86732  165  145  792.29000  306.32112  61.3%  90.8 5955s

 477151 411169  344.56563   45  157  792.29000  306.32112  61.3%  90.8 5994s

 477604 412420  429.51067   82  230  792.29000  306.32162  61.3%  90.8 6070s

 478992 413189  431.89210   77  179  792.29000  306.34667  61.3%  90.8 6116s

 479866 413695  620.38823   83  167  792.29000  306.35029  61.3%  90.9 6174s

 480277 413695  697.95556  119  135  792.29000  306.36903  61.3%  90.9 6175s

 480531 414049  447.10244   59  127  792.29000  306.37442  61.3%  90.9 6223s

 480984 415397  400.70218   42  142  792.29000  306.37442  61.3%  91.0 6315s

 482495 416347  535.19056  125  171  792.29000  306.40911  61.3%  91.0 6367s

 483526 417227  509.02859   77  168  792.29000  306.42195  61.3%  91.0 6422s

 484532 418155  497.96342   60  120  792.29000  306.44443  61.3%  91.0 6482s

 485527 418881  407.84158   88  153  792.29000  306.44443  61.3%  91.0 6531s

 486340 420034  642.51290  151  109  792.29000  306.44443  61.3%  91.0 6604s

 486974 420034  392.42955   80  171  792.29000  306.44443  61.3%  91.0 6605s

 487588 420919  638.32286  150  123  792.29000  306.48379  61.3%  91.0 6654s

 487943 420919  380.24929   72  162  792.29000  306.48379  61.3%  91.0 6655s

 488623 421229  357.85238   61  167  792.29000  306.51181  61.3%  91.0 6686s

 489032 422263  429.03738  106  177  792.29000  306.51181  61.3%  91.0 6742s

 490137 422885  656.74796  312  170  792.29000  306.51181  61.3%  91.1 6786s

 490874 423998  378.77226   64  140  792.29000  306.53970  61.3%  91.1 6843s

 492098 424364  310.53978   26  157  792.29000  306.55818  61.3%  91.1 6872s

 492546 425066  504.81752   63  142  792.29000  306.57127  61.3%  91.1 6916s

 493391 425427  664.54873   78  171  792.29000  306.57669  61.3%  91.1 6955s

 493826 426318  352.05727   41  203  792.29000  306.57669  61.3%  91.1 6997s

 494767 426979  547.75285  156  218  792.29000  306.57669  61.3%  91.2 7034s

 495510 427862  365.94374   39  148  792.29000  306.57669  61.3%  91.1 7086s

 496525 428620  614.95492  143  166  792.29000  306.57669  61.3%  91.1 7133s

 497371 428857  651.36002   72  114  792.29000  306.60624  61.3%  91.2 7171s

 497674 429738  327.86198   49  197  792.29000  306.62698  61.3%  91.2 7229s

 498709 429836  546.35760  144  142  792.29000  306.62698  61.3%  91.2 7256s

 498808 430000  546.35760  145  134  792.29000  306.62698  61.3%  91.2 7280s

 499033 430375  547.10221  146  135  792.29000  306.62698  61.3%  91.2 7316s

 499519 431072  337.23931   38  159  792.29000  306.63341  61.3%  91.2 7373s

 500388 431425  349.96051   26  164  792.29000  306.66587  61.3%  91.3 7423s

 500819 431891  329.84383   37  174  792.29000  306.66865  61.3%  91.3 7476s

 501383 432605 infeasible   89       792.29000  306.66865  61.3%  91.3 7524s

 502242 432965  424.10487   53  121  792.29000  306.69666  61.3%  91.4 7565s

 502762 433536  418.70178   34  112  792.29000  306.71658  61.3%  91.4 7627s

 503640 433991  496.17860   76  201  792.29000  306.72351  61.3%  91.5 7668s

 504159 434832  553.71552   94  188  792.29000  306.72638  61.3%  91.5 7722s

 505149 435677  560.17898  142  175  792.29000  306.72638  61.3%  91.6 7772s

 506063 435944  342.42682   45  173  792.29000  306.72638  61.3%  91.6 7806s

 506367 436768  474.31476   63  166  792.29000  306.72638  61.3%  91.6 7875s

 507333 437605  417.69898   98  198  792.29000  306.72638  61.3%  91.6 7923s

 508302 438032  335.69667   24  151  792.29000  306.72638  61.3%  91.6 7962s

 508779 438039  519.61216   73  175  792.29000  306.72638  61.3%  91.7 8049s

 508788 438047  519.80226   74  180  792.29000  306.72638  61.3%  91.7 8137s

 508796 438750  520.10347   75  173  792.29000  306.72638  61.3%  91.7 8202s

 509553 439193  521.10567   76  166  792.29000  306.72638  61.3%  91.6 8238s

 510040 440025  522.66082   77  168  792.29000  306.72638  61.3%  91.7 8296s

 511036 440772  524.55009   78  186  792.29000  306.72638  61.3%  91.7 8350s

 511905 441392  525.09947   79  187  792.29000  306.84759  61.3%  91.7 8389s

 512664 441759  525.12485   80  185  792.29000  306.84759  61.3%  91.8 8432s

 513166 442052  512.11168   52  113  792.29000  306.88383  61.3%  91.8 8469s

 513577 442917  481.04284   79  162  792.29000  306.90816  61.3%  91.9 8522s

 514577 443762  622.59839   89  109  792.29000  306.92805  61.3%  92.0 8581s

 515618 444108  369.19217   46  166  792.29000  306.92983  61.3%  92.0 8629s

 515810 444108     cutoff  156       792.29000  306.92983  61.3%  92.0 8630s

 516144 444655  364.36129   50  199  792.29000  306.94091  61.3%  92.1 8673s

 516816 445340  496.05245   78  159  792.29000  306.94091  61.3%  92.1 8730s

 517567 445762  332.87903   48  144  792.29000  306.96931  61.3%  92.2 8768s

 518143 446645  330.06631   36  137  792.29000  306.99046  61.3%  92.2 8837s

 519241 447684  673.54892  138  124  792.29000  307.01043  61.3%  92.3 8885s

 520362 448288  450.45877  130  148  792.29000  307.01043  61.3%  92.3 8936s

 521038 449329  329.70041   50  179  792.29000  307.01043  61.3%  92.3 8999s

 521299 449329  346.80727   34  154  792.29000  307.01043  61.3%  92.3 9000s

 522218 450129  473.31910  118  136  792.29000  307.01043  61.3%  92.3 9046s

 523129 450198  708.15229  182   87  792.29000  307.03022  61.2%  92.3 9072s

 523214 450338  738.87248  195  128  792.29000  307.04496  61.2%  92.3 9096s

 523373 450469  364.91687   63  137  792.29000  307.04496  61.2%  92.3 9119s

 523552 450723  435.08464  106  169  792.29000  307.05308  61.2%  92.3 9151s

 523852 451217  485.35071   46  158  792.29000  307.05308  61.2%  92.3 9191s

 524444 452245  591.75683   93  103  792.29000  307.06596  61.2%  92.4 9257s

 525651 452665  340.36963   45  173  792.29000  307.09019  61.2%  92.4 9291s

 526091 453901  650.14811  107  120  792.29000  307.10912  61.2%  92.4 9370s

 527492 455074  418.21013   74  166  792.29000  307.12180  61.2%  92.4 9426s

 528819 455955     cutoff  102       792.29000  307.14623  61.2%  92.3 9478s

 529818 456728  628.15563  109  167  792.29000  307.16086  61.2%  92.4 9519s

 530531 456728  568.91461   58  173  792.29000  307.16487  61.2%  92.4 9520s

 530731 457314  675.26379  158  198  792.29000  307.16487  61.2%  92.4 9564s

 531370 458227  388.71039   45  107  792.29000  307.18081  61.2%  92.4 9615s

 532420 459044  358.84824   42  194  792.29000  307.18204  61.2%  92.4 9674s

 533072 459044  373.84933   45  167  792.29000  307.18204  61.2%  92.5 9675s

 533396 460059  549.19019   96  130  792.29000  307.18204  61.2%  92.5 9728s

 534542 460741  476.58932   91  160  792.29000  307.18939  61.2%  92.5 9777s

 535308 461576  358.24178   31  121  792.29000  307.18939  61.2%  92.5 9820s

 536278 462194 infeasible   88       792.29000  307.20689  61.2%  92.5 9869s

 536955 462194  546.58636  220  188  792.29000  307.23644  61.2%  92.5 9870s

 537102 462897  454.09447   65  142  792.29000  307.23644  61.2%  92.5 9899s

 537877 463123  360.47695   40  137  792.29000  307.23644  61.2%  92.5 9921s

 538157 463878  534.37469   74  127  792.29000  307.23644  61.2%  92.5 9972s

 539084 464821  323.08430   50  206  792.29000  307.27364  61.2%  92.6 10016s

 540169 465432  605.26916  144  124  792.29000  307.27364  61.2%  92.5 10054s

 540809 466368  326.51816   28  189  792.29000  307.29275  61.2%  92.5 10091s

 541851 466711  377.70742   60  141  792.29000  307.29797  61.2%  92.5 10121s

 542296 467407  327.41228   44  158  792.29000  307.31286  61.2%  92.6 10162s

 543064 467878  414.45509  107  180  792.29000  307.31286  61.2%  92.6 10194s

 543560 468671  511.36839  181  146  792.29000  307.31286  61.2%  92.6 10234s

 544392 468671  421.92744   57  119  792.29000  307.34828  61.2%  92.6 10235s

 544535 468943  343.25384   29  184  792.29000  307.34828  61.2%  92.7 10257s

 544839 469617  448.85110   66  110  792.29000  307.34828  61.2%  92.7 10299s

 545708 470406  506.85079   84  137  792.29000  307.35400  61.2%  92.7 10341s

 546617 471682  429.91857   99  182  792.29000  307.35400  61.2%  92.7 10382s

 547973 471981  672.41746  273  157  792.29000  307.35400  61.2%  92.6 10411s

 548359 473030  409.92337   54  259  792.29000  307.35400  61.2%  92.7 10460s

 549439 473909  647.12449  206  158  792.29000  307.35400  61.2%  92.7 10497s

 550459 474306  515.73527  125  173  792.29000  307.35400  61.2%  92.6 10529s

 550945 475435  358.55769   44  148  792.29000  307.35400  61.2%  92.7 10600s

 552307 476106  410.06134   47  179  792.29000  307.41391  61.2%  92.7 10636s

 552978 477212  475.56574  100  207  792.29000  307.41727  61.2%  92.7 10706s

 554287 478110  391.94658   44  123  792.29000  307.43283  61.2%  92.7 10750s

 555319 479033  357.17884   37  177  792.29000  307.43869  61.2%  92.7 10792s

 556320 479391  635.77859  184  152  792.29000  307.43869  61.2%  92.7 10818s

 556703 480499  401.98437   74  139  792.29000  307.43869  61.2%  92.7 10883s

 557962 481301  784.84282  228  160  792.29000  307.43869  61.2%  92.7 10920s

 558881 482102  636.54118   91  186  792.29000  307.43869  61.2%  92.7 10953s

 559802 482980  638.18255  140  160  792.29000  307.50636  61.2%  92.7 10997s

 560728 482986  408.77939   46  233  792.29000  307.50636  61.2%  92.7 11056s

 560738 482984  408.77939   47  233  792.29000  307.50636  61.2%  92.7 11110s

 560756 482990  409.40871   48  202  792.29000  307.50636  61.2%  92.7 11125s

 560766 482998  409.44515   49  205  792.29000  307.50636  61.2%  92.7 11147s

 560774 483005  410.82952   50  220  792.29000  307.50636  61.2%  92.7 11168s

 560783 483013  411.31921   51  187  792.29000  307.50636  61.2%  92.7 11192s

 560791 483017  411.79610   52  207  792.29000  307.50636  61.2%  92.7 11222s

 560803 483025  413.13742   53  219  792.29000  307.50709  61.2%  92.7 11266s

 560811 483033  413.79132   54  203  792.29000  307.50709  61.2%  92.7 11313s

 560819 483041  413.84525   55  198  792.29000  307.50709  61.2%  92.7 11357s

 560827 483049  414.88377   56  204  792.29000  307.50709  61.2%  92.7 11394s

 560835 483057  414.88377   57  204  792.29000  307.50709  61.2%  92.7 11425s

 560843 483175  414.99753   58  210  792.29000  307.50709  61.2%  92.7 11450s

 560975 483473  434.33853   81  168  792.29000  307.50709  61.2%  92.7 11476s

 561290 483646  535.74838  139  188  792.29000  307.50709  61.2%  92.8 11499s

 561495 484107  589.35709  190  187  792.29000  307.50709  61.2%  92.8 11529s

 562015 484454  508.69108   69  150  792.29000  307.51557  61.2%  92.8 11563s

 562456 484904  506.63099   95  161  792.29000  307.51557  61.2%  92.8 11595s

 562959 486030  663.89529  168  148  792.29000  307.51557  61.2%  92.8 11650s

 564205 486937  692.11704  202  160  792.29000  307.56719  61.2%  92.8 11699s

 564536 486937  498.51140   66  162  792.29000  307.56719  61.2%  92.8 11700s

 565232 487688  389.61732   88  185  792.29000  307.58491  61.2%  92.8 11743s

 566011 488579  488.11548  130  197  792.29000  307.58491  61.2%  92.8 11788s

 567044 488882  337.23274   31  164  792.29000  307.58491  61.2%  92.8 11811s

 567417 489642  371.19433   56  178  792.29000  307.58491  61.2%  92.8 11856s

 568334 490423  318.56610   47  140  792.29000  307.62139  61.2%  92.8 11896s

 569236 491387  362.69091   39  165  792.29000  307.67695  61.2%  92.8 11952s

 570251 491692  752.67649  204  114  792.29000  307.67695  61.2%  92.8 11977s

 570584 492522  343.66839   43  137  792.29000  307.67695  61.2%  92.9 12020s

 571474 493138  557.66724  137   72  792.29000  307.67695  61.2%  92.8 12051s

 572246 493874  316.86143   53  230  792.29000  307.71199  61.2%  92.9 12082s

 573078 494287  432.58247  114  216  792.29000  307.71199  61.2%  92.9 12108s

 573559 495189  583.81341  181  150  792.29000  307.71199  61.2%  92.9 12145s

 574601 496163  354.52708   67  195  792.29000  307.72426  61.2%  92.9 12191s

 575626 496533  511.57367  158  176  792.29000  307.72426  61.2%  92.9 12219s

 576065 496896  512.08401  159  187  792.29000  307.72426  61.2%  92.9 12244s

 576150 496896  375.99801   41  139  792.29000  307.72426  61.2%  92.9 12245s

 576488 497840  675.22242  244  211  792.29000  307.75217  61.2%  93.0 12288s

 577521 498961  558.47537   66  165  792.29000  307.75217  61.2%  93.0 12326s

 578766 499652  533.56308  153  179  792.29000  307.75217  61.2%  92.9 12367s

 579603 500005  398.85332   54  129  792.29000  307.75217  61.2%  93.0 12386s

 579998 500929  432.60262   50  124  792.29000  307.77567  61.2%  93.0 12435s

 581076 501451  368.48631   48  148  792.29000  307.81146  61.1%  93.0 12464s

 581695 502051  551.19426  120  147  792.29000  307.81146  61.1%  93.0 12493s

 582441 502619  331.11470   35  115  792.29000  307.81557  61.1%  93.0 12522s

 583049 503139  433.55502   97  163  792.29000  307.81557  61.1%  93.1 12553s

 583678 503240  675.05124  191  138  792.29000  307.81557  61.1%  93.1 12588s

 583791 503462  414.41589   69  192  792.29000  307.81557  61.1%  93.1 12615s

 584059 504097  473.24323  113  176  792.29000  307.81557  61.1%  93.1 12659s

 584344 504097  491.54212  147  175  792.29000  307.81557  61.1%  93.1 12660s

 584839 504728  442.45278   54  160  792.29000  307.85683  61.1%  93.1 12691s

 585492 505716  372.90559   57  164  792.29000  307.85683  61.1%  93.1 12742s

 586653 506849  684.38924   85  125  792.29000  307.85683  61.1%  93.1 12783s

 587931 507181  324.20008   45  192  792.29000  307.89603  61.1%  93.1 12804s

 588309 508167  509.51046  123  154  792.29000  307.89603  61.1%  93.1 12852s

 589425 509179     cutoff  123       792.29000  307.91070  61.1%  93.1 12884s

 590236 509179  669.12600   87  147  792.29000  307.94161  61.1%  93.1 12885s

 590570 510128  568.34877  159  207  792.29000  307.94447  61.1%  93.1 12916s

 591657 511017 infeasible   82       792.29000  307.94771  61.1%  93.1 12959s

 592421 511017  344.14161   45  182  792.29000  307.94771  61.1%  93.1 12960s

 592654 511546  471.25325  118  155  792.29000  307.94771  61.1%  93.1 12986s

 593268 512507  650.31364  201  142  792.29000  307.97113  61.1%  93.1 13025s

 594325 513361  386.79522   68  148  792.29000  307.97113  61.1%  93.2 13057s

 595303 514039  347.01721   29  151  792.29000  307.97113  61.1%  93.2 13094s

 596064 514816  508.33286   99  179  792.29000  307.97113  61.1%  93.2 13125s

 596950 515129  370.45453   52  171  792.29000  307.97113  61.1%  93.2 13153s

 597358 515459  454.85734   68   89  792.29000  308.01405  61.1%  93.3 13185s

 597759 516508  321.60337   36  132  792.29000  308.01936  61.1%  93.3 13243s

 599003 517219 infeasible   89       792.29000  308.03105  61.1%  93.3 13272s

 599797 518118  546.14313   56  104  792.29000  308.03105  61.1%  93.3 13320s

 600922 519279  417.45560   81  161  792.29000  308.03184  61.1%  93.4 13357s

 602212 520193  582.89442  226  134  792.29000  308.03184  61.1%  93.4 13400s

 603267 520690  335.46661   28  189  792.29000  308.07714  61.1%  93.4 13422s

 603819 521600  418.78975   54  158  792.29000  308.07714  61.1%  93.4 13463s

 604837 522637  419.55140   44  223  792.29000  308.10507  61.1%  93.4 13502s

 605960 523006  320.26152   30  123  792.29000  308.10507  61.1%  93.4 13535s

 606406 523806  517.08713   57  143  792.29000  308.10507  61.1%  93.4 13572s

 607327 524309  512.12169   91  133  792.29000  308.10507  61.1%  93.4 13591s

 607855 525119  758.79094  215  147  792.29000  308.10533  61.1%  93.4 13630s

 608831 525585  460.72884   52  148  792.29000  308.10533  61.1%  93.4 13659s

 609354 526263  490.28818   59  183  792.29000  308.15667  61.1%  93.5 13698s

 610239 526675  335.13465   41  126  792.29000  308.17512  61.1%  93.5 13725s

 610703 527913  404.86181   75  141  792.29000  308.17512  61.1%  93.5 13801s

 612206 528796  499.77113   90  116  792.29000  308.21130  61.1%  93.6 13836s

 613211 529013  737.77384  101  131  792.29000  308.23404  61.1%  93.6 13863s

 613511 530135  741.80131  102  126  792.29000  308.23404  61.1%  93.6 13911s

 614734 530601  640.97130   91  115  792.29000  308.23404  61.1%  93.6 13938s

 615303 531651  346.60014   45  113  792.29000  308.27669  61.1%  93.6 13975s

 616498 532128  374.06578   45  134  792.29000  308.28540  61.1%  93.6 14010s

 616979 532432  664.33042  146  139  792.29000  308.28540  61.1%  93.6 14028s

 617353 533172  351.09383   46  193  792.29000  308.28540  61.1%  93.6 14074s

 618232 533486  351.12452   30  105  792.29000  308.30401  61.1%  93.6 14099s

 618649 534199  769.92089   93  127  792.29000  308.30401  61.1%  93.6 14138s

 619427 534765  345.85101   25  134  792.29000  308.30401  61.1%  93.7 14164s

 619521 534765  439.27264   60  130  792.29000  308.30401  61.1%  93.7 14165s

 620072 535574  460.16162  119  132  792.29000  308.30401  61.1%  93.7 14206s

 620964 536314  350.62404   45  135  792.29000  308.31960  61.1%  93.7 14238s

 621847 536720  442.77286   54  145  792.29000  308.36861  61.1%  93.7 14264s

 622256 536720  346.76667   27  120  792.29000  308.36861  61.1%  93.8 14265s

 622310 537678  437.50126   36  179  792.29000  308.36861  61.1%  93.8 14307s

 623393 538094  477.26839   75  136  792.29000  308.38328  61.1%  93.8 14326s

 623843 538932  339.94519   45  168  792.29000  308.38328  61.1%  93.8 14363s

 624838 539676  535.79586   96   77  792.29000  308.40339  61.1%  93.8 14400s



Cutting planes:

  Learned: 12

  Gomory: 42

  Lift-and-project: 46

  Cover: 166

  Implied bound: 263

  Projected implied bound: 19

  Clique: 297

  MIR: 409

  Mixing: 48

  StrongCG: 78

  Flow cover: 1072

  GUB cover: 4

  Inf proof: 18

  Zero half: 1389

  RLT: 58

  Relax-and-lift: 474



Explored 625689 nodes (58722305 simplex iterations) in 14401.87 seconds (5219.26 work units)

Thread count was 16 (of 16 available processors)



Solution count 10: 792.29 792.41 795.98 ... 932.27



Time limit reached

Best objective 7.922900000000e+02, best bound 3.084033927501e+02, gap 61.0744%

-----RESULTS INFO-----
running_time:  14417.266
TC.best_bound:  308.4033927500944
TC:  792.2900000000001
MIP Gap (%):  61.07443073242192
=== Vehicle Routes ===
Vehicle 1: 0  1
Vehicle 1: 1  3
Vehicle 1: 3  45
Vehicle 1: 4  48
Vehicle 1: 11  4
Vehicle 1: 45  11
Vehicle 1: 48  52
Vehicle 2: 0  2
Vehicle 2: 2  7
Vehicle 2: 7  12
Vehicle 2: 9  52
Vehicle 2: 10  9
Vehicle 2: 12  14
Vehicle 2: 14  10
Vehicle 3: 0  8
Vehicle 3: 5  52
Vehicle 3: 8  41
Vehicle 3: 34  51
Vehicle 3: 41  34
Vehicle 3: 51  5
Vehicle 4: 0  6
Vehicle 4: 6  13
Vehicle 4: 13  49
Vehicle 4: 49  52
Vehicle 5: 0  46
Vehicle 5: 43  52
Vehicle 5: 46  43
Vehicle 6: 0  47
Vehicle 6: 47  50
Vehicle 6: 50  52

=== Full Vehicle Routes ===
Vehicle 1: 0  1  3  45  11  4  48  0 (100<100)
Vehicle 2: 0  2  7  12  14  10  9  0 (100<100)
Vehicle 3: 0  8  41  34  51  5  0 (98<100)
Vehicle 4: 0  6  13  49  0 (98<100)
Vehicle 5: 0  46  43  0 (99<100)
Vehicle 6: 0  47  50  0 (98<100)
Arc used by MRT line: y variables:
Customer assigment to PL: u variables:
15 47
16 45
17 46
18 50
19 50
20 46
21 48
22 50
23 49
24 49
25 50
26 46
27 49
28 46
29 51
30 49
31 45
32 46
33 50
35 45
36 46
37 51
38 49
39 47
40 48
42 50
44 50
Node is served by regular vehicle: g variables:
1
2
3
4
5
6
7
8
9
10
11
12
13
14
34
41
43
51
45
46
47
48
49
50
Customer assigment to Home delivery: gm variables:
1
2
3
4
5
6
7
8
9
10
11
12
13
14
34
41
43
Node total demands: ntd variables:
1 6 1
2 22 1
3 2 1
4 17 1
5 14 1
6 8 1
7 19 1
8 21 1
9 6 1
10 24 1
11 2 1
12 12 1
13 17 1
14 17 1
30 0 0
31 0 0
32 0 0
33 0 0
34 11 1
35 0 0
36 0 0
37 0 0
38 0 0
39 0 0
40 0 0
41 13 1
42 0 0
43 21 1
44 0 0
51 39 1
45 35 1
46 78 1
47 22 1
48 38 1
49 73 1
50 76 1
Customer's demand delivered to PL: l variables:
15
16
17
18
19
20
21
22
23
24
25
26
27
28
29
30
31
32
33
35
36
37
38
39
40
42
44
Lockers load <= capacity:
39 <= 74
35 <= 100
78 <= 86
22 <= 87
38 <= 81
73 <= 100
76 <= 85
