Gurobi 12.0.3:   lim:time = 14400

  mip:bestbound = 1

Set parameter LogToConsole to value 1

  tech:outlev = 1

Set parameter Cuts to value 3

  cut:cuts = 3

Set parameter Presolve to value 2

  pre:solve = 2

Set parameter MIPFocus to value 2

  mip:focus = 2

Set parameter Symmetry to value 2

  mip:symmetry = 2

Set parameter InfUnbdInfo to value 1

Gurobi Optimizer version 12.0.3 build v12.0.3rc0 (win64 - Windows 10.0 (19045.2))



CPU model: Intel(R) Core(TM) i7-10700 CPU @ 2.90GHz, instruction set [SSE2|AVX|AVX2]

Thread count: 8 physical cores, 16 logical processors, using up to 16 threads



Non-default parameters:

TimeLimit  14400

MIPFocus  2

Symmetry  2

Cuts  3

InfUnbdInfo  1

Presolve  2



Optimize a model with 2065 rows, 7534 columns and 47414 nonzeros

Model fingerprint: 0xc124e8de

Model has 6 quadratic objective terms

Model has 12 quadratic constraints

Variable types: 72 continuous, 7462 integer (0 binary)

Coefficient statistics:

  Matrix range     [1e+00, 1e+05]

  QMatrix range    [1e+00, 1e+00]

  QLMatrix range   [1e+00, 2e+01]

  Objective range  [3e+00, 1e+02]

  QObjective range [2e+00, 2e+00]

  Bounds range     [1e+00, 1e+02]

  RHS range        [1e+00, 1e+05]

  QRHS range       [1e+02, 1e+02]

Presolve removed 109 rows and 264 columns

Presolve time: 1.22s

Presolved: 6405 rows, 11698 columns, 56745 nonzeros

Variable types: 1254 continuous, 10444 integer (10231 binary)

Root relaxation presolve removed 5 rows and 3 columns

Root relaxation presolved: 6400 rows, 11695 columns, 103068 nonzeros



Deterministic concurrent LP optimizer: primal and dual simplex

Showing primal log only...



Concurrent spin time: 0.00s



Solved with dual simplex



Root relaxation: objective 1.688591e+02, 681 iterations, 0.10 seconds (0.13 work units)



    Nodes    |    Current Node    |     Objective Bounds      |     Work

 Expl Unexpl |  Obj  Depth IntInf | Incumbent    BestBd   Gap | It/Node Time



     0     0  168.85913    0  115          -  168.85913      -     -    2s

     0     0  250.58397    0  126          -  250.58397      -     -    4s

     0     0  250.58397    0  118          -  250.58397      -     -    4s

     0     0  250.58397    0  116          -  250.58397      -     -    4s

     0     0  263.72997    0  119          -  263.72997      -     -    4s

     0     0  268.21881    0  148          -  268.21881      -     -    4s

     0     0  268.39649    0  153          -  268.39649      -     -    4s

     0     0  279.02527    0  135          -  279.02527      -     -    6s

     0     0  279.85975    0  169          -  279.85975      -     -    6s

     0     0  282.69919    0  174          -  282.69919      -     -    7s

     0     0  283.03719    0  193          -  283.03719      -     -    7s

     0     0  286.29139    0  244          -  286.29139      -     -    8s

     0     0  286.45188    0  238          -  286.45188      -     -    8s

     0     0  287.16147    0  270          -  287.16147      -     -    8s

     0     0  287.16147    0  270          -  287.16147      -     -    8s

     0     2  287.18734    0  270          -  287.18734      -     -    9s

     7    16  296.46393    3  208          -  288.90357      -   389   10s

  1851  1694  294.03460    7  121          -  289.40722      -  64.0   16s

  1855  1697  367.42943   61  196          -  289.40722      -  63.9   21s

  1858  1699  385.42794   94  236          -  292.17708      -  63.8   28s

  1860  1700  351.57010    8  276          -  293.14318      -  63.7   33s

  1861  1701  387.04295  190  305          -  293.55535      -  63.7   35s

  1863  1702  411.31541   69  327          -  293.93341      -  63.6   40s

  1870  1707  466.62872  161  242          -  294.08079      -  63.4   45s

  1876  1711  636.30502  156  222          -  294.13137      -  63.2   50s

H 1879  1626                    1294.3100000  294.13629  77.3%  63.1   55s

  1887  1631  330.11098   35  320 1294.31000  296.25082  77.1%  62.8   60s

H 1887  1549                    1272.3100000  296.29908  76.7%  62.8   60s

H 1893  1475                    1216.3500000  296.50678  75.6%  62.6   64s

H 1893  1400                    1193.3500000  296.53618  75.2%  62.6   64s

H 1893  1329                    1173.3500000  296.53618  74.7%  62.6   64s

  1896  1331  324.95366   24  197 1173.35000  296.68797  74.7%  62.5   65s

H 1897  1265                    1133.3500000  296.68797  73.8%  62.5   66s

H 1898  1202                    1121.9000000  296.68797  73.6%  62.5   68s

H 1898  1141                    1114.3500000  296.68797  73.4%  62.5   68s

  1902  1143  318.87019   52  254 1114.35000  296.85310  73.4%  62.3   70s

  1910  1149  324.41981   38  264 1114.35000  297.77100  73.3%  62.1   75s

H 1911  1090                    1059.4000000  297.77100  71.9%  62.0   76s

H 1959  1071                    1044.1500000  298.35333  71.4%  89.5   79s

  1962  1081  410.79641   17  221 1044.15000  298.35333  71.4%  90.7   80s

H 2043  1071                    1041.3100000  298.35333  71.3%   103   82s

H 2086  1057                    1029.4400000  298.35333  71.0%   107   84s

  2103  1067  380.92358   27  135 1029.44000  298.35333  71.0%   109   85s

H 2106  1018                    1028.4400000  298.35333  71.0%   109   85s

H 2117   989                    1019.1600000  298.35333  70.7%   110   85s

H 2162   972                    1015.7500000  298.35333  70.6%   114   87s

  2237  1016  425.88703   35  167 1015.75000  298.35333  70.6%   121   90s

  2451  1189  405.67505   46  134 1015.75000  298.35333  70.6%   131   95s

  2758  1379  407.15783   50  165 1015.75000  298.46707  70.6%   135  100s

H 3029  1447                    1014.7500000  298.46707  70.6%   139  104s

  3041  1517  387.98236   57  119 1014.75000  298.46707  70.6%   139  105s

  3244  1594  388.44097   64  133 1014.75000  298.46707  70.6%   139  110s

  3832  2010  405.98473   91  119 1014.75000  298.54861  70.6%   139  116s

H 4042  1910                     999.5500000  298.54861  70.1%   135  117s

H 4044  1903                     983.2600000  298.54861  69.6%   135  117s

  4339  2283  319.91629   28  145  983.26000  298.54861  69.6%   131  120s

  5193  2937 infeasible  166       983.26000  298.63063  69.6%   121  125s

  5652  3433  428.62638   77  140  983.26000  298.63063  69.6%   121  131s

  5904  3542  580.83723  124  118  983.26000  299.50906  69.5%   120  135s

  6016  3692  712.46491  157  115  983.26000  299.50906  69.5%   120  140s

  6532  4161 infeasible   35       983.26000  299.55939  69.5%   118  145s

  7487  5207  343.24619   25  169  983.26000  299.81047  69.5%   115  151s

  8161  5551  394.15208   54  158  983.26000  299.99847  69.5%   114  155s

  9398  6587  771.41598  126  127  983.26000  300.06275  69.5%   113  161s

 10068  7431  374.68547   45  115  983.26000  300.06275  69.5%   113  166s

 10599  7676 infeasible   90       983.26000  300.06275  69.5%   112  171s

H10824  7738                     978.5500000  300.06407  69.3%   112  174s

 10886  8064  301.33063   28  219  978.55000  300.06407  69.3%   112  176s

 11741  8826  569.59499  111  190  978.55000  300.06407  69.3%   110  183s

 12205  8909  917.14999  173  128  978.55000  300.10599  69.3%   111  187s

H12206  8903                     971.4400000  300.10599  69.1%   111  187s

 12293  9194  926.29440  174  131  971.44000  300.10599  69.1%   111  191s

 12634  9750  320.13658   55  131  971.44000  300.10599  69.1%   111  195s

 13383 10345  307.02307   33  132  971.44000  300.11088  69.1%   110  203s

 13900 10643  515.19024  142  145  971.44000  300.11088  69.1%   111  208s

 14334 10770  301.98135   35  161  971.44000  300.11088  69.1%   110  213s

H14496 10769                     968.4000000  300.11088  69.0%   110  213s

 14497 11481  303.48396   38  248  968.40000  300.11088  69.0%   110  221s

 15369 11969 infeasible   85       968.40000  300.46377  69.0%   110  226s

 15944 12201  520.19923  103  115  968.40000  300.46572  69.0%   109  231s

H16113 12200                     967.6200000  300.46572  68.9%   109  231s

 16198 12995  630.96353  147  125  967.62000  300.46572  68.9%   109  236s

 17103 13826  523.44578   79  149  967.62000  300.46572  68.9%   108  240s

 18115 14226  342.40333   66  146  967.62000  300.58752  68.9%   106  245s

 19000 14733  443.95311   82  181  967.62000  300.58752  68.9%   105  250s

 19698 15165  374.91670   44  172  967.62000  300.61225  68.9%   104  260s

 19727 15358  377.70746   45  115  967.62000  300.61225  68.9%   104  266s

 19944 15989  377.85024   46  134  967.62000  300.61225  68.9%   104  271s

 20681 16936  307.83360   16  146  967.62000  300.61225  68.9%   103  278s

 21813 17858  480.54648   98  152  967.62000  300.61225  68.9%   102  283s

 22968 18013  353.92182   44  134  967.62000  300.61225  68.9%   102  289s

 23141 18222  507.42236   55   96  967.62000  300.61225  68.9%   102  296s

 23540 19458  413.61779   46  153  967.62000  300.90654  68.9%   103  303s

 25033 20042  342.68785   51  132  967.62000  300.99579  68.9%   102  308s

 25639 20061  561.30248  130  171  967.62000  300.99579  68.9%   101  314s

 25658 21239  564.46790  131  160  967.62000  300.99579  68.9%   101  320s

 27031 22079  699.51628  109  130  967.62000  301.01040  68.9%   100  326s

 27969 23313  440.42193   78  136  967.62000  301.01040  68.9%  98.5  332s

 29347 23946  709.99761   74  131  967.62000  301.26148  68.9%  97.0  343s

 30085 23967  431.59561   59  168  967.62000  301.26148  68.9%  96.9  351s

 30106 24938  433.10463   60  129  967.62000  301.26148  68.9%  96.8  361s

 31257 26339  359.78418   40  159  967.62000  301.29342  68.9%  96.1  370s

 32863 26819  522.51065  104  121  967.62000  301.38492  68.9%  94.9  377s

H33381 26764                     945.7400000  301.38492  68.1%  94.2  377s

 33443 27771  373.36039   35  112  945.74000  301.39027  68.1%  94.2  384s

 34585 27907  303.87075   39  114  945.74000  301.39707  68.1%  93.8  390s

 34739 27927  319.38101   54  142  945.74000  301.44399  68.1%  94.2  396s

H34757 27858                     933.9400000  301.44399  67.7%  94.2  396s

 34759 28656  325.30988   67  128  933.94000  301.44399  67.7%  94.2  403s

 35655 29704  909.92817  143  122  933.94000  301.44399  67.7%  93.6  409s

 36818 29924  502.49613  175  155  933.94000  301.46973  67.7%  93.2  416s

 37096 31018  314.10629   48  194  933.94000  301.48019  67.7%  93.2  422s

 38351 31198  304.00403   17  208  933.94000  301.48019  67.7%  92.3  428s

 38552 31458  308.11166   30  177  933.94000  301.48019  67.7%  92.3  433s

 38861 32263  418.24300   86  143  933.94000  301.48020  67.7%  92.5  439s

 39761 32979  704.01763  259  124  933.94000  301.53811  67.7%  92.2  446s

 40599 33769  345.38566   37  173  933.94000  301.53811  67.7%  92.2  453s

 41645 34159  741.34187   65  116  933.94000  301.53811  67.7%  93.1  459s

 42154 35025  461.98280   72  140  933.94000  301.59943  67.7%  93.6  466s

 43223 35273  694.17694  196  168  933.94000  301.59943  67.7%  93.1  473s

 43523 36458  828.65432  216  151  933.94000  301.59943  67.7%  93.2  480s

 44988 37182 infeasible  140       933.94000  301.60010  67.7%  92.5  490s

 45805 37432  655.54620  166  121  933.94000  301.61107  67.7%  92.5  500s

 46067 39190  771.70970  240  115  933.94000  301.61107  67.7%  92.3  511s

 48034 39590  691.35655  151  132  933.94000  301.75847  67.7%  92.1  517s

 48529 40087  375.92497   64  112  933.94000  301.75847  67.7%  92.5  523s

 49090 40780  589.79293  123  149  933.94000  301.75847  67.7%  92.5  530s

 49955 41320  328.57148   26  201  933.94000  301.84703  67.7%  92.5  536s

 50678 42452  445.60500   59  156  933.94000  301.86156  67.7%  93.0  544s

 51954 42985  382.69824   51  139  933.94000  301.86156  67.7%  92.8  549s

 52592 44479  486.27481  118  167  933.94000  301.86156  67.7%  93.0  558s

 54235 45554  391.28243   60  142  933.94000  301.98135  67.7%  92.3  565s

 55431 45976  333.95038   29  157  933.94000  301.99518  67.7%  91.8  570s

 55918 46167 infeasible   67       933.94000  301.99518  67.7%  92.6  576s

 56226 46544  388.85602   57  174  933.94000  301.99518  67.7%  93.0  582s

 56609 47590  525.99709   98  166  933.94000  302.00457  67.7%  93.2  589s

 57875 48252  429.09425   53  101  933.94000  302.01718  67.7%  93.2  595s

 58696 48247  841.00998  148  122  933.94000  302.01718  67.7%  93.0  601s

 58717 48244     cutoff  144       933.94000  302.06371  67.7%  93.0  607s

 58736 48251  842.95671  150  142  933.94000  302.06371  67.7%  93.1  612s

 58745 48278  843.97984  151  136  933.94000  302.06371  67.7%  93.1  619s

 58797 48595  355.29579   53  122  933.94000  302.06371  67.7%  93.1  625s

 59145 48940  504.06235  101  104  933.94000  302.06371  67.7%  93.3  631s

 59590 49776  446.67015   70  101  933.94000  302.06371  67.7%  93.3  641s

 60615 50757  402.07457   75  154  933.94000  302.06371  67.7%  93.6  649s

 61790 51019  388.34570   31  121  933.94000  302.07333  67.7%  93.7  654s

 62105 51485     cutoff   48       933.94000  302.07906  67.7%  94.0  660s

 62656 51916  617.05813   49  137  933.94000  302.07906  67.7%  94.1  666s

 63202 53574  441.60907   69   97  933.94000  302.12560  67.7%  94.3  674s

 65026 54486  647.14314  165  140  933.94000  302.22831  67.6%  93.7  681s

 66039 54765  370.03619   48  142  933.94000  302.22939  67.6%  93.7  687s

 66392 55769  563.51586  126  158  933.94000  302.22939  67.6%  93.7  692s

 67521 56314  504.12782  110  171  933.94000  302.37189  67.6%  93.5  698s

 68114 56986  396.13482   52  158  933.94000  302.37189  67.6%  93.4  704s

 68884 57242  481.37812   73  137  933.94000  302.37189  67.6%  93.3  710s

 69210 57534  375.67096   57  204  933.94000  302.37189  67.6%  93.6  716s

 69510 58642  421.27068   91  155  933.94000  302.37189  67.6%  93.7  722s

H69743 58634                     932.8000000  302.37189  67.6%  93.6  722s

 70727 59454  674.04001  145  155  932.80000  302.55636  67.6%  93.3  728s

 71632 60522  674.87548  147  150  932.80000  302.55636  67.6%  93.2  735s

 72815 60934  348.43923   30  189  932.80000  302.55636  67.6%  92.6  740s

 73287 61434  574.82150   67  107  932.80000  302.62872  67.6%  92.8  746s

 73802 62104  411.87756   54  168  932.80000  302.62872  67.6%  92.9  752s

 74573 62682  902.24269  198  103  932.80000  302.62872  67.6%  92.7  762s

 75340 64622  497.85855  123  161  932.80000  302.74769  67.5%  92.8  772s

 77382 65153  510.31286  127  135  932.80000  302.75770  67.5%  92.0  777s

 77936 65795  624.72730  157  121  932.80000  302.75770  67.5%  91.8  782s

 78675 66199  412.83423   40  169  932.80000  302.75770  67.5%  91.7  787s

 79132 67092  614.20968  108  163  932.80000  302.75770  67.5%  91.7  793s

 80163 67316  442.46677   42  158  932.80000  302.75770  67.5%  91.7  797s

 80448 67823  652.04667   49  187  932.80000  302.75770  67.5%  92.0  803s

 81157 68078 infeasible   80       932.80000  302.91059  67.5%  92.2  808s

 81416 69027  345.83232   36  151  932.80000  302.91059  67.5%  92.2  814s

 82407 70227  478.43320   49  178  932.80000  302.91059  67.5%  91.8  820s

 83795 70562 infeasible   68       932.80000  302.92920  67.5%  91.3  825s

 84182 71522  847.82136   67  106  932.80000  302.98658  67.5%  91.3  831s

 85233 71939  553.95900   76  107  932.80000  303.01110  67.5%  91.1  837s

 85707 72920  415.78824   56  127  932.80000  303.01110  67.5%  91.2  842s

 86793 73933  878.67660  231  157  932.80000  303.01653  67.5%  91.0  847s

 87929 74663  322.03429   36  162  932.80000  303.01653  67.5%  90.8  853s

 88742 75017  563.74634  155  154  932.80000  303.01653  67.5%  90.6  858s

 89137 75902  828.39837  218  109  932.80000  303.01653  67.5%  90.6  869s

 90234 77018  433.01078   95  154  932.80000  303.23420  67.5%  90.8  875s

 91422 77461     cutoff  179       932.80000  303.23420  67.5%  90.8  880s

 91983 78242  345.87379   36  167  932.80000  303.26039  67.5%  91.0  886s

 92896 78565  887.35821  194   97  932.80000  303.26039  67.5%  91.1  891s

 93279 79148  360.51758   48  142  932.80000  303.26039  67.5%  91.4  896s

 94096 80020 infeasible  105       932.80000  303.30637  67.5%  91.7  902s

 95087 80595  388.12262   85  136  932.80000  303.30637  67.5%  91.8  908s

 95775 81700  627.09102  215  179  932.80000  303.30637  67.5%  91.7  914s

 96975 82089  420.06633   40  112  932.80000  303.39915  67.5%  91.6  919s

 97470 82979  719.25455   60   84  932.80000  303.39915  67.5%  91.8  925s

 98533 83582  572.69170   91  117  932.80000  303.51327  67.5%  91.8  931s

 99163 84458  333.39654   46  122  932.80000  303.51327  67.5%  91.6  937s

 100161 85185  333.09450   55  213  932.80000  303.51327  67.5%  91.6  943s

 100962 86089  365.01562   90  200  932.80000  303.51327  67.5%  91.8  948s

 101988 86926  436.05364  163  183  932.80000  303.51327  67.5%  91.8  954s

 103031 87220  398.93252   49  179  932.80000  303.62172  67.5%  91.8  958s

 103408 88358  318.82762   35  147  932.80000  303.62172  67.5%  91.9  964s

 104654 89683  590.22531  190  102  932.80000  303.63481  67.4%  91.7  975s

 106114 90343  309.47176   21  108  932.80000  303.75424  67.4%  91.6  980s

 107250 91433  455.00356   93  135  932.80000  303.75424  67.4%  91.6  989s

 108195 92410  856.63297  233   79  932.80000  303.80986  67.4%  91.6  995s

 109273 92895  478.27310   47  197  932.80000  303.86490  67.4%  91.4 1000s

 110176 93831  327.31602   44  172  932.80000  303.93553  67.4%  91.7 1010s

 110981 94230  527.80564  131  157  932.80000  303.95301  67.4%  91.8 1015s

 111451 94946  808.59731  240  164  932.80000  303.95301  67.4%  91.9 1021s

 112293 95882  465.73282   65  147  932.80000  304.01721  67.4%  91.9 1027s

 113470 96173  384.16029   34  109  932.80000  304.12000  67.4%  91.8 1032s

 113832 96893  449.69862   60  167  932.80000  304.12155  67.4%  91.9 1037s

 114668 97541  336.57083   25  170  932.80000  304.12155  67.4%  91.9 1043s

 115407 97764  607.72635   47   99  932.80000  304.18137  67.4%  92.1 1048s

 115748 98341  830.46988   62   53  932.80000  304.22226  67.4%  92.2 1053s

 116401 99091  371.66185   65  184  932.80000  304.22226  67.4%  92.3 1058s

 117207 99472  464.61580  116  123  932.80000  304.22226  67.4%  92.3 1065s

 117690 100193  706.38959  155   76  932.80000  304.22226  67.4%  92.3 1071s

 118531 100569  465.61194  112  169  932.80000  304.22226  67.4%  92.4 1077s

 119009 101113  522.03999  162  151  932.80000  304.33639  67.4%  92.5 1082s

 119609 102369  702.61153  222  159  932.80000  304.33639  67.4%  92.6 1092s

 121030 103059  372.53443   30  147  932.80000  304.33639  67.4%  92.6 1097s

 121835 103285  480.29783   94  194  932.80000  304.33639  67.4%  92.5 1101s

 122061 104034  513.05928  125  174  932.80000  304.39265  67.4%  92.6 1107s

 122974 104536  322.44422   40  154  932.80000  304.39265  67.4%  92.6 1112s

 123502 105321  383.69991   61  167  932.80000  304.39265  67.4%  92.7 1118s

 124374 105968  492.68530  107  140  932.80000  304.47967  67.4%  92.7 1124s

 125190 106299  310.45102   28  151  932.80000  304.47967  67.4%  92.7 1129s

 125559 106999  394.47688   46  121  932.80000  304.53134  67.4%  93.0 1135s

 126341 107425  668.71989  102   59  932.80000  304.53134  67.4%  93.2 1141s

 126884 108154  364.29731   61   94  932.80000  304.54377  67.4%  93.3 1147s

 127725 108654  324.39131   26  169  932.80000  304.56098  67.3%  93.4 1153s

 128383 108869  844.72084  122  110  932.80000  304.56098  67.3%  93.6 1159s

 128676 109512  486.29138   60  178  932.80000  304.56098  67.3%  93.9 1165s

 129552 109960  877.60422  149  167  932.80000  304.69950  67.3%  94.1 1172s

 130221 111139  356.05438   64  215  932.80000  304.69950  67.3%  94.1 1179s

 131505 111416  784.77030  247  150  932.80000  304.69950  67.3%  93.9 1184s

 131849 112410  346.50937   56  131  932.80000  304.79466  67.3%  93.9 1191s

 132954 113169  318.67589   36  288  932.80000  304.84313  67.3%  93.9 1198s

 133843 114132  801.86116  117  207  932.80000  304.84313  67.3%  93.9 1204s

 134826 115443  443.16799   83  107  932.80000  304.87872  67.3%  93.7 1214s

 136304 115734  370.71422   34  151  932.80000  304.96527  67.3%  93.6 1219s

 136628 116414  414.76238   53  136  932.80000  304.96527  67.3%  93.6 1224s

 137426 117223  464.76534   96  156  932.80000  304.97541  67.3%  93.6 1230s

 138321 118197  512.80827   57  155  932.80000  304.97541  67.3%  93.6 1236s

 139349 118564  323.89912   25  216  932.80000  304.97541  67.3%  93.4 1241s

 139757 119729  345.52284   46  127  932.80000  304.97541  67.3%  93.4 1247s

 140986 120420  470.21219  150  175  932.80000  304.97541  67.3%  93.2 1252s

 141807 120797  381.29319   28  129  932.80000  305.15524  67.3%  93.2 1256s

 142220 121014  592.14462   70  120  932.80000  305.15524  67.3%  93.5 1261s

 142461 121723  585.20159  103  108  932.80000  305.16637  67.3%  93.7 1267s

 143453 122007  392.96774   49  178  932.80000  305.16637  67.3%  93.7 1270s

 143860 123045  685.31320   85  131  932.80000  305.16637  67.3%  93.8 1278s

 145078 124124  428.23196   64  127  932.80000  305.16637  67.3%  93.6 1284s

 146243 124984  337.86790   38  182  932.80000  305.30045  67.3%  93.4 1290s

 147402 125733  349.97312   40  171  932.80000  305.31171  67.3%  93.5 1300s

 148556 126907 infeasible  245       932.80000  305.37201  67.3%  93.6 1310s

 149466 127966  352.96718   25  182  932.80000  305.37201  67.3%  93.6 1320s

 150657 128411  325.46419   34  168  932.80000  305.37201  67.3%  93.6 1326s

 151157 129241 infeasible   79       932.80000  305.37201  67.3%  93.6 1333s

 152140 130379  386.91172   73  126  932.80000  305.47418  67.3%  93.6 1339s

 153387 130822  309.04624   18  200  932.80000  305.49387  67.2%  93.4 1345s

 153882 131481  388.45333   38  151  932.80000  305.49387  67.2%  93.5 1350s

 154622 132393  331.11146   51  182  932.80000  305.49387  67.2%  93.5 1356s

 155641 132721  495.40604  199  183  932.80000  305.49387  67.2%  93.5 1361s

 156030 133751  678.65239  268  150  932.80000  305.49387  67.2%  93.5 1368s

 157155 134492  704.60176   89  113  932.80000  305.49387  67.2%  93.4 1373s

 158040 135082  452.13637   56  108  932.80000  305.49387  67.2%  93.4 1379s

 158759 135483  347.62737   49  174  932.80000  305.66482  67.2%  93.5 1384s

 159286 136204  636.14840  101  153  932.80000  305.66482  67.2%  93.5 1390s

 160177 136952  487.71088   83  153  932.80000  305.74976  67.2%  93.5 1396s

 161064 137170 infeasible   46       932.80000  305.74976  67.2%  93.6 1401s

 161321 137610  478.11930   49  113  932.80000  305.74976  67.2%  93.7 1408s

 161881 138616  326.21734   37  240  932.80000  305.74976  67.2%  93.8 1414s

 162962 138926  517.36187  145  193  932.80000  305.74976  67.2%  93.7 1419s

 163298 139916  584.51070  201  171  932.80000  305.74976  67.2%  93.7 1426s

 164420 140630  316.78087   28  193  932.80000  305.75375  67.2%  93.6 1436s

 165406 141387  311.47550   18  200  932.80000  305.99645  67.2%  93.7 1444s

 166262 141679  906.02525  121  122  932.80000  306.00762  67.2%  93.8 1450s

 166683 142092  346.69497   36  175  932.80000  306.06115  67.2%  93.9 1456s

 167197 142824  656.75170   81  159  932.80000  306.07184  67.2%  94.1 1465s

 168094 143725  562.63251  116  177  932.80000  306.07184  67.2%  94.3 1473s

 169204 144963  402.61567   68  136  932.80000  306.16284  67.2%  94.3 1481s

 170611 145242  568.71264  124  147  932.80000  306.21878  67.2%  94.2 1488s

 170906 146445  765.77401  168  139  932.80000  306.21878  67.2%  94.2 1496s

 172261 146970  573.45739   59  139  932.80000  306.22342  67.2%  94.0 1502s

 172894 147604  582.63206  123  183  932.80000  306.22342  67.2%  94.2 1509s

 173735 147991  916.88553  246  141  932.80000  306.24777  67.2%  94.2 1515s

 174238 148480  747.30545   88  154  932.80000  306.25217  67.2%  94.3 1522s

 174836 149620  538.76043   86  106  932.80000  306.37330  67.2%  94.4 1530s

 176107 149871  404.20111   36  147  932.80000  306.37330  67.2%  94.3 1536s

 176410 150528  780.69731   59  149  932.80000  306.37330  67.2%  94.4 1543s

 177205 151791  638.62691  170  136  932.80000  306.44630  67.1%  94.4 1551s

 178573 152160  445.67735   89  145  932.80000  306.46079  67.1%  94.2 1557s

 178977 153158  560.47580  117  131  932.80000  306.46079  67.1%  94.2 1568s

 180163 154366  348.69772   53  149  932.80000  306.46079  67.1%  94.2 1576s

 181534 154778  333.54953   31  162  932.80000  306.46079  67.1%  94.0 1581s

 182039 155204  368.82403   80  167  932.80000  306.46079  67.1%  94.1 1586s

 182547 155440 infeasible  206       932.80000  306.46079  67.1%  94.2 1590s

 182799 156116  365.35537   59  180  932.80000  306.57594  67.1%  94.2 1597s

 183599 157044  767.87531  167  162  932.80000  306.57594  67.1%  94.3 1602s

 184590 157693  376.88431   72  120  932.80000  306.57594  67.1%  94.1 1608s

 185290 158197  711.56805  233  134  932.80000  306.57594  67.1%  94.1 1614s

 185828 158871  425.31318   63  151  932.80000  306.57594  67.1%  94.1 1620s

 186627 159432 infeasible  136       932.80000  306.73409  67.1%  94.2 1627s

 187339 160217  377.47294   54  140  932.80000  306.73409  67.1%  94.3 1635s

 188256 160675  688.94600  224  166  932.80000  306.73409  67.1%  94.2 1640s

 188742 161569  359.99268   38  155  932.80000  306.73409  67.1%  94.2 1648s

 189756 162332  421.56421   55  171  932.80000  306.90665  67.1%  94.1 1654s

 190468 162332  553.61020   49  139  932.80000  306.90665  67.1%  94.1 1655s

 190617 163018  910.79832  109  133  932.80000  306.90665  67.1%  94.1 1662s

 191442 163457  798.45727  159  105  932.80000  306.93529  67.1%  94.1 1668s

 191921 164412  377.32583   44  144  932.80000  306.93535  67.1%  94.2 1676s

 192976 165117  362.27291   20  203  932.80000  306.97309  67.1%  94.0 1681s

 193773 166003  336.55889   48  204  932.80000  307.02307  67.1%  94.1 1692s

 194784 166252  388.39440   65  135  932.80000  307.02307  67.1%  94.2 1699s

 195089 167060  414.86790   99  116  932.80000  307.02307  67.1%  94.2 1707s

 196027 167779  661.06429  203   98  932.80000  307.11596  67.1%  94.4 1716s

 196950 168370  319.60245   42  209  932.80000  307.19935  67.1%  94.5 1726s

 197683 168886  411.59684   61  138  932.80000  307.19935  67.1%  94.6 1732s

 198238 170091  642.47855   74  135  932.80000  307.19935  67.1%  94.7 1743s

 199573 171246  439.20429   93  193  932.80000  307.19935  67.1%  94.6 1753s

 200876 171830  377.78330   50  113  932.80000  307.39072  67.0%  94.5 1762s

 201699 172029  610.97387   55   96  932.80000  307.43252  67.0%  94.6 1768s

 201983 172764  397.27473   21  142  932.80000  307.44149  67.0%  94.8 1777s

 202880 173241  378.36182   23  158  932.80000  307.49583  67.0%  94.9 1785s

 203501 174486  469.26894   33  155  932.80000  307.56274  67.0%  94.8 1795s

 204863 175055  359.86254   46  102  932.80000  307.56274  67.0%  94.7 1803s

 205556 175898  370.52855   72  147  932.80000  307.56274  67.0%  94.9 1812s

 206617 176516  463.29070  103  100  932.80000  307.61340  67.0%  94.9 1820s

 207249 177653  545.38468  121   96  932.80000  307.61340  67.0%  94.9 1830s

 208512 178921  397.34589   46  149  932.80000  307.63789  67.0%  94.7 1840s

 209852 179305  414.41316  108  161  932.80000  307.68414  67.0%  94.7 1845s

 210273 180362  512.94996  150  151  932.80000  307.68414  67.0%  94.6 1855s

 211456 180854  327.69876   45  165  932.80000  307.68414  67.0%  94.5 1861s

 212089 181795  309.71762   29  180  932.80000  307.68414  67.0%  94.5 1868s

 213046 182673  380.23955   79  200  932.80000  307.68414  67.0%  94.4 1877s

 214064 183026  573.56197  197  126  932.80000  307.68414  67.0%  94.3 1882s

 214461 183555  326.26114   34  253  932.80000  307.68414  67.0%  94.3 1889s

 215112 183984  435.66111   79  167  932.80000  307.68414  67.0%  94.3 1895s

 215678 184383  607.05134  193  202  932.80000  307.68414  67.0%  94.5 1901s

 216158 185094  745.41048  269  157  932.80000  307.68414  67.0%  94.6 1907s

 217007 185919  428.42127   30  170  932.80000  307.84100  67.0%  94.5 1916s

 217855 186674  654.76305   75  157  932.80000  307.84100  67.0%  94.4 1923s

 218729 187030  895.61143  148  149  932.80000  307.93618  67.0%  94.3 1930s

 219155 187791  496.29280   59  128  932.80000  307.93618  67.0%  94.4 1936s

 220009 188491  338.38127   32  195  932.80000  307.93618  67.0%  94.3 1943s

 220739 189566  417.47135   93  145  932.80000  307.93618  67.0%  94.3 1953s

 221914 190385  662.78043  276  155  932.80000  307.93618  67.0%  94.1 1963s

 222811 190816  398.13145   68  180  932.80000  307.97197  67.0%  94.0 1970s

 223301 191575  870.05409  134  138  932.80000  307.97197  67.0%  94.0 1985s

 224171 192512  477.13760   50  126  932.80000  308.09749  67.0%  94.0 1995s

 225267 193277  703.02151  132  129  932.80000  308.09749  67.0%  94.0 2005s

 226105 193434  361.40777   36  162  932.80000  308.09749  67.0%  94.0 2013s

 226272 194127  370.07421   36  111  932.80000  308.09994  67.0%  94.0 2022s

 227017 194467  393.47189   39  136  932.80000  308.10589  67.0%  94.0 2029s

 227393 195000  421.78921   50  122  932.80000  308.10589  67.0%  94.1 2039s

 227950 195000  901.61608  399  164  932.80000  308.10589  67.0%  94.1 2040s

 228067 195497  516.88997   73  125  932.80000  308.15960  67.0%  94.2 2049s

 228706 196784  586.15695  102  128  932.80000  308.20119  67.0%  94.2 2063s

 230150 197310  407.71316   50  115  932.80000  308.20119  67.0%  94.1 2074s

 230807 197833  339.87353   52  164  932.80000  308.20119  67.0%  94.2 2084s

 231462 198406  689.84287  126  145  932.80000  308.20119  67.0%  94.2 2094s

 232187 199089  443.11493   93  135  932.80000  308.20119  67.0%  94.3 2103s

 232914 200306  613.01041  211  168  932.80000  308.20119  67.0%  94.3 2117s

 234298 200622  546.39910   76  122  932.80000  308.33417  66.9%  94.2 2127s

 234644 201027  630.83493   91  128  932.80000  308.33417  66.9%  94.2 2135s

 235083 202159  490.63040   48  123  932.80000  308.37748  66.9%  94.2 2149s

 236355 202888  314.10435   34  113  932.80000  308.38489  66.9%  94.1 2159s

 237186 204005  407.17499   70  244  932.80000  308.39289  66.9%  94.1 2171s

 238403 204856  736.16354  224  154  932.80000  308.39289  66.9%  94.1 2188s

 239466 205058  339.17705   27  145  932.80000  308.52752  66.9%  94.1 2195s

 239703 206020  356.56025   66  163  932.80000  308.52752  66.9%  94.2 2210s

 240810 206820  363.66111   38  151  932.80000  308.56697  66.9%  94.0 2220s

 241753 207652  467.85047   64  170  932.80000  308.60541  66.9%  94.1 2231s

 242611 208499  656.76088  134  148  932.80000  308.60541  66.9%  94.0 2244s

 243570 208810  366.37471   80  140  932.80000  308.60541  66.9%  93.9 2253s

 243881 209792  618.49258  173  110  932.80000  308.60541  66.9%  93.9 2266s

 244967 210684  376.38656   50  288  932.80000  308.63670  66.9%  93.8 2275s

 245909 211714  540.40896   87  200  932.80000  308.63670  66.9%  93.8 2287s

 247040 212034  338.30840   37  171  932.80000  308.65215  66.9%  93.7 2294s

 247382 212812  364.55553   70  148  932.80000  308.65215  66.9%  93.7 2305s

 248262 213479  595.70956  213  126  932.80000  308.70847  66.9%  93.8 2311s

 249052 213777  554.36442   93  122  932.80000  308.75405  66.9%  93.8 2321s

 249417 214479  330.07141   31  126  932.80000  308.75405  66.9%  93.8 2334s

 250212 215005  558.43560  119  130  932.80000  308.75405  66.9%  93.8 2345s

 250785 215248  341.19937   40   94  932.80000  308.75405  66.9%  93.9 2358s

 251069 215264  445.95288   54  116  932.80000  308.75700  66.9%  93.9 2373s

H251079 215091                     920.7400000  308.75700  66.5%  93.9 2373s

 251093 215351  469.91667   58   97  920.74000  308.75700  66.5%  94.0 2381s

 251461 216355  371.70562   40  212  920.74000  308.81070  66.5%  94.0 2396s

 252573 216729  526.45134  141  226  920.74000  308.81070  66.5%  94.0 2404s

 252983 217767  639.18754  187  143  920.74000  308.81070  66.5%  94.0 2420s

 254136 218695  318.49265   25  182  920.74000  308.81070  66.5%  93.9 2429s

 255077 219524  386.44183  115  227  920.74000  308.81070  66.5%  93.9 2436s

 256008 220092  492.74626  234  161  920.74000  308.82852  66.5%  93.8 2441s

 256613 221052  547.64452  288  167  920.74000  308.82852  66.5%  93.7 2447s

 257627 221726  371.85252   29  155  920.74000  308.88102  66.5%  93.6 2454s

 258007 221726  511.00495  140  192  920.74000  308.88102  66.5%  93.6 2455s

 258417 221977  341.35139   33  184  920.74000  308.88102  66.5%  93.5 2463s

 258734 222492  619.22441   69  137  920.74000  308.88102  66.5%  93.6 2472s

 259424 223155  364.06626   51  210  920.74000  308.92543  66.4%  93.6 2482s

 260143 223408  613.07676  168  136  920.74000  308.92543  66.4%  93.7 2491s

 260412 224479  628.98807  186  142  920.74000  308.92543  66.4%  93.7 2504s

 261612 224810  723.58782   91  115  920.74000  308.92543  66.4%  93.6 2512s

 261998 225691  335.14711   39  108  920.74000  308.92543  66.4%  93.6 2521s

 262934 226655  619.42738  117  147  920.74000  308.92543  66.4%  93.6 2531s

 263972 227007     cutoff  173       920.74000  309.01153  66.4%  93.5 2538s

 264402 227729  523.40187   56  180  920.74000  309.02744  66.4%  93.5 2547s

 265226 228457  536.32928   94  111  920.74000  309.02744  66.4%  93.5 2558s

 266085 228546 infeasible  101       920.74000  309.02744  66.4%  93.5 2567s

 266206 228967  334.56105   37  230  920.74000  309.02744  66.4%  93.5 2576s

 266737 229441  405.64481   99  190  920.74000  309.02744  66.4%  93.6 2584s

 267225 230613  521.77594  189  158  920.74000  309.12758  66.4%  93.6 2598s

 268525 231507  337.67532   43  244  920.74000  309.12758  66.4%  93.4 2612s

 269489 232133  513.09430  105  129  920.74000  309.12786  66.4%  93.5 2624s

 270286 232941  361.15310   42  209  920.74000  309.18588  66.4%  93.5 2637s

 271179 233252  747.11615  109  110  920.74000  309.18752  66.4%  93.5 2646s

 271510 234398  379.27162   62  158  920.74000  309.21156  66.4%  93.5 2662s

 272729 235332  337.37797   47  122  920.74000  309.21156  66.4%  93.4 2673s

 273698 236400  704.45596  240  118  920.74000  309.21301  66.4%  93.4 2688s

 274917 237021  324.76619   31  232  920.74000  309.21301  66.4%  93.2 2698s

 275592 237724  431.15477  125  216  920.74000  309.21301  66.4%  93.3 2704s

 276330 238482  568.36370  258  164  920.74000  309.21855  66.4%  93.2 2718s

 277151 239016  331.35953   25  178  920.74000  309.21855  66.4%  93.1 2728s

 277748 239635  362.59127   77  191  920.74000  309.21855  66.4%  93.1 2738s

 278459 240236  414.94665  154  206  920.74000  309.21855  66.4%  93.1 2749s

 279218 240354  327.00611   35  228  920.74000  309.33854  66.4%  93.2 2758s

 279356 240912  343.01445   36  209  920.74000  309.33854  66.4%  93.2 2771s

 280022 241146  397.86568   63  189  920.74000  309.33854  66.4%  93.3 2778s

 280256 241913  614.06493   90  148  920.74000  309.33854  66.4%  93.3 2789s

 281117 242726  369.75124   68  155  920.74000  309.36588  66.4%  93.4 2803s

 282045 243876  887.25745  309   78  920.74000  309.37099  66.4%  93.4 2817s

 283340 244519  349.20484   31  166  920.74000  309.37665  66.4%  93.2 2833s

 284083 245034  468.34666   62  130  920.74000  309.37667  66.4%  93.4 2844s

 284680 246174 infeasible   91       920.74000  309.42072  66.4%  93.5 2864s

 286068 246220  331.11774   29  189  920.74000  309.45843  66.4%  93.4 2886s

H286072 245966                     913.9800000  309.45843  66.1%  93.4 2887s

 286116 246604  331.53861   30  188  913.98000  309.45843  66.1%  93.4 2903s

 286838 247688  457.36452  124  141  913.98000  309.45843  66.1%  93.4 2917s

 287990 248465  315.61879   26  126  913.98000  309.45843  66.1%  93.3 2931s

 288815 249037  529.99893   88  162  913.98000  309.46632  66.1%  93.3 2941s

 289430 249930  379.19604   53  141  913.98000  309.48034  66.1%  93.3 2959s

 290454 251102  359.49949   65  133  913.98000  309.53923  66.1%  93.3 2973s

 291762 252353  354.10223   43  143  913.98000  309.57853  66.1%  93.2 2990s

 293141 253143  343.99628   39  107  913.98000  309.57916  66.1%  93.1 3004s

 294024 253401  411.55579   99  152  913.98000  309.57916  66.1%  93.0 3013s

 294306 254343  455.03821  128  139  913.98000  309.57916  66.1%  93.0 3022s

 295287 255145  335.52141   38  188  913.98000  309.59730  66.1%  92.9 3035s

 296198 255567  686.74967  177   80  913.98000  309.59730  66.1%  92.9 3045s

 296784 255846  744.02738  107  158  913.98000  309.59730  66.1%  93.0 3053s

 297112 256360  357.21863   46  113  913.98000  309.59730  66.1%  93.1 3061s

 297722 256986     cutoff  203       913.98000  309.59730  66.1%  93.2 3073s

 298485 257457  683.80406  204  146  913.98000  309.59730  66.1%  93.3 3087s

 299009 258728  339.21260   30  152  913.98000  309.67028  66.1%  93.3 3110s

 300491 258922  381.87152   47  147  913.98000  309.68020  66.1%  93.4 3120s

 300706 259185  481.99866   60  157  913.98000  309.68020  66.1%  93.5 3131s

 301056 260318  785.84715   72  133  913.98000  309.68020  66.1%  93.6 3154s

 302343 261026  379.25572   70  128  913.98000  309.71029  66.1%  93.6 3166s

 303165 261440  329.26433   33  124  913.98000  309.74742  66.1%  93.6 3181s

 303623 262763  415.69051   66   97  913.98000  309.74790  66.1%  93.6 3203s

 305095 263063  351.90557   26  198  913.98000  309.74893  66.1%  93.5 3212s

 305430 264264  458.24459   53  137  913.98000  309.78799  66.1%  93.5 3228s

 306701 265602  452.77157  132  128  913.98000  309.78799  66.1%  93.5 3246s

 308144 265625  334.24739   25  209  913.98000  309.78799  66.1%  93.4 3273s

H308158 265191                     907.6300000  309.78799  65.9%  93.4 3273s

 308172 265575  334.56167   26  211  907.63000  309.78799  65.9%  93.4 3281s

 308638 266190  571.62203   62  139  907.63000  309.78799  65.9%  93.4 3297s

 309307 267044  430.49092   31  213  907.63000  309.78799  65.9%  93.5 3311s

 310264 267465  470.37197   54  102  907.63000  309.78799  65.9%  93.5 3323s

 310829 267971  514.30359   38  180  907.63000  309.90911  65.9%  93.6 3337s

 311486 268193  341.34281   36  143  907.63000  309.90911  65.9%  93.7 3350s

 311759 269126  415.89271   85  153  907.63000  309.90911  65.9%  93.7 3367s

 312785 269617  727.81255  314  136  907.63000  309.90911  65.9%  93.7 3379s

 313401 269988  485.32645  117  138  907.63000  309.90911  65.9%  93.8 3393s

 313871 271077  407.43166   50  180  907.63000  309.92667  65.9%  93.8 3420s

 315297 272095  477.37275   58  131  907.63000  309.94129  65.9%  94.0 3437s

 316522 272619  815.37632  156  117  907.63000  309.95865  65.8%  94.0 3449s

 317113 273841  420.86664  117  164  907.63000  309.96079  65.8%  94.0 3464s

 318367 274747  343.84089   33  197  907.63000  309.96079  65.8%  94.0 3482s

 319426 275343  690.15386  111  149  907.63000  309.96079  65.8%  93.9 3494s

 320088 275998  796.73726  126  119  907.63000  310.01207  65.8%  94.0 3505s

 320823 276814  503.45271  141  146  907.63000  310.01207  65.8%  94.0 3524s

 321738 277104  873.86615  252  140  907.63000  310.01207  65.8%  93.9 3532s

 322075 277271  380.42753   54  229  907.63000  310.01207  65.8%  94.0 3544s

 322266 277929  652.19827   94  157  907.63000  310.01207  65.8%  94.0 3559s

 323072 279054  552.29398   80  171  907.63000  310.01207  65.8%  94.0 3575s

 324329 280097  451.53484  127  203  907.63000  310.06752  65.8%  94.0 3592s

 325477 280537  791.56113  263  133  907.63000  310.06752  65.8%  93.9 3601s

 325983 281032  427.05336   68  164  907.63000  310.08153  65.8%  93.9 3614s

 326496 281037 infeasible  156       907.63000  310.08153  65.8%  93.9 3627s

 326507 281041  732.21163  154  135  907.63000  310.08153  65.8%  93.9 3636s

 326519 281048  744.41161  155  170  907.63000  310.08153  65.8%  93.9 3642s

 326527 281053 infeasible  156       907.63000  310.09640  65.8%  93.9 3651s

 326538 281061  358.31220   39  129  907.63000  310.09640  65.8%  93.9 3658s

 326546 281069  358.38268   40  122  907.63000  310.09640  65.8%  93.9 3669s

 326554 281077  363.51106   41  154  907.63000  310.09640  65.8%  93.9 3677s

 326562 281098  363.80895   42  142  907.63000  310.09640  65.8%  93.9 3687s

 326587 281167  369.02312   43  145  907.63000  310.09640  65.8%  93.9 3696s

 326676 281465  418.74306   45  142  907.63000  310.09640  65.8%  93.9 3708s

 327009 281791  590.71706   82  157  907.63000  310.09640  65.8%  93.9 3721s

 327383 282240  351.88238   52  157  907.63000  310.09640  65.8%  93.9 3737s

 327912 283014  321.61947   42  194  907.63000  310.11252  65.8%  93.9 3760s

 328831 283696  333.16786   38  178  907.63000  310.12505  65.8%  93.8 3777s

 329548 284738  858.61596  182  102  907.63000  310.12509  65.8%  93.8 3797s

 330785 284848  364.71167   44  127  907.63000  310.12509  65.8%  93.8 3808s

 330899 285810  432.14835   87  142  907.63000  310.12509  65.8%  93.8 3826s

 331944 286113  890.09114  363  127  907.63000  310.15631  65.8%  93.8 3835s

 332343 286862  384.03637   47  174  907.63000  310.15631  65.8%  93.8 3850s

 333242 287392  601.41485  102  123  907.63000  310.19178  65.8%  93.8 3863s

 333929 287744  395.00863   51  176  907.63000  310.19178  65.8%  93.9 3873s

 334331 288912  709.58602  118  111  907.63000  310.19178  65.8%  94.0 3891s

 335565 289880 infeasible  124       907.63000  310.19178  65.8%  93.9 3907s

 336627 290262  360.56446   30  210  907.63000  310.19178  65.8%  93.8 3919s

 337045 290878  387.43749   35  165  907.63000  310.19178  65.8%  93.9 3932s

 337823 291914  729.56719   52  173  907.63000  310.28815  65.8%  93.9 3946s

 339011 292136  466.50945   58  154  907.63000  310.28815  65.8%  93.9 3958s

 339280 292545  653.91818   89  151  907.63000  310.28815  65.8%  93.9 3970s

 339691 293399  654.80485   90  185  907.63000  310.28815  65.8%  93.9 3985s

 340687 294537  393.96373   35  134  907.63000  310.28815  65.8%  93.9 3999s

 341907 295351  554.91873  199  173  907.63000  310.28815  65.8%  93.8 4015s

 342844 295869  406.59152   66  132  907.63000  310.28815  65.8%  93.8 4030s

 343445 297663  351.48770   50  138  907.63000  310.28815  65.8%  93.8 4055s

 345340 298165  822.71435  362  123  907.63000  310.28815  65.8%  93.7 4065s

 345893 299131  390.52759   59  135  907.63000  310.28815  65.8%  93.7 4082s

 346923 299823  629.01151  153  170  907.63000  310.28815  65.8%  93.6 4095s

 347691 300784  348.21780   36  146  907.63000  310.28815  65.8%  93.6 4106s

 348704 301165  623.51507   99  139  907.63000  310.28815  65.8%  93.5 4116s

 349120 301942  329.10240   27  186  907.63000  310.28815  65.8%  93.5 4127s

 349973 302424  551.08738  125  188  907.63000  310.43807  65.8%  93.5 4141s

 350526 303064  347.50923   46  143  907.63000  310.43807  65.8%  93.5 4153s

 351273 303552  765.61171  188  158  907.63000  310.43807  65.8%  93.6 4164s

 351852 303824  452.28904   88  148  907.63000  310.43807  65.8%  93.6 4174s

 352182 304666  862.63842  160  126  907.63000  310.43807  65.8%  93.6 4189s

 353122 305645  414.93623  128  174  907.63000  310.48803  65.8%  93.6 4204s

 354181 306352  878.91034  360   79  907.63000  310.48803  65.8%  93.6 4216s

 355069 306661  393.76031   87  134  907.63000  310.54030  65.8%  93.6 4226s

 355380 307712  425.09450  133  171  907.63000  310.54030  65.8%  93.6 4243s

 356489 308587  893.12414  351  145  907.63000  310.54030  65.8%  93.5 4254s

 357454 309210  443.87224   45  140  907.63000  310.54030  65.8%  93.5 4270s

 358166 309539 infeasible   45       907.63000  310.54030  65.8%  93.5 4283s

 358592 310767  320.97476   45  171  907.63000  310.58290  65.8%  93.6 4308s

 359985 311989  468.17060   71  108  907.63000  310.62891  65.8%  93.6 4322s

 361298 312420  436.43971  116  155  907.63000  310.62891  65.8%  93.6 4333s

 361789 313484  717.36782  272  120  907.63000  310.62891  65.8%  93.6 4353s

 362918 314620  467.00309  122  167  907.63000  310.62891  65.8%  93.5 4367s

 364176 315403  389.51119   40  172  907.63000  310.62891  65.8%  93.4 4384s

 365086 315462  392.32523   62  176  907.63000  310.66951  65.8%  93.4 4396s

 365145 315688  392.92568   63  169  907.63000  310.66951  65.8%  93.5 4405s

 365395 315866  568.84860   83  148  907.63000  310.66951  65.8%  93.5 4412s

 365608 316347  319.35483   36  174  907.63000  310.66951  65.8%  93.5 4423s

 366131 316748  436.48859   88  176  907.63000  310.66951  65.8%  93.5 4434s

 366532 317727  543.35206  151  136  907.63000  310.66951  65.8%  93.4 4449s

 367639 318583  352.22765   38  201  907.63000  310.68476  65.8%  93.4 4464s

 368135 318583  386.86565   74  200  907.63000  310.74390  65.8%  93.4 4465s

 368605 319739  355.00612   64  122  907.63000  310.74390  65.8%  93.4 4483s

 369820 320128  670.34526  204  125  907.63000  310.75437  65.8%  93.3 4493s

 370271 321310  415.12862   37  129  907.63000  310.75437  65.8%  93.3 4507s

 371537 322286  605.19468  214  212  907.63000  310.75713  65.8%  93.3 4523s

 372693 322964  478.00709   57  118  907.63000  310.81124  65.8%  93.3 4540s

 373525 323358  422.21105   51  142  907.63000  310.83123  65.8%  93.3 4551s

 374062 323638  794.39437   74   78  907.63000  310.83123  65.8%  93.4 4564s

 374466 325139  334.94422   43  166  907.63000  310.85954  65.8%  93.5 4592s

 376073 326353  592.62200  213  124  907.63000  310.85954  65.8%  93.5 4606s

 377404 326748  388.31822   36  108  907.63000  310.85954  65.8%  93.4 4615s

 377879 327431  454.57026   45  107  907.63000  310.85954  65.8%  93.4 4625s

 378680 328357  368.78425   65  210  907.63000  310.90248  65.7%  93.5 4641s

 379639 329234  676.72346  189  152  907.63000  310.90248  65.7%  93.4 4655s

 380726 329648  697.27257   86  116  907.63000  310.94024  65.7%  93.4 4667s

 381217 329934  426.55315   78  105  907.63000  310.94024  65.7%  93.5 4677s

 381550 330662  521.22436  107  109  907.63000  310.94024  65.7%  93.5 4693s

 382406 331457 infeasible  196       907.63000  310.94024  65.7%  93.5 4707s

 383361 332329  541.34747   87  122  907.63000  310.97732  65.7%  93.6 4724s

 384368 332708  367.73945   52  121  907.63000  310.97732  65.7%  93.6 4733s

 384841 333398  370.05102   50  181  907.63000  310.97732  65.7%  93.6 4747s

 385680 333825  574.19598  114  117  907.63000  310.97732  65.7%  93.7 4760s

 386258 334517  335.03231   28  218  907.63000  310.97732  65.7%  93.7 4774s

 387014 335098  489.49639  123  245  907.63000  310.97732  65.7%  93.7 4784s

 387687 336280  318.01205   26  171  907.63000  311.03507  65.7%  93.7 4806s

 388917 336622  783.68523  190  138  907.63000  311.03507  65.7%  93.6 4816s

 389339 337480  336.30354   26  188  907.63000  311.03507  65.7%  93.6 4828s

 390304 338077  526.25920  116  135  907.63000  311.03507  65.7%  93.6 4838s

 390968 339012  324.90505   31  166  907.63000  311.03507  65.7%  93.5 4857s

 391936 339915  600.18807   79  174  907.63000  311.03507  65.7%  93.5 4869s

 392949 340692  324.69306   29  133  907.63000  311.03507  65.7%  93.5 4879s

 393770 340932  384.59109   68  124  907.63000  311.03507  65.7%  93.5 4888s

 394024 341180  453.67105   89  105  907.63000  311.03507  65.7%  93.5 4898s

 394334 342153  558.60056  111  118  907.63000  311.03507  65.7%  93.5 4914s

 395459 342769  358.17906   60  147  907.63000  311.05016  65.7%  93.5 4922s

 396109 343807  485.19215  173  166  907.63000  311.05016  65.7%  93.5 4937s

 397240 344527  323.27539   24  214  907.63000  311.15995  65.7%  93.4 4952s

 398061 345473  470.41683  119  159  907.63000  311.15995  65.7%  93.4 4963s

 399097 345836  440.27233   51  120  907.63000  311.15995  65.7%  93.3 4974s

 399538 346766  369.21455   45  136  907.63000  311.15995  65.7%  93.4 4988s

 400542 347467  801.13901  227  116  907.63000  311.15995  65.7%  93.3 5004s

 401376 347692 infeasible   80       907.63000  311.18501  65.7%  93.3 5016s

 401648 347958  323.40254   34  189  907.63000  311.18840  65.7%  93.3 5027s

 401959 348174  458.92047  137  132  907.63000  311.18840  65.7%  93.3 5037s

 402194 348900  654.81534  212  186  907.63000  311.18840  65.7%  93.3 5057s

 402998 349619  557.08174   55  157  907.63000  311.19400  65.7%  93.3 5072s

 403832 350007  368.95458   43  119  907.63000  311.20783  65.7%  93.3 5082s

 404232 350304  617.34691   82  108  907.63000  311.20783  65.7%  93.5 5095s

 404577 350907  334.75348   40  148  907.63000  311.20783  65.7%  93.6 5112s

 405310 352196  562.74891  126  119  907.63000  311.22177  65.7%  93.7 5139s

 406793 353372  358.78144   60  145  907.63000  311.22177  65.7%  93.7 5158s

 408068 353800  589.16418  266  170  907.63000  311.23785  65.7%  93.6 5167s

 408565 354641  337.56817   37  147  907.63000  311.23785  65.7%  93.6 5187s

 409545 355131  322.81151   32  147  907.63000  311.23785  65.7%  93.6 5200s

 410335 355670  344.63132   34  152  907.63000  311.27824  65.7%  93.7 5213s

 410962 356314  349.84496   60  127  907.63000  311.27824  65.7%  93.9 5228s

 411728 356703  440.65445   90  119  907.63000  311.27824  65.7%  94.0 5241s

 412178 357348  527.25625  108  161  907.63000  311.27824  65.7%  94.1 5256s

 413029 358063     cutoff  153       907.63000  311.29429  65.7%  94.2 5275s

 413847 359339  493.75290  126  144  907.63000  311.30627  65.7%  94.2 5295s

 415266 359919  387.00109   23  138  907.63000  311.31425  65.7%  94.2 5310s

 415906 360938  434.32015   56  165  907.63000  311.31425  65.7%  94.2 5327s

 417024 361845  346.41313   35  137  907.63000  311.31425  65.7%  94.2 5349s

 417963 362893  399.65896   74  190  907.63000  311.31425  65.7%  94.1 5363s

 419126 363426  798.22487  219  121  907.63000  311.31425  65.7%  94.1 5375s

 419815 363613  315.56529   25  182  907.63000  311.31425  65.7%  94.1 5383s

 420072 363921  348.51804   62  141  907.63000  311.35649  65.7%  94.2 5394s

 420489 364906  418.17917  141  155  907.63000  311.35921  65.7%  94.2 5414s

 420811 364906  378.59108   43  122  907.63000  311.35921  65.7%  94.2 5415s

 421617 365333  316.86406   20  255  907.63000  311.37153  65.7%  94.2 5426s

 422044 366611  337.97511   40  160  907.63000  311.37153  65.7%  94.2 5442s

 423420 367433  499.75247  172  170  907.63000  311.37153  65.7%  94.1 5459s

 424466 368225  313.80144   47  296  907.63000  311.39732  65.7%  94.1 5470s

 425289 368864  385.72775  120  191  907.63000  311.39732  65.7%  94.1 5482s

 425946 369662  529.96138  244  183  907.63000  311.39732  65.7%  94.0 5504s

 426847 369961  337.79328   36  139  907.63000  311.39732  65.7%  93.9 5514s

 427240 370372  317.27008   34  180  907.63000  311.39732  65.7%  93.9 5523s

 427667 371009  361.19724   68  176  907.63000  311.39732  65.7%  93.9 5537s

 428384 371166  440.36250  137  156  907.63000  311.40300  65.7%  93.9 5544s

 428562 371655  480.91123  191  205  907.63000  311.40300  65.7%  94.0 5554s

 429094 372249  659.99232  358  194  907.63000  311.41824  65.7%  94.1 5566s

 429853 372677  386.96883   57  113  907.63000  311.44173  65.7%  94.1 5579s

 430331 373418  839.78397  128  109  907.63000  311.44173  65.7%  94.2 5596s

 431214 374062  384.15645   68  161  907.63000  311.45233  65.7%  94.2 5606s

 431942 375401  536.82296  170  178  907.63000  311.45233  65.7%  94.2 5631s

 433385 376096  428.26471   73  146  907.63000  311.45400  65.7%  94.1 5641s

 434153 376365  597.53556  148  204  907.63000  311.45400  65.7%  94.1 5646s

 434422 377205  706.92815  176  206  907.63000  311.45400  65.7%  94.1 5657s

 435335 377864  327.28698   30  123  907.63000  311.45400  65.7%  94.0 5669s

 436183 378531  747.84071  120  120  907.63000  311.45400  65.7%  94.0 5684s

 436934 379368  500.50663   89  139  907.63000  311.45400  65.7%  94.0 5696s

 437869 379784  330.40219   44  195  907.63000  311.45400  65.7%  93.9 5707s

 438340 380788  391.06711   78  180  907.63000  311.50346  65.7%  93.9 5717s

 439407 381540  321.25317   48  236  907.63000  311.50346  65.7%  93.9 5732s

 440285 382485  840.00777  121  117  907.63000  311.50346  65.7%  93.8 5743s

 441274 383062  432.68263   92  182  907.63000  311.50346  65.7%  93.8 5751s

 441884 383790  517.92447  133  163  907.63000  311.50346  65.7%  93.7 5764s

 442705 383972  365.09583   56  166  907.63000  311.53430  65.7%  93.7 5772s

 442899 384109  430.37052  135  201  907.63000  311.53430  65.7%  93.7 5780s

 443068 384441  576.94923  215  139  907.63000  311.53430  65.7%  93.7 5788s

 443440 385102  325.93024   42  174  907.63000  311.55628  65.7%  93.7 5804s

 444111 385318  396.08245   86  202  907.63000  311.55628  65.7%  93.7 5813s

 444357 386229  399.19939  107  208  907.63000  311.56417  65.7%  93.7 5828s

 445292 386986  508.70919  206  229  907.63000  311.56417  65.7%  93.6 5843s

 446154 387371  714.44405  328  156  907.63000  311.57399  65.7%  93.6 5855s

 446595 387890  426.38562   39  126  907.63000  311.58353  65.7%  93.6 5872s

 447224 388978 infeasible   81       907.63000  311.60860  65.7%  93.7 5895s

 448487 389268  326.10030   46  169  907.63000  311.60860  65.7%  93.7 5906s

 448859 390278  363.01523   79  206  907.63000  311.60860  65.7%  93.7 5927s

 450041 390723     cutoff  308       907.63000  311.61901  65.7%  93.7 5944s

 450208 390723  599.58882   81  149  907.63000  311.61901  65.7%  93.7 5945s

 450567 391803  422.87645   76  189  907.63000  311.61901  65.7%  93.7 5964s

 451673 392340  776.37084  301  118  907.63000  311.61901  65.7%  93.7 5975s

 452263 393328  336.44838   47  222  907.63000  311.61901  65.7%  93.6 5992s

 453347 394497  414.03902  137  277  907.63000  311.61901  65.7%  93.6 6006s

 454618 394807  800.79132  322  140  907.63000  311.61901  65.7%  93.6 6019s

 454992 395320  449.12536   61  181  907.63000  311.67131  65.7%  93.6 6036s

 455617 395605  356.54118   58  171  907.63000  311.68272  65.7%  93.6 6048s

 455981 396202  742.14776  125  129  907.63000  311.69270  65.7%  93.7 6065s

 456751 396609  425.17099  130  177  907.63000  311.70279  65.7%  93.7 6076s

 457202 397716  523.56270  231  201  907.63000  311.70279  65.7%  93.7 6094s

 458437 398637  418.27976   46  135  907.63000  311.70279  65.7%  93.7 6115s

 459621 399559  597.50266  112  163  907.63000  311.73754  65.7%  93.7 6131s

 460674 400025  474.92166   78  173  907.63000  311.74103  65.7%  93.7 6143s

 461204 400795  450.33618  123  128  907.63000  311.74103  65.7%  93.7 6164s

 462141 401036  360.64517   38  149  907.63000  311.77234  65.6%  93.8 6173s

 462404 401742  527.28911   59  185  907.63000  311.77823  65.6%  93.8 6191s

 463218 402803  382.56424   89  218  907.63000  311.79917  65.6%  93.9 6209s

 464392 403707  605.15715  200  201  907.63000  311.79917  65.6%  93.9 6230s

 465432 404021  421.36968   40  163  907.63000  311.79917  65.6%  93.9 6239s

 465796 404690  656.59219  108  115  907.63000  311.82799  65.6%  93.9 6255s

 466575 405035  485.68813   43  107  907.63000  311.85084  65.6%  94.0 6271s

 467044 405458  473.64986   72  119  907.63000  311.85570  65.6%  94.0 6285s

 467565 406534  381.97323   58  128  907.63000  311.85570  65.6%  94.1 6309s

 468490 406534  525.60209   78  106  907.63000  311.85570  65.6%  94.0 6310s

 468739 407048  355.26582   42  173  907.63000  311.85570  65.6%  94.1 6321s

 469297 408004  411.50407   92  154  907.63000  311.85570  65.6%  94.1 6340s

 470341 409004  800.46474  280  115  907.63000  311.88020  65.6%  94.1 6363s

 471515 410087  459.07753   63  162  907.63000  311.90393  65.6%  94.1 6383s

 472732 410574  314.24346   24  219  907.63000  311.90622  65.6%  94.0 6401s

 473269 411746  365.99744   44  207  907.63000  311.91384  65.6%  94.0 6418s

 474575 412250  401.58043   62  143  907.63000  311.92146  65.6%  94.0 6437s

 475107 413068  507.96011  129  145  907.63000  311.92146  65.6%  94.0 6457s

 476128 413405  411.59426   43  139  907.63000  311.93703  65.6%  94.0 6474s

 476602 414550     cutoff   65       907.63000  311.94095  65.6%  94.1 6503s

 477899 415619  368.72337   50  146  907.63000  311.94204  65.6%  94.0 6524s

 479118 416089  610.74178  290  170  907.63000  311.94204  65.6%  94.1 6540s

 479665 416350  426.23969   71  150  907.63000  311.95119  65.6%  94.1 6555s

 479981 417063  369.46701   59  116  907.63000  311.96726  65.6%  94.1 6573s

 480820 417628  613.07517  214  176  907.63000  311.96726  65.6%  94.2 6593s

 481590 418622  371.66642   43  145  907.63000  311.96726  65.6%  94.2 6612s

 482744 419962  808.84801  255  147  907.63000  311.97492  65.6%  94.2 6641s

 484202 421014  530.19577  190  143  907.63000  311.99805  65.6%  94.2 6664s

 485339 422050  356.91828   40  112  907.63000  311.99805  65.6%  94.2 6682s

 486533 422369  343.51626   24  238  907.63000  311.99805  65.6%  94.2 6697s

 486900 423373  391.17784   37  125  907.63000  311.99805  65.6%  94.2 6719s

 488085 423917  349.11254   33  187  907.63000  312.01013  65.6%  94.1 6734s

 488753 424741  602.00563   57  135  907.63000  312.01591  65.6%  94.2 6751s

 489705 425019  585.89796  145  149  907.63000  312.03876  65.6%  94.2 6765s

 490043 425774  559.96659   52  116  907.63000  312.03876  65.6%  94.3 6784s

 490985 426817  414.63214  108  157  907.63000  312.06190  65.6%  94.3 6808s

 492122 426905  420.86584   73  177  907.63000  312.06190  65.6%  94.3 6819s

 492210 427957  458.59233   86  143  907.63000  312.06190  65.6%  94.3 6842s

 493368 428534  381.46531   47  170  907.63000  312.06190  65.6%  94.2 6854s

 493974 429615  456.37207   95  167  907.63000  312.06190  65.6%  94.2 6870s

 495139 430146  713.01865  245  166  907.63000  312.06190  65.6%  94.2 6883s

 495737 430550  375.27332   86  177  907.63000  312.06190  65.6%  94.2 6892s

 496163 431196  589.82199  183  137  907.63000  312.08395  65.6%  94.2 6912s

 496881 432122  350.76941   64  162  907.63000  312.08395  65.6%  94.1 6926s

 497891 432451  346.66947   27  180  907.63000  312.08406  65.6%  94.1 6940s

 498328 433027  317.82474   25  213  907.63000  312.08406  65.6%  94.2 6956s

 498998 433335  574.47421   99  156  907.63000  312.08406  65.6%  94.2 6965s

 499334 434106  323.34464   46  202  907.63000  312.08406  65.6%  94.2 6987s

 500165 435244  387.22457   90  154  907.63000  312.08406  65.6%  94.2 7004s

 501405 435795  326.69728   35  186  907.63000  312.08406  65.6%  94.2 7023s

 502062 436271  369.14123   50  167  907.63000  312.08406  65.6%  94.2 7037s

 502607 436599  513.68669   82  189  907.63000  312.15903  65.6%  94.2 7052s

 503023 436983  593.00473   99  139  907.63000  312.15903  65.6%  94.2 7063s

 503463 437245  386.63060   39  153  907.63000  312.17226  65.6%  94.3 7079s

 503802 437841  524.64119   50  116  907.63000  312.17226  65.6%  94.3 7097s

 504540 438576  335.68218   44  149  907.63000  312.18746  65.6%  94.3 7111s

 505332 439339  631.10264  180  177  907.63000  312.18746  65.6%  94.3 7131s

 506197 439754  617.72799   56  221  907.63000  312.18746  65.6%  94.3 7148s

 506756 440893  333.82208   21  145  907.63000  312.20771  65.6%  94.3 7175s

 508075 441505  439.62249   53  226  907.63000  312.21232  65.6%  94.4 7192s

 508717 442036  343.10417   49  196  907.63000  312.21297  65.6%  94.4 7211s

 509393 442845 infeasible   66       907.63000  312.22502  65.6%  94.5 7240s

 510361 443209  459.84760  151  191  907.63000  312.22502  65.6%  94.5 7250s

 510725 444755  548.98877  218  157  907.63000  312.22502  65.6%  94.5 7282s

 512331 445497  551.51846  189  154  907.63000  312.22502  65.6%  94.4 7304s

 513127 445960  364.65984   70  172  907.63000  312.24000  65.6%  94.4 7320s

 513692 446562  437.66652  137  169  907.63000  312.24000  65.6%  94.5 7336s

 514380 447341  646.19041  185   97  907.63000  312.24982  65.6%  94.5 7359s

 515206 448476  374.64360   82  148  907.63000  312.25887  65.6%  94.5 7378s

 516472 448789  319.78550   42  154  907.63000  312.25887  65.6%  94.5 7392s

 516860 449600  543.45289  100  161  907.63000  312.25887  65.6%  94.5 7413s

 517777 450418  468.70611   64  146  907.63000  312.28307  65.6%  94.6 7432s

 518784 450976  445.23530   69  103  907.63000  312.32348  65.6%  94.6 7452s

 519523 451603  402.18505  122  183  907.63000  312.32348  65.6%  94.7 7466s

 520212 453051  571.67688  239  147  907.63000  312.32348  65.6%  94.7 7500s

 521777 454085  532.40023   74  129  907.63000  312.32348  65.6%  94.6 7522s

 522909 454956  406.94458   60  140  907.63000  312.36134  65.6%  94.6 7537s

 523899 455663  523.60237  117  183  907.63000  312.36134  65.6%  94.6 7549s

 524687 456088 infeasible  176       907.63000  312.36723  65.6%  94.6 7561s

 525214 456568  512.58317   38  176  907.63000  312.38475  65.6%  94.6 7576s

 525832 456716  359.06152   62  131  907.63000  312.40234  65.6%  94.7 7589s

 525996 456976  431.70764   66  133  907.63000  312.40234  65.6%  94.7 7602s

 526305 457533  523.87595   93  118  907.63000  312.40234  65.6%  94.7 7620s

 526975 458286  506.98134   76  150  907.63000  312.41448  65.6%  94.7 7643s

 527869 458929  350.86778   49  208  907.63000  312.41448  65.6%  94.7 7656s

 528533 459966  414.40381   86  204  907.63000  312.41448  65.6%  94.7 7681s

 529688 460861  754.87426  244  183  907.63000  312.43886  65.6%  94.7 7697s

 530657 461686  436.45447   76  141  907.63000  312.44083  65.6%  94.7 7711s

 531585 462175  317.39107   35  221  907.63000  312.44083  65.6%  94.7 7727s

 532172 462406  418.17867   87  197  907.63000  312.44995  65.6%  94.7 7738s

 532462 463272  532.95928  121  167  907.63000  312.44995  65.6%  94.7 7760s

 533391 464186  563.73252  140  132  907.63000  312.44995  65.6%  94.7 7783s

 534414 464543  494.33606   85  142  907.63000  312.44995  65.6%  94.7 7800s

 534792 464875  530.64045   86  156  907.63000  312.44995  65.6%  94.7 7812s

 535156 465680  657.74382  107  116  907.63000  312.48366  65.6%  94.7 7832s

 536113 466362  573.83655   88  147  907.63000  312.49543  65.6%  94.7 7851s

 536954 466951  330.68553   37  175  907.63000  312.50946  65.6%  94.7 7876s

 537700 467557  661.13481  126  264  907.63000  312.51871  65.6%  94.8 7892s

 538399 468928  381.52287   55  205  907.63000  312.53223  65.6%  94.8 7928s

 539958 469798  332.41674   40  179  907.63000  312.54862  65.6%  94.7 7948s

 540957 470597  889.50645  123  111  907.63000  312.54862  65.6%  94.7 7963s

 541855 471732  549.82086  121  165  907.63000  312.54862  65.6%  94.7 7979s

 543044 472773  380.92624   86  228  907.63000  312.57988  65.6%  94.7 8002s

 544168 472929  580.52185  214  146  907.63000  312.57988  65.6%  94.6 8013s

 544361 473316  651.54016  241  151  907.63000  312.57988  65.6%  94.6 8029s

 544836 473693  372.17065   55  179  907.63000  312.57988  65.6%  94.7 8043s

 545330 474299 infeasible   70       907.63000  312.61665  65.6%  94.7 8060s

 546017 474305 infeasible   71       907.63000  312.63819  65.6%  94.7 8098s

 546027 474419  342.62231   39  200  907.63000  312.63819  65.6%  94.7 8125s

 546168 475250  342.62231   40  197  907.63000  312.63819  65.6%  94.7 8149s

 547102 475483  353.55479   39  168  907.63000  312.63819  65.6%  94.7 8158s

 547392 476018  344.82093   41  203  907.63000  312.63819  65.6%  94.7 8176s

 548079 476576  369.43852   43  165  907.63000  312.65422  65.6%  94.7 8194s

 548765 476741  677.85189   59  102  907.63000  312.66724  65.6%  94.8 8204s

 549004 477372  367.53693   55  146  907.63000  312.67716  65.6%  94.9 8220s

 549742 478188  537.27180  237  169  907.63000  312.68016  65.5%  94.9 8236s

 550681 478759  340.28541   26  147  907.63000  312.68016  65.5%  94.9 8252s

 551285 478913  439.06030   65  159  907.63000  312.68016  65.5%  94.9 8268s

 551481 479768  523.87729   81  204  907.63000  312.68016  65.5%  94.9 8294s

 552408 480789  385.46416   68  151  907.63000  312.71199  65.5%  94.9 8310s

 553489 481487  570.11303  231  219  907.63000  312.71199  65.5%  94.9 8325s

 554293 481885  451.15463   55  168  907.63000  312.71263  65.5%  94.9 8338s

 554699 482931  523.95139   94  147  907.63000  312.71263  65.5%  94.9 8361s

 555903 483612  349.55375   45  241  907.63000  312.72480  65.5%  94.8 8375s

 556703 484135  337.08874   40  215  907.63000  312.73867  65.5%  94.8 8390s

 557268 484472  404.65950  107  223  907.63000  312.74088  65.5%  94.9 8403s

 557639 484928  450.04631  168  218  907.63000  312.74092  65.5%  94.9 8418s

 558191 485569  604.17117  267  188  907.63000  312.74092  65.5%  94.9 8441s

 558979 486027  325.54210   33  222  907.63000  312.75363  65.5%  94.9 8453s

 559486 486516  609.47596  104  115  907.63000  312.75363  65.5%  94.9 8476s

 560078 487471 infeasible  105       907.63000  312.75489  65.5%  94.9 8497s

 561108 487955  612.58866  106  121  907.63000  312.75679  65.5%  94.9 8510s

 561620 488909  615.43188  110  124  907.63000  312.75679  65.5%  94.9 8534s

 562675 489512  429.51469  112  182  907.63000  312.76895  65.5%  94.9 8551s

 563426 490368  903.35516  197  153  907.63000  312.76895  65.5%  94.9 8571s

 564393 491343  680.69897  162  138  907.63000  312.80611  65.5%  94.9 8596s

 565453 491583  384.93168   49  224  907.63000  312.80611  65.5%  94.9 8606s

 565719 492417  463.67037   75  157  907.63000  312.80611  65.5%  94.9 8630s

 566728 492871  471.98058   87  152  907.63000  312.83537  65.5%  94.9 8652s

 567224 493929  807.97422  140  124  907.63000  312.83537  65.5%  94.9 8688s

 568495 493936  324.57695   41  199  907.63000  312.84852  65.5%  94.9 8744s

 568512 494152  326.11488   42  179  907.63000  312.84852  65.5%  94.9 8783s

 568750 495474  362.10602   56  202  907.63000  312.84852  65.5%  94.9 8820s

 570216 495838     cutoff  365       907.63000  312.84852  65.5%  94.9 8835s

 570649 497071  508.05366   78  169  907.63000  312.85842  65.5%  95.0 8863s

 572098 497664  528.99574   94   98  907.63000  312.87115  65.5%  94.9 8885s

 572829 498232  354.49013   48  127  907.63000  312.87115  65.5%  95.0 8905s

 573582 498808  318.76759   26  187  907.63000  312.87115  65.5%  95.1 8926s

 574188 499230  373.66675   53  236  907.63000  312.87115  65.5%  95.1 8941s

 574748 500106  721.55276  104  178  907.63000  312.87115  65.5%  95.2 8966s

 575775 501160  404.69584  106  155  907.63000  312.91296  65.5%  95.2 8987s

 576939 501783  332.72821   39  156  907.63000  312.92265  65.5%  95.2 9010s

 577660 502365  371.07290   61  127  907.63000  312.93505  65.5%  95.2 9029s

 578265 503325  474.29421  140  199  907.63000  312.93505  65.5%  95.2 9054s

 579328 503661  591.61116   79  113  907.63000  312.93505  65.5%  95.2 9068s

 579732 504476  457.94896   58  176  907.63000  312.93505  65.5%  95.2 9090s

 580638 505580  417.85556   55  208  907.63000  312.93585  65.5%  95.3 9114s

 580763 505580  398.22445  117  155  907.63000  312.93585  65.5%  95.3 9115s

 581794 506452  629.57292  180  152  907.63000  312.93585  65.5%  95.2 9138s

 582824 506878  354.58989   46  161  907.63000  312.96134  65.5%  95.2 9150s

 583302 507250  453.87164   84  143  907.63000  312.96134  65.5%  95.3 9169s

 583754 508393  333.37308   44  192  907.63000  312.96134  65.5%  95.3 9194s

 585060 508981  392.43338   77  176  907.63000  312.99244  65.5%  95.3 9213s

 585701 509897 infeasible  145       907.63000  312.99851  65.5%  95.2 9239s

 586688 510794  559.92356   96  101  907.63000  313.00746  65.5%  95.2 9265s

 587658 512003  399.83856   89  148  907.63000  313.00746  65.5%  95.2 9288s

 589000 513136  644.82553  341  163  907.63000  313.00779  65.5%  95.2 9310s

 590274 513781  690.57264   93  162  907.63000  313.01243  65.5%  95.1 9332s

 591055 514052  501.04859   65  182  907.63000  313.01243  65.5%  95.1 9341s

 591346 514845  695.39140  109  138  907.63000  313.01243  65.5%  95.1 9364s

 592159 514845  798.42591  131   72  907.63000  313.01243  65.5%  95.1 9365s

 592214 515372  336.69542   23  177  907.63000  313.01243  65.5%  95.1 9385s

 592759 516076  345.16370   31  143  907.63000  313.01243  65.5%  95.1 9402s

 593600 516655  535.54854  148  167  907.63000  313.04445  65.5%  95.1 9424s

 594450 516987  870.40558  295  114  907.63000  313.05073  65.5%  95.1 9437s

 594874 517829  380.15440   62  164  907.63000  313.05073  65.5%  95.1 9455s

 595743 518722  606.14081  222  137  907.63000  313.05073  65.5%  95.1 9472s

 596799 519681  333.64877   44  136  907.63000  313.07835  65.5%  95.1 9497s

 597875 519868  339.41149   26  149  907.63000  313.07835  65.5%  95.1 9510s

 598064 520644  502.08998   52  130  907.63000  313.08687  65.5%  95.1 9536s

 598991 521494     cutoff  119       907.63000  313.10471  65.5%  95.1 9556s

 599949 521956  653.96202  148  123  907.63000  313.10471  65.5%  95.1 9575s

 600455 523071  343.35225   46  165  907.63000  313.10471  65.5%  95.1 9599s

 601491 523071  389.83754   90  177  907.63000  313.13751  65.5%  95.0 9600s

 601711 523564  376.92704   65  159  907.63000  313.13751  65.5%  95.0 9626s

 602233 524049 infeasible  154       907.63000  313.14459  65.5%  95.0 9639s

 602374 524049  388.99318   45  186  907.63000  313.14459  65.5%  95.0 9640s

 602755 524616  428.67149  108  182  907.63000  313.14459  65.5%  95.0 9658s

 603360 524880  319.48487   32  160  907.63000  313.14459  65.5%  95.0 9669s

 603642 525703  338.55814   53  140  907.63000  313.14459  65.5%  95.0 9692s

 604507 526664  626.39411  146  151  907.63000  313.14479  65.5%  95.0 9711s

 605563 527085  663.68039  127  116  907.63000  313.14479  65.5%  95.0 9726s

 606090 527617  537.07960   76  139  907.63000  313.14479  65.5%  95.0 9746s

 606742 527746  476.23550   45  165  907.63000  313.16809  65.5%  95.0 9758s

 606923 528060     cutoff   58       907.63000  313.16809  65.5%  95.1 9775s

 607416 528487  533.29305   67   95  907.63000  313.16809  65.5%  95.2 9794s

 608001 528494  372.74647   56  129  907.63000  313.16809  65.5%  95.3 9834s

 608010 528500  398.90302   56  144  907.63000  313.16809  65.5%  95.3 9854s

 608020 528508  375.09621   57  112  907.63000  313.16809  65.5%  95.3 9864s

 608028 528514  372.74647   57  127  907.63000  313.16809  65.5%  95.3 9879s

 608038 528518  375.47754   58  117  907.63000  313.16809  65.5%  95.3 9902s

 608050 528523  393.02887   58  136  907.63000  313.16809  65.5%  95.3 9924s

 608061 528530  375.71483   59  114  907.63000  313.16809  65.5%  95.3 9959s

 608090 528551  410.78554   59  138  907.63000  313.16809  65.5%  95.3 9982s

 608131 528640  376.34048   60  108  907.63000  313.20963  65.5%  95.3 10005s

 608224 528794  398.51130   60  126  907.63000  313.20963  65.5%  95.3 10022s

 608387 528992  378.86403   61  123  907.63000  313.20963  65.5%  95.4 10038s

 608630 529206  391.85839   61  140  907.63000  313.20963  65.5%  95.4 10053s

 608874 529325  489.51389   71  134  907.63000  313.20963  65.5%  95.5 10069s

 609007 529561  613.25118   95  124  907.63000  313.20963  65.5%  95.6 10086s

 609314 530074  552.82757   51  148  907.63000  313.20963  65.5%  95.6 10107s

 609928 531251  372.30592   36  143  907.63000  313.20963  65.5%  95.7 10143s

 611420 531508  820.80511  349  143  907.63000  313.22442  65.5%  95.7 10161s

 611760 533738  385.26082   46  147  907.63000  313.22442  65.5%  95.7 10225s

 614272 534608  690.53589  323  183  907.63000  313.27273  65.5%  95.7 10254s

 615222 535263  358.80529   44  141  907.63000  313.27991  65.5%  95.7 10275s

 615926 536317  877.71912   98   74  907.63000  313.27991  65.5%  95.7 10308s

 617095 537356  452.62985  154  149  907.63000  313.28065  65.5%  95.6 10332s

 618261 538329  374.27151   99  160  907.63000  313.28065  65.5%  95.6 10357s

 619291 538897  876.98807  270   86  907.63000  313.28065  65.5%  95.5 10377s

 619921 539683  621.39343  133  165  907.63000  313.28746  65.5%  95.5 10393s

 620759 540020  340.84752   45  153  907.63000  313.28746  65.5%  95.5 10405s

 621097 540878  560.57211   70  151  907.63000  313.28746  65.5%  95.5 10434s

 621781 540878  882.55514  301  131  907.63000  313.28746  65.5%  95.5 10435s

 622122 541387  544.12287   87  117  907.63000  313.28746  65.5%  95.5 10450s

 622689 542192  396.50302   88  199  907.63000  313.28746  65.5%  95.5 10465s

 623526 543003  537.13004  214  177  907.63000  313.28746  65.5%  95.5 10485s

 624367 543781  702.10246  358  187  907.63000  313.28746  65.5%  95.4 10502s

 625295 544430  355.82833   49  187  907.63000  313.30598  65.5%  95.4 10521s

 625974 545407  886.90762  200   71  907.63000  313.30849  65.5%  95.4 10545s

 627079 545914  507.67367  165  178  907.63000  313.31003  65.5%  95.4 10567s

 627616 546976  313.48491   24  241  907.63000  313.31003  65.5%  95.4 10587s

 628751 547325  384.46250  109  149  907.63000  313.31003  65.5%  95.3 10602s

 629112 548331  439.69024  137  189  907.63000  313.31003  65.5%  95.3 10624s

 629860 548331  819.29640  281  150  907.63000  313.31003  65.5%  95.3 10625s

 630182 549194  846.13191  353  141  907.63000  313.31003  65.5%  95.3 10645s

 631173 550075  491.93281   66  115  907.63000  313.31003  65.5%  95.3 10672s

 632143 551027  509.48745   89  152  907.63000  313.31003  65.5%  95.2 10689s

 633206 551248  505.84885   87  116  907.63000  313.35614  65.5%  95.2 10707s

 633457 551950  592.68133  146  127  907.63000  313.35614  65.5%  95.2 10721s

 634216 552640  328.29855   39  182  907.63000  313.36749  65.5%  95.2 10741s

 634974 552889  319.11114   39  140  907.63000  313.36749  65.5%  95.1 10754s

 635268 553542  539.66213   73  182  907.63000  313.37000  65.5%  95.2 10774s

 635567 553542  706.71109  255  179  907.63000  313.37027  65.5%  95.2 10775s

 635995 554019  344.53027   30  210  907.63000  313.37027  65.5%  95.2 10787s

 636508 554841  441.08230   70  171  907.63000  313.37872  65.5%  95.2 10813s

 637387 555449  373.12682   38  201  907.63000  313.37872  65.5%  95.1 10827s

 638068 556041  403.13796   59  149  907.63000  313.37872  65.5%  95.2 10844s

 638851 556328  337.15082   25  156  907.63000  313.39446  65.5%  95.2 10857s

 639140 557082  429.88510   56  113  907.63000  313.39446  65.5%  95.2 10881s

 639949 557430  661.03169  197  170  907.63000  313.39446  65.5%  95.2 10896s

 640487 557717  411.78034   31   95  907.63000  313.40661  65.5%  95.2 10914s

 640846 558703  516.52280   40  158  907.63000  313.40661  65.5%  95.3 10957s

 642025 559577  391.56244   50  155  907.63000  313.40709  65.5%  95.4 10994s

 643046 560856  424.83144   95  139  907.63000  313.42392  65.5%  95.4 11033s

 644394 562269  480.54332   53  112  907.63000  313.43225  65.5%  95.3 11063s

 645960 562857  331.49140   59  219  907.63000  313.44521  65.5%  95.3 11082s

 646600 564065  345.97844   90  205  907.63000  313.44521  65.5%  95.3 11104s

 646796 564065  537.00853  174  154  907.63000  313.44521  65.5%  95.3 11105s

 647905 564617  472.77110  232  191  907.63000  313.44882  65.5%  95.3 11126s

 648700 565348  633.87004  378  210  907.63000  313.45465  65.5%  95.3 11153s

 649536 566385  411.40865   54  156  907.63000  313.45465  65.5%  95.3 11174s

 650396 566385  371.20996   42  146  907.63000  313.45465  65.5%  95.4 11175s

 650645 566808  498.17479   70  200  907.63000  313.45465  65.5%  95.3 11192s

 651145 567589  609.76156  106  179  907.63000  313.45465  65.5%  95.3 11216s

 651950 568908     cutoff  137       907.63000  313.45465  65.5%  95.3 11241s

 653384 569923  357.01282   46  133  907.63000  313.49384  65.5%  95.3 11271s

 654532 570335  363.61137   59  225  907.63000  313.50286  65.5%  95.3 11285s

 654948 571119  457.19690  106  150  907.63000  313.50286  65.5%  95.3 11311s

 655899 572263  400.11084  101  135  907.63000  313.50329  65.5%  95.3 11342s

 657102 572700  403.48043   39  122  907.63000  313.50329  65.5%  95.2 11360s

 657675 572988  507.81076   45  162  907.63000  313.50329  65.5%  95.2 11372s

 658032 573227  352.02572   27  135  907.63000  313.51447  65.5%  95.3 11387s

 658287 573724  394.10443   38  161  907.63000  313.51447  65.5%  95.3 11405s

 658872 574080  834.16439  159  162  907.63000  313.51447  65.5%  95.3 11426s

 659333 574972  446.86833  105  162  907.63000  313.54815  65.5%  95.3 11455s

 660340 576019  346.05245   36  282  907.63000  313.54815  65.5%  95.3 11476s

 661437 576617  499.91942   82  252  907.63000  313.54815  65.5%  95.3 11498s

 662087 577606  580.20920  161  245  907.63000  313.54815  65.5%  95.3 11522s

 663275 578089  414.29567   48  154  907.63000  313.59426  65.4%  95.3 11544s

 663878 578891  382.76946   56  112  907.63000  313.60773  65.4%  95.3 11569s

 664755 579803  511.42085  108  128  907.63000  313.60773  65.4%  95.2 11590s

 665787 580390  565.34766  101  122  907.63000  313.61592  65.4%  95.2 11613s

 666563 580896  527.56635   64  172  907.63000  313.63364  65.4%  95.3 11633s

 667149 581279  329.26200   46  211  907.63000  313.63364  65.4%  95.3 11654s

 667583 581520  372.77385   65  182  907.63000  313.63955  65.4%  95.3 11668s

 667864 582407  451.49473   92   75  907.63000  313.63970  65.4%  95.3 11698s

 668823 583114  385.50878   51  171  907.63000  313.63970  65.4%  95.3 11721s

 669672 583648  438.88064   76  135  907.63000  313.66430  65.4%  95.3 11738s

 670250 584805  762.97662  140  105  907.63000  313.66430  65.4%  95.4 11778s

 671668 585603  639.95257  107  178  907.63000  313.68581  65.4%  95.4 11800s

 672583 586264  314.42500   24  144  907.63000  313.68938  65.4%  95.4 11820s

 673279 587502  348.09116   78  208  907.63000  313.68938  65.4%  95.4 11844s

 674574 588077  522.83595  219  156  907.63000  313.70016  65.4%  95.3 11867s

 675229 588936  386.46914   33  156  907.63000  313.70058  65.4%  95.3 11887s

 676168 589776  607.76279  210  185  907.63000  313.70058  65.4%  95.3 11914s

 676533 589776  575.79150  220  173  907.63000  313.70058  65.4%  95.3 11915s

 677064 590911  352.31603   28  195  907.63000  313.70058  65.4%  95.3 11934s

 677149 590911  481.13378  208  196  907.63000  313.70058  65.4%  95.3 11935s

 678300 591841  460.98899  113  146  907.63000  313.70058  65.4%  95.2 11954s

 679339 592276  904.57685  323   84  907.63000  313.71444  65.4%  95.2 11971s

 679794 593388  345.19458   61  205  907.63000  313.71444  65.4%  95.2 11989s

 680218 593388  557.30759  120  194  907.63000  313.71444  65.4%  95.2 11990s

 680935 594211  490.91412  204  192  907.63000  313.71444  65.4%  95.1 12015s

 681851 594919  846.76221  367  131  907.63000  313.71444  65.4%  95.1 12034s

 682611 595209  556.31708   68  109  907.63000  313.71444  65.4%  95.1 12053s

 682909 595432  560.68369   69  131  907.63000  313.71444  65.4%  95.1 12066s

 683164 595652  727.71387  105  181  907.63000  313.71444  65.4%  95.1 12081s

 683452 596326  320.12873   27  189  907.63000  313.71444  65.4%  95.1 12102s

 684170 596872  377.82830   76  126  907.63000  313.71444  65.4%  95.2 12123s

 684833 597704  756.31338  174  123  907.63000  313.71444  65.4%  95.2 12156s

 685936 597949 infeasible   72       907.63000  313.76914  65.4%  95.2 12174s

 686209 598946  380.23056   34  125  907.63000  313.76914  65.4%  95.2 12201s

 687398 599310  606.00415   92  189  907.63000  313.77036  65.4%  95.3 12218s

 687876 599854  359.71375   37  236  907.63000  313.78199  65.4%  95.3 12246s

 688628 600329  345.60989   58  187  907.63000  313.79833  65.4%  95.4 12265s

 689164 601357     cutoff   72       907.63000  313.79833  65.4%  95.4 12295s

 690402 601876  362.20218   37  135  907.63000  313.81023  65.4%  95.4 12315s

 691071 602598  357.62318   53  122  907.63000  313.81639  65.4%  95.4 12344s

 691968 602886  344.19143   29  127  907.63000  313.82974  65.4%  95.5 12366s

 692335 603342  565.37071   70  153  907.63000  313.82974  65.4%  95.5 12390s

 692879 604213  370.28126   64  157  907.63000  313.82974  65.4%  95.6 12424s

 693872 605205  342.25755   37  228  907.63000  313.82974  65.4%  95.6 12450s

 694986 605778  530.17700  184  216  907.63000  313.82974  65.4%  95.6 12469s

 695598 606642  702.62149  264  158  907.63000  313.82974  65.4%  95.6 12504s

 696270 606642  341.62736   39  194  907.63000  313.85338  65.4%  95.6 12505s

 696664 607215  456.58101   73  185  907.63000  313.86477  65.4%  95.6 12529s

 697311 608674  349.39702   70  178  907.63000  313.86926  65.4%  95.6 12567s

 698837 609273  636.07517  264  161  907.63000  313.86926  65.4%  95.5 12589s

 699505 610362  409.01017   43  178  907.63000  313.87449  65.4%  95.5 12614s

 700890 610951  775.34724   75  143  907.63000  313.89185  65.4%  95.5 12642s

 701557 611879  866.23138  100  171  907.63000  313.89449  65.4%  95.5 12663s

 702589 612152  425.65906   66  160  907.63000  313.89449  65.4%  95.5 12677s

 702864 612928  502.81976   89  139  907.63000  313.89449  65.4%  95.5 12705s

 703744 613920  500.61886  127  135  907.63000  313.89449  65.4%  95.5 12729s

 704823 614294  381.40579   48  174  907.63000  313.89449  65.4%  95.5 12750s

 705263 615087  383.20537   49  159  907.63000  313.89449  65.4%  95.5 12776s

 706160 615726  359.77624   56  194  907.63000  313.89449  65.4%  95.5 12795s

 706884 617106  546.80386  180  160  907.63000  313.89449  65.4%  95.5 12823s

 708331 617677  516.51334  177  185  907.63000  313.89449  65.4%  95.4 12841s

 709012 618365  389.63558   38  176  907.63000  313.94762  65.4%  95.4 12857s

 709817 618686  582.13291  102  164  907.63000  313.94762  65.4%  95.4 12874s

 710208 619490  342.41664   44  152  907.63000  313.94762  65.4%  95.4 12899s

 711053 620258  605.74113  155  165  907.63000  313.94762  65.4%  95.4 12919s

 711945 621230  334.98796   41  160  907.63000  313.94762  65.4%  95.4 12938s

 712989 622134  413.30230   95  230  907.63000  313.94762  65.4%  95.4 12964s

 713972 623078  536.45644  208  175  907.63000  313.98240  65.4%  95.4 12990s

 714993 623261  867.53803  381  178  907.63000  313.99146  65.4%  95.4 13005s

 715192 624146  377.60685   45  146  907.63000  313.99146  65.4%  95.4 13035s

 716164 625119  625.84646  166  150  907.63000  313.99146  65.4%  95.4 13057s

 717200 625468  343.82439   33  236  907.63000  313.99146  65.4%  95.4 13074s

 717688 625630  550.77582   42  156  907.63000  313.99146  65.4%  95.4 13092s

 717918 626525  699.34253   57  118  907.63000  313.99146  65.4%  95.4 13122s

 718897 627126  670.79901  124   88  907.63000  313.99146  65.4%  95.4 13140s

 719569 628093  370.77966   41  166  907.63000  313.99146  65.4%  95.4 13162s

 720671 629180  396.38286   66  213  907.63000  313.99146  65.4%  95.4 13193s

 721838 629777  805.00484  234  157  907.63000  313.99146  65.4%  95.4 13216s

 722515 630178  612.63145  140  152  907.63000  313.99146  65.4%  95.4 13231s

 722963 631360  409.15625   41  133  907.63000  314.06966  65.4%  95.4 13255s

 724216 632300  350.11338   40  146  907.63000  314.07200  65.4%  95.3 13284s

 725269 633594  431.65110   42  218  907.63000  314.08434  65.4%  95.3 13310s

 726613 634524  602.74676  148  157  907.63000  314.08434  65.4%  95.3 13332s

 727615 634901  469.19684   46  126  907.63000  314.08434  65.4%  95.3 13352s

 727996 635606  635.28923   65  177  907.63000  314.08529  65.4%  95.3 13375s

 728824 635946  396.02390   47  148  907.63000  314.08834  65.4%  95.3 13393s

 729272 636744  342.13924   42  214  907.63000  314.08834  65.4%  95.3 13434s

 729456 636744  461.82412  123  218  907.63000  314.08834  65.4%  95.3 13435s

 730152 637939  495.67227  197  196  907.63000  314.08834  65.4%  95.3 13468s

 731577 638332     cutoff   74       907.63000  314.13187  65.4%  95.4 13495s

 732072 639490  397.09827   47  149  907.63000  314.13187  65.4%  95.4 13541s

 733421 640319  339.35946   40  204  907.63000  314.15066  65.4%  95.5 13565s

 734311 641881  458.02454  137  185  907.63000  314.15145  65.4%  95.5 13609s

 734783 641881  584.89274  220  161  907.63000  314.15943  65.4%  95.4 13610s

 736056 642730  375.78038   44   82  907.63000  314.17236  65.4%  95.4 13631s

 737031 643084  334.32055   46  220  907.63000  314.18572  65.4%  95.4 13648s

 737399 644007  383.32074   64  233  907.63000  314.18572  65.4%  95.4 13671s

 738507 644756  735.54737  202   99  907.63000  314.18572  65.4%  95.4 13703s

 739349 645197  414.56578   83  142  907.63000  314.18572  65.4%  95.4 13717s

 739798 646656  517.94921  133  184  907.63000  314.18572  65.4%  95.4 13744s

 741336 647225  320.53824   31  257  907.63000  314.18572  65.4%  95.4 13776s

 741961 647787  320.54535   32  254  907.63000  314.18572  65.4%  95.4 13795s

 742589 648468  458.12313  122  161  907.63000  314.18572  65.4%  95.4 13822s

 743358 649173  676.31604  321  173  907.63000  314.20591  65.4%  95.4 13846s

 744160 649541  846.89292  163  126  907.63000  314.20591  65.4%  95.4 13866s

 744546 650811  520.88880  117  173  907.63000  314.20591  65.4%  95.4 13906s

 745978 651870  443.63981   72  106  907.63000  314.23598  65.4%  95.4 13930s

 747125 652439  475.00148   93  121  907.63000  314.23598  65.4%  95.4 13946s

 747766 653239  553.69996  120  147  907.63000  314.23598  65.4%  95.4 13963s

 748678 653776  387.75962   47  110  907.63000  314.23598  65.4%  95.4 13989s

 749336 654071  378.60519   52  192  907.63000  314.26347  65.4%  95.4 14001s

 749642 655038  433.34413   79  131  907.63000  314.26615  65.4%  95.4 14033s

 750811 656106  357.61642   55  144  907.63000  314.27535  65.4%  95.4 14057s

 751947 656979  340.43379   39  185  907.63000  314.27535  65.4%  95.4 14080s

 752925 657913  334.90930   43  132  907.63000  314.28758  65.4%  95.4 14111s

 753971 658410  358.70384   36  137  907.63000  314.30204  65.4%  95.4 14125s

 754482 659372  577.82618  110  148  907.63000  314.30204  65.4%  95.4 14148s

 755553 660333  442.59893  134  172  907.63000  314.31212  65.4%  95.3 14177s

 756524 661465  775.26446  326  161  907.63000  314.31212  65.4%  95.3 14203s

 757754 661962  554.89473   78  173  907.63000  314.31212  65.4%  95.3 14222s

 758303 662720  363.04952   33  181  907.63000  314.31502  65.4%  95.3 14244s

 759160 663023  331.50893   31  132  907.63000  314.31649  65.4%  95.3 14259s

 759465 664014  391.97096   48  159  907.63000  314.31649  65.4%  95.4 14292s

 760751 664220  722.72008  153   80  907.63000  314.31649  65.4%  95.4 14308s

 761061 665439  350.91734   46  202  907.63000  314.31649  65.4%  95.5 14348s

 762350 666849  429.25392  135  274  907.63000  314.34509  65.4%  95.4 14377s

 763817 667185  742.74484  252  184  907.63000  314.34509  65.4%  95.4 14396s

 764226 667305  353.93358   40  126  907.63000  314.34509  65.4%  95.4 14400s



Cutting planes:

  Learned: 21

  Gomory: 56

  Lift-and-project: 55

  Cover: 114

  Implied bound: 490

  Projected implied bound: 33

  Clique: 323

  MIR: 322

  Mixing: 69

  StrongCG: 16

  Flow cover: 811

  GUB cover: 5

  Inf proof: 8

  Zero half: 1432

  RLT: 73

  Relax-and-lift: 598



Explored 764354 nodes (72925310 simplex iterations) in 14400.85 seconds (6882.64 work units)

Thread count was 16 (of 16 available processors)



Solution count 10: 907.63 913.98 920.74 ... 978.55



Time limit reached

Best objective 9.076300000000e+02, best bound 3.143450878222e+02, gap 65.3664%



AMPL MP initial flat model has 7534 variables (0 integer, 7462 binary);

Objectives: 1 quadratic; 

Constraints:  2065 linear; 12 quadratic;



AMPL MP final model has 7534 variables (0 integer, 7462 binary);

Objectives: 1 quadratic; 

Constraints:  2065 linear; 12 quadratic;





-----RESULTS INFO-----
running_time:  14411.796999999999
TC.best_bound:  314.3450878222082
TC:  907.6300000000001
MIP Gap (%):  65.36638411883608
=== Vehicle Routes ===
Vehicle 1: 0  48
Vehicle 1: 1  52
Vehicle 1: 4  11
Vehicle 1: 8  1
Vehicle 1: 11  35
Vehicle 1: 35  45
Vehicle 1: 45  8
Vehicle 1: 48  4
Vehicle 2: 0  3
Vehicle 2: 2  5
Vehicle 2: 3  6
Vehicle 2: 5  51
Vehicle 2: 6  14
Vehicle 2: 7  2
Vehicle 2: 14  7
Vehicle 2: 51  52
Vehicle 3: 0  44
Vehicle 3: 9  10
Vehicle 3: 10  41
Vehicle 3: 12  52
Vehicle 3: 32  9
Vehicle 3: 34  12
Vehicle 3: 41  34
Vehicle 3: 44  32
Vehicle 4: 0  49
Vehicle 4: 13  52
Vehicle 4: 49  13
Vehicle 5: 0  39
Vehicle 5: 39  47
Vehicle 5: 47  52
Vehicle 6: 0  46
Vehicle 6: 43  52
Vehicle 6: 46  43

=== Full Vehicle Routes ===
Vehicle 1: 0  48  4  11  35  45  8  1  0 (99<100)
Vehicle 2: 0  3  6  14  7  2  5  51  0 (100<100)
Vehicle 3: 0  44  32  9  10  41  34  12  0 (100<100)
Vehicle 4: 0  49  13  0 (98<100)
Vehicle 5: 0  39  47  0 (98<100)
Vehicle 6: 0  46  43  0 (98<100)
Arc used by MRT line: y variables:
MRT used: 49  50
Customer assigment to PL: u variables:
15 47
16 47
17 46
18 50
19 47
20 46
21 48
22 47
23 49
24 49
25 47
26 46
27 49
28 46
29 51
30 49
31 45
33 47
36 46
37 46
38 49
40 48
42 47
Node is served by regular vehicle: g variables:
1
2
3
4
5
6
7
8
9
10
11
12
13
14
32
34
35
39
41
43
44
51
45
46
47
48
49
Customer assigment to Home delivery: gm variables:
1
2
3
4
5
6
7
8
9
10
11
12
13
14
32
34
35
39
41
43
44
Node total demands: ntd variables:
1 6 1
2 22 1
3 2 1
4 17 1
5 14 1
6 8 1
7 19 1
8 21 1
9 6 1
10 24 1
11 2 1
12 12 1
13 17 1
14 17 1
30 0 0
31 0 0
32 22 1
33 0 0
34 11 1
35 7 1
36 0 0
37 0 0
38 0 0
39 14 1
40 0 0
41 13 1
42 0 0
43 21 1
44 12 1
51 18 1
45 8 1
46 77 1
47 84 1
48 38 1
49 81 1
50 0 0
Customer's demand delivered to PL: l variables:
15
16
17
18
19
20
21
22
23
24
25
26
27
28
29
30
31
33
36
37
38
40
42
Lockers load <= capacity:
18 <= 74
8 <= 100
77 <= 86
84 <= 87
38 <= 81
73 <= 100
8 <= 85
