Gurobi 12.0.3:   lim:time = 14400

  mip:bestbound = 1

Set parameter LogToConsole to value 1

  tech:outlev = 1

Set parameter Cuts to value 3

  cut:cuts = 3

Set parameter Presolve to value 2

  pre:solve = 2

Set parameter MIPFocus to value 2

  mip:focus = 2

Set parameter Symmetry to value 2

  mip:symmetry = 2

Set parameter InfUnbdInfo to value 1

Gurobi Optimizer version 12.0.3 build v12.0.3rc0 (win64 - Windows 11+.0 (26200.2))



CPU model: 13th Gen Intel(R) Core(TM) i7-13700K, instruction set [SSE2|AVX|AVX2]

Thread count: 16 physical cores, 24 logical processors, using up to 24 threads



Non-default parameters:

TimeLimit  14400

MIPFocus  2

Symmetry  2

Cuts  3

InfUnbdInfo  1

Presolve  2



Optimize a model with 2456 rows, 10045 columns and 63374 nonzeros

Model fingerprint: 0x163a178b

Model has 7 quadratic constraints

Variable types: 79 continuous, 9966 integer (0 binary)

Coefficient statistics:

  Matrix range     [1e+00, 1e+05]

  QMatrix range    [1e+00, 1e+00]

  QLMatrix range   [2e+00, 2e+01]

  Objective range  [2e+00, 1e+02]

  Bounds range     [1e+00, 1e+02]

  RHS range        [1e+00, 1e+05]

  QRHS range       [1e+02, 1e+02]

Presolve removed 166 rows and 338 columns

Presolve time: 2.24s

Presolved: 8331 rows, 15741 columns, 66770 nonzeros

Variable types: 39 continuous, 15702 integer (14178 binary)

Root relaxation presolve removed 9 rows and 2 columns

Root relaxation presolved: 8308 rows, 15713 columns, 120093 nonzeros



Deterministic concurrent LP optimizer: primal and dual simplex

Showing primal log only...



Concurrent spin time: 0.03s



Solved with dual simplex



Root relaxation: objective 2.347695e+02, 799 iterations, 0.13 seconds (0.14 work units)



    Nodes    |    Current Node    |     Objective Bounds      |     Work

 Expl Unexpl |  Obj  Depth IntInf | Incumbent    BestBd   Gap | It/Node Time



     0     0  234.76950    0  179          -  234.76950      -     -    4s

     0     0  293.15000    0  159          -  293.15000      -     -    6s

     0     0  293.15000    0  133          -  293.15000      -     -    6s

     0     0  293.15000    0  132          -  293.15000      -     -    6s

     0     0  293.15000    0  141          -  293.15000      -     -    7s

     0     0  293.15000    0  146          -  293.15000      -     -    7s

     0     0  293.15000    0  143          -  293.15000      -     -    7s

     0     0  293.15000    0  120          -  293.15000      -     -    8s

     0     0  293.15000    0  129          -  293.15000      -     -    8s

     0     0  294.71623    0  144          -  294.71623      -     -   10s

     0     0  294.72523    0  211          -  294.72523      -     -   10s

     0     0  295.95750    0  193          -  295.95750      -     -   10s

     0     0  296.27000    0  192          -  296.27000      -     -   11s

     0     0  297.07618    0  180          -  297.07618      -     -   12s

     0     0  297.17825    0  180          -  297.17825      -     -   12s

     0     2  297.24793    0  180          -  297.24793      -     -   13s

   246   262  297.64108   16  167          -  297.64108      -   121   15s

  2620  2534  343.83986  238  146          -  297.64108      -  64.1   20s

  4212  3846  403.01234   63 3626          -  297.64108      -  62.0   25s

  4216  3849  354.51032   57  207          -  301.98883      -  62.0   31s

H 4217  3656                    1438.9200000  303.28008  78.9%  61.9   34s

H 4217  3473                    1377.2500000  303.28008  78.0%  61.9   34s

H 4218  3300                    1355.6000000  303.28047  77.6%  61.9   35s

H 4218  3135                    1346.9400000  303.28047  77.5%  61.9   35s

H 4218  2978                    1305.7300000  303.28047  76.8%  61.9   35s

H 4218  2829                    1304.6300000  303.28047  76.8%  61.9   35s

H 4218  2688                    1304.2500000  303.28047  76.7%  61.9   35s

H 4218  2553                    1275.9200000  303.28047  76.2%  61.9   35s

H 4218  2425                    1253.8400000  303.28047  75.8%  61.9   35s

H 4218  2304                    1253.4600000  303.28047  75.8%  61.9   35s

H 4218  2189                    1239.7000000  303.28047  75.5%  61.9   35s

H 4218  2079                    1239.3200000  303.28047  75.5%  61.9   35s

H 4219  1976                    1198.9000000  303.28047  74.7%  61.9   40s

H 4219  1877                    1193.4200000  303.28047  74.6%  61.9   40s

H 4219  1783                    1187.1400000  303.28047  74.5%  61.9   40s

H 4219  1694                    1171.2600000  303.28047  74.1%  61.9   40s

H 4219  1609                    1167.5500000  303.28047  74.0%  61.9   40s

H 4220  1528                    1155.8900000  303.28047  73.8%  61.9   41s

H 4220  1452                    1136.5300000  303.28047  73.3%  61.9   41s

H 4220  1379                    1132.8200000  303.28047  73.2%  61.9   41s

H 4220  1310                    1125.5300000  303.28047  73.1%  61.9   41s

  4224  1313  516.34776  351  165 1125.53000  304.10881  73.0%  61.8   46s

H 4224  1247                    1123.7300000  306.54500  72.7%  61.8   47s

  4228  1250  686.08332  133  137 1123.73000  306.69222  72.7%  61.8   51s

H 4230  1188                    1114.5900000  306.80005  72.5%  61.8   55s

H 4230  1128                    1111.9100000  306.95005  72.4%  61.8   55s

H 4231  1073                    1106.6900000  307.00005  72.3%  61.7   56s

H 4233  1020                    1077.4900000  307.04008  71.5%  61.7   60s

H 4233   968                    1075.3100000  307.04008  71.4%  61.7   60s

H 4233   919                    1072.1000000  307.04008  71.4%  61.7   60s

H 4233   873                    1071.0500000  307.04008  71.3%  61.7   60s

H 4233   829                    1069.9900000  307.04008  71.3%  61.7   60s

H 4236   789                    1065.5500000  308.50715  71.0%  61.7   64s

H 4236   749                    1048.2600000  308.50715  70.6%  61.7   64s

H 4236   711                    1043.8000000  308.50715  70.4%  61.7   64s

  4238   712  432.27620  182  187 1043.80000  308.99477  70.4%  61.6   65s

  4239   713  465.68271  132  226 1043.80000  310.93000  70.2%  61.6   71s

  4241   714  358.61517  251  260 1043.80000  311.08277  70.2%  61.6   75s

  4243   716  314.00824   10  211 1043.80000  314.00824  69.9%  61.6   82s

  4244   716  553.65435  191  176 1043.80000  314.47044  69.9%  61.6   85s

  4245   717  431.79001   40  197 1043.80000  315.95755  69.7%  61.5   91s

  4246   718  412.71571   57  189 1043.80000  316.74990  69.7%  61.5   95s

  4247   718  340.22118   48  253 1043.80000  317.87957  69.5%  61.5  100s

  4248   719  410.06376   89  267 1043.80000  319.40059  69.4%  61.5  106s

H 4248   683                    1040.3600000  320.82806  69.2%  61.5  111s

H 4250   649                    1034.3400000  322.46014  68.8%  61.5  118s

H 4250   616                    1034.3000000  322.46014  68.8%  61.5  118s

H 4250   584                    1017.0900000  322.46014  68.3%  61.5  118s

H 4250   554                    1010.2600000  322.46014  68.1%  61.5  118s

H 4250   526                    1002.9400000  322.46014  67.8%  61.5  118s

H 4250   499                     981.0600000  322.46014  67.1%  61.5  119s

  4252   501  328.45135   13  244  981.06000  324.57651  66.9%  61.4  124s

H 4252   475                     980.6300000  326.07264  66.7%  61.4  129s

H 4252   451                     974.3600000  326.07264  66.5%  61.4  129s

H 4252   428                     958.1700000  326.07264  66.0%  61.4  129s

H 4252   406                     957.7900000  326.07264  66.0%  61.4  129s

  4254   407  326.74470   26  286  957.79000  326.74470  65.9%  61.4  134s

  4255   408  601.73097  180  281  957.79000  328.48787  65.7%  61.4  139s

  4256   408  550.11338  104  338  957.79000  330.26058  65.5%  61.4  145s

  4257   409  616.79244  188  318  957.79000  330.67973  65.5%  61.4  151s

  4258   410  426.12391  168  297  957.79000  331.08000  65.4%  61.3  156s

  4259   410  569.30585  136  263  957.79000  331.08000  65.4%  61.3  160s

  4260   411  353.52810   52  288  957.79000  331.08000  65.4%  61.3  165s

H 4260   389                     952.4500000  331.08000  65.2%  61.3  170s

  4263   391  331.08275    5  306  952.45000  331.08275  65.2%  61.3  177s

  4264   392  451.50790  105  303  952.45000  331.08280  65.2%  61.3  182s

  4265   392  331.08342   11  274  952.45000  331.08342  65.2%  61.2  187s

  4266   393  529.33565  242  286  952.45000  331.08560  65.2%  61.2  192s

  4267   394  333.02181   41  308  952.45000  331.09475  65.2%  61.2  197s

  4268   394  342.87298   19  283  952.45000  331.16927  65.2%  61.2  202s

H 4268   374                     940.7200000  331.21007  64.8%  61.2  207s

  4270   376  331.22406   44  311  940.72000  331.22406  64.8%  61.2  211s

  4271   376  386.99928   50  293  940.72000  331.22406  64.8%  61.2  215s

  4273   378  331.28995   83  276  940.72000  331.28995  64.8%  61.1  224s

  4274   378  331.29993   21  270  940.72000  331.29993  64.8%  61.1  228s

  4275   379  383.31700   80  328  940.72000  331.38436  64.8%  61.1  234s

  4276   380  331.44273   26  295  940.72000  331.44273  64.8%  61.1  239s

  4277   380  360.56346   61  271  940.72000  331.50025  64.8%  61.1  243s

  4279   382  331.55805  112  283  940.72000  331.55805  64.8%  61.0  248s

  4280   382  331.67926   19  321  940.72000  331.67926  64.7%  61.0  253s

H 4280   361                     936.0800000  331.73195  64.6%  61.0  258s

  4282   363  511.35922  237  282  936.08000  331.77057  64.6%  61.0  263s

  4283   363  331.80307   14  317  936.08000  331.80307  64.6%  61.0  267s

  4284   364  468.01365   55  312  936.08000  331.81745  64.6%  61.0  272s

  4285   365  335.44000   27  290  936.08000  331.83169  64.6%  61.0  276s

  4286   365  405.74788   55  316  936.08000  331.87752  64.5%  60.9  281s

  4287   366  561.29134  123  326  936.08000  331.92311  64.5%  60.9  286s

  4288   367  444.39846  166  322  936.08000  331.95045  64.5%  60.9  291s

  4289   367  438.41265   64  321  936.08000  331.97017  64.5%  60.9  296s

  4290   368  936.08000  211  295  936.08000  331.99727  64.5%  60.9  300s

  4291   369  408.23509   85  294  936.08000  332.02741  64.5%  60.9  306s

  4292   369  356.07019  228  303  936.08000  332.04896  64.5%  60.9  310s

H 4292   349                     924.8500000  332.09367  64.1%  60.9  316s

H 4292   331                     901.4500000  332.09367  63.2%  60.9  316s

H 4292   313                     900.9300000  332.09367  63.1%  60.9  316s

  4294   315  550.79424  259  345  900.93000  332.11912  63.1%  60.8  321s

  4295   315  432.10392   53  332  900.93000  332.14595  63.1%  60.8  327s

  4296   316  471.01980  216  326  900.93000  332.15215  63.1%  60.8  331s

  4297   317  372.15957   30  321  900.93000  332.16435  63.1%  60.8  336s

  4303   322  332.16435   20  170  900.93000  332.16435  63.1%  71.6  340s

H 4311   310                     896.8400000  332.16435  63.0%  71.4  348s

  4313   312  648.90823  220  300  896.84000  332.16435  63.0%  71.4  355s

  4316   314  354.51032   57  283  896.84000  332.16435  63.0%  71.3  361s

  4317   314  405.25508  102  291  896.84000  332.16435  63.0%  71.3  368s

  4319   316  332.16435   36  298  896.84000  332.16435  63.0%  71.3  374s

  4320   316  332.16435   16  281  896.84000  332.16435  63.0%  71.3  382s

  4321   317  335.02715   22  297  896.84000  332.16435  63.0%  71.3  389s

  4322   318  567.70694  199  267  896.84000  332.16435  63.0%  71.2  397s

  4323   318  333.84145   47  320  896.84000  332.16435  63.0%  71.2  404s

H 4323   302                     892.7000000  332.16435  62.8%  71.2  412s

H 4328   290                     891.8900000  332.16435  62.8%  71.1  418s

  4330   291  526.62537   96  315  891.89000  332.16435  62.8%  71.1  426s

  4332   292  522.02998  172  329  891.89000  332.16435  62.8%  71.1  432s

  4334   294  332.16435   21  327  891.89000  332.16435  62.8%  71.0  436s

  4336   295  339.79968   35  307  891.89000  332.16435  62.8%  71.0  442s

  4351   322  332.16435   29  303  891.89000  332.16435  62.8%  76.1  445s

  4557   462  332.16435   37  196  891.89000  332.16435  62.8%  87.5  450s

  4782   620  358.88218   47  169  891.89000  332.16435  62.8%  94.4  455s

  5165   957  346.18199   58  129  891.89000  332.16435  62.8%   100  460s

  5467  1221  359.64577   65  163  891.89000  332.16435  62.8%   103  465s

  6591  2414  405.57063   90  209  891.89000  332.16435  62.8%  99.3  470s

  7703  3635  403.83685  132  111  891.89000  332.16435  62.8%  96.5  475s

  8995  4899  535.85497  177   87  891.89000  332.16435  62.8%  94.8  480s

 10619  6149  332.16435   41  296  891.89000  332.16435  62.8%  93.9  485s

 12016  7675  347.13450   54  168  891.89000  332.16435  62.8%  91.2  491s

 12984  7941 infeasible  123       891.89000  332.16435  62.8%  90.0  495s

 14238 10035  394.66571   86  141  891.89000  332.16435  62.8%  90.0  502s

 16283 11558  430.76625   73  147  891.89000  332.16435  62.8%  86.7  506s

 17517 11868  342.97230   58  244  891.89000  332.16435  62.8%  86.8  510s

 17842 12573  353.30981   72  192  891.89000  332.16435  62.8%  87.1  516s

 18548 14006  373.06134   83  176  891.89000  332.16435  62.8%  86.6  521s

 19906 14141  499.04692  221  174  891.89000  332.16435  62.8%  85.3  525s

 20248 14624  577.28019  234  142  891.89000  332.16435  62.8%  85.1  530s

 20583 16159  608.80359  253  150  891.89000  332.16435  62.8%  84.7  536s

 22702 16634  338.44418   42  204  891.89000  332.16435  62.8%  84.3  540s

 24019 18793  389.15208   67  153  891.89000  332.16435  62.8%  86.2  546s

 26400 20230  697.81721  165   61  891.89000  332.16435  62.8%  84.4  552s

 26928 21328  337.85660   40  265  891.89000  332.16435  62.8%  84.4  555s

 28760 22781  454.30694   64  218  891.89000  332.16435  62.8%  83.9  560s

 31366 24205  459.86016   78  254  891.89000  332.16435  62.8%  83.2  567s

 31874 25235  608.55835   88  157  891.89000  332.16435  62.8%  83.5  571s

 33072 26807  333.55862   47  291  891.89000  332.16435  62.8%  83.1  576s

 34848 27296  549.58547  153  105  891.89000  332.16435  62.8%  82.1  581s

 35389 27486  786.82294  178   75  891.89000  332.16435  62.8%  82.1  589s

 35608 28239 infeasible  187       891.89000  332.16435  62.8%  82.1  596s

 36473 29783  408.75456   69  166  891.89000  332.16435  62.8%  81.8  602s

 38348 30318  473.36031   77  152  891.89000  332.16435  62.8%  81.4  607s

 38976 31697  345.11920   33  230  891.89000  332.16435  62.8%  81.8  613s

 40567 32398  332.16435   37  281  891.89000  332.16435  62.8%  82.1  618s

 41314 33734  367.26525   57  103  891.89000  332.16435  62.8%  83.6  628s

 42854 34802  367.82709   47  125  891.89000  332.16435  62.8%  84.2  637s

 44105 36651  332.65326   45  351  891.89000  332.16435  62.8%  84.8  649s

H46192 36642                     887.9500000  332.16435  62.6%  84.1  649s

 46330 39389  351.96967   51  190  887.95000  332.16435  62.6%  84.1  660s

 49426 40238  356.79870   49  235  887.95000  332.16435  62.6%  84.0  667s

 50409 41994  822.46754  137  153  887.95000  332.16435  62.6%  84.7  675s

 52551 42800  407.92601   70  152  887.95000  332.16435  62.6%  85.5  682s

 53514 43674  528.92489  102  165  887.95000  332.16435  62.6%  85.8  689s

H54575 46140                     887.3000000  332.16435  62.6%  86.7  700s

H56042 46131                     885.1000000  332.16435  62.5%  86.2  700s

H56355 46109                     878.9900000  332.16435  62.2%  86.2  700s

 57556 46494  796.13238  170   76  878.99000  332.16435  62.2%  86.2  707s

H57807 46487                     878.3300000  332.16435  62.2%  86.5  707s

H57884 46483                     877.9200000  332.16435  62.2%  86.6  707s

 58024 48374  365.73069   48  182  877.92000  332.16435  62.2%  86.6  715s

H60312 48971                     877.5700000  332.16435  62.1%  87.0  724s

 61102 49500 infeasible   80       877.57000  332.16435  62.1%  87.2  732s

H61124 49500                     877.5200000  332.16435  62.1%  87.2  732s

 61674 51235  342.57423   43  283  877.52000  332.16435  62.1%  87.3  741s

 63710 51935  542.17955   66  127  877.52000  332.16435  62.1%  87.3  752s

H63767 51932                     876.8900000  332.16435  62.1%  87.3  752s

 64579 56377  333.85156   46  249  876.89000  332.16435  62.1%  87.6  773s

 69596 56909  590.16142   71  193  876.89000  332.16435  62.1%  87.1  780s

 70227 57641  355.14046   40  190  876.89000  332.16435  62.1%  87.2  786s

 71042 59395  438.18964   74  195  876.89000  332.16435  62.1%  87.5  796s

 73108 60872  345.54835   48  216  876.89000  332.16435  62.1%  87.7  805s

 74793 61560  593.91683  112  157  876.89000  332.16435  62.1%  87.8  812s

H75593 61643                     876.7000000  332.16435  62.1%  88.3  824s

 75723 62852  342.48058   42  230  876.70000  332.16435  62.1%  88.2  834s

 76714 62852  473.81578   83  236  876.70000  332.16435  62.1%  88.1  835s

 77050 64681  467.42406  107  238  876.70000  332.16435  62.1%  88.2  847s

 79153 66629  361.19075   46  185  876.70000  332.16435  62.1%  88.1  858s

 81349 67524  343.36376   32  290  876.70000  332.16435  62.1%  88.2  866s

 82374 69240  495.58950   68  194  876.70000  332.16435  62.1%  88.2  877s

 84286 71773  386.64906   68  175  876.70000  332.16435  62.1%  88.5  892s

 87186 73352  675.04961  197  102  876.70000  332.16435  62.1%  88.2  900s

 88988 73776  361.33115   55  182  876.70000  332.16435  62.1%  88.0  906s

 89502 75266  393.16654   78  226  876.70000  332.16435  62.1%  88.2  915s

 91108 76653  797.33140  209  121  876.70000  332.16435  62.1%  87.9  922s

 92686 77352  569.56073   86  155  876.70000  332.16435  62.1%  88.0  930s

 93617 77857  336.18632   48  189  876.70000  332.16435  62.1%  88.5  935s

 94139 79228  356.62351   60  158  876.70000  332.16435  62.1%  89.0  944s

 95770 80787  446.58854   88  157  876.70000  332.16435  62.1%  89.4  954s

 97690 82345  438.79544   91  239  876.70000  332.16435  62.1%  89.5  964s

 99413 83951  681.26669  165  165  876.70000  332.16435  62.1%  89.2  973s

 101165 84374  768.65604  179  184  876.70000  332.16435  62.1%  89.0  978s

 101685 85207  340.41674   47  167  876.70000  332.16435  62.1%  89.0  985s

 102580 86979  452.44864   84  165  876.70000  332.16435  62.1%  89.0  996s

 104604 88557  408.38443   99  186  876.70000  332.16435  62.1%  89.0 1006s

 106383 89655  384.21776   46  205  876.70000  332.16435  62.1%  89.1 1020s

 107696 91181 infeasible   59       876.70000  332.16435  62.1%  89.2 1031s

 109505 93599  336.35643   43  288  876.70000  332.16435  62.1%  89.4 1046s

 112331 95095  731.49722  113  137  876.70000  332.16435  62.1%  89.6 1059s

 113971 96719  739.00255  114  107  876.70000  332.16435  62.1%  89.6 1070s

 115912 97288  751.84619  122   86  876.70000  332.16435  62.1%  89.6 1079s

 116657 98813  420.57511   60  165  876.70000  332.16435  62.1%  90.0 1089s

 118445 100631  396.32671   69  253  876.70000  332.16435  62.1%  90.4 1099s

 119986 100631  700.36111  109   89  876.70000  332.16435  62.1%  90.6 1100s

 120526 101276  338.28456   47  190  876.70000  332.16435  62.1%  90.6 1109s

 121258 101620  423.09707   77  224  876.70000  332.16435  62.1%  90.7 1121s

 121637 102690  622.87136  112   99  876.70000  332.16435  62.1%  90.7 1134s

 122873 104835  431.78272   79  215  876.70000  332.16435  62.1%  90.7 1150s

 125398 106916  432.05826   69  157  876.70000  332.16435  62.1%  90.8 1163s

 127920 108394  427.99385   64  180  876.70000  332.16435  62.1%  90.8 1177s

 129758 109305  395.06854   67  218  876.70000  332.16435  62.1%  91.2 1185s

 130821 111896  606.86332  125  139  876.70000  332.16435  62.1%  91.4 1198s

 133674 113491  499.05962  132  191  876.70000  332.16435  62.1%  91.3 1210s

 135459 115352  350.62821   55  170  876.70000  332.16435  62.1%  91.2 1224s

 137602 115805  575.65242   79  185  876.70000  332.16435  62.1%  91.0 1230s

 138151 117502  394.90064   52  220  876.70000  332.16435  62.1%  91.3 1240s

 140033 118681  362.07585   44  244  876.70000  332.16435  62.1%  91.3 1251s

 141435 119419  371.28753   52  264  876.70000  332.16435  62.1%  91.5 1259s

 142304 120881  344.31776   43  188  876.70000  332.16435  62.1%  91.7 1269s

 143942 121874  399.39458   75  170  876.70000  332.16435  62.1%  92.1 1279s

 144152 121874  354.21721   50  319  876.70000  332.16435  62.1%  92.1 1280s

 145265 122243  438.41200   92  134  876.70000  332.16435  62.1%  92.3 1287s

 145747 123818  391.24294   56  185  876.70000  332.16435  62.1%  92.7 1298s

 147589 124816  650.44922   73  200  876.70000  332.16435  62.1%  93.0 1307s

 148705 126546  409.77534   60  212  876.70000  332.16435  62.1%  93.0 1323s

 150813 127301  474.75613   54  171  876.70000  332.16435  62.1%  93.2 1333s

 151711 128572  407.35767   63  275  876.70000  332.16435  62.1%  93.2 1344s

 153043 128572  865.90728   81  138  876.70000  332.16435  62.1%  93.4 1345s

 153311 130385  541.99192  131  282  876.70000  332.16435  62.1%  93.4 1357s

 155393 130829  352.35797   50  177  876.70000  332.16435  62.1%  93.5 1365s

 155884 132727  385.07884   65  134  876.70000  332.16435  62.1%  93.7 1378s

 158183 133361  808.34250  188   92  876.70000  332.16435  62.1%  93.8 1388s

 158994 133570  411.47081   83  182  876.70000  332.16435  62.1%  93.9 1400s

 159230 135073  415.09871   84  222  876.70000  332.16435  62.1%  93.9 1415s

 160967 136007  374.28611   70  207  876.70000  332.16435  62.1%  93.9 1425s

 162017 138195  670.68639  140  157  876.70000  332.16435  62.1%  94.0 1441s

 164571 139306  340.79911   44  292  876.70000  332.16435  62.1%  93.9 1455s

 165775 140712  581.11078  152  178  876.70000  332.16435  62.1%  94.1 1468s

 167470 141402  467.02253  112  234  876.70000  332.16435  62.1%  94.2 1477s

 168251 143221  529.90751  153  216  876.70000  332.16435  62.1%  94.3 1493s

 170495 144595  416.23260   58  193  876.70000  332.16435  62.1%  94.2 1510s

 172152 145814  427.40426   76  212  876.70000  332.16435  62.1%  94.3 1522s

 173599 147123  594.14973  145  125  876.70000  332.16435  62.1%  94.5 1535s

 175152 148878  471.64193   54  181  876.70000  332.16435  62.1%  94.5 1551s

 177132 150438  568.15857  139  191  876.70000  332.16435  62.1%  94.6 1564s

 178036 150438  691.49499  140  207  876.70000  332.16435  62.1%  94.6 1565s

 178886 151348  378.83393   68  162  876.70000  332.16435  62.1%  94.7 1576s

 180006 152819  830.19009  126   92  876.70000  332.16435  62.1%  94.8 1591s

 181635 154765  831.77651  127  101  876.70000  332.16435  62.1%  94.9 1606s

 183911 155484  606.48110   83  225  876.70000  332.24633  62.1%  94.8 1615s

 184741 157472  339.86797   52  186  876.70000  332.24633  62.1%  94.9 1631s

 186970 159105  602.78101  171  230  876.70000  332.24633  62.1%  95.0 1646s

 188906 159350  795.65427  116  145  876.70000  332.39315  62.1%  95.1 1654s

 189133 159350  864.69211   76  140  876.70000  332.39315  62.1%  95.2 1655s

 189194 159822  801.31329  117  144  876.70000  332.39315  62.1%  95.2 1663s

 189793 161278  802.53409  118  144  876.70000  332.42049  62.1%  95.4 1675s

 191453 162150  806.73530  119  131  876.70000  332.43148  62.1%  95.4 1689s

 192350 162150  439.55408  103  213  876.70000  332.43148  62.1%  95.4 1690s

 192486 164830  648.98370   71  134  876.70000  332.43148  62.1%  95.4 1713s

 195708 166496  843.19921   98  128  876.70000  332.53555  62.1%  95.5 1729s

 197817 166532  787.03853  147   85  876.70000  332.60662  62.1%  95.6 1754s

 197863 167266  809.80559  162   77  876.70000  332.60662  62.1%  95.6 1769s

 198752 169251  532.29528   95  151  876.70000  332.60662  62.1%  95.6 1785s

 201037 170028  766.32740  138  156  876.70000  332.64037  62.1%  95.6 1794s

 201932 172157  381.91742   71  191  876.70000  332.64037  62.1%  95.8 1809s

 204303 173863  614.46995  147  122  876.70000  332.64037  62.1%  95.7 1825s

 206324 175168  571.35973  136  171  876.70000  332.75403  62.0%  95.7 1837s

 207783 175918  446.09620   78  208  876.70000  332.75403  62.0%  95.7 1847s

 208672 177908  814.10845  155  146  876.70000  332.75403  62.0%  95.8 1863s

 210975 179864  337.26349   56  252  876.70000  332.79268  62.0%  95.8 1877s

 213160 181729  471.06749  145  238  876.70000  332.79268  62.0%  95.7 1897s

 215432 182428  519.67124   72  123  876.70000  332.99370  62.0%  95.7 1905s

 216209 184314  681.01223  126  172  876.70000  332.99370  62.0%  95.7 1923s

 218433 186078  562.46674  126  152  876.70000  333.07879  62.0%  95.6 1938s

 220392 186677  466.47474   79  204  876.70000  333.07879  62.0%  95.5 1947s

 221120 188250  341.56946   47  257  876.70000  333.08091  62.0%  95.5 1962s

 223065 188923  384.55815   54  208  876.70000  333.15404  62.0%  95.5 1970s

 223800 190578  822.47543  107  119  876.70000  333.15404  62.0%  95.7 1984s

 225727 192220  524.53852  137  218  876.70000  333.17586  62.0%  95.7 1999s

 227622 193786  377.51880   56  176  876.70000  333.17586  62.0%  95.7 2012s

 229351 194090  680.65279  159  164  876.70000  333.17586  62.0%  95.7 2023s

 229719 194742  385.45332   60  178  876.70000  333.17586  62.0%  95.8 2032s

 230381 196073  431.02025   73  218  876.70000  333.22766  62.0%  95.9 2046s

 231911 197956  701.49465  152  117  876.70000  333.27795  62.0%  95.9 2064s

 234135 199534  414.61142   43  189  876.70000  333.37967  62.0%  95.8 2083s

 236120 200068  349.08411   53  214  876.70000  333.43711  62.0%  96.0 2092s

 236823 202139  623.66681   94  200  876.70000  333.43711  62.0%  96.2 2110s

 239182 202708  342.98675   42  136  876.70000  333.54123  62.0%  96.1 2122s

 239932 203237  591.46818   78  196  876.70000  333.54123  62.0%  96.2 2133s

 240549 204988  598.50042   79  191  876.70000  333.54123  62.0%  96.2 2153s

 242668 205931  523.54557   75  170  876.70000  333.54123  62.0%  96.1 2169s

 243738 208110  407.42634   80  104  876.70000  333.54123  62.0%  96.2 2191s

 246251 209149  364.51644   56  213  876.70000  333.67687  61.9%  96.1 2208s

 247453 209860  564.33704   98  146  876.70000  333.69023  61.9%  96.2 2225s

 248438 210844  371.43799   59  197  876.70000  333.69300  61.9%  96.3 2238s

 249538 212855  690.66536  101  158  876.70000  333.69300  61.9%  96.4 2258s

 251963 212905  361.50090   53  240  876.70000  333.80913  61.9%  96.4 2282s

 252055 213612  361.77823   54  236  876.70000  333.80913  61.9%  96.4 2295s

 252858 215610  462.79304   97  216  876.70000  333.80913  61.9%  96.5 2317s

 255188 217061  633.62684  124  177  876.70000  333.89149  61.9%  96.5 2336s

 256843 218164  614.52038  115  143  876.70000  333.89149  61.9%  96.4 2349s

 258085 220357  399.12962   57  266  876.70000  333.89149  61.9%  96.4 2371s

 260617 222430  468.14635   99  200  876.70000  334.05309  61.9%  96.4 2388s

 262950 224004  834.25052  154  149  876.70000  334.11593  61.9%  96.3 2406s

 264774 224504 infeasible   83       876.70000  334.14861  61.9%  96.2 2418s

 265333 226198  575.39399   74  147  876.70000  334.14861  61.9%  96.3 2434s

 267279 227931  503.29590  102  194  876.70000  334.15166  61.9%  96.3 2450s

 269261 228480  734.80134  108  147  876.70000  334.19175  61.9%  96.3 2464s

 269889 229635  397.28843   62  168  876.70000  334.19175  61.9%  96.3 2478s

 271332 230586  450.50978   66  210  876.70000  334.29788  61.9%  96.4 2491s

 272521 232181  664.25083  122  119  876.70000  334.31520  61.9%  96.4 2509s

 274366 232816  469.42171   64  131  876.70000  334.41618  61.9%  96.5 2522s

 275221 234847  369.01661   73  253  876.70000  334.43011  61.9%  96.6 2539s

 277507 235822     cutoff  194       876.70000  334.43011  61.9%  96.6 2557s

 278678 239107  501.71711   92  213  876.70000  334.43011  61.9%  96.7 2585s

 282336 239251  423.46164   71  150  876.70000  334.54053  61.8%  96.5 2599s

 282493 239712  673.70085   96  145  876.70000  334.54053  61.8%  96.6 2610s

 283045 240500  356.56468   35  287  876.70000  334.54053  61.8%  96.5 2621s

 283944 241201  563.51846  109  149  876.70000  334.54053  61.8%  96.5 2633s

 284735 243071  348.94998   49  287  876.70000  334.54312  61.8%  96.5 2654s

 286986 244685  386.78066   53  255  876.70000  334.64823  61.8%  96.5 2673s

 288857 245758  384.19382   70  234  876.70000  334.71562  61.8%  96.6 2690s

 290166 247801  508.88950  126  282  876.70000  334.72141  61.8%  96.6 2710s

 292484 249427  342.69818   51  298  876.70000  334.72659  61.8%  96.6 2728s

 294448 250208  357.91544   48  162  876.70000  334.78124  61.8%  96.7 2741s

 295260 252519  415.41507   74  186  876.70000  334.78124  61.8%  96.8 2763s

 297980 254705  381.32146   54  234  876.70000  334.84014  61.8%  96.7 2788s

 300415 254721  383.54424   67  184  876.70000  334.84014  61.8%  96.6 2809s

 300431 254944  384.08997   68  175  876.70000  334.84014  61.8%  96.6 2827s

 300710 256001  447.01260   83  235  876.70000  334.84014  61.8%  96.6 2845s

 301962 258032  484.67491   46  237  876.70000  334.90032  61.8%  96.6 2867s

 304256 259792  560.02588   60  272  876.70000  334.92618  61.8%  96.5 2883s

 306242 261029  343.16008   47  326  876.70000  334.94176  61.8%  96.4 2900s

 307779 261347  753.19153  156   78  876.70000  334.94915  61.8%  96.5 2909s

 308144 262895  394.00147   74  157  876.70000  334.94915  61.8%  96.6 2925s

 309899 263681  789.17695  179  150  876.70000  334.94915  61.8%  96.6 2938s

 310774 265672  406.62156   66  152  876.70000  334.94915  61.8%  96.6 2957s

 313045 267086  647.77261  146  162  876.70000  335.11343  61.8%  96.5 2976s

 314628 268074  450.33929   78  219  876.70000  335.11343  61.8%  96.5 2993s

 315811 269941  771.46124  129  167  876.70000  335.11394  61.8%  96.4 3011s

 317914 270748  565.70953   92  153  876.70000  335.11394  61.8%  96.4 3024s

 318840 272446  337.39993   36  281  876.70000  335.11394  61.8%  96.4 3046s

 320781 274253  390.24889   66  210  876.70000  335.11394  61.8%  96.5 3064s

 322758 274768  485.02998  122  118  876.70000  335.25596  61.8%  96.5 3076s

 323402 276040 infeasible  138       876.70000  335.25596  61.8%  96.6 3096s

 324980 276840  362.73434   48  146  876.70000  335.26362  61.8%  96.7 3112s

 325901 278730  405.80936   70  151  876.70000  335.26362  61.8%  96.8 3143s

 328094 280165  402.81926   64  167  876.70000  335.33528  61.8%  96.7 3164s

 329811 280976  421.52629   64  238  876.70000  335.39410  61.7%  96.8 3179s

 330692 283054  489.45629  103  196  876.70000  335.39410  61.7%  96.8 3206s

 333076 284519  707.11225  112  114  876.70000  335.39410  61.7%  96.7 3232s

 334876 285940  375.16670   38  193  876.70000  335.47586  61.7%  96.7 3253s

 336493 286744  809.87132   70  146  876.70000  335.47586  61.7%  96.8 3275s

 337515 288321  454.53752   64  120  876.70000  335.47586  61.7%  96.8 3299s

 339310 289168  536.26055   72  169  876.70000  335.47586  61.7%  96.8 3320s

 340365 292246  351.72915   51  129  876.70000  335.47586  61.7%  96.8 3359s

 340612 292246  733.33390  101  121  876.70000  335.47586  61.7%  96.8 3360s

 343792 293880  422.61794   71  221  876.70000  335.64103  61.7%  96.7 3381s

 345680 295126  478.90752   93  257  876.70000  335.64103  61.7%  96.7 3403s

 347128 296000  359.58304   57  304  876.70000  335.64103  61.7%  96.7 3420s

 348172 297689  521.67017   97  149  876.70000  335.64103  61.7%  96.8 3444s

 349261 297689  356.26395   41  293  876.70000  335.73506  61.7%  96.8 3445s

 350143 299333  696.67220  131  196  876.70000  335.73836  61.7%  96.8 3471s

 352036 300024  377.72315   63  234  876.70000  335.75997  61.7%  96.8 3500s

 352770 300482  625.02749  120  141  876.70000  335.75997  61.7%  96.7 3522s

 353319 301172  383.66496   55  187  876.70000  335.75997  61.7%  96.8 3543s

 354081 301188  536.39851  133  200  876.70000  335.75997  61.7%  96.8 3594s

 354097 301204  551.77291  134  211  876.70000  335.75997  61.7%  96.8 3618s

 354113 301277  559.46600  135  187  876.70000  335.75997  61.7%  96.8 3638s

 354187 301360  559.47331  136  200  876.70000  335.75997  61.7%  96.8 3661s

 354293 301396  561.76636  137  201  876.70000  335.75997  61.7%  96.8 3686s

 354333 301457  583.41703  138  184  876.70000  335.75997  61.7%  96.9 3711s

 354425 301836  586.11365  139  178  876.70000  335.75997  61.7%  96.9 3733s

 354890 302455  586.38621  140  172  876.70000  335.75997  61.7%  96.9 3763s

 355666 303192  586.38621  141  173  876.70000  335.75997  61.7%  96.9 3795s

 356490 304333  587.02212  142  195  876.70000  335.75997  61.7%  97.0 3833s

 357818 305409  592.73207  143  177  876.70000  335.75997  61.7%  97.1 3869s

 359154 307288  596.18048  144  175  876.70000  335.79818  61.7%  97.2 3920s

 361486 308205  598.09146  145  195  876.70000  335.86267  61.7%  97.3 3944s

 362565 311104  391.85008   47  298  876.70000  335.87672  61.7%  97.3 3998s

 365947 312882  341.87819   40  215  876.70000  335.94863  61.7%  97.3 4027s

 367959 314373  638.15767  116   85  876.70000  335.94863  61.7%  97.3 4058s

 369711 315201  542.48638   52  152  876.70000  335.98186  61.7%  97.3 4080s

 370736 316336  730.23716  115  134  876.70000  335.99496  61.7%  97.4 4112s

 372104 317829  562.80672  107  220  876.70000  335.99496  61.7%  97.3 4144s

 373843 318492  540.58107  100  130  876.70000  336.04432  61.7%  97.3 4166s

 374532 320360  668.27249  124  148  876.70000  336.04432  61.7%  97.4 4198s

 376758 322082  564.65376  126  163  876.70000  336.07035  61.7%  97.5 4230s

 378748 323630  505.82889   80  276  876.70000  336.07035  61.7%  97.4 4260s

 380492 324697  481.02404   92  167  876.70000  336.07035  61.7%  97.4 4286s

 381745 326283  411.47995   52  214  876.70000  336.07035  61.7%  97.4 4318s

 383580 327425  600.51966  103  184  876.70000  336.16929  61.7%  97.4 4352s

 384851 328598  354.34053   47  231  876.70000  336.16929  61.7%  97.5 4380s

 386167 330860  625.83736  108  159  876.70000  336.16929  61.7%  97.5 4426s

 389010 333036  390.08953   54  268  876.70000  336.20453  61.7%  97.6 4466s

 391523 335004  424.35267   51  195  876.70000  336.25516  61.6%  97.6 4499s

 393709 336632  351.33566   57  302  876.70000  336.25516  61.6%  97.6 4533s

 395605 337471  832.26468  172  107  876.70000  336.25516  61.6%  97.6 4555s

 396530 339402  384.36762   51  215  876.70000  336.29849  61.6%  97.6 4589s

 396930 339402  369.01128   53  294  876.70000  336.29849  61.6%  97.6 4590s

 398824 340844  628.03360  159  226  876.70000  336.30263  61.6%  97.6 4621s

 400544 341552  493.46732   70  187  876.70000  336.35387  61.6%  97.6 4644s

 400961 341552  831.55682  128  129  876.70000  336.35387  61.6%  97.6 4645s

 401448 343566  358.97552   55  178  876.70000  336.35387  61.6%  97.6 4677s

 403702 344205  825.18330  177  184  876.70000  336.35664  61.6%  97.6 4701s

 404418 346009  422.24295   65  167  876.70000  336.35664  61.6%  97.6 4735s

 406475 346880  354.56771   49  267  876.70000  336.40632  61.6%  97.6 4756s

 407521 348145  438.36389   90  206  876.70000  336.41367  61.6%  97.6 4797s

 408979 348846  397.18479   49  141  876.70000  336.47946  61.6%  97.6 4817s

 409731 350765  525.39769   84  144  876.70000  336.47946  61.6%  97.7 4857s

 411958 352842  362.98318   66  192  876.70000  336.51882  61.6%  97.6 4893s

 414281 353766  399.74405   55  154  876.70000  336.51882  61.6%  97.6 4922s

 415345 355702  345.76393   50  260  876.70000  336.51882  61.6%  97.6 4954s

 416970 355702  817.01254   99  143  876.70000  336.51977  61.6%  97.6 4955s

 417514 356932  851.98971  157  152  876.70000  336.51977  61.6%  97.6 4982s

 418995 358526  521.41124   86  133  876.70000  336.54942  61.6%  97.7 5017s

 420842 359172  622.49939   93  142  876.70000  336.54942  61.6%  97.7 5043s

 421734 360673  581.31780   52  124  876.70000  336.54942  61.6%  97.7 5080s

 423631 361380  815.36818  148  104  876.70000  336.59943  61.6%  97.8 5114s

 424502 362438  489.86364   86  144  876.70000  336.68266  61.6%  97.8 5145s

 425700 364183  392.52532   42  235  876.70000  336.68970  61.6%  97.8 5185s

 427673 365341  359.57470   42  223  876.70000  336.72694  61.6%  97.7 5219s

 429053 366196  390.53146   63  196  876.70000  336.72694  61.6%  97.8 5246s

 430038 367568  587.94885  111  169  876.70000  336.72694  61.6%  97.8 5285s

 431862 368469  341.01276   39  291  876.70000  336.84081  61.6%  97.8 5316s

 432882 370009  494.67879   90  166  876.70000  336.84081  61.6%  97.9 5354s

 433476 370009  563.31590  117  138  876.70000  336.84081  61.6%  97.9 5355s

 434885 371081  349.60603   43  224  876.70000  336.86924  61.6%  97.9 5384s

 435502 371081  423.07351   61  188  876.70000  336.86924  61.6%  98.0 5385s

 436109 372874  666.50081  101  179  876.70000  336.86924  61.6%  98.0 5425s

 438433 374525  346.16218   52  304  876.70000  336.89208  61.6%  98.0 5462s

 440414 376220  695.12799  156  202  876.70000  336.89208  61.6%  98.0 5498s

 442482 376810  360.38162   45  229  876.70000  336.97342  61.6%  98.0 5525s

 443219 378166  512.88403   69  137  876.70000  336.97342  61.6%  98.1 5562s

 444865 378994  403.95183   54  207  876.70000  336.97342  61.6%  98.1 5595s

 446048 380939  337.50089   47  327  876.70000  337.05157  61.6%  98.2 5636s

 448223 382172  819.74904  176  133  876.70000  337.05157  61.6%  98.2 5676s

 449661 383116  408.93810   67  176  876.70000  337.05157  61.6%  98.1 5705s

 450720 385521  678.85181  157  161  876.70000  337.05157  61.6%  98.2 5753s

 453429 387653  506.17948  124  156  876.70000  337.14318  61.5%  98.2 5793s

 455925 388941  443.43856   78  195  876.70000  337.14406  61.5%  98.2 5827s

 457563 389838  373.12549   56  198  876.70000  337.17166  61.5%  98.3 5861s

 458730 390493  459.15022   75  183  876.70000  337.17564  61.5%  98.5 5887s

 459577 391230  559.45982   91  155  876.70000  337.20667  61.5%  98.6 5918s

 460409 392849  370.99466   44  189  876.70000  337.20667  61.5%  98.7 5956s

 462367 393909  482.43451   67  226  876.70000  337.26411  61.5%  98.8 5990s

 463734 394681  394.97661   72  184  876.70000  337.26411  61.5%  98.9 6020s

 464524 396626  475.58975  112  174  876.70000  337.26411  61.5%  98.9 6067s

 466756 398366  752.90465  212  135  876.70000  337.28354  61.5%  98.9 6114s

 467043 398366  623.92628  117  200  876.70000  337.28354  61.5%  98.9 6115s

 468771 398381  347.27443   49  181  876.70000  337.28505  61.5%  98.9 6163s

 468788 412101  348.94138   50  144  876.70000  337.28505  61.5%  98.9 6624s

 469183 412101  358.30156   45  241  876.70000  337.28505  61.5%  98.9 6625s

 475241 412101  352.44596   51  288  876.70000  337.28505  61.5%  99.1 6630s

 481788 412101  344.59223   46  216  876.70000  337.32479  61.5%  99.4 6635s

 484788 415367  724.04022  145  120  876.70000  337.48452  61.5%   100 6711s

 488134 415367     cutoff  177       876.70000  337.52152  61.5%   100 6715s

 488709 418063  339.97457   54  269  876.70000  337.55206  61.5%   100 6769s

 490828 418063  532.74491  141  180  876.70000  337.56715  61.5%   100 6771s

 491797 419463  444.60853  104  198  876.70000  337.57748  61.5%   100 6808s

 493405 420759  361.29092   45  278  876.70000  337.58023  61.5%   100 6848s

 495057 422796  416.12142   81  258  876.70000  337.60894  61.5%   100 6893s

 496652 422796  840.48655  167  102  876.70000  337.60894  61.5%   100 6895s

 497400 424063  429.58782   72  152  876.70000  337.64883  61.5%   100 6930s

 498808 425779  409.55480   60  182  876.70000  337.64883  61.5%   100 6971s

 500907 426970  710.51707   71   94  876.70000  337.67059  61.5%   100 7011s

 502368 427872  516.55793   74   93  876.70000  337.67207  61.5%   100 7042s

 503583 428812  605.86855   60  176  876.70000  337.70777  61.5%   100 7076s

 504910 429489  349.37645   47  196  876.70000  337.72285  61.5%   100 7110s

 505762 430890  406.36416   69  171  876.70000  337.75356  61.5%   100 7144s

 506921 430890  342.93465   50  285  876.70000  337.75818  61.5%   100 7145s

 507364 432637  405.34172   68  181  876.70000  337.77224  61.5%   100 7190s

 509393 433326  855.67541  183  159  876.70000  337.77631  61.5%   100 7224s

 509727 433326  706.73527  114  181  876.70000  337.77631  61.5%   100 7225s

 510249 435048  368.26850   53  221  876.70000  337.77631  61.5%   100 7262s

 512137 435508  625.41457  101  128  876.70000  337.77631  61.5%   100 7291s

 512710 436364 infeasible  107       876.70000  337.77631  61.5%   100 7325s

 513734 439226  379.22667   70  281  876.70000  337.77631  61.5%   100 7397s

 517099 440854  409.72419   81  249  876.70000  337.85299  61.5%   100 7438s

 518940 441596  367.29815   59  255  876.70000  337.85299  61.5%   100 7464s

 519760 443186  549.27445  118  174  876.70000  337.85299  61.5%   100 7504s

 520434 443186  395.80331   70  298  876.70000  337.85299  61.5%   100 7505s

 521607 444145  399.89811   52  174  876.70000  337.88470  61.5%   100 7537s

 522781 444940  389.92277   59  127  876.70000  337.89523  61.5%   100 7572s

 523919 445359  339.42144   46  225  876.70000  337.89523  61.5%   100 7601s

 524509 447499  451.53438   84  229  876.70000  337.89523  61.5%   100 7653s

 526387 447499  686.65112   71  206  876.70000  337.94602  61.5%   100 7655s

 526936 448533  406.31281   66  225  876.70000  337.95720  61.5%   100 7686s

 528149 449818  696.65729  133  165  876.70000  337.95720  61.5%   100 7726s

 529690 451285  376.20785   67  160  876.70000  337.95836  61.5%   100 7772s

 531465 452598  719.09383  124  103  876.70000  337.95836  61.5%   101 7814s

 533006 454456  608.33673  113  242  876.70000  337.98373  61.4%   101 7870s

 535182 455198  342.08747   50  281  876.70000  337.98373  61.4%   101 7903s

 536108 458270  527.04816   90  173  876.70000  337.98373  61.4%   101 7986s

 539717 459105  505.52123   94  240  876.70000  338.07414  61.4%   101 8027s

 540717 460645  409.75078   51  246  876.70000  338.07414  61.4%   101 8070s

 542445 462529  726.22315  118  127  876.70000  338.07414  61.4%   101 8119s

 543372 462529  756.13685  165  101  876.70000  338.07445  61.4%   101 8120s

 544631 463139  436.01693   76  228  876.70000  338.07445  61.4%   101 8158s

 545298 464399  619.44450  135  203  876.70000  338.11995  61.4%   101 8204s

 546834 465630  361.65273   63  229  876.70000  338.13277  61.4%   101 8245s

 548483 466451     cutoff  138       876.70000  338.15503  61.4%   101 8283s

 549548 468196  650.39739   95  111  876.70000  338.15503  61.4%   101 8334s

 550588 468196  378.91892   53  244  876.70000  338.16589  61.4%   101 8335s

 551653 469036  863.97559  118  112  876.70000  338.17929  61.4%   101 8367s

 552647 471175  568.09070  102  144  876.70000  338.17929  61.4%   101 8425s

 555022 472701  856.34024  120  163  876.70000  338.19664  61.4%   101 8475s

 556826 474254  570.79335   70  129  876.70000  338.20629  61.4%   101 8522s

 558739 474831  584.71547  112  157  876.70000  338.23878  61.4%   101 8556s

 559386 476508  359.69934   60  250  876.70000  338.23878  61.4%   101 8605s

 561323 477887  642.10104  111  121  876.70000  338.23878  61.4%   101 8652s

 563059 478467  402.54514   43  189  876.70000  338.24691  61.4%   101 8692s

 563703 479294  425.01821   51  180  876.70000  338.24691  61.4%   101 8740s

 564723 480864  473.79185   69  167  876.70000  338.26602  61.4%   101 8794s

 565574 480864  798.88766  102  122  876.70000  338.26602  61.4%   101 8795s

 566725 481675  437.94837   60  172  876.70000  338.28109  61.4%   102 8837s

 567674 483704  796.14879  104  167  876.70000  338.28109  61.4%   102 8896s

 570033 485462  410.48581   61  193  876.70000  338.31007  61.4%   102 8954s

H572073 486480                     876.5700000  338.35169  61.4%   102 8993s

 573200 487948  481.99565  102  226  876.57000  338.35169  61.4%   102 9060s

 574871 489731  368.45827   75  249  876.57000  338.35339  61.4%   102 9122s

 576830 491714  354.54742   48  174  876.57000  338.37482  61.4%   102 9179s

 576958 491714  347.49245   50  242  876.57000  338.37739  61.4%   102 9180s

 579003 492732  448.74654   62  114  876.57000  338.38527  61.4%   102 9236s

 580290 494974  355.92485   42  205  876.57000  338.38527  61.4%   102 9310s

 582924 496757  373.65670   69  232  876.57000  338.41929  61.4%   102 9366s

 585060 497534  396.61813   34  190  876.57000  338.43885  61.4%   102 9398s

 585924 499550  340.78547   50  264  876.57000  338.43885  61.4%   102 9447s

 588246 501290  875.06355  175  166  876.57000  338.45814  61.4%   102 9499s

 588889 501290  463.77919   84  211  876.57000  338.47142  61.4%   102 9500s

 590237 502215  549.66131   55  279  876.57000  338.47409  61.4%   102 9538s

 591253 502928  376.52364   44  226  876.57000  338.49038  61.4%   102 9572s

 592048 504493  447.69448   51  188  876.57000  338.49038  61.4%   102 9623s

 593990 506067  539.54544   86  174  876.57000  338.49038  61.4%   102 9667s

 595875 507121  395.46006   50  216  876.57000  338.52712  61.4%   102 9708s

 597138 508515  346.51538   39  274  876.57000  338.52712  61.4%   102 9756s

 598782 509252  387.33031   43  382  876.57000  338.55117  61.4%   102 9795s

 599636 510340  526.63454   85  194  876.57000  338.55117  61.4%   102 9854s

 600939 512766  342.03039   52  381  876.57000  338.59194  61.4%   102 9916s

 603584 513853  848.02322  239  179  876.57000  338.59194  61.4%   102 9956s

 604814 515327  549.42610   80  226  876.57000  338.61890  61.4%   102 10002s

 606704 515952  545.46091   54  173  876.57000  338.63379  61.4%   102 10044s

 606872 515952  355.01823   39  248  876.57000  338.63379  61.4%   102 10045s

 607532 516647  354.16926   38  271  876.57000  338.63379  61.4%   102 10077s

 608382 518401  449.60309   96  170  876.57000  338.63379  61.4%   102 10126s

 610507 520142  379.63542   51  213  876.57000  338.64953  61.4%   102 10181s

 612613 521249  417.88575   75  244  876.57000  338.67576  61.4%   102 10233s

 613867 523036  426.07327   79  272  876.57000  338.67576  61.4%   102 10292s

 615985 524487  378.22093   57  251  876.57000  338.67659  61.4%   102 10344s

 616488 524487  694.91110  155  167  876.57000  338.67659  61.4%   102 10345s

 617771 525167  381.60232   52  199  876.57000  338.72727  61.4%   102 10391s

 618541 527272  550.63100  109  167  876.57000  338.72727  61.4%   102 10451s

 620876 528903 infeasible  134       876.57000  338.72727  61.4%   102 10497s

 622788 529664  767.04951  161  127  876.57000  338.77815  61.4%   102 10527s

 623623 530693  572.81158   73  169  876.57000  338.77815  61.4%   102 10578s

 624832 532696  376.51682   52  253  876.57000  338.79543  61.3%   102 10635s

 627075 533310  434.94329   61  246  876.57000  338.80893  61.3%   102 10668s

 627758 534478  595.31387   92  190  876.57000  338.80893  61.3%   102 10720s

 629073 536321  370.06745   41  231  876.57000  338.80893  61.3%   102 10781s

 631310 537305  477.93323   84  148  876.57000  338.81094  61.3%   102 10830s

 632559 539679  349.63733   49  227  876.57000  338.82808  61.3%   102 10897s

 635228 541005  779.15121  231  119  876.57000  338.82932  61.3%   102 10949s

 635659 541005  413.88309   44  172  876.57000  338.82932  61.3%   102 10950s

 636824 542526  418.66665   70  213  876.57000  338.82932  61.3%   102 11008s

 638658 543478  443.95019   73  135  876.57000  338.88492  61.3%   102 11052s

 639766 545308  466.56258   65  191  876.57000  338.88492  61.3%   102 11117s

 641887 547106  402.81135   79  189  876.57000  338.90595  61.3%   102 11182s

 643883 547613  411.26807   82  195  876.57000  338.94458  61.3%   102 11210s

 644461 549799  579.09709  124  134  876.57000  338.94458  61.3%   102 11275s

 646888 550754  362.43436   37  248  876.57000  338.97796  61.3%   102 11320s

 647981 551728  389.02310   42  239  876.57000  338.97796  61.3%   102 11363s

 649185 552830  547.66584   85  197  876.57000  338.97960  61.3%   102 11413s

 650552 553448  438.59625   47  182  876.57000  339.00262  61.3%   102 11452s

 651398 554431  559.01541   58  134  876.57000  339.00477  61.3%   102 11498s

 652630 556198  447.76571   56  198  876.57000  339.00779  61.3%   102 11565s

 654609 556927  646.65304   80  190  876.57000  339.00836  61.3%   102 11611s

 655463 558575  538.99219   73  123  876.57000  339.04290  61.3%   103 11681s

 657389 560218 infeasible   86       876.57000  339.07095  61.3%   103 11748s

 659406 560987 infeasible   91       876.57000  339.07360  61.3%   103 11806s

 660299 562654  753.61660   90  177  876.57000  339.07360  61.3%   103 11874s

 660900 562654  341.94455   45  274  876.57000  339.07360  61.3%   103 11875s

 662222 564382 infeasible   91       876.57000  339.07360  61.3%   103 11944s

 663166 564382  703.76575  183  158  876.57000  339.12092  61.3%   103 11945s

 664255 565462  363.97602   43  248  876.57000  339.12092  61.3%   103 11988s

 665454 567333  574.24070  121  164  876.57000  339.12711  61.3%   103 12078s

 667781 567333  362.61652   45  163  876.57000  339.14733  61.3%   103 12081s

 667914 568105  813.12466   97  102  876.57000  339.14733  61.3%   103 12140s

 668807 570341  410.74938   58  199  876.57000  339.14884  61.3%   103 12221s

 671387 571144  477.47677   79  232  876.57000  339.18334  61.3%   103 12271s

 672369 572905  387.42355   45  232  876.57000  339.18983  61.3%   103 12337s

 674475 574582  462.07825   74  198  876.57000  339.22013  61.3%   103 12408s

 676438 575656  472.53480  114  245  876.57000  339.23496  61.3%   103 12461s

 677678 577014  358.15653   42  301  876.57000  339.23921  61.3%   103 12530s

 679327 578533  386.58944   53  136  876.57000  339.25651  61.3%   103 12602s

 681048 579431     cutoff  197       876.57000  339.26336  61.3%   103 12644s

 682008 580886  364.31692   51  265  876.57000  339.26336  61.3%   103 12710s

 683795 582467  424.51120   67  200  876.57000  339.27906  61.3%   103 12781s

 685641 584217  500.29840   85  213  876.57000  339.28169  61.3%   103 12844s

 687726 584842  366.17136   47  255  876.57000  339.28169  61.3%   103 12893s

 688445 586702  412.28139   71  168  876.57000  339.28169  61.3%   103 12965s

 690533 588014  553.91007   84  140  876.57000  339.32120  61.3%   103 13024s

 691005 588014  787.75561  214  164  876.57000  339.32120  61.3%   103 13025s

 692121 588691  356.13316   47  210  876.57000  339.34548  61.3%   103 13088s

 693006 589228 infeasible   48       876.57000  339.34548  61.3%   103 13131s

 693712 590596  379.45301   60  153  876.57000  339.34548  61.3%   103 13194s

 693938 590596  375.33301   38  248  876.57000  339.35909  61.3%   103 13195s

 695353 591656  407.12710   72  161  876.57000  339.37878  61.3%   103 13246s

 696524 593617  534.31704  120  184  876.57000  339.37878  61.3%   103 13322s

 698823 593643  359.89355   59  168  876.57000  339.39374  61.3%   103 13456s

 698849 594192  363.36532   60  162  876.57000  339.39374  61.3%   103 13556s

 699495 596144  438.13819   82  129  876.57000  339.39374  61.3%   103 13643s

 700839 596144  385.23855   51  193  876.57000  339.39374  61.3%   103 13645s

 701739 597082  422.89698   58  180  876.57000  339.39936  61.3%   103 13700s

 702926 598506  631.04488  122  121  876.57000  339.41827  61.3%   103 13770s

 704765 598999  546.93072   60  206  876.57000  339.41827  61.3%   103 13837s

 705396 600825  360.14117   56  243  876.57000  339.41827  61.3%   103 13912s

 707456 601951  347.72138   61  200  876.57000  339.41827  61.3%   103 13967s

 708685 604161  439.12841   92  159  876.57000  339.41827  61.3%   103 14061s

 711245 605888  574.48521   80  218  876.57000  339.48655  61.3%   103 14130s

 713232 607217  461.76918  100  222  876.57000  339.48674  61.3%   103 14186s

 714749 608111  366.14597   51  278  876.57000  339.50753  61.3%   103 14237s

 715716 609804  482.97291   87  247  876.57000  339.50753  61.3%   103 14307s

 717776 610232  494.09097   70  140  876.57000  339.50998  61.3%   103 14375s

 718297 610694  402.72685   68  182  876.57000  339.50998  61.3%   103 14400s



Cutting planes:

  Learned: 19

  Gomory: 42

  Lift-and-project: 107

  Cover: 479

  Implied bound: 936

  Projected implied bound: 174

  Clique: 691

  MIR: 715

  Mixing: 44

  StrongCG: 619

  Flow cover: 1565

  GUB cover: 28

  Inf proof: 5

  Zero half: 2307

  RLT: 302

  Relax-and-lift: 1327



Explored 718835 nodes (74270762 simplex iterations) in 14402.58 seconds (5563.56 work units)

Thread count was 24 (of 24 available processors)



Solution count 10: 876.57 876.7 876.89 ... 887.3



Time limit reached

Best objective 8.765700000000e+02, best bound 3.395100000000e+02, gap 61.2684%



AMPL MP initial flat model has 10045 variables (0 integer, 9966 binary);

Objectives: 1 linear; 

Constraints:  2456 linear; 7 quadratic;



AMPL MP final model has 10045 variables (0 integer, 9966 binary);

Objectives: 1 linear; 

Constraints:  2456 linear; 7 quadratic;





-----RESULTS INFO-----
running_time:  14424.25
TC.best_bound:  339.51
TC:  876.5699999999998
MIP Gap (%):  61.2683527841473
=== Vehicle Routes ===
Vehicle 1: 0  3
Vehicle 1: 1  5
Vehicle 1: 2  1
Vehicle 1: 3  2
Vehicle 1: 5  6
Vehicle 1: 6  56
Vehicle 2: 0  4
Vehicle 2: 4  9
Vehicle 2: 9  51
Vehicle 2: 10  56
Vehicle 2: 51  10
Vehicle 3: 0  7
Vehicle 3: 7  12
Vehicle 3: 8  49
Vehicle 3: 12  8
Vehicle 3: 49  56
Vehicle 4: 0  15
Vehicle 4: 11  54
Vehicle 4: 15  11
Vehicle 4: 54  56
Vehicle 5: 0  55
Vehicle 5: 13  56
Vehicle 5: 14  13
Vehicle 5: 55  14
Vehicle 6: 0  41
Vehicle 6: 41  52
Vehicle 6: 52  56
Vehicle 7: 0  48
Vehicle 7: 48  56

=== Full Vehicle Routes ===
Vehicle 1: 0  3  2  1  5  6  0 (70<100)
Vehicle 2: 0  4  9  51  10  0 (100<100)
Vehicle 3: 0  7  12  8  49  0 (90<100)
Vehicle 4: 0  15  11  54  0 (89<100)
Vehicle 5: 0  55  14  13  0 (97<100)
Vehicle 6: 0  41  52  0 (99<100)
Vehicle 7: 0  48  0 (81<100)
Arc used by MRT line: y variables:
Customer assigment to PL: u variables:
16 48
17 52
18 48
19 51
20 51
21 52
22 48
23 54
24 51
25 55
26 52
27 54
28 52
29 52
30 51
31 48
32 55
33 51
34 49
35 49
36 52
37 48
38 54
39 51
40 52
42 48
43 51
44 49
45 52
46 49
47 55
Node is served by regular vehicle: g variables:
1
2
3
4
5
6
7
8
9
10
11
12
13
14
15
41
54
55
48
49
51
52
Customer assigment to Home delivery: gm variables:
1
2
3
4
5
6
7
8
9
10
11
12
13
14
15
41
Node total demands: ntd variables:
1 11 1
2 23 1
3 7 1
4 13 1
5 15 1
6 14 1
7 12 1
8 13 1
9 3 1
10 9 1
11 16 1
12 2 1
13 22 1
14 22 1
15 24 1
32 0 0
33 0 0
34 0 0
35 0 0
36 0 0
37 0 0
38 0 0
39 0 0
40 0 0
41 10 1
42 0 0
43 0 0
44 0 0
45 0 0
46 0 0
47 0 0
54 49 1
55 53 1
48 81 1
49 63 1
50 0 0
51 75 1
52 89 1
53 0 0
Customer's demand delivered to PL: l variables:
16
17
18
19
20
21
22
23
24
25
26
27
28
29
30
31
32
33
34
35
36
37
38
39
40
42
43
44
45
46
47
Lockers load <= capacity:
49 <= 92
53 <= 93
81 <= 83
63 <= 92
0 <= 75
75 <= 95
89 <= 90
0 <= 84
