Gurobi 12.0.3:   lim:time = 14400

  mip:bestbound = 1

Set parameter LogToConsole to value 1

  tech:outlev = 1

Set parameter Cuts to value 3

  cut:cuts = 3

Set parameter Presolve to value 2

  pre:solve = 2

Set parameter MIPFocus to value 2

  mip:focus = 2

Set parameter Symmetry to value 2

  mip:symmetry = 2

Set parameter InfUnbdInfo to value 1

Gurobi Optimizer version 12.0.3 build v12.0.3rc0 (win64 - Windows 10.0 (19045.2))



CPU model: Intel(R) Core(TM) i7-10700 CPU @ 2.90GHz, instruction set [SSE2|AVX|AVX2]

Thread count: 8 physical cores, 16 logical processors, using up to 16 threads



Non-default parameters:

TimeLimit  14400

MIPFocus  2

Symmetry  2

Cuts  3

InfUnbdInfo  1

Presolve  2



Optimize a model with 1977 rows, 7124 columns and 44710 nonzeros

Model fingerprint: 0x197754b2

Model has 4 quadratic objective terms

Model has 10 quadratic constraints

Variable types: 71 continuous, 7053 integer (0 binary)

Coefficient statistics:

  Matrix range     [1e+00, 1e+05]

  QMatrix range    [1e+00, 1e+00]

  QLMatrix range   [1e+00, 2e+01]

  Objective range  [1e+00, 1e+02]

  QObjective range [2e+00, 2e+00]

  Bounds range     [1e+00, 1e+02]

  RHS range        [1e+00, 1e+05]

  QRHS range       [1e+02, 1e+02]

Presolve removed 112 rows and 260 columns

Presolve time: 1.37s

Presolved: 6175 rows, 11158 columns, 54137 nonzeros

Variable types: 823 continuous, 10335 integer (9739 binary)

Root relaxation presolve removed 5 rows and 2 columns

Root relaxation presolved: 6161 rows, 11147 columns, 97142 nonzeros





Root relaxation: objective 1.934221e+02, 705 iterations, 0.11 seconds (0.11 work units)



    Nodes    |    Current Node    |     Objective Bounds      |     Work

 Expl Unexpl |  Obj  Depth IntInf | Incumbent    BestBd   Gap | It/Node Time



     0     0  193.42207    0  131          -  193.42207      -     -    4s

     0     0  250.73537    0  122          -  250.73537      -     -    5s

     0     0  250.73537    0  137          -  250.73537      -     -    5s

     0     0  250.73537    0  139          -  250.73537      -     -    5s

     0     0  252.19052    0  135          -  252.19052      -     -    7s

     0     0  255.64411    0  133          -  255.64411      -     -    7s

     0     0  256.02084    0  167          -  256.02084      -     -    7s

     0     0  265.15974    0  141          -  265.15974      -     -    8s

     0     0  274.46829    0  133          -  274.46829      -     -    8s

     0     0  274.84471    0  124          -  274.84471      -     -    8s

H    0     0                    1228.0400000  274.84471  77.6%     -    9s

H    0     0                    1227.8600000  274.84471  77.6%     -    9s

     0     0  275.20485    0  169 1227.86000  275.20485  77.6%     -   10s

     0     0  275.25547    0  179 1227.86000  275.25547  77.6%     -   10s

     0     0  275.56659    0  163 1227.86000  275.56659  77.6%     -   11s

H    0     0                    1208.8600000  275.56659  77.2%     -   11s

     0     0  275.57487    0  209 1208.86000  275.57487  77.2%     -   11s

     0     0  275.88181    0  234 1208.86000  275.88181  77.2%     -   12s

     0     0  276.54512    0  254 1208.86000  276.54512  77.1%     -   12s

     0     0  277.11280    0  283 1208.86000  277.11280  77.1%     -   13s

H    0     0                    1184.5600000  277.11280  76.6%     -   13s

     0     0  277.21614    0  279 1184.56000  277.21614  76.6%     -   13s

     0     0  277.54215    0  272 1184.56000  277.54215  76.6%     -   14s

     0     0  277.54215    0  272 1184.56000  277.54215  76.6%     -   14s

     0     2  277.54425    0  272 1184.56000  277.54425  76.6%     -   15s

H   51    57                    1167.7300000  277.75122  76.2%   296   16s

H   82    92                    1154.3100000  277.75122  75.9%   272   16s

H  131   137                    1108.3100000  277.75122  74.9%   247   17s

H  175   178                    1107.9800000  277.75122  74.9%   233   17s

H  234   239                    1101.6400000  277.75122  74.8%   223   18s

H  261   271                    1098.6000000  277.75122  74.7%   215   18s

   348   357  292.68127   32  129 1098.60000  277.75122  74.7%   193   20s

H  465   477                    1078.9300000  277.75122  74.3%   166   22s

H  476   485                    1054.8200000  277.75122  73.7%   164   22s

H  482   485                    1041.0600000  277.75122  73.3%   163   22s

H  545   550                    1021.4800000  277.75122  72.8%   157   23s

H  609   614                     973.7500000  277.75122  71.5%   149   23s

H  611   614                     971.2800000  277.75122  71.4%   148   23s

H  693   694                     941.7400000  277.75122  70.5%   141   24s

H  701   702                     928.7400000  277.75122  70.1%   141   24s

H  706   702                     927.2300000  277.75122  70.0%   141   24s

   707   803  337.48804   70  135  927.23000  277.75122  70.0%   140   25s

H 1221  1206                     906.7400000  277.75122  69.4%   106   26s

H 1758  1673                     905.0800000  277.75122  69.3%  91.9   28s

  2234  2140  285.67692   10  186  905.08000  277.95118  69.3%  84.6   30s

H 2317  2155                     904.2100000  277.95118  69.3%  85.8   30s

  2338  2158  289.83261   27  146  904.21000  277.95118  69.3%  86.8   35s

  2341  2160  375.50352   98  227  904.21000  281.05330  68.9%  86.7   40s

H 2342  2052                     894.5200000  282.38037  68.4%  86.7   42s

H 2342  1950                     891.9600000  282.38037  68.3%  86.7   42s

  2344  1951  437.54500  105  262  891.96000  282.60157  68.3%  86.6   46s

  2346  1952  325.31649   60  276  891.96000  283.26370  68.2%  86.5   51s

H 2346  1854                     890.4300000  283.26370  68.2%  86.5   53s

  2348  1856  367.55612   82  331  890.43000  283.40147  68.2%  86.5   55s

  2351  1858  374.35743   93  270  890.43000  283.86580  68.1%  86.4   60s

  2355  1860  415.95319   53  289  890.43000  284.18218  68.1%  86.2   66s

  2358  1862  605.70417  142  292  890.43000  285.29170  68.0%  86.1   71s

  2360  1864  639.29770  131  302  890.43000  285.41423  67.9%  86.0   75s

  2363  1866  806.04653  191  336  890.43000  286.02706  67.9%  85.9   80s

  2369  1870  639.01901  264  300  890.43000  287.63642  67.7%  85.7   85s

  2374  1873  537.89016   61  278  890.43000  288.58683  67.6%  85.5   90s

  2380  1877  605.45224  132  311  890.43000  288.79648  67.6%  85.3   95s

  2386  1881  696.48587  178  323  890.43000  288.96638  67.5%  85.1  100s

  2392  1885  322.21044   52  355  890.43000  289.60536  67.5%  84.9  105s

  2398  1889  357.30626   65  325  890.43000  289.97803  67.4%  84.7  110s

  2404  1893  414.88968  136  346  890.43000  290.03629  67.4%  84.5  115s

  2411  1898  669.07199   74  362  890.43000  291.51598  67.3%  84.2  120s

  2421  1906  300.11937   47 3083  890.43000  292.25653  67.2%   101  125s

  2426  1909  313.36640   48  185  890.43000  292.25653  67.2%   100  130s

  2428  1911  300.62335   48  276  890.43000  292.25653  67.2%   100  135s

  2430  1912  303.80170   40  322  890.43000  292.25653  67.2%   100  140s

  2432  1913  377.79746   61  350  890.43000  292.25653  67.2%   100  145s

  2435  1915  375.96674  103  349  890.43000  292.25653  67.2%   100  151s

  2437  1917  299.94336   46  372  890.43000  292.25653  67.2%   100  155s

  2440  1919  586.53357  162  400  890.43000  292.25653  67.2%   100  161s

  2444  1921  437.54500  105  394  890.43000  292.25653  67.2%   100  165s

  2452  1927  527.67298   62  402  890.43000  292.25653  67.2%  99.3  170s

  2458  1931  605.70417  142  383  890.43000  292.25653  67.2%  99.1  175s

H 2464  1837                     876.8400000  292.25653  66.7%  98.9  178s

  2468  1839  643.10743  165  467  876.84000  292.25653  66.7%  98.7  180s

  2477  1845  294.15713    6  476  876.84000  292.25653  66.7%  98.3  186s

  2484  1850  716.41402  184  454  876.84000  292.25653  66.7%  98.1  190s

  2495  1857  452.09031   68  462  876.84000  292.25653  66.7%  97.6  196s

  2509  1867  355.59119  105  439  876.84000  292.25653  66.7%  97.1  200s

H 2517  1777                     860.4500000  292.25653  66.0%  96.8  203s

H 2520  1688                     847.1200000  292.25653  65.5%  96.7  204s

H 2526  1606                     838.0400000  292.25653  65.1%  96.4  205s

  2542  1617  434.86128  155  470  838.04000  292.25653  65.1%  95.8  212s

  2545  1624  292.25653   22  466  838.04000  292.25653  65.1%   109  215s

H 2634  1598                     836.6300000  292.25653  65.1%   117  218s

H 2638  1530                     830.1800000  292.25653  64.8%   117  218s

  2696  1564  296.33676   34  281  830.18000  292.25653  64.8%   121  220s

H 2720  1499                     827.0600000  292.25653  64.7%   123  220s

  2861  1613  297.68282   41  249  827.06000  292.25653  64.7%   135  225s

  3071  1733  301.07355   50  209  827.06000  292.25653  64.7%   147  230s

  3225  1809  305.20253   55  210  827.06000  292.25653  64.7%   154  235s

  3263  1811  310.87878   57  200  827.06000  292.25653  64.7%   155  240s

H 3273  1745                     824.4800000  292.25653  64.6%   155  241s

  3455  1875  311.19531   67  165  824.48000  292.25653  64.6%   161  245s

  3637  2065  312.14137   70  176  824.48000  292.25653  64.6%   162  250s

  4288  2437  451.44985   96  127  824.48000  292.26764  64.6%   163  256s

H 4378  2340                     812.3100000  292.26764  64.0%   162  256s

H 4498  2317                     809.2400000  292.26764  63.9%   164  259s

  4517  2388 infeasible  107       809.24000  292.26764  63.9%   165  260s

  5102  2734  485.15819  143  113  809.24000  292.26764  63.9%   166  266s

  5808  3288  569.50610  144  105  809.24000  292.26764  63.9%   160  270s

  6595  3615  599.47520  167  107  809.24000  292.26764  63.9%   154  276s

H 6599  3615                     808.1300000  292.30627  63.8%   154  276s

  6823  3991  297.43313   34  302  808.13000  292.30627  63.8%   154  280s

  8025  5089  386.91019   83  104  808.13000  292.50081  63.8%   148  286s

  8522  5421  293.30873   35  316  808.13000  292.50081  63.8%   146  291s

  9180  5810  456.38702  102  140  808.13000  292.50081  63.8%   142  296s

  9678  6503  536.26573   78  125  808.13000  292.50081  63.8%   141  301s

 10340  7005  483.02779  107  137  808.13000  292.50081  63.8%   139  306s

 11023  7768  427.02229   54  162  808.13000  292.50081  63.8%   138  312s

 11632  7796  323.96141   43  165  808.13000  293.76843  63.6%   137  315s

H11643  7796                     807.2300000  293.76843  63.6%   137  315s

 12284  9043  296.64913   36  172  807.23000  293.76843  63.6%   135  321s

 13047  9265  644.93424  165  101  807.23000  293.76843  63.6%   134  325s

 13627  9899  295.52272   38  251  807.23000  293.76843  63.6%   133  331s

 14006 10541  651.66320  162   77  807.23000  293.76843  63.6%   133  335s

 14796 11223  403.62429  105   87  807.23000  294.44894  63.5%   132  341s

 16359 12347  456.74618   75  154  807.23000  294.56028  63.5%   130  347s

 16972 12397  660.44125   85  139  807.23000  294.74106  63.5%   130  351s

 17454 13041  359.20062   88  138  807.23000  294.74106  63.5%   130  357s

 17750 14038  681.28492  176  150  807.23000  294.74106  63.5%   129  360s

 19881 15084  365.15125   40  136  807.23000  295.08227  63.4%   124  368s

 20011 15196  409.43382   41  180  807.23000  295.08227  63.4%   124  371s

 20145 15708  369.51554   39  107  807.23000  295.08227  63.4%   125  375s

 21341 17483  492.50553   68  168  807.23000  295.08362  63.4%   125  382s

 22785 18573  697.95887  173   75  807.23000  295.08362  63.4%   122  386s

 24011 18851  665.55735  163  161  807.23000  295.08362  63.4%   120  390s

 24363 19223  357.17701   49  166  807.23000  295.57343  63.4%   120  398s

 24765 19231  417.81733   53  134  807.23000  295.57343  63.4%   119  402s

 24773 19509  429.64886   54  157  807.23000  295.57343  63.4%   119  406s

 25059 19881  649.04184  118  102  807.23000  295.57343  63.4%   119  410s

 25531 20136  342.70996   66  156  807.23000  295.57343  63.4%   119  415s

 25930 20304  507.16942  102   94  807.23000  295.76832  63.4%   119  424s

 26019 20380  507.84329  103  102  807.23000  295.76832  63.4%   119  428s

 26102 20456  508.04624  104   66  807.23000  295.76832  63.4%   119  433s

 26192 20497  663.43905  105   60  807.23000  295.76832  63.4%   119  437s

 26258 20742  329.18929   52  145  807.23000  295.76832  63.4%   119  442s

 26545 21371  432.39890   98  135  807.23000  296.03191  63.3%   119  447s

 27308 21921  332.60514   48  122  807.23000  296.05069  63.3%   120  452s

 27927 22254  592.66648  127   82  807.23000  296.07189  63.3%   120  457s

 28363 22648  318.57202   51  172  807.23000  296.07189  63.3%   121  461s

 28806 23340  510.96561   96  135  807.23000  296.07189  63.3%   121  467s

 29662 24252  303.40320   43  177  807.23000  296.37769  63.3%   121  475s

 30823 25330  373.45705   51  198  807.23000  296.66864  63.2%   123  480s

 32545 26907  337.74734   67  198  807.23000  296.82869  63.2%   122  489s

 33877 27670  376.19251   62  144  807.23000  296.88133  63.2%   121  493s

 34787 27678  434.45576   70  144  807.23000  296.88133  63.2%   120  497s

 34795 27776 infeasible   71       807.23000  296.88133  63.2%   121  501s

 34932 28087  435.59755   72  126  807.23000  296.88133  63.2%   121  505s

 35644 29334  505.18939   89  144  807.23000  297.05132  63.2%   122  514s

 36780 30460  606.71403  118  119  807.23000  297.40085  63.2%   122  518s

 38063 31411  523.26170  117  152  807.23000  297.45579  63.2%   121  522s

 39178 32096  317.72240   44  208  807.23000  297.54123  63.1%   121  526s

 39970 32610  728.17628  167   69  807.23000  297.54123  63.1%   121  530s

 41319 34445  306.83192   37  236  807.23000  297.70748  63.1%   120  539s

 42632 35275  620.46205  168  153  807.23000  297.70748  63.1%   119  543s

 43611 36284  754.90310  138  116  807.23000  297.97154  63.1%   119  547s

 44744 37118  345.73259   44  165  807.23000  297.97154  63.1%   118  555s

 45761 38457  364.50488   57  210  807.23000  298.20420  63.1%   118  560s

 47953 39838  382.91187   49  193  807.23000  298.32563  63.0%   118  567s

 48830 40357  326.43501   56  201  807.23000  298.43780  63.0%   118  571s

 49390 41085  495.68152  120  168  807.23000  298.43780  63.0%   118  575s

 51104 42611  378.51422   37  154  807.23000  298.68314  63.0%   118  583s

 52097 43466  404.38566   78  165  807.23000  298.69952  63.0%   118  586s

 53112 44157  328.68178   65  216  807.23000  298.79500  63.0%   118  590s

 54633 45180  326.85724   42  206  807.23000  298.83931  63.0%   118  598s

 55083 45881  597.22941   83  143  807.23000  298.83931  63.0%   118  601s

 55851 46909  383.39330   76  138  807.23000  298.92270  63.0%   119  605s

 57044 47743  372.59571   76  115  807.23000  298.92270  63.0%   118  610s

 58758 49213  387.52146   74  174  807.23000  299.07107  63.0%   118  617s

 59653 50360  703.26066  242  132  807.23000  299.08385  62.9%   118  625s

 61539 51394  308.89084   48  259  807.23000  299.18066  62.9%   117  632s

 62199 52274  468.32223  122  179  807.23000  299.18066  62.9%   118  636s

 63226 53097 infeasible  182       807.23000  299.44282  62.9%   118  640s

 64651 54284     cutoff  142       807.23000  299.52888  62.9%   117  649s

 65582 55063  315.33937   52  237  807.23000  299.53339  62.9%   118  653s

 66494 56097  339.17028   40  162  807.23000  299.61108  62.9%   118  657s

 67639 56756  335.57760   55  134  807.23000  299.67021  62.9%   117  660s

 69273 57833  625.31019  122   98  807.23000  299.70278  62.9%   118  668s

 69702 58663  336.47009   49  197  807.23000  299.70278  62.9%   118  672s

 70690 59176  302.61637   47  287  807.23000  299.75998  62.9%   118  676s

 71888 60051  415.26036   69  111  807.23000  299.78505  62.9%   118  680s

 72941 61095  376.15478   55  204  807.23000  299.93133  62.8%   118  687s

 73437 61456  717.89518  108  121  807.23000  299.93133  62.8%   119  691s

 73882 62273  380.27490   67  130  807.23000  299.93133  62.8%   119  695s

 74844 63064  320.84844   49  223  807.23000  300.04047  62.8%   119  702s

 75757 63932  310.85647   51  210  807.23000  300.05239  62.8%   119  707s

 76752 64674  301.65166   41  281  807.23000  300.09513  62.8%   120  711s

 77630 65293  484.14809  167  146  807.23000  300.09513  62.8%   120  715s

 78352 66097  356.39131   41  241  807.23000  300.09513  62.8%   120  720s

 79756 66965  505.78516  100   96  807.23000  300.09513  62.8%   120  725s

 81245 68049  372.73150   84  249  807.23000  300.32231  62.8%   121  733s

 81754 68748  468.55284  143  132  807.23000  300.32231  62.8%   121  737s

 82565 69171  491.43318   56  234  807.23000  300.32231  62.8%   121  742s

 83096 69717  709.94247   94  131  807.23000  300.33298  62.8%   121  746s

 83770 70689  394.62137   77  269  807.23000  300.38514  62.8%   121  751s

 84880 71494  578.85171  196  215  807.23000  300.38514  62.8%   121  755s

 85756 71968  359.26041   67  221  807.23000  300.42689  62.8%   121  760s

 87267 73485  353.98869   50  233  807.23000  300.50359  62.8%   121  769s

 88052 74119  411.63369   86  168  807.23000  300.50359  62.8%   121  773s

 88844 74906  350.69347   47  235  807.23000  300.50359  62.8%   122  778s

 89776 75380  511.37794   72  187  807.23000  300.50359  62.8%   122  785s

 90359 76584  527.01580   99  206  807.23000  300.50359  62.8%   122  793s

 91813 77450  728.38793  158  111  807.23000  300.67780  62.8%   122  798s

 92859 78223  302.23833   30  252  807.23000  300.75235  62.7%   122  803s

 93767 78983  448.51837   96  166  807.23000  300.75235  62.7%   123  808s

 94600 79920  608.06204  168  114  807.23000  300.75235  62.7%   123  813s

 95660 80671     cutoff   91       807.23000  300.85581  62.7%   122  818s

 96623 81403  306.96597   47  198  807.23000  300.85594  62.7%   122  823s

 97550 82384  457.73506  128  190  807.23000  300.85607  62.7%   122  827s

 98678 82827  334.40862   55  174  807.23000  300.97685  62.7%   122  832s

 99247 83953  324.12607   44  233  807.23000  301.05332  62.7%   122  836s

 100546 84863  311.10675   50  194  807.23000  301.08235  62.7%   122  841s

 101564 85155  771.87550  182  120  807.23000  301.08235  62.7%   122  845s

 102631 86027  400.16469   50  245  807.23000  301.12045  62.7%   122  853s

 103084 86534  436.72376   74  255  807.23000  301.12045  62.7%   122  858s

 103715 87223  459.61212   93  189  807.23000  301.12045  62.7%   122  862s

 104508 87824  346.26197   65  173  807.23000  301.12045  62.7%   122  869s

 105158 89148  462.70138  137  162  807.23000  301.12045  62.7%   122  875s

 106666 89840  436.26094   82  192  807.23000  301.41125  62.7%   122  880s

 108024 90853  451.46783   67  148  807.23000  301.47727  62.7%   122  889s

 108757 91197  635.24923   92  132  807.23000  301.47727  62.7%   122  893s

 109159 92011  338.92332   56  201  807.23000  301.47727  62.7%   123  898s

 110104 92398  325.54420   40  190  807.23000  301.52450  62.6%   123  903s

 110553 92883  608.07122  102  146  807.23000  301.52450  62.6%   123  909s

 111148 93542  355.29285   62  169  807.23000  301.52450  62.6%   123  914s

 112028 94194  532.00796  120  126  807.23000  301.63504  62.6%   124  919s

 112776 94794  309.31425   37  206  807.23000  301.63504  62.6%   124  925s

 113498 95314  473.44507   83  140  807.23000  301.70675  62.6%   124  930s

 114172 96019  356.62727   50  199  807.23000  301.74031  62.6%   124  935s

 115096 96520  349.17337   70  203  807.23000  301.78645  62.6%   124  941s

 115637 97092  384.99234   80  188  807.23000  301.78645  62.6%   124  947s

 116331 97744  650.40602  186  162  807.23000  301.78645  62.6%   124  952s

 117090 97754 infeasible   53       807.23000  301.80347  62.6%   124  959s

 117110 98151  440.15129   53  156  807.23000  301.81909  62.6%   124  966s

 117546 99127  566.65372  104  205  807.23000  301.81909  62.6%   124  971s

 118649 99975  328.75737   66  197  807.23000  301.88355  62.6%   124  977s

 119674 100662  311.13461   38  207  807.23000  301.90722  62.6%   125  984s

 120502 101255  501.10091   83  204  807.23000  301.95493  62.6%   125  989s

 121242 102261  334.41218   70  192  807.23000  301.98492  62.6%   125  996s

 122405 102986  525.69835  134  152  807.23000  301.98582  62.6%   125 1000s

 123235 103410  306.42501   58  202  807.23000  302.00283  62.6%   125 1005s

 123742 104220  522.11124   99  124  807.23000  302.00283  62.6%   126 1010s

 124705 104980  618.16667   92  154  807.23000  302.07683  62.6%   126 1015s

 125577 105676  555.02471  134  162  807.23000  302.10337  62.6%   126 1020s

 126407 106357  307.50145   43  263  807.23000  302.10337  62.6%   126 1025s

 127675 107532  313.26587   56  175  807.23000  302.11095  62.6%   126 1034s

 128690 107752  328.24177   48  271  807.23000  302.17030  62.6%   126 1039s

 128976 108295  625.13747   98  174  807.23000  302.17133  62.6%   127 1044s

 129607 108740  370.40443   68  225  807.23000  302.17133  62.6%   127 1049s

 130093 109880  506.38862  121  168  807.23000  302.17133  62.6%   127 1055s

 131382 110409  733.98697  176  118  807.23000  302.25968  62.6%   127 1060s

 132123 111345  351.71200   50  175  807.23000  302.27570  62.6%   127 1065s

 133175 112188  571.71164  150  188  807.23000  302.28957  62.6%   127 1071s

 134103 112766     cutoff  105       807.23000  302.30745  62.6%   127 1078s

 134806 113593  377.40326   88  165  807.23000  302.35093  62.5%   127 1085s

 135791 113628  305.04448   44  250  807.23000  302.35548  62.5%   127 1091s

 135829 113679  305.10979   45  252  807.23000  302.35548  62.5%   127 1097s

 135907 113756  312.22982   46  274  807.23000  302.35548  62.5%   127 1102s

 135996 114163  351.99566   51  217  807.23000  302.35548  62.5%   127 1109s

 136509 115569  324.00344   40  196  807.23000  302.35548  62.5%   127 1118s

 138083 116319  497.49765  119  152  807.23000  302.43039  62.5%   127 1124s

 138949 117044  389.08550   57  154  807.23000  302.43039  62.5%   127 1130s

 139896 117052  344.92643   86  169  807.23000  302.49899  62.5%   128 1144s

 139904 117060  346.90065   87  164  807.23000  302.49899  62.5%   128 1151s

 139912 117068  347.05675   88  176  807.23000  302.49899  62.5%   128 1157s

 139920 117075  351.80910   89  164  807.23000  302.49899  62.5%   128 1163s

 139928 117083  352.05042   90  172  807.23000  302.49899  62.5%   128 1171s

 139936 117091  352.34868   91  174  807.23000  302.49899  62.5%   128 1179s

 139944 117099  352.92154   92  169  807.23000  302.49899  62.5%   128 1185s

H139949 115429                     774.5600000  302.49899  60.9%   128 1185s

 139952 116021  355.89339   93  148  774.56000  302.49899  60.9%   128 1191s

 140600 117112  581.72020  175  130  774.56000  302.49899  60.9%   128 1198s

 141947 117757  603.28677  101  146  774.56000  302.49899  60.9%   128 1205s

 142705 118916  325.39973   65  225  774.56000  302.52526  60.9%   128 1211s

 144013 119889  369.39639   67  142  774.56000  302.60541  60.9%   128 1217s

 145143 120982  490.49831   78  157  774.56000  302.61469  60.9%   128 1224s

 146400 121851  476.82314  101  101  774.56000  302.64495  60.9%   128 1230s

 147454 122316  311.41607   42  251  774.56000  302.65390  60.9%   128 1235s

 148010 123013  422.09694   65  139  774.56000  302.65390  60.9%   129 1240s

 148818 123304  329.76001   41  280  774.56000  302.69349  60.9%   129 1247s

 149223 124720  390.67191   35  211  774.56000  302.69349  60.9%   129 1259s

 150912 125110 infeasible   46       774.56000  302.75483  60.9%   130 1265s

 151389 126157  362.97971   57  196  774.56000  302.78066  60.9%   130 1273s

 152694 127195  507.59312   72  205  774.56000  302.83853  60.9%   130 1279s

 153847 128215  434.34101   96  142  774.56000  302.83853  60.9%   130 1285s

 154967 128989  727.14034  140  121  774.56000  302.83853  60.9%   130 1291s

 155905 129399  426.90658   94  184  774.56000  302.89419  60.9%   130 1296s

 156358 130351  487.77406  129  164  774.56000  302.90121  60.9%   130 1302s

 157487 131091  610.91193   89  167  774.56000  302.94225  60.9%   130 1309s

 158350 132153  429.29604  113  169  774.56000  302.95295  60.9%   130 1315s

 159558 132569  358.23792   62  200  774.56000  302.97216  60.9%   130 1321s

 160043 133578  463.51805  109  146  774.56000  302.97216  60.9%   130 1327s

 161186 134429  343.80947   49  171  774.56000  302.97737  60.9%   130 1333s

 162228 134920  544.35136   58  167  774.56000  302.97737  60.9%   130 1339s

 162904 135200 infeasible   56       774.56000  303.03047  60.9%   131 1344s

 163238 135846  371.54956   52  186  774.56000  303.03212  60.9%   131 1349s

 163354 135846  318.46046   49  154  774.56000  303.11182  60.9%   131 1350s

 164009 136664  469.45802   52  197  774.56000  303.13264  60.9%   131 1357s

 164926 137605  526.17071   98  136  774.56000  303.13941  60.9%   131 1363s

 165957 138687  515.49767  121  101  774.56000  303.16363  60.9%   131 1369s

 167130 139236  640.39610  143  100  774.56000  303.16363  60.9%   131 1374s

 167799 139962  334.49670   67  170  774.56000  303.20728  60.9%   130 1379s

 168579 140550  306.67760   55  211  774.56000  303.20728  60.9%   131 1384s

 169285 141056  309.94681   48  181  774.56000  303.23399  60.9%   131 1388s

 169926 141407  465.99434   77   94  774.56000  303.23399  60.9%   131 1393s

 170421 141561  326.62934   53  160  774.56000  303.23399  60.9%   131 1399s

 170607 142071  382.46222   80  262  774.56000  303.23637  60.9%   131 1404s

 171196 142826  318.14835   52  264  774.56000  303.23637  60.9%   131 1409s

 172047 143450  484.15444  115  174  774.56000  303.23637  60.9%   131 1415s

 172833 144175  322.40566   66  204  774.56000  303.31853  60.8%   131 1420s

 173641 144562  325.59833   62  166  774.56000  303.32285  60.8%   131 1425s

 174088 145400  377.16123  102  126  774.56000  303.32285  60.8%   131 1430s

 175034 146341  601.20561  113  122  774.56000  303.33601  60.8%   131 1437s

 176136 147183  380.06934   49  223  774.56000  303.39391  60.8%   131 1444s

 177089 147624  398.00050   78  197  774.56000  303.39704  60.8%   131 1448s

 177560 148543  510.65678  119  192  774.56000  303.39704  60.8%   131 1454s

 178633 149315  384.42437   66  198  774.56000  303.43459  60.8%   131 1463s

 179561 150216  427.99397   87  121  774.56000  303.46394  60.8%   131 1469s

 180631 150929  377.76613   77  174  774.56000  303.47401  60.8%   131 1475s

 181437 151255  370.53764   60  123  774.56000  303.47401  60.8%   131 1480s

 181894 151659  337.59333   40  152  774.56000  303.50476  60.8%   131 1485s

 182352 151991  333.81544   67  125  774.56000  303.50684  60.8%   131 1490s

 182737 152695  649.40168  124  110  774.56000  303.52907  60.8%   131 1496s

 183752 153162  344.38475   52  146  774.56000  303.53240  60.8%   131 1501s

 184381 153866  471.12616   72  117  774.56000  303.60406  60.8%   132 1508s

 185230 154523  333.91101   53  259  774.56000  303.62766  60.8%   132 1514s

 185958 155505  495.70881  103  181  774.56000  303.62766  60.8%   132 1520s

 187120 156508  620.31843   93  214  774.56000  303.62766  60.8%   132 1526s

 188217 157640  408.53416  108  145  774.56000  303.62819  60.8%   132 1533s

 189472 158357  454.60204   93  146  774.56000  303.69726  60.8%   132 1539s

 190349 158746  434.46743   72  234  774.56000  303.70459  60.8%   132 1544s

 190812 159495  671.80103  108  126  774.56000  303.70459  60.8%   132 1551s

 191719 160283  322.95702   52  176  774.56000  303.73609  60.8%   132 1557s

 192695 160839  450.81298   80  247  774.56000  303.75738  60.8%   132 1563s

 193418 161503  372.56280   69  146  774.56000  303.75738  60.8%   132 1571s

 194176 161886  637.75042   87  130  774.56000  303.81392  60.8%   132 1579s

 194687 162796  328.63794   50  203  774.56000  303.82253  60.8%   132 1587s

 195894 163751  339.67731   63  238  774.56000  303.86615  60.8%   132 1594s

 196967 164291  333.61929   45  121  774.56000  303.88950  60.8%   132 1601s

 197539 165023  310.96168   46  257  774.56000  303.91677  60.8%   132 1608s

 198529 165508  309.22359   48  184  774.56000  303.95581  60.8%   132 1615s

 199157 166076  344.05629   61  190  774.56000  303.96909  60.8%   133 1621s

 199819 166859  601.01201  143  177  774.56000  303.98422  60.8%   133 1628s

 200833 167508  375.34522   47  167  774.56000  303.99311  60.8%   133 1635s

 201711 168170  672.61916   78  101  774.56000  304.09312  60.7%   133 1642s

 202522 168889  513.32499   64  168  774.56000  304.09689  60.7%   133 1650s

 203371 169791  341.54593   61  236  774.56000  304.13294  60.7%   133 1657s

 204365 170396  612.46431  171  166  774.56000  304.13813  60.7%   133 1664s

 205049 171279  356.72177   75  231  774.56000  304.15762  60.7%   133 1671s

 206065 171619  651.89876  153  198  774.56000  304.18101  60.7%   133 1678s

 206520 172766  347.21922   44  210  774.56000  304.18101  60.7%   133 1685s

 207795 173824  713.05142  153  191  774.56000  304.18992  60.7%   133 1692s

 209046 174614  766.45896  204  132  774.56000  304.23910  60.7%   133 1702s

 209926 175253  473.98362  108  114  774.56000  304.26445  60.7%   133 1708s

 210680 175556  659.46189  113  160  774.56000  304.27658  60.7%   133 1713s

 211079 176373  553.96411  125  152  774.56000  304.29453  60.7%   133 1719s

 212004 177233  525.79977  123  137  774.56000  304.30920  60.7%   134 1726s

 213014 177890  345.73158   40  258  774.56000  304.32458  60.7%   134 1732s

 213812 178564  576.82903  122  166  774.56000  304.33167  60.7%   134 1739s

 214756 179134  317.76195   47  240  774.56000  304.34719  60.7%   134 1745s

 215439 179264  414.33908  113  192  774.56000  304.34719  60.7%   134 1752s

 215583 179927  417.77453  114  178  774.56000  304.36484  60.7%   134 1758s

 216400 180837  313.66924   52  220  774.56000  304.38346  60.7%   134 1765s

 217398 181640  578.94864  163  126  774.56000  304.38878  60.7%   134 1771s

 218410 181977  532.63468  132  140  774.56000  304.38878  60.7%   134 1777s

 218794 182817  348.17951   38  330  774.56000  304.38878  60.7%   134 1785s

 219817 183641  550.21576   90  164  774.56000  304.38878  60.7%   134 1793s

 220711 184258  480.74399   82  199  774.56000  304.38878  60.7%   135 1800s

 221514 184713  361.72012   53  157  774.56000  304.46262  60.7%   135 1807s

 222082 185229  409.15939   63  221  774.56000  304.46262  60.7%   135 1812s

 222687 185954  393.28463   67  148  774.56000  304.46370  60.7%   135 1819s

 223526 186719  360.08429   42  257  774.56000  304.46370  60.7%   135 1827s

 224399 187358  694.52645  153  141  774.56000  304.46370  60.7%   135 1834s

 225129 187783  725.22478  133  135  774.56000  304.46370  60.7%   135 1839s

 225688 188058  310.53276   52  228  774.56000  304.46370  60.7%   136 1846s

 226131 189071  420.90715   83  131  774.56000  304.49987  60.7%   136 1854s

 227285 189961  690.30499  156   93  774.56000  304.54207  60.7%   136 1862s

 228316 190795  310.24250   46  257  774.56000  304.54207  60.7%   136 1869s

 229264 191642  599.09539  143  179  774.56000  304.59497  60.7%   136 1877s

 230278 191949  380.59546   56  129  774.56000  304.61409  60.7%   136 1883s

 230653 192840  346.36757   69  213  774.56000  304.61409  60.7%   136 1891s

 231722 193317  361.52590   59  284  774.56000  304.63171  60.7%   136 1897s

 232257 194080  732.46572  129  164  774.56000  304.63171  60.7%   136 1904s

 233132 194788  382.08142   42  153  774.56000  304.64837  60.7%   136 1910s

 233956 195385  616.45440  127  132  774.56000  304.64837  60.7%   137 1918s

 234612 195825  623.50189  128  129  774.56000  304.68846  60.7%   137 1924s

 235103 196555  628.71766  129  130  774.56000  304.68846  60.7%   137 1931s

 236024 197505  327.74413   49  193  774.56000  304.73297  60.7%   137 1939s

 237157 198633  637.66916   62  139  774.56000  304.74103  60.7%   137 1947s

 238479 199434  567.32877  118  128  774.56000  304.77186  60.7%   137 1956s

 239406 199647  367.38292   53  157  774.56000  304.77186  60.7%   137 1961s

 239707 200563  325.36055   43  177  774.56000  304.79028  60.6%   137 1968s

 240755 201162  643.22564  108  123  774.56000  304.80931  60.6%   137 1975s

 241591 201445  487.91979   71  223  774.56000  304.81988  60.6%   137 1983s

 241934 201940  489.11625   72  217  774.56000  304.81988  60.6%   137 1990s

 242519 202643  558.58922  115  200  774.56000  304.82892  60.6%   137 1997s

 243390 203259  360.49096   36  223  774.56000  304.84525  60.6%   138 2004s

 244248 203999  377.34203   47  176  774.56000  304.88989  60.6%   138 2011s

 245086 204705  416.91561   62  171  774.56000  304.91349  60.6%   138 2019s

 245896 205601  326.18509   46  274  774.56000  304.91349  60.6%   138 2027s

 247033 205997  653.76919  134  127  774.56000  304.91349  60.6%   138 2033s

 247559 207034  505.08784   73  125  774.56000  304.91349  60.6%   138 2042s

 248789 207459  344.54691   50  206  774.56000  304.96072  60.6%   138 2048s

 249284 208345  400.23662   69  216  774.56000  304.96936  60.6%   139 2055s

 250336 208677  438.00043   48  180  774.56000  304.99383  60.6%   139 2063s

 250747 209513  551.06106   60  157  774.56000  304.99383  60.6%   139 2071s

 251821 210023  328.44289   31  168  774.56000  305.01934  60.6%   139 2078s

 252458 210973  608.57118   68  182  774.56000  305.01934  60.6%   139 2086s

 253508 211907  539.47631  104  153  774.56000  305.06222  60.6%   139 2095s

 254608 212372  646.69313   88  129  774.56000  305.08403  60.6%   139 2101s

 255190 212789  366.36663   33  161  774.56000  305.10285  60.6%   139 2106s

 255686 213224  590.29602   44   85  774.56000  305.10285  60.6%   139 2112s

 256368 214145  347.93030   58  213  774.56000  305.11165  60.6%   139 2120s

 257454 214653  368.87055   35  235  774.56000  305.12884  60.6%   139 2126s

 258073 215228  337.80692   43  216  774.56000  305.13382  60.6%   139 2132s

 258875 215595  314.03746   45  313  774.56000  305.13382  60.6%   139 2139s

 259368 216016 infeasible   84       774.56000  305.13382  60.6%   140 2145s

 259896 216964  368.81367  103  187  774.56000  305.16374  60.6%   140 2152s

 260978 217685  342.26295   71  165  774.56000  305.18240  60.6%   140 2159s

 261199 217685 infeasible  103       774.56000  305.19708  60.6%   140 2160s

 261804 218231  317.60552   54  190  774.56000  305.21483  60.6%   140 2167s

 262461 218793  390.00305   94  235  774.56000  305.21564  60.6%   140 2174s

 263132 219019  440.53361   57  139  774.56000  305.23664  60.6%   140 2180s

 263425 219986  368.75757   64  192  774.56000  305.23664  60.6%   140 2188s

 264568 220731  395.22813   72  261  774.56000  305.24503  60.6%   140 2197s

 265520 221355  374.57778   43  210  774.56000  305.27206  60.6%   141 2204s

 266261 221820  507.82979   69  102  774.56000  305.27206  60.6%   141 2213s

 266871 222336  345.66360   46  155  774.56000  305.27206  60.6%   141 2220s

 267490 223166  384.46022   61  144  774.56000  305.27206  60.6%   141 2228s

 268442 224150  411.76945   68  192  774.56000  305.27206  60.6%   141 2238s

 269577 224686  349.76044   51  202  774.56000  305.33344  60.6%   141 2243s

 270145 225347  475.07595   85  164  774.56000  305.33354  60.6%   141 2250s

 270928 225756  310.15282   35  247  774.56000  305.33354  60.6%   141 2256s

 271384 226272  513.43407   84  162  774.56000  305.33354  60.6%   141 2263s

 271966 226630  398.59413   64  186  774.56000  305.33354  60.6%   141 2270s

 272405 227637  503.47483  103  220  774.56000  305.33354  60.6%   141 2278s

 273568 228738     cutoff  190       774.56000  305.37910  60.6%   141 2286s

 274779 229762  350.38530   82  185  774.56000  305.37910  60.6%   141 2293s

 275853 230407  619.17942  220  173  774.56000  305.37910  60.6%   141 2300s

 276598 231274  375.74121   60  143  774.56000  305.37910  60.6%   141 2307s

 277535 231706  329.02709   39  206  774.56000  305.37910  60.6%   141 2314s

 278064 232161  438.29310   70  163  774.56000  305.37910  60.6%   141 2320s

 278598 232727  685.01324  131  149  774.56000  305.45913  60.6%   141 2327s

 279310 233107  645.42417   87  181  774.56000  305.46504  60.6%   141 2332s

 279756 234067  401.81051   58  281  774.56000  305.47611  60.6%   141 2340s

 280812 234837  322.61082   45  178  774.56000  305.49955  60.6%   141 2349s

 281721 235833  370.89299   50  169  774.56000  305.50350  60.6%   141 2357s

 282881 236314  407.28294   53  216  774.56000  305.52294  60.6%   141 2368s

 283398 237295  695.26982  224  156  774.56000  305.52398  60.6%   141 2378s

 284465 238476  319.47261   42  140  774.56000  305.52398  60.6%   141 2389s

 285816 239185  642.22214  173   99  774.56000  305.52398  60.6%   141 2397s

 286662 239678  309.40306   45  261  774.56000  305.57362  60.5%   141 2405s

 287341 240141  369.83505   43  168  774.56000  305.58892  60.5%   142 2415s

 287918 240546  365.56787   57  196  774.56000  305.59081  60.5%   142 2423s

 288449 241125  667.67701  113  176  774.56000  305.59081  60.5%   142 2432s

 289191 241645  348.13158   46  326  774.56000  305.61392  60.5%   142 2440s

 289861 242317  634.89300  117  163  774.56000  305.61937  60.5%   142 2450s

 290726 243066  362.31973   76  224  774.56000  305.62786  60.5%   142 2459s

 291683 244207  360.71346   57  178  774.56000  305.66881  60.5%   142 2468s

 292919 244891  321.33917   42  298  774.56000  305.67556  60.5%   142 2476s

 293730 245664  508.84106  122  203  774.56000  305.67556  60.5%   143 2485s

 294682 246153  383.54520   52  154  774.56000  305.69918  60.5%   143 2493s

 295270 246998  331.39898   46  228  774.56000  305.70009  60.5%   143 2502s

 296231 247332  338.79895   40  257  774.56000  305.70009  60.5%   143 2512s

 296671 247796  361.54414   41  248  774.56000  305.70009  60.5%   143 2519s

 297185 247796  412.70135   60  188  774.56000  305.73636  60.5%   143 2520s

 297272 248413  512.26341   63   97  774.56000  305.73636  60.5%   143 2528s

 298069 248900  361.27889   44  218  774.56000  305.77401  60.5%   143 2539s

 298732 249935  381.84019   51  229  774.56000  305.78123  60.5%   143 2549s

 299869 250509  369.17090   52  184  774.56000  305.81583  60.5%   143 2557s

 300517 251261  307.55244   41  247  774.56000  305.81583  60.5%   144 2565s

 301429 251910  712.61491  198  182  774.56000  305.81583  60.5%   144 2573s

 302272 252644  477.03510   78  211  774.56000  305.86388  60.5%   144 2582s

 303186 253042  632.79057   91  191  774.56000  305.87650  60.5%   144 2588s

 303660 253851  467.36654   50  186  774.56000  305.87650  60.5%   144 2597s

 304587 254492  706.07137   84  136  774.56000  305.89388  60.5%   144 2606s

 305406 255151 infeasible   66       774.56000  305.92281  60.5%   144 2615s

 306205 256024  428.43619   54  204  774.56000  305.94794  60.5%   144 2625s

 307199 256458  585.57150  112  178  774.56000  305.94794  60.5%   144 2632s

 307703 257213  353.52873   57  101  774.56000  305.95658  60.5%   144 2641s

 308657 257944  399.54884   66  222  774.56000  305.95658  60.5%   145 2650s

 309535 258451 infeasible  162       774.56000  305.97588  60.5%   145 2660s

 310179 259477  442.00219   89  251  774.56000  306.01123  60.5%   145 2670s

 311341 259949  318.57704   45  216  774.56000  306.01123  60.5%   145 2678s

 311879 260899  544.12580   85  141  774.56000  306.02636  60.5%   145 2689s

 312924 261524  467.67916   67  250  774.56000  306.02636  60.5%   145 2701s

 313684 262228  457.56330   58  265  774.56000  306.06793  60.5%   145 2711s

 314536 262738  582.61187   85  106  774.56000  306.06793  60.5%   145 2722s

 315147 263160  399.28000   43  218  774.56000  306.06793  60.5%   145 2732s

 315640 264411  400.62878   56  199  774.56000  306.09704  60.5%   145 2744s

 317050 265275  403.85914  108  251  774.56000  306.09704  60.5%   145 2754s

 318055 266187  427.65259   74  209  774.56000  306.09704  60.5%   145 2764s

 319075 266901  680.74259  180  189  774.56000  306.09704  60.5%   145 2773s

 319904 267611  407.41502  110  207  774.56000  306.15337  60.5%   145 2782s

 320728 268297  330.85026   53  183  774.56000  306.15439  60.5%   145 2791s

 321561 269232  445.91378   76  173  774.56000  306.17407  60.5%   145 2801s

 322648 269644  356.65763   48  235  774.56000  306.17407  60.5%   145 2809s

 323207 270242  512.42062  137  162  774.56000  306.17407  60.5%   145 2818s

 323832 271066  329.62275   60  176  774.56000  306.18446  60.5%   145 2827s

 324761 271928  529.43330  160  170  774.56000  306.18446  60.5%   145 2836s

 325749 272315  636.14347   82   95  774.56000  306.21553  60.5%   145 2844s

 326285 272665  409.54348   69  157  774.56000  306.22176  60.5%   145 2851s

 326673 273058 infeasible  105       774.56000  306.22609  60.5%   146 2859s

 327187 273066  310.79706   58  200  774.56000  306.22609  60.5%   146 2874s

H327189 272323                     768.5700000  306.22609  60.2%   146 2874s

 327195 273125  316.61824   59  237  768.57000  306.22609  60.2%   146 2884s

 328142 273619  479.56088  187  186  768.57000  306.22609  60.2%   146 2894s

 328720 274615  385.20191   61  155  768.57000  306.22609  60.2%   146 2906s

 329899 274916  396.37783   96  225  768.57000  306.29251  60.1%   146 2915s

 330260 275835  674.88655  156  130  768.57000  306.29917  60.1%   146 2928s

 331407 276710  317.65586   59  306  768.57000  306.31916  60.1%   146 2939s

 332462 277034  556.71732  215  206  768.57000  306.32147  60.1%   146 2946s

 332839 277866  695.36280  262  168  768.57000  306.32147  60.1%   146 2956s

 333849 278600  322.90751   48  176  768.57000  306.34204  60.1%   146 2968s

 334854 279229  390.35628   57  114  768.57000  306.34204  60.1%   146 2979s

 335635 280073  514.77516   81  166  768.57000  306.37059  60.1%   146 2991s

 336586 280922  409.51402   59  286  768.57000  306.37059  60.1%   147 3002s

 337604 281302  650.52747  146  235  768.57000  306.41550  60.1%   147 3011s

 338078 282125  407.86922   64  164  768.57000  306.44536  60.1%   147 3021s

 339034 282804  650.68129  155  126  768.57000  306.44536  60.1%   147 3031s

 339873 283496  703.45154  110   95  768.57000  306.47482  60.1%   147 3042s

 340682 283979  652.57878  129   92  768.57000  306.47482  60.1%   147 3052s

 341223 284581  479.10998   65  126  768.57000  306.49950  60.1%   147 3062s

 341924 285341  560.89437  119  220  768.57000  306.49950  60.1%   147 3073s

 342778 286312  364.76114   80  253  768.57000  306.53796  60.1%   147 3087s

 343896 286320  490.86354  180  184  768.57000  306.54295  60.1%   147 3097s

 343904 286328  492.64225  181  184  768.57000  306.54295  60.1%   147 3104s

H343912 285329                     762.2100000  306.54295  59.8%   147 3111s

 343920 285628  493.64619  183  155  762.21000  306.54295  59.8%   147 3118s

 344250 286553     cutoff  216       762.21000  306.54295  59.8%   147 3130s

 345285 287232  433.14475   74  164  762.21000  306.56138  59.8%   147 3141s

 346068 287916  366.04885   60  193  762.21000  306.56138  59.8%   147 3150s

 346808 288563  557.80796  174  156  762.21000  306.56138  59.8%   147 3158s

 347537 289315  438.51899   65  175  762.21000  306.56138  59.8%   147 3169s

 348454 289851  513.58127   81  153  762.21000  306.60785  59.8%   147 3178s

 349106 290731  746.09805  108  125  762.21000  306.60785  59.8%   147 3188s

 350070 291444  582.48710  105  237  762.21000  306.61476  59.8%   147 3198s

 350932 291776  508.82766   95  136  762.21000  306.61476  59.8%   147 3207s

 351300 292615  718.06947  130  108  762.21000  306.61476  59.8%   147 3218s

 352242 293475  633.86763  166  110  762.21000  306.65243  59.8%   147 3229s

 353261 293857  504.22739   96   82  762.21000  306.65243  59.8%   147 3241s

 353703 294317  526.49059   96   97  762.21000  306.65243  59.8%   147 3249s

 354270 294851  511.66870   97   89  762.21000  306.65243  59.8%   147 3258s

 354951 295200  526.49059   97  102  762.21000  306.70161  59.8%   147 3266s

 355368 296015  511.92440   98   94  762.21000  306.70161  59.8%   148 3277s

 356426 296684  444.88964   61   87  762.21000  306.70161  59.8%   148 3288s

 357369 297558  426.30256   70  167  762.21000  306.74304  59.8%   148 3300s

 358341 298187  314.03633   38  259  762.21000  306.74304  59.8%   148 3309s

 359071 298835  454.36792   83  200  762.21000  306.74304  59.8%   148 3318s

 359843 299451  714.55269  205  115  762.21000  306.74304  59.8%   148 3328s

 360612 300351  438.90307  112  206  762.21000  306.79394  59.7%   148 3338s

 361641 300707  396.05742   42  233  762.21000  306.79394  59.7%   148 3347s

 362084 300993  558.13376   97  149  762.21000  306.79394  59.7%   148 3355s

 362453 301182  501.41476   55  139  762.21000  306.79394  59.7%   148 3362s

 362740 301760  381.95788   48  252  762.21000  306.79394  59.7%   148 3372s

 363405 302712  319.35142   61  271  762.21000  306.79394  59.7%   148 3382s

 364451 303382  532.47249  159  134  762.21000  306.79394  59.7%   148 3392s

 365244 304290  481.12478  138  190  762.21000  306.86733  59.7%   148 3403s

 366288 305010  474.57471   77  155  762.21000  306.87172  59.7%   148 3414s

 367164 305789  371.32584   48  187  762.21000  306.88313  59.7%   148 3425s

 368032 306395  707.21103  157  156  762.21000  306.88313  59.7%   148 3434s

 368845 306699  420.86307   57  184  762.21000  306.88313  59.7%   148 3442s

 369274 307395  314.82521   64  242  762.21000  306.88313  59.7%   148 3453s

 370227 307898  334.91444   42  154  762.21000  306.91597  59.7%   148 3463s

 370881 308683  398.71725   48  168  762.21000  306.95776  59.7%   148 3473s

 371704 309199  620.45898  109  207  762.21000  306.95776  59.7%   148 3483s

 372302 309960  440.94350   73  186  762.21000  306.95776  59.7%   149 3496s

 373183 310370  494.60470   53  214  762.21000  306.97110  59.7%   149 3504s

 373809 311189  452.69700   61  142  762.21000  306.97759  59.7%   149 3516s

 374778 312024  660.01695  168  167  762.21000  306.99358  59.7%   149 3528s

 375762 312241     cutoff   67       762.21000  307.01357  59.7%   149 3538s

 376059 312807  700.99997   65  152  762.21000  307.01357  59.7%   149 3547s

 376892 313488  459.31606   61  162  762.21000  307.03333  59.7%   149 3558s

 377752 314061  341.10856   29  227  762.21000  307.05392  59.7%   149 3570s

 378419 314573  329.73882   52  325  762.21000  307.05392  59.7%   149 3580s

 379022 315184  430.59924   84  212  762.21000  307.05392  59.7%   149 3591s

 379734 315945 infeasible  117       762.21000  307.05392  59.7%   149 3602s

 380587 316496  703.09014   90  170  762.21000  307.05392  59.7%   149 3613s

 381206 317294  534.14350   93  188  762.21000  307.11616  59.7%   149 3624s

 382124 318135  492.94588  116  152  762.21000  307.13336  59.7%   149 3635s

 383068 318944  330.05463   75  142  762.21000  307.13549  59.7%   149 3646s

 384003 319783  491.47668   77  147  762.21000  307.16102  59.7%   149 3660s

 384964 320259  407.08031   73  180  762.21000  307.16102  59.7%   149 3671s

 385516 320825  359.95930   73  133  762.21000  307.17460  59.7%   149 3685s

 386199 321298  351.48075   39  169  762.21000  307.19376  59.7%   149 3695s

 386784 322057  605.21843   88  199  762.21000  307.19421  59.7%   149 3708s

 387691 322959  319.99438   39  288  762.21000  307.21379  59.7%   149 3719s

 388647 323673  415.99713   86  249  762.21000  307.21379  59.7%   149 3729s

 389463 324219  519.23435  149  215  762.21000  307.21379  59.7%   149 3739s

 390053 324641  735.43016  232  242  762.21000  307.21379  59.7%   149 3749s

 390570 325405  537.60153   89   96  762.21000  307.22409  59.7%   149 3760s

 391406 326010  713.42429   90  107  762.21000  307.23573  59.7%   149 3772s

 392209 326509  406.78660   38  257  762.21000  307.24721  59.7%   149 3781s

 392790 327058  698.06444   97  136  762.21000  307.24721  59.7%   149 3792s

 393499 327586  647.62273   61  230  762.21000  307.28973  59.7%   150 3803s

 394140 328148  364.62768   40  214  762.21000  307.29714  59.7%   150 3815s

 394910 328408  550.39560   38  146  762.21000  307.30798  59.7%   150 3823s

 395251 328416  606.08424   42  140  762.21000  307.30798  59.7%   150 3839s

 395259 328424  606.25000   43  140  762.21000  307.30798  59.7%   150 3847s

 395267 328432  594.58669   41  145  762.21000  307.30798  59.7%   150 3856s

 395275 328494  597.24556   42  138  762.21000  307.30798  59.7%   150 3867s

 395341 328664 infeasible   44       762.21000  307.30798  59.7%   150 3879s

 395562 329256  607.34049   45  128  762.21000  307.30798  59.7%   150 3892s

 396221 329608 infeasible   46       762.21000  307.30798  59.7%   150 3904s

 396650 330269  614.10237   48  136  762.21000  307.30798  59.7%   150 3915s

 397474 331016  359.11069   43  216  762.21000  307.32010  59.7%   150 3926s

 398365 331574  587.81015   69  172  762.21000  307.34683  59.7%   150 3937s

 399039 332137  425.42833   70  228  762.21000  307.34683  59.7%   150 3946s

 399730 333056  565.05265   94  186  762.21000  307.34683  59.7%   150 3960s

 400796 333836  437.14166   83  229  762.21000  307.39902  59.7%   150 3975s

 401841 334210  410.22130   65  167  762.21000  307.42336  59.7%   150 3986s

 402292 335686  572.03527  106  181  762.21000  307.42419  59.7%   150 4009s

 403972 336313  423.39712   56  263  762.21000  307.44173  59.7%   151 4021s

 404714 337145  348.85554   69  274  762.21000  307.44173  59.7%   151 4034s

 405641 337797  515.72349  141  195  762.21000  307.44173  59.7%   151 4047s

 406348 338169  504.66387   84  138  762.21000  307.44173  59.7%   151 4056s

 406801 338980  402.58572   63  179  762.21000  307.48035  59.7%   151 4069s

 407726 339408  541.85857  116  160  762.21000  307.48035  59.7%   151 4080s

 408251 340267  428.29560   68  158  762.21000  307.48035  59.7%   151 4093s

 409253 340760  404.51728   94  193  762.21000  307.53100  59.7%   151 4103s

 409849 341768  394.08398   69  224  762.21000  307.54426  59.7%   151 4117s

 411031 342634  347.23514   41  171  762.21000  307.54426  59.7%   151 4129s

 411997 343554     cutoff  134       762.21000  307.54426  59.7%   151 4142s

 413085 344584  428.92767   48  131  762.21000  307.56931  59.6%   151 4155s

 414186 344774  479.30141   97  189  762.21000  307.57453  59.6%   151 4167s

 414402 344959  480.32217   98  137  762.21000  307.57453  59.6%   151 4175s

 414609 345393  504.18524  126  147  762.21000  307.57453  59.6%   151 4184s

 415117 346078  453.09548   72  109  762.21000  307.60824  59.6%   151 4195s

 415980 346616  358.52782   43  174  762.21000  307.62299  59.6%   151 4206s

 416591 347161  447.80735   50  158  762.21000  307.62819  59.6%   151 4218s

 417227 347948  572.76307  118  117  762.21000  307.63552  59.6%   151 4232s

 418200 348701  495.08283   81  134  762.21000  307.65613  59.6%   151 4245s

 419253 349275  421.95542   86  209  762.21000  307.65613  59.6%   151 4255s

 419953 350085  411.46661   39  199  762.21000  307.68498  59.6%   151 4268s

 420953 350560  394.68721   82  209  762.21000  307.70355  59.6%   152 4278s

 421486 351621  512.28777  113  170  762.21000  307.70355  59.6%   152 4291s

 422670 352313  483.74572   79  147  762.21000  307.70355  59.6%   151 4305s

 423511 353019 infeasible   49       762.21000  307.70355  59.6%   152 4317s

 424393 353615  360.95781   61  197  762.21000  307.75142  59.6%   152 4328s

 425124 354533  343.55045   47  196  762.21000  307.75142  59.6%   152 4342s

 426162 355313  670.51504  245  142  762.21000  307.75142  59.6%   152 4354s

 427006 356188 infeasible  110       762.21000  307.77784  59.6%   152 4367s

 428002 357216  576.35946  169  110  762.21000  307.80034  59.6%   152 4381s

 429164 358097  576.49143  100  164  762.21000  307.80908  59.6%   152 4396s

 430236 358578  346.66499   39  299  762.21000  307.81737  59.6%   152 4406s

 430865 359551  464.04623   89  100  762.21000  307.81737  59.6%   152 4418s

 431925 360255  651.67771  112  193  762.21000  307.81737  59.6%   152 4433s

 432791 360706  661.14476   73  151  762.21000  307.84324  59.6%   152 4442s

 433316 361639  361.59258   56  217  762.21000  307.85884  59.6%   152 4457s

 434390 362455  649.57329   83  177  762.21000  307.88106  59.6%   152 4471s

 435381 363142  374.04090   37  197  762.21000  307.88674  59.6%   152 4486s

 436134 364077  528.34249  101  144  762.21000  307.89036  59.6%   152 4499s

 437200 364524  709.28751  192  159  762.21000  307.90141  59.6%   152 4511s

 437779 365019  571.07250   64   90  762.21000  307.90141  59.6%   152 4526s

 438411 365132  682.44488  150  132  762.21000  307.93104  59.6%   152 4541s

 438556 365267  446.66886   83  214  762.21000  307.93104  59.6%   152 4550s

 438715 365567     cutoff  112       762.21000  307.93104  59.6%   152 4563s

 439146 365871  491.15830   79  198  762.21000  307.93104  59.6%   152 4574s

 439551 366745  392.53295   53  199  762.21000  307.96017  59.6%   152 4590s

 440523 367496  350.74076   47  295  762.21000  307.96017  59.6%   152 4605s

 441437 368077  530.69108   72  167  762.21000  307.96789  59.6%   152 4618s

 442155 369138  487.73448   84  202  762.21000  307.98649  59.6%   152 4634s

 443375 370124  323.12756   62  219  762.21000  308.00743  59.6%   152 4651s

 444534 370548  443.12044   52  109  762.21000  308.01661  59.6%   152 4664s

 445163 371276  346.06067   65  173  762.21000  308.04144  59.6%   152 4677s

 445985 372062  501.14137  184  218  762.21000  308.04244  59.6%   152 4691s

 446901 372821  459.98637  101  203  762.21000  308.07637  59.6%   152 4707s

 447762 373461  453.99164   63  190  762.21000  308.07931  59.6%   152 4717s

 448403 374178  549.36904  119  191  762.21000  308.07931  59.6%   152 4731s

 449303 374884  368.52031   53  207  762.21000  308.09746  59.6%   152 4744s

 450164 375702  531.63508  104  122  762.21000  308.09847  59.6%   152 4760s

 451124 376679     cutoff  130       762.21000  308.11053  59.6%   152 4777s

 452226 377728  528.99602  175  183  762.21000  308.13019  59.6%   152 4793s

 453374 378362  577.65658  107  134  762.21000  308.13024  59.6%   152 4806s

 454103 378805  361.33016   34  160  762.21000  308.13024  59.6%   152 4815s

 454560 379364  451.58791   41  143  762.21000  308.13024  59.6%   152 4828s

 455283 380019  632.86251   66  138  762.21000  308.14738  59.6%   152 4840s

 456032 380758  414.95965   80  213  762.21000  308.14738  59.6%   152 4854s

 456861 381589  535.32803  159  227  762.21000  308.14738  59.6%   152 4870s

 457793 382008  723.57869  268  227  762.21000  308.15630  59.6%   152 4881s

 458266 382674  426.03405   72  162  762.21000  308.15630  59.6%   152 4895s

 459028 383671  549.86303   89  131  762.21000  308.17203  59.6%   152 4911s

 460132 384219  602.24587  103  168  762.21000  308.17203  59.6%   152 4923s

 460748 384810  459.26449   65  250  762.21000  308.19846  59.6%   152 4936s

 461460 385851  420.06990   51  220  762.21000  308.21923  59.6%   152 4956s

 462608 386233  579.71207   93   59  762.21000  308.22769  59.6%   152 4967s

 463105 386626  411.72742   76  157  762.21000  308.23251  59.6%   152 4976s

 463585 387310  333.94760   61  213  762.21000  308.23251  59.6%   152 4990s

 464404 387731  513.91196   73  169  762.21000  308.25780  59.6%   152 5003s

 465033 388686  566.30169   88  152  762.21000  308.27051  59.6%   153 5018s

 466080 389142  534.46799  103  154  762.21000  308.27407  59.6%   153 5029s

 466612 389608  358.04163   46  157  762.21000  308.28588  59.6%   153 5044s

 467267 390633  402.83599   76  166  762.21000  308.30965  59.6%   153 5061s

 468384 391334  453.26845   85  122  762.21000  308.31403  59.5%   153 5077s

 469191 392123  400.71774   90  137  762.21000  308.31403  59.5%   153 5092s

 470080 392780  382.47207   77  206  762.21000  308.31403  59.5%   153 5104s

 470817 393229  569.47923  200  120  762.21000  308.31403  59.5%   153 5117s

 471334 394039  419.91925   88   98  762.21000  308.31403  59.5%   153 5132s

 472282 394928  616.14455  219   81  762.21000  308.31403  59.5%   153 5148s

 473319 395831  535.78595  113  135  762.21000  308.31403  59.5%   153 5165s

 474510 396428  400.67408   49  166  762.21000  308.37786  59.5%   153 5179s

 475172 397170  571.05715   73  176  762.21000  308.37979  59.5%   152 5193s

 476018 397864  624.53754  120  128  762.21000  308.38195  59.5%   153 5210s

 476933 398429  344.43357   66  177  762.21000  308.38195  59.5%   153 5223s

 477707 398969  377.34051   50  230  762.21000  308.40273  59.5%   153 5237s

 478365 399710  445.95847   56  202  762.21000  308.41936  59.5%   153 5253s

 479242 400059  393.51073   64  206  762.21000  308.41999  59.5%   153 5265s

 479633 400958  559.73363  120  153  762.21000  308.41999  59.5%   153 5283s

 480634 401715  427.46902   93  226  762.21000  308.41999  59.5%   153 5300s

 481531 402381  691.41812  250  193  762.21000  308.41999  59.5%   153 5315s

 482272 402791  373.17915   72  186  762.21000  308.41999  59.5%   153 5329s

 482781 403238  480.17112  105  175  762.21000  308.43430  59.5%   153 5346s

 483299 403880 infeasible  109       762.21000  308.43430  59.5%   153 5362s

 484042 404494  386.16385   58  259  762.21000  308.49237  59.5%   153 5376s

 484733 405303  545.21695  103  167  762.21000  308.49237  59.5%   153 5394s

 485709 406058  478.83361   85  202  762.21000  308.51693  59.5%   153 5409s

 486355 406058  519.63856   73  181  762.21000  308.51693  59.5%   153 5410s

 486629 406928  564.32373   74  153  762.21000  308.52412  59.5%   153 5428s

 487674 407780  352.39436   59  201  762.21000  308.53800  59.5%   153 5445s

 488723 407796  338.38447   51  127  762.21000  308.53800  59.5%   153 5457s

 488739 408105  343.11864   52  129  762.21000  308.53800  59.5%   153 5470s

 489120 408645  400.82718   70  148  762.21000  308.53800  59.5%   153 5483s

 489751 409522  585.98020  134   90  762.21000  308.53800  59.5%   153 5500s

 490757 410530  667.48862  199  168  762.21000  308.56691  59.5%   153 5520s

 491900 410991  437.18967   63  187  762.21000  308.56691  59.5%   153 5530s

 492456 411402  350.00593   65  155  762.21000  308.58534  59.5%   153 5543s

 492928 412016  331.98810   71  287  762.21000  308.58534  59.5%   153 5560s

 493605 412614  534.88852  128  216  762.21000  308.58534  59.5%   153 5575s

 494290 413457  472.83499   88  150  762.21000  308.59356  59.5%   153 5590s

 495211 414040  658.10772   81  161  762.21000  308.61343  59.5%   154 5607s

 495901 414488  508.31310   95  221  762.21000  308.61711  59.5%   154 5621s

 496404 415246  712.66397  151  177  762.21000  308.61711  59.5%   154 5638s

 497280 416078  349.73320   52  163  762.21000  308.63370  59.5%   154 5655s

 498197 416504  566.23772   79  160  762.21000  308.64449  59.5%   154 5670s

 498676 417300  470.75690   83  173  762.21000  308.64449  59.5%   154 5689s

 499617 418039  500.56675  101  139  762.21000  308.64449  59.5%   154 5704s

 500476 418588  457.09352   75  130  762.21000  308.64449  59.5%   154 5720s

 501167 419607  403.26121   88  168  762.21000  308.69050  59.5%   154 5740s

 502321 420138  310.64403   59  287  762.21000  308.69322  59.5%   154 5756s

 502873 421274  351.42242   76  210  762.21000  308.69322  59.5%   154 5777s

 504201 422009  364.47101   45  230  762.21000  308.70230  59.5%   154 5793s

 505073 422668  418.71288   97  116  762.21000  308.70602  59.5%   154 5812s

 505829 423538  335.66984   61  279  762.21000  308.70602  59.5%   154 5832s

 506812 424034  455.48772  153  222  762.21000  308.70602  59.5%   154 5844s

 507354 424750  630.91334  210  190  762.21000  308.71284  59.5%   154 5860s

 508154 425456  558.69117   80  178  762.21000  308.71284  59.5%   154 5877s

 508969 425997  385.22546   71  162  762.21000  308.71284  59.5%   154 5892s

 509589 426005  530.00824  127  186  762.21000  308.71284  59.5%   154 5923s

 509597 426303  530.16933  128  181  762.21000  308.71284  59.5%   154 5954s

 509752 426303  361.58318   47  226  762.21000  308.71284  59.5%   154 5955s

 509935 426894  333.73747   61  214  762.21000  308.71284  59.5%   154 5970s

 510609 427675  468.21502  145  245  762.21000  308.71284  59.5%   154 5988s

 511518 428198  407.41244   53  179  762.21000  308.75693  59.5%   154 6002s

 512116 429176  555.38605   70  155  762.21000  308.75693  59.5%   154 6023s

 513434 429913  415.67897   74  218  762.21000  308.76938  59.5%   154 6044s

 514224 430660  352.26861   54  201  762.21000  308.77044  59.5%   154 6062s

 515074 431183  653.45466  210   85  762.21000  308.77100  59.5%   154 6079s

 515720 431684  480.20198   57  265  762.21000  308.77100  59.5%   154 6093s

 516353 432262  629.27128  136  180  762.21000  308.78292  59.5%   154 6110s

 517099 433138  518.02675   85  155  762.21000  308.80228  59.5%   154 6130s

 518118 434029  596.03398  147  138  762.21000  308.82533  59.5%   154 6151s

 519123 434616  429.54055  135  164  762.21000  308.83639  59.5%   154 6166s

 519749 435399  668.94067  318  185  762.21000  308.84296  59.5%   154 6187s

 520644 436263  358.55867   56  248  762.21000  308.84296  59.5%   154 6208s

 521661 436805  683.46116  171  158  762.21000  308.84717  59.5%   154 6225s

 522297 437427  382.40437   59  248  762.21000  308.87122  59.5%   154 6241s

 523040 437934  647.57931  142  149  762.21000  308.87122  59.5%   154 6257s

 523722 438614  438.69091   96  189  762.21000  308.87546  59.5%   154 6274s

 524513 439032  378.67404   50  243  762.21000  308.87546  59.5%   154 6286s

 524982 440061  429.95147   88  227  762.21000  308.87546  59.5%   154 6309s

 526169 440380  315.67124   48  148  762.21000  308.91924  59.5%   154 6324s

 526541 441270  386.86974   73  167  762.21000  308.92290  59.5%   154 6343s

 527535 442119  623.56790  129  118  762.21000  308.92290  59.5%   154 6362s

 528527 442663  477.35919   86  207  762.21000  308.93870  59.5%   154 6377s

 529123 443367  600.10260  176  129  762.21000  308.94561  59.5%   154 6394s

 530002 443912 infeasible   97       762.21000  308.94574  59.5%   154 6411s

 530792 444323  685.89831   62  182  762.21000  308.97147  59.5%   154 6427s

 531306 444329  472.30627   88  178  762.21000  308.97147  59.5%   154 6446s

 531315 444335  473.06957   89  205  762.21000  308.97147  59.5%   154 6463s

 531324 444343  474.92213   90  180  762.21000  308.97147  59.5%   154 6470s

 531332 444349  475.79792   91  191  762.21000  308.97147  59.5%   154 6478s

 531341 444355  476.01930   92  194  762.21000  308.97147  59.5%   154 6487s

 531350 444362  478.68119   93  162  762.21000  308.97174  59.5%   154 6498s

 531359 444370  478.77689   94  186  762.21000  308.97174  59.5%   154 6511s

 531367 444378  479.13261   95  171  762.21000  308.97174  59.5%   154 6524s

 531375 444385  479.78758   96  178  762.21000  308.97174  59.5%   154 6541s

 531383 444393  480.60390   97  175  762.21000  308.97174  59.5%   154 6557s

 531391 444399  483.93630   98  178  762.21000  308.97174  59.5%   154 6576s

 531403 444529  485.61224   99  181  762.21000  308.97174  59.5%   154 6596s

 531557 444751  493.10374  100  219  762.21000  308.98369  59.5%   154 6611s

 531793 444953  517.42587  101  197  762.21000  308.98369  59.5%   154 6629s

 532020 445108  560.28613  102  182  762.21000  308.98369  59.5%   154 6642s

 532206 445310  563.88245  103  145  762.21000  308.98369  59.5%   154 6660s

 532481 445440  591.02137  116  148  762.21000  308.98723  59.5%   154 6678s

 532630 445694  597.19914  117  131  762.21000  308.98723  59.5%   154 6693s

 532938 446108  328.80068   59  267  762.21000  308.99149  59.5%   154 6709s

 533505 446531  761.77300  103   98  762.21000  308.99336  59.5%   155 6725s

 534040 447602  402.39068   88  181  762.21000  309.00279  59.5%   155 6748s

 535266 448213  522.12219   77  184  762.21000  309.02456  59.5%   155 6766s

 535988 449109  539.15337   74  257  762.21000  309.02456  59.5%   155 6787s

 537029 449729  478.99276   80  227  762.21000  309.04601  59.5%   155 6802s

 537750 450500  314.81865   64  211  762.21000  309.04601  59.5%   155 6819s

 538675 451300  498.13034  126  194  762.21000  309.05227  59.5%   155 6837s

 539603 451659  463.87262   66  169  762.21000  309.06790  59.5%   155 6850s

 540037 452479  318.70663   63  267  762.21000  309.06790  59.5%   155 6871s

 540931 453342  486.46964  120  183  762.21000  309.06790  59.5%   155 6895s

 541858 454010  712.30222  270  156  762.21000  309.06790  59.5%   155 6914s

 542686 454357  685.61079  118  167  762.21000  309.07947  59.4%   155 6927s

 543154 454664  568.87101   90  148  762.21000  309.07947  59.4%   155 6942s

 543531 455606  349.16447   47  181  762.21000  309.07947  59.4%   155 6962s

 544534 456061  613.02119  120  212  762.21000  309.07947  59.4%   155 6977s

 545089 456938  417.16853   95  191  762.21000  309.09781  59.4%   155 6997s

 546101 457792  502.55341  137  129  762.21000  309.11567  59.4%   155 7019s

 547124 458071  321.63253   49  272  762.21000  309.11567  59.4%   155 7033s

 547462 459129  422.62721   75  186  762.21000  309.11567  59.4%   155 7055s

 548612 459616  571.64739  187  232  762.21000  309.12585  59.4%   155 7071s

 549232 460554  342.94330   65  252  762.21000  309.14539  59.4%   155 7092s

 550244 461323  616.20266  171  210  762.21000  309.14539  59.4%   155 7114s

 551114 462331  392.76010   66  202  762.21000  309.14539  59.4%   155 7136s

 552283 462846  441.46092   83  193  762.21000  309.15466  59.4%   155 7153s

 552867 463150  378.83128   45  180  762.21000  309.16988  59.4%   155 7168s

 553327 463374  741.66324   80  104  762.21000  309.17930  59.4%   155 7180s

 553673 464003  512.07358   70  210  762.21000  309.17930  59.4%   155 7197s

 554475 464936  652.61985  118  154  762.21000  309.19332  59.4%   155 7219s

 555543 465566  478.30448   55  175  762.21000  309.20574  59.4%   155 7235s

 556347 465974  358.57277   74  193  762.21000  309.20574  59.4%   155 7250s

 556874 466536  533.05294  135  117  762.21000  309.20574  59.4%   155 7266s

 557574 466817  431.69127   67  233  762.21000  309.20574  59.4%   155 7280s

 557952 467177  500.76910   80  224  762.21000  309.22117  59.4%   155 7297s

 558468 467850  530.66162   76  207  762.21000  309.24777  59.4%   156 7315s

 559335 468479  493.61200   59  174  762.21000  309.24900  59.4%   156 7333s

 560062 469181     cutoff  157       762.21000  309.24900  59.4%   156 7354s

 560853 470116  363.32752   39  293  762.21000  309.24900  59.4%   156 7377s

 561920 471141  682.45717  146  118  762.21000  309.24900  59.4%   156 7399s

 563025 472106  486.31864  100  194  762.21000  309.24900  59.4%   156 7422s

 564084 472513 infeasible  268       762.21000  309.27593  59.4%   156 7440s

 564626 473073  378.14344   64  233  762.21000  309.31646  59.4%   156 7455s

 565276 473175  465.51537   93  234  762.21000  309.31646  59.4%   156 7475s

 565450 475734  563.22919   94  180  762.21000  309.31646  59.4%   156 7541s

 568433 477030  539.49358  103  162  762.21000  309.34822  59.4%   156 7569s

 569873 478111  354.17402   47  232  762.21000  309.37162  59.4%   156 7593s

 571142 478905  500.48604   80  180  762.21000  309.38595  59.4%   156 7614s

 572096 479659  727.39353   99  143  762.21000  309.40852  59.4%   156 7632s

 572948 480617  529.41318   94  172  762.21000  309.41969  59.4%   156 7655s

 574041 481091  526.95129   90  196  762.21000  309.41969  59.4%   156 7675s

 574586 481817  357.30027   48  256  762.21000  309.42211  59.4%   156 7694s

 575431 482433  384.23757   45  193  762.21000  309.42211  59.4%   156 7711s

 576166 483237  425.08163   65  183  762.21000  309.43632  59.4%   156 7731s

 577087 483917  375.30885   71  204  762.21000  309.44352  59.4%   156 7752s

 577906 484460  387.32155   46   95  762.21000  309.45871  59.4%   156 7769s

 578517 485002  510.64053   92  195  762.21000  309.46249  59.4%   156 7787s

 579231 485634  396.50079   84  168  762.21000  309.46512  59.4%   156 7806s

 580006 485794  445.94124   56  136  762.21000  309.46512  59.4%   156 7826s

 580211 486986  555.39456   82  144  762.21000  309.46512  59.4%   156 7874s

 581614 488230  361.56954   47  250  762.21000  309.48647  59.4%   156 7913s

 583084 489338  355.18594   76  201  762.21000  309.50329  59.4%   156 7944s

 584490 490118  561.94141  129   96  762.21000  309.51186  59.4%   156 7966s

 585423 490494  365.68273   82  267  762.21000  309.51186  59.4%   157 7983s

 585927 491098 infeasible   50       762.21000  309.52356  59.4%   157 8002s

 586681 492344  465.35253   88  258  762.21000  309.54211  59.4%   157 8033s

 588181 493300  410.38050   78  136  762.21000  309.55434  59.4%   157 8061s

 589390 493943  448.25969  148  204  762.21000  309.55434  59.4%   157 8082s

 590162 494969  320.07643   54  323  762.21000  309.56275  59.4%   157 8108s

 591268 496129  459.50025  152  223  762.21000  309.56275  59.4%   157 8135s

 592623 497120  319.62961   45  215  762.21000  309.58837  59.4%   157 8162s

 593824 498068  702.95168   81  109  762.21000  309.59192  59.4%   157 8187s

 594939 498791  577.69848  107  217  762.21000  309.59192  59.4%   157 8209s

 595835 499168  419.57863   53  188  762.21000  309.60821  59.4%   157 8222s

 596288 500024  438.57666   39  218  762.21000  309.61505  59.4%   157 8245s

 597299 500584  522.69980   32  148  762.21000  309.63564  59.4%   157 8262s

 597948 501190  471.82688   53   93  762.21000  309.63860  59.4%   157 8281s

 598700 502110  343.19118   56  208  762.21000  309.66279  59.4%   157 8303s

 599786 502656  350.37713   56  257  762.21000  309.66419  59.4%   157 8320s

 600446 503595  581.15131  114  183  762.21000  309.66419  59.4%   157 8343s

 601526 504477  342.89332   62  238  762.21000  309.66419  59.4%   157 8365s

 602481 504970  588.52734   77  134  762.21000  309.66419  59.4%   157 8381s

 603046 505832  381.21148   75  264  762.21000  309.66419  59.4%   157 8402s

 604023 506139  619.73513  170  188  762.21000  309.66419  59.4%   157 8419s

 604584 506493  615.18002   74  169  762.21000  309.72747  59.4%   158 8433s

 605052 507476  419.92206   83  200  762.21000  309.73621  59.4%   158 8458s

 606150 508252  476.55781   86  190  762.21000  309.73985  59.4%   158 8482s

 607032 509145  414.31697   85  222  762.21000  309.74726  59.4%   158 8503s

 607963 509574  556.48795  190  213  762.21000  309.74726  59.4%   158 8522s

 608494 510556  452.92302  110  169  762.21000  309.74751  59.4%   158 8545s

 609616 511379  528.87721  114  157  762.21000  309.74751  59.4%   158 8569s

 610580 511840 infeasible   80       762.21000  309.80176  59.4%   158 8584s

 611127 512658  557.09156  102  127  762.21000  309.80229  59.4%   158 8607s

 612099 513354  443.42897   75  203  762.21000  309.80229  59.4%   158 8629s

 612953 513887  391.90323   62  160  762.21000  309.81303  59.4%   158 8646s

 613631 514376  374.00355   60  209  762.21000  309.84098  59.3%   158 8667s

 614176 514787  340.57731   41  181  762.21000  309.84098  59.3%   158 8686s

 614665 515542  587.49868   96  141  762.21000  309.84098  59.3%   158 8707s

 615600 516372 infeasible  113       762.21000  309.85380  59.3%   158 8729s

 616648 516914  368.51278   49  230  762.21000  309.85380  59.3%   158 8745s

 617247 517651  579.40517   90  202  762.21000  309.86577  59.3%   158 8767s

 618148 518275  443.99953   83  134  762.21000  309.86652  59.3%   158 8786s

 618912 518766  376.78438   66  150  762.21000  309.87663  59.3%   158 8805s

 619536 519113  734.63346  146  113  762.21000  309.87663  59.3%   158 8822s

 620081 519586  346.84272   41  268  762.21000  309.88726  59.3%   158 8841s

 620664 520074  425.75137   91  285  762.21000  309.88726  59.3%   158 8856s

 621217 520785  510.74684  187  265  762.21000  309.88726  59.3%   158 8877s

 622051 521487     cutoff  227       762.21000  309.88726  59.3%   158 8899s

 622882 522075  359.69586   49  199  762.21000  309.92013  59.3%   158 8920s

 623595 522864  381.87871   64  285  762.21000  309.92013  59.3%   158 8944s

 624542 523761  343.62055   57  249  762.21000  309.94130  59.3%   158 8969s

 625496 524104  612.71401  169  140  762.21000  309.94130  59.3%   158 8988s

 625907 524633  402.00978   85  184  762.21000  309.94130  59.3%   158 9008s

 626640 525027  758.78380   95  120  762.21000  309.95535  59.3%   159 9024s

 627160 525679  416.40605   44  175  762.21000  309.95832  59.3%   159 9049s

 627788 525679  533.96286   71  112  762.21000  309.96653  59.3%   159 9050s

 628011 526430  556.70890   88  208  762.21000  309.97075  59.3%   159 9072s

 628929 526904  466.76351   76  191  762.21000  309.97768  59.3%   159 9091s

 629495 527787  328.41192   65  183  762.21000  309.98640  59.3%   159 9116s

 630580 528700  464.64273   66  162  762.21000  309.99403  59.3%   159 9144s

 631639 529117  395.41279   59  192  762.21000  310.00027  59.3%   159 9164s

 632137 529646  752.35849  197  108  762.21000  310.00027  59.3%   159 9182s

 632721 530850  463.06493  108  199  762.21000  310.00027  59.3%   159 9210s

 634083 531796  541.45135  103  156  762.21000  310.03165  59.3%   159 9238s

 635078 532523  396.97241  102  232  762.21000  310.03221  59.3%   159 9260s

 635993 533159  722.66398  264  104  762.21000  310.03221  59.3%   159 9284s

 636774 534116  412.01792  124  157  762.21000  310.03221  59.3%   159 9309s

 637277 534116  536.77270  113  197  762.21000  310.05453  59.3%   159 9310s

 637873 535091  713.71067  273  167  762.21000  310.06724  59.3%   159 9335s

 638971 535294  355.14915   52  213  762.21000  310.06724  59.3%   159 9356s

 639245 537163  537.82367   97  170  762.21000  310.06724  59.3%   159 9414s

 639709 537163  425.35932   76  240  762.21000  310.06724  59.3%   159 9415s

 641502 537826  661.90756  138  185  762.21000  310.11939  59.3%   159 9436s

 642230 538924  339.55288   39  271  762.21000  310.12161  59.3%   159 9464s

 643513 539768  426.94617   59  160  762.21000  310.12161  59.3%   159 9489s

 644564 540385  428.80596   66  282  762.21000  310.14542  59.3%   159 9508s

 645310 540988  342.14181   46  257  762.21000  310.15438  59.3%   159 9525s

 646011 541291  384.55435   62  224  762.21000  310.16406  59.3%   159 9540s

 646452 541551  395.89177   71  193  762.21000  310.17416  59.3%   159 9559s

 646855 541815  455.18752   83  158  762.21000  310.18405  59.3%   160 9574s

 647119 542813  444.79826   84  182  762.21000  310.18405  59.3%   160 9600s

 648324 543599  418.76307   48  193  762.21000  310.19233  59.3%   160 9625s

 649324 544428  388.31436   51  202  762.21000  310.19233  59.3%   160 9648s

 650273 544934  425.84709   78  246  762.21000  310.22786  59.3%   160 9668s

 650930 545947  339.64614   65  196  762.21000  310.23109  59.3%   160 9694s

 651714 545947  440.63204  108  218  762.21000  310.23483  59.3%   160 9695s

 652034 546740  492.81823  180  175  762.21000  310.23483  59.3%   160 9718s

 652939 547419  375.27735   39  225  762.21000  310.23483  59.3%   160 9740s

 653758 547797 infeasible   99       762.21000  310.25837  59.3%   160 9760s

 654204 548295  337.99503   65  277  762.21000  310.26140  59.3%   160 9787s

 654830 549888  684.04379   70   95  762.21000  310.26140  59.3%   160 9833s

 656752 550556  326.96143   41  197  762.21000  310.30013  59.3%   160 9858s

 657476 551645  489.17164   73  127  762.21000  310.30170  59.3%   160 9886s

 658685 552540  346.66542   48  304  762.21000  310.30895  59.3%   160 9914s

 659409 552540  608.40003  157  195  762.21000  310.30895  59.3%   160 9915s

 659727 553484  480.04655  120  211  762.21000  310.30895  59.3%   160 9943s

 660818 553964  324.68535   66  218  762.21000  310.33568  59.3%   160 9962s

 661328 554837  418.80089   90  213  762.21000  310.33568  59.3%   160 9987s

 662338 555725     cutoff  184       762.21000  310.33754  59.3%   160 10015s

 663305 556568  745.11861  162  101  762.21000  310.35742  59.3%   160 10051s

 664266 557031  520.77559   98  196  762.21000  310.35888  59.3%   160 10079s

 664811 557771  521.63923   99  215  762.21000  310.35888  59.3%   160 10107s

 665741 558406  685.83131   82  152  762.21000  310.38722  59.3%   160 10130s

 666503 558969  469.78729  160  216  762.21000  310.38722  59.3%   160 10152s

 667120 559815  345.14054   54  272  762.21000  310.38722  59.3%   160 10178s

 668054 560490  710.98525  184  145  762.21000  310.38722  59.3%   160 10202s

 668835 560969  667.17505  108  219  762.21000  310.40091  59.3%   160 10229s

 669397 561980     cutoff  109       762.21000  310.42476  59.3%   160 10263s

 670607 562638  443.71740   86  176  762.21000  310.42665  59.3%   160 10303s

 671400 563283  475.91882   79  199  762.21000  310.42665  59.3%   160 10352s

 672233 564059  409.61000   60  140  762.21000  310.46215  59.3%   160 10404s

 672805 564059  474.04759   64  158  762.21000  310.47856  59.3%   160 10405s

 673129 564673  451.82591   61  217  762.21000  310.48529  59.3%   160 10451s

 673956 564998  475.23378   66  194  762.21000  310.49278  59.3%   160 10498s

 674333 565734  486.70187   67  155  762.21000  310.49278  59.3%   160 10551s

 675173 566712  397.69345   59  185  762.21000  310.50182  59.3%   160 10616s

 676272 567432  607.73247  171  153  762.21000  310.50627  59.3%   160 10669s

 677068 567930  344.83096   63  258  762.21000  310.50627  59.3%   160 10721s

 677702 568658 infeasible   93       762.21000  310.50627  59.3%   160 10773s

 678611 569305  424.87458   67  228  762.21000  310.53021  59.3%   160 10823s

 679435 570227  372.24502   66  164  762.21000  310.54469  59.3%   160 10880s

 680491 570853  331.92386   47  221  762.21000  310.55484  59.3%   160 10934s

 681187 571463  503.91533  129  209  762.21000  310.55484  59.3%   161 10980s

 681935 571820  319.52566   65  180  762.21000  310.55484  59.3%   161 11020s

 682385 572647  457.53618  101  234  762.21000  310.55484  59.3%   161 11080s

 683258 573338  595.58161  228  166  762.21000  310.55484  59.3%   161 11128s

 684101 573754  556.43129   71  162  762.21000  310.55484  59.3%   161 11169s

 684642 574547  542.12715   72  227  762.21000  310.55484  59.3%   161 11228s

 685571 575674  389.71377   52  203  762.21000  310.60399  59.2%   161 11310s

 686825 576494  373.47524   42  202  762.21000  310.61451  59.2%   161 11368s

 687739 577158  736.06029  215  110  762.21000  310.61451  59.2%   161 11417s

 688543 578090  418.09218   52  172  762.21000  310.61451  59.2%   161 11481s

 689623 578672  489.03944   93  213  762.21000  310.63703  59.2%   161 11519s

 690237 579528  359.25103   57  154  762.21000  310.64673  59.2%   161 11577s

 691193 580390  521.67376   79  141  762.21000  310.64862  59.2%   161 11634s

 692204 581124  355.18666   53  256  762.21000  310.65542  59.2%   161 11677s

 693079 581912  385.75300   71  108  762.21000  310.66281  59.2%   161 11731s

 694027 582648  385.55206   95  120  762.21000  310.66281  59.2%   161 11780s

 694820 583182  622.15190  118  167  762.21000  310.66281  59.2%   161 11830s

 695495 583844  581.98983   80  175  762.21000  310.67701  59.2%   161 11869s

 696287 584271  701.33990  155  172  762.21000  310.67701  59.2%   161 11886s

 696790 584855  404.41323   78  224  762.21000  310.67701  59.2%   161 11944s

 697473 585943  317.95619   63  136  762.21000  310.67701  59.2%   161 12008s

 698636 586890  611.26467  271  126  762.21000  310.67701  59.2%   161 12060s

 699693 587289  463.22276  120  159  762.21000  310.67701  59.2%   161 12091s

 700147 588205  389.42883   48  235  762.21000  310.71178  59.2%   161 12141s

 701129 589032  605.83550  169  182  762.21000  310.71178  59.2%   161 12182s

 702074 589327  545.77356   92  186  762.21000  310.71178  59.2%   161 12222s

 702436 589890  485.80659   69  152  762.21000  310.71178  59.2%   161 12267s

 703140 590779  522.22590  109  166  762.21000  310.73196  59.2%   161 12313s

 704068 591518  573.52293  113  129  762.21000  310.73196  59.2%   161 12352s

 704912 592319  442.80449   86  256  762.21000  310.73196  59.2%   161 12404s

 705062 592319  694.93390  187  163  762.21000  310.73196  59.2%   161 12405s

 705807 593056  597.37013  173  206  762.21000  310.74205  59.2%   161 12447s

 706600 593720  711.85624  274  195  762.21000  310.74461  59.2%   161 12501s

 707399 594458  451.55089  119  149  762.21000  310.77184  59.2%   161 12552s

 708194 594849  671.06468  228  108  762.21000  310.77184  59.2%   161 12589s

 708628 595508  354.79734   76  176  762.21000  310.77184  59.2%   161 12636s

 709406 596154  337.75250   40  188  762.21000  310.78537  59.2%   161 12683s

 710132 596870  500.44674   84  274  762.21000  310.78537  59.2%   161 12729s

 710910 597526  472.75361   43  321  762.21000  310.78553  59.2%   161 12777s

 711645 598092  590.55507   70  158  762.21000  310.78553  59.2%   161 12821s

 712281 598835  347.83777   63  274  762.21000  310.78553  59.2%   161 12870s

 713229 599449  355.71688   36  293  762.21000  310.78553  59.2%   161 12908s

 713938 600334  560.56014   89  170  762.21000  310.78553  59.2%   161 12974s

 714567 600334  505.15953   72  207  762.21000  310.78553  59.2%   161 12975s

 714997 601013  326.54715   48  205  762.21000  310.80634  59.2%   161 13019s

 715766 601478  755.02755  117  171  762.21000  310.80634  59.2%   161 13056s

 716342 602277  656.93574  121  154  762.21000  310.83673  59.2%   161 13113s

 717313 602831  674.32480  139  119  762.21000  310.83673  59.2%   161 13154s

 718055 603299  371.93174   46  350  762.21000  310.85978  59.2%   161 13193s

 718689 603588  357.54723   78  211  762.21000  310.86369  59.2%   161 13230s

 719017 604308  412.43246   47  181  762.21000  310.87308  59.2%   161 13275s

 719905 605221  466.70437   88  238  762.21000  310.88033  59.2%   161 13330s

 720919 606072  490.12090   89  110  762.21000  310.88775  59.2%   161 13390s

 721869 606862  411.37142   71  165  762.21000  310.88775  59.2%   161 13442s

 722855 607513  413.88613   80  215  762.21000  310.89292  59.2%   161 13486s

 723563 608313  336.34725   49  270  762.21000  310.90781  59.2%   161 13538s

 724484 609264  359.64519   41  139  762.21000  310.91861  59.2%   161 13590s

 725531 609709  458.79336   64  184  762.21000  310.91904  59.2%   161 13636s

 726095 610180  444.16938   81  216  762.21000  310.91904  59.2%   161 13673s

 726640 610973 infeasible   70       762.21000  310.91949  59.2%   161 13725s

 727581 611893  515.43687   71  143  762.21000  310.91949  59.2%   161 13786s

 728683 612291  516.80434   94  123  762.21000  310.91949  59.2%   161 13824s

 729205 613178  442.76987   64  155  762.21000  310.95390  59.2%   161 13875s

 730305 613863  448.31001   73  188  762.21000  310.95871  59.2%   162 13921s

 731108 614297  529.16496   89  175  762.21000  310.96721  59.2%   162 13965s

 731686 615522  431.73447   88  151  762.21000  310.97837  59.2%   162 14027s

 733104 616681  376.94069   63  219  762.21000  310.98300  59.2%   162 14089s

 734429 617426  495.90457   91  188  762.21000  310.98691  59.2%   162 14134s

 734666 617426  460.75037   65  171  762.21000  310.98691  59.2%   162 14135s

 735305 617827  374.01493   52  239  762.21000  310.98691  59.2%   162 14171s

 735760 618577  663.92922   69  125  762.21000  310.98691  59.2%   162 14220s

 736679 619544  563.07058  157  143  762.21000  310.98691  59.2%   162 14277s

 737790 620281  392.26655   61  191  762.21000  311.02955  59.2%   162 14323s

 738567 621125  520.30513  171  166  762.21000  311.02955  59.2%   162 14367s

 739624 621508  621.28375   56  165  762.21000  311.04354  59.2%   162 14400s



Cutting planes:

  Learned: 14

  Gomory: 29

  Lift-and-project: 9

  Cover: 116

  Implied bound: 664

  Projected implied bound: 7

  Clique: 498

  MIR: 629

  Mixing: 37

  StrongCG: 88

  Flow cover: 1306

  GUB cover: 8

  Inf proof: 13

  Zero half: 2103

  RLT: 89

  Relax-and-lift: 939



Explored 740074 nodes (119710176 simplex iterations) in 14401.72 seconds (9214.29 work units)

Thread count was 16 (of 16 available processors)



Solution count 10: 762.21 768.57 774.56 ... 830.18



Time limit reached

Best objective 7.622100000000e+02, best bound 3.110435399046e+02, gap 59.1919%



AMPL MP initial flat model has 7124 variables (0 integer, 7053 binary);

Objectives: 1 quadratic; 

Constraints:  1977 linear; 10 quadratic;



AMPL MP final model has 7124 variables (0 integer, 7053 binary);

Objectives: 1 quadratic; 

Constraints:  1977 linear; 10 quadratic;





-----RESULTS INFO-----
running_time:  14421.297
TC.best_bound:  311.043539904574
TC:  762.2099999999998
MIP Gap (%):  59.19188413894149
=== Vehicle Routes ===
Vehicle 1: 0  50
Vehicle 1: 1  51
Vehicle 1: 2  1
Vehicle 1: 4  2
Vehicle 1: 50  4
Vehicle 2: 0  3
Vehicle 2: 3  12
Vehicle 2: 8  51
Vehicle 2: 12  45
Vehicle 2: 45  8
Vehicle 3: 0  6
Vehicle 3: 5  51
Vehicle 3: 6  39
Vehicle 3: 10  5
Vehicle 3: 39  10
Vehicle 4: 0  9
Vehicle 4: 7  51
Vehicle 4: 9  47
Vehicle 4: 13  7
Vehicle 4: 47  13
Vehicle 5: 0  49
Vehicle 5: 11  51
Vehicle 5: 49  11
Vehicle 6: 0  48
Vehicle 6: 44  51
Vehicle 6: 48  44

=== Full Vehicle Routes ===
Vehicle 1: 0  50  4  2  1  0 (100<100)
Vehicle 2: 0  3  12  45  8  0 (100<100)
Vehicle 3: 0  6  39  10  5  0 (75<100)
Vehicle 4: 0  9  47  13  7  0 (98<100)
Vehicle 5: 0  49  11  0 (98<100)
Vehicle 6: 0  48  44  0 (99<100)
Arc used by MRT line: y variables:
MRT used: 47  46
Customer assigment to PL: u variables:
14 50
15 48
16 46
17 45
18 48
19 45
20 48
21 50
22 49
23 48
24 48
25 47
26 44
27 49
28 48
29 45
30 49
31 48
32 50
33 50
34 44
35 44
36 50
37 46
38 50
40 49
41 49
42 50
43 49
Node is served by regular vehicle: g variables:
1
2
3
4
5
6
7
8
9
10
11
12
13
39
50
44
45
47
48
49
Customer assigment to Home delivery: gm variables:
1
2
3
4
5
6
7
8
9
10
11
12
13
39
Node total demands: ntd variables:
1 23 1
2 14 1
3 24 1
4 4 1
5 19 1
6 14 1
7 14 1
8 9 1
9 9 1
10 18 1
11 24 1
12 18 1
13 14 1
29 0 0
30 0 0
31 0 0
32 0 0
33 0 0
34 0 0
35 0 0
36 0 0
37 0 0
38 0 0
39 24 1
40 0 0
41 0 0
42 0 0
43 0 0
50 59 1
44 19 1
45 49 1
46 0 0
47 61 1
48 80 1
49 74 1
Customer's demand delivered to PL: l variables:
14
15
16
17
18
19
20
21
22
23
24
25
26
27
28
29
30
31
32
33
34
35
36
37
38
40
41
42
43
Lockers load <= capacity:
59 <= 94
19 <= 90
49 <= 97
48 <= 72
13 <= 71
80 <= 87
74 <= 94
