Gurobi 12.0.3:   lim:time = 14400

  mip:bestbound = 1

Set parameter LogToConsole to value 1

  tech:outlev = 1

Set parameter Cuts to value 3

  cut:cuts = 3

Set parameter Presolve to value 2

  pre:solve = 2

Set parameter MIPFocus to value 2

  mip:focus = 2

Set parameter Symmetry to value 2

  mip:symmetry = 2

Set parameter InfUnbdInfo to value 1

Gurobi Optimizer version 12.0.3 build v12.0.3rc0 (win64 - Windows 10.0 (19045.2))



CPU model: 11th Gen Intel(R) Core(TM) i7-11700 @ 2.50GHz, instruction set [SSE2|AVX|AVX2|AVX512]

Thread count: 8 physical cores, 16 logical processors, using up to 16 threads



Non-default parameters:

TimeLimit  14400

MIPFocus  2

Symmetry  2

Cuts  3

InfUnbdInfo  1

Presolve  2



Optimize a model with 1978 rows, 7127 columns and 44714 nonzeros

Model fingerprint: 0xa3491a14

Model has 6 quadratic objective terms

Model has 12 quadratic constraints

Variable types: 71 continuous, 7056 integer (0 binary)

Coefficient statistics:

  Matrix range     [1e+00, 1e+05]

  QMatrix range    [1e+00, 1e+00]

  QLMatrix range   [1e+00, 2e+01]

  Objective range  [1e+00, 1e+02]

  QObjective range [2e+00, 2e+00]

  Bounds range     [1e+00, 1e+02]

  RHS range        [1e+00, 1e+05]

  QRHS range       [1e+02, 1e+02]

Presolve removed 109 rows and 258 columns

Presolve time: 1.08s

Presolved: 6186 rows, 11165 columns, 53972 nonzeros

Variable types: 1217 continuous, 9948 integer (9742 binary)

Root relaxation presolve removed 7 rows and 3 columns

Root relaxation presolved: 6170 rows, 11153 columns, 97196 nonzeros





Root relaxation: objective 1.799764e+02, 756 iterations, 0.08 seconds (0.11 work units)



    Nodes    |    Current Node    |     Objective Bounds      |     Work

 Expl Unexpl |  Obj  Depth IntInf | Incumbent    BestBd   Gap | It/Node Time



     0     0  179.97638    0  134          -  179.97638      -     -    3s

     0     0  249.99136    0  118          -  249.99136      -     -    4s

     0     0  249.99136    0  132          -  249.99136      -     -    4s

     0     0  250.38171    0  135          -  250.38171      -     -    4s

H    0     0                    1206.5200000  250.38171  79.2%     -    5s

H    0     0                    1203.2200000  250.38171  79.2%     -    5s

     0     0  250.38171    0  137 1203.22000  250.38171  79.2%     -    5s

     0     0  252.41790    0  159 1203.22000  252.41790  79.0%     -    5s

     0     0  254.67876    0  152 1203.22000  254.67876  78.8%     -    5s

     0     0  254.85614    0  152 1203.22000  254.85614  78.8%     -    5s

H    0     0                    1192.5800000  254.85614  78.6%     -    6s

H    0     0                    1185.9700000  269.25020  77.3%     -    6s

     0     0  269.25020    0  138 1185.97000  269.25020  77.3%     -    7s

H    0     0                    1153.2700000  272.61537  76.4%     -    7s

H    0     0                    1151.7600000  272.61537  76.3%     -    7s

H    0     0                    1151.1400000  272.61537  76.3%     -    7s

     0     0  272.61537    0  202 1151.14000  272.61537  76.3%     -    7s

     0     0  272.61537    0  192 1151.14000  272.61537  76.3%     -    7s

H    0     0                    1137.6400000  272.61537  76.0%     -    7s

H    0     0                    1129.3000000  272.61537  75.9%     -    7s

H    0     0                    1121.9800000  274.47815  75.5%     -    8s

H    0     0                    1018.1900000  274.47815  73.0%     -    8s

     0     0  274.47815    0  193 1018.19000  274.47815  73.0%     -    8s

     0     0  275.05219    0  263 1018.19000  275.05219  73.0%     -    8s

H    0     0                    1012.4600000  275.05219  72.8%     -    8s

     0     0  279.22323    0  239 1012.46000  279.22323  72.4%     -    8s

     0     0  279.42106    0  236 1012.46000  279.42106  72.4%     -    9s

     0     0  279.53866    0  151 1012.46000  279.53866  72.4%     -    9s

     0     0  279.53866    0  151 1012.46000  279.53866  72.4%     -    9s

     0     2  279.53866    0  150 1012.46000  279.53866  72.4%     -   10s

H   52    64                    1002.8500000  281.08931  72.0%   268   11s

H   65    82                    1001.1700000  281.08931  71.9%   250   11s

H  246   252                     993.2100000  281.08931  71.7%   210   13s

H  298   311                     971.8100000  281.08931  71.1%   193   14s

H  369   382                     962.2300000  281.08931  70.8%   180   14s

   393   400  336.97837   53  110  962.23000  281.08931  70.8%   182   15s

H  413   421                     921.8000000  281.08931  69.5%   182   15s

H  512   508                     914.4600000  281.08931  69.3%   167   16s

H  621   624                     913.4600000  281.08931  69.2%   153   17s

H  804   810                     894.6300000  281.08931  68.6%   137   18s

  1501  1468  284.10527   15  226  894.63000  281.08931  68.6%   107   20s

H 1879  1762                     894.3000000  281.08931  68.6%   102   22s

H 2039  1991                     886.0700000  281.08931  68.3%   100   23s

H 2055  1991                     881.9100000  281.08931  68.1%  99.5   23s

H 2064  1991                     881.0600000  281.08931  68.1%  99.5   23s

  2663  2408  478.20856   91 3089  881.06000  281.08931  68.1%  93.3   26s

  2668  2411  360.24689   74  247  881.06000  281.86155  68.0%  93.1   30s

  2671  2413  368.87178  116  280  881.06000  281.86155  68.0%  93.0   35s

H 2671  2292                     880.7900000  281.86155  68.0%  93.0   37s

H 2671  2177                     880.5200000  281.86155  68.0%  93.0   37s

H 2672  2069                     879.5800000  281.86155  68.0%  93.0   37s

H 2673  1966                     878.6600000  281.86155  67.9%  93.0   43s

H 2674  1868                     865.5500000  283.09446  67.3%  92.9   45s

H 2674  1774                     865.2200000  283.09446  67.3%  92.9   45s

H 2675  1686                     864.7200000  284.28918  67.1%  92.9   49s

  2677  1687  338.41697   24  214  864.72000  284.37697  67.1%  92.8   51s

H 2678  1603                     840.3900000  284.69119  66.1%  92.8   53s

H 2678  1523                     837.3200000  284.69119  66.0%  92.8   53s

  2680  1524  444.94622   86  222  837.32000  284.82216  66.0%  92.7   55s

  2681  1525  372.10205   30  280  837.32000  286.08491  65.8%  92.7   60s

  2682  1526  366.36250   82  220  837.32000  286.98197  65.7%  92.6   65s

H 2682  1449                     829.3200000  287.75804  65.3%  92.6   71s

H 2683  1376                     829.1600000  288.06846  65.3%  92.6   75s

H 2683  1307                     828.6800000  288.06846  65.2%  92.6   75s

  2686  1309  396.11480  128  274  828.68000  289.27065  65.1%  92.5   84s

H 2686  1243                     827.4200000  289.30926  65.0%  92.5   84s

  2687  1244  432.60571  149  313  827.42000  290.10040  64.9%  92.5   88s

H 2687  1182                     817.8300000  290.36804  64.5%  92.5   89s

  2689  1183  592.04692  170  315  817.83000  290.87275  64.4%  92.4   90s

H 2691  1125                     814.7300000  291.68527  64.2%  92.3   93s

H 2691  1068                     805.1400000  291.68527  63.8%  92.3   93s

H 2691  1014                     797.8800000  291.68527  63.4%  92.3   93s

  2694  1016  375.52584   64  311  797.88000  291.80322  63.4%  92.2   95s

H 2695   965                     797.8100000  292.28807  63.4%  92.2   97s

  2700   969  441.95444  155  341  797.81000  292.61438  63.3%  92.0  100s

H 2701   920                     793.9400000  292.83836  63.1%  92.0  101s

  2707   924  575.40452   87  368  793.94000  293.05117  63.1%  91.8  105s

H 2707   877                     791.5400000  293.05117  63.0%  91.8  106s

H 2707   832                     777.4800000  293.05117  62.3%  91.8  106s

  2713   836  458.00376  123  409  777.48000  293.38450  62.3%  91.6  110s

H 2715   796                     767.5200000  293.53366  61.8%  91.5  113s

  2718   798  704.29565  241  396  767.52000  293.70421  61.7%  91.4  115s

  2726   803  588.80181   94  415  767.52000  294.10085  61.7%  91.1  120s

  2734   808  460.66215  167  437  767.52000  294.80936  61.6%  90.9  125s

  2742   814  513.45463   71  458  767.52000  295.08506  61.6%  90.6  131s

  2753   821  295.38747   30  487  767.52000  295.38747  61.5%  90.2  135s

  2766   830  382.13016   67  456  767.52000  295.63228  61.5%  89.8  141s

  2821   877  295.63228   17  247  767.52000  295.63228  61.5%   109  145s

H 2848   849                     757.9300000  295.63228  61.0%   109  145s

H 3063   948                     757.3300000  295.63228  61.0%   117  149s

  3107  1008  296.91836   32  221  757.33000  295.63228  61.0%   118  150s

  3419  1211  321.57929   41  117  757.33000  295.63228  61.0%   122  155s

H 3575  1248                     755.8000000  295.63228  60.9%   122  157s

  3769  1429  362.36104   52  108  755.80000  295.63228  60.9%   122  160s

  4300  1644  378.98802   68  150  755.80000  295.63228  60.9%   124  165s

H 4302  1607                     750.4300000  295.63228  60.6%   124  165s

  4691  1858  411.49584   82   87  750.43000  295.63228  60.6%   127  170s

  5100  2175  441.79405  104   90  750.43000  295.63228  60.6%   126  175s

  5909  2881  589.91189  139  108  750.43000  295.63228  60.6%   122  180s

  6392  3427  512.14689  165  121  750.43000  295.63228  60.6%   120  186s

  7340  4435  308.83930   34  168  750.43000  295.63228  60.6%   116  190s

  8648  5866  295.63228   20  187  750.43000  295.63228  60.6%   109  196s

 10083  7034  333.68007   55  147  750.43000  295.63228  60.6%   104  201s

 11340  7846  436.27389   59  145  750.43000  295.63228  60.6%  99.4  205s

H11436  7841                     747.4800000  295.63228  60.4%  99.0  205s

H11485  7832                     740.6400000  295.63228  60.1%  99.0  205s

 12562  8964  441.80593   77  140  740.64000  295.63228  60.1%  97.9  212s

 13542 10547  362.65356   39  164  740.64000  295.63228  60.1%  97.1  217s

 14712 10802  630.13531  215  119  740.64000  295.63228  60.1%  93.4  221s

 15024 11412  346.75337   37  185  740.64000  295.63228  60.1%  93.5  225s

 16062 13093  390.01562   59  212  740.64000  295.63228  60.1%  92.3  234s

 17614 13908  654.35464  142  125  740.64000  295.63228  60.1%  90.5  237s

 18518 14578  635.07705  210   63  740.64000  295.63228  60.1%  89.5  240s

 20126 16096  364.54348   67   93  740.64000  295.63228  60.1%  87.3  246s

 22111 17894  405.48917   49  150  740.64000  295.63228  60.1%  85.5  252s

 23033 18391  492.64627   83  105  740.64000  295.63228  60.1%  85.2  256s

 24280 19779  295.63228   15  225  740.64000  295.63228  60.1%  86.0  262s

 25186 19812  654.36130  105  148  740.64000  295.63228  60.1%  85.8  265s

 25550 20637  665.54149  108  153  740.64000  295.63228  60.1%  85.5  272s

 26268 21402  296.49161   26  237  740.64000  295.63228  60.1%  85.9  275s

 27266 21872  305.48176   30  182  740.64000  295.63228  60.1%  85.3  282s

 27776 23122  346.32313   47  143  740.64000  295.63228  60.1%  85.9  286s

 29163 24552  306.13769   26  191  740.64000  295.63228  60.1%  85.0  291s

 31528 25663  309.27808   29  185  740.64000  295.63228  60.1%  83.5  296s

 33159 27348  301.19160   39  255  740.64000  295.63228  60.1%  82.1  302s

 33825 28145  379.13460  102  152  740.64000  295.63228  60.1%  81.8  305s

 35566 29437  705.41869  121  117  740.64000  295.63228  60.1%  81.4  312s

 36180 30223  405.28979  115  131  740.64000  295.63228  60.1%  81.7  315s

 38069 31723  323.32792   28  232  740.64000  295.63228  60.1%  80.6  321s

 39578 32982  578.78237  192  141  740.64000  295.63228  60.1%  80.2  327s

 40089 33765  323.15862   36  176  740.64000  295.63228  60.1%  80.1  330s

 41281 34089  325.57389   36  188  740.64000  295.63228  60.1%  80.0  336s

 41567 34785  369.33769   46  183  740.64000  295.63228  60.1%  80.3  342s

 42168 35072  313.59386   36  194  740.64000  295.63228  60.1%  80.1  345s

 43323 36566  434.76014   95  236  740.64000  295.63228  60.1%  80.6  351s

 44180 37805  306.35980   34  205  740.64000  295.63228  60.1%  80.4  357s

 45744 38871  416.92996   90  160  740.64000  295.63228  60.1%  80.3  362s

 46689 39362  305.60312   23  110  740.64000  295.63228  60.1%  80.1  366s

H46920 39354                     737.7900000  295.63228  59.9%  80.0  366s

 48237 40740  376.65167   61  150  737.79000  295.63228  59.9%  79.9  372s

 48726 41439  567.29895  131  162  737.79000  295.63228  59.9%  79.8  375s

 50269 42373 infeasible   89       737.79000  295.63228  59.9%  81.0  381s

 51121 43695  321.93336   48  134  737.79000  295.63228  59.9%  81.6  387s

 52301 44714  512.87866  234  183  737.79000  295.63228  59.9%  81.3  391s

 54064 45779  370.89706   65  125  737.79000  295.63228  59.9%  81.5  397s

 54736 46792  386.42570   89  138  737.79000  295.63228  59.9%  81.8  401s

H54830 46787                     736.7300000  295.63228  59.9%  81.8  401s

 56864 47999  554.88769  197  104  736.73000  295.63228  59.9%  81.0  408s

H56937 47902                     727.5700000  295.63228  59.4%  80.9  408s

 57267 48914  323.61382   38  174  727.57000  295.63228  59.4%  80.8  412s

 58425 49173  318.39756   24  184  727.57000  295.63228  59.4%  80.5  415s

 58703 50030  326.93496   44  133  727.57000  295.63228  59.4%  80.4  420s

 60725 51461  340.32098   65  162  727.57000  295.63228  59.4%  80.1  427s

 61280 52209  441.59225  153  135  727.57000  295.63228  59.4%  80.1  430s

 63495 54146  521.58238  107  182  727.57000  295.63228  59.4%  79.4  437s

 64261 54963  426.46494   71  108  727.57000  295.63228  59.4%  79.3  440s

 65756 56181  325.04921   22  151  727.57000  295.63228  59.4%  79.1  446s

 67256 57517  684.13805  140  103  727.57000  295.63228  59.4%  79.0  452s

 68047 57921  408.30976  105  124  727.57000  295.63228  59.4%  79.1  456s

 69266 59176  365.03743   30  131  727.57000  295.63228  59.4%  79.1  462s

 69994 59781  572.62309   49  129  727.57000  295.63228  59.4%  79.4  465s

 71427 61213  317.68336   25  204  727.57000  295.63228  59.4%  79.6  472s

 72351 61326  484.63185   96   78  727.57000  295.63228  59.4%  79.6  476s

H72453 61240                     722.6300000  295.63228  59.1%  79.6  476s

H72515 61025                     707.6300000  295.63228  58.2%  79.7  479s

 72980 61591     cutoff   41       707.63000  295.63228  58.2%  79.7  482s

 73639 62312  692.51899   95  155  707.63000  295.63228  58.2%  79.7  488s

 74481 63017  417.15145   91  123  707.63000  295.63228  58.2%  79.9  492s

 75247 63957  647.70667  187  100  707.63000  295.63228  58.2%  79.9  496s

 76377 64681  475.72413  155  165  707.63000  295.63228  58.2%  79.8  500s

 78045 65589  356.91579   41  134  707.63000  295.63228  58.2%  80.0  507s

 78332 66303  331.62083   24  201  707.63000  295.63228  58.2%  80.2  511s

 79707 67580  330.77475   30  112  707.63000  295.63228  58.2%  80.7  519s

 80757 68826  339.64870   54  206  707.63000  295.63228  58.2%  80.6  523s

 82074 69282  573.36397  177   92  707.63000  295.63228  58.2%  80.3  526s

 82622 70401  406.61381   59  150  707.63000  295.63228  58.2%  80.3  530s

 84735 71214  690.21945  254  143  707.63000  295.63228  58.2%  80.0  538s

H84740 71156                     706.8700000  295.63228  58.2%  80.0  538s

 84743 71757  690.29510  255  144  706.87000  295.63228  58.2%  80.0  542s

 85410 72406  413.01723  101  128  706.87000  295.63228  58.2%  80.0  545s

 87089 73816  472.29973  159  161  706.87000  295.63228  58.2%  79.9  553s

 87697 74622  387.59762   92  158  706.87000  295.65506  58.2%  79.8  556s

 88554 75276  625.32386  235   93  706.87000  295.65506  58.2%  79.7  561s

 89291 76397  362.16911   69  160  706.87000  295.73359  58.2%  79.6  565s

 91216 78043  517.36603  204  172  706.87000  295.90785  58.1%  79.5  573s

 92312 78600  674.09002   68  133  706.87000  295.91058  58.1%  79.4  576s

 93318 79134  414.41126   78  118  706.87000  295.97909  58.1%  79.9  582s

 93587 79903  423.81769   86  118  706.87000  295.97909  58.1%  80.1  586s

 94526 80685  538.81858  123  100  706.87000  295.97909  58.1%  80.3  591s

 96191 81596  319.23687   41  147  706.87000  296.05303  58.1%  80.5  598s

 96501 82089  402.74358  118  187  706.87000  296.13391  58.1%  80.7  601s

 97062 83015  344.58997   43  174  706.87000  296.13391  58.1%  80.9  606s

 98135 83272  539.11690  122  125  706.87000  296.13391  58.1%  81.0  610s

 98816 84265  314.08987   36  215  706.87000  296.19475  58.1%  81.2  617s

 99608 85016  379.43383   36  183  706.87000  296.26176  58.1%  81.3  622s

 100502 85457  305.77633   34  193  706.87000  296.27179  58.1%  81.4  625s

 102226 87362  489.14630  142  101  706.87000  296.27179  58.1%  81.5  633s

 103237 88369  402.16841   50  135  706.87000  296.46842  58.1%  81.5  639s

 104379 88377  433.66073  139  152  706.87000  296.57395  58.0%  81.5  642s

 104387 88659  450.30407  140  142  706.87000  296.57395  58.0%  81.5  645s

 105664 90414  356.14674   68  159  706.87000  296.63882  58.0%  81.5  652s

 106634 90735  510.95607  176  154  706.87000  296.63882  58.0%  81.3  656s

 107011 91853  345.98799   48  111  706.87000  296.63882  58.0%  81.3  660s

 109408 94056  450.54845  146  140  706.87000  296.63882  58.0%  80.9  667s

 110592 94822  323.62842   33  201  706.87000  296.63882  58.0%  80.6  670s

 112401 96152  314.54566   30  178  706.87000  296.82157  58.0%  80.4  675s

 113483 97530  476.41471  102  130  706.87000  296.84223  58.0%  80.5  681s

 115216 98802  627.43169  226  136  706.87000  296.84278  58.0%  80.3  687s

 115827 99603  309.24475   28  211  706.87000  296.90461  58.0%  80.3  690s

 117317 100498  317.39875   29  222  706.87000  296.93227  58.0%  80.4  696s

 117735 100975  467.46803   71  123  706.87000  296.93227  58.0%  80.4  701s

 118329 102274  310.88634   27  243  706.87000  297.05883  58.0%  80.5  707s

 119766 103259  431.88163  116  113  706.87000  297.05883  58.0%  80.4  713s

 120907 103767  390.64029  108  148  706.87000  297.19934  58.0%  80.4  717s

 121427 104764  512.72273  219  158  706.87000  297.19934  58.0%  80.2  723s

 122575 105257  309.34395   37  225  706.87000  297.19934  58.0%  80.2  728s

 123100 106242  377.42065   84  161  706.87000  297.19934  58.0%  80.2  733s

 124243 106894  681.60329  310  146  706.87000  297.19934  58.0%  80.1  738s

 125021 107639  473.54591  112  169  706.87000  297.19934  58.0%  80.1  742s

 125865 108124  363.82898   34  207  706.87000  297.19934  58.0%  80.2  747s

 126389 108868  530.85272   46  165  706.87000  297.33668  57.9%  80.2  752s

 127268 109095 infeasible   45       706.87000  297.33668  57.9%  80.1  756s

 127941 110150  613.02382   65  146  706.87000  297.47894  57.9%  80.5  764s

 128811 111065  315.95217   36  181  706.87000  297.53945  57.9%  80.6  770s

 130013 111945  314.16406   42  201  706.87000  297.53945  57.9%  80.5  779s

 130821 112410  461.75116  170  162  706.87000  297.62617  57.9%  80.6  783s

 131348 113205  312.64245   29  180  706.87000  297.62617  57.9%  80.7  788s

 132214 113642  487.51887  128  223  706.87000  297.62617  57.9%  80.8  795s

 132737 115120  586.91843  246  166  706.87000  297.69310  57.9%  80.8  804s

 134360 115882  343.97435   42  171  706.87000  297.80838  57.9%  80.7  809s

 135236 116230  407.37429   78  179  706.87000  297.80838  57.9%  80.8  813s

 135670 116865  322.58243   24  154  706.87000  297.94414  57.9%  80.9  819s

 136386 117556  345.68485   46  198  706.87000  297.95584  57.8%  81.0  823s

 137166 118155 infeasible   97       706.87000  297.98106  57.8%  81.2  830s

 137895 118903  598.91079  110   80  706.87000  298.00497  57.8%  81.2  838s

 138794 119658  407.28625   73  219  706.87000  298.03878  57.8%  81.2  846s

 139672 120239  377.97487   51  163  706.87000  298.09594  57.8%  81.4  853s

 140253 121200  555.48323  141   94  706.87000  298.09594  57.8%  81.5  862s

 141410 122026  581.30422  148  166  706.87000  298.10637  57.8%  81.6  871s

 142333 123013  422.64221  141  196  706.87000  298.10637  57.8%  81.6  880s

 143427 123379  417.12562   71  107  706.87000  298.17699  57.8%  81.6  887s

 143922 124271  350.33021   59  175  706.87000  298.17699  57.8%  81.7  896s

 144920 124279  560.56611  149  188  706.87000  298.17699  57.8%  81.7  905s

 144928 124299  560.71987  150  184  706.87000  298.17699  57.8%  81.7  912s

 144948 124407  563.73677  151  186  706.87000  298.17699  57.8%  81.7  921s

 145066 124653  563.74615  152  178  706.87000  298.17699  57.8%  81.7  929s

 145360 125283  576.70008  162  175  706.87000  298.25528  57.8%  81.7  939s

 146104 126008  373.41724   90  190  706.87000  298.26860  57.8%  81.9  948s

 146899 126418  319.62935   29  226  706.87000  298.34323  57.8%  81.8  956s

 147365 127816  463.98040   54  178  706.87000  298.34323  57.8%  81.9  972s

 148999 128955  334.67938   37  165  706.87000  298.40361  57.8%  82.0  983s

 150220 129653  654.79455  201  188  706.87000  298.47650  57.8%  81.9  992s

 151048 130279  322.05485   23  211  706.87000  298.47650  57.8%  81.9 1002s

 151780 130773  342.79891   40  158  706.87000  298.49631  57.8%  82.0 1011s

 152360 131477  547.68980   94  112  706.87000  298.49631  57.8%  82.0 1021s

 153193 132257  479.13456   67  152  706.87000  298.49631  57.8%  82.0 1027s

 154073 133221  462.85732   95  181  706.87000  298.52398  57.8%  82.0 1037s

 155145 133548  567.39034   66  125  706.87000  298.52398  57.8%  82.0 1046s

 155616 133772  390.53478   35  137  706.87000  298.63429  57.8%  82.1 1053s

 155955 134282 infeasible   45       706.87000  298.71494  57.7%  82.2 1061s

 156544 135141  476.54194   61  130  706.87000  298.75729  57.7%  82.3 1074s

 157528 136070  383.70591   78  181  706.87000  298.75729  57.7%  82.3 1083s

 158526 136512  511.12714  179  204  706.87000  298.75729  57.7%  82.3 1094s

 159004 137172  689.14952  244  114  706.87000  298.75729  57.7%  82.3 1102s

 159744 137917  380.94763   41  134  706.87000  298.79227  57.7%  82.3 1110s

 160614 138900  432.01028   95   91  706.87000  298.87963  57.7%  82.3 1119s

 161728 139816  480.34681   96  138  706.87000  298.91810  57.7%  82.3 1130s

 162768 140520  369.93313   47  222  706.87000  298.95000  57.7%  82.3 1140s

 163549 141003  615.79107  177  205  706.87000  298.95006  57.7%  82.3 1147s

 164108 141768  438.73484   84  107  706.87000  298.95006  57.7%  82.4 1156s

 164935 142485  520.09834  146  145  706.87000  298.95006  57.7%  82.4 1165s

 165738 142829  507.57476   50  204  706.87000  298.95006  57.7%  82.4 1173s

 166153 143248  315.61713   34  139  706.87000  298.98400  57.7%  82.5 1183s

 166797 144052  310.66828   42  136  706.87000  299.08132  57.7%  82.7 1194s

 167731 144412  349.53592   36  239  706.87000  299.08132  57.7%  82.8 1204s

 168161 144838  526.28751   65  162  706.87000  299.08132  57.7%  82.9 1214s

 168695 145690  563.00210   66  162  706.87000  299.08132  57.7%  82.9 1227s

 169646 146132  361.12370   59  182  706.87000  299.22019  57.7%  83.0 1238s

 170131 146897  478.12400   95  185  706.87000  299.22019  57.7%  83.1 1250s

 171007 147779  328.75119   34  188  706.87000  299.22150  57.7%  83.2 1262s

 171980 148619 infeasible  107       706.87000  299.27469  57.7%  83.3 1278s

 172996 149373  445.10494  128  163  706.87000  299.27469  57.7%  83.3 1285s

 173835 149826  359.41200   43  178  706.87000  299.27469  57.7%  83.4 1298s

 174346 150380  500.48872   63  211  706.87000  299.32402  57.7%  83.5 1308s

 174967 151059  336.11893   49  155  706.87000  299.35420  57.7%  83.5 1321s

 175781 151418  328.27262   46  156  706.87000  299.38843  57.6%  83.6 1331s

 176236 152333  319.69390   45  172  706.87000  299.42204  57.6%  83.8 1345s

 177251 153236  484.98378  162  190  706.87000  299.42204  57.6%  83.8 1356s

 178283 153953  309.82572   33  211  706.87000  299.42204  57.6%  83.7 1367s

 179046 154714  381.41592   72  152  706.87000  299.42204  57.6%  83.7 1373s

 179842 155504  673.24631  175  165  706.87000  299.42204  57.6%  83.6 1384s

 180739 156243  506.80913   80  198  706.87000  299.42204  57.6%  83.6 1395s

 181590 156670  677.13040  176  186  706.87000  299.42204  57.6%  83.6 1402s

 182039 157370  335.64562   64  150  706.87000  299.42204  57.6%  83.6 1413s

 182841 157920  438.69013  140  189  706.87000  299.42204  57.6%  83.6 1422s

 183435 158537  574.66830  290  134  706.87000  299.42204  57.6%  83.6 1434s

 184164 159378  359.21274   53  197  706.87000  299.42204  57.6%  83.6 1445s

 185076 159950  569.14363  131  137  706.87000  299.42204  57.6%  83.6 1455s

 185768 160363  412.87858   77  143  706.87000  299.42204  57.6%  83.6 1462s

 186235 160767  502.07656  124  126  706.87000  299.42204  57.6%  83.7 1471s

 186674 161528  507.23252  125  118  706.87000  299.42204  57.6%  83.7 1483s

 187542 161928  323.98536   39  191  706.87000  299.65774  57.6%  83.7 1492s

 187994 162812  395.86630   70  217  706.87000  299.65774  57.6%  83.7 1502s

 188936 163559 infeasible  177       706.87000  299.68849  57.6%  83.7 1518s

 189826 164200  569.71587   80  146  706.87000  299.71773  57.6%  83.7 1530s

 190574 164795  355.54723   51  195  706.87000  299.80493  57.6%  83.8 1538s

 191195 165925  472.34671  117  174  706.87000  299.80493  57.6%  83.8 1556s

 192452 166334  335.22568   56  206  706.87000  299.81475  57.6%  83.7 1563s

 192986 166654  467.51167   64  115  706.87000  299.87711  57.6%  83.8 1571s

 193392 167170  494.03021   61  185  706.87000  299.89404  57.6%  83.9 1581s

 193967 168227  647.82045  185  119  706.87000  299.89404  57.6%  83.9 1595s

 195175 168958  665.97144   91  203  706.87000  299.92726  57.6%  83.8 1608s

 195986 169645  467.50945   86  232  706.87000  299.99350  57.6%  83.8 1618s

 196731 170188  505.20173  109  202  706.87000  299.99350  57.6%  83.8 1627s

 197299 171060  337.30416   26  120  706.87000  299.99350  57.6%  83.8 1640s

 198279 171901  595.29535  191   97  706.87000  299.99350  57.6%  83.7 1653s

 199182 172348  519.89972   84  101  706.87000  299.99350  57.6%  83.7 1665s

 199779 172612 infeasible   44       706.87000  300.06822  57.5%  83.8 1673s

 200109 173252  352.56938   47  174  706.87000  300.06822  57.5%  83.9 1684s

 200920 173938  389.02986   45  192  706.87000  300.14762  57.5%  84.0 1693s

 201623 174842  637.68967   79  169  706.87000  300.15941  57.5%  84.0 1709s

 202645 175179  580.58254   65  178  706.87000  300.19527  57.5%  83.9 1720s

 203027 175674  603.07519   66  160  706.87000  300.19527  57.5%  83.9 1731s

 203568 176204  603.23194   67  158  706.87000  300.19527  57.5%  84.0 1741s

 204212 176990  621.07664   68  171  706.87000  300.19536  57.5%  84.0 1755s

 205070 177736  622.89140   69  172  706.87000  300.19536  57.5%  84.1 1767s

 205913 178389  631.78682   70  172  706.87000  300.22599  57.5%  84.1 1782s

 206684 179068  471.84443   84  250  706.87000  300.22599  57.5%  84.2 1789s

 207102 179068  415.85322   70  143  706.87000  300.22599  57.5%  84.2 1790s

 207378 180004  574.52890  165  198  706.87000  300.22599  57.5%  84.2 1809s

 208459 180993  506.18809   96  200  706.87000  300.33017  57.5%  84.2 1820s

 209548 182042  364.20530   70  179  706.87000  300.33462  57.5%  84.2 1835s

 210717 182782  341.60531   34  105  706.87000  300.35531  57.5%  84.1 1845s

 211579 183207  384.30511   61  208  706.87000  300.40166  57.5%  84.2 1856s

 212095 183882  344.25874   35  202  706.87000  300.40166  57.5%  84.2 1868s

 212888 184578 infeasible  107       706.87000  300.40166  57.5%  84.3 1877s

 213646 185326  528.12486   88  181  706.87000  300.46217  57.5%  84.4 1891s

 214478 185334  396.99649   63  168  706.87000  300.48748  57.5%  84.4 1902s

 214486 185554  397.02367   64  179  706.87000  300.48748  57.5%  84.4 1911s

 214718 186275  420.93595   90  160  706.87000  300.48748  57.5%  84.4 1926s

 215563 187086  336.35154   38  115  706.87000  300.56396  57.5%  84.4 1941s

 216466 187493  365.18000   31  149  706.87000  300.59228  57.5%  84.4 1949s

 216886 188210  440.50113   73  191  706.87000  300.59228  57.5%  84.4 1963s

 217720 188873  692.32496  149  151  706.87000  300.59228  57.5%  84.5 1974s

 218006 188873  381.86764   79  119  706.87000  300.59228  57.5%  84.5 1975s

 218432 189137  521.30671   45  218  706.87000  300.59228  57.5%  84.5 1981s

 218778 189584  530.15454   50  223  706.87000  300.62702  57.5%  84.5 1990s

 219276 190210  401.74273   47  129  706.87000  300.63361  57.5%  84.6 2002s

 220070 190688  368.68065   68  211  706.87000  300.65448  57.5%  84.7 2017s

 220600 191367  549.65249  141  182  706.87000  300.65448  57.5%  84.7 2036s

 221415 192119  477.29823   79  194  706.87000  300.65894  57.5%  84.8 2048s

 222286 192653  327.53160   54  192  706.87000  300.65894  57.5%  84.9 2058s

 222914 193579  480.63857  107  125  706.87000  300.73859  57.5%  85.0 2074s

 223992 193773  487.42079   92   86  706.87000  300.76928  57.5%  85.1 2084s

 224208 194072  419.18453   35  132  706.87000  300.77801  57.4%  85.1 2095s

 224576 194542  329.17644   28  153  706.87000  300.77801  57.4%  85.2 2107s

 225085 195118  695.25132   43   89  706.87000  300.77801  57.4%  85.3 2123s

 225757 195667  311.33635   31  145  706.87000  300.77801  57.4%  85.4 2140s

 226432 196921  562.15011  147  131  706.87000  300.77801  57.4%  85.5 2156s

 227794 197993  508.96454  118  177  706.87000  300.85335  57.4%  85.4 2169s

 229028 198958  456.66373  141  202  706.87000  300.85358  57.4%  85.4 2187s

 230156 199528  345.32438   35  150  706.87000  300.89614  57.4%  85.4 2200s

 230854 200202  485.82160   46  207  706.87000  300.92287  57.4%  85.5 2215s

 231639 200952  393.04650   92  137  706.87000  300.99339  57.4%  85.6 2225s

 232466 201332  388.48231   38  114  706.87000  300.99790  57.4%  85.7 2241s

 232980 201816  359.65617   49  156  706.87000  301.01037  57.4%  85.8 2251s

 233467 202707  413.30814   79  152  706.87000  301.01983  57.4%  85.9 2272s

 234551 203662  430.29263   94  140  706.87000  301.02667  57.4%  86.0 2289s

 235655 204344  461.65558  131  141  706.87000  301.02667  57.4%  86.0 2304s

 236439 205098  340.69909   48  170  706.87000  301.09606  57.4%  86.0 2322s

 237348 205490  407.16065   62  144  706.87000  301.09606  57.4%  86.1 2337s

 237818 206312  352.23035   42  182  706.87000  301.16635  57.4%  86.1 2353s

 238768 206839  422.13525   33  159  706.87000  301.16635  57.4%  86.2 2364s

 239345 207508  543.18426   73  131  706.87000  301.16635  57.4%  86.2 2377s

 240106 208216  376.63859   89  174  706.87000  301.26832  57.4%  86.3 2394s

 240909 208549  392.84848   57  164  706.87000  301.26832  57.4%  86.3 2412s

 241264 209108  470.35620   80  116  706.87000  301.26832  57.4%  86.3 2423s

 241916 210420  304.25460   36  185  706.87000  301.34921  57.4%  86.3 2443s

 243326 211184  594.05445  165  154  706.87000  301.34921  57.4%  86.3 2460s

 244219 211695  355.50716   39  178  706.87000  301.34921  57.4%  86.3 2477s

 244833 212255  628.85361  133  161  706.87000  301.34921  57.4%  86.4 2493s

 245609 212500 infeasible   54       706.87000  301.41174  57.4%  86.6 2507s

 246001 213198  493.79532   75  153  706.87000  301.41174  57.4%  86.7 2526s

 246877 213956  347.82419   35  188  706.87000  301.47437  57.4%  86.8 2539s

 247672 214374  512.99582  159  149  706.87000  301.47437  57.4%  86.9 2559s

 248203 214559  337.81389   40  105  706.87000  301.50574  57.3%  87.1 2573s

 248474 214966 infeasible   52       706.87000  301.51842  57.3%  87.2 2583s

 249004 215819  344.67308   34  230  706.87000  301.56656  57.3%  87.3 2596s

 249947 216889  510.46441   82  119  706.87000  301.56803  57.3%  87.5 2620s

 251207 217169  359.86949   46  143  706.87000  301.59781  57.3%  87.5 2633s

 251523 219042  448.25085   92  185  706.87000  301.60680  57.3%  87.5 2674s

 253852 219556  350.69988   57  174  706.87000  301.61284  57.3%  87.6 2684s

 254445 220428  429.76538  172  212  706.87000  301.61284  57.3%  87.6 2704s

 255368 221175  312.36682   35  169  706.87000  301.61284  57.3%  87.6 2719s

 256265 221957  354.04006   54  177  706.87000  301.74388  57.3%  87.7 2737s

 257069 222172  381.59990   54  196  706.87000  301.75818  57.3%  87.7 2754s

 257340 222554  357.87082   55  179  706.87000  301.75818  57.3%  87.7 2770s

 257733 223439  366.10285   61  166  706.87000  301.75818  57.3%  87.7 2785s

 258736 224226  407.11361   83  202  706.87000  301.81544  57.3%  87.7 2801s

 259634 224442  421.25094  100  177  706.87000  301.82914  57.3%  87.8 2813s

 259926 225068  422.22861  101  178  706.87000  301.82914  57.3%  87.9 2825s

 260606 225869  458.10636  118  181  706.87000  301.82914  57.3%  87.9 2837s

 261522 226674  421.21883   67  107  706.87000  301.82914  57.3%  88.0 2851s

 262447 227297  341.27788   30   97  706.87000  301.82914  57.3%  88.2 2863s

 263201 227715  504.96239  108  148  706.87000  301.82914  57.3%  88.3 2878s

 263705 228581  332.54461   53  172  706.87000  301.82914  57.3%  88.3 2896s

H263783 228581                     706.8699995  301.82914  57.3%  88.3 2896s

 264637 229253  584.53125  131  181  706.87000  301.88907  57.3%  88.3 2912s

H264718 229253                     706.8699990  301.88907  57.3%  88.4 2912s

 265404 230280  368.54476   92  148  706.87000  301.88907  57.3%  88.4 2932s

 266575 230633  665.95330  267  190  706.87000  301.92553  57.3%  88.3 2949s

 267064 231339  595.20118   45   90  706.87000  301.98751  57.3%  88.5 2970s

 268017 232024  360.85914   49  144  706.87000  302.04328  57.3%  88.6 2989s

 268850 232965  345.31691   46  202  706.87000  302.07462  57.3%  88.7 3013s

 270134 234084  327.64928   55  195  706.87000  302.10507  57.3%  88.8 3031s

 271301 234974 infeasible  184       706.87000  302.10507  57.3%  88.8 3050s

 272319 235871  638.50564  174  138  706.87000  302.13099  57.3%  88.8 3069s

 273317 236195  396.25788   67  146  706.87000  302.13261  57.3%  88.8 3079s

 273670 237024  411.53682   72  168  706.87000  302.13261  57.3%  88.9 3096s

 274693 237574  544.63014   65  131  706.87000  302.15204  57.3%  89.0 3108s

 275334 238322  521.66943   98  128  706.87000  302.19659  57.2%  89.1 3123s

 276237 238913  611.51502   36  130  706.87000  302.19659  57.2%  89.1 3134s

 276923 239666  447.04642  119  126  706.87000  302.23801  57.2%  89.2 3152s

 277878 240206  480.38799   61  131  706.87000  302.24631  57.2%  89.3 3168s

 278561 241133  454.03233   62  161  706.87000  302.34703  57.2%  89.3 3187s

 279570 241141  350.70781   52  190  706.87000  302.35289  57.2%  89.4 3201s

 279578 241145  364.86965   53  231  706.87000  302.35289  57.2%  89.4 3211s

 279590 241153  365.24868   54  225  706.87000  302.35289  57.2%  89.4 3218s

 279598 241161  366.90896   55  181  706.87000  302.35289  57.2%  89.4 3225s

 279606 241169  368.40320   56  211  706.87000  302.35289  57.2%  89.4 3232s

 279614 241177  370.55800   57  217  706.87000  302.35289  57.2%  89.4 3240s

 279622 241185  370.65176   58  220  706.87000  302.35289  57.2%  89.4 3248s

 279630 241193  372.55925   59  196  706.87000  302.35289  57.2%  89.4 3256s

 279638 241201  378.63719   60  193  706.87000  302.35289  57.2%  89.4 3266s

 279646 241246  378.88443   61  224  706.87000  302.35289  57.2%  89.4 3276s

 279691 241322  379.39391   62  213  706.87000  302.35289  57.2%  89.4 3287s

 279767 241456  383.57880   63  194  706.87000  302.35289  57.2%  89.4 3301s

 279937 241612  385.25490   64  184  706.87000  302.35289  57.2%  89.4 3309s

 280105 241765  385.53924   65  187  706.87000  302.35289  57.2%  89.4 3321s

 280273 241947  389.72916   72  179  706.87000  302.35289  57.2%  89.4 3333s

 280514 242192  460.23575  113  166  706.87000  302.35289  57.2%  89.5 3345s

 280805 242883  687.02238  165  145  706.87000  302.35289  57.2%  89.5 3365s

 281615 243273  308.08350   39  180  706.87000  302.45269  57.2%  89.5 3380s

 282046 244395  306.40468   31  172  706.87000  302.46599  57.2%  89.6 3402s

 283291 244998  659.21951  238  103  706.87000  302.46599  57.2%  89.6 3416s

 283996 246231  383.59024   78  153  706.87000  302.53217  57.2%  89.6 3439s

 285392 247110  325.35957   38  264  706.87000  302.53898  57.2%  89.7 3456s

 286422 248277  355.29311   38  248  706.87000  302.55926  57.2%  89.8 3473s

 287874 248786  306.97649   42  212  706.87000  302.58261  57.2%  89.8 3482s

 288440 249821  532.04879   74  175  706.87000  302.58261  57.2%  89.8 3500s

 289548 250784  408.62304  102  129  706.87000  302.61988  57.2%  89.8 3517s

 290638 251614  548.50173  123  124  706.87000  302.62720  57.2%  89.7 3536s

 291624 252296  346.83075   56  198  706.87000  302.65636  57.2%  89.7 3552s

 292361 252834  623.38444  200  146  706.87000  302.65636  57.2%  89.7 3567s

 293020 253497  350.07139   23  161  706.87000  302.69796  57.2%  89.8 3584s

 293743 253497  389.29552   23  153  706.87000  302.70239  57.2%  89.8 3585s

 293833 253937  609.94347  148  106  706.87000  302.70239  57.2%  89.8 3598s

 294337 254777  349.61218   41  216  706.87000  302.70239  57.2%  89.9 3617s

 295247 255680  527.65200  152  149  706.87000  302.70239  57.2%  89.9 3633s

 296308 256312  386.28954   51  201  706.87000  302.70239  57.2%  89.9 3651s

 297061 256865  379.05447   34  213  706.87000  302.77251  57.2%  89.9 3667s

 297671 257587  322.78120   27  160  706.87000  302.78662  57.2%  90.0 3686s

 298632 258384  363.08987   64  156  706.87000  302.78662  57.2%  90.1 3704s

 299448 258384  380.86499   42  136  706.87000  302.79955  57.2%  90.1 3705s

 299576 258866  321.85533   37  251  706.87000  302.79955  57.2%  90.1 3719s

 300155 259837  445.63530   48  102  706.87000  302.79955  57.2%  90.2 3739s

 301281 260698  326.93426   43  186  706.87000  302.87380  57.2%  90.3 3757s

 302312 261290  493.59914   63  178  706.87000  302.88590  57.2%  90.4 3772s

 303057 261647  674.45455   66   86  706.87000  302.89742  57.1%  90.5 3786s

 303591 262656  365.81480   72  166  706.87000  302.94128  57.1%  90.6 3804s

 304581 262656  342.22046   43  152  706.87000  302.96284  57.1%  90.6 3805s

 304719 263533  354.30246   34  224  706.87000  302.96284  57.1%  90.6 3814s

 305665 264001  510.87546   76  208  706.87000  302.96284  57.1%  90.6 3828s

 306206 264982  575.12540  112  195  706.87000  302.96617  57.1%  90.7 3848s

 307346 265573  343.24219   44  162  706.87000  302.96617  57.1%  90.7 3863s

 308048 266697  352.20935   79  156  706.87000  302.96617  57.1%  90.8 3882s

 309296 267770  354.02109   46  200  706.87000  303.07253  57.1%  90.7 3899s

 310202 267770  303.84019   29  174  706.87000  303.07253  57.1%  90.7 3900s

 310459 268264  355.03874   48  192  706.87000  303.08126  57.1%  90.7 3913s

 311001 268879  535.15482   76  202  706.87000  303.08126  57.1%  90.7 3932s

 311742 269585  384.42364   60  159  706.87000  303.13460  57.1%  90.7 3947s

 312560 270396  305.70705   37  193  706.87000  303.14128  57.1%  90.8 3961s

 313447 270864  347.85528   53  182  706.87000  303.15679  57.1%  90.8 3974s

 313998 271844  562.27419  146  108  706.87000  303.15679  57.1%  90.8 3991s

 315116 272431  563.80802  165  177  706.87000  303.19261  57.1%  90.9 4001s

 315750 273383  339.02902   54  198  706.87000  303.19261  57.1%  90.9 4020s

 316798 274181  576.98689  174  164  706.87000  303.19261  57.1%  90.9 4038s

 317759 274972  670.42521   66  103  706.87000  303.20674  57.1%  90.9 4053s

 318741 275218  418.09720   83  111  706.87000  303.27421  57.1%  90.9 4064s

 319043 276073  383.87548   66  170  706.87000  303.27421  57.1%  91.0 4081s

 320018 276608  365.53943   46  236  706.87000  303.28138  57.1%  91.0 4092s

 320605 277142  402.16149   73  228  706.87000  303.28292  57.1%  91.0 4112s

 321239 277575  454.11854   46  191  706.87000  303.29423  57.1%  91.1 4127s

 321870 278126  333.30496   34  126  706.87000  303.29423  57.1%  91.2 4139s

 322466 278126  311.77775   28  179  706.87000  303.31746  57.1%  91.4 4140s

 322590 278645  307.75374   44  259  706.87000  303.31746  57.1%  91.5 4156s

 323289 279182  658.93436   59  150  706.87000  303.33624  57.1%  91.6 4170s

 323925 279769  551.55777  100  197  706.87000  303.33624  57.1%  91.6 4188s

 324661 280256  339.89675   58  145  706.87000  303.33624  57.1%  91.7 4203s

 325396 281026  369.30299   33  150  706.87000  303.33624  57.1%  91.8 4229s

 326328 281413  683.66460  178  152  706.87000  303.36676  57.1%  91.8 4245s

 326927 282088 infeasible   37       706.87000  303.36676  57.1%  91.9 4259s

 327665 283296  500.35613  114  115  706.87000  303.42790  57.1%  92.0 4281s

 329075 284133  371.32780   36  160  706.87000  303.47152  57.1%  92.0 4294s

 330053 284889  344.33178   31  206  706.87000  303.49316  57.1%  92.0 4308s

 330943 285426  544.03278   68  209  706.87000  303.49316  57.1%  92.1 4320s

 331561 286593  345.66455   49  178  706.87000  303.52613  57.1%  92.1 4332s

 332861 287463  332.64517   39  299  706.87000  303.56340  57.1%  92.0 4344s

 333124 287463  345.99230   37  178  706.87000  303.56654  57.1%  92.0 4345s

 333825 288267  370.75265   58  176  706.87000  303.56654  57.1%  92.0 4363s

 334750 288887  392.98030   68  238  706.87000  303.61296  57.0%  92.0 4374s

 335087 288887  497.43396   85  143  706.87000  303.61296  57.0%  92.0 4375s

 335404 289713  550.13412  110  228  706.87000  303.61296  57.0%  92.0 4391s

 336347 290319  453.45919   73  136  706.87000  303.61400  57.0%  92.1 4405s

 337053 290992  366.67768   43  190  706.87000  303.61400  57.0%  92.1 4419s

 337819 291303  318.49895   28  125  706.87000  303.61400  57.0%  92.1 4429s

 338158 291958  435.67795   57   95  706.87000  303.61400  57.0%  92.2 4442s

 338901 292715  403.97872   44  145  706.87000  303.61400  57.0%  92.3 4458s

 339803 293264  589.29003  169  145  706.87000  303.61400  57.0%  92.4 4477s

 340456 294038  377.12107   44  162  706.87000  303.61400  57.0%  92.4 4490s

 341383 294360  357.49235   46  161  706.87000  303.71671  57.0%  92.4 4503s

 341763 296273  310.92889   44  315  706.87000  303.72950  57.0%  92.5 4539s

 343854 296873  422.08459   35  187  706.87000  303.76155  57.0%  92.5 4556s

 344579 297515  334.51101   37  214  706.87000  303.76520  57.0%  92.5 4569s

 344821 297515  323.38112   45  177  706.87000  303.76520  57.0%  92.5 4570s

 345233 298357  552.72032  167  133  706.87000  303.76520  57.0%  92.5 4590s

 346201 299128  595.40880  140  167  706.87000  303.79436  57.0%  92.5 4607s

 347065 299654  539.67990   80  178  706.87000  303.79436  57.0%  92.5 4620s

 347689 300231  392.54621   48  173  706.87000  303.82750  57.0%  92.5 4637s

 348369 301183  389.83963   76  141  706.87000  303.82750  57.0%  92.6 4654s

 349441 301617  683.73897  243  167  706.87000  303.82750  57.0%  92.6 4670s

 349997 302279  474.97529   51  167  706.87000  303.82750  57.0%  92.7 4690s

 350883 302609  431.55500  113  177  706.87000  303.90007  57.0%  92.7 4704s

 351283 303394  647.00846  204  160  706.87000  303.90007  57.0%  92.8 4721s

 352234 303864  444.96267   46  168  706.87000  303.92858  57.0%  92.8 4733s

 352748 304644  591.34124  103  135  706.87000  303.92858  57.0%  92.8 4753s

 353655 305466  448.68798   81  105  706.87000  303.96225  57.0%  92.8 4769s

 354568 306051  549.50104   77  164  706.87000  303.96584  57.0%  92.9 4784s

 354781 306051  696.23635  142  145  706.87000  303.96584  57.0%  92.9 4785s

 355321 306867  662.07533   94  171  706.87000  303.96584  57.0%  93.0 4801s

 356250 307435  562.87110  170  119  706.87000  304.01687  57.0%  93.0 4818s

 356878 308403  399.99881   42  215  706.87000  304.01687  57.0%  93.0 4839s

 357978 309535  341.69273   40  128  706.87000  304.03460  57.0%  93.0 4856s

 359203 309724  354.44217   38  225  706.87000  304.03924  57.0%  92.9 4866s

 359404 310432  408.57421   49  177  706.87000  304.03924  57.0%  93.0 4885s

 360311 311230  359.74545   37  197  706.87000  304.07424  57.0%  93.0 4900s

 361240 311652  330.26847   25   97  706.87000  304.09406  57.0%  93.0 4910s

 361749 312152  315.44827   48  336  706.87000  304.09406  57.0%  93.0 4925s

 362413 312706  505.90234   65  176  706.87000  304.09406  57.0%  93.1 4936s

 363013 313474     cutoff   66       706.87000  304.11440  57.0%  93.1 4951s

 363979 314107  495.40120   89  167  706.87000  304.13431  57.0%  93.2 4966s

 364720 314695  495.66093   90  161  706.87000  304.14638  57.0%  93.2 4982s

 365475 315074  399.59367   42  182  706.87000  304.20077  57.0%  93.2 4995s

 365912 315784  400.42718   43  194  706.87000  304.20751  57.0%  93.3 5010s

 366667 316345  424.95209   44  179  706.87000  304.21248  57.0%  93.2 5022s

 367275 317132  428.14533   45  214  706.87000  304.21248  57.0%  93.2 5042s

 368173 317985  428.14533   46  214  706.87000  304.21248  57.0%  93.2 5056s

 369138 319065  445.20938   59  143  706.87000  304.26488  57.0%  93.2 5078s

 370357 319382  620.47245   73  128  706.87000  304.27742  57.0%  93.2 5088s

 370778 319745  330.46667   46  186  706.87000  304.28098  57.0%  93.3 5101s

 371179 320658  377.93210   70  144  706.87000  304.28098  57.0%  93.4 5124s

 372222 320658  532.07121   95  164  706.87000  304.28922  57.0%  93.5 5125s

 372284 322269  354.71439   48  151  706.87000  304.28922  57.0%  93.6 5154s

 372998 322269  600.68130   81  156  706.87000  304.28922  57.0%  93.5 5155s

 374017 322837  502.27686  122  159  706.87000  304.28922  57.0%  93.5 5171s

 374737 323154  357.52800   44  121  706.87000  304.30742  57.0%  93.5 5183s

 375176 323989  350.39309   44  145  706.87000  304.33901  56.9%  93.6 5201s

 376126 324662  391.03733   98  149  706.87000  304.34661  56.9%  93.6 5218s

 376939 325385  321.89189   28  225  706.87000  304.36438  56.9%  93.6 5236s

 377805 326058  351.00669   36  197  706.87000  304.36955  56.9%  93.7 5252s

 378618 326305  500.98484   45  137  706.87000  304.36955  56.9%  93.8 5265s

 379004 326670  560.36596   52  167  706.87000  304.38060  56.9%  93.9 5278s

 379506 327609  323.20393   47  233  706.87000  304.38060  56.9%  93.9 5297s

 380577 328146 infeasible  156       706.87000  304.38060  56.9%  94.0 5314s

 381495 329035  578.40537  104  170  706.87000  304.42256  56.9%  94.1 5335s

 382477 329739  494.05230   73  228  706.87000  304.42256  56.9%  94.1 5351s

 383266 330824  347.54395   36  188  706.87000  304.46173  56.9%  94.1 5373s

 384453 331799  313.19989   34  193  706.87000  304.47658  56.9%  94.1 5390s

 385553 332576  319.81251   37  172  706.87000  304.49147  56.9%  94.0 5409s

 386423 333278  577.85885  186  149  706.87000  304.49147  56.9%  94.0 5423s

 387292 334035  409.10744   90  114  706.87000  304.52704  56.9%  94.1 5441s

 388141 334345  367.14151   58  153  706.87000  304.52704  56.9%  94.1 5450s

 388502 335443  458.29185  119  145  706.87000  304.52704  56.9%  94.1 5469s

 388890 335443  395.57620   56  242  706.87000  304.54092  56.9%  94.1 5470s

 389686 336200  460.92209   54  177  706.87000  304.54092  56.9%  94.0 5483s

 390552 337075  353.83565   56  208  706.87000  304.54092  56.9%  94.0 5497s

 391501 337853 infeasible  184       706.87000  304.58144  56.9%  94.0 5512s

 392462 338296  460.11985   40  182  706.87000  304.58144  56.9%  94.0 5525s

 392961 338848  327.43000   51  217  706.87000  304.58144  56.9%  94.0 5539s

 393594 339486  608.36390  122  175  706.87000  304.58144  56.9%  94.0 5551s

 394322 340276  565.04484   86  143  706.87000  304.58144  56.9%  94.1 5563s

 395230 340769  697.86115  173  155  706.87000  304.62874  56.9%  94.1 5574s

 395802 341419  547.37929   60  138  706.87000  304.62874  56.9%  94.1 5590s

 396577 342256  464.87144  125  112  706.87000  304.62874  56.9%  94.1 5605s

 397508 342670  616.50708   39  110  706.87000  304.62874  56.9%  94.1 5619s

 398076 342993  398.56302   41  204  706.87000  304.71539  56.9%  94.2 5630s

 398473 343609  526.47860  104  204  706.87000  304.71539  56.9%  94.2 5646s

 399213 344055  498.99700   37   89  706.87000  304.71814  56.9%  94.3 5658s

 399745 344439  361.31188   56  131  706.87000  304.73864  56.9%  94.3 5670s

 400209 345031  462.68942   75  161  706.87000  304.73864  56.9%  94.4 5687s

 400968 345489  459.93254   69  240  706.87000  304.77460  56.9%  94.5 5699s

 401518 346557 infeasible  126       706.87000  304.77996  56.9%  94.6 5719s

 402371 346557  345.37092   30  201  706.87000  304.78025  56.9%  94.6 5720s

 402707 347061  314.51488   31  269  706.87000  304.79532  56.9%  94.6 5734s

 403326 347765  403.04818   53  173  706.87000  304.79532  56.9%  94.7 5749s

 404164 348234  398.91197   71  160  706.87000  304.80970  56.9%  94.8 5761s

 404685 349008  345.40058   37  149  706.87000  304.80970  56.9%  94.8 5779s

 405545 349924  648.80260  140  280  706.87000  304.80970  56.9%  94.9 5796s

 406580 350614  573.63737   69  178  706.87000  304.85652  56.9%  94.9 5815s

 407372 351050  500.84587   69   95  706.87000  304.85652  56.9%  94.9 5832s

 407995 351585  380.47544   37  130  706.87000  304.85652  56.9%  95.0 5849s

 408595 352393  322.43461   43  146  706.87000  304.85652  56.9%  95.0 5867s

 409541 352986  340.24380   43  174  706.87000  304.91033  56.9%  95.0 5879s

 410164 354028  665.25981  154   98  706.87000  304.91033  56.9%  95.0 5901s

 411363 354982  341.24240   40  171  706.87000  304.93086  56.9%  94.9 5917s

 412407 355835  631.89134  166  114  706.87000  304.93086  56.9%  94.9 5935s

 413360 356730  397.87856   35  119  706.87000  304.94553  56.9%  94.9 5953s

 414400 357401  572.71746  132  223  706.87000  304.98984  56.9%  94.9 5968s

 415169 358383  420.28235   78  194  706.87000  305.00162  56.9%  94.9 5983s

 416232 358842  525.14883   50  250  706.87000  305.01415  56.9%  94.9 5996s

 416847 359549  320.30170   48  163  706.87000  305.01415  56.9%  95.0 6012s

 417664 360373  377.86557   52  196  706.87000  305.04072  56.8%  95.0 6026s

 418534 360744  503.81073  178  239  706.87000  305.04072  56.8%  94.9 6036s

 418989 361446  641.31601  280  199  706.87000  305.07415  56.8%  95.0 6053s

 419838 362174  503.75102   92  108  706.87000  305.08221  56.8%  95.0 6068s

 420683 362830  417.91619  110  125  706.87000  305.08221  56.8%  95.0 6086s

 421453 363560  375.04628   36  124  706.87000  305.08221  56.8%  95.0 6102s

 422336 364440  497.40342  121  131  706.87000  305.14823  56.8%  95.0 6117s

 423336 365131  408.49583   45  221  706.87000  305.15419  56.8%  95.0 6133s

 424094 365620  548.69379   77  275  706.87000  305.15419  56.8%  95.0 6144s

 424729 365995  482.94294   89  127  706.87000  305.15419  56.8%  95.1 6156s

 425129 366295  352.20771   29  147  706.87000  305.15419  56.8%  95.1 6168s

 425579 366981  565.95571  163  116  706.87000  305.15419  56.8%  95.1 6186s

 426388 367509  654.19126   93  212  706.87000  305.20248  56.8%  95.2 6200s

 426964 368252  354.94505   40  122  706.87000  305.20248  56.8%  95.2 6213s

 427850 369370  517.76196   93  113  706.87000  305.21370  56.8%  95.2 6236s

 429057 370170  463.79856   98  141  706.87000  305.23107  56.8%  95.2 6249s

 429654 370170  357.73771   48  105  706.87000  305.23107  56.8%  95.1 6250s

 429991 370623  508.92086   54  114  706.87000  305.23696  56.8%  95.2 6265s

 430639 370945  658.66534   45  130  706.87000  305.23696  56.8%  95.3 6283s

 431098 372019  645.13390   93  117  706.87000  305.23696  56.8%  95.3 6312s

 432396 372610  383.01440   68  135  706.87000  305.30030  56.8%  95.4 6328s

 433016 373404  651.02704  141   75  706.87000  305.31700  56.8%  95.4 6349s

 433961 374785  574.37715   90  175  706.87000  305.31700  56.8%  95.5 6373s

 435460 375418  668.17068  190  114  706.87000  305.33193  56.8%  95.5 6390s

 436210 376676  393.37418   53  187  706.87000  305.34303  56.8%  95.4 6410s

 437574 377206  320.61410   23  156  706.87000  305.36167  56.8%  95.4 6428s

 438230 378006  370.77131   48  226  706.87000  305.38210  56.8%  95.4 6445s

 439139 378880  584.87623  102  147  706.87000  305.38509  56.8%  95.5 6463s

 440111 379776 infeasible  129       706.87000  305.40883  56.8%  95.4 6483s

 441082 380244  541.04713  111  109  706.87000  305.40883  56.8%  95.4 6498s

 441695 380580  411.08110   57  194  706.87000  305.43827  56.8%  95.5 6514s

 442099 381144  379.14122   33  193  706.87000  305.43902  56.8%  95.5 6533s

 442733 381804  591.94274  168  171  706.87000  305.44539  56.8%  95.5 6550s

 443488 382424  446.34175   90  176  706.87000  305.44539  56.8%  95.5 6562s

 444135 383218  336.17801   31  131  706.87000  305.45184  56.8%  95.6 6580s

 445035 383870  585.72906  124  157  706.87000  305.45184  56.8%  95.6 6598s

 445910 384738  359.83623   53  148  706.87000  305.48623  56.8%  95.6 6618s

 446910 385678  321.34223   33  188  706.87000  305.48623  56.8%  95.6 6630s

 447895 386080  486.16712  134  155  706.87000  305.48623  56.8%  95.6 6643s

 448362 386585  560.43449  200  160  706.87000  305.50844  56.8%  95.6 6657s

 449027 387057  433.23602   57  220  706.87000  305.53339  56.8%  95.7 6671s

 449612 387703  657.53608  136  181  706.87000  305.53476  56.8%  95.7 6684s

 450278 388263  462.53365   64  172  706.87000  305.54968  56.8%  95.7 6699s

 450901 388693  455.63238   39  151  706.87000  305.55093  56.8%  95.7 6713s

 451458 389266  446.63178   36  149  706.87000  305.56637  56.8%  95.8 6730s

 452268 389801  346.72686   34  143  706.87000  305.57620  56.8%  95.9 6745s

 452905 390414  529.47597  145  103  706.87000  305.57620  56.8%  95.9 6764s

 453546 390818  530.03561  146   95  706.87000  305.57620  56.8%  95.9 6780s

 454037 391533  430.09049   36  128  706.87000  305.58100  56.8%  95.9 6797s

 454861 392107  630.90934   69   94  706.87000  305.58100  56.8%  96.0 6815s

 455563 392403  414.58913  108  158  706.87000  305.58100  56.8%  96.0 6828s

 455990 392892  549.41543  149  152  706.87000  305.58286  56.8%  96.0 6844s

 456560 393717  349.35061   64  160  706.87000  305.58286  56.8%  96.1 6866s

 457475 394630  515.75379  122  143  706.87000  305.63324  56.8%  96.1 6885s

 458521 395306  358.31935   39  184  706.87000  305.63337  56.8%  96.1 6905s

 459357 395828  373.93441   42   92  706.87000  305.63337  56.8%  96.2 6922s

 460132 396587  419.61925   88  132  706.87000  305.69820  56.8%  96.3 6941s

 460937 397416  695.83276  259  153  706.87000  305.69820  56.8%  96.3 6956s

 461871 398265  470.73996  144  117  706.87000  305.72121  56.8%  96.3 6976s

 462810 398869  355.25366   64  188  706.87000  305.72121  56.8%  96.3 6990s

 463533 399607  567.41972  110  113  706.87000  305.72121  56.8%  96.3 7010s

 464348 400190  331.55093   51  169  706.87000  305.72164  56.7%  96.3 7025s

 465030 401068  344.28098   32  136  706.87000  305.75727  56.7%  96.3 7045s

 465958 401628  595.40547  158  167  706.87000  305.75727  56.7%  96.3 7061s

 466623 401928  330.00259   34  262  706.87000  305.75727  56.7%  96.4 7070s

 466951 402585  380.36170   72  183  706.87000  305.75727  56.7%  96.4 7087s

 467692 403071  528.95936  193  195  706.87000  305.79129  56.7%  96.4 7102s

 468270 403602  618.77103  280  153  706.87000  305.83696  56.7%  96.5 7122s

 468891 404504  453.02679   79  162  706.87000  305.84181  56.7%  96.5 7143s

 469922 404982  384.46599   40  237  706.87000  305.86175  56.7%  96.5 7158s

 470468 405832  555.07986   76  155  706.87000  305.86175  56.7%  96.5 7181s

 471448 406742  573.44173   87  160  706.87000  305.87540  56.7%  96.5 7201s

 472504 407298  586.60420  122  108  706.87000  305.87540  56.7%  96.5 7222s

 473177 408009  375.41372   55  152  706.87000  305.88513  56.7%  96.6 7239s

 473395 408009  394.37408   58  124  706.87000  305.88513  56.7%  96.7 7240s

 473974 408329  403.13814   63  136  706.87000  305.88513  56.7%  96.7 7254s

 474350 408696  506.76785   82  126  706.87000  305.88513  56.7%  96.7 7267s

 474767 409460  513.12320   96  159  706.87000  305.88513  56.7%  96.7 7293s

 475715 410099  355.65771   43  139  706.87000  305.88513  56.7%  96.7 7310s

 476497 410614 infeasible   65       706.87000  305.94449  56.7%  96.7 7326s

 477104 411499  491.11937  120  178  706.87000  305.97480  56.7%  96.8 7344s

 478124 411863  347.08040   39  173  706.87000  305.97543  56.7%  96.7 7356s

 478517 412415  372.73958   57  133  706.87000  305.97543  56.7%  96.8 7377s

 479207 413007  521.87429   98  108  706.87000  305.97782  56.7%  96.9 7395s

 479981 413676  437.35158   75  176  706.87000  306.00027  56.7%  96.9 7416s

 480764 414644  327.47029   35  258  706.87000  306.01098  56.7%  96.9 7438s

 481822 415253  656.41825  172  205  706.87000  306.01098  56.7%  96.9 7454s

 482482 415710  606.04094   91  116  706.87000  306.01098  56.7%  96.9 7471s

 483013 416328  429.40461   38  133  706.87000  306.02720  56.7%  96.9 7492s

 483800 416902  313.53581   26  281  706.87000  306.04419  56.7%  97.0 7512s

 484472 417671  345.33911   37  162  706.87000  306.05482  56.7%  97.0 7533s

 485315 418208  354.43008   36  231  706.87000  306.05482  56.7%  97.0 7549s

 485959 418883  543.57999  121  150  706.87000  306.05482  56.7%  97.0 7572s

 486866 419639  319.77836   31  155  706.87000  306.09725  56.7%  97.0 7592s

 487670 420760  462.12296   92  182  706.87000  306.09725  56.7%  97.0 7613s

 488921 421615  418.94076   61  126  706.87000  306.14636  56.7%  97.0 7639s

 489498 421615  634.02552  221  177  706.87000  306.14636  56.7%  97.0 7640s

 489910 421965  510.62462   54  139  706.87000  306.14636  56.7%  97.0 7660s

 490302 423009  339.54990   27  196  706.87000  306.17427  56.7%  97.0 7695s

 491491 424264  612.63525  119  116  706.87000  306.17427  56.7%  97.0 7727s

 492908 424827  394.76649   46  188  706.87000  306.20484  56.7%  97.0 7744s

 493578 426147  395.81566   59  126  706.87000  306.21138  56.7%  97.0 7774s

 495038 427144  408.60613   75  120  706.87000  306.22778  56.7%  96.9 7795s

 496162 427737 infeasible  263       706.87000  306.22778  56.7%  96.9 7815s

 496933 428042  454.54533   43  162  706.87000  306.25034  56.7%  97.0 7827s

 497400 428456  483.57628   59  208  706.87000  306.26124  56.7%  97.1 7843s

 498051 429273  435.79234   52  105  706.87000  306.27828  56.7%  97.2 7865s

 498941 429853  332.50279   43  143  706.87000  306.28341  56.7%  97.2 7882s

 499645 430470  318.70951   32  207  706.87000  306.28500  56.7%  97.2 7904s

 500485 431219  325.64331   48  205  706.87000  306.30310  56.7%  97.2 7928s

 501312 431989  448.75659   79  119  706.87000  306.30310  56.7%  97.2 7947s

 502232 432381  430.32898   54  175  706.87000  306.31244  56.7%  97.3 7962s

 502688 433029  370.07308   41  202  706.87000  306.31244  56.7%  97.3 7984s

 503395 433758  481.39590  117  174  706.87000  306.31244  56.7%  97.3 8006s

 504227 434909  405.92704   70  200  706.87000  306.31244  56.7%  97.3 8030s

 505506 435629  669.95719  308  156  706.87000  306.31244  56.7%  97.3 8050s

 506322 436073  478.95710  115  203  706.87000  306.31244  56.7%  97.3 8066s

 506900 436080  531.61699  145  143  706.87000  306.37569  56.7%  97.4 8089s

 506909 436140  532.17688  146  148  706.87000  306.37569  56.7%  97.4 8102s

 506973 436320  684.31716  193  159  706.87000  306.37569  56.7%  97.4 8115s

 507217 436647  430.91288   95  177  706.87000  306.38126  56.7%  97.4 8132s

 507594 437976  324.95449   24  175  706.87000  306.38237  56.7%  97.4 8167s

 509083 438960  647.30771  198  132  706.87000  306.38366  56.7%  97.4 8197s

 510242 439424  353.30768   22  207  706.87000  306.42236  56.7%  97.4 8215s

 510785 440351  517.28441   86  132  706.87000  306.42236  56.7%  97.5 8246s

 511982 441206  349.02324   29  183  706.87000  306.43934  56.6%  97.5 8272s

 512980 442162  350.07621   32  160  706.87000  306.43934  56.6%  97.5 8296s

 514018 442405  356.13526   38  297  706.87000  306.45606  56.6%  97.5 8311s

 514338 443257  384.96472   60  211  706.87000  306.45606  56.6%  97.5 8336s

 515308 444183  545.60322  126  206  706.87000  306.47134  56.6%  97.6 8365s

 516390 444545  372.21456   36  179  706.87000  306.50780  56.6%  97.6 8387s

 516927 444884  459.29573   41  247  706.87000  306.51242  56.6%  97.6 8404s

 517284 445774  459.30483   42  245  706.87000  306.51246  56.6%  97.7 8428s

 518318 446568  542.96157   44  118  706.87000  306.51246  56.6%  97.7 8455s

 519222 447214  503.29716  107  145  706.87000  306.53123  56.6%  97.8 8474s

 519898 447214  370.41896   41  175  706.87000  306.55634  56.6%  97.8 8475s

 519986 447992  660.22802   97  166  706.87000  306.55634  56.6%  97.8 8502s

 520811 448846  427.29391   89  136  706.87000  306.55634  56.6%  97.8 8523s

 521787 449606  381.66913   36  203  706.87000  306.55718  56.6%  97.7 8547s

 522664 449891  612.16400  115  154  706.87000  306.56661  56.6%  97.7 8560s

 522975 450798  455.64239   50  162  706.87000  306.57152  56.6%  97.8 8587s

 523964 451775  378.24504   37  173  706.87000  306.57540  56.6%  97.7 8606s

 524988 452562  320.80129   36  273  706.87000  306.58514  56.6%  97.7 8630s

 525887 453259  421.69622  100  159  706.87000  306.58514  56.6%  97.7 8650s

 526670 453688  626.30125  227  164  706.87000  306.58734  56.6%  97.7 8668s

 527151 454193  346.28557   30  194  706.87000  306.58734  56.6%  97.7 8684s

 527412 454193  654.25144  236  175  706.87000  306.58734  56.6%  97.7 8685s

 527764 454544  313.44130   25  108  706.87000  306.58734  56.6%  97.8 8700s

 528228 454863  608.61437   73  225  706.87000  306.58734  56.6%  97.8 8714s

 528549 454863  355.10689   47  142  706.87000  306.58734  56.6%  97.9 8715s

 528629 455909  336.96650   42  240  706.87000  306.62998  56.6%  97.9 8741s

 529747 456947  705.45313  216   84  706.87000  306.62998  56.6%  97.9 8764s

 530883 457320  643.05374  161  158  706.87000  306.62998  56.6%  97.8 8781s

 531316 457923  418.30214   56  187  706.87000  306.62998  56.6%  97.8 8804s

 531985 458572  422.21427   53  179  706.87000  306.62998  56.6%  97.9 8829s

 532706 459063  565.23285   62  167  706.87000  306.62998  56.6%  97.9 8847s

 533235 459806  505.03343   52  120  706.87000  306.68325  56.6%  97.9 8867s

 534076 460447  530.57466   68  182  706.87000  306.68913  56.6%  97.9 8889s

 534842 460894  328.23423   28  230  706.87000  306.68913  56.6%  98.0 8909s

 535368 461917  381.51911   59  242  706.87000  306.68913  56.6%  98.0 8936s

 536483 462524 infeasible  163       706.87000  306.71122  56.6%  98.0 8962s

 537187 463523  363.70419   59  188  706.87000  306.73848  56.6%  98.0 8993s

 538331 464388  355.63645   32  224  706.87000  306.73848  56.6%  98.1 9021s

 539276 465454  521.97869  147  137  706.87000  306.73848  56.6%  98.0 9046s

 540430 466040  399.22888   69  200  706.87000  306.73848  56.6%  98.0 9072s

 541099 466506  320.43271   31  148  706.87000  306.73848  56.6%  98.0 9096s

 541658 466869  363.04959   31  235  706.87000  306.77876  56.6%  98.0 9112s

 542157 468019  381.38692   50  209  706.87000  306.79816  56.6%  98.0 9145s

 543407 468498  360.05761   33  245  706.87000  306.80148  56.6%  98.0 9159s

 543924 469104  453.53519   87  199  706.87000  306.80148  56.6%  98.1 9176s

 544639 469727  544.72704  164  167  706.87000  306.80148  56.6%  98.1 9201s

 545421 470480  409.10714   84  211  706.87000  306.80148  56.6%  98.2 9231s

 546301 470922  508.75892  174  210  706.87000  306.82259  56.6%  98.2 9244s

 546570 470922  341.84294   28  249  706.87000  306.82259  56.6%  98.2 9245s

 546789 471888  402.95221   27  117  706.87000  306.83995  56.6%  98.2 9275s

 547874 472921  452.95803   71  207  706.87000  306.84534  56.6%  98.2 9299s

 548985 473816  576.41781  159  179  706.87000  306.84534  56.6%  98.2 9327s

 550012 474366  406.39200   77  172  706.87000  306.84534  56.6%  98.2 9348s

 550679 475212  483.86320  107  147  706.87000  306.84534  56.6%  98.2 9369s

 551794 475901  525.68144   68  188  706.87000  306.88481  56.6%  98.3 9391s

 552544 476369  681.25952  166  135  706.87000  306.88590  56.6%  98.2 9412s

 553155 477192  462.30994   75  132  706.87000  306.88871  56.6%  98.3 9436s

 554132 478018  310.32590   48  255  706.87000  306.91996  56.6%  98.3 9458s

 555064 478924  660.86518  110  181  706.87000  306.92943  56.6%  98.3 9485s

 556035 479299  411.12960   91  175  706.87000  306.94145  56.6%  98.3 9507s

 556466 480126  522.96072  183  145  706.87000  306.94145  56.6%  98.3 9531s

 557412 480573  400.28059   75  165  706.87000  306.94145  56.6%  98.3 9545s

 557888 481125  653.12709  182  137  706.87000  306.94145  56.6%  98.3 9567s

 558567 481654  555.18343   88  174  706.87000  306.94145  56.6%  98.4 9587s

 559288 481992 infeasible   52       706.87000  306.94145  56.6%  98.5 9605s

 559697 482368 infeasible   80       706.87000  306.98954  56.6%  98.5 9621s

 560161 483316  391.50317   54  222  706.87000  306.99186  56.6%  98.6 9651s

 561234 484150  643.47666  220  175  706.87000  306.99497  56.6%  98.6 9677s

 562146 484880  373.44282   58  187  706.87000  307.00270  56.6%  98.5 9700s

 562942 485652  610.69054  149  172  706.87000  307.00270  56.6%  98.5 9723s

 563832 486343  425.99258   52  216  706.87000  307.00270  56.6%  98.5 9745s

 564605 487034  594.25039  166  226  706.87000  307.00270  56.6%  98.6 9769s

 565405 487569  400.96339   91  154  706.87000  307.01888  56.6%  98.5 9786s

 566008 488168  353.78765   33  145  706.87000  307.05696  56.6%  98.5 9808s

 566753 488516 infeasible   71       706.87000  307.06206  56.6%  98.5 9826s

 567213 488981  528.01764   66  151  706.87000  307.08170  56.6%  98.6 9848s

 567807 489857     cutoff   65       706.87000  307.08170  56.6%  98.6 9880s

 568890 490748  698.34785  130  121  706.87000  307.11099  56.6%  98.7 9905s

 569933 491421  696.75150  232  152  706.87000  307.13238  56.6%  98.7 9929s

 570778 492355  342.77927   35  261  706.87000  307.13238  56.6%  98.7 9958s

 571828 493442  399.78157   76  148  706.87000  307.16918  56.5%  98.8 9983s

 573035 494223  311.00131   38  129  706.87000  307.18353  56.5%  98.7 10010s

 573915 494778  333.89682   35  228  706.87000  307.18353  56.5%  98.8 10029s

 574560 495851  543.82391   92  183  706.87000  307.19602  56.5%  98.8 10063s

 575759 496642  491.68871  102  203  706.87000  307.21514  56.5%  98.8 10085s

 576622 497706  390.27395   43  209  706.87000  307.21514  56.5%  98.8 10112s

 577838 498590  371.51904   34  163  706.87000  307.23201  56.5%  98.8 10142s

 578819 499276  553.23504  122  150  706.87000  307.23402  56.5%  98.8 10162s

 579579 499948  535.54954   44  237  706.87000  307.24843  56.5%  98.7 10189s

 580334 499970  388.95573   49  159  706.87000  307.24843  56.5%  98.8 10240s

 580356 500519  390.92653   50  138  706.87000  307.25010  56.5%  98.8 10273s

 581030 501338  400.75576   51  152  706.87000  307.26153  56.5%  98.8 10299s

 581255 501338  652.10572  198  118  706.87000  307.26153  56.5%  98.8 10300s

 582007 502018     cutoff  134       706.87000  307.28046  56.5%  98.8 10322s

 582782 502882  343.44730   40  179  706.87000  307.28527  56.5%  98.8 10344s

 583302 502882  591.23956  287  146  706.87000  307.28527  56.5%  98.8 10345s

 583831 503831  367.66998   47  137  706.87000  307.29727  56.5%  98.9 10378s

 584933 504393  418.48205   43  172  706.87000  307.31785  56.5%  98.8 10398s

 585579 504942  424.91586   39  250  706.87000  307.32370  56.5%  98.9 10422s

 586253 505687  402.28887   46  196  706.87000  307.33469  56.5%  98.9 10447s

 587153 506064  347.36028   53  274  706.87000  307.33469  56.5%  99.0 10475s

 587652 506472  333.51725   26  162  706.87000  307.34188  56.5%  99.0 10494s

 588116 507274  561.48069   62  164  706.87000  307.34188  56.5%  99.0 10521s

 589050 508147  385.79011   62  180  706.87000  307.35479  56.5%  99.1 10546s

 590059 509074  680.71432  263  168  706.87000  307.37366  56.5%  99.1 10575s

 591075 509622  664.10179  137  120  706.87000  307.37366  56.5%  99.1 10600s

 591718 510610  497.71031   73  125  706.87000  307.38712  56.5%  99.1 10636s

 592828 511247  342.06603   37  195  706.87000  307.39591  56.5%  99.1 10677s

 593588 512271  335.62292   30  233  706.87000  307.41369  56.5%  99.1 10716s

 594764 512623  537.83200   60  125  706.87000  307.41535  56.5%  99.1 10733s

 595178 514077  399.77455   54  146  706.87000  307.41535  56.5%  99.1 10792s

 596840 514637  668.07167  144  102  706.87000  307.45137  56.5%  99.1 10817s

 597670 515304  375.94038   39  208  706.87000  307.47875  56.5%  99.2 10841s

 598466 515895  402.03350   85  191  706.87000  307.50612  56.5%  99.2 10865s

 599184 516836  319.82999   23  133  706.87000  307.50612  56.5%  99.2 10897s

 600230 517894  420.07721   51  140  706.87000  307.51664  56.5%  99.2 10924s

 601486 518933  348.81211   46  237  706.87000  307.51664  56.5%  99.2 10954s

 601615 518933  361.95921   40  179  706.87000  307.51664  56.5%  99.2 10955s

 602591 519446  489.36607  175  153  706.87000  307.51664  56.5%  99.2 10972s

 603202 520012  351.85377   55  215  706.87000  307.51664  56.5%  99.2 10994s

 603788 520012  643.43587  266  143  706.87000  307.51664  56.5%  99.2 10995s

 603929 520514  482.29020   49  128  706.87000  307.51664  56.5%  99.2 11017s

 604655 521334  512.88831   54  192  706.87000  307.51664  56.5%  99.3 11043s

 605570 521805  412.99599   62  137  706.87000  307.51664  56.5%  99.3 11059s

 606104 522630  555.61795  153  127  706.87000  307.51664  56.5%  99.3 11089s

 606721 522630  359.71335   51  177  706.87000  307.51664  56.5%  99.3 11090s

 607046 523428  523.25029   57  260  706.87000  307.51664  56.5%  99.3 11113s

 607963 524530  347.24083   34  235  706.87000  307.62462  56.5%  99.3 11149s

 608646 524530  550.53130  182  165  706.87000  307.63271  56.5%  99.3 11150s

 609164 525014  364.39505   58  198  706.87000  307.63271  56.5%  99.3 11168s

 609688 525923  427.81998   89  149  706.87000  307.63271  56.5%  99.3 11190s

 610684 526698  354.69577   27  220  706.87000  307.63271  56.5%  99.3 11215s

 611524 527465  485.48852  148  191  706.87000  307.63271  56.5%  99.3 11232s

 612356 528387  372.94635   31  185  706.87000  307.63271  56.5%  99.3 11253s

 613365 529235  690.89422  189  132  706.87000  307.63271  56.5%  99.2 11277s

 614288 529615  467.02916  111  174  706.87000  307.63271  56.5%  99.2 11292s

 614753 529966  351.25536   53  122  706.87000  307.63271  56.5%  99.2 11305s

 615145 530280  383.82988   63  139  706.87000  307.63271  56.5%  99.3 11323s

 615564 530785  402.28152   68  119  706.87000  307.69276  56.5%  99.3 11341s

 616140 531191  420.74462   87  138  706.87000  307.69276  56.5%  99.3 11363s

 616673 531661  336.32371   33  175  706.87000  307.69276  56.5%  99.4 11383s

 617303 532034  423.35401   82   99  706.87000  307.71996  56.5%  99.4 11397s

 617754 532271  334.52381   37  209  706.87000  307.71996  56.5%   100 11412s

 618088 532963  380.32020   49  131  706.87000  307.71996  56.5%   100 11439s

 618882 533439  345.17293   37  237  706.87000  307.71996  56.5%   100 11458s

 619408 534155  400.51090   67  195  706.87000  307.71996  56.5%   100 11478s

 620274 534902  691.52046  254  177  706.87000  307.71996  56.5%   100 11504s

 621161 535716  560.34059  229   88  706.87000  307.75982  56.5%   100 11533s

 622103 536633  401.07461   90  171  706.87000  307.77045  56.5%   100 11556s

 623066 537029  674.02332  216  159  706.87000  307.77045  56.5%   100 11578s

 623598 538024  378.02053   49  255  706.87000  307.77045  56.5%   100 11609s

 624180 538024  675.28725  136  170  706.87000  307.78473  56.5%   100 11610s

 624678 538735  685.48722  169  149  706.87000  307.78636  56.5%   100 11630s

 625488 539292  424.92377   52  149  706.87000  307.79682  56.5%   100 11653s

 626170 539810  538.66670   85  151  706.87000  307.79682  56.5%   100 11673s

 626811 540412  437.23401   73  152  706.87000  307.79682  56.5%   100 11698s

 627509 541399  417.67780   63  222  706.87000  307.80134  56.5%   100 11731s

 628629 542419  333.87290   49  237  706.87000  307.84698  56.4%   100 11757s

 629796 542751  398.11465   61  182  706.87000  307.87512  56.4%   100 11773s

 630180 543546  473.17395   80  127  706.87000  307.87512  56.4%   100 11800s

 631084 544130  329.55028   49  138  706.87000  307.87512  56.4%   100 11826s

 631735 545022  557.28987   66  114  706.87000  307.87512  56.4%   100 11848s

 632767 545490  409.44907   40  159  706.87000  307.87512  56.4%   100 11868s

 633322 546207  533.17600   64  132  706.87000  307.88609  56.4%   100 11894s

 634162 546846  547.28814  146  114  706.87000  307.90507  56.4%   100 11917s

 634953 547200  368.71949   71  116  706.87000  307.90507  56.4%   100 11937s

 635479 547841  580.06186   92  192  706.87000  307.91493  56.4%   100 11961s

 636202 548210  533.28611  126   98  706.87000  307.91493  56.4%   100 11980s

 636663 549078  341.67182   38  207  706.87000  307.93184  56.4%   100 12011s

 637660 550089  336.37471   47  130  706.87000  307.95297  56.4%   100 12035s

 638757 551001  579.00929  156  150  706.87000  307.95297  56.4%   100 12062s

 639764 551555  507.45077  128  182  706.87000  307.95297  56.4%   100 12081s

 640470 552184  369.01408   43  180  706.87000  307.95297  56.4%   100 12103s

 641257 552538  394.42460   69  191  706.87000  307.95297  56.4%   100 12124s

 641773 552855  424.41286   75  158  706.87000  307.99241  56.4%   100 12138s

 642098 553949  466.18108   83  179  706.87000  308.00274  56.4%   100 12175s

 643326 554594  497.82362   64  225  706.87000  308.02327  56.4%   100 12197s

 644198 555769  361.80416   33  222  706.87000  308.03394  56.4%   101 12236s

 645494 556756  332.30916   57  131  706.87000  308.04795  56.4%   101 12260s

 646561 557580  643.27390  183  169  706.87000  308.04795  56.4%   101 12289s

 647498 558480  636.07485  119  134  706.87000  308.04795  56.4%   101 12312s

 648528 558940  438.66182   60  125  706.87000  308.08288  56.4%   101 12330s

 649064 559739  616.72755  102  117  706.87000  308.08288  56.4%   101 12356s

 649961 560165  689.64405  110   88  706.87000  308.08288  56.4%   101 12375s

 650512 560521  422.71324   34  111  706.87000  308.08288  56.4%   101 12394s

 650966 561239  445.11056   37  181  706.87000  308.08288  56.4%   101 12427s

 652023 561600  527.74258   97  167  706.87000  308.08288  56.4%   101 12447s

 652467 562696  414.74637   60  222  706.87000  308.10325  56.4%   101 12480s

 653688 563797  439.30641   68  247  706.87000  308.12616  56.4%   101 12505s

 654895 564365  625.22151   50  101  706.87000  308.13158  56.4%   101 12533s

 655707 565093  543.56685  131  192  706.87000  308.14728  56.4%   101 12551s

 656473 566170  358.18603   36  171  706.87000  308.14728  56.4%   101 12587s

 657665 566718  351.39946   40  216  706.87000  308.16423  56.4%   101 12606s

 658334 567254  377.30045   52  169  706.87000  308.17150  56.4%   101 12622s

 659011 567890  394.96908   68  166  706.87000  308.17837  56.4%   101 12648s

 659737 568255  697.67320  197  126  706.87000  308.18169  56.4%   101 12663s

 660238 568821  502.09403   67  197  706.87000  308.18837  56.4%   101 12686s

 660902 569548  441.24476  113  138  706.87000  308.19496  56.4%   101 12714s

 661666 570008  319.37594   44  224  706.87000  308.19496  56.4%   101 12731s

 662207 570894  366.02858   67  220  706.87000  308.19496  56.4%   101 12761s

 663216 571780  457.30164  147  220  706.87000  308.20553  56.4%   101 12784s

 663738 571780  443.62238   58  189  706.87000  308.21863  56.4%   101 12785s

 664209 572126 infeasible  259       706.87000  308.23905  56.4%   101 12799s

 664591 572822  473.22697   76  166  706.87000  308.24193  56.4%   101 12824s

 664746 572822  419.13683   53  163  706.87000  308.24193  56.4%   101 12825s

 665493 573637  385.66926   37  174  706.87000  308.24193  56.4%   101 12850s

 666410 574104  394.83439   65  188  706.87000  308.25339  56.4%   101 12869s

 667029 574715  371.63988   61  221  706.87000  308.28182  56.4%   101 12893s

 667753 575324  328.61259   38  234  706.87000  308.29049  56.4%   101 12916s

 668555 575865  676.87070   53  138  706.87000  308.29049  56.4%   101 12936s

 669144 576689  413.75702   57  232  706.87000  308.30295  56.4%   101 12963s

 670140 577660  337.67767   45  151  706.87000  308.31303  56.4%   101 12989s

 670339 577660  318.34415   26  192  706.87000  308.31303  56.4%   101 12990s

 671242 578387  549.77508  244  179  706.87000  308.31303  56.4%   101 13016s

 672104 578969  353.33314   48  103  706.87000  308.32063  56.4%   101 13031s

 672736 579633  390.43422   63  157  706.87000  308.32063  56.4%   101 13056s

 673487 580488     cutoff  203       706.87000  308.33096  56.4%   101 13074s

 674363 580946  484.41613  108  192  706.87000  308.33096  56.4%   101 13091s

 674861 581851  586.50530  182  153  706.87000  308.35994  56.4%   101 13115s

 675870 582356  520.42843   52  159  706.87000  308.35994  56.4%   101 13135s

 676477 582757  336.91453   42  159  706.87000  308.35994  56.4%   101 13153s

 677019 583176  346.29601   56  191  706.87000  308.38869  56.4%   101 13170s

 677528 583715  553.32792   90  154  706.87000  308.38869  56.4%   101 13186s

 678131 584683  389.25715   36  186  706.87000  308.40250  56.4%   101 13216s

 679191 585582  343.40824   44  157  706.87000  308.40250  56.4%   101 13237s

 680169 586107     cutoff  122       706.87000  308.41185  56.4%   101 13256s

 680757 587158  431.53497   91  134  706.87000  308.41185  56.4%   101 13282s

 681948 587776  319.36920   31  234  706.87000  308.41185  56.4%   101 13308s

 682612 588526  490.60030   69  155  706.87000  308.42337  56.4%   101 13325s

 683434 589020  397.62739   49  156  706.87000  308.42337  56.4%   101 13347s

 684069 589268  563.98404   60  178  706.87000  308.44959  56.4%   101 13361s

 684424 589717  435.29884   53  191  706.87000  308.45502  56.4%   101 13378s

 684895 590545  614.66248  159  126  706.87000  308.45502  56.4%   101 13410s

 685831 591251  377.95471   72  171  706.87000  308.45502  56.4%   101 13432s

 686650 592144  536.02226  189  118  706.87000  308.48246  56.4%   101 13453s

 687580 592812  329.28755   19  166  706.87000  308.48578  56.4%   101 13479s

 687695 592812  466.98878   57  117  706.87000  308.48609  56.4%   101 13480s

 688359 593696  350.74946   51  203  706.87000  308.48774  56.4%   101 13502s

 689330 594064  467.88024  154  147  706.87000  308.49773  56.4%   101 13518s

 689770 594753  517.41919  235  174  706.87000  308.50294  56.4%   101 13546s

 690624 595591  340.28880   31  236  706.87000  308.50294  56.4%   101 13564s

 691196 595591  424.38036   50  160  706.87000  308.50294  56.4%   101 13565s

 691501 596440  509.45013  152  198  706.87000  308.50294  56.4%   101 13594s

 692483 596949  677.17401  326  171  706.87000  308.51699  56.4%   101 13612s

 693110 597425  423.26308   82  164  706.87000  308.51699  56.4%   101 13631s

 693673 598037  535.69146  123  163  706.87000  308.51699  56.4%   101 13653s

 694415 598603  497.13917   69  197  706.87000  308.55535  56.3%   101 13669s

 695039 599460  357.93286   44  185  706.87000  308.55535  56.3%   101 13698s

 696008 600248  514.82184  167  168  706.87000  308.55535  56.3%   101 13718s

 696938 600688  350.78303   38  181  706.87000  308.55535  56.3%   101 13735s

 697479 601221  425.25129   57  122  706.87000  308.55535  56.3%   101 13754s

 698070 601587  333.54741   54  175  706.87000  308.55535  56.3%   101 13771s

 698500 602310  466.08146  117  145  706.87000  308.55535  56.3%   101 13799s

 699340 603009  370.85122   59  208  706.87000  308.55535  56.3%   101 13822s

 700201 603959  310.32841   29  244  706.87000  308.61117  56.3%   101 13854s

 701237 604850  383.16400   27  127  706.87000  308.61117  56.3%   101 13873s

 702191 605454  597.26170  199  167  706.87000  308.61117  56.3%   101 13890s

 702859 606204  378.62048   43  168  706.87000  308.61117  56.3%   101 13916s

 703623 606919  550.78832   84  151  706.87000  308.61117  56.3%   101 13937s

 704457 607653  520.79319   85  153  706.87000  308.64998  56.3%   101 13961s

 705245 608286  398.50698   44  111  706.87000  308.65044  56.3%   101 13979s

 705929 608734  357.85579   57  284  706.87000  308.65044  56.3%   101 13997s

 706421 609066  481.47637   65  190  706.87000  308.65044  56.3%   101 14011s

 706839 609823  508.89478   89  180  706.87000  308.65044  56.3%   101 14040s

 707630 610575  634.65050  184   92  706.87000  308.68084  56.3%   101 14061s

 708525 610911  634.43828   78  238  706.87000  308.68084  56.3%   101 14081s

 708994 611455  401.41923   37  185  706.87000  308.68084  56.3%   101 14103s

 709597 611746  683.74705   58  101  706.87000  308.68084  56.3%   101 14123s

 710058 612069  387.14063   45  230  706.87000  308.68084  56.3%   101 14140s

 710438 613003  474.15933   90  240  706.87000  308.68084  56.3%   101 14171s

 711515 613413     cutoff   82       706.87000  308.68084  56.3%   101 14189s

 711623 613413  423.58415  102  181  706.87000  308.68084  56.3%   102 14190s

 712025 614158  428.50716   50  234  706.87000  308.68084  56.3%   102 14218s

 712877 614975  677.90425  166  181  706.87000  308.75480  56.3%   102 14239s

 713792 615780  567.75756  143  183  706.87000  308.75480  56.3%   102 14273s

 714694 616187  370.25208   64  196  706.87000  308.75480  56.3%   102 14287s

 715143 617073  418.99275  114  204  706.87000  308.75480  56.3%   102 14319s

 716145 617828  365.25345   48  269  706.87000  308.78317  56.3%   102 14341s

 717034 618736  418.52007   93  247  706.87000  308.78317  56.3%   102 14372s

 718036 619422 infeasible  238       706.87000  308.78317  56.3%   102 14393s

 718817 619567  602.56149   85  154  706.87000  308.81038  56.3%   102 14400s



Cutting planes:

  Learned: 6

  Gomory: 24

  Lift-and-project: 79

  Cover: 136

  Implied bound: 574

  Projected implied bound: 12

  Clique: 484

  MIR: 586

  Mixing: 38

  StrongCG: 36

  Flow cover: 1269

  GUB cover: 10

  Inf proof: 14

  Zero half: 1690

  RLT: 172

  Relax-and-lift: 960



Explored 718985 nodes (73032896 simplex iterations) in 14401.22 seconds (6795.96 work units)

Thread count was 16 (of 16 available processors)



Solution count 10: 706.87 706.87 707.63 ... 750.43



Time limit reached

Best objective 7.068700000000e+02, best bound 3.088103827524e+02, gap 56.3130%



AMPL MP initial flat model has 7127 variables (0 integer, 7056 binary);

Objectives: 1 quadratic; 

Constraints:  1978 linear; 12 quadratic;



AMPL MP final model has 7127 variables (0 integer, 7056 binary);

Objectives: 1 quadratic; 

Constraints:  1978 linear; 12 quadratic;





-----RESULTS INFO-----
running_time:  14412.453
TC.best_bound:  308.8103827523618
TC:  706.8700000000001
MIP Gap (%):  56.31298785457556
=== Vehicle Routes ===
Vehicle 1: 0  47
Vehicle 1: 1  51
Vehicle 1: 2  1
Vehicle 1: 6  2
Vehicle 1: 9  6
Vehicle 1: 47  9
Vehicle 2: 0  3
Vehicle 2: 3  11
Vehicle 2: 5  51
Vehicle 2: 7  5
Vehicle 2: 11  7
Vehicle 3: 0  10
Vehicle 3: 4  51
Vehicle 3: 10  48
Vehicle 3: 34  4
Vehicle 3: 48  34
Vehicle 4: 0  8
Vehicle 4: 8  50
Vehicle 4: 12  51
Vehicle 4: 50  12
Vehicle 5: 0  49
Vehicle 5: 13  51
Vehicle 5: 46  13
Vehicle 5: 49  46
Vehicle 6: 0  45
Vehicle 6: 45  51

=== Full Vehicle Routes ===
Vehicle 1: 0  47  9  6  2  1  0 (97<100)
Vehicle 2: 0  3  11  7  5  0 (81<100)
Vehicle 3: 0  10  48  34  4  0 (96<100)
Vehicle 4: 0  8  50  12  0 (100<100)
Vehicle 5: 0  49  46  13  0 (100<100)
Vehicle 6: 0  45  0 (96<100)
Arc used by MRT line: y variables:
MRT used: 45  44
Customer assigment to PL: u variables:
14 50
15 48
16 46
17 45
18 48
19 50
20 48
21 45
22 45
23 44
24 48
25 47
26 50
27 49
28 48
29 45
30 45
31 48
32 50
33 45
35 49
36 50
37 46
38 45
39 47
40 50
41 49
42 50
43 46
Node is served by regular vehicle: g variables:
1
2
3
4
5
6
7
8
9
10
11
12
13
34
50
45
46
47
48
49
Customer assigment to Home delivery: gm variables:
1
2
3
4
5
6
7
8
9
10
11
12
13
34
Node total demands: ntd variables:
1 23 1
2 14 1
3 24 1
4 4 1
5 19 1
6 14 1
7 14 1
8 9 1
9 9 1
10 18 1
11 24 1
12 18 1
13 14 1
29 0 0
30 0 0
31 0 0
32 0 0
33 0 0
34 3 1
35 0 0
36 0 0
37 0 0
38 0 0
39 0 0
40 0 0
41 0 0
42 0 0
43 0 0
50 73 1
44 0 0
45 96 1
46 56 1
47 37 1
48 71 1
49 30 1
Customer's demand delivered to PL: l variables:
14
15
16
17
18
19
20
21
22
23
24
25
26
27
28
29
30
31
32
33
35
36
37
38
39
40
41
42
43
Lockers load <= capacity:
73 <= 94
9 <= 90
87 <= 97
56 <= 72
37 <= 71
71 <= 87
30 <= 94
