Gurobi 12.0.3:   lim:time = 14400

  mip:bestbound = 1

Set parameter LogToConsole to value 1

  tech:outlev = 1

Set parameter Cuts to value 3

  cut:cuts = 3

Set parameter Presolve to value 2

  pre:solve = 2

Set parameter MIPFocus to value 2

  mip:focus = 2

Set parameter Symmetry to value 2

  mip:symmetry = 2

Set parameter InfUnbdInfo to value 1

Gurobi Optimizer version 12.0.3 build v12.0.3rc0 (win64 - Windows 10.0 (19045.2))



CPU model: 11th Gen Intel(R) Core(TM) i7-11700 @ 2.50GHz, instruction set [SSE2|AVX|AVX2|AVX512]

Thread count: 8 physical cores, 16 logical processors, using up to 16 threads



Non-default parameters:

TimeLimit  14400

MIPFocus  2

Symmetry  2

Cuts  3

InfUnbdInfo  1

Presolve  2



Optimize a model with 2061 rows, 7524 columns and 47398 nonzeros

Model fingerprint: 0xb508c2cb

Model has 6 quadratic constraints

Variable types: 72 continuous, 7452 integer (0 binary)

Coefficient statistics:

  Matrix range     [1e+00, 1e+05]

  QMatrix range    [1e+00, 1e+00]

  QLMatrix range   [2e+00, 2e+01]

  Objective range  [3e+00, 1e+02]

  Bounds range     [1e+00, 1e+02]

  RHS range        [1e+00, 1e+05]

  QRHS range       [1e+02, 1e+02]

Presolve removed 118 rows and 270 columns

Presolve time: 1.68s

Presolved: 6371 rows, 11676 columns, 57480 nonzeros

Variable types: 36 continuous, 11640 integer (10221 binary)

Root relaxation presolve removed 1 rows and 0 columns

Root relaxation presolved: 4963 rows, 10269 columns, 74782 nonzeros





Root relaxation: objective 1.924105e+02, 878 iterations, 0.11 seconds (0.12 work units)

Total elapsed time = 5.17s (DegenMoves)



    Nodes    |    Current Node    |     Objective Bounds      |     Work

 Expl Unexpl |  Obj  Depth IntInf | Incumbent    BestBd   Gap | It/Node Time



     0     0  192.41051    0  181          -  192.41051      -     -    5s

     0     0  278.04929    0  151          -  278.04929      -     -    7s

     0     0  278.04929    0  158          -  278.04929      -     -    7s

     0     0  279.75174    0  149          -  279.75174      -     -    9s

     0     0  285.17500    0  164          -  285.17500      -     -    9s

     0     0  285.24163    0  394          -  285.24163      -     -    9s

     0     0  288.80750    0  123          -  288.80750      -     -   11s

     0     0  289.10107    0  355          -  289.10107      -     -   11s

     0     0  290.07691    0  183          -  290.07691      -     -   13s

     0     0  290.39218    0  196          -  290.39218      -     -   13s

     0     0  290.66788    0  208          -  290.66788      -     -   15s

     0     0  290.66788    0  208          -  290.66788      -     -   15s

     0     2  290.68190    0  192          -  290.68190      -     -   17s

   478   500  297.00462   15  129          -  291.17123      -  86.1   20s

  1703  1429  298.26451   27 2482          -  293.04474      -  87.3   27s

  1705  1430  447.74424  112  160          -  293.04474      -  87.2   33s

  1707  1432  915.27598  120  200          -  293.04474      -  87.1   36s

  1709  1433  519.77450  144  251          -  293.04474      -  87.0   41s

H 1711  1362                    1522.2600000  293.04474  80.7%  86.8   46s

H 1711  1293                    1502.5600000  293.04474  80.5%  86.8   46s

H 1711  1229                    1496.3700000  293.04474  80.4%  86.8   46s

H 1713  1169                    1484.1000000  294.16598  80.2%  86.7   49s

H 1713  1110                    1483.4700000  294.16598  80.2%  86.7   49s

H 1713  1055                    1483.1800000  294.16598  80.2%  86.7   49s

  1715  1056  457.22392  118  244 1483.18000  294.65313  80.1%  86.6   50s

H 1715  1003                    1480.9400000  295.29867  80.1%  86.6   51s

H 1715   952                    1461.0300000  295.39397  79.8%  86.6   52s

H 1717   905                    1456.8800000  295.67561  79.7%  86.5   55s

H 1718   861                    1436.9700000  295.76242  79.4%  86.5   55s

H 1720   818                    1425.1700000  295.84580  79.2%  86.4   59s

  1722   820  459.16619   76  214 1425.17000  295.85548  79.2%  86.3   60s

H 1722   779                    1413.1400000  295.85548  79.1%  86.3   61s

H 1723   740                    1399.5200000  295.85548  78.9%  86.2   62s

H 1723   702                    1395.8500000  295.85548  78.8%  86.2   62s

H 1723   667                    1377.8500000  295.85548  78.5%  86.2   62s

H 1723   633                    1362.6100000  295.85548  78.3%  86.2   62s

H 1723   601                    1358.8400000  295.85548  78.2%  86.2   62s

H 1723   571                    1357.7100000  295.85548  78.2%  86.2   62s

H 1723   542                    1352.4400000  295.85548  78.1%  86.2   62s

H 1723   514                    1345.5600000  295.85548  78.0%  86.2   62s

H 1723   488                    1336.5000000  295.85548  77.9%  86.2   62s

H 1725   465                    1329.7000000  296.18695  77.7%  86.1   64s

H 1726   442                    1329.3300000  296.18695  77.7%  86.1   64s

H 1726   419                    1317.7500000  296.18695  77.5%  86.1   64s

  1727   420  298.98995   19  229 1317.75000  296.18695  77.5%  86.0   65s

H 1728   400                    1301.7300000  296.26888  77.2%  86.0   66s

H 1729   379                    1284.4500000  296.28856  76.9%  85.9   67s

H 1731   362                    1249.1300000  296.55257  76.3%  85.8   69s

H 1731   343                    1238.2800000  296.55257  76.1%  85.8   69s

  1733   344  304.08323   23  305 1238.28000  296.55257  76.1%  85.7   70s

H 1733   326                    1234.2100000  296.61132  76.0%  85.7   71s

H 1733   309                    1230.1500000  296.61132  75.9%  85.7   71s

H 1733   293                    1229.6300000  296.61132  75.9%  85.7   71s

H 1733   278                    1214.7800000  296.61132  75.6%  85.7   71s

H 1733   264                    1212.1200000  296.61132  75.5%  85.7   71s

H 1733   250                    1203.2100000  296.61132  75.3%  85.7   71s

H 1733   237                    1191.6300000  296.61132  75.1%  85.7   71s

H 1733   225                    1184.1800000  296.61132  75.0%  85.7   71s

H 1733   213                    1179.6000000  296.61132  74.9%  85.7   71s

H 1737   205                    1174.4200000  296.98087  74.7%  85.5   74s

H 1737   194                    1165.3600000  296.98087  74.5%  85.5   74s

  1739   195  321.12762   38  315 1165.36000  297.10429  74.5%  85.5   75s

H 1742   186                    1141.6400000  297.13557  74.0%  85.3   77s

  1749   191  372.63183   55  361 1141.64000  297.18959  74.0%  85.0   80s

  1761   199  439.93567   57  299 1141.64000  297.28292  74.0%  84.4   85s

H 1776   198                    1073.2100000  297.56787  72.3%  83.7   89s

  1777   198  304.32479    5  283 1073.21000  297.56787  72.3%  83.6   90s

  1792   208  462.76896   79  278 1073.21000  298.23203  72.2%  82.9   95s

  1800   214  304.32479    5  325 1073.21000  298.29738  72.2%  82.6  100s

  1812   222  872.62662  139  344 1073.21000  298.37385  72.2%  82.0  105s

  1824   230  298.46888   20  351 1073.21000  298.46888  72.2%  81.5  110s

  1842   242  839.26223  117  355 1073.21000  298.68582  72.2%  80.7  115s

  1853   252  298.78364   14  354 1073.21000  298.78364  72.2%   102  122s

  1875   285  300.90689   18  324 1073.21000  299.37901  72.1%   106  125s

  1958   332  302.70233   23  250 1073.21000  299.37901  72.1%   118  130s

  2025   376  302.96982   27  224 1073.21000  299.37901  72.1%   128  135s

  2097   418  303.88542   32  242 1073.21000  299.37901  72.1%   138  140s

H 2099   402                    1042.7400000  299.37901  71.3%   138  140s

  2145   440  364.93600   34  191 1042.74000  299.37901  71.3%   144  145s

  2199   475  309.28502   37  160 1042.74000  299.37901  71.3%   150  150s

  2280   546  311.92963   41  197 1042.74000  299.37901  71.3%   157  155s

  2380   616  313.19122   46  207 1042.74000  299.37901  71.3%   167  160s

H 2421   597                    1024.4700000  299.37901  70.8%   170  161s

  2537   727  316.58577   53  175 1024.47000  299.37901  70.8%   176  166s

  2749   942  330.76608   62  136 1024.47000  299.37901  70.8%   181  171s

  2911  1118  338.94884   68  136 1024.47000  299.37901  70.8%   185  175s

  3121  1239  409.25536   75  102 1024.47000  299.37901  70.8%   188  180s

  3208  1408  348.20065   77  122 1024.47000  299.37901  70.8%   187  185s

  3370  1544  445.51980   85  133 1024.47000  299.40659  70.8%   186  191s

  3519  1712  456.24582   86  149 1024.47000  299.40659  70.8%   183  195s

  3797  1963  397.45436   94  124 1024.47000  299.43392  70.8%   182  200s

  3963  2013  475.42525  100   95 1024.47000  299.43392  70.8%   182  205s

  4167  2256  405.50314  110  121 1024.47000  299.61846  70.8%   182  211s

  4289  2555  428.62845  117  120 1024.47000  299.61846  70.8%   184  215s

  4923  2865  434.05376  142  140 1024.47000  299.61846  70.8%   176  221s

  4947  3061  442.93167  143  143 1024.47000  299.61846  70.8%   176  227s

  5175  3177  441.10117  150  151 1024.47000  299.61846  70.8%   173  230s

  5670  3640  601.91092  179  106 1024.47000  299.61846  70.8%   169  236s

  6098  4097     cutoff  241      1024.47000  300.20928  70.7%   164  243s

  6370  4300  388.82196   38  164 1024.47000  300.20928  70.7%   162  247s

  6635  4375  709.86822   71   80 1024.47000  300.60399  70.7%   160  253s

  6719  4527  305.38334   30  191 1024.47000  300.60399  70.7%   159  256s

  6873  4718  362.86221   59  168 1024.47000  300.60399  70.7%   159  261s

  7072  4884  399.05395   90  170 1024.47000  300.60399  70.7%   157  265s

H 7148  4884                    1022.3000000  300.60399  70.6%   157  265s

  7608  5979  614.04197  176  112 1022.30000  300.60399  70.6%   154  273s

  8447  6507  509.89831   77  147 1022.30000  300.60399  70.6%   146  278s

  9087  6625  312.06149   23  185 1022.30000  300.60399  70.6%   142  282s

  9233  6872  361.80414   28  164 1022.30000  300.60399  70.6%   143  287s

  9489  7213  380.11680   28  139 1022.30000  300.60399  70.6%   142  291s

  9885  8118  670.28075   40   80 1022.30000  300.60399  70.6%   141  297s

 10945  8959  414.38638  137  186 1022.30000  302.17529  70.4%   134  301s

 11850  9341  934.27198  271  104 1022.30000  302.17529  70.4%   130  307s

 12367 10284  468.40743   45  154 1022.30000  302.17529  70.4%   128  312s

 13456 10505  411.32255   62  163 1022.30000  302.97101  70.4%   124  317s

 13687 11416  464.41552   76  181 1022.30000  303.00536  70.4%   124  322s

 14653 12137  339.56623   45  174 1022.30000  303.01532  70.4%   121  333s

 15532 12476 infeasible   39      1022.30000  303.01737  70.4%   120  338s

 15913 13037  386.00493   31  163 1022.30000  303.40810  70.3%   121  344s

 16645 13362  353.11723   33  121 1022.30000  303.72149  70.3%   121  351s

 16972 13577  407.40477   44  149 1022.30000  303.72149  70.3%   123  357s

 17190 13878  476.25875   47  164 1022.30000  303.72149  70.3%   124  364s

 17516 14803  510.36640   68  125 1022.30000  303.72149  70.3%   125  372s

 18664 15006  330.18138   40  156 1022.30000  303.72711  70.3%   125  379s

 18925 15525  412.92627   63  107 1022.30000  303.72711  70.3%   126  386s

 19501 17087  647.31538  154   90 1022.30000  303.72711  70.3%   124  394s

 21220 17559  346.97519   46  163 1022.30000  304.54654  70.2%   121  401s

 21760 17568  446.97855   70   90 1022.30000  304.55273  70.2%   120  408s

 21769 17570  526.64118   70  148 1022.30000  304.55273  70.2%   120  415s

 21783 17690  447.92019   71  110 1022.30000  304.55273  70.2%   120  421s

 21937 18102  448.90963   72  109 1022.30000  304.55273  70.2%   120  429s

 22251 18102  425.98366   39  133 1022.30000  304.66307  70.2%   120  430s

 22414 19214  532.07554   84  120 1022.30000  304.66307  70.2%   120  438s

 23836 19760  420.72624   39  180 1022.30000  304.95101  70.2%   119  445s

 24467 20471  532.44815   46  127 1022.30000  304.95101  70.2%   119  453s

 25378 20601  305.54308   27  288 1022.30000  305.25333  70.1%   118  461s

 25528 20999  359.75380   51  194 1022.30000  305.25333  70.1%   117  468s

 25986 22160  561.77483   78  128 1022.30000  305.25333  70.1%   117  476s

 27266 22871  571.44111   81  132 1022.30000  305.25333  70.1%   115  483s

 28058 24133  364.15442   32  136 1022.30000  305.25333  70.1%   115  491s

 29566 24858  479.82687   95  162 1022.30000  305.76113  70.1%   114  502s

 30391 25642  311.00381   39  212 1022.30000  305.76113  70.1%   113  513s

 31302 27317  455.88069   72  116 1022.30000  305.86665  70.1%   113  523s

 33172 28296  455.10094   70   93 1022.30000  306.01811  70.1%   111  529s

 34278 29754  614.43915  140  161 1022.30000  306.17799  70.1%   110  536s

 35860 30218  669.78127  117  119 1022.30000  306.18782  70.0%   109  541s

 36350 31078  851.68841  193  123 1022.30000  306.18782  70.0%   108  546s

 37312 31898  459.75452   85  116 1022.30000  306.18782  70.0%   108  551s

 38269 32864  395.31534   60  183 1022.30000  306.24695  70.0%   108  557s

 39362 33456  334.74721   61  167 1022.30000  306.32338  70.0%   107  561s

 39984 34774  527.96897  108  146 1022.30000  306.32685  70.0%   107  566s

 41445 35810  772.91246  203  109 1022.30000  306.38029  70.0%   105  571s

 42536 36920  428.22425   83  177 1022.30000  306.38029  70.0%   104  575s

 44232 38877  319.93028   48  180 1022.30000  306.45752  70.0%   103  590s

 46918 40402  337.99273   45  157 1022.30000  306.50331  70.0%   102  597s

 47792 40777  350.75837   47  205 1022.30000  306.59722  70.0%   101  601s

 48183 41732  446.02918   97  142 1022.30000  306.59722  70.0%   101  606s

 49279 42271  409.61248   54  145 1022.30000  306.63706  70.0%   100  611s

 49941 42773  314.45284   31  218 1022.30000  306.68858  70.0%   101  615s

 51373 43799  459.44207   96  103 1022.30000  306.70944  70.0%   101  623s

 51823 44595  344.31280   38  139 1022.30000  306.70944  70.0%   101  628s

 52717 44870  339.06756   29  210 1022.30000  306.70944  70.0%   101  631s

 53047 45658  359.56351   39  202 1022.30000  306.70944  70.0%   101  636s

 54012 46233  330.64576   39  203 1022.30000  306.77080  70.0%   101  640s

 54926 47422  318.90888   45  240 1022.30000  306.84429  70.0%   102  649s

 55950 48275 infeasible  115      1022.30000  306.84429  70.0%   101  653s

 56984 48535  432.64677   62  176 1022.30000  306.95933  70.0%   101  657s

 57276 49282  545.14555   92  112 1022.30000  306.95933  70.0%   101  661s

 58160 49817  454.86180   61  139 1022.30000  307.02564  70.0%   101  665s

 58836 50403  317.96836   42  185 1022.30000  307.04299  70.0%   101  674s

 59503 51664  737.63208  111  140 1022.30000  307.04299  70.0%   101  682s

 60942 52737  501.15407  109  143 1022.30000  307.11890  70.0%   102  689s

 62206 53539  332.24389   33  256 1022.30000  307.11890  70.0%   101  694s

 63157 54207  323.81715   36  215 1022.30000  307.11890  70.0%   101  699s

 63875 55118  469.14617  130  191 1022.30000  307.11890  70.0%   101  705s

 65691 56103  675.53869   57  101 1022.30000  307.26427  69.9%   101  714s

 66122 56463  326.12656   55  186 1022.30000  307.26427  69.9%   102  719s

 66580 57507  416.96245  102  166 1022.30000  307.32545  69.9%   102  724s

 67807 58525  368.20428   55  173 1022.30000  307.35750  69.9%   101  730s

 69325 59813  658.29540   91  172 1022.30000  307.38665  69.9%   101  739s

 70450 60953  484.14468  125  143 1022.30000  307.44927  69.9%   101  744s

 71687 61556  477.18360   67  118 1022.30000  307.46314  69.9%   101  749s

 72392 62365  365.36291   40  186 1022.30000  307.46314  69.9%   101  753s

 73311 63650  361.89492   40  166 1022.30000  307.46314  69.9%   101  762s

 74849 63914  468.46963   81  238 1022.30000  307.58858  69.9%   101  766s

 75136 64700  638.29197  130  151 1022.30000  307.58858  69.9%   101  770s

 75983 65449  387.29947   54  190 1022.30000  307.58858  69.9%   101  775s

 77627 66357  358.41906   29  212 1022.30000  307.59698  69.9%   100  782s

 77896 67034  517.19798   49  148 1022.30000  307.65753  69.9%   101  787s

 78710 67711  443.07834   51  136 1022.30000  307.68906  69.9%   101  792s

 79536 68686  335.02683   53  146 1022.30000  307.73887  69.9%   101  797s

 80685 68824  321.94887   36  166 1022.30000  307.85784  69.9%   101  801s

 80832 69587  439.06416   56  154 1022.30000  307.86181  69.9%   101  806s

 81669 70366 infeasible   94      1022.30000  307.89190  69.9%   101  814s

 82668 70566  308.57790   27  217 1022.30000  307.97604  69.9%   101  818s

 82894 71082  345.94259   40  136 1022.30000  307.97604  69.9%   101  822s

 83479 72216  530.62374   82  129 1022.30000  307.97604  69.9%   101  827s

 84741 72485  328.20289   51  152 1022.30000  307.97604  69.9%   101  832s

 85079 72809  399.42810   65  156 1022.30000  307.97604  69.9%   101  837s

 85467 73578  755.86958   78  161 1022.30000  307.97604  69.9%   101  840s

 86342 73897  994.80019  108  103 1022.30000  308.19769  69.9%   101  845s

 86696 74448  350.23042   52  119 1022.30000  308.20327  69.9%   101  850s

 88166 76177  402.48127   62  215 1022.30000  308.20327  69.9%   101  862s

 89295 76382  371.58828   40  161 1022.30000  308.28547  69.8%   101  868s

 89556 76679  436.56966   52  119 1022.30000  308.28547  69.8%   102  873s

 89865 77603  523.08875   67  125 1022.30000  308.28547  69.8%   102  880s

 91072 78011  450.08885   75  171 1022.30000  308.32835  69.8%   102  886s

 91536 79067  608.36593  128   98 1022.30000  308.32835  69.8%   102  892s

 92757 80002  749.75980  156   98 1022.30000  308.44602  69.8%   102  898s

 93900 80659  339.22713   35  259 1022.30000  308.53214  69.8%   102  902s

 94644 80905  476.04614  100  197 1022.30000  308.53230  69.8%   102  909s

 94922 81734  627.70647  141  165 1022.30000  308.53230  69.8%   103  914s

 95904 82060  343.75779   52  171 1022.30000  308.56799  69.8%   103  920s

 96280 82838  399.19576   79  139 1022.30000  308.56799  69.8%   103  926s

 97106 83930 infeasible  234      1022.30000  308.56799  69.8%   103  931s

 98389 84087  584.00935  149  166 1022.30000  308.72507  69.8%   103  937s

 98550 84567  588.08962  150  180 1022.30000  308.73241  69.8%   103  942s

 99087 85724  335.03302   40  175 1022.30000  308.73241  69.8%   103  948s

 100373 86768  731.63616  126   84 1022.30000  308.73241  69.8%   103  953s

 101578 87353  347.69000   37  109 1022.30000  308.74003  69.8%   103  959s

 102263 88342  665.45932  157  121 1022.30000  308.79973  69.8%   103  964s

 103377 88815 infeasible  102      1022.30000  308.79973  69.8%   102  971s

 104011 90236  397.27138   97  156 1022.30000  308.87816  69.8%   102  980s

 105669 90243  922.63785  135  120 1022.30000  308.97357  69.8%   102  986s

H105673 90133                    1000.5600000  308.97357  69.1%   102  986s

 105678 90333  927.34814  136  106 1000.56000  308.97357  69.1%   102  992s

 105961 91451  415.72771   53  145 1000.56000  309.02456  69.1%   102  997s

 107171 92451  326.03027   31  196 1000.56000  309.02456  69.1%   102 1003s

H107592 92262                     990.0100000  309.02456  68.8%   102 1003s

 108264 92681  719.87519  153  151  990.01000  309.02456  68.8%   102 1007s

 108771 93153  313.44909   32  208  990.01000  309.02456  68.8%   102 1014s

 109327 93806  364.26583   77  158  990.01000  309.02456  68.8%   102 1019s

 110117 94531  598.78097  187  143  990.01000  309.02456  68.8%   102 1025s

 110951 94778  339.03385   75  167  990.01000  309.02456  68.8%   102 1030s

H111189 94748                     988.9600000  309.02456  68.8%   102 1030s

 111233 95742  413.80834   99  150  988.96000  309.02456  68.8%   102 1036s

 112409 95938  332.47536   36  205  988.96000  309.17324  68.7%   102 1043s

 112657 96664  442.29072   61  151  988.96000  309.17324  68.7%   102 1048s

 113502 97272  326.24905   39  226  988.96000  309.17324  68.7%   102 1053s

 114151 97886  538.70612  127  166  988.96000  309.17324  68.7%   102 1059s

 114836 98700  687.11811  215  192  988.96000  309.17324  68.7%   102 1065s

 115739 99389  481.26861   82  145  988.96000  309.41164  68.7%   102 1070s

 116519 100308  484.02634  104  165  988.96000  309.41164  68.7%   102 1077s

 117550 100896  356.77512   43  162  988.96000  309.41164  68.7%   102 1081s

 118158 101732  613.81921   92  146  988.96000  309.41164  68.7%   102 1089s

 119063 102592  458.07857   71  169  988.96000  309.41164  68.7%   102 1095s

 120942 103661  332.86716   55  155  988.96000  309.50741  68.7%   102 1104s

 121225 104694  444.26427   87  170  988.96000  309.60940  68.7%   102 1109s

 122395 104975  314.18800   34  246  988.96000  309.63029  68.7%   102 1115s

 122676 105575  314.32254   35  251  988.96000  309.63029  68.7%   102 1121s

 123351 106283  345.86443   50  180  988.96000  309.63029  68.7%   102 1126s

 124129 107005  631.45433  172  225  988.96000  309.63029  68.7%   102 1131s

 124913 107204  313.99093   37  219  988.96000  309.63029  68.7%   102 1138s

H124922 107080                     984.7600000  309.63029  68.6%   102 1138s

H124935 103900                     918.5700000  309.63029  66.3%   102 1138s

 125130 104394  325.33519   47  224  918.57000  309.63029  66.3%   102 1143s

 125696 105317  568.48721   94  186  918.57000  309.63029  66.3%   102 1149s

H126732 105858                     914.3700000  309.70199  66.1%   102 1156s

H127012 105151                     902.7300000  309.70199  65.7%   102 1156s

 127617 105884  361.24496   44  201  902.73000  309.70199  65.7%   102 1161s

 128437 106166  389.44602   37  211  902.73000  309.70199  65.7%   102 1167s

H128573 105353                     890.7100000  309.70199  65.2%   102 1167s

 128819 106258 infeasible  112       890.71000  309.74433  65.2%   102 1174s

 129785 106580  341.53917   45  205  890.71000  309.84614  65.2%   102 1181s

 130145 107566  366.67498   61  170  890.71000  309.84614  65.2%   102 1187s

 131230 108460  336.82285   35  219  890.71000  309.87573  65.2%   102 1192s

 132234 108933 infeasible  113       890.71000  309.87573  65.2%   102 1199s

 132823 110087  723.50396  128  135  890.71000  309.88738  65.2%   102 1209s

 134080 110734  640.45400  200  169  890.71000  309.91628  65.2%   102 1213s

 134779 111140  333.94175   36  209  890.71000  309.91628  65.2%   102 1218s

 135236 111946  384.94967   65  189  890.71000  309.91628  65.2%   102 1223s

 136201 112288  582.46565  128   99  890.71000  309.99344  65.2%   102 1227s

 136545 113191  622.43665  130  116  890.71000  309.99344  65.2%   102 1233s

 137542 113606  590.09723  101  121  890.71000  309.99344  65.2%   102 1238s

 138048 114117  352.28251   38  257  890.71000  309.99344  65.2%   102 1242s

 138588 114405  427.93423   52  133  890.71000  309.99344  65.2%   103 1248s

 138918 114894  695.77227   66  181  890.71000  309.99344  65.2%   103 1254s

 139541 115387  480.13556   82  138  890.71000  310.06226  65.2%   103 1260s

 140091 115883  474.14172   53  149  890.71000  310.06226  65.2%   103 1265s

 140631 116799  704.18019  145  145  890.71000  310.06226  65.2%   103 1272s

 141690 116806  510.53035  109  175  890.71000  310.06226  65.2%   103 1282s

H141691 116493                     886.3200000  310.06226  65.0%   103 1282s

H141694 115917                     878.8500000  310.06226  64.7%   103 1282s

 141698 116336  515.88535  110  175  878.85000  310.06226  64.7%   103 1289s

 142154 117084  322.31355   23  207  878.85000  310.10824  64.7%   103 1295s

 143010 117298  318.89361   37  184  878.85000  310.10824  64.7%   103 1301s

 143238 118297  406.85942   72  163  878.85000  310.10824  64.7%   103 1308s

 144311 118783  312.39795   25  280  878.85000  310.10824  64.7%   103 1313s

 144862 119363  509.01081   51  106  878.85000  310.10824  64.7%   104 1318s

 145522 120206  587.98060   93   99  878.85000  310.10824  64.7%   104 1324s

 146483 120547 infeasible   75       878.85000  310.10824  64.7%   104 1330s

 146863 121214  724.76916  107  150  878.85000  310.10824  64.7%   104 1336s

 147659 121994  507.83561   72  197  878.85000  310.19795  64.7%   104 1344s

 148528 122358  761.12640  129  134  878.85000  310.19874  64.7%   104 1351s

 149009 123104  479.41660   69  156  878.85000  310.20033  64.7%   104 1359s

 149869 123921  388.80516   62  170  878.85000  310.22633  64.7%   104 1366s

 150784 124775  742.22783  166  152  878.85000  310.22633  64.7%   104 1372s

 151775 125639  528.15040  111  173  878.85000  310.27655  64.7%   104 1379s

 152732 126554  395.25191   65  196  878.85000  310.27655  64.7%   104 1387s

 153749 127014  834.43042  209  124  878.85000  310.27655  64.7%   104 1393s

 154290 127524  471.57602   51  176  878.85000  310.27655  64.7%   104 1401s

 154915 128339  317.98638   33  206  878.85000  310.33845  64.7%   104 1408s

 155837 129364  387.24383   50  155  878.85000  310.33845  64.7%   104 1415s

 156905 129786  776.72413  149  164  878.85000  310.33845  64.7%   105 1420s

 157381 130704  338.10395   51  199  878.85000  310.33845  64.7%   105 1427s

 158405 131686  663.08354  195  175  878.85000  310.33845  64.7%   105 1434s

 159506 132501  373.13788   54  180  878.85000  310.35574  64.7%   105 1441s

 160393 133216  383.86106   51  164  878.85000  310.41259  64.7%   105 1447s

 161217 133667  368.77167   62  223  878.85000  310.42548  64.7%   105 1452s

 161706 133703  552.44103  113  194  878.85000  310.42548  64.7%   105 1460s

 161742 134349  606.03071  132  216  878.85000  310.42548  64.7%   105 1466s

 162443 135167  334.85270   30  190  878.85000  310.42747  64.7%   105 1475s

 163773 136547  537.87731  130  193  878.85000  310.46437  64.7%   105 1487s

 164937 137399  335.42848   57  132  878.85000  310.48103  64.7%   105 1493s

 165856 138044  604.76780  184  174  878.85000  310.48103  64.7%   105 1499s

 166621 138682  393.99737   45  166  878.85000  310.48103  64.7%   105 1505s

 167512 139307  316.42110   38  248  878.85000  310.55703  64.7%   105 1510s

 168170 140137  499.51286  143  144  878.85000  310.57633  64.7%   105 1517s

 169099 140184  549.95575  101  147  878.85000  310.57633  64.7%   105 1524s

 169176 140470  550.43366  102  144  878.85000  310.57633  64.7%   105 1529s

 169473 141433  338.85310   29  189  878.85000  310.58661  64.7%   105 1535s

 170531 142260  331.97430   34  268  878.85000  310.61620  64.7%   105 1541s

 171424 142636  345.95280   41  145  878.85000  310.61620  64.7%   105 1547s

 171836 143609  457.06453  107  137  878.85000  310.61620  64.7%   105 1553s

 172925 144383  333.05374   33  156  878.85000  310.63937  64.7%   105 1559s

 173769 144996  320.94802   35  245  878.85000  310.63937  64.7%   105 1564s

 174486 145584  341.19506   54  150  878.85000  310.63937  64.7%   105 1570s

 175179 146525  365.71073   72  179  878.85000  310.71130  64.6%   105 1576s

 176227 146944  315.55013   28  266  878.85000  310.71847  64.6%   105 1581s

 176709 147778  428.87592   79  146  878.85000  310.73342  64.6%   105 1587s

 177724 148667  467.27340   71  150  878.85000  310.79649  64.6%   105 1596s

 178674 149156  317.58585   28  191  878.85000  310.79649  64.6%   105 1601s

 179215 150152  357.61292   53  214  878.85000  310.79649  64.6%   105 1608s

 180318 150933  516.87170  129  187  878.85000  310.79897  64.6%   105 1614s

 181233 151632  686.82909  254  225  878.85000  310.85270  64.6%   105 1619s

 182019 152245  385.30020   39  145  878.85000  310.85270  64.6%   105 1625s

 182699 153012  352.96905   36  194  878.85000  310.85270  64.6%   105 1632s

 183581 153715  489.57964   59  128  878.85000  310.90731  64.6%   105 1637s

 184337 154290  381.24963   49  220  878.85000  310.90731  64.6%   105 1643s

 184974 155218  640.30240  108  132  878.85000  310.90731  64.6%   106 1649s

 185948 155809  355.31086   57  138  878.85000  310.90731  64.6%   106 1656s

 186637 156416  598.41268  170  143  878.85000  310.90731  64.6%   106 1663s

 187334 156429  316.83469   43  188  878.85000  310.90731  64.6%   105 1672s

 187354 156741  317.09059   44  223  878.85000  310.90731  64.6%   105 1677s

 187688 157374  354.84575   71  160  878.85000  310.90731  64.6%   106 1683s

 188371 158202  664.66803  180  128  878.85000  310.90731  64.6%   106 1690s

 189325 159112  374.17082   55  199  878.85000  310.97164  64.6%   106 1696s

 190320 159597  639.30679  176  179  878.85000  310.97164  64.6%   106 1703s

 190908 160622  344.21535   51  165  878.85000  311.00798  64.6%   106 1710s

 192081 161104  746.61646  200  185  878.85000  311.00798  64.6%   106 1716s

 192605 161835  513.91723   65  132  878.85000  311.00798  64.6%   106 1726s

 193444 162748  521.68453   68  142  878.85000  311.05848  64.6%   106 1733s

 194653 163026  329.70396   40  223  878.85000  311.08090  64.6%   106 1737s

 194966 163714  394.53751   63  181  878.85000  311.08090  64.6%   106 1744s

 195680 164680  693.29106  166  107  878.85000  311.08090  64.6%   106 1751s

 196737 165565  497.54083  112  170  878.85000  311.08090  64.6%   106 1757s

 197720 165915  350.79574   51  166  878.85000  311.08090  64.6%   106 1760s

 198090 166927  414.96321   90  189  878.85000  311.08090  64.6%   106 1767s

 199176 167844  659.12314  195  155  878.85000  311.08090  64.6%   106 1773s

 200205 168180 infeasible   38       878.85000  311.08090  64.6%   106 1779s

 200684 168726  454.84953   37  180  878.85000  311.15783  64.6%   106 1785s

 201309 169473  410.11729   66  170  878.85000  311.15948  64.6%   106 1791s

 202227 169943  504.97326   58  131  878.85000  311.20796  64.6%   106 1797s

 202781 170837  387.04561   42  123  878.85000  311.22827  64.6%   106 1803s

 203766 171644  368.77409   33  124  878.85000  311.24361  64.6%   106 1809s

 204714 172087  665.94454  100  111  878.85000  311.24361  64.6%   106 1814s

 205273 172784  347.81562   49  231  878.85000  311.24361  64.6%   106 1819s

 206005 173241  600.83499  131  167  878.85000  311.24361  64.6%   106 1824s

 206529 173974  706.56216  157  164  878.85000  311.24361  64.6%   106 1830s

 207405 174103  366.70280   45  171  878.85000  311.29457  64.6%   106 1839s

 207566 177302  415.66562   49  220  878.85000  311.29457  64.6%   106 1871s

 211661 177305  342.64564   29  149  878.85000  311.40608  64.6%   107 1881s

 211674 177664  346.75935   30  174  878.85000  311.40608  64.6%   107 1889s

 212060 178217  703.74766   93  123  878.85000  311.40608  64.6%   107 1895s

 212668 179311  442.12405   84  155  878.85000  311.40608  64.6%   107 1902s

 213960 179671  661.85090  111  129  878.85000  311.44519  64.6%   107 1909s

 214364 180562  332.53490   59  147  878.85000  311.44752  64.6%   107 1917s

 215370 181167  406.05581   62  192  878.85000  311.45156  64.6%   107 1924s

 216004 182303  638.98300  147  151  878.85000  311.45156  64.6%   107 1932s

 217251 182961  537.35952   63  112  878.85000  311.48645  64.6%   107 1941s

 218033 183700  417.66428   84  239  878.85000  311.48645  64.6%   107 1947s

 218808 184769  569.15575  209  190  878.85000  311.48645  64.6%   107 1955s

 220067 185022  322.70470   45  209  878.85000  311.54404  64.6%   107 1962s

 220377 186006  382.20675   59  135  878.85000  311.54404  64.6%   107 1969s

 221436 186559 infeasible  121       878.85000  311.54404  64.6%   107 1976s

 222065 187059  312.14283   36  189  878.85000  311.54404  64.6%   107 1984s

 222674 188419  527.84746   72  174  878.85000  311.54404  64.6%   107 1994s

 224168 189205  705.48787  106  174  878.85000  311.63453  64.5%   107 2000s

 225088 189939  394.82381   78  162  878.85000  311.64484  64.5%   107 2006s

 225954 190260  427.23305   51  227  878.85000  311.66514  64.5%   107 2011s

 226355 191036  351.62618   50  206  878.85000  311.67025  64.5%   107 2018s

 227213 191270  613.14404  187  154  878.85000  311.67025  64.5%   107 2024s

 227539 191632  335.43213   48  226  878.85000  311.67025  64.5%   107 2030s

 227959 192496  321.26051   31  166  878.85000  311.67025  64.5%   108 2036s

 228946 193418  628.60833  175  170  878.85000  311.67025  64.5%   108 2044s

 229960 194058  336.45161   54  184  878.85000  311.67025  64.5%   108 2050s

 230654 195002  611.81877  156  116  878.85000  311.67025  64.5%   108 2059s

 231702 196086  479.07578   90  129  878.85000  311.67025  64.5%   108 2065s

 232849 196978  368.11302   36  186  878.85000  311.76545  64.5%   107 2072s

 233859 197350  736.43143  118   98  878.85000  311.76545  64.5%   108 2078s

 234300 197886  558.23241   62  169  878.85000  311.76545  64.5%   108 2085s

 234913 198710  418.04305   51  175  878.85000  311.76545  64.5%   108 2092s

 235840 199586  356.82526   34  229  878.85000  311.85450  64.5%   108 2099s

 236828 200110  367.56243   50  200  878.85000  311.85450  64.5%   108 2107s

 237430 201287  320.67309   37  230  878.85000  311.91496  64.5%   108 2117s

 238753 201295  330.68941   37  153  878.85000  311.91496  64.5%   108 2126s

 238761 201696  330.90167   38  156  878.85000  311.91496  64.5%   108 2134s

 239217 202073  318.13183   37  226  878.85000  311.91496  64.5%   108 2144s

 239657 203230  436.32965   55  118  878.85000  311.91496  64.5%   108 2153s

 240959 203905  453.37675  105  124  878.85000  311.91496  64.5%   108 2161s

 241762 204288  375.35344   38  212  878.85000  311.91496  64.5%   108 2169s

 242223 205024  450.47763   45  175  878.85000  311.96943  64.5%   108 2177s

 243137 205422  344.66779   46  185  878.85000  311.96943  64.5%   108 2184s

 243585 206451  488.94021  107  246  878.85000  311.96943  64.5%   108 2192s

 244756 207364  608.51279  131  200  878.85000  312.03067  64.5%   108 2202s

 245795 208245  522.51699   65  106  878.85000  312.03322  64.5%   108 2210s

 246844 208627  726.55320  127  164  878.85000  312.05022  64.5%   108 2217s

 247331 209664  357.24856   63  250  878.85000  312.05022  64.5%   108 2224s

 248449 210311  622.55062  206  179  878.85000  312.07319  64.5%   108 2232s

 249242 210678  443.39942   61  154  878.85000  312.07603  64.5%   108 2238s

 249709 211402  333.31346   34  183  878.85000  312.10086  64.5%   109 2246s

 250535 211794  477.18107   70  173  878.85000  312.12370  64.5%   109 2254s

 251029 212465  418.92888   42  137  878.85000  312.13691  64.5%   109 2262s

 251919 212799  339.99840   35  197  878.85000  312.16635  64.5%   109 2270s

 252284 214405  507.30881   51  134  878.85000  312.16635  64.5%   109 2286s

 254244 214590  431.02031  101  158  878.85000  312.19801  64.5%   109 2293s

 254456 215495  479.28018  108  136  878.85000  312.19801  64.5%   109 2301s

 255448 216082  418.87799   69  198  878.85000  312.19801  64.5%   109 2308s

 256123 216995  537.18659  119  183  878.85000  312.19801  64.5%   109 2318s

 257165 218225  318.07666   41  234  878.85000  312.23458  64.5%   109 2327s

 258461 218996  771.84509  238  163  878.85000  312.23458  64.5%   109 2334s

 259268 219382  572.01217  101  106  878.85000  312.23458  64.5%   109 2341s

 259722 220209  434.55109   54  182  878.85000  312.24292  64.5%   109 2349s

 260652 221042  357.21462   43  161  878.85000  312.26611  64.5%   109 2356s

 261591 221590  313.56412   28  255  878.85000  312.26611  64.5%   109 2364s

 262296 222343  401.21947   91  191  878.85000  312.26611  64.5%   110 2373s

 263215 222590  331.60552   32  227  878.85000  312.26611  64.5%   110 2381s

 263493 223141  333.56027   33  218  878.85000  312.26611  64.5%   110 2388s

 264141 223507  339.89984   34  216  878.85000  312.26611  64.5%   110 2394s

 264534 223519  342.45737   35  215  878.85000  312.26611  64.5%   110 2404s

 264546 224272  342.83743   36  221  878.85000  312.26611  64.5%   110 2414s

 265360 224696  462.85378   82  122  878.85000  312.26611  64.5%   110 2421s

 265879 225531  604.63070  127  140  878.85000  312.26611  64.5%   110 2429s

 266958 226413  489.66940  108  190  878.85000  312.33859  64.5%   110 2439s

 267954 227183  376.87738   71  154  878.85000  312.37225  64.5%   110 2445s

 268821 227935  719.38943  232   94  878.85000  312.37225  64.5%   110 2451s

 269603 228757  448.50663   79  141  878.85000  312.37225  64.5%   110 2457s

 270563 229132  393.76662   60  143  878.85000  312.43563  64.4%   110 2462s

 271002 229703  373.46056   48  202  878.85000  312.43563  64.4%   110 2469s

 271704 230097  640.76041   78  136  878.85000  312.43563  64.4%   110 2475s

 272158 230705  390.97331   66  179  878.85000  312.43563  64.4%   110 2482s

 272883 231638  435.28228   43  112  878.85000  312.48014  64.4%   110 2490s

 273967 232169  319.78994   39  279  878.85000  312.49442  64.4%   110 2498s

 274563 232959  755.81587   97  140  878.85000  312.49442  64.4%   110 2509s

 274647 232959  547.55829   66  227  878.85000  312.49551  64.4%   110 2510s

 275472 233377  681.75053  100   79  878.85000  312.49551  64.4%   110 2536s

 275946 234363  427.16740   73  171  878.85000  312.49551  64.4%   110 2553s

 277045 235065  597.64724  179  233  878.85000  312.49551  64.4%   110 2563s

 277882 235470  345.56241   32  200  878.85000  312.52555  64.4%   110 2573s

 278383 236311  482.66084   58  230  878.85000  312.52555  64.4%   110 2584s

 279282 237151  391.55959   61  170  878.85000  312.52555  64.4%   110 2594s

 280231 237908  408.52681   54  197  878.85000  312.52555  64.4%   110 2603s

 281032 238443  358.59876   45  187  878.85000  312.59515  64.4%   110 2611s

 281669 239252  464.12441  119  189  878.85000  312.59515  64.4%   110 2622s

 282626 239932  342.84809   40  196  878.85000  312.62147  64.4%   110 2631s

 283459 240559  321.97643   46  237  878.85000  312.63076  64.4%   110 2641s

 284174 241095 infeasible   88       878.85000  312.63076  64.4%   110 2648s

 284756 242006  424.24717   41  191  878.85000  312.63076  64.4%   110 2656s

 285752 242835  357.62460   50  205  878.85000  312.67233  64.4%   110 2664s

 286773 243208  331.04512   33  181  878.85000  312.67233  64.4%   110 2671s

 287202 244123  839.22027  124   99  878.85000  312.67233  64.4%   110 2679s

 288238 244947  321.53842   41  190  878.85000  312.67446  64.4%   110 2689s

 289134 245276  477.67590  131  207  878.85000  312.67446  64.4%   110 2697s

 289499 245949  549.69878  177  211  878.85000  312.67446  64.4%   110 2705s

 290294 246945  324.22331   31  269  878.85000  312.73143  64.4%   111 2714s

 291316 247330  463.04170  109  193  878.85000  312.73143  64.4%   111 2721s

 291741 248224  617.60194  197  191  878.85000  312.73143  64.4%   111 2728s

 292752 248985  408.72957   51  183  878.85000  312.73143  64.4%   111 2736s

 293642 249924  358.92569   73  199  878.85000  312.76598  64.4%   111 2744s

 294613 250298  574.36024  176  165  878.85000  312.76710  64.4%   111 2751s

 295030 251033  606.69640  207  192  878.85000  312.76710  64.4%   111 2759s

 295827 251054     cutoff  342       878.85000  312.76710  64.4%   111 2769s

H295860 251558                     878.5300000  312.76710  64.4%   111 2779s

 296440 251886  357.61162   32  190  878.53000  312.76710  64.4%   111 2789s

 296824 253463  362.82047   33  142  878.53000  312.76710  64.4%   111 2804s

 298633 253820  800.06695  111  127  878.53000  312.78120  64.4%   111 2813s

 299075 254815  469.42115   54  245  878.53000  312.80920  64.4%   111 2823s

 300240 255270  345.29530   31  265  878.53000  312.80920  64.4%   111 2830s

 300767 256058  420.56383   72  150  878.53000  312.81009  64.4%   111 2840s

 301883 257111  612.04548   66  165  878.53000  312.84624  64.4%   111 2849s

 303031 257451  588.86159   92  224  878.53000  312.85875  64.4%   111 2857s

 303387 258542  709.39481  104  135  878.53000  312.85875  64.4%   111 2867s

 304646 259383  341.12580   30  191  878.53000  312.86092  64.4%   111 2875s

 305606 260039  349.65351   45  200  878.53000  312.87496  64.4%   111 2882s

 306285 260821  485.95607   95  141  878.53000  312.87496  64.4%   111 2890s

 307248 261458  373.96939   35  114  878.53000  312.89262  64.4%   111 2897s

 308070 262151  350.30388   46  242  878.53000  312.90324  64.4%   111 2906s

 308913 262656  336.33561   40  141  878.53000  312.90324  64.4%   111 2913s

 309492 263682  425.02229   83  179  878.53000  312.90324  64.4%   111 2922s

 310611 264335  592.33815  167  177  878.53000  312.90324  64.4%   111 2931s

 311358 264862  323.34604   36  271  878.53000  312.90490  64.4%   111 2941s

 311928 266080  374.59381   70  246  878.53000  312.90490  64.4%   111 2953s

 313237 266506  829.78229  268  172  878.53000  312.90490  64.4%   111 2960s

 313692 266987  379.71949   56  188  878.53000  312.90490  64.4%   112 2970s

 314314 267576  493.42732  116  190  878.53000  312.90490  64.4%   112 2978s

 315053 268437  615.11339  207  193  878.53000  312.96189  64.4%   112 2989s

 316079 269126  452.44475   82  151  878.53000  312.96437  64.4%   112 2999s

 316874 269847  721.61849  125  103  878.53000  312.98013  64.4%   112 3010s

 317776 270881  576.66247   78  130  878.53000  313.00120  64.4%   112 3020s

 318919 271572  560.27417  122  222  878.53000  313.00120  64.4%   112 3028s

 319686 272295  333.98269   40  180  878.53000  313.02445  64.4%   112 3039s

 320554 273133  390.65482   57  164  878.53000  313.03337  64.4%   112 3049s

 321583 274234  452.07475   81  188  878.53000  313.06092  64.4%   112 3059s

 322783 274768  433.33851   53  197  878.53000  313.06341  64.4%   112 3068s

 323416 275716  663.94025   96  208  878.53000  313.06341  64.4%   112 3078s

H324488 275691                     878.0800000  313.07249  64.3%   112 3089s

 324496 276212  591.54448   94  112  878.08000  313.07249  64.3%   112 3097s

 325061 277321  354.47341   71  223  878.08000  313.07249  64.3%   112 3109s

 326272 277847  514.11993  165  209  878.08000  313.07249  64.3%   112 3123s

 326829 278863  675.02810  307  198  878.08000  313.07249  64.3%   112 3136s

 328163 279264 infeasible   53       878.08000  313.12609  64.3%   112 3143s

 328635 280195  449.74011   38  169  878.08000  313.12609  64.3%   112 3153s

 329747 280743  440.76363   69  154  878.08000  313.12609  64.3%   112 3162s

 330396 281651  401.93050   54  146  878.08000  313.15206  64.3%   112 3172s

 331347 282114  386.29235   61  142  878.08000  313.15206  64.3%   112 3180s

 331862 283168  758.50006  114   97  878.08000  313.15206  64.3%   112 3191s

 332993 283792  593.18278   97  123  878.08000  313.15425  64.3%   112 3199s

 333770 284615  381.61755   55  160  878.08000  313.15425  64.3%   112 3211s

 334659 285299  791.22849  241   94  878.08000  313.15425  64.3%   112 3219s

 335460 286330  344.47182   58  177  878.08000  313.20183  64.3%   112 3229s

 336539 287084  574.51215  213  179  878.08000  313.21405  64.3%   112 3239s

 337412 287843  821.22483  312  199  878.08000  313.22548  64.3%   112 3250s

 338265 288450  342.37839   40  195  878.08000  313.22548  64.3%   112 3259s

 339011 289364  662.69903  112  159  878.08000  313.22548  64.3%   112 3270s

 340006 290262  691.15621   91  129  878.08000  313.22548  64.3%   112 3278s

 341042 291071  504.64101   83  193  878.08000  313.24619  64.3%   112 3290s

 341980 291332  359.59655   58  180  878.08000  313.25061  64.3%   112 3298s

 342261 292356  509.33101  108  172  878.08000  313.25061  64.3%   112 3309s

 343445 292862  528.36052   87  144  878.08000  313.26056  64.3%   112 3316s

 344066 293355  550.19587  109  133  878.08000  313.27121  64.3%   113 3325s

 344678 294347  324.44115   49  241  878.08000  313.27121  64.3%   113 3335s

 345811 294625  565.11078  125  131  878.08000  313.29503  64.3%   113 3343s

 346209 294637  347.55657   40  222  878.08000  313.29503  64.3%   113 3355s

 346221 294876  347.55657   41  223  878.08000  313.29503  64.3%   113 3364s

 346510 295128  388.05977   54   99  878.08000  313.29503  64.3%   113 3374s

 346815 295381  408.01568   62  123  878.08000  313.29503  64.3%   113 3381s

 347113 295812  409.51053   63   95  878.08000  313.29503  64.3%   113 3391s

 347607 296883  409.51053   64   94  878.08000  313.29503  64.3%   113 3403s

 348809 297681 infeasible  103       878.08000  313.29503  64.3%   113 3413s

 349697 298294  831.78584   84  120  878.08000  313.32667  64.3%   113 3424s

 350428 299371  327.51502   39  210  878.08000  313.32929  64.3%   113 3436s

 351633 299978  699.85418  210  154  878.08000  313.32929  64.3%   113 3446s

 352335 300759  445.11957   71  197  878.08000  313.32929  64.3%   113 3455s

 353252 301136  336.90654   32  253  878.08000  313.36758  64.3%   113 3463s

 353643 302078  438.09908   69  112  878.08000  313.38216  64.3%   113 3475s

 354807 302806     cutoff   94       878.08000  313.38981  64.3%   113 3486s

 355690 302813  352.61222   44  262  878.08000  313.40535  64.3%   113 3496s

 355699 309916  352.61222   45  262  878.08000  313.40535  64.3%   113 3631s

 363331 309916  339.31155   36  274  878.08000  313.47782  64.3%   114 3635s

 363699 311113  705.24787  145   99  878.08000  313.47782  64.3%   114 3649s

 365095 312315  513.68596  179  199  878.08000  313.48838  64.3%   114 3662s

 366412 313384  481.71550   93  170  878.08000  313.48838  64.3%   114 3677s

 367619 314310  407.84210   48  218  878.08000  313.48838  64.3%   114 3689s

 368643 315552  446.45151   56  161  878.08000  313.48838  64.3%   114 3702s

 369966 316293  555.94947   85  137  878.08000  313.48838  64.3%   114 3714s

 370805 316979  666.80544  159  138  878.08000  313.51905  64.3%   114 3727s

 371612 317687  635.53198  108  121  878.08000  313.51905  64.3%   114 3738s

 372356 318933  343.69419   51  102  878.08000  313.51905  64.3%   114 3749s

 373667 319294  660.82672  207  169  878.08000  313.51905  64.3%   114 3757s

 374108 319951  341.53205   64  172  878.08000  313.51905  64.3%   114 3765s

 374829 320507  504.57517  162  194  878.08000  313.51905  64.3%   114 3775s

 375496 320515  330.69248   28  222  878.08000  313.56634  64.3%   114 3787s

 375504 320647  330.69248   29  222  878.08000  313.56634  64.3%   114 3800s

 375666 321111  335.98487   36  149  878.08000  313.56634  64.3%   114 3809s

 376170 321982  375.65902   79  186  878.08000  313.57740  64.3%   114 3822s

 377200 323059  392.23103   59  140  878.08000  313.57833  64.3%   114 3832s

 378350 323809  728.54048  217  143  878.08000  313.57833  64.3%   114 3841s

 379193 324694  407.65333   85  159  878.08000  313.57833  64.3%   114 3850s

 380116 325419  341.35884   33  297  878.08000  313.57833  64.3%   114 3859s

 380933 326005  584.86554   96  147  878.08000  313.57833  64.3%   114 3868s

 381593 326701  344.50718   38  189  878.08000  313.57833  64.3%   114 3877s

 382482 327285 infeasible   87       878.08000  313.57833  64.3%   114 3886s

 383122 328131  552.25238   79  138  878.08000  313.57833  64.3%   114 3897s

 384093 329315  402.30949   68  244  878.08000  313.63670  64.3%   114 3907s

 385419 329733  326.49726   41  249  878.08000  313.64545  64.3%   114 3916s

 385857 331548  425.56275  101  159  878.08000  313.64545  64.3%   114 3937s

 387810 331607  591.09410  152  165  878.08000  313.66833  64.3%   114 3946s

 387869 331742  591.24210  153  169  878.08000  313.66833  64.3%   114 3953s

 388026 331991  592.21132  154  170  878.08000  313.66833  64.3%   114 3962s

 388275 332199  593.47601  155  163  878.08000  313.66833  64.3%   114 3969s

 388513 332725  594.12444  156  165  878.08000  313.66833  64.3%   114 3980s

 389141 333229  594.51166  157  174  878.08000  313.66833  64.3%   114 3989s

 389698 334456  750.28576  257  139  878.08000  313.66945  64.3%   114 4007s

 391031 335488  326.42470   40  208  878.08000  313.69575  64.3%   114 4021s

 392213 336499  336.98146   27  211  878.08000  313.71594  64.3%   114 4034s

 392453 336499  522.50637  111  137  878.08000  313.71594  64.3%   114 4035s

 393459 336920  333.36789   26  168  878.08000  313.71594  64.3%   114 4044s

 393989 337950  408.71404   64  228  878.08000  313.71594  64.3%   114 4058s

 395223 338611  666.40242  243  147  878.08000  313.71984  64.3%   114 4069s

 395985 339132  482.24164   71  199  878.08000  313.71984  64.3%   114 4079s

 396530 340105  651.37353  127  216  878.08000  313.71984  64.3%   114 4092s

 397588 341042  481.28779  116  158  878.08000  313.71984  64.3%   114 4103s

 398740 341834  324.64613   45  241  878.08000  313.77432  64.3%   114 4117s

 399627 342426  517.49701  107   94  878.08000  313.77432  64.3%   114 4127s

 400333 343203  471.23498   76  151  878.08000  313.78435  64.3%   114 4139s

 401169 343840  332.41016   39  249  878.08000  313.80162  64.3%   114 4148s

 401902 344746  330.34489   36  232  878.08000  313.80162  64.3%   114 4162s

 402956 345783  333.62000   34  238  878.08000  313.80672  64.3%   114 4175s

 404054 346640  457.06352  118  179  878.08000  313.80672  64.3%   114 4186s

 405042 346987  817.41322  206  147  878.08000  313.81138  64.3%   114 4193s

 405453 347904  425.24926   69  195  878.08000  313.81138  64.3%   114 4206s

 406462 348823  673.62771  208  177  878.08000  313.81138  64.3%   114 4216s

 407454 349359  372.81434   45  189  878.08000  313.81138  64.3%   114 4223s

 408021 350236  469.76896   90  198  878.08000  313.81138  64.3%   114 4235s

 408976 350888  721.18880  229  173  878.08000  313.81138  64.3%   114 4246s

 409787 351607  360.25565   64  150  878.08000  313.86904  64.3%   114 4257s

 410554 351615  520.13531  147  145  878.08000  313.86904  64.3%   114 4270s

 410562 351791  520.20821  148  135  878.08000  313.86904  64.3%   114 4282s

 410836 352110  338.66402   41  235  878.08000  313.86904  64.3%   115 4292s

 411193 352921  412.82178   73  206  878.08000  313.86904  64.3%   115 4304s

 412084 353705  575.99485  160  213  878.08000  313.86904  64.3%   115 4316s

 412957 354574  684.45953  251  241  878.08000  313.88071  64.3%   115 4327s

 413942 355131  488.41519   79  140  878.08000  313.88071  64.3%   115 4338s

 414622 355777  326.44773   47  213  878.08000  313.88071  64.3%   115 4348s

 415332 356610  501.81082  132  202  878.08000  313.88071  64.3%   115 4363s

 416261 357128  788.10650  280  196  878.08000  313.92091  64.2%   115 4370s

 416833 357999  348.68798   64  207  878.08000  313.92091  64.2%   115 4385s

 417766 358724  613.65569  212  176  878.08000  313.92091  64.2%   115 4397s

 418709 359034 infeasible   31       878.08000  313.94924  64.2%   115 4408s

 419154 359864  394.96356   39  142  878.08000  313.97825  64.2%   115 4422s

 420086 360666  376.60437   43  205  878.08000  313.98993  64.2%   115 4431s

 420933 361302  628.33134  122  212  878.08000  313.98993  64.2%   115 4442s

 421627 362118  328.27531   32  244  878.08000  313.98993  64.2%   115 4455s

 422574 362743  692.08705  134  146  878.08000  314.00504  64.2%   115 4467s

 423323 363815  429.59074   82  238  878.08000  314.01233  64.2%   115 4481s

 424431 364295  786.66667  209  153  878.08000  314.01233  64.2%   115 4493s

 425244 364706  322.95521   29  327  878.08000  314.03186  64.2%   115 4501s

 425712 365371  663.19609  116  125  878.08000  314.03186  64.2%   115 4516s

 426527 365904  680.62902  116  117  878.08000  314.05163  64.2%   115 4527s

 427161 366465  360.81034   35  181  878.08000  314.05352  64.2%   115 4538s

 427833 367051  345.17179   34  168  878.08000  314.05352  64.2%   115 4550s

 428480 367802  759.95544  166  128  878.08000  314.05352  64.2%   115 4564s

 429383 368709  485.91908   81  148  878.08000  314.08148  64.2%   115 4578s

 430456 369027  434.97455   44  106  878.08000  314.08770  64.2%   115 4589s

 430872 369764  380.37937   43  192  878.08000  314.08770  64.2%   115 4607s

 431806 371379  542.50411   83  164  878.08000  314.10025  64.2%   115 4633s

 433625 372253  396.80886   33  205  878.08000  314.10025  64.2%   115 4650s

 434639 372785  324.17111   37  238  878.08000  314.12463  64.2%   115 4662s

 435250 373407  530.90488  101  151  878.08000  314.12463  64.2%   115 4677s

 435951 374079  470.08035   49  141  878.08000  314.12786  64.2%   115 4690s

 436846 374485  331.79069   52  133  878.08000  314.13959  64.2%   116 4701s

 437312 375414  472.60639  114  185  878.08000  314.13959  64.2%   116 4718s

 438420 375996  806.62804  254  145  878.08000  314.15765  64.2%   116 4730s

 439146 376588  575.65130  118  172  878.08000  314.15765  64.2%   116 4742s

 439812 377530  859.19233  249  125  878.08000  314.15765  64.2%   116 4760s

 440928 378364  332.25224   59  238  878.08000  314.19345  64.2%   116 4776s

 441877 379354  637.27867  191  180  878.08000  314.19387  64.2%   116 4790s

 442983 379831  376.09086   48  216  878.08000  314.20781  64.2%   116 4804s

 443537 379839  355.10298   50  237  878.08000  314.20781  64.2%   116 4823s

H443538 372537                     844.1200000  314.20781  62.8%   116 4823s

 443545 373380  359.76263   51  219  844.12000  314.20781  62.8%   116 4840s

 444426 373796  575.36862  158  234  844.12000  314.20781  62.8%   116 4853s

 444877 374593  696.09616  222  189  844.12000  314.20781  62.8%   116 4871s

 445812 375491  427.20373   90  194  844.12000  314.20781  62.8%   116 4888s

 446753 375980  710.30469  215  210  844.12000  314.22503  62.8%   116 4898s

 447305 376887  334.23074   35  161  844.12000  314.22503  62.8%   116 4913s

 448320 377117  818.26842  227  123  844.12000  314.22503  62.8%   116 4923s

 448589 377484  409.96431   65  172  844.12000  314.22503  62.8%   116 4935s

 449051 378045  555.90555  131  156  844.12000  314.22503  62.8%   116 4948s

 449694 378964  336.56711   43  175  844.12000  314.22503  62.8%   116 4967s

 450804 379433  335.97580   39  228  844.12000  314.28985  62.8%   116 4976s

 451273 380557  599.10354   93  132  844.12000  314.28985  62.8%   116 4993s

 452508 381410  432.36671   98  190  844.12000  314.29672  62.8%   116 5007s

 453424 382158  692.74063  225  203  844.12000  314.29672  62.8%   116 5021s

 454274 382843  598.20900   85  120  844.12000  314.29672  62.8%   116 5034s

 455089 383558  582.22265  118  184  844.12000  314.31208  62.8%   116 5050s

 455931 384072  344.12379   32  249  844.12000  314.32530  62.8%   116 5064s

 456564 384524  348.55813   44  170  844.12000  314.33677  62.8%   116 5077s

 457096 385047  330.97382   38  286  844.12000  314.33677  62.8%   116 5089s

 457665 386166  440.74097   88  165  844.12000  314.33677  62.8%   116 5107s

 458864 386590  743.13620  275  164  844.12000  314.33677  62.8%   116 5122s

 459344 387309  431.81002   49  255  844.12000  314.33971  62.8%   116 5137s

 460206 388325  466.88801   96  157  844.12000  314.37462  62.8%   116 5152s

 461333 388717  690.76940  103  147  844.12000  314.37462  62.8%   116 5165s

 461812 389846  367.63119   36  148  844.12000  314.38476  62.8%   116 5190s

 463272 390240  346.17008   41  232  844.12000  314.41957  62.8%   116 5203s

 463817 390802  388.95477   54  132  844.12000  314.43204  62.8%   117 5218s

 464530 391635  330.63013   43  226  844.12000  314.44281  62.7%   117 5238s

 465401 392147  420.53698   97  194  844.12000  314.44281  62.7%   117 5254s

 465948 392308  561.84347  171  176  844.12000  314.44304  62.7%   117 5278s

H465950 390228                     838.3600000  314.44304  62.5%   117 5278s

 466109 391401  563.25891  172  174  838.36000  314.44304  62.5%   117 5298s

 467432 392200  366.89740   40  256  838.36000  314.47220  62.5%   117 5318s

 468333 392931 infeasible   72       838.36000  314.47766  62.5%   117 5334s

 469128 393791  334.64463   39  191  838.36000  314.49599  62.5%   117 5351s

 470166 394548  670.06643  138  152  838.36000  314.49599  62.5%   117 5369s

 471234 395499  411.14362   57  120  838.36000  314.52350  62.5%   117 5386s

 472359 396211  454.91817   71  208  838.36000  314.53352  62.5%   117 5399s

 473095 396854  703.94825  180  206  838.36000  314.53352  62.5%   117 5417s

 473826 397621  704.76652  181  205  838.36000  314.53352  62.5%   117 5434s

 474763 398828  492.21006   87  151  838.36000  314.53352  62.5%   117 5457s

 476085 399250  437.16709   48  146  838.36000  314.53352  62.5%   117 5468s

 476574 400575  320.99733   42  431  838.36000  314.56792  62.5%   117 5486s

 478056 401383  332.74127   33  213  838.36000  314.58627  62.5%   117 5502s

 478894 402263  568.62359  164  156  838.36000  314.58627  62.5%   117 5519s

 479853 402374  436.67719   64  199  838.36000  314.58627  62.5%   117 5530s

 479980 402855  497.13133   82  214  838.36000  314.58627  62.5%   117 5540s

 480493 403838  714.29919  146  163  838.36000  314.58627  62.5%   117 5559s

 481575 404749  597.30696  109  114  838.36000  314.58627  62.5%   117 5575s

 482663 405544  608.81981   87  189  838.36000  314.58924  62.5%   117 5592s

 483600 406156  321.35366   30  253  838.36000  314.58924  62.5%   117 5604s

 484276 407149  424.93815   89  168  838.36000  314.58924  62.5%   117 5622s

 485318 407776     cutoff  225       838.36000  314.58924  62.5%   117 5635s

 486083 408549  354.68187   42  256  838.36000  314.58924  62.5%   117 5651s

 486977 409579  555.64603  151  198  838.36000  314.58924  62.5%   117 5665s

 488079 410087  423.24286   61  242  838.36000  314.67325  62.5%   117 5677s

 488667 410906  328.75394   36  209  838.36000  314.68388  62.5%   117 5693s

 489557 411560  467.81778   89  386  838.36000  314.68388  62.5%   117 5708s

 490371 412092     cutoff  196       838.36000  314.68619  62.5%   117 5721s

 491019 412363  465.56939   51  246  838.36000  314.69673  62.5%   117 5735s

 491376 413230  497.53485   55  170  838.36000  314.71411  62.5%   117 5760s

 492472 414416  326.94515   37  250  838.36000  314.73672  62.5%   117 5787s

 493720 414424  729.87635  278  161  838.36000  314.73672  62.5%   117 5814s

 493728 414432  735.50207  279  161  838.36000  314.73672  62.5%   117 5831s

H493732 412678                     833.6800000  314.73672  62.2%   117 5831s

 493736 413300  736.34094  280  153  833.68000  314.73672  62.2%   117 5851s

 494400 414195  427.49609   69  251  833.68000  314.74478  62.2%   117 5878s

 495486 414919  321.46895   42  265  833.68000  314.74478  62.2%   117 5903s

H495712 413237                     829.4000000  314.74478  62.1%   117 5903s

 496372 414170  584.88751  128  123  829.40000  314.74478  62.1%   117 5926s

 497494 414617  429.39970  115  136  829.40000  314.79081  62.0%   117 5947s

 497992 415616  382.91523   59  129  829.40000  314.79175  62.0%   118 5971s

 499244 416322  564.10396  100  168  829.40000  314.81886  62.0%   118 5992s

 500080 416920  416.72437   60  266  829.40000  314.82499  62.0%   118 6008s

 500746 417834  685.06804  136  127  829.40000  314.82499  62.0%   118 6028s

 501766 418769  558.24550  132  162  829.40000  314.82499  62.0%   118 6051s

 502802 419451  409.92818   47  185  829.40000  314.82499  62.0%   118 6069s

 503719 420297  364.45132   51  192  829.40000  314.82499  62.0%   118 6090s

 504730 420816  495.08877   74  138  829.40000  314.85376  62.0%   118 6105s

 505355 421437  471.19224   58   93  829.40000  314.85396  62.0%   118 6123s

 506245 421772  371.83725   54  169  829.40000  314.87736  62.0%   118 6140s

 506726 422452  608.15287  104   89  829.40000  314.87736  62.0%   118 6158s

 507506 423632  468.18325   90  193  829.40000  314.88362  62.0%   118 6185s

 508915 424413 infeasible   80       829.40000  314.90772  62.0%   118 6204s

 509794 425517  363.91120   52  136  829.40000  314.92019  62.0%   118 6227s

 511046 426414     cutoff  143       829.40000  314.92019  62.0%   118 6246s

 512099 427108  336.37422   50  184  829.40000  314.94158  62.0%   118 6263s

 512853 427921  571.98852  165  197  829.40000  314.94158  62.0%   118 6281s

 513794 428649  460.76080   86  160  829.40000  314.95051  62.0%   118 6297s

 514668 429159  516.64988   74  222  829.40000  314.95757  62.0%   118 6314s

 515297 430244  810.30324  152  126  829.40000  314.98660  62.0%   118 6335s

 516524 430716  353.83133   31  190  829.40000  314.98660  62.0%   118 6348s

 517079 431521  444.25396   46  194  829.40000  314.98660  62.0%   118 6368s

 518023 431944     cutoff  140       829.40000  314.98660  62.0%   118 6384s

 518527 432897  562.49206   94  118  829.40000  314.98660  62.0%   118 6405s

 519587 433391  732.79459  169  113  829.40000  315.05295  62.0%   118 6417s

 520144 434360  445.89051   66  275  829.40000  315.05295  62.0%   118 6437s

 521164 434969  565.61172  142  250  829.40000  315.05295  62.0%   118 6453s

 521884 435747  695.65389  188  232  829.40000  315.05295  62.0%   118 6470s

 522763 436347  476.05177  103  178  829.40000  315.05295  62.0%   118 6485s

 523400 437064  539.33767  164  187  829.40000  315.05295  62.0%   118 6507s

 524225 437866 infeasible   47       829.40000  315.05295  62.0%   118 6524s

 525239 438619  322.48231   35  295  829.40000  315.10017  62.0%   119 6540s

 526117 439734  617.82465  162  192  829.40000  315.10017  62.0%   119 6563s

 527278 440458  412.89578   66  179  829.40000  315.10017  62.0%   119 6578s

 528147 440602  554.94020  172  154  829.40000  315.10017  62.0%   119 6591s

 528318 441279  572.24575  169  152  829.40000  315.10017  62.0%   119 6608s

 529068 441948  323.17755   39  230  829.40000  315.14405  62.0%   119 6625s

 529826 442849  551.78125   95  120  829.40000  315.14405  62.0%   119 6638s

 530797 443859  495.22424  103  167  829.40000  315.14405  62.0%   119 6660s

 531966 444574  366.14304   29  273  829.40000  315.14946  62.0%   119 6674s

 532814 444968  758.44964  118   87  829.40000  315.14946  62.0%   119 6687s

 533353 445418  404.15513   69  228  829.40000  315.17916  62.0%   119 6701s

 533841 446493  500.31955  116  215  829.40000  315.17916  62.0%   119 6720s

 535008 447478  319.97328   31  334  829.40000  315.17916  62.0%   119 6737s

 536109 448069  513.82488  132  218  829.40000  315.17916  62.0%   119 6753s

 536750 448940  636.21371  240  228  829.40000  315.19208  62.0%   119 6773s

 537745 449682  483.46099   48  105  829.40000  315.20638  62.0%   119 6788s

 538683 450070  338.35331   44  289  829.40000  315.21178  62.0%   119 6802s

 539130 450960  498.37224   55  149  829.40000  315.21178  62.0%   119 6822s

 540173 451831  500.93775  114  166  829.40000  315.25309  62.0%   119 6842s

 541151 452293  354.27121   39  241  829.40000  315.27039  62.0%   119 6856s

 541631 453307  455.09698   73  163  829.40000  315.27039  62.0%   119 6878s

 542756 453988  714.13117  197  185  829.40000  315.27039  62.0%   119 6894s

 543460 454814  546.97690   59  112  829.40000  315.28662  62.0%   119 6912s

 544400 455431  407.20223   65  164  829.40000  315.28662  62.0%   119 6924s

 545081 456404  527.74638   86  153  829.40000  315.28662  62.0%   119 6944s

 546228 457086  385.72608   59  134  829.40000  315.32038  62.0%   119 6960s

 547005 457560  630.36737  116  120  829.40000  315.32038  62.0%   119 6974s

 547573 458232  476.80853   56  193  829.40000  315.32038  62.0%   119 6993s

 548397 458831  358.10942   39  297  829.40000  315.33539  62.0%   119 7010s

 549166 459354  549.00959  105  203  829.40000  315.33539  62.0%   119 7028s

 549840 460107  345.04064   34  169  829.40000  315.34080  62.0%   119 7047s

 550796 460550  478.85218   61  177  829.40000  315.35942  62.0%   119 7062s

 551326 461101  327.15058   36  174  829.40000  315.36535  62.0%   119 7084s

 552079 461878  565.49129   66  141  829.40000  315.39215  62.0%   119 7107s

 553010 462801  476.31851   67  295  829.40000  315.39215  62.0%   119 7135s

 554065 463913  348.50949   32  208  829.40000  315.40549  62.0%   119 7159s

 554123 463913  825.35224  105  121  829.40000  315.41200  62.0%   119 7160s

 555306 463921  336.65360   29  166  829.40000  315.42056  62.0%   119 7182s

 555314 464121  337.75829   30  173  829.40000  315.42056  62.0%   119 7203s

 555514 464733  378.19056   58  167  829.40000  315.42056  62.0%   119 7220s

 556212 465570  633.55299  146  154  829.40000  315.42056  62.0%   119 7243s

 557187 466549  512.39356   88  194  829.40000  315.42056  62.0%   119 7269s

 558321 467225  462.59943   78  194  829.40000  315.44740  62.0%   119 7288s

 559199 467815  426.06337   56  191  829.40000  315.44740  62.0%   119 7304s

 559886 468864  481.85585   59  108  829.40000  315.44740  62.0%   119 7328s

 561039 469865  577.12272  137  159  829.40000  315.47975  62.0%   119 7347s

 562149 470560  333.84237   30  242  829.40000  315.47975  62.0%   119 7364s

 562227 470560  775.76339  264  131  829.40000  315.47975  62.0%   119 7365s

 562948 471338  578.87578  108  137  829.40000  315.47975  62.0%   119 7388s

 563891 472160  347.62880   42  250  829.40000  315.49941  62.0%   119 7410s

 564902 472678     cutoff  122       829.40000  315.49941  62.0%   120 7426s

 565486 473646  517.49594  103  166  829.40000  315.49941  62.0%   120 7449s

 566481 474356  346.31711   33  110  829.40000  315.49941  62.0%   120 7464s

 567357 474405  544.82580  121  190  829.40000  315.49941  62.0%   120 7474s

 567406 474691  553.24255  122  179  829.40000  315.49941  62.0%   120 7483s

 567714 475049  681.58457  159  137  829.40000  315.49941  62.0%   120 7496s

 568193 475447  405.45033   63  203  829.40000  315.49941  62.0%   120 7509s

 568691 475958  371.16156   27  190  829.40000  315.57198  62.0%   120 7523s

 569226 477006  397.03483   45  229  829.40000  315.58407  62.0%   120 7548s

 570418 477941  355.89569   47  224  829.40000  315.58407  62.0%   120 7569s

 571482 478748  322.01431   37  226  829.40000  315.58463  62.0%   120 7583s

 572364 479556  451.22518  111  215  829.40000  315.58463  62.0%   120 7603s

 573266 480363  570.16896  192  234  829.40000  315.58463  62.0%   120 7619s

 574170 480881  712.38760  303  190  829.40000  315.61953  61.9%   120 7633s

 574730 481765  416.35078   62  207  829.40000  315.62383  61.9%   120 7655s

 575779 482483  319.75533   36  294  829.40000  315.62778  61.9%   120 7671s

 576548 483085  547.04984  129  168  829.40000  315.62778  61.9%   120 7687s

 577220 483818  330.90450   49  232  829.40000  315.62778  61.9%   120 7706s

 578046 484693  720.48073  182  187  829.40000  315.62778  61.9%   120 7721s

 579020 485286  632.68021  140  174  829.40000  315.66016  61.9%   120 7739s

 579685 485387  380.97907   38  191  829.40000  315.66016  61.9%   120 7754s

 579786 485953  383.70734   39  192  829.40000  315.66016  61.9%   120 7770s

 580433 486472  387.17097   40  198  829.40000  315.66016  61.9%   120 7787s

 580991 487356  396.04305   41  199  829.40000  315.66016  61.9%   120 7810s

 581986 488168  396.40700   42  202  829.40000  315.67596  61.9%   120 7828s

 582812 489360  399.81526   43  193  829.40000  315.67596  61.9%   120 7848s

 584212 490144  505.54123  104  172  829.40000  315.68201  61.9%   120 7870s

 585187 490739  379.50523   34  183  829.40000  315.71985  61.9%   120 7887s

 585953 491152  413.06459   55  217  829.40000  315.73992  61.9%   120 7900s

 586435 491952  334.36051   43  204  829.40000  315.73992  61.9%   120 7919s

 587359 492565  536.26809   78  168  829.40000  315.76275  61.9%   120 7936s

 588072 493600  342.90996   48  226  829.40000  315.76466  61.9%   120 7954s

 589157 494074  561.31960  192  171  829.40000  315.76466  61.9%   120 7975s

 589659 494197  752.71936  277  151  829.40000  315.76466  61.9%   120 8002s

 589823 494703  371.30007   49  215  829.40000  315.76466  61.9%   120 8017s

 590371 495493  543.44028  116  126  829.40000  315.76466  61.9%   120 8036s

 591294 496175  421.32528   47  204  829.40000  315.78923  61.9%   120 8055s

 592150 497078  372.81361   50  191  829.40000  315.79135  61.9%   120 8077s

 593134 497830  589.41592  138  187  829.40000  315.79135  61.9%   120 8093s

 594024 498283  478.11364   90  188  829.40000  315.80502  61.9%   120 8106s

 594493 499167  561.93572  130  168  829.40000  315.80502  61.9%   120 8126s

 595466 500069  501.53873   65  180  829.40000  315.80502  61.9%   120 8143s

 596427 500852  338.75155   47  169  829.40000  315.80502  61.9%   120 8160s

 597279 501552  540.61542  151  189  829.40000  315.80502  61.9%   120 8174s

 598114 502112  361.26327   44  186  829.40000  315.80502  61.9%   120 8190s

 598875 502393  321.78493   39  294  829.40000  315.86510  61.9%   120 8199s

 599156 503055  348.78011   61  212  829.40000  315.86510  61.9%   120 8216s

 599848 504052  431.35984  106  255  829.40000  315.86510  61.9%   120 8232s

 600961 504749  643.18525  260  229  829.40000  315.86640  61.9%   120 8249s

 601763 505581  354.18922   57  177  829.40000  315.86640  61.9%   120 8265s

 602637 506052  590.58677  172  205  829.40000  315.86640  61.9%   120 8277s

 603212 506697  361.01018   44  198  829.40000  315.87609  61.9%   120 8294s

 604010 506824  368.04704   43  205  829.40000  315.91333  61.9%   120 8308s

 604137 507250  405.12662   50  225  829.40000  315.91333  61.9%   120 8323s

 604607 507659  511.39034   91  168  829.40000  315.91333  61.9%   120 8338s

 605075 508400  511.94712   42  241  829.40000  315.92460  61.9%   120 8357s

 605999 508845  376.22207   48  227  829.40000  315.92857  61.9%   120 8371s

 606518 509536  601.56901  118  135  829.40000  315.92857  61.9%   120 8390s

 607325 510465  632.03919  151  206  829.40000  315.95820  61.9%   120 8409s

 608310 511082  471.48804   88  197  829.40000  315.95820  61.9%   120 8425s

 609111 511453  329.69539   34  137  829.40000  315.95820  61.9%   120 8441s

 609569 511776  586.11852   45  144  829.40000  315.95820  61.9%   120 8453s

 609972 512682  358.12908   70  215  829.40000  315.95820  61.9%   120 8472s

 610969 513277  638.66282  186  159  829.40000  315.95820  61.9%   121 8487s

 611670 513955  382.90010   50  223  829.40000  315.95820  61.9%   121 8498s

 612406 514706  553.36185   95   82  829.40000  315.95820  61.9%   121 8519s

 613279 515149  441.67364   45  148  829.40000  315.96895  61.9%   121 8533s

 613833 515917  386.60725   38  144  829.40000  316.00350  61.9%   121 8550s

 614612 516288  560.00522  147  205  829.40000  316.00350  61.9%   121 8562s

 615013 517054  639.75439  205  145  829.40000  316.00350  61.9%   121 8585s

 615894 517954  378.35898   60  235  829.40000  316.00350  61.9%   121 8599s

 616858 517962  537.59336  146  229  829.40000  316.02481  61.9%   121 8620s

 616866 518083  538.42041  147  220  829.40000  316.02481  61.9%   121 8642s

 616999 518567  540.07264  148  225  829.40000  316.02481  61.9%   121 8658s

 617554 519301  708.60955  212  211  829.40000  316.02774  61.9%   121 8678s

 618362 519977  386.21524   62  126  829.40000  316.02774  61.9%   121 8694s

 619070 520506  556.95619  177  178  829.40000  316.02774  61.9%   121 8716s

 619682 521368  356.22832   52  321  829.40000  316.05190  61.9%   121 8736s

 620610 522300  491.87859  163  230  829.40000  316.05190  61.9%   121 8754s

 621641 522765  346.19189   38  145  829.40000  316.05190  61.9%   121 8770s

 622186 523179  529.05131   61  111  829.40000  316.08563  61.9%   121 8785s

 622746 524074  329.63053   41  146  829.40000  316.09217  61.9%   121 8806s

 623800 524880  441.47347   57  241  829.40000  316.11613  61.9%   121 8825s

 624672 525526  739.85915  135  142  829.40000  316.11613  61.9%   121 8844s

 625435 526029  427.35799   65  220  829.40000  316.12077  61.9%   121 8860s

 625968 527052  510.44114  122  193  829.40000  316.12077  61.9%   121 8885s

 627116 527608  373.99883   37  202  829.40000  316.12077  61.9%   121 8905s

 627769 528522  758.68441  100  145  829.40000  316.12077  61.9%   121 8928s

 628842 529307  371.65844   47  172  829.40000  316.16730  61.9%   121 8951s

 629777 529601  346.51524   35  317  829.40000  316.18128  61.9%   121 8966s

 630241 530037  356.66420   41  195  829.40000  316.18128  61.9%   121 8983s

 630706 530979  445.67796   51  183  829.40000  316.18128  61.9%   121 9009s

 631802 531940  482.48962   82  146  829.40000  316.18650  61.9%   121 9028s

 632888 532747  536.79931  108  132  829.40000  316.20420  61.9%   121 9052s

 633824 533166  339.78310   43  215  829.40000  316.20420  61.9%   121 9071s

 634301 533894  458.88875   77  162  829.40000  316.20420  61.9%   121 9093s

 635129 534903  764.12058  206  184  829.40000  316.20420  61.9%   121 9114s

 636220 535250  461.17472  102  222  829.40000  316.23479  61.9%   121 9135s

 636583 536220  617.75183  143   73  829.40000  316.23479  61.9%   121 9158s

 637696 536783  375.01819   42  244  829.40000  316.23940  61.9%   121 9175s

 638392 537784  799.86634  141  127  829.40000  316.23940  61.9%   121 9198s

 639469 538552  344.14123   41  259  829.40000  316.23940  61.9%   121 9215s

 640359 538948  591.37840  161  144  829.40000  316.23940  61.9%   121 9226s

 640755 539832  740.04127  229  155  829.40000  316.23940  61.9%   121 9254s

 641703 540402  447.34565   78  212  829.40000  316.27693  61.9%   121 9271s

 642398 541275  425.43598   42  113  829.40000  316.29020  61.9%   121 9292s

 643496 542053  328.34206   50  348  829.40000  316.29084  61.9%   121 9312s

 644378 542871  482.97384  126  216  829.40000  316.29084  61.9%   121 9328s

 645270 542902  720.47874  221  110  829.40000  316.29084  61.9%   121 9344s

 645317 542928     cutoff  248       829.40000  316.29084  61.9%   121 9355s

 645355 543272  733.53217   63  111  829.40000  316.29084  61.9%   121 9369s

 645741 543560  487.85043   98  191  829.40000  316.29084  61.9%   121 9381s

 646047 543568  794.69407  213  120  829.40000  316.29084  61.9%   121 9399s

 646055 543658  809.71302  214   94  829.40000  316.29084  61.9%   121 9416s

 646159 544049  381.96291   46  173  829.40000  316.29084  61.9%   121 9431s

 646585 544620  453.82105  105  222  829.40000  316.29084  61.9%   121 9450s

 647247 545490  369.05673   50  221  829.40000  316.31232  61.9%   121 9474s

 648243 545922  335.99462   29  220  829.40000  316.32237  61.9%   121 9489s

 648677 547173  488.94641   91  179  829.40000  316.32237  61.9%   121 9521s

 650025 547876  585.66117  109  158  829.40000  316.33584  61.9%   121 9546s

 650877 548775  444.94304   60  234  829.40000  316.33584  61.9%   121 9572s

 651855 549666  707.35981  184  209  829.40000  316.33584  61.9%   121 9598s

 652914 550292  550.13157  100  127  829.40000  316.36157  61.9%   121 9617s

 653615 551181  469.11388   69  228  829.40000  316.36157  61.9%   121 9640s

 654602 551974  368.01960   37  152  829.40000  316.36157  61.9%   121 9662s

 655487 552356  531.96401   90  151  829.40000  316.37334  61.9%   121 9676s

 655998 553222  337.99092   39  245  829.40000  316.37334  61.9%   121 9699s

 656972 553710  621.00946   90  131  829.40000  316.37334  61.9%   121 9719s

 657580 554837  329.59831   55  142  829.40000  316.40996  61.9%   121 9744s

 658761 555635  499.90426  154  232  829.40000  316.41409  61.9%   121 9763s

 659712 556459  726.60992  328  199  829.40000  316.41762  61.8%   121 9782s

 660634 556853  682.62391  116  196  829.40000  316.41762  61.8%   121 9796s

 661061 557766  406.43273   57  162  829.40000  316.43253  61.8%   121 9818s

 662086 558538  465.67821   95  168  829.40000  316.43749  61.8%   121 9833s

 662993 559188  345.93163   74  253  829.40000  316.43749  61.8%   121 9852s

 663719 560020  397.56443   95  289  829.40000  316.43749  61.8%   121 9870s

 664695 560510  575.86174  185  259  829.40000  316.43749  61.8%   121 9883s

 665185 560518  692.25423  273  246  829.40000  316.43749  61.8%   121 9907s

 665193 560526  692.27647  274  259  829.40000  316.43749  61.8%   121 9933s

 665201 560534  692.92593  275  245  829.40000  316.43749  61.8%   121 9942s

 665209 560542  694.89066  276  232  829.40000  316.43749  61.8%   121 9953s

 665217 560550  696.17956  277  217  829.40000  316.43749  61.8%   121 9963s

 665225 560558  697.60134  278  236  829.40000  316.43749  61.8%   121 9975s

 665233 560566  699.13223  279  223  829.40000  316.43749  61.8%   121 9992s

 665241 560574  699.16123  280  232  829.40000  316.43749  61.8%   121 10004s

 665249 560582  700.80829  281  207  829.40000  316.43749  61.8%   121 10016s

 665257 560590  704.36357  282  221  829.40000  316.43749  61.8%   121 10033s

 665265 560598  704.85861  283  191  829.40000  316.43749  61.8%   121 10050s

 665273 560606  706.72417  284  208  829.40000  316.43749  61.8%   121 10069s

 665281 560614  707.11584  285  211  829.40000  316.43749  61.8%   121 10088s

 665289 560778  707.70387  286  214  829.40000  316.43749  61.8%   121 10103s

 665467 561188  341.11086   41  233  829.40000  316.43749  61.8%   121 10118s

 665922 561654  416.40190   84  212  829.40000  316.43749  61.8%   121 10134s

 666440 562156  587.90310  137  195  829.40000  316.43749  61.8%   121 10149s

 666982 563218  706.82349  215  181  829.40000  316.43749  61.8%   121 10177s

 668146 564318  533.38731  112  211  829.40000  316.43749  61.8%   121 10203s

 669338 565229  493.99446   94  134  829.40000  316.43749  61.8%   121 10226s

 670319 565953  659.86291  133  160  829.40000  316.47943  61.8%   121 10246s

 671125 566275  369.56769   70  150  829.40000  316.47943  61.8%   121 10257s

 671449 567096  444.88468  109  160  829.40000  316.47943  61.8%   121 10276s

 672336 567622  728.88341  248  158  829.40000  316.47943  61.8%   121 10295s

 673058 568545  428.08794   64  156  829.40000  316.52189  61.8%   121 10316s

 674134 569095  350.96714   32  245  829.40000  316.52597  61.8%   121 10334s

 674824 570055  714.28533  103  121  829.40000  316.52597  61.8%   121 10358s

 675847 570410  512.15966   87  170  829.40000  316.52597  61.8%   121 10371s

 676253 571123  629.39725  127  200  829.40000  316.52597  61.8%   121 10392s

 677079 571795  811.70940   98   78  829.40000  316.53435  61.8%   121 10411s

 677857 572573  463.47277  103  132  829.40000  316.54093  61.8%   121 10432s

 678791 573180  382.37367   45  177  829.40000  316.55790  61.8%   121 10449s

 679502 573616  327.96059   39  261  829.40000  316.57638  61.8%   121 10463s

 679962 574524  389.93927   81  217  829.40000  316.57638  61.8%   121 10486s

 680979 575195  652.48677  226  202  829.40000  316.57716  61.8%   121 10504s

 681751 575923  390.02088   52  246  829.40000  316.58603  61.8%   121 10525s

 682642 576725  360.68772   42  219  829.40000  316.60668  61.8%   121 10546s

 683602 577178  332.64525   28  242  829.40000  316.61053  61.8%   122 10559s

 684077 578032  410.73834   81  170  829.40000  316.61053  61.8%   122 10584s

 685028 578563  672.65140  206  156  829.40000  316.61053  61.8%   122 10601s

 685693 579232  348.05787   49   84  829.40000  316.61053  61.8%   122 10619s

 685890 579232  398.54927   69  205  829.40000  316.61053  61.8%   122 10620s

 686503 579743  809.71812  178   92  829.40000  316.61053  61.8%   122 10636s

 687100 580268  551.63074   84  192  829.40000  316.61053  61.8%   122 10653s

 687722 581109  397.67200   47  185  829.40000  316.61053  61.8%   122 10676s

 688629 581752  764.15673  133  208  829.40000  316.61053  61.8%   122 10700s

 689384 582165  615.52538  112  129  829.40000  316.65181  61.8%   122 10719s

 689949 582790  381.89420   42  174  829.40000  316.65852  61.8%   122 10739s

 690709 583563  470.71672   71  140  829.40000  316.65983  61.8%   122 10763s

 691681 584016  374.42598   42  268  829.40000  316.67222  61.8%   122 10780s

 692162 584913  464.69377   73  206  829.40000  316.67222  61.8%   122 10809s

 693235 586022  339.93393   47  176  829.40000  316.67740  61.8%   122 10832s

 694426 586840  591.19550  167  200  829.40000  316.67740  61.8%   122 10857s

 695398 587116  374.53125   50  236  829.40000  316.69553  61.8%   122 10875s

 695766 587818  603.44078   81  138  829.40000  316.69553  61.8%   122 10895s

 696577 588323  335.08225   34  222  829.40000  316.69553  61.8%   122 10912s

 697183 589202  561.97960  129  147  829.40000  316.69553  61.8%   122 10938s

 698204 589896  415.61718   69  141  829.40000  316.72043  61.8%   122 10959s

 698983 590676  429.63282  100  203  829.40000  316.72043  61.8%   122 10983s

 699813 591067  699.59990  236  234  829.40000  316.72043  61.8%   122 10998s

 700246 592217  354.87825   39  195  829.40000  316.72523  61.8%   122 11028s

 701552 593096  473.95049  100  160  829.40000  316.74795  61.8%   122 11046s

 702480 593501  321.75306   29  188  829.40000  316.74795  61.8%   122 11070s

 702967 593788  321.87618   30  196  829.40000  316.74807  61.8%   122 11084s

 703270 594697  376.75912   75  242  829.40000  316.74807  61.8%   122 11110s

 704263 595431  642.94857  179  199  829.40000  316.74807  61.8%   122 11128s

 705121 596416  436.33137   48  180  829.40000  316.76749  61.8%   122 11153s

 706142 596785  361.54992   33  212  829.40000  316.76749  61.8%   122 11169s

 706646 597717  450.78951   58  209  829.40000  316.76749  61.8%   122 11193s

 707650 598420  417.97453   66  187  829.40000  316.76749  61.8%   122 11212s

 708501 599226  384.41516   47  150  829.40000  316.79312  61.8%   122 11235s

 709404 599723  373.59299   42  266  829.40000  316.79348  61.8%   122 11253s

 709983 600706  414.96355   68  166  829.40000  316.79348  61.8%   122 11279s

 711133 601390  355.45856   37  193  829.40000  316.80662  61.8%   122 11295s

 711943 601842  356.02408   55  308  829.40000  316.83085  61.8%   122 11309s

 712395 602819  492.34499  100  203  829.40000  316.83085  61.8%   122 11336s

 713467 603852  333.57578   40  253  829.40000  316.85013  61.8%   122 11357s

 714584 604507  590.97220  157  198  829.40000  316.85013  61.8%   122 11375s

 715308 605290  330.30042   41  181  829.40000  316.85309  61.8%   122 11394s

 716193 605749  473.77316  117  257  829.40000  316.85689  61.8%   122 11407s

 716717 606560  573.27441  190  196  829.40000  316.87395  61.8%   122 11429s

 717581 607263  366.00125   34  314  829.40000  316.87395  61.8%   122 11446s

 718350 607653  539.39016   79  235  829.40000  316.87395  61.8%   122 11462s

 718782 608156  823.32058  145  133  829.40000  316.87395  61.8%   122 11479s

 719335 608791  605.93291  101  126  829.40000  316.87395  61.8%   122 11502s

 720069 609296  397.19573   56  187  829.40000  316.88497  61.8%   122 11520s

 720604 610116  411.34176   63  214  829.40000  316.88497  61.8%   122 11545s

 721505 610492  433.78352   39  204  829.40000  316.88497  61.8%   122 11556s

 721903 611440  544.21953   72  163  829.40000  316.89020  61.8%   122 11581s

 722987 612071  648.35803   93  177  829.40000  316.89020  61.8%   122 11599s

 723801 612419  334.69827   27  240  829.40000  316.92833  61.8%   122 11621s

 724207 613320  417.73027   49  172  829.40000  316.92833  61.8%   122 11645s

 725196 613684 infeasible  209       829.40000  316.93507  61.8%   122 11661s

 725666 614270  405.11608   51  158  829.40000  316.93507  61.8%   122 11682s

 726442 614825  332.50185   39  248  829.40000  316.96486  61.8%   122 11704s

 727265 615199  379.22650   30  182  829.40000  316.97204  61.8%   122 11721s

 727741 615761  560.67911   47  151  829.40000  316.97204  61.8%   122 11746s

 728463 616242  347.93623   42  170  829.40000  316.98908  61.8%   122 11764s

 728944 617661  442.60784  107  181  829.40000  316.98908  61.8%   122 11804s

 730524 618435  668.24671  160  187  829.40000  316.99944  61.8%   122 11824s

 731004 618435  519.03505  117  168  829.40000  316.99944  61.8%   122 11825s

 731378 618975 infeasible   84       829.40000  317.00231  61.8%   122 11848s

 732039 619417  398.66892   70  173  829.40000  317.00231  61.8%   122 11862s

 732506 620098  471.20261  112  139  829.40000  317.00952  61.8%   123 11886s

 733350 620727  639.98126  114  142  829.40000  317.02498  61.8%   123 11910s

 734177 621553  627.48274   94  117  829.40000  317.02498  61.8%   123 11935s

 735061 622242  426.82629   69  196  829.40000  317.02498  61.8%   123 11956s

 735834 623168  766.24233  199  177  829.40000  317.03689  61.8%   123 11984s

 736858 623836  370.02593   53  179  829.40000  317.03689  61.8%   123 12005s

 737628 624167  502.20948  122  236  829.40000  317.06095  61.8%   123 12023s

 738019 624934  647.90812  217  216  829.40000  317.08966  61.8%   123 12047s

 738919 625670  586.69051   67  131  829.40000  317.10234  61.8%   123 12072s

 739774 626183  552.64069  117  149  829.40000  317.10728  61.8%   123 12095s

 740299 627033  346.55711   40  258  829.40000  317.10728  61.8%   123 12124s

 741264 627750  568.31768  129  183  829.40000  317.10728  61.8%   123 12145s

 742076 628415  422.11484   68  157  829.40000  317.10728  61.8%   123 12168s

 742805 629015  692.68175  147  147  829.40000  317.10728  61.8%   123 12197s

 743482 629543  569.89865  133  186  829.40000  317.10728  61.8%   123 12219s

 744121 630039  467.45803   93  202  829.40000  317.10728  61.8%   123 12237s

 744635 631063  596.98389  164  170  829.40000  317.10728  61.8%   123 12271s

 745790 632022  478.12334   65  187  829.40000  317.10728  61.8%   123 12295s

 746932 632885  455.57153   75  178  829.40000  317.16746  61.8%   123 12321s

 747939 633356  343.88546   34  330  829.40000  317.17962  61.8%   123 12342s

 748520 633761  463.62218   90  226  829.40000  317.17962  61.8%   123 12360s

 748997 634239  601.41721  147  160  829.40000  317.17962  61.8%   123 12382s

 749620 635348  337.62357   35  182  829.40000  317.17962  61.8%   123 12414s

 750806 635960  576.38110  160  178  829.40000  317.17962  61.8%   123 12440s

 751496 636717  345.19755   46  282  829.40000  317.17962  61.8%   123 12465s

 752403 637214  502.11755   78  128  829.40000  317.17962  61.8%   123 12484s

 752959 638203  329.33061   47  262  829.40000  317.17962  61.8%   123 12515s

 754113 639266  589.43503  106  161  829.40000  317.17962  61.8%   123 12544s

 755239 640355  433.36270   73  159  829.40000  317.17962  61.8%   123 12568s

 756560 640672  714.00342  157   86  829.40000  317.17962  61.8%   123 12592s

 756954 641656  376.44626   80  187  829.40000  317.17962  61.8%   123 12621s

 758010 642492  771.77811  255  194  829.40000  317.17962  61.8%   123 12643s

 758976 642914  478.43246   75  164  829.40000  317.25868  61.7%   123 12657s

 759398 643811  567.27250  122  103  829.40000  317.25868  61.7%   123 12685s

 760443 644466  369.13093   74  164  829.40000  317.25868  61.7%   123 12701s

 761169 645396  355.06900   38  178  829.40000  317.29706  61.7%   123 12729s

 762254 645999  340.86179   44  278  829.40000  317.29912  61.7%   123 12748s

 762992 646510  363.47571   50  168  829.40000  317.29912  61.7%   123 12770s

 763646 647087  364.68272   67  233  829.40000  317.33334  61.7%   123 12785s

 764223 648025  532.95445  124  191  829.40000  317.33334  61.7%   123 12814s

 765223 648507  820.98698  238  186  829.40000  317.33334  61.7%   123 12831s

 765769 649076  439.84261   66  203  829.40000  317.33334  61.7%   123 12854s

 766231 649076  616.26186  136  181  829.40000  317.33334  61.7%   123 12855s

 766356 649985  752.45463  124  114  829.40000  317.33334  61.7%   123 12881s

 767423 650775  755.03117  113  132  829.40000  317.33334  61.7%   123 12901s

 768328 651402  507.08095  116  157  829.40000  317.37281  61.7%   123 12924s

 768540 651402  455.20094   68  143  829.40000  317.37402  61.7%   123 12925s

 769085 652010  351.76424   31  186  829.40000  317.38766  61.7%   123 12946s

 769902 652901  333.80117   30  306  829.40000  317.39420  61.7%   123 12970s

 770842 653386  713.37398  121  161  829.40000  317.39420  61.7%   123 12983s

 771365 654121  399.43825   53  174  829.40000  317.39613  61.7%   123 13012s

 772204 654662  383.63784   61  253  829.40000  317.40338  61.7%   123 13036s

 772770 655580  482.68811  113  147  829.40000  317.40338  61.7%   123 13059s

 773714 656333  755.40322  269  186  829.40000  317.40338  61.7%   123 13082s

 774561 656668  376.75735   62  281  829.40000  317.40338  61.7%   123 13093s

 774919 657420  444.05328   93  193  829.40000  317.40338  61.7%   123 13117s

 775800 658241  620.23655  227  144  829.40000  317.41924  61.7%   123 13137s

 776755 658631  371.59529   53  217  829.40000  317.43489  61.7%   123 13161s

 777209 659058  413.50456   59  130  829.40000  317.43560  61.7%   123 13179s

 777728 659822  378.55012   42  165  829.40000  317.43563  61.7%   123 13206s

 778672 660629  426.15295   67  214  829.40000  317.45162  61.7%   123 13229s

 779466 660629  462.02630   48  242  829.40000  317.45175  61.7%   123 13230s

 779543 661113  337.87844   39  252  829.40000  317.45175  61.7%   123 13245s

 780097 662002  416.24738   88  173  829.40000  317.45254  61.7%   123 13271s

 781064 662712  367.79947   38  256  829.40000  317.46114  61.7%   123 13294s

 781906 663746  480.16559   79  186  829.40000  317.46114  61.7%   123 13324s

 783017 664454  329.74000   33  233  829.40000  317.48624  61.7%   123 13344s

 783434 664454  381.52731   39  139  829.40000  317.48624  61.7%   123 13345s

 783786 664814  384.97985   86  214  829.40000  317.48624  61.7%   123 13364s

 784200 665472  436.87455  126  224  829.40000  317.48751  61.7%   123 13387s

 784918 666441  591.84346  217  209  829.40000  317.48751  61.7%   123 13412s

 785929 666801  356.67222   40  205  829.40000  317.48751  61.7%   123 13434s

 786398 667555  494.25959   95  137  829.40000  317.48751  61.7%   123 13462s

 787279 667868  356.67567   37  233  829.40000  317.53641  61.7%   123 13483s

 787640 668696  458.19731   66   85  829.40000  317.53641  61.7%   123 13523s

 788741 670198  548.83591   68  191  829.40000  317.56231  61.7%   124 13567s

 790324 670812  516.37349  146  169  829.40000  317.56396  61.7%   124 13589s

 791083 671899  441.33190   54  180  829.40000  317.56607  61.7%   124 13624s

 791905 671899  576.19651   74  195  829.40000  317.58825  61.7%   124 13625s

 792315 672558  627.63233  131  128  829.40000  317.58825  61.7%   124 13656s

 793140 673101  457.81882   77  138  829.40000  317.61872  61.7%   124 13678s

 793791 674222  351.89162   49  202  829.40000  317.61872  61.7%   124 13708s

 794982 675244  690.07187  216  243  829.40000  317.61872  61.7%   124 13744s

 796142 675961  353.17150   38  285  829.40000  317.62403  61.7%   124 13775s

 797003 676379  387.27685   59  178  829.40000  317.64511  61.7%   124 13799s

 797471 677277  580.32564  126  130  829.40000  317.64511  61.7%   124 13833s

 798496 677866  323.00400   35  167  829.40000  317.64987  61.7%   124 13860s

 799243 678568  327.99967   35  301  829.40000  317.64987  61.7%   124 13891s

 800157 678980  348.91784   29  230  829.40000  317.67160  61.7%   124 13915s

 800626 679717  487.84150   65  197  829.40000  317.67160  61.7%   124 13946s

 801445 680172  418.48690   44  205  829.40000  317.67172  61.7%   124 13979s

 802012 680605  420.27255   45  239  829.40000  317.68341  61.7%   124 14006s

 802567 681117  433.77031   46  261  829.40000  317.68341  61.7%   124 14042s

 803173 682597  439.63621   47  200  829.40000  317.68341  61.7%   124 14096s

 804807 683371  354.92014   39  240  829.40000  317.70493  61.7%   124 14127s

 805817 683872  664.68818  172  165  829.40000  317.71429  61.7%   124 14152s

 806372 684896  319.27120   41  164  829.40000  317.73258  61.7%   124 14220s

 807500 685791  337.50688   41  180  829.40000  317.73950  61.7%   124 14294s

 808459 686625  511.30375  112  243  829.40000  317.73950  61.7%   124 14382s

 809399 686775 infeasible  227       829.40000  317.73950  61.7%   124 14402s



Cutting planes:

  Learned: 6

  Gomory: 33

  Lift-and-project: 30

  Cover: 127

  Implied bound: 972

  Projected implied bound: 33

  Clique: 417

  MIR: 1137

  Mixing: 77

  StrongCG: 469

  Flow cover: 2330

  GUB cover: 11

  Inf proof: 10

  Zero half: 2045

  RLT: 109

  Relax-and-lift: 1417



Explored 809595 nodes (100255499 simplex iterations) in 14403.82 seconds (9141.35 work units)

Thread count was 16 (of 16 available processors)



Solution count 10: 829.4 833.68 838.36 ... 902.73



Time limit reached

Best objective 8.294000000000e+02, best bound 3.177400000000e+02, gap 61.6904%



AMPL MP initial flat model has 7524 variables (0 integer, 7452 binary);

Objectives: 1 linear; 

Constraints:  2061 linear; 6 quadratic;



AMPL MP final model has 7524 variables (0 integer, 7452 binary);

Objectives: 1 linear; 

Constraints:  2061 linear; 6 quadratic;





-----RESULTS INFO-----
running_time:  14439.297
TC.best_bound:  317.74
TC:  829.4000000000001
MIP Gap (%):  61.690378586930315
=== Vehicle Routes ===
Vehicle 1: 0  9
Vehicle 1: 1  38
Vehicle 1: 4  48
Vehicle 1: 8  1
Vehicle 1: 9  10
Vehicle 1: 10  8
Vehicle 1: 38  4
Vehicle 1: 48  52
Vehicle 2: 0  7
Vehicle 2: 2  5
Vehicle 2: 5  51
Vehicle 2: 7  2
Vehicle 2: 51  52
Vehicle 3: 0  46
Vehicle 3: 3  52
Vehicle 3: 6  3
Vehicle 3: 43  6
Vehicle 3: 46  43
Vehicle 4: 0  13
Vehicle 4: 11  52
Vehicle 4: 13  49
Vehicle 4: 45  11
Vehicle 4: 49  45
Vehicle 5: 0  50
Vehicle 5: 12  52
Vehicle 5: 14  12
Vehicle 5: 41  14
Vehicle 5: 50  41
Vehicle 6: 0  44
Vehicle 6: 39  47
Vehicle 6: 44  39
Vehicle 6: 47  52

=== Full Vehicle Routes ===
Vehicle 1: 0  9  10  8  1  38  4  48  0 (100<100)
Vehicle 2: 0  7  2  5  51  0 (98<100)
Vehicle 3: 0  46  43  6  3  0 (98<100)
Vehicle 4: 0  13  49  45  11  0 (97<100)
Vehicle 5: 0  50  41  14  12  0 (100<100)
Vehicle 6: 0  44  39  47  0 (100<100)
Arc used by MRT line: y variables:
Customer assigment to PL: u variables:
15 47
16 47
17 46
18 50
19 47
20 46
21 51
22 47
23 49
24 45
25 50
26 46
27 49
28 46
29 50
30 49
31 49
32 50
33 47
34 46
35 49
36 46
37 51
40 48
42 47
Node is served by regular vehicle: g variables:
1
2
3
4
5
6
7
8
9
10
11
12
13
14
38
39
41
43
44
51
45
46
47
48
49
50
Customer assigment to Home delivery: gm variables:
1
2
3
4
5
6
7
8
9
10
11
12
13
14
38
39
41
43
44
Node total demands: ntd variables:
1 6 1
2 22 1
3 2 1
4 17 1
5 14 1
6 8 1
7 19 1
8 21 1
9 6 1
10 24 1
11 2 1
12 12 1
13 17 1
14 17 1
30 0 0
31 0 0
32 0 0
33 0 0
34 0 0
35 0 0
36 0 0
37 0 0
38 10 1
39 14 1
40 0 0
41 13 1
42 0 0
43 21 1
44 12 1
51 43 1
45 20 1
46 67 1
47 74 1
48 16 1
49 58 1
50 58 1
Customer's demand delivered to PL: l variables:
15
16
17
18
19
20
21
22
23
24
25
26
27
28
29
30
31
32
33
34
35
36
37
40
42
Lockers load <= capacity:
43 <= 74
20 <= 100
67 <= 86
74 <= 87
16 <= 81
58 <= 100
58 <= 85
