Gurobi 12.0.3:   lim:time = 14400

  mip:bestbound = 1

Set parameter LogToConsole to value 1

  tech:outlev = 1

Set parameter Cuts to value 3

  cut:cuts = 3

Set parameter Presolve to value 2

  pre:solve = 2

Set parameter MIPFocus to value 2

  mip:focus = 2

Set parameter Symmetry to value 2

  mip:symmetry = 2

Set parameter InfUnbdInfo to value 1

Gurobi Optimizer version 12.0.3 build v12.0.3rc0 (win64 - Windows 10.0 (19045.2))



CPU model: Intel(R) Core(TM) i7-10700 CPU @ 2.90GHz, instruction set [SSE2|AVX|AVX2]

Thread count: 8 physical cores, 16 logical processors, using up to 16 threads



Non-default parameters:

TimeLimit  14400

MIPFocus  2

Symmetry  2

Cuts  3

InfUnbdInfo  1

Presolve  2



Optimize a model with 2866 rows, 11713 columns and 74335 nonzeros

Model fingerprint: 0xcf12d73b

Model has 2 quadratic objective terms

Model has 9 quadratic constraints

Variable types: 83 continuous, 11630 integer (0 binary)

Coefficient statistics:

  Matrix range     [1e+00, 1e+05]

  QMatrix range    [1e+00, 1e+00]

  QLMatrix range   [1e+00, 2e+01]

  Objective range  [2e+00, 1e+02]

  QObjective range [2e+00, 2e+00]

  Bounds range     [1e+00, 1e+02]

  RHS range        [1e+00, 1e+05]

  QRHS range       [1e+02, 1e+02]

Presolve removed 142 rows and 358 columns

Presolve time: 2.13s

Presolved: 9563 rows, 18182 columns, 87395 nonzeros

Variable types: 593 continuous, 17589 integer (16209 binary)

Root relaxation presolve removed 45 rows and 4 columns

Root relaxation presolved: 9518 rows, 18220 columns, 173200 nonzeros



Deterministic concurrent LP optimizer: primal and dual simplex

Showing primal log only...





Root simplex log...



Iteration    Objective       Primal Inf.    Dual Inf.      Time

       0    1.2998100e+03   1.646880e+02   1.401447e+10      5s

Concurrent spin time: 0.05s



Solved with dual simplex



Root simplex log...



Iteration    Objective       Primal Inf.    Dual Inf.      Time

    1287    1.8574382e+02   0.000000e+00   0.000000e+00      5s



Root relaxation: objective 1.857438e+02, 1287 iterations, 0.33 seconds (0.31 work units)

Total elapsed time = 5.80s (DegenMoves)



    Nodes    |    Current Node    |     Objective Bounds      |     Work

 Expl Unexpl |  Obj  Depth IntInf | Incumbent    BestBd   Gap | It/Node Time



     0     0  185.74382    0  204          -  185.74382      -     -    6s

     0     0  247.58126    0  173          -  247.58126      -     -    8s

     0     0  247.58126    0  192          -  247.58126      -     -    8s

     0     0  247.58126    0  191          -  247.58126      -     -    8s

     0     0  247.71494    0  173          -  247.71494      -     -   10s

     0     0  253.80089    0  198          -  253.80089      -     -   10s

     0     0  253.80089    0  200          -  253.80089      -     -   10s

     0     0  254.66081    0  199          -  254.66081      -     -   12s

     0     0  255.12888    0  198          -  255.12888      -     -   12s

     0     0  256.81628    0  203          -  256.81628      -     -   14s

     0     0  257.12301    0  200          -  257.12301      -     -   14s

     0     0  257.76000    0  175          -  257.76000      -     -   15s

     0     0  257.76000    0  160          -  257.76000      -     -   16s

     0     2  257.78000    0  160          -  257.78000      -     -   18s

   130   134  257.78000   13  149          -  257.78000      -   134   20s

   518   511  287.61125   36  208          -  257.78000      -   161   25s

  1548  1532  343.71241  119  177          -  257.78000      -  87.5   30s

  2527  2508  258.01818   25  185          -  257.78000      -  80.6   35s

  3095  2947  271.75048   38  194          -  257.78000      -  77.6   40s

  3545  3351  259.37000   23 4782          -  257.78000      -  75.9   46s

  3549  3354  338.87158   98  219          -  257.78000      -  75.8   51s

  3551  3355  292.75247   65  196          -  257.78000      -  75.7   55s

  3554  3357  344.08020  113  150          -  257.78000      -  75.7   61s

  3556  3358  279.20167   22  173          -  257.78000      -  75.6   66s

  3558  3360  274.20200   54  151          -  257.78000      -  75.6   70s

  3560  3361  341.66662   99  168          -  257.78000      -  75.5   75s

  3563  3363  336.90496  354  156          -  257.81667      -  75.5   81s

  3565  3364  540.98394  122  183          -  257.93000      -  75.4   85s

  3567  3366  328.12000   86  148          -  257.93000      -  75.4   90s

  3569  3367  531.20527  193  164          -  257.93000      -  75.4   95s

  3572  3369  293.72000   26  216          -  257.93001      -  75.3  102s

  3574  3370  443.58171  345  252          -  257.93001      -  75.2  105s

  3579  3375  519.16713  173  142          -  257.93001      -  83.5  110s

  3582  3377  291.18882   33  219          -  257.93001      -  83.5  116s

  3584  3379  523.16001   64  174          -  257.93001      -  83.4  121s

H 3585  3209                    1371.4500000  257.93048  81.2%  83.4  128s

  3587  3211  422.07864  337  172 1371.45000  257.93048  81.2%  83.4  130s

  3589  3212  513.93990   85  241 1371.45000  257.93049  81.2%  83.3  138s

H 3589  3052                    1342.6200000  257.93049  80.8%  83.3  143s

H 3589  2899                    1337.1200000  257.93049  80.7%  83.3  143s

H 3589  2754                    1323.8000000  257.93049  80.5%  83.3  143s

H 3589  2616                    1313.0400000  257.93049  80.4%  83.3  143s

H 3589  2485                    1303.9500000  257.93049  80.2%  83.3  143s

  3591  2486 1057.98861  381  199 1303.95000  257.93049  80.2%  83.3  145s

  3593  2488  299.17231  180  205 1303.95000  257.93049  80.2%  83.2  151s

H 3593  2363                    1279.0000000  257.93049  79.8%  83.2  153s

H 3593  2245                    1276.5900000  257.93049  79.8%  83.2  153s

H 3593  2132                    1269.0100000  257.93049  79.7%  83.2  153s

  3595  2133  274.27149   54  194 1269.01000  257.93049  79.7%  83.2  155s

  3597  2134  310.52000   67  192 1269.01000  257.93049  79.7%  83.1  160s

  3599  2136  276.70923   84  175 1269.01000  257.93049  79.7%  83.1  165s

H 3599  2029                    1255.6900000  257.93049  79.5%  83.1  166s

H 3600  1929                    1242.9200000  257.93049  79.2%  90.1  167s

  3615  1944  257.93051   22  329 1242.92000  257.93051  79.2%  92.0  171s

H 3639  1866                    1225.1900000  257.93051  78.9%  94.5  173s

H 3643  1773                    1217.0400000  257.93051  78.8%  94.8  173s

  3667  1796  257.93052   26  240 1217.04000  257.93051  78.8%  97.5  175s

  3731  1833  257.93052   29  183 1217.04000  257.93051  78.8%   104  180s

  3785  1872  257.97359   32  276 1217.04000  257.93051  78.8%   110  185s

  3849  1910  258.46748   36  316 1217.04000  257.93051  78.8%   115  190s

  3929  1971  262.94773   41  252 1217.04000  257.93051  78.8%   119  195s

  3985  2005  263.01673   45  249 1217.04000  257.93051  78.8%   122  200s

H 4055  1967                    1190.3800000  257.93051  78.3%   125  204s

  4074  1973  264.01765   51  187 1190.38000  257.93051  78.3%   126  206s

H 4075  1890                    1168.4300000  257.93051  77.9%   126  206s

H 4078  1810                    1152.4700000  257.93051  77.6%   126  206s

H 4080  1734                    1121.6700000  257.93051  77.0%   126  206s

  4108  1754  263.47210   53  257 1121.67000  257.93051  77.0%   127  211s

H 4109  1683                    1098.2500000  257.93051  76.5%   127  211s

H 4116  1613                    1065.7500000  257.93051  75.8%   127  211s

  4150  1652  263.47212   54  255 1065.75000  257.93051  75.8%   129  215s

H 4156  1585                    1063.0000000  257.93051  75.7%   130  215s

  4272  1686  265.53418   59  266 1063.00000  257.93051  75.7%   136  221s

H 4275  1624                    1061.5400000  257.93051  75.7%   136  221s

  4352  1650  266.03867   62  267 1061.54000  257.93051  75.7%   140  225s

H 4370  1623                    1049.2600000  257.93051  75.4%   142  229s

  4397  1623  281.99285   63  191 1049.26000  257.93051  75.4%   142  232s

  4415  1631  338.02331   64  274 1049.26000  257.93051  75.4%   143  236s

  4440  1661  266.50646   68  308 1049.26000  257.93051  75.4%   144  240s

  4498  1719  269.29435   73  231 1049.26000  257.93051  75.4%   146  245s

  4584  1777  285.31303   83  230 1049.26000  257.93051  75.4%   149  251s

  4692  1908  299.40530   91  203 1049.26000  257.93051  75.4%   153  257s

  4799  1966  306.68877   99  213 1049.26000  257.93051  75.4%   155  262s

  4892  2085  309.92623  103  206 1049.26000  257.93051  75.4%   157  266s

  5046  2079  311.14268  109  206 1049.26000  257.93051  75.4%   160  270s

  5149  2129  320.68391  122  163 1049.26000  257.93051  75.4%   164  277s

  5200  2160  326.37548  128  160 1049.26000  257.93051  75.4%   166  282s

  5256  2205  336.47744  134  160 1049.26000  257.93051  75.4%   169  286s

  5324  2253  341.60408  140  156 1049.26000  257.93051  75.4%   171  291s

  5398  2241  347.57617  143  175 1049.26000  257.93051  75.4%   174  295s

H 5401  2185                    1041.0100000  257.93051  75.2%   174  295s

  5411  2281  415.25735  143  210 1041.01000  257.93051  75.2%   174  300s

  5609  2404  351.02326  155  160 1041.01000  257.93051  75.2%   177  308s

H 5631  2344                    1040.4400000  257.93051  75.2%   178  308s

  5735  2450  370.85191  166  167 1040.44000  257.93051  75.2%   180  315s

  5889  2523  412.42840  175  180 1040.44000  257.93051  75.2%   182  320s

  6023  2550  404.58644  181  196 1040.44000  257.93051  75.2%   183  325s

H 6104  2480                    1013.9100000  257.93051  74.6%   184  331s

  6112  2656  565.39372  190  198 1013.91000  257.93051  74.6%   184  336s

  6318  2787  452.80927  195  274 1013.91000  257.93051  74.6%   185  342s

  6528  2986  703.86503  201  183 1013.91000  257.93051  74.6%   185  348s

  6798  3164  628.48648  208  226 1013.91000  257.93051  74.6%   184  354s

  7025  3363  482.36672  217  300 1013.91000  257.93051  74.6%   185  361s

  7295  3394  505.39006  223  297 1013.91000  257.93051  74.6%   186  367s

  7330  3562  506.92766  225  289 1013.91000  257.93051  74.6%   186  374s

  7517  3566  719.78447  225  248 1013.91000  257.93051  74.6%   185  380s

H 7518  3566                    1013.2200000  257.93051  74.5%   185  380s

  7528  3785  510.89970  226  312 1013.22000  257.93051  74.5%   186  388s

  7758  4130  520.02246  233  318 1013.22000  257.93051  74.5%   187  396s

  8130  4539  524.79714  242  314 1013.22000  257.93051  74.5%   185  405s

  8683  4554  537.89906  255  280 1013.22000  257.93051  74.5%   183  412s

H 8688  4554                    1011.2300000  257.93051  74.5%   183  412s

  8698  4721  742.29957  255  229 1011.23000  257.93051  74.5%   183  421s

  8898  5245     cutoff  264      1011.23000  257.93051  74.5%   185  431s

  9461  5630  555.55754  282  268 1011.23000  257.93051  74.5%   182  440s

  9932  5638  564.65499  296  266 1011.23000  257.93051  74.5%   179  448s

  9940  5645 infeasible  296      1011.23000  257.93051  74.5%   179  455s

H 9945  5640                     994.6100000  257.93051  74.1%   179  455s

  9949  5648  570.79448  297  259  994.61000  257.93051  74.1%   179  463s

H 9952  5642                     977.2900000  257.93051  73.6%   179  463s

  9957  5927  573.15256  298  258  977.29000  257.93051  73.6%   179  473s

 10266  6560  621.52694  307  268  977.29000  257.93051  73.6%   177  481s

 10969  6772  716.63992  342  256  977.29000  257.93051  73.6%   174  490s

H11100  6772                     975.9400000  257.93051  73.6%   175  490s

 11234  7017  746.64406  353  258  975.94000  257.93051  73.6%   174  498s

 11584  7712  279.57337   56  180  975.94000  257.93051  73.6%   174  507s

 12297  8635  443.24713  203  243  975.94000  257.93454  73.6%   171  517s

 13300  9133  520.11571  361  193  975.94000  257.93454  73.6%   164  526s

 13825  9662  587.86352  488  225  975.94000  257.93572  73.6%   162  537s

 14422  9699  320.02491   37  199  975.94000  257.93572  73.6%   159  546s

H14461  9697                     972.1600000  257.93572  73.5%   160  546s

 14463 10054  476.69005   69  184  972.16000  257.93572  73.5%   160  565s

H14924 10763                     971.9500000  258.05165  73.5%   161  582s

 15719 10891  521.05249  120  272  971.95000  258.05165  73.5%   160  593s

 15871 10899  527.10254  139  232  971.95000  258.35036  73.4%   160  604s

 15879 10906  529.52970  140  209  971.95000  258.35036  73.4%   161  615s

 15898 11072  529.57397  141  207  971.95000  258.35036  73.4%   161  629s

 16068 11090  559.81478  165  202  971.95000  258.35036  73.4%   161  643s

 16086 11255  561.28501  166  217  971.95000  258.35036  73.4%   161  659s

 16251 11607  668.86254  192  237  971.95000  258.35036  73.4%   161  678s

 16622 13034  789.79669  221  199  971.95000  258.35036  73.4%   160  700s

 18177 14010  356.80110  105  212  971.95000  258.54805  73.4%   157  715s

 19274 14985  797.34769  218  136  971.95000  258.73097  73.4%   156  730s

 20448 15588  356.78976   74  149  971.95000  258.73461  73.4%   153  743s

 21122 16502  417.34524  141  216  971.95000  258.73461  73.4%   152  757s

 22151 16847  311.85612   39  206  971.95000  258.75734  73.4%   152  771s

 22549 16855  328.97853   43  170  971.95000  258.77620  73.4%   153  784s

H22555 16853                     968.5400000  258.77620  73.3%   153  784s

 22557 17613  376.89420   44  176  968.54000  258.77620  73.3%   153  802s

 23470 18356  292.94990   27  207  968.54000  258.95014  73.3%   154  820s

H24357 18649                     967.7600000  259.02537  73.2%   156  835s

 24685 18885  312.41556   65  230  967.76000  259.02537  73.2%   158  849s

 24952 19288  364.57113   85  210  967.76000  259.17616  73.2%   160  864s

 25456 19474  383.33071  115  256  967.76000  259.20123  73.2%   163  882s

 25687 20230  392.81449  124  231  967.76000  259.20123  73.2%   164  902s

 26589 21188  413.81552  157  212  967.76000  259.20123  73.2%   164  922s

 27705 21770  526.91269  193  190  967.76000  259.43258  73.2%   164  938s

 28347 21832  443.57272  217  242  967.76000  259.43258  73.2%   164  953s

 28409 22963  446.19789  223  224  967.76000  259.43258  73.2%   164  969s

 28957 22963  389.00541  143  235  967.76000  259.43258  73.2%   163  970s

 29619 24427  492.51325  268  223  967.76000  259.43258  73.2%   162  999s

 31178 25303  563.27662  290  167  967.76000  259.48124  73.2%   160 1012s

 32267 25540  286.46012   47  169  967.76000  259.73528  73.2%   159 1025s

 32537 26724  306.15362   73  207  967.76000  259.73528  73.2%   160 1040s

 33811 27372  262.57479   27  188  967.76000  259.93976  73.1%   158 1053s

 34526 27791  319.28453   73  202  967.76000  259.93976  73.1%   158 1063s

 34958 28739  448.67610  154  280  967.76000  260.02090  73.1%   158 1078s

 36002 29082  669.22661  305  269  967.76000  260.02090  73.1%   157 1090s

 36425 29874  325.30992   61  278  967.76000  260.13318  73.1%   158 1102s

 37374 30612  262.14632   43  246  967.76000  260.29079  73.1%   158 1115s

 38150 30620  400.98904  151  266  967.76000  260.29887  73.1%   158 1125s

 38158 30646  401.16261  152  263  967.76000  260.29887  73.1%   158 1136s

 38184 30682  401.90344  153  291  967.76000  260.29887  73.1%   158 1148s

 38220 30846  402.69417  154  251  967.76000  260.29887  73.1%   158 1159s

 38410 30969  403.05827  155  270  967.76000  260.29887  73.1%   157 1171s

 38547 31145  404.56820  156  290  967.76000  260.29887  73.1%   157 1183s

 38741 31628  404.63524  157  276  967.76000  260.29887  73.1%   158 1198s

 39298 31853  482.52757  223  248  967.76000  260.37067  73.1%   158 1213s

 39543 31961  497.80510  255  219  967.76000  260.37067  73.1%   158 1226s

 39653 32037  498.18646  256  219  967.76000  260.37067  73.1%   158 1239s

 39745 32044  498.23758  257  220  967.76000  260.37067  73.1%   158 1252s

 39754 32183  498.70821  258  191  967.76000  260.37067  73.1%   158 1264s

 39917 32686  499.08097  259  206  967.76000  260.37067  73.1%   158 1278s

 40485 33339  593.33102  264  189  967.76000  260.37067  73.1%   158 1296s

 41201 34283  661.11445  303  187  967.76000  260.37067  73.1%   157 1312s

 42269 35289  266.47837   45  165  967.76000  260.83883  73.0%   156 1326s

 43415 35514  396.90537  150  165  967.76000  261.03000  73.0%   156 1341s

 43693 36211  446.32988  180  211  967.76000  261.03094  73.0%   157 1359s

 44425 36265  317.39188   79  207  967.76000  261.03094  73.0%   157 1387s

 44479 43246  374.81675   91  182  967.76000  261.03094  73.0%   157 1544s

 45259 43246  269.70466   42  204  967.76000  261.03094  73.0%   156 1545s

 52479 43440  587.18322  261  164  967.76000  261.76588  73.0%   155 1560s

 52729 44324  276.25189   50  229  967.76000  261.76588  73.0%   155 1575s

 53657 45291  363.89813  139  188  967.76000  261.82009  72.9%   155 1592s

 54717 45479  335.22592   46  291  967.76000  262.02403  72.9%   154 1608s

 54927 46075  389.96342   70  234  967.76000  262.02403  72.9%   154 1626s

 55641 46081  693.97085  140  176  967.76000  262.15720  72.9%   154 1640s

 55649 46092  707.93734  141  222  967.76000  262.15720  72.9%   154 1651s

 55665 46303  715.86923  142  211  967.76000  262.15720  72.9%   154 1665s

H55935 46303                     966.9200000  262.18375  72.9%   154 1665s

 55937 46706  448.28388  104  214  966.92000  262.18375  72.9%   154 1681s

 56371 47628  546.01764  163  215  966.92000  262.25187  72.9%   155 1699s

 57391 48539  294.67179   59  195  966.92000  262.25187  72.9%   155 1718s

 58339 49601  539.16928  206  271  966.92000  262.25187  72.9%   154 1734s

 59457 51153  730.37542  328  228  966.92000  262.25187  72.9%   154 1763s

 61159 51253 infeasible  167       966.92000  262.53651  72.8%   154 1775s

 61269 51772  322.13373   28  341  966.92000  262.53651  72.8%   154 1787s

 61861 52079  339.43105   29  268  966.92000  262.53651  72.8%   154 1801s

 62301 52526  339.43976   30  271  966.92000  262.53651  72.8%   155 1815s

 62782 53533  426.76563   57  195  966.92000  262.64026  72.8%   155 1834s

 63909 54336  692.41232   75  199  966.92000  262.77584  72.8%   155 1851s

 64828 55208  679.42550   93  200  966.92000  262.84153  72.8%   155 1867s

 65881 55792  374.36938   58  163  966.92000  262.92696  72.8%   155 1882s

 66570 55953  762.35786  153  212  966.92000  263.01239  72.8%   155 1895s

 66750 56579  763.41947  154  239  966.92000  263.01239  72.8%   155 1910s

 67478 57364  768.62247  155  230  966.92000  263.01239  72.8%   156 1925s

 68399 57925  725.67771   57  191  966.92000  263.01239  72.8%   156 1938s

 69094 58353  282.31373   55  207  966.92000  263.01239  72.8%   157 1952s

 69571 58916  461.18835  140  203  966.92000  263.01239  72.8%   157 1967s

 70169 60143  644.64093  254  192  966.92000  263.01239  72.8%   157 1984s

 70639 60143  568.33693  207  261  966.92000  263.01239  72.8%   156 1985s

 71488 61091  277.65619   34  226  966.92000  263.39382  72.8%   156 2002s

 72517 61096  465.57143  113  135  966.92000  263.39382  72.8%   156 2014s

 72528 61112  494.27093  112  105  966.92000  263.39551  72.8%   156 2027s

 72548 61285  484.93207  115  136  966.92000  263.39551  72.8%   156 2041s

 72744 61413  328.31806   67  246  966.92000  263.39551  72.8%   156 2058s

 72926 61861  447.24707   88  188  966.92000  263.39551  72.8%   156 2073s

 73442 62457  906.19920  162  148  966.92000  263.57057  72.7%   156 2089s

 74117 63942  367.11038  114  273  966.92000  263.67501  72.7%   156 2120s

 75681 64864  627.52127  300  228  966.92000  263.73594  72.7%   156 2132s

 76710 65197  873.23085  405  226  966.92000  263.77957  72.7%   155 2144s

 77050 65867  874.07542  406  246  966.92000  263.77957  72.7%   155 2155s

 77741 66497  329.89154   55  264  966.92000  263.80300  72.7%   155 2169s

 78440 66819  654.18575  104  112  966.92000  263.80300  72.7%   155 2179s

 78800 66990  405.72167   85  263  966.92000  263.87684  72.7%   156 2193s

 78975 67675  528.65872  115  255  966.92000  263.87684  72.7%   156 2207s

 79773 68691  297.17514   50  298  966.92000  264.01915  72.7%   156 2223s

 80973 68966  584.04649  208  209  966.92000  264.01915  72.7%   156 2236s

 81268 69517  638.28766  230  221  966.92000  264.01915  72.7%   156 2250s

 81969 70025  305.25730   37  221  966.92000  264.06077  72.7%   156 2266s

 82543 70222  555.89415   76  152  966.92000  264.06077  72.7%   156 2282s

 82827 70367 infeasible   95       966.92000  264.06077  72.7%   157 2296s

 83025 70404  631.61323   96  127  966.92000  264.06077  72.7%   157 2311s

H83069 70393                     962.6000000  264.06077  72.6%   157 2311s

 83072 70793 infeasible   97       962.60000  264.06847  72.6%   157 2327s

 83564 71037  453.84367   80  186  962.60000  264.23098  72.6%   158 2344s

 83844 72013  668.67643  138  149  962.60000  264.23098  72.6%   158 2363s

 84960 72094  377.79364  109  216  962.60000  264.31899  72.5%   158 2378s

 85045 72409  376.24543  112  253  962.60000  264.31899  72.5%   158 2392s

 85368 73613  415.04759  113  273  962.60000  264.31899  72.5%   158 2411s

 86789 73968 infeasible   71       962.60000  264.36594  72.5%   158 2429s

 87213 74209  323.97175   49  280  962.60000  264.36594  72.5%   158 2445s

 87557 75236  372.21026   73  271  962.60000  264.36594  72.5%   159 2461s

 88670 76806  832.43445  235  219  962.60000  264.36594  72.5%   158 2489s

 90496 77315  455.10616   78  256  962.60000  264.53114  72.5%   158 2499s

 91062 77562  772.46571  150  131  962.60000  264.53114  72.5%   158 2510s

 91351 77804  314.13749   39  239  962.60000  264.53114  72.5%   158 2521s

 91601 78098  321.04658   42  256  962.60000  264.53114  72.5%   158 2532s

 91933 78575  413.48093   72  233  962.60000  264.65186  72.5%   158 2548s

 92520 78781  306.27422   61  208  962.60000  264.72669  72.5%   158 2565s

H92543 78781                     962.4900000  264.72669  72.5%   159 2565s

 92762 79490  327.70205   73  314  962.49000  264.72669  72.5%   159 2581s

 93635 79861  346.97898  100  234  962.49000  264.72807  72.5%   160 2597s

 94014 80870  363.33277  117  176  962.49000  264.72807  72.5%   160 2617s

 95084 81525  428.24139  158  181  962.49000  264.72807  72.5%   159 2638s

 95828 81533  500.24154  180  149  962.49000  264.88852  72.5%   159 2652s

 95836 81541  495.67163  180  145  962.49000  264.88852  72.5%   159 2668s

 95844 81549  495.99745  181  150  962.49000  264.88852  72.5%   159 2683s

 95852 81584  684.70835  181  196  962.49000  264.88852  72.5%   160 2698s

 95887 81688  623.07425  182  130  962.49000  264.88852  72.5%   160 2714s

 95991 81899  522.02756  183  200  962.49000  264.88852  72.5%   160 2729s

 96208 82629  533.72296  191  194  962.49000  264.88852  72.5%   160 2748s

 96972 83248  727.30177  217  180  962.49000  264.88852  72.5%   159 2768s

 97766 83776  416.56801   57  190  962.49000  264.97904  72.5%   160 2786s

 98389 84930  400.31628   40  196  962.49000  264.97904  72.5%   160 2807s

 99710 86263  404.34933   94  298  962.49000  265.08461  72.5%   160 2828s

 101138 87263  299.69821   38  276  962.49000  265.11585  72.5%   160 2845s

 102231 88286  338.32002   42  270  962.49000  265.18731  72.4%   160 2862s

 103356 89978  283.52798   62  206  962.49000  265.28971  72.4%   159 2893s

 105180 90162  693.01520  292  133  962.49000  265.28971  72.4%   159 2906s

 105416 90873  342.00720   42  169  962.49000  265.36473  72.4%   159 2920s

 106154 91632  501.84997   92  210  962.49000  265.40237  72.4%   159 2932s

 107015 92061  337.15287   41  226  962.49000  265.43572  72.4%   159 2944s

 107512 92612  453.84421   76  230  962.49000  265.43922  72.4%   159 2957s

 108140 93558  310.20887   28  272  962.49000  265.43922  72.4%   159 2971s

 109101 94117  469.79403  126  186  962.49000  265.43922  72.4%   159 2984s

 109732 95095  545.59073  181  218  962.49000  265.43922  72.4%   158 2999s

 110809 95821  293.08462   60  249  962.49000  265.43922  72.4%   158 3011s

 111584 96622  363.40846   98  230  962.49000  265.49308  72.4%   158 3026s

 112473 97026  322.41797   74  193  962.49000  265.49308  72.4%   158 3038s

 112929 97953  349.68739  117  262  962.49000  265.49308  72.4%   158 3054s

 113946 98836  500.75815  181  134  962.49000  265.49308  72.4%   158 3068s

 114926 99362  319.40001   40  182  962.49000  265.49308  72.4%   158 3083s

 115515 99963  563.71434  112  157  962.49000  265.77203  72.4%   158 3097s

 116183 100665  483.69138   72  205  962.49000  265.79947  72.4%   158 3110s

 117084 100892  340.20289   41  195  962.49000  265.91560  72.4%   158 3121s

 117354 101417  384.85070   47  197  962.49000  265.91560  72.4%   159 3136s

 117935 102136  525.36636   74  154  962.49000  265.91941  72.4%   159 3163s

 119016 102336 infeasible   52       962.49000  265.96000  72.4%   160 3178s

 119360 103469  326.73284   68  284  962.49000  266.00283  72.4%   160 3199s

 120587 104250  453.48758   78  186  962.49000  266.00283  72.4%   161 3217s

 121463 105425  661.73206  135  191  962.49000  266.05968  72.4%   161 3234s

 122714 105783  333.55649   53  240  962.49000  266.05968  72.4%   160 3248s

 123115 106748  340.50942   66  275  962.49000  266.05968  72.4%   161 3263s

 124194 107545  372.33451   84  288  962.49000  266.14620  72.3%   161 3279s

 125080 108265  427.40932  111  235  962.49000  266.14620  72.3%   161 3298s

 125843 108895  543.99391  142  168  962.49000  266.14620  72.3%   161 3312s

 126562 109485 infeasible  167       962.49000  266.14620  72.3%   161 3328s

 127280 109669  399.29291   43  187  962.49000  266.14620  72.3%   161 3341s

 127481 110363  488.09970   53  220  962.49000  266.32534  72.3%   161 3360s

 128315 110782  346.39130   41  183  962.49000  266.34726  72.3%   162 3376s

 128776 111860  532.71954   78  171  962.49000  266.39834  72.3%   162 3395s

 129968 112372  787.02460  157  138  962.49000  266.39834  72.3%   162 3410s

 130608 112948  473.47312   77  167  962.49000  266.39834  72.3%   162 3424s

 131291 113594  465.87457   63  263  962.49000  266.39834  72.3%   162 3441s

 132059 114398  415.20135   74  167  962.49000  266.67045  72.3%   162 3460s

 132902 115827  309.24655   36  164  962.49000  266.68519  72.3%   162 3486s

 134480 116038  433.51281   90  198  962.49000  266.69726  72.3%   162 3494s

 134718 116553  458.50257  123  205  962.49000  266.76836  72.3%   162 3505s

 135249 117428  559.07358  203  207  962.49000  266.77704  72.3%   162 3520s

 136208 117696  362.32815   62  269  962.49000  266.77970  72.3%   162 3535s

 136501 118337  409.57467   90  265  962.49000  266.85203  72.3%   162 3551s

 137160 119128  510.61191  181  240  962.49000  266.85203  72.3%   162 3569s

 137992 119975  315.17999   36  153  962.49000  266.88369  72.3%   162 3586s

 138915 120353  533.38804   81  219  962.49000  267.01384  72.3%   162 3599s

 139357 120909  299.61852   60  193  962.49000  267.01384  72.3%   162 3617s

 140028 121562  404.02895  145  233  962.49000  267.06286  72.3%   163 3636s

 140789 122009  465.90283  231  225  962.49000  267.06286  72.3%   163 3650s

 141289 122846  485.88129  283  196  962.49000  267.07355  72.3%   163 3668s

 142165 123875  653.63284  418  210  962.49000  267.07355  72.3%   163 3688s

 143281 124561  336.20981   56  195  962.49000  267.22060  72.2%   163 3704s

 144087 125307  838.69503  172  154  962.49000  267.31084  72.2%   163 3722s

 144924 125771  395.00123   99  222  962.49000  267.31084  72.2%   163 3741s

 145501 126542  473.13657  159  267  962.49000  267.31084  72.2%   164 3758s

 146312 126985  597.26946  224  313  962.49000  267.31084  72.2%   163 3774s

 146654 126985  833.75194  161  168  962.49000  267.31084  72.2%   164 3775s

 146832 127726  659.15988  308  283  962.49000  267.31084  72.2%   164 3795s

 147737 128157     cutoff  508       962.49000  267.53056  72.2%   164 3822s

 148223 129462  446.19206  156  231  962.49000  267.56419  72.2%   164 3856s

 149705 130712  627.91776  163  186  962.49000  267.62731  72.2%   164 3882s

 151136 131373  647.11072  130  207  962.49000  267.67309  72.2%   164 3900s

 151964 131624  277.29767   39  219  962.49000  267.77174  72.2%   165 3918s

 152265 132335  361.30463   76  219  962.49000  267.77174  72.2%   165 3936s

 153080 133112  482.71431  186  234  962.49000  267.77174  72.2%   165 3958s

 153999 133893  710.33116  254  163  962.49000  267.77174  72.2%   166 3979s

 154888 134490  733.89565   51  149  962.49000  267.87231  72.2%   166 3998s

 155677 135345  376.03235   73  197  962.49000  267.97728  72.2%   166 4018s

 156596 136094  499.42432  123  225  962.49000  268.05538  72.1%   166 4038s

 157480 136607  728.63434  194  188  962.49000  268.05538  72.1%   167 4058s

 158218 136981  649.47316   81  242  962.49000  268.10279  72.1%   167 4075s

 158691 137671  364.26786   47  271  962.49000  268.10279  72.1%   167 4090s

 159536 138732  537.24889  120  255  962.49000  268.40820  72.1%   168 4110s

 160736 139125  398.44197   64  185  962.49000  268.40820  72.1%   168 4130s

 161184 140006  443.18493   81  231  962.49000  268.56230  72.1%   168 4150s

 162217 140650  470.66583   77  238  962.49000  268.65932  72.1%   168 4176s

 163060 141634 infeasible  117       962.49000  268.74495  72.1%   168 4199s

 164111 142404  446.44739  123  239  962.49000  268.74495  72.1%   168 4218s

 164933 143409  651.43618  141  170  962.49000  268.74495  72.1%   168 4239s

 165860 143409  458.55671  109  238  962.49000  268.74495  72.1%   168 4240s

 166106 144198  449.56131   59  189  962.49000  268.74495  72.1%   168 4255s

 167027 144803  371.79510   53  272  962.49000  268.95851  72.1%   168 4270s

 167666 146296  601.14869  128  219  962.49000  268.95851  72.1%   168 4290s

 169254 147081  292.08868   40  284  962.49000  269.00345  72.1%   168 4309s

 170150 147545  430.62180  148  242  962.49000  269.00345  72.1%   167 4319s

 170630 148517  578.51942  216  231  962.49000  269.00345  72.1%   167 4337s

 171739 148847 infeasible  501       962.49000  269.00345  72.1%   167 4352s

 172201 149336  358.89559   56  246  962.49000  269.00345  72.1%   168 4366s

 172856 149755  586.38615   95  118  962.49000  269.15782  72.0%   168 4381s

 173346 150401  374.25205   56  259  962.49000  269.15782  72.0%   168 4398s

 174095 151081  276.63480   47  239  962.49000  269.25212  72.0%   168 4415s

 174846 151713  374.29675  107  244  962.49000  269.25212  72.0%   168 4426s

 175515 152663  504.20264  166  240  962.49000  269.35692  72.0%   168 4440s

 176572 153784  642.38204  352  227  962.49000  269.39737  72.0%   168 4455s

 177777 154596  363.69747   44  272  962.49000  269.39737  72.0%   168 4485s

 178633 155848  620.82816  109  206  962.49000  269.39737  72.0%   167 4509s

 180007 156380  502.01805  154  165  962.49000  269.39737  72.0%   167 4525s

 180574 157436  308.73872   35  257  962.49000  269.54000  72.0%   167 4546s

 181731 158166  464.40653  114  233  962.49000  269.54000  72.0%   167 4564s

 182535 158989  715.01263  273  177  962.49000  269.73158  72.0%   167 4582s

 183381 159536  340.21096   74  274  962.49000  269.73158  72.0%   167 4599s

 184011 160368  416.82219  149  233  962.49000  269.73158  72.0%   167 4619s

 184945 160640  560.44235  269  276  962.49000  269.87073  72.0%   167 4631s

 185217 161135  668.19220  311  258  962.49000  269.87073  72.0%   167 4646s

 185724 162089  357.56070   60  316  962.49000  269.87073  72.0%   167 4665s

 186727 162915  312.07068   30  364  962.49000  269.87073  72.0%   167 4683s

 187624 163536  458.89810   76  228  962.49000  269.87073  72.0%   167 4696s

 188379 164141  434.95988   70  183  962.49000  270.21284  71.9%   167 4707s

 189111 164436  549.52091  111  189  962.49000  270.24788  71.9%   167 4721s

 189414 165464  646.48187  146  192  962.49000  270.28851  71.9%   167 4740s

 190478 166520  396.04298   42  271  962.49000  270.28851  71.9%   167 4759s

 191609 166738  816.92379  178  185  962.49000  270.28851  71.9%   166 4772s

 191921 167167  371.60638   48  184  962.49000  270.32680  71.9%   166 4788s

 192416 167585  315.12198   61  226  962.49000  270.32680  71.9%   167 4813s

 192886 168576  339.50002   74  305  962.49000  270.32680  71.9%   167 4851s

 194044 169104  549.11307  101  173  962.49000  270.32680  71.9%   167 4877s

 194584 170734  673.42298  133  145  962.49000  270.32680  71.9%   168 4914s

 196426 171758  487.62607  153  350  962.49000  270.53157  71.9%   167 4936s

 197478 172621 infeasible  332       962.49000  270.55613  71.9%   167 4956s

 198495 173360  394.03364   54  206  962.49000  270.55613  71.9%   167 4979s

 199394 173849  458.53177   55  248  962.49000  270.69719  71.9%   167 4998s

 199911 174683  604.60977  132  276  962.49000  270.69719  71.9%   167 5023s

 200840 175276  464.23935   40  186  962.49000  270.69719  71.9%   168 5043s

 201721 175648  472.28370   92  223  962.49000  270.88601  71.9%   168 5060s

 202197 176890  379.60989   67  229  962.49000  270.88601  71.9%   168 5085s

 203508 177870  730.70696  208  186  962.49000  270.95953  71.8%   168 5106s

 204618 178844  376.55149  134  287  962.49000  270.97891  71.8%   168 5129s

 205652 179634  911.97531  330  106  962.49000  270.97891  71.8%   168 5151s

 206511 180751  475.99582  124  231  962.49000  270.97891  71.8%   168 5174s

 207672 181493  734.06081  345  241  962.49000  271.18040  71.8%   167 5203s

 208486 182408  382.92645   54  259  962.49000  271.24679  71.8%   167 5228s

 209478 183440  440.46148   91  205  962.49000  271.24679  71.8%   167 5248s

 210587 184301  324.48738   34  240  962.49000  271.24679  71.8%   167 5269s

 211518 185022  498.17177  152  218  962.49000  271.24679  71.8%   167 5287s

 212367 185402  336.03073   44  240  962.49000  271.24679  71.8%   167 5305s

 212789 186330  395.19753  107  314  962.49000  271.24679  71.8%   168 5323s

 213763 186817  573.27082  250  230  962.49000  271.24679  71.8%   167 5334s

 214236 186817  672.40456  340  186  962.49000  271.24679  71.8%   168 5335s

 214329 187594  338.33253   33  245  962.49000  271.24679  71.8%   168 5358s

 215199 188428  425.57440   76  221  962.49000  271.24679  71.8%   168 5380s

 216135 189324  441.14653   75  316  962.49000  271.24679  71.8%   168 5402s

 217073 189694  329.65781   52  245  962.49000  271.66432  71.8%   168 5417s

 217463 190753  358.48794   70  186  962.49000  271.66432  71.8%   167 5440s

 218646 191799  787.12053  157  104  962.49000  271.67500  71.8%   167 5460s

 219859 192985  462.56641  208  290  962.49000  271.67500  71.8%   167 5480s

 221146 193791  437.45982   63  194  962.49000  271.67694  71.8%   167 5499s

 221814 193791 infeasible  271       962.49000  271.70687  71.8%   167 5500s

 222012 194635  328.00639   29  195  962.49000  271.70687  71.8%   167 5520s

 222934 195378  527.24896  152  326  962.49000  271.70687  71.8%   167 5543s

 223699 196837  739.50733  240  288  962.49000  271.70687  71.8%   167 5571s

 225299 197423  418.26228   84  193  962.49000  271.70687  71.8%   166 5587s

 225965 198076  351.61090   65  278  962.49000  271.70687  71.8%   166 5606s

 226716 198805  442.56429  131  278  962.49000  271.70687  71.8%   166 5622s

 227529 199274  685.89841  243  218  962.49000  271.88113  71.8%   166 5636s

 228002 199916  899.31243  365  213  962.49000  271.88113  71.8%   167 5654s

 228774 200684  442.70317  100  260  962.49000  271.88113  71.8%   167 5672s

 229601 201170  616.37707  244  202  962.49000  272.11686  71.7%   167 5685s

 230110 202163  783.51067  324  163  962.49000  272.11686  71.7%   167 5704s

 231179 203048  604.77849  114  178  962.49000  272.11686  71.7%   166 5720s

 232136 204032  494.74400   81  256  962.49000  272.18499  71.7%   166 5735s

 233169 204845  825.48170  164  265  962.49000  272.18499  71.7%   166 5758s

 234070 205277  427.12653   51  208  962.49000  272.18499  71.7%   166 5770s

 234547 205642  604.46781   87   99  962.49000  272.27592  71.7%   166 5786s

 234932 206199  374.97648   57  298  962.49000  272.27592  71.7%   166 5802s

 235612 206697  476.40454  100  195  962.49000  272.27592  71.7%   167 5817s

 236248 207120 infeasible  142       962.49000  272.47792  71.7%   167 5837s

 236775 207405  356.78020   64  305  962.49000  272.47792  71.7%   167 5849s

 236878 207405  383.12167  100  335  962.49000  272.47792  71.7%   167 5850s

 237074 208116  430.64831   92  302  962.49000  272.47792  71.7%   167 5873s

 237902 209088  854.71104  195  233  962.49000  272.47792  71.7%   167 5905s

 238958 209669  446.36206   97  271  962.49000  272.52773  71.7%   167 5921s

 239768 210320  412.13906   41  288  962.49000  272.52773  71.7%   167 5940s

 240475 210682 infeasible   49       962.49000  272.63697  71.7%   168 5954s

 240656 210682  756.09045   61  208  962.49000  272.63697  71.7%   168 5955s

 240908 211316  340.48340   41  195  962.49000  272.63697  71.7%   168 5973s

 241630 211980  448.33561  109  248  962.49000  272.63697  71.7%   168 5993s

 242409 212221  675.39954  274  187  962.49000  272.71317  71.7%   168 6008s

 242699 213091  486.58714   54  276  962.49000  272.73125  71.7%   168 6030s

 243684 213387  451.56376  120  198  962.49000  272.73125  71.7%   168 6047s

 244017 214521  476.19221  162  219  962.49000  272.73125  71.7%   168 6069s

 245233 215106  758.87430  381  221  962.49000  272.73125  71.7%   168 6092s

 246011 216005  307.51312   48  264  962.49000  272.73125  71.7%   168 6111s

 247000 217097  466.67896  169  209  962.49000  272.73125  71.7%   168 6134s

 248135 217590  709.72680  318  247  962.49000  272.73125  71.7%   168 6151s

 248715 218313  388.15655   61  313  962.49000  272.73125  71.7%   168 6173s

 249563 218930  372.37953   54  286  962.49000  272.73125  71.7%   168 6192s

 250295 219806  619.19213  113  206  962.49000  272.73125  71.7%   169 6211s

 251235 220642  405.51856   46  172  962.49000  272.73125  71.7%   169 6234s

 252157 221169  620.36258  131  311  962.49000  272.73125  71.7%   169 6251s

 252746 222305  691.82509  212  368  962.49000  273.23841  71.6%   169 6279s

 253979 222928  338.45867   67  242  962.49000  273.23841  71.6%   169 6295s

 254662 223185  415.79406  142  314  962.49000  273.23841  71.6%   169 6307s

 254960 223887  493.12476  174  226  962.49000  273.23841  71.6%   169 6324s

 255727 224595  333.60549   42  218  962.49000  273.31166  71.6%   169 6342s

 256538 224801  314.53753   60  195  962.49000  273.36708  71.6%   169 6355s

 256760 225476  844.05784  105  175  962.49000  273.36708  71.6%   169 6378s

 257560 226521  434.48324   53  227  962.49000  273.49617  71.6%   169 6401s

 258651 227531  305.81326   50  218  962.49000  273.49617  71.6%   169 6425s

 259729 227761  431.04688  127  231  962.49000  273.49617  71.6%   169 6438s

 260013 228617  472.10324  160  258  962.49000  273.51994  71.6%   169 6459s

 260888 228617  376.97799   47  178  962.49000  273.52486  71.6%   169 6460s

 260946 229525  615.44417  300  235  962.49000  273.52486  71.6%   169 6482s

 261986 229925 infeasible   35       962.49000  273.68696  71.6%   169 6497s

 262399 230330  456.08493   88  197  962.49000  273.72988  71.6%   169 6518s

 262875 231106  283.52924   51  231  962.49000  273.72988  71.6%   169 6539s

 263711 231906  384.50861  106  232  962.49000  273.76666  71.6%   169 6559s

 264366 231906  550.99095  189  207  962.49000  273.78706  71.6%   169 6560s

 264603 232314  472.06557  212  186  962.49000  273.78706  71.6%   169 6574s

 265064 233204  645.61546  324  159  962.49000  273.78706  71.6%   169 6599s

 266007 234123  391.63345   59  241  962.49000  273.81114  71.6%   169 6622s

 267064 234915  483.16975  121  236  962.49000  273.83422  71.5%   168 6642s

 267875 235539  612.61781  251  230  962.49000  273.83422  71.5%   168 6671s

 268561 236700  306.00245   51  303  962.49000  273.94957  71.5%   168 6705s

 269783 237608  440.73761  140  215  962.49000  273.94957  71.5%   168 6729s

 270801 238271  505.13078  266  273  962.49000  274.00884  71.5%   168 6750s

 271592 238401  821.10567  427  253  962.49000  274.13373  71.5%   168 6768s

 271722 238551  823.69196  428  214  962.49000  274.13373  71.5%   168 6781s

 271878 239091  824.25242  429  215  962.49000  274.18595  71.5%   168 6800s

 272448 239826  824.87507  430  217  962.49000  274.18595  71.5%   168 6821s

 273257 240204  366.50630   49  199  962.49000  274.18595  71.5%   168 6839s

 273747 240829 infeasible   89       962.49000  274.18595  71.5%   168 6859s

 274523 241294  501.93336  100  238  962.49000  274.19414  71.5%   169 6879s

 274925 241294  855.40242   91  194  962.49000  274.19414  71.5%   169 6880s

 275059 242146  749.08802  107  170  962.49000  274.19414  71.5%   169 6906s

 276058 242839  349.71963   53  178  962.49000  274.19414  71.5%   169 6929s

 276860 243362  385.34440   53  245  962.49000  274.19414  71.5%   169 6949s

 277457 243966  867.18857  125  191  962.49000  274.19414  71.5%   169 6970s

 278317 244652  670.43016   65  183  962.49000  274.48733  71.5%   169 6992s

 279254 245260  395.00189  101  227  962.49000  274.63463  71.5%   169 7009s

 279344 245260  380.31726   71  251  962.49000  274.63463  71.5%   169 7010s

 279899 246548  486.07212  191  236  962.49000  274.63463  71.5%   169 7042s

 281320 247421  933.61280  443  179  962.49000  274.64430  71.5%   169 7071s

 282257 248270  500.65221  120  213  962.49000  274.65881  71.5%   169 7102s

 283244 249122  381.13644   57  242  962.49000  274.68828  71.5%   169 7135s

 284230 249926  296.22029   47  202  962.49000  274.68828  71.5%   169 7157s

 285085 250162  379.78121  100  277  962.49000  274.68828  71.5%   169 7170s

 285321 251182  397.12532  122  287  962.49000  274.68828  71.5%   169 7197s

 286371 252161  468.91003  236  319  962.49000  274.68828  71.5%   169 7225s

 287402 253072  645.88230  341  232  962.49000  274.68828  71.5%   169 7247s

 288341 254008  355.34382   36  308  962.49000  274.68828  71.5%   169 7271s

 289334 254900  861.51215  125  206  962.49000  274.68828  71.5%   169 7288s

 290266 255416  463.72521  108  243  962.49000  274.68828  71.5%   169 7302s

 290872 256113  578.68902  166  373  962.49000  274.68828  71.5%   169 7323s

 291589 256710  712.45147  310  291  962.49000  274.68828  71.5%   169 7338s

 292222 257658  302.43936   45  188  962.49000  274.68828  71.5%   169 7362s

 293194 258492  408.68772  140  348  962.49000  274.68828  71.5%   169 7384s

 294096 259082  545.01038  281  280  962.49000  274.68828  71.5%   169 7404s

 294681 259082  673.32522  326  300  962.49000  274.68828  71.5%   169 7405s

 294713 260007  690.81853  428  225  962.49000  274.68828  71.5%   169 7431s

 295716 260789  366.15217   81  252  962.49000  274.68828  71.5%   169 7452s

 296558 261214  438.36941  164  251  962.49000  274.68828  71.5%   169 7468s

 297001 261735  480.23393  248  271  962.49000  274.68828  71.5%   169 7487s

 297522 262620  581.58575  364  233  962.49000  274.68828  71.5%   169 7509s

 297987 262620  469.24792  171  241  962.49000  274.78781  71.5%   169 7510s

 298507 263024 infeasible  520       962.49000  274.80083  71.4%   169 7531s

 298954 264294  398.39199  105  225  962.49000  274.80083  71.4%   169 7562s

 300386 265120  645.70338   63  212  962.49000  274.80083  71.4%   169 7588s

 301391 265682  460.53063  132  255  962.49000  274.80083  71.4%   169 7608s

 301983 266692  498.47642  199  299  962.49000  274.80083  71.4%   169 7637s

 303174 267660  405.69662   48  143  962.49000  274.80083  71.4%   169 7661s

 304203 268672  594.78829  100  287  962.49000  275.07808  71.4%   169 7685s

 305251 269475  476.92037   71  198  962.49000  275.07808  71.4%   169 7708s

 306163 270148  625.99279  163  321  962.49000  275.08308  71.4%   169 7729s

 306884 270385  773.96257  290  165  962.49000  275.11205  71.4%   169 7748s

 307121 270998  778.71155  291  186  962.49000  275.11205  71.4%   169 7765s

 307770 271568  778.71155  292  186  962.49000  275.11205  71.4%   169 7785s

 308399 272395  879.30913  338  147  962.49000  275.11205  71.4%   169 7810s

 309305 273136  546.09691  147  217  962.49000  275.11205  71.4%   169 7831s

 310132 273942  682.71620  237  116  962.49000  275.11205  71.4%   169 7852s

 310977 274530  501.87382   60  217  962.49000  275.20468  71.4%   169 7875s

 311705 275297 infeasible   53       962.49000  275.32959  71.4%   169 7897s

 312548 276226  556.72236   83  232  962.49000  275.34178  71.4%   169 7925s

 313620 276987  321.89961   48  224  962.49000  275.41967  71.4%   169 7951s

 314465 277885  458.96725  140  275  962.49000  275.41967  71.4%   169 7978s

 315456 278148 infeasible   48       962.49000  275.42391  71.4%   169 7992s

 315761 279235  538.33096   48  279  962.49000  275.47748  71.4%   169 8014s

 316917 280074  441.11609   37  193  962.49000  275.47748  71.4%   169 8039s

 318045 280762  824.27894   79  137  962.49000  275.47748  71.4%   169 8059s

 318823 281524  575.69093   64  248  962.49000  275.50416  71.4%   169 8079s

 319440 281524  510.98154  150  306  962.49000  275.50416  71.4%   169 8080s

 319704 281758 infeasible   77       962.49000  275.50416  71.4%   169 8098s

 319995 281766  372.01188   61  235  962.49000  275.50416  71.4%   169 8111s

 320003 281772  372.98495   62  221  962.49000  275.50416  71.4%   169 8127s

 320013 281771 infeasible   63       962.49000  275.70535  71.4%   169 8147s

 320030 281805  331.77863   50  315  962.49000  275.70535  71.4%   169 8167s

 320077 281941  418.68497   67  186  962.49000  275.70535  71.4%   169 8183s

 320223 282265  488.50603  130  234  962.49000  275.70535  71.4%   169 8201s

 320603 283233  735.35337  281  160  962.49000  275.72988  71.4%   169 8222s

 321621 284446  460.49991   88  185  962.49000  275.72988  71.4%   169 8247s

 323007 284947  846.01812  140  271  962.49000  275.72988  71.4%   169 8267s

 323697 285369  497.94044   70  201  962.49000  275.72988  71.4%   169 8284s

 324202 286221  346.04780   44  177  962.49000  275.91298  71.3%   169 8303s

 325105 287150  445.13686  107  244  962.49000  275.95139  71.3%   169 8327s

 326111 288228  582.83550  260  233  962.49000  275.95139  71.3%   169 8353s

 327233 289139  302.01702   69  210  962.49000  275.95139  71.3%   169 8382s

 328202 290010  476.41169  144  251  962.49000  275.95139  71.3%   169 8410s

 329099 290788  536.78506  244  303  962.49000  275.95139  71.3%   169 8434s

 330007 291166  382.58559   38  309  962.49000  276.01814  71.3%   169 8454s

 330332 291166  387.29537   88  236  962.49000  276.01814  71.3%   169 8455s

 330409 291696  413.56469   54  281  962.49000  276.01814  71.3%   169 8473s

 331040 292587  307.74869   56  307  962.49000  276.07533  71.3%   169 8499s

 331962 293452  431.13137  148  268  962.49000  276.07533  71.3%   169 8524s

 332920 293708  496.73760  268  317  962.49000  276.07533  71.3%   169 8540s

 333269 294794  539.98179  330  277  962.49000  276.07533  71.3%   169 8566s

 334443 295655  370.23287   42  290  962.49000  276.07533  71.3%   169 8589s

 335382 296890  492.61209  160  302  962.49000  276.07533  71.3%   169 8619s

 336729 297123  852.07478  329  253  962.49000  276.14904  71.3%   169 8632s

 337000 297922  343.38861   56  255  962.49000  276.14904  71.3%   169 8655s

 337915 298454  411.02315   65  169  962.49000  276.26789  71.3%   169 8674s

 338502 299184  450.40387   82  301  962.49000  276.26789  71.3%   169 8699s

 339256 300128  706.09181  138  265  962.49000  276.27123  71.3%   169 8723s

 340294 300583  640.85321   57  168  962.49000  276.32698  71.3%   169 8742s

 340897 301063  382.48023   39  224  962.49000  276.35897  71.3%   169 8762s

 341444 301866  687.52938  117  119  962.49000  276.35897  71.3%   169 8784s

 342347 302381  414.54459  101  269  962.49000  276.35897  71.3%   169 8805s

 342923 303464  535.63865  164  317  962.49000  276.35897  71.3%   169 8838s

 344069 303615 infeasible  306       962.49000  276.48690  71.3%   169 8854s

 344242 304609  368.58958   51  240  962.49000  276.49898  71.3%   169 8877s

 345264 305846  458.91316  166  312  962.49000  276.49898  71.3%   169 8902s

 346572 306443  752.84747  296  259  962.49000  276.49898  71.3%   169 8919s

 347225 306720  344.79903   35  197  962.49000  276.49898  71.3%   169 8929s

 347513 307492  417.10850   54  239  962.49000  276.62500  71.3%   169 8948s

 348379 307883  559.34620   57  195  962.49000  276.62500  71.3%   169 8965s

 349014 307973  592.66467   64  165  962.49000  276.62500  71.3%   169 8984s

 349106 308090 infeasible   65       962.49000  276.62500  71.3%   169 8996s

 349263 308384  594.43430   66  155  962.49000  276.62500  71.3%   169 9010s

 349569 308856 infeasible   64       962.49000  276.62500  71.3%   169 9025s

 350055 309154 infeasible   68       962.49000  276.62500  71.3%   169 9045s

 350442 309776  598.30061   69  170  962.49000  276.65720  71.3%   169 9063s

 351169 310289  602.36402   70  163  962.49000  276.65720  71.3%   169 9080s

 351714 311069  603.03942   71  162  962.49000  276.68375  71.3%   169 9101s

 352584 311687  398.62284   44  209  962.49000  276.68375  71.3%   169 9120s

 353268 312488  749.88861  136  162  962.49000  276.68375  71.3%   169 9139s

 354113 313151  537.99079  113  317  962.49000  276.68375  71.3%   169 9164s

 354785 314116  594.34198  196  266  962.49000  276.68375  71.3%   169 9191s

 355879 314912  894.88799  332  221  962.49000  276.68375  71.3%   169 9216s

 356744 315489  420.16275   80  257  962.49000  276.68375  71.3%   169 9238s

 357392 316237  444.49890  127  371  962.49000  276.68375  71.3%   169 9265s

 358257 317196  708.92181  248  282  962.49000  276.68375  71.3%   169 9291s

 359324 317570  407.08052   48  254  962.49000  276.68375  71.3%   169 9309s

 359761 318092  763.91435  104  165  962.49000  276.68375  71.3%   170 9330s

 360393 318629  347.24351   50  233  962.49000  276.74020  71.2%   170 9352s

 360995 319238  486.57389   94  258  962.49000  276.78208  71.2%   170 9374s

 361203 319238  637.18153   83  149  962.49000  276.78208  71.2%   170 9375s

 361704 320253  642.82788  193  269  962.49000  276.78208  71.2%   170 9402s

 362799 321257  398.50550   41  187  962.49000  276.84745  71.2%   170 9431s

 363896 321520 infeasible   42       962.49000  276.91791  71.2%   170 9449s

 364215 322450  381.56283   63  270  962.49000  276.91791  71.2%   170 9475s

 365248 323489  475.25798  190  358  962.49000  276.96476  71.2%   170 9504s

 366311 324224  601.32593  332  302  962.49000  276.98143  71.2%   170 9527s

 367050 325334  884.85246  414  203  962.49000  276.98143  71.2%   170 9556s

 368252 326275  486.83024  129  336  962.49000  276.98143  71.2%   170 9580s

 369264 327318  839.78899  326  196  962.49000  276.98143  71.2%   170 9606s

 370386 328280  419.05607   88  219  962.49000  277.07020  71.2%   169 9636s

 371443 328665 infeasible   43       962.49000  277.07020  71.2%   169 9656s

 371914 329851  452.51476   61  180  962.49000  277.13447  71.2%   169 9690s

 373162 330437  907.34816  273  144  962.49000  277.13447  71.2%   169 9709s

 373825 331009  445.21036   72  256  962.49000  277.13447  71.2%   169 9730s

 374459 331236 infeasible  114       962.49000  277.14964  71.2%   169 9742s

 374734 331917  309.55875   32  394  962.49000  277.20461  71.2%   169 9763s

 375443 332624  321.64921   46  323  962.49000  277.20461  71.2%   170 9786s

 376326 333227 infeasible   77       962.49000  277.20461  71.2%   170 9807s

 376989 333896  517.11783   83  311  962.49000  277.21224  71.2%   170 9836s

 377705 334654  518.44011   84  312  962.49000  277.21224  71.2%   169 9860s

 378546 335139  519.69300   85  295  962.49000  277.21224  71.2%   169 9881s

 379275 335302  521.08920   86  304  962.49000  277.25386  71.2%   170 9898s

 379537 336012  785.72294  112  210  962.49000  277.25386  71.2%   170 9923s

 380383 336381  505.99246  134  155  962.49000  277.35232  71.2%   170 9939s

 380831 337215  331.28276   55  333  962.49000  277.39207  71.2%   170 9965s

 381766 338167  356.60603   98  286  962.49000  277.39207  71.2%   170 9990s

 382779 338852  471.83710  222  356  962.49000  277.39207  71.2%   170 10015s

 383545 339145  722.85642  350  262  962.49000  277.47720  71.2%   170 10038s

 383858 339744  742.56805  356  293  962.49000  277.50375  71.2%   170 10061s

 384537 340501  344.85204   31  353  962.49000  277.50375  71.2%   170 10087s

 385508 341413  602.05623  119  322  962.49000  277.50375  71.2%   170 10113s

 386580 341640  397.59759   46  298  962.49000  277.53554  71.2%   170 10132s

 386837 344118  502.46418   79  265  962.49000  277.56845  71.2%   170 10202s

 389632 344569  721.25053  204  162  962.49000  277.57772  71.2%   170 10224s

 390203 345064  376.50480   50  205  962.49000  277.58250  71.2%   170 10250s

 390769 345895  438.94638   55  286  962.49000  277.59206  71.2%   170 10275s

 391629 346611  737.52514  189  261  962.49000  277.59206  71.2%   170 10302s

 392488 347661  367.28096   54  223  962.49000  277.59351  71.2%   170 10330s

 393562 348856  492.74518  197  232  962.49000  277.59351  71.2%   170 10361s

 394892 349274  386.32479   40  204  962.49000  277.59351  71.2%   170 10377s

 395337 350250  587.18797   83  299  962.49000  277.63108  71.2%   170 10405s

 396391 351201  427.65783  142  247  962.49000  277.63108  71.2%   170 10428s

 397400 352050  558.23726  296  246  962.49000  277.63108  71.2%   170 10456s

 398341 352797  375.94818   46  349  962.49000  277.63404  71.2%   170 10486s

 399191 352994 infeasible  127       962.49000  277.69197  71.1%   171 10511s

 399392 353704  370.86326   40  307  962.49000  277.69197  71.1%   171 10538s

 400135 354063  406.92472   58  270  962.49000  277.69197  71.1%   171 10557s

 400519 355196  466.44928   78  284  962.49000  277.70507  71.1%   171 10587s

 401796 355884  547.68688  162  296  962.49000  277.70507  71.1%   171 10617s

 402525 357071  632.79780  257  260  962.49000  277.71847  71.1%   171 10649s

 403138 357071  675.79728  163  242  962.49000  277.71847  71.1%   171 10650s

 403810 357757  378.42871   71  231  962.49000  277.72344  71.1%   171 10671s

 404583 358567  462.73713  129  329  962.49000  277.72344  71.1%   171 10693s

 405409 359109  525.01257  241  315  962.49000  277.72344  71.1%   171 10714s

 406008 360082  639.86985  332  299  962.49000  277.72738  71.1%   171 10741s

 407048 360832  301.90373   47  290  962.49000  277.72738  71.1%   171 10765s

 407846 361673  416.73907  153  308  962.49000  277.72738  71.1%   171 10790s

 408687 362421  475.48863  304  282  962.49000  277.72738  71.1%   171 10815s

 409545 362853  670.28606  481  236  962.49000  277.72738  71.1%   171 10834s

 410006 363339  294.72529   54  214  962.49000  277.72738  71.1%   171 10853s

 410587 363834  414.03234  122  229  962.49000  277.72738  71.1%   171 10872s

 411150 364389  489.93741  208  274  962.49000  277.72738  71.1%   171 10895s

 411855 364861  571.85336  331  197  962.49000  277.72738  71.1%   171 10917s

 412465 365606  332.70912   29  344  962.49000  277.72738  71.1%   171 10943s

 413251 366275  415.81396   39  211  962.49000  277.81706  71.1%   171 10965s

 413987 366555  429.28033   67  177  962.49000  277.81706  71.1%   171 10989s

 414277 366945  495.44580  127  238  962.49000  277.81706  71.1%   171 11007s

 414699 367274  318.71545   52  222  962.49000  277.81706  71.1%   171 11027s

 415049 367638  420.04663  131  230  962.49000  277.81706  71.1%   171 11048s

 415484 368443  468.28037  228  312  962.49000  277.82692  71.1%   171 11073s

 416337 369505  573.88793  422  307  962.49000  277.82692  71.1%   171 11108s

 417482 370014  839.14529  623  211  962.49000  277.82692  71.1%   171 11125s

 418047 370831  430.49266   52  191  962.49000  277.82692  71.1%   171 11148s

 418889 371188  565.79695  134  290  962.49000  277.82692  71.1%   171 11165s

 419302 371936  603.99982  191  275  962.49000  277.82692  71.1%   171 11191s

 420143 372763  352.87464   53  348  962.49000  277.85602  71.1%   171 11215s

 421021 373688  446.04244  125  274  962.49000  277.85602  71.1%   171 11242s

 422031 374014  672.36315  274  200  962.49000  277.85602  71.1%   171 11258s

 422427 374582  396.72691   54  262  962.49000  277.85602  71.1%   171 11280s

 423111 375261  708.87018  100  193  962.49000  277.85602  71.1%   172 11303s

 423903 376020  416.97310  127  307  962.49000  277.85602  71.1%   172 11326s

 424752 376027 infeasible  215       962.49000  277.85602  71.1%   172 11368s

 424761 376034  609.52230  221  202  962.49000  277.85602  71.1%   172 11385s

 424770 376041  609.72627  222  202  962.49000  277.85602  71.1%   172 11399s

 424779 376047  610.32024  223  222  962.49000  277.85602  71.1%   172 11419s

 424789 376053  610.54788  224  217  962.49000  277.85602  71.1%   172 11438s

 424799 376059  611.53017  225  196  962.49000  277.85602  71.1%   172 11457s

 424809 376078  612.24587  226  217  962.49000  277.85602  71.1%   172 11479s

 424868 376420  613.07040  227  198  962.49000  277.85602  71.1%   172 11498s

 425239 376862  702.42576  245  150  962.49000  277.93335  71.1%   172 11520s

 425830 377090  305.84156   58  235  962.49000  277.94169  71.1%   172 11537s

 426060 378230  358.66959   86  248  962.49000  277.94169  71.1%   172 11566s

 427208 379322  460.56423  204  175  962.49000  277.94171  71.1%   172 11596s

 428406 379776  362.81931   69  179  962.49000  277.95173  71.1%   172 11615s

 428934 380360  333.63121   55  366  962.49000  277.95944  71.1%   172 11638s

 429691 380992  596.46559   80  205  962.49000  277.98578  71.1%   172 11661s

 430421 381497  511.55496   84  236  962.49000  277.98578  71.1%   172 11682s

 431009 382370  376.53974   71  244  962.49000  277.98578  71.1%   172 11714s

 431968 382521  482.70494  197  263  962.49000  278.02294  71.1%   172 11738s

 432119 382863  484.41573  198  270  962.49000  278.02294  71.1%   172 11753s

 432479 383125  484.65968  199  284  962.49000  278.02294  71.1%   172 11774s

 432741 383368  484.78944  200  292  962.49000  278.02294  71.1%   172 11799s

 433000 384316  484.88965  201  274  962.49000  278.02294  71.1%   172 11834s

 433997 385471  484.96582  202  272  962.49000  278.02294  71.1%   172 11875s

 435294 386058  368.17388   54  174  962.49000  278.04944  71.1%   172 11905s

 435998 387306  423.56148   69  243  962.49000  278.04944  71.1%   172 11942s

 437351 388029 infeasible  285       962.49000  278.07934  71.1%   172 11972s

 438182 389106  815.33424  146  173  962.49000  278.07934  71.1%   172 12007s

 439378 390356  421.47029  126  217  962.49000  278.10941  71.1%   172 12046s

 440853 390998  288.98117   50  153  962.49000  278.13885  71.1%   172 12072s

 441557 391452  484.03336   66  272  962.49000  278.13885  71.1%   172 12095s

 442100 391872  775.68018  124  173  962.49000  278.13902  71.1%   172 12126s

 442621 392518  421.19295   53  333  962.49000  278.16501  71.1%   172 12156s

 443419 392993  527.72505   57  282  962.49000  278.18007  71.1%   172 12185s

 443928 394293  614.19454   96  241  962.49000  278.18007  71.1%   173 12223s

 445393 395161  432.55211  140  215  962.49000  278.18882  71.1%   172 12255s

 446341 395999  404.04449   36  264  962.49000  278.18882  71.1%   173 12290s

 447347 396513  469.84568   61  188  962.49000  278.23460  71.1%   173 12309s

 447872 397214  685.95863  111  269  962.49000  278.23460  71.1%   173 12337s

 448682 397587  330.14118   56  236  962.49000  278.26265  71.1%   173 12358s

 449120 398463  381.85448   76  201  962.49000  278.26265  71.1%   173 12392s

 450070 399329  351.38750   61  226  962.49000  278.30861  71.1%   173 12424s

 450974 399804  439.16323  134  325  962.49000  278.30861  71.1%   173 12446s

 451545 400545  543.44898  192  212  962.49000  278.32667  71.1%   173 12476s

 452394 401273  742.38599  322  200  962.49000  278.34011  71.1%   173 12505s

 453268 402177  387.70045   92  364  962.49000  278.36472  71.1%   173 12533s

 454186 402705  451.95196  144  311  962.49000  278.36472  71.1%   173 12565s

 454766 403279  564.30075  262  235  962.49000  278.36472  71.1%   173 12591s

 455406 403871  356.79751   55  165  962.49000  278.37480  71.1%   173 12620s

 456113 404322  410.48278   87  279  962.49000  278.43635  71.1%   173 12642s

 456587 405407  446.13620  163  254  962.49000  278.43635  71.1%   173 12674s

 457708 406241  565.75523  284  290  962.49000  278.45615  71.1%   173 12704s

 458662 407318 infeasible   79       962.49000  278.48118  71.1%   173 12738s

 459759 408280  460.85659  113  302  962.49000  278.48118  71.1%   173 12770s

 460772 409329  628.41073  216  279  962.49000  278.48118  71.1%   173 12806s

 461928 409703  750.28104  383  301  962.49000  278.48118  71.1%   173 12822s

 462349 410056  929.95560  459  175  962.49000  278.48118  71.1%   173 12842s

 462787 411038  353.80195   60  275  962.49000  278.48118  71.1%   173 12872s

 463780 411949  436.74400  210  257  962.49000  278.48118  71.1%   173 12901s

 464786 412436  335.63535   59  253  962.49000  278.54335  71.1%   173 12919s

 465291 413365  449.41336   99  298  962.49000  278.54335  71.1%   173 12946s

 466264 414076  556.34996  231  277  962.49000  278.59066  71.1%   173 12973s

 467114 414422 infeasible   49       962.49000  278.59066  71.1%   173 12990s

 467557 414827  447.02801   75  218  962.49000  278.61600  71.1%   173 13012s

 468059 415278  491.32948   94  232  962.49000  278.61607  71.1%   173 13031s

 468529 416074  671.18056  112  160  962.49000  278.61607  71.1%   173 13063s

 469441 416690  486.53257   90  236  962.49000  278.61607  71.1%   174 13089s

 470180 417374  389.71378   59  229  962.49000  278.66949  71.0%   174 13114s

 471028 417699  609.28755  158  163  962.49000  278.66949  71.0%   174 13134s

 471434 417818  508.48738   47  221  962.49000  278.66949  71.0%   174 13161s

 471569 417983  510.44903   48  227  962.49000  278.66949  71.0%   174 13182s

 471746 418319  510.44903   49  228  962.49000  278.66949  71.0%   174 13203s

 472105 418552  510.44903   50  229  962.49000  278.66949  71.0%   174 13222s

 472426 419201  515.37481   51  242  962.49000  278.66949  71.0%   174 13249s

 473153 419895  682.80744   64  216  962.49000  278.70903  71.0%   174 13276s

 473977 420281  404.40971   63  219  962.49000  278.71870  71.0%   174 13298s

 474415 421509  489.98505  111  248  962.49000  278.71870  71.0%   174 13337s

 475781 422295  353.61307   33  214  962.49000  278.71870  71.0%   174 13369s

 476367 422295  546.94532  138  277  962.49000  278.73737  71.0%   174 13370s

 476675 422869  535.96858  119  289  962.49000  278.73737  71.0%   174 13392s

 477363 423190  588.21110  233  254  962.49000  278.79162  71.0%   175 13410s

 477727 424011  637.84439  246  320  962.49000  278.79162  71.0%   175 13441s

 478653 424736  439.23959   44  169  962.49000  278.79825  71.0%   175 13473s

 479566 425549  316.48320   47  291  962.49000  278.79825  71.0%   175 13503s

 480462 426144  425.85278  195  313  962.49000  278.79825  71.0%   175 13528s

 481139 427321  491.96540  281  308  962.49000  278.79825  71.0%   175 13567s

 482433 428135  303.11615   55  343  962.49000  278.79825  71.0%   175 13601s

 483391 428973  702.07200  122  192  962.49000  278.79825  71.0%   175 13631s

 484315 430149  378.98841   70  242  962.49000  278.90434  71.0%   175 13664s

 485556 430624  532.92066  151  217  962.49000  278.90434  71.0%   175 13685s

 486098 431324  920.34575  287  106  962.49000  278.91500  71.0%   175 13717s

 486908 432101  558.17725  191  214  962.49000  278.93067  71.0%   175 13748s

 487740 432513  325.96774   34  226  962.49000  278.93067  71.0%   175 13771s

 488189 433344  472.82655   78  217  962.49000  278.93067  71.0%   175 13803s

 489127 434303  351.39084   45  265  962.49000  278.95005  71.0%   175 13837s

 490147 435324  524.82971  232  226  962.49000  278.95005  71.0%   175 13869s

 490776 435324  513.08853  167  290  962.49000  278.95005  71.0%   175 13870s

 491188 436170  896.75444  402  214  962.49000  278.95005  71.0%   175 13907s

 492143 436852  451.60513   87  232  962.49000  278.95005  71.0%   175 13936s

 492931 437661  566.72161  210  243  962.49000  279.01726  71.0%   175 13965s

 493766 438088  926.02553  343  212  962.49000  279.03334  71.0%   175 13989s

 494296 438875  435.75321   59  173  962.49000  279.06200  71.0%   175 14017s

 495173 439922  422.79252   77  216  962.49000  279.08183  71.0%   175 14050s

 496264 440317  565.00490  227  235  962.49000  279.08183  71.0%   175 14069s

 496711 441113  325.10571   57  277  962.49000  279.08183  71.0%   175 14102s

 497574 441767  588.61693  117  256  962.49000  279.08183  71.0%   175 14130s

 498338 442680  317.62736   72  196  962.49000  279.08914  71.0%   175 14161s

 499284 443281  487.25215  178  256  962.49000  279.08914  71.0%   175 14188s

 499983 444084  582.66673  302  234  962.49000  279.08914  71.0%   175 14218s

 500906 445072  392.16574   83  257  962.49000  279.08914  71.0%   175 14252s

 501980 445530  497.35200  228  221  962.49000  279.08914  71.0%   175 14282s

 502518 446019  625.57677  278  248  962.49000  279.08914  71.0%   175 14307s

 503065 446711  329.47364   53  205  962.49000  279.13996  71.0%   175 14335s

 503878 447505  349.33766   41  232  962.49000  279.23710  71.0%   175 14365s

 504730 448227  287.00989   46  163  962.49000  279.23710  71.0%   175 14392s

 505508 448393  749.87214  131  198  962.49000  279.23710  71.0%   175 14400s



Cutting planes:

  Learned: 20

  Gomory: 51

  Lift-and-project: 32

  Cover: 87

  Implied bound: 327

  Projected implied bound: 16

  Clique: 356

  MIR: 517

  Mixing: 55

  StrongCG: 126

  Flow cover: 1176

  GUB cover: 13

  Inf proof: 3

  Zero half: 1197

  RLT: 95

  Relax-and-lift: 498



Explored 505691 nodes (88598022 simplex iterations) in 14400.38 seconds (12308.62 work units)

Thread count was 16 (of 16 available processors)



Solution count 10: 962.49 962.6 966.92 ... 994.61



Time limit reached

Best objective 9.624900000000e+02, best bound 2.792525645756e+02, gap 70.9864%



AMPL MP initial flat model has 11713 variables (0 integer, 11630 binary);

Objectives: 1 quadratic; 

Constraints:  2866 linear; 9 quadratic;



AMPL MP final model has 11713 variables (0 integer, 11630 binary);

Objectives: 1 quadratic; 

Constraints:  2866 linear; 9 quadratic;





-----RESULTS INFO-----
running_time:  14408.579
TC.best_bound:  279.2525645755703
TC:  962.4900000000001
MIP Gap (%):  70.98644509807164
=== Vehicle Routes ===
Vehicle 1: 0  6
Vehicle 1: 1  62
Vehicle 1: 5  17
Vehicle 1: 6  13
Vehicle 1: 7  1
Vehicle 1: 10  5
Vehicle 1: 13  10
Vehicle 1: 17  7
Vehicle 2: 0  2
Vehicle 2: 2  59
Vehicle 2: 9  56
Vehicle 2: 14  62
Vehicle 2: 56  14
Vehicle 2: 59  9
Vehicle 3: 0  4
Vehicle 3: 3  62
Vehicle 3: 4  12
Vehicle 3: 12  55
Vehicle 3: 16  3
Vehicle 3: 55  16
Vehicle 4: 0  8
Vehicle 4: 8  51
Vehicle 4: 51  57
Vehicle 4: 57  62
Vehicle 5: 0  15
Vehicle 5: 11  58
Vehicle 5: 15  11
Vehicle 5: 58  62
Vehicle 6: 0  60
Vehicle 6: 40  62
Vehicle 6: 44  40
Vehicle 6: 60  44
Vehicle 7: 0  54
Vehicle 7: 54  62

=== Full Vehicle Routes ===
Vehicle 1: 0  6  13  10  5  17  7  1  0 (93<100)
Vehicle 2: 0  2  59  9  56  14  0 (98<100)
Vehicle 3: 0  4  12  55  16  3  0 (97<100)
Vehicle 4: 0  8  51  57  0 (100<100)
Vehicle 5: 0  15  11  58  0 (98<100)
Vehicle 6: 0  60  44  40  0 (91<100)
Vehicle 7: 0  54  0 (92<100)
Arc used by MRT line: y variables:
Customer assigment to PL: u variables:
18 54
19 57
20 58
21 55
22 55
23 54
24 54
25 60
26 59
27 57
28 58
29 60
30 57
31 60
32 55
33 54
34 54
35 57
36 58
37 56
38 55
39 60
41 59
42 56
43 60
45 60
46 59
47 58
48 56
49 54
50 54
52 57
53 57
Node is served by regular vehicle: g variables:
1
2
3
4
5
6
7
8
9
10
11
12
13
14
15
16
17
40
44
51
60
54
55
56
57
58
59
Customer assigment to Home delivery: gm variables:
1
2
3
4
5
6
7
8
9
10
11
12
13
14
15
16
17
40
44
51
Node total demands: ntd variables:
1 19 1
2 17 1
3 9 1
4 7 1
5 5 1
6 18 1
7 23 1
8 2 1
9 2 1
10 2 1
11 4 1
12 2 1
13 10 1
14 2 1
15 2 1
16 19 1
17 16 1
36 0 0
37 0 0
38 0 0
39 0 0
40 13 1
41 0 0
42 0 0
43 0 0
44 23 1
45 0 0
46 0 0
47 0 0
48 0 0
49 0 0
50 0 0
51 19 1
52 0 0
53 0 0
60 55 1
61 0 0
54 92 1
55 60 1
56 23 1
57 79 1
58 92 1
59 54 1
Customer's demand delivered to PL: l variables:
18
19
20
21
22
23
24
25
26
27
28
29
30
31
32
33
34
35
36
37
38
39
41
42
43
45
46
47
48
49
50
52
53
Lockers load <= capacity:
55 <= 72
0 <= 79
92 <= 94
60 <= 99
23 <= 93
79 <= 93
92 <= 99
54 <= 94
