Gurobi 12.0.3:   lim:time = 14400

  mip:bestbound = 1

Set parameter LogToConsole to value 1

  tech:outlev = 1

Set parameter Cuts to value 3

  cut:cuts = 3

Set parameter Presolve to value 2

  pre:solve = 2

Set parameter MIPFocus to value 2

  mip:focus = 2

Set parameter Symmetry to value 2

  mip:symmetry = 2

Set parameter InfUnbdInfo to value 1

Gurobi Optimizer version 12.0.3 build v12.0.3rc0 (win64 - Windows 10.0 (19045.2))



CPU model: 11th Gen Intel(R) Core(TM) i7-11700 @ 2.50GHz, instruction set [SSE2|AVX|AVX2|AVX512]

Thread count: 8 physical cores, 16 logical processors, using up to 16 threads



Non-default parameters:

TimeLimit  14400

MIPFocus  2

Symmetry  2

Cuts  3

InfUnbdInfo  1

Presolve  2



Optimize a model with 3456 rows, 17285 columns and 109552 nonzeros

Model fingerprint: 0x061b757e

Model has 2 quadratic objective terms

Model has 11 quadratic constraints

Variable types: 92 continuous, 17193 integer (0 binary)

Coefficient statistics:

  Matrix range     [1e+00, 1e+05]

  QMatrix range    [1e+00, 1e+00]

  QLMatrix range   [1e+00, 9e+01]

  Objective range  [2e+00, 1e+02]

  QObjective range [2e+00, 2e+00]

  Bounds range     [1e+00, 1e+02]

  RHS range        [1e+00, 1e+05]

  QRHS range       [1e+02, 1e+02]

Presolve removed 139 rows and 948 columns

Presolve time: 3.00s

Presolved: 13377 rows, 26383 columns, 130808 nonzeros

Variable types: 806 continuous, 25577 integer (23320 binary)

Root relaxation presolve removed 32 rows and 1 columns

Root relaxation presolved: 13340 rows, 26388 columns, 249324 nonzeros



Deterministic concurrent LP optimizer: primal and dual simplex

Showing primal log only...





Root simplex log...



Iteration    Objective       Primal Inf.    Dual Inf.      Time

       0    1.4040700e+03   2.928879e+02   9.657601e+09      7s

Concurrent spin time: 0.03s



Solved with dual simplex



Root simplex log...



Iteration    Objective       Primal Inf.    Dual Inf.      Time

    1496    2.4271623e+02   0.000000e+00   0.000000e+00      7s



Root relaxation: objective 2.427162e+02, 1496 iterations, 0.31 seconds (0.51 work units)

Total elapsed time = 8.13s (DegenMoves)



    Nodes    |    Current Node    |     Objective Bounds      |     Work

 Expl Unexpl |  Obj  Depth IntInf | Incumbent    BestBd   Gap | It/Node Time



     0     0  242.71623    0  211          -  242.71623      -     -    8s

     0     0  353.22244    0  183          -  353.22244      -     -   10s

     0     0  353.22244    0  165          -  353.22244      -     -   10s

     0     0  353.22244    0  180          -  353.22244      -     -   10s

     0     0  354.26558    0  197          -  354.26558      -     -   12s

     0     0  355.30400    0  237          -  355.30400      -     -   12s

     0     0  357.19866    0  253          -  357.19866      -     -   14s

     0     0  362.53925    0  273          -  362.53925      -     -   14s

     0     0  362.59323    0  281          -  362.59323      -     -   14s

     0     0  370.13333    0  248          -  370.13333      -     -   16s

     0     0  370.18899    0  277          -  370.18899      -     -   16s

     0     0  372.60356    0  247          -  372.60356      -     -   17s

     0     0  373.23966    0  328          -  373.23966      -     -   18s

     0     0  373.26626    0  302          -  373.26626      -     -   19s

     0     0  373.31017    0  364          -  373.31017      -     -   19s

     0     0  373.54164    0  417          -  373.54164      -     -   20s

     0     0  373.54164    0  417          -  373.54164      -     -   20s

     0     2  373.54813    0  407          -  373.54813      -     -   22s

    85   100  374.57273   13  184          -  374.20964      -   434   25s

   388   366  390.48155   39  255          -  374.20964      -   293   30s

   688   607  393.38652   83  240          -  374.35779      -   250   35s

   781   698  394.73022   91  232          -  374.35779      -   252   40s

  1407  1391  401.14849  148  241          -  374.35779      -   187   45s

  1760  1617  505.54875   27 6684          -  374.35779      -   171   51s

  1763  1619  471.85098   85  281          -  374.35779      -   170   56s

  1765  1620  474.61768   21  282          -  374.69867      -   170   63s

  1766  1621  390.76713   86  343          -  374.69867      -   170   66s

  1767  1622  457.07728  153  325          -  375.26678      -   170   70s

  1769  1623  462.50354   23  326          -  376.19996      -   170   76s

  1771  1624  392.76951  104  392          -  376.23395      -   170   81s

  1773  1626  470.98820   80  325          -  376.33906      -   169   86s

  1775  1627  397.11308  135  439          -  376.58707      -   169   92s

  1777  1628  406.99425  143  374          -  376.81146      -   169   97s

  1779  1630  381.84500   15  403          -  376.93860      -   169  102s

  1780  1630  380.65535   25  402          -  376.93860      -   169  105s

  1782  1632  381.04260   14  471          -  377.05000      -   169  111s

  1784  1633  394.84240   35  456          -  377.08529      -   168  116s

  1786  1634  426.48982   96  442          -  377.10001      -   168  120s

  1789  1636  430.24211  148  648          -  378.50135      -   168  125s

  1791  1638  400.15700  134  294          -  378.80077      -   168  132s

  1793  1639  458.73356  187  749          -  378.85317      -   168  136s

  1796  1641  443.07105  153  846          -  379.92101      -   167  141s

  1800  1644  443.08470  171  783          -  379.96136      -   167  145s

  1804  1646  390.81588   46  791          -  380.06182      -   166  150s

  1807  1648  430.36253   78  633          -  380.43047      -   166  155s

  1811  1651  412.38348  162  786          -  380.49785      -   166  160s

  1814  1653  457.61230  160  865          -  391.53171      -   166  165s

  1817  1655  531.88974   44  394          -  391.53171      -   165  170s

  1822  1658  400.43305  138  466          -  391.53171      -   165  175s

H 1826  1576                    1323.0700000  391.53171  70.4%   164  180s

H 1828  1497                    1309.6400000  392.10679  70.1%   164  182s

H 1828  1421                    1295.2600000  392.10679  69.7%   164  182s

H 1830  1351                    1287.7900000  392.10679  69.6%   164  184s

H 1830  1282                    1285.6500000  392.10679  69.5%   164  184s

  1831  1282  405.13425   13  452 1285.65000  392.10679  69.5%   164  185s

H 1833  1219                    1271.9400000  392.10679  69.2%   164  187s

H 1833  1157                    1267.8000000  392.10679  69.1%   164  187s

H 1833  1098                    1252.2300000  392.10679  68.7%   164  187s

H 1833  1041                    1248.0900000  392.10679  68.6%   164  187s

H 1833   988                    1236.9600000  392.10679  68.3%   164  187s

  1835   989  426.48982   96  485 1236.96000  392.10679  68.3%   164  190s

  1839   992  452.24134  132  491 1236.96000  405.13434  67.2%   163  195s

H 1840   941                    1224.0400000  405.13434  66.9%   163  198s

H 1840   893                    1210.1900000  405.13434  66.5%   163  198s

H 1840   847                    1209.2500000  405.13434  66.5%   163  198s

  1846   853  405.13434   28 6684 1209.25000  405.13434  66.5%   233  203s

  1848   854  405.13434  104  235 1209.25000  405.13434  66.5%   233  209s

  1849   855  508.02926   37  287 1209.25000  405.13434  66.5%   233  210s

  1856   860  405.13434   18  413 1209.25000  405.13434  66.5%   232  215s

H 1866   822                    1201.6000000  405.13434  66.3%   231  223s

  1868   824  405.13434   17  491 1201.60000  405.13434  66.3%   230  226s

H 1868   782                    1198.7600000  405.13434  66.2%   230  230s

H 1868   743                    1197.4700000  405.13434  66.2%   230  230s

H 1868   705                    1195.1000000  405.13434  66.1%   230  230s

H 1868   670                    1190.8000000  405.13434  66.0%   230  230s

H 1868   636                    1189.1000000  405.13434  65.9%   230  230s

H 1868   604                    1186.6700000  405.13434  65.9%   230  230s

H 1870   574                    1184.3000000  405.13434  65.8%   230  235s

  1872   575  405.13434   59  464 1184.30000  405.13434  65.8%   230  240s

  1873   576  470.98820   80  579 1184.30000  405.13434  65.8%   230  252s

  1874   577  405.13434   29  571 1184.30000  405.13434  65.8%   230  256s

  1875   577  405.13434  135  571 1184.30000  405.13434  65.8%   230  260s

  1879   583  405.13434   25  323 1184.30000  405.13434  65.8%   251  266s

  1889   592  405.13434   27  351 1184.30000  405.13434  65.8%   267  270s

  1923   616  405.13434   29  482 1184.30000  405.13434  65.8%   277  275s

  1974   653  405.13434   32  418 1184.30000  405.13434  65.8%   288  281s

H 1978   623                    1167.6700000  405.13434  65.3%   288  281s

  2009   640  405.13434   34  388 1167.67000  405.13434  65.3%   296  287s

H 2027   618                    1166.1700000  405.13434  65.3%   301  289s

  2041   625  455.56307   36  309 1166.17000  405.13434  65.3%   303  291s

  2088   645 infeasible   40      1166.17000  405.13434  65.3%   309  296s

H 2128   641                    1152.8900000  405.13434  64.9%   313  300s

  2178   669  517.52457   48  298 1152.89000  405.13434  64.9%   316  305s

  2214   700  519.04824   51  271 1152.89000  405.13434  64.9%   319  310s

  2278   764  521.42390   60  252 1152.89000  405.13434  64.9%   328  316s

  2342   777  405.13434   37  328 1152.89000  405.13434  64.9%   334  320s

  2360   796  405.13434   41  317 1152.89000  405.13434  64.9%   336  325s

  2403   812  405.13434   42  325 1152.89000  405.13434  64.9%   348  330s

  2441   854  405.13434   49  315 1152.89000  405.13434  64.9%   353  336s

  2472   886  405.13434   47  278 1152.89000  405.13434  64.9%   355  340s

  2587   949  405.13434   58  232 1152.89000  405.13434  64.9%   357  346s

H 2590   923                    1151.6700000  405.13434  64.8%   358  346s

H 2594   898                    1111.1000000  405.13434  63.5%   358  346s

  2621   968  405.13434   59  202 1111.10000  405.13434  63.5%   358  350s

H 2700   951                    1104.6700000  405.13434  63.3%   358  353s

H 2711   926                    1102.7800000  405.13434  63.3%   359  353s

  2737   947  408.48611   64  233 1102.78000  405.13434  63.3%   360  358s

  2777   974  411.04189   69  242 1102.78000  405.13434  63.3%   365  362s

H 2783   952                    1100.0200000  405.13434  63.2%   365  362s

  2820   995  412.27961   74  245 1100.02000  405.13434  63.2%   369  367s

  2876  1028  414.11672   82  265 1100.02000  405.13434  63.2%   372  371s

H 2919   993                    1097.4000000  405.13434  63.1%   371  371s

  2935  1078 infeasible   91      1097.40000  405.13434  63.1%   372  376s

  3039  1101  441.13119  100  233 1097.40000  405.13434  63.1%   372  380s

H 3058  1101                    1096.3200000  405.13434  63.0%   375  380s

H 3076  1135                    1090.3300000  405.13434  62.8%   377  384s

H 3084  1135                    1089.1700000  405.13434  62.8%   378  384s

  3115  1179  442.00502  103  232 1089.17000  405.13434  62.8%   380  388s

  3165  1202  546.96857  104  227 1089.17000  405.13434  62.8%   384  392s

  3190  1270  459.07202  107  230 1089.17000  405.13434  62.8%   386  397s

  3264  1409  467.17811  111  248 1089.17000  405.13434  62.8%   385  402s

  3410  1484  481.21853  119  244 1089.17000  405.13434  62.8%   381  410s

  3487  1578  481.64217  121  258 1089.17000  405.13434  62.8%   385  415s

  3591  1748  498.93222  127  239 1089.17000  405.13434  62.8%   384  421s

  3779  1829  505.08565  132  249 1089.17000  405.13434  62.8%   378  426s

  3864  1919 infeasible  137      1089.17000  405.13434  62.8%   378  433s

  3965  2101  520.41468  142  284 1089.17000  405.13434  62.8%   378  439s

  4190  2121  532.33988  160  283 1089.17000  405.13434  62.8%   369  443s

H 4192  2114                    1043.1600000  405.13434  61.2%   369  443s

H 4201  2114                    1039.8300000  405.13434  61.0%   369  443s

  4211  2132  658.69771  157  190 1039.83000  405.13434  61.0%   369  448s

H 4236  2131                    1032.3800000  405.13434  60.8%   370  448s

  4242  2198  533.25691  161  278 1032.38000  405.13434  60.8%   370  455s

  4369  2279  545.24989  169  273 1032.38000  405.13434  60.8%   369  462s

  4510  2373  554.13765  176  251 1032.38000  405.13434  60.8%   369  468s

  4616  2626 infeasible  182      1032.38000  405.13434  60.8%   369  476s

  4886  2713 infeasible  185      1032.38000  405.13434  60.8%   362  483s

  5001  2881  881.67416  188  186 1032.38000  405.13434  60.8%   362  490s

H 5136  2878                    1026.3900000  405.13434  60.5%   357  490s

  5174  3002  739.12673  191  187 1026.39000  405.13434  60.5%   356  497s

  5345  3189  765.22084  202  174 1026.39000  405.13434  60.5%   354  506s

  5581  3312  830.95328  224  141 1026.39000  405.13434  60.5%   350  514s

  5734  3608  405.13434   34  494 1026.39000  405.13434  60.5%   348  524s

  6086  3747  405.13434   40  422 1026.39000  405.13434  60.5%   339  535s

  6248  3755  405.13434   41  411 1026.39000  405.13434  60.5%   337  542s

  6256  3867  405.13434   42  380 1026.39000  405.13434  60.5%   337  550s

  6368  4093  405.13434   42  449 1026.39000  405.13434  60.5%   335  562s

  6634  4266  419.03205   47  394 1026.39000  405.13434  60.5%   333  572s

  6813  4657  429.08691   51  426 1026.39000  405.13434  60.5%   332  585s

  7249  4685  471.44451   76  256 1026.39000  405.13434  60.5%   326  593s

  7281  4824  527.41150   76  223 1026.39000  405.13434  60.5%   327  604s

  7458  5031  536.11456   78  246 1026.39000  405.13434  60.5%   328  615s

  7742  5569  471.95152   77  251 1026.39000  405.13434  60.5%   324  632s

  8363  5715  405.13434   36  275 1026.39000  405.13434  60.5%   313  644s

  8529  6124  420.14903   58  252 1026.39000  405.13434  60.5%   315  660s

  8960  6667  513.71275  134  225 1026.39000  405.13434  60.5%   311  676s

  9566  6860 infeasible  251      1026.39000  405.13434  60.5%   303  689s

  9815  7045  485.44150   49  250 1026.39000  405.13434  60.5%   304  701s

 10043  7077  583.27635   74  232 1026.39000  405.13434  60.5%   303  711s

H10060  7035                     985.4100000  405.13434  58.9%   303  711s

 10089  7272  587.12853   75  250  985.41000  405.13434  58.9%   304  725s

 10359  7989  405.13434   43  330  985.41000  405.13434  58.9%   303  743s

 11143  8223  463.12671  103  311  985.41000  405.13434  58.9%   292  758s

H11286  8223                     985.1000000  405.13434  58.9%   291  758s

H11288  8217                     982.4500000  405.13434  58.8%   291  758s

H11403  8217                     981.6100000  405.13434  58.7%   291  758s

 11431  8439  477.88397   58  226  981.61000  405.13434  58.7%   291  775s

 11699  9182  740.42183  103  192  981.61000  405.13434  58.7%   291  795s

H11880  9171                     975.7900000  405.13434  58.5%   290  795s

 12503  9331 infeasible   76       975.79000  405.13434  58.5%   284  812s

 12720  9842  405.13434   40  336  975.79000  405.13434  58.5%   285  830s

 13272  9843  877.80097  109  142  975.79000  405.13434  58.5%   281  844s

H13310  9759                     938.5000000  405.13434  56.8%   282  858s

H13314  9719                     932.3000000  405.13434  56.5%   282  858s

 13327 10085  888.11568  111  162  932.30000  405.13434  56.5%   283  875s

 13743 11053  456.62673   66  280  932.30000  405.13434  56.5%   281  899s

 14850 11258  635.89495  126  174  932.30000  405.13434  56.5%   273  924s

 15070 12257  635.90288  127  165  932.30000  405.13434  56.5%   273  982s

 16266 13605  409.90936   44  380  932.30000  405.13434  56.5%   273 1027s

 17840 14433 infeasible   49       932.30000  405.13434  56.5%   269 1057s

 18836 15461  522.54140   70  249  932.30000  405.13434  56.5%   268 1087s

 20061 15645 infeasible   66       932.30000  405.13434  56.5%   263 1112s

 20340 16310  503.30852   62  466  932.30000  405.13434  56.5%   267 1141s

 21194 16660  509.33634   77  247  932.30000  405.13434  56.5%   268 1165s

 21582 17698  631.31400  145  232  932.30000  405.13434  56.5%   268 1194s

 22748 17919  462.64953   43  275  932.30000  405.13434  56.5%   264 1220s

 23009 18389  519.47365   54  242  932.30000  405.13434  56.5%   268 1251s

 23623 18789  405.74997   44  363  932.30000  405.13434  56.5%   268 1273s

H23872 18776                     928.6100000  405.13434  56.4%   268 1273s

 24039 19673  468.24841   77  227  928.61000  405.13434  56.4%   268 1299s

 25113 19965  585.42862   85  227  928.61000  405.13434  56.4%   265 1326s

 25463 20440  427.38743   54  411  928.61000  405.13434  56.4%   267 1358s

H26075 20749                     925.8700000  405.13434  56.2%   268 1384s

 26461 21780  498.85087   55  297  925.87000  405.13434  56.2%   269 1420s

 27643 21987  475.25372   66  290  925.87000  405.13434  56.2%   267 1444s

 27925 22476  491.85264   77  301  925.87000  405.13434  56.2%   268 1471s

 28499 23087  761.81775  159  155  925.87000  405.13434  56.2%   269 1496s

 29169 23629  460.90952   54  216  925.87000  405.13434  56.2%   267 1526s

 29810 24061  448.50855   59  329  925.87000  405.13434  56.2%   267 1561s

H29949 24054                     924.6700000  405.13434  56.2%   267 1561s

 30286 25126  506.24587  117  288  924.67000  405.13434  56.2%   267 1624s

 31580 26786  438.76777   45  278  924.67000  405.13434  56.2%   269 1679s

H32815 26786                     924.5100000  405.13434  56.2%   267 1679s

 33499 28170  510.14736   41  284  924.51000  405.13434  56.2%   266 1714s

 35038 28426  466.21551   52  272  924.51000  405.13434  56.2%   262 1736s

 35345 29127  619.59315   86  186  924.51000  405.13434  56.2%   263 1762s

 36144 29732  594.36052   62  252  924.51000  405.13434  56.2%   262 1787s

 36856 31023  457.92768   63  350  924.51000  405.13434  56.2%   261 1820s

 38302 31285  477.02652   49  299  924.51000  405.13434  56.2%   258 1842s

H38448 31256                     920.3000000  405.13434  56.0%   259 1842s

 38615 32020  405.13434   40  342  920.30000  405.13434  56.0%   259 1873s

 39505 32186  486.10305   39  315  920.30000  405.13434  56.0%   260 1900s

 39768 32450  535.06858   51  283  920.30000  405.13434  56.0%   262 1925s

 40072 33023 infeasible   62       920.30000  405.13434  56.0%   264 1954s

 40757 33305  708.83881   78  221  920.30000  405.13434  56.0%   264 1978s

 41075 33347  712.97393   81  213  920.30000  405.13434  56.0%   265 1996s

 41117 33776  735.92193   81  231  920.30000  405.13434  56.0%   265 2020s

 41617 34690  800.96425  103  215  920.30000  405.13434  56.0%   265 2053s

H41699 34677                     918.4100000  405.13434  55.9%   265 2053s

 42760 34940  526.25958  107  262  918.41000  405.13434  55.9%   264 2079s

 43157 35259  437.50476   47  350  918.41000  405.13434  55.9%   265 2108s

 43552 36151  692.26088   87  279  918.41000  405.13434  55.9%   267 2142s

 44608 36520  405.13434   44  258  918.41000  405.13434  55.9%   266 2183s

 45040 37790  734.23217   57  242  918.41000  405.13434  55.9%   268 2250s

 46419 38265  544.02676   92  242  918.41000  405.13434  55.9%   268 2290s

 47004 38982  430.57385   52  327  918.41000  405.13434  55.9%   268 2344s

 47840 40617  414.49144   49  332  918.41000  405.13434  55.9%   269 2406s

 49763 41220  512.46704   44  235  918.41000  405.13434  55.9%   269 2444s

 50479 42117  416.15505   44  351  918.41000  405.13434  55.9%   270 2492s

 51623 42691  405.13434   38  429  918.41000  405.13434  55.9%   271 2524s

 52267 44259  518.96926   84  284  918.41000  405.13434  55.9%   271 2569s

 54025 45465  775.91421  135  264  918.41000  405.13434  55.9%   269 2608s

 55406 45824 infeasible   57       918.41000  405.13434  55.9%   268 2635s

 55822 45836 infeasible  121       918.41000  405.13434  55.9%   268 2654s

 55842 46123  780.59208  120  177  918.41000  405.13434  55.9%   268 2677s

 56158 47131  443.24305   51  281  918.41000  405.13434  55.9%   268 2716s

 57346 47488  507.25748   59  276  918.41000  405.13434  55.9%   268 2747s

 57872 47927 infeasible   75       918.41000  405.13434  55.9%   270 2777s

 58385 49224  457.75895   53  225  918.41000  405.13434  55.9%   271 2816s

 59920 49520  509.81672   42  279  918.41000  405.13434  55.9%   270 2855s

 60271 50230  563.28329   95  219  918.41000  405.13434  55.9%   270 2927s

 61125 51609  571.60699   96  197  918.41000  405.13434  55.9%   271 3006s

 62610 51976  752.77849  139  220  918.41000  405.13434  55.9%   271 3049s

 63031 53718  906.87432  212  183  918.41000  405.13434  55.9%   271 3128s

 65183 54145  588.86065   77  244  918.41000  405.13434  55.9%   271 3170s

 65686 54814  405.13434   43  335  918.41000  405.13434  55.9%   273 3213s

 66520 56657  472.73706   39  354  918.41000  405.13434  55.9%   273 3264s

 68576 57131  659.10502  157  216  918.41000  405.13434  55.9%   271 3302s

 69167 58658  479.45469   64  275  918.41000  405.13434  55.9%   271 3345s

 70855 58941  469.95181   65  387  918.41000  405.13434  55.9%   270 3373s

 71208 60148  789.04880  146  179  918.41000  405.13434  55.9%   271 3411s

 72586 60722  444.05170   38  342  918.41000  405.13434  55.9%   270 3441s

 73268 62011  542.46945   97  270  918.41000  405.13434  55.9%   270 3478s

 74776 63098  507.29091   69  288  918.41000  405.13434  55.9%   269 3525s

 76088 63360  797.40824  135  186  918.41000  405.13434  55.9%   269 3547s

 76438 64377  483.52770   78  213  918.41000  405.13434  55.9%   269 3580s

 77600 64590  483.80042   70  337  918.41000  405.13434  55.9%   269 3605s

 77845 64741  528.77196   80  282  918.41000  405.13434  55.9%   270 3629s

 78008 65069  617.45537   92  283  918.41000  405.13434  55.9%   271 3657s

 78405 65544  883.82107  135  175  918.41000  405.13434  55.9%   271 3686s

 79012 66487  686.76390  113  168  918.41000  405.13434  55.9%   271 3723s

 80186 66938  479.37846   60  387  918.41000  405.13434  55.9%   271 3753s

 80683 68089  640.01011  122  175  918.41000  405.13434  55.9%   272 3790s

 82031 69029  455.85555   69  212  918.41000  405.13434  55.9%   271 3825s

 83070 69331  476.41461   58  306  918.41000  405.13434  55.9%   271 3852s

 83474 70082  452.01508   43  276  918.41000  405.13434  55.9%   271 3880s

 84274 70414 infeasible  133       918.41000  405.13434  55.9%   271 3909s

 84740 71561  474.12781   46  264  918.41000  405.13434  55.9%   271 3944s

 86097 71992  476.41258   63  290  918.41000  405.13434  55.9%   270 3972s

 86584 72962  518.62440  110  260  918.41000  405.13434  55.9%   270 4006s

 87704 73592  613.71087   47  327  918.41000  405.13434  55.9%   269 4032s

 88421 74472  750.73090  106  248  918.41000  405.13434  55.9%   269 4066s

 89431 75534 infeasible   81       918.41000  405.13434  55.9%   269 4108s

 90722 75895  443.45037   46  217  918.41000  405.13434  55.9%   268 4130s

 91144 76668  645.33099   77  274  918.41000  405.13434  55.9%   268 4163s

 92087 77415  500.47309   49  454  918.41000  405.13434  55.9%   268 4192s

 92934 77634  423.53571   53  308  918.41000  405.13434  55.9%   268 4218s

 93196 78541  724.08495  104  152  918.41000  405.13434  55.9%   269 4250s

 94256 78898 infeasible  104       918.41000  405.13434  55.9%   269 4276s

 94650 79631  488.25392   64  209  918.41000  405.13434  55.9%   269 4306s

 95553 79939 infeasible   77       918.41000  405.13434  55.9%   269 4333s

 95973 81068  559.48580  128  209  918.41000  405.13434  55.9%   269 4366s

 97223 81417  472.12742   70  144  918.41000  405.13434  55.9%   269 4393s

 97645 82420  574.54577  119  114  918.41000  405.13434  55.9%   269 4425s

 98915 82639  456.89963   58  246  918.41000  405.13434  55.9%   269 4448s

 99153 83027  770.16926  109  167  918.41000  405.13434  55.9%   269 4477s

 99687 83348  503.19597   64  266  918.41000  405.13434  55.9%   270 4506s

 100045 84146  579.78461  104  161  918.41000  405.13434  55.9%   271 4537s

 101120 84151  445.86624   54  277  918.41000  405.13434  55.9%   270 4574s

 101131 84159  446.04066   55  270  918.41000  405.13434  55.9%   271 4599s

 101139 84179  448.89624   56  262  918.41000  405.13434  55.9%   271 4623s

 101177 84414  454.98048   57  279  918.41000  405.13434  55.9%   271 4649s

 101434 84876  456.04674   58  250  918.41000  405.13434  55.9%   271 4677s

 101964 85450  601.77912  103  228  918.41000  405.13434  55.9%   271 4705s

 102627 86574  412.15372   41  337  918.41000  405.13434  55.9%   270 4739s

 103758 86574  442.59408   59  329  918.41000  405.13434  55.9%   270 4740s

 103904 87068  622.04171  108  214  918.41000  405.13434  55.9%   270 4777s

 104448 88646  657.16475  128  253  918.41000  405.13434  55.9%   270 4836s

 106293 88965  860.84489  116  180  918.41000  405.13434  55.9%   270 4863s

 106651 90076  490.09622   48  310  918.41000  405.13434  55.9%   271 4900s

 107979 90403  491.84029   75  296  918.41000  405.13434  55.9%   270 4928s

 108381 90827  558.27387   98  297  918.41000  405.13434  55.9%   271 4957s

 108892 91933  727.09167  117  229  918.41000  405.13434  55.9%   271 4989s

 110186 92245  828.92005  139  206  918.41000  405.13434  55.9%   271 5015s

 110547 93270  426.19930   49  291  918.41000  405.13434  55.9%   271 5048s

 111709 93640 infeasible  183       918.41000  405.13434  55.9%   271 5075s

 112147 94588  509.07191   78  246  918.41000  405.13434  55.9%   271 5108s

 113296 95247  841.28440   61  287  918.41000  405.13434  55.9%   271 5136s

 114051 96102  900.63646  198  144  918.41000  405.13434  55.9%   270 5165s

 115022 96416  506.37466   53  158  918.41000  405.13434  55.9%   270 5191s

 115384 96979  601.25704   75  181  918.41000  405.13434  55.9%   271 5219s

 116133 97201  560.50286   63  236  918.41000  405.13434  55.9%   271 5247s

 116465 97638  468.26275   57  223  918.41000  405.13434  55.9%   272 5275s

 117011 98770  474.53661   47  216  918.41000  405.13434  55.9%   272 5308s

 118256 99254  583.69359  120  268  918.41000  405.13434  55.9%   272 5337s

 118820 100122  456.12770   45  258  918.41000  405.13434  55.9%   272 5383s

 119868 100213  476.91142   43  280  918.41000  405.13434  55.9%   271 5413s

 120007 100281  494.36818   44  159  918.41000  405.13434  55.9%   272 5445s

 120088 100515  490.09781   43  193  918.41000  405.13434  55.9%   272 5483s

 120385 101016  506.51259   44  181  918.41000  405.13434  55.9%   272 5529s

 121040 101623  406.00201   42  344  918.41000  405.13434  55.9%   272 5576s

 121722 103184  567.42848   67  243  918.41000  405.13434  55.9%   272 5632s

 123504 103673 infeasible   74       918.41000  405.13434  55.9%   272 5671s

 124107 105032  543.15118   65  168  918.41000  405.13434  55.9%   272 5716s

 125726 105693  554.08885   49  242  918.41000  405.13434  55.9%   272 5751s

 126516 106900  409.37463   43  421  918.41000  405.13434  55.9%   272 5790s

 127936 107886  525.61837   59  283  918.41000  405.13434  55.9%   271 5825s

 129081 108343  872.42793  168  266  918.41000  405.13434  55.9%   271 5855s

 129657 109524  521.87892   94  186  918.41000  405.13434  55.9%   271 5890s

 131105 110062  594.31954  108  325  918.41000  405.13434  55.9%   271 5918s

 131682 110556  903.10570  183  225  918.41000  405.13434  55.9%   271 5950s

 132382 111315  405.13434   48  425  918.41000  405.13434  55.9%   271 5985s

 133403 111660  440.21066   44  228  918.41000  405.13434  55.9%   271 6022s

 133812 113659  609.08495   62  208  918.41000  405.13434  55.9%   272 6095s

 136300 114109  454.02759   52  309  918.41000  405.13434  55.9%   271 6123s

 136867 114575  623.70690   92  255  918.41000  405.13434  55.9%   272 6150s

 137354 115891  700.28039  121  238  918.41000  405.13434  55.9%   272 6188s

 138904 116284  477.14294   55  246  918.41000  405.13434  55.9%   271 6215s

 139397 117062  496.84577   90  364  918.41000  405.13434  55.9%   271 6244s

 140248 117346 infeasible  169       918.41000  405.13434  55.9%   271 6271s

 140677 117688  465.34516   57  272  918.41000  405.13434  55.9%   271 6300s

 141120 118212  734.33910  112  187  918.41000  405.13434  55.9%   272 6331s

 141785 118781  513.17493   38  377  918.41000  405.13434  55.9%   272 6361s

 142423 119493 infeasible   96       918.41000  405.13434  55.9%   272 6394s

 143262 119912  620.34364   81  210  918.41000  405.13434  55.9%   272 6426s

 143843 120441  455.51738   46  358  918.41000  405.13434  55.9%   273 6457s

 144508 120926  677.97219   46  173  918.41000  405.13434  55.9%   274 6487s

 145130 121949 infeasible   71       918.41000  405.13434  55.9%   274 6523s

 146487 122262  598.11522  106  177  918.41000  405.13434  55.9%   273 6553s

 146889 122712  508.15483   46  235  918.41000  405.13434  55.9%   274 6584s

 147506 123005  461.76003   48  300  918.41000  405.13434  55.9%   274 6615s

 147880 123757  511.12893   56  289  918.41000  405.13434  55.9%   275 6654s

 148737 124660  659.49031   96  178  918.41000  405.13434  55.9%   275 6692s

 149858 125056  481.48122   52  279  918.41000  405.13434  55.9%   275 6722s

 150366 125427  426.40569   46  532  918.41000  405.13434  55.9%   275 6755s

 150765 126088  495.58790   89  305  918.41000  405.13434  55.9%   275 6793s

 151571 127208  451.88874   59  267  918.41000  405.13434  55.9%   275 6830s

 152876 127989  484.89843   55  165  918.41000  405.13434  55.9%   275 6865s

 153788 128541  487.08578   76  419  918.41000  405.13434  55.9%   274 6895s

 154425 129748  581.40267  119  371  918.41000  405.13434  55.9%   274 6930s

 155839 130219  559.79978   90  354  918.41000  405.13434  55.9%   274 6962s

 156371 130538  639.00542  117  274  918.41000  405.13434  55.9%   274 6992s

 156760 131158  694.36807  164  201  918.41000  405.13434  55.9%   275 7025s

 157516 132054  487.56167   54  299  918.41000  405.13434  55.9%   274 7062s

 158556 132480  476.79357   50  334  918.41000  405.13434  55.9%   274 7094s

 159028 133612  745.23564  107  194  918.41000  405.13434  55.9%   275 7131s

 160355 134059  694.53433  143  250  918.41000  405.13434  55.9%   274 7164s

 160900 134378 infeasible   42       918.41000  405.13434  55.9%   274 7194s

 161274 135042  594.18808   61  242  918.41000  405.13434  55.9%   275 7229s

 162104 135042  618.05704   81  222  918.41000  405.13434  55.9%   275 7230s

 162219 135347 infeasible   80       918.41000  405.13434  55.9%   275 7259s

 162586 136101  724.26905  103  216  918.41000  405.13434  55.9%   276 7298s

 163528 136425  481.88067   54  364  918.41000  405.13434  55.9%   276 7328s

 163964 136962  445.96276   53  382  918.41000  405.13434  55.9%   276 7365s

 164621 137558  555.41243   47  407  918.41000  405.13434  55.9%   277 7407s

 165353 138481  756.34464   63  272  918.41000  405.13434  55.9%   277 7453s

H165685 138255                     906.7600000  405.13434  55.3%   277 7453s

 166555 138842  425.35099   47  532  906.76000  405.13434  55.3%   277 7491s

 167245 138993  479.17046   83  377  906.76000  405.13434  55.3%   277 7530s

 167412 139290  482.21862   82  303  906.76000  405.13434  55.3%   277 7566s

 167741 139791  480.02756   84  375  906.76000  405.13434  55.3%   277 7608s

 168354 140850  572.03209  145  204  906.76000  405.13434  55.3%   278 7657s

 169647 141444  435.87272   42  324  906.76000  405.13434  55.3%   278 7697s

 170318 142548  617.15248   69  195  906.76000  405.13434  55.3%   278 7743s

 171748 142959  587.87640   59  224  906.76000  405.13434  55.3%   278 7784s

 172283 144021  487.37796   48  374  906.76000  405.13434  55.3%   279 7825s

 173532 144559  529.19674   70  617  906.76000  405.13434  55.3%   278 7863s

 174224 145687  466.72765   54  230  906.76000  405.13434  55.3%   279 7906s

 175474 146177  531.56938   76  331  906.76000  405.13434  55.3%   279 7943s

 176097 147350  604.12813   48  330  906.76000  405.13434  55.3%   279 7985s

 177502 147861 infeasible   79       906.76000  405.13434  55.3%   279 8022s

 178080 149672  519.58265   96  286  906.76000  405.13434  55.3%   279 8084s

 180243 150246  462.95846   51  269  906.76000  405.13434  55.3%   278 8111s

 180913 150621  454.03677   42  326  906.76000  405.13434  55.3%   278 8135s

 181308 151441  623.96150   89  233  906.76000  405.13434  55.3%   278 8163s

 182260 152149  693.52608   97  210  906.76000  405.13434  55.3%   278 8192s

 183178 152436  740.82981  148  237  906.76000  405.13434  55.3%   277 8218s

 183555 153133  425.14627   47  385  906.76000  405.13434  55.3%   278 8247s

 184354 153254  765.48007  158  268  906.76000  405.13434  55.3%   278 8271s

 184545 153680  766.17385  159  246  906.76000  405.13434  55.3%   278 8299s

 185029 154460  766.84094  160  243  906.76000  405.13434  55.3%   278 8331s

 186003 154815  794.58922  161  240  906.76000  405.13434  55.3%   278 8356s

 186404 155720  548.57566   86  260  906.76000  405.13434  55.3%   278 8386s

 187480 156384  613.80960  115  229  906.76000  405.13434  55.3%   278 8416s

 188224 157291  742.67773   75  194  906.76000  405.13434  55.3%   278 8447s

 189260 157735  637.56621  114  242  906.76000  405.13434  55.3%   277 8473s

 189760 158329  822.63265  220  171  906.76000  405.13434  55.3%   277 8503s

 190446 158909  525.73613   52  294  906.76000  405.13434  55.3%   277 8532s

 191160 159224  501.80159   44  219  906.76000  405.13434  55.3%   277 8560s

 191527 159949  774.87951   64  175  906.76000  405.13434  55.3%   278 8592s

 192474 160305  865.93424  178  126  906.76000  405.13434  55.3%   278 8632s

 192881 162751  568.25125   89  296  906.76000  405.13434  55.3%   278 8709s

 195674 163042  517.00153   90  273  906.76000  405.13434  55.3%   277 8735s

 196083 163448  603.10234  126  252  906.76000  405.13434  55.3%   278 8763s

 196542 163563  728.90445  183  204  906.76000  405.13434  55.3%   278 8789s

 196673 163912  813.97522  203  185  906.76000  405.13434  55.3%   278 8818s

 197166 164422  464.91897   66  204  906.76000  405.13434  55.3%   278 8848s

 197704 165401  632.82591  116  242  906.76000  405.13434  55.3%   278 8884s

 198807 166226  873.52108  169  179  906.76000  405.13434  55.3%   278 8922s

 199831 166701  544.16500   66  309  906.76000  405.13434  55.3%   278 8954s

 200316 166701  493.10912   45  272  906.76000  405.13434  55.3%   278 8955s

 200402 167623  598.80598   44  318  906.76000  405.13434  55.3%   278 8988s

 201464 167829  687.03813  121  183  906.76000  405.13434  55.3%   278 9020s

 201723 168281  792.43704  153  152  906.76000  405.13434  55.3%   278 9055s

 202310 168691  728.96621   66  169  906.76000  405.13434  55.3%   278 9089s

 202922 168965  675.12037   52  326  906.76000  405.13434  55.3%   278 9122s

 203237 169634  767.37725   69  254  906.76000  405.13434  55.3%   279 9159s

 204032 170135  464.87607   50  224  906.76000  405.13434  55.3%   279 9193s

 204609 171198  576.05322  136  232  906.76000  405.13434  55.3%   279 9232s

 205813 171923 infeasible  125       906.76000  405.13434  55.3%   279 9267s

 206748 172160  493.33859   46  314  906.76000  405.13434  55.3%   279 9299s

 207077 172552  625.99111   57  342  906.76000  405.13434  55.3%   279 9339s

 207608 173687  480.47751   48  295  906.76000  405.13434  55.3%   280 9400s

 209126 173916  507.75979   65  345  906.76000  405.13434  55.3%   280 9433s

 209382 174192  569.00160   78  290  906.76000  405.13434  55.3%   281 9475s

H209388 173475                     894.6900000  405.13434  54.7%   281 9475s

 209699 174123  658.16657   85  247  894.69000  405.13434  54.7%   281 9518s

 210432 175407  642.83069  106  182  894.69000  405.13434  54.7%   281 9570s

 211970 175773  454.55058   51  282  894.69000  405.13434  54.7%   281 9608s

 212435 176353  460.12151   47  186  894.69000  405.13434  54.7%   281 9644s

H212787 176066                     891.5600000  405.13434  54.6%   281 9644s

 213125 176696  519.98869   71  264  891.56000  405.13434  54.6%   281 9682s

 213878 177994  445.94658   48  370  891.56000  405.13434  54.6%   281 9725s

H215421 178068                     890.6900000  405.13434  54.5%   281 9763s

H215440 177344                     884.5300000  405.13434  54.2%   281 9763s

H215468 177221                     883.6600000  405.13434  54.2%   281 9763s

 215625 177770  504.68039   59  385  883.66000  405.13434  54.2%   281 9799s

 216284 179112  461.75144   47  315  883.66000  405.13434  54.2%   281 9838s

 217804 180055  476.11299   48  254  883.66000  405.13434  54.2%   281 9877s

 218855 180582  787.20885  120  271  883.66000  405.13434  54.2%   281 9913s

 219515 181907  554.11474   62  339  883.66000  405.13434  54.2%   281 9952s

 220970 182487  566.36500   44  161  883.66000  405.13434  54.2%   280 9988s

 221656 183631  469.20114   54  262  883.66000  405.13434  54.2%   280 10033s

 223146 183690  740.78239   81  193  883.66000  405.13434  54.2%   280 10053s

 223222 183747  708.48492   80  267  883.66000  405.13434  54.2%   280 10076s

H223262 183374                     881.0600000  405.13434  54.0%   280 10076s

 223299 183668  553.19133   53  152  881.06000  405.13434  54.0%   280 10100s

 223613 184236  648.89019  116  247  881.06000  405.13434  54.0%   280 10132s

 224312 185112  495.27079   50  374  881.06000  405.13434  54.0%   280 10165s

 225335 185385  517.34736   53  246  881.06000  405.13434  54.0%   280 10195s

 225735 186062  683.69865   63  182  881.06000  405.13434  54.0%   280 10229s

 226483 186518  510.04804   73  367  881.06000  405.13434  54.0%   280 10259s

 226941 186518  520.11057   65  193  881.06000  405.13434  54.0%   280 10260s

 227040 186915  734.35641  130  201  881.06000  405.13434  54.0%   280 10325s

 227478 187036  477.76916   67  237  881.06000  405.13434  54.0%   280 10364s

 227614 187100  478.49319   68  248  881.06000  405.13434  54.0%   280 10404s

 227700 187130  491.42507   69  241  881.06000  405.13434  54.0%   280 10441s

 227738 187177  492.24752   70  234  881.06000  405.13434  54.0%   280 10481s

 227796 187242  493.61364   71  263  881.06000  405.13434  54.0%   280 10518s

 227884 187510  493.74166   72  262  881.06000  405.13434  54.0%   280 10556s

 228256 187935  465.11564   48  275  881.06000  405.13434  54.0%   280 10594s

 228710 188313  699.20264  134  282  881.06000  405.13434  54.0%   280 10635s

 229192 188948  491.32970   83  359  881.06000  405.13434  54.0%   280 10680s

 229955 189767  461.84933   49  381  881.06000  405.13434  54.0%   281 10724s

 230873 191329  760.13391  158  211  881.06000  405.13434  54.0%   281 10770s

 232741 191808     cutoff  111       881.06000  405.13434  54.0%   280 10807s

H232752 191650                     880.0800000  405.13434  54.0%   281 10807s

 233353 192910  555.14935   53  263  880.08000  405.13434  54.0%   281 10851s

 234779 193388  484.24159   43  248  880.08000  405.13434  54.0%   280 10889s

 235351 194559  632.45216   91  292  880.08000  405.13434  54.0%   280 10931s

 236713 194661  489.81942   98  298  880.08000  405.13434  54.0%   280 10977s

 236833 199064  533.89889   99  267  880.08000  405.13434  54.0%   280 11203s

 241849 200282  500.43932   70  323  880.08000  405.13434  54.0%   281 11248s

 243260 201692  632.95571  123  216  880.08000  405.13434  54.0%   280 11292s

 244839 202742  471.76582   54  351  880.08000  405.13434  54.0%   280 11329s

 246101 203489  539.00392   75  260  880.08000  405.13434  54.0%   280 11364s

 247015 204300 infeasible   55       880.08000  405.13434  54.0%   280 11402s

 247984 204438  439.11202   55  309  880.08000  405.13434  54.0%   280 11433s

 248168 205143  498.64301   68  272  880.08000  405.13434  54.0%   280 11466s

 249003 205367  440.86630   54  454  880.08000  405.13434  54.0%   281 11498s

 249328 205971  475.88020   82  322  880.08000  405.13434  54.0%   281 11528s

 250016 206822  683.32765  149  248  880.08000  405.13434  54.0%   281 11567s

 251139 207734  443.93840   50  333  880.08000  405.13434  54.0%   281 11613s

 252222 208084 infeasible  222       880.08000  405.13434  54.0%   281 11643s

 252668 208560  521.53306   72  262  880.08000  405.13434  54.0%   281 11677s

 253288 209521  536.22261   69  298  880.08000  405.13434  54.0%   281 11718s

 254400 209772  523.26370   83  295  880.08000  405.13434  54.0%   281 11749s

 254686 210260  588.43784  106  355  880.08000  405.13434  54.0%   282 11782s

 255291 210946  845.75221  130  214  880.08000  405.13434  54.0%   282 11822s

 256084 211535  673.08867  101  260  880.08000  405.13434  54.0%   282 11860s

 256790 211543  611.98975  117  250  880.08000  405.13434  54.0%   282 11950s

 256798 211551  612.97743  118  249  880.08000  405.13434  54.0%   282 11992s

 256806 211559  613.01545  119  234  880.08000  405.13434  54.0%   282 12032s

 256814 211612  618.11006  120  225  880.08000  405.13434  54.0%   282 12071s

 256867 212249  635.13924  126  195  880.08000  405.13434  54.0%   282 12108s

 257630 212812  448.36736   53  298  880.08000  405.13434  54.0%   282 12148s

 258275 213186  700.11883  165  248  880.08000  405.13434  54.0%   282 12189s

 258746 213595  818.57751   58  243  880.08000  405.13434  54.0%   282 12232s

 259240 214704  686.72270  108  263  880.08000  405.13434  54.0%   282 12282s

 260550 215121  486.18766   54  274  880.08000  405.13434  54.0%   282 12330s

 261075 215441 infeasible   88       880.08000  405.13434  54.0%   282 12369s

 261462 215939  455.66648   59  281  880.08000  405.13434  54.0%   283 12413s

 262065 217303  431.12053   49  514  880.08000  405.13434  54.0%   283 12459s

 263637 217793  606.79905   99  251  880.08000  405.13434  54.0%   283 12497s

 264251 219217  512.30104   69  278  880.08000  405.13434  54.0%   283 12540s

 265898 219904  504.59218   43  326  880.08000  405.13434  54.0%   283 12582s

 266739 220415  850.58441  110  195  880.08000  405.13434  54.0%   283 12619s

 267423 220911  448.19419   38  516  880.08000  405.18055  54.0%   283 12656s

 268035 222215  461.84827   37  338  880.08000  405.26707  54.0%   283 12702s

 269652 222590  448.75499   56  372  880.08000  405.35730  53.9%   283 12734s

 270088 223552  507.22427   79  253  880.08000  405.35730  53.9%   283 12771s

 271251 223724  602.64580   78  243  880.08000  405.49412  53.9%   283 12801s

 271491 224068  448.29296   50  301  880.08000  405.49412  53.9%   283 12835s

 271888 224561  511.65365   58  291  880.08000  405.49412  53.9%   284 12871s

 272503 225549  568.09113   73  344  880.08000  405.59822  53.9%   284 12913s

 273744 225785  708.80274  128  161  880.08000  405.68084  53.9%   284 12947s

 274099 226376  638.36074   41  342  880.08000  405.68084  53.9%   284 12985s

 274836 227304  422.27230   37  448  880.08000  405.84132  53.9%   284 13024s

 275901 227606  608.61800   51  271  880.08000  405.84132  53.9%   284 13060s

 276336 228261  478.83493   62  245  880.08000  405.94359  53.9%   285 13097s

 277074 229230  790.84852  139  195  880.08000  405.98000  53.9%   285 13137s

 278223 229769  669.27284  114  342  880.08000  406.05747  53.9%   285 13170s

 278884 231086  444.86902   55  420  880.08000  406.05873  53.9%   285 13209s

 280348 232211  544.57678   68  293  880.08000  406.08736  53.9%   284 13254s

 281624 232443  554.97588   88  257  880.08000  406.26715  53.8%   284 13278s

 281899 232853  679.78700  120  245  880.08000  406.27082  53.8%   284 13305s

 282408 233839  615.22105   65  203  880.08000  406.27082  53.8%   285 13342s

 283601 234239 infeasible   79       880.08000  406.41519  53.8%   284 13374s

 284188 234742  473.58771   48  391  880.08000  406.56910  53.8%   285 13405s

 284772 236121  479.30532   62  278  880.08000  406.64415  53.8%   285 13442s

 286296 236839  447.21154   64  304  880.08000  406.66803  53.8%   284 13472s

 287159 237138 infeasible   55       880.08000  406.68841  53.8%   284 13500s

 287561 238144  579.09194   70  281  880.08000  406.80675  53.8%   285 13534s

 288761 238425  594.64986   77  245  880.08000  406.82093  53.8%   284 13560s

 289079 239330  517.00328   56  282  880.08000  406.82093  53.8%   285 13595s

 290134 239736  554.73492   85  302  880.08000  406.83543  53.8%   284 13623s

 290604 240636  761.52019  132  239  880.08000  406.83543  53.8%   285 13654s

 291670 240956  691.56137   88  265  880.08000  407.01548  53.8%   284 13681s

 292030 241704  529.71802   61  343  880.08000  407.01548  53.8%   285 13713s

 292928 241999  472.36089   57  400  880.08000  407.01548  53.8%   285 13742s

 293353 242869  702.94426  132  222  880.08000  407.07687  53.7%   285 13776s

 294418 243218  458.52746   49  366  880.08000  407.17103  53.7%   285 13801s

 294770 244293  601.94087   72  278  880.08000  407.17647  53.7%   285 13835s

 295989 245121  588.28453  128  241  880.08000  407.23375  53.7%   284 13883s

 297090 245443  484.30928   42  302  880.08000  407.24544  53.7%   285 13912s

 297494 246160  620.29271  101  271  880.08000  407.24544  53.7%   285 13953s

 298391 246520 infeasible   52       880.08000  407.24544  53.7%   285 13987s

 298869 247616 infeasible   88       880.08000  407.53735  53.7%   285 14030s

 300178 248106  867.15872  102  203  880.08000  407.53735  53.7%   285 14063s

 300787 249212  589.81559   95  217  880.08000  407.53735  53.7%   285 14100s

 302096 249464  719.98506   88  258  880.08000  407.59833  53.7%   285 14130s

 302436 250343  517.47002   65  302  880.08000  407.59833  53.7%   285 14166s

 303486 250591  573.05732   62  333  880.08000  407.73886  53.7%   285 14196s

 303837 250864  665.95683   74  227  880.08000  407.73886  53.7%   285 14228s

 304181 251598  462.33418   47  371  880.08000  407.77223  53.7%   286 14262s

 305036 252048  421.29354   53  406  880.08000  407.81150  53.7%   286 14296s

 305579 253047  516.38807   99  292  880.08000  407.81150  53.7%   286 14335s

 306826 253395  449.01144   59  332  880.08000  407.89807  53.7%   286 14367s

 307243 254239  492.38786   81  390  880.08000  407.95049  53.6%   286 14400s



Cutting planes:

  Learned: 24

  Gomory: 36

  Lift-and-project: 1

  Cover: 239

  Implied bound: 611

  Projected implied bound: 15

  Clique: 564

  MIR: 1638

  Mixing: 65

  StrongCG: 319

  Flow cover: 1388

  GUB cover: 20

  Inf proof: 5

  Zero half: 1108

  RLT: 103

  Relax-and-lift: 563

  BQP: 1



Explored 308209 nodes (88236183 simplex iterations) in 14400.62 seconds (19855.61 work units)

Thread count was 16 (of 16 available processors)



Solution count 10: 880.08 881.06 883.66 ... 920.3



Time limit reached

Best objective 8.800800000000e+02, best bound 4.079530250583e+02, gap 53.6459%



AMPL MP initial flat model has 17285 variables (0 integer, 17193 binary);

Objectives: 1 quadratic; 

Constraints:  3456 linear; 11 quadratic;



AMPL MP final model has 17285 variables (0 integer, 17193 binary);

Objectives: 1 quadratic; 

Constraints:  3456 linear; 11 quadratic;





-----RESULTS INFO-----
running_time:  14404.281
TC.best_bound:  407.9530250582725
TC:  880.0799999999999
MIP Gap (%):  53.64591570558671
=== Vehicle Routes ===
Vehicle 1: 0 → 1
Vehicle 1: 1 → 9
Vehicle 1: 3 → 65
Vehicle 1: 9 → 12
Vehicle 1: 12 → 16
Vehicle 1: 14 → 17
Vehicle 1: 15 → 14
Vehicle 1: 16 → 15
Vehicle 1: 17 → 3
Vehicle 2: 0 → 5
Vehicle 2: 2 → 65
Vehicle 2: 5 → 6
Vehicle 2: 6 → 61
Vehicle 2: 61 → 2
Vehicle 3: 0 → 18
Vehicle 3: 4 → 65
Vehicle 3: 7 → 4
Vehicle 3: 8 → 7
Vehicle 3: 18 → 8
Vehicle 4: 0 → 10
Vehicle 4: 10 → 43
Vehicle 4: 43 → 62
Vehicle 4: 62 → 65
Vehicle 5: 0 → 11
Vehicle 5: 11 → 13
Vehicle 5: 13 → 56
Vehicle 5: 56 → 65
Vehicle 6: 0 → 57
Vehicle 6: 49 → 65
Vehicle 6: 57 → 49
Vehicle 7: 0 → 63
Vehicle 7: 50 → 65
Vehicle 7: 63 → 50
Vehicle 8: 0 → 55
Vehicle 8: 55 → 64
Vehicle 8: 64 → 65
Vehicle 9: 0 → 60
Vehicle 9: 60 → 65

=== Full Vehicle Routes ===
Vehicle 1: 0 → 1 → 9 → 12 → 16 → 15 → 14 → 17 → 3 → 0 (95<100)
Vehicle 2: 0 → 5 → 6 → 61 → 2 → 0 (97<100)
Vehicle 3: 0 → 18 → 8 → 7 → 4 → 0 (71<100)
Vehicle 4: 0 → 10 → 43 → 62 → 0 (96<100)
Vehicle 5: 0 → 11 → 13 → 56 → 0 (99<100)
Vehicle 6: 0 → 57 → 49 → 0 (99<100)
Vehicle 7: 0 → 63 → 50 → 0 (94<100)
Vehicle 8: 0 → 55 → 64 → 0 (98<100)
Vehicle 9: 0 → 60 → 0 (90<100)
Arc used by MRT line: y variables:
Customer assigment to PL: u variables:
19 57
20 62
21 60
22 63
23 63
24 56
25 62
26 63
27 55
28 60
29 57
30 63
31 56
32 60
33 63
34 56
35 57
36 60
37 61
38 60
39 56
40 61
41 55
42 60
44 62
45 55
46 55
47 63
48 64
51 62
52 64
53 62
54 55
Node is served by regular vehicle: g variables:
1
2
3
4
5
6
7
8
9
10
11
12
13
14
15
16
17
18
43
49
50
61
62
63
64
55
56
57
60
Customer assigment to Home delivery: gm variables:
1
2
3
4
5
6
7
8
9
10
11
12
13
14
15
16
17
18
43
49
50
Node total demands: ntd variables:
1 2 1
2 10 1
3 4 1
4 23 1
5 22 1
6 16 1
7 20 1
8 7 1
9 15 1
10 14 1
11 22 1
12 11 1
13 13 1
14 15 1
15 17 1
16 10 1
17 21 1
18 21 1
37 0 0
38 0 0
39 0 0
40 0 0
41 0 0
42 0 0
43 19 1
44 0 0
45 0 0
46 0 0
47 0 0
48 0 0
49 10 1
50 20 1
51 0 0
52 0 0
53 0 0
54 0 0
61 49 1
62 63 1
63 74 1
64 26 1
55 72 1
56 64 1
57 89 1
58 0 0
59 0 0
60 90 1
Customer's demand delivered to PL: l variables:
19
20
21
22
23
24
25
26
27
28
29
30
31
32
33
34
35
36
37
38
39
40
41
42
44
45
46
47
48
51
52
53
54
Lockers load <= capacity:
49 <= 70
63 <= 72
74 <= 79
26 <= 93
72 <= 84
64 <= 98
89 <= 89
0 <= 78
0 <= 78
90 <= 95
