Gurobi 12.0.3:   lim:time = 14400

  mip:bestbound = 1

Set parameter LogToConsole to value 1

  tech:outlev = 1

Set parameter Cuts to value 3

  cut:cuts = 3

Set parameter Presolve to value 2

  pre:solve = 2

Set parameter MIPFocus to value 2

  mip:focus = 2

Set parameter Symmetry to value 2

  mip:symmetry = 2

Set parameter InfUnbdInfo to value 1

Gurobi Optimizer version 12.0.3 build v12.0.3rc0 (win64 - Windows 10.0 (19045.2))



CPU model: 11th Gen Intel(R) Core(TM) i7-11700 @ 2.50GHz, instruction set [SSE2|AVX|AVX2|AVX512]

Thread count: 8 physical cores, 16 logical processors, using up to 16 threads



Non-default parameters:

TimeLimit  14400

MIPFocus  2

Symmetry  2

Cuts  3

InfUnbdInfo  1

Presolve  2



Optimize a model with 2782 rows, 11712 columns and 74162 nonzeros

Model fingerprint: 0x20547ea8

Model has 2 quadratic objective terms

Model has 9 quadratic constraints

Variable types: 84 continuous, 11628 integer (0 binary)

Coefficient statistics:

  Matrix range     [1e+00, 1e+05]

  QMatrix range    [1e+00, 1e+00]

  QLMatrix range   [1e+00, 3e+01]

  Objective range  [2e+00, 1e+02]

  QObjective range [2e+00, 2e+00]

  Bounds range     [1e+00, 1e+02]

  RHS range        [1e+00, 1e+05]

  QRHS range       [1e+02, 1e+02]

Presolve removed 142 rows and 358 columns

Presolve time: 3.13s

Presolved: 9752 rows, 18454 columns, 88089 nonzeros

Variable types: 592 continuous, 17862 integer (16483 binary)

Root relaxation presolve removed 1 rows and 2 columns

Root relaxation presolved: 9751 rows, 18452 columns, 130752 nonzeros



Deterministic concurrent LP optimizer: primal and dual simplex

Showing primal log only...





Root simplex log...



Iteration    Objective       Primal Inf.    Dual Inf.      Time

       0    1.2955000e+03   1.629962e+02   1.061297e+10      7s

Concurrent spin time: 0.06s



Solved with dual simplex



Root simplex log...



Iteration    Objective       Primal Inf.    Dual Inf.      Time

    1162    2.2734282e+02   0.000000e+00   0.000000e+00      7s



Root relaxation: objective 2.273428e+02, 1162 iterations, 0.52 seconds (0.23 work units)

Total elapsed time = 7.74s (DegenMoves)



    Nodes    |    Current Node    |     Objective Bounds      |     Work

 Expl Unexpl |  Obj  Depth IntInf | Incumbent    BestBd   Gap | It/Node Time



     0     0  227.34282    0  180          -  227.34282      -     -    8s

     0     0  278.12527    0  155          -  278.12527      -     -   10s

     0     0  278.12527    0  163          -  278.12527      -     -   11s

     0     0  278.12527    0  158          -  278.12527      -     -   11s

     0     0  279.56566    0  216          -  279.56566      -     -   15s

     0     0  282.47440    0  206          -  282.47440      -     -   16s

     0     0  282.50698    0  197          -  282.50698      -     -   16s

     0     0  285.86726    0  262          -  285.86726      -     -   19s

     0     0  287.26890    0  207          -  287.26890      -     -   19s

     0     0  287.32985    0  180          -  287.32985      -     -   20s

     0     0  293.22008    0  257          -  293.22008      -     -   23s

     0     0  294.32467    0  240          -  294.32467      -     -   23s

     0     0  294.32467    0  232          -  294.32467      -     -   24s

     0     0  296.31267    0  269          -  296.31267      -     -   28s

     0     0  296.54625    0  233          -  296.54625      -     -   28s

     0     0  297.14000    0  166          -  297.14000      -     -   32s

     0     0  297.14000    0  198          -  297.14000      -     -   32s

H    0     0                    1453.8700000  297.14000  79.6%     -   35s

H    0     0                    1452.8700000  297.14000  79.5%     -   35s

     0     0  297.14000    0  154 1452.87000  297.14000  79.5%     -   35s

     0     0  297.14000    0  175 1452.87000  297.14000  79.5%     -   35s

H    0     0                    1421.0300000  297.14000  79.1%     -   36s

     0     0  297.14000    0  144 1421.03000  297.14000  79.1%     -   36s

H    0     0                    1417.0300000  297.14000  79.0%     -   37s

     0     0  297.14000    0  226 1417.03000  297.14000  79.0%     -   37s

     0     0  297.14014    0  236 1417.03000  297.14014  79.0%     -   38s

     0     0  297.14014    0  236 1417.03000  297.14014  79.0%     -   39s

H    0     0                    1416.0300000  297.15187  79.0%     -   40s

     0     2  297.15187    0  236 1416.03000  297.15187  79.0%     -   40s

    42    56  297.25555    7  344 1416.03000  297.15187  79.0%   425   45s

H   47    56                    1414.6200000  297.15187  79.0%   414   45s

H   81    93                    1358.5400000  297.15187  78.1%   352   47s

H  128   132                    1353.5400000  297.15187  78.0%   344   49s

   143   158  297.15187   13  211 1353.54000  297.15187  78.0%   359   50s

H  202   215                    1351.5500000  297.15187  78.0%   343   51s

H  203   215                    1332.8000000  297.15187  77.7%   342   51s

   280   291  297.38216   27  242 1332.80000  297.15187  77.7%   320   55s

H  284   291                    1304.5400000  297.15187  77.2%   317   55s

H  324   333                    1198.8700000  297.15187  75.2%   330   57s

H  354   364                    1197.6400000  297.15187  75.2%   328   59s

   363   374  301.14351   32  244 1197.64000  297.15187  75.2%   328   60s

H  373   404                    1178.3000000  297.15187  74.8%   330   61s

H  403   412                    1165.8300000  297.15187  74.5%   322   61s

   483   489  312.87101   49  182 1165.83000  297.15187  74.5%   304   65s

H  488   489                    1158.0000000  297.15187  74.3%   302   65s

H  539   550                    1105.0100000  297.15187  73.1%   294   68s

   630   710  356.65569   65  180 1105.01000  297.15187  73.1%   272   70s

H  743   758                    1088.5700000  297.15187  72.7%   245   73s

   764   852  358.90304   92  165 1088.57000  297.15187  72.7%   241   75s

H  858   852                    1083.6700000  297.15187  72.6%   226   75s

H  993  1025                    1025.4600000  297.15187  71.0%   205   77s

H 1052  1072                    1002.8100000  297.15187  70.4%   196   78s

  1104  1088  380.27183  148  151 1002.81000  297.15187  70.4%   192   80s

H 1151  1145                    1002.6700000  297.15187  70.4%   187   81s

H 1152  1145                    1002.2600000  297.15187  70.4%   186   81s

  1773  1950  411.61977  279  175 1002.26000  297.15187  70.4%   141   86s

H 2226  2168                     980.6200000  297.15187  69.7%   123   89s

  2234  2346  488.75961  362  164  980.62000  297.15187  69.7%   123   91s

  2843  2822  306.32524   11  246  980.62000  297.15187  69.7%   109   95s

  3129  2975  314.66088   15  199  980.62000  297.15187  69.7%   109  100s

H 3143  2975                     977.9800000  297.15187  69.6%   109  100s

  3395  3289  308.15069   20  154  977.98000  297.15187  69.6%   110  106s

H 3599  3367                     974.7900000  297.15187  69.5%   112  109s

  3600  3368  357.49327  128 4876  974.79000  297.15187  69.5%   112  114s

  3602  3369  334.37502   34  222  974.79000  297.15187  69.5%   112  118s

  3603  3370  365.20992  102  190  974.79000  297.15187  69.5%   112  121s

  3605  3371  555.55412  380  248  974.79000  297.15187  69.5%   112  130s

  3607  3373  306.11382   36  202  974.79000  297.15187  69.5%   112  139s

  3608  3373  317.02099   63  231  974.79000  297.15187  69.5%   112  142s

  3609  3374  501.47863  333  280  974.79000  297.15187  69.5%   112  149s

  3610  3375  297.38043   23  248  974.79000  297.15187  69.5%   112  153s

  3611  3375  422.34544  144  240  974.79000  297.15187  69.5%   112  156s

H 3611  3206                     948.8200000  297.15187  68.7%   112  160s

  3613  3208  306.54518   31  288  948.82000  297.30684  68.7%   112  165s

  3614  3208  409.22840  154  204  948.82000  297.82000  68.6%   112  170s

  3615  3209  379.72090  242  206  948.82000  299.49167  68.4%   112  175s

  3616  3210  507.17852  288  208  948.82000  299.73250  68.4%   112  180s

  3617  3210  503.40721  257  261  948.82000  299.77521  68.4%   112  201s

H 3617  3049                     947.6600000  300.20528  68.3%   112  225s

  3619  3051  488.07080  361  261  947.66000  300.37237  68.3%   112  249s

  3620  3051  346.22417  316  270  947.66000  300.43324  68.3%   112  273s

  3621  3052  348.38380  360  330  947.66000  300.49020  68.3%   112  285s

  3622  3053  509.28956  121  211  947.66000  300.49500  68.3%   112  292s

  3623  3053  398.27429   62  188  947.66000  300.49816  68.3%   112  297s

  3624  3054  365.38319  114  211  947.66000  300.49816  68.3%   112  303s

H 3624  2901                     936.9200000  300.52443  67.9%   112  310s

  3626  2902  459.77543  347  264  936.92000  300.70395  67.9%   112  333s

  3627  2903  685.30428  407  261  936.92000  300.89408  67.9%   112  340s

  3628  2904  301.12204   17  331  936.92000  301.12204  67.9%   112  363s

  3629  2904  703.41490  427  258  936.92000  301.49524  67.8%   112  391s

  3630  2905  668.83654  204  315  936.92000  301.53874  67.8%   111  424s

  3631  2906  454.77563  203  272  936.92000  302.64099  67.7%   111  432s

  3632  2906  319.71020   88  214  936.92000  302.64551  67.7%   111  437s

  3633  2907  425.62734  180  242  936.92000  302.72928  67.7%   111  440s

  3634  2908  449.95635  178  238  936.92000  302.72928  67.7%   111  445s

  3635  2908  387.39604  166  230  936.92000  302.72928  67.7%   111  463s

  3637  2910  329.68533   30  332  936.92000  303.16647  67.6%   111  468s

  3638  2910  359.27852   38  312  936.92000  303.37817  67.6%   111  471s

  3640  2912  404.85779  236  309  936.92000  303.59533  67.6%   111  477s

  3641  2912  303.66139   24  352  936.92000  303.66139  67.6%   111  482s

  3642  2913  303.66495   21  330  936.92000  303.66495  67.6%   111  485s

  3644  2914  303.85497    9  354  936.92000  303.85497  67.6%   111  495s

  3645  2915  342.17417  106  331  936.92000  303.95475  67.6%   111  502s

  3646  2916  370.11645  126  345  936.92000  303.95475  67.6%   111  506s

  3647  2916  459.77543  347  334  936.92000  303.96898  67.6%   111  511s

  3649  2918  466.99705  127  421  936.92000  304.20185  67.5%   111  516s

  3651  2919  453.65744  310  340  936.92000  304.30159  67.5%   111  523s

  3652  2920  512.61707  367  418  936.92000  304.77624  67.5%   111  525s

  3655  2922  313.03778   25  321  936.92000  305.49481  67.4%   111  532s

  3656  2922  340.48049   54  326  936.92000  305.49481  67.4%   111  535s

  3657  2923  319.71750   35  360  936.92000  305.75054  67.4%   111  540s

  3659  2924  369.17367   59  329  936.92000  306.10870  67.3%   111  546s

  3661  2926  308.89387   37  335  936.92000  306.40992  67.3%   111  551s

  3662  2926  460.25487  242  370  936.92000  306.81946  67.3%   111  579s

H 3662  2778                     936.6400000  307.07542  67.2%   111  605s

H 3662  2638                     936.0000000  307.07542  67.2%   111  605s

H 3664  2507                     934.3000000  307.26789  67.1%   110  611s

H 3664  2381                     931.1600000  307.26789  67.0%   110  611s

  3667  2383  385.07332  187  355  931.16000  307.47894  67.0%   110  615s

  3669  2384  352.91093   77  322  931.16000  307.55321  67.0%   110  622s

  3670  2385  364.49478   49  327  931.16000  307.55609  67.0%   110  625s

  3673  2387  441.64303  266  307  931.16000  308.45758  66.9%   110  634s

  3674  2387  357.33444   30  293  931.16000  308.45758  66.9%   110  637s

  3675  2388  369.78140  209  337  931.16000  308.45758  66.9%   110  640s

  3677  2389  308.45758    8  319  931.16000  308.45758  66.9%   110  647s

  3678  2390  313.45905   10  282  931.16000  308.45758  66.9%   110  668s

  3679  2391  391.77297  148  331  931.16000  308.45758  66.9%   110  672s

  3681  2392  334.86811   43  388  931.16000  308.45758  66.9%   110  676s

  3683  2393  308.45758   26  399  931.16000  308.45758  66.9%   110  682s

  3684  2394  353.65271  101  385  931.16000  308.45758  66.9%   110  688s

  3685  2395  370.43500  346  394  931.16000  308.45758  66.9%   110  695s

  3686  2395  327.85057   30  413  931.16000  308.45758  66.9%   110  700s

  3688  2397  371.56000  278  393  931.16000  308.45758  66.9%   110  708s

  3689  2397  340.97669    7  376  931.16000  308.45758  66.9%   110  714s

  3690  2398  354.52000  347  374  931.16000  308.45758  66.9%   110  717s

  3691  2399  369.74127  127  360  931.16000  308.45758  66.9%   110  720s

  3693  2400  322.92259  114  408  931.16000  308.45758  66.9%   110  729s

  3694  2401  308.45758   24  466  931.16000  308.45758  66.9%   110  731s

  3695  2401  518.07882  171  387  931.16000  308.45758  66.9%   110  735s

H 3696  2280                     928.4500000  308.45758  66.8%   109  743s

  3698  2281  354.67237   63  351  928.45000  308.45758  66.8%   109  747s

  3699  2282  363.08677  151  401  928.45000  308.45758  66.8%   109  750s

  3701  2283  410.56562  164  445  928.45000  308.45758  66.8%   109  759s

  3702  2284  334.37502   34  419  928.45000  308.45758  66.8%   109  763s

H 3702  2168                     918.0600000  308.45758  66.4%   109  785s

  3705  2170  555.55412  380  372  918.06000  308.45758  66.4%   109  792s

  3706  2171  375.83237   95  343  918.06000  308.45758  66.4%   109  816s

  3707  2171  308.45758   36  396  918.06000  308.45758  66.4%   109  820s

  3710  2173  308.45758   23  398  918.06000  308.45758  66.4%   109  826s

  3712  2175  413.76194  172  427  918.06000  308.53036  66.4%   109  830s

  3714  2176  409.22840  154  419  918.06000  308.53036  66.4%   109  836s

  3715  2177  379.72090  242  399  918.06000  308.53036  66.4%   109  841s

H 3716  2066                     914.9900000  308.60707  66.3%   109  845s

H 3716  1961                     907.9600000  308.60707  66.0%   109  847s

  3718  1963  379.48399  245  433  907.96000  308.60707  66.0%   109  850s

  3719  1963  488.07080  361  413  907.96000  308.60707  66.0%   109  855s

  3722  1965  509.28956  121  446  907.96000  308.60707  66.0%   109  861s

  3724  1967  365.38319  114  490  907.96000  308.61376  66.0%   109  866s

  3726  1968  459.77543  347  465  907.96000  308.65733  66.0%   109  871s

  3728  1969  308.69455   17  514  907.96000  308.69455  66.0%   109  876s

  3729  1970  703.41490  427  498  907.96000  308.70547  66.0%   109  880s

  3731  1971  454.77563  203  485  907.96000  308.70769  66.0%   108  885s

  3734  1973  449.95635  178  539  907.96000  308.74254  66.0%   108  890s

  3739  1977  319.71750   35  496  907.96000  308.74608  66.0%   108  898s

  3741  1978  308.79330   24  483  907.96000  308.79330  66.0%   108  903s

  3742  1979  308.79419   21  446  907.96000  308.79419  66.0%   108  905s

  3745  1981  342.17417  106  439  907.96000  308.82577  66.0%   108  911s

  3747  1982  459.77543  347  483  907.96000  308.83583  66.0%   108  916s

  3749  1983  466.99705  127  491  907.96000  308.86241  66.0%   108  920s

H 3750  1882                     907.5800000  308.86560  66.0%   108  924s

  3752  1883  512.61707  367  519  907.58000  308.87500  66.0%   108  925s

  3754  1885  390.37089  180  483  907.58000  308.97739  66.0%   108  930s

  3756  1886  340.48049   54  480  907.58000  308.99662  66.0%   108  936s

  3759  1888  369.17367   59  514  907.58000  309.07153  65.9%   108  941s

  3762  1890  460.25487  242  453  907.58000  309.09340  65.9%   108  945s

  3764  1891  341.48417  271  481  907.58000  309.10633  65.9%   108  950s

  3767  1893  385.07332  187  497  907.58000  309.10633  65.9%   107  955s

  3772  1898  409.59989  141 4876  907.58000  309.10633  65.9%   147  963s

  3774  1899  357.33444   30  240  907.58000  309.10633  65.9%   147  966s

  3775  1900  369.78140  209  182  907.58000  309.16605  65.9%   147  970s

  3777  1901  309.16605    8  285  907.58000  309.16605  65.9%   146  979s

  3778  1902  313.45905   10  381  907.58000  309.22167  65.9%   146  988s

  3779  1903  391.77297  148  341  907.58000  309.22167  65.9%   146  994s

  3780  1903  309.22167   14  459  907.58000  309.22167  65.9%   146 1002s

  3781  1904  334.86811   43  378  907.58000  309.39967  65.9%   146 1009s

  3782  1905  430.56310  154  396  907.58000  309.39967  65.9%   146 1015s

  3783  1905  309.39967   26  491  907.58000  309.39967  65.9%   146 1024s

  3784  1906  353.65271  101  415  907.58000  309.40626  65.9%   146 1031s

  3785  1907  370.43500  346  441  907.58000  309.43686  65.9%   146 1038s

  3786  1907  327.85057   30  454  907.58000  309.43686  65.9%   146 1044s

  3787  1908  369.52632  130  439  907.58000  309.50352  65.9%   146 1054s

  3788  1909  371.56000  278  389  907.58000  309.50352  65.9%   146 1060s

  3789  1909  340.97669    7  333  907.58000  309.82677  65.9%   146 1068s

  3790  1910  354.52000  347  369  907.58000  309.82677  65.9%   146 1075s

  3791  1911  369.74127  127  413  907.58000  309.84581  65.9%   146 1083s

  3792  1911  324.08691   47  430  907.58000  309.84581  65.9%   146 1091s

  3793  1912  322.92259  114  384  907.58000  309.84581  65.9%   146 1100s

  3794  1913  310.84542   24  423  907.58000  310.84542  65.8%   146 1106s

  3795  1913  518.07882  171  386  907.58000  310.84542  65.8%   146 1114s

  3796  1914  668.10705  397  390  907.58000  310.84542  65.8%   146 1120s

  3797  1915  380.02285  251  439  907.58000  310.84542  65.8%   146 1128s

  3798  1915  354.67237   63  425  907.58000  310.84542  65.8%   146 1136s

  3799  1916  363.08677  151  468  907.58000  310.84542  65.8%   146 1141s

  3800  1917  357.49327  128  451  907.58000  310.84542  65.8%   146 1147s

  3801  1917  410.56562  164  420  907.58000  311.01481  65.7%   146 1153s

  3802  1918  334.37502   34  424  907.58000  311.01481  65.7%   145 1160s

  3803  1919  365.20992  102  427  907.58000  311.01481  65.7%   145 1168s

  3804  1919  329.08854   79  436  907.58000  311.01481  65.7%   145 1175s

  3805  1920  555.55412  380  435  907.58000  311.01481  65.7%   145 1182s

  3806  1921  375.83237   95  443  907.58000  311.01481  65.7%   145 1190s

  3807  1921  311.01481   36  419  907.58000  311.01481  65.7%   145 1199s

  3808  1922  317.02099   63  416  907.58000  311.01481  65.7%   145 1207s

  3809  1923  501.47863  333  401  907.58000  311.01481  65.7%   145 1213s

  3810  1923  311.01481   23  428  907.58000  311.01481  65.7%   145 1226s

  3811  1924  422.34544  144  383  907.58000  311.01481  65.7%   145 1235s

  3812  1925  413.76194  172  404  907.58000  311.01481  65.7%   145 1241s

  3813  1925  311.01481   31  410  907.58000  311.01481  65.7%   145 1248s

  3814  1926  409.22840  154  387  907.58000  311.01481  65.7%   145 1256s

  3815  1927  379.72090  242  367  907.58000  311.01481  65.7%   145 1264s

  3816  1927  507.17852  288  423  907.58000  311.01481  65.7%   145 1270s

  3817  1928  503.40721  257  410  907.58000  311.01481  65.7%   145 1278s

  3818  1929  379.48399  245  433  907.58000  311.01481  65.7%   145 1283s

  3819  1929  488.07080  361  397  907.58000  311.01481  65.7%   145 1290s

  3820  1930  346.22417  316  351  907.58000  311.01481  65.7%   145 1297s

H 3820  1832                     898.8500000  311.01481  65.4%   145 1302s

  3823  1834  398.27429   62  379  898.85000  311.01481  65.4%   145 1306s

  3825  1835  402.55123  158  430  898.85000  311.01481  65.4%   145 1313s

  3827  1837  685.30428  407  453  898.85000  311.01481  65.4%   145 1320s

  3829  1838  703.41490  427  431  898.85000  311.01481  65.4%   144 1326s

  3831  1839  454.77563  203  487  898.85000  311.01481  65.4%   144 1333s

  3833  1841  425.62734  180  491  898.85000  311.01481  65.4%   144 1338s

  3835  1842  387.39604  166  495  898.85000  311.01481  65.4%   144 1344s

  3836  1843  311.01481   31  504  898.85000  311.01481  65.4%   144 1349s

  3837  1843  329.68533   30  477  898.85000  311.01481  65.4%   144 1353s

  3838  1844  359.27852   38  481  898.85000  311.01481  65.4%   144 1357s

  3839  1845  319.71750   35  474  898.85000  311.01481  65.4%   144 1360s

  3842  1847  311.01481   21  472  898.85000  311.01481  65.4%   144 1368s

  3843  1847  311.01481   13  458  898.85000  311.01481  65.4%   144 1375s

  3845  1849  342.17417  106  467  898.85000  311.01481  65.4%   144 1382s

  3846  1849  370.11645  126  476  898.85000  311.01481  65.4%   144 1386s

  3848  1851  321.51547  102  476  898.85000  311.01481  65.4%   144 1391s

  3849  1851  466.99705  127  447  898.85000  311.01481  65.4%   144 1399s

  3850  1852  399.71157  145  457  898.85000  311.01481  65.4%   144 1402s

  3851  1853  453.65744  310  469  898.85000  311.01481  65.4%   144 1409s

  3852  1853  512.61707  367  482  898.85000  311.01481  65.4%   144 1412s

  3854  1855  390.37089  180  484  898.85000  311.01481  65.4%   144 1416s

  3856  1856  340.48049   54  459  898.85000  311.01481  65.4%   143 1421s

  3858  1857  353.90144  116  490  898.85000  311.01481  65.4%   143 1426s

  3860  1859  428.67238  205  483  898.85000  311.01481  65.4%   143 1431s

  3862  1860  460.25487  242  475  898.85000  311.01481  65.4%   143 1437s

  3863  1861  377.86658  200  483  898.85000  311.01481  65.4%   143 1440s

  3865  1862  411.61079  169  476  898.85000  311.01481  65.4%   143 1445s

  3867  1863  385.07332  187  447  898.85000  311.01481  65.4%   143 1452s

  3868  1864  386.56585  193  462  898.85000  311.01481  65.4%   143 1457s

  3869  1865  352.91093   77  464  898.85000  311.01481  65.4%   143 1461s

  3870  1865  364.49478   49  475  898.85000  311.01481  65.4%   143 1465s

  3872  1867  409.59989  141  480  898.85000  311.01481  65.4%   143 1470s

  3873  1867  441.64303  266  463  898.85000  311.01481  65.4%   143 1475s

  3875  1869  369.78140  209  438  898.85000  311.01481  65.4%   143 1482s

  3876  1869  340.90210   43  500  898.85000  311.01481  65.4%   143 1488s

  3877  1870  311.01481    8  446  898.85000  311.01481  65.4%   143 1494s

  3878  1871  313.45905   10  468  898.85000  311.01481  65.4%   143 1499s

  3879  1871  391.77297  148  457  898.85000  311.01481  65.4%   143 1503s

  3880  1872  311.01481   14  462  898.85000  311.01481  65.4%   143 1507s

  3881  1873  334.86811   43  402  898.85000  311.32558  65.4%   143 1513s

  3882  1873  430.56310  154  450  898.85000  311.32558  65.4%   142 1517s

  3883  1874  311.32558   26  426  898.85000  311.32558  65.4%   142 1524s

  3884  1875  353.65271  101  440  898.85000  311.32558  65.4%   142 1528s

  3885  1875  370.43500  346  467  898.85000  311.32558  65.4%   142 1531s

  3887  1877  369.52632  130  480  898.85000  311.32558  65.4%   142 1536s

  3889  1878  340.97669    7  476  898.85000  311.32558  65.4%   142 1541s

  3891  1879  369.74127  127  492  898.85000  311.32558  65.4%   142 1549s

  3892  1880  324.08691   47  513  898.85000  311.32558  65.4%   142 1551s

  3896  1884  668.10705  397 4876  898.85000  311.32558  65.4%   161 1559s

  3898  1885  354.67237   63  222  898.85000  311.32558  65.4%   161 1563s

  3899  1886  363.08677  151  218  898.85000  311.40360  65.4%   161 1568s

  3900  1887  357.49327  128  272  898.85000  311.40360  65.4%   161 1575s

  3901  1887  410.56562  164  280  898.85000  311.40360  65.4%   161 1584s

  3902  1888  334.37502   34  344  898.85000  311.40360  65.4%   161 1592s

  3903  1889  365.20992  102  347  898.85000  311.40360  65.4%   161 1601s

  3904  1889  329.08854   79  348  898.85000  311.40360  65.4%   161 1608s

  3905  1890  555.55412  380  362  898.85000  311.40360  65.4%   161 1616s

  3906  1891  375.83237   95  385  898.85000  311.42427  65.4%   161 1622s

  3907  1891  311.42427   36  474  898.85000  311.42427  65.4%   161 1632s

  3908  1892  317.02099   63  424  898.85000  311.42427  65.4%   161 1666s

  3909  1893  501.47863  333  467  898.85000  311.42427  65.4%   161 1678s

  3910  1893  311.42427   23  446  898.85000  311.42427  65.4%   161 1685s

  3911  1894  422.34544  144  464  898.85000  311.42623  65.4%   161 1692s

  3912  1895  413.76194  172  526  898.85000  311.49302  65.3%   161 1700s

  3913  1895  311.49302   31  484  898.85000  311.49302  65.3%   161 1711s

  3914  1896  409.22840  154  476  898.85000  311.49302  65.3%   161 1721s

  3915  1897  379.72090  242  449  898.85000  311.49302  65.3%   161 1730s

  3916  1897  507.17852  288  445  898.85000  311.49302  65.3%   161 1738s

  3917  1898  503.40721  257  478  898.85000  311.49302  65.3%   161 1744s

  3918  1899  379.48399  245  484  898.85000  311.49302  65.3%   160 1751s

  3919  1899  488.07080  361  447  898.85000  311.49302  65.3%   160 1760s

  3920  1900  346.22417  316  501  898.85000  311.49302  65.3%   160 1767s

  3921  1901  348.38380  360  448  898.85000  311.56104  65.3%   160 1776s

  3922  1901  509.28956  121  465  898.85000  311.56104  65.3%   160 1784s

  3923  1902  398.27429   62  451  898.85000  311.56104  65.3%   160 1793s

  3924  1903  365.38319  114  451  898.85000  311.56104  65.3%   160 1839s

  3925  1903  402.55123  158  451  898.85000  311.56104  65.3%   160 1851s

  3926  1904  459.77543  347  468  898.85000  311.56104  65.3%   160 1857s

  3927  1905  685.30428  407  431  898.85000  311.56104  65.3%   160 1866s

  3929  1906  703.41490  427  431  898.85000  311.56104  65.3%   160 1871s

  3931  1907  454.77563  203  434  898.85000  311.56705  65.3%   160 1877s

  3932  1908  319.71020   88  454  898.85000  311.56705  65.3%   160 1880s

  3933  1909  425.62734  180  433  898.85000  311.56705  65.3%   160 1885s

  3935  1910  387.39604  166  427  898.85000  311.56705  65.3%   160 1892s

  3936  1911  311.56705   31  426  898.85000  311.56705  65.3%   160 1896s

  3938  1912  359.27852   38  418  898.85000  311.56705  65.3%   160 1903s

  3939  1913  319.71750   35  434  898.85000  311.56705  65.3%   160 1909s

  3940  1913  404.85779  236  434  898.85000  311.56705  65.3%   160 1911s

  3941  1914  311.56705   24  426  898.85000  311.56705  65.3%   160 1915s

  3943  1915  311.56705   13  440  898.85000  311.56705  65.3%   159 1922s

  3944  1916  311.56705    9  440  898.85000  311.56705  65.3%   159 1925s

  3946  1920  311.56705   40  400  898.85000  311.56705  65.3%   168 1932s

  3952  1930  312.57440   42  422  898.85000  311.56705  65.3%   169 1937s

  3968  1948  313.56994   44  440  898.85000  311.57064  65.3%   170 1941s

  4015  1980  314.46093   47  207  898.85000  311.57064  65.3%   174 1946s

  4086  2024  320.40884   52  240  898.85000  311.57064  65.3%   180 1950s

  4131  2055  320.12705   54  281  898.85000  311.57064  65.3%   184 1956s

  4168  2077  328.93657   56  256  898.85000  311.57064  65.3%   187 1961s

  4203  2104  336.92308   58  242  898.85000  311.57064  65.3%   189 1966s

  4243  2126  323.65590   61  241  898.85000  311.57064  65.3%   192 1970s

  4289  2162  325.58821   63  257  898.85000  311.57064  65.3%   195 1976s

  4318  2181  325.86287   64  264  898.85000  311.57064  65.3%   197 1981s

  4355  2205  333.63224   66  248  898.85000  311.57064  65.3%   201 1985s

  4417  2244  336.89539   69  236  898.85000  311.57064  65.3%   204 1992s

  4460  2272  371.01671   71  248  898.85000  311.57064  65.3%   208 1995s

  4503  2292  343.86488   74  248  898.85000  311.57064  65.3%   211 2000s

  4529  2317  359.67982   78  210  898.85000  311.57064  65.3%   213 2007s

  4550  2346  391.55486   79  179  898.85000  311.57064  65.3%   215 2010s

  4629  2394  370.36539   84  219  898.85000  311.57064  65.3%   221 2015s

  4701  2442  377.91700   88  207  898.85000  311.57064  65.3%   225 2024s

  4747  2463  419.02872   90  174  898.85000  311.57064  65.3%   228 2028s

  4787  2497  475.50123   92  143  898.85000  311.57064  65.3%   230 2031s

  4844  2521  392.18796   96  197  898.85000  311.57064  65.3%   233 2036s

  4900  2511  540.51117   98  159  898.85000  311.57064  65.3%   234 2041s

  4910  2527  393.51321   99  209  898.85000  311.57064  65.3%   235 2045s

  4982  2558  473.75420  101  162  898.85000  311.57151  65.3%   238 2052s

  4994  2581  398.59198  102  207  898.85000  311.57151  65.3%   239 2058s

  5021  2579  528.68380  102  172  898.85000  311.57151  65.3%   240 2063s

  5030  2584  398.90455  103  202  898.85000  311.57151  65.3%   241 2068s

  5038  2600  468.21592  103  180  898.85000  311.57151  65.3%   242 2073s

  5064  2612 infeasible  105       898.85000  311.57151  65.3%   243 2079s

  5102  2673  404.63753  109  191  898.85000  311.57151  65.3%   245 2085s

  5185  2729  536.91397  113  161  898.85000  311.60964  65.3%   246 2092s

  5277  2799  427.66668  118  167  898.85000  311.60964  65.3%   248 2098s

  5382  2864  434.61307  123  165  898.85000  311.60964  65.3%   250 2105s

  5496  2940  556.64268  129  195  898.85000  311.60964  65.3%   251 2110s

  5624  2999  592.87993  137  166  898.85000  311.60964  65.3%   253 2117s

  5728  3007  662.78810  145  148  898.85000  311.60964  65.3%   254 2124s

  5776  3027  581.17147  146  171  898.85000  311.60964  65.3%   254 2129s

  5813  3073  586.44299  146  163  898.85000  311.60964  65.3%   254 2137s

  5874  3147  581.68635  147  158  898.85000  311.60964  65.3%   254 2144s

  5973  3277  610.39373  151  174  898.85000  311.60964  65.3%   252 2152s

  6145  3379  721.25310  171  128  898.85000  311.60964  65.3%   249 2161s

  6348  3455  322.93786   48  328  898.85000  311.60964  65.3%   246 2171s

  6542  3535  342.07102   56  202  898.85000  311.60964  65.3%   246 2178s

  6706  3721  391.39690   66  164  898.85000  311.60964  65.3%   247 2187s

  7004  3630  399.31505   85  162  898.85000  311.60964  65.3%   250 2196s

  7012  3747  400.19261   86  184  898.85000  311.60964  65.3%   250 2201s

  7189  3907  403.66132  101  151  898.85000  311.60964  65.3%   248 2211s

  7448  4344  414.96649  140  163  898.85000  311.60964  65.3%   247 2219s

  7973  4704  554.67951  182  135  898.85000  311.60964  65.3%   239 2227s

  8590  4736  641.63340  218  165  898.85000  311.97192  65.3%   229 2234s

  8879  5070  360.97050   55  230  898.85000  311.97192  65.3%   227 2244s

  9355  5325  469.95999  138  190  898.85000  311.97192  65.3%   226 2253s

H 9620  5210                     894.0100000  311.97192  65.1%   224 2253s

  9795  5379  382.59793   57  197  894.01000  311.97192  65.1%   224 2260s

  9973  5487  375.92989   61  219  894.01000  311.97192  65.1%   223 2269s

 10102  5755  390.56461   65  223  894.01000  311.97192  65.1%   225 2280s

 10419  6125  534.54924   74  194  894.01000  311.97192  65.1%   225 2288s

 10851  6175 infeasible  100       894.01000  312.58151  65.0%   225 2295s

 10903  6419  313.34088   44  325  894.01000  312.58151  65.0%   225 2306s

 11151  6720  321.70402   56  175  894.01000  312.58151  65.0%   224 2317s

 11472  7309  349.24158   75  214  894.01000  312.58151  65.0%   222 2327s

 12101  7420  419.97511  102  207  894.01000  312.58151  65.0%   217 2340s

H12215  7419                     891.5900000  312.58151  64.9%   216 2340s

 12217  7684  423.35765  103  160  891.59000  312.58151  64.9%   216 2354s

 12581  8490  482.52798  120  155  891.59000  312.58151  64.9%   215 2369s

 13412  8516  473.17834  118  212  891.59000  312.58151  64.9%   207 2380s

 13442  9110  583.78877  119  157  891.59000  312.58151  64.9%   208 2394s

 14141  9513  373.02271   79  206  891.59000  312.58912  64.9%   204 2406s

 14587 10358  817.96946  134  144  891.59000  312.58912  64.9%   203 2428s

 15538 10565  746.35444  144  188  891.59000  312.62223  64.9%   202 2437s

 15818 11315  314.98208   60  256  891.59000  312.63680  64.9%   202 2448s

 16659 11682  522.49222  218  154  891.59000  312.63680  64.9%   197 2457s

 17057 11830  741.07775  272  160  891.59000  312.63680  64.9%   197 2465s

 17206 12530 infeasible  273       891.59000  312.69000  64.9%   196 2476s

 17967 12685  413.04544   74  221  891.59000  312.69000  64.9%   192 2487s

 18129 13220  438.47891   97  247  891.59000  312.69000  64.9%   191 2499s

 18763 13550  317.08494   53  204  891.59000  312.69000  64.9%   188 2509s

 19132 14421  358.62145   78  212  891.59000  312.69000  64.9%   188 2524s

 20060 14911  689.41742  169  158  891.59000  312.69000  64.9%   186 2535s

 20614 15172  326.49346   70  191  891.59000  312.69000  64.9%   187 2551s

 20926 15342  370.89464  109  234  891.59000  312.69000  64.9%   187 2565s

H20950 15342                     891.5899928  312.69000  64.9%   187 2565s

 21101 15764  404.70179  133  190  891.58999  312.69000  64.9%   187 2580s

 21591 16772  456.34346  206  225  891.58999  312.69000  64.9%   187 2596s

 22712 17932  317.15728   80  239  891.58999  312.69000  64.9%   185 2611s

 23950 18263  396.99774  148  213  891.58999  312.69000  64.9%   180 2627s

H23955 18263                     891.5899554  312.69000  64.9%   180 2627s

 24302 18923  397.17369  149  203  891.58996  312.69000  64.9%   180 2644s

 25037 20572  586.46781  356  206  891.58996  312.69000  64.9%   179 2659s

 26760 21250  767.85280  176  149  891.58996  312.69000  64.9%   173 2673s

 27565 22242  657.07078  133  139  891.58996  312.69000  64.9%   171 2684s

H28675 22256                     891.5899493  312.69189  64.9%   170 2700s

H28687 22256                     891.5899484  312.69189  64.9%   170 2700s

 28689 22684  660.27666  145  200  891.58995  312.69189  64.9%   170 2715s

 29157 24461  322.89719   55  311  891.58995  312.69189  64.9%   169 2742s

 31081 24994  735.74941  174  160  891.58995  312.69204  64.9%   166 2752s

 31719 25582  381.61570   94  238  891.58995  312.72048  64.9%   165 2762s

 32390 26002  392.25759   78  239  891.58995  312.73049  64.9%   165 2776s

 32821 26047  532.52518  137  164  891.58995  312.73049  64.9%   165 2792s

 32876 26457  532.85262  138  153  891.58995  312.73049  64.9%   165 2810s

 33360 27413  358.30272   82  281  891.58995  312.73049  64.9%   165 2834s

 33807 27413  363.96569   92  222  891.58995  312.73049  64.9%   163 2835s

 34414 27796  533.32913  234  202  891.58995  312.73049  64.9%   163 2854s

 34865 28677  375.46712   68  227  891.58995  312.73049  64.9%   163 2875s

 35872 29913 infeasible  177       891.58995  312.73309  64.9%   163 2897s

 37155 30732  452.13405  105  143  891.58995  312.73309  64.9%   161 2917s

 38079 31088  361.10749   65  267  891.58995  312.77680  64.9%   161 2933s

 38461 31096  492.56153   82  185  891.58995  312.77680  64.9%   163 2948s

 38469 31138  384.96331   83  221  891.58995  312.77680  64.9%   163 2962s

 38511 31175  388.19983   83  204  891.58995  312.77680  64.9%   164 2975s

 38556 31211  390.31725   84  227  891.58995  312.77680  64.9%   164 2987s

 38594 31389  426.78459   86  157  891.58995  312.77680  64.9%   164 2999s

 38837 31567  542.92038  102  143  891.58995  312.77680  64.9%   165 3012s

 39072 31797  312.99754   65  286  891.58995  312.77708  64.9%   165 3024s

 39322 31861  345.96800   94  216  891.58995  312.77708  64.9%   166 3037s

 39386 32824  350.63037  102  247  891.58995  312.77708  64.9%   166 3050s

 40376 32924  774.63355  462  114  891.58995  312.77708  64.9%   165 3063s

 40480 33824  781.29890  463  124  891.58995  312.77708  64.9%   165 3075s

 41472 34071  442.87812   87  219  891.58995  312.77708  64.9%   164 3087s

 41754 34083  494.63854  108  245  891.58995  312.77708  64.9%   164 3098s

 41766 34478  496.06378  109  248  891.58995  312.77708  64.9%   164 3109s

 42187 34838  512.52996  125  236  891.58995  312.77708  64.9%   164 3122s

 42609 35480  640.32487  233  201  891.58995  312.79885  64.9%   165 3134s

 43327 36693  331.20717   64  288  891.58995  312.79885  64.9%   164 3147s

 44743 37746  370.44849   66  190  891.58995  312.82417  64.9%   163 3166s

 45918 38217  854.26049  284  149  891.58995  312.83270  64.9%   163 3176s

 46512 39341  388.19044  115  200  891.58995  312.83458  64.9%   163 3187s

 47812 40016  356.57340   73  178  891.58995  312.85503  64.9%   163 3197s

 48579 40579  326.06722   60  191  891.58995  312.85503  64.9%   162 3205s

 49184 41441  410.67220  110  178  891.58995  312.85503  64.9%   162 3222s

 50097 42038  659.90196  257  228  891.58995  312.85503  64.9%   163 3237s

 50834 42734  457.87286   87  227  891.58995  312.86468  64.9%   163 3249s

 51743 43404  635.01023  128  177  891.58995  312.90562  64.9%   163 3265s

H52334 43404                     891.5899451  312.90622  64.9%   163 3265s

 52505 44195  340.42356   73  249  891.58995  312.90622  64.9%   163 3279s

H52649 44195                     891.5899426  312.90622  64.9%   163 3279s

H53249 44195                     891.5899341  312.90622  64.9%   162 3279s

H53303 44195                     891.5899316  312.90622  64.9%   163 3279s

 53400 45472  356.49137   73  264  891.58993  312.90622  64.9%   163 3294s

 54787 46346  568.56391  168  243  891.58993  312.90622  64.9%   161 3308s

 55752 46910  570.54435  169  256  891.58993  312.92000  64.9%   160 3321s

 56357 47691  570.95472  170  265  891.58993  312.92000  64.9%   160 3333s

 57182 48535  571.89389  171  263  891.58993  312.92000  64.9%   160 3349s

 58104 48993  571.91348  172  264  891.58993  312.92000  64.9%   160 3362s

 58683 49706  315.04762   68  355  891.58993  312.92000  64.9%   160 3374s

 59499 50748  660.84594  178  197  891.58993  312.92000  64.9%   160 3399s

 60617 51741  544.44670  180  165  891.58993  312.92000  64.9%   160 3412s

 61761 52706  320.63222   79  210  891.58993  312.92000  64.9%   160 3430s

 62796 53133  488.54025  136  182  891.58993  312.92000  64.9%   159 3441s

 63255 53163  727.46166  262  164  891.58993  312.92000  64.9%   159 3452s

 63297 53266  727.75839  263  167  891.58993  312.92000  64.9%   159 3465s

 63406 53421  727.87794  264  158  891.58993  312.92535  64.9%   159 3476s

 63562 53811  728.08767  265  163  891.58993  312.92535  64.9%   159 3491s

 64018 54560  730.23629  266  176  891.58993  312.92535  64.9%   159 3505s

 64917 55122  322.71271   59  372  891.58993  313.00426  64.9%   159 3521s

 65553 55518  564.05182   81  204  891.58993  313.00426  64.9%   160 3534s

 65998 56541  420.89267   77  266  891.58993  313.01284  64.9%   160 3549s

 67209 57606  338.61943   60  196  891.58993  313.04382  64.9%   160 3563s

 68353 58293  555.52101  161  247  891.58993  313.04382  64.9%   159 3579s

 69088 59563  340.39801   70  277  891.58993  313.06016  64.9%   159 3591s

 70548 59574  315.11671   72  241  891.58993  313.06016  64.9%   158 3608s

 70559 59924  315.11686   73  237  891.58993  313.06016  64.9%   158 3621s

 70912 60702  433.17686  118  201  891.58993  313.06016  64.9%   158 3635s

 71856 61694  427.33463  104  207  891.58993  313.09982  64.9%   158 3647s

 72980 62398  766.26293  119  145  891.58993  313.09982  64.9%   158 3662s

 73802 63261  341.87484   80  222  891.58993  313.15138  64.9%   158 3673s

 74677 64743  459.81840  156  225  891.58993  313.15138  64.9%   158 3699s

 75699 64743  601.71607  201  169  891.58993  313.15138  64.9%   157 3700s

 76283 65184  436.82853  122  203  891.58993  313.15138  64.9%   157 3708s

 76760 66025  604.17276  198  128  891.58993  313.15138  64.9%   157 3720s

 77692 66640  363.25659   99  341  891.58993  313.20724  64.9%   157 3731s

 78380 67228  329.04701   70  184  891.58993  313.20724  64.9%   157 3739s

 79019 68320  379.14146  105  309  891.58993  313.20724  64.9%   157 3753s

 80195 68960  730.34259  253  210  891.58993  313.20724  64.9%   156 3764s

 80950 69083  439.13389   89  195  891.58993  313.22207  64.9%   156 3775s

 81073 69897  479.18311  107  205  891.58993  313.31833  64.9%   156 3787s

 81939 70585  353.10458   50  227  891.58993  313.31833  64.9%   157 3796s

 82717 70748 infeasible   89       891.58993  313.32535  64.9%   157 3811s

 82890 71286  321.51620   62  228  891.58993  313.34383  64.9%   157 3820s

 83518 71532  329.96910   54  343  891.58993  313.34785  64.9%   157 3834s

 83835 71831  461.02248   59  244  891.58993  313.35458  64.9%   158 3846s

 84194 71839  454.47064   64  213  891.58993  313.35458  64.9%   158 3860s

 84202 72142  455.40411   65  215  891.58993  313.35458  64.9%   158 3872s

 84607 73203  562.83767   71  249  891.58993  313.35458  64.9%   158 3887s

 85760 73689  364.87558  100  205  891.58993  313.38570  64.9%   158 3901s

 86308 74540  391.01499  116  165  891.58993  313.38570  64.9%   157 3916s

 87246 75048  603.34245  295  222  891.58993  313.38570  64.9%   157 3927s

 87789 75737  603.36410  296  224  891.58993  313.38570  64.9%   157 3944s

 88554 76312  701.18531  378  179  891.58993  313.41859  64.8%   157 3954s

 89166 77149  728.69813  377  191  891.58993  313.41859  64.8%   156 3977s

 90150 78027  488.01435  111  224  891.58993  313.48332  64.8%   156 3991s

 91094 78485  316.36186   59  329  891.58993  313.48332  64.8%   156 4006s

 91684 79254  743.34777  150  134  891.58993  313.48397  64.8%   156 4022s

 92573 79849  568.52733   93  265  891.58993  313.51010  64.8%   156 4037s

 93244 80462  661.32912  119  200  891.58993  313.51010  64.8%   157 4050s

 93996 81005  343.35924   70  207  891.58993  313.55833  64.8%   157 4067s

 94608 81366  351.37387   71  245  891.58993  313.55833  64.8%   158 4087s

 95028 82114  556.28217  160  190  891.58993  313.55833  64.8%   159 4108s

 95887 82122  474.24135   85  242  891.58993  313.55833  64.8%   160 4126s

 95895 82429  476.35457   86  232  891.58993  313.55833  64.8%   160 4145s

 96278 82992  718.08981  167  194  891.58993  313.55833  64.8%   160 4164s

 96407 82992  449.82884  107  185  891.58993  313.55833  64.8%   160 4165s

 96917 83390  549.30010  141  164  891.58993  313.55833  64.8%   160 4178s

 97432 84722  410.62331   90  205  891.58993  313.55833  64.8%   160 4198s

 98911 85099  716.50733  299  186  891.58993  313.55833  64.8%   160 4214s

 99383 85861  343.02179   68  239  891.58993  313.59182  64.8%   160 4230s

 100220 86716  457.11658  132  180  891.58993  313.59182  64.8%   160 4244s

 101210 87510 infeasible  204       891.58993  313.59182  64.8%   160 4262s

 102119 88567  375.32345   97  277  891.58993  313.62000  64.8%   161 4279s

 103375 89205  330.87573   50  276  891.58993  313.64111  64.8%   161 4295s

 104165 90182  664.84748  107  218  891.58993  313.64111  64.8%   162 4318s

 105316 90449  821.00645  105  130  891.58993  313.64111  64.8%   162 4328s

 105716 90899  357.08900   82  225  891.58993  313.64111  64.8%   162 4345s

 106299 91969  431.22128  120  181  891.58993  313.64111  64.8%   162 4361s

 107534 92952  406.52223   98  231  891.58993  313.68833  64.8%   163 4378s

 108585 93596  316.05666   53  268  891.58993  313.68833  64.8%   162 4392s

 109295 94491  377.80719  107  186  891.58993  313.68833  64.8%   162 4406s

 110282 94614  326.81579   61  155  891.58993  313.68833  64.8%   162 4422s

 110416 95109  340.19683   64  173  891.58993  313.68833  64.8%   162 4437s

 110930 95638  409.67700   92  203  891.58993  313.68833  64.8%   163 4453s

 111532 95928  336.27336   72  316  891.58993  313.68833  64.8%   163 4468s

 111875 96885  418.97131   99  307  891.58993  313.68833  64.8%   163 4485s

 112997 98108  347.21685   86  222  891.58993  313.70906  64.8%   163 4499s

 114333 98926  828.87105  307   81  891.58993  313.70906  64.8%   163 4517s

 115239 99710  323.63936   59  324  891.58993  313.72000  64.8%   163 4529s

 116132 100022  321.37506   59  214  891.58993  313.72000  64.8%   163 4543s

 116462 100947  394.74354   93  233  891.58993  313.72000  64.8%   163 4556s

 117417 101506  748.67961  197  206  891.58993  313.72000  64.8%   163 4574s

 118051 102539  767.32515  205  240  891.58993  313.72076  64.8%   164 4590s

 119180 102564  331.65682   89  234  891.58993  313.72092  64.8%   163 4617s

 119205 109811  331.65682   90  239  891.58993  313.72100  64.8%   163 4736s

 124205 109811  845.16996  252  100  891.58993  313.72228  64.8%   164 4740s

 127205 109939  560.65200  186  178  891.58993  313.75877  64.8%   165 4755s

 127400 110319  337.61881   64  166  891.58993  313.75877  64.8%   165 4769s

 127915 111312  323.37180   74  248  891.58993  313.76261  64.8%   165 4785s

 128981 111883  466.95805  182  186  891.58993  313.76261  64.8%   165 4799s

 129676 112184  324.95075   60  274  891.58993  313.76261  64.8%   165 4811s

 130005 112995  425.33210   86  164  891.58993  313.76296  64.8%   165 4827s

 130919 113837  325.36493   69  219  891.58993  313.76419  64.8%   165 4840s

 131853 113844  745.00979  177  183  891.58993  313.76419  64.8%   165 4857s

 131861 114007  745.69214  178  185  891.58993  313.76419  64.8%   165 4877s

 132045 114780  745.73222  179  181  891.58993  313.76419  64.8%   165 4890s

 132911 115093  448.50994  116  270  891.58993  313.78457  64.8%   165 4907s

 133243 115450  463.69031  121  247  891.58993  313.78457  64.8%   165 4920s

 133638 115766 infeasible  155       891.58993  313.80403  64.8%   165 4938s

 134074 116776  559.41775   67  198  891.58993  313.80704  64.8%   165 4968s

 135270 118500  387.50060  113  188  891.58993  313.82757  64.8%   166 4992s

 137165 118830  504.30877  212  138  891.58993  313.83386  64.8%   166 5008s

 137535 119698  333.16886   60  289  891.58993  313.83386  64.8%   166 5024s

 138488 120470  462.21398  112  213  891.58993  313.83386  64.8%   166 5041s

 139313 121502  768.65883  240  214  891.58993  313.83386  64.8%   166 5060s

 140466 122212  592.18263  123  180  891.58993  313.83635  64.8%   166 5077s

 141246 122741  377.10367  100  279  891.58993  313.83679  64.8%   166 5093s

 141815 123161 infeasible  233       891.58993  313.83679  64.8%   166 5108s

 142269 124190  595.47856   85  176  891.58993  313.85338  64.8%   166 5124s

 143483 124830  336.83666   62  343  891.58993  313.88068  64.8%   165 5141s

 144139 125020  491.58000   82  257  891.58993  313.88068  64.8%   165 5163s

 144348 125940  584.72684   99  227  891.58993  313.88068  64.8%   165 5185s

 145357 126743  494.49316  105  179  891.58993  313.88068  64.8%   165 5202s

 146268 128024  348.87244   96  206  891.58993  313.88068  64.8%   165 5223s

 147616 129082  715.55287  269  211  891.58993  313.88068  64.8%   165 5247s

 148810 129572  646.52027  165  163  891.58993  313.88068  64.8%   165 5268s

 149410 130390  799.61027  146  135  891.58993  313.91819  64.8%   165 5293s

 150391 131509  430.28710  142  193  891.58993  313.93274  64.8%   165 5318s

 151612 132343  364.18513   71  280  891.58993  313.93274  64.8%   165 5338s

 152531 133260  543.15978  171  218  891.58993  313.93274  64.8%   165 5358s

 153541 134340  335.52818   69  227  891.58993  313.93274  64.8%   165 5378s

 154678 135229  419.23272  139  225  891.58993  313.93274  64.8%   165 5393s

 155604 136212  322.41958   76  198  891.58993  313.93274  64.8%   165 5412s

 156755 137167  587.12716  111  138  891.58993  313.93274  64.8%   165 5430s

 157761 137540  823.28600  148  163  891.58993  313.95363  64.8%   165 5448s

 158163 138759  383.57433   80  272  891.58993  313.95363  64.8%   165 5471s

 159502 138795  844.02188  354  156  891.58993  313.95363  64.8%   164 5493s

 159541 139347  874.54007  385  154  891.58993  313.95363  64.8%   164 5509s

 160013 139347  535.87917  137  186  891.58993  313.95363  64.8%   164 5510s

 160140 140238  487.92508  132  153  891.58993  313.95363  64.8%   164 5527s

 161092 140735  794.31677  278  130  891.58993  313.97175  64.8%   164 5545s

 161692 141574  399.02147   83  253  891.58993  313.97175  64.8%   164 5565s

 162670 142379  362.96549  111  248  891.58993  313.99891  64.8%   164 5581s

 163522 143309  528.32878  188  294  891.58993  313.99891  64.8%   164 5609s

 164524 144001  696.08246  283  252  891.58993  313.99891  64.8%   164 5626s

 165330 144685  791.41039  332  227  891.58993  313.99891  64.8%   164 5643s

 166094 145097  376.78185   81  335  891.58993  314.00837  64.8%   164 5661s

 166554 146052  429.82551   95  291  891.58993  314.00837  64.8%   164 5682s

 167643 147063  345.30325  106  248  891.58993  314.00837  64.8%   164 5700s

 168754 147752  609.25205  221  181  891.58993  314.00837  64.8%   164 5714s

 169311 147752  428.84129  132  250  891.58993  314.07332  64.8%   164 5715s

 169507 148364  323.33019   62  208  891.58993  314.07332  64.8%   164 5732s

 170161 148938  499.06663  159  204  891.58993  314.07332  64.8%   164 5751s

 170804 149613  841.25064  320  187  891.58993  314.07332  64.8%   164 5765s

 171534 149621  679.09265  192  185  891.58993  314.07332  64.8%   165 5787s

 171542 149793  683.02684  193  189  891.58993  314.07332  64.8%   165 5807s

 171759 150054  685.37725  194  167  891.58993  314.07332  64.8%   165 5825s

 172046 150802  688.64185  195  169  891.58993  314.07332  64.8%   165 5846s

 172947 151283  679.67308  124  263  891.58993  314.08393  64.8%   165 5861s

 173524 152048  319.83161   81  326  891.58993  314.08393  64.8%   165 5881s

 174386 153137  468.73979  191  200  891.58993  314.08393  64.8%   165 5904s

 175529 153855  358.70898   69  226  891.58993  314.08393  64.8%   165 5920s

 176284 154863  649.99056  215  188  891.58993  314.08393  64.8%   165 5941s

 177424 155593  460.11701  122  205  891.58993  314.16852  64.8%   165 5961s

 178228 156493  661.67426  193  214  891.58993  314.16852  64.8%   165 5988s

 179293 156983 infeasible  152       891.58993  314.17670  64.8%   165 6004s

 179881 158135  358.01817   73  263  891.58993  314.21098  64.8%   165 6026s

 181095 159025  667.44818  241  198  891.58993  314.21970  64.8%   165 6043s

 182035 159845  347.05341  107  199  891.58993  314.21970  64.8%   165 6059s

 182957 160591  492.10927  201  231  891.58993  314.21970  64.8%   165 6075s

 183717 160859  720.27306  319  244  891.58993  314.21970  64.8%   165 6089s

 184011 161590  372.58132   66  262  891.58993  314.23402  64.8%   165 6106s

 184839 162048  327.48998   76  295  891.58993  314.23402  64.8%   165 6120s

 185367 162715  412.20101  143  291  891.58993  314.23402  64.8%   165 6136s

 186147 163360  359.73742   60  164  891.58993  314.23402  64.8%   165 6153s

 186951 163508  832.74403  101  139  891.58993  314.23402  64.8%   165 6171s

 187112 163869  845.73045  102  147  891.58993  314.23402  64.8%   165 6185s

 187558 164289 infeasible  102       891.58993  314.28510  64.8%   166 6203s

 188017 165167  346.32988   68  232  891.58993  314.28510  64.8%   166 6222s

 189025 165377  342.74223   61  250  891.58993  314.28510  64.8%   166 6237s

 189293 166443  366.10022   92  235  891.58993  314.29280  64.7%   166 6256s

 190404 167245  684.32340  313  123  891.58993  314.29280  64.7%   166 6278s

 191326 167392  585.84941  106  178  891.58993  314.29284  64.7%   166 6301s

 191485 167690 infeasible  107       891.58993  314.30375  64.7%   166 6316s

 191818 167851  315.71688   50  210  891.58993  314.30375  64.7%   166 6333s

 191979 168062  315.83571   51  202  891.58993  314.30375  64.7%   166 6353s

 192222 168217  315.92274   52  211  891.58993  314.30375  64.7%   166 6372s

 192380 168431  315.92274   53  209  891.58993  314.30375  64.7%   166 6386s

 192628 168887  317.44704   54  337  891.58993  314.30375  64.7%   166 6401s

 193126 169440  327.60548   80  262  891.58993  314.30744  64.7%   166 6432s

 193773 170189  519.88858  155  154  891.58993  314.31661  64.7%   166 6457s

 194724 170534  332.39510   68  293  891.58993  314.32989  64.7%   166 6479s

 195139 171934  634.36363  124  224  891.58993  314.32989  64.7%   166 6516s

 196644 172726 infeasible   93       891.58993  314.33383  64.7%   166 6545s

 197543 174040  337.20978   84  291  891.58993  314.34598  64.7%   167 6574s

 198970 174494  403.60703  165  160  891.58993  314.34598  64.7%   167 6595s

 199507 175406  494.66911  207  115  891.58993  314.34598  64.7%   167 6622s

 200503 176010 infeasible  282       891.58993  314.36852  64.7%   167 6644s

 201156 176487  464.90404  127  132  891.58993  314.36852  64.7%   167 6663s

 201682 177208  364.89433   99  213  891.58993  314.36852  64.7%   167 6683s

 202471 177690  343.24826   68  308  891.58993  314.38290  64.7%   167 6704s

 203030 178312  357.82649   86  249  891.58993  314.38736  64.7%   167 6722s

 203736 179534  322.98664   80  236  891.58993  314.41708  64.7%   167 6749s

 204119 179534  488.16253  121  218  891.58993  314.41708  64.7%   167 6750s

 205008 180436  712.90963  229  192  891.58993  314.42037  64.7%   167 6772s

 206005 181598  408.05077  119  254  891.58993  314.42037  64.7%   167 6797s

 207238 182310  348.43828  100  250  891.58993  314.42037  64.7%   166 6819s

 208056 182867  844.34140  178  143  891.58993  314.42116  64.7%   167 6847s

 208621 184359  846.14155  179  139  891.58993  314.42116  64.7%   167 6888s

 210232 185122  591.96650  153  177  891.58993  314.47337  64.7%   166 6911s

 211071 185828  393.05152   72  242  891.58993  314.47337  64.7%   166 6931s

 211849 186561  568.20679   92  165  891.58993  314.47337  64.7%   167 6954s

 212757 187825  342.20634   63  340  891.58993  314.48096  64.7%   167 6978s

 214127 188441  518.40894  186  180  891.58993  314.48096  64.7%   166 6997s

 214831 188747  346.41013   55  157  891.58993  314.49247  64.7%   166 7013s

 215209 188833  348.92661   56  174  891.58993  314.49247  64.7%   166 7026s

 215297 189191  362.18903   57  176  891.58993  314.49247  64.7%   166 7040s

 215716 189762  421.65387   70  184  891.58993  314.49270  64.7%   167 7058s

 216385 190620  327.08590   64  211  891.58993  314.49270  64.7%   167 7081s

 217314 191063  432.97547  130  240  891.58993  314.49270  64.7%   167 7102s

 217835 191953  671.53672  227  154  891.58993  314.49270  64.7%   167 7124s

 218821 192759  580.02700   82  180  891.58993  314.51574  64.7%   167 7150s

 219751 193563 infeasible   86       891.58993  314.51574  64.7%   167 7169s

 220176 193563  342.99783   66  239  891.58993  314.51574  64.7%   167 7170s

 220632 194352  419.70391  100  203  891.58993  314.51574  64.7%   167 7191s

 221515 194868  325.80679   76  286  891.58993  314.54960  64.7%   167 7207s

 222080 195859  431.68785  146  196  891.58993  314.54960  64.7%   167 7232s

 223203 197014  727.35736  393  226  891.58993  314.54960  64.7%   167 7263s

 224409 197527  564.19502  159  221  891.58993  314.54960  64.7%   167 7283s

 224946 198358  825.77440  203  302  891.58993  314.54960  64.7%   167 7306s

 225893 199095  831.55093  204  304  891.58993  314.57042  64.7%   166 7323s

 226642 200004  860.16101  205  278  891.58993  314.57042  64.7%   167 7345s

 227655 200245  368.41717   98  198  891.58993  314.57042  64.7%   166 7360s

 227971 200633  327.50769   78  270  891.58993  314.59835  64.7%   167 7375s

 228457 200985  427.83658  101  236  891.58993  314.59835  64.7%   167 7393s

 228860 201541  427.80007  123  179  891.58993  314.59916  64.7%   167 7409s

 229465 202370  561.54949  154  159  891.58993  314.59916  64.7%   168 7431s

 230528 203295  345.26863   63  216  891.58993  314.62648  64.7%   168 7453s

 231510 204051  468.97655  112  282  891.58993  314.62648  64.7%   168 7473s

 232343 204777  516.89536  146  248  891.58993  314.62648  64.7%   168 7493s

 233155 205716  330.61971   63  258  891.58993  314.62648  64.7%   168 7516s

 234195 206553  488.31982  138  205  891.58993  314.62648  64.7%   168 7539s

 234700 206553  450.43719  138  259  891.58993  314.62648  64.7%   168 7540s

 235155 207082  813.20694  273  236  891.58993  314.62648  64.7%   168 7558s

 235739 208088  498.52774  101  154  891.58993  314.62648  64.7%   168 7583s

 236837 208654  406.69901   95  220  891.58993  314.69279  64.7%   167 7603s

 237441 209533  670.90577  201  174  891.58993  314.69279  64.7%   167 7627s

 238414 210293  615.99836  115  147  891.58993  314.69279  64.7%   167 7653s

 239298 211576  377.57740  132  274  891.58993  314.73383  64.7%   167 7680s

 240623 212219  754.13222  268  203  891.58993  314.74587  64.7%   167 7698s

 241414 212796  377.12011   90  185  891.58993  314.74609  64.7%   167 7716s

 242060 213725  492.41680  165  216  891.58993  314.74609  64.7%   167 7739s

 243023 214600  844.02039  380  145  891.58993  314.74609  64.7%   167 7762s

 244015 215122     cutoff   91       891.58993  314.74609  64.7%   167 7777s

 244541 215312  531.11216  101  240  891.58993  314.74609  64.7%   167 7792s

 244788 215513  550.60191  102  232  891.58993  314.74609  64.7%   167 7803s

 245064 215823  551.61905  103  227  891.58993  314.79017  64.7%   167 7816s

 245406 216610  553.86538  104  237  891.58993  314.79088  64.7%   167 7834s

 246219 217509  558.23678  105  223  891.58993  314.79088  64.7%   167 7858s

 247225 218474  350.68026   79  227  891.58993  314.80213  64.7%   167 7878s

 248222 219494  472.02887  160  240  891.58993  314.80213  64.7%   167 7905s

 249340 220110  775.80819  316  195  891.58993  314.80213  64.7%   167 7926s

 250061 220414  465.19087   64  237  891.58993  314.80213  64.7%   167 7944s

 250488 220422  388.73590   75  181  891.58993  314.82373  64.7%   167 7973s

 250496 220796  395.05295   76  183  891.58993  314.85135  64.7%   167 7998s

 250898 221336  352.69151   82  240  891.58993  314.85135  64.7%   167 8019s

 251209 221336  393.95456  115  195  891.58993  314.85135  64.7%   167 8020s

 251560 222267  496.36759  144  240  891.58993  314.85135  64.7%   167 8045s

 252545 222575  758.15060  251  183  891.58993  314.85135  64.7%   167 8061s

 252899 223550  353.17755   57  226  891.58993  314.85135  64.7%   167 8092s

 253926 223972  443.08131  161  272  891.58993  314.85135  64.7%   167 8112s

 254368 224692  530.31215  206  228  891.58993  314.85135  64.7%   167 8137s

 255168 225683  356.56967   76  186  891.58993  314.88648  64.7%   167 8161s

 256220 226173  740.21732  184  180  891.58993  314.89933  64.7%   167 8182s

 256776 227384  354.08281   95  377  891.58993  314.89953  64.7%   167 8207s

 258085 227846  319.76599   80  226  891.58993  314.89953  64.7%   167 8222s

 258576 228923  443.38167  126  204  891.58993  314.89953  64.7%   167 8247s

 259763 229507  604.53439  202  221  891.58993  314.89953  64.7%   167 8266s

 260366 230384  602.37787  206  188  891.58993  314.89953  64.7%   167 8289s

 261166 230384  521.21907  193  222  891.58993  314.89953  64.7%   167 8290s

 261364 230942  328.79418   57  288  891.58993  314.89953  64.7%   167 8310s

 261943 231539  366.64754   79  229  891.58993  314.89953  64.7%   167 8329s

 262648 232383  448.66426  124  148  891.58993  314.89953  64.7%   167 8353s

 263646 233148  323.36927   60  337  891.58993  314.95366  64.7%   167 8377s

 264429 233801  422.93054  130  247  891.58993  314.95366  64.7%   167 8397s

 265179 233808  580.34953  230  235  891.58993  314.95366  64.7%   167 8431s

 265187 233964  582.95886  231  209  891.58993  314.95366  64.7%   167 8458s

 265382 234297  584.19987  232  215  891.58993  314.95366  64.7%   167 8476s

 265743 234651  736.66192  285  217  891.58993  314.95366  64.7%   167 8494s

 266157 235291  320.05241   78  253  891.58993  314.97795  64.7%   167 8519s

 266894 235918  371.38413   67  273  891.58993  314.97795  64.7%   167 8549s

 267340 235918  469.84964  153  220  891.58993  314.97795  64.7%   167 8550s

 267636 236513     cutoff  157       891.58993  314.97795  64.7%   167 8584s

 268368 237255  384.09676  105  210  891.58993  314.97795  64.7%   167 8611s

 269223 237934  410.16227   78  158  891.58993  314.97795  64.7%   167 8637s

 269970 238689  524.64171  159  193  891.58993  314.97795  64.7%   168 8671s

 270836 239662  353.41537   66  254  891.58993  314.97795  64.7%   167 8702s

 271955 240438  822.31217  144  186  891.58993  314.97795  64.7%   168 8727s

 272814 241259  336.52553   63  272  891.58993  315.04762  64.7%   168 8754s

 273691 241920  459.85088  124  197  891.58993  315.04762  64.7%   168 8783s

 274420 242161  339.70618   81  253  891.58993  315.04762  64.7%   168 8799s

 274667 243016  619.51340  114  149  891.58993  315.04762  64.7%   168 8825s

 275739 243941  578.76441  126  184  891.58993  315.05860  64.7%   168 8852s

 276820 244678  562.12415  115  165  891.58993  315.05860  64.7%   168 8879s

 277673 245197  357.23716   82  182  891.58993  315.05860  64.7%   168 8899s

 278212 246165  383.13752  115  199  891.58993  315.05860  64.7%   168 8930s

 279329 246526  523.02851  200  148  891.58993  315.12859  64.7%   168 8952s

 279923 246564  524.66369  208  134  891.58993  315.13451  64.7%   168 8989s

 279963 247052  525.10669  209  119  891.58993  315.13451  64.7%   168 9027s

H280294 247009                     888.1400000  315.13451  64.5%   168 9027s

 280480 247611  525.16206  210  117  888.14000  315.13451  64.5%   168 9050s

 281170 248482  551.85725  226  158  888.14000  315.13451  64.5%   168 9075s

 282159 249170  377.65343   83  299  888.14000  315.13451  64.5%   168 9105s

H282236 249164                     887.8800000  315.13451  64.5%   169 9105s

 282863 250115  422.09863  113  134  887.88000  315.13451  64.5%   168 9135s

 283939 250568  332.37631   66  253  887.88000  315.15853  64.5%   169 9159s

 284475 251167  352.28998   84  333  887.88000  315.15853  64.5%   169 9185s

 285255 251803  416.13213  103  214  887.88000  315.16248  64.5%   169 9208s

 285908 253012  501.54031  135  143  887.88000  315.16248  64.5%   169 9240s

 287278 253329  402.42876  114  181  887.88000  315.18725  64.5%   169 9260s

 287660 253783  464.80415   78  209  887.88000  315.18725  64.5%   169 9284s

 288217 254572  387.07572   81  186  887.88000  315.19969  64.5%   170 9308s

 289155 255535  351.87706   92  207  887.88000  315.22213  64.5%   170 9333s

 290270 256421  434.18111  171  214  887.88000  315.22213  64.5%   170 9359s

 290585 256421  677.88808  199  177  887.88000  315.22213  64.5%   170 9360s

 291329 257035  563.57279  281  257  887.88000  315.22213  64.5%   170 9382s

 291975 258147  682.07808  319  248  887.88000  315.22213  64.5%   170 9413s

 293152 259084  320.76075   60  237  887.88000  315.22213  64.5%   170 9446s

 294230 259538  441.15575   76  212  887.88000  315.23775  64.5%   170 9472s

 294805 260145  338.55304   60  348  887.88000  315.24195  64.5%   170 9497s

H295450 260152                     887.7600000  315.24195  64.5%   170 9534s

H295454 259965                     881.1300000  315.24195  64.2%   170 9534s

 295459 260825  521.65748  111  265  881.13000  315.27416  64.2%   170 9562s

 296456 261067  391.57775   66  224  881.13000  315.29417  64.2%   170 9587s

 296703 261491  400.48198   89  247  881.13000  315.29417  64.2%   170 9609s

 297165 263448  484.97279  123  293  881.13000  315.29417  64.2%   170 9661s

 299314 263874  447.52177  170  266  881.13000  315.30674  64.2%   170 9678s

 299821 265095  720.01203  249  173  881.13000  315.30674  64.2%   170 9705s

 301077 265964  382.31755  110  331  881.13000  315.30674  64.2%   170 9731s

 302067 266777  472.08531  199  177  881.13000  315.34251  64.2%   170 9754s

 302937 267523  589.46755  332  256  881.13000  315.34251  64.2%   170 9777s

 303788 268090  334.40328   59  243  881.13000  315.34251  64.2%   170 9796s

 304413 268571  532.78620  101  194  881.13000  315.34251  64.2%   170 9814s

 304948 269513  405.71323   86  178  881.13000  315.34251  64.2%   170 9838s

 305944 270345  720.33869  224  196  881.13000  315.34251  64.2%   170 9864s

 306837 271084  379.56466   97  190  881.13000  315.34251  64.2%   170 9890s

 307662 271766  353.58354   68  273  881.13000  315.34251  64.2%   170 9915s

 308396 271771  418.34946  125  173  881.13000  315.34251  64.2%   170 9945s

 308407 271819  418.69900  126  222  881.13000  315.34251  64.2%   170 9963s

 308480 271893  419.13265  127  211  881.13000  315.34251  64.2%   170 9976s

 308585 271969  419.14614  128  215  881.13000  315.36620  64.2%   170 9992s

 308661 272090  419.27073  129  177  881.13000  315.36620  64.2%   170 10011s

H308781 272071                     880.6800000  315.36620  64.2%   170 10011s

 308782 272935  419.36936  130  170  880.68000  315.36620  64.2%   170 10034s

 309363 272935  349.14305   80  149  880.68000  315.36620  64.2%   170 10035s

 309753 273319  599.98015  259  198  880.68000  315.36620  64.2%   170 10054s

 310183 273840  636.96961  289  173  880.68000  315.36620  64.2%   170 10080s

 310747 274470  681.04197  338  181  880.68000  315.36620  64.2%   170 10103s

 311510 274989  443.83356   72  224  880.68000  315.39168  64.2%   170 10132s

 312157 275870  395.06571  102  192  880.68000  315.42539  64.2%   170 10159s

 313047 277081  644.80238  284   97  880.68000  315.42539  64.2%   170 10198s

 314521 277805  562.09439  147  199  880.68000  315.42539  64.2%   170 10226s

 315406 278575  398.74480   99  271  880.68000  315.43501  64.2%   170 10253s

 316215 279335  363.37520   81  184  880.68000  315.43501  64.2%   170 10282s

 317028 280196  466.89901  141  259  880.68000  315.43501  64.2%   170 10312s

 317949 280831  712.04956  291  168  880.68000  315.44889  64.2%   170 10335s

 318628 281580  366.03244   76  220  880.68000  315.44889  64.2%   171 10362s

 319436 282014  577.92486  142  239  880.68000  315.45717  64.2%   171 10386s

 319947 282513  593.46453  142  229  880.68000  315.45717  64.2%   171 10409s

 320527 283229  577.92486  143  237  880.68000  315.45717  64.2%   171 10433s

 321301 284359  787.27657  238  139  880.68000  315.45717  64.2%   171 10466s

 322460 284947     cutoff  239       880.68000  315.45717  64.2%   171 10488s

 323153 285749  803.29297  240  158  880.68000  315.47131  64.2%   171 10513s

 323969 286727  776.05546  236  148  880.68000  315.47131  64.2%   171 10547s

 325040 287647  550.46635  106  223  880.68000  315.47131  64.2%   171 10574s

 326065 289031  386.43788  112  248  880.68000  315.54526  64.2%   171 10611s

 327486 289673  358.18823   74  302  880.68000  315.54526  64.2%   171 10631s

 328174 289992  394.32176  104  297  880.68000  315.54526  64.2%   171 10647s

 328514 290538  422.61500  121  283  880.68000  315.54526  64.2%   171 10664s

 329098 291099  441.68993  137  311  880.68000  315.54526  64.2%   171 10682s

 329703 291736  680.67800  240  232  880.68000  315.54526  64.2%   171 10703s

 330478 292306  416.94419   71  201  880.68000  315.58896  64.2%   171 10727s

 331252 292556  325.79794   63  304  880.68000  315.60554  64.2%   171 10743s

 331546 293541  333.54468   80  301  880.68000  315.60554  64.2%   171 10768s

 332556 294214  400.78660  138  256  880.68000  315.60554  64.2%   171 10796s

 333254 295012  492.69561  188  235  880.68000  315.60554  64.2%   171 10821s

 334241 295727  692.66033  375  235  880.68000  315.60554  64.2%   171 10846s

 335068 296065  412.08457   58  179  880.68000  315.60554  64.2%   171 10868s

 335465 296749  348.36830   66  292  880.68000  315.60554  64.2%   171 10891s

 336262 297147  667.15373  146  200  880.68000  315.60554  64.2%   171 10915s

 336692 297646  673.27231  147  176  880.68000  315.60554  64.2%   171 10934s

 337280 298356  365.27584   83  243  880.68000  315.69102  64.2%   171 10962s

 338082 298683  361.51328   70  223  880.68000  315.69102  64.2%   171 10984s

 338488 299325  489.92081   96  233  880.68000  315.69102  64.2%   171 11008s

 339157 299919  368.84180  104  271  880.68000  315.69102  64.2%   172 11032s

 339771 300427  497.28490  174  123  880.68000  315.74046  64.1%   172 11058s

 340312 301357  394.72043   94  197  880.68000  315.74217  64.1%   171 11085s

 341337 302527  630.85554  251  273  880.68000  315.74217  64.1%   171 11121s

 342544 303298  330.52748   68  206  880.68000  315.74217  64.1%   171 11143s

 343404 303306  512.25754   85  176  880.68000  315.74217  64.1%   171 11180s

 343412 303351  513.33405   86  183  880.68000  315.74217  64.1%   171 11217s

 343457 303746  524.35852   87  163  880.68000  315.74217  64.1%   171 11241s

 343873 304433  521.46082   87  191  880.68000  315.74217  64.1%   171 11265s

 344603 304971  534.51524   88  191  880.68000  315.74541  64.1%   171 11287s

 345172 305720  684.66337   98  186  880.68000  315.74541  64.1%   171 11312s

 345974 306388  335.42332   86  222  880.68000  315.74541  64.1%   171 11337s

 346690 306526  615.69079  186  224  880.68000  315.74541  64.1%   171 11354s

 346828 306923  840.27737  306  223  880.68000  315.74541  64.1%   171 11373s

 347274 307771  602.94623  118  198  880.68000  315.74541  64.1%   171 11402s

 348219 308297  318.74141   64  189  880.68000  315.78574  64.1%   171 11426s

 348792 308786  401.60443   86  163  880.68000  315.78574  64.1%   172 11453s

 349359 309433  435.65449  106  142  880.68000  315.78696  64.1%   172 11479s

 350149 309954  465.53549  130  278  880.68000  315.80510  64.1%   172 11504s

 350709 311121  707.87692  222  174  880.68000  315.80511  64.1%   172 11541s

 352011 312082  577.72277  221  157  880.68000  315.80511  64.1%   172 11575s

 353018 312824  404.92228   82  181  880.68000  315.80606  64.1%   172 11601s

 353792 313647  743.93509  211  170  880.68000  315.80606  64.1%   172 11629s

 354644 314266  375.77860   92  332  880.68000  315.80606  64.1%   172 11655s

 355312 315238  684.85630  135  204  880.68000  315.80606  64.1%   172 11686s

 356388 315930  577.61447   81  278  880.68000  315.80606  64.1%   172 11716s

 357198 316618  444.60348   98  226  880.68000  315.80828  64.1%   172 11740s

 357911 316626  444.18834  107  282  880.68000  315.86059  64.1%   172 11811s

 357919 316634  445.10710  108  286  880.68000  315.86059  64.1%   172 11839s

 357927 316730  447.81978  109  249  880.68000  315.86059  64.1%   172 11862s

 358042 316992  455.58410  110  256  880.68000  315.86059  64.1%   172 11898s

 358304 317109  455.84246  111  251  880.68000  315.86059  64.1%   172 11941s

 358451 317117  456.13787  112  251  880.68000  315.86059  64.1%   172 11985s

 358459 317296  457.29110  113  233  880.68000  315.86059  64.1%   172 12028s

 358655 317805  557.70941  114  242  880.68000  315.86059  64.1%   172 12077s

 359193 320400  395.46992   92  170  880.68000  315.86186  64.1%   172 12149s

 362053 321530  610.18116  162  193  880.68000  315.88160  64.1%   171 12185s

 363318 322366  453.62722   71  196  880.68000  315.89412  64.1%   171 12221s

 364352 323288  354.38373   77  236  880.68000  315.89412  64.1%   172 12253s

 365370 324121  705.16865  259  181  880.68000  315.89412  64.1%   171 12285s

 366308 324563  398.85507   74  177  880.68000  315.89412  64.1%   172 12310s

 366754 324814  521.89237  127  149  880.68000  315.89412  64.1%   172 12330s

 367010 325323  544.64625  127  130  880.68000  315.89412  64.1%   172 12355s

 367673 326249  338.11686   63  351  880.68000  315.92273  64.1%   172 12382s

 368721 327071  773.10328  244  140  880.68000  315.92273  64.1%   172 12412s

 369694 328346  543.68545  146  221  880.68000  315.92273  64.1%   172 12449s

 370114 328346  333.39544   61  234  880.68000  315.92273  64.1%   172 12450s

 371077 329205  323.75090   83  420  880.68000  315.93049  64.1%   172 12480s

 372029 329781  371.68723  145  172  880.68000  315.93049  64.1%   172 12506s

 372739 330396  471.50886  233  123  880.68000  315.93049  64.1%   172 12533s

 373439 331365  364.28313   83  313  880.68000  315.93049  64.1%   172 12563s

 374485 332257  650.87699  143  204  880.68000  315.93049  64.1%   172 12591s

 375465 333184  363.11319   94  142  880.68000  315.93049  64.1%   172 12619s

 376498 333879  450.90643  167  195  880.68000  315.93049  64.1%   172 12646s

 377243 335019  520.31417  193  145  880.68000  315.93049  64.1%   172 12676s

 378453 335529  344.67166   78  226  880.68000  315.93049  64.1%   172 12699s

 378982 336434  422.42119  133  248  880.68000  315.93049  64.1%   172 12725s

 379921 336870  705.31132  259  188  880.68000  315.93049  64.1%   172 12754s

 380436 337297  362.04167   70  191  880.68000  315.93049  64.1%   172 12774s

 380914 337854  491.92963   92  259  880.68000  315.93049  64.1%   172 12793s

 381524 338137  469.68294  109  243  880.68000  315.93049  64.1%   172 12812s

 381942 338732  488.54764  132  247  880.68000  315.93049  64.1%   172 12833s

 382596 339373  642.27995  182  163  880.68000  316.06695  64.1%   172 12862s

 383257 340219 infeasible  182       880.68000  316.06695  64.1%   173 12891s

 384176 340971  664.65518  188  155  880.68000  316.06718  64.1%   172 12917s

 385161 341613  470.83600  109  192  880.68000  316.06718  64.1%   172 12946s

 385807 342619  567.03948  171  220  880.68000  316.06718  64.1%   172 12979s

 386858 343278  365.76568   71  276  880.68000  316.06718  64.1%   172 13002s

 387632 343881  412.22842   94  256  880.68000  316.06718  64.1%   172 13024s

 388331 344685  465.98275  134  223  880.68000  316.06718  64.1%   172 13049s

 389204 345504  555.33633  163  155  880.68000  316.06718  64.1%   172 13074s

 390065 345504  860.36658  178  195  880.68000  316.06718  64.1%   172 13075s

 390122 346246  338.44753   61  209  880.68000  316.06718  64.1%   173 13098s

 390957 346891  588.71458   81  204  880.68000  316.06718  64.1%   173 13123s

 391747 347238  431.93207   94  208  880.68000  316.06718  64.1%   173 13145s

 392163 347918  562.55853  116  196  880.68000  316.06718  64.1%   173 13169s

 392878 347918  522.36124  132  205  880.68000  316.06718  64.1%   173 13170s

 392942 348890  336.61366   73  237  880.68000  316.06718  64.1%   173 13198s

 394009 349413  810.64869  188  173  880.68000  316.08759  64.1%   173 13219s

 394253 349413  553.82449  122  154  880.68000  316.08759  64.1%   173 13220s

 394623 350415  382.96800  117  205  880.68000  316.08759  64.1%   173 13249s

 395750 351225  352.43407   71  286  880.68000  316.18189  64.1%   173 13275s

 396561 351744  574.60374  175  229  880.68000  316.18189  64.1%   173 13300s

 397110 352474  761.74105  217  173  880.68000  316.18189  64.1%   173 13326s

 397908 353405  369.97066  133  283  880.68000  316.18189  64.1%   173 13355s

 398839 354215  438.00468  233  272  880.68000  316.18189  64.1%   173 13384s

 399727 354906  604.13836  346  263  880.68000  316.18189  64.1%   172 13411s

 400509 355769  338.02196   63  274  880.68000  316.21040  64.1%   172 13444s

 400756 355769  331.08129   74  196  880.68000  316.21040  64.1%   173 13445s

 401502 356282  350.37752   83  182  880.68000  316.22561  64.1%   173 13469s

 402058 356993  381.09025  105  200  880.68000  316.23083  64.1%   173 13499s

 402902 358027  540.69031  182  186  880.68000  316.23089  64.1%   173 13532s

 404027 358743  323.70081   69  236  880.68000  316.23089  64.1%   173 13556s

 404806 359411  578.89003  124  179  880.68000  316.23089  64.1%   173 13590s

 405595 360277  389.95662  107  147  880.68000  316.24129  64.1%   173 13619s

 406588 361053  334.95291   74  312  880.68000  316.24129  64.1%   173 13647s

 407422 361879  478.75515  145  190  880.68000  316.24129  64.1%   173 13673s

 408334 362578  346.57127   83  249  880.68000  316.24129  64.1%   173 13699s

 409109 363321  471.30159  176  203  880.68000  316.24129  64.1%   173 13747s

 409920 363838  835.69226  357  246  880.68000  316.28199  64.1%   173 13781s

 410503 364920  396.53823  103  230  880.68000  316.28873  64.1%   173 13819s

 411093 364920  542.11657  120  222  880.68000  316.28873  64.1%   173 13820s

 411627 365684  591.77771  229  232  880.68000  316.28873  64.1%   173 13851s

 412469 366028  832.43524  360  218  880.68000  316.28873  64.1%   173 13878s

 412890 366722  440.19187  111  218  880.68000  316.29015  64.1%   173 13913s

 413686 367440  323.61333   75  270  880.68000  316.29325  64.1%   173 13954s

 414424 368639  460.33744  120  206  880.68000  316.29325  64.1%   173 13994s

 415712 369307  857.70091  378   97  880.68000  316.31369  64.1%   173 14035s

 416456 370390  412.86706  122  274  880.68000  316.31369  64.1%   173 14081s

 417639 370995  695.83858  231  239  880.68000  316.32022  64.1%   173 14116s

 418289 371241  745.78723  263  313  880.68000  316.32022  64.1%   173 14138s

 418543 372137  766.80747  290  325  880.68000  316.33223  64.1%   173 14179s

 419538 373162  361.91863  108  177  880.68000  316.34093  64.1%   173 14211s

 420658 374018  467.38812  175  254  880.68000  316.34093  64.1%   173 14289s

 421615 374736  371.62105   69  208  880.68000  316.34093  64.1%   173 14329s

 422345 375673  592.67407  172  269  880.68000  316.34093  64.1%   173 14400s



Cutting planes:

  Learned: 11

  Gomory: 37

  Lift-and-project: 68

  Cover: 118

  Implied bound: 316

  Projected implied bound: 6

  Clique: 378

  MIR: 602

  Mixing: 15

  StrongCG: 49

  Flow cover: 904

  GUB cover: 7

  Inf proof: 7

  Zero half: 1002

  RLT: 36

  Relax-and-lift: 578



Explored 423325 nodes (73064242 simplex iterations) in 14403.55 seconds (10221.03 work units)

Thread count was 16 (of 16 available processors)



Solution count 10: 880.68 881.13 887.76 ... 907.58



Time limit reached

Best objective 8.806800000000e+02, best bound 3.163409302326e+02, gap 64.0799%



AMPL MP initial flat model has 11712 variables (0 integer, 11628 binary);

Objectives: 1 quadratic; 

Constraints:  2782 linear; 9 quadratic;



AMPL MP final model has 11712 variables (0 integer, 11628 binary);

Objectives: 1 quadratic; 

Constraints:  2782 linear; 9 quadratic;





-----RESULTS INFO-----
running_time:  14424.500000000002
TC.best_bound:  316.3409302325581
TC:  880.68
MIP Gap (%):  64.07992344182244
=== Vehicle Routes ===
Vehicle 1: 0  1
Vehicle 1: 1  6
Vehicle 1: 3  61
Vehicle 1: 6  60
Vehicle 1: 9  3
Vehicle 1: 60  9
Vehicle 2: 0  11
Vehicle 2: 2  59
Vehicle 2: 7  61
Vehicle 2: 11  16
Vehicle 2: 16  2
Vehicle 2: 59  7
Vehicle 3: 0  12
Vehicle 3: 4  61
Vehicle 3: 12  14
Vehicle 3: 13  4
Vehicle 3: 14  55
Vehicle 3: 55  13
Vehicle 4: 0  5
Vehicle 4: 5  57
Vehicle 4: 15  61
Vehicle 4: 57  15
Vehicle 5: 0  8
Vehicle 5: 8  53
Vehicle 5: 53  61
Vehicle 6: 0  10
Vehicle 6: 10  58
Vehicle 6: 58  61
Vehicle 7: 0  54
Vehicle 7: 54  61

=== Full Vehicle Routes ===
Vehicle 1: 0  1  6  60  9  3  0 (100<100)
Vehicle 2: 0  11  16  2  59  7  0 (93<100)
Vehicle 3: 0  12  14  55  13  4  0 (93<100)
Vehicle 4: 0  5  57  15  0 (97<100)
Vehicle 5: 0  8  53  0 (94<100)
Vehicle 6: 0  10  58  0 (100<100)
Vehicle 7: 0  54  0 (87<100)
Arc used by MRT line: y variables:
Customer assigment to PL: u variables:
17 54
18 60
19 57
20 58
21 53
22 55
23 55
24 59
25 53
26 53
27 54
28 58
29 54
30 57
31 53
32 55
33 58
34 55
35 60
36 57
37 58
38 54
39 54
40 55
41 54
42 57
43 60
44 60
45 58
46 54
47 57
48 59
49 53
50 55
51 60
52 57
Node is served by regular vehicle: g variables:
1
2
3
4
5
6
7
8
9
10
11
12
13
14
15
16
59
60
53
54
55
57
58
Customer assigment to Home delivery: gm variables:
1
2
3
4
5
6
7
8
9
10
11
12
13
14
15
16
Node total demands: ntd variables:
1 2 1
2 10 1
3 1 1
4 2 1
5 5 1
6 1 1
7 13 1
8 30 1
9 14 1
10 10 1
11 26 1
12 22 1
13 3 1
14 23 1
15 25 1
16 18 1
35 0 0
36 0 0
37 0 0
38 0 0
39 0 0
40 0 0
41 0 0
42 0 0
43 0 0
44 0 0
45 0 0
46 0 0
47 0 0
48 0 0
49 0 0
50 0 0
51 0 0
52 0 0
59 26 1
60 82 1
53 64 1
54 87 1
55 43 1
56 0 0
57 67 1
58 90 1
Customer's demand delivered to PL: l variables:
17
18
19
20
21
22
23
24
25
26
27
28
29
30
31
32
33
34
35
36
37
38
39
40
41
42
43
44
45
46
47
48
49
50
51
52
Lockers load <= capacity:
26 <= 91
82 <= 86
64 <= 70
87 <= 88
43 <= 77
0 <= 71
67 <= 98
90 <= 90
