Gurobi 12.0.3:   lim:time = 14400

  mip:bestbound = 1

Set parameter LogToConsole to value 1

  tech:outlev = 1

Set parameter Cuts to value 3

  cut:cuts = 3

Set parameter Presolve to value 2

  pre:solve = 2

Set parameter MIPFocus to value 2

  mip:focus = 2

Set parameter Symmetry to value 2

  mip:symmetry = 2

Set parameter InfUnbdInfo to value 1

Gurobi Optimizer version 12.0.3 build v12.0.3rc0 (win64 - Windows 10.0 (19045.2))



CPU model: Intel(R) Core(TM) i7-10700 CPU @ 2.90GHz, instruction set [SSE2|AVX|AVX2]

Thread count: 8 physical cores, 16 logical processors, using up to 16 threads



Non-default parameters:

TimeLimit  14400

MIPFocus  2

Symmetry  2

Cuts  3

InfUnbdInfo  1

Presolve  2



Optimize a model with 3460 rows, 17291 columns and 109564 nonzeros

Model fingerprint: 0x8f2f0ae2

Model has 5 quadratic objective terms

Model has 15 quadratic constraints

Variable types: 93 continuous, 17198 integer (0 binary)

Coefficient statistics:

  Matrix range     [1e+00, 1e+05]

  QMatrix range    [1e+00, 1e+00]

  QLMatrix range   [1e+00, 2e+01]

  Objective range  [2e+00, 1e+02]

  QObjective range [2e+00, 2e+00]

  Bounds range     [1e+00, 1e+02]

  RHS range        [1e+00, 1e+05]

  QRHS range       [9e+01, 1e+02]

Presolve removed 141 rows and 453 columns (presolve time = 5s)...

Presolve removed 137 rows and 928 columns

Presolve time: 6.19s

Presolved: 13552 rows, 26570 columns, 131177 nonzeros

Variable types: 1566 continuous, 25004 integer (23344 binary)

Root relaxation presolve removed 33 rows and 2 columns

Root relaxation presolved: 13499 rows, 26560 columns, 265185 nonzeros



Deterministic concurrent LP optimizer: primal and dual simplex

Showing primal log only...





Root simplex log...



Iteration    Objective       Primal Inf.    Dual Inf.      Time

       0    1.1218900e+03   2.556427e+02   4.329983e+09     14s

Concurrent spin time: 0.08s



Solved with dual simplex



Root simplex log...



Iteration    Objective       Primal Inf.    Dual Inf.      Time

    1378    2.0229887e+02   0.000000e+00   0.000000e+00     15s



Root relaxation: objective 2.022989e+02, 1378 iterations, 0.63 seconds (0.45 work units)

Total elapsed time = 15.62s (DegenMoves)



    Nodes    |    Current Node    |     Objective Bounds      |     Work

 Expl Unexpl |  Obj  Depth IntInf | Incumbent    BestBd   Gap | It/Node Time



     0     0  202.29887    0  222          -  202.29887      -     -   16s

     0     0  295.94088    0  176          -  295.94088      -     -   21s

     0     0  295.94088    0  160          -  295.94088      -     -   21s

     0     0  295.94088    0  166          -  295.94088      -     -   21s

     0     0  296.33935    0  249          -  296.33935      -     -   24s

     0     0  296.86535    0  244          -  296.86535      -     -   25s

     0     0  298.60008    0  237          -  298.60008      -     -   28s

     0     0  298.61788    0  238          -  298.61788      -     -   29s

     0     0  298.77863    0  248          -  298.77863      -     -   33s

     0     0  298.79940    0  248          -  298.79940      -     -   33s

     0     0  298.96413    0  265          -  298.96413      -     -   37s

     0     0  298.96413    0  250          -  298.96413      -     -   38s

     0     2  298.98413    0  250          -  298.98413      -     -   42s

    15    20  299.07020    4  229          -  298.98413      -   885   45s

    74    89  300.70621   12  257          -  299.07020      -   592   51s

   133   150  300.75471   15  192          -  299.07020      -   522   55s

   202   214  303.53077   27  182          -  299.07020      -   466   60s

   300   298  311.53901   34  234          -  299.07020      -   425   65s

   359   359  311.74261   41  249          -  299.07020      -   401   70s

   668   692  330.76646  116  224          -  299.07020      -   310   75s

   947   964  369.36710  178  200          -  299.07020      -   266   80s

  1279  1235  301.08739   12  241          -  299.07020      -   258   86s

  1507  1480  305.69334   40  134          -  299.07020      -   253   90s

  1817  1868  342.72932  144  168          -  299.07020      -   240   95s

  2285  2141  429.20861  215 6764          -  299.07020      -   219  107s

  2287  2142  421.05253  235  239          -  299.07020      -   219  113s

  2288  2143  360.94080  163  325          -  299.07020      -   219  119s

  2289  2144  417.59013  148  286          -  300.24419      -   219  121s

  2290  2144  312.02000   43  276          -  305.70851      -   219  129s

  2291  2145  419.65469   42  292          -  306.52900      -   219  136s

  2292  2146  319.32365   33  338          -  307.21854      -   219  145s

  2293  2146  307.21854   22  333          -  307.21854      -   219  153s

  2294  2147  413.40612  133  255          -  343.88640      -   219  164s

  2295  2148  458.89985  323  391          -  343.88640      -   218  172s

  2296  2148  343.88640   39  255          -  343.88640      -   218  178s

  2297  2149  453.76087  298  432          -  343.88640      -   218  185s

  2298  2150  448.99820  296  418          -  343.88640      -   218  195s

  2299  2150  343.95976  136  444          -  343.95976      -   218  207s

  2300  2151  343.95976    8  407          -  343.95976      -   218  218s

  2301  2152  343.95976   45  446          -  343.95976      -   218  231s

  2302  2152  344.76698   75  445          -  344.76698      -   218  239s

  2303  2153  360.78920   50  485          -  344.76698      -   218  247s

  2304  2154  344.76698   28  511          -  344.76698      -   218  255s

  2305  2154  344.76698  113  422          -  344.76698      -   218  262s

  2306  2155  551.86328  227  466          -  344.76698      -   217  283s

  2307  2156  393.39038   15  488          -  344.76698      -   217  291s

  2308  2156  344.76698   33  274          -  344.76698      -   217  300s

  2309  2157  344.76698   77  274          -  344.76698      -   217  306s

  2310  2158  344.76698   27  271          -  344.76698      -   217  315s

  2311  2158  344.76698   25  474          -  344.76698      -   217  345s

  2312  2159  344.76698   20  483          -  344.76698      -   217  353s

  2313  2160  344.76698   82  509          -  344.76698      -   217  356s

  2314  2160  618.72345  259  589          -  344.76698      -   217  360s

  2316  2162  397.89720   28  511          -  344.76698      -   216  370s

  2318  2163  459.08149  324  481          -  344.76698      -   216  378s

  2319  2164  368.21839  154  496          -  344.76857      -   216  412s

  2320  2164  682.36162   34  460          -  348.53017      -   216  447s

  2321  2165  511.09763   59  494          -  348.53017      -   216  451s

  2322  2166  448.69642  188  548          -  348.53017      -   216  456s

  2323  2166  434.33028   64  543          -  348.53017      -   216  460s

  2324  2167  348.53017   78  539          -  348.53017      -   216  502s

  2325  2168  464.49279   49  575          -  348.53017      -   216  507s

  2326  2168  355.45446   57  554          -  348.53017      -   216  546s

  2327  2169  364.73424  153  572          -  348.53017      -   215  551s

  2328  2170  366.22785  135  567          -  348.53017      -   215  556s

  2329  2170  416.96768  229  561          -  348.53017      -   215  582s

  2330  2171  532.22424  161  538          -  348.53017      -   215  620s

  2332  2172  451.83387  281  594          -  348.53017      -   215  661s

  2333  2173  348.67914   61  614          -  348.67914      -   215  698s

  2334  2174  418.90171  157  599          -  350.37118      -   215  730s

  2335  2174  421.66394  161  631          -  350.38172      -   215  762s

  2336  2175  452.05219  201  589          -  350.38172      -   215  797s

  2337  2176  350.38172   37  575          -  350.38172      -   215  800s

  2339  2177  350.38172   33  636          -  350.38172      -   214  807s

  2340  2178  350.38172   24  592          -  350.38172      -   214  815s

  2342  2179  350.38172   38  590          -  350.38172      -   214  821s

  2344  2180  350.38172   68  596          -  350.38172      -   214  826s

  2345  2181  397.89720   28  641          -  350.38172      -   214  832s

  2347  2182  350.38172   24  603          -  350.38172      -   214  843s

  2348  2183  350.38172   20  583          -  350.38172      -   214  848s

  2349  2184  378.83529   53  591          -  350.38172      -   213  852s

  2351  2185  426.46720  259  659          -  350.44370      -   213  855s

  2354  2187  350.44370   23  647          -  350.44370      -   213  860s

  2357  2189  360.31787  176  596          -  350.44370      -   213  887s

  2358  2190  350.44370   18  572          -  350.44370      -   213  890s

  2361  2192  350.44370    8  646          -  350.44370      -   212  897s

  2364  2194  350.44370   23  653          -  350.44370      -   212  901s

  2369  2198  682.07812  294 6764          -  350.44370      -   265  911s

  2371  2199  593.71638  195  269          -  350.44370      -   265  916s

  2372  2200  367.53546   92  251          -  350.44370      -   265  920s

  2376  2203  350.44370   88  515          -  350.44370      -   264  925s

  2381  2206  363.22613   54  540          -  350.44370      -   264  930s

  2385  2209  429.20861  215  553          -  350.44370      -   263  936s

  2386  2209  424.88525  142  572          -  350.44370      -   263  946s

  2391  2213  419.65469   42  587          -  350.44370      -   263  954s

  2392  2213  350.44370   33  504          -  350.44370      -   263  962s

  2393  2214  350.44370   22  544          -  350.44370      -   262  969s

  2394  2215  413.40612  133  446          -  350.44370      -   262  980s

  2399  2218  350.44370  136  473          -  350.44370      -   262  991s

  2400  2219  350.44370    8  452          -  350.44370      -   262 1026s

  2401  2219  350.44370   45  428          -  350.44370      -   262 1034s

  2402  2220  350.44370   75  523          -  350.44370      -   261 1043s

  2404  2221  350.44370   28  607          -  350.44370      -   261 1045s

  2409  2225  350.44370   77  567          -  350.44370      -   261 1052s

  2410  2225  350.44370   27  526          -  350.44370      -   261 1062s

  2412  2227  350.44370   20  609          -  350.44370      -   260 1071s

  2413  2227  350.44370   82  575          -  350.44370      -   260 1082s

  2418  2231  459.08149  324  567          -  350.44370      -   260 1085s

  2420  2232  682.36162   34  593          -  350.44370      -   260 1094s

  2421  2233  511.09763   59  531          -  350.44370      -   259 1106s

  2425  2235  464.49279   49  490          -  350.44370      -   259 1110s

  2427  2237  364.73424  153  553          -  350.44370      -   259 1121s

  2428  2237  366.22785  135  546          -  350.44370      -   259 1129s

  2429  2238  416.96768  229  552          -  350.44370      -   259 1130s

  2433  2241  350.44370   61  572          -  350.44370      -   258 1135s

  2435  2242  421.66394  161  609          -  350.44370      -   258 1144s

  2436  2243  452.05219  201  662          -  350.44370      -   258 1152s

  2438  2244  360.95943  177  609          -  350.44370      -   258 1162s

  2439  2245  350.44370   33  621          -  350.44370      -   257 1173s

  2440  2245  350.44370   24  605          -  350.44370      -   257 1182s

  2441  2246  357.75426   33  585          -  352.64181      -   257 1190s

  2446  2249  353.20817   19  635          -  353.20817      -   257 1200s

  2447  2250  353.20817   24  646          -  353.20817      -   257 1208s

  2448  2251  353.20817   20  670          -  353.20817      -   257 1210s

  2450  2252  357.88413  112  683          -  353.20817      -   256 1218s

  2451  2253  426.46720  259  670          -  353.20817      -   256 1226s

  2453  2254  353.20925   16  681          -  353.20925      -   256 1236s

  2454  2255  353.20925   23  515          -  353.20925      -   256 1247s

  2457  2257  360.31787  176  575          -  353.31595      -   256 1258s

  2458  2257  353.38933   18  565          -  353.38933      -   256 1266s

  2463  2261  353.38933   18  539          -  353.38933      -   255 1276s

  2464  2261  353.38933   23  479          -  353.38933      -   255 1283s

  2467  2263  353.38933   25  488          -  353.38933      -   255 1291s

  2468  2264  353.38933   28  488          -  353.38933      -   254 1301s

  2472  2267  367.53546   92  476          -  353.38933      -   254 1307s

  2474  2268  353.38933   20  482          -  353.38933      -   254 1310s

  2476  2269  353.38933   88  446          -  353.38933      -   254 1316s

  2477  2270  371.36035   95  461          -  353.38933      -   254 1320s

  2480  2272  439.42455   60  479          -  353.38933      -   253 1325s

  2482  2273  406.94944   53  477          -  353.38933      -   253 1331s

  2485  2280  353.38933   30  584          -  353.38933      -   308 1339s

  2489  2286  363.14812   31  300          -  353.38933      -   316 1345s

  2497  2291  377.67945   32  433          -  353.38933      -   324 1358s

  2505  2300  377.83164   33  357          -  353.38933      -   325 1387s

  2518  2311  441.08911   34  236          -  353.38933      -   329 1397s

  2540  2310  378.69565   36  448          -  353.38933      -   344 1415s

  2548  2318  379.60369   36  293          -  353.38933      -   348 1424s

  2569  2318  386.05550   38  289          -  353.38933      -   365 1428s

  2592  2332  388.31204   38  259          -  353.38933      -   375 1437s

  2615  2339  386.12695   40  275          -  353.38933      -   382 1444s

  2634  2342  398.73113   41  377          -  353.38933      -   391 1450s

  2647  2353  390.32905   42  293          -  353.38933      -   400 1455s

  2665  2367  390.33829   43  297          -  353.38933      -   408 1461s

  2685  2379  391.43562   44  279          -  353.38933      -   416 1470s

  2703  2388  390.97210   45  284          -  353.38933      -   423 1478s

  2718  2402  393.21563   46  259          -  353.38933      -   432 1485s

  2737  2418  398.54465   47  335          -  353.38933      -   440 1493s

  2760  2436  399.90773   48  295          -  353.38933      -   444 1501s

  2785  2456  399.90990   49  288          -  353.38933      -   449 1513s

  2814  2484  400.26879   50  302          -  353.38933      -   456 1520s

  2851  2519  461.24609   51  300          -  353.38933      -   459 1526s

  2899  2551  408.94793   53  291          -  353.38933      -   460 1532s

  2947  2566  405.14507   55  407          -  353.38933      -   463 1538s

  2978  2610  405.22755   56  408          -  353.38933      -   467 1543s

  3032  2630  461.62301   58  346          -  353.38933      -   470 1550s

  3070  2680  407.84351   60  404          -  353.38933      -   474 1557s

  3133  2690  417.42663   62  375          -  353.38933      -   475 1564s

  3164  2710  418.04566   63  387          -  353.38933      -   478 1575s

  3197  2725  419.57601   65  339          -  353.38933      -   487 1584s

  3231  2752  419.69902   66  362          -  353.38933      -   492 1593s

  3271  2796  422.52816   68  262          -  353.38933      -   497 1602s

  3333  2844  424.54260   70  262          -  353.38933      -   497 1611s

  3415  2906  424.39882   73  307          -  353.38933      -   493 1621s

  3521  2897  424.92801   76  456          -  353.38933      -   490 1630s

  3557  2939  424.94161   78  465          -  353.38933      -   496 1643s

  3617  2992  424.99703   80  439          -  353.38933      -   500 1652s

  3694  3033  425.65659   83  409          -  353.38933      -   499 1663s

  3773  3128  431.69540   86  284          -  353.38933      -   499 1674s

  3896  3155  508.67805   91  262          -  353.38933      -   494 1681s

  3978  3176  435.08323   94  319          -  353.38933      -   492 1693s

  4049  3273  435.44206   98  351          -  353.38933      -   494 1705s

  4172  3298  454.28629  103  222          -  353.38933      -   492 1717s

  4244  3359  455.17030  106  295          -  353.38933      -   494 1730s

  4346  3450  459.18576  110  299          -  353.38933      -   495 1744s

  4492  3442  517.60508  115  174          -  353.38933      -   492 1757s

  4554  3450  470.60328  117  291          -  353.38933      -   500 1802s

  4582  3535  499.85964  117  320          -  353.38933      -   502 1816s

  4681  3589  475.30014  120  286          -  353.38933      -   501 1829s

  4780  3679  478.32857  124  299          -  353.38933      -   502 1845s

  4909  3891  515.26690  129  197          -  353.38933      -   501 1861s

  5177  3904  602.47197  139  242          -  353.38933      -   490 1882s

  5314  3924  528.68882  145  199          -  353.38933      -   491 1900s

  5413  4030  574.72776  148  200          -  353.38933      -   498 1916s

  5556  4272  530.29956  152  193          -  353.38933      -   495 1934s

  5876  4289  638.44365  167  274          -  353.38933      -   487 1948s

  6010  4567 infeasible  169               -  359.90041      -   489 1971s

  6388  4604 infeasible  193               -  359.90041      -   476 1988s

  6568  5002  476.27874   48  294          -  359.90041      -   475 2007s

  7050  4994  546.74089   63  328          -  359.90041      -   456 2022s

  7263  5248  546.83073   64  346          -  359.90041      -   453 2040s

  7707  5204 infeasible   89               -  359.90041      -   442 2063s

  7851  5459  501.38758   52  311          -  366.87360      -   449 2084s

  8174  5671  601.40409   59  278          -  366.88763      -   447 2103s

  8502  6259  567.62196   73  261          -  366.88763      -   439 2127s

  9226  6621  601.18264  146  156          -  366.88763      -   416 2148s

  9901  6691  633.64729  253  200          -  367.45749      -   400 2174s

 10038  6875  648.74499  276  230          -  367.45749      -   406 2194s

 10250  7552 infeasible  290               -  367.45749      -   409 2221s

 11004  7763 infeasible  362               -  368.19956      -   394 2244s

 11266  8217  441.81021   52  302          -  368.19956      -   395 2269s

 11764  9173  547.15595   53  279          -  368.19956      -   389 2295s

 12812  9376  596.80641  182  203          -  368.19956      -   369 2325s

 13094  9744  836.70476  248  145          -  368.19956      -   370 2356s

 13535  9770  419.11827   45  269          -  373.49715      -   371 2411s

 13561 10096  419.17610   47  275          -  373.49715      -   373 2437s

 13887 10843  443.56843   64  294          -  373.49715      -   373 2465s

 14728 11337  562.34763   62  241          -  373.49715      -   367 2513s

 15253 12720  496.24731  126  193          -  373.49715      -   366 2560s

 16785 13358  656.39472  391  199          -  373.49715      -   349 2587s

 17563 13401  572.28805   44  326          -  373.58662      -   342 2606s

 17668 13613 infeasible   49               -  373.58662      -   347 2630s

 17902 13956  419.17806   46  421          -  377.68824      -   350 2655s

 18268 14290  441.04931   49  426          -  377.68824      -   350 2675s

 18630 14899  477.39690   60  354          -  378.67069      -   350 2710s

 19342 15240  440.83328   34  385          -  378.67069      -   345 2744s

 19755 16313  473.69745   49  243          -  378.67069      -   344 2781s

 20933 16574  691.77765  173  203          -  378.67069      -   336 2812s

 21216 17412  716.33756  309  186          -  378.67069      -   339 2843s

 22158 17604  433.41369   74  352          -  380.52793      -   336 2873s

 22419 17908  509.39350   85  268          -  380.52793      -   339 2909s

 22809 18832  506.31112  110  271          -  380.65718      -   342 2944s

 23900 19008 infeasible   83               -  381.55561      -   339 2980s

 24140 19259  478.69370   71  322          -  381.55561      -   342 3018s

 24479 19498  507.02595  105  194          -  381.55561      -   344 3062s

 24780 19705  644.21863  147  224          -  381.55561      -   347 3103s

 25039 20018  421.42895   53  223          -  383.05187      -   350 3141s

 25364 20703  458.28200   81  224          -  383.05187      -   352 3182s

 26139 20856 infeasible  181               -  385.74582      -   349 3222s

 26358 21500  588.74648   70  213          -  386.22147      -   355 3265s

 27030 22340  919.42701  188  139          -  386.22147      -   355 3308s

 28045 22577  427.13244   70  348          -  386.22147      -   352 3344s

 28353 22610  454.06483   97  281          -  386.22147      -   354 3402s

H28365 22600                    1651.0900000  386.22147  76.6%   355 3402s

 28390 22969  455.35562  101  290 1651.09000  386.22147  76.6%   355 3442s

H28458 22968                    1640.0900000  386.22147  76.5%   355 3442s

 28813 23416 infeasible  162      1640.09000  386.71700  76.4%   356 3491s

H28835 23416                    1630.2700000  386.71700  76.3%   356 3491s

H29096 23416                    1570.0200000  386.71700  75.4%   355 3491s

 29355 24569  517.84615   64  272 1570.02000  386.72780  75.4%   356 3565s

H29848 24565                    1490.9800000  386.72780  74.1%   353 3565s

H30695 24817                    1428.1700000  386.96243  72.9%   354 3607s

H30932 24815                    1406.0700000  386.96243  72.5%   354 3607s

 31006 26118  643.05582   56  300 1406.07000  386.96243  72.5%   355 3660s

H31019 26118                    1402.9800000  386.96243  72.4%   355 3660s

H31131 26114                    1388.7200000  386.96243  72.1%   355 3660s

H31276 26114                    1387.2000000  386.96243  72.1%   355 3660s

H31898 26113                    1375.5200000  386.96243  71.9%   351 3660s

 32473 26239 infeasible  120      1375.52000  386.96243  71.9%   348 3694s

H32478 26236                    1343.3400000  386.96243  71.2%   348 3694s

H32653 26266                    1330.1200000  387.64995  70.9%   350 3729s

H32656 26265                    1327.4600000  387.64995  70.8%   350 3729s

H32679 26258                    1303.4800000  387.64995  70.3%   350 3729s

 32701 26767  554.70213   74  260 1303.48000  387.74143  70.3%   351 3766s

H32712 26767                    1303.0600000  387.74143  70.2%   351 3766s

H32756 26740                    1235.0700000  387.74143  68.6%   350 3766s

H33248 27536                    1234.6500000  387.74143  68.6%   348 3807s

H33516 27504                    1196.6500000  387.87572  67.6%   347 3807s

H34122 27889                    1175.4700000  388.01998  67.0%   344 3846s

H34282 27861                    1163.4000000  388.01998  66.6%   343 3846s

H34321 27860                    1162.7400000  388.01998  66.6%   343 3846s

H34347 27843                    1152.8400000  388.01998  66.3%   343 3846s

H34376 27786                    1121.2300000  388.01998  65.4%   344 3846s

H34634 28633                    1088.6600000  388.01998  64.4%   342 3892s

 35725 29010 infeasible   79      1088.66000  388.04131  64.4%   339 3935s

H35905 28876                    1064.2200000  388.04131  63.5%   339 3936s

H36158 28766                    1040.0200000  388.04131  62.7%   338 3936s

H36233 29204                    1034.1200000  388.04131  62.5%   338 3980s

H36714 29192                    1032.0300000  388.63988  62.3%   338 3981s

 36768 30280  774.51725  215  171 1032.03000  388.63988  62.3%   338 4031s

H38026 30437                     997.6600000  389.46265  61.0%   334 4068s

H38060 30117                     957.2800000  389.46265  59.3%   334 4068s

 38472 30929  773.99338   89  245  957.28000  389.85501  59.3%   335 4112s

H38474 30890                     953.2400000  389.85501  59.1%   335 4112s

 39467 31342  660.97669  119  248  953.24000  390.80701  59.0%   333 4165s

H39834 31342                     953.1800000  391.74206  58.9%   334 4165s

 40111 31586  443.68407   56  432  953.18000  391.84446  58.9%   335 4201s

H40142 31586                     952.9000000  391.84446  58.9%   335 4201s

H40273 31521                     946.3200000  391.84446  58.6%   335 4201s

 40401 32205  506.88595   87  241  946.32000  391.84446  58.6%   336 4248s

H40856 32149                     941.4200000  391.84446  58.4%   335 4249s

 41204 32477  896.72204  305  199  941.42000  391.91547  58.4%   336 4291s

H41274 32128                     913.1900000  391.91547  57.1%   336 4291s

 41585 32579  891.81241   93  105  913.19000  392.57794  57.0%   336 4333s

 42113 33041  566.67416   54  210  913.19000  392.57794  57.0%   337 4378s

 42691 33777  517.76333   57  298  913.19000  392.57794  57.0%   337 4425s

 43580 33954 infeasible   69       913.19000  394.05199  56.8%   337 4471s

 43898 34521  606.18652   71  205  913.19000  394.17789  56.8%   340 4540s

 44786 35024  710.48805   72  239  913.19000  394.22601  56.8%   341 4596s

 45494 36086  542.58802   60  244  913.19000  394.47925  56.8%   342 4657s

 46769 36397 infeasible   80       913.19000  395.10428  56.7%   341 4703s

 47257 37273  463.46835   46  335  913.19000  395.39692  56.7%   342 4758s

 48352 37618  743.09871   78  156  913.19000  395.81136  56.7%   343 4799s

 48766 38419  508.40225   53  283  913.19000  396.18323  56.6%   345 4852s

 49708 38772  711.64263   76  184  913.19000  396.48398  56.6%   346 4909s

 49731 38772  718.61108  108  261  913.19000  396.74219  56.6%   347 4910s

 50154 39581  446.93761   54  308  913.19000  396.74219  56.6%   348 4962s

 51078 40116  543.65696   92  274  913.19000  396.84429  56.5%   348 5019s

 51780 40605  422.84100   55  293  913.19000  396.84429  56.5%   347 5071s

 52344 41842  655.62231  115  240  913.19000  396.84429  56.5%   348 5124s

 52836 41842  402.52644   40  294  913.19000  396.84429  56.5%   347 5125s

 53893 42224  549.56399   63  331  913.19000  397.62510  56.5%   346 5172s

 54313 42237  829.54894  166  241  913.19000  397.62510  56.5%   347 5216s

 54326 42415  892.55501  168  248  913.19000  397.68418  56.5%   347 5261s

 54515 43153 infeasible   73       913.19000  397.79335  56.4%   347 5314s

 54911 43153  697.21597  162  199  913.19000  397.79335  56.4%   346 5315s

 55365 44033  577.71021   76  241  913.19000  397.79335  56.4%   346 5367s

 56433 44384 infeasible  114       913.19000  398.17483  56.4%   345 5415s

 56879 45305  473.91653   66  290  913.19000  398.47389  56.4%   347 5467s

 57951 45633  731.35314   86  193  913.19000  398.47389  56.4%   347 5523s

 58408 46843  816.68399  143  180  913.19000  398.47389  56.4%   348 5597s

 59802 47080  555.35518   92  304  913.19000  400.74626  56.1%   347 5640s

 60121 47407  568.25565   61  297  913.19000  400.96739  56.1%   349 5682s

 60462 48395  499.35455   69  141  913.19000  401.49067  56.0%   349 5735s

 61600 48873  561.97015  115  350  913.19000  402.03130  56.0%   348 5779s

 62246 49714  439.90001   49  451  913.19000  402.52759  55.9%   349 5830s

 63313 50172  517.05466   67  235  913.19000  402.85835  55.9%   348 5872s

 63864 51423  711.57492  163  186  913.19000  402.85835  55.9%   348 5923s

 65456 51639  646.28378  130  268  913.19000  402.87427  55.9%   345 5965s

 65734 52049  590.39593   79  281  913.19000  403.25699  55.8%   346 6018s

 66286 52571  547.27141   66  193  913.19000  403.61245  55.8%   347 6061s

 66914 53277  493.10987   86  257  913.19000  403.95917  55.8%   347 6109s

 67434 53277  493.12287   59  332  913.19000  403.97048  55.8%   347 6110s

 67854 53507 infeasible  145       913.19000  404.27261  55.7%   347 6151s

 68170 54032  553.38801   58  307  913.19000  404.41386  55.7%   349 6203s

 68830 54455  519.27218   55  532  913.19000  404.96935  55.7%   350 6252s

 69417 55133  450.26503   61  293  913.19000  405.18014  55.6%   350 6303s

 70328 55360 infeasible   92       913.19000  405.18014  55.6%   350 6353s

 70663 56118 infeasible   74       913.19000  405.31073  55.6%   352 6407s

 71612 56433  518.90706   65  293  913.19000  406.35510  55.5%   352 6455s

 71992 57704  703.82503  147  181  913.19000  406.35510  55.5%   354 6507s

 73394 58217  534.76828   88  274  913.19000  406.67743  55.5%   351 6566s

 73987 60092  620.81758  137  251  913.19000  406.71305  55.5%   352 6655s

 76185 60298  522.46437   51  304  913.19000  407.45359  55.4%   350 6692s

 76482 60720 infeasible  103       913.19000  407.47687  55.4%   350 6727s

 76951 61503  591.17444   60  242  913.19000  407.70741  55.4%   351 6780s

 77892 61767 infeasible   97       913.19000  408.12586  55.3%   350 6822s

 78213 62819  526.12190   62  315  913.19000  408.22111  55.3%   352 6868s

 79449 63264 infeasible   80       913.19000  408.48502  55.3%   351 6903s

 80019 64293  873.78814  159  182  913.19000  408.52017  55.3%   350 6958s

 81227 65060  491.61567   76  302  913.19000  408.88276  55.2%   349 7010s

 82188 65364  557.92002   45  383  913.19000  409.12257  55.2%   349 7051s

 82591 65764  754.75547  119  208  913.19000  409.12257  55.2%   350 7096s

 83071 66179  519.62787   64  304  913.19000  409.25180  55.2%   350 7139s

 83591 67127  515.88361   43  296  913.19000  409.66219  55.1%   350 7186s

 84755 67383 infeasible   68       913.19000  409.84346  55.1%   349 7227s

 85115 68137  578.25588   85  342  913.19000  409.84346  55.1%   350 7276s

 86075 68345  822.94935   94  183  913.19000  410.41541  55.1%   350 7322s

 86323 68921  481.91999   48  415  913.19000  410.45467  55.1%   351 7367s

 86998 69658  434.92694   52  306  913.19000  410.45467  55.1%   351 7421s

 87862 70238  772.36585  190  225  913.19000  410.45467  55.1%   351 7482s

 88583 71483  612.74837   63  289  913.19000  410.80537  55.0%   351 7549s

 90210 71779  800.89674  153  229  913.19000  410.86207  55.0%   350 7584s

 90589 72749  580.99697   86  279  913.19000  410.88808  55.0%   351 7633s

 91749 72989  494.24848   49  425  913.19000  411.09186  55.0%   350 7674s

 92037 73735 infeasible   62       913.19000  411.09186  55.0%   351 7719s

 92780 73735  530.05382   76  277  913.19000  411.18661  55.0%   351 7720s

 92885 73972 infeasible  104       913.19000  411.18661  55.0%   351 7769s

 93245 74298 infeasible   44       913.19000  411.27127  55.0%   352 7811s

 93666 75138  489.07533   59  324  913.19000  411.45250  54.9%   353 7860s

 94783 75619  789.46270  148  196  913.19000  411.68641  54.9%   353 7897s

 95351 76199  571.36469   83  226  913.19000  411.68641  54.9%   353 7941s

 96001 76598  772.83115  183  203  913.19000  411.68641  54.9%   352 7993s

 96464 77710  433.74221   54  335  913.19000  411.70410  54.9%   352 8047s

 97715 78194  611.33563  123  257  913.19000  412.08033  54.9%   352 8088s

 98328 79130  515.63065   54  238  913.19000  412.08033  54.9%   352 8135s

 99462 79591  603.97180  107  209  913.19000  412.52097  54.8%   351 8183s

 99998 80813  560.71268   71  310  913.19000  412.55716  54.8%   352 8239s

 101449 81260  453.99409   65  327  913.19000  412.56659  54.8%   350 8286s

 101964 82218  638.86612  123  285  913.19000  412.56659  54.8%   350 8335s

 103118 82725  556.60905  127  352  913.19000  413.20191  54.8%   349 8392s

 103730 84277  855.48204  206  270  913.19000  413.26053  54.7%   350 8471s

 105528 84673  641.89863  150  266  913.19000  413.52108  54.7%   349 8512s

 105981 85131  817.68251  217  208  913.19000  413.52108  54.7%   349 8558s

 106568 85230  611.88600   66  165  913.19000  413.88645  54.7%   350 8601s

H106610 83084                     868.0500000  413.88645  52.3%   350 8601s

 106691 83387  653.24101   78  194  868.05000  413.88645  52.3%   350 8656s

 107137 83915  479.41209   62  383  868.05000  413.88645  52.3%   351 8713s

 107814 85026  586.83685   96  354  868.05000  413.88645  52.3%   352 8777s

 109136 85258 infeasible   50       868.05000  414.19856  52.3%   352 8821s

 109440 86468  576.13778   85  359  868.05000  414.21030  52.3%   353 8880s

 110818 86820  546.21735   66  358  868.05000  414.40160  52.3%   352 8924s

 111287 87482  464.02009   66  377  868.05000  414.40160  52.3%   352 8979s

 112068 88089 infeasible  116       868.05000  414.40160  52.3%   352 9030s

H112069 87779                     863.8500000  414.40160  52.0%   352 9030s

 112769 88293  753.06854  181  186  863.85000  414.70993  52.0%   352 9083s

 113408 89129  498.38586   51  375  863.85000  414.70993  52.0%   352 9141s

 114345 89558  519.02736   54  363  863.85000  414.91331  52.0%   353 9197s

 114903 90413  854.11885  114  229  863.85000  414.95045  52.0%   353 9260s

 115888 90565  535.29101   88  264  863.85000  414.95045  52.0%   353 9331s

 116104 90855  537.91843   89  313  863.85000  414.95045  52.0%   354 9379s

 116415 91074  538.30988   90  302  863.85000  415.25296  51.9%   354 9432s

 116701 91556  541.35514   91  297  863.85000  415.27276  51.9%   354 9486s

 117300 92730  535.88409   52  428  863.85000  415.27276  51.9%   354 9550s

 118697 93159  492.14123   73  265  863.85000  415.57044  51.9%   354 9611s

 119247 94588  511.24776   90  349  863.85000  415.70414  51.9%   354 9699s

 120956 94930 infeasible   58       863.85000  415.98868  51.8%   354 9743s

 121348 95358  538.82847   57  239  863.85000  415.99917  51.8%   354 9793s

 121862 96510  525.98459   64  305  863.85000  416.01281  51.8%   354 9856s

 123254 96975  531.27336   45  397  863.85000  416.11792  51.8%   354 9899s

 123641 96975  832.67884  142  201  863.85000  416.11792  51.8%   354 9900s

 123837 97917  748.86299  118  220  863.85000  416.11792  51.8%   354 9956s

 124925 98481  579.01598  102  292  863.85000  416.36046  51.8%   354 10002s

 125592 99633  478.54199   66  288  863.85000  416.41172  51.8%   354 10064s

 126895 100050 infeasible  140       863.85000  416.58993  51.8%   353 10133s

 127405 100999  480.30251   81  322  863.85000  416.58993  51.8%   354 10183s

 128489 101305  560.92869   80  228  863.85000  416.61636  51.8%   353 10226s

 128889 102210  478.32113   56  325  863.85000  416.92367  51.7%   354 10277s

 129989 102558  550.38936   67  266  863.85000  417.11173  51.7%   353 10319s

 130360 103386  770.95093  108  264  863.85000  417.11173  51.7%   354 10369s

 131380 103715  516.54060   82  294  863.85000  417.19475  51.7%   354 10415s

 131867 104151  668.85054  107  254  863.85000  417.19475  51.7%   354 10463s

 132431 105173  554.83719  112  272  863.85000  417.29474  51.7%   355 10519s

 133727 105765  604.32448   73  346  863.85000  417.40903  51.7%   354 10579s

 134417 107127  526.73472   72  249  863.85000  417.54679  51.7%   354 10652s

 135930 107566  514.97426  104  288  863.85000  417.63335  51.7%   354 10692s

 136440 108649  677.96338  220  253  863.85000  417.67573  51.6%   354 10742s

 137688 109021  588.79452  120  405  863.85000  417.79997  51.6%   354 10785s

 138162 109719  683.73228  135  333  863.85000  417.91876  51.6%   354 10832s

 139045 110109  425.49628   55  359  863.85000  417.91876  51.6%   354 10887s

 139521 111119  592.63443   95  242  863.85000  418.09917  51.6%   355 10965s

 140705 111416  488.57693   52  331  863.85000  418.23863  51.6%   354 11031s

 141084 112354  521.65168   88  399  863.85000  418.23863  51.6%   355 11114s

 142245 112731  524.94016   56  413  863.85000  418.44647  51.6%   354 11170s

 142646 113632  765.31668  113  215  863.85000  418.44647  51.6%   355 11248s

 143706 114343  497.08827   65  291  863.85000  418.63090  51.5%   354 11332s

 144582 114618  565.97181   48  303  863.85000  418.63408  51.5%   354 11407s

 144998 115006  532.76843   53  351  863.85000  418.63408  51.5%   355 11480s

 145486 115909  614.84143   87  294  863.85000  418.80313  51.5%   355 11565s

 146583 116257  641.79901   83  271  863.85000  418.82302  51.5%   355 11631s

 147007 117467  507.43466   74  293  863.85000  418.92439  51.5%   355 11727s

 148396 117840  523.88881   68  293  863.85000  418.92616  51.5%   354 11817s

 148863 119622  642.21207  134  179  863.85000  418.92616  51.5%   355 11986s

 151002 119965  545.19920  123  221  863.85000  419.16629  51.5%   355 12056s

 151425 120350  674.48304  141  231  863.85000  419.21192  51.5%   355 12133s

 151912 121262  501.95087   53  155  863.85000  419.21747  51.5%   355 12245s

 153082 121666  470.89503   43  409  863.85000  419.40233  51.4%   355 12318s

 153550 122774  506.03460   81  304  863.85000  419.40233  51.4%   355 12421s

 154890 123148 infeasible  108       863.85000  419.40233  51.4%   355 12487s

 155418 123764  535.84880   66  246  863.85000  419.53967  51.4%   355 12558s

 156193 124076  457.08754   52  210  863.85000  419.59435  51.4%   354 12628s

 156580 124895  643.22861   88  349  863.85000  419.59435  51.4%   355 12725s

 157611 125249  772.59989  126  221  863.85000  419.76426  51.4%   355 12809s

 157920 125249  656.67055   80  235  863.85000  419.76426  51.4%   355 12810s

 158080 125979  531.94607   58  379  863.85000  419.78408  51.4%   355 12906s

 158939 126361  465.88858   66  490  863.85000  419.91700  51.4%   355 12983s

 159419 127223  700.83522  114  268  863.85000  419.91700  51.4%   356 13089s

 159648 127223  453.21116   37  324  863.85000  419.91700  51.4%   356 13090s

 160553 127572 infeasible   90       863.85000  420.06663  51.4%   356 13171s

 161028 128498  550.63646   78  255  863.85000  420.06663  51.4%   356 13261s

 162138 128924  554.08007   63  282  863.85000  420.29004  51.3%   356 13339s

 162637 129820  696.03209  135  178  863.85000  420.29004  51.3%   356 13444s

 163840 129979  585.06364   54  252  863.85000  420.43581  51.3%   356 13542s

 164118 131617  677.70589   65  164  863.85000  420.43581  51.3%   357 13809s

 164470 131617  578.37830   70  283  863.85000  420.43581  51.3%   357 13810s

 166075 132564  651.27269  151  161  863.85000  420.61733  51.3%   357 13962s

 167196 134295  781.61687  141  220  863.85000  420.71974  51.3%   357 14107s

 169232 134612  443.75354   61  302  863.85000  420.83111  51.3%   356 14206s

 169674 135385  480.62099   62  193  863.85000  420.84102  51.3%   356 14304s

H169880 135196                     861.0900000  420.85923  51.1%   356 14305s

 170618 135588  432.87745   56  485  861.09000  421.01913  51.1%   356 14391s

 171088 135598  628.14810   82  215  861.09000  421.01913  51.1%   356 14400s



Cutting planes:

  Learned: 18

  Gomory: 25

  Cover: 156

  Implied bound: 345

  Projected implied bound: 24

  Clique: 371

  MIR: 423

  Mixing: 37

  StrongCG: 47

  Flow cover: 1045

  GUB cover: 9

  Inf proof: 2

  Zero half: 929

  RLT: 77

  Relax-and-lift: 252

  BQP: 1



Explored 171098 nodes (60974917 simplex iterations) in 14400.68 seconds (13980.41 work units)

Thread count was 16 (of 16 available processors)



Solution count 10: 861.09 863.85 868.05 ... 957.28



Time limit reached

Best objective 8.610900000000e+02, best bound 4.210191343995e+02, gap 51.1063%



AMPL MP initial flat model has 17291 variables (0 integer, 17198 binary);

Objectives: 1 quadratic; 

Constraints:  3460 linear; 15 quadratic;



AMPL MP final model has 17291 variables (0 integer, 17198 binary);

Objectives: 1 quadratic; 

Constraints:  3460 linear; 15 quadratic;





-----RESULTS INFO-----
running_time:  14407.562000000002
TC.best_bound:  421.0191343995161
TC:  861.09
MIP Gap (%):  51.106256674735974
=== Vehicle Routes ===
Vehicle 1: 0 → 3
Vehicle 1: 1 → 65
Vehicle 1: 3 → 17
Vehicle 1: 10 → 14
Vehicle 1: 12 → 1
Vehicle 1: 14 → 15
Vehicle 1: 15 → 16
Vehicle 1: 16 → 12
Vehicle 1: 17 → 10
Vehicle 2: 0 → 5
Vehicle 2: 2 → 7
Vehicle 2: 4 → 65
Vehicle 2: 5 → 2
Vehicle 2: 7 → 4
Vehicle 3: 0 → 61
Vehicle 3: 6 → 65
Vehicle 3: 11 → 13
Vehicle 3: 13 → 6
Vehicle 3: 61 → 11
Vehicle 4: 0 → 8
Vehicle 4: 8 → 63
Vehicle 4: 18 → 65
Vehicle 4: 63 → 18
Vehicle 5: 0 → 9
Vehicle 5: 9 → 62
Vehicle 5: 43 → 65
Vehicle 5: 62 → 43
Vehicle 6: 0 → 60
Vehicle 6: 38 → 65
Vehicle 6: 60 → 38
Vehicle 7: 0 → 55
Vehicle 7: 41 → 65
Vehicle 7: 55 → 41
Vehicle 8: 0 → 56
Vehicle 8: 56 → 65
Vehicle 9: 0 → 57
Vehicle 9: 57 → 65

=== Full Vehicle Routes ===
Vehicle 1: 0 → 3 → 17 → 10 → 14 → 15 → 16 → 12 → 1 → 0 (94<100)
Vehicle 2: 0 → 5 → 2 → 7 → 4 → 0 (75<100)
Vehicle 3: 0 → 61 → 11 → 13 → 6 → 0 (99<100)
Vehicle 4: 0 → 8 → 63 → 18 → 0 (97<100)
Vehicle 5: 0 → 9 → 62 → 43 → 0 (92<100)
Vehicle 6: 0 → 60 → 38 → 0 (100<100)
Vehicle 7: 0 → 55 → 41 → 0 (98<100)
Vehicle 8: 0 → 56 → 0 (95<100)
Vehicle 9: 0 → 57 → 0 (89<100)
Arc used by MRT line: y variables:
MRT used: 60 → 59
Customer assigment to PL: u variables:
19 57
20 61
21 60
22 63
23 63
24 56
25 62
26 59
27 55
28 60
29 57
30 63
31 56
32 60
33 63
34 61
35 57
36 60
37 62
39 56
40 56
42 61
44 62
45 55
46 55
47 63
48 55
49 60
50 60
51 62
52 55
53 56
54 55
Node is served by regular vehicle: g variables:
1
2
3
4
5
6
7
8
9
10
11
12
13
14
15
16
17
18
38
41
43
61
62
63
55
56
57
60
Customer assigment to Home delivery: gm variables:
1
2
3
4
5
6
7
8
9
10
11
12
13
14
15
16
17
18
38
41
43
Node total demands: ntd variables:
1 2 1
2 10 1
3 4 1
4 23 1
5 22 1
6 16 1
7 20 1
8 7 1
9 15 1
10 14 1
11 22 1
12 11 1
13 13 1
14 15 1
15 17 1
16 10 1
17 21 1
18 21 1
37 0 0
38 18 1
39 0 0
40 0 0
41 22 1
42 0 0
43 19 1
44 0 0
45 0 0
46 0 0
47 0 0
48 0 0
49 0 0
50 0 0
51 0 0
52 0 0
53 0 0
54 0 0
61 48 1
62 58 1
63 69 1
64 0 0
55 76 1
56 95 1
57 89 1
58 0 0
59 0 0
60 82 1
Customer's demand delivered to PL: l variables:
19
20
21
22
23
24
25
26
27
28
29
30
31
32
33
34
35
36
37
39
40
42
44
45
46
47
48
49
50
51
52
53
54
Lockers load <= capacity:
48 <= 70
58 <= 72
69 <= 79
0 <= 93
76 <= 84
95 <= 98
89 <= 89
0 <= 78
5 <= 78
77 <= 95
