Gurobi 12.0.0:   lim:time = 14400

  mip:bestbound = 1

Set parameter LogToConsole to value 1

  tech:outlev = 1

Set parameter Cuts to value 3

  cut:cuts = 3

Set parameter Presolve to value 2

  pre:solve = 2

Set parameter MIPFocus to value 2

  mip:focus = 2

Set parameter Symmetry to value 2

  mip:symmetry = 2

Set parameter InfUnbdInfo to value 1

Gurobi Optimizer version 12.0.0 build v12.0.0rc1 (win64 - Windows 11.0 (26100.2))



CPU model: 11th Gen Intel(R) Core(TM) i7-11700 @ 2.50GHz, instruction set [SSE2|AVX|AVX2|AVX512]

Thread count: 8 physical cores, 16 logical processors, using up to 16 threads



Non-default parameters:

TimeLimit  14400

MIPFocus  2

Symmetry  2

Cuts  3

InfUnbdInfo  1

Presolve  2



Optimize a model with 2783 rows, 11715 columns and 74166 nonzeros

Model fingerprint: 0x1bdd67d9

Model has 4 quadratic objective terms

Model has 11 quadratic constraints

Variable types: 84 continuous, 11631 integer (0 binary)

Coefficient statistics:

  Matrix range     [1e+00, 1e+05]

  QMatrix range    [1e+00, 1e+00]

  QLMatrix range   [1e+00, 3e+01]

  Objective range  [2e+00, 1e+02]

  QObjective range [2e+00, 2e+00]

  Bounds range     [1e+00, 1e+02]

  RHS range        [1e+00, 1e+05]

  QRHS range       [1e+02, 1e+02]

Presolve removed 137 rows and 354 columns

Presolve time: 3.06s

Presolved: 9765 rows, 18463 columns, 87820 nonzeros

Variable types: 1142 continuous, 17321 integer (16214 binary)

Root relaxation presolve removed 1 rows and 3 columns

Root relaxation presolved: 9760 rows, 18458 columns, 140843 nonzeros



Deterministic concurrent LP optimizer: primal and dual simplex

Showing primal log only...





Root simplex log...



Iteration    Objective       Primal Inf.    Dual Inf.      Time

       0    8.9704000e+02   1.544058e+02   3.125124e+09      5s

Concurrent spin time: 0.04s



Solved with dual simplex



Root simplex log...



Iteration    Objective       Primal Inf.    Dual Inf.      Time

     994    2.1778551e+02   0.000000e+00   0.000000e+00      6s



Root relaxation: objective 2.177855e+02, 994 iterations, 0.29 seconds (0.22 work units)

Total elapsed time = 6.27s (DegenMoves)



    Nodes    |    Current Node    |     Objective Bounds      |     Work

 Expl Unexpl |  Obj  Depth IntInf | Incumbent    BestBd   Gap | It/Node Time



     0     0  217.78551    0  194          -  217.78551      -     -    6s

     0     0  271.25206    0  147          -  271.25206      -     -    9s

     0     0  271.25206    0  166          -  271.25206      -     -    9s

     0     0  271.25206    0  154          -  271.25206      -     -    9s

     0     0  271.25206    0  153          -  271.25206      -     -    9s

     0     0  272.43271    0  157          -  272.43271      -     -   10s

     0     0  273.42012    0  189          -  273.42012      -     -   10s

     0     0  273.69829    0  201          -  273.69829      -     -   10s

     0     0  276.05440    0  200          -  276.05440      -     -   12s

     0     0  278.64455    0  190          -  278.64455      -     -   12s

     0     0  278.64467    0  183          -  278.64467      -     -   12s

     0     0  279.98941    0  159          -  279.98941      -     -   15s

     0     0  280.09866    0  233          -  280.09866      -     -   15s

     0     0  280.62786    0  125          -  280.62786      -     -   17s

     0     0  280.78846    0  152          -  280.78846      -     -   17s

     0     0  280.78846    0  175          -  280.78846      -     -   19s

     0     0  280.78846    0  175          -  280.78846      -     -   19s

     0     2  280.84823    0  162          -  280.84823      -     -   21s

   612   657  354.78621   40  236          -  285.16293      -  73.1   25s

  2635  2649  449.28820  321  139          -  285.16293      -  49.8   30s

  4443  4377  672.39638  476  118          -  285.16293      -  49.6   35s

  5437  5134  335.84357   89 4881          -  285.69045      -  49.8   40s

  5440  5136  288.69887   31  191          -  285.69045      -  49.8   46s

  5445  5139  310.12394   39  165          -  287.62123      -  49.8   51s

  5449  5142  356.27837   52  308          -  288.87311      -  49.7   58s

  5455  5146  424.68453  259  250          -  288.87311      -  49.7   61s

  5456  5147  550.81671  188  230          -  288.87311      -  49.7   65s

  5460  5149  293.83494   16  277          -  288.87311      -  49.6   71s

H 5461  4892                    1425.0600000  288.87311  79.7%  49.6   75s

H 5462  4648                    1389.2200000  288.87311  79.2%  49.6   79s

H 5465  4417                    1389.1600000  288.87311  79.2%  49.6   82s

H 5465  4195                    1382.5800000  288.87311  79.1%  49.6   82s

H 5466  3985                    1376.5800000  288.87311  79.0%  49.6   85s

H 5470  3788                    1376.4900000  288.87311  79.0%  49.5   89s

H 5471  3599                    1373.2200000  289.50711  78.9%  49.5   92s

H 5471  3418                    1371.8500000  289.50711  78.9%  49.5   92s

H 5471  3247                    1349.1500000  289.50711  78.5%  49.5   92s

H 5474  3086                    1347.8300000  289.50711  78.5%  49.5   95s

H 5474  2931                    1347.5100000  289.50711  78.5%  49.5   95s

H 5474  2784                    1344.5700000  289.50711  78.5%  49.5   95s

H 5475  2644                    1338.8700000  289.61727  78.4%  49.5   98s

H 5475  2511                    1324.1700000  289.61727  78.1%  49.5   98s

H 5475  2385                    1320.2900000  289.61727  78.1%  49.5   98s

H 5475  2265                    1306.5700000  289.61727  77.8%  49.5   98s

H 5475  2151                    1286.5700000  289.61727  77.5%  49.5   98s

H 5475  2043                    1269.7000000  289.61727  77.2%  49.5   98s

H 5475  1940                    1268.0800000  289.61727  77.2%  49.5   98s

H 5475  1842                    1266.3900000  289.61727  77.1%  49.5   98s

H 5475  1750                    1265.3900000  289.65751  77.1%  49.5   99s

H 5476  1662                    1262.3900000  289.65751  77.1%  49.5   99s

  5478  1663  401.91925  381  291 1262.39000  289.65751  77.1%  49.5  102s

  5479  1664  374.26083   59  218 1262.39000  289.65751  77.1%  49.5  105s

H 5479  1580                    1258.9300000  289.65751  77.0%  49.5  108s

H 5479  1501                    1231.9900000  289.65751  76.5%  49.5  108s

H 5479  1425                    1217.5200000  289.65751  76.2%  49.5  108s

H 5479  1353                    1204.6800000  289.65751  76.0%  49.5  108s

H 5479  1285                    1203.7200000  289.65751  75.9%  49.5  108s

H 5479  1220                    1194.8300000  289.65751  75.8%  49.5  108s

H 5479  1158                    1176.9300000  289.65751  75.4%  49.5  108s

H 5480  1100                    1176.1500000  289.89949  75.4%  49.5  110s

H 5485  1047                    1174.0600000  290.04656  75.3%  49.4  114s

H 5485   994                    1155.0600000  290.04656  74.9%  49.4  114s

H 5485   944                    1054.6600000  290.04656  72.5%  49.4  114s

H 5486   896                    1052.9800000  290.45747  72.4%  49.4  116s

H 5486   851                    1037.9800000  290.45747  72.0%  49.4  116s

H 5486   807                    1036.9800000  290.45747  72.0%  49.4  116s

H 5486   766                    1034.7200000  290.45747  71.9%  49.4  117s

H 5486   727                    1030.2700000  290.45747  71.8%  49.4  117s

H 5486   690                    1012.9800000  290.45747  71.3%  49.4  117s

H 5486   655                    1006.5300000  290.45747  71.1%  49.4  117s

  5494   660  377.67909  233  219 1006.53000  291.13155  71.1%  49.3  120s

H 5497   627                    1000.7500000  291.38202  70.9%  49.3  123s

  5502   630  457.39207  134  292 1000.75000  291.39801  70.9%  49.3  125s

H 5508   602                     997.0600000  292.04880  70.7%  49.2  137s

H 5508   570                     973.0600000  292.04880  70.0%  49.2  137s

H 5508   541                     965.9900000  292.04880  69.8%  49.2  137s

  5514   545  333.15756  133  357  965.99000  292.21729  69.7%  49.2  141s

  5517   547  842.72540  436  384  965.99000  292.66910  69.7%  49.1  145s

  5521   550  300.21525   49  392  965.99000  292.68488  69.7%  49.1  152s

  5524   552  402.83906  444  375  965.99000  292.68612  69.7%  49.1  161s

H 5524   522                     962.7200000  292.71141  69.6%  49.1  162s

  5530   526  320.84823  143  326  962.72000  292.85048  69.6%  49.0  166s

H 5530   499                     955.0900000  292.85048  69.3%  49.0  166s

H 5531   473                     953.0900000  292.85048  69.3%  49.0  167s

H 5535   450                     941.0900000  292.96753  68.9%  49.0  168s

H 5535   425                     939.0900000  292.96753  68.8%  49.0  168s

H 5536   403                     936.3100000  292.99058  68.7%  49.0  169s

H 5536   382                     935.3100000  292.99058  68.7%  49.0  170s

H 5542   365                     931.6700000  293.18123  68.5%  48.9  174s

  5544   366  328.08514  105  373  931.67000  293.18311  68.5%  48.9  175s

H 5547   347                     930.6700000  293.32601  68.5%  48.9  178s

H 5547   328                     929.6700000  293.32601  68.4%  48.9  178s

  5552   332  702.19317  461  385  929.67000  294.03575  68.4%  48.8  180s

  5561   338  401.83317  285  432  929.67000  295.34614  68.2%  48.7  185s

H 5561   319                     910.0000000  295.36333  67.5%  48.7  187s

H 5561   301                     908.3800000  295.36333  67.5%  48.7  187s

H 5561   284                     902.9300000  295.36333  67.3%  48.7  187s

H 5565   269                     882.9500000  295.54160  66.5%  48.7  190s

H 5565   254                     881.1800000  295.54160  66.5%  48.7  190s

H 5565   239                     880.1800000  295.54160  66.4%  48.7  190s

H 5577   232                     878.1800000  295.57000  66.3%  48.6  195s

  5585   238  363.16412  163  463  878.18000  295.57000  66.3%  48.5  200s

H 5588   226                     877.1800000  295.57000  66.3%  48.5  202s

H 5592   214                     872.5300000  295.57000  66.1%  48.5  203s

H 5595   202                     870.7600000  295.57000  66.1%  48.4  205s

  5607   210  342.63649  147  513  870.76000  295.57972  66.1%  48.3  210s

H 5615   202                     870.1000000  295.77394  66.0%  48.3  214s

  5616   202  347.58705   42  440  870.10000  295.77394  66.0%  48.3  215s

  5628   210  382.11357  220  471  870.10000  295.82504  66.0%  48.2  220s

  5635   215  361.07455  226  465  870.10000  295.85500  66.0%  48.1  225s

  5645   222  310.12394   39  447  870.10000  296.17147  66.0%  48.0  230s

  5656   229  550.81671  188  545  870.10000  296.22835  66.0%  47.9  235s

H 5656   214                     862.1900000  296.23285  65.6%  47.9  236s

  5661   217  401.83317  285  561  862.19000  296.39917  65.6%  47.9  240s

  5669   223  361.68507  286  546  862.19000  296.44585  65.6%  47.8  245s

H 5676   212                     860.5800000  296.52917  65.5%  47.8  248s

H 5676   197                     858.5800000  296.52917  65.5%  47.8  248s

  5678   199  401.91925  381  546  858.58000  296.54835  65.5%  47.7  250s

  5687   205  492.61906  395  463  858.58000  296.61261  65.5%  47.7  255s

  5695   210  531.36284  327  500  858.58000  296.67404  65.4%  47.6  261s

  5701   214  598.26240   75  493  858.58000  296.83318  65.4%  47.5  265s

  5710   220  672.79483  464  539  858.58000  296.91934  65.4%  47.5  270s

  5712   221  354.05878  223  539  858.58000  296.91934  65.4%  47.4  275s

  5715   228  296.91934   12  332  858.58000  296.91934  65.4%  79.4  280s

  5735   262  299.69602   15  335  858.58000  298.86960  65.2%  83.2  286s

  5784   279  310.74785   18  331  858.58000  298.86960  65.2%  87.9  290s

H 5811   279                     857.5600000  298.86960  65.1%  90.3  294s

  5817   302  302.14234   20  305  857.56000  298.86960  65.1%  90.5  295s

H 5845   294                     856.5600000  298.86960  65.1%  92.6  296s

  5888   322  305.54016   24  283  856.56000  298.86960  65.1%  96.3  300s

  5993   401  306.28767   30  260  856.56000  298.86960  65.1%   103  305s

  6104   469  307.96714   35  297  856.56000  298.86960  65.1%   108  310s

H 6107   454                     855.5600000  298.86960  65.1%   109  310s

  6172   522  308.53354   39  241  855.56000  298.86960  65.1%   112  315s

  6284   594  311.60112   45  253  855.56000  298.86960  65.1%   116  321s

  6357   654  359.81969   48  166  855.56000  298.86960  65.1%   119  326s

  6391   698  312.35020   50  267  855.56000  298.86960  65.1%   121  331s

  6456   774  353.31559   54  166  855.56000  298.86960  65.1%   124  335s

  6536   860  332.29510   58  181  855.56000  298.86960  65.1%   127  340s

  6633   967  341.60252   63  127  855.56000  298.86960  65.1%   131  345s

  6824  1174  352.42043   78  161  855.56000  298.86960  65.1%   135  352s

  6908  1231  357.79802   84  146  855.56000  298.86960  65.1%   136  355s

  7048  1379  382.87814   95  149  855.56000  298.86960  65.1%   138  360s

  7128  1454  389.97913   96  147  855.56000  298.86960  65.1%   139  365s

  7193  1535  376.96500   97  150  855.56000  298.86960  65.1%   140  370s

  7385  1631  399.95202  105  125  855.56000  298.86960  65.1%   142  376s

  7408  1696  400.63501  106  121  855.56000  298.86960  65.1%   142  380s

  7632  1872  424.08675  123  145  855.56000  298.86960  65.1%   143  387s

  7713  1971  500.96591  130  123  855.56000  298.86960  65.1%   143  391s

  7816  2059  436.65276  139  131  855.56000  298.86960  65.1%   145  395s

H 7955  2214                     852.3800000  298.86960  64.9%   146  399s

  8061  2397  517.69094  160  122  852.38000  298.86960  64.9%   146  403s

  8251  2584  618.79008  172  130  852.38000  298.86960  64.9%   147  407s

  8474  2722  301.57203   22  226  852.38000  298.86960  64.9%   147  412s

  8617  2789  301.85428   33  190  852.38000  298.86960  64.9%   147  416s

  8714  2953  303.82706   42  198  852.38000  298.86960  64.9%   147  421s

  8888  3320  311.14236   47  227  852.38000  298.86960  64.9%   148  426s

  9330  3449  476.68939   74  158  852.38000  298.86960  64.9%   148  431s

H 9358  3449                     851.3100000  298.86960  64.9%   148  431s

  9499  3763  533.80752   75  147  851.31000  298.86960  64.9%   148  436s

  9869  4174  602.84192   85  156  851.31000  298.86960  64.9%   147  441s

 10349  4273  773.08367  153  102  851.31000  298.86960  64.9%   145  446s

 10512  4281  316.13562   25  203  851.31000  298.86960  64.9%   147  452s

 10520  4313  318.26593   25  345  851.31000  298.86960  64.9%   147  457s

 10554  4499  320.86056   31  189  851.31000  298.86960  64.9%   147  462s

 10746  4877  326.63984   39  170  851.31000  298.86960  64.9%   147  468s

 11141  4982  484.52834   50  151  851.31000  298.86960  64.9%   147  474s

 11258  5727  461.82169   61  171  851.31000  298.86960  64.9%   148  480s

 12111  5919  495.33051  100  150  851.31000  300.74954  64.7%   143  486s

 12382  6108  573.98874  111  141  851.31000  300.74954  64.7%   144  492s

 12618  6574  524.06670  133  130  851.31000  300.74954  64.7%   144  498s

 13129  6776  312.07433   46  254  851.31000  300.74954  64.7%   143  504s

 13357  7560  345.46761   76  265  851.31000  300.74954  64.7%   144  511s

 14212  8269  623.50578  157  175  851.31000  300.74954  64.7%   141  519s

 15088  8571  759.24374  255  160  851.31000  300.74954  64.7%   137  532s

 15469  9929  418.75291   69  198  851.31000  301.36620  64.6%   137  541s

 16990 10352  657.62377  130  143  851.31000  301.57203  64.6%   133  546s

 17497 10846  329.88116   38  153  851.31000  301.58624  64.6%   132  551s

 18035 11250  452.02854  128  148  851.31000  301.58624  64.6%   131  556s

 18483 11612  304.09061   21  293  851.31000  301.58624  64.6%   131  561s

 18883 11777  333.51673   28  225  851.31000  301.58624  64.6%   131  566s

 19050 12428  336.35757   34  246  851.31000  301.58624  64.6%   132  571s

 19719 13035  371.77644   66  147  851.31000  301.58624  64.6%   131  577s

 20422 13760  423.55059  103  142  851.31000  301.58624  64.6%   130  583s

 21233 13967  410.87904  154  126  851.31000  301.85428  64.5%   129  589s

 21479 14846  421.51306  173  133  851.31000  301.85428  64.5%   130  595s

 22418 15513  449.22126  225  145  851.31000  301.85428  64.5%   128  601s

 23191 15544  361.98300   49  213  851.31000  301.85428  64.5%   127  608s

 23244 15596  379.91149   58  188  851.31000  301.85428  64.5%   127  614s

 23347 15721  424.25901   59  191  851.31000  301.85428  64.5%   127  620s

 23495 15977  426.58505   60  186  851.31000  301.85428  64.5%   128  627s

 23826 17355  630.48506   86  141  851.31000  301.85428  64.5%   128  634s

 25285 18538  466.19607  197  152  851.31000  301.85428  64.5%   124  642s

 26562 18953  326.60924   48  225  851.31000  301.85428  64.5%   121  649s

 27031 19970  628.62479  159  155  851.31000  301.85428  64.5%   121  656s

 28160 20812  382.43038   57  207  851.31000  302.78945  64.4%   119  663s

 29076 21220 infeasible  156       851.31000  302.97747  64.4%   119  669s

 29513 22749  330.12228   46  169  851.31000  303.10900  64.4%   118  685s

 31211 23327  424.71187   47  218  851.31000  303.18732  64.4%   118  692s

 31869 23915     cutoff  111       851.31000  303.32783  64.4%   118  699s

 32564 24196  452.04099   65  210  851.31000  303.32783  64.4%   119  705s

 32849 25041  567.52342   94  180  851.31000  303.32783  64.4%   119  713s

 33779 26078  382.96542   28  281  851.31000  303.40005  64.4%   119  721s

 34889 26656  481.95984  152  187  851.31000  303.40005  64.4%   118  729s

 35536 27369  810.75814  353  159  851.31000  303.40005  64.4%   118  737s

 36339 27824  363.66740   47  212  851.31000  303.88163  64.3%   118  744s

 36900 27949  415.34594   89  219  851.31000  303.92595  64.3%   118  752s

 37027 28230  415.94575   90  230  851.31000  303.92595  64.3%   118  759s

H37340 28223                     848.1800000  303.92595  64.2%   118  759s

 37341 28559  418.50192   91  176  848.18000  303.92595  64.2%   118  767s

 37781 29530  407.10331   45  255  848.18000  303.92595  64.2%   118  775s

 38926 30231  432.04610   49  181  848.18000  304.16423  64.1%   118  784s

 39711 30749 infeasible   81       848.18000  304.21162  64.1%   118  793s

 40336 31660  328.64392   59  285  848.18000  304.21162  64.1%   118  802s

 41344 32066  673.22005  174  159  848.18000  304.31402  64.1%   118  808s

 41869 33181  406.44366   66  196  848.18000  304.36635  64.1%   118  817s

 43032 34150  395.81209   52  245  848.18000  304.55350  64.1%   117  826s

 44071 35202  392.93316   59  350  848.18000  304.55350  64.1%   117  842s

 45202 35315 infeasible  202       848.18000  304.55350  64.1%   116  851s

 45360 36362  355.97692   50  198  848.18000  304.55350  64.1%   116  861s

 46604 36591  486.62643   56  241  848.18000  304.84808  64.1%   116  870s

 46883 36660  324.34388   41  212  848.18000  304.84808  64.1%   117  880s

 46954 37782  326.38471   53  310  848.18000  304.84808  64.1%   117  890s

 48145 38321  587.65090  239  186  848.18000  304.84808  64.1%   116  900s

 48751 39348  320.02392   28  326  848.18000  304.84808  64.1%   116  910s

 49845 39693  403.17982  115  142  848.18000  304.85524  64.1%   116  919s

 50258 40313  541.91163  138  167  848.18000  304.85524  64.1%   116  929s

 51039 40653  345.79641   30  346  848.18000  305.21551  64.0%   116  936s

 51380 41678  409.87632   62  194  848.18000  305.21551  64.0%   117  946s

 52513 42307  584.42346  190  166  848.18000  305.21551  64.0%   117  957s

 53324 43189  348.86177   31  325  848.18000  305.31997  64.0%   117  967s

 54315 44377  324.35210   16  219  848.18000  305.40685  64.0%   117  977s

 55586 44601  684.42904  167  160  848.18000  305.40685  64.0%   117  985s

 55857 45440  333.52687   49  223  848.18000  305.45097  64.0%   117  994s

 56148 45440  424.88705   36  319  848.18000  305.45097  64.0%   117  995s

 56781 45894  389.76899   19  324  848.18000  305.46751  64.0%   117 1004s

 57423 46367  308.34968   25  383  848.18000  305.52643  64.0%   117 1015s

 57921 47005  359.80672   49  322  848.18000  305.52643  64.0%   118 1023s

 58575 47304  444.73601  135  241  848.18000  305.52643  64.0%   118 1038s

 58889 49087  492.95026  142  262  848.18000  305.52643  64.0%   117 1066s

 60827 50243  579.69533  143  214  848.18000  305.58000  64.0%   117 1081s

 62155 51158  733.18245  162  204  848.18000  305.58000  64.0%   117 1094s

 63303 52326  335.29556   54  325  848.18000  305.58728  64.0%   117 1104s

 64122 52326  393.39061   88  233  848.18000  305.58728  64.0%   117 1105s

 64545 53034  328.68313   48  275  848.18000  305.58728  64.0%   117 1115s

 65367 54219  348.19939   33  250  848.18000  305.86659  63.9%   117 1126s

 66698 54734  715.80227  121  193  848.18000  305.86659  63.9%   117 1137s

 67308 54809  335.36236   40  358  848.18000  306.06708  63.9%   117 1147s

 67401 55134  335.42979   41  361  848.18000  306.06708  63.9%   117 1155s

 67728 56319  382.68273   81  264  848.18000  306.07148  63.9%   117 1165s

 68974 56947  383.42625   48  322  848.18000  306.07303  63.9%   117 1174s

 69220 56947  372.06781   54  202  848.18000  306.12329  63.9%   117 1175s

 69693 57699  350.87352   61  343  848.18000  306.13304  63.9%   117 1184s

 70544 58154  396.72760   99  215  848.18000  306.13695  63.9%   117 1194s

 70758 58154  676.39060  137  166  848.18000  306.13695  63.9%   117 1195s

 71112 58680  516.79135  116  201  848.18000  306.13695  63.9%   117 1204s

 71683 59295  661.72958  230  113  848.18000  306.13695  63.9%   118 1216s

 72340 59361  774.15294  297   92  848.18000  306.13695  63.9%   118 1225s

 72425 59776  775.32177  298   89  848.18000  306.24957  63.9%   118 1238s

 72964 60651  329.19473   35  232  848.18000  306.24957  63.9%   118 1249s

 73893 61954  480.76287  164  222  848.18000  306.24957  63.9%   118 1264s

 75398 62148  346.05044   55  351  848.18000  306.34771  63.9%   118 1269s

 75592 63072  366.20698   74  252  848.18000  306.34771  63.9%   118 1277s

 76580 63531  631.85690  208  196  848.18000  306.34771  63.9%   118 1285s

 77086 63985  405.51715   48  202  848.18000  306.36493  63.9%   118 1293s

 77633 64885  321.18288   36  277  848.18000  306.38844  63.9%   119 1302s

 78636 65248  642.06554  188  166  848.18000  306.38844  63.9%   118 1311s

 79064 65893  354.97676   52  279  848.18000  306.38844  63.9%   118 1319s

 79770 66429  622.86563  123  233  848.18000  306.38844  63.9%   119 1327s

 80474 66716  359.60243   74  279  848.18000  306.44351  63.9%   119 1335s

 80777 67471  417.42957  113  212  848.18000  306.44351  63.9%   119 1345s

 81606 68082  319.60610   23  329  848.18000  306.44351  63.9%   119 1353s

 82283 68962  447.66564   58  173  848.18000  306.44351  63.9%   119 1364s

 83307 69569  317.90572   19  329  848.18000  306.71260  63.8%   119 1374s

 84040 70170  307.41268   25  371  848.18000  306.86520  63.8%   120 1383s

 84663 71285  343.40283   80  220  848.18000  306.86520  63.8%   120 1393s

 85832 71621  669.99059  242  217  848.18000  306.86520  63.8%   120 1403s

 86218 72629  364.45082   46  250  848.18000  306.89671  63.8%   120 1414s

 87329 72635  819.02847   64  140  848.18000  306.96626  63.8%   119 1425s

 87339 72641     cutoff   65       848.18000  307.00929  63.8%   119 1433s

 87349 72648 infeasible   65       848.18000  307.00929  63.8%   119 1443s

 87358 72655  822.96365   66  137  848.18000  307.00929  63.8%   120 1451s

 87366 72662 infeasible   67       848.18000  307.00929  63.8%   120 1460s

 87375 72668     cutoff   67       848.18000  307.00929  63.8%   120 1471s

 87385 72676  801.18573   68  114  848.18000  307.00929  63.8%   120 1481s

 87393 72746     cutoff   69       848.18000  307.03481  63.8%   120 1491s

 87494 72839  418.86904   33  285  848.18000  307.03481  63.8%   120 1502s

 87637 72956  420.00748   36  273  848.18000  307.03481  63.8%   120 1511s

 87775 73079  420.00748   37  291  848.18000  307.03481  63.8%   120 1520s

 87925 73207  420.00748   38  280  848.18000  307.03481  63.8%   120 1530s

 88084 73330  420.00748   39  285  848.18000  307.03481  63.8%   120 1541s

 88207 73660  420.04631   40  294  848.18000  307.03481  63.8%   120 1552s

 88537 74466  420.04631   41  297  848.18000  307.03481  63.8%   120 1568s

 89418 74780  670.08330  109  140  848.18000  307.03481  63.8%   120 1580s

 89770 76057  382.19900   48  313  848.18000  307.05209  63.8%   120 1595s

 91211 76582  550.91022   84  192  848.18000  307.05209  63.8%   120 1608s

 91818 77697  316.18054   58  286  848.18000  307.10252  63.8%   120 1618s

 93022 78235  652.24809  273  210  848.18000  307.10252  63.8%   120 1629s

 93625 78602  381.49941   91  219  848.18000  307.10252  63.8%   120 1640s

 94046 79582  634.95054  172  221  848.18000  307.31498  63.8%   121 1653s

 95134 79832  308.15011   30  282  848.18000  307.31498  63.8%   121 1665s

 95419 80650  349.59715   66  224  848.18000  307.31498  63.8%   121 1676s

 96397 81541  435.49399   67  211  848.18000  307.37612  63.8%   121 1690s

 97482 81801  381.03366   61  203  848.18000  307.40355  63.8%   122 1700s

 97803 82687  506.76211  110  184  848.18000  307.40355  63.8%   122 1712s

 98844 83622  459.40051   87  158  848.18000  307.40355  63.8%   122 1724s

 99880 84379  335.45395   43  287  848.18000  307.40355  63.8%   122 1738s

 100714 85141  382.09774   91  228  848.18000  307.40355  63.8%   122 1751s

 101611 85481  535.75991  152  165  848.18000  307.40355  63.8%   123 1761s

 101962 86287  542.40921  153  155  848.18000  307.40355  63.8%   123 1772s

 102894 87029 infeasible   34       848.18000  307.52220  63.7%   123 1785s

 103814 87814  326.92130   26  265  848.18000  307.60439  63.7%   123 1804s

 104645 88837  498.96092   80  347  848.18000  307.60439  63.7%   123 1818s

 105797 89317  366.25396   57  234  848.18000  307.60439  63.7%   123 1830s

 106329 89698  347.58784   58  221  848.18000  307.60439  63.7%   123 1841s

 106770 90625  519.62112  164  187  848.18000  307.60439  63.7%   124 1854s

 107862 91077  419.10403   61  267  848.18000  307.70024  63.7%   124 1866s

 108419 91714  320.23391   39  208  848.18000  307.72557  63.7%   124 1878s

 109111 92016  331.50622   44  180  848.18000  307.72557  63.7%   124 1890s

 109579 93116  432.67601   61  168  848.18000  307.74003  63.7%   124 1905s

 110883 93509  336.34935   55  238  848.18000  307.74003  63.7%   124 1916s

 111421 94721  408.80112   43  306  848.18000  307.74003  63.7%   125 1929s

 112743 95443  643.69122  209  197  848.18000  307.81133  63.7%   124 1943s

 113553 95955  367.35869   65  250  848.18000  307.81133  63.7%   125 1955s

 114115 96893  475.09920  159  179  848.18000  307.83875  63.7%   125 1968s

 115218 97705  393.66355   49  331  848.18000  307.92322  63.7%   125 1980s

 116168 98724  310.95485   52  382  848.18000  307.92376  63.7%   125 1992s

 117285 99098  458.18383  176  256  848.18000  307.92376  63.7%   125 2002s

 117681 100091  822.87510  264  198  848.18000  307.95921  63.7%   125 2016s

 118828 100648  769.62949   64  153  848.18000  307.98749  63.7%   125 2033s

 119620 101959  396.35569   66  195  848.18000  307.98749  63.7%   125 2047s

 121044 102108  374.47543   42  180  848.18000  308.00159  63.7%   125 2057s

 121193 102560  544.55893   64  214  848.18000  308.00159  63.7%   125 2065s

 121659 102930  683.22209  153  111  848.18000  308.00159  63.7%   125 2076s

 122097 103362  378.15007   71  223  848.18000  308.00159  63.7%   125 2087s

 122625 104540  546.14420   96  258  848.18000  308.00159  63.7%   125 2101s

 123907 105447  753.30909  162  185  848.18000  308.02845  63.7%   125 2114s

 124980 105839  774.52616  114  201  848.18000  308.03307  63.7%   125 2124s

 125436 106678  349.00094   56  279  848.18000  308.03307  63.7%   126 2135s

 126398 107575  423.90914   90  188  848.18000  308.14600  63.7%   126 2148s

 127331 108408  802.18143  239  155  848.18000  308.14856  63.7%   126 2160s

 128278 108899  434.61452   82  299  848.18000  308.14856  63.7%   126 2172s

 128891 109747  462.78452  137  322  848.18000  308.14856  63.7%   126 2184s

 129800 110778  345.39546   62  257  848.18000  308.16631  63.7%   126 2196s

 130998 111685  313.24443   31  193  848.18000  308.16631  63.7%   126 2209s

 132023 112328  506.85348  151  195  848.18000  308.16631  63.7%   126 2220s

 132763 112928  836.86942  356  150  848.18000  308.16631  63.7%   126 2231s

 133473 113445  793.02830  127  190  848.18000  308.16631  63.7%   127 2246s

 134104 114325  320.65874   37  354  848.18000  308.16631  63.7%   127 2262s

 135105 114873  630.47105  129  241  848.18000  308.16631  63.7%   127 2275s

 135761 115578  326.64321   39  251  848.18000  308.28615  63.7%   127 2291s

 136548 116185 infeasible   59       848.18000  308.28615  63.7%   128 2306s

 137376 116653  534.79920   66  264  848.18000  308.31761  63.6%   128 2322s

 137946 117512  350.94010   55  340  848.18000  308.31761  63.6%   129 2339s

 138917 118199  449.79783   78  281  848.18000  308.31761  63.6%   129 2354s

 139759 118853  332.83245   38  411  848.18000  308.31761  63.6%   129 2373s

 140567 119728  787.22749  156  163  848.18000  308.31761  63.6%   129 2389s

 141621 120110  311.98522   35  282  848.18000  308.37568  63.6%   129 2404s

 141876 120110  357.38433   55  315  848.18000  308.37568  63.6%   129 2405s

 142104 121393  329.24312   66  374  848.18000  308.37568  63.6%   130 2423s

 143510 122377  789.23479  285  193  848.18000  308.37568  63.6%   129 2441s

 144613 122721  508.87705  142  249  848.18000  308.37568  63.6%   130 2454s

 144971 123356  512.23999  143  229  848.18000  308.37568  63.6%   130 2470s

 145684 124722  319.10792   19  336  848.18000  308.37568  63.6%   129 2488s

 147149 125306  724.52432  239  178  848.18000  308.37568  63.6%   129 2502s

 147830 126289  725.14010  240  175  848.18000  308.37568  63.6%   129 2517s

 148909 126727  725.75502  241  169  848.18000  308.37568  63.6%   129 2533s

 149521 127528 infeasible   87       848.18000  308.60237  63.6%   129 2551s

 150455 127772  347.11394   58  173  848.18000  308.62535  63.6%   130 2565s

 150715 128936  310.17549   26  319  848.18000  308.62652  63.6%   130 2587s

 152024 129905  408.14733   44  349  848.18000  308.64388  63.6%   131 2604s

 153162 130311  332.79649   44  180  848.18000  308.66332  63.6%   131 2618s

 153684 131367  352.92241   33  302  848.18000  308.67829  63.6%   131 2634s

 154871 132183  378.97343   54  240  848.18000  308.72885  63.6%   131 2649s

 155812 133023  835.43036  108  158  848.18000  308.72885  63.6%   132 2664s

 156723 133882  387.99539   42  257  848.18000  308.72885  63.6%   132 2677s

 157627 134522  473.51809  104  192  848.18000  308.72885  63.6%   132 2692s

 158363 135576  534.05347  125  161  848.18000  308.72885  63.6%   132 2708s

 159507 136466  435.27780   71  226  848.18000  308.72885  63.6%   132 2723s

 160488 137319 infeasible  143       848.18000  308.72885  63.6%   132 2737s

 161426 137917  836.73628  135  121  848.18000  308.76697  63.6%   131 2753s

 162100 138904  414.84820   59  303  848.18000  308.83891  63.6%   131 2769s

 163240 139898  411.31279   44  249  848.18000  308.84488  63.6%   131 2784s

 164306 140392  398.19261   36  190  848.18000  308.84488  63.6%   131 2801s

 164845 142200  466.71796   88  176  848.18000  308.84488  63.6%   131 2825s

 166843 142764  437.11533   76  238  848.18000  308.88920  63.6%   131 2837s

 167488 142942  373.89933   42  217  848.18000  308.88920  63.6%   131 2849s

 167666 143410  382.86679   57  190  848.18000  308.88920  63.6%   131 2861s

 168172 144022  502.98265  103  141  848.18000  308.88920  63.6%   132 2874s

 168870 144334  539.98684   81  197  848.18000  308.89500  63.6%   132 2885s

 169231 145129  314.94945   24  280  848.18000  308.89500  63.6%   132 2898s

 170098 146059 infeasible  219       848.18000  308.89500  63.6%   132 2914s

 171115 146311  390.45884  103  269  848.18000  308.89500  63.6%   132 2926s

 171388 147271  408.05905  125  290  848.18000  308.89500  63.6%   132 2943s

 172454 147767  316.11234   34  350  848.18000  308.92682  63.6%   132 2956s

 173007 148487  353.22392   68  316  848.18000  308.92682  63.6%   132 2970s

 173856 148900  505.18464  188  185  848.18000  308.92682  63.6%   133 2984s

 174370 149997  360.48550   48  283  848.18000  309.07112  63.6%   133 3003s

 175523 150380  343.25052   34  258  848.18000  309.07112  63.6%   133 3017s

 175958 151381  454.08490   61  223  848.18000  309.07112  63.6%   133 3035s

 177011 152315  369.85079   85  271  848.18000  309.07112  63.6%   133 3051s

 178033 153064  536.80913  210  182  848.18000  309.07112  63.6%   133 3066s

 179006 153820  333.57195   38  294  848.18000  309.16854  63.5%   133 3085s

 179876 154308 infeasible  157       848.18000  309.18518  63.5%   133 3097s

 180396 155420  355.00983   78  189  848.18000  309.18518  63.5%   133 3116s

 181631 156079  342.10903   33  249  848.18000  309.20400  63.5%   133 3131s

 182429 156829  340.93332   58  276  848.18000  309.23095  63.5%   133 3149s

 183254 157158  654.38057  181  167  848.18000  309.23095  63.5%   133 3162s

 183641 157395  730.27058  203  178  848.18000  309.23095  63.5%   133 3174s

 183922 158369  421.52017   55  294  848.18000  309.24287  63.5%   133 3191s

 184956 159058  508.67067  161  222  848.18000  309.24287  63.5%   133 3205s

 185694 160258  330.52929   32  344  848.18000  309.25425  63.5%   133 3224s

 187029 161136  428.79954   32  167  848.18000  309.28501  63.5%   133 3242s

 188040 161800  338.52035   20  393  848.18000  309.31461  63.5%   133 3255s

 188710 163168  377.07997   94  272  848.18000  309.31461  63.5%   133 3272s

 190132 163866  530.74399  254  301  848.18000  309.32117  63.5%   132 3286s

 190927 164236  422.39765   69  246  848.18000  309.33385  63.5%   133 3298s

 191331 164953  456.52489  105  240  848.18000  309.33385  63.5%   133 3311s

 192122 165900  362.71722   45  189  848.18000  309.33423  63.5%   133 3326s

 193193 166539  358.66059   38  243  848.18000  309.35824  63.5%   133 3340s

 194001 167539  356.63468   73  233  848.18000  309.35824  63.5%   133 3363s

 195045 167735  513.21510  225  253  848.18000  309.35824  63.5%   133 3377s

 195269 168712  564.75177  261  202  848.18000  309.35824  63.5%   133 3398s

 196333 169613  426.58517   85  200  848.18000  309.35824  63.5%   133 3419s

 197289 170033 infeasible  180       848.18000  309.35824  63.5%   133 3434s

 197788 171003  406.82272   87  248  848.18000  309.35824  63.5%   133 3452s

 198865 171431  735.82137  233  163  848.18000  309.35824  63.5%   133 3465s

 199343 172299  321.73485   36  258  848.18000  309.35824  63.5%   133 3481s

 200314 173065  416.59513   94  239  848.18000  309.35824  63.5%   133 3495s

 201173 173347  618.00138  230  185  848.18000  309.35824  63.5%   133 3506s

 201475 174064 infeasible  363       848.18000  309.35824  63.5%   133 3521s

 202298 174715  343.25323   51  212  848.18000  309.41749  63.5%   133 3539s

 203005 175254  370.13191   67  258  848.18000  309.41749  63.5%   133 3552s

 203572 175855  380.37663   82  231  848.18000  309.44236  63.5%   134 3565s

 204223 176676  393.25763   98  264  848.18000  309.44236  63.5%   134 3583s

 205208 177467  417.01720  127  214  848.18000  309.48978  63.5%   134 3600s

 206076 178353  504.94849  160  187  848.18000  309.48978  63.5%   134 3614s

 206991 178874  540.80556  174  166  848.18000  309.48978  63.5%   134 3629s

 207575 179780  638.85000  177  195  848.18000  309.52489  63.5%   134 3646s

 208617 181225  350.98815   39  198  848.18000  309.52489  63.5%   134 3668s

 210129 181818  611.86626  229  203  848.18000  309.52489  63.5%   133 3680s

 210812 181984  383.45931   63  201  848.18000  309.52489  63.5%   133 3688s

 210978 182773  407.49955   82  228  848.18000  309.52489  63.5%   133 3703s

 211803 183628  552.03289  164  221  848.18000  309.52489  63.5%   133 3715s

 212702 184231  794.80747  336  212  848.18000  309.52489  63.5%   133 3727s

 213373 184391  688.59737  208  165  848.18000  309.52489  63.5%   133 3737s

 213559 184979  315.56183   30  220  848.18000  309.52533  63.5%   133 3748s

 214236 185321  711.53672  119  196  848.18000  309.52533  63.5%   133 3759s

 214633 185770  521.44360   79  267  848.18000  309.52533  63.5%   134 3771s

 215170 186182  367.05707   43  287  848.18000  309.52533  63.5%   134 3785s

 215666 186543  601.08238  116  258  848.18000  309.52533  63.5%   134 3797s

 216055 187174  310.84902   34  285  848.18000  309.52533  63.5%   134 3812s

 216731 187909  739.78578   97  200  848.18000  309.52533  63.5%   134 3826s

 217631 188302  635.77845  100  249  848.18000  309.52533  63.5%   134 3842s

 218119 188310  319.55340   28  341  848.18000  309.52533  63.5%   134 3862s

 218127 188318  319.94140   29  360  848.18000  309.52533  63.5%   134 3883s

 218135 188326  320.64677   30  298  848.18000  309.52533  63.5%   134 3895s

 218143 188334  333.21192   31  287  848.18000  309.52533  63.5%   134 3906s

 218151 188345  333.45088   32  296  848.18000  309.52533  63.5%   134 3921s

 218162 188402  333.45088   33  300  848.18000  309.52533  63.5%   134 3935s

 218220 188496  333.45498   34  291  848.18000  309.52533  63.5%   134 3948s

 218316 188716  353.82879   43  194  848.18000  309.52533  63.5%   134 3962s

 218583 188945  398.61050   69  248  848.18000  309.52533  63.5%   134 3975s

 218840 189964  438.82868  104  280  848.18000  309.52533  63.5%   134 3991s

 219924 190490  387.85761   31  213  848.18000  309.64297  63.5%   134 4005s

 220539 191330  485.81889   82  133  848.18000  309.64297  63.5%   134 4022s

 221454 192028  361.94060   48  331  848.18000  309.64297  63.5%   134 4039s

 222192 192870  579.65676  111  227  848.18000  309.64297  63.5%   134 4057s

 223126 193595  491.97181   70  217  848.18000  309.64297  63.5%   134 4086s

 223939 194039  344.46952   36  383  848.18000  309.64297  63.5%   135 4106s

 224420 194978  497.90578   78  214  848.18000  309.68411  63.5%   135 4129s

 225481 195626  383.43670   73  151  848.18000  309.70202  63.5%   135 4148s

 226304 195913  374.21508   54  250  848.18000  309.73856  63.5%   135 4167s

 226705 196756  624.88610   70  189  848.18000  309.74330  63.5%   136 4192s

 227787 197052  727.33031  129  159  848.18000  309.75817  63.5%   136 4211s

 228133 198439  352.90652   45  294  848.18000  309.75817  63.5%   136 4241s

 229669 199088  336.97215   48  248  848.18000  309.80299  63.5%   136 4262s

 230574 199905  391.48893   35  242  848.18000  309.81638  63.5%   136 4284s

 231481 200687  492.06011   62  137  848.18000  309.81638  63.5%   136 4304s

 232336 201880  428.87642   59  156  848.18000  309.81638  63.5%   136 4329s

 233645 202378  644.66114   52  174  848.18000  309.83599  63.5%   136 4350s

 234300 203227  633.27243   51  156  848.18000  309.83599  63.5%   136 4369s

 234984 203227  389.52624   59  152  848.18000  309.85588  63.5%   136 4370s

 235327 204382  423.55908   74  262  848.18000  309.89448  63.5%   136 4390s

 236588 205755  326.61520   43  278  848.18000  309.90222  63.5%   136 4411s

 238024 206138  751.26149  273  146  848.18000  309.90222  63.5%   136 4431s

 238442 208266  432.96694   64  258  848.18000  309.90741  63.5%   136 4471s

 240738 209335  377.55988   86  236  848.18000  309.90741  63.5%   136 4492s

 241882 209948  320.27463   35  268  848.18000  309.90741  63.5%   136 4508s

 242533 210858  432.39894  107  249  848.18000  309.90741  63.5%   136 4527s

 243531 211120  334.87970   32  290  848.18000  309.90741  63.5%   136 4541s

 243813 211826  407.37043   38  249  848.18000  309.90741  63.5%   136 4559s

 244202 211826  379.63360   59  171  848.18000  309.90741  63.5%   136 4560s

 244577 212481 infeasible   89       848.18000  309.90741  63.5%   136 4575s

 245298 213255  436.66506   56  228  848.18000  309.90741  63.5%   136 4594s

 246177 213723  313.45512   46  270  848.18000  309.98100  63.5%   136 4608s

 246668 214482  456.89988   87  150  848.18000  309.98100  63.5%   136 4628s

 247516 215100  345.91423   42  264  848.18000  309.98100  63.5%   136 4645s

 248200 215588  670.94031  109  182  848.18000  309.98100  63.5%   136 4662s

 248741 216349  506.59555   54  185  848.18000  310.01788  63.4%   136 4679s

 249614 216570  381.08265   41  164  848.18000  310.06611  63.4%   136 4695s

 249837 217334  465.33444   89  146  848.18000  310.06611  63.4%   136 4715s

 250700 217811  447.06673   39  223  848.18000  310.06809  63.4%   136 4737s

 251268 218528  367.42974   40  252  848.18000  310.06809  63.4%   136 4759s

 252125 219307  554.71758  167  153  848.18000  310.06809  63.4%   136 4782s

 253066 219651  395.38312   55  205  848.18000  310.06809  63.4%   136 4801s

 253424 222400  326.27318   30  381  848.18000  310.11126  63.4%   136 4859s

 256433 222731  418.16086   52  183  848.18000  310.13876  63.4%   136 4876s

 256799 223331  499.54733   79  355  848.18000  310.13876  63.4%   136 4894s

 257453 223979  618.37010  126  238  848.18000  310.13876  63.4%   136 4913s

 258207 224264  352.65367   35  160  848.18000  310.13876  63.4%   136 4929s

 258536 224924  371.88185   46  136  848.18000  310.13876  63.4%   136 4947s

 259306 225714  784.59342   75  180  848.18000  310.13876  63.4%   137 4966s

 260192 226273  443.98455   88  187  848.18000  310.13876  63.4%   137 4988s

 260821 227159  497.00276  146  224  848.18000  310.13876  63.4%   136 5011s

 261804 228004  351.28729   45  253  848.18000  310.16236  63.4%   136 5030s

 262680 228947  753.76544  131  166  848.18000  310.16236  63.4%   136 5053s

 263706 229115  343.86320   43  165  848.18000  310.16236  63.4%   136 5068s

 263930 229560  396.12297   63  155  848.18000  310.16236  63.4%   137 5084s

 264465 229851  488.49540   96  173  848.18000  310.16288  63.4%   137 5099s

 264556 229851  444.59919   70  290  848.18000  310.16288  63.4%   137 5100s

 264816 230531  562.76543  123  143  848.18000  310.16288  63.4%   137 5119s

 265627 231560  340.65306   56  379  848.18000  310.16878  63.4%   137 5142s

 266697 232119  534.11657  205  245  848.18000  310.16878  63.4%   137 5165s

 267300 233107  341.81382   56  129  848.18000  310.16878  63.4%   137 5190s

 268340 234105  560.42708  230  183  848.18000  310.16878  63.4%   137 5221s

 269401 234917  351.05831   49  287  848.18000  310.16878  63.4%   137 5243s

 270284 235568  482.49905  139  280  848.18000  310.16878  63.4%   137 5260s

 270952 236292  554.47903  234  263  848.18000  310.16878  63.4%   137 5276s

 271718 237183  333.43662   28  239  848.18000  310.16878  63.4%   136 5292s

 272705 237419  705.29746  172  137  848.18000  310.17255  63.4%   136 5307s

 272995 237951  314.04489   48  249  848.18000  310.17255  63.4%   137 5328s

 273591 238730  414.44461  149  316  848.18000  310.17255  63.4%   137 5360s

 274394 238973  631.64451  314  247  848.18000  310.19337  63.4%   137 5388s

 274666 239470  718.47750  365  226  848.18000  310.19337  63.4%   137 5411s

 275264 239893  432.42907   76  200  848.18000  310.21008  63.4%   137 5431s

 275760 240552  313.44139   32  258  848.18000  310.21008  63.4%   137 5460s

 276508 241594  538.78499   82  225  848.18000  310.21008  63.4%   137 5510s

 277611 242487  385.98318   76  305  848.18000  310.21008  63.4%   137 5546s

 278573 243686  550.17180  194  247  848.18000  310.21008  63.4%   137 5585s

 279902 243897  352.77725   25  387  848.18000  310.21943  63.4%   137 5610s

 280129 244444  362.64216   44  326  848.18000  310.22849  63.4%   137 5652s

 280725 245130  423.00914   89  188  848.18000  310.22849  63.4%   137 5698s

 281491 245790  522.66425  168  205  848.18000  310.22849  63.4%   137 5735s

 282237 246681  342.36575   55  222  848.18000  310.22849  63.4%   137 5789s

 282369 246681  702.60984   65  175  848.18000  310.22849  63.4%   137 5790s

 283200 247716  509.19893  187  241  848.18000  310.22849  63.4%   137 5856s

 284282 248055  770.97120  360  226  848.18000  310.22849  63.4%   137 5882s

 284670 248981  390.03200   46  221  848.18000  310.22849  63.4%   137 5937s

 285677 249649  333.57282   32  322  848.18000  310.26399  63.4%   137 5981s

 286465 250467     cutoff  153       848.18000  310.29613  63.4%   137 6013s

 287289 251606  583.88076  119  242  848.18000  310.29693  63.4%   137 6061s

 288481 251660  350.02023   67  314  848.18000  310.29693  63.4%   137 6089s

 288535 251889  350.03014   68  317  848.18000  310.29693  63.4%   137 6117s

 288764 252921  362.94820   89  254  848.18000  310.29693  63.4%   137 6166s

 289881 253515  687.13013  254  145  848.18000  310.29693  63.4%   137 6217s

 290591 253765  352.43161   43  298  848.18000  310.30653  63.4%   137 6254s

 290845 254045  401.00997   51  259  848.18000  310.30653  63.4%   137 6288s

 291177 254521  432.95964   64  228  848.18000  310.31432  63.4%   137 6331s

 291757 255063 infeasible   77       848.18000  310.31432  63.4%   137 6368s

 292385 255474  323.87118   36  282  848.18000  310.31996  63.4%   137 6417s

 292864 256401  353.35510   74  204  848.18000  310.31996  63.4%   137 6467s

 293907 257394  804.39955  322  198  848.18000  310.32138  63.4%   137 6499s

 294994 258570  433.33559   99  249  848.18000  310.32138  63.4%   137 6569s

 295902 258570  541.10337  313  308  848.18000  310.32138  63.4%   137 6570s

 296198 258896  769.63748  261  200  848.18000  310.32138  63.4%   137 6609s

 296559 259982  336.35329   32  291  848.18000  310.32138  63.4%   137 6657s

 297732 261299  458.22600  104  269  848.18000  310.32138  63.4%   137 6703s

 298899 261299  475.90075   75  249  848.18000  310.32138  63.4%   137 6705s

 299117 261632  657.67717  248  258  848.18000  310.32138  63.4%   137 6743s

 299507 262151  658.16939  249  252  848.18000  310.32138  63.4%   137 6785s

 300096 262543  812.38126  287  270  848.18000  310.32138  63.4%   137 6839s

 300471 262543  338.25630   40  171  848.18000  310.32138  63.4%   137 6840s

 300579 263528  409.70978   88  261  848.18000  310.32138  63.4%   137 6903s

 301642 264437  798.91855  268  199  848.18000  310.37301  63.4%   137 6954s

 302642 264716  513.39873  100  196  848.18000  310.37301  63.4%   137 6993s

 303025 265545  324.48216   35  226  848.18000  310.37301  63.4%   137 7046s

 303899 266595  515.48930  150  191  848.18000  310.37301  63.4%   137 7105s

 305026 266826  769.97984  370  198  848.18000  310.37301  63.4%   137 7134s

 305294 267379  337.73650   50  282  848.18000  310.37301  63.4%   137 7194s

 305937 268200  384.25001   50  282  848.18000  310.40995  63.4%   137 7254s

 306409 268200  425.28970   60  290  848.18000  310.40995  63.4%   137 7255s

 306785 269001  572.67631  131  303  848.18000  310.40995  63.4%   137 7295s

 307645 269691  764.64147  210  222  848.18000  310.40995  63.4%   137 7340s

 308450 270491  427.10288   62  198  848.18000  310.44387  63.4%   137 7381s

 309282 271033  545.20005  193  205  848.18000  310.44387  63.4%   137 7423s

 309824 272064  667.26865  308  211  848.18000  310.44387  63.4%   137 7482s

 310926 273119  358.28766   34  300  848.18000  310.44387  63.4%   137 7540s

 312090 273978  631.60434  204  152  848.18000  310.44387  63.4%   136 7599s

 312900 273978  607.67351  260  218  848.18000  310.44387  63.4%   136 7600s

 312987 274999  376.19857   32  339  848.18000  310.44387  63.4%   136 7645s

 314031 275736  470.54346  141  271  848.18000  310.44387  63.4%   136 7695s

 314852 276445  598.14550  279  250  848.18000  310.44387  63.4%   136 7729s

 315633 277176  316.31353   37  190  848.18000  310.44387  63.4%   136 7780s

 316457 277390  369.88859   75  225  848.18000  310.44387  63.4%   136 7807s

 316681 278581 infeasible   80       848.18000  310.44387  63.4%   136 7870s

 317972 279343  588.04724  167  168  848.18000  310.44387  63.4%   136 7909s

 318034 279343  427.23943  166  225  848.18000  310.44387  63.4%   136 7910s

 318758 280075 infeasible  193       848.18000  310.44387  63.4%   136 7963s

 319627 280947  545.74710   67  248  848.18000  310.54641  63.4%   136 8020s

 320621 281241  420.54723   56  246  848.18000  310.54641  63.4%   136 8058s

 320934 282106  471.39594   86  251  848.18000  310.54641  63.4%   136 8108s

 321816 282858  353.55993   47  336  848.18000  310.54641  63.4%   136 8150s

 322653 283713  594.67847  148  210  848.18000  310.56698  63.4%   136 8213s

 323643 284293  341.54874   68  302  848.18000  310.56698  63.4%   136 8263s

 324240 284979  421.11382  167  283  848.18000  310.56698  63.4%   136 8292s

 324940 286007  495.07553  264  276  848.18000  310.56698  63.4%   136 8355s

 326023 286846  725.95700  447  218  848.18000  310.58256  63.4%   136 8415s

 326977 287232  389.48713   86  219  848.18000  310.58256  63.4%   135 8447s

 327402 288191  430.87880  142  238  848.18000  310.58256  63.4%   135 8511s

 328400 289281  614.73559  289  244  848.18000  310.58256  63.4%   135 8584s

 329554 290089  413.11860   80  242  848.18000  310.60616  63.4%   135 8630s

 330431 290794  379.91062   69  176  848.18000  310.60819  63.4%   135 8673s

 331168 291742  482.97353  139  291  848.18000  310.60819  63.4%   135 8735s

 332144 292190  634.09151  274  226  848.18000  310.60819  63.4%   135 8768s

 332683 292754  331.12704   42  107  848.18000  310.61750  63.4%   135 8815s

 333364 293164  340.34552   47  289  848.18000  310.63905  63.4%   135 8862s

 333798 294128  489.45852  148  263  848.18000  310.64451  63.4%   135 8911s

 334774 294628  787.09578  347  196  848.18000  310.64451  63.4%   135 8960s

 335321 295456  384.43767   41  207  848.18000  310.64451  63.4%   135 9015s

 336256 296079  384.33038   50  190  848.18000  310.64451  63.4%   135 9045s

 336995 296483  328.94662   52  319  848.18000  310.64451  63.4%   135 9084s

 337458 297156  401.95933  124  297  848.18000  310.65929  63.4%   135 9131s

 338158 297983  524.14698  240  177  848.18000  310.65929  63.4%   135 9176s

 339070 298453  810.40488  496  237  848.18000  310.65929  63.4%   135 9215s

 339618 299331  528.66811   92  184  848.18000  310.69434  63.4%   135 9267s

 340519 300274  351.56971   30  233  848.18000  310.69434  63.4%   135 9327s

 341544 300767  534.37363   94  210  848.18000  310.69434  63.4%   135 9369s

 342109 301200  327.02612   39  405  848.18000  310.69434  63.4%   135 9406s

 342625 301858  436.28890   71  232  848.18000  310.71805  63.4%   135 9468s

 343348 302428  352.84415   44  152  848.18000  310.73445  63.4%   135 9511s

 343988 303014  405.77871   67  266  848.18000  310.73445  63.4%   135 9574s

 344228 303014  416.62845   72  218  848.18000  310.73445  63.4%   135 9575s

 344738 303368  549.54366   99  249  848.18000  310.73445  63.4%   135 9605s

 345103 305056  709.28519  120  148  848.18000  310.73445  63.4%   135 9685s

 346918 305854  732.30815  353  223  848.18000  310.75557  63.4%   135 9735s

 347784 306417  586.70843   60  237  848.18000  310.78216  63.4%   135 9808s

 348629 307054  422.83237   49  281  848.18000  310.79893  63.4%   136 9862s

 349390 307792  421.31225   41  353  848.18000  310.80656  63.4%   136 9925s

 350273 308064  354.34638   52  324  848.18000  310.82109  63.4%   136 9974s

 350599 309293  563.24651  100  207  848.18000  310.82109  63.4%   136 10049s

 350697 309293  344.77273   33  203  848.18000  310.82319  63.4%   136 10050s

 351900 309918  452.90227   64  276  848.18000  310.82319  63.4%   136 10102s

 352596 310822  763.08160  131  162  848.18000  310.82319  63.4%   136 10173s

 353670 311583  363.76049   30  298  848.18000  310.82319  63.4%   136 10218s

 354514 312280  569.43996   76  284  848.18000  310.82319  63.4%   136 10265s

 355304 313386  338.15187   38  397  848.18000  310.86564  63.3%   136 10340s

 356544 314424  400.95847   49  236  848.18000  310.90317  63.3%   136 10399s

 357597 315341  621.68577  171  255  848.18000  310.90317  63.3%   136 10458s

 358602 315349  334.13728   36  352  848.18000  310.90317  63.3%   136 10572s

 358610 322436  334.13728   37  352  848.18000  310.90317  63.3%   136 11125s

 364610 322436  596.49598  284  323  848.18000  310.91854  63.3%   136 11133s

 366610 322829  528.92904   85  215  848.18000  310.94649  63.3%   136 11184s

 367075 323718  632.02810  128  177  848.18000  310.94649  63.3%   136 11253s

 367899 323718  786.90135  171  197  848.18000  310.94649  63.3%   136 11255s

 368083 325088  381.63770   80  198  848.18000  310.94649  63.3%   136 11333s

 369497 326248  593.12171  242  236  848.18000  310.97595  63.3%   136 11411s

 370795 326669  409.14404   48  260  848.18000  310.97595  63.3%   136 11460s

 371217 327966  495.95402  108  212  848.18000  310.97595  63.3%   136 11550s

 372610 328330  328.76792   42  315  848.18000  310.97595  63.3%   136 11597s

 373077 328700  651.16783  104  220  848.18000  310.97595  63.3%   136 11648s

 373528 329979  378.08441   35  281  848.18000  311.00357  63.3%   136 11734s

 375067 330318  378.67006   59  168  848.18000  311.00835  63.3%   136 11776s

 375447 331693  326.93191   32  369  848.18000  311.00835  63.3%   136 11860s

 376929 332268  444.97884  104  187  848.18000  311.00835  63.3%   136 11917s

 377599 332965  335.12777   37  288  848.18000  311.02531  63.3%   136 11980s

 378440 333700  338.82704   29  246  848.18000  311.04132  63.3%   136 12040s

 379307 334343  328.59934   38  313  848.18000  311.05013  63.3%   136 12059s

 379950 335498  395.65347   83  161  848.18000  311.05013  63.3%   136 12119s

 380294 335498  486.41369  115  181  848.18000  311.05013  63.3%   136 12120s

 381222 336121  668.23689  252  170  848.18000  311.05013  63.3%   136 12182s

 382051 336795  367.68129   79  264  848.18000  311.05013  63.3%   136 12246s

 382776 337576  541.94484  190  211  848.18000  311.05013  63.3%   136 12315s

 383659 338497  350.16973   57  180  848.18000  311.05013  63.3%   136 12392s

 384679 339179  323.81543   36  322  848.18000  311.06771  63.3%   136 12458s

 385462 339515  732.00235   94  208  848.18000  311.06771  63.3%   136 12483s

 385836 340223  349.83370   50  164  848.18000  311.06771  63.3%   137 12543s

 386558 341494  520.26175  104  175  848.18000  311.06771  63.3%   137 12618s

 387917 342161  333.82681   38  310  848.18000  311.06771  63.3%   136 12677s

 388726 342920  324.34945   36  189  848.18000  311.09899  63.3%   136 12745s

 389511 343363  373.32635   93  300  848.18000  311.09899  63.3%   137 12774s

 389848 343363  498.00866  109  120  848.18000  311.09899  63.3%   137 12775s

 390033 344017  464.02615  135  206  848.18000  311.09899  63.3%   137 12842s

 390787 344818  608.74141  193  167  848.18000  311.09899  63.3%   137 12912s

 391649 344826  728.36942  294  152  848.18000  311.09899  63.3%   137 13048s

 391657 344834  729.21426  295  154  848.18000  311.09899  63.3%   137 13114s

 391665 344842  738.28061  293  177  848.18000  311.09899  63.3%   137 13149s

 391673 344850  736.39411  296  173  848.18000  311.09899  63.3%   137 13207s

 391681 344873  738.94862  297  168  848.18000  311.09899  63.3%   137 13272s

 391706 344941  739.52212  298  162  848.18000  311.09899  63.3%   137 13355s

 391778 345215  778.05328  298  161  848.18000  311.09899  63.3%   137 13423s

 392065 345392  828.00745  331  149  848.18000  311.09899  63.3%   137 13488s

H392125 345392                     847.9500000  311.09899  63.3%   137 13488s

 392297 345950  386.23420   70  267  847.95000  311.11061  63.3%   137 13553s

 392855 347596  719.76043  146  221  847.95000  311.11398  63.3%   137 13682s

 394695 348708  470.39383  149  290  847.95000  311.13762  63.3%   137 13777s

 395868 350284  343.12496   49  175  847.95000  311.13762  63.3%   137 13885s

 397488 351127  566.29682  235  206  847.95000  311.13762  63.3%   136 13958s

 398458 351818  382.21733   51  275  847.95000  311.15954  63.3%   136 14043s

 399273 352109  337.46682   31  306  847.95000  311.15954  63.3%   136 14088s

 399570 352712  380.20368   38  302  847.95000  311.18008  63.3%   137 14144s

 400274 353373  470.72385   70  156  847.95000  311.18008  63.3%   137 14209s

 400718 353373  449.07262   41  279  847.95000  311.18008  63.3%   137 14210s

 401019 353519  617.04023  134  147  847.95000  311.18008  63.3%   137 14266s

 401193 353802  679.43390  134  122  847.95000  311.18008  63.3%   137 14315s

 401530 354245  317.51452   25  358  847.95000  311.18725  63.3%   137 14370s

 402055 354520  334.20477   37  270  847.95000  311.18906  63.3%   137 14400s



Cutting planes:

  Learned: 10

  Gomory: 46

  Lift-and-project: 29

  Cover: 80

  Implied bound: 295

  Projected implied bound: 23

  Clique: 395

  MIR: 473

  Mixing: 41

  StrongCG: 61

  Flow cover: 1057

  GUB cover: 5

  Inf proof: 3

  Zero half: 1191

  RLT: 57

  Relax-and-lift: 545



Explored 402390 nodes (55237805 simplex iterations) in 14401.16 seconds (7791.26 work units)

Thread count was 16 (of 16 available processors)



Solution count 10: 847.95 848.18 851.31 ... 862.19



Time limit reached

Best objective 8.479500000000e+02, best bound 3.111890604362e+02, gap 63.3010%

-----RESULTS INFO-----
running_time:  14422.812000000002
TC.best_bound:  311.1890604362353
TC:  847.9500000000002
MIP Gap (%):  63.30101297998287
=== Vehicle Routes ===
Vehicle 1: 0  53
Vehicle 1: 1  61
Vehicle 1: 4  1
Vehicle 1: 42  4
Vehicle 1: 47  42
Vehicle 1: 53  57
Vehicle 1: 57  47
Vehicle 2: 0  2
Vehicle 2: 2  11
Vehicle 2: 10  12
Vehicle 2: 11  15
Vehicle 2: 12  61
Vehicle 2: 13  10
Vehicle 2: 15  13
Vehicle 3: 0  6
Vehicle 3: 3  61
Vehicle 3: 6  60
Vehicle 3: 9  3
Vehicle 3: 43  9
Vehicle 3: 60  43
Vehicle 4: 0  8
Vehicle 4: 5  61
Vehicle 4: 7  49
Vehicle 4: 8  7
Vehicle 4: 16  5
Vehicle 4: 49  16
Vehicle 5: 0  14
Vehicle 5: 14  54
Vehicle 5: 54  61
Vehicle 6: 0  37
Vehicle 6: 37  58
Vehicle 6: 58  61
Vehicle 7: 0  56
Vehicle 7: 56  61

=== Full Vehicle Routes ===
Vehicle 1: 0  53  57  47  42  4  1  0 (100<100)
Vehicle 2: 0  2  11  15  13  10  12  0 (96<100)
Vehicle 3: 0  6  60  43  9  3  0 (100<100)
Vehicle 4: 0  8  7  49  16  5  0 (89<100)
Vehicle 5: 0  14  54  0 (97<100)
Vehicle 6: 0  37  58  0 (100<100)
Vehicle 7: 0  56  0 (82<100)
Arc used by MRT line: y variables:
MRT used: 56  55
Customer assigment to PL: u variables:
17 54
18 58
19 57
20 54
21 57
22 55
23 55
24 56
25 53
26 57
27 60
28 58
29 58
30 58
31 57
32 55
33 55
34 55
35 60
36 57
38 54
39 54
40 58
41 54
44 54
45 55
46 54
48 53
50 55
51 60
52 57
Node is served by regular vehicle: g variables:
1
2
3
4
5
6
7
8
9
10
11
12
13
14
15
16
37
42
43
47
49
60
53
54
56
57
58
Customer assigment to Home delivery: gm variables:
1
2
3
4
5
6
7
8
9
10
11
12
13
14
15
16
37
42
43
47
49
Node total demands: ntd variables:
1 2 1
2 10 1
3 1 1
4 2 1
5 5 1
6 1 1
7 13 1
8 30 1
9 14 1
10 10 1
11 26 1
12 22 1
13 3 1
14 23 1
15 25 1
16 18 1
35 0 0
36 0 0
37 19 1
38 0 0
39 0 0
40 0 0
41 0 0
42 24 1
43 17 1
44 0 0
45 0 0
46 0 0
47 18 1
48 0 0
49 23 1
50 0 0
51 0 0
52 0 0
59 0 0
60 67 1
53 8 1
54 74 1
55 0 0
56 82 1
57 46 1
58 81 1
Customer's demand delivered to PL: l variables:
17
18
19
20
21
22
23
24
25
26
27
28
29
30
31
32
33
34
35
36
38
39
40
41
44
45
46
48
50
51
52
Lockers load <= capacity:
0 <= 91
67 <= 86
8 <= 70
74 <= 88
62 <= 77
20 <= 71
46 <= 98
81 <= 90
