Gurobi 12.0.3:   lim:time = 14400

  mip:bestbound = 1

Set parameter LogToConsole to value 1

  tech:outlev = 1

Set parameter Cuts to value 3

  cut:cuts = 3

Set parameter Presolve to value 2

  pre:solve = 2

Set parameter MIPFocus to value 2

  mip:focus = 2

Set parameter Symmetry to value 2

  mip:symmetry = 2

Set parameter InfUnbdInfo to value 1

Gurobi Optimizer version 12.0.3 build v12.0.3rc0 (win64 - Windows 10.0 (19045.2))



CPU model: Intel(R) Core(TM) i7-10700 CPU @ 2.90GHz, instruction set [SSE2|AVX|AVX2]

Thread count: 8 physical cores, 16 logical processors, using up to 16 threads



Non-default parameters:

TimeLimit  14400

MIPFocus  2

Symmetry  2

Cuts  3

InfUnbdInfo  1

Presolve  2



Optimize a model with 2865 rows, 11710 columns and 74331 nonzeros

Model fingerprint: 0x815e3db1

Model has 7 quadratic constraints

Variable types: 83 continuous, 11627 integer (0 binary)

Coefficient statistics:

  Matrix range     [1e+00, 1e+05]

  QMatrix range    [1e+00, 1e+00]

  QLMatrix range   [2e+00, 2e+01]

  Objective range  [2e+00, 1e+02]

  Bounds range     [1e+00, 1e+02]

  RHS range        [1e+00, 1e+05]

  QRHS range       [1e+02, 1e+02]

Presolve removed 145 rows and 360 columns

Presolve time: 1.81s

Presolved: 9552 rows, 18175 columns, 87644 nonzeros

Variable types: 43 continuous, 18132 integer (16206 binary)

Root relaxation presolve removed 43 rows and 3 columns

Root relaxation presolved: 8354 rows, 17059 columns, 163889 nonzeros



Deterministic concurrent LP optimizer: primal and dual simplex

Showing primal log only...



Concurrent spin time: 0.03s



Solved with dual simplex



Root relaxation: objective 1.862274e+02, 1158 iterations, 0.26 seconds (0.30 work units)



    Nodes    |    Current Node    |     Objective Bounds      |     Work

 Expl Unexpl |  Obj  Depth IntInf | Incumbent    BestBd   Gap | It/Node Time



     0     0  186.22742    0  146          -  186.22742      -     -    4s

     0     0  252.10577    0  182          -  252.10577      -     -    7s

     0     0  252.10577    0  185          -  252.10577      -     -    7s

     0     0  252.10577    0  188          -  252.10577      -     -    7s

     0     0  252.10577    0  179          -  252.10577      -     -    8s

     0     0  252.10577    0  215          -  252.10577      -     -    9s

     0     0  254.28323    0  181          -  254.28323      -     -    9s

     0     0  254.28323    0  187          -  254.28323      -     -    9s

     0     0  254.47963    0  636          -  254.47963      -     -   10s

     0     0  256.88091    0  813          -  256.88091      -     -   11s

     0     0  256.88113    0  797          -  256.88113      -     -   11s

     0     0  256.88702    0  210          -  256.88702      -     -   12s

     0     0  256.88702    0  187          -  256.88702      -     -   13s

     0     0  257.01067    0  218          -  257.01067      -     -   14s

     0     0  257.01378    0  219          -  257.01378      -     -   14s

     0     0  257.32686    0  175          -  257.32686      -     -   15s

     0     0  257.32695    0  229          -  257.32695      -     -   15s

     0     0  257.32786    0  189          -  257.32786      -     -   16s

     0     0  257.32786    0  189          -  257.32786      -     -   16s

     0     2  257.32839    0  189          -  257.32839      -     -   18s

   249   254  257.76717   41  174          -  257.32839      -   141   20s

  1043  1032  450.57797  199  178          -  257.32839      -   103   25s

  1916  1899  692.13984  318  126          -  257.32839      -  96.0   30s

  3035  2796  326.74161   91 4199          -  257.33397      -  81.7   38s

  3037  2797  732.11894  153  781          -  257.33397      -  81.7   45s

  3038  2798  771.79295  409  563          -  277.40000      -  81.7   55s

  3041  2800  280.73221   16  187          -  277.40000      -  81.6   60s

  3045  2803  539.03145  229  146          -  277.40000      -  81.5   66s

  3048  2805  519.47806  126  166          -  277.40000      -  81.4   71s

  3051  2807  277.40000   18  192          -  277.40000      -  81.3   76s

  3054  2809  277.40000  136  160          -  277.40000      -  81.2   81s

  3059  2813  288.33695   48 4199          -  277.40000      -  90.0   87s

  3061  2814  745.93425  356  787          -  277.40000      -  90.0   94s

  3062  2815  529.92294  125  195          -  277.40000      -  90.0   96s

  3066  2818  291.64413   35  151          -  277.40000      -  89.8  100s

  3071  2821  300.42822   33  173          -  277.40000      -  89.7  105s

  3075  2824  701.90014  321  242          -  277.40024      -  89.6  110s

  3079  2826  277.40024   55  212          -  277.40024      -  89.5  115s

  3082  2828  734.98334  200  201          -  277.40025      -  89.4  120s

  3103  2856  277.40025   27  211          -  277.40025      -   108  125s

  3145  2868  277.40141   30  255          -  277.40025      -   114  133s

  3187  2884  277.40141   32  238          -  277.40025      -   119  135s

  3277  2937  277.40285   37  199          -  277.40025      -   129  140s

  3457  3058  277.40735   46  442          -  277.40025      -   141  145s

  3643  3158  277.41137   58  131          -  277.40025      -   148  150s

  3836  3261  279.74442   69  170          -  277.40025      -   155  156s

  3995  3370  290.81627   78  149          -  277.40025      -   158  160s

  4383  3643  291.79713   96  162          -  277.40025      -   158  165s

* 4853  3702             172    1577.0100000  277.40025  82.4%   153  169s

* 4854  3567             171    1522.5900000  277.40025  81.8%   153  169s

  4888  3601  300.40972  115  165 1522.59000  277.40025  81.8%   155  171s

H 4898  3470                    1473.3800000  277.40025  81.2%   155  171s

H 4911  3337                    1435.7600000  277.40025  80.7%   155  171s

H 5034  3282                    1399.1500000  277.40025  80.2%   156  173s

  5079  3433  302.71057  124  161 1399.15000  277.40025  80.2%   156  175s

H 5260  3315                    1332.6500000  277.40025  79.2%   154  178s

  5327  3428  316.53247  136  160 1332.65000  277.40025  79.2%   155  180s

H 5468  3276                    1323.7200000  277.40025  79.0%   155  180s

H 5471  3170                    1297.6900000  277.40025  78.6%   155  180s

H 5508  3133                    1263.8100000  277.40025  78.1%   155  183s

H 5545  3023                    1237.8700000  277.40025  77.6%   155  183s

  5563  3099  655.43847  150  103 1237.87000  277.40025  77.6%   155  185s

H 5571  3012                    1235.2100000  277.40025  77.5%   155  185s

H 5749  3037                    1233.9100000  277.40025  77.5%   153  188s

H 5807  2938                    1216.5700000  277.40025  77.2%   152  188s

  5885  3078  608.91029  164  103 1216.57000  277.40025  77.2%   151  190s

H 6065  2953                    1214.2700000  277.40025  77.2%   150  193s

H 6069  2882                    1198.5200000  277.40025  76.9%   150  193s

  6076  2974  697.07441  176  113 1198.52000  277.40025  76.9%   150  196s

H 6256  2925                    1189.7600000  277.40025  76.7%   150  199s

  6306  2950  301.91271   48  256 1189.76000  277.40025  76.7%   149  202s

  6353  2941  304.09255   63  195 1189.76000  277.40025  76.7%   150  205s

  6377  2953  321.22421   72  187 1189.76000  277.40025  76.7%   150  210s

  6394  2964  322.53736   74  173 1189.76000  277.40025  76.7%   151  216s

  6420  2997  323.71980   76  176 1189.76000  277.40025  76.7%   151  222s

  6444  3037  327.49993   77  195 1189.76000  277.40025  76.7%   151  225s

  6520  3047  329.67701   79  241 1189.76000  277.40025  76.7%   151  232s

  6528  3097  330.43469   80  250 1189.76000  277.40025  76.7%   151  235s

  6622  3189  331.71962   82  239 1189.76000  277.40025  76.7%   149  242s

  6712  3237  332.65578   83  240 1189.76000  277.40025  76.7%   149  246s

  6794  3424  334.45022   84  256 1189.76000  277.40025  76.7%   149  251s

  7016  3699  334.94849   85  268 1189.76000  277.40025  76.7%   147  255s

H 7319  3853                    1125.3900000  277.40025  75.4%   144  259s

  7516  4424  669.43899  170  135 1125.39000  277.40025  75.4%   143  264s

  8167  4931  313.69276   43  197 1125.39000  277.40025  75.4%   136  269s

  8682  4960  487.00314   79  134 1125.39000  277.40025  75.4%   135  273s

H 8683  4950                    1087.1000000  277.40025  74.5%   135  273s

  8720  5055  488.75584   80  150 1087.10000  277.40025  74.5%   134  278s

  8875  5512  631.25814  107  152 1087.10000  277.40028  74.5%   136  283s

  9373  5942  283.24755   53  275 1087.10000  277.40028  74.5%   135  289s

  9858  6260  308.42269  135  199 1087.10000  277.40028  74.5%   132  294s

 10189  6844  407.97275  152  222 1087.10000  277.40039  74.5%   130  299s

 10281  6844  408.92037  252  166 1087.10000  277.40039  74.5%   130  300s

 10857  6967  305.50075  117  271 1087.10000  277.40039  74.5%   128  305s

H10990  6956                    1059.8100000  277.40039  73.8%   129  310s

 10998  7938  315.50937  135  226 1059.81000  277.40039  73.8%   129  316s

 12008  8733  525.78699  317  139 1059.81000  277.40039  73.8%   123  322s

H12477  8733                    1058.5500000  277.40039  73.8%   121  322s

 12832  9061 infeasible  455      1058.55000  277.40039  73.8%   119  328s

 13241  9524  306.75047   58  255 1058.55000  277.40039  73.8%   119  333s

 13722  9646  455.44876  117  199 1058.55000  277.40039  73.8%   118  339s

 13844  9866  565.06253  143  119 1058.55000  277.40039  73.8%   118  345s

 14094 10199  774.06760  208  155 1058.55000  277.40039  73.8%   118  352s

H14200 10199                    1058.0800000  277.40039  73.8%   118  352s

 14487 11024  277.96212   42  245 1058.08000  277.40039  73.8%   118  366s

 15366 11223  448.65858  116  175 1058.08000  277.40039  73.8%   116  371s

 15565 11501  450.51136  117  201 1058.08000  277.40039  73.8%   115  377s

H15566 11496                    1049.6900000  277.40039  73.6%   115  377s

 15887 11857  452.04681  118  209 1049.69000  277.40042  73.6%   115  386s

 16288 11865  654.28114  168  113 1049.69000  277.40042  73.6%   114  394s

H16289 11865                    1045.4400000  277.40042  73.5%   114  394s

H16294 11850                    1032.2600000  277.40042  73.1%   114  394s

 16296 12969  656.63841  169  116 1032.26000  277.40042  73.1%   114  406s

 17519 13193  373.90017   81  159 1032.26000  277.40050  73.1%   113  413s

 17790 13739  591.42199  130  145 1032.26000  277.40050  73.1%   114  421s

 18363 14225  310.14534   72  197 1032.26000  277.40050  73.1%   113  431s

 18888 15031  398.70367  105  177 1032.26000  277.40142  73.1%   113  442s

 19765 15260  452.09296  161  155 1032.26000  277.40142  73.1%   113  449s

H19885 15250                    1024.1800000  277.40142  72.9%   113  449s

 20026 16261  452.60223  162  145 1024.18000  277.40142  72.9%   113  459s

 21207 16633  314.14997   94  225 1024.18000  277.40142  72.9%   112  467s

 21641 17318  394.65119  126  179 1024.18000  277.40320  72.9%   112  477s

 22357 17326  476.90614  234  231 1024.18000  277.40320  72.9%   113  486s

 22365 17358  479.31509  235  212 1024.18000  277.40320  72.9%   113  495s

 22411 17368  479.74784  236  237 1024.18000  277.40320  72.9%   113  504s

 22421 17435  487.36152  237  240 1024.18000  277.40320  72.9%   114  515s

 22488 17715  528.86620  251  185 1024.18000  277.40320  72.9%   114  524s

 22786 17723  824.58885  316  153 1024.18000  277.40320  72.9%   115  535s

H22793 17632                     987.5700000  277.40320  71.9%   115  535s

 22794 18344  824.59943  317  153  987.57000  277.40320  71.9%   115  546s

 23647 19189  498.45647  110  169  987.57000  277.40427  71.9%   115  556s

 24553 19396  315.20338   62  269  987.57000  277.40441  71.9%   115  566s

 24762 19656  372.34200   94  218  987.57000  277.40441  71.9%   115  577s

H24918 19651                     986.9400000  277.40441  71.9%   115  577s

 25046 20026  406.15837   95  228  986.94000  277.40441  71.9%   116  589s

 25554 20160  515.33280  172  202  986.94000  277.40441  71.9%   116  600s

 25745 20261  547.22337  186  226  986.94000  277.40451  71.9%   117  611s

H25919 20248                     983.5300000  277.40451  71.8%   117  611s

 25920 21023  547.40659  187  227  983.53000  277.40451  71.8%   117  624s

 26778 22154  392.08930   99  228  983.53000  277.40610  71.8%   117  637s

 28026 22767  326.83494   60  316  983.53000  277.40696  71.8%   116  648s

 28713 23642  405.07153  133  212  983.53000  277.40735  71.8%   117  661s

 29825 25023  418.52731   69  204  983.53000  277.40813  71.8%   117  684s

 31356 25031  788.16134  134  209  983.53000  277.40813  71.8%   117  693s

H31357 25024                     982.1100000  277.40813  71.8%   117  693s

H31359 25001                     974.7200000  277.40813  71.5%   117  693s

 31364 25365  788.26407  135  208  974.72000  277.40813  71.5%   117  703s

 31784 26144  327.94836   56  245  974.72000  277.40813  71.5%   117  717s

 32632 26455  357.86763   50  201  974.72000  277.40813  71.5%   116  728s

 32993 27107  358.01597   51  206  974.72000  277.40813  71.5%   116  741s

 33873 27435  296.75805   39  310  974.72000  277.41020  71.5%   117  756s

 34256 27756  568.75092   86  220  974.72000  277.41040  71.5%   119  768s

H34548 27755                     974.0900000  277.41040  71.5%   119  769s

 34668 28595  280.59094   56  187  974.09000  277.41040  71.5%   120  782s

 35590 29124  294.72775   82  230  974.09000  277.41074  71.5%   121  796s

 36206 30411  318.99462   98  246  974.09000  277.41360  71.5%   122  814s

 37593 30595  385.08260  124  219  974.09000  277.41360  71.5%   123  824s

 37819 31065  339.67024  125  247  974.09000  277.41360  71.5%   123  837s

 38397 31073  378.67071  134  239  974.09000  277.41724  71.5%   123  849s

 38405 31121  430.99802  134  234  974.09000  277.41724  71.5%   123  861s

H38453 31115                     971.9300000  277.41724  71.5%   123  861s

 38455 31648  431.27021  135  236  971.93000  277.41724  71.5%   123  873s

 39076 32759  453.24317  156  218  971.93000  277.41778  71.5%   124  888s

 40340 33857  467.58107  186  234  971.93000  277.42015  71.5%   124  904s

 41534 34852  491.43796  214  223  971.93000  277.42033  71.5%   124  921s

 42655 35405  555.99773  246  221  971.93000  277.42206  71.5%   124  933s

 43287 35954  485.79535   84  214  971.93000  277.42548  71.5%   124  944s

 43890 37297  850.42095  171  134  971.93000  277.42548  71.5%   124  958s

 45327 38701  347.21335   73  215  971.93000  277.42548  71.5%   123  977s

 46931 38972  745.95260  269  172  971.93000  277.42591  71.5%   123  986s

 47252 39628     cutoff  413       971.93000  277.42591  71.5%   123  999s

 47988 39677 infeasible   73       971.93000  277.43312  71.5%   123 1013s

 48097 40165  319.04967   45  204  971.93000  277.43424  71.5%   124 1024s

 48641 40411  592.80939   71  147  971.93000  277.43424  71.5%   124 1035s

 48920 41183  612.92222   73  143  971.93000  277.43424  71.5%   124 1050s

 49780 41462  617.41472   72  153  971.93000  277.43424  71.5%   124 1063s

 50134 42117  632.05002   74  125  971.93000  277.43424  71.5%   124 1079s

 50871 42335  277.49291   38  262  971.93000  277.43424  71.5%   125 1092s

 51120 42343  326.79388   57  278  971.93000  277.43424  71.5%   125 1105s

H51124 42339                     970.2700000  277.43424  71.4%   125 1105s

 51128 42791  327.49912   58  250  970.27000  277.43424  71.4%   125 1119s

 51639 43097  514.34904  115  240  970.27000  277.43774  71.4%   126 1134s

 51992 43909  330.37340   50  209  970.27000  277.43774  71.4%   126 1150s

 52872 45167  557.24538  174  217  970.27000  277.43774  71.4%   126 1167s

 54269 46182  388.18898  115  218  970.27000  277.45193  71.4%   126 1184s

 55448 46470 infeasible   57       970.27000  277.45350  71.4%   127 1198s

 55756 47234  375.97365   74  178  970.27000  277.45350  71.4%   127 1211s

 56587 48048  586.63974  161  247  970.27000  277.45350  71.4%   127 1226s

 57502 48052  415.74951  144  151  970.27000  277.45350  71.4%   127 1239s

 57514 48115  424.70149  145  173  970.27000  277.45350  71.4%   127 1250s

 57577 48176  428.69232  146  152  970.27000  277.45350  71.4%   127 1264s

H57598 48163                     964.6400000  277.45673  71.2%   127 1264s

 57644 48731  429.07109  147  154  964.64000  277.45673  71.2%   127 1278s

 58260 49631  359.52311   53  225  964.64000  277.45673  71.2%   127 1295s

 59292 50140  291.56541   57  278  964.64000  277.46426  71.2%   127 1313s

 59940 50279 infeasible  111       964.64000  277.46690  71.2%   128 1334s

 60087 53435  645.83786  143  201  964.64000  277.46690  71.2%   128 1426s

H61456 53332                     944.9900000  277.46939  70.6%   129 1426s

 63881 53745 infeasible   84       944.99000  277.47579  70.6%   130 1453s

 64390 54546  443.91786  128  218  944.99000  277.47579  70.6%   131 1479s

H64881 54389                     930.0100000  277.47579  70.2%   131 1479s

 65376 54874  367.53729   83  210  930.01000  277.48565  70.2%   132 1500s

H65953 55089                     927.2300000  277.48565  70.1%   133 1517s

 66266 56416  490.44098  122  149  927.23000  277.48872  70.1%   134 1535s

 67800 57703  476.35570  194  136  927.23000  277.49056  70.1%   135 1548s

H67973 57634                     922.4100000  277.49056  69.9%   135 1548s

 69286 58496  602.21339  182  211  922.41000  277.49287  69.9%   136 1567s

 70222 59613  320.87947   43  223  922.41000  277.49356  69.9%   136 1589s

 71459 60742  366.46325   53  308  922.41000  277.49356  69.9%   135 1607s

 72771 61914  514.89930   80  241  922.41000  277.50459  69.9%   135 1627s

 74054 63011  467.31031  123  245  922.41000  277.50794  69.9%   135 1644s

 75313 63568  304.05802   60  235  922.41000  277.50794  69.9%   136 1665s

 75932 65000  464.08579  177  198  922.41000  277.51094  69.9%   136 1691s

 77514 65553  476.67207  107  195  922.41000  277.51094  69.9%   136 1706s

 78148 66483  279.31579   53  273  922.41000  277.51975  69.9%   136 1725s

 79166 66491  480.45490  121  187  922.41000  277.52283  69.9%   137 1738s

 79174 66540  524.53482  119  143  922.41000  277.52283  69.9%   137 1751s

H79176 66537                     922.3000000  277.52283  69.9%   137 1751s

 79233 67192  484.62773  122  209  922.30000  277.52283  69.9%   137 1766s

 79944 68343     cutoff  227       922.30000  277.52283  69.9%   137 1783s

 81329 69152  514.23047  152  262  922.30000  277.52922  69.9%   137 1800s

 82236 69892  350.08441   52  247  922.30000  277.52922  69.9%   137 1816s

 83081 70730  388.45611   96  155  922.30000  277.52922  69.9%   137 1834s

 84031 71495  278.91268   50  251  922.30000  277.54403  69.9%   138 1850s

 84858 72142  508.83295  106  239  922.30000  277.54403  69.9%   138 1866s

 85569 72662  676.36505  226  148  922.30000  277.54403  69.9%   138 1881s

 86121 73483  676.50468  227  143  922.30000  277.54403  69.9%   138 1895s

 87073 73491  683.55755  228  129  922.30000  277.54403  69.9%   138 1908s

 87081 73499  683.58184  229  129  922.30000  277.54403  69.9%   138 1920s

 87089 73720  683.61949  230  142  922.30000  277.54403  69.9%   138 1934s

 87318 74233  813.25690  309  145  922.30000  277.54403  69.9%   138 1949s

 87912 74468  631.45719  103  167  922.30000  277.54403  69.9%   138 1965s

 88199 74783  292.30687   58  339  922.30000  277.54403  69.9%   139 1981s

 88549 75004  425.41441  101  268  922.30000  277.54403  69.9%   139 1996s

 88817 75862  596.85736  161  249  922.30000  277.56102  69.9%   140 2012s

 89838 76882  397.08884   71  251  922.30000  277.56102  69.9%   140 2035s

 91094 77083  596.28574  139  189  922.30000  277.57422  69.9%   140 2046s

 91318 77598  394.35357   49  186  922.30000  277.57422  69.9%   140 2061s

 91939 78151  453.41750   74  166  922.30000  277.57460  69.9%   141 2078s

 92586 78312  567.38673  113  157  922.30000  277.58024  69.9%   142 2093s

 92801 78762     cutoff  117       922.30000  277.58024  69.9%   142 2112s

 93293 79448  411.34458   68  275  922.30000  277.58024  69.9%   142 2135s

 94134 79475  351.64259   66  235  922.30000  277.58024  69.9%   143 2158s

 94199 79606  330.95634   68  206  922.30000  277.58024  69.9%   143 2180s

 94340 79721  334.87792   69  251  922.30000  277.58024  69.9%   143 2202s

 94455 79981  357.99282   67  302  922.30000  277.58024  69.9%   143 2225s

 94752 80284  345.74162   70  206  922.30000  277.58024  69.9%   143 2247s

 95074 81409  397.79063   89  311  922.30000  277.58024  69.9%   143 2275s

 96370 82133  431.51949  106  286  922.30000  277.58024  69.9%   143 2299s

 97247 83220  623.92021  194  119  922.30000  277.58024  69.9%   143 2324s

 98569 83843  806.39355  134  207  922.30000  277.58024  69.9%   144 2347s

 99314 85070  397.95308   71  196  922.30000  277.58024  69.9%   144 2372s

 100691 86098  373.10026   70  242  922.30000  277.58024  69.9%   145 2394s

 101808 86678  871.46448  341  177  922.30000  277.58039  69.9%   145 2415s

 102476 87674  508.07511   81  310  922.30000  277.58109  69.9%   145 2437s

 103597 88385  318.04806   40  246  922.30000  277.58329  69.9%   145 2458s

 104385 89343  476.89192   58  213  922.30000  277.58329  69.9%   145 2481s

 105528 89351  438.27862   58  191  922.30000  277.58329  69.9%   145 2498s

 105536 89359  423.37507   58  195  922.30000  277.58329  69.9%   145 2511s

 105544 89367  425.73020   59  183  922.30000  277.58329  69.9%   145 2526s

 105552 89550  428.47997   59  201  922.30000  277.58329  69.9%   145 2542s

 105771 89802  747.94637   80  134  922.30000  277.58329  69.9%   146 2559s

 106085 90429 infeasible   91       922.30000  277.58329  69.9%   146 2581s

 106837 90942  845.59808   90  129  922.30000  277.58329  69.9%   146 2602s

 107400 92056     cutoff   92       922.30000  277.59202  69.9%   146 2630s

 108748 92964  280.65837   55  286  922.30000  277.59680  69.9%   147 2653s

 109738 93400  461.89811  145  184  922.30000  277.59680  69.9%   147 2672s

 110225 93930  685.09452  229  126  922.30000  277.59680  69.9%   148 2693s

 110882 95156  305.10654   36  228  922.30000  277.59680  69.9%   148 2717s

 112335 96096  556.68835  110  170  922.30000  277.59680  69.9%   148 2739s

 113382 96888  564.28802  170  202  922.30000  277.59680  69.9%   149 2760s

 114239 98182  360.67312   48  221  922.30000  277.59680  69.9%   149 2782s

 115659 99295  340.74854   41  317  922.30000  277.59680  69.9%   149 2805s

 116959 100097  512.62293  112  341  922.30000  277.59680  69.9%   149 2824s

 117852 100474  728.13179  223  246  922.30000  277.59680  69.9%   149 2842s

 118264 100986  415.46674   64  248  922.30000  277.61672  69.9%   149 2860s

 118814 101671  379.06315   80  376  922.30000  277.61672  69.9%   150 2884s

 119640 102453  598.44724  173  311  922.30000  277.62385  69.9%   150 2905s

 120510 103491  856.25703  285  220  922.30000  277.62528  69.9%   150 2928s

 121671 103936  591.79678  125  162  922.30000  277.62710  69.9%   151 2947s

 122229 104914  387.02364   69  255  922.30000  277.62710  69.9%   151 2970s

 123272 105707  807.82645  249  188  922.30000  277.63227  69.9%   151 2988s

 124088 106670  304.31439   68  352  922.30000  277.63227  69.9%   151 3010s

 125188 107178  399.22908  126  347  922.30000  277.63227  69.9%   151 3027s

 125710 107723  463.02405  188  327  922.30000  277.63632  69.9%   151 3045s

 126290 108587  615.05863  244  254  922.30000  277.64130  69.9%   151 3065s

 127273 109311  687.67281  116  229  922.30000  277.64662  69.9%   151 3084s

 128132 109823  468.24316  152  261  922.30000  277.65142  69.9%   152 3102s

 128644 110625  552.04331  197  311  922.30000  277.65142  69.9%   152 3121s

 129490 111842  751.49338  223  254  922.30000  277.65142  69.9%   152 3140s

 130819 112800  865.22537  325  225  922.30000  277.65150  69.9%   151 3160s

 131829 113485  405.34615   74  278  922.30000  277.65150  69.9%   151 3178s

 132595 113493  594.34373  170  224  922.30000  277.65150  69.9%   151 3194s

 132603 113501  604.17692  171  243  922.30000  277.65150  69.9%   152 3207s

 132611 113537  604.18174  172  236  922.30000  277.65150  69.9%   152 3221s

 132647 113744  604.18988  173  235  922.30000  277.65150  69.9%   151 3236s

 132879 114176  605.28275  174  221  922.30000  277.65150  69.9%   151 3252s

 133373 114890  329.52624   44  312  922.30000  277.65150  69.9%   151 3277s

 134149 115950  284.31245   60  281  922.30000  277.65543  69.9%   151 3300s

 135285 116291  425.80398  151  324  922.30000  277.65543  69.9%   152 3319s

 135663 116839  462.50920  194  261  922.30000  277.65543  69.9%   152 3339s

 136337 117689  545.02050  292  262  922.30000  277.65543  69.9%   152 3362s

 137345 118245  676.13757  322  198  922.30000  277.66822  69.9%   152 3383s

 138041 119386  364.86341   51  252  922.30000  277.66822  69.9%   152 3407s

 139266 119671  717.62383  187  201  922.30000  277.66822  69.9%   152 3424s

 139571 120321  759.13119  209  151  922.30000  277.66822  69.9%   152 3444s

 140347 120934  759.97154  210  165  922.30000  277.67883  69.9%   152 3464s

 141053 121522  351.63274   58  245  922.30000  277.67883  69.9%   153 3482s

 141705 121530  325.50745   63  238  922.30000  277.68939  69.9%   153 3508s

 141713 121559  326.10525   64  211  922.30000  277.68939  69.9%   153 3526s

 141742 121783  326.65665   65  212  922.30000  277.68939  69.9%   153 3547s

 141966 122716  327.06132   66  197  922.30000  277.68939  69.9%   153 3571s

 142989 123708  479.43647  191  276  922.30000  277.68939  69.9%   153 3595s

 143991 124253  643.21492  374  189  922.30000  277.68939  69.9%   153 3617s

 144555 125094  673.91527  387  212  922.30000  277.68939  69.9%   153 3640s

 145542 125567  675.98750   84  154  922.30000  277.69324  69.9%   153 3661s

 146078 126720  680.83928   85  144  922.30000  277.70224  69.9%   153 3683s

 147358 127353  633.22672  138  149  922.30000  277.70224  69.9%   153 3703s

 148121 128113  399.31514   70  262  922.30000  277.70251  69.9%   153 3729s

 148978 129040  394.39718   88  188  922.30000  277.71887  69.9%   154 3750s

 149998 129680  364.93539   58  195  922.30000  277.71887  69.9%   154 3766s

 150672 130365  458.04960  161  239  922.30000  277.71887  69.9%   154 3784s

 151399 131107 infeasible  278       922.30000  277.72139  69.9%   154 3801s

 152230 131928  371.71747   53  299  922.30000  277.72139  69.9%   154 3823s

 153149 132810  643.73378  194  212  922.30000  277.72504  69.9%   154 3844s

 154146 132943  369.67032   73  289  922.30000  277.72504  69.9%   154 3860s

 154343 133346  636.29281  152  165  922.30000  277.72504  69.9%   154 3877s

 154799 134326  403.51418   61  300  922.30000  277.72504  69.9%   155 3896s

 156046 135069  790.26258  151  129  922.30000  277.72504  69.9%   154 3916s

 156908 135742  484.74004   90  211  922.30000  277.72504  69.9%   155 3936s

 157655 136320  913.04225  120  165  922.30000  277.72504  69.9%   155 3958s

 158478 136815  340.51674   54  389  922.30000  277.75380  69.9%   155 3977s

 159194 137282  332.68385   48  284  922.30000  277.75547  69.9%   156 3996s

 159749 137845  386.82795   83  166  922.30000  277.75547  69.9%   156 4014s

 160459 138432  501.94898  109  169  922.30000  277.75873  69.9%   156 4033s

 161217 139068  798.68616  149  155  922.30000  277.76751  69.9%   157 4055s

 161947 139858  526.21083   82  211  922.30000  277.76751  69.9%   157 4078s

 162826 140492  344.07396   42  229  922.30000  277.77248  69.9%   157 4105s

 163460 141689  467.51261  105  208  922.30000  277.77248  69.9%   157 4133s

 164766 142403  364.33252   59  263  922.30000  277.77248  69.9%   157 4153s

 165586 143108  613.78900  184  202  922.30000  277.77388  69.9%   157 4172s

 166303 143563  371.55364   51  248  922.30000  277.77388  69.9%   157 4192s

 166792 144874  371.55364   52  257  922.30000  277.77388  69.9%   157 4215s

 168206 145756  653.77094  177  214  922.30000  277.77887  69.9%   157 4233s

 169244 146673 infeasible  130       922.30000  277.78779  69.9%   157 4253s

 170277 147293  465.77126  109  273  922.30000  277.78779  69.9%   157 4271s

 170944 147687  575.66505  166  245  922.30000  277.78779  69.9%   157 4287s

 171372 148297  709.34838  239  237  922.30000  277.78779  69.9%   157 4302s

 172101 148883  383.43563   95  223  922.30000  277.78779  69.9%   157 4322s

 172711 149934  530.21043  186  230  922.30000  277.78779  69.9%   157 4339s

 173821 150881  397.34624   88  257  922.30000  277.78779  69.9%   157 4363s

 174891 151512  888.26422  235  199  922.30000  277.78779  69.9%   157 4382s

 175725 151977  378.65331  105  289  922.30000  277.80255  69.9%   157 4399s

 176281 153152  447.20437  184  227  922.30000  277.80255  69.9%   157 4419s

 177524 153159  727.42463  401  212  922.30000  277.80264  69.9%   157 4451s

 177533 160207  732.50007  402  212  922.30000  277.80356  69.9%   157 4707s

 185533 161402  444.55082  128  282  922.30000  277.85781  69.9%   158 4739s

 186915 162093  818.62131  301  146  922.30000  277.85917  69.9%   158 4762s

 187660 162464  776.82959  150  175  922.30000  277.85990  69.9%   158 4788s

 188081 163109  353.57543   51  267  922.30000  277.85990  69.9%   158 4814s

 188896 163491  652.51945   68  207  922.30000  277.86656  69.9%   159 4842s

 189413 164604  281.19151   50  265  922.30000  277.88014  69.9%   159 4871s

 190746 165009  405.97375   89  187  922.30000  277.88602  69.9%   159 4896s

 191219 165498  450.13066  111  237  922.30000  277.88732  69.9%   160 4921s

 191775 166211  676.83971  203   74  922.30000  277.88732  69.9%   160 4945s

 192624 167077  495.04412   81  206  922.30000  277.88920  69.9%   160 4968s

 193693 167565  885.04462  111  158  922.30000  277.90665  69.9%   160 4986s

 194287 168568  300.47032   56  299  922.30000  277.90674  69.9%   160 5006s

 195389 168852  343.81606   58  230  922.30000  277.90674  69.9%   160 5021s

 195778 169104  587.69471  102  148  922.30000  277.90674  69.9%   160 5039s

 196076 169931  337.70269   56  222  922.30000  277.90674  69.9%   161 5061s

 196967 170419  862.52809  336  238  922.30000  277.90674  69.9%   161 5079s

 197488 171340  405.97857  117  314  922.30000  277.90674  69.9%   161 5099s

 197684 171340  424.37908   81  260  922.30000  277.90674  69.9%   161 5100s

 198524 171966  654.13470  313  208  922.30000  277.94030  69.9%   161 5119s

 199237 172284 infeasible  380       922.30000  277.94030  69.9%   161 5134s

 199625 173453  506.11602   96  199  922.30000  277.94030  69.9%   161 5155s

 200851 173954  905.02614  263  180  922.30000  277.94030  69.9%   161 5171s

 201494 174612     cutoff  264       922.30000  277.94030  69.9%   161 5187s

 202296 175390  691.23763  107  166  922.30000  277.96833  69.9%   161 5205s

 203161 175992  520.74670   97  205  922.30000  277.96932  69.9%   161 5225s

 203831 176781  391.15487   68  213  922.30000  277.97399  69.9%   161 5245s

 204724 177462  308.64089   65  220  922.30000  277.97496  69.9%   161 5266s

 205492 178561  457.08344   88  232  922.30000  277.97496  69.9%   161 5286s

 206650 178884  718.22107  211  249  922.30000  277.97496  69.9%   161 5308s

 207040 179600  334.87965   50  258  922.30000  277.97496  69.9%   161 5331s

 207789 180154  409.46536  101  289  922.30000  277.97496  69.9%   161 5352s

 208427 181496 infeasible  174       922.30000  277.97496  69.9%   161 5377s

 209889 181795  427.82801  116  301  922.30000  277.99313  69.9%   161 5391s

 210227 182933  464.59184  152  289  922.30000  277.99313  69.9%   161 5412s

 211433 183855  370.65251   70  216  922.30000  278.00196  69.9%   161 5430s

 212435 184600  312.38984   45  264  922.30000  278.00196  69.9%   161 5445s

 213292 185233  451.66311  124  286  922.30000  278.01158  69.9%   162 5464s

 213951 185955  490.41820  230  323  922.30000  278.01273  69.9%   162 5482s

 214716 186569  627.01845  310  269  922.30000  278.01273  69.9%   161 5498s

 215433 186843 infeasible   76       922.30000  278.02291  69.9%   162 5513s

 215756 187718  379.17813   58  241  922.30000  278.03535  69.9%   162 5528s

 216668 188210  470.80433  124  344  922.30000  278.04015  69.9%   162 5548s

 217173 188996  581.16974  187  295  922.30000  278.04015  69.9%   162 5566s

 217991 189667  749.64204  309  251  922.30000  278.04015  69.9%   162 5584s

 218094 189667  333.89159   47  217  922.30000  278.04081  69.9%   162 5585s

 218837 189884  638.00830   96  189  922.30000  278.06450  69.9%   162 5601s

 219241 190164  382.27441   42  336  922.30000  278.06791  69.9%   162 5616s

 219620 190858  896.69245   69  134  922.30000  278.06791  69.9%   163 5639s

 220368 191697 infeasible   70       922.30000  278.07569  69.8%   163 5659s

 221309 192665  342.26724   42  253  922.30000  278.08071  69.8%   163 5679s

 222346 193275  526.10657  152  250  922.30000  278.08071  69.8%   163 5701s

 222989 193350     cutoff  254       922.30000  278.08071  69.8%   163 5737s

 223066 193361  772.74491  255  205  922.30000  278.08071  69.8%   163 5767s

 223077 193831  775.09974  256  199  922.30000  278.08071  69.8%   163 5805s

 223627 194561  777.02604  257  212  922.30000  278.08071  69.8%   163 5845s

 224479 195714  778.25926  258  198  922.30000  278.10313  69.8%   163 5882s

 225890 196551  465.84824   73  211  922.30000  278.12503  69.8%   163 5910s

 226823 197947  346.47182   47  291  922.30000  278.13019  69.8%   163 5944s

 228291 199342  472.15167  148  242  922.30000  278.13019  69.8%   163 5976s

 229841 200369  412.97109   67  232  922.30000  278.14883  69.8%   163 6006s

 230976 201171  582.91238  197  258  922.30000  278.14883  69.8%   163 6030s

 231872 202119  339.84776   45  351  922.30000  278.15540  69.8%   163 6059s

 232927 203376  541.04006  126  317  922.30000  278.15540  69.8%   163 6081s

 234291 203991  390.84372   65  270  922.30000  278.17008  69.8%   163 6105s

 234968 204437  551.72413   90  236  922.30000  278.17008  69.8%   163 6130s

 235446 205401  553.14341   91  219  922.30000  278.17008  69.8%   163 6155s

 236543 205863  609.25206   85  235  922.30000  278.22023  69.8%   163 6174s

 237058 206869  387.94198   71  186  922.30000  278.22023  69.8%   164 6202s

 238229 207136  652.38705  205  198  922.30000  278.22023  69.8%   164 6219s

 238519 207993  877.02858  272  196  922.30000  278.22023  69.8%   164 6240s

 239446 209008  474.08602  154  329  922.30000  278.22023  69.8%   164 6258s

 240550 209706  671.95606  328  238  922.30000  278.22023  69.8%   164 6276s

 241374 209976  367.18076   67  219  922.30000  278.22024  69.8%   164 6293s

 241656 210953  440.55872  102  265  922.30000  278.22024  69.8%   164 6316s

 242667 212045  562.38372  260  280  922.30000  278.22024  69.8%   164 6338s

 243838 212187  343.26054   48  330  922.30000  278.22024  69.8%   164 6357s

 243980 212562  343.37621   49  331  922.30000  278.22024  69.8%   164 6370s

 244365 212892  351.53624   50  333  922.30000  278.22024  69.8%   164 6384s

 244570 212892  310.34849   49  233  922.30000  278.22024  69.8%   164 6385s

 244747 213632  352.89504   51  315  922.30000  278.22024  69.8%   164 6401s

 245569 214472  414.52995   84  245  922.30000  278.22024  69.8%   164 6418s

 246445 214885  723.78532  248  244  922.30000  278.22024  69.8%   164 6434s

 246862 215717  805.37910  315  239  922.30000  278.22042  69.8%   164 6454s

 247707 215717  878.41908  268  229  922.30000  278.23162  69.8%   164 6455s

 247837 216755  357.89952   96  233  922.30000  278.23162  69.8%   164 6473s

 248910 217768  525.19657  268  179  922.30000  278.23162  69.8%   164 6493s

 250021 218515  375.87040   78  231  922.30000  278.23162  69.8%   164 6511s

 250906 218944  316.46598   69  219  922.30000  278.23162  69.8%   164 6527s

 251445 219706  423.66784  116  249  922.30000  278.26666  69.8%   164 6543s

 252251 220788  620.75844  234  210  922.30000  278.26666  69.8%   164 6571s

 253467 221398  366.26695   50  312  922.30000  278.26666  69.8%   164 6590s

 254100 222077  407.97430  125  271  922.30000  278.26666  69.8%   164 6603s

 254796 222389  768.68791  234  168  922.30000  278.26666  69.8%   164 6621s

 255153 223206  788.68375  235  169  922.30000  278.28142  69.8%   164 6642s

 256062 223583  599.42515   95  194  922.30000  278.29039  69.8%   164 6656s

 256503 223901  314.56935   85  288  922.30000  278.29482  69.8%   164 6672s

 256924 224141  498.67371  125  212  922.30000  278.29482  69.8%   164 6691s

 257209 224704  500.94584  126  212  922.30000  278.29482  69.8%   165 6709s

 257597 224704  442.88772   73  186  922.30000  278.31142  69.8%   165 6710s

 257827 225279  500.94584  127  210  922.30000  278.31142  69.8%   165 6731s

 258562 226217  382.10458   50  238  922.30000  278.33020  69.8%   165 6755s

 259699 226692 infeasible   58       922.30000  278.36055  69.8%   165 6781s

 260208 227326  413.60809   64  263  922.30000  278.36055  69.8%   165 6805s

 260939 228156  596.66040  162  271  922.30000  278.36055  69.8%   165 6829s

 261962 228573 infeasible   71       922.30000  278.36055  69.8%   165 6856s

 262595 228936 infeasible   73       922.30000  278.36055  69.8%   165 6879s

 263126 229497  526.72044   74  203  922.30000  278.40593  69.8%   165 6903s

 263964 230432  356.46315   67  256  922.30000  278.40593  69.8%   166 6928s

 265019 230824  546.92187  167  234  922.30000  278.40593  69.8%   166 6953s

 265443 232166  626.60992  241  224  922.30000  278.43737  69.8%   166 6983s

 266856 232174  371.35001   73  226  922.30000  278.44556  69.8%   166 7020s

 266864 239439  372.14652   74  244  922.30000  278.44611  69.8%   166 7297s

 274864 240052  603.22235  138  173  922.30000  278.50194  69.8%   167 7332s

 275705 240236  529.96601   62  151  922.30000  278.50194  69.8%   167 7359s

 275975 240449 infeasible   63       922.30000  278.50194  69.8%   167 7386s

 276285 240895  719.84095   64  197  922.30000  278.57039  69.8%   167 7415s

 276966 241735  330.82924   53  257  922.30000  278.61342  69.8%   167 7441s

 277926 243380  377.10009   72  247  922.30000  278.61342  69.8%   167 7478s

 279721 244053  481.25217  199  271  922.30000  278.61342  69.8%   167 7504s

 280448 245643  578.48538  265  270  922.30000  278.63287  69.8%   167 7544s

 282220 246387  312.67308   52  219  922.30000  278.65039  69.8%   167 7576s

 283025 247371  364.54991   55  240  922.30000  278.65039  69.8%   167 7601s

 284062 248225  531.20822   76  244  922.30000  278.65082  69.8%   167 7623s

 285042 248875  753.59588  305  140  922.30000  278.65719  69.8%   167 7639s

 285731 249548  388.05340   59  290  922.30000  278.68735  69.8%   167 7661s

 286463 250403  345.85458   68  278  922.30000  278.68735  69.8%   167 7682s

 287423 251417  536.88306  153  221  922.30000  278.68735  69.8%   167 7703s

 288476 252383  490.94302   72  243  922.30000  278.69061  69.8%   167 7724s

 289551 252768  366.53670   79  248  922.30000  278.70023  69.8%   167 7743s

 289940 253320  432.37030  112  215  922.30000  278.70023  69.8%   167 7766s

 290576 253791  723.28233  154  147  922.30000  278.70023  69.8%   167 7786s

 291156 254177  478.10746   90  156  922.30000  278.70562  69.8%   167 7802s

 291575 255198  538.66795  115  145  922.30000  278.70562  69.8%   167 7826s

 292713 255856  508.21381  187  275  922.30000  278.70654  69.8%   167 7847s

 293467 256069  629.73330  321  224  922.30000  278.73858  69.8%   167 7868s

 293695 256939  769.79708  366  245  922.30000  278.73858  69.8%   167 7890s

 294626 257497  500.16266  167  237  922.30000  278.73858  69.8%   167 7907s

 295261 258388  610.48180  311  286  922.30000  278.74114  69.8%   167 7927s

 296275 259097  445.07750   96  227  922.30000  278.74114  69.8%   167 7948s

 297101 259603  745.59222  255  234  922.30000  278.74318  69.8%   167 7972s

 297659 261244  325.37314   49  178  922.30000  278.74318  69.8%   167 8016s

 299479 261441  647.57093  177  164  922.30000  278.74318  69.8%   167 8035s

 299693 262077  658.37145  178  159  922.30000  278.74318  69.8%   167 8055s

 300375 263031  746.93945  193  123  922.30000  278.74318  69.8%   167 8078s

 301494 263748 infeasible  163       922.30000  278.80865  69.8%   167 8097s

 302217 263756  416.45408   98  214  922.30000  278.80865  69.8%   167 8133s

 302225 263764  416.53265   99  206  922.30000  278.80865  69.8%   167 8149s

 302233 263785  417.03655  100  221  922.30000  278.80865  69.8%   167 8171s

H302252 263731                     919.3600000  278.80865  69.7%   167 8171s

 302254 264299  422.05757  114  199  919.36000  278.80865  69.7%   167 8195s

 302870 265072  531.79839  223  172  919.36000  278.80865  69.7%   167 8221s

 303749 265920  822.26375  444  158  919.36000  278.81040  69.7%   167 8246s

 304640 266431  525.31870  141  232  919.36000  278.84976  69.7%   167 8267s

 305151 267373  574.62228  171  317  919.36000  278.85027  69.7%   167 8295s

 306147 268490  426.79331  137  213  919.36000  278.85027  69.7%   167 8319s

 307377 269101  356.12873   47  196  919.36000  278.85027  69.7%   167 8340s

 308048 269239  889.54773  107  185  919.36000  278.85027  69.7%   167 8355s

 308222 269420  889.68590  108  157  919.36000  278.85027  69.7%   167 8370s

 308446 269672  895.23136  109  154  919.36000  278.85027  69.7%   167 8386s

 308803 270422     cutoff  110       919.36000  278.85027  69.7%   167 8407s

 309710 270805  390.51248   98  223  919.36000  278.89111  69.7%   167 8423s

 310161 271874  519.81052  159  255  919.36000  278.94055  69.7%   167 8448s

 311310 272801  643.18057  321  256  919.36000  278.95274  69.7%   167 8475s

 312371 273219 infeasible   78       919.36000  278.95296  69.7%   167 8499s

 312843 275352  453.36360   65  271  919.36000  278.97964  69.7%   167 8552s

 315158 276064  494.63741  164  269  919.36000  278.99213  69.7%   167 8569s

 315302 276064  407.78621   47  252  919.36000  278.99213  69.7%   167 8570s

 316006 276813  917.56605  303  160  919.36000  278.99729  69.7%   167 8590s

 316843 277688  527.93795  148  210  919.36000  278.99729  69.7%   167 8610s

 317817 278256  620.63748  280  243  919.36000  279.03123  69.6%   167 8626s

 318403 279194  741.42948  366  221  919.36000  279.03123  69.6%   167 8648s

 319456 279962  346.44733   58  238  919.36000  279.04772  69.6%   167 8669s

 320376 280665  338.82271   51  231  919.36000  279.04926  69.6%   167 8687s

 321234 281022  329.42387   49  284  919.36000  279.07612  69.6%   167 8701s

 321712 281964  333.33352   54  304  919.36000  279.08733  69.6%   167 8720s

 322674 282815  483.12160  102  327  919.36000  279.08733  69.6%   167 8745s

 323574 283336  557.35447  210  270  919.36000  279.09947  69.6%   167 8766s

 324141 283802  777.47075  272  178  919.36000  279.10060  69.6%   167 8787s

 324651 284022  374.13172   66  357  919.36000  279.10060  69.6%   167 8803s

 324898 284875  396.76127  104  309  919.36000  279.10060  69.6%   167 8823s

 325884 285278  646.84966  210  169  919.36000  279.10060  69.6%   167 8837s

 326319 285949  314.60568   56  259  919.36000  279.10060  69.6%   167 8860s

 327042 286964  396.19405  105  258  919.36000  279.10060  69.6%   167 8889s

 327228 286964  303.41265   71  278  919.36000  279.10060  69.6%   167 8890s

 328188 287677  595.02299  291  271  919.36000  279.10060  69.6%   167 8908s

 328945 288154  407.74944   56  269  919.36000  279.14948  69.6%   167 8925s

 329482 288669  507.53043  108  206  919.36000  279.14948  69.6%   167 8950s

 330088 289500  354.68832   81  251  919.36000  279.17193  69.6%   167 8974s

 330992 290046  657.50296  258  249  919.36000  279.17193  69.6%   167 8998s

 331683 290917  403.23306  101  222  919.36000  279.17193  69.6%   167 9026s

 332607 291328  558.62351  188  260  919.36000  279.17193  69.6%   167 9046s

 333064 292139  583.57354  241  335  919.36000  279.17193  69.6%   167 9076s

 333931 292970  765.08979  337  283  919.36000  279.17193  69.6%   167 9104s

 334914 292978  346.41572   45  212  919.36000  279.17193  69.6%   167 9142s

 334922 293013  336.72462   45  207  919.36000  279.17193  69.6%   167 9160s

 334957 293072  398.15681   46  234  919.36000  279.17193  69.6%   167 9182s

 335046 293152  404.56674   47  230  919.36000  279.17193  69.6%   167 9206s

 335126 293309  398.52127   47  228  919.36000  279.17193  69.6%   167 9226s

 335285 293682  399.04264   48  239  919.36000  279.17193  69.6%   167 9244s

 335761 294174  468.76718   61  221  919.36000  279.17193  69.6%   167 9272s

 336350 294461  341.07137   45  280  919.36000  279.24698  69.6%   168 9292s

 336711 294940  503.47850   64  163  919.36000  279.24698  69.6%   168 9314s

 337363 295365  603.58487   82  224  919.36000  279.29058  69.6%   168 9344s

 337893 295890 infeasible   83       919.36000  279.29058  69.6%   168 9368s

 338554 297004  305.93622   64  314  919.36000  279.29058  69.6%   168 9395s

 339764 297580  470.88721  125  196  919.36000  279.31880  69.6%   168 9422s

 340427 298384  471.62303  126  210  919.36000  279.31933  69.6%   168 9452s

 341319 299422  487.08128  129  193  919.36000  279.31933  69.6%   168 9479s

 342281 299422  463.71237   77  274  919.36000  279.33585  69.6%   168 9480s

 342551 299743  666.17726   94  202  919.36000  279.35952  69.6%   168 9501s

 342921 302228  406.55824   69  257  919.36000  279.36470  69.6%   168 9563s

 345537 302644  437.88010   86  208  919.36000  279.36960  69.6%   168 9585s

 346053 302973  486.37910  106  199  919.36000  279.36960  69.6%   168 9609s

 346412 303301  486.57549  107  189  919.36000  279.36960  69.6%   168 9625s

 346752 303735  487.00608  108  188  919.36000  279.36960  69.6%   168 9644s

 347256 304093  487.85387  109  188  919.36000  279.36960  69.6%   168 9664s

 347640 305294  487.85398  110  191  919.36000  279.38077  69.6%   168 9692s

 348961 306043  403.90287   64  256  919.36000  279.44440  69.6%   168 9719s

 349898 306524  542.71905  213  267  919.36000  279.44564  69.6%   168 9744s

 350530 307518  346.24710   50  249  919.36000  279.45244  69.6%   168 9771s

 351605 308404  520.67050  187  298  919.36000  279.45244  69.6%   168 9798s

 352609 308808  743.77906  330  181  919.36000  279.47024  69.6%   168 9816s

 353096 309904  344.06584   59  279  919.36000  279.47332  69.6%   168 9841s

 354300 310580  587.01312  204  210  919.36000  279.47332  69.6%   168 9865s

 355115 311205  711.05658  111  152  919.36000  279.48798  69.6%   168 9891s

 355949 311802  810.26250  112  156  919.36000  279.54266  69.6%   169 9914s

 356630 312328  347.22880   41  221  919.36000  279.54744  69.6%   169 9937s

 357297 313092  477.47807   88  246  919.36000  279.54744  69.6%   169 9970s

 358509 313450  880.65168  239  229  919.36000  279.54744  69.6%   169 9992s

 358919 313949  889.76332  240  214  919.36000  279.56024  69.6%   169 10015s

 359477 314679  890.30471  241  213  919.36000  279.56041  69.6%   169 10040s

 360277 315307  890.95728  242  219  919.36000  279.59334  69.6%   169 10063s

 360981 316446  310.64702   59  195  919.36000  279.59334  69.6%   169 10093s

 362260 317509  404.12044  104  252  919.36000  279.62690  69.6%   169 10121s

 363438 318114  578.57493  280  238  919.36000  279.62962  69.6%   169 10146s

 364061 319129  871.10892  415  245  919.36000  279.65131  69.6%   169 10174s

 365152 319853  361.93730   59  299  919.36000  279.65131  69.6%   169 10200s

 365976 320315  418.34299   99  338  919.36000  279.65211  69.6%   169 10226s

 366476 320796  515.66464  172  303  919.36000  279.65211  69.6%   169 10247s

 366985 321898  548.52649  269  315  919.36000  279.65211  69.6%   169 10276s

 368301 322825  435.78365   87  273  919.36000  279.67900  69.6%   169 10304s

 368442 322825  295.76105   36  174  919.36000  279.67900  69.6%   169 10305s

 369257 323031  661.23500  227  188  919.36000  279.67900  69.6%   168 10329s

 369471 323417  683.46546  239  172  919.36000  279.68962  69.6%   168 10352s

 369975 324000  355.64439   51  315  919.36000  279.68962  69.6%   168 10376s

 370733 324463 infeasible   87       919.36000  279.68962  69.6%   169 10395s

 371266 324471  416.67147   79  297  919.36000  279.68962  69.6%   169 10439s

 371274 324479  418.95978   80  294  919.36000  279.68962  69.6%   169 10455s

 371282 324487  422.76617   81  295  919.36000  279.68962  69.6%   169 10474s

 371290 324495  426.08906   82  280  919.36000  279.68962  69.6%   169 10493s

 371298 324563  426.90866   83  274  919.36000  279.68962  69.6%   169 10512s

 371366 324800  428.38595   84  293  919.36000  279.68962  69.6%   169 10531s

 371605 325686  481.78737  102  283  919.36000  279.68962  69.6%   169 10562s

 372555 326327  813.58978  182  160  919.36000  279.68962  69.6%   169 10594s

 373245 327176  817.95053  183  144  919.36000  279.68962  69.6%   169 10628s

 374147 327994  820.71459  184  138  919.36000  279.68962  69.6%   169 10659s

 375120 328534  452.98677   54  216  919.36000  279.71178  69.6%   169 10684s

 375825 329661  530.20810  144  233  919.36000  279.71178  69.6%   169 10717s

 377106 330386  327.53215   48  264  919.36000  279.75964  69.6%   169 10741s

 377962 331317  443.03834  109  209  919.36000  279.75964  69.6%   169 10768s

 379013 332085  563.93898  233  171  919.36000  279.78276  69.6%   169 10795s

 379867 332730  853.03332  398  107  919.36000  279.78276  69.6%   169 10821s

 380541 333275  480.03885   81  253  919.36000  279.80627  69.6%   169 10845s

 381286 333648  474.78606   63  190  919.36000  279.82625  69.6%   169 10870s

 381757 334253 infeasible   94       919.36000  279.85140  69.6%   169 10896s

 382503 335436  397.43315   80  254  919.36000  279.85402  69.6%   169 10926s

 383724 336340  890.05358  300  281  919.36000  279.86679  69.6%   169 10957s

 384659 337098  622.11103  158  205  919.36000  279.86679  69.6%   169 10988s

 385515 337385  747.31836  262  260  919.36000  279.87163  69.6%   169 11020s

 385969 337750  770.84046  305  223  919.36000  279.89995  69.6%   169 11044s

 386392 338366  771.92025  306  241  919.36000  279.89995  69.6%   169 11069s

 387110 339247  772.06784  307  267  919.36000  279.90125  69.6%   169 11098s

 388078 339772  772.33210  308  263  919.36000  279.92600  69.6%   169 11122s

 388760 340169  329.97095   60  316  919.36000  279.92616  69.6%   169 11144s

 389237 341428  427.00386  107  251  919.36000  279.92616  69.6%   169 11178s

 390534 341747  774.86610  301  231  919.36000  279.92616  69.6%   169 11196s

 390922 342641  403.02217   63  242  919.36000  279.96558  69.5%   169 11224s

 391925 343554  362.06528   53  245  919.36000  279.98046  69.5%   169 11256s

 392846 344139  482.60205  122  310  919.36000  279.99254  69.5%   169 11283s

 393596 344504  424.03710   47  344  919.36000  279.99254  69.5%   169 11305s

 393961 345407  490.63395   85  301  919.36000  279.99254  69.5%   169 11337s

 394901 346183  762.10897  176  199  919.36000  279.99254  69.5%   169 11362s

 395826 347183  406.77747  113  229  919.36000  280.04207  69.5%   169 11400s

 396908 347565  524.95301  261  314  919.36000  280.04207  69.5%   169 11436s

 397319 347855 infeasible  378       919.36000  280.04207  69.5%   169 11465s

 397735 348107  314.13083   37  302  919.36000  280.04207  69.5%   169 11490s

 398088 349057 infeasible   59       919.36000  280.06127  69.5%   169 11518s

 399172 349481  366.44587   57  182  919.36000  280.07795  69.5%   169 11544s

 399647 350491  538.54236  135  144  919.36000  280.07962  69.5%   169 11576s

 400845 351124  358.96055   53  257  919.36000  280.12742  69.5%   169 11602s

 401626 352021  469.41116   64  283  919.36000  280.14161  69.5%   169 11637s

 402648 352614  416.14816  110  277  919.36000  280.14416  69.5%   170 11658s

 403270 353091  569.33066  192  158  919.36000  280.14416  69.5%   170 11687s

 403786 353832  571.21228  193  178  919.36000  280.14416  69.5%   170 11716s

 404593 354860  638.55788  197  182  919.36000  280.14416  69.5%   170 11752s

 405759 355897  477.62419  108  247  919.36000  280.18750  69.5%   170 11794s

 406838 356437  651.36240  217  207  919.36000  280.18750  69.5%   169 11821s

 407422 357703  774.41782  248  250  919.36000  280.18750  69.5%   169 11855s

 408809 358615  881.19784  241  190  919.36000  280.20427  69.5%   169 11883s

 409830 359233  741.46307   97  215  919.36000  280.22024  69.5%   169 11912s

 410630 359755  366.91543   54  275  919.36000  280.25149  69.5%   169 11940s

 411226 360293  737.82273  153  191  919.36000  280.25149  69.5%   169 11968s

 411806 360854  374.10948   71  251  919.36000  280.25149  69.5%   169 11996s

 412424 361493  437.77739  107  210  919.36000  280.25149  69.5%   169 12022s

 413173 361905  725.11608  177  177  919.36000  280.28330  69.5%   170 12040s

 413616 362844  408.56237   56  270  919.36000  280.28370  69.5%   170 12071s

 414653 363420  543.34610  195  198  919.36000  280.28370  69.5%   170 12103s

 415271 364291  385.73550   67  276  919.36000  280.28370  69.5%   170 12133s

 416158 364727  630.62886  227  243  919.36000  280.28370  69.5%   169 12168s

 416731 366263  300.48476   51  320  919.36000  280.28791  69.5%   170 12222s

 418391 366843  506.83630  190  278  919.36000  280.34750  69.5%   169 12255s

 419084 367307 infeasible   52       919.36000  280.35478  69.5%   170 12284s

 419598 367845  348.13957   43  241  919.36000  280.35478  69.5%   170 12312s

 420164 368298  505.45872  187  230  919.36000  280.35478  69.5%   170 12339s

 420753 368295  687.15395  254  133  919.36000  280.38703  69.5%   170 12377s

 420772 368373  689.49789  255  139  919.36000  280.40340  69.5%   170 12402s

 420891 368558  316.86459   50  256  919.36000  280.40340  69.5%   170 12433s

 421117 369105  391.65036   96  254  919.36000  280.40340  69.5%   170 12468s

 421686 370490  551.28111  215  234  919.36000  280.40340  69.5%   170 12509s

 423190 371501  433.78622   98  213  919.36000  280.41199  69.5%   170 12548s

 424287 371823  418.38398   63  287  919.36000  280.41199  69.5%   170 12584s

 424624 372400  610.14407   88  265  919.36000  280.41257  69.5%   170 12614s

 425323 373693  367.33123   84  310  919.36000  280.41643  69.5%   170 12653s

 426659 374564  349.92445   50  263  919.36000  280.41643  69.5%   170 12686s

 427629 375347  505.87402  143  326  919.36000  280.41643  69.5%   170 12721s

 428607 375744  546.80982  246  257  919.36000  280.45697  69.5%   170 12743s

 429073 376233  674.88075  289  242  919.36000  280.45697  69.5%   170 12780s

 429606 377318  680.41288  291  264  919.36000  280.45697  69.5%   170 12819s

 430762 378396  442.51479   84  220  919.36000  280.50044  69.5%   170 12856s

 431953 378674  573.68353  213  202  919.36000  280.51308  69.5%   170 12871s

 432232 379797  651.85975  269  190  919.36000  280.51308  69.5%   170 12900s

 433456 380679  456.17514   96  203  919.36000  280.51308  69.5%   170 12928s

 434424 381079  543.78464  202  273  919.36000  280.51308  69.5%   170 12951s

 434844 381743  679.05380  291  244  919.36000  280.51437  69.5%   170 12976s

 435621 381944  361.00322   53  274  919.36000  280.55247  69.5%   170 13009s

 435934 382278  344.47008   56  319  919.36000  280.55247  69.5%   170 13033s

 436388 382729  480.19082  108  253  919.36000  280.55247  69.5%   170 13053s

 436921 383413  394.94172   66  331  919.36000  280.55247  69.5%   170 13081s

 437675 383895  456.24960  133  304  919.36000  280.55247  69.5%   170 13107s

 438167 384464  557.43195  196  178  919.36000  280.55247  69.5%   170 13136s

 438837 384955  405.19006   63  282  919.36000  280.55247  69.5%   170 13163s

 439395 385359  483.36846  113  223  919.36000  280.55247  69.5%   170 13191s

 439825 386115  503.13224  174  333  919.36000  280.55247  69.5%   170 13223s

 440702 386800  775.07484  265  236  919.36000  280.58010  69.5%   170 13253s

 441450 387764  427.59069   71  264  919.36000  280.58010  69.5%   170 13287s

 442510 388647  552.86980  214  209  919.36000  280.58010  69.5%   170 13316s

 443477 388930  883.76196  350  254  919.36000  280.58010  69.5%   170 13344s

 443789 389821  360.67771   51  278  919.36000  280.63363  69.5%   170 13374s

 444744 390584  647.56491  194  186  919.36000  280.63363  69.5%   170 13413s

 445558 391355  357.64142   52  253  919.36000  280.63718  69.5%   170 13452s

 446406 391844  374.78759   97  265  919.36000  280.63718  69.5%   170 13475s

 446939 392667  446.16828  148  263  919.36000  280.64590  69.5%   170 13507s

 447925 393531  596.18641  274  281  919.36000  280.68010  69.5%   170 13548s

 448823 394052  726.30361  331  217  919.36000  280.68010  69.5%   170 13573s

 449450 394393  728.69345  332  215  919.36000  280.72723  69.5%   170 13599s

 449821 395374  729.93228  333  218  919.36000  280.72723  69.5%   170 13634s

 450902 395378  394.27116   92  260  919.36000  280.73723  69.5%   170 13689s

 450914 395386  395.06386   93  252  919.36000  280.73723  69.5%   170 13713s

 450922 395394  395.46360   94  265  919.36000  280.73723  69.5%   170 13747s

 450930 395546  395.75413   95  267  919.36000  280.73723  69.5%   170 13778s

 451096 396121  398.72702  101  309  919.36000  280.73723  69.5%   170 13805s

 451732 397230  501.88454  165  295  919.36000  280.73723  69.5%   170 13840s

 452960 397906 infeasible  367       919.36000  280.73723  69.5%   170 13872s

 453854 398634  506.14223  121  204  919.36000  280.79517  69.5%   170 13910s

 454682 398991  708.01919  205  115  919.36000  280.80667  69.5%   170 13936s

 455130 400020  510.62055   66  190  919.36000  280.80667  69.5%   170 13970s

 456304 400725  374.37331   56  287  919.36000  280.82491  69.5%   170 14001s

 457118 401774  381.08011   59  182  919.36000  280.87224  69.4%   170 14035s

 458318 402273  667.15385  224  186  919.36000  280.87224  69.4%   171 14071s

 458865 402683  435.12539  166  309  919.36000  280.93964  69.4%   171 14094s

 458966 402683  666.08862  113  232  919.36000  280.93964  69.4%   171 14095s

 459317 403873  633.28243  267  184  919.36000  280.94297  69.4%   171 14131s

 460646 404544  347.56753   48  294  919.36000  280.94443  69.4%   171 14159s

 461009 404544  473.44808   93  181  919.36000  280.94443  69.4%   171 14160s

 461365 405844  506.56548  167  250  919.36000  280.94443  69.4%   171 14199s

 462767 406904  320.25708   72  271  919.36000  280.94443  69.4%   171 14227s

 463871 407408  537.59799  156  170  919.36000  280.94443  69.4%   170 14254s

 464492 407585  387.05441   89  284  919.36000  280.98581  69.4%   170 14279s

 464691 408269  738.60756  138  127  919.36000  280.98581  69.4%   171 14309s

 465504 408758 infeasible  102       919.36000  281.04496  69.4%   171 14332s

 466096 409100  439.58307  144  217  919.36000  281.04881  69.4%   171 14359s

 466486 410059  374.01491   51  333  919.36000  281.06434  69.4%   171 14390s

 467523 410185  428.68872  189  224  919.36000  281.06434  69.4%   171 14400s



Cutting planes:

  Learned: 19

  Gomory: 78

  Cover: 111

  Implied bound: 312

  Projected implied bound: 17

  Clique: 405

  MIR: 877

  Mixing: 69

  StrongCG: 430

  Flow cover: 1710

  GUB cover: 17

  Zero half: 1212

  RLT: 61

  Relax-and-lift: 518



Explored 467673 nodes (79781446 simplex iterations) in 14400.65 seconds (12784.72 work units)

Thread count was 16 (of 16 available processors)



Solution count 10: 919.36 922.3 922.41 ... 974.09



Time limit reached

Best objective 9.193600000000e+02, best bound 2.810700000000e+02, gap 69.4276%



AMPL MP initial flat model has 11710 variables (0 integer, 11627 binary);

Objectives: 1 linear; 

Constraints:  2865 linear; 7 quadratic;



AMPL MP final model has 11710 variables (0 integer, 11627 binary);

Objectives: 1 linear; 

Constraints:  2865 linear; 7 quadratic;





-----RESULTS INFO-----
running_time:  14406.563
TC.best_bound:  281.07
TC:  919.3599999999999
MIP Gap (%):  69.42764531848242
=== Vehicle Routes ===
Vehicle 1: 0  6
Vehicle 1: 1  62
Vehicle 1: 6  14
Vehicle 1: 9  13
Vehicle 1: 10  1
Vehicle 1: 13  17
Vehicle 1: 14  56
Vehicle 1: 17  10
Vehicle 1: 56  9
Vehicle 2: 0  7
Vehicle 2: 2  62
Vehicle 2: 5  59
Vehicle 2: 7  5
Vehicle 2: 59  2
Vehicle 3: 0  4
Vehicle 3: 3  62
Vehicle 3: 4  12
Vehicle 3: 12  55
Vehicle 3: 55  3
Vehicle 4: 0  60
Vehicle 4: 8  16
Vehicle 4: 16  62
Vehicle 4: 43  8
Vehicle 4: 60  43
Vehicle 5: 0  54
Vehicle 5: 11  15
Vehicle 5: 15  62
Vehicle 5: 54  11
Vehicle 6: 0  51
Vehicle 6: 51  57
Vehicle 6: 57  62
Vehicle 7: 0  58
Vehicle 7: 58  62

=== Full Vehicle Routes ===
Vehicle 1: 0  6  14  56  9  13  17  10  1  0 (100<100)
Vehicle 2: 0  7  5  59  2  0 (99<100)
Vehicle 3: 0  4  12  55  3  0 (81<100)
Vehicle 4: 0  60  43  8  16  0 (96<100)
Vehicle 5: 0  54  11  15  0 (95<100)
Vehicle 6: 0  51  57  0 (100<100)
Vehicle 7: 0  58  0 (98<100)
Arc used by MRT line: y variables:
Customer assigment to PL: u variables:
18 54
19 57
20 58
21 55
22 55
23 58
24 54
25 60
26 56
27 57
28 54
29 60
30 54
31 55
32 55
33 58
34 54
35 54
36 59
37 56
38 55
39 60
40 57
41 54
42 59
44 60
45 60
46 59
47 58
48 56
49 57
50 59
52 57
53 57
Node is served by regular vehicle: g variables:
1
2
3
4
5
6
7
8
9
10
11
12
13
14
15
16
17
43
51
60
54
55
56
57
58
59
Customer assigment to Home delivery: gm variables:
1
2
3
4
5
6
7
8
9
10
11
12
13
14
15
16
17
43
51
Node total demands: ntd variables:
1 19 1
2 17 1
3 9 1
4 7 1
5 5 1
6 18 1
7 23 1
8 2 1
9 2 1
10 2 1
11 4 1
12 2 1
13 10 1
14 2 1
15 2 1
16 19 1
17 16 1
36 0 0
37 0 0
38 0 0
39 0 0
40 0 0
41 0 0
42 0 0
43 5 1
44 0 0
45 0 0
46 0 0
47 0 0
48 0 0
49 0 0
50 0 0
51 19 1
52 0 0
53 0 0
60 70 1
61 0 0
54 89 1
55 63 1
56 31 1
57 81 1
58 98 1
59 54 1
Customer's demand delivered to PL: l variables:
18
19
20
21
22
23
24
25
26
27
28
29
30
31
32
33
34
35
36
37
38
39
40
41
42
44
45
46
47
48
49
50
52
53
Lockers load <= capacity:
70 <= 72
0 <= 79
89 <= 94
63 <= 99
31 <= 93
81 <= 93
98 <= 99
54 <= 94
