Gurobi 12.0.3:   lim:time = 14400

  mip:bestbound = 1

Set parameter LogToConsole to value 1

  tech:outlev = 1

Set parameter Cuts to value 3

  cut:cuts = 3

Set parameter Presolve to value 2

  pre:solve = 2

Set parameter MIPFocus to value 2

  mip:focus = 2

Set parameter Symmetry to value 2

  mip:symmetry = 2

Set parameter InfUnbdInfo to value 1

Gurobi Optimizer version 12.0.3 build v12.0.3rc0 (win64 - Windows 10.0 (19045.2))



CPU model: Intel(R) Core(TM) i7-10700 CPU @ 2.90GHz, instruction set [SSE2|AVX|AVX2]

Thread count: 8 physical cores, 16 logical processors, using up to 16 threads



Non-default parameters:

TimeLimit  14400

MIPFocus  2

Symmetry  2

Cuts  3

InfUnbdInfo  1

Presolve  2



Optimize a model with 4449 rows, 23372 columns and 148868 nonzeros

Model fingerprint: 0x2608df03

Model has 3 quadratic objective terms

Model has 14 quadratic constraints

Variable types: 104 continuous, 23268 integer (0 binary)

Coefficient statistics:

  Matrix range     [1e+00, 1e+05]

  QMatrix range    [1e+00, 1e+00]

  QLMatrix range   [1e+00, 3e+01]

  Objective range  [1e+00, 1e+02]

  QObjective range [2e+00, 2e+00]

  Bounds range     [1e+00, 1e+02]

  RHS range        [1e+00, 1e+05]

  QRHS range       [1e+02, 1e+02]

Presolve removed 161 rows and 555 columns (presolve time = 5s)...

Presolve removed 157 rows and 574 columns

Presolve time: 6.52s

Presolved: 18708 rows, 37196 columns, 183358 nonzeros

Variable types: 1444 continuous, 35752 integer (32488 binary)

Root relaxation presolve removed 109 rows and 3 columns

Root relaxation presolved: 18571 rows, 37236 columns, 367634 nonzeros



Deterministic concurrent LP optimizer: primal and dual simplex

Showing primal log only...





Root simplex log...



Iteration    Objective       Primal Inf.    Dual Inf.      Time

       0    1.0778600e+03   2.144298e+02   5.763609e+09     16s

Concurrent spin time: 0.01s



Solved with dual simplex



Root simplex log...



Iteration    Objective       Primal Inf.    Dual Inf.      Time

    1562    2.3738567e+02   0.000000e+00   0.000000e+00     17s



Root relaxation: objective 2.373857e+02, 1562 iterations, 0.55 seconds (0.68 work units)

Total elapsed time = 17.93s (DegenMoves)



    Nodes    |    Current Node    |     Objective Bounds      |     Work

 Expl Unexpl |  Obj  Depth IntInf | Incumbent    BestBd   Gap | It/Node Time



     0     0  237.38567    0  284          -  237.38567      -     -   18s

     0     0  277.51394    0  293          -  277.51394      -     -   22s

     0     0  288.23760    0  293          -  288.23760      -     -   23s

     0     0  288.23760    0  317          -  288.23760      -     -   23s

     0     0  288.23760    0  301          -  288.23760      -     -   23s

     0     0  293.68864    0  240          -  293.68864      -     -   26s

     0     0  298.35869    0  365          -  298.35869      -     -   27s

     0     0  298.42932    0  365          -  298.42932      -     -   27s

     0     0  298.42932    0  315          -  298.42932      -     -   31s

     0     0  303.07963    0  391          -  303.07963      -     -   32s

     0     0  305.79729    0  354          -  305.79729      -     -   33s

     0     0  305.95027    0  423          -  305.95027      -     -   33s

     0     0  308.84046    0  397          -  308.84046      -     -   36s

     0     0  309.80341    0  406          -  309.80341      -     -   37s

     0     0  309.80789    0  398          -  309.80789      -     -   37s

     0     0  309.91158    0  296          -  309.91158      -     -   41s

     0     0  309.95874    0  410          -  309.95874      -     -   42s

     0     0  310.09703    0  408          -  310.09703      -     -   45s

     0     0  310.12635    0  395          -  310.12635      -     -   45s

     0     0  310.82921    0  428          -  310.82921      -     -   47s

     0     0  310.93789    0  433          -  310.93789      -     -   48s

     0     0  310.99292    0  418          -  310.99292      -     -   51s

     0     0  311.00189    0  438          -  311.00189      -     -   52s

     0     0  311.00928    0  432          -  311.00928      -     -   56s

     0     0  311.00928    0  432          -  311.00928      -     -   57s

     0     2  311.01719    0  432          -  311.01719      -     -   62s

    15    24  311.01719    4  384          -  311.01719      -   703   65s

    70    86  311.03077   10  387          -  311.01719      -   411   70s

   119   130  311.67770   14  360          -  311.01719      -   410   75s

   228   240  313.94621   23  256          -  311.01719      -   360   80s

   378   407  316.22035   33  188          -  311.01719      -   325   85s

   547   573  319.89964   57  335          -  311.01719      -   286   90s

   681   748  332.02277   67  317          -  311.01719      -   272   95s

   998  1060  334.50499   76  320          -  311.01719      -   221  100s

  1279  1344  352.34858   90  267          -  311.01719      -   207  106s

  1572  1615  357.16185   99  262          -  311.01719      -   192  111s

  1890  1904  362.04784  110  315          -  311.01719      -   181  116s

  2069  2050  368.30645  120  231          -  311.02650      -   180  120s

  2340  2319  456.69162  137  297          -  311.03077      -   180  126s

  2536  2487  512.88302  156  282          -  311.03077      -   181  130s

  2821  2804  552.71638  173  265          -  311.03077      -   177  136s

  3094  3007  311.82456   10  318          -  311.03077      -   174  141s

  3347  3262  314.84096   19  229          -  311.03077      -   174  147s

  3474  3263  481.48764  126 9340          -  311.03077      -   175  157s

  3476  3264  313.57415   19  296          -  311.03077      -   175  163s

  3477  3265  315.19196   16  346          -  311.03077      -   175  169s

  3478  3266  335.24927   83  376          -  311.03077      -   175  173s

  3479  3266  393.57343  285  317          -  313.10448      -   175  188s

  3480  3267  416.87762  218  525          -  313.56151      -   175  204s

  3481  3268  581.04030  150  377          -  313.57023      -   175  213s

  3482  3268  313.59218   14  452          -  313.59218      -   175  230s

  3483  3269  477.37760  117  353          -  313.59218      -   175  238s

H 3483  3105                    2016.9700000  313.59218  84.5%   175  258s

H 3484  2950                    2016.1800000  313.59218  84.4%   174  285s

H 3484  2803                    2013.0500000  313.59218  84.4%   174  285s

H 3484  2662                    2007.5600000  313.59218  84.4%   174  285s

H 3485  2529                    2005.2100000  313.59218  84.4%   174  318s

H 3485  2402                    1993.0400000  313.59218  84.3%   174  318s

H 3485  2282                    1978.7900000  313.59218  84.2%   174  318s

H 3485  2168                    1976.6200000  313.59218  84.1%   174  318s

H 3485  2059                    1968.7400000  313.59218  84.1%   174  318s

H 3485  1956                    1961.4900000  313.59218  84.0%   174  318s

H 3485  1858                    1957.0700000  313.59218  84.0%   174  318s

H 3485  1765                    1954.6300000  313.59218  84.0%   174  318s

H 3486  1677                    1942.3900000  313.61360  83.9%   174  345s

H 3486  1593                    1938.3200000  313.61360  83.8%   174  345s

H 3486  1513                    1934.6800000  313.61360  83.8%   174  345s

H 3486  1437                    1933.2100000  313.61360  83.8%   174  345s

H 3486  1365                    1929.1400000  313.61360  83.7%   174  345s

H 3486  1297                    1914.1100000  313.61360  83.6%   174  345s

H 3486  1232                    1897.5400000  313.61360  83.5%   174  345s

H 3486  1170                    1896.0800000  313.61360  83.5%   174  345s

H 3486  1111                    1870.9000000  313.61360  83.2%   174  345s

H 3486  1055                    1869.4400000  313.61360  83.2%   174  345s

H 3486  1002                    1869.2900000  313.61360  83.2%   174  345s

H 3487   953                    1868.7700000  313.63086  83.2%   174  373s

  3489   954  391.13539  163  381 1868.77000  313.64420  83.2%   174  387s

H 3489   906                    1864.6300000  313.65183  83.2%   174  418s

H 3489   860                    1863.6800000  313.65183  83.2%   174  418s

H 3489   817                    1863.4600000  313.65183  83.2%   174  418s

H 3489   776                    1862.9000000  313.65183  83.2%   174  418s

H 3489   737                    1862.2800000  313.65183  83.2%   174  419s

H 3489   700                    1861.3300000  313.65183  83.1%   174  419s

H 3489   665                    1858.5400000  313.65183  83.1%   174  419s

H 3489   631                    1858.1900000  313.65183  83.1%   174  419s

H 3489   599                    1844.2400000  313.65183  83.0%   174  419s

H 3489   569                    1832.7200000  313.65183  82.9%   174  419s

H 3489   540                    1831.7900000  313.65183  82.9%   174  419s

H 3489   513                    1827.7900000  313.65183  82.8%   174  419s

H 3490   488                    1777.8400000  313.67358  82.4%   174  447s

H 3490   463                    1750.2600000  313.67358  82.1%   174  447s

H 3490   440                    1742.5800000  313.67358  82.0%   174  447s

H 3490   418                    1742.3000000  313.67358  82.0%   174  447s

H 3490   396                    1739.4100000  313.67358  82.0%   174  447s

H 3490   376                    1735.4500000  313.67358  81.9%   174  447s

H 3490   357                    1731.1500000  313.67358  81.9%   174  447s

  3492   358  387.23797  145  369 1731.15000  313.68471  81.9%   174  474s

H 3492   340                    1729.7200000  313.71307  81.9%   174  483s

H 3493   324                    1717.2600000  313.74297  81.7%   174  513s

H 3494   307                    1716.4500000  313.75916  81.7%   174  547s

H 3495   292                    1716.3600000  313.75927  81.7%   174  575s

  3497   293  319.41574   23  361 1716.36000  313.76126  81.7%   174  608s

H 3497   278                    1711.7100000  313.76184  81.7%   174  633s

  3498   279  507.40706  229  454 1711.71000  313.76184  81.7%   174  635s

H 3498   265                    1623.0700000  313.76969  80.7%   174  647s

H 3498   251                    1610.5800000  313.76969  80.5%   174  647s

  3500   252  384.95748  123  392 1610.58000  313.76991  80.5%   174  672s

  3501   253  693.45943  367  391 1610.58000  313.76991  80.5%   174  704s

  3502   254  335.55008   29  401 1610.58000  313.77052  80.5%   174  728s

H 3502   241                    1605.1900000  313.77074  80.5%   174  751s

H 3503   228                    1583.7200000  313.78043  80.2%   174  772s

H 3503   216                    1579.9400000  313.78043  80.1%   174  772s

  3504   217  351.25927   60  484 1579.94000  313.78043  80.1%   173  775s

  3505   218  354.89741   96  388 1579.94000  313.80016  80.1%   173  803s

H 3505   207                    1579.6600000  313.80290  80.1%   173  824s

H 3505   196                    1570.7500000  313.80290  80.0%   173  824s

H 3505   186                    1566.6700000  313.80290  80.0%   173  824s

  3506   186  522.95828  191  435 1566.67000  313.80290  80.0%   173  829s

  3507   187  436.73977  203  404 1566.67000  313.80290  80.0%   173  857s

  3508   188  360.11175  150  440 1566.67000  313.81329  80.0%   173  889s

H 3508   178                    1534.6300000  313.81329  79.6%   173  913s

  3509   178  618.31570  269  452 1534.63000  313.82974  79.6%   173  921s

  3510   179  330.47556   88  482 1534.63000  313.82974  79.6%   173  934s

  3511   180  323.58927   47  447 1534.63000  313.83116  79.6%   173  960s

  3512   180  381.38704  105  440 1534.63000  313.83116  79.6%   173  992s

H 3512   170                    1507.8000000  313.83116  79.2%   173 1018s

  3513   171  381.82586  158  401 1507.80000  313.83183  79.2%   173 1034s

  3514   172  327.09625   44  433 1507.80000  313.83184  79.2%   173 1058s

  3515   172  313.84677   18  420 1507.80000  313.84677  79.2%   173 1088s

  3516   173  420.71687  239  453 1507.80000  313.93637  79.2%   173 1119s

  3517   174  536.30839  211  413 1507.80000  313.93637  79.2%   173 1145s

  3518   174  316.22577    5  409 1507.80000  313.97642  79.2%   173 1175s

  3519   175  315.58900   45  402 1507.80000  314.01753  79.2%   173 1206s

  3522   178  565.22429  300 9340 1507.80000  314.01753  79.2%   200 1216s

  3524   179  437.01217  129  302 1507.80000  314.01753  79.2%   200 1221s

  3526   181  767.26528  234  346 1507.80000  314.01753  79.2%   200 1225s

  3527   181  325.91906   52  330 1507.80000  314.01753  79.2%   200 1257s

  3528   182  332.16239   83  448 1507.80000  314.01753  79.2%   200 1273s

  3529   183  826.28079  392  425 1507.80000  314.01753  79.2%   199 1317s

H 3529   173                    1499.5800000  314.01753  79.1%   199 1317s

  3530   173  336.88105   29  470 1499.58000  314.01753  79.1%   199 1326s

  3531   174  365.02042   22  446 1499.58000  314.01753  79.1%   199 1371s

  3532   175  635.46739  328  511 1499.58000  314.01753  79.1%   199 1385s

  3533   175  351.11038   61  414 1499.58000  314.01753  79.1%   199 1445s

  3534   176  421.39566   65  424 1499.58000  314.01753  79.1%   199 1502s

  3535   177  360.82679  116  437 1499.58000  314.07002  79.1%   199 1573s

  3536   177  323.27183   25  411 1499.58000  315.90799  78.9%   199 1634s

  3537   178  593.88212  311  488 1499.58000  316.60236  78.9%   199 1704s

  3538   179  466.14726  173  416 1499.58000  316.90000  78.9%   199 1766s

  3539   179  491.05448  280  426 1499.58000  317.35885  78.8%   199 1839s

  3540   180  393.04543  280  411 1499.58000  317.80428  78.8%   199 1901s

  3541   181  386.10602  134  389 1499.58000  318.66632  78.7%   199 1966s

  3542   181  319.80793    9  392 1499.58000  319.80793  78.7%   199 2035s

  3543   182  357.98434  194  395 1499.58000  319.83476  78.7%   199 2106s

H 3543   173                    1495.0400000  320.14448  78.6%   199 2181s

  3545   174  374.25305   30  352 1495.04000  320.68522  78.6%   199 2224s

H 3545   165                    1490.3200000  320.68522  78.5%   199 2266s

H 3545   156                    1485.3200000  320.68522  78.4%   199 2266s

  3546   157  405.16486   54  411 1485.32000  321.50790  78.4%   199 2290s

  3547   158  322.95683   22  458 1485.32000  322.95683  78.3%   198 2315s

  3548   158  350.71035   47  460 1485.32000  325.61707  78.1%   198 2362s

  3549   159  330.53441   15  458 1485.32000  326.50401  78.0%   198 2400s

  3550   160  565.22429  300  490 1485.32000  326.99129  78.0%   198 2433s

H 3550   152                    1480.6700000  329.71301  77.7%   198 2489s

H 3550   143                    1468.5800000  329.71301  77.5%   198 2489s

H 3550   136                    1452.0700000  329.71301  77.3%   198 2489s

H 3550   129                    1445.1100000  329.71301  77.2%   198 2489s

H 3550   122                    1437.7500000  329.71301  77.1%   198 2489s

H 3550   115                    1429.9200000  329.71301  76.9%   198 2489s

  3551   115  393.46659  172  468 1429.92000  329.71301  76.9%   198 2491s

H 3551   109                    1424.9400000  329.78818  76.9%   198 2539s

H 3551   103                    1424.6900000  329.78818  76.9%   198 2539s

  3553   105  581.04030  150  470 1424.69000  329.95237  76.8%   198 2585s

H 3553    99                    1415.0500000  330.15496  76.7%   198 2630s

  3555   100  330.31473   47  440 1415.05000  330.31473  76.7%   198 2696s

  3556   101  399.39979  182  450 1415.05000  330.45955  76.6%   198 2736s

  3557   101  363.88927   96  577 1415.05000  330.72134  76.6%   198 2797s

  3558   102  480.74404  122  588 1415.05000  331.15140  76.6%   198 2877s

  3559   103  352.02688  118  437 1415.05000  331.16974  76.6%   198 2932s

  3560   103  338.05171   54  467 1415.05000  331.17798  76.6%   198 2973s

  3561   104  331.24381   16  467 1415.05000  331.24381  76.6%   198 3053s

  3562   105  331.29934    4  512 1415.05000  331.29934  76.6%   198 3121s

  3563   105  375.78151   96  454 1415.05000  331.60057  76.6%   198 3174s

  3564   106  407.05306  130  456 1415.05000  331.66453  76.6%   198 3187s

  3565   107  423.10475  246  487 1415.05000  332.06339  76.5%   197 3263s

  3566   107  417.06527  129  651 1415.05000  333.86234  76.4%   197 3340s

  3567   108  391.93127  266  636 1415.05000  333.98536  76.4%   197 3353s

H 3567   102                    1402.3100000  334.49889  76.1%   197 3438s

H 3567    96                    1397.0900000  334.49889  76.1%   197 3438s

H 3568    91                    1393.3100000  334.82555  76.0%   197 3525s

  3570    92  618.31570  269  606 1393.31000  334.83768  76.0%   197 3548s

H 3570    87                    1392.4300000  335.42780  75.9%   197 3652s

H 3571    83                    1381.8500000  336.02244  75.7%   197 3722s

H 3571    78                    1380.8500000  336.02244  75.7%   197 3722s

  3573    79  350.87412   48  483 1380.85000  336.71854  75.6%   197 3788s

  3574    80  481.48764  126  516 1380.85000  336.75558  75.6%   197 3817s

  3575    80  637.84978  193  503 1380.85000  336.75558  75.6%   197 3859s

  3576    81  336.75558   19  536 1380.85000  336.75558  75.6%   197 3903s

  3577    82  336.76309   16  488 1380.85000  336.76309  75.6%   197 3967s

  3578    82  336.76309   83  492 1380.85000  336.76309  75.6%   197 4011s

  3579    83  393.57343  285  464 1380.85000  336.78509  75.6%   197 4035s

  3580    84  416.87762  218  485 1380.85000  336.78509  75.6%   197 4076s

  3581    84  581.04030  150  438 1380.85000  336.81061  75.6%   197 4136s

H 3581    79                    1372.4900000  336.89564  75.5%   197 4188s

  3583    81  477.37760  117  449 1372.49000  336.99138  75.4%   196 4248s

  3584    81  355.91126  188  449 1372.49000  337.13790  75.4%   196 4309s

  3585    82  337.17764   51  455 1372.49000  337.17764  75.4%   196 4382s

  3586    83  387.34251  148  485 1372.49000  337.19012  75.4%   196 4437s

  3587    83  630.68273  295  457 1372.49000  337.19012  75.4%   196 4447s

H 3587    77                    1372.2500000  337.19012  75.4%   196 4479s

H 3587    72                    1370.8600000  337.19012  75.4%   196 4479s

  3589    74  391.13539  163  479 1370.86000  337.19012  75.4%   196 4490s

  3590    74  343.25569   48  522 1370.86000  337.19012  75.4%   196 4555s

  3591    75  337.21674  134  528 1370.86000  337.21674  75.4%   196 4616s

  3592    76  387.23797  145  505 1370.86000  337.21674  75.4%   196 4664s

  3593    76  337.33075    4  493 1370.86000  337.33075  75.4%   196 4714s

H 3593    71                    1367.0100000  337.74498  75.3%   196 4792s

H 3593    66                    1366.2500000  337.74498  75.3%   196 4792s

H 3593    62                    1359.3100000  337.74498  75.2%   196 4792s

  3595    64  424.81686  251  591 1359.31000  337.76428  75.2%   196 4810s

  3596    64  337.94686   14  740 1359.31000  337.94686  75.1%   196 4891s

  3597    65  338.27269   23  657 1359.31000  338.27269  75.1%   196 4946s

H 3597    60                    1358.6600000  338.66877  75.1%   196 5015s

  3599    61  389.59231  156  599 1358.66000  338.77307  75.1%   196 5064s

H 3599    57                    1357.9600000  338.90550  75.0%   196 5137s

  3601    59  693.45943  367  619 1357.96000  339.24441  75.0%   196 5206s

  3602    59  339.24441   29  631 1357.96000  339.24441  75.0%   195 5214s

H 3602    55                    1357.8300000  339.31316  75.0%   195 5265s

H 3602    51                    1355.8700000  339.31316  75.0%   195 5265s

H 3602    47                    1350.8700000  339.31316  74.9%   195 5265s

  3604    49  351.25927   60  545 1350.87000  339.36357  74.9%   195 5275s

  3605    49  354.89741   96  489 1350.87000  339.62976  74.9%   195 5287s

  3607    51  436.73977  203  521 1350.87000  339.63132  74.9%   195 5297s

  3608    51  360.11175  150  533 1350.87000  339.64110  74.9%   195 5305s

  3609    52  618.31570  269  746 1350.87000  339.64110  74.9%   195 5315s

  3610    53  339.67300   88  749 1350.87000  339.67300  74.9%   195 5324s

H 3610    49                    1349.3800000  339.88188  74.8%   195 5396s

  3612    50  381.38704  105  703 1349.38000  339.88188  74.8%   195 5409s

  3613    51  381.82586  158  529 1349.38000  339.93621  74.8%   195 5449s

  3614    51  339.99209   44  543 1349.38000  339.99209  74.8%   195 5515s

  3615    52  340.11075   18  460 1349.38000  340.11075  74.8%   195 5557s

  3616    53  420.71687  239  474 1349.38000  340.26988  74.8%   195 5611s

  3617    53  536.30839  211  518 1349.38000  340.66482  74.8%   195 5674s

  3618    54  340.76674    5  531 1349.38000  340.76674  74.7%   195 5714s

  3619    55  340.76674   45  641 1349.38000  340.76674  74.7%   195 5728s

  3620    55  696.78839  341  574 1349.38000  340.86535  74.7%   194 5790s

  3621    56  400.02221  121  530 1349.38000  341.32944  74.7%   194 5854s

  3622    57  565.22429  300  454 1349.38000  341.33004  74.7%   194 5885s

  3623    57  341.60292   53  443 1349.38000  341.60292  74.7%   194 5959s

  3624    58  437.01217  129  519 1349.38000  341.99847  74.7%   194 6017s

  3625    59  386.58712  138  337 1349.38000  342.00404  74.7%   194 6032s

  3626    59  767.26528  234  488 1349.38000  342.38776  74.6%   194 6092s

  3627    60  342.38776   52  508 1349.38000  342.38776  74.6%   194 6107s

  3628    61  342.40352   83  503 1349.38000  342.40352  74.6%   194 6122s

  3629    61  826.28079  392  480 1349.38000  342.42485  74.6%   194 6135s

  3630    62  342.42836   29  425 1349.38000  342.42836  74.6%   194 6158s

  3631    63  365.02042   22  409 1349.38000  342.52558  74.6%   194 6246s

  3632    63  635.46739  328  464 1349.38000  342.68404  74.6%   194 6286s

  3633    64  351.11038   61  418 1349.38000  342.76926  74.6%   194 6333s

  3634    65  421.39566   65  435 1349.38000  342.85453  74.6%   194 6355s

  3635    65  360.82679  116  404 1349.38000  342.99741  74.6%   194 6424s

  3636    66  343.11430   25  455 1349.38000  343.11430  74.6%   194 6448s

  3637    67  593.88212  311  436 1349.38000  343.13492  74.6%   194 6508s

  3638    67  466.14726  173  438 1349.38000  343.28170  74.6%   194 6573s

  3639    68  491.05448  280  442 1349.38000  343.61055  74.5%   193 6622s

  3640    69  393.04543  280  477 1349.38000  344.05554  74.5%   193 6657s

  3641    69  386.10602  134  629 1349.38000  344.20428  74.5%   193 6723s

  3642    70  344.25246    9  457 1349.38000  344.25246  74.5%   193 6783s

  3643    71  357.98434  194  447 1349.38000  344.37621  74.5%   193 6862s

  3644    71  382.75207  118  454 1349.38000  344.48970  74.5%   193 6932s

  3645    72  374.25305   30  470 1349.38000  344.48970  74.5%   193 6959s

  3646    73  405.16486   54  466 1349.38000  344.49675  74.5%   193 7017s

  3647    73  344.49675   22  447 1349.38000  344.49675  74.5%   193 7083s

  3650    77  565.22429  300 9340 1349.38000  344.49675  74.5%   253 7098s

  3652    78  355.44333  187  244 1349.38000  344.49675  74.5%   253 7106s

  3653    79  581.04030  150  290 1349.38000  344.49675  74.5%   253 7117s

  3655    80  344.49675   47  451 1349.38000  344.49675  74.5%   253 7123s

  3656    81  399.39979  182  477 1349.38000  344.49675  74.5%   253 7127s

  3658    82  480.74404  122  392 1349.38000  344.49675  74.5%   253 7133s

  3659    83  352.02688  118  634 1349.38000  344.49675  74.5%   253 7135s

  3662    85  344.49675    4  475 1349.38000  344.49675  74.5%   252 7141s

  3666    88  417.06527  129  494 1349.38000  344.49675  74.5%   252 7147s

  3669    90  344.49675   70  400 1349.38000  344.49675  74.5%   252 7150s

  3671    91  355.37342   74  412 1349.38000  344.49675  74.5%   252 7170s

  3672    92  344.49675   37  450 1349.38000  344.49675  74.5%   252 7231s

  3673    92  350.87412   48  431 1349.38000  344.49675  74.5%   252 7316s

  3674    93  481.48764  126  437 1349.38000  344.49675  74.5%   252 7397s

  3675    94  637.84978  193  449 1349.38000  344.49675  74.5%   252 7475s

  3676    94  344.49675   19  405 1349.38000  344.49675  74.5%   251 7513s

  3677    95  344.49675   16  424 1349.38000  344.49675  74.5%   251 7590s

  3678    96  344.49675   83  370 1349.38000  344.49675  74.5%   251 7679s

  3679    96  393.57343  285  467 1349.38000  344.49675  74.5%   251 7757s

  3680    97  416.87762  218  449 1349.38000  344.49675  74.5%   251 7846s

  3681    98  581.04030  150  449 1349.38000  344.49675  74.5%   251 7892s

  3683   102  344.49675   41  461 1349.38000  344.49675  74.5%   265 7902s

  3685   105  344.49675   42  407 1349.38000  344.49675  74.5%   266 7913s

  3689   112  344.49675   43  464 1349.38000  344.49675  74.5%   268 7930s

  3697   117  344.49675   44  425 1349.38000  344.49675  74.5%   272 7945s

  3705   129  344.49675   45  350 1349.38000  344.49675  74.5%   280 7960s

  3719   139  344.49675   46  361 1349.38000  344.49675  74.5%   287 7971s

  3734   148  344.49675   47  362 1349.38000  344.49675  74.5%   295 7982s

  3748   158  344.49675   48  346 1349.38000  344.49675  74.5%   300 8000s

  3763   168  344.49675   49  314 1349.38000  344.49675  74.5%   305 8021s

  3778   178  344.49675   50  246 1349.38000  344.49675  74.5%   311 8031s

  3793   191  344.49675   51  332 1349.38000  344.49675  74.5%   315 8038s

  3811   200  344.49675   52  305 1349.38000  344.49675  74.5%   319 8054s

  3826   207  344.49675   53  319 1349.38000  344.49675  74.5%   323 8081s

  3840   218  344.49675   54  302 1349.38000  344.49675  74.5%   328 8097s

  3857   225  344.49675   55  223 1349.38000  344.49675  74.5%   333 8107s

  3870   239  344.49675   56  256 1349.38000  344.49675  74.5%   337 8113s

  3888   250  344.49675   58  268 1349.38000  344.49675  74.5%   340 8125s

  3905   256  344.49675   59  278 1349.38000  344.49675  74.5%   343 8166s

  3917   267  344.49675   60  347 1349.38000  344.49675  74.5%   353 8172s

  3934   278  344.49675   61  258 1349.38000  344.49675  74.5%   356 8207s

  3953   280  344.49675   62  247 1349.38000  344.49675  74.5%   360 8218s

  3961   283  344.49675   63  258 1349.38000  344.49675  74.5%   362 8231s

  3969   287  344.49675   63  262 1349.38000  344.49675  74.5%   365 8245s

  3977   291  344.49675   64  232 1349.38000  344.49675  74.5%   370 8259s

  3986   299  364.78437   64  271 1349.38000  344.49675  74.5%   373 8269s

  3994   311  344.49675   65  255 1349.38000  344.49675  74.5%   375 8279s

  4006   325  344.49675   65  272 1349.38000  344.49675  74.5%   376 8289s

  4020   345  344.49675   66  262 1349.38000  344.49675  74.5%   379 8298s

  4040   371  344.49675   67  250 1349.38000  344.49675  74.5%   381 8311s

  4066   380  350.47628   68  225 1349.38000  344.49675  74.5%   383 8322s

  4075   404  344.49675   69  265 1349.38000  344.49675  74.5%   385 8336s

  4099   423  344.49675   71  222 1349.38000  344.49675  74.5%   388 8348s

  4118   450  344.49675   72  240 1349.38000  344.49675  74.5%   390 8362s

  4145   458  344.49675   72  215 1349.38000  344.49675  74.5%   396 8372s

  4153   476  344.49675   73  207 1349.38000  344.49675  74.5%   396 8388s

  4171   509  344.49675   74  210 1349.38000  344.49675  74.5%   400 8404s

  4210   565  344.49675   78  182 1349.38000  344.49675  74.5%   403 8423s

  4267   612  344.49675   83  183 1349.38000  344.49675  74.5%   405 8442s

  4315   649  344.49675   88  183 1349.38000  344.49675  74.5%   410 8460s

  4362   703  344.49675   93  187 1349.38000  344.49675  74.5%   415 8485s

  4418   760  344.49675   98  225 1349.38000  344.49675  74.5%   421 8506s

  4480   828  344.49675  102  212 1349.38000  344.49675  74.5%   424 8528s

  4551   893  395.01394  107  256 1349.38000  344.49675  74.5%   428 8540s

  4620   966  345.84271  111  339 1349.38000  344.49675  74.5%   429 8552s

  4695  1027  382.25075  116  267 1349.38000  344.49675  74.5%   431 8572s

  4756  1115  356.59516  121  291 1349.38000  344.49675  74.5%   432 8595s

  4853  1226  361.25785  127  311 1349.38000  344.49675  74.5%   433 8638s

  4969  1312  363.02006  133  303 1349.38000  344.49675  74.5%   441 8687s

  5061  1415  363.77219  139  340 1349.38000  344.49675  74.5%   451 8711s

  5167  1506  363.89332  145  346 1349.38000  344.49675  74.5%   452 8734s

  5261  1615  365.76472  150  311 1349.38000  344.49675  74.5%   454 8761s

  5370  1708  414.05681  156  310 1349.38000  344.49675  74.5%   454 8793s

  5474  1785  392.43494  158  333 1349.38000  344.49675  74.5%   455 8823s

  5556  1861  411.59712  159  344 1349.38000  344.49675  74.5%   459 8847s

  5637  1976  414.81824  164  319 1349.38000  344.49675  74.5%   461 8880s

  5760  2178  417.96767  171  305 1349.38000  344.49675  74.5%   461 8918s

  5973  2351  439.32272  185  325 1349.38000  344.49675  74.5%   459 8954s

  6148  2672  442.37740  193  328 1349.38000  344.49675  74.5%   458 8985s

  6517  2817  446.44460  213  342 1349.38000  344.49675  74.5%   450 9021s

  6695  2957  452.54522  223  260 1349.38000  344.49675  74.5%   449 9055s

  6884  3059  487.12557  237  328 1349.38000  344.49675  74.5%   447 9091s

  6993  3208  494.70335  244  281 1349.38000  344.49675  74.5%   446 9128s

  7195  3485  521.44078  256  273 1349.38000  344.49675  74.5%   444 9168s

  7520  3581  737.33330  298  240 1349.38000  344.49675  74.5%   440 9204s

  7626  3748  776.29496  311  223 1349.38000  344.49675  74.5%   441 9243s

  7805  3933  788.31154  331  268 1349.38000  344.49675  74.5%   440 9300s

  8014  3943  831.47680  345  245 1349.38000  344.49675  74.5%   441 9335s

H 8015  3943                    1346.2700000  344.49675  74.4%   441 9335s

  8024  4096  848.36756  345  223 1346.27000  344.49675  74.4%   441 9372s

  8179  4393  883.43230  352  197 1346.27000  344.49675  74.4%   438 9421s

  8481  5025  849.38050  378  241 1346.27000  344.49675  74.4%   434 9475s

H 9163  5177                    1337.2600000  344.49675  74.2%   419 9517s

  9321  5452  901.29552  445  183 1337.26000  344.49675  74.2%   420 9567s

  9625  5668  969.33022  480  112 1337.26000  344.49675  74.2%   415 9613s

H 9862  5668                    1335.2300000  344.49675  74.2%   410 9613s

  9863  5987  923.98843  481  167 1335.23000  344.49675  74.2%   410 9665s

 10345  6611  344.49675   55  436 1335.23000  344.49675  74.2%   401 9732s

 11204  6726  421.55726   90  449 1335.23000  344.49675  74.2%   387 9780s

 11324  7063  429.37088   90  300 1335.23000  344.49675  74.2%   389 9823s

 11669  7866  427.73922  109  316 1335.23000  344.49675  74.2%   386 9883s

 12517  8013  475.08811  144  339 1335.23000  344.49675  74.2%   373 9934s

H12549  8013                    1332.9300000  344.49675  74.2%   374 9934s

 12685  8328  489.71281  151  344 1332.93000  344.49675  74.2%   372 9992s

 13034  9259  513.77679  160  298 1332.93000  344.49675  74.2%   369 10054s

 14043  9485  606.88547  263  262 1332.93000  344.49675  74.2%   354 10112s

 14281 10838  679.40113  265  202 1332.93000  344.49675  74.2%   352 10184s

 15709 11018  349.48231   77  494 1332.93000  344.49675  74.2%   333 10286s

 15970 12188  352.46764   88  482 1332.93000  344.49675  74.2%   337 10465s

 17172 12468  396.41121  133  368 1332.93000  344.49675  74.2%   330 10532s

 17452 13525  429.77401  157  334 1332.93000  344.49675  74.2%   327 10644s

 18585 13901  613.56993  278  323 1332.93000  344.49675  74.2%   316 10724s

 18979 15422  672.00871  292  307 1332.93000  344.49675  74.2%   317 10824s

 20582 15790 infeasible  545      1332.93000  344.49675  74.2%   305 10894s

 21002 17044 1024.62478  597  158 1332.93000  344.49675  74.2%   304 10980s

 22536 17412  378.60369   85  325 1332.93000  344.49675  74.2%   295 11047s

 22912 18623  402.04794  104  473 1332.93000  344.49675  74.2%   296 11143s

 24189 19271  462.04507  154  375 1332.93000  344.49675  74.2%   291 11225s

 24848 20460  979.98506  361  226 1332.93000  344.49675  74.2%   292 11321s

 26141 20968  603.46442  139  231 1332.93000  344.49675  74.2%   288 11389s

 26655 20979 1156.81652  253  209 1332.93000  344.49675  74.2%   287 11458s

 26666 21192 1176.36426  254  196 1332.93000  344.49675  74.2%   287 11523s

 26908 21440  443.64694   74  282 1332.93000  344.49675  74.2%   286 11589s

 27193 21894  509.21471  100  387 1332.93000  344.49675  74.2%   285 11687s

 27698 22269  577.23282  153  460 1332.93000  344.49675  74.2%   286 11766s

H28040 22263                    1320.1700000  344.49675  73.9%   284 11766s

 28074 22817  606.21985  162  392 1320.17000  344.49675  73.9%   284 11839s

 28641 23845  743.96315  209  380 1320.17000  344.49675  73.9%   283 11916s

 29813 25051 infeasible  380      1320.17000  344.49675  73.9%   279 12005s

H30173 25051                    1319.8600000  344.49675  73.9%   278 12005s

H31034 25047                    1317.5100000  344.49675  73.9%   274 12005s

H31138 25046                    1315.9600000  344.49675  73.8%   275 12005s

 31198 25581  354.70327   63  480 1315.96000  344.49675  73.8%   275 12139s

 31535 25581  959.05065  691  193 1315.96000  344.49675  73.8%   275 12140s

 31802 28153  434.52502  102  393 1315.96000  344.49675  73.8%   278 12328s

H34609 28511                    1313.2500000  344.49675  73.8%   273 12383s

H34714 28509                    1312.0100000  344.49675  73.7%   273 12383s

H34766 28508                    1310.1500000  344.49675  73.7%   273 12383s

 35000 29248  532.87986  187  269 1310.15000  344.49675  73.7%   273 12459s

 35766 29871  659.35578  254  214 1310.15000  344.49675  73.7%   270 12523s

H35930 29848                    1294.3400000  344.49675  73.4%   270 12523s

H36205 29848                    1294.3000000  344.49675  73.4%   269 12523s

H36332 29842                    1291.9700000  344.49675  73.3%   269 12523s

 36487 30597  370.20354   69  506 1291.97000  344.49675  73.3%   269 12605s

H37423 30650                    1275.2700000  344.49675  73.0%   268 12668s

 37578 31506  463.92321   97  452 1275.27000  344.49675  73.0%   269 12742s

 38501 31786  353.17427   59  517 1275.27000  344.49675  73.0%   268 12808s

H38553 31778                    1273.0400000  344.49675  72.9%   268 12809s

H38570 31777                    1272.5600000  344.49675  72.9%   268 12809s

H38610 31734                    1263.0600000  344.49675  72.7%   269 12809s

 38791 32748  370.54189   75  543 1263.06000  344.49675  72.7%   268 12888s

 39942 32961  903.36867  161  245 1263.06000  344.49675  72.7%   266 12956s

 40180 33793  371.61303   66  384 1263.06000  344.49675  72.7%   268 13033s

 41017 34129  488.52139   87  287 1263.06000  344.49675  72.7%   268 13104s

H41130 33656                    1202.9800000  344.49675  71.4%   268 13104s

 41389 34439  344.49675   54  648 1202.98000  344.49675  71.4%   267 13205s

 42306 34984  556.18271  109  302 1202.98000  344.49675  71.4%   266 13281s

H42463 34968                    1201.4200000  344.49675  71.3%   265 13281s

 42891 35537  344.49675   69  538 1201.42000  344.49675  71.3%   266 13358s

 43620 35646 infeasible  241      1201.42000  344.49675  71.3%   267 13427s

 43764 35830  385.31362   77  568 1201.42000  344.49675  71.3%   269 13502s

 43956 36771  450.55248  105  440 1201.42000  344.49675  71.3%   271 13592s

 44983 36852 infeasible  312      1201.42000  344.49675  71.3%   272 13680s

H45109 36948                    1197.7200000  344.49675  71.2%   274 13737s

H45140 36643                    1176.0700000  344.49675  70.7%   274 13737s

 45249 36936  377.82924   85  447 1176.07000  344.49675  70.7%   274 13793s

 45564 37836  441.16429  114  444 1176.07000  344.49675  70.7%   275 13892s

 46603 38112  570.16413  172  351 1176.07000  344.49675  70.7%   276 14035s

 46902 40748  605.49419  218  415 1176.07000  344.49675  70.7%   278 14334s

 47713 40748  595.82293  221  242 1176.07000  344.49675  70.7%   276 14335s

 49806 41027  481.28402  132  398 1176.07000  344.49675  70.7%   274 14400s

H49976 40877                    1165.5300000  344.49675  70.4%   274 14400s



Cutting planes:

  Learned: 12

  Gomory: 31

  Lift-and-project: 4

  Cover: 71

  Implied bound: 141

  Projected implied bound: 12

  Clique: 197

  MIR: 474

  Mixing: 8

  StrongCG: 486

  Flow cover: 712

  GUB cover: 3

  Zero half: 274

  RLT: 28

  Relax-and-lift: 94



Explored 50109 nodes (13764986 simplex iterations) in 14400.24 seconds (11447.76 work units)

Thread count was 16 (of 16 available processors)



Solution count 10: 1165.53 1176.07 1197.72 ... 1291.97



Time limit reached

Best objective 1.165530000000e+03, best bound 3.444967514984e+02, gap 70.4429%



AMPL MP initial flat model has 23372 variables (0 integer, 23268 binary);

Objectives: 1 quadratic; 

Constraints:  4449 linear; 14 quadratic;



AMPL MP final model has 23372 variables (0 integer, 23268 binary);

Objectives: 1 quadratic; 

Constraints:  4449 linear; 14 quadratic;





-----RESULTS INFO-----
running_time:  14401.078000000001
TC.best_bound:  344.4967514983994
TC:  1165.5300000000004
MIP Gap (%):  70.44290996384484
=== Vehicle Routes ===
Vehicle 1: 0 → 1
Vehicle 1: 1 → 16
Vehicle 1: 3 → 75
Vehicle 1: 16 → 19
Vehicle 1: 19 → 20
Vehicle 1: 20 → 3
Vehicle 2: 0 → 2
Vehicle 2: 2 → 5
Vehicle 2: 5 → 9
Vehicle 2: 9 → 10
Vehicle 2: 10 → 75
Vehicle 3: 0 → 7
Vehicle 3: 4 → 75
Vehicle 3: 7 → 18
Vehicle 3: 18 → 72
Vehicle 3: 72 → 4
Vehicle 4: 0 → 73
Vehicle 4: 6 → 75
Vehicle 4: 8 → 6
Vehicle 4: 73 → 8
Vehicle 5: 0 → 11
Vehicle 5: 11 → 12
Vehicle 5: 12 → 66
Vehicle 5: 66 → 75
Vehicle 6: 0 → 64
Vehicle 6: 13 → 75
Vehicle 6: 53 → 13
Vehicle 6: 64 → 53
Vehicle 7: 0 → 14
Vehicle 7: 14 → 69
Vehicle 7: 17 → 75
Vehicle 7: 69 → 17
Vehicle 8: 0 → 70
Vehicle 8: 15 → 75
Vehicle 8: 61 → 15
Vehicle 8: 70 → 61
Vehicle 9: 0 → 51
Vehicle 9: 42 → 75
Vehicle 9: 51 → 68
Vehicle 9: 68 → 42
Vehicle 10: 0 → 71
Vehicle 10: 62 → 75
Vehicle 10: 71 → 62

=== Full Vehicle Routes ===
Vehicle 1: 0 → 1 → 16 → 19 → 20 → 3 → 0 (95<100)
Vehicle 2: 0 → 2 → 5 → 9 → 10 → 0 (75<100)
Vehicle 3: 0 → 7 → 18 → 72 → 4 → 0 (98<100)
Vehicle 4: 0 → 73 → 8 → 6 → 0 (78<100)
Vehicle 5: 0 → 11 → 12 → 66 → 0 (97<100)
Vehicle 6: 0 → 64 → 53 → 13 → 0 (98<100)
Vehicle 7: 0 → 14 → 69 → 17 → 0 (99<100)
Vehicle 8: 0 → 70 → 61 → 15 → 0 (99<100)
Vehicle 9: 0 → 51 → 68 → 42 → 0 (99<100)
Vehicle 10: 0 → 71 → 62 → 0 (94<100)
Arc used by MRT line: y variables:
MRT used: 66 → 65
Customer assigment to PL: u variables:
21 68
22 69
23 71
24 70
25 64
26 69
27 72
28 68
29 70
30 65
31 68
32 70
33 64
34 64
35 70
36 73
37 69
38 73
39 73
40 69
41 66
43 68
44 64
45 65
46 69
47 68
48 72
49 72
50 71
52 64
54 72
55 72
56 66
57 70
58 68
59 68
60 66
Node is served by regular vehicle: g variables:
1
2
3
4
5
6
7
8
9
10
11
12
13
14
15
16
17
18
19
20
42
51
53
61
62
69
70
71
72
73
64
66
68
Customer assigment to Home delivery: gm variables:
1
2
3
4
5
6
7
8
9
10
11
12
13
14
15
16
17
18
19
20
42
51
53
61
62
Node total demands: ntd variables:
1 21 1
2 16 1
3 26 1
4 11 1
5 17 1
6 26 1
7 1 1
8 6 1
9 17 1
10 25 1
11 15 1
12 12 1
13 6 1
14 12 1
15 2 1
16 16 1
17 25 1
18 16 1
19 10 1
20 22 1
42 12 1
43 0 0
44 0 0
45 0 0
46 0 0
47 0 0
48 0 0
49 0 0
50 0 0
51 7 1
52 0 0
53 2 1
54 0 0
55 0 0
56 0 0
57 0 0
58 0 0
59 0 0
60 0 0
61 22 1
62 10 1
69 62 1
70 75 1
71 84 1
72 70 1
73 46 1
74 0 0
63 0 0
64 90 1
65 0 0
66 70 1
67 0 0
68 80 1
Customer's demand delivered to PL: l variables:
21
22
23
24
25
26
27
28
29
30
31
32
33
34
35
36
37
38
39
40
41
43
44
45
46
47
48
49
50
52
54
55
56
57
58
59
60
Lockers load <= capacity:
62 <= 95
75 <= 76
84 <= 84
70 <= 92
46 <= 81
0 <= 92
0 <= 75
90 <= 100
31 <= 96
39 <= 86
0 <= 90
80 <= 85
