Gurobi 12.0.3:   lim:time = 14400

  mip:bestbound = 1

Set parameter LogToConsole to value 1

  tech:outlev = 1

Set parameter Cuts to value 3

  cut:cuts = 3

Set parameter Presolve to value 2

  pre:solve = 2

Set parameter MIPFocus to value 2

  mip:focus = 2

Set parameter Symmetry to value 2

  mip:symmetry = 2

Set parameter InfUnbdInfo to value 1

Gurobi Optimizer version 12.0.3 build v12.0.3rc0 (win64 - Windows 10.0 (19045.2))



CPU model: 11th Gen Intel(R) Core(TM) i7-11700 @ 2.50GHz, instruction set [SSE2|AVX|AVX2|AVX512]

Thread count: 8 physical cores, 16 logical processors, using up to 16 threads



Non-default parameters:

TimeLimit  14400

MIPFocus  2

Symmetry  2

Cuts  3

InfUnbdInfo  1

Presolve  2



Optimize a model with 4658 rows, 25129 columns and 160531 nonzeros

Model fingerprint: 0x69520bc3

Model has 2 quadratic objective terms

Model has 11 quadratic constraints

Variable types: 108 continuous, 25021 integer (0 binary)

Coefficient statistics:

  Matrix range     [1e+00, 1e+05]

  QMatrix range    [1e+00, 1e+00]

  QLMatrix range   [1e+00, 4e+01]

  Objective range  [2e+00, 1e+02]

  QObjective range [2e+00, 2e+00]

  Bounds range     [1e+00, 1e+02]

  RHS range        [1e+00, 1e+05]

  QRHS range       [1e+02, 1e+02]

Presolve removed 175 rows and 558 columns

Presolve time: 4.95s

Presolved: 19646 rows, 39720 columns, 196412 nonzeros

Variable types: 977 continuous, 38743 integer (35053 binary)

Root relaxation presolve removed 5 rows and 8 columns

Root relaxation presolved: 19641 rows, 39712 columns, 392653 nonzeros



Deterministic concurrent LP optimizer: primal and dual simplex

Showing primal log only...





Root simplex log...



Iteration    Objective       Primal Inf.    Dual Inf.      Time

       0    1.3664600e+03   2.645398e+02   7.065317e+09     11s

Concurrent spin time: 0.01s



Solved with dual simplex



Root simplex log...



Iteration    Objective       Primal Inf.    Dual Inf.      Time

    1827    2.7584081e+02   0.000000e+00   0.000000e+00     11s



Root relaxation: objective 2.758408e+02, 1827 iterations, 0.43 seconds (0.79 work units)

Total elapsed time = 12.23s (DegenMoves)



    Nodes    |    Current Node    |     Objective Bounds      |     Work

 Expl Unexpl |  Obj  Depth IntInf | Incumbent    BestBd   Gap | It/Node Time



     0     0  275.84081    0  270          -  275.84081      -     -   12s

     0     0  318.04553    0  263          -  318.04553      -     -   16s

     0     0  340.83142    0  275          -  340.83142      -     -   16s

     0     0  340.83142    0  230          -  340.83142      -     -   16s

     0     0  341.53428    0  294          -  341.53428      -     -   19s

     0     0  345.93212    0  246          -  345.93212      -     -   19s

     0     0  346.54412    0  257          -  346.54412      -     -   19s

     0     0  346.55282    0  261          -  346.55282      -     -   19s

     0     0  354.84335    0  319          -  354.84335      -     -   22s

     0     0  355.78439    0  351          -  355.78439      -     -   23s

     0     0  355.94343    0  338          -  355.94343      -     -   23s

     0     0  361.40799    0  368          -  361.40799      -     -   27s

     0     0  362.17945    0  391          -  362.17945      -     -   27s

     0     0  362.96949    0  417          -  362.96949      -     -   29s

     0     0  363.41062    0  428          -  363.41062      -     -   30s

     0     0  364.27374    0  486          -  364.27374      -     -   31s

     0     0  364.27374    0  431          -  364.27374      -     -   32s

     0     2  364.27504    0  430          -  364.27504      -     -   34s

     3     8  364.64625    2  460          -  364.35884      -   838   35s

    70    88  367.10691   10  308          -  364.85498      -   541   40s

   198   216  371.14493   24  268          -  364.85498      -   405   45s

   349   379  380.34021   39  235          -  364.85498      -   338   50s

   608   668  382.09332   92  214          -  364.85498      -   266   56s

   836   878  382.10287  121  210          -  364.85498      -   222   60s

  1205  1222  382.11440  127  210          -  364.85498      -   183   65s

  1671  1792  388.68494  164  221          -  364.95435      -   156   70s

  2413  2282  375.77234   13  196          -  365.47827      -   130   76s

  2704  2609  378.32520   19  193          -  365.47827      -   131   80s

  3267  3329  386.37848   31  215          -  365.47827      -   123   86s

  3780  3623  398.44967   47  205          -  365.47827      -   116   90s

  3936  3624  713.01818  686 9823          -  365.47827      -   117   95s

  3938  3625  374.77390   10  267          -  365.47827      -   116  102s

  3939  3626  382.09004   77  329          -  365.47827      -   116  106s

  3940  3627  936.25311  323  391          -  365.47827      -   116  110s

  3941  3627  385.69548   36  375          -  365.58258      -   116  115s

  3942  3628  970.54175  249  408          -  366.31492      -   116  120s

H 3942  3446                    1669.9100000  367.09688  78.0%   116  142s

H 3943  3275                    1652.6200000  368.10711  77.7%   116  143s

  3944  3275  449.78326  208  523 1652.62000  368.10711  77.7%   116  149s

H 3944  3111                    1652.5800000  369.96088  77.6%   116  157s

H 3945  2956                    1638.1400000  370.42522  77.4%   116  158s

H 3945  2808                    1620.0000000  370.42522  77.1%   116  174s

H 3945  2667                    1611.0500000  370.42522  77.0%   116  174s

H 3945  2534                    1601.9100000  370.42522  76.9%   116  174s

H 3945  2407                    1514.0800000  370.42522  75.5%   116  174s

H 3945  2286                    1457.5600000  370.42522  74.6%   116  174s

H 3945  2172                    1451.8500000  370.42522  74.5%   116  174s

H 3945  2063                    1446.3700000  370.42522  74.4%   116  174s

H 3945  1960                    1439.7500000  370.42522  74.3%   116  174s

H 3945  1862                    1439.5700000  370.42522  74.3%   116  174s

H 3945  1768                    1438.9500000  370.42522  74.3%   116  174s

H 3945  1680                    1436.8300000  370.42522  74.2%   116  174s

H 3945  1596                    1434.7100000  370.42522  74.2%   116  174s

H 3945  1516                    1432.0200000  370.42522  74.1%   116  174s

H 3945  1440                    1431.0900000  370.42522  74.1%   116  174s

H 3945  1368                    1430.0800000  370.42522  74.1%   116  174s

H 3946  1300                    1407.9700000  371.17265  73.6%   116  187s

H 3946  1235                    1402.8800000  371.17265  73.5%   116  187s

H 3947  1173                    1376.9900000  371.47864  73.0%   116  205s

H 3947  1114                    1374.7700000  371.47864  73.0%   116  205s

H 3947  1058                    1333.4700000  371.47864  72.1%   116  205s

  3949  1060  460.44447  134  627 1333.47000  371.55544  72.1%   116  211s

  3950  1060  474.57427  468  604 1333.47000  371.63950  72.1%   116  225s

H 3950  1007                    1327.3000000  371.87100  72.0%   116  230s

H 3950   956                    1324.5900000  371.87100  71.9%   116  230s

H 3951   909                    1322.6400000  371.99756  71.9%   116  232s

  3952   910  415.75647  118  608 1322.64000  371.99756  71.9%   116  236s

  3953   910  916.72114  332  671 1322.64000  372.09923  71.9%   116  254s

H 3953   864                    1321.8000000  372.17062  71.8%   116  277s

H 3953   821                    1260.6100000  372.17062  70.5%   116  277s

  3955   823  388.78312  144  669 1260.61000  372.33056  70.5%   116  285s

  3956   823  399.95029   26  613 1260.61000  372.33868  70.5%   116  302s

H 3956   781                    1210.0500000  372.35596  69.2%   116  324s

  3957   782  861.11845  228  700 1210.05000  372.44415  69.2%   116  325s

  3958   783  552.48251  176  663 1210.05000  372.44415  69.2%   116  332s

  3959   783  417.11535  171  571 1210.05000  372.55065  69.2%   116  340s

  3961   785  375.57662   12  595 1210.05000  372.61277  69.2%   116  345s

  3963   786  959.62626  399  619 1210.05000  372.61277  69.2%   116  350s

  3965   787  962.28414  258  558 1210.05000  372.72898  69.2%   116  357s

  3966   788  428.88443  110  554 1210.05000  372.72898  69.2%   116  373s

  3967   789  432.95490  163  542 1210.05000  372.78558  69.2%   116  377s

  3968   789  968.09271  422  548 1210.05000  372.78558  69.2%   116  380s

  3970   791  486.62200  127  536 1210.05000  372.78558  69.2%   116  385s

H 3972   752                    1209.9900000  372.78558  69.2%   115  391s

  3974   753  389.73946  124  534 1209.99000  372.78558  69.2%   115  409s

  3975   754  917.80747  336  550 1209.99000  372.78558  69.2%   115  412s

  3976   755  383.17284   49  539 1209.99000  372.78558  69.2%   115  415s

H 3976   716                    1205.9800000  372.78558  69.1%   115  417s

  3979   718  394.87808   19  651 1205.98000  372.78558  69.1%   115  422s

H 3980   682                    1194.9200000  372.78558  68.8%   115  426s

H 3980   647                    1190.6600000  372.78558  68.7%   115  426s

  3983   649  465.47832  295  537 1190.66000  372.78558  68.7%   115  431s

  3986   651  404.73371   44  532 1190.66000  372.78558  68.7%   115  435s

  3989   653  388.75747   44  610 1190.66000  372.80279  68.7%   115  442s

  3991   655  415.61050   75  627 1190.66000  372.81236  68.7%   115  447s

  3993   656  468.09826  356  568 1190.66000  372.85128  68.7%   115  452s

H 3993   622                    1181.1700000  372.85128  68.4%   115  454s

  3995   623  415.52217  166  635 1181.17000  372.85128  68.4%   115  456s

H 3996   592                    1179.2200000  372.85128  68.4%   115  462s

H 3996   561                    1175.6100000  372.85128  68.3%   115  462s

H 3996   532                    1168.1500000  372.85128  68.1%   115  462s

H 3996   505                    1168.0900000  372.85128  68.1%   115  462s

H 3996   478                    1164.0800000  372.85128  68.0%   115  462s

H 3996   453                    1147.4800000  372.85128  67.5%   115  462s

  3999   455  397.80288   59  620 1147.48000  372.85128  67.5%   115  482s

  4001   456  696.69356  538  579 1147.48000  372.85128  67.5%   115  487s

  4003   458  404.41767  205  592 1147.48000  372.85128  67.5%   115  492s

H 4004   434                    1138.3100000  372.85128  67.2%   115  498s

  4005   435  383.53038  103  570 1138.31000  372.85128  67.2%   115  500s

  4006   436 1033.05438  500  596 1138.31000  372.85128  67.2%   114  517s

  4007   436  424.13373  202  589 1138.31000  372.85128  67.2%   114  521s

  4008   437  372.85128   18  590 1138.31000  372.85128  67.2%   114  537s

H 4008   414                    1137.5800000  372.89169  67.2%   114  542s

  4011   416  452.49664  102  600 1137.58000  372.95199  67.2%   114  547s

H 4012   395                    1136.2400000  372.97859  67.2%   114  553s

  4014   396  376.11520   31  547 1136.24000  372.97859  67.2%   114  556s

H 4016   376                    1135.7000000  373.01752  67.2%   114  562s

H 4016   356                    1134.4500000  373.01752  67.1%   114  562s

  4018   358  454.77861  127  614 1134.45000  373.01752  67.1%   114  565s

  4021   360  428.28140  140  580 1134.45000  373.01752  67.1%   114  586s

  4024   363  416.10218  116 9823 1134.45000  373.01752  67.1%   142  591s

  4026   364  383.20914   92  251 1134.45000  373.01752  67.1%   142  596s

  4028   366  467.23206  182  402 1134.45000  373.10356  67.1%   142  620s

  4029   366  398.18175  128  493 1134.45000  373.10356  67.1%   142  626s

  4030   367  402.45701  120  567 1134.45000  373.10356  67.1%   142  632s

  4031   368  693.82392  519  667 1134.45000  373.10356  67.1%   141  661s

  4032   368  900.80394  325  611 1134.45000  373.10356  67.1%   141  667s

  4033   369  452.93236   89  624 1134.45000  373.10356  67.1%   141  673s

  4034   370  550.03599  263  566 1134.45000  373.10356  67.1%   141  678s

  4035   370  735.81137  714  588 1134.45000  373.10356  67.1%   141  686s

  4036   371  713.01818  686  545 1134.45000  373.10588  67.1%   141  691s

H 4036   352                    1133.8100000  373.10588  67.1%   141  697s

  4038   353  374.77390   10  560 1133.81000  373.10588  67.1%   141  703s

  4039   354  382.09004   77  541 1133.81000  373.10588  67.1%   141  709s

  4040   355  936.25311  323  536 1133.81000  373.10588  67.1%   141  714s

H 4040   337                    1127.5300000  373.10588  66.9%   141  719s

  4041   337  385.69548   36  506 1127.53000  373.10588  66.9%   141  720s

  4042   338  970.54175  249  582 1127.53000  373.61256  66.9%   141  739s

  4043   339  729.05222  258  548 1127.53000  373.61256  66.9%   141  744s

  4044   339  449.78326  208  552 1127.53000  373.61256  66.9%   141  750s

  4045   340  941.57594  387  539 1127.53000  373.61256  66.9%   141  757s

  4046   341  375.00598   19  547 1127.53000  373.61256  66.9%   141  762s

H 4046   323                    1125.5200000  373.61256  66.8%   141  768s

  4048   324  493.25173  239  512 1125.52000  373.61256  66.8%   141  774s

  4049   325  460.44447  134  545 1125.52000  373.61256  66.8%   141  779s

  4050   325  474.57427  468  545 1125.52000  373.61256  66.8%   141  785s

H 4050   309                    1108.2100000  373.61256  66.3%   141  790s

H 4051   294                    1107.9800000  373.61256  66.3%   141  797s

  4053   295  916.72114  332  545 1107.98000  373.61256  66.3%   141  803s

  4054   296  398.04482  231  532 1107.98000  373.61256  66.3%   141  808s

  4055   297  388.78312  144  560 1107.98000  373.61256  66.3%   141  815s

  4056   297  399.95029   26  600 1107.98000  373.61256  66.3%   141  822s

  4057   298  861.11845  228  536 1107.98000  373.61256  66.3%   141  828s

  4058   299  552.48251  176  537 1107.98000  373.61256  66.3%   141  834s

  4059   299  417.11535  171  591 1107.98000  373.61256  66.3%   140  840s

  4060   300  711.44633  651  608 1107.98000  373.61256  66.3%   140  845s

  4061   301  375.57662   12  612 1107.98000  373.61256  66.3%   140  851s

  4062   301  396.04555   48  604 1107.98000  373.61256  66.3%   140  856s

  4063   302  959.62626  399  615 1107.98000  373.61256  66.3%   140  867s

  4064   303  424.32476   87  613 1107.98000  373.61256  66.3%   140  870s

  4067   305  432.95490  163  631 1107.98000  373.61256  66.3%   140  875s

  4069   309  373.61256   26  641 1107.98000  373.61256  66.3%   153  881s

  4071   312  375.59912   27  515 1107.98000  373.61256  66.3%   154  885s

  4075   319  376.75233   28  587 1107.98000  373.83120  66.3%   155  891s

  4083   324  377.93808   29  744 1107.98000  374.44520  66.2%   158  895s

  4091   340  378.58193   30  699 1107.98000  374.44520  66.2%   164  902s

  4109   349  379.95177   31  623 1107.98000  374.44520  66.2%   170  908s

  4124   359  382.25896   32  665 1107.98000  374.44520  66.2%   175  914s

  4139   367  383.82817   33  640 1107.98000  374.44520  66.2%   179  918s

  4152   371  384.61564   33  612 1107.98000  374.44520  66.2%   185  922s

  4161   380  385.21482   34  651 1107.98000  374.44520  66.2%   187  927s

  4173   390  388.65001   34  562 1107.98000  374.44520  66.2%   190  932s

  4187   394  389.34177   35  579 1107.98000  374.44520  66.2%   193  936s

  4203   407  389.34801   36  581 1107.98000  374.44520  66.2%   195  943s

  4214   417  393.54578   36  580 1107.98000  374.44520  66.2%   197  948s

  4227   420  389.93628   37  640 1107.98000  374.44520  66.2%   200  952s

  4235   426  396.28086   37  567 1107.98000  374.44520  66.2%   202  957s

  4243   432  390.17177   38  608 1107.98000  374.44520  66.2%   205  961s

  4252   438  395.21129   39  393 1107.98000  374.44520  66.2%   208  966s

  4261   443  398.09316   39  550 1107.98000  374.44520  66.2%   212  970s

  4278   457  397.04252   40  354 1107.98000  374.44520  66.2%   215  977s

  4289   464  397.15888   41  341 1107.98000  374.44520  66.2%   216  981s

  4299   476  443.80127   41  430 1107.98000  374.44520  66.2%   219  986s

  4315   488  398.13949   42  292 1107.98000  374.44520  66.2%   223  991s

  4332   498  400.62320   42  388 1107.98000  374.44520  66.2%   225  995s

  4348   514  398.41541   43  290 1107.98000  374.44520  66.2%   227 1000s

  4369   532  401.78407   43  292 1107.98000  374.44520  66.2%   229 1005s

  4394   548  399.37581   44  303 1107.98000  374.44520  66.2%   231 1010s

  4418   578  399.51701   44  374 1107.98000  374.44520  66.2%   234 1016s

  4456   609  400.02603   46  336 1107.98000  374.44520  66.2%   236 1022s

  4500   627  408.50444   48  231 1107.98000  374.44520  66.2%   240 1029s

  4533   653  406.43056   50  203 1107.98000  374.44520  66.2%   243 1035s

  4573   675  425.85393   53  262 1107.98000  374.44520  66.2%   246 1041s

  4608   707  409.07692   56  239 1107.98000  374.44520  66.2%   250 1048s

  4652   737  409.28582   59  250 1107.98000  374.44520  66.2%   253 1054s

  4696   796  412.84647   62  219 1107.98000  374.44520  66.2%   256 1062s

  4770   815  420.05689   68  281 1107.98000  374.44520  66.2%   260 1069s

  4815   852  431.49268   69  292 1107.98000  374.44520  66.2%   262 1076s

  4872   880  428.88809   72  281 1107.98000  374.44520  66.2%   264 1083s

  4925   924  433.50491   75  211 1107.98000  374.44520  66.2%   267 1091s

  4989   939  429.65715   79  227 1107.98000  374.44520  66.2%   271 1099s

H 5004   939                    1083.6300000  374.44520  65.4%   272 1099s

  5026  1004  443.67068   81  219 1083.63000  374.44520  65.4%   273 1107s

  5096  1055  439.65343   83  226 1083.63000  374.44520  65.4%   274 1114s

H 5136  1055                    1081.0600000  374.44520  65.4%   276 1114s

  5155  1108  447.61588   87  217 1081.06000  374.44520  65.4%   276 1125s

  5220  1137  448.75975   93  227 1081.06000  374.44520  65.4%   282 1133s

  5251  1144  477.24843   93  184 1081.06000  374.44520  65.4%   284 1140s

  5260  1154  448.77292   94  227 1081.06000  374.44520  65.4%   285 1148s

  5272  1175  489.83556   95  190 1081.06000  374.44520  65.4%   288 1157s

  5296  1193  572.99250   97  168 1081.06000  374.44520  65.4%   289 1166s

H 5326  1193                    1080.8300000  374.44520  65.4%   292 1166s

  5327  1252  464.19944  100  197 1080.83000  374.44520  65.4%   292 1178s

  5412  1328  467.02842  106  233 1080.83000  374.44520  65.4%   296 1189s

  5496  1404  472.96977  110  223 1080.83000  374.44520  65.4%   298 1200s

  5591  1451  470.38610  116  214 1080.83000  374.44520  65.4%   300 1212s

  5660  1484  531.99346  117  248 1080.83000  374.44520  65.4%   302 1222s

  5698  1498  470.50340  118  220 1080.83000  374.44520  65.4%   303 1231s

  5714  1558  470.79973  120  222 1080.83000  374.44520  65.4%   304 1243s

  5786  1616  500.74408  125  211 1080.83000  374.44520  65.4%   307 1258s

  5872  1698  486.75083  129  259 1080.83000  374.44520  65.4%   311 1272s

  5968  1784  494.28417  133  249 1080.83000  374.44520  65.4%   315 1287s

  6063  1893 infeasible  139      1080.83000  374.44520  65.4%   320 1301s

  6178  2015  551.99652  148  238 1080.83000  374.44520  65.4%   323 1316s

  6317  2149  635.55505  154  191 1080.83000  374.44520  65.4%   325 1331s

  6477  2233  561.06001  165  230 1080.83000  374.44520  65.4%   326 1343s

H 6490  2230                    1037.1600000  374.44520  63.9%   327 1343s

  6573  2361  623.51759  165  212 1037.16000  374.44520  63.9%   325 1362s

  6729  2369  636.46050  172  199 1037.16000  376.22687  63.7%   327 1376s

H 6730  2369                    1035.0000000  376.22687  63.6%   327 1376s

H 6735  2367                    1018.9400000  376.22687  63.1%   328 1376s

  6737  2472  564.88914  173  228 1018.94000  376.22687  63.1%   328 1393s

H 6750  2467                    1001.9300000  376.22687  62.4%   328 1393s

  6852  2651  571.38896  179  227 1001.93000  376.22687  62.4%   326 1411s

  7052  2788  574.79743  194  216 1001.93000  376.22687  62.4%   326 1428s

  7209  2936  577.84482  210  218 1001.93000  376.22687  62.4%   329 1446s

  7382  3051  811.18571  214  230 1001.93000  376.22687  62.4%   331 1463s

  7501  3241  579.38712  215  203 1001.93000  376.22687  62.4%   333 1483s

  7745  3378 infeasible  221      1001.93000  376.75233  62.4%   333 1505s

  7945  3549  384.59112   41  543 1001.93000  376.75233  62.4%   336 1528s

  8147  3851  385.97919   41  575 1001.93000  376.75233  62.4%   337 1554s

  8456  4411  398.89684   53  434 1001.93000  376.75233  62.4%   337 1582s

  9049  4526  409.64756   66  341 1001.93000  376.75233  62.4%   332 1602s

  9164  4678  424.08733   78  242 1001.93000  376.75233  62.4%   331 1623s

  9333  4908  424.08744   79  274 1001.93000  376.75233  62.4%   328 1648s

  9588  5812  431.19895  114  180 1001.93000  376.75233  62.4%   329 1674s

 10569  6130  465.39374  238  158 1001.93000  376.75233  62.4%   314 1699s

 10842  6130  850.73594  316  172 1001.93000  376.75233  62.4%   314 1700s

 10968  6645  618.44886  304  159 1001.93000  376.75233  62.4%   312 1723s

 11549  6775  621.97791  310  149 1001.93000  376.75233  62.4%   308 1750s

 11712  7001  881.44516  316  103 1001.93000  376.75233  62.4%   313 1781s

 12004  7431  383.53793   37  613 1001.93000  376.75233  62.4%   317 1813s

 12488  7629  407.36145   54  536 1001.93000  376.75233  62.4%   316 1849s

 12738  7831  453.85755   67  330 1001.93000  376.75233  62.4%   320 1879s

 12956  8401  551.06467  118  310 1001.93000  376.75233  62.4%   323 1914s

 13572  8716  704.75224  223  190 1001.93000  376.75233  62.4%   319 1950s

 13941  9438  386.11247   46  272 1001.93000  376.75233  62.4%   321 1992s

 14696  9446  442.84885  103  210 1001.93000  376.75233  62.4%   319 2031s

H14698  9402                     966.9300000  376.75233  61.0%   319 2031s

 14704 11375  448.44047  104  212  966.93000  376.75233  61.0%   319 2212s

H14730 11337                     956.1000000  376.75233  60.6%   319 2212s

 16832 12549  392.31542   52  456  956.10000  377.11902  60.6%   310 2261s

H17038 12549                     955.9400000  377.11902  60.5%   309 2261s

 18161 13364  443.09430  126  344  955.94000  377.11902  60.5%   297 2296s

H18510 13353                     953.2400000  377.11902  60.4%   294 2296s

 19059 13957  729.15586  357  267  953.24000  377.11902  60.4%   291 2331s

 19718 14487  391.90628   42  426  953.24000  377.11902  60.4%   290 2367s

 20292 15094  459.60257  113  234  953.24000  380.30729  60.1%   290 2408s

 20959 15850  400.13732   47  377  953.24000  380.30729  60.1%   290 2454s

 21804 16466  632.89771  156  284  953.24000  380.30729  60.1%   291 2501s

 22529 16842  388.85370   38  473  953.24000  380.44058  60.1%   292 2541s

 22910 17870  394.43669   44  473  953.24000  380.44058  60.1%   294 2593s

 24134 19081  477.98305   64  291  953.24000  380.85927  60.0%   291 2647s

 25458 19422  425.56867   66  316  953.24000  380.86687  60.0%   287 2689s

 25868 20143  574.23800   97  241  953.24000  380.86687  60.0%   288 2746s

 26745 20493  411.35583   42  416  953.24000  380.86687  60.0%   290 2788s

 27120 21666  436.80542   69  419  953.24000  380.86687  60.0%   292 2844s

 28403 22350  383.47268   40  527  953.24000  380.86687  60.0%   289 2895s

 29174 22976  523.56941  126  270  953.24000  380.86687  60.0%   291 2962s

 29864 25505  395.66437   41  311  953.24000  381.84225  59.9%   291 3056s

 32637 26140  401.71016   41  483  953.24000  382.11987  59.9%   281 3091s

 33326 26165  481.57314   80  377  953.24000  382.18670  59.9%   282 3113s

 33353 26173  481.62714   81  362  953.24000  382.18670  59.9%   282 3136s

 33361 26199  491.05079   82  313  953.24000  382.18670  59.9%   282 3160s

 33404 26310  501.71647   83  313  953.24000  382.18670  59.9%   282 3185s

 33523 26571  507.43572   89  256  953.24000  382.18670  59.9%   282 3212s

 33796 26986  776.02091  159  253  953.24000  382.18670  59.9%   282 3246s

 34239 27804  408.52643   44  257  953.24000  382.18670  59.9%   282 3295s

 35181 28702  521.19776   92  176  953.24000  382.19133  59.9%   282 3339s

 36196 28915  398.36475   66  518  953.24000  382.41322  59.9%   281 3373s

 36531 29959  404.93047   83  437  953.24000  382.41322  59.9%   282 3417s

H37278 29855                     937.2700000  382.50024  59.2%   282 3417s

 37608 30941  441.69368  122  334  937.27000  382.50024  59.2%   281 3461s

 38768 31378  522.84065  173  283  937.27000  382.50024  59.2%   280 3492s

H38805 31374                     937.0700000  382.50024  59.2%   280 3492s

 39207 32276  516.93804  204  256  937.07000  382.50024  59.2%   279 3528s

H39329 32275                     936.8400000  382.50024  59.2%   279 3528s

 40160 33300  576.21378  305  232  936.84000  382.50024  59.2%   278 3566s

 41243 33512 infeasible  420       936.84000  382.50024  59.2%   276 3593s

 41474 33855  399.61951   42  303  936.84000  382.50024  59.2%   276 3624s

 41860 35131  442.14359   76  353  936.84000  382.50024  59.2%   275 3668s

H41865 35060                     931.5100000  382.50024  58.9%   275 3668s

 43269 35221  703.94849  280  188  931.51000  382.50024  58.9%   272 3697s

H43367 35193                     929.5500000  382.50024  58.9%   272 3697s

 43430 36093  747.84610  304  245  929.55000  382.50024  58.9%   273 3743s

 44477 36473  438.30484  101  297  929.55000  382.50024  58.9%   272 3797s

H44616 36331                     922.3300000  382.50024  58.5%   272 3797s

 44886 38589  686.38247  179  243  922.33000  382.50024  58.5%   273 3911s

H45569 38381                     912.0300000  382.50024  58.1%   271 3911s

 47282 38807  494.42290  129  272  912.03000  383.03714  58.0%   269 3955s

 47762 39987  782.33188  229  225  912.03000  383.03714  58.0%   270 4016s

 49045 41256  431.73313   99  300  912.03000  383.06757  58.0%   269 4068s

 50421 41535  388.52855   39  604  912.03000  383.06757  58.0%   267 4105s

 50730 42525  411.50952   46  534  912.03000  383.06757  58.0%   268 4154s

 51908 43349  530.07095   90  192  912.03000  383.06757  58.0%   268 4197s

H52505 43292                     908.9400000  383.06757  57.9%   267 4197s

 52788 43627 infeasible  139       908.94000  383.51286  57.8%   268 4234s

 53178 44061  479.80483   53  255  908.94000  383.51501  57.8%   268 4280s

 53679 44830  423.79883   47  539  908.94000  383.56740  57.8%   269 4320s

 54496 45585  437.03177   73  423  908.94000  383.56740  57.8%   268 4361s

 55362 46518  563.44655  163  232  908.94000  383.56740  57.8%   267 4402s

 56313 46884  444.41197   71  291  908.94000  383.56740  57.8%   266 4434s

 56680 47800  520.68509  105  208  908.94000  383.59044  57.8%   265 4476s

 57713 49161  390.06097   44  450  908.94000  383.63843  57.8%   263 4523s

 59125 49686  467.89309  111  244  908.94000  383.63843  57.8%   261 4590s

 59733 50592  645.34289  180  294  908.94000  383.63843  57.8%   261 4662s

 60773 51716  400.34855   43  454  908.94000  383.76913  57.8%   261 4736s

 62025 52319  473.28251   63  314  908.94000  384.04501  57.7%   262 4794s

 62742 53096  417.96437   61  346  908.94000  384.04874  57.7%   263 4852s

 63639 53654  396.59885   50  339  908.94000  384.04874  57.7%   264 4905s

 64264 54841  556.60858  143  302  908.94000  384.05757  57.7%   264 4967s

 65508 55989  595.42474  118  227  908.94000  384.05757  57.7%   264 5025s

 66790 56395  482.26121   70  360  908.94000  384.17308  57.7%   263 5069s

 67216 57586  523.39785  133  316  908.94000  384.17308  57.7%   264 5118s

 68423 58552  834.11859  302  192  908.94000  384.18738  57.7%   262 5167s

 69530 59383  481.79311  129  243  908.94000  384.25299  57.7%   261 5208s

 70361 60792  663.14245  242  230  908.94000  384.25299  57.7%   261 5254s

 71861 61568  500.07491   89  364  908.94000  384.25299  57.7%   258 5291s

 72666 62131  394.24574   44  397  908.94000  384.25299  57.7%   258 5331s

 73255 62199  491.72119  116  245  908.94000  384.25299  57.7%   258 5367s

 73341 62323  556.67104  170  341  908.94000  384.31051  57.7%   258 5402s

H73462 62282                     906.8000000  384.31051  57.6%   258 5402s

 73465 62954  650.18306  235  342  906.80000  384.31051  57.6%   258 5440s

 74155 63280  717.86824  300  311  906.80000  384.31051  57.6%   257 5493s

 74512 65598  724.07167  322  307  906.80000  384.31051  57.6%   257 5614s

 77042 66005  560.43687   95  287  906.80000  384.38214  57.6%   256 5655s

 77494 66962  615.61011  108  307  906.80000  384.38214  57.6%   257 5708s

 78546 67535  405.39604   78  347  906.80000  384.38214  57.6%   258 5752s

 79208 68564  505.42468  140  285  906.80000  384.38214  57.6%   258 5804s

 80317 69867  387.68587   50  494  906.80000  384.38214  57.6%   259 5851s

 81628 70321  451.14216   95  232  906.80000  384.38214  57.6%   258 5892s

 82159 71334  454.94041  126  222  906.80000  384.38214  57.6%   259 5934s

 83227 72646  471.83959  206  197  906.80000  384.38214  57.6%   259 5975s

 84758 73026  619.78135  309  158  906.80000  384.38214  57.6%   258 6011s

 85271 73892     cutoff  369       906.80000  384.38214  57.6%   258 6053s

 86268 74395  513.20790  129  227  906.80000  384.38214  57.6%   258 6086s

 86788 76207  646.02926  217  215  906.80000  384.38214  57.6%   258 6127s

 88684 77301  448.03521   71  358  906.80000  384.38214  57.6%   255 6186s

 89999 77634  391.31167   40  398  906.80000  384.38214  57.6%   255 6218s

 90347 78532  468.58489   95  135  906.80000  384.38214  57.6%   255 6258s

 91366 79083  411.08767   55  387  906.80000  384.38214  57.6%   255 6294s

 91949 79941  454.41125   99  208  906.80000  384.38214  57.6%   255 6332s

 92865 81279  773.28406  262  192  906.80000  384.38214  57.6%   255 6371s

 94353 81574  411.86866   90  326  906.80000  384.86003  57.6%   253 6400s

 94648 82913  461.80642  138  249  906.80000  384.86003  57.6%   254 6434s

 96074 83999  753.31146  360  290  906.80000  384.86003  57.6%   252 6464s

 97216 84824  393.23352   49  523  906.80000  384.86003  57.6%   251 6493s

 98083 85478  551.79589  102  271  906.80000  384.86003  57.6%   251 6522s

 98803 85734  406.53971   65  373  906.80000  384.86003  57.6%   251 6549s

 99087 86465  424.93690   89  384  906.80000  384.86003  57.6%   251 6579s

 99878 87281  575.79510  253  254  906.80000  384.86003  57.6%   251 6610s

 100716 87782  395.40480   37  475  906.80000  384.86003  57.6%   251 6641s

 101289 88048  409.49972   50  445  906.80000  384.86003  57.6%   250 6666s

 101569 89076  458.70184   93  337  906.80000  384.86003  57.6%   250 6697s

 102659 89467  471.20544   42  347  906.80000  384.86003  57.6%   250 6728s

 103135 90139  387.77696   44  518  906.80000  385.03073  57.5%   250 6781s

 103807 90163  532.56348  134  281  906.80000  385.03073  57.5%   250 6834s

 103843 91153  533.29624  135  243  906.80000  385.03073  57.5%   250 6892s

 104872 93284  400.77684   57  480  906.80000  385.09563  57.5%   250 6950s

 107178 94259  396.35432   40  508  906.80000  385.17219  57.5%   248 6983s

 108219 95103  592.14392  151  213  906.80000  385.17219  57.5%   248 7016s

 109137 96015  390.64083   35  671  906.80000  385.17219  57.5%   248 7050s

 110261 96638  433.78986   78  365  906.80000  385.17219  57.5%   247 7085s

 110905 97362  500.63000  196  226  906.80000  385.17219  57.5%   248 7116s

 111806 97642  395.49500   44  414  906.80000  385.30114  57.5%   248 7144s

 112099 98679  410.11749   61  467  906.80000  385.30114  57.5%   248 7174s

 113194 100031  596.99305  192  278  906.80000  385.30114  57.5%   248 7206s

 114605 100224  417.79398   44  505  906.80000  385.30114  57.5%   246 7231s

 114802 101035  429.81643   49  517  906.80000  385.30114  57.5%   247 7259s

 115695 101271  580.70880   90  245  906.80000  385.31289  57.5%   246 7287s

 115963 101590  787.50101  117  247  906.80000  385.31289  57.5%   247 7316s

 116291 101824  395.72804   51  255  906.80000  385.31289  57.5%   247 7346s

 116574 102402  426.33095   65  271  906.80000  385.31289  57.5%   247 7376s

 117189 102729  500.02705  143  276  906.80000  385.31289  57.5%   247 7405s

 117542 103792  577.45770  229  347  906.80000  385.31289  57.5%   248 7437s

 118739 104871  428.65687   44  311  906.80000  385.31530  57.5%   247 7494s

 119967 105178  402.92663   59  475  906.80000  385.42737  57.5%   247 7523s

 120341 106653  428.32032   88  280  906.80000  385.49491  57.5%   248 7564s

 121947 107197  396.99167   51  347  906.80000  385.49491  57.5%   247 7590s

 122516 107698  467.11359  121  211  906.80000  385.49491  57.5%   246 7616s

 123049 108894  562.46853  197  184  906.80000  385.49491  57.5%   246 7647s

 124346 109626  405.88959   67  349  906.80000  385.53648  57.5%   245 7676s

 125116 110990  504.81497  206  246  906.80000  385.53648  57.5%   245 7706s

 126513 111619  397.61900   54  452  906.80000  385.53648  57.5%   244 7733s

 127204 112389  475.65402   98  331  906.80000  385.53648  57.5%   244 7760s

 127999 112680  719.58178  285  223  906.80000  385.53648  57.5%   244 7782s

 128343 113644  387.93884   55  342  906.80000  385.53648  57.5%   244 7810s

 129314 114418  526.03305   83  214  906.80000  385.63956  57.5%   243 7839s

 130253 114675  404.94460   54  439  906.80000  385.63956  57.5%   243 7865s

 130572 114926  445.29269   85  276  906.80000  385.63956  57.5%   243 7892s

 130836 115293  570.13538  129  201  906.80000  385.63956  57.5%   243 7919s

 131236 116091  405.93218   56  380  906.80000  385.63956  57.5%   244 7947s

 132136 116413  506.07810   97  318  906.80000  385.63956  57.5%   243 7974s

 132459 117014  702.70807  159  198  906.80000  385.63956  57.5%   243 8002s

 133126 117375  419.05639   44  352  906.80000  385.63956  57.5%   243 8031s

 133500 118194  491.95735   69  327  906.80000  385.72588  57.5%   243 8086s

H134205 117970                     898.9400000  385.72588  57.1%   243 8086s

 134419 118314  395.72069   49  535  898.94000  385.72588  57.1%   244 8126s

 134798 119678  467.00667   78  368  898.94000  385.72588  57.1%   244 8178s

 136315 119919  505.71712  104  268  898.94000  385.72588  57.1%   244 8212s

 136579 120459  572.20236  129  358  898.94000  385.72588  57.1%   244 8258s

H137139 120450                     898.2600000  385.72588  57.1%   244 8307s

H137161 120443                     898.1300000  385.72588  57.1%   244 8307s

H137162 120413                     897.4500000  385.72588  57.0%   244 8307s

 137176 120788  785.51999  204  228  897.45000  385.72588  57.0%   244 8351s

 137673 121399  411.69268   50  508  897.45000  385.72588  57.0%   244 8399s

 138345 121862  605.41503   80  159  897.45000  385.72588  57.0%   245 8444s

 138732 121862  707.36897   80  220  897.45000  385.72588  57.0%   245 8445s

 138949 122799  407.09991   70  436  897.45000  385.72588  57.0%   245 8495s

 139968 123321  395.52322   46  318  897.45000  385.95775  57.0%   246 8541s

 140517 124304  470.70226  109  285  897.45000  385.95775  57.0%   246 8588s

 141597 124814  400.57221   52  387  897.45000  385.96917  57.0%   246 8634s

 142159 125645  618.65472  132  270  897.45000  385.96917  57.0%   247 8685s

 143145 126010  422.11552   80  348  897.45000  385.96917  57.0%   248 8731s

 143589 127211  495.73936  133  297  897.45000  385.96917  57.0%   248 8781s

 144944 127809  407.10381   36  435  897.45000  386.05592  57.0%   248 8827s

 145604 128261  459.24984   48  254  897.45000  386.09686  57.0%   248 8873s

 146199 129394  389.15214   38  463  897.45000  386.09686  57.0%   249 8923s

 147407 129664  414.18448   74  313  897.45000  386.09686  57.0%   249 8971s

H147677 128591                     879.5700000  386.09686  56.1%   249 9024s

 148025 129366  423.16103  112  360  879.57000  386.09686  56.1%   249 9077s

 148824 130033 infeasible  161       879.57000  386.09686  56.1%   249 9126s

 149533 131089  593.12811  217  262  879.57000  386.09686  56.1%   249 9178s

 150768 131741  396.49062   54  432  879.57000  386.11639  56.1%   248 9218s

 151432 133126  426.49638   91  219  879.57000  386.11639  56.1%   249 9266s

 152901 133667  483.08242  227  362  879.57000  386.17251  56.1%   248 9304s

 153486 134307  548.78669  230  332  879.57000  386.17251  56.1%   248 9342s

 154172 134486  524.58653  231  305  879.57000  386.17251  56.1%   247 9382s

 154363 135229  581.89395  268  249  879.57000  386.17251  56.1%   248 9421s

 155196 136035  390.14698   45  297  879.57000  386.19883  56.1%   247 9464s

 156073 136514  806.15809  173  226  879.57000  386.19883  56.1%   248 9502s

 156625 136847  806.24106  174  243  879.57000  386.21672  56.1%   248 9549s

 156996 137154  809.03641  175  239  879.57000  386.23039  56.1%   248 9598s

 157322 137842  818.79727  176  204  879.57000  386.23039  56.1%   249 9643s

 158194 139310  420.88250   65  287  879.57000  386.23860  56.1%   249 9698s

 159781 139740  483.34357   51  265  879.57000  386.26882  56.1%   248 9738s

 160348 140695 infeasible  100       879.57000  386.31423  56.1%   248 9781s

 161399 141261  498.28130  103  268  879.57000  386.34380  56.1%   248 9824s

 162099 142396  397.77474   52  477  879.57000  386.34380  56.1%   248 9866s

 163280 142871 infeasible  134       879.57000  386.36156  56.1%   248 9918s

 163856 144421  429.30582   69  339  879.57000  386.36156  56.1%   248 9989s

 165508 144440  445.83470   63  562  879.57000  386.45364  56.1%   248 10050s

H165509 144224                     877.5100000  386.45364  56.0%   248 10050s

 165529 144617  447.15740   63  470  877.51000  386.45364  56.0%   248 10088s

 165939 146076  472.78817   73  514  877.51000  386.45364  56.0%   248 10138s

 167461 146600  532.78406  100  401  877.51000  386.45364  56.0%   248 10181s

 168042 147059  565.38853  124  283  877.51000  386.50042  56.0%   248 10221s

 168590 148541  593.47790  149  262  877.51000  386.50042  56.0%   248 10265s

 170156 150018  515.68995  132  180  877.51000  386.50042  56.0%   247 10315s

 171696 150351  420.31437   51  365  877.51000  386.51379  56.0%   246 10345s

 172093 150934  488.88308   82  254  877.51000  386.56671  55.9%   246 10377s

 172748 151865  430.47766   42  413  877.51000  386.56948  55.9%   246 10412s

 173755 152102  562.13828   90  305  877.51000  386.56948  55.9%   246 10453s

 174080 152727  760.94349  134  230  877.51000  386.58785  55.9%   246 10487s

 174747 152881  400.16710   65  422  877.51000  386.58785  55.9%   246 10517s

 174968 153013  421.36086   84  449  877.51000  386.58785  55.9%   246 10562s

 175102 153544  459.01027  100  321  877.51000  386.58785  55.9%   246 10606s

 175730 153948  492.07344  168  285  877.51000  386.58785  55.9%   246 10638s

 176152 154672  535.03079  225  268  877.51000  386.58785  55.9%   246 10677s

 177037 155377  403.80505   48  387  877.51000  386.68305  55.9%   247 10714s

 177742 157252  489.33277  123  322  877.51000  386.68305  55.9%   247 10772s

 179668 157504  742.33371  306  321  877.51000  386.68305  55.9%   246 10795s

 179942 158077  783.56957  326  319  877.51000  386.68305  55.9%   246 10819s

 180566 158385  403.86265   54  398  877.51000  386.68305  55.9%   246 10844s

 180887 158857  405.07451   61  368  877.51000  386.68305  55.9%   246 10870s

 181396 159246  419.90830   73  357  877.51000  386.68305  55.9%   246 10896s

 181826 159612  428.58082   83  270  877.51000  386.68305  55.9%   246 10929s

 182279 159968  451.86014   94  288  877.51000  386.68305  55.9%   246 10960s

 182657 160830  467.07245  103  284  877.51000  386.68305  55.9%   247 10999s

 182872 160830  433.68719   53  399  877.51000  386.77501  55.9%   247 11000s

 183750 160838  787.89574  165  210  877.51000  386.83426  55.9%   246 11058s

 183758 161034  787.13599  165  196  877.51000  386.83426  55.9%   246 11099s

 184038 161480  398.77050   65  409  877.51000  386.83426  55.9%   247 11137s

 184485 163215  539.57163  143  351  877.51000  386.83426  55.9%   247 11183s

 186224 163613  863.46155  471  304  877.51000  386.83426  55.9%   246 11221s

 186687 164352  863.48481  472  296  877.51000  386.83426  55.9%   246 11257s

 187521 164701  405.98197   54  388  877.51000  386.83426  55.9%   246 11289s

 187870 165608  486.93515   92  272  877.51000  386.83466  55.9%   246 11326s

 188852 166396  407.51041   55  390  877.51000  386.83466  55.9%   245 11364s

 189311 166396 infeasible  200       877.51000  386.83466  55.9%   246 11365s

 189678 166654  435.80909  104  218  877.51000  386.83466  55.9%   245 11395s

 189936 167457  451.12687  131  338  877.51000  386.83466  55.9%   246 11438s

 190834 167705  652.79928  283  210  877.51000  386.83466  55.9%   246 11467s

 191092 168242  722.01856  284  227  877.51000  386.83466  55.9%   246 11505s

 191689 168288  417.57013   60  508  877.51000  386.83466  55.9%   246 11551s

 191737 168641  419.99264   65  444  877.51000  386.83466  55.9%   246 11591s

 192115 169670  437.79224   79  402  877.51000  386.83466  55.9%   246 11635s

 193221 170001 infeasible  149       877.51000  386.84180  55.9%   246 11682s

 193588 172629  501.48375  163  308  877.51000  386.84180  55.9%   246 11790s

 196513 172866  424.04903   54  326  877.51000  386.95819  55.9%   246 11823s

 196771 173718  431.47920   85  330  877.51000  386.95819  55.9%   246 11860s

 197632 174025  623.44564  172  255  877.51000  386.95819  55.9%   246 11897s

 197967 175196  676.53567  243  271  877.51000  386.95819  55.9%   246 11940s

 199217 175952  854.41912  431  287  877.51000  386.95819  55.9%   246 11983s

 200032 176417  477.75372  117  275  877.51000  386.95819  55.9%   246 12018s

 200542 177080  578.78121  202  241  877.51000  386.96766  55.9%   246 12054s

 201290 178098  408.02441   55  445  877.51000  386.96766  55.9%   246 12091s

 202324 178619  472.58612  129  320  877.51000  386.96766  55.9%   246 12127s

 202859 179707  625.28132  218  317  877.51000  386.96766  55.9%   246 12173s

 204047 180330  396.48448   45  279  877.51000  387.04044  55.9%   246 12213s

 204719 181466  431.77076   99  310  877.51000  387.04044  55.9%   246 12254s

 205897 182428  478.14319  136  229  877.51000  387.04044  55.9%   246 12295s

 206955 182811  729.83717  410  243  877.51000  387.04044  55.9%   246 12332s

 207378 183625  417.89276   43  447  877.51000  387.04044  55.9%   246 12373s

 208289 184062  521.61700   88  336  877.51000  387.04044  55.9%   246 12431s

 208755 184748  630.77413  142  290  877.51000  387.04044  55.9%   246 12567s

 209612 185446  407.70562   72  392  877.51000  387.05748  55.9%   246 12638s

 210372 187764  434.88747  146  261  877.51000  387.05748  55.9%   246 12727s

 212870 188569  489.20582   91  269  877.51000  387.05748  55.9%   246 12778s

 213772 189365  480.64266   80  327  877.51000  387.05748  55.9%   246 12825s

 214655 189781  444.07129   51  239  877.51000  387.05748  55.9%   246 12870s

 215187 190029  577.40833   63  249  877.51000  387.05748  55.9%   247 12917s

 215471 190962  391.52813   48  479  877.51000  387.05748  55.9%   247 12977s

 216465 191584  454.54101  139  211  877.51000  387.05748  55.9%   247 13024s

 216841 191584  651.18183  235  251  877.51000  387.05748  55.9%   247 13025s

 217116 192539  481.87084  196  314  877.51000  387.05748  55.9%   247 13110s

 218109 192650  563.04056  333  376  877.51000  387.05748  55.9%   247 13159s

 218230 192929  563.13470  334  365  877.51000  387.05748  55.9%   247 13205s

 218571 192970  564.18731  335  288  877.51000  387.05748  55.9%   247 13261s

 218640 193182  564.44798  336  303  877.51000  387.12624  55.9%   247 13322s

H218935 192627                     872.8400000  387.25992  55.6%   247 13322s

 218938 193282  564.47185  337  302  872.84000  387.25992  55.6%   247 13373s

 219642 194517  644.19456  416  334  872.84000  387.25992  55.6%   247 13428s

 220955 194992  398.06554   62  263  872.84000  387.25992  55.6%   247 13485s

 221505 195361  432.98270  116  220  872.84000  387.25992  55.6%   247 13531s

 221890 196703  464.49965  180  227  872.84000  387.25992  55.6%   248 13595s

 223331 198000  418.07268   56  395  872.84000  387.27601  55.6%   247 13664s

 223998 198000  597.68168  230  195  872.84000  387.27601  55.6%   247 13665s

 224724 198385 infeasible  154       872.84000  387.27601  55.6%   247 13694s

 225137 198742  797.79113  181  304  872.84000  387.27601  55.6%   247 13728s

 225544 199327  428.76605   54  344  872.84000  387.27601  55.6%   247 13767s

 226198 200026  764.31532  191  253  872.84000  387.27601  55.6%   248 13814s

 227008 200276  575.88977   91  247  872.84000  387.27601  55.6%   248 13859s

 227356 200869  393.59071   40  393  872.84000  387.34703  55.6%   248 13909s

 227985 201141  550.15852   85  319  872.84000  387.34703  55.6%   248 13956s

 228335 201788  846.01331  139  355  872.84000  387.34993  55.6%   248 14007s

 229081 202219  476.39283   96  199  872.84000  387.34993  55.6%   249 14054s

 229536 203103  684.15646  194  203  872.84000  387.34993  55.6%   249 14118s

 230483 203900  703.51198  219  221  872.84000  387.34993  55.6%   249 14175s

 231435 204963  597.78091  107  239  872.84000  387.34993  55.6%   249 14238s

 232663 205256  440.09624   66  302  872.84000  387.34993  55.6%   249 14281s

 232980 206892  453.66233  105  373  872.84000  387.34993  55.6%   249 14341s

 234659 208035  614.12497  340  311  872.84000  387.43857  55.6%   249 14394s

 235852 208054  784.87324  553  307  872.84000  387.43857  55.6%   249 14400s



Cutting planes:

  Learned: 17

  Gomory: 53

  Lift-and-project: 9

  Cover: 96

  Implied bound: 391

  Projected implied bound: 29

  Clique: 434

  MIR: 357

  Mixing: 12

  StrongCG: 980

  Flow cover: 797

  GUB cover: 3

  Inf proof: 1

  Zero half: 1166

  RLT: 58

  Relax-and-lift: 1157

  BQP: 35



Explored 235871 nodes (58675395 simplex iterations) in 14400.49 seconds (18436.88 work units)

Thread count was 16 (of 16 available processors)



Solution count 10: 872.84 877.51 879.57 ... 912.03



Time limit reached

Best objective 8.728400000000e+02, best bound 3.874385742409e+02, gap 55.6117%



AMPL MP initial flat model has 25129 variables (0 integer, 25021 binary);

Objectives: 1 quadratic; 

Constraints:  4658 linear; 11 quadratic;



AMPL MP final model has 25129 variables (0 integer, 25021 binary);

Objectives: 1 quadratic; 

Constraints:  4658 linear; 11 quadratic;





-----RESULTS INFO-----
running_time:  14404.563
TC.best_bound:  387.4385742409028
TC:  872.8399999999999
MIP Gap (%):  55.611730186414135
=== Vehicle Routes ===
Vehicle 1: 0 → 77
Vehicle 1: 1 → 79
Vehicle 1: 10 → 1
Vehicle 1: 12 → 10
Vehicle 1: 13 → 12
Vehicle 1: 20 → 13
Vehicle 1: 77 → 20
Vehicle 2: 0 → 5
Vehicle 2: 2 → 79
Vehicle 2: 5 → 11
Vehicle 2: 7 → 2
Vehicle 2: 11 → 18
Vehicle 2: 18 → 74
Vehicle 2: 74 → 7
Vehicle 3: 0 → 6
Vehicle 3: 3 → 79
Vehicle 3: 6 → 9
Vehicle 3: 9 → 22
Vehicle 3: 19 → 3
Vehicle 3: 22 → 65
Vehicle 3: 65 → 19
Vehicle 4: 0 → 17
Vehicle 4: 4 → 79
Vehicle 4: 14 → 71
Vehicle 4: 17 → 14
Vehicle 4: 21 → 4
Vehicle 4: 71 → 21
Vehicle 5: 0 → 8
Vehicle 5: 8 → 16
Vehicle 5: 15 → 76
Vehicle 5: 16 → 15
Vehicle 5: 76 → 79
Vehicle 6: 0 → 64
Vehicle 6: 49 → 79
Vehicle 6: 64 → 78
Vehicle 6: 78 → 49
Vehicle 7: 0 → 53
Vehicle 7: 53 → 70
Vehicle 7: 70 → 79
Vehicle 8: 0 → 75
Vehicle 8: 60 → 79
Vehicle 8: 75 → 60
Vehicle 9: 0 → 69
Vehicle 9: 69 → 79

=== Full Vehicle Routes ===
Vehicle 1: 0 → 77 → 20 → 13 → 12 → 10 → 1 → 0 (91<100)
Vehicle 2: 0 → 5 → 11 → 18 → 74 → 7 → 2 → 0 (99<100)
Vehicle 3: 0 → 6 → 9 → 22 → 65 → 19 → 3 → 0 (94<100)
Vehicle 4: 0 → 17 → 14 → 71 → 21 → 4 → 0 (91<100)
Vehicle 5: 0 → 8 → 16 → 15 → 76 → 0 (97<100)
Vehicle 6: 0 → 64 → 78 → 49 → 0 (90<100)
Vehicle 7: 0 → 53 → 70 → 0 (94<100)
Vehicle 8: 0 → 75 → 60 → 0 (96<100)
Vehicle 9: 0 → 69 → 0 (93<100)
Arc used by MRT line: y variables:
Customer assigment to PL: u variables:
23 74
24 70
25 70
26 69
27 75
28 75
29 69
30 69
31 76
32 71
33 71
34 70
35 74
36 78
37 75
38 75
39 74
40 74
41 78
42 69
43 69
44 69
45 70
46 69
47 78
48 76
50 70
51 70
52 75
54 76
55 77
56 69
57 78
58 75
59 77
61 69
62 76
63 77
66 76
67 75
68 69
Node is served by regular vehicle: g variables:
1
2
3
4
5
6
7
8
9
10
11
12
13
14
15
16
17
18
19
20
21
22
49
53
60
64
65
75
76
77
78
69
70
71
74
Customer assigment to Home delivery: gm variables:
1
2
3
4
5
6
7
8
9
10
11
12
13
14
15
16
17
18
19
20
21
22
49
53
60
64
65
Node total demands: ntd variables:
1 6 1
2 17 1
3 17 1
4 3 1
5 8 1
6 7 1
7 7 1
8 5 1
9 12 1
10 12 1
11 13 1
12 30 1
13 2 1
14 22 1
15 23 1
16 18 1
17 13 1
18 5 1
19 6 1
20 7 1
21 24 1
22 39 1
46 0 0
47 0 0
48 0 0
49 9 1
50 0 0
51 0 0
52 0 0
53 16 1
54 0 0
55 0 0
56 0 0
57 0 0
58 0 0
59 0 0
60 5 1
61 0 0
62 0 0
63 0 0
64 15 1
65 13 1
66 0 0
67 0 0
68 0 0
75 91 1
76 51 1
77 34 1
78 66 1
69 93 1
70 78 1
71 29 1
72 0 0
73 0 0
74 49 1
Customer's demand delivered to PL: l variables:
23
24
25
26
27
28
29
30
31
32
33
34
35
36
37
38
39
40
41
42
43
44
45
46
47
48
50
51
52
54
55
56
57
58
59
61
62
63
66
67
68
Lockers load <= capacity:
91 <= 93
51 <= 96
34 <= 99
66 <= 72
93 <= 94
78 <= 90
29 <= 96
0 <= 78
0 <= 87
49 <= 99
