Gurobi 12.0.3:   lim:time = 14400

  mip:bestbound = 1

Set parameter LogToConsole to value 1

  tech:outlev = 1

Set parameter Cuts to value 3

  cut:cuts = 3

Set parameter Presolve to value 2

  pre:solve = 2

Set parameter MIPFocus to value 2

  mip:focus = 2

Set parameter Symmetry to value 2

  mip:symmetry = 2

Set parameter InfUnbdInfo to value 1

Gurobi Optimizer version 12.0.3 build v12.0.3rc0 (win64 - Windows 10.0 (19045.2))



CPU model: Intel(R) Core(TM) i7-10700 CPU @ 2.90GHz, instruction set [SSE2|AVX|AVX2]

Thread count: 8 physical cores, 16 logical processors, using up to 16 threads



Non-default parameters:

TimeLimit  14400

MIPFocus  2

Symmetry  2

Cuts  3

InfUnbdInfo  1

Presolve  2



Optimize a model with 3966 rows, 20588 columns and 130997 nonzeros

Model fingerprint: 0x93fb5ebc

Model has 9 quadratic constraints

Variable types: 100 continuous, 20488 integer (0 binary)

Coefficient statistics:

  Matrix range     [1e+00, 1e+05]

  QMatrix range    [1e+00, 1e+00]

  QLMatrix range   [2e+00, 3e+01]

  Objective range  [1e+00, 1e+02]

  Bounds range     [1e+00, 1e+02]

  RHS range        [1e+00, 1e+05]

  QRHS range       [1e+02, 1e+02]

Presolve removed 156 rows and 501 columns (presolve time = 5s)...

Presolve removed 155 rows and 536 columns

Presolve time: 5.16s

Presolved: 16204 rows, 32436 columns, 161597 nonzeros

Variable types: 50 continuous, 32386 integer (28246 binary)

Root relaxation presolve removed 3 rows and 0 columns

Root relaxation presolved: 14120 rows, 30344 columns, 307292 nonzeros



Deterministic concurrent LP optimizer: primal and dual simplex

Showing primal log only...





Root simplex log...



Iteration    Objective       Primal Inf.    Dual Inf.      Time

       0    1.5823700e+03   1.585892e+02   1.467101e+10     15s

Concurrent spin time: 0.17s (can be avoided by choosing Method=3)



Solved with dual simplex



Root simplex log...



Iteration    Objective       Primal Inf.    Dual Inf.      Time

    1723    2.5877149e+02   0.000000e+00   0.000000e+00     16s



Root relaxation: objective 2.587715e+02, 1723 iterations, 0.93 seconds (0.81 work units)

Total elapsed time = 17.27s (DegenMoves)



    Nodes    |    Current Node    |     Objective Bounds      |     Work

 Expl Unexpl |  Obj  Depth IntInf | Incumbent    BestBd   Gap | It/Node Time



     0     0  258.77149    0  271          -  258.77149      -     -   17s

     0     0  325.07296    0  259          -  325.07296      -     -   21s

     0     0  325.07296    0  260          -  325.07296      -     -   22s

     0     0  325.07296    0  245          -  325.07296      -     -   22s

     0     0  325.07296    0  251          -  325.07296      -     -   25s

     0     0  328.96477    0  770          -  328.96477      -     -   26s

     0     0  330.84000    0  214          -  330.84000      -     -   26s

     0     0  330.84000    0  236          -  330.84000      -     -   27s

     0     0  336.18090    0  266          -  336.18090      -     -   30s

     0     0  338.54241    0  316          -  338.54241      -     -   31s

     0     0  338.54527    0  282          -  338.54527      -     -   31s

     0     0  339.11937    0  275          -  339.11937      -     -   34s

     0     0  340.74843    0  322          -  340.74843      -     -   35s

     0     0  340.90278    0  703          -  340.90278      -     -   35s

     0     0  342.16282    0  305          -  342.16282      -     -   38s

     0     0  342.16282    0  305          -  342.16282      -     -   39s

     0     2  342.16282    0  305          -  342.16282      -     -   41s

    39    65  343.75400    6  321          -  343.56000      -   575   45s

   169   182  343.84754   14  288          -  343.56000      -   290   50s

   243   262  345.41675   19  271          -  343.56000      -   321   55s

   388   410  351.68024   30  319          -  343.56000      -   301   60s

   630   662  353.85326   40  252          -  343.56000      -   242   65s

  1053  1051  464.66064  103  220          -  343.56000      -   188   71s

  1372  1360  475.66601  132  151          -  343.56000      -   171   75s

  1851  1818  586.32105  219  195          -  343.56000      -   161   81s

  2232  2177  643.75636  243  189          -  343.56000      -   153   85s

  2613  2430  665.45803  308  216          -  343.74269      -   150   90s

  2840  2564  355.67673  113 7061          -  343.74269      -   158  102s

  2842  2565  350.78661    9  348          -  343.74269      -   158  114s

  2843  2566  349.66111   40  301          -  343.74269      -   158  120s

  2845  2567  644.88575   86  379          -  343.74269      -   158  132s

  2846  2568  643.18202   88  399          -  343.74269      -   158  140s

  2847  2569  420.96692  341  733          -  343.74269      -   158  160s

  2848  2569  370.99728  235  293          -  344.31274      -   157  168s

  2849  2570  357.50783   25  312          -  345.04656      -   157  172s

  2850  2571  400.78227  173  309          -  345.22965      -   157  175s

  2851  2571  356.95451  203  304          -  345.25097      -   157  180s

  2853  2573  351.99264   66  383          -  345.26042      -   157  189s

  2854  2573  688.59727  396  336          -  345.26127      -   157  192s

  2855  2574  355.90171  138  313          -  345.27102      -   157  197s

  2856  2575  685.87402  392  317          -  345.27857      -   157  201s

  2857  2575  523.99270  258  308          -  345.28044      -   157  206s

  2858  2576  354.01212  130  306          -  345.28044      -   157  210s

  2859  2577  345.29980   28  287          -  345.28044      -   157  215s

  2860  2577  586.99078  224  283          -  345.28044      -   157  220s

  2862  2579  523.10383  106  380          -  345.28044      -   157  228s

  2863  2579  355.88737  124  388          -  345.28044      -   157  233s

  2864  2580  660.37012  211  362          -  345.28044      -   157  238s

  2865  2581  373.07371   23  341          -  345.28679      -   157  243s

  2866  2581  396.95312  286  392          -  345.29427      -   156  248s

  2867  2582  395.37997  122  362          -  345.34171      -   156  251s

  2869  2583  661.66985  224  295          -  345.34182      -   156  255s

  2871  2585  373.36767   53  316          -  345.50053      -   156  260s

  2873  2586  522.34997  210  480          -  346.95823      -   156  267s

  2874  2587  359.32534    8  517          -  347.06542      -   156  271s

  2875  2587  371.13362  281  543          -  347.88668      -   156  275s

  2877  2589  370.38956  296  526          -  347.88668      -   156  280s

  2880  2591  455.99423  148  660          -  348.01807      -   156  286s

  2882  2592  473.14339  142  581          -  348.08784      -   156  290s

  2884  2593  373.04215   88  596          -  348.26542      -   156  296s

  2886  2595  362.56794  122  438          -  348.36929      -   155  300s

  2888  2596  436.01347   29  397          -  348.38441      -   155  305s

  2891  2598  659.55718  272  428          -  348.63931      -   155  312s

  2892  2599  625.63133  310  411          -  348.63955      -   155  315s

  2894  2600  388.31853  115  451          -  348.67503      -   155  321s

  2896  2601  454.38399  144  461          -  348.77527      -   155  326s

  2898  2603  436.67490  111  442          -  348.79867      -   155  331s

  2900  2604  356.76291  170  453          -  348.79882      -   155  336s

  2902  2605  456.17210  132  469          -  348.80060      -   155  341s

  2904  2607  361.18398   15  459          -  348.85393      -   154  346s

  2905  2607  376.62002   60  432          -  348.85393      -   154  350s

  2908  2609  353.67101   40  422          -  348.85393      -   154  355s

  2911  2611  503.33302   58  421          -  348.86213      -   154  368s

  2912  2615  348.91543   15  438          -  348.86213      -   213  370s

  2914  2618  349.32420   16  428          -  349.14111      -   214  381s

  2918  2625  349.51195   17  452          -  349.32647      -   216  392s

  2926  2630  349.54605   18  457          -  349.53365      -   219  395s

  2955  2658  350.37926   20  554          -  349.53365      -   229  404s

  2971  2666  353.49658   21  343          -  349.53365      -   236  406s

  3000  2687  351.80632   23  482          -  349.53365      -   247  412s

  3015  2700  353.13724   23  270          -  349.53365      -   251  416s

  3050  2719  377.68627   26  297          -  349.53365      -   259  421s

  3076  2735  355.22840   27  409          -  349.53365      -   268  427s

  3090  2743  355.59157   28  275          -  349.53365      -   271  430s

  3117  2764  355.74143   30  242          -  349.53365      -   281  435s

  3150  2784  370.16468   32  302          -  349.53365      -   287  440s

  3188  2814  356.21366   34  391          -  349.53365      -   293  446s

  3230  2841  356.50683   36  403          -  349.53365      -   300  466s

  3252  2861  356.53530   37  371          -  349.53365      -   302  472s

  3283  2868  362.91447   38  235          -  349.53365      -   306  478s

  3301  2889  357.90815   39  428          -  349.53365      -   313  481s

  3328  2888  357.98242   41  272          -  349.53365      -   315  503s

  3336  2915  372.19455   41  247          -  349.53365      -   316  507s

  3365  2940  358.33737   43  299          -  349.53365      -   319  511s

  3400  2962  405.70416   45  205          -  349.53365      -   323  516s

  3434  2983  358.75252   47  351          -  349.53365      -   326  521s

  3466  3010  363.42452   48  329          -  349.53365      -   330  526s

  3504  3038  379.06105   50  275          -  349.53365      -   333  530s

  3544  3068  365.99306   52  330          -  349.53365      -   334  536s

  3588  3103  368.88696   53  313          -  349.53365      -   339  541s

  3637  3128  372.00019   55  294          -  349.53365      -   341  546s

  3679  3161  373.70973   56  315          -  349.53365      -   344  551s

  3726  3197  373.94790   58  381          -  349.53365      -   346  557s

  3777  3232  471.71744   60  317          -  349.53365      -   350  563s

  3829  3263  377.29646   62  360          -  349.53365      -   352  569s

  3880  3308  377.99811   64  334          -  349.53365      -   356  576s

  3942  3361  451.90961   66  256          -  349.53365      -   358  582s

  4015  3409  379.99918   69  360          -  349.53365      -   359  588s

  4088  3458  380.00896   72  317          -  349.53365      -   361  595s

  4167  3511  381.30054   76  323          -  349.53365      -   363  603s

  4250  3565  452.75268   79  192          -  349.53365      -   365  611s

  4339  3648  381.50155   82  233          -  349.53365      -   366  622s

  4458  3693  381.88155   90  262          -  349.53365      -   368  631s

  4551  3763  396.12082   95  200          -  349.53365      -   370  640s

  4656  3832  407.95816  100  224          -  349.53365      -   372  650s

  4766  3918  410.22746  106  228          -  349.53365      -   373  662s

  4900  3963  413.99336  114  198          -  349.53365      -   374  670s

  5030  3943  422.06363  122  184          -  349.53365      -   374  688s

  5053  4041  454.16486  122  189          -  349.53365      -   375  702s

  5173  4118  469.76149  132  186          -  349.53365      -   376  718s

  5314  4188  437.25990  141  186          -  349.53365      -   377  733s

  5477  4290  442.04992  151  208          -  349.54835      -   377  748s

  5654  4388  449.17193  162  205          -  349.54835      -   377  760s

  5834  4494  452.15958  175  180          -  349.54835      -   375  775s

  6028  4624  459.19081  189  175          -  349.54835      -   373  791s

  6244  4972  565.50434  202  181          -  349.54835      -   370  802s

  6738  5030  681.13045  239  201          -  349.54835      -   357  814s

  6988  5448 infeasible  255               -  349.54835      -   353  831s

  7659  5328  369.97264   35  345          -  349.54835      -   336  852s

  7852  5332  370.83297   35  379          -  350.24329      -   338  869s

  7953  5523  358.64794   34  405          -  350.24329      -   338  888s

  8234  5521  379.21635   45  354          -  350.38543      -   340  905s

  8334  5826  382.48933   47  362          -  350.38543      -   343  925s

  8708  5889  405.90319   59  294          -  350.38543      -   339  944s

  8898  6364  420.37034   75  327          -  350.38543      -   339  963s

  9471  6406  552.34157   90  235          -  350.38543      -   329  983s

  9723  6964  514.74160   98  178          -  350.38543      -   329 1009s

 10420  6877  710.23023  153  176          -  350.38543      -   316 1032s

 10608  7387  788.49085  170  165          -  350.42920      -   318 1060s

 11195  7589 1016.19385  265  118          -  350.42920      -   312 1086s

 11476  8663  368.79504   34  274          -  350.42920      -   311 1108s

 12663  8972  390.34479   65  276          -  350.42920      -   291 1149s

 13082  9549  416.86653   86  216          -  351.35667      -   290 1178s

 13762  9673  611.07743  151  216          -  351.35667      -   287 1208s

 13903  9792  758.43643  175  138          -  351.35667      -   289 1269s

 14057 10012  355.20162   30  229          -  351.35667      -   288 1297s

 14287 10332  355.46429   36  277          -  351.35667      -   288 1336s

 14619 11595  373.61494   44  262          -  351.35667      -   288 1393s

 15969 11660  390.92678   96  172          -  351.39631      -   275 1426s

 16106 11879  407.85276  132  198          -  351.39631      -   277 1449s

 16346 12483  507.69881  201  149          -  351.39631      -   277 1476s

 17007 12655  377.74503   34  272          -  351.39631      -   274 1504s

 17203 13444  362.86537   33  348          -  351.79202      -   275 1535s

 18035 13824  389.26147   67  322          -  351.79202      -   270 1583s

 18458 14736  387.30675   68  312          -  351.79202      -   269 1618s

 19453 14961 infeasible  161               -  351.79202      -   263 1647s

 19734 15600  374.61236   28  500          -  351.79202      -   264 1674s

 20451 15914  392.05290   49  380          -  351.79202      -   263 1702s

 20794 17115  408.80247   58  409          -  351.79202      -   263 1740s

 22221 17214  659.05305  225  174          -  351.79202      -   253 1787s

 22346 17477  377.04575   27  460          -  351.79202      -   257 1817s

 22631 18609  416.14676   50  252          -  351.79202      -   259 1877s

 23859 18981  533.39094  173  210          -  352.89774      -   255 1914s

 24248 19907  723.49193  202  148          -  352.89774      -   255 1955s

 25356 20096  355.08925   38  307          -  353.26238      -   250 1990s

 25559 21106  365.58602   47  348          -  353.26238      -   252 2022s

 26655 21551  629.34657  230  146          -  353.26238      -   249 2064s

 27186 22484  366.90867   34  230          -  353.26238      -   249 2100s

 28244 22931  391.36813   48  286          -  353.26238      -   246 2137s

 28699 24437  440.81114   94  264          -  353.42968      -   246 2178s

 30456 24839  363.80056   36  286          -  353.42968      -   238 2244s

 30887 28166  385.96438   53  345          -  353.42968      -   240 2372s

 34641 28169  383.73883   45  382          -  353.81546      -   232 2442s

 34684 28393  381.83036   44  364          -  353.81546      -   234 2471s

 34917 28709  383.91808   46  389          -  353.81546      -   234 2520s

 35257 28921  435.70909   57  271          -  353.81546      -   235 2554s

 35489 29122  424.89156   67  272          -  353.81546      -   236 2589s

 35696 30447  471.55986   85  260          -  353.81546      -   238 2633s

 37155 30607 infeasible  282               -  353.81546      -   234 2669s

 37393 31318  361.18768   30  376          -  353.81546      -   236 2706s

 38154 31577 infeasible   84               -  353.81546      -   236 2737s

 38453 31999  364.19444   32  306          -  353.81546      -   238 2774s

 38897 33126  386.36810   52  232          -  353.81546      -   238 2815s

 40139 33297  550.00481  127  201          -  353.81546      -   235 2849s

 40373 33968  645.07628  184  168          -  353.81546      -   236 2891s

 41115 34215  369.33146   38  320          -  353.81546      -   237 2931s

 41412 34628  393.50772   56  240          -  353.81546      -   238 2971s

 41896 34866  478.87106  124  186          -  353.81546      -   238 3008s

 42142 36135  638.46771  149  167          -  353.81546      -   239 3066s

 43536 36294  372.63285   39  328          -  353.81546      -   236 3101s

 43747 36865  383.81074   56  281          -  353.81546      -   238 3143s

 44338 37055  456.15494  101  246          -  353.81546      -   239 3195s

 44592 37446  495.15503  119  201          -  353.81546      -   239 3236s

 45007 38669  599.26730  163  197          -  353.81546      -   240 3306s

 46467 38925  379.71859   60  318          -  354.30966      -   238 3334s

 46743 39634  418.44396   68  345          -  354.30966      -   239 3380s

 47538 39960  523.55343   91  198          -  354.30966      -   238 3411s

 47899 41125  483.17005  105  208          -  354.40620      -   238 3465s

 49224 41268  359.93099   35  300          -  354.40620      -   236 3504s

 49403 41522  364.91298   50  344          -  354.40620      -   237 3539s

 49661 42420  396.81227   75  244          -  354.40620      -   239 3583s

 50614 42792  373.98672   41  451          -  354.40620      -   238 3619s

 51018 43402  377.86508   46  429          -  354.40620      -   238 3664s

 51780 43563  386.35778   67  409          -  354.40620      -   238 3717s

 51943 43578  480.18293   72  303          -  354.40620      -   240 3773s

 51958 43836  400.24763   74  350          -  354.40620      -   240 3813s

 52222 44301  419.02450   76  342          -  354.40620      -   241 3873s

 52697 45382  541.34096   94  183          -  354.40620      -   242 3931s

 54018 45610  355.75658   40  284          -  354.65320      -   240 3981s

 54278 46860  359.55763   59  365          -  354.65320      -   242 4051s

 55643 47123  455.90378  132  191          -  354.65320      -   240 4098s

 55991 48270  538.13484  186  181          -  354.65320      -   241 4146s

 57249 48554  365.70994   24  377          -  354.65320      -   239 4188s

 57621 49779  378.82369   41  330          -  354.65320      -   240 4239s

 58931 50154  507.85509  130  200          -  354.65320      -   239 4281s

 59397 51303  579.53880  183  216          -  354.68313      -   239 4332s

 60716 51723 infeasible  301               -  354.68313      -   238 4398s

 61168 54302  361.04817   49  352          -  354.68313      -   239 4500s

 64129 54521  405.91664   56  277          -  354.81848      -   236 4547s

 64375 54781  409.01797   68  262          -  354.81848      -   237 4587s

 64670 55875  441.54439   82  239          -  354.83603      -   237 4631s

 65909 56057  359.15721   35  428          -  354.83603      -   236 4665s

 66117 57060  358.75560   41  451          -  354.83603      -   237 4704s

 66733 57060  369.88668   42  401          -  354.83603      -   236 4705s

 67162 57331  420.86717   79  250          -  354.83603      -   236 4737s

 67495 58317  462.08843  108  182          -  354.83603      -   236 4781s

 68741 58521  366.14144   21  409          -  354.83603      -   235 4817s

 68957 59550  366.14144   22  405          -  354.83603      -   235 4859s

 70101 59877  416.10007   50  367          -  354.83603      -   235 4898s

 70470 60991  379.49240   55  426          -  354.83603      -   235 4938s

 71718 61465  446.17015  101  288          -  354.83603      -   233 4976s

 72274 62311  490.98669  124  218          -  354.83603      -   233 5018s

 73263 62640  359.07798   28  265          -  354.83603      -   233 5054s

 73604 63796  390.99223   41  288          -  354.83603      -   233 5092s

 74881 64257  564.88684  120  193          -  354.91509      -   232 5132s

 75430 66079  847.82170  143  116          -  354.91509      -   232 5208s

 77519 66172 infeasible  214               -  354.99010      -   230 5227s

 77666 66364  355.25102   35  495          -  354.99010      -   230 5252s

 77878 67197  358.11086   44  339          -  354.99010      -   230 5284s

 78734 67472  477.22732   94  201          -  354.99010      -   230 5311s

 79076 68154  593.23266  128  174          -  354.99589      -   230 5344s

 79928 68478  358.69960   39  346          -  354.99945      -   229 5373s

 80264 69463  413.60861   64  183          -  354.99945      -   229 5399s

 81346 69480 infeasible  319               -  355.00287      -   228 5467s

 81387 69737  359.42609   38  359          -  355.00287      -   228 5501s

 81647 70057  364.63220   51  331          -  355.00287      -   229 5527s

 81998 71059  389.40451   71  291          -  355.00287      -   229 5572s

 83105 71349  514.61358  114  213          -  355.00287      -   228 5609s

 83452 72216  591.21024  137  245          -  355.00287      -   228 5644s

 84456 72551 1261.97662  229  127          -  355.00287      -   228 5674s

 84819 73893  357.37827   43  382          -  355.00287      -   228 5708s

 86238 74265  437.14977  117  181          -  355.04098      -   227 5748s

 86690 75015  680.19475  212  134          -  355.04098      -   226 5781s

 87581 75769  486.53990   77  187          -  355.04098      -   226 5818s

 88394 76178  356.92881   27  320          -  355.04496      -   226 5849s

 88811 77445  376.97802   45  319          -  355.04496      -   226 5881s

 90263 77941  646.95367  155   85          -  355.04536      -   224 5946s

 90830 80366  369.67492   48  193          -  355.04536      -   225 6035s

 93562 80560  373.24405   47  384          -  355.08191      -   223 6057s

 93758 81444  381.50015   58  406          -  355.08191      -   223 6098s

 94693 81826  428.44005   82  286          -  355.08191      -   222 6130s

 95138 82737  449.61671   97  291          -  355.08191      -   222 6161s

 96224 83044  510.62903  171  211          -  355.08191      -   222 6197s

 96541 84231  581.16219  221  188          -  355.08191      -   222 6231s

 97840 84393 infeasible  304               -  355.08191      -   221 6249s

 98056 85316  377.05554   50  241          -  355.08191      -   221 6286s

 99067 85749  540.46004   96  136          -  355.08191      -   220 6316s

 99570 86591  708.15447  127  131          -  355.08191      -   220 6343s

 100547 86741  371.77201   60  368          -  355.09366      -   220 6375s

 100715 87329  389.06607   69  321          -  355.09366      -   220 6407s

 101383 87635  441.61463   93  255          -  355.09366      -   220 6438s

 101700 88615  499.02274  109  224          -  355.09366      -   221 6474s

 102847 88702  634.60392  258  180          -  355.09366      -   220 6504s

 102967 89195  762.22540  264  174          -  355.09366      -   220 6538s

 103482 89663 infeasible  334               -  355.09366      -   220 6580s

 104052 90060  401.97604   43  354          -  355.10573      -   220 6620s

 104491 91276  366.19576   50  279          -  355.10573      -   220 6667s

 105895 92658  579.50829  114  186          -  355.10573      -   219 6733s

 107411 92852  395.68567   82  182          -  355.10573      -   219 6757s

 107623 93228  445.88110  102  179          -  355.10573      -   219 6795s

 108053 94146 infeasible  174               -  355.10573      -   219 6840s

 109160 94291  384.31547   61  297          -  355.10573      -   218 6874s

 109321 94715  430.06088   74  279          -  355.10573      -   219 6906s

 109752 96108  490.38944   94  262          -  355.10573      -   219 6949s

 110154 96108  468.08966   85  179          -  355.10573      -   218 6950s

 111362 96137  414.06626   34  211          -  355.10573      -   217 7053s

 111398 96430  415.52348   42  244          -  355.10573      -   217 7086s

 111728 96770  444.69836   59  197          -  355.10573      -   218 7120s

 112102 97256  473.73524   86  206          -  355.16541      -   218 7166s

 112604 98313  523.46686  158  225          -  355.16541      -   218 7206s

 113718 99003 infeasible  271               -  355.16541      -   217 7235s

 114499 99961  360.58292   36  378          -  355.16541      -   217 7278s

 115623 100690  489.57409   99  171          -  355.19862      -   216 7302s

 116488 100867  399.16965   46  302          -  355.19862      -   216 7341s

 116669 101920  435.27812   61  284          -  355.19862      -   216 7391s

 117757 102389  595.58989  135  184          -  355.19862      -   216 7426s

 118283 103204  836.16255  179  113          -  355.20953      -   216 7462s

 119233 103546  395.75316   60  344          -  355.20953      -   215 7488s

 119589 104314  398.27000   76  354          -  355.20953      -   215 7532s

 120441 104552  421.18379  106  295          -  355.22216      -   215 7593s

 120711 107950  442.13811  114  312          -  355.22216      -   216 7773s

 124687 108292  526.13062  156  176          -  355.26336      -   215 7809s

 125033 108652  622.43007  226  176          -  355.26336      -   215 7851s

 125455 108926  378.38210   26  424          -  355.26336      -   216 7896s

 125739 109965  431.77771   40  362          -  355.26336      -   216 7942s

 126840 110231 infeasible  116               -  355.26336      -   215 7989s

 127266 110545  560.34652  133  234          -  355.26336      -   216 8033s

 127625 111422 infeasible  157               -  355.27205      -   216 8083s

 128640 111579  405.46350   68  257          -  355.27205      -   216 8126s

 128828 112862  467.58454   89  184          -  355.27205      -   216 8184s

 130247 113244  373.01809   48  354          -  355.27205      -   216 8221s

 130732 114188  412.05395   73  316          -  355.27205      -   216 8269s

 131724 114573  557.44775  154  209          -  355.27205      -   216 8312s

 132182 114853  749.82415  222  177          -  355.27205      -   216 8360s

 132532 115907  878.86304  264  154          -  355.27205      -   216 8396s

 133761 116267  382.93633   50  342          -  355.27205      -   216 8433s

 134159 117173  399.96853   66  256          -  355.27205      -   217 8485s

 135270 117522  493.26103  137  166          -  355.27205      -   216 8546s

 135619 120516  556.35846  154  162          -  355.27205      -   217 8674s

 136916 120516  457.66227  114  255          -  355.32597      -   216 8675s

 139162 120754  369.78773   40  333          -  355.38182      -   215 8702s

 139406 121480  386.73345   59  333          -  355.38182      -   216 8736s

 140151 122035  452.57101   87  268          -  355.38182      -   216 8774s

 140783 122796  475.10459   97  246          -  355.38182      -   215 8813s

 141719 123588  375.03088   48  240          -  355.38182      -   215 8855s

 142575 123981  490.84919   90  237          -  355.38182      -   215 8886s

 143040 125018  543.26221  116  191          -  355.38182      -   215 8927s

 144252 125217  356.00556   35  435          -  355.38182      -   215 8963s

 144459 126167  359.70622   45  466          -  355.38182      -   215 9012s

 145570 127029  398.70540   73  322          -  355.38182      -   214 9044s

 146522 127371 infeasible  103               -  355.39858      -   214 9080s

 146935 127642  383.61542   48  319          -  355.39858      -   214 9114s

 147218 128613  386.20837   60  232          -  355.39858      -   215 9153s

 148332 128965  491.53206   81  264          -  355.39858      -   214 9189s

 148688 129733  588.15191   87  169          -  355.39858      -   214 9231s

 149583 130252  357.38125   39  291          -  355.39858      -   214 9267s

 150196 130995  367.10610   71  323          -  355.42571      -   214 9323s

 150978 132545  470.72364  113  185          -  355.42571      -   214 9396s

 152819 133665  455.29439   93  219          -  355.42571      -   214 9430s

 154047 133687 infeasible  191               -  355.42571      -   213 9532s

 154083 133917  404.85440   43  256          -  355.42571      -   213 9555s

 154325 134321  400.61743   49  285          -  355.42571      -   213 9591s

 154809 135496  428.96097   64  290          -  355.42571      -   213 9625s

 156116 135846  748.65331  219  124          -  355.42571      -   212 9655s

 156536 136650 1019.70075  265  106          -  355.42571      -   212 9691s

 157382 137491  379.28767   75  338          -  355.42571      -   212 9729s

 158401 137726  490.06007  107  184          -  355.42571      -   212 9756s

 158650 138387  489.79917  134  225          -  355.42571      -   212 9783s

 159369 138496  637.09059  209  239          -  355.42571      -   212 9807s

 159530 139350  357.38963   38  456          -  355.42571      -   212 9848s

 160534 139488  377.29682   78  309          -  355.42571      -   212 9873s

 160688 140205  398.35942   87  331          -  355.47403      -   212 9908s

 161429 140468  479.90610  116  280          -  355.47403      -   212 9947s

 161746 140767  503.68104  130  271          -  355.47403      -   212 9993s

 162093 141586  599.96397  149  244          -  355.47403      -   212 10026s

 162967 141977  824.16811  227  197          -  355.47403      -   212 10060s

 163420 142829  864.68662  257  199          -  355.47403      -   212 10098s

 164518 143039 1246.61224  319  138          -  355.47403      -   212 10132s

 164807 144723  394.86572   48  239          -  355.47403      -   212 10201s

 166726 144789  591.94203  158  186          -  355.47403      -   211 10228s

 166834 145314  597.84010  165  248          -  355.47403      -   212 10258s

 167417 145674 infeasible  276               -  355.47419      -   211 10287s

 167789 146487  375.34200   57  324          -  355.47419      -   211 10317s

 168797 147108  471.97150  119  208          -  355.47419      -   211 10350s

 169516 147288  373.09866   71  319          -  355.47419      -   211 10387s

 169734 148138  376.05889   81  334          -  355.47419      -   211 10423s

 170615 148603  488.69365  141  222          -  355.54718      -   211 10457s

 171143 149513  642.35883  184  239          -  355.57518      -   211 10497s

 172196 149798  373.59755   70  357          -  355.57518      -   211 10525s

 172507 150592  415.09519   87  287          -  355.57518      -   211 10557s

 173379 150775  590.14378  169  237          -  355.58391      -   211 10602s

 173590 151868 infeasible  167               -  355.58391      -   211 10645s

 174852 152233  371.75440   47  204          -  355.58391      -   210 10675s

 175223 153320  381.10386   68  363          -  355.58391      -   210 10716s

 176423 153779  528.64779  132  171          -  355.58391      -   210 10750s

 176966 154041  377.26688   46  285          -  355.58391      -   210 10780s

 177238 155104  391.64369   66  286          -  355.58391      -   210 10817s

 178445 156270  467.17703  134  200          -  355.58391      -   210 10862s

 179740 156905 infeasible  291               -  355.58391      -   209 10922s

 180423 158634  370.33177   61  331          -  355.58391      -   209 10984s

 182386 158784  582.21973  161  196          -  355.58391      -   209 11013s

 182570 160027  571.70882  181  202          -  355.58391      -   209 11053s

 183920 160497  977.11263  231  128          -  355.58391      -   209 11092s

 184508 160762  376.45218   56  373          -  355.59858      -   209 11123s

 184870 161816  405.11913   79  241          -  355.59858      -   209 11169s

 185940 162263  543.08100  160  258          -  355.65990      -   209 11205s

 186521 162483  570.60847  180  233          -  355.65990      -   209 11248s

 186865 163389  680.50901  216  160          -  355.65990      -   209 11289s

 187945 163546  376.89585   65  390          -  355.66026      -   208 11314s

 188106 164730  422.93960   84  198          -  355.66026      -   208 11360s

 189422 165089  576.00749  134  185          -  355.66026      -   208 11388s

 189844 165801  728.41513  165  136          -  355.66026      -   208 11425s

 190634 165897  388.67000   43  185          -  355.66026      -   208 11470s

 190740 166873  394.65267   53  326          -  355.66026      -   208 11512s

 191838 167031  469.73611  131  225          -  355.66026      -   208 11543s

 192032 167391  531.04405  153  231          -  355.66026      -   208 11571s

 192410 168082 infeasible  196               -  355.66026      -   208 11612s

 193189 169071  378.24467   61  332          -  355.66026      -   208 11656s

 194248 169657  425.91481  108  223          -  355.66026      -   208 11721s

 194896 171335  559.79394  158  142          -  355.66026      -   208 11792s

 196882 171470  377.02859   78  357          -  355.69264      -   207 11828s

 197017 172384  381.21601   86  375          -  355.69264      -   207 11861s

 198046 172937  417.88034  127  267          -  355.69264      -   207 11896s

 198621 173378  537.08402  170  190          -  355.69264      -   207 11931s

 199149 174039  356.47051   35  389          -  355.69264      -   207 11974s

 199979 174291  385.99196   87  259          -  355.69264      -   207 12070s

 200233 174491  390.66733   88  258          -  355.69264      -   207 12109s

 200457 175863  417.16044   98  240          -  355.69265      -   207 12156s

 202030 176645  608.74491  236  173          -  355.69471      -   207 12197s

 202951 176863  369.89532   50  334          -  355.69471      -   207 12230s

 203259 177666  402.65646   67  253          -  355.69471      -   207 12267s

 204074 178077 infeasible  122               -  355.69471      -   207 12301s

 204544 179160  560.91248  151  174          -  355.69471      -   207 12347s

 205798 179568  365.78272   39  405          -  355.69548      -   206 12382s

 206287 180324  380.12616   53  348          -  355.69548      -   206 12440s

 207136 181103  423.09505  102  251          -  355.69548      -   206 12486s

 208007 181558  551.58309  181  173          -  355.69548      -   206 12521s

 208502 182375  584.40394  210  195          -  355.69548      -   206 12569s

 209499 183663  356.01757   43  290          -  355.69548      -   206 12646s

 210885 183779  498.86662   88  251          -  355.69548      -   206 12680s

 211008 184706  470.10378   96  171          -  355.69548      -   206 12719s

 211995 185046 infeasible  153               -  355.69548      -   206 12757s

 212418 185776  359.55205   40  392          -  355.69548      -   206 12796s

 213224 186172  371.06783   72  400          -  355.69548      -   206 12835s

 213709 186879  391.61253   91  276          -  355.69548      -   206 12868s

 214460 187825  678.19093  189  179          -  355.69548      -   206 12922s

 215541 188169  361.56457   53  408          -  355.69548      -   206 12957s

 215897 188687  382.10086   72  305          -  355.69548      -   206 12996s

 216480 189488  404.24845   95  253          -  355.69548      -   206 13048s

 217412 189957  563.63207  135  205          -  355.69548      -   206 13086s

 217913 190955  657.53312  182  173          -  355.69548      -   206 13130s

 219047 191387  383.72914   63  259          -  355.69548      -   206 13166s

 219517 192391  412.45440   92  230          -  355.69548      -   206 13218s

 220757 192405  363.77064   58  382          -  355.69548      -   206 13330s

 220778 192637  364.89052   59  396          -  355.69548      -   206 13360s

 221051 193063  391.64990   80  307          -  355.69548      -   206 13398s

 221547 193915  481.19474  109  218          -  355.69548      -   206 13440s

 222468 194489  751.56489  214  145          -  355.69548      -   206 13484s

 222825 194489  594.27444  159  181          -  355.69548      -   206 13485s

 223128 195445  401.11178   54  348          -  355.69548      -   206 13525s

 224248 196145  519.77934  129  251          -  355.71747      -   206 13603s

 225016 196708  625.65863  167  229          -  355.71747      -   206 13653s

 225605 198110  995.45046  204  209          -  355.71880      -   206 13729s

 227331 198364  386.00709   66  335          -  355.71880      -   206 13774s

 227599 199909  435.28727   82  298          -  355.71880      -   206 13842s

 229294 200637  550.92726  128  231          -  355.71880      -   205 13884s

 229654 200637  371.02745   44  341          -  355.71880      -   205 13885s

 230194 201021  716.02706  188  154          -  355.71880      -   205 13921s

 230603 201926  865.00490  212  145          -  355.71880      -   205 13963s

 231630 202185  380.60118   73  244          -  355.71880      -   205 13998s

 231925 203143  441.80175   92  178          -  355.71880      -   205 14030s

 233018 203288 1060.92223  244  132          -  355.71880      -   205 14069s

 233214 204156  364.70317   55  341          -  355.71880      -   205 14118s

 234193 204953  417.92976   97  370          -  355.71880      -   205 14160s

 235101 205191  568.98724  143  207          -  355.71880      -   205 14197s

 235393 205561  647.20857  171  193          -  355.71880      -   206 14234s

 235805 206343  806.35622  220  114          -  355.74328      -   206 14276s

 236760 206479  367.35547   68  392          -  355.75851      -   206 14311s

 236912 207337  370.67314   81  311          -  355.75851      -   206 14350s

 237834 207772  470.86323  136  186          -  355.75851      -   206 14388s

 238357 207958  661.42261  216  166          -  355.75851      -   206 14400s



Cutting planes:

  Learned: 7

  Gomory: 45

  Cover: 29

  Implied bound: 1200

  Projected implied bound: 11

  Clique: 105

  MIR: 79

  Mixing: 1

  StrongCG: 121

  Flow cover: 281

  GUB cover: 5

  Zero half: 248

  RLT: 2

  Relax-and-lift: 447



Explored 238590 nodes (49114134 simplex iterations) in 14400.57 seconds (10990.74 work units)

Thread count was 16 (of 16 available processors)



Solution count 0



Time limit reached

Best objective -, best bound 3.557700000000e+02, gap -



AMPL MP initial flat model has 20588 variables (0 integer, 20488 binary);

Objectives: 1 linear; 

Constraints:  3966 linear; 9 quadratic;



AMPL MP final model has 20588 variables (0 integer, 20488 binary);

Objectives: 1 linear; 

Constraints:  3966 linear; 9 quadratic;





-----RESULTS INFO-----
running_time:  14404.797
TC.best_bound:  355.77
TC:  0
MIP Gap (%):  35577
=== Vehicle Routes ===

=== Full Vehicle Routes ===
Vehicle 1: 0 → 0 (0<100)
Vehicle 2: 0 → 0 (0<100)
Vehicle 3: 0 → 0 (0<100)
Vehicle 4: 0 → 0 (0<100)
Vehicle 5: 0 → 0 (0<100)
Vehicle 6: 0 → 0 (0<100)
Vehicle 7: 0 → 0 (0<100)
Vehicle 8: 0 → 0 (0<100)
Vehicle 9: 0 → 0 (0<100)
Arc used by MRT line: y variables:
Customer assigment to PL: u variables:
22 69
27 67
28 67
31 64
32 62
33 61
34 67
35 64
39 70
Node is served by regular vehicle: g variables:
1
2
3
4
5
6
7
8
9
10
11
12
13
14
15
16
17
18
19
20
67
69
70
61
62
64
Customer assigment to Home delivery: gm variables:
1
2
3
4
5
6
7
8
9
10
11
12
13
14
15
16
17
18
19
20
Node total demands: ntd variables:
1 2 1
2 20 1
3 13 1
4 11 1
5 18 1
6 14 1
7 24 1
8 7 1
9 22 1
10 18 1
11 4 1
12 19 1
13 8 1
14 19 1
15 18 1
16 27 1
17 16 1
18 18 1
19 12 1
20 23 1
41 0 0
42 0 0
43 0 0
44 0 0
45 0 0
46 0 0
47 0 0
48 0 0
49 0 0
50 0 0
51 0 0
52 0 0
53 0 0
54 0 0
55 0 0
56 0 0
57 0 0
58 0 0
59 0 0
60 0 0
67 0 1
68 0 0
69 0 1
70 0 1
61 0 1
62 0 1
63 0 0
64 0 1
65 0 0
66 0 0
Customer's demand delivered to PL: l variables:
21
22
23
24
25
26
27
28
29
30
31
32
33
34
35
36
37
38
39
40
Lockers load <= capacity:
0 <= 93
0 <= 77
0 <= 78
0 <= 100
0 <= 85
0 <= 96
0 <= 89
0 <= 89
0 <= 100
0 <= 94
