Gurobi 12.0.3:   lim:time = 14400

  mip:bestbound = 1

Set parameter LogToConsole to value 1

  tech:outlev = 1

Set parameter Cuts to value 3

  cut:cuts = 3

Set parameter Presolve to value 2

  pre:solve = 2

Set parameter MIPFocus to value 2

  mip:focus = 2

Set parameter Symmetry to value 2

  mip:symmetry = 2

Set parameter InfUnbdInfo to value 1

Gurobi Optimizer version 12.0.3 build v12.0.3rc0 (win64 - Windows 10.0 (19045.2))



CPU model: Intel(R) Core(TM) i7-10700 CPU @ 2.90GHz, instruction set [SSE2|AVX|AVX2]

Thread count: 8 physical cores, 16 logical processors, using up to 16 threads



Non-default parameters:

TimeLimit  14400

MIPFocus  2

Symmetry  2

Cuts  3

InfUnbdInfo  1

Presolve  2



Optimize a model with 4240 rows, 22358 columns and 142465 nonzeros

Model fingerprint: 0x2d2867ce

Model has 9 quadratic constraints

Variable types: 104 continuous, 22254 integer (0 binary)

Coefficient statistics:

  Matrix range     [1e+00, 1e+05]

  QMatrix range    [1e+00, 1e+00]

  QLMatrix range   [2e+00, 2e+01]

  Objective range  [1e+00, 1e+02]

  Bounds range     [1e+00, 1e+02]

  RHS range        [1e+00, 1e+05]

  QRHS range       [1e+02, 1e+02]

Presolve removed 170 rows and 529 columns (presolve time = 5s)...

Presolve removed 169 rows and 528 columns

Presolve time: 8.51s

Presolved: 17904 rows, 35654 columns, 176829 nonzeros

Variable types: 52 continuous, 35602 integer (31264 binary)

Root relaxation presolve removed 1 rows and 1 columns

Root relaxation presolved: 15623 rows, 33373 columns, 331864 nonzeros



Deterministic concurrent LP optimizer: primal and dual simplex

Showing primal log only...





Root simplex log...



Iteration    Objective       Primal Inf.    Dual Inf.      Time

       0    1.4657200e+03   2.500977e+02   6.315079e+09     18s

Concurrent spin time: 0.07s



Solved with dual simplex



Root simplex log...



Iteration    Objective       Primal Inf.    Dual Inf.      Time

    1513    2.3243374e+02   0.000000e+00   0.000000e+00     18s



Root relaxation: objective 2.324337e+02, 1513 iterations, 0.57 seconds (0.60 work units)

Total elapsed time = 18.93s (DegenMoves)



    Nodes    |    Current Node    |     Objective Bounds      |     Work

 Expl Unexpl |  Obj  Depth IntInf | Incumbent    BestBd   Gap | It/Node Time



     0     0  232.43374    0  285          -  232.43374      -     -   19s

     0     0  277.31523    0  267          -  277.31523      -     -   24s

     0     0  277.31523    0  246          -  277.31523      -     -   24s

     0     0  277.31523    0  273          -  277.31523      -     -   25s

     0     0  277.31523    0  275          -  277.31523      -     -   25s

     0     0  277.31523    0  247          -  277.31523      -     -   27s

     0     0  278.11772    0  290          -  278.11772      -     -   28s

     0     0  284.35043    0  731          -  284.35043      -     -   29s

     0     0  285.44128    0  283          -  285.44128      -     -   30s

     0     0  285.56627    0  275          -  285.56627      -     -   30s

     0     0  295.14672    0  258          -  295.14672      -     -   33s

     0     0  298.47100    0  241          -  298.47100      -     -   34s

     0     0  298.47100    0  226          -  298.47100      -     -   34s

     0     0  301.04001    0  212          -  301.04001      -     -   37s

     0     0  301.07000    0  193          -  301.07000      -     -   37s

     0     0  301.07000    0  243          -  301.07000      -     -   40s

     0     0  301.07000    0  224          -  301.07000      -     -   41s

     0     0  301.10544    0  735          -  301.10544      -     -   43s

     0     0  301.10544    0  735          -  301.10544      -     -   44s

     0     2  301.10550    0  735          -  301.10550      -     -   48s

     7    16  301.12133    3  299          -  301.12133      -   625   50s

   108   129  304.99139   11  260          -  301.12133      -   419   55s

   508   546  315.30836   79  188          -  301.12133      -   189   60s

   846   854  324.07349  149  222          -  301.12133      -   153   65s

  1257  1224  327.05234   10  214          -  301.12919      -   133   70s

  1566  1504  337.54562   29  195          -  301.24616      -   135   75s

  1821  1696  351.57192   33  183          -  301.26996      -   134   80s

  2111  1891  363.08486   47 7812          -  301.26996      -   129   94s

  2113  1892  329.61571   12  387          -  301.26996      -   129  109s

  2114  1893  317.26133   28  312          -  301.26996      -   129  122s

  2115  1894  316.27415  129  282          -  301.26996      -   129  131s

  2116  1894  386.83444   48  305          -  301.26996      -   129  144s

  2117  1895  356.92605   84  389          -  301.26996      -   129  152s

  2118  1896  330.58782    9  396          -  301.26996      -   129  159s

  2119  1896  387.22306   48  414          -  301.26996      -   129  165s

  2120  1897  621.16595  166  426          -  301.27116      -   129  172s

  2121  1898  328.84050  143  423          -  301.35308      -   129  187s

  2122  1898  352.19137   31  421          -  301.37685      -   129  193s

  2123  1899  353.88148   58  406          -  301.40609      -   129  200s

  2124  1900  358.73151    7  429          -  301.41266      -   128  207s

  2125  1900  521.84196  152  427          -  301.41755      -   128  219s

  2126  1901  337.36963   29  421          -  301.41755      -   128  229s

  2127  1902  330.58782    9  398          -  301.41755      -   128  244s

  2128  1902  502.10049  148  415          -  301.41755      -   128  259s

  2129  1903  382.08492   40  401          -  301.41755      -   128  274s

  2130  1904  326.34902  198  410          -  301.41755      -   128  284s

H 2130  1808                    1951.4100000  301.43736  84.6%   128  292s

H 2130  1717                    1951.4000000  301.43736  84.6%   128  292s

H 2130  1631                    1947.7200000  301.43736  84.5%   128  292s

  2132  1632  310.76551   21  422 1947.72000  301.45876  84.5%   128  295s

H 2133  1551                    1930.7600000  301.46265  84.4%   128  302s

  2135  1552  310.76551   21  403 1930.76000  301.46293  84.4%   128  305s

H 2135  1474                    1755.3400000  301.46524  82.8%   128  308s

H 2135  1400                    1751.1700000  301.46524  82.8%   128  308s

H 2135  1329                    1631.8600000  301.46535  81.5%   128  309s

H 2135  1263                    1556.3700000  301.46535  80.6%   128  309s

H 2135  1199                    1554.7000000  301.46535  80.6%   128  309s

  2137  1200  483.18059  120  421 1554.70000  301.48340  80.6%   128  322s

  2138  1201  605.93557  152  535 1554.70000  301.50710  80.6%   128  328s

H 2138  1141                    1553.2000000  301.50777  80.6%   128  333s

H 2138  1083                    1535.8700000  301.50777  80.4%   128  333s

  2140  1084  401.59617   58  474 1535.87000  301.51788  80.4%   128  338s

  2141  1085  402.34635   84  491 1535.87000  301.51802  80.4%   127  343s

  2142  1086  353.50424   48  477 1535.87000  301.59170  80.4%   127  349s

  2143  1086  333.29997    8  493 1535.87000  301.74421  80.4%   127  359s

H 2143  1031                    1522.2800000  302.70105  80.1%   127  374s

  2145  1033  329.61571   12  472 1522.28000  303.51641  80.1%   127  390s

  2146  1033  328.14551    8  511 1522.28000  306.26709  79.9%   127  395s

  2147  1034  352.60469   36  408 1522.28000  306.39695  79.9%   127  408s

H 2147   982                    1513.5000000  306.69403  79.7%   127  411s

  2150   984  317.00865  112  532 1513.50000  306.76019  79.7%   127  431s

H 2151   935                    1495.0600000  306.76019  79.5%   127  437s

H 2151   887                    1494.9700000  306.76019  79.5%   127  437s

  2154   889  306.76865   17  504 1494.97000  306.76865  79.5%   127  444s

  2155   889  315.21100   21  454 1494.97000  306.76865  79.5%   127  458s

  2156   890  365.01937   28  431 1494.97000  306.90509  79.5%   127  462s

  2157   891  417.43262  105  431 1494.97000  307.07234  79.5%   127  465s

  2159   892  326.90559   49  473 1494.97000  307.23720  79.4%   126  479s

H 2159   847                    1485.5100000  307.25276  79.3%   126  482s

H 2159   804                    1467.3900000  307.25276  79.1%   126  482s

  2161   805  355.47821   95  482 1467.39000  307.25415  79.1%   126  495s

  2163   807  486.97742  124  475 1467.39000  307.46020  79.0%   126  501s

  2165   808  521.82972  151  552 1467.39000  307.82321  79.0%   126  520s

  2167   809  344.91323   58  474 1467.39000  308.01501  79.0%   126  525s

H 2167   767                    1443.7800000  308.01786  78.7%   126  528s

  2169   769  544.39969   94  441 1443.78000  308.03885  78.7%   126  540s

  2171   770  327.19500  153  508 1443.78000  308.18970  78.7%   126  555s

  2172   771  327.08000  196  548 1443.78000  308.19572  78.7%   126  570s

  2173   771  334.10957  209  571 1443.78000  308.19572  78.7%   126  583s

  2174   772  316.09774  110  612 1443.78000  308.29033  78.6%   126  599s

  2175   773  499.70858  120  623 1443.78000  308.29958  78.6%   125  601s

H 2175   734                    1439.1900000  308.38659  78.6%   125  604s

  2177   735  363.14536   22  606 1439.19000  308.39942  78.6%   125  622s

  2178   736  311.28448   25  597 1439.19000  308.40233  78.6%   125  636s

  2179   736  355.87271   64  614 1439.19000  308.40585  78.6%   125  650s

H 2179   698                    1434.5500000  308.40918  78.5%   125  667s

  2181   700  317.36619   24  612 1434.55000  308.40918  78.5%   125  683s

  2182   700  325.63689  197  636 1434.55000  308.41387  78.5%   125  698s

  2183   701  314.19000   50  646 1434.55000  308.63406  78.5%   125  710s

  2184   702  326.90559   32  543 1434.55000  309.89494  78.4%   125  729s

  2185   702  522.37665  124  685 1434.55000  309.89494  78.4%   125  730s

H 2187   667                    1432.8800000  310.39722  78.3%   125  739s

  2188   667  369.66915   47  628 1432.88000  310.39722  78.3%   125  740s

  2190   669  362.72196   76  624 1432.88000  310.88003  78.3%   125  757s

  2195   673  353.78812   44 7812 1432.88000  310.97229  78.3%   171  767s

  2197   674  316.22248  105  416 1432.88000  310.97229  78.3%   171  775s

  2199   676  323.24000   91  368 1432.88000  310.97229  78.3%   170  783s

  2200   676  391.20700   55  504 1432.88000  310.97229  78.3%   170  805s

H 2200   642                    1418.7000000  310.97229  78.1%   170  807s

H 2200   609                    1413.9800000  310.97229  78.0%   170  807s

H 2200   579                    1386.4300000  310.97229  77.6%   170  807s

H 2200   550                    1380.2100000  310.97229  77.5%   170  807s

  2201   551  377.03304  170  603 1380.21000  310.97229  77.5%   170  815s

  2202   552  528.73682   88  726 1380.21000  310.97229  77.5%   170  836s

  2203   552  379.92954   89  476 1380.21000  311.46338  77.4%   170  860s

H 2203   524                    1368.4200000  311.46338  77.2%   170  873s

H 2203   498                    1368.1200000  311.46338  77.2%   170  873s

H 2204   473                    1353.4700000  311.46338  77.0%   170  887s

H 2204   450                    1349.4700000  311.46338  76.9%   170  887s

H 2204   427                    1349.1500000  311.46338  76.9%   170  887s

H 2204   405                    1346.9100000  311.46338  76.9%   170  887s

H 2204   385                    1344.3300000  311.46338  76.8%   170  887s

H 2204   366                    1334.9300000  311.46338  76.7%   170  887s

H 2204   347                    1332.9500000  311.46338  76.6%   170  887s

H 2204   330                    1332.9400000  311.46338  76.6%   170  887s

H 2205   314                    1332.3300000  311.46338  76.6%   170  907s

H 2205   298                    1330.9700000  311.46338  76.6%   170  907s

  2207   299  518.24371  128  465 1330.97000  312.17707  76.5%   170  916s

H 2207   284                    1315.6700000  312.17707  76.3%   170  925s

  2210   286  362.02780   34  879 1315.67000  312.17707  76.3%   170  930s

  2211   287  363.08486   47  893 1315.67000  312.17707  76.3%   170  950s

  2212   287  374.20266   47  905 1315.67000  314.99127  76.1%   169  961s

H 2212   272                    1303.7200000  314.99127  75.8%   169  986s

  2214   274  317.26133   28  928 1303.72000  314.99127  75.8%   169  995s

  2215   274  316.27415  129  936 1303.72000  314.99127  75.8%   169 1020s

  2216   275  386.83444   48  319 1303.72000  314.99127  75.8%   169 1028s

  2217   276  356.92605   84  857 1303.72000  315.00083  75.8%   169 1050s

  2218   276  330.58782    9  956 1303.72000  315.00083  75.8%   169 1059s

  2219   277  387.22306   48  928 1303.72000  315.00083  75.8%   169 1067s

  2220   278  621.16595  166  973 1303.72000  315.00083  75.8%   169 1090s

  2222   279  352.19137   31 1013 1303.72000  315.00083  75.8%   169 1118s

  2223   280  353.88148   58  507 1303.72000  315.00083  75.8%   169 1128s

  2226   282  337.36963   29  933 1303.72000  315.00083  75.8%   168 1131s

  2228   283  502.10049  148  955 1303.72000  315.21103  75.8%   168 1155s

  2229   284  382.08492   40  901 1303.72000  315.21103  75.8%   168 1185s

  2230   284  326.34902  198  899 1303.72000  315.21103  75.8%   168 1195s

H 2230   269                    1299.3600000  315.21103  75.7%   168 1216s

  2234   272  469.37189  103  949 1299.36000  315.21103  75.7%   168 1226s

  2235   273  315.21103   21  943 1299.36000  315.21103  75.7%   168 1251s

  2237   274  483.18059  120  958 1299.36000  315.21103  75.7%   168 1276s

  2238   275  605.93557  152  872 1299.36000  315.21103  75.7%   167 1287s

  2239   275  332.49650   23  426 1299.36000  315.21103  75.7%   167 1297s

  2240   276  401.59617   58  467 1299.36000  315.21103  75.7%   167 1321s

  2244   279  325.50939   17  462 1299.36000  315.21103  75.7%   167 1329s

  2245   279  329.61571   12  441 1299.36000  315.21103  75.7%   167 1348s

  2246   280  328.14551    8  474 1299.36000  315.21103  75.7%   167 1352s

  2247   281  352.60469   36  483 1299.36000  315.21103  75.7%   167 1355s

  2250   283  317.00865  112  519 1299.36000  315.21103  75.7%   167 1375s

  2251   283  322.58014    6  536 1299.36000  315.21103  75.7%   167 1394s

  2253   285  361.99176   35  490 1299.36000  315.21103  75.7%   166 1420s

  2254   285  315.21103   17  436 1299.36000  315.21103  75.7%   166 1425s

  2256   287  365.01937   28  424 1299.36000  315.21103  75.7%   166 1432s

H 2256   272                    1291.7500000  315.21103  75.6%   166 1449s

H 2257   257                    1282.5400000  315.21103  75.4%   166 1452s

  2259   259  326.90559   49  475 1282.54000  315.21103  75.4%   166 1456s

  2260   259  332.92406   50  422 1282.54000  315.21103  75.4%   166 1460s

  2265   263  521.82972  151  430 1282.54000  315.21103  75.4%   165 1467s

  2266   263  347.29230   57  480 1282.54000  315.21103  75.4%   165 1482s

  2267   264  344.91323   58  435 1282.54000  315.21103  75.4%   165 1486s

H 2267   250                    1270.4200000  315.21103  75.2%   165 1486s

H 2267   236                    1258.8800000  315.21103  75.0%   165 1486s

H 2268   224                    1258.6500000  315.21103  75.0%   165 1487s

H 2268   212                    1247.1100000  315.21103  74.7%   165 1487s

H 2268   200                    1236.4200000  315.21103  74.5%   165 1502s

  2270   201  328.32660   16  450 1236.42000  315.21103  74.5%   165 1527s

H 2271   190                    1221.3400000  315.21103  74.2%   165 1547s

  2273   191  334.10957  209  456 1221.34000  315.21103  74.2%   165 1551s

  2274   192  316.09774  110  496 1221.34000  315.21103  74.2%   165 1555s

  2277   194  363.14536   22  533 1221.34000  315.21103  74.2%   165 1561s

H 2278   183                    1219.5300000  315.21103  74.2%   165 1567s

  2280   185  352.76245   42  509 1219.53000  315.21103  74.2%   164 1570s

  2282   186  325.63689  197  523 1219.53000  315.21103  74.2%   164 1575s

  2284   187  326.90559   32  520 1219.53000  315.21135  74.2%   164 1591s

  2285   188  522.37665  124  518 1219.53000  315.21135  74.2%   164 1611s

  2286   189  319.39708   13  460 1219.53000  315.21135  74.2%   164 1616s

  2288   190  369.66915   47  472 1219.53000  315.21135  74.2%   164 1622s

  2290   191  362.72196   76  492 1219.53000  315.21135  74.2%   164 1646s

  2291   192  315.21135   13  514 1219.53000  315.21135  74.2%   164 1650s

  2292   193  836.57855  189  523 1219.53000  315.21135  74.2%   164 1668s

  2293   193  315.21135   11  480 1219.53000  315.21135  74.2%   163 1681s

  2294   194  374.15046   35  480 1219.53000  315.21135  74.2%   163 1693s

  2295   198  315.21135   25  422 1219.53000  315.21135  74.2%   233 1706s

  2301   208  315.21135   27  461 1219.53000  315.21135  74.2%   236 1717s

  2309   213  315.21135   28  266 1219.53000  315.21135  74.2%   243 1721s

  2317   226  315.87708   29  581 1219.53000  315.21135  74.2%   250 1727s

  2333   229  315.95504   30  485 1219.53000  315.21135  74.2%   257 1731s

  2341   238  317.06699   31  468 1219.53000  315.21135  74.2%   260 1735s

  2353   250  328.69498   31  379 1219.53000  315.21135  74.2%   264 1740s

  2377   258  321.32210   32  331 1219.53000  315.21135  74.2%   271 1764s

  2385   266  318.14227   33  360 1219.53000  315.21135  74.2%   274 1768s

H 2389   253                    1201.8100000  315.21135  73.8%   275 1768s

  2395   278  338.16126   33  348 1201.81000  315.21135  73.8%   276 1773s

  2422   277  319.00978   35  453 1201.81000  315.21135  73.8%   284 1778s

  2430   283  319.27512   35  478 1201.81000  315.21135  73.8%   286 1781s

  2438   290  319.97864   36  457 1201.81000  315.21135  73.8%   287 1785s

  2457   301  320.05841   37  450 1201.81000  315.21135  73.8%   293 1792s

  2465   306  327.45629   37  423 1201.81000  315.21135  73.8%   294 1795s

  2481   317  320.29529   38  421 1201.81000  315.21135  73.8%   296 1803s

  2489   322  321.30161   39  417 1201.81000  315.21135  73.8%   299 1806s

  2505   333  321.45098   40  476 1201.81000  315.21135  73.8%   301 1813s

H 2506   321                    1196.2100000  315.21135  73.6%   301 1813s

  2513   327  324.57350   40  290 1196.21000  315.21135  73.6%   302 1817s

  2521   332  322.98311   41  328 1196.21000  315.21135  73.6%   303 1821s

  2531   339  327.17520   41  292 1196.21000  315.21135  73.6%   305 1825s

  2541   344  323.26149   42  356 1196.21000  315.21135  73.6%   308 1830s

  2549   347  342.99471   42  331 1196.21000  315.21135  73.6%   308 1835s

  2557   356  323.44236   43  344 1196.21000  315.21135  73.6%   310 1840s

  2570   366  330.80851   43  374 1196.21000  315.21135  73.6%   311 1846s

  2586   374  324.51564   44  372 1196.21000  315.21135  73.6%   313 1851s

  2600   386  334.96715   44  355 1196.21000  315.21135  73.6%   315 1856s

H 2616   371                    1187.4200000  315.21135  73.5%   316 1856s

  2617   404  324.57711   45  371 1187.42000  315.21135  73.5%   316 1862s

  2655   428  325.10567   47  371 1187.42000  315.21135  73.5%   322 1869s

  2695   430  328.53555   49  377 1187.42000  315.21135  73.5%   328 1875s

  2711   440  325.86754   50  362 1187.42000  315.21135  73.5%   330 1881s

  2730   452  370.14888   50  335 1187.42000  315.21135  73.5%   336 1888s

  2752   463  325.93674   51  445 1187.42000  315.21135  73.5%   339 1895s

  2780   462  342.44793   51  248 1187.42000  315.21135  73.5%   340 1901s

H 2782   462                    1185.2500000  315.21135  73.4%   341 1901s

H 2785   462                    1180.7000000  315.21135  73.3%   341 1901s

  2788   504  325.93860   52  402 1180.70000  315.21135  73.3%   341 1909s

  2830   540  373.07996   55  296 1180.70000  315.21135  73.3%   348 1917s

  2873   548  354.62236   57  213 1180.70000  315.21135  73.3%   355 1925s

  2881   554  354.62236   57  196 1180.70000  315.21135  73.3%   356 1932s

  2889   561  354.62236   58  193 1180.70000  315.21135  73.3%   357 1939s

  2898   565  354.62432   58  216 1180.70000  315.21135  73.3%   357 1953s

H 2909   580                    1166.5000000  315.21135  73.0%   358 1961s

  2925   629  356.36491   59  227 1166.50000  315.21135  73.0%   362 1970s

  2980   644  354.66894   63  231 1166.50000  315.21135  73.0%   370 1979s

  2997   673  354.67814   64  274 1166.50000  315.21135  73.0%   372 1989s

  3027   708  362.69452   64  219 1166.50000  315.21135  73.0%   376 1998s

  3065   748  354.67814   65  279 1166.50000  315.21135  73.0%   378 2008s

  3111   788  354.74321   70  296 1166.50000  315.21135  73.0%   383 2018s

  3161   831 infeasible   75      1166.50000  315.21135  73.0%   386 2031s

  3215   908  358.14445   82  222 1166.50000  315.21135  73.0%   391 2050s

  3300   975  361.29543   89  209 1166.50000  315.21135  73.0%   399 2062s

  3383  1057  374.83986   96  185 1166.50000  315.21135  73.0%   404 2076s

  3488  1130  379.76275  105  239 1166.50000  315.21135  73.0%   408 2095s

  3609  1260  379.78859  113  241 1166.50000  315.21135  73.0%   414 2109s

  3741  1389  409.44293  120  196 1166.50000  315.21135  73.0%   415 2120s

  3873  1518  416.56195  126  265 1166.50000  315.21135  73.0%   415 2136s

  4019  1539  429.91863  135  266 1166.50000  315.21135  73.0%   417 2151s

  4051  1616  430.23268  135  245 1166.50000  315.21135  73.0%   418 2166s

  4144  1739  441.14125  142  299 1166.50000  315.21135  73.0%   421 2180s

  4285  1828  510.20904  156  255 1166.50000  315.21135  73.0%   422 2202s

  4471  1938  316.98280   33  868 1166.50000  315.21383  73.0%   424 2219s

  4584  2019  330.82476   39  294 1166.50000  315.21383  73.0%   430 2235s

  4665  2185  349.74798   46  230 1166.50000  315.21383  73.0%   432 2251s

  4832  2340  354.82557   59  222 1166.50000  315.21383  73.0%   428 2268s

  5001  2544  370.56775   68  250 1166.50000  315.21383  73.0%   426 2286s

  5227  2703  392.25384   87  266 1166.50000  315.21383  73.0%   422 2307s

  5428  2870  433.87329   97  223 1166.50000  315.21383  73.0%   423 2328s

  5620  2962 infeasible  100      1166.50000  315.21383  73.0%   428 2347s

  5786  3127  315.21769   35  272 1166.50000  315.21383  73.0%   427 2370s

  5986  3356  315.22529   45  202 1166.50000  315.21383  73.0%   428 2394s

H 6226  3366                    1163.2700000  315.21383  72.9%   429 2414s

  6236  3408  363.22064   63  323 1163.27000  315.21383  72.9%   430 2433s

  6288  3539  493.44090   76  230 1163.27000  315.21383  72.9%   430 2455s

  6436  3709  510.17419  104  226 1163.27000  315.21383  72.9%   429 2478s

  6615  3894  599.31541  122  159 1163.27000  315.21383  72.9%   427 2500s

  6809  4173  510.21204  141  215 1163.27000  315.21383  72.9%   425 2526s

  7168  4448  510.22818  151  229 1163.27000  315.21383  72.9%   418 2552s

  7522  4661  510.23283  161  254 1163.27000  315.21383  72.9%   419 2579s

H 7714  4661                    1163.2200000  315.21383  72.9%   417 2579s

H 7782  4661                    1163.2100000  315.21383  72.9%   415 2579s

  7808  4961  510.23831  167  224 1163.21000  315.21383  72.9%   415 2609s

  8178  5656  548.45427  188  228 1163.21000  315.21383  72.9%   414 2637s

H 8439  5656                    1162.6300000  315.21383  72.9%   409 2637s

  9015  6138 infeasible  258      1162.63000  315.21383  72.9%   395 2666s

  9575  7160  349.64682   96  213 1162.63000  315.21493  72.9%   386 2702s

 10736  7168  666.25345  211  180 1162.63000  315.21643  72.9%   363 2726s

 10744  7422 infeasible  212      1162.63000  315.21643  72.9%   363 2753s

 11043  7793  352.21887   51  280 1162.63000  315.21643  72.9%   360 2783s

 11516  8758  509.38581   86  249 1162.63000  315.21643  72.9%   356 2816s

 12559  9330  327.56714   49  221 1162.63000  315.21643  72.9%   346 2847s

 13191 10735  457.76860  104  257 1162.63000  315.21643  72.9%   339 2882s

 14768 12961  324.65975   52  206 1162.63000  315.21937  72.9%   319 2933s

 17199 12967 infeasible  245      1162.63000  315.21937  72.9%   294 2943s

 17209 12975  929.18563  247  147 1162.63000  315.22017  72.9%   294 2951s

 17217 12982  920.30012  249  155 1162.63000  315.22017  72.9%   294 2959s

 17225 13005  852.20560  248  124 1162.63000  315.22017  72.9%   294 2968s

 17252 13045 1045.00726  250  139 1162.63000  315.22017  72.9%   294 2978s

 17315 13135  329.99902   46  271 1162.63000  315.22017  72.9%   294 2988s

 17419 13268  377.45156   59  285 1162.63000  315.22017  72.9%   293 2999s

 17552 13411  484.11316   86  211 1162.63000  315.22017  72.9%   292 3012s

H17669 13409                    1153.8100000  315.22017  72.7%   291 3012s

 17697 13460  635.20200  109  237 1153.81000  315.22017  72.7%   291 3022s

 17753 13468  687.36263  116  219 1153.81000  315.22017  72.7%   290 3034s

 17761 13476  800.13837  117  224 1153.81000  315.22017  72.7%   290 3046s

 17769 13484  800.67235  118  217 1153.81000  315.22017  72.7%   290 3057s

 17777 13524  801.39617  119  221 1153.81000  315.22017  72.7%   290 3070s

 17852 13696  801.78549  120  226 1153.81000  315.22017  72.7%   289 3085s

 18063 14000  846.99399  123  194 1153.81000  315.22017  72.7%   289 3102s

 18434 14588  325.13620   62  207 1153.81000  315.22017  72.7%   287 3122s

 19063 14998  467.21077   94  194 1153.81000  315.22017  72.7%   283 3140s

H19080 14988                    1142.3200000  315.22017  72.4%   282 3140s

 19543 15373  487.55607  104  200 1142.32000  315.22017  72.4%   279 3161s

 19993 16015  342.98192   53  338 1142.32000  315.22104  72.4%   278 3188s

 20823 16111  362.46896   51  234 1142.32000  315.22104  72.4%   277 3209s

 20939 16758  386.43261   58  256 1142.32000  315.22104  72.4%   277 3234s

 21605 18174  684.07617  115  157 1142.32000  315.22104  72.4%   274 3263s

 23274 18781  467.97870   82  245 1142.32000  315.22388  72.4%   264 3287s

 23928 18789  802.93584  181  213 1142.32000  315.22388  72.4%   262 3306s

 23936 18906  818.80719  182  218 1142.32000  315.22388  72.4%   262 3328s

 24103 19098  820.48837  183  202 1142.32000  315.22388  72.4%   261 3351s

 24295 19754  946.96754  244  196 1142.32000  315.22388  72.4%   261 3375s

 25023 19973 infeasible  126      1142.32000  315.22388  72.4%   258 3400s

 25283 20898  625.20645   63  261 1142.32000  315.22418  72.4%   258 3427s

 26309 21204 infeasible   84      1142.32000  315.22418  72.4%   256 3452s

 26655 21974  827.04027  143  206 1142.32000  315.22418  72.4%   256 3481s

 27598 22410  414.47064   54  250 1142.32000  315.22473  72.4%   257 3509s

 28063 23534  509.55999   64  246 1142.32000  315.22473  72.4%   259 3538s

 29590 24420  547.18845  100  172 1142.32000  315.22727  72.4%   255 3603s

 30611 26060  675.04583  122  192 1142.32000  315.22859  72.4%   256 3654s

 32641 26869  337.35361   62  265 1142.32000  315.25475  72.4%   253 3679s

 33612 26876  525.11698  151  158 1142.32000  315.27449  72.4%   251 3703s

 33621 26893  529.48455  152  174 1142.32000  315.27449  72.4%   251 3725s

 33646 26901  531.80283  153  133 1142.32000  315.27449  72.4%   251 3744s

 33654 26925  531.80283  154  136 1142.32000  315.27449  72.4%   251 3767s

 33688 27085  534.10920  155  169 1142.32000  315.27449  72.4%   251 3791s

 33849 27314  534.48283  156  143 1142.32000  315.27449  72.4%   251 3815s

 34098 27705  672.81260  214  206 1142.32000  315.27449  72.4%   250 3844s

 34532 28205  324.72390   52  375 1142.32000  315.27449  72.4%   249 3871s

 35143 29148  623.95207   99  183 1142.32000  315.32159  72.4%   249 3908s

 36382 30578  346.75451   65  198 1142.32000  315.37395  72.4%   248 3957s

 38130 30570 infeasible   96      1142.32000  315.39298  72.4%   244 4000s

 38154 30578  322.93688   75  249 1142.32000  315.39298  72.4%   244 4036s

H38162 30604                    1138.8000000  315.39298  72.3%   244 4073s

 38197 30902  327.09207   77  280 1138.80000  315.39483  72.3%   244 4111s

 38525 30958  341.76329   51  241 1138.80000  315.39483  72.3%   244 4150s

 38597 31170  342.17688   52  260 1138.80000  315.39483  72.3%   244 4192s

 38824 31659  509.75638   85  196 1138.80000  315.43002  72.3%   244 4235s

 39340 32809  416.00050   60  196 1138.80000  315.43002  72.3%   243 4277s

 40662 34562  370.15721   69  193 1138.80000  315.44645  72.3%   240 4319s

 42587 34898  472.31695   81  168 1138.80000  315.44808  72.3%   235 4355s

 42978 35883  905.48435  144  227 1138.80000  315.44808  72.3%   235 4392s

 44278 37089  322.12619   42  284 1138.80000  315.51240  72.3%   234 4493s

 45786 37424  552.33194   71  178 1138.80000  315.51240  72.3%   235 4538s

 46201 37501  484.35588   57  171 1138.80000  315.61678  72.3%   236 4588s

 46281 37509  512.46663   67  195 1138.80000  315.61678  72.3%   236 4637s

 46289 37569  520.55741   68  183 1138.80000  315.61678  72.3%   236 4690s

 46349 38099  520.69775   69  205 1138.80000  315.62372  72.3%   236 4753s

 47015 38197  352.64304   57  325 1138.80000  315.62557  72.3%   236 4811s

 47113 38479  380.54164   64  292 1138.80000  315.62557  72.3%   236 4884s

 47395 39196  600.84326  129  205 1138.80000  315.62557  72.3%   236 4960s

 48185 41578  740.30305  278  208 1138.80000  315.62557  72.3%   235 5056s

 50819 41842  567.03094  111  219 1138.80000  315.69129  72.3%   231 5105s

 51136 43515  640.28811  134  194 1138.80000  315.69129  72.3%   232 5170s

 53000 43809 infeasible  105      1138.80000  315.74779  72.3%   229 5204s

 53320 45241  349.30443   58  230 1138.80000  315.74779  72.3%   229 5257s

 54863 45603  889.19541  309  217 1138.80000  315.74779  72.3%   228 5309s

 55301 46772  332.61980   56  350 1138.80000  315.74779  72.3%   228 5359s

 56520 47697  419.28607   86  272 1138.80000  315.74779  72.3%   227 5409s

 57591 48072 infeasible  209      1138.80000  315.74779  72.3%   226 5448s

 58065 49543  329.29818   72  307 1138.80000  315.86408  72.3%   226 5489s

 59656 50277 infeasible  359      1138.80000  315.86408  72.3%   224 5576s

 60512 52176  691.05742  180  199 1138.80000  315.98922  72.3%   225 5660s

 62736 52179  341.36395   47  375 1138.80000  316.00204  72.3%   222 5701s

H62749 52112                    1121.6800000  316.00204  71.8%   222 5734s

 62757 52120  343.02299   49  361 1121.68000  316.00204  71.8%   222 5766s

H62758 52113                    1120.2800000  316.00204  71.8%   222 5766s

H62762 52111                    1120.0400000  316.00204  71.8%   222 5766s

 62765 52479  346.56261   50  301 1120.04000  316.00204  71.8%   222 5803s

 63206 52810  524.22675   86  277 1120.04000  316.00204  71.8%   222 5838s

 63542 53868  639.44125  142  205 1120.04000  316.00204  71.8%   222 5891s

 64823 53876  401.40807   67  279 1120.04000  316.00204  71.8%   221 5930s

 64831 54044  401.46292   68  283 1120.04000  316.00204  71.8%   221 5967s

 65024 54497  401.56453   69  280 1120.04000  316.00204  71.8%   221 6009s

 65563 55742  456.28226  108  275 1120.04000  316.03976  71.8%   221 6058s

 66993 57004  333.04065   58  393 1120.04000  316.05845  71.8%   219 6106s

 68302 57440  535.84483  240  236 1120.04000  316.05845  71.8%   218 6141s

 68826 57448  972.05114  323  207 1120.04000  316.05845  71.8%   218 6187s

 68834 57455  974.99961  324  176 1120.04000  316.05845  71.8%   218 6221s

 68842 57462  975.05055  325  172 1120.04000  316.05845  71.8%   218 6254s

H68850 57438                    1116.5200000  316.05845  71.7%   218 6286s

 68859 57831  979.47897  327  174 1116.52000  316.05845  71.7%   218 6329s

 69286 57831  316.60237   51  383 1116.52000  316.06219  71.7%   218 6330s

 69311 57839  374.67313   59  233 1116.52000  316.06219  71.7%   218 6362s

 69319 57876  379.64973   60  213 1116.52000  316.06219  71.7%   218 6389s

 69356 57991  382.92192   61  252 1116.52000  316.06219  71.7%   218 6424s

 69508 58346  408.77778   71  283 1116.52000  316.06219  71.7%   218 6463s

 69903 58521  568.54202  133  153 1116.52000  316.06219  71.7%   218 6499s

 70099 58937  578.78414  137  195 1116.52000  316.06219  71.7%   217 6531s

 70531 60211  318.16699   61  265 1116.52000  316.07181  71.7%   217 6582s

 71958 61135  319.47009   47  457 1116.52000  316.10842  71.7%   216 6633s

 73001 62558  574.29706  154  179 1116.52000  316.10842  71.7%   216 6692s

 74564 63139  334.07808   46  254 1116.52000  316.17621  71.7%   214 6776s

 75262 65765  342.10984   70  228 1116.52000  316.17621  71.7%   215 6874s

 76034 65765  316.35826   50  217 1116.52000  316.18077  71.7%   214 6875s

 78373 66100  618.21723  203  178 1116.52000  316.19581  71.7%   213 6907s

 78840 66386  342.09750   55  312 1116.52000  316.20155  71.7%   213 6937s

 79164 67857  439.07508   80  176 1116.52000  316.20155  71.7%   213 6981s

 80751 68367  975.23021  281  171 1116.52000  316.20155  71.7%   210 7021s

 81369 69184  354.55213   62  350 1116.52000  316.21378  71.7%   210 7056s

 82234 69504  525.54157  135  176 1116.52000  316.21378  71.7%   210 7085s

 82600 70603  592.28422  181  224 1116.52000  316.21378  71.7%   210 7124s

 83784 71456  904.29219  397  180 1116.52000  316.21378  71.7%   209 7160s

 84770 71769  412.11302   78  162 1116.52000  316.29208  71.7%   208 7193s

 85156 72638  322.73305   61  292 1116.52000  316.29208  71.7%   208 7227s

 86083 73671  464.16340  111  257 1116.52000  316.29208  71.7%   207 7255s

 87158 74406 infeasible  225      1116.52000  316.29208  71.7%   207 7286s

 87951 74414  322.88943   60  441 1116.52000  316.29208  71.7%   206 7316s

 87959 74541  322.89086   61  439 1116.52000  316.29208  71.7%   206 7340s

 88086 74619  343.66418   61  296 1116.52000  316.29208  71.7%   206 7369s

 88211 74692  322.92776   62  450 1116.52000  316.29208  71.7%   206 7398s

 88286 74795  323.38682   66  385 1116.52000  316.29208  71.7%   206 7430s

 88389 75142  330.43562   75  372 1116.52000  316.29208  71.7%   206 7462s

 88755 75885  346.14851   86  265 1116.52000  316.29208  71.7%   206 7497s

 89583 76673  418.11418  132  212 1116.52000  316.29208  71.7%   205 7586s

 90451 77187  441.59652  165  195 1116.52000  316.39331  71.7%   205 7646s

 91026 78594  452.15665  190  221 1116.52000  316.46507  71.7%   205 7721s

 92743 78864  324.93759   58  270 1116.52000  316.56542  71.6%   205 7805s

 93058 79419  405.10730   66  244 1116.52000  316.59082  71.6%   207 7865s

 93698 80841  396.23923   53  290 1116.52000  316.59213  71.6%   207 7930s

 95608 81279 infeasible   88      1116.52000  316.60489  71.6%   207 7973s

 96126 82798  804.50232  146  184 1116.52000  316.61649  71.6%   207 8020s

 97909 83973  707.91399  177  184 1116.52000  316.64416  71.6%   206 8062s

 99168 84528  352.28181   64  249 1116.52000  316.64416  71.6%   205 8093s

 99756 86136  395.82284   79  243 1116.52000  316.64416  71.6%   205 8144s

 101475 87749  701.78661  202  255 1116.52000  316.65366  71.6%   203 8174s

 103186 87931  342.09991   51  224 1116.52000  316.65366  71.6%   202 8206s

 103368 87939  370.32483   72  198 1116.52000  316.65366  71.6%   202 8235s

 103376 87947  379.58432   73  209 1116.52000  316.65366  71.6%   202 8266s

 103384 87955  393.09883   74  200 1116.52000  316.65366  71.6%   202 8293s

 103392 87977  403.39847   75  217 1116.52000  316.65366  71.6%   202 8327s

 103414 88148  403.45163   76  228 1116.52000  316.65366  71.6%   202 8361s

 103601 88353  458.90544  112  262 1116.52000  316.65366  71.6%   202 8388s

 103806 88642  513.79239  157  254 1116.52000  316.65366  71.6%   202 8422s

 104116 88718  631.37579  215  227 1116.52000  316.65366  71.6%   201 8498s

 104192 93513  631.82080  216  237 1116.52000  316.65366  71.6%   201 8801s

 109296 94930  783.90948  221  232 1116.52000  316.80552  71.6%   198 8857s

 110902 95937  549.74471  130  231 1116.52000  316.83329  71.6%   198 8904s

 112098 96954  428.74442   80  240 1116.52000  316.83329  71.6%   198 8948s

 113281 98389  643.39977  212  201 1116.52000  316.83329  71.6%   197 8993s

 114890 98951  379.41277   57  209 1116.52000  316.91280  71.6%   196 9031s

 115519 99737  776.76829  148  151 1116.52000  316.91280  71.6%   197 9082s

 116380 100572  538.24078   92  192 1116.52000  316.91280  71.6%   197 9130s

 117455 101048  378.98535   79  244 1116.52000  317.03042  71.6%   197 9163s

 118036 101762  463.65335   81  249 1116.52000  317.03138  71.6%   197 9201s

 118871 103442  360.00365   71  214 1116.52000  317.06054  71.6%   197 9286s

 120835 103808  436.39167  120  277 1116.52000  317.09973  71.6%   197 9343s

 121215 104227  571.34758  196  230 1116.52000  317.09973  71.6%   197 9374s

 121680 104393  473.06272   86  230 1116.52000  317.11158  71.6%   196 9403s

 121887 104699  372.14274   56  234 1116.52000  317.11158  71.6%   196 9431s

 122193 105339  571.71925  117  186 1116.52000  317.11158  71.6%   196 9473s

 122900 105481  343.91318   80  330 1116.52000  317.11158  71.6%   196 9517s

 123077 105856  366.95762   92  262 1116.52000  317.12327  71.6%   196 9564s

 123470 107451  436.24748  122  234 1116.52000  317.12327  71.6%   197 9623s

 125286 107764  506.15447   93  217 1116.52000  317.14658  71.6%   196 9672s

 125736 108062 1003.04122  140  181 1116.52000  317.14658  71.6%   196 9709s

 126056 109463  398.70831   73  249 1116.52000  317.14658  71.6%   196 9760s

 127617 109471  734.54194  231  254 1116.52000  317.14658  71.6%   195 9796s

 127625 109479  737.15873  232  237 1116.52000  317.14658  71.6%   195 9830s

 127633 109487  737.49196  233  242 1116.52000  317.14658  71.6%   196 9858s

 127641 109527  738.44322  234  242 1116.52000  317.14658  71.6%   196 9898s

H127667 109514                    1115.5700000  317.14658  71.6%   196 9898s

H127672 109507                    1114.7800000  317.14658  71.6%   196 9898s

 127688 109902  793.36848  258  227 1114.78000  317.14658  71.6%   196 9929s

 128139 110305  320.79815   52  225 1114.78000  317.14658  71.6%   196 9975s

 128646 110587  642.11471  123  164 1114.78000  317.14658  71.6%   196 10015s

 128972 110646  332.79976   50  333 1114.78000  317.14658  71.6%   196 10047s

 129031 111076  337.91155   51  336 1114.78000  317.14658  71.6%   196 10079s

 129504 111959  401.65329   70  250 1114.78000  317.14658  71.6%   196 10123s

 130492 112797  438.98525   73  249 1114.78000  317.14658  71.6%   195 10171s

 131447 113174  330.02605   50  342 1114.78000  317.14658  71.6%   195 10223s

 131850 114334  371.82308   61  279 1114.78000  317.14658  71.6%   195 10280s

 133176 114415  945.11684  167   98 1114.78000  317.26688  71.5%   195 10320s

 133264 114586  979.49463  171   82 1114.78000  317.31320  71.5%   195 10357s

 133447 114993  395.39029   74  257 1114.78000  317.31320  71.5%   195 10436s

 133905 117171  555.92887  163  220 1114.78000  317.31320  71.5%   195 10553s

 136488 117492  351.37882   61  232 1114.78000  317.33291  71.5%   195 10599s

 136833 118013  405.84744  112  206 1114.78000  317.33291  71.5%   195 10653s

 137473 118381  933.49021  199  141 1114.78000  317.33291  71.5%   195 10694s

 137913 119700  444.47608   83  241 1114.78000  317.33291  71.5%   195 10760s

 139463 120210  395.26553   92  259 1114.78000  317.34735  71.5%   195 10799s

 139655 120210  374.90171   57  233 1114.78000  317.34735  71.5%   195 10800s

 139986 121735  597.95779  167  235 1114.78000  317.34735  71.5%   195 10864s

 141614 123183  335.38033   59  292 1114.78000  317.34735  71.5%   194 10923s

 143177 124128  489.95379  145  255 1114.78000  317.34735  71.5%   193 10968s

 144222 125345  348.10735   66  247 1114.78000  317.37191  71.5%   193 11016s

 145541 125549  333.86094   50  314 1114.78000  317.37191  71.5%   192 11050s

 145814 126329  449.79641   75  267 1114.78000  317.39693  71.5%   192 11093s

 146709 126828  325.75510   64  257 1114.78000  317.41798  71.5%   192 11130s

 147263 127619  650.84660  151  224 1114.78000  317.45983  71.5%   192 11174s

 148057 127619  581.47334  103  244 1114.78000  317.46200  71.5%   192 11175s

 148156 128626  347.28445   59  294 1114.78000  317.46200  71.5%   192 11249s

 148270 128626  380.63189   81  266 1114.78000  317.46200  71.5%   192 11250s

 149278 129783  519.74351  173  211 1114.78000  317.46200  71.5%   192 11320s

 150452 129791  772.39021  321  171 1114.78000  317.46200  71.5%   191 11356s

 150460 129799  772.69378  322  178 1114.78000  317.46200  71.5%   191 11388s

 150468 129807  773.18756  323  176 1114.78000  317.46200  71.5%   191 11422s

 150476 129812  790.78583  324  200 1114.78000  317.46200  71.5%   191 11456s

 150487 129820  880.73122  325  189 1114.78000  317.46200  71.5%   191 11502s

 150495 129833  881.19340  326  197 1114.78000  317.46200  71.5%   191 11533s

 150518 129841  881.37337  327  194 1114.78000  317.46200  71.5%   191 11562s

 150526 130028  881.52913  328  192 1114.78000  317.46200  71.5%   191 11612s

 150735 130319  370.03579   51  238 1114.78000  317.46200  71.5%   191 11659s

 151065 130636 1077.75086  141  123 1114.78000  317.48033  71.5%   191 11711s

 151461 131159  846.17689  154  143 1114.78000  317.51734  71.5%   191 11763s

 152061 132711  416.71477   70  353 1114.78000  317.51734  71.5%   191 11840s

 153875 133177 infeasible  109      1114.78000  317.51734  71.5%   191 11896s

 154432 134691  372.95424   74  340 1114.78000  317.51734  71.5%   191 11963s

 156102 135809  561.94138  167  249 1114.78000  317.51734  71.5%   191 12025s

 157409 136306  339.14601   51  317 1114.78000  317.58930  71.5%   190 12074s

 157953 136314  491.33592  136  241 1114.78000  317.58930  71.5%   190 12118s

 157961 136322  491.86116  137  251 1114.78000  317.58930  71.5%   190 12152s

 157969 136330  497.90444  138  240 1114.78000  317.58930  71.5%   190 12190s

 157977 136339  498.63500  139  237 1114.78000  317.58930  71.5%   190 12230s

H157984 136300                    1111.7500000  317.58930  71.4%   190 12230s

 157986 136849  500.30302  140  232 1111.75000  317.58930  71.4%   190 12271s

 158560 138228  852.96522  236  234 1111.75000  317.58930  71.4%   190 12318s

 160049 138595  636.70226  171  229 1111.75000  317.58930  71.4%   190 12357s

 160418 139022 infeasible  213      1111.75000  317.58930  71.4%   190 12402s

 160942 140019  766.61127   67  225 1111.75000  317.58930  71.4%   190 12456s

 162107 141042  434.69330  104  219 1111.75000  317.65421  71.4%   190 12511s

 163249 141644  656.05673  290  290 1111.75000  317.65421  71.4%   190 12590s

 163865 143881  656.05675  291  287 1111.75000  317.65421  71.4%   190 12703s

 166289 144326 infeasible  264      1111.75000  317.72891  71.4%   189 12743s

 166743 145762  934.81480  347  181 1111.75000  317.72891  71.4%   189 12809s

 167974 145762  578.25244  132  196 1111.75000  317.76244  71.4%   188 12810s

 168296 146499  528.65517   83  213 1111.75000  317.76244  71.4%   188 12853s

 169140 146856  421.29230   64  323 1111.75000  317.76244  71.4%   188 12889s

H169142 146759                    1106.0600000  317.76244  71.3%   188 12889s

 169497 147168  423.71202   65  307 1106.06000  317.76244  71.3%   188 12930s

 169963 148356  534.77700  105  250 1106.06000  317.76244  71.3%   188 12986s

 171232 148869 1035.06766  297  238 1106.06000  317.76244  71.3%   187 13029s

 171788 149991  497.71157   64  213 1106.06000  317.83862  71.3%   187 13081s

 173004 150009  476.56866  132  200 1106.06000  317.83862  71.3%   187 13114s

H173005 149980                    1104.6600000  317.83862  71.2%   187 13114s

 173034 150329  476.60057  133  198 1104.66000  317.83862  71.2%   187 13139s

 173329 150329  320.74538   57  272 1104.66000  317.83862  71.2%   187 13140s

 173429 151507  578.26951  184  211 1104.66000  317.83862  71.2%   187 13192s

 174738 151748  337.35016   51  330 1104.66000  317.86578  71.2%   187 13226s

 175016 152299  417.25712   79  200 1104.66000  317.86578  71.2%   187 13264s

 175273 152299  640.21266  134  273 1104.66000  317.86578  71.2%   187 13265s

 175647 152529  330.69923   53  331 1104.66000  317.86578  71.2%   187 13301s

 175968 152563  344.72768   64  277 1104.66000  317.86578  71.2%   187 13340s

 176002 152758  347.59163   65  269 1104.66000  317.86578  71.2%   187 13364s

 176197 152928  348.20506   66  282 1104.66000  317.86578  71.2%   187 13408s

 176387 153070  348.41357   67  311 1104.66000  317.86578  71.2%   187 13437s

 176529 153471  349.08496   68  294 1104.66000  317.86578  71.2%   187 13470s

 176932 153935  351.45971   69  307 1104.66000  317.86578  71.2%   187 13516s

 177462 154146  360.90543   70  298 1104.66000  317.86578  71.2%   186 13560s

 177711 155036  361.10272   71  291 1104.66000  317.86578  71.2%   187 13632s

 178786 155352  396.72504   70  268 1104.66000  317.86578  71.2%   187 13672s

 179139 156887  361.31538   72  302 1104.66000  317.94222  71.2%   187 13756s

 180891 157294  437.47411  117  256 1104.66000  317.95606  71.2%   187 13801s

 181372 158601  450.95779  178  241 1104.66000  317.95606  71.2%   187 13856s

 182793 159636  369.98861   70  238 1104.66000  317.95606  71.2%   186 13913s

 183931 160114  335.29425   57  364 1104.66000  317.95606  71.2%   186 13952s

 184504 160404  589.43008   74  165 1104.66000  317.95606  71.2%   186 13989s

 184808 161452 infeasible   84      1104.66000  317.95606  71.2%   186 14035s

 185927 162472  456.08952   84  261 1104.66000  317.95606  71.2%   186 14078s

 187048 163072  380.45730   67  300 1104.66000  318.06977  71.2%   186 14119s

 187323 163072  318.15117   54  400 1104.66000  318.06977  71.2%   186 14120s

 187706 164018  587.71076  137  253 1104.66000  318.06977  71.2%   186 14163s

 188794 164394  340.30802   54  199 1104.66000  318.06977  71.2%   186 14206s

 189191 165227  424.26270   67  228 1104.66000  318.06977  71.2%   186 14249s

 189813 165227  504.62753  152  270 1104.66000  318.07428  71.2%   186 14250s

 190119 166230  942.64494  173  189 1104.66000  318.08195  71.2%   186 14295s

 191189 166514  456.49846  105  249 1104.66000  318.08195  71.2%   186 14327s

 191569 167056  684.75368  162  252 1104.66000  318.08195  71.2%   186 14365s

 192211 167457  581.20094   78  231 1104.66000  318.08195  71.2%   186 14400s



Cutting planes:

  Learned: 12

  Gomory: 64

  Lift-and-project: 64

  Cover: 92

  Implied bound: 1164

  Projected implied bound: 12

  Clique: 358

  MIR: 707

  Mixing: 12

  StrongCG: 227

  Flow cover: 1549

  GUB cover: 8

  Zero half: 784

  RLT: 26

  Relax-and-lift: 731



Explored 192736 nodes (35900384 simplex iterations) in 14400.50 seconds (12684.12 work units)

Thread count was 16 (of 16 available processors)



Solution count 10: 1104.66 1106.06 1111.75 ... 1138.8



Time limit reached

Best objective 1.104660000000e+03, best bound 3.180900000000e+02, gap 71.2047%



AMPL MP initial flat model has 22358 variables (0 integer, 22254 binary);

Objectives: 1 linear; 

Constraints:  4240 linear; 9 quadratic;



AMPL MP final model has 22358 variables (0 integer, 22254 binary);

Objectives: 1 linear; 

Constraints:  4240 linear; 9 quadratic;





-----RESULTS INFO-----
running_time:  14403.828
TC.best_bound:  318.09
TC:  1104.6599999999996
MIP Gap (%):  71.20471457280973
=== Vehicle Routes ===
Vehicle 1: 0 → 3
Vehicle 1: 1 → 75
Vehicle 1: 2 → 1
Vehicle 1: 3 → 74
Vehicle 1: 6 → 2
Vehicle 1: 10 → 6
Vehicle 1: 12 → 10
Vehicle 1: 74 → 12
Vehicle 2: 0 → 11
Vehicle 2: 4 → 75
Vehicle 2: 11 → 14
Vehicle 2: 14 → 16
Vehicle 2: 16 → 17
Vehicle 2: 17 → 57
Vehicle 2: 18 → 4
Vehicle 2: 57 → 18
Vehicle 3: 0 → 50
Vehicle 3: 5 → 75
Vehicle 3: 50 → 53
Vehicle 3: 53 → 67
Vehicle 3: 56 → 5
Vehicle 3: 60 → 56
Vehicle 3: 67 → 60
Vehicle 4: 0 → 7
Vehicle 4: 7 → 20
Vehicle 4: 13 → 72
Vehicle 4: 15 → 19
Vehicle 4: 19 → 13
Vehicle 4: 20 → 15
Vehicle 4: 72 → 75
Vehicle 5: 0 → 8
Vehicle 5: 8 → 63
Vehicle 5: 48 → 68
Vehicle 5: 63 → 48
Vehicle 5: 68 → 75
Vehicle 6: 0 → 9
Vehicle 6: 9 → 70
Vehicle 6: 44 → 75
Vehicle 6: 70 → 44
Vehicle 7: 0 → 49
Vehicle 7: 49 → 69
Vehicle 7: 65 → 75
Vehicle 7: 69 → 65
Vehicle 8: 0 → 73
Vehicle 8: 66 → 75
Vehicle 8: 73 → 66
Vehicle 9: 0 → 71
Vehicle 9: 71 → 75

=== Full Vehicle Routes ===
Vehicle 1: 0 → 3 → 74 → 12 → 10 → 6 → 2 → 1 → 0 (97<100)
Vehicle 2: 0 → 11 → 14 → 16 → 17 → 57 → 18 → 4 → 0 (99<100)
Vehicle 3: 0 → 50 → 53 → 67 → 60 → 56 → 5 → 0 (100<100)
Vehicle 4: 0 → 7 → 20 → 15 → 19 → 13 → 72 → 0 (96<100)
Vehicle 5: 0 → 8 → 63 → 48 → 68 → 0 (98<100)
Vehicle 6: 0 → 9 → 70 → 44 → 0 (98<100)
Vehicle 7: 0 → 49 → 69 → 65 → 0 (98<100)
Vehicle 8: 0 → 73 → 66 → 0 (93<100)
Vehicle 9: 0 → 71 → 0 (98<100)
Arc used by MRT line: y variables:
Customer assigment to PL: u variables:
21 70
22 68
23 68
24 66
25 72
26 73
27 65
28 65
29 69
30 70
31 66
32 67
33 71
34 69
35 73
36 66
37 71
38 69
39 65
40 71
41 67
42 70
43 71
45 74
46 68
47 71
51 72
52 73
54 71
55 66
58 69
59 70
61 67
62 67
64 71
Node is served by regular vehicle: g variables:
1
2
3
4
5
6
7
8
9
10
11
12
13
14
15
16
17
18
19
20
44
48
49
50
53
56
57
60
63
71
72
73
74
65
66
67
68
69
70
Customer assigment to Home delivery: gm variables:
1
2
3
4
5
6
7
8
9
10
11
12
13
14
15
16
17
18
19
20
44
48
49
50
53
56
57
60
63
Node total demands: ntd variables:
1 6 1
2 23 1
3 24 1
4 16 1
5 6 1
6 8 1
7 14 1
8 13 1
9 9 1
10 14 1
11 20 1
12 20 1
13 11 1
14 14 1
15 24 1
16 16 1
17 2 1
18 10 1
19 18 1
20 2 1
43 0 0
44 10 1
45 0 0
46 0 0
47 0 0
48 16 1
49 23 1
50 2 1
51 0 0
52 0 0
53 14 1
54 0 0
55 0 0
56 7 1
57 21 1
58 0 0
59 0 0
60 14 1
61 0 0
62 0 0
63 19 1
64 0 0
71 98 1
72 27 1
73 49 1
74 2 1
65 35 1
66 44 1
67 57 1
68 50 1
69 40 1
70 79 1
Customer's demand delivered to PL: l variables:
21
22
23
24
25
26
27
28
29
30
31
32
33
34
35
36
37
38
39
40
41
42
43
45
46
47
51
52
54
55
58
59
61
62
64
Lockers load <= capacity:
98 <= 100
27 <= 77
49 <= 75
2 <= 80
35 <= 100
44 <= 95
57 <= 98
50 <= 75
40 <= 72
79 <= 85
