Gurobi 12.0.0:   lim:time = 14400

  mip:bestbound = 1

Set parameter LogToConsole to value 1

  tech:outlev = 1

Set parameter Cuts to value 3

  cut:cuts = 3

Set parameter Presolve to value 2

  pre:solve = 2

Set parameter MIPFocus to value 2

  mip:focus = 2

Set parameter Symmetry to value 2

  mip:symmetry = 2

Set parameter InfUnbdInfo to value 1

Gurobi Optimizer version 12.0.0 build v12.0.0rc1 (win64 - Windows 11.0 (26100.2))



CPU model: 11th Gen Intel(R) Core(TM) i7-11700 @ 2.50GHz, instruction set [SSE2|AVX|AVX2|AVX512]

Thread count: 8 physical cores, 16 logical processors, using up to 16 threads



Non-default parameters:

TimeLimit  14400

MIPFocus  2

Symmetry  2

Cuts  3

InfUnbdInfo  1

Presolve  2



Optimize a model with 4658 rows, 25127 columns and 160531 nonzeros

Model fingerprint: 0x81dbb140

Model has 9 quadratic constraints

Variable types: 108 continuous, 25019 integer (0 binary)

Coefficient statistics:

  Matrix range     [1e+00, 1e+05]

  QMatrix range    [1e+00, 1e+00]

  QLMatrix range   [2e+00, 4e+01]

  Objective range  [2e+00, 1e+02]

  Bounds range     [1e+00, 1e+02]

  RHS range        [1e+00, 1e+05]

  QRHS range       [1e+02, 1e+02]

Presolve removed 179 rows and 561 columns (presolve time = 6s)...

Presolve removed 179 rows and 561 columns (presolve time = 10s)...

Presolve removed 178 rows and 560 columns

Presolve time: 12.25s

Presolved: 19636 rows, 39714 columns, 196395 nonzeros

Variable types: 55 continuous, 39659 integer (35051 binary)

Root relaxation presolve removed 1 rows and 5 columns

Root relaxation presolved: 17615 rows, 37689 columns, 360979 nonzeros



Deterministic concurrent LP optimizer: primal and dual simplex

Showing primal log only...





Root simplex log...



Iteration    Objective       Primal Inf.    Dual Inf.      Time

       0    1.0279700e+03   2.390278e+02   7.110558e+09     26s

Concurrent spin time: 0.14s (can be avoided by choosing Method=3)



Solved with dual simplex



Root simplex log...



Iteration    Objective       Primal Inf.    Dual Inf.      Time

    1863    2.7742338e+02   0.000000e+00   0.000000e+00     26s



Root relaxation: objective 2.774234e+02, 1863 iterations, 1.08 seconds (0.84 work units)

Total elapsed time = 28.55s (DegenMoves)



    Nodes    |    Current Node    |     Objective Bounds      |     Work

 Expl Unexpl |  Obj  Depth IntInf | Incumbent    BestBd   Gap | It/Node Time



     0     0  277.42338    0  227          -  277.42338      -     -   29s

     0     0  323.13378    0  252          -  323.13378      -     -   34s

     0     0  323.13378    0  233          -  323.13378      -     -   35s

     0     0  349.27954    0  243          -  349.27954      -     -   35s

     0     0  349.55748    0  311          -  349.55748      -     -   40s

     0     0  352.71087    0  315          -  352.71087      -     -   42s

     0     0  352.71321    0  291          -  352.71321      -     -   42s

     0     0  358.77452    0  310          -  358.77452      -     -   48s

     0     0  362.38110    0  335          -  362.38110      -     -   49s

     0     0  362.57325    0  326          -  362.57325      -     -   49s

     0     0  365.85415    0  324          -  365.85415      -     -   55s

     0     0  366.39696    0  325          -  366.39696      -     -   57s

     0     0  367.39900    0  385          -  367.39900      -     -   61s

     0     0  367.39900    0  369          -  367.39900      -     -   63s

     0     2  367.40020    0  369          -  367.40020      -     -   68s

    15    24  368.55425    4  341          -  367.60332      -   699   70s

    65    73  371.32321    8  280          -  367.60332      -   520   75s

   141   148  372.33542   12  296          -  367.60332      -   454   80s

   211   225  375.17620   16  286          -  367.60332      -   443   85s

   299   326  378.48652   19  335          -  367.60332      -   386   90s

   402   430  380.78486   25  304          -  367.60332      -   331   95s

   527   535  381.16016   30  295          -  367.60332      -   287  100s

   659   697  384.42954   35  434          -  367.60332      -   264  105s

   866   943  389.01847   47  238          -  367.60332      -   225  110s

  1150  1219  393.19418   61  244          -  367.60332      -   190  115s

  1514  1537  396.65715   71  243          -  367.60332      -   164  122s

  1683  1657  405.95397   80  209          -  367.60332      -   162  126s

  1929  1852  422.18913   94  207          -  367.60332      -   161  132s

  2044  1948  430.07037  108  205          -  367.60332      -   165  136s

  2151  2034  442.86616  120  226          -  367.60332      -   170  140s

  2316  2245  481.13623  155  239          -  367.60332      -   170  146s

  2563  2468  486.91091  200  236          -  367.60332      -   165  152s

  2677  2542  529.75272  214  211          -  367.60332      -   164  155s

  2908  2839  572.87027  265  210          -  367.60332      -   163  164s

  3070  2925  583.08784  315  172          -  367.60332      -   160  167s

  3224  3065  583.41022  317  167          -  367.60332      -   162  172s

  3453  3190  388.00197   29 8808          -  368.38090      -   162  185s

  3455  3191  382.75369   12  235          -  368.38090      -   162  193s

  3456  3192  514.03500  213  278          -  368.38090      -   162  200s

  3457  3193  385.85752   25  368          -  368.38090      -   161  207s

  3458  3193  542.13768  137  389          -  368.38090      -   161  218s

  3459  3194  528.43087  144  381          -  368.38090      -   161  227s

  3460  3195  398.55299   61  400          -  368.77825      -   161  238s

  3461  3195  455.37669  189  485          -  369.34771      -   161  249s

  3462  3196  399.09380   93  500          -  369.57204      -   161  261s

  3463  3197  419.78961   39  492          -  370.29265      -   161  272s

  3464  3197  403.79381   29  351          -  370.91848      -   161  283s

  3465  3198  576.97683  287  515          -  370.95909      -   161  295s

H 3465  3037                    1881.0200000  370.98035  80.3%   161  305s

  3467  3038  514.70440  261  591 1881.02000  371.21351  80.3%   161  315s

H 3467  2886                    1867.4200000  371.41842  80.1%   161  324s

H 3467  2742                    1855.2000000  371.41842  80.0%   161  324s

  3468  2743  444.06350   77  422 1855.20000  371.41842  80.0%   161  325s

  3469  2744  513.21844  174  553 1855.20000  371.54464  80.0%   161  335s

  3470  2744  402.81732   72  496 1855.20000  373.38218  79.9%   161  346s

H 3470  2606                    1840.5000000  373.80111  79.7%   161  396s

H 3470  2475                    1836.0900000  373.80111  79.6%   161  396s

H 3470  2351                    1716.7500000  373.80111  78.2%   161  396s

H 3471  2234                    1704.5000000  375.06287  78.0%   161  434s

H 3471  2122                    1682.0900000  375.06287  77.7%   161  434s

H 3471  2016                    1679.0600000  375.06287  77.7%   161  434s

H 3471  1915                    1677.5100000  375.06287  77.6%   161  434s

H 3471  1819                    1675.9000000  375.06287  77.6%   161  434s

H 3471  1727                    1675.0100000  375.06287  77.6%   161  434s

H 3471  1641                    1628.6700000  375.06287  77.0%   161  434s

H 3471  1558                    1624.7500000  375.06287  76.9%   161  434s

H 3471  1480                    1605.9000000  375.06287  76.6%   161  434s

  3472  1481  384.43774   27  504 1605.90000  375.06287  76.6%   161  436s

  3473  1481  488.26361  207  446 1605.90000  375.07164  76.6%   161  449s

H 3473  1407                    1601.5900000  375.07581  76.6%   161  467s

H 3473  1336                    1597.6100000  375.07581  76.5%   161  467s

H 3474  1270                    1568.7800000  375.08340  76.1%   161  471s

H 3474  1206                    1557.7000000  375.08340  75.9%   161  471s

  3475  1207  436.83588  132  545 1557.70000  375.08340  75.9%   161  482s

H 3475  1146                    1527.9900000  375.11808  75.5%   161  495s

H 3475  1089                    1520.0800000  375.11808  75.3%   161  495s

H 3476  1034                    1479.3600000  375.12507  74.6%   161  505s

H 3477   983                    1477.0500000  375.28488  74.6%   161  518s

  3479   984  514.53002  239  657 1477.05000  375.30423  74.6%   160  531s

  3480   985  452.51635  259  516 1477.05000  375.32803  74.6%   160  544s

  3481   986  405.80004   55  630 1477.05000  375.33546  74.6%   160  550s

  3482   986  375.39523    7  652 1477.05000  375.39523  74.6%   160  557s

  3483   987  386.06794   43  644 1477.05000  375.42018  74.6%   160  563s

  3484   988  503.40172   95  684 1477.05000  375.57482  74.6%   160  569s

  3485   988  388.47620   30  742 1477.05000  375.58624  74.6%   160  572s

  3486   989  405.02898  170  729 1477.05000  375.65526  74.6%   160  580s

  3487   990  397.47131   71  447 1477.05000  375.65913  74.6%   160  586s

  3488   990  541.75804  106  664 1477.05000  375.84097  74.6%   160  595s

  3489   991  392.78679   14  700 1477.05000  375.87365  74.6%   160  603s

  3490   992  401.44437   24  686 1477.05000  375.89622  74.6%   160  611s

  3491   992  423.15899  248  718 1477.05000  375.89622  74.6%   160  616s

H 3491   941                    1420.3200000  375.89622  73.5%   160  648s

H 3491   894                    1413.6400000  375.89622  73.4%   160  648s

H 3491   848                    1410.8900000  375.89622  73.4%   160  648s

  3493   850  417.55220   95  679 1410.89000  375.90752  73.4%   160  654s

H 3493   807                    1409.2800000  376.03298  73.3%   160  664s

  3495   808  423.89705  144  694 1409.28000  376.03298  73.3%   160  670s

H 3495   767                    1405.7400000  376.03298  73.3%   160  698s

H 3495   728                    1393.8800000  376.03298  73.0%   160  698s

  3496   729  487.22921  127  678 1393.88000  376.03298  73.0%   160  700s

H 3496   692                    1384.2600000  376.03298  72.8%   160  705s

H 3496   656                    1305.4200000  376.03298  71.2%   160  705s

H 3497   623                    1298.2100000  376.03298  71.0%   160  711s

H 3497   591                    1291.5400000  376.03298  70.9%   160  711s

H 3497   561                    1284.8400000  376.03298  70.7%   160  711s

H 3497   532                    1279.4400000  376.03298  70.6%   160  711s

H 3497   504                    1272.2100000  376.03298  70.4%   160  711s

H 3497   478                    1271.7700000  376.03298  70.4%   160  711s

  3499   480  593.12971  265  724 1271.77000  376.03298  70.4%   160  761s

  3500   480  541.38596   97  731 1271.77000  376.03298  70.4%   160  827s

  3501   481  426.51856  227  696 1271.77000  376.03298  70.4%   159  835s

H 3501   456                    1270.9000000  376.03298  70.4%   159  840s

  3503   457  386.23498   27  741 1270.90000  376.03298  70.4%   159  850s

H 3503   434                    1257.9000000  376.03298  70.1%   159  858s

  3505   436  385.52536   34  688 1257.90000  376.03298  70.1%   159  863s

  3506   436  585.14273  298  691 1257.90000  376.03298  70.1%   159  897s

  3507   437  845.85393  329  687 1257.90000  376.03298  70.1%   159  903s

  3508   438  407.95163   63  654 1257.90000  376.03298  70.1%   159  911s

H 3509   415                    1247.0500000  376.03298  69.8%   159  922s

H 3509   393                    1246.5700000  376.03298  69.8%   159  922s

H 3509   373                    1245.3600000  376.03298  69.8%   159  922s

  3511   375  541.85877  157  687 1245.36000  376.03298  69.8%   159  928s

  3512   375  422.60507  187  706 1245.36000  376.03298  69.8%   159  938s

  3513   376  403.66626  175  658 1245.36000  376.03298  69.8%   159  978s

  3514   377  393.50190   30  738 1245.36000  376.03298  69.8%   159  986s

  3515   377  439.83071  142  689 1245.36000  376.03298  69.8%   159  992s

  3516   378  420.38159   49  755 1245.36000  376.11739  69.8%   159 1000s

  3517   379  403.52883  210  738 1245.36000  376.12128  69.8%   159 1007s

  3518   379  449.13205  164  764 1245.36000  376.13941  69.8%   159 1013s

  3519   380  707.39450  295  811 1245.36000  376.13941  69.8%   159 1017s

H 3519   359                    1239.1700000  376.13941  69.6%   159 1021s

H 3519   340                    1231.5100000  376.13941  69.5%   159 1021s

H 3520   323                    1227.2500000  376.13941  69.4%   159 1023s

  3521   323  450.15262  168  867 1227.25000  376.13941  69.4%   159 1025s

H 3521   306                    1224.4700000  376.17293  69.3%   159 1037s

  3523   308  422.97507  117  780 1224.47000  376.20533  69.3%   158 1046s

H 3523   291                    1217.8100000  376.22201  69.1%   158 1095s

H 3523   275                    1217.7700000  376.22201  69.1%   158 1095s

H 3523   261                    1217.7600000  376.22201  69.1%   158 1095s

  3525   262  466.76942  299  789 1217.76000  376.24146  69.1%   158 1101s

  3526   263  395.11721   76  794 1217.76000  376.25136  69.1%   158 1107s

  3527   263  515.50093  239  855 1217.76000  376.25463  69.1%   158 1111s

  3528   264  382.31888   34  823 1217.76000  376.26235  69.1%   158 1116s

  3530   265  401.57664   40  817 1217.76000  376.27033  69.1%   158 1124s

  3531   266  377.90974   13  857 1217.76000  376.27033  69.1%   158 1127s

  3532   267  407.95920   33  859 1217.76000  376.27033  69.1%   158 1131s

H 3533   252                    1217.5600000  376.28596  69.1%   158 1137s

  3535   254  376.28596    9  871 1217.56000  376.28596  69.1%   158 1141s

  3536   254  447.38900  145  854 1217.56000  376.28596  69.1%   158 1145s

H 3537   241                    1217.4800000  376.28596  69.1%   158 1149s

H 3537   227                    1217.2800000  376.28596  69.1%   158 1151s

H 3538   215                    1214.5200000  376.28596  69.0%   158 1153s

  3540   216  407.28244   59  842 1214.52000  376.28596  69.0%   158 1158s

  3541   217  455.04868  186  853 1214.52000  376.28596  69.0%   158 1160s

  3542   217  396.44287   53  854 1214.52000  376.28596  69.0%   158 1166s

  3544   219  396.32444   44  844 1214.52000  376.28596  69.0%   158 1171s

  3547   222  423.29144   73 8808 1214.52000  376.28596  69.0%   197 1182s

  3549   223  582.04221  180  293 1214.52000  376.49446  69.0%   197 1259s

H 3549   211                    1207.8200000  376.49446  68.8%   197 1265s

  3551   213  397.26999   45  402 1207.82000  376.49446  68.8%   197 1321s

  3552   213  393.57691   47  333 1207.82000  376.49446  68.8%   197 1335s

H 3552   203                    1207.0800000  376.49446  68.8%   197 1351s

H 3552   192                    1205.7600000  376.49446  68.8%   197 1351s

  3554   194  393.64232   81  425 1205.76000  376.49446  68.8%   197 1364s

H 3554   184                    1194.1500000  376.49446  68.5%   197 1367s

H 3554   175                    1193.9400000  376.49446  68.5%   197 1367s

  3555   175  382.75369   12  542 1193.94000  376.49527  68.5%   197 1380s

  3556   176  514.03500  213  644 1193.94000  376.49527  68.5%   197 1402s

  3557   177  385.85752   25  769 1193.94000  376.49527  68.5%   197 1416s

H 3557   168                    1139.9700000  376.49527  67.0%   197 1431s

H 3557   159                    1133.6800000  376.49527  66.8%   197 1431s

  3559   160  528.43087  144  679 1133.68000  376.49527  66.8%   196 1448s

H 3559   152                    1119.0100000  376.49527  66.4%   196 1463s

  3561   153  455.37669  189  635 1119.01000  376.49527  66.4%   196 1477s

  3562   154  399.09380   93  629 1119.01000  376.49527  66.4%   196 1489s

  3563   155  419.78961   39  629 1119.01000  376.49527  66.4%   196 1506s

H 3563   147                    1111.6100000  376.49527  66.1%   196 1556s

  3565   148  576.97683  287  613 1111.61000  376.49527  66.1%   196 1574s

  3566   149  514.12331  224  616 1111.61000  376.49527  66.1%   196 1590s

  3567   149  514.70440  261  649 1111.61000  376.49527  66.1%   196 1603s

  3568   150  444.06350   77  681 1111.61000  376.68640  66.1%   196 1656s

  3569   151  513.21844  174  763 1111.61000  376.68640  66.1%   196 1679s

  3570   151  402.81732   72  754 1111.61000  376.68640  66.1%   196 1693s

  3571   152  381.88035   15  756 1111.61000  376.68640  66.1%   196 1706s

  3572   153  384.43774   27  741 1111.61000  376.68640  66.1%   196 1721s

  3573   153  488.26361  207  788 1111.61000  376.68640  66.1%   196 1734s

  3574   154  740.36615  353  754 1111.61000  376.68640  66.1%   196 1750s

  3575   155  436.83588  132  630 1111.61000  376.68640  66.1%   196 1763s

H 3575   147                    1108.2500000  376.68660  66.0%   196 1815s

  3577   148  412.66321   39  757 1108.25000  376.68660  66.0%   195 1831s

H 3577   140                    1082.3800000  376.68660  65.2%   195 1882s

  3579   141  514.53002  239  695 1082.38000  377.42457  65.1%   195 1948s

H 3579   133                    1079.0200000  377.42457  65.0%   195 1967s

H 3579   126                    1057.8100000  377.42457  64.3%   195 1967s

  3581   128  405.80004   55  757 1057.81000  377.42457  64.3%   195 1981s

  3582   128  377.42457    7  815 1057.81000  377.42457  64.3%   195 1993s

  3583   129  386.06794   43  741 1057.81000  377.42457  64.3%   195 2005s

H 3583   122                    1056.1100000  377.42457  64.3%   195 2022s

H 3583   115                    1050.6200000  377.42457  64.1%   195 2022s

H 3583   109                    1050.2700000  377.42457  64.1%   195 2022s

  3585   110  388.47620   30  703 1050.27000  377.42457  64.1%   195 2078s

  3586   111  405.02898  170  714 1050.27000  377.42457  64.1%   195 2144s

  3587   112  397.47131   71  743 1050.27000  377.42514  64.1%   195 2212s

  3588   112  541.75804  106  792 1050.27000  377.42514  64.1%   195 2220s

  3589   113  392.78679   14  747 1050.27000  377.42514  64.1%   195 2225s

  3590   114  401.44437   24  842 1050.27000  377.42514  64.1%   195 2230s

  3592   115  666.76629  186  820 1050.27000  377.42514  64.1%   195 2241s

  3593   116  417.55220   95  836 1050.27000  377.42514  64.1%   195 2292s

  3594   116  440.66395  148  826 1050.27000  377.62892  64.0%   195 2301s

  3595   117  423.89705  144  868 1050.27000  377.62892  64.0%   195 2305s

  3596   118  487.22921  127  949 1050.27000  377.62892  64.0%   194 2312s

  3597   118  423.77952  162  843 1050.27000  377.62892  64.0%   194 2316s

  3598   119  541.36237   80  816 1050.27000  377.62892  64.0%   194 2321s

H 3599   113                    1043.2500000  377.62892  63.8%   194 2381s

  3601   114  426.51856  227  835 1043.25000  377.62892  63.8%   194 2393s

  3602   115  466.37087  213  788 1043.25000  377.62892  63.8%   194 2397s

  3603   115  386.23498   27  836 1043.25000  377.62892  63.8%   194 2400s

  3604   116  416.55498  113  785 1043.25000  377.62892  63.8%   194 2409s

  3605   117  385.52536   34  845 1043.25000  377.62892  63.8%   194 2413s

  3606   117  585.14273  298  856 1043.25000  377.62892  63.8%   194 2421s

  3607   118  845.85393  329  800 1043.25000  377.62892  63.8%   194 2427s

  3608   119  407.95163   63  806 1043.25000  377.62892  63.8%   194 2436s

  3609   119  597.80577  269  808 1043.25000  377.62892  63.8%   194 2442s

  3610   120  377.62892   18  773 1043.25000  377.62892  63.8%   194 2499s

  3611   121  541.85877  157  787 1043.25000  377.62892  63.8%   194 2551s

  3612   121  422.60507  187  759 1043.25000  377.70065  63.8%   194 2614s

  3613   122  403.66626  175  774 1043.25000  377.70065  63.8%   194 2667s

  3614   123  393.50190   30  754 1043.25000  377.70065  63.8%   193 2734s

  3615   123  439.83071  142  862 1043.25000  377.70065  63.8%   193 2741s

  3616   124  420.38159   49  787 1043.25000  377.70279  63.8%   193 2827s

  3617   125  403.52883  210  778 1043.25000  377.70575  63.8%   193 2897s

  3618   125  449.13205  164  782 1043.25000  377.70575  63.8%   193 2965s

  3619   126  707.39450  295  807 1043.25000  378.13654  63.8%   193 3027s

  3620   127  684.60403  322  846 1043.25000  378.13654  63.8%   193 3033s

  3621   127  450.15262  168  773 1043.25000  378.13654  63.8%   193 3099s

  3622   128  668.43265  188  772 1043.25000  378.13654  63.8%   193 3109s

  3623   129  422.97507  117  783 1043.25000  378.13654  63.8%   193 3182s

H 3623   121                    1038.1200000  378.13654  63.6%   193 3203s

H 3623   114                    1031.3600000  378.13654  63.3%   193 3208s

  3625   115  466.76942  299  835 1031.36000  378.13852  63.3%   193 3218s

  3626   116  395.11721   76  946 1031.36000  378.13852  63.3%   193 3224s

  3627   116  515.50093  239  896 1031.36000  378.13852  63.3%   193 3228s

  3628   117  382.31888   34  884 1031.36000  378.13852  63.3%   193 3232s

  3629   118  388.59915   28  891 1031.36000  378.13852  63.3%   193 3235s

  3630   118  401.57664   40  836 1031.36000  378.13852  63.3%   193 3280s

  3631   119  378.13852   13  833 1031.36000  378.13852  63.3%   193 3292s

  3632   120  407.95920   33  803 1031.36000  378.13852  63.3%   193 3355s

  3633   120  405.63024   31  818 1031.36000  378.13852  63.3%   192 3363s

  3634   121  383.77795   20  809 1031.36000  378.13852  63.3%   192 3378s

  3635   122  378.13852    9  854 1031.36000  378.13852  63.3%   192 3382s

  3636   122  447.38900  145  793 1031.36000  378.13852  63.3%   192 3423s

  3637   123  417.43834   33  763 1031.36000  378.13852  63.3%   192 3484s

  3638   124  635.12452  206  818 1031.36000  378.20764  63.3%   192 3553s

  3639   124  453.78809   99  857 1031.36000  378.20764  63.3%   192 3560s

H 3639   116                    1028.4200000  378.20764  63.2%   192 3622s

  3641   118  455.04868  186  782 1028.42000  378.20764  63.2%   192 3711s

  3642   118  396.44287   53  693 1028.42000  378.20932  63.2%   192 3775s

  3643   119  388.67637   41  725 1028.42000  378.20932  63.2%   192 3843s

  3644   120  396.32444   44  788 1028.42000  378.29188  63.2%   192 3918s

  3645   120  411.65308   60  784 1028.42000  378.60699  63.2%   192 3981s

  3646   121  436.88985  134  779 1028.42000  378.60699  63.2%   192 4050s

  3647   122  423.29144   73  780 1028.42000  378.60699  63.2%   192 4059s

  3648   122  399.34030   55  707 1028.42000  378.60699  63.2%   192 4066s

  3649   123  582.04221  180  732 1028.42000  378.64916  63.2%   192 4123s

  3650   124  514.03261  201  704 1028.42000  378.64916  63.2%   192 4185s

  3651   124  397.26999   45  707 1028.42000  378.64916  63.2%   192 4238s

H 3651   116                    1028.1300000  378.69209  63.2%   192 4313s

  3653   118  388.00197   29  776 1028.13000  378.69209  63.2%   191 4323s

  3654   118  393.64232   81  788 1028.13000  378.69209  63.2%   191 4377s

  3655   119  382.75369   12  844 1028.13000  378.69209  63.2%   191 4447s

  3656   120  514.03500  213  813 1028.13000  378.69209  63.2%   191 4538s

  3657   120  385.85752   25  798 1028.13000  378.69209  63.2%   191 4601s

  3658   121  542.13768  137  840 1028.13000  378.69209  63.2%   191 4685s

  3659   122  528.43087  144  847 1028.13000  378.69209  63.2%   191 4743s

  3660   122  398.55299   61  839 1028.13000  378.71320  63.2%   191 4821s

  3661   123  455.37669  189  837 1028.13000  378.71320  63.2%   191 4857s

  3662   124  399.09380   93  837 1028.13000  378.71320  63.2%   191 4868s

  3663   127  378.71320   29  812 1028.13000  378.71320  63.2%   220 4875s

  3665   131  378.71320   30  819 1028.13000  378.71320  63.2%   221 4882s

  3669   137  379.03998   31  785 1028.13000  378.71320  63.2%   224 4895s

  3677   143  379.81064   32  864 1028.13000  379.04172  63.1%   230 4903s

  3685   160  379.81551   33  866 1028.13000  379.04172  63.1%   236 4915s

  3705   161  380.65691   35  774 1028.13000  379.04172  63.1%   244 4922s

  3713   169  382.23978   35  707 1028.13000  379.04172  63.1%   249 4930s

  3723   175  380.83434   36  805 1028.13000  379.04172  63.1%   254 4938s

  3733   182  388.45286   36  676 1028.13000  379.04172  63.1%   259 4945s

  3743   187  381.98115   37  788 1028.13000  379.04172  63.1%   267 4951s

  3751   192  385.53578   37  683 1028.13000  379.04172  63.1%   270 4960s

  3759   198  382.06507   38  719 1028.13000  379.04172  63.1%   272 4968s

  3768   205  383.83854   38  650 1028.13000  379.04172  63.1%   275 4977s

  3778   210  383.48682   39  688 1028.13000  379.04172  63.1%   278 4985s

H 3779   202                    1027.4000000  379.04172  63.1%   278 4985s

  3786   226  389.36057   39  638 1027.40000  379.04172  63.1%   281 4993s

  3813   246  386.55907   40  552 1027.40000  379.04172  63.1%   288 5000s

  3842   264  384.83793   42  623 1027.40000  379.04172  63.1%   293 5006s

  3869   274  387.32953   43  537 1027.40000  379.04172  63.1%   297 5015s

  3889   298  389.14308   44  511 1027.40000  379.04172  63.1%   301 5024s

  3920   315  389.90192   46  516 1027.40000  379.04172  63.1%   305 5033s

  3947   337  391.10882   48  494 1027.40000  379.04172  63.1%   309 5041s

  3988   332  393.33089   49  431 1027.40000  379.04172  63.1%   312 5050s

  3997   348  394.53561   50  541 1027.40000  379.04172  63.1%   314 5059s

  4018   352  394.72625   52  386 1027.40000  379.04172  63.1%   318 5142s

  4026   360  400.36144   52  402 1027.40000  379.04172  63.1%   319 5154s

  4034   368  395.60941   53  462 1027.40000  379.04172  63.1%   321 5164s

  4042   376  397.61902   53  363 1027.40000  379.04172  63.1%   322 5174s

  4050   384  395.64709   54  445 1027.40000  379.04172  63.1%   325 5183s

  4058   392  407.26747   54  373 1027.40000  379.04172  63.1%   326 5192s

  4066   400  396.25157   55  470 1027.40000  379.04172  63.1%   327 5200s

H 4067   400                    1008.4300000  379.04172  62.4%   327 5200s

  4074   427  398.04794   55  400 1008.43000  379.04172  62.4%   328 5216s

  4101   456  398.61404   57  419 1008.43000  379.04172  62.4%   332 5232s

  4130   464  399.82242   58  482 1008.43000  379.04172  62.4%   338 5243s

  4138   475  400.78820   59  476 1008.43000  379.04172  62.4%   340 5255s

  4149   490  406.17987   59  394 1008.43000  379.04172  62.4%   342 5267s

  4164   504  401.18931   60  501 1008.43000  379.04172  62.4%   344 5278s

  4178   518  421.64072   60  328 1008.43000  379.04172  62.4%   346 5292s

  4192   529  401.21479   61  463 1008.43000  379.04172  62.4%   347 5302s

  4203   543  401.29604   62  490 1008.43000  379.04172  62.4%   348 5319s

  4217   575  401.31359   65  461 1008.43000  379.04172  62.4%   350 5336s

  4249   611  401.85210   68  425 1008.43000  379.04172  62.4%   353 5352s

  4285   665  402.04609   71  279 1008.43000  379.04172  62.4%   357 5369s

  4339   724  402.40861   75  313 1008.43000  379.04172  62.4%   361 5386s

  4399   789  403.23197   79  462 1008.43000  379.04172  62.4%   365 5403s

  4464   850  403.39891   83  397 1008.43000  379.04172  62.4%   370 5422s

  4525   925  403.64910   87  410 1008.43000  379.04172  62.4%   374 5440s

  4603   950  406.39181   91  379 1008.43000  379.04172  62.4%   377 5453s

  4628  1027  404.51240   94  226 1008.43000  379.04172  62.4%   379 5465s

  4708  1121  415.48810   99  249 1008.43000  379.04172  62.4%   381 5479s

  4804  1207  413.26681  105  266 1008.43000  379.04172  62.4%   385 5499s

  4895  1329  412.99948  111  358 1008.43000  379.04172  62.4%   389 5522s

  5027  1378  413.98293  117  359 1008.43000  379.04172  62.4%   390 5544s

  5081  1448  413.79562  117  336 1008.43000  379.04172  62.4%   391 5568s

  5156  1517  418.13699  120  200 1008.43000  379.04172  62.4%   393 5595s

  5236  1525  418.15835  130  206 1008.43000  379.04172  62.4%   394 5618s

H 5237  1525                    1006.6400000  379.04172  62.3%   394 5618s

  5244  1660  566.62033  130  213 1006.64000  379.04172  62.3%   394 5645s

H 5321  1660                     997.7800000  379.04172  62.0%   395 5645s

  5394  1785  432.87283  138  244  997.78000  379.04172  62.0%   394 5678s

  5542  1933  435.69152  144  214  997.78000  379.04172  62.0%   394 5707s

  5709  2078  483.67339  151  202  997.78000  379.04172  62.0%   391 5739s

  5872  2254  439.15294  159  265  997.78000  379.04172  62.0%   391 5774s

H 5982  2254                     993.6500000  379.04172  61.9%   391 5774s

  6066  2379  440.87059  168  271  993.65000  379.04172  61.9%   391 5807s

  6210  2540  563.11657  177  238  993.65000  379.58455  61.8%   391 5838s

  6375  2693  443.62048  188  240  993.65000  379.58455  61.8%   391 5862s

  6533  2845  446.00585  200  234  993.65000  379.58455  61.8%   391 5896s

  6695  2853  455.55845  213  205  993.65000  379.58455  61.8%   391 5929s

  6703  2889  482.32822  213  177  993.65000  379.58455  61.8%   391 5978s

  6762  2973  461.14744  219  202  993.65000  379.58455  61.8%   391 6017s

  6850  3101  482.66563  236  185  993.65000  379.58455  61.8%   393 6058s

  6981  3116  730.09861  254  130  993.65000  379.58455  61.8%   393 6094s

  6997  3201  585.94877  255  197  993.65000  379.58455  61.8%   393 6134s

H 7036  3201                     990.2900000  379.58455  61.7%   393 6134s

  7082  3457  625.73580  261  166  990.29000  379.58455  61.7%   393 6178s

  7372  3729  673.81581  288  148  990.29000  379.58455  61.7%   389 6231s

  7773  3870  389.28597   33  564  990.29000  379.58455  61.7%   381 6274s

  7915  3870  939.01064  320  154  990.29000  379.58455  61.7%   379 6275s

  7934  4002  389.61464   34  570  990.29000  379.58455  61.7%   379 6323s

  8109  4117  398.68091   41  525  990.29000  379.58455  61.7%   379 6365s

  8227  4396  419.30407   43  429  990.29000  379.58455  61.7%   381 6422s

  8513  4711  404.06957   50  400  990.29000  379.58455  61.7%   376 6472s

  8852  4885  410.57807   57  299  990.29000  379.58455  61.7%   370 6514s

  9053  5149  416.18861   60  264  990.29000  379.90781  61.6%   366 6579s

  9420  5364 infeasible   67       990.29000  379.90781  61.6%   361 6637s

  9647  5754  435.23641   82  215  990.29000  379.90781  61.6%   361 6697s

 10048  6064  451.41534  107  242  990.29000  379.90781  61.6%   355 6745s

 10404  6475  466.94929  124  230  990.29000  379.90781  61.6%   350 6788s

 10822  6607  477.15220  165  215  990.29000  379.90781  61.6%   345 6830s

 10960  7178  506.65030  177  226  990.29000  379.90781  61.6%   343 6902s

 11573  7555  545.25998  234  223  990.29000  379.90781  61.6%   332 6973s

 11965  8103  598.02718  273  203  990.29000  379.90781  61.6%   328 7063s

 12684  8275  389.16454   33  466  990.29000  380.38405  61.6%   320 7133s

 12860  9566  399.28190   42  413  990.29000  380.38405  61.6%   323 7210s

 14221  9634  750.35732  272  183  990.29000  380.38405  61.6%   307 7278s

 14313  9843  391.55944   43  427  990.29000  380.38405  61.6%   307 7358s

 14554 10548  424.80228   63  187  990.29000  380.38405  61.6%   309 7490s

 15399 10952  397.15017   52  290  990.29000  380.38405  61.6%   305 7548s

 15827 11517  570.97525  103  223  990.29000  382.23257  61.4%   304 7627s

 16510 11918  388.91036   38  506  990.29000  382.23257  61.4%   303 7696s

 16934 12362  407.69849   45  365  990.29000  382.23257  61.4%   301 7741s

 17388 13363 infeasible  102       990.29000  382.23257  61.4%   299 7817s

 18531 13607  448.31337   58  225  990.29000  382.23257  61.4%   290 7881s

H18745 13548                     964.4800000  382.23257  60.4%   288 7881s

 18824 14228  690.40584  128  179  964.48000  382.23257  60.4%   289 7948s

 19569 14559  437.96169   75  325  964.48000  382.58993  60.3%   286 8020s

 19975 15376  534.99307  162  200  964.48000  382.58993  60.3%   285 8097s

 20853 16233  466.01116   75  197  964.48000  383.15743  60.3%   282 8192s

 21781 16574  411.26806   68  348  964.48000  383.15743  60.3%   276 8273s

 22208 18271  537.89310  157  164  964.48000  383.15743  60.3%   278 8349s

 23342 18271  417.99487   47  418  964.48000  384.03354  60.2%   272 8350s

 24011 18878  425.52456   67  254  964.48000  384.03354  60.2%   269 8426s

 24693 20022  941.76946  274  110  964.48000  384.16604  60.2%   268 8513s

 26003 20844  433.88939  100  312  964.48000  384.83952  60.1%   264 8594s

 26955 21261  457.98709   66  253  964.48000  384.83952  60.1%   264 8662s

 27399 22130  617.23912  180  268  964.48000  384.83952  60.1%   265 8729s

H28339 22517                     928.0600000  384.83952  58.5%   264 8778s

H28590 22353                     918.9500000  385.27035  58.1%   264 8778s

 29107 24165  443.22563  116  264  918.95000  385.27035  58.1%   263 8932s

 31191 24353  438.47347   51  324  918.95000  385.56722  58.0%   260 8980s

H31212 24282                     915.7800000  385.56722  57.9%   260 8980s

H31290 24271                     914.9400000  385.56722  57.9%   261 8980s

 31379 24759  466.77424   62  230  914.94000  385.56722  57.9%   261 9041s

H31876 25041                     914.0800000  385.56722  57.8%   263 9102s

 32185 26456  614.93899  121  212  914.08000  385.56722  57.8%   264 9174s

 33819 26753  421.37922   85  410  914.08000  385.56722  57.8%   261 9232s

 34326 27066  460.36177  108  277  914.08000  385.57274  57.8%   260 9285s

 34709 27351  508.63784  153  282  914.08000  385.57274  57.8%   260 9336s

 35106 28265  407.53840   43  516  914.08000  385.70074  57.8%   260 9407s

 36345 28535  404.95777   48  341  914.08000  385.79268  57.8%   257 9464s

 36632 28674  437.87163   84  252  914.08000  385.79268  57.8%   258 9520s

 36794 28719  437.89912   85  250  914.08000  385.79268  57.8%   257 9575s

 36839 28879  438.05035   86  245  914.08000  385.79268  57.8%   257 9634s

 37017 29446  438.05036   87  245  914.08000  385.79268  57.8%   257 9691s

 37654 30203  562.49667  123  203  914.08000  385.79268  57.8%   256 9754s

 38540 31252  420.58154   82  380  914.08000  385.79268  57.8%   256 9823s

 39702 31497 infeasible  253       914.08000  385.86825  57.8%   255 9886s

 39973 32776  428.42993   45  435  914.08000  385.86825  57.8%   256 9955s

 41393 33188  685.22391   85  212  914.08000  386.08331  57.8%   253 10020s

 41876 33807  391.58671   42  494  914.08000  386.08331  57.8%   253 10081s

 42558 34148  435.03782  114  373  914.08000  386.08331  57.8%   254 10126s

 42903 35287  442.41035  140  391  914.08000  386.08331  57.8%   254 10205s

 44148 36957  389.03466   44  552  914.08000  386.17426  57.8%   252 10328s

 45877 37541  388.21035   48  602  914.08000  386.17426  57.8%   250 10381s

H46521 37455                     909.4800000  386.17426  57.5%   249 10418s

 46529 37909  404.93675   61  476  909.48000  386.17426  57.5%   249 10476s

 47046 38562  465.40598   88  237  909.48000  386.17426  57.5%   249 10544s

 47718 38903  393.27232   46  661  909.48000  386.17426  57.5%   250 10618s

 48119 39614  407.10724   63  385  909.48000  386.17426  57.5%   250 10690s

 48877 40360  790.79972  236  149  909.48000  386.17426  57.5%   250 10752s

 49667 41750  415.76013   57  429  909.48000  386.17426  57.5%   249 10827s

 51217 42291  395.10486   34  476  909.48000  386.17426  57.5%   247 10890s

 51874 42607  444.84046   50  277  909.48000  386.17426  57.5%   248 10934s

 52222 43815  619.68025   63  214  909.48000  386.17426  57.5%   248 10998s

 53507 45158  446.65848  125  260  909.48000  386.17426  57.5%   246 11079s

 54930 45997  396.82338   59  453  909.48000  386.17426  57.5%   244 11138s

 55857 46333  468.00145  131  313  909.48000  386.17426  57.5%   243 11185s

 56193 47427  520.06299  175  323  909.48000  386.17426  57.5%   243 11246s

 57393 48329  398.19762   40  435  909.48000  386.17426  57.5%   242 11297s

 58323 49754  435.70498   91  298  909.48000  386.17426  57.5%   242 11352s

 59880 50832  698.60834  231  231  909.48000  386.17426  57.5%   239 11446s

 61083 51233  491.64486   87  280  909.48000  387.17313  57.4%   239 11507s

 61541 52219  392.07157   53  474  909.48000  387.17313  57.4%   239 11575s

 62623 53420  486.54467  152  266  909.48000  387.17313  57.4%   240 11644s

 63990 53635  400.98947   73  461  909.48000  387.40418  57.4%   239 11691s

 64205 54851  415.16379  106  248  909.48000  387.40418  57.4%   240 11742s

 65454 56191  475.33202  197  231  909.48000  387.40418  57.4%   239 11800s

 67084 56325  393.20424   37  466  909.48000  387.43158  57.4%   237 11847s

 67225 56932  399.62953   45  313  909.48000  387.43158  57.4%   238 11892s

 67927 57349  508.06579   83  251  909.48000  387.43158  57.4%   239 11955s

 68421 58321  534.50012  108  188  909.48000  387.43158  57.4%   239 12006s

 69548 58649  580.73815  164  220  909.48000  387.48206  57.4%   239 12054s

 69913 59767  695.35124  191  184  909.48000  387.48206  57.4%   239 12112s

 71211 59916  495.47479   73  179  909.48000  387.50000  57.4%   238 12156s

 71517 60657  394.33336   47  663  909.48000  387.50000  57.4%   238 12202s

 72291 60828  527.23115  114  331  909.48000  387.53544  57.4%   238 12247s

 72557 61663  395.48048   51  477  909.48000  387.68906  57.4%   239 12304s

 73439 61830  389.12593   41  732  909.48000  387.68906  57.4%   239 12354s

 73658 62352  390.66508   57  533  909.48000  387.68906  57.4%   240 12407s

 74182 62369  440.94940   89  405  909.48000  387.68906  57.4%   241 12455s

 74199 62670  443.05706   90  457  909.48000  387.68906  57.4%   241 12511s

 74535 64078  463.94970  116  270  909.48000  387.68906  57.4%   240 12626s

 75985 64153  651.30212  299  239  909.48000  387.70186  57.4%   238 12670s

 76073 64276  651.51478  300  272  909.48000  387.70186  57.4%   238 12717s

 76198 64388  651.61856  301  250  909.48000  387.70186  57.4%   238 12786s

 76313 64486  651.88154  302  248  909.48000  387.70186  57.4%   238 12853s

 76413 64763  651.89568  303  256  909.48000  387.70186  57.4%   238 12920s

 76718 65426  651.90206  304  266  909.48000  387.70186  57.4%   238 13008s

 77523 66878  428.83428   55  397  909.48000  387.81421  57.4%   238 13098s

 79140 68348  396.17565   36  651  909.48000  387.90461  57.3%   237 13171s

 80663 68954  555.41567  125  208  909.48000  387.90461  57.3%   236 13244s

 81330 69821  763.50139  232  240  909.48000  387.90461  57.3%   235 13303s

 82296 70869  434.33099  104  276  909.48000  387.90461  57.3%   235 13379s

 83469 71446  776.65928  260  172  909.48000  387.90461  57.3%   235 13428s

 84079 71993  404.56776   80  353  909.48000  387.90461  57.3%   235 13485s

 84645 73266  467.63659  109  255  909.48000  387.90461  57.3%   235 13566s

 85996 74009  580.67721  173  162  909.48000  387.90461  57.3%   234 13628s

 86783 74984  396.12256   42  438  909.48000  387.90461  57.3%   234 13694s

 87617 74984  636.33130  162  211  909.48000  387.90461  57.3%   234 13695s

 87859 75392  737.70011  166  197  909.48000  387.90461  57.3%   234 13756s

 88333 76182  406.80205   48  222  909.48000  387.92552  57.3%   234 13813s

 89311 77509  406.48014   48  440  909.48000  388.17893  57.3%   234 13916s

 90718 77896  392.52147   53  546  909.48000  388.18024  57.3%   234 13961s

 91117 79197  400.82483   69  329  909.48000  388.18024  57.3%   234 14041s

 92520 79205  662.93201  251  178  909.48000  388.18024  57.3%   232 14105s

 92528 79213  664.04064  252  172  909.48000  388.18024  57.3%   232 14144s

 92536 79221  664.34925  253  184  909.48000  388.18024  57.3%   232 14176s

 92544 79249  685.00353  254  140  909.48000  388.18024  57.3%   232 14218s

 92597 79256  687.31779  255  140  909.48000  388.18024  57.3%   232 14264s

 92606 79300  688.75569  256  145  909.48000  388.18024  57.3%   232 14312s

 92674 79474  400.30035   50  696  909.48000  388.18024  57.3%   233 14361s

 92848 79825  405.01436   60  473  909.48000  388.18024  57.3%   233 14400s



Cutting planes:

  Learned: 14

  Gomory: 49

  Lift-and-project: 138

  Cover: 80

  Implied bound: 325

  Projected implied bound: 14

  Clique: 334

  MIR: 337

  Mixing: 9

  StrongCG: 66

  Flow cover: 1118

  GUB cover: 3

  Inf proof: 1

  Zero half: 737

  Mod-K: 1

  RLT: 30

  Relax-and-lift: 618

  BQP: 20



Explored 93219 nodes (21732482 simplex iterations) in 14400.42 seconds (10610.38 work units)

Thread count was 16 (of 16 available processors)



Solution count 10: 909.48 914.08 914.94 ... 997.78



Time limit reached

Best objective 9.094800000000e+02, best bound 3.881802406424e+02, gap 57.3184%

-----RESULTS INFO-----
running_time:  14401.937
TC.best_bound:  388.1802406423624
TC:  909.48
MIP Gap (%):  57.318441236490926
=== Vehicle Routes ===
Vehicle 1: 0 → 6
Vehicle 1: 1 → 79
Vehicle 1: 6 → 9
Vehicle 1: 9 → 69
Vehicle 1: 19 → 1
Vehicle 1: 65 → 19
Vehicle 1: 69 → 65
Vehicle 2: 0 → 2
Vehicle 2: 2 → 7
Vehicle 2: 4 → 79
Vehicle 2: 7 → 14
Vehicle 2: 14 → 17
Vehicle 2: 17 → 21
Vehicle 2: 21 → 4
Vehicle 3: 0 → 3
Vehicle 3: 3 → 10
Vehicle 3: 10 → 12
Vehicle 3: 12 → 20
Vehicle 3: 20 → 77
Vehicle 3: 77 → 79
Vehicle 4: 0 → 13
Vehicle 4: 5 → 79
Vehicle 4: 13 → 70
Vehicle 4: 63 → 5
Vehicle 4: 70 → 63
Vehicle 5: 0 → 22
Vehicle 5: 8 → 15
Vehicle 5: 15 → 76
Vehicle 5: 22 → 8
Vehicle 5: 76 → 79
Vehicle 6: 0 → 11
Vehicle 6: 11 → 18
Vehicle 6: 18 → 74
Vehicle 6: 71 → 79
Vehicle 6: 74 → 71
Vehicle 7: 0 → 16
Vehicle 7: 16 → 75
Vehicle 7: 75 → 79
Vehicle 8: 0 → 49
Vehicle 8: 49 → 78
Vehicle 8: 78 → 79
Vehicle 9: 0 → 72
Vehicle 9: 67 → 79
Vehicle 9: 72 → 67

=== Full Vehicle Routes ===
Vehicle 1: 0 → 6 → 9 → 69 → 65 → 19 → 1 → 0 (97<100)
Vehicle 2: 0 → 2 → 7 → 14 → 17 → 21 → 4 → 0 (86<100)
Vehicle 3: 0 → 3 → 10 → 12 → 20 → 77 → 0 (99<100)
Vehicle 4: 0 → 13 → 70 → 63 → 5 → 0 (98<100)
Vehicle 5: 0 → 22 → 8 → 15 → 76 → 0 (99<100)
Vehicle 6: 0 → 11 → 18 → 74 → 71 → 0 (99<100)
Vehicle 7: 0 → 16 → 75 → 0 (98<100)
Vehicle 8: 0 → 49 → 78 → 0 (81<100)
Vehicle 9: 0 → 72 → 67 → 0 (88<100)
Arc used by MRT line: y variables:
Customer assigment to PL: u variables:
23 74
24 77
25 70
26 69
27 75
28 75
29 69
30 69
31 76
32 71
33 71
34 70
35 74
36 75
37 75
38 72
39 77
40 74
41 78
42 72
43 69
44 69
45 70
46 71
47 78
48 72
50 70
51 78
52 72
53 70
54 76
55 70
56 69
57 78
58 72
59 70
60 75
61 69
62 76
64 78
66 76
68 72
Node is served by regular vehicle: g variables:
1
2
3
4
5
6
7
8
9
10
11
12
13
14
15
16
17
18
19
20
21
22
49
63
65
67
75
76
77
78
69
70
71
72
74
Customer assigment to Home delivery: gm variables:
1
2
3
4
5
6
7
8
9
10
11
12
13
14
15
16
17
18
19
20
21
22
49
63
65
67
Node total demands: ntd variables:
1 6 1
2 17 1
3 17 1
4 3 1
5 8 1
6 7 1
7 7 1
8 5 1
9 12 1
10 12 1
11 13 1
12 30 1
13 2 1
14 22 1
15 23 1
16 18 1
17 13 1
18 5 1
19 6 1
20 7 1
21 24 1
22 39 1
46 0 0
47 0 0
48 0 0
49 9 1
50 0 0
51 0 0
52 0 0
53 0 0
54 0 0
55 0 0
56 0 0
57 0 0
58 0 0
59 0 0
60 0 0
61 0 0
62 0 0
63 10 1
64 0 0
65 13 1
66 0 0
67 10 1
68 0 0
75 80 1
76 32 1
77 33 1
78 72 1
69 53 1
70 78 1
71 41 1
72 78 1
73 0 0
74 40 1
Customer's demand delivered to PL: l variables:
23
24
25
26
27
28
29
30
31
32
33
34
35
36
37
38
39
40
41
42
43
44
45
46
47
48
50
51
52
53
54
55
56
57
58
59
60
61
62
64
66
68
Lockers load <= capacity:
80 <= 93
32 <= 96
33 <= 99
72 <= 72
53 <= 94
78 <= 90
41 <= 96
78 <= 78
0 <= 87
40 <= 99
