Gurobi 12.0.3:   lim:time = 14400

  mip:bestbound = 1

Set parameter LogToConsole to value 1

  tech:outlev = 1

Set parameter Cuts to value 3

  cut:cuts = 3

Set parameter Presolve to value 2

  pre:solve = 2

Set parameter MIPFocus to value 2

  mip:focus = 2

Set parameter Symmetry to value 2

  mip:symmetry = 2

Set parameter InfUnbdInfo to value 1

Gurobi Optimizer version 12.0.3 build v12.0.3rc0 (win64 - Windows 10.0 (19045.2))



CPU model: 11th Gen Intel(R) Core(TM) i7-11700 @ 2.50GHz, instruction set [SSE2|AVX|AVX2|AVX512]

Thread count: 8 physical cores, 16 logical processors, using up to 16 threads



Non-default parameters:

TimeLimit  14400

MIPFocus  2

Symmetry  2

Cuts  3

InfUnbdInfo  1

Presolve  2



Optimize a model with 3843 rows, 19744 columns and 125478 nonzeros

Model fingerprint: 0xf1e4446f

Model has 9 quadratic constraints

Variable types: 99 continuous, 19645 integer (0 binary)

Coefficient statistics:

  Matrix range     [1e+00, 1e+05]

  QMatrix range    [1e+00, 1e+00]

  QLMatrix range   [1e+00, 2e+01]

  Objective range  [2e+00, 1e+02]

  Bounds range     [1e+00, 1e+02]

  RHS range        [1e+00, 1e+05]

  QRHS range       [1e+02, 1e+02]

Presolve removed 157 rows and 511 columns

Presolve time: 4.68s

Presolved: 15827 rows, 31365 columns, 155922 nonzeros

Variable types: 49 continuous, 31316 integer (28053 binary)

Root relaxation presolve removed 2 rows and 3 columns

Root relaxation presolved: 13685 rows, 29219 columns, 307203 nonzeros



Deterministic concurrent LP optimizer: primal and dual simplex

Showing primal log only...





Root simplex log...



Iteration    Objective       Primal Inf.    Dual Inf.      Time

       0    1.3572100e+03   1.704566e+02   4.928047e+09     13s

Concurrent spin time: 0.06s



Solved with dual simplex



Root simplex log...



Iteration    Objective       Primal Inf.    Dual Inf.      Time

    1691    2.6351585e+02   0.000000e+00   0.000000e+00     14s



Root relaxation: objective 2.635159e+02, 1691 iterations, 0.49 seconds (0.61 work units)

Total elapsed time = 14.71s (DegenMoves)



    Nodes    |    Current Node    |     Objective Bounds      |     Work

 Expl Unexpl |  Obj  Depth IntInf | Incumbent    BestBd   Gap | It/Node Time



     0     0  263.51585    0  290          -  263.51585      -     -   15s

     0     0  311.68033    0  258          -  311.68033      -     -   18s

     0     0  327.86630    0  226          -  327.86630      -     -   18s

     0     0  327.86630    0  232          -  327.86630      -     -   18s

     0     0  327.86630    0  223          -  327.86630      -     -   18s

     0     0  327.86630    0  242          -  327.86630      -     -   21s

     0     0  333.06385    0  219          -  333.06385      -     -   22s

     0     0  333.19004    0  220          -  333.19004      -     -   22s

     0     0  333.28600    0  199          -  333.28600      -     -   24s

     0     0  338.47002    0  250          -  338.47002      -     -   24s

     0     0  338.51000    0  257          -  338.51000      -     -   25s

     0     0  338.51000    0  235          -  338.51000      -     -   28s

     0     0  339.40015    0  261          -  339.40015      -     -   28s

     0     0  339.64000    0  251          -  339.64000      -     -   30s

     0     0  339.64000    0  279          -  339.64000      -     -   31s

     0     0  340.27744    0  354          -  340.27744      -     -   32s

     0     0  340.27744    0  354          -  340.27744      -     -   33s

     0     2  340.27775    0  354          -  340.27775      -     -   35s

    15    14  340.34049    4  233          -  340.34049      -  1404   40s

   102   113  363.88086   18  278          -  341.57397      -   701   45s

   268   266  363.95302   31  186          -  341.57397      -   441   50s

   382   390  363.95820   54  244          -  341.57397      -   432   56s

   490   495  432.07577   62  258          -  341.57397      -   412   60s

   631   638  387.22500   71  206          -  341.57397      -   405   65s

   854   873  390.15000   83  244          -  341.57397      -   359   70s

  1263  1306  395.93000  104  199          -  341.57397      -   285   76s

  1531  1440  429.40241   31 6842          -  341.57397      -   252   85s

  1533  1441  428.97504   58  288          -  341.57397      -   251   90s

  1534  1442  351.73044  151  293          -  343.03586      -   251   97s

  1535  1443  365.75087   16  263          -  346.08000      -   251  100s

  1536  1443  348.44653   79  780          -  346.48213      -   251  113s

  1537  1444  475.02137   60  240          -  346.49608      -   251  117s

  1538  1445  346.51331   74  206          -  346.51331      -   251  121s

  1539  1445  480.06296  149  282          -  346.52396      -   250  125s

  1540  1446  402.48928   27  256          -  346.53789      -   250  130s

  1541  1447  423.89407   39  249          -  346.55601      -   250  135s

  1542  1447  424.51709  233  236          -  346.56777      -   250  140s

  1543  1448  446.99052  177  452          -  346.58510      -   250  153s

  1544  1449  445.02559   64  350          -  346.58510      -   250  166s

  1545  1449  444.93841  137  413          -  346.58510      -   249  174s

  1546  1450  346.58510   68  466          -  346.58510      -   249  191s

  1547  1451  441.62580   72  474          -  346.58905      -   249  202s

  1548  1451  444.90691  121  428          -  348.35484      -   249  211s

  1549  1452  381.62071   89  439          -  348.99044      -   249  224s

  1550  1453  394.06385  110  443          -  364.95947      -   249  233s

  1551  1453  366.44002   79  294          -  364.95947      -   248  239s

  1552  1454  475.51499  158  208          -  366.43000      -   248  244s

  1553  1455  474.60733  132  239          -  366.43000      -   248  250s

  1555  1456  444.38646   94  243          -  366.43000      -   248  257s

  1556  1457  395.93000  105  279          -  366.43000      -   248  261s

  1557  1457  470.91837  117  299          -  366.43000      -   247  265s

  1559  1459  366.43000  175  275          -  366.43000      -   247  270s

  1561  1460  482.27949  224  547          -  366.43027      -   247  278s

  1562  1461  478.13361  160  557          -  366.43053      -   247  281s

  1565  1464  387.10401   69 6842          -  366.43053      -   303  288s

  1567  1465  366.43056   24  333          -  366.43056      -   303  298s

  1568  1466  424.46004   40  275          -  366.43056      -   303  301s

  1570  1467  379.58821   48  247          -  366.43056      -   302  309s

  1571  1468  366.43056   49  251          -  366.43056      -   302  315s

  1572  1469  366.43056   65  257          -  366.43056      -   302  321s

  1573  1469  471.55277  128  248          -  366.43056      -   302  326s

  1574  1470  366.43056   52  229          -  366.43056      -   302  332s

  1575  1471  366.43089   23  263          -  366.43089      -   301  338s

  1576  1471  565.43224  214  189          -  366.43089      -   301  345s

  1577  1472  388.99127   92  294          -  366.43089      -   301  350s

  1578  1473  372.90076   45  276          -  366.43089      -   301  359s

  1579  1473  393.64375   14  520          -  366.43089      -   301  369s

H 1579  1399                    2065.4800000  366.43089  82.3%   301  377s

H 1580  1329                    1610.1600000  366.43176  77.2%   300  394s

H 1580  1263                    1591.0900000  366.43176  77.0%   300  394s

H 1580  1199                    1582.5100000  366.43176  76.8%   300  394s

H 1580  1139                    1574.0000000  366.43176  76.7%   300  394s

H 1581  1083                    1551.0400000  366.43260  76.4%   300  404s

H 1581  1028                    1524.0200000  366.43260  76.0%   300  404s

H 1581   977                    1521.5800000  366.43260  75.9%   300  404s

  1583   978  419.40917  227  477 1521.58000  366.43278  75.9%   300  411s

  1584   979  444.93508  140  531 1521.58000  366.43278  75.9%   300  420s

  1585   979  441.11137   70  542 1521.58000  366.43290  75.9%   299  432s

  1586   980  366.43297   16  538 1521.58000  366.43297  75.9%   299  436s

  1587   981  366.43319  175  555 1521.58000  366.43319  75.9%   299  452s

  1588   981  366.43319  143  558 1521.58000  366.43319  75.9%   299  468s

  1589   982  380.94579   80  567 1521.58000  366.43338  75.9%   299  484s

  1590   983  366.43359   59  523 1521.58000  366.43359  75.9%   299  494s

  1591   983  366.43389   11  574 1521.58000  366.43389  75.9%   298  504s

  1592   984  388.11444   76  580 1521.58000  366.43415  75.9%   298  516s

  1593   985  464.67038  108  579 1521.58000  366.43415  75.9%   298  526s

H 1593   935                    1521.0600000  366.43415  75.9%   298  527s

H 1594   890                    1502.3100000  366.43420  75.6%   330  529s

  1595   892  366.43420   24  525 1502.31000  366.43420  75.6%   330  531s

  1601   902  366.43558   26  603 1502.31000  366.43512  75.6%   333  538s

  1609   907  366.77667   27  466 1502.31000  366.43558  75.6%   341  540s

  1617   929  366.91244   28  405 1502.31000  366.43558  75.6%   348  546s

  1650   940  367.12194   30  344 1502.31000  366.43558  75.6%   367  552s

  1663   949  367.12196   31  335 1502.31000  366.43558  75.6%   373  555s

H 1678   911                    1484.8200000  366.43558  75.3%   382  558s

  1689   923  369.73613   32  392 1484.82000  366.43558  75.3%   391  562s

  1704   933  367.57612   33  446 1484.82000  366.43558  75.3%   399  566s

  1720   941  368.21274   34  528 1484.82000  366.43558  75.3%   406  570s

H 1721   898                    1481.7900000  366.43558  75.3%   405  570s

  1749   917  393.88244   35  361 1481.79000  366.43558  75.3%   419  576s

  1762   924  368.32629   36  249 1481.79000  366.43558  75.3%   426  580s

  1790   942  368.33025   37  584 1481.79000  366.43558  75.3%   435  587s

H 1806   905                    1468.3200000  366.43558  75.0%   438  589s

  1816   911  368.34174   38  510 1468.32000  366.43558  75.0%   440  607s

  1828   914  368.33543   38  520 1468.32000  366.43558  75.0%   475  631s

  1837   923  368.33577   39  496 1468.32000  366.43558  75.0%   483  645s

  1849   929  369.40735   40  384 1468.32000  366.43558  75.0%   508  651s

  1859   942  368.67657   40  420 1468.32000  366.43558  75.0%   515  661s

  1875   955  368.69251   41  431 1468.32000  366.43558  75.0%   532  666s

  1893   957  371.07852   41  307 1468.32000  366.43558  75.0%   536  670s

H 1901   927                    1465.8700000  366.43558  75.0%   537  675s

  1940   952  374.44261   44  224 1465.87000  366.43558  75.0%   543  683s

H 1942   914                    1432.8800000  366.43558  74.4%   544  683s

  1951   936  369.20125   45  273 1432.88000  366.43558  74.4%   545  690s

H 1989   905                    1419.5200000  366.43558  74.2%   554  694s

  1991   937  370.57661   46  432 1419.52000  366.43558  74.2%   555  701s

  2024   934  369.24216   48  413 1419.52000  366.43558  74.2%   558  705s

H 2028   900                    1419.5000000  366.43558  74.2%   557  705s

  2032   928  372.70723   48  300 1419.50000  366.43558  74.2%   559  711s

  2062   926  369.24296   50  433 1419.50000  366.43558  74.2%   563  715s

  2070   934  369.26925   50  368 1419.50000  366.43558  74.2%   564  720s

H 2074   900                    1415.7100000  366.43558  74.1%   564  720s

  2080   930  369.24478   51  195 1415.71000  366.43558  74.1%   566  728s

H 2114   901                    1403.4300000  366.43558  73.9%   576  733s

  2125   934  369.47087   54  222 1403.43000  366.43558  73.9%   576  741s

H 2163   903                    1402.4800000  366.43558  73.9%   583  751s

  2175   933  371.84006   56  666 1402.48000  366.43558  73.9%   591  766s

  2218   926  377.50173   58  348 1402.48000  366.43558  73.9%   606  776s

  2229   937  372.32971   58  325 1402.48000  366.43558  73.9%   606  792s

  2247   960  372.32971   59  323 1402.48000  366.43558  73.9%   621  803s

H 2263   927                    1386.4200000  366.43558  73.6%   621  803s

  2276   974  380.17308   61  773 1386.42000  366.43558  73.6%   623  821s

H 2332   965                    1384.5700000  366.43558  73.5%   634  857s

H 2337   940                    1327.0400000  366.43558  72.4%   637  857s

  2367   998  380.50274   65  241 1327.04000  366.43558  72.4%   648  910s

  2437   982  373.50446   68  311 1327.04000  366.43558  72.4%   662  919s

  2445   988  386.82612   68  290 1327.04000  366.43558  72.4%   662  932s

  2453   996  373.64838   69  257 1327.04000  366.43558  72.4%   670  941s

H 2454   972                    1296.8700000  366.43558  71.7%   669  941s

  2465  1031  382.15769   69  296 1296.87000  366.43558  71.7%   670  965s

H 2541  1041                    1296.2200000  366.43558  71.7%   685  983s

H 2582  1006                    1295.9800000  366.43558  71.7%   693  983s

  2604  1065  375.82486   74  730 1295.98000  366.43558  71.7%   693 1009s

H 2627  1037                    1285.3500000  366.43558  71.5%   703 1009s

  2679  1102  375.81276   77  624 1285.35000  366.43558  71.5%   711 1027s

H 2709  1098                    1284.7000000  366.43558  71.5%   712 1027s

  2773  1160  376.91810   80  269 1284.70000  366.43558  71.5%   710 1056s

H 2838  1160                    1281.2200000  366.43558  71.4%   730 1056s

  2841  1230  377.76017   83  291 1281.22000  366.43558  71.4%   730 1075s

H 2935  1264                    1239.3700000  366.43558  70.4%   736 1091s

  2987  1349  378.82102   88  275 1239.37000  366.43558  70.4%   737 1109s

H 3081  1393                    1235.9800000  366.43558  70.4%   736 1126s

H 3107  1393                    1217.6500000  366.43558  69.9%   735 1126s

  3133  1442  386.35236   95  196 1217.65000  366.43558  69.9%   737 1144s

  3198  1530  381.70267  101  224 1217.65000  366.43558  69.9%   731 1164s

  3310  1538  383.41410  107  284 1217.65000  366.43558  69.9%   727 1178s

H 3314  1538                    1214.1200000  366.43558  69.8%   727 1178s

  3318  1675  384.57100  107  252 1214.12000  366.43558  69.8%   726 1201s

  3469  1821  384.40757  115  208 1214.12000  366.43558  69.8%   721 1225s

  3629  1943  385.41685  123  197 1214.12000  366.43558  69.8%   715 1247s

  3766  2109  410.75794  132  270 1214.12000  366.43558  69.8%   710 1269s

  4020  2254  411.84403  142  300 1214.12000  366.43558  69.8%   685 1295s

  4203  2361  488.59516  151  218 1214.12000  366.43558  69.8%   673 1316s

  4333  2428  513.52182  159  249 1214.12000  366.43558  69.8%   663 1339s

H 4388  2428                    1210.7100000  366.43558  69.7%   659 1339s

  4402  2588  573.00229  165  178 1210.71000  366.43558  69.7%   659 1366s

  4577  2732  689.03482  179  188 1210.71000  366.43558  69.7%   648 1393s

  4756  2934  726.52253  194  182 1210.71000  366.43558  69.7%   641 1421s

  4984  3142  740.37110  214  197 1210.71000  367.19032  69.7%   628 1452s

  5195  3299 infeasible  227      1210.71000  367.19032  69.7%   616 1476s

  5370  3493  773.47572  242  191 1210.71000  367.19032  69.7%   606 1503s

H 5534  3492                    1208.2000000  367.19032  69.6%   595 1503s

  5573  3729  778.74147  258  198 1208.20000  367.19032  69.6%   593 1533s

  5862  3951  787.76142  279  205 1208.20000  367.19032  69.6%   580 1562s

  6128  4097  833.88463  290  201 1208.20000  367.57803  69.6%   566 1593s

  6351  4433  923.88095  327  155 1208.20000  367.58923  69.6%   555 1631s

  6741  5011 infeasible  376      1208.20000  367.58923  69.6%   538 1665s

  7363  5329  371.95828   42  370 1208.20000  367.58923  69.6%   509 1698s

  7702  5840  371.83547   50  427 1208.20000  367.58923  69.6%   501 1739s

  8342  6108  418.49234   64  397 1208.20000  367.58923  69.6%   478 1774s

  8655  6832  659.83179   74  194 1208.20000  367.58923  69.6%   474 1820s

  9474  7221  513.47129   64  302 1208.20000  367.63000  69.6%   453 1860s

  9878  7703  776.45267  119  246 1208.20000  367.63000  69.6%   446 1897s

H 9913  7703                    1207.0500000  367.63000  69.5%   445 1897s

 10413  8374 1085.67252  155  225 1207.05000  367.63000  69.5%   434 1944s

 11125  8735  386.26588   68  415 1207.05000  367.63000  69.5%   423 1988s

 11567  9648  479.91903  104  328 1207.05000  368.15435  69.5%   417 2039s

 12503  9918  371.16861   37  397 1207.05000  368.15435  69.5%   403 2085s

 12855 10580  417.93943   67  407 1207.05000  368.15435  69.5%   402 2142s

 13612 10815 infeasible   62      1207.05000  368.15435  69.5%   399 2183s

H13773 10815                    1206.7500000  368.15435  69.5%   395 2183s

 13875 11481  848.37380   90  213 1206.75000  368.18613  69.5%   397 2243s

 14654 12472  404.74141   58  314 1206.75000  368.18613  69.5%   390 2314s

 15820 12719 1124.10430  384  101 1206.75000  368.18613  69.5%   378 2351s

 16138 13063  404.91667   45  397 1206.75000  368.18613  69.5%   378 2390s

 16627 13726  439.21390   72  328 1206.75000  368.18613  69.5%   375 2439s

 17317 13837  700.42146  166  201 1206.75000  368.18613  69.5%   372 2476s

 17454 14637  702.36219  168  204 1206.75000  368.18613  69.5%   372 2521s

 18321 15647  379.34937   45  470 1206.75000  368.18613  69.5%   360 2572s

 19395 16983  485.90816  134  214 1206.75000  368.18613  69.5%   352 2621s

 20806 17357 infeasible  355      1206.75000  368.18613  69.5%   338 2659s

 21223 17839  823.91754  353  170 1206.75000  368.18613  69.5%   335 2700s

 21813 17848  377.20701   47  430 1206.75000  368.18613  69.5%   334 2741s

 21884 18193  377.20701   48  454 1206.75000  368.18613  69.5%   334 2788s

 22249 19371  385.21206   57  378 1206.75000  368.18613  69.5%   335 2844s

 23555 19700  631.93677  218  213 1206.75000  368.29475  69.5%   328 2884s

 23910 19883  626.00576  255  249 1206.75000  368.29475  69.5%   329 2924s

 24112 20259  620.95288  256  215 1206.75000  368.29475  69.5%   329 2965s

 24539 21161  622.51010  256  248 1206.75000  368.31571  69.5%   326 3013s

 25537 21620  685.59125  257  212 1206.75000  368.34001  69.5%   320 3059s

 26074 23232  751.04933  266  242 1206.75000  368.34001  69.5%   318 3119s

 27833 24240  381.34369   35  338 1206.75000  368.34281  69.5%   308 3178s

 28930 24248  418.52855   60  363 1206.75000  368.34281  69.5%   306 3205s

 28938 24265  441.93822   61  366 1206.75000  368.34281  69.5%   306 3232s

 28959 24487  444.60584   62  265 1206.75000  368.34281  69.5%   307 3270s

 29205 24496  469.49185   69  284 1206.75000  368.34281  69.5%   306 3340s

 29224 29439  469.60458   70  277 1206.75000  368.34281  69.5%   307 4058s

 35056 30567  475.37216   98  330 1206.75000  368.45017  69.5%   330 4248s

 36329 31349  730.55799  380  278 1206.75000  368.45017  69.5%   328 4353s

 37203 32621  630.50282   76  290 1206.75000  368.45017  69.5%   326 4498s

 38665 34340  388.36011   34  490 1206.75000  368.54670  69.5%   324 4624s

 40579 35243  404.96774   43  414 1206.75000  368.57632  69.5%   320 4746s

 41722 36746  408.61553   97  283 1206.75000  368.57999  69.5%   322 4824s

 43167 36746  500.29105  206  285 1206.75000  368.64224  69.5%   319 4825s

 43440 37964  587.59772  169  277 1206.75000  368.64224  69.5%   319 4942s

 44723 39293 1119.53736  445  258 1206.75000  368.66516  69.4%   317 5100s

 46215 39618  487.30615   81  354 1206.75000  368.67347  69.4%   315 5193s

 46584 39684  633.31628  107  333 1206.75000  368.67347  69.4%   316 5238s

 46661 40055  831.68975  131  216 1206.75000  368.67347  69.4%   316 5329s

 47087 40885  964.81556  195  214 1206.75000  368.71623  69.4%   317 5431s

 47943 41355 infeasible   60      1206.75000  368.71623  69.4%   317 5524s

 48479 43098  473.18425   79  432 1206.75000  368.73549  69.4%   316 5672s

 50363 43677  441.80758   64  372 1206.75000  368.78106  69.4%   311 5767s

 51011 45005  710.48451  145  349 1206.75000  368.78106  69.4%   312 5891s

 52413 45223     cutoff  364      1206.75000  368.81265  69.4%   309 5966s

 52667 46004  427.04250   63  468 1206.75000  368.81265  69.4%   310 6059s

 53516 46035  491.74101  177  348 1206.75000  368.87261  69.4%   311 6125s

 53577 46297 infeasible  182      1206.75000  368.87261  69.4%   312 6204s

 53847 47649  440.35746   72  426 1206.75000  368.87261  69.4%   312 6313s

 55271 47945 infeasible  213      1206.75000  368.87261  69.4%   309 6411s

 55688 49357  551.41396   68  295 1206.75000  368.87261  69.4%   310 6508s

 57183 49707  388.82372   61  324 1206.75000  368.87261  69.4%   307 6602s

 57602 50625  453.61817   95  393 1206.75000  368.87261  69.4%   307 6711s

 58661 51352  792.53709  205  230 1206.75000  369.00838  69.4%   306 6833s

 59523 51871  454.56855   82  300 1206.75000  369.00838  69.4%   306 6992s

 60092 54221 1038.12700  169  194 1206.75000  369.00838  69.4%   308 7232s

 62717 54935  384.26999   60  374 1206.75000  369.11618  69.4%   305 7318s

 63589 55168  385.02615   65  465 1206.75000  369.11618  69.4%   305 7412s

 63830 55564  480.53239  115  275 1206.75000  369.11618  69.4%   306 7497s

 64244 55939  838.71166  183  160 1206.75000  369.11618  69.4%   306 7584s

 64658 55939  862.89170  184  189 1206.75000  369.11618  69.4%   306 7659s

 64676 56119  863.20882  185  190 1206.75000  369.11618  69.4%   307 7732s

 64874 56611  868.49602  187  212 1206.75000  369.11618  69.4%   307 7831s

 65436 57730  371.10193   50  547 1206.75000  369.11618  69.4%   306 7963s

 66638 58249  527.26552  111  388 1206.75000  369.11618  69.4%   306 8069s

 67252 59013  996.34248  229  135 1206.75000  369.11618  69.4%   306 8216s

 68115 59439 1056.04006  109  183 1206.75000  369.11618  69.4%   307 8313s

 68607 60169  400.19933   73  318 1206.75000  369.11618  69.4%   307 8431s

 69421 60770  808.87869  207  270 1206.75000  369.11618  69.4%   306 8563s

 70071 61090  373.03378   40  548 1206.75000  369.30267  69.4%   307 8670s

 70414 61167  393.07869   50  414 1206.75000  369.30267  69.4%   308 8766s

 70499 61394  378.98018   51  466 1206.75000  369.30267  69.4%   308 8905s

 70747 61861  384.47828   59  492 1206.75000  369.30267  69.4%   309 9039s

 71274 62523  436.16802   94  186 1206.75000  369.30267  69.4%   310 9196s

 72119 62847  588.00721   94  252 1206.75000  369.37799  69.4%   311 9372s

 72544 63596  422.91047   76  353 1206.75000  369.40846  69.4%   312 9589s

 73447 63797  386.91698   44  438 1206.75000  369.41693  69.4%   313 9747s

 73677 64239  394.83444   47  350 1206.75000  369.41693  69.4%   315 9870s

 74163 64654  945.32700   76  250 1206.75000  369.41693  69.4%   317 10060s

 74686 65301 infeasible   77      1206.75000  369.41693  69.4%   317 10290s

 75480 66783  398.85800   71  351 1206.75000  369.44931  69.4%   319 10645s

 77485 67115 infeasible   45      1206.75000  369.51389  69.4%   321 10877s

 77910 67736  393.16467   51  403 1206.75000  369.51389  69.4%   322 11054s

 78658 68181  759.61674   86  196 1206.75000  369.51389  69.4%   323 11230s

 79218 68435  376.72082   56  347 1206.75000  369.51389  69.4%   323 11490s

 79545 68758  381.38441   60  366 1206.75000  369.51389  69.4%   325 11680s

 79905 69327  426.16836   71  379 1206.75000  369.51389  69.4%   328 11921s

 80609 69749  654.00538  156  199 1206.75000  369.58756  69.4%   329 12154s

 81162 71117  458.97952   62  407 1206.75000  369.58756  69.4%   329 12425s

 82661 71426  419.20797   56  321 1206.75000  369.62502  69.4%   330 12639s

 83067 71982  454.51331   79  358 1206.75000  369.62502  69.4%   332 12868s

 83659 72484  505.45433  128  232 1206.75000  369.64380  69.4%   334 13054s

 84087 72484 infeasible  143      1206.75000  369.64438  69.4%   334 13055s

 84194 72914  597.78009  185  233 1206.75000  369.64438  69.4%   334 13342s

 84764 73522  412.87741   59  227 1206.75000  369.66916  69.4%   336 13608s

 85462 74895  389.31456   58  248 1206.75000  369.69902  69.4%   337 13902s

 87157 75407  512.49300   53  322 1206.75000  369.71822  69.4%   338 14084s

 87508 75407  382.86108   35  638 1206.75000  369.71822  69.4%   338 14085s

 87773 76754  773.72006   67  326 1206.75000  369.71822  69.4%   339 14353s

 89364 76753  370.40065   40  561 1206.75000  369.76008  69.4%   339 14400s



Cutting planes:

  Learned: 16

  Gomory: 55

  Cover: 40

  Implied bound: 323

  Projected implied bound: 7

  Clique: 333

  MIR: 422

  Mixing: 11

  StrongCG: 517

  Flow cover: 834

  GUB cover: 3

  Zero half: 562

  RLT: 40

  Relax-and-lift: 254



Explored 89371 nodes (30288156 simplex iterations) in 14402.25 seconds (9521.19 work units)

Thread count was 16 (of 16 available processors)



Solution count 10: 1206.75 1207.05 1208.2 ... 1284.7



Time limit reached

Best objective 1.206750000000e+03, best bound 3.697600772728e+02, gap 69.3590%



AMPL MP initial flat model has 19744 variables (0 integer, 19645 binary);

Objectives: 1 linear; 

Constraints:  3843 linear; 9 quadratic;



AMPL MP final model has 19744 variables (0 integer, 19645 binary);

Objectives: 1 linear; 

Constraints:  3843 linear; 9 quadratic;





-----RESULTS INFO-----
running_time:  14416.188
TC.best_bound:  369.7600772728139
TC:  1206.75
MIP Gap (%):  69.3590157635953
=== Vehicle Routes ===
Vehicle 1: 0 → 2
Vehicle 1: 1 → 70
Vehicle 1: 2 → 7
Vehicle 1: 4 → 1
Vehicle 1: 7 → 11
Vehicle 1: 9 → 4
Vehicle 1: 11 → 9
Vehicle 2: 0 → 6
Vehicle 2: 3 → 70
Vehicle 2: 5 → 3
Vehicle 2: 6 → 8
Vehicle 2: 8 → 67
Vehicle 2: 10 → 5
Vehicle 2: 67 → 10
Vehicle 3: 0 → 12
Vehicle 3: 12 → 14
Vehicle 3: 13 → 70
Vehicle 3: 14 → 58
Vehicle 3: 58 → 13
Vehicle 4: 0 → 17
Vehicle 4: 15 → 70
Vehicle 4: 17 → 64
Vehicle 4: 64 → 15
Vehicle 5: 0 → 68
Vehicle 5: 16 → 70
Vehicle 5: 68 → 16
Vehicle 6: 0 → 18
Vehicle 6: 18 → 61
Vehicle 6: 61 → 70
Vehicle 7: 0 → 66
Vehicle 7: 19 → 70
Vehicle 7: 66 → 19
Vehicle 8: 0 → 65
Vehicle 8: 51 → 70
Vehicle 8: 65 → 51
Vehicle 9: 0 → 62
Vehicle 9: 62 → 70

=== Full Vehicle Routes ===
Vehicle 1: 0 → 2 → 7 → 11 → 9 → 4 → 1 → 0 (77<100)
Vehicle 2: 0 → 6 → 8 → 67 → 10 → 5 → 3 → 0 (99<100)
Vehicle 3: 0 → 12 → 14 → 58 → 13 → 0 (87<100)
Vehicle 4: 0 → 17 → 64 → 15 → 0 (98<100)
Vehicle 5: 0 → 68 → 16 → 0 (96<100)
Vehicle 6: 0 → 18 → 61 → 0 (94<100)
Vehicle 7: 0 → 66 → 19 → 0 (99<100)
Vehicle 8: 0 → 65 → 51 → 0 (96<100)
Vehicle 9: 0 → 62 → 0 (83<100)
Arc used by MRT line: y variables:
Customer assigment to PL: u variables:
20 62
21 62
22 62
23 66
24 61
25 61
26 65
27 65
28 62
29 68
30 66
31 67
32 68
33 64
34 61
35 61
36 62
37 61
38 65
39 67
40 68
41 68
42 64
43 68
44 61
45 62
46 66
47 68
48 61
49 66
50 66
52 65
53 64
54 67
55 61
56 67
57 64
59 66
Node is served by regular vehicle: g variables:
1
2
3
4
5
6
7
8
9
10
11
12
13
14
15
16
17
18
19
51
58
66
67
68
61
62
64
65
Customer assigment to Home delivery: gm variables:
1
2
3
4
5
6
7
8
9
10
11
12
13
14
15
16
17
18
19
51
58
Node total demands: ntd variables:
1 21 1
2 2 1
3 11 1
4 6 1
5 1 1
6 18 1
7 13 1
8 1 1
9 18 1
10 7 1
11 17 1
12 11 1
13 9 1
14 19 1
15 23 1
16 3 1
17 14 1
18 17 1
19 23 1
40 0 0
41 0 0
42 0 0
43 0 0
44 0 0
45 0 0
46 0 0
47 0 0
48 0 0
49 0 0
50 0 0
51 9 1
52 0 0
53 0 0
54 0 0
55 0 0
56 0 0
57 0 0
58 48 1
59 0 0
66 76 1
67 61 1
68 93 1
69 0 0
60 0 0
61 77 1
62 83 1
63 0 0
64 61 1
65 87 1
Customer's demand delivered to PL: l variables:
20
21
22
23
24
25
26
27
28
29
30
31
32
33
34
35
36
37
38
39
40
41
42
43
44
45
46
47
48
49
50
52
53
54
55
56
57
59
Lockers load <= capacity:
76 <= 79
61 <= 70
93 <= 98
0 <= 81
0 <= 84
77 <= 98
83 <= 86
0 <= 78
61 <= 79
87 <= 99
