Gurobi 12.0.3:   lim:time = 14400

  mip:bestbound = 1

Set parameter LogToConsole to value 1

  tech:outlev = 1

Set parameter Cuts to value 3

  cut:cuts = 3

Set parameter Presolve to value 2

  pre:solve = 2

Set parameter MIPFocus to value 2

  mip:focus = 2

Set parameter Symmetry to value 2

  mip:symmetry = 2

Set parameter InfUnbdInfo to value 1

Gurobi Optimizer version 12.0.3 build v12.0.3rc0 (win64 - Windows 10.0 (19045.2))



CPU model: Intel(R) Core(TM) i7-10700 CPU @ 2.90GHz, instruction set [SSE2|AVX|AVX2]

Thread count: 8 physical cores, 16 logical processors, using up to 16 threads



Non-default parameters:

TimeLimit  14400

MIPFocus  2

Symmetry  2

Cuts  3

InfUnbdInfo  1

Presolve  2



Optimize a model with 3969 rows, 20595 columns and 131009 nonzeros

Model fingerprint: 0xa889fe1d

Model has 4 quadratic objective terms

Model has 13 quadratic constraints

Variable types: 100 continuous, 20495 integer (0 binary)

Coefficient statistics:

  Matrix range     [1e+00, 1e+05]

  QMatrix range    [1e+00, 1e+00]

  QLMatrix range   [1e+00, 3e+01]

  Objective range  [1e+00, 1e+02]

  QObjective range [2e+00, 2e+00]

  Bounds range     [1e+00, 1e+02]

  RHS range        [1e+00, 1e+05]

  QRHS range       [1e+02, 1e+02]

Presolve removed 152 rows and 497 columns (presolve time = 5s)...

Presolve removed 149 rows and 514 columns

Presolve time: 7.99s

Presolved: 16245 rows, 32487 columns, 160565 nonzeros

Variable types: 1714 continuous, 30773 integer (28280 binary)

Root relaxation presolve removed 4 rows and 2 columns

Root relaxation presolved: 16230 rows, 32463 columns, 356465 nonzeros



Deterministic concurrent LP optimizer: primal and dual simplex

Showing primal log only...





Root simplex log...



Iteration    Objective       Primal Inf.    Dual Inf.      Time

       0    1.1508800e+03   1.976239e+02   5.465047e+09     20s

Concurrent spin time: 0.03s



Solved with dual simplex



Root simplex log...



Iteration    Objective       Primal Inf.    Dual Inf.      Time

    1755    2.3885305e+02   0.000000e+00   0.000000e+00     21s



Root relaxation: objective 2.388530e+02, 1755 iterations, 0.58 seconds (0.70 work units)

Total elapsed time = 21.72s (DegenMoves)



    Nodes    |    Current Node    |     Objective Bounds      |     Work

 Expl Unexpl |  Obj  Depth IntInf | Incumbent    BestBd   Gap | It/Node Time



     0     0  238.85305    0  218          -  238.85305      -     -   22s

     0     0  302.11060    0  257          -  302.11060      -     -   28s

     0     0  308.41691    0  259          -  308.41691      -     -   28s

     0     0  308.41691    0  280          -  308.41691      -     -   33s

     0     0  313.00631    0  342          -  313.00631      -     -   34s

     0     0  313.09227    0  319          -  313.09227      -     -   35s

     0     0  313.31400    0  557          -  313.31400      -     -   43s

     0     0  321.59896    0  713          -  321.59896      -     -   46s

     0     0  321.66582    0  707          -  321.66582      -     -   46s

     0     0  322.10081    0  628          -  322.10081      -     -   52s

     0     0  322.26225    0  636          -  322.26225      -     -   54s

     0     0  322.42736    0  651          -  322.42736      -     -   57s

     0     0  322.66922    0  616          -  322.66922      -     -   59s

     0     0  322.67166    0  612          -  322.67166      -     -   62s

     0     0  323.18647    0  345          -  323.18647      -     -   64s

     0     0  323.18647    0  344          -  323.18647      -     -   67s

     0     0  323.34239    0  345          -  323.34239      -     -   68s

     0     0  323.36666    0  384          -  323.36666      -     -   70s

     0     0  323.36666    0  380          -  323.36666      -     -   71s

     0     2  323.37283    0  361          -  323.37283      -     -   76s

    63    77  339.72165   12  245          -  326.03361      -   363   80s

   188   199  332.91212   23  395          -  326.03361      -   414   85s

   309   341  344.09991   27  264          -  326.03361      -   361   90s

   498   524  356.34094   32  224          -  326.03361      -   278   95s

   625   615  372.80140   36  196          -  326.65257      -   257  100s

   754   763  590.11110   63  233          -  326.65257      -   254  106s

   986  1041  592.93821  112  251          -  326.65257      -   221  110s

  1284  1365  596.34423  194  252          -  326.65257      -   183  115s

  1774  1871  602.74183  280  259          -  326.65257      -   152  121s

  2257  2336  613.37424  340  272          -  326.74062      -   138  126s

  2572  2634  618.15552  385  256          -  326.74062      -   132  130s

  3086  3161  624.10913  479  244          -  326.74062      -   126  136s

  3460  3506  628.36345  543  232          -  326.74062      -   122  140s

  3994  3998  677.56801  664  246          -  326.74062      -   120  146s

  4310  4252  719.26752  752  211          -  326.97054      -   122  150s

  4441  4253  598.29304  255 8117          -  326.97054      -   124  159s

  4442  4254  598.10301  242 8117          -  326.97054      -   124  160s

  4443  4254  389.66234  760  622          -  326.97054      -   124  167s

  4444  4255  361.82119   41  675          -  326.97054      -   124  213s

  4445  4256  367.61106   99  305          -  326.97054      -   123  220s

  4446  4256  330.31860   17  340          -  326.97054      -   123  230s

  4447  4257  595.80242  175  329          -  326.97054      -   123  272s

  4448  4258  353.49203  145  381          -  326.97054      -   123  284s

  4449  4258  632.87482  632  536          -  327.79151      -   123  297s

  4450  4259  404.72176  972  587          -  328.08007      -   123  314s

  4451  4260  412.54218 1053  627          -  328.23153      -   123  317s

  4452  4260  576.38707   54  762          -  328.48437      -   123  321s

  4454  4262  705.94489  717  663          -  328.55879      -   123  325s

  4457  4264  353.42095   50  817          -  328.58259      -   123  330s

  4466  4270  357.04917  252  818          -  328.59065      -   123  344s

  4467  4270  389.59366   62  807          -  328.72726      -   123  360s

  4469  4272  369.39511  531  628          -  329.12847      -   123  366s

  4471  4273  626.74594  521  769          -  329.21265      -   123  370s

  4478  4278  387.29000  745  739          -  329.25372      -   123  375s

  4482  4280  343.68557   25  753          -  329.25544      -   122  387s

  4483  4281  366.81167   52  670          -  329.39446      -   122  398s

  4484  4282  612.59374  299  616          -  329.92681      -   122  403s

  4485  4282  337.47832    7  731          -  330.01562      -   122  405s

  4490  4286  363.58176   48  783          -  330.11979      -   122  410s

  4494  4288  367.98969  476  772          -  330.12119      -   122  419s

  4495  4289  588.71402  347  800          -  330.20507      -   122  431s

  4502  4294  629.97015  565  801          -  330.25477      -   122  441s

  4503  4294  396.03314   91  782          -  330.33486      -   122  453s

  4505  4296  817.20862  733  858          -  330.34718      -   122  455s

  4509  4298  364.68305   57  871          -  330.35363      -   122  466s

  4510  4299  365.84898   41  894          -  330.43823      -   122  477s

  4517  4304  683.04052  678  889          -  330.47265      -   122  480s

  4518  4304  613.22174  326  890          -  330.47272      -   121  485s

  4519  4305  392.95855  829  913          -  330.48605      -   121  495s

  4523  4308  402.05283  934  955          -  330.48857      -   121  505s

  4524  4308  382.23955   47  814          -  330.58518      -   121  517s

  4529  4312  363.58176   48  807          -  330.58518      -   121  522s

  4530  4312  633.34950  630  771          -  330.58518      -   121  526s

  4533  4314  336.65781    5  796          -  330.59084      -   121  532s

  4536  4316  395.70593  858  767          -  330.59595      -   121  536s

  4540  4319  631.00809  578  806          -  330.60022      -   121  544s

  4542  4320  598.10301  242  868          -  330.60342      -   121  545s

  4544  4322  361.82119   41  700          -  331.06795      -   121  558s

  4546  4323  331.13078   17  701          -  331.13078      -   121  560s

  4550  4326  404.72176  972  690          -  331.14238      -   121  568s

  4551  4326  412.54218 1053  633          -  331.57821      -   121  576s

  4556  4330  386.04889   34  613          -  331.65490      -   120  580s

  4564  4335  356.48206  276  573          -  331.68489      -   120  586s

  4565  4336  353.50711   31  607          -  331.72433      -   120  595s

  4571  4340  626.74594  521  661          -  331.80139      -   120  609s

  4572  4340  517.14292 1264  694          -  331.80521      -   120  610s

  4573  4341  717.29738  734  689          -  331.80521      -   120  616s

  4574  4342  405.79906   95  649          -  331.81322      -   120  624s

  4575  4342  367.37585  125  666          -  331.81399      -   120  625s

  4578  4344  387.29000  745  695          -  331.81464      -   120  631s

  4580  4346  414.45409 1067  720          -  331.82300      -   120  636s

  4581  4346  371.98095   51  694          -  331.82300      -   120  640s

  4582  4347  343.68557   25  698          -  331.82300      -   120  649s

  4584  4348  612.59374  299  716          -  331.82300      -   120  656s

  4585  4349  337.47832    7  728          -  331.82300      -   120  661s

  4586  4350  619.13325  423  713          -  331.82300      -   120  665s

  4587  4350  366.63960  378  682          -  331.83140      -   120  671s

  4595  4356  588.71402  347  712          -  331.87068      -   119  675s

  4596  4356  591.37652   72  617          -  331.97729      -   119  682s

  4599  4358  343.97157   31  670          -  331.97729      -   119  689s

  4600  4359  380.50075  620  634          -  331.99005      -   119  699s

  4602  4360  629.97015  565  644          -  331.99005      -   119  700s

  4603  4361  396.03314   91  620          -  331.99005      -   119  706s

  4604  4362  378.93300  267  639          -  331.99005      -   119  710s

  4606  4363  370.46689  565  669          -  331.99317      -   119  715s

  4607  4364  357.81225  271  631          -  332.01405      -   119  723s

  4611  4366  682.88420  676  670          -  332.02203      -   119  729s

  4612  4367  473.71905  340  653          -  332.02745      -   119  737s

  4613  4368  353.62307  180  665          -  332.02745      -   119  743s

  4614  4368  367.36688   76  684          -  332.04471      -   119  749s

  4615  4369  371.06337  597  750          -  332.04471      -   119  750s

  4617  4370  683.04052  678  662          -  332.05660      -   119  759s

  4618  4371  613.22174  326  701          -  332.06086      -   119  760s

H 4620  4150                    1362.9000000  332.06449  75.6%   119  763s

H 4620  3939                    1362.7300000  332.06449  75.6%   119  763s

H 4620  3739                    1355.3300000  332.06449  75.5%   119  763s

H 4620  3549                    1352.7400000  332.06883  75.5%   119  764s

H 4620  3369                    1350.9700000  332.06883  75.4%   119  764s

H 4620  3197                    1347.2500000  332.06883  75.4%   119  764s

  4622  3199  332.06883   11  729 1347.25000  332.06883  75.4%   119  765s

  4625  3201  383.47152  642  770 1347.25000  332.06883  75.4%   119  776s

  4628  3203  368.50170  140  758 1347.25000  332.07180  75.4%   119  783s

  4633  3206  336.65781    5  755 1347.25000  332.07312  75.4%   118  786s

H 4633  3043                    1343.0000000  332.10904  75.3%   118  795s

  4640  3048  631.00809  578  823 1343.00000  332.14202  75.3%   118  801s

  4644  3050  361.82119   41  755 1343.00000  332.16934  75.3%   118  805s

  4649  3054  632.87482  632  860 1343.00000  332.17951  75.3%   118  813s

  4652  3056  576.38707   54  790 1343.00000  332.18281  75.3%   118  815s

H 4652  2900                    1341.8600000  332.20171  75.2%   118  818s

  4655  2902  404.72130  967  871 1341.86000  332.20341  75.2%   118  820s

  4659  2904  401.29790  917  769 1341.86000  332.21218  75.2%   118  825s

  4665  2908  353.50711   31  703 1341.86000  332.22793  75.2%   118  830s

  4671  2912  626.74594  521  727 1341.86000  332.23230  75.2%   118  836s

H 4672  2763                    1338.7600000  332.23230  75.2%   117  840s

H 4672  2621                    1332.7600000  332.23230  75.1%   117  840s

  4676  2624  620.70609  458  745 1332.76000  332.23881  75.1%   117  845s

  4677  2624  359.74454  273  745 1332.76000  332.23887  75.1%   117  863s

  4678  2628  332.46404   11 1022 1332.76000  332.23938  75.1%   156  872s

  4680  2631  332.48719   12 1060 1332.76000  332.46458  75.1%   157  878s

  4684  2638  333.77797   13  467 1332.76000  332.48719  75.1%   159  887s

  4692  2643  334.03973   14 1084 1332.76000  332.98026  75.0%   166  892s

  4700  2662  337.39062   15  498 1332.76000  332.98026  75.0%   169  899s

H 4715  2522                    1329.3300000  332.98026  75.0%   172  899s

  4721  2538  337.39062   16  481 1329.33000  332.98026  75.0%   173  904s

  4739  2547  337.57289   17  467 1329.33000  332.98026  75.0%   178  907s

H 4757  2412                    1328.6600000  332.98026  74.9%   181  907s

  4758  2426  338.02101   18  499 1328.66000  332.98026  74.9%   181  912s

  4773  2434  339.69035   19  971 1328.66000  332.98026  74.9%   184  917s

  4786  2440  338.40707   19  789 1328.66000  332.98026  74.9%   187  921s

H 4788  2317                    1316.7300000  332.98026  74.7%   187  921s

H 4790  2202                    1289.2300000  332.98026  74.2%   188  921s

H 4792  2090                    1266.7900000  332.98026  73.7%   188  921s

  4796  2101  339.08923   20  826 1266.79000  332.98026  73.7%   188  926s

  4808  2109  339.89767   21  321 1266.79000  332.98026  73.7%   191  933s

  4820  2120  341.80810   22  291 1266.79000  332.98026  73.7%   195  939s

H 4835  2026                    1265.4500000  332.98026  73.7%   198  944s

  4850  2035  343.85879   23  389 1265.45000  332.98026  73.7%   201  949s

  4864  2045  342.32982   24  322 1265.45000  332.98026  73.7%   204  953s

H 4879  1950                    1235.2700000  332.98026  73.0%   205  956s

  4905  1968  344.15085   27  823 1235.27000  332.98026  73.0%   210  964s

H 4913  1872                    1205.7000000  332.98026  72.4%   212  964s

  4916  1879  369.77483   27  708 1205.70000  332.98026  72.4%   214  967s

H 4917  1788                    1192.8700000  332.98026  72.1%   214  967s

  4924  1794  344.15131   28  809 1192.87000  332.98026  72.1%   215  974s

  4932  1799  347.32683   28  311 1192.87000  332.98026  72.1%   216  982s

  4948  1810  354.63313   29  268 1192.87000  332.98026  72.1%   221  989s

  4956  1815  345.00655   30  829 1192.87000  332.98026  72.1%   224  994s

  4964  1821  357.48792   30  296 1192.87000  332.98026  72.1%   226  999s

  4972  1826  345.05098   31  833 1192.87000  332.98026  72.1%   228 1005s

  4980  1830 infeasible   31      1192.87000  332.98026  72.1%   229 1011s

  4989  1835  345.44009   32  387 1192.87000  332.98026  72.1%   231 1016s

  4997  1841  346.95373   33  792 1192.87000  332.98026  72.1%   232 1022s

  5005  1846  348.85678   33  787 1192.87000  332.98026  72.1%   233 1027s

  5013  1851  346.95373   34  814 1192.87000  332.98026  72.1%   234 1034s

  5021  1857  357.88326   34  469 1192.87000  332.98026  72.1%   236 1040s

  5029  1862  346.95582   35  823 1192.87000  332.98026  72.1%   237 1045s

  5046  1871  347.73164   36  840 1192.87000  332.98026  72.1%   240 1053s

  5054  1877  427.56311   36  308 1192.87000  332.98026  72.1%   242 1061s

  5062  1882  347.73315   37  815 1192.87000  332.98026  72.1%   242 1068s

  5070  1887  347.86465   37  809 1192.87000  332.98026  72.1%   244 1075s

  5078  1893  347.73315   38  840 1192.87000  332.98026  72.1%   245 1082s

  5086  1898  347.73320   38  777 1192.87000  332.98026  72.1%   247 1089s

  5094  1903  347.89107   39  841 1192.87000  332.98026  72.1%   248 1096s

  5102  1915  426.23856   39  394 1192.87000  332.98026  72.1%   250 1103s

H 5113  1826                    1189.2600000  332.98026  72.0%   251 1103s

  5116  1862  347.96195   40  889 1189.26000  332.98026  72.0%   251 1115s

  5154  1884  357.34914   41  308 1189.26000  332.98026  72.0%   258 1125s

H 5174  1797                    1184.4400000  332.98026  71.9%   260 1125s

H 5180  1718                    1180.1600000  332.98026  71.8%   261 1125s

  5189  1767  348.31856   43  877 1180.16000  332.98026  71.8%   262 1134s

  5241  1760  362.25056   46  434 1180.16000  332.98026  71.8%   268 1144s

H 5244  1686                    1176.9500000  332.98026  71.7%   268 1144s

H 5250  1615                    1175.2500000  332.98026  71.7%   268 1144s

  5252  1667  348.45574   48  915 1175.25000  332.98026  71.7%   268 1156s

  5306  1657  348.48519   51  810 1175.25000  332.98026  71.7%   274 1166s

  5314  1662  391.18995   51  358 1175.25000  332.98026  71.7%   274 1175s

  5322  1667  348.52822   52  854 1175.25000  332.98026  71.7%   275 1186s

  5330  1674  393.59148   52  379 1175.25000  332.98026  71.7%   276 1194s

H 5334  1606                    1167.7400000  332.98026  71.5%   276 1194s

  5339  1650  348.53053   53  866 1167.74000  332.98026  71.5%   277 1208s

  5384  1665  348.53163   56  861 1167.74000  332.98026  71.5%   280 1221s

H 5394  1598                    1162.9900000  332.98026  71.4%   281 1221s

  5414  1612  348.53163   58  846 1162.99000  332.98026  71.4%   284 1233s

  5434  1616  348.53163   61  848 1162.99000  332.98026  71.4%   286 1244s

  5445  1625  348.53163   62  812 1162.99000  332.98026  71.4%   288 1256s

H 5457  1562                    1162.7500000  332.98026  71.4%   289 1256s

  5458  1632  348.65754   62  783 1162.75000  332.98026  71.4%   289 1268s

  5528  1670  348.55716   65  873 1162.75000  332.98026  71.4%   296 1281s

  5594  1656  348.53711   69  847 1162.75000  332.98026  71.4%   301 1293s

H 5599  1597                    1145.3300000  332.98026  70.9%   301 1293s

  5602  1686  348.73436   69  830 1145.33000  332.98026  70.9%   302 1307s

  5692  1664  351.72078   73  294 1145.33000  332.98026  70.9%   308 1320s

  5700  1669  425.59096   73  375 1145.33000  332.98026  70.9%   308 1333s

  5708  1706  351.72287   74  307 1145.33000  332.98026  70.9%   308 1347s

  5748  1772  352.21504   78  320 1145.33000  332.98026  70.9%   312 1359s

  5832  1833  352.77674   84  326 1145.33000  332.98026  70.9%   316 1377s

  5921  1899  353.26971   90  334 1145.33000  332.98026  70.9%   321 1396s

  6025  1976  354.68818   96  289 1145.33000  332.98026  70.9%   324 1418s

  6146  2065  355.14644  102  391 1145.33000  332.98026  70.9%   328 1433s

  6291  2147  373.92409  106  364 1145.33000  332.98026  70.9%   332 1453s

  6436  2216  383.83602  113  330 1145.33000  332.98026  70.9%   336 1477s

  6597  2293  387.43815  123  335 1145.33000  332.98026  70.9%   341 1496s

  6760  2248  397.58556  134  317 1145.33000  332.98026  70.9%   345 1510s

  6769  2253  466.96175  134  262 1145.33000  332.98026  70.9%   345 1526s

  6777  2294  397.76885  135  311 1145.33000  332.98026  70.9%   345 1543s

H 6803  2233                    1142.3500000  332.98026  70.9%   346 1543s

  6831  2348  398.66837  137  298 1142.35000  332.98026  70.9%   347 1564s

  6979  2459  428.93494  148  266 1142.35000  332.98026  70.9%   350 1583s

  7175  2538  430.32825  160  223 1142.35000  332.98026  70.9%   351 1606s

H 7343  2446                    1137.2300000  333.78495  70.6%   354 1628s

H 7344  2444                    1137.0600000  333.78495  70.6%   354 1628s

  7358  2609 infeasible  171      1137.06000  333.78495  70.6%   354 1652s

  7540  2796 infeasible  181      1137.06000  333.78495  70.6%   355 1677s

  7770  3009  661.02804  197  221 1137.06000  333.78495  70.6%   355 1703s

  8032  3233  694.90397  217  224 1137.06000  333.78495  70.6%   356 1731s

  8328  3379  906.75427  235  183 1137.06000  333.78495  70.6%   354 1751s

  8477  3454  868.40296  236  174 1137.06000  333.78495  70.6%   353 1775s

  8554  3700 infeasible  236      1137.06000  333.78495  70.6%   353 1806s

  8837  3976  915.29798  237  155 1137.06000  334.64211  70.6%   349 1836s

  9226  4071  349.54039   28  411 1137.06000  335.06609  70.5%   344 1865s

H 9319  4070                    1126.7600000  335.06609  70.3%   345 1865s

  9322  4419  359.48515   47  221 1126.76000  335.06609  70.3%   345 1897s

  9685  4796  370.37105   66  266 1126.76000  335.06609  70.3%   341 1927s

 10107  4819  400.38828  102  216 1126.76000  335.06609  70.3%   336 1956s

 10134  4880  404.23094  104  202 1126.76000  335.06609  70.3%   336 1988s

 10197  5019  425.32980  104  193 1126.76000  335.06609  70.3%   336 2014s

 10344  5179  530.89216  139  199 1126.76000  335.06609  70.3%   336 2047s

 10515  5682  497.09695  170  211 1126.76000  335.06609  70.3%   335 2081s

 11101  6130  615.63361  225  160 1126.76000  335.80234  70.2%   326 2126s

 11634  6368  338.39720   24  465 1126.76000  335.80234  70.2%   322 2159s

 11890  6668  364.92876   44  377 1126.76000  335.80234  70.2%   325 2196s

 12252  7741  370.89714   65  370 1126.76000  335.80234  70.2%   325 2239s

 13381  7748  596.04541  192  217 1126.76000  336.14320  70.2%   314 2270s

 13390  7948 infeasible  191      1126.76000  336.14320  70.2%   315 2315s

H13602  7942                    1115.7100000  336.14320  69.9%   315 2315s

 13631  8377  763.06707  226  258 1115.71000  336.14320  69.9%   315 2355s

 14167  8728  366.93988   41  429 1115.71000  336.14320  69.9%   313 2396s

 14561 10002  631.42935   72  250 1115.71000  336.14320  69.9%   313 2471s

 16091 10018  518.30912  122  218 1115.71000  336.80526  69.8%   304 2492s

 16119 10157  530.95750  127  253 1115.71000  336.80526  69.8%   304 2512s

 16278 10263  546.14590  149  207 1115.71000  336.80526  69.8%   303 2535s

 16384 10518  556.59351  157  215 1115.71000  336.80526  69.8%   303 2562s

 16641 10882  949.52182  284  158 1115.71000  336.80526  69.8%   301 2588s

 17076 11551  393.89113   31  433 1115.71000  336.80526  69.8%   297 2628s

 17812 11824  948.06832  128  216 1115.71000  337.03990  69.8%   293 2658s

 18136 12615  340.31929   25  852 1115.71000  337.03990  69.8%   292 2700s

 18985 12974  571.72505   97  305 1115.71000  337.23449  69.8%   288 2735s

 19423 13603  807.61052  133  201 1115.71000  337.36080  69.8%   288 2770s

 20092 13940  371.10938   52  385 1115.71000  337.36080  69.8%   289 2809s

 20448 14882  484.17395   91  271 1115.71000  337.36080  69.8%   290 2843s

 21462 14934  967.64785  335  200 1115.71000  337.36080  69.8%   286 2878s

 21554 15095  341.52387   26  441 1115.71000  337.36080  69.8%   288 2915s

 21796 15443  393.19805   31  315 1115.71000  337.36080  69.8%   291 2951s

 22214 15937  578.84354   45  294 1115.71000  337.36080  69.8%   292 2999s

 22803 16692  340.27598   27  495 1115.71000  337.75441  69.7%   292 3045s

 23732 16864  685.93670  132  265 1115.71000  338.08341  69.7%   291 3097s

 23920 17653  365.33064   34  367 1115.71000  338.09599  69.7%   296 3149s

H24597 17653                    1115.7099662  338.09599  69.7%   298 3149s

 24801 17723  382.16626   55  383 1115.70997  338.09599  69.7%   298 3191s

 24892 17817  444.15854   82  304 1115.70997  338.09599  69.7%   299 3235s

 25014 18211  445.60083   83  288 1115.70997  338.09599  69.7%   299 3280s

 25418 18758  679.28045  169  227 1115.70997  338.09599  69.7%   300 3336s

 26033 20361  378.92420   39  283 1115.70997  338.09599  69.7%   300 3384s

 27986 20369  887.15395  229  133 1115.70997  338.15426  69.7%   291 3424s

H27987 20366                    1113.4800000  338.15426  69.6%   291 3424s

 27994 20840  959.92667  233  154 1113.48000  338.15426  69.6%   291 3466s

 28515 20856  383.96701   55  344 1113.48000  338.15426  69.6%   291 3514s

 28531 20903  390.71436   57  359 1113.48000  338.15426  69.6%   291 3557s

 28578 21607  405.97207   68  351 1113.48000  338.15426  69.6%   291 3604s

 28972 21607  561.33456  117  252 1113.48000  338.15426  69.6%   289 3605s

 29363 23483  562.28863  148  236 1113.48000  338.15426  69.6%   287 3708s

H29699 23482                    1110.5000000  338.15426  69.5%   286 3708s

 31395 23771  569.57405  149  245 1110.50000  338.64009  69.5%   280 3745s

 31708 24543  979.62785  271  210 1110.50000  338.64009  69.5%   280 3786s

 32523 24827  984.88025  272  217 1110.50000  338.64009  69.5%   277 3821s

 32862 25901  377.27172   30  389 1110.50000  338.64009  69.5%   278 3871s

 34049 26186 infeasible  113      1110.50000  338.89794  69.5%   277 3921s

 34394 27112  343.28553   41  458 1110.50000  338.93246  69.5%   280 3977s

 35492 27289  395.58462   64  361 1110.50000  338.94162  69.5%   279 4008s

 35672 27861  392.92945   64  366 1110.50000  338.94162  69.5%   279 4050s

 36324 27868  397.15931   65  379 1110.50000  338.94162  69.5%   276 4090s

H36325 27868                    1109.9400000  338.94162  69.5%   276 4090s

 36333 28360  398.74954   66  401 1109.94000  338.94162  69.5%   276 4126s

 36876 30086  436.28546   99  304 1109.94000  338.94162  69.5%   275 4188s

 38765 31150  362.87717   42  332 1109.94000  339.05907  69.5%   270 4229s

 39988 31791  369.56439   26  374 1109.94000  339.05907  69.5%   268 4270s

 40644 32960  423.18185   53  321 1109.94000  339.19058  69.4%   266 4316s

 41934 33361  364.09191   41  396 1109.94000  339.27127  69.4%   264 4357s

 42359 34162  431.88513  104  266 1109.94000  339.27127  69.4%   264 4404s

 43240 34707  396.94869   36  323 1109.94000  339.27127  69.4%   262 4429s

 43805 35596  471.51703  120  261 1109.94000  339.27127  69.4%   262 4506s

 44805 36562  364.28014   19  362 1109.94000  339.35247  69.4%   262 4570s

 45914 38053  352.12170   27  350 1109.94000  339.38975  69.4%   261 4614s

 46902 38053  642.94559  149  204 1109.94000  339.43710  69.4%   259 4615s

 47526 38061  345.83186   29  362 1109.94000  339.43710  69.4%   257 4647s

 47534 38068  345.83186   30  362 1109.94000  339.43710  69.4%   257 4675s

 47543 38131  370.47013   30  346 1109.94000  339.43710  69.4%   257 4705s

 47646 38252  346.92879   31  343 1109.94000  339.43710  69.4%   258 4736s

 47769 38423  348.36566   31  290 1109.94000  339.43710  69.4%   259 4767s

 47954 38733  349.63638   37  284 1109.94000  339.43710  69.4%   259 4802s

 48292 39034  368.92236   48  325 1109.94000  339.43710  69.4%   260 4842s

 48617 39634  444.17361   59  284 1109.94000  339.43710  69.4%   262 4883s

 49270 40801  441.92074   93  252 1109.94000  339.43710  69.4%   262 4934s

 50719 40804 infeasible  206      1109.94000  339.45758  69.4%   261 4969s

 50742 40834 infeasible  206      1109.94000  339.45758  69.4%   261 5002s

 50784 41162  351.17718   31  468 1109.94000  339.45758  69.4%   261 5042s

 51177 41787  462.76701  100  241 1109.94000  339.45758  69.4%   261 5084s

 51834 42444  837.72191  229  158 1109.94000  339.45758  69.4%   260 5131s

 52580 43127  356.11751   36  358 1109.94000  339.55044  69.4%   260 5177s

 53413 43451  458.85437   92  346 1109.94000  339.70982  69.4%   260 5217s

 53739 44857  470.02355   93  348 1109.94000  339.70982  69.4%   261 5264s

 55282 45380  473.09465   94  337 1109.94000  339.71377  69.4%   258 5304s

 55887 46417  572.07541  106  320 1109.94000  339.71377  69.4%   257 5347s

 57022 46423     cutoff  256      1109.94000  339.74389  69.4%   257 5385s

 57038 46437  342.77489   32  497 1109.94000  339.74389  69.4%   257 5424s

 57067 46657  343.66670   33  491 1109.94000  339.74389  69.4%   257 5463s

 57310 47055  400.93379   69  315 1109.94000  339.74389  69.4%   257 5503s

 57800 47414 infeasible  206      1109.94000  339.78315  69.4%   257 5549s

 58226 48769  387.30332   40  398 1109.94000  339.80797  69.4%   257 5600s

 59783 49407 infeasible   41      1109.94000  339.80797  69.4%   256 5669s

 60596 51574  491.45777   54  259 1109.94000  340.12150  69.4%   257 5757s

 62924 52750  462.57804   96  242 1109.94000  340.16847  69.4%   255 5802s

 64174 53348 1005.05980  292  158 1109.94000  340.16847  69.4%   253 5837s

 64805 54175  378.00564   34  404 1109.94000  340.16847  69.4%   252 5882s

 65733 55010  501.39418  123  317 1109.94000  340.16847  69.4%   252 5924s

 66622 55476  366.00807   53  468 1109.94000  340.16847  69.4%   252 5962s

 67126 56424  505.26755   96  232 1109.94000  340.16847  69.4%   251 6010s

 68140 57529  371.70500   39  304 1109.94000  340.16847  69.4%   251 6056s

 69398 57693  399.88433   61  286 1109.94000  340.27336  69.3%   249 6093s

 69572 58661  461.90182   93  285 1109.94000  340.27336  69.3%   250 6129s

 70573 59582  368.74870   24  406 1109.94000  340.27336  69.3%   249 6171s

 71579 59849  589.00297   95  242 1109.94000  340.27336  69.3%   248 6210s

 71877 60852  931.14895  182  162 1109.94000  340.27336  69.3%   248 6255s

 72993 61625  541.20687   72  217 1109.94000  340.33409  69.3%   247 6297s

 73872 61790  417.40618   49  470 1109.94000  340.33409  69.3%   247 6340s

 74056 62529  480.16220   66  337 1109.94000  340.34143  69.3%   247 6387s

 74896 63688  368.59054   55  482 1109.94000  340.41487  69.3%   247 6480s

 76150 64637  368.42646   25  318 1109.94000  340.41487  69.3%   246 6543s

 77213 65886  469.94079   83  239 1109.94000  340.42658  69.3%   247 6597s

 78606 66214  411.31635   59  419 1109.94000  340.53656  69.3%   245 6635s

 78993 67458  471.20944   93  389 1109.94000  340.53656  69.3%   246 6688s

 80283 68689  343.99741   24  413 1109.94000  340.53656  69.3%   244 6737s

 81657 68981  520.41991  103  312 1109.94000  340.53656  69.3%   242 6772s

 81967 70092  729.89884  163  246 1109.94000  340.53656  69.3%   242 6822s

 83183 70759  447.46563   65  313 1109.94000  340.53656  69.3%   241 6864s

 83899 71207  368.07487   40  317 1109.94000  340.53656  69.3%   241 6909s

 84444 71425  410.60010   80  357 1109.94000  340.53656  69.3%   242 6950s

 84662 72681  430.60966  103  293 1109.94000  340.53656  69.3%   242 6989s

 86047 73262  616.27992  215  180 1109.94000  340.53656  69.3%   241 7028s

 86733 73509  357.62309   48  499 1109.94000  340.61027  69.3%   241 7072s

 87052 74415  365.79780   62  449 1109.94000  340.61027  69.3%   241 7118s

 88022 75192  397.05522   97  359 1109.94000  340.61027  69.3%   241 7161s

 88923 75474  461.76688  124  248 1109.94000  340.61027  69.3%   240 7197s

 89223 76159  540.36413  131  238 1109.94000  340.68172  69.3%   241 7236s

 89970 77166  346.63546   37  464 1109.94000  340.71219  69.3%   241 7339s

 91178 77504  442.90330   72  257 1109.94000  340.73384  69.3%   242 7406s

 91586 78546  873.28966  137  199 1109.94000  340.73384  69.3%   243 7480s

 92871 78805  674.19371  163  219 1109.94000  340.73384  69.3%   243 7533s

 93226 79878  501.75605   50  310 1109.94000  340.81302  69.3%   244 7603s

 94494 80338  525.75980   73  255 1109.94000  340.91075  69.3%   243 7662s

 95000 81490  343.83720   26  525 1109.94000  340.91075  69.3%   243 7724s

 96279 82084  592.86936  121  314 1109.94000  340.91075  69.3%   243 7777s

 96923 82609  349.63605   30  635 1109.94000  340.91075  69.3%   243 7832s

 97502 83001  552.43170   73  272 1109.94000  340.91075  69.3%   243 7903s

 97986 83900  451.59523   54  368 1109.94000  340.91075  69.3%   244 7962s

 99017 84160  593.18170   97  252 1109.94000  341.08776  69.3%   244 8015s

 99308 85256  849.11730  147  217 1109.94000  341.08776  69.3%   245 8078s

 100548 85608  718.22486  208  267 1109.94000  341.18724  69.3%   244 8135s

 100947 86640  356.35814   29  378 1109.94000  341.18724  69.3%   244 8195s

 102093 87531  708.82779  159  275 1109.94000  341.18724  69.3%   244 8256s

 103137 87997  417.53999   81  321 1109.94000  341.18724  69.3%   244 8312s

 103684 88886  509.40944  148  288 1109.94000  341.18724  69.3%   244 8377s

 104701 89910  485.14062   74  298 1109.94000  341.18724  69.3%   244 8470s

 105902 90149  615.78854  142  239 1109.94000  341.35515  69.2%   244 8522s

 106181 90980  381.22663   31  394 1109.94000  341.37002  69.2%   245 8589s

 107144 91071  382.30232   73  391 1109.94000  341.39507  69.2%   245 8651s

 107248 91079  425.73448   86  344 1109.94000  341.39507  69.2%   246 8712s

 107256 91087  429.44382   87  384 1109.94000  341.39507  69.2%   246 8784s

 107264 91231  429.44382   88  384 1109.94000  341.39507  69.2%   246 8851s

 107439 91718  432.90589   89  362 1109.94000  341.39507  69.2%   246 8917s

 107953 92297  576.14071  162  269 1109.94000  341.39507  69.2%   246 9003s

 108679 93520  351.15461   38  416 1109.94000  341.40091  69.2%   246 9093s

 110063 94060  471.02170   36  294 1109.94000  341.40091  69.2%   246 9169s

 110680 95489  341.54817   19  391 1109.94000  341.40091  69.2%   247 9248s

 112247 96569  868.24226  202  278 1109.94000  341.52418  69.2%   246 9320s

 113467 97157  570.37199  108  290 1109.94000  341.52418  69.2%   246 9379s

 114126 98085  896.42258  216  208 1109.94000  341.52418  69.2%   246 9453s

 115182 98831  452.34368   42  368 1109.94000  341.52418  69.2%   247 9517s

 116125 99556  382.78356   72  397 1109.94000  341.52418  69.2%   247 9581s

 116916 100110  353.32288   25  589 1109.94000  341.52418  69.2%   248 9649s

 117578 101337  443.94809   58  301 1109.94000  341.52418  69.2%   248 9728s

 118941 102217  454.07223   55  340 1109.94000  341.60603  69.2%   247 9791s

 119935 102834  458.96468   49  286 1109.94000  341.68178  69.2%   248 9870s

 120679 104219  353.59663   48  388 1109.94000  341.75215  69.2%   248 9956s

 122180 105286  410.70711   49  368 1109.94000  341.83129  69.2%   248 10009s

 123362 105600  401.73353   68  404 1109.94000  341.83244  69.2%   248 10053s

 123689 106590  497.42903  104  253 1109.94000  341.83244  69.2%   248 10114s

 124842 107542  553.44333   81  259 1109.94000  341.88455  69.2%   248 10173s

 125921 107860  370.32283   44  488 1109.94000  341.92765  69.2%   248 10215s

 126239 109094  437.05812   81  345 1109.94000  341.96352  69.2%   249 10272s

 127609 109865  387.04820   29  540 1109.94000  341.96352  69.2%   248 10320s

 128411 110180  533.87304   92  308 1109.94000  341.96352  69.2%   248 10360s

 128770 111140  685.57450  158  196 1109.94000  341.96352  69.2%   248 10409s

 129480 111140  726.94666  143  248 1109.94000  342.00210  69.2%   248 10410s

 129860 111894  532.17848   64  252 1109.94000  342.00210  69.2%   248 10457s

 130755 112200  583.95856  113  199 1109.94000  342.05754  69.2%   248 10506s

 131125 113032  421.67377   44  254 1109.94000  342.09051  69.2%   248 10560s

 132080 113503  401.71127   51  291 1109.94000  342.09382  69.2%   248 10606s

 132596 113989  741.00851  144  256 1109.94000  342.09382  69.2%   248 10652s

 133140 114984  375.83266   32  446 1109.94000  342.09382  69.2%   248 10699s

 134202 116070  754.17916  194  179 1109.94000  342.09382  69.2%   248 10753s

 135437 116782  489.17409   70  358 1109.94000  342.16846  69.2%   247 10819s

 136173 118226  965.58800  190  254 1109.94000  342.16846  69.2%   247 10910s

 137826 118704  989.90442  182  214 1109.94000  342.19431  69.2%   247 10961s

 138367 119648  500.26068   82  255 1109.94000  342.19893  69.2%   248 11022s

 139490 120015  386.33952   47  285 1109.94000  342.19893  69.2%   248 11071s

 139952 121199  370.89508   38  324 1109.94000  342.24467  69.2%   248 11128s

 141274 121456  363.19669   23  481 1109.94000  342.24467  69.2%   248 11175s

 141597 122029  503.45849   50  296 1109.94000  342.24467  69.2%   248 11227s

 142312 122196  393.74937   34  344 1109.94000  342.31451  69.2%   249 11270s

 142499 122613 1060.58033   61  148 1109.94000  342.32794  69.2%   249 11313s

 142971 123284  446.37873   54  304 1109.94000  342.32794  69.2%   250 11380s

 143863 123666 infeasible  127      1109.94000  342.35639  69.2%   250 11433s

 144298 124634  626.51682   82  263 1109.94000  342.35639  69.2%   250 11496s

 145393 125131  662.14486  111  255 1109.94000  342.36641  69.2%   250 11542s

 145943 126475  413.26986   44  496 1109.94000  342.38853  69.2%   251 11597s

 147396 126748  398.28908   33  494 1109.94000  342.38853  69.2%   250 11650s

 147713 127602  505.17618   50  385 1109.94000  342.41710  69.1%   250 11717s

 148709 128471  433.07649   86  302 1109.94000  342.50570  69.1%   251 11777s

 149745 128597  500.27204   62  263 1109.94000  342.53993  69.1%   251 11827s

 149893 129353  565.05722   88  286 1109.94000  342.53993  69.1%   251 11908s

 150729 130087  481.29720   60  403 1109.94000  342.53993  69.1%   251 11979s

 151545 130634  902.86487  151  255 1109.94000  342.53993  69.1%   251 12055s

 152217 132143  464.22362   82  256 1109.94000  342.57803  69.1%   251 12133s

 153867 133090  579.17429  156  263 1109.94000  342.61454  69.1%   251 12195s

 154919 133454  358.56578   56  419 1109.94000  342.61454  69.1%   251 12247s

 155352 134109  563.02768   86  266 1109.94000  342.61454  69.1%   251 12310s

 156137 134299  501.19372   73  313 1109.94000  342.63516  69.1%   252 12368s

 156414 135211  647.91463   90  197 1109.94000  342.64409  69.1%   253 12436s

 157480 135651  380.09208   51  430 1109.94000  342.66893  69.1%   253 12489s

 157954 136409  768.27978   67  294 1109.94000  342.66893  69.1%   253 12550s

 158816 136802  377.35427   42  311 1109.94000  342.66893  69.1%   253 12606s

 159261 137716  470.61442   86  303 1109.94000  342.66893  69.1%   254 12672s

 160329 138231  429.16109   52  414 1109.94000  342.66893  69.1%   254 12727s

 160948 138419  550.68214   73  210 1109.94000  342.76904  69.1%   254 12790s

H161130 138407                    1104.2700000  342.76904  69.0%   254 12790s

 161210 139204  359.42084   36  469 1104.27000  342.76904  69.0%   255 12858s

 162148 139388 1043.37278  217  115 1104.27000  342.76904  69.0%   255 12917s

 162434 139697  435.28040   56  321 1104.27000  342.76904  69.0%   256 12980s

 162804 140750  486.77306   74  252 1104.27000  342.76904  69.0%   256 13064s

 163545 140750  355.37425   38  511 1104.27000  342.84762  69.0%   257 13065s

 164052 140862 infeasible  164      1104.27000  342.85408  69.0%   257 13116s

 164194 141226 infeasible  164      1104.27000  342.85408  69.0%   257 13180s

 164619 142227  367.78161   53  401 1104.27000  342.86839  69.0%   257 13262s

 165841 142601  405.10463   71  440 1104.27000  342.89752  68.9%   257 13300s

 166262 143691  466.89988   91  433 1104.27000  342.89752  68.9%   257 13367s

 167501 143999  397.91661   51  460 1104.27000  342.94453  68.9%   257 13407s

H167824 144006                    1103.6800000  342.94453  68.9%   257 13484s

H167825 144001                    1101.8300000  342.94453  68.9%   257 13484s

H167828 143867                    1086.4900000  342.94453  68.4%   257 13484s

 167832 144425  468.63100   75  345 1086.49000  342.94453  68.4%   257 13543s

 168476 145133  407.68001   27  459 1086.49000  342.94453  68.4%   258 13600s

 169262 145698  485.74954   49  362 1086.49000  342.94453  68.4%   257 13659s

 169895 145839  359.15724   33  468 1086.49000  342.94453  68.4%   258 13706s

 170064 145875  500.03355   70  423 1086.49000  342.94453  68.4%   258 13806s

 170100 145888  504.51795   75  474 1086.49000  342.94453  68.4%   258 13863s

 170123 145926  507.53082   76  425 1086.49000  342.94453  68.4%   258 13913s

 170161 146010  510.87970   77  455 1086.49000  342.94453  68.4%   258 13960s

H170162 145934                    1082.8800000  342.94453  68.3%   258 13960s

 170245 146460  512.96641   78  441 1082.88000  342.94453  68.3%   258 14018s

 170872 146843  835.01781  157  213 1082.88000  342.94453  68.3%   258 14076s

 171286 147842  360.50380   42  393 1082.88000  342.94453  68.3%   259 14140s

 172372 147914  471.29706   91  205 1082.88000  342.94453  68.3%   258 14194s

 172456 148200  711.76222   91  191 1082.88000  342.94453  68.3%   259 14244s

 172765 148679  472.10357   92  205 1082.88000  342.94453  68.3%   259 14301s

 173373 149316  481.97161   96  211 1082.88000  342.95989  68.3%   259 14372s

 174184 149504  350.93745   39  563 1082.88000  343.02527  68.3%   259 14400s



Cutting planes:

  Learned: 19

  Gomory: 68

  Lift-and-project: 32

  Cover: 120

  Implied bound: 323

  Projected implied bound: 71

  Clique: 539

  MIR: 342

  Mixing: 23

  StrongCG: 143

  Flow cover: 1011

  GUB cover: 18

  Inf proof: 2

  Zero half: 1147

  Mod-K: 1

  RLT: 56

  Relax-and-lift: 810



Explored 174396 nodes (45312130 simplex iterations) in 14400.62 seconds (13350.88 work units)

Thread count was 16 (of 16 available processors)



Solution count 10: 1082.88 1086.49 1101.83 ... 1115.71



Time limit reached

Best objective 1.082880000000e+03, best bound 3.430252662195e+02, gap 68.3229%



AMPL MP initial flat model has 20595 variables (0 integer, 20495 binary);

Objectives: 1 quadratic; 

Constraints:  3969 linear; 13 quadratic;



AMPL MP final model has 20595 variables (0 integer, 20495 binary);

Objectives: 1 quadratic; 

Constraints:  3969 linear; 13 quadratic;





-----RESULTS INFO-----
running_time:  14405.343
TC.best_bound:  343.0252662194984
TC:  1082.8799999999999
MIP Gap (%):  68.32287361300435
=== Vehicle Routes ===
Vehicle 1: 0 → 54
Vehicle 1: 1 → 11
Vehicle 1: 6 → 8
Vehicle 1: 7 → 9
Vehicle 1: 8 → 71
Vehicle 1: 9 → 1
Vehicle 1: 10 → 7
Vehicle 1: 11 → 6
Vehicle 1: 54 → 10
Vehicle 2: 0 → 13
Vehicle 2: 2 → 68
Vehicle 2: 13 → 14
Vehicle 2: 14 → 18
Vehicle 2: 18 → 70
Vehicle 2: 68 → 71
Vehicle 2: 70 → 2
Vehicle 3: 0 → 3
Vehicle 3: 3 → 50
Vehicle 3: 12 → 71
Vehicle 3: 48 → 60
Vehicle 3: 50 → 48
Vehicle 3: 52 → 12
Vehicle 3: 60 → 52
Vehicle 4: 0 → 4
Vehicle 4: 4 → 17
Vehicle 4: 5 → 71
Vehicle 4: 15 → 5
Vehicle 4: 17 → 20
Vehicle 4: 19 → 15
Vehicle 4: 20 → 19
Vehicle 5: 0 → 45
Vehicle 5: 16 → 71
Vehicle 5: 45 → 61
Vehicle 5: 61 → 16
Vehicle 6: 0 → 62
Vehicle 6: 42 → 71
Vehicle 6: 49 → 42
Vehicle 6: 62 → 49
Vehicle 7: 0 → 69
Vehicle 7: 43 → 71
Vehicle 7: 66 → 43
Vehicle 7: 69 → 66
Vehicle 8: 0 → 47
Vehicle 8: 47 → 64
Vehicle 8: 64 → 71
Vehicle 9: 0 → 57
Vehicle 9: 57 → 67
Vehicle 9: 67 → 71

=== Full Vehicle Routes ===
Vehicle 1: 0 → 54 → 10 → 7 → 9 → 1 → 11 → 6 → 8 → 0 (100<100)
Vehicle 2: 0 → 13 → 14 → 18 → 70 → 2 → 68 → 0 (100<100)
Vehicle 3: 0 → 3 → 50 → 48 → 60 → 52 → 12 → 0 (96<100)
Vehicle 4: 0 → 4 → 17 → 20 → 19 → 15 → 5 → 0 (98<100)
Vehicle 5: 0 → 45 → 61 → 16 → 0 (99<100)
Vehicle 6: 0 → 62 → 49 → 42 → 0 (94<100)
Vehicle 7: 0 → 69 → 66 → 43 → 0 (99<100)
Vehicle 8: 0 → 47 → 64 → 0 (99<100)
Vehicle 9: 0 → 57 → 67 → 0 (100<100)
Arc used by MRT line: y variables:
Customer assigment to PL: u variables:
21 64
22 69
23 69
24 67
25 68
26 64
27 67
28 67
29 67
30 70
31 64
32 62
33 61
34 67
35 64
36 61
37 66
38 61
39 70
40 61
41 67
44 61
46 69
51 69
53 64
55 64
56 66
58 61
59 69
Node is served by regular vehicle: g variables:
1
2
3
4
5
6
7
8
9
10
11
12
13
14
15
16
17
18
19
20
42
43
45
47
48
49
50
52
54
57
60
67
68
69
70
61
62
64
66
Customer assigment to Home delivery: gm variables:
1
2
3
4
5
6
7
8
9
10
11
12
13
14
15
16
17
18
19
20
42
43
45
47
48
49
50
52
54
57
60
Node total demands: ntd variables:
1 2 1
2 20 1
3 13 1
4 11 1
5 18 1
6 14 1
7 24 1
8 7 1
9 22 1
10 18 1
11 4 1
12 19 1
13 8 1
14 19 1
15 18 1
16 27 1
17 16 1
18 18 1
19 12 1
20 23 1
41 0 0
42 7 1
43 11 1
44 0 0
45 8 1
46 0 0
47 10 1
48 3 1
49 72 1
50 14 1
51 0 0
52 24 1
53 0 0
54 9 1
55 0 0
56 0 0
57 19 1
58 0 0
59 0 0
60 23 1
67 81 1
68 12 1
69 67 1
70 23 1
61 64 1
62 15 1
63 0 0
64 89 1
65 0 0
66 21 1
Customer's demand delivered to PL: l variables:
21
22
23
24
25
26
27
28
29
30
31
32
33
34
35
36
37
38
39
40
41
44
46
51
53
55
56
58
59
Lockers load <= capacity:
81 <= 93
12 <= 77
67 <= 78
23 <= 100
64 <= 85
15 <= 96
0 <= 89
89 <= 89
0 <= 100
21 <= 94
