Gurobi 12.0.3:   lim:time = 14400

  mip:bestbound = 1

Set parameter LogToConsole to value 1

  tech:outlev = 1

Set parameter Cuts to value 3

  cut:cuts = 3

Set parameter Presolve to value 2

  pre:solve = 2

Set parameter MIPFocus to value 2

  mip:focus = 2

Set parameter Symmetry to value 2

  mip:symmetry = 2

Set parameter InfUnbdInfo to value 1

Gurobi Optimizer version 12.0.3 build v12.0.3rc0 (win64 - Windows 10.0 (19045.2))



CPU model: Intel(R) Core(TM) i7-10700 CPU @ 2.90GHz, instruction set [SSE2|AVX|AVX2]

Thread count: 8 physical cores, 16 logical processors, using up to 16 threads



Non-default parameters:

TimeLimit  14400

MIPFocus  2

Symmetry  2

Cuts  3

InfUnbdInfo  1

Presolve  2



Optimize a model with 3728 rows, 17957 columns and 114326 nonzeros

Model fingerprint: 0xea8896ba

Model has 2 quadratic objective terms

Model has 10 quadratic constraints

Variable types: 97 continuous, 17860 integer (0 binary)

Coefficient statistics:

  Matrix range     [1e+00, 1e+05]

  QMatrix range    [1e+00, 1e+00]

  QLMatrix range   [1e+00, 2e+01]

  Objective range  [1e+00, 1e+02]

  QObjective range [2e+00, 2e+00]

  Bounds range     [1e+00, 1e+02]

  RHS range        [1e+00, 1e+05]

  QRHS range       [1e+02, 1e+02]

Presolve removed 160 rows and 458 columns

Presolve time: 4.51s

Presolved: 14503 rows, 28421 columns, 139999 nonzeros

Variable types: 781 continuous, 27640 integer (25075 binary)

Root relaxation presolve removed 5 rows and 6 columns

Root relaxation presolved: 14498 rows, 28415 columns, 266279 nonzeros



Deterministic concurrent LP optimizer: primal and dual simplex

Showing primal log only...





Root simplex log...



Iteration    Objective       Primal Inf.    Dual Inf.      Time

       0    1.5381300e+03   2.728535e+02   4.875004e+09     11s

Concurrent spin time: 0.05s



Solved with dual simplex



Root simplex log...



Iteration    Objective       Primal Inf.    Dual Inf.      Time

    1323    1.6490464e+02   0.000000e+00   0.000000e+00     11s



Root relaxation: objective 1.649046e+02, 1323 iterations, 0.75 seconds (0.48 work units)

Total elapsed time = 12.37s (DegenMoves)



    Nodes    |    Current Node    |     Objective Bounds      |     Work

 Expl Unexpl |  Obj  Depth IntInf | Incumbent    BestBd   Gap | It/Node Time



     0     0  164.90464    0  220          -  164.90464      -     -   12s

     0     0  240.92223    0  187          -  240.92223      -     -   18s

     0     0  240.92223    0  195          -  240.92223      -     -   18s

     0     0  240.92223    0  189          -  240.92223      -     -   18s

     0     0  241.01797    0  243          -  241.01797      -     -   21s

     0     0  241.35543    0  211          -  241.35543      -     -   22s

     0     0  246.76177    0  238          -  246.76177      -     -   26s

     0     0  252.45082    0  216          -  252.45082      -     -   27s

     0     0  252.75824    0  220          -  252.75824      -     -   27s

     0     0  253.24272    0  215          -  253.24272      -     -   30s

     0     0  253.26592    0  233          -  253.26592      -     -   31s

     0     0  253.62810    0  245          -  253.62810      -     -   34s

     0     0  253.70042    0  287          -  253.70042      -     -   35s

     0     0  253.72146    0  255          -  253.72146      -     -   39s

     0     0  253.72146    0  255          -  253.72146      -     -   40s

     0     2  253.73445    0  249          -  253.73445      -     -   44s

     1     5  253.73445    1  258          -  253.73445      -  1976   45s

    65    67  253.79462   12  180          -  253.73445      -   481   50s

   211   213  261.08235   27  170          -  253.73445      -   306   55s

   435   430  261.09999   66  216          -  253.73445      -   211   60s

   552   553  261.11289  100  177          -  253.73445      -   212   65s

   895   915  261.11314  107  183          -  253.73445      -   173   70s

  1473  1502  511.97168  217  191          -  253.76706      -   145   75s

  2163  2255  653.38816  270  175          -  253.76706      -   121   81s

  2805  2880 infeasible  341               -  253.76706      -   106   86s

  3269  3292  254.09416    9  267          -  253.76706      -  98.1   90s

  3982  3967  258.36159   31  201          -  253.76706      -  90.7   97s

  4352  4338  258.39159   34  191          -  253.76706      -  89.9  101s

  4594  4339  261.11314  106 7252          -  253.76706      -  88.4  110s

  4596  4340  376.84386   16  231          -  253.76706      -  88.4  120s

  4597  4341  260.82879   12  313          -  253.76706      -  88.4  128s

  4598  4342  313.58972  122  285          -  253.76706      -  88.4  134s

  4599  4342  262.91448  156  276          -  253.76706      -  88.3  148s

  4600  4343  617.24627  644  310          -  254.32078      -  88.3  155s

  4601  4344  262.88468  169  199          -  254.41367      -  88.3  163s

  4602  4344  370.65936  156  257          -  254.48921      -  88.3  170s

  4603  4345  318.00611  614  242          -  254.53055      -  88.3  183s

  4604  4346  310.56145  367  316          -  254.57139      -  88.2  190s

  4605  4346  378.63889   39  247          -  254.57797      -  88.2  196s

  4606  4347  750.04275  429  373          -  254.62706      -  88.2  202s

  4607  4348  268.35039   74  338          -  254.69326      -  88.2  209s

  4608  4348  377.31332  475  376          -  254.71555      -  88.2  216s

  4609  4349  581.78654  192  246          -  255.41478      -  88.1  231s

  4610  4350  581.82389  261  222          -  255.41478      -  88.1  238s

  4611  4350  261.08235   24  239          -  255.41478      -  88.1  246s

  4612  4351  344.67612   87  247          -  255.41478      -  88.1  252s

  4613  4352  263.77445   79  231          -  255.41478      -  88.1  260s

  4614  4352  278.38572  403  203          -  255.41478      -  88.0  266s

  4615  4353  515.52921  221  175          -  255.41478      -  88.0  274s

  4616  4354  343.06227   99  195          -  255.41478      -  88.0  280s

H 4616  4135                    1696.2400000  255.41478  84.9%  88.0  287s

  4618  4136  582.98843  639  217 1696.24000  255.41478  84.9%  88.0  294s

H 4618  3929                    1683.4500000  255.41478  84.8%  88.0  302s

  4620  3930  515.80900  108  229 1683.45000  255.41478  84.8%  87.9  308s

  4621  3931  290.03497  450  262 1683.45000  255.41488  84.8%  87.9  312s

  4624  3934  291.29149  484 7252 1683.45000  255.41488  84.8%   100  320s

  4627  3936  791.49432  306  239 1683.45000  255.41488  84.8%   100  334s

  4628  3937  307.48399  101  279 1683.45000  255.41488  84.8%   100  338s

  4629  3937  318.62145  389  249 1683.45000  255.83706  84.8%   100  348s

H 4629  3740                    1681.6900000  255.83706  84.8%   100  348s

H 4629  3552                    1679.5900000  255.83706  84.8%   100  348s

H 4629  3375                    1677.5700000  255.83706  84.7%   100  355s

H 4629  3206                    1675.2800000  255.83706  84.7%   100  355s

H 4629  3045                    1675.0900000  255.83706  84.7%   100  355s

H 4630  2894                    1659.9800000  256.03008  84.6%   100  363s

H 4630  2749                    1655.5100000  256.03008  84.5%   100  363s

H 4630  2612                    1653.8500000  256.03008  84.5%   100  363s

H 4630  2481                    1643.3600000  256.03008  84.4%   100  363s

H 4630  2357                    1461.5400000  256.03008  82.5%   100  363s

H 4630  2239                    1417.0000000  256.03008  81.9%   100  363s

H 4630  2127                    1410.8500000  256.03008  81.9%   100  363s

H 4630  2020                    1409.3600000  256.03008  81.8%   100  363s

H 4630  1919                    1401.4200000  256.03008  81.7%   100  363s

H 4630  1823                    1399.7700000  256.03008  81.7%   100  363s

H 4630  1732                    1398.2800000  256.03008  81.7%   100  363s

H 4630  1645                    1390.1600000  256.03008  81.6%   100  363s

H 4630  1563                    1386.7600000  256.03008  81.5%   100  363s

  4632  1564  284.32724  152  257 1386.76000  256.05929  81.5%   100  372s

H 4632  1485                    1371.7500000  258.28054  81.2%   100  379s

H 4632  1411                    1369.7500000  258.28054  81.1%   100  379s

H 4633  1341                    1362.6800000  258.36821  81.0%   100  388s

H 4633  1274                    1361.8200000  258.36821  81.0%   100  388s

H 4633  1210                    1354.6000000  258.36821  80.9%   100  388s

H 4633  1149                    1342.2000000  258.36821  80.8%   100  388s

  4635  1150  288.95949  434  251 1342.20000  258.77491  80.7%   100  398s

  4636  1151  631.54945  415  279 1342.20000  258.77491  80.7%   100  406s

H 4636  1094                    1250.9700000  258.77491  79.3%   100  413s

H 4636  1039                    1247.9900000  258.77491  79.3%   100  413s

  4638  1040  287.83118   70  266 1247.99000  258.77491  79.3%  99.5  415s

  4640  1042  344.24528    9  284 1247.99000  258.77491  79.3%  99.4  420s

  4642  1043  264.99213  135  286 1247.99000  258.77491  79.3%  99.4  427s

  4643  1044  333.61763  269  301 1247.99000  258.77491  79.3%  99.4  431s

  4645  1045  675.30220  403  241 1247.99000  258.77491  79.3%  99.3  437s

  4648  1048  463.91224  617 7252 1247.99000  258.77491  79.3%   108  445s

  4650  1049  258.77491   10  218 1247.99000  258.77491  79.3%   108  450s

H 4650   996                    1222.4600000  258.77491  78.8%   108  453s

  4652   998  515.80900  108  244 1222.46000  258.77491  78.8%   108  457s

  4653   998  532.10005  632  238 1222.46000  261.53003  78.6%   108  470s

  4654   999  349.96333   81  253 1222.46000  261.53003  78.6%   107  478s

  4655  1000  298.58025   74  270 1222.46000  261.53003  78.6%   107  490s

  4656  1000  279.88978   31  289 1222.46000  261.53003  78.6%   107  499s

  4657  1001  277.38896  377  279 1222.46000  261.53003  78.6%   107  505s

H 4657   951                    1222.4000000  261.53003  78.6%   107  513s

  4659   952  755.03078  211  276 1222.40000  261.53003  78.6%   107  516s

  4661   954  584.64442  223  304 1222.40000  262.09609  78.6%   107  521s

  4663   955  334.14158  282  343 1222.40000  262.56922  78.5%   107  530s

  4665   956  674.71208  172  338 1222.40000  263.70842  78.4%   107  558s

  4666   957  269.21456  205  383 1222.40000  263.70842  78.4%   107  562s

  4667   958  329.31729  387  357 1222.40000  263.72864  78.4%   107  568s

  4668   958  981.70184  710  384 1222.40000  263.92234  78.4%   107  574s

  4669   959  269.05036   35  390 1222.40000  263.92356  78.4%   107  581s

  4670   960  730.20554  179  358 1222.40000  263.92356  78.4%   107  585s

  4671   960  282.05703  254  523 1222.40000  263.92356  78.4%   107  592s

  4672   961  291.18032  473  518 1222.40000  263.94332  78.4%   107  596s

  4673   962  334.37244  287  379 1222.40000  263.98665  78.4%   107  601s

H 4674   913                    1221.7900000  264.08374  78.4%   107  608s

  4676   915  308.38703  318  393 1221.79000  264.15405  78.4%   107  611s

  4678   916  295.73025  255  333 1221.79000  264.20603  78.4%   107  617s

  4679   917  264.40729  183  476 1221.79000  264.40729  78.4%   107  622s

  4680   917  296.27654   61  497 1221.79000  264.40729  78.4%   107  629s

  4681   918  414.40440  569  317 1221.79000  264.42961  78.4%   107  636s

  4683   919  348.18970  249  347 1221.79000  264.42961  78.4%   107  643s

  4684   920  328.00291  629  300 1221.79000  264.42961  78.4%   107  646s

  4685   921  314.88996  570  319 1221.79000  264.42964  78.4%   107  651s

  4687   922  289.52487  286  339 1221.79000  264.42964  78.4%   107  657s

  4688   923  264.42964   14  352 1221.79000  264.42964  78.4%   107  661s

  4689   923  315.68821  119  285 1221.79000  264.42964  78.4%   107  667s

  4690   924  523.24062  206  337 1221.79000  264.42964  78.4%   107  676s

  4691   925  333.58346  589  344 1221.79000  264.42964  78.4%   107  681s

  4692   925  320.39438  618  327 1221.79000  264.43865  78.4%   107  685s

  4693   926  607.64042   71  352 1221.79000  264.47467  78.4%   107  692s

  4694   927  264.62695  106  375 1221.79000  264.62695  78.3%   107  697s

  4695   927  582.34567  266  397 1221.79000  264.77618  78.3%   107  702s

  4696   928  376.84386   16  435 1221.79000  264.77618  78.3%   107  718s

H 4696   881                    1211.1100000  264.77620  78.1%   107  726s

  4698   882  313.58972  122  418 1211.11000  265.72003  78.1%   106  731s

  4699   883  265.72003  156  424 1211.11000  265.72003  78.1%   106  739s

  4700   884  617.24627  644  429 1211.11000  266.01486  78.0%   106  746s

  4701   884  266.28833  169  401 1211.11000  266.28833  78.0%   106  750s

  4703   886  318.00611  614  428 1211.11000  266.59003  78.0%   106  760s

  4704   886  310.56145  367  438 1211.11000  266.59003  78.0%   106  765s

  4705   887  378.63889   39  550 1211.11000  266.59003  78.0%   106  772s

  4706   888  750.04275  429  540 1211.11000  266.87222  78.0%   106  781s

  4707   888  268.35039   74  500 1211.11000  267.31113  77.9%   106  822s

  4708   889  377.31332  475  515 1211.11000  267.68973  77.9%   106  858s

H 4708   844                    1198.7900000  267.68973  77.7%   106  864s

  4709   845  581.78654  192  465 1198.79000  267.68973  77.7%   106  865s

  4710   845  581.82389  261  491 1198.79000  267.68973  77.7%   106  872s

  4711   846  267.68973   24  476 1198.79000  267.68973  77.7%   106  876s

  4712   847  344.67612   87  520 1198.79000  267.68973  77.7%   106  881s

  4713   847  267.69497   79  512 1198.79000  267.69497  77.7%   106  889s

  4716   851  343.06227   99 7252 1198.79000  267.69497  77.7%   132  898s

  4718   852  582.98843  639  221 1198.79000  267.69497  77.7%   132  904s

  4719   853  642.36356  264  249 1198.79000  267.69497  77.7%   132  909s

  4720   854  515.80900  108  242 1198.79000  267.69497  77.7%   132  910s

  4723   856  341.44421  215  284 1198.79000  267.69497  77.7%   132  915s

  4724   856  291.29149  484  365 1198.79000  267.69497  77.7%   132  925s

  4730   860  298.93711   73  364 1198.79000  267.69497  77.7%   131  936s

H 4730   816                    1197.2100000  267.69497  77.6%   131  945s

H 4732   777                    1194.6000000  267.69497  77.6%   131  956s

H 4732   738                    1193.8800000  267.69497  77.6%   131  956s

H 4732   701                    1192.7300000  267.69497  77.6%   131  956s

H 4732   665                    1191.9000000  267.69497  77.5%   131  956s

H 4732   632                    1190.9800000  267.69497  77.5%   131  956s

H 4732   600                    1190.2600000  267.69497  77.5%   131  956s

H 4733   570                    1180.2100000  267.69497  77.3%   131  965s

  4736   572  631.54945  415  310 1180.21000  267.69497  77.3%   131  975s

  4737   573  358.62756  107  295 1180.21000  267.69497  77.3%   131  983s

  4739   574  631.29941  422  278 1180.21000  267.69497  77.3%   131  990s

  4740   575  344.24528    9  333 1180.21000  267.69497  77.3%   131  998s

  4743   577  333.61763  269  329 1180.21000  267.69497  77.3%   131 1000s

  4744   578  333.16996  592  340 1180.21000  267.69497  77.3%   131 1007s

  4745   578  675.30220  403  341 1180.21000  267.69497  77.3%   131 1016s

  4746   579  288.81325   82  360 1180.21000  267.69497  77.3%   131 1025s

  4747   580  600.45724  333  282 1180.21000  267.69497  77.3%   131 1033s

  4748   580  463.91224  617  273 1180.21000  267.69497  77.3%   131 1041s

  4749   581  543.30471  249  329 1180.21000  267.69497  77.3%   131 1049s

  4750   582  267.69497   10  350 1180.21000  267.69497  77.3%   131 1057s

  4751   582  305.51784  596  334 1180.21000  267.69497  77.3%   131 1066s

  4756   586  279.88978   31  325 1180.21000  267.69497  77.3%   131 1073s

  4757   586  277.38896  377  347 1180.21000  267.69497  77.3%   131 1082s

H 4762   559                    1175.7700000  267.69497  77.2%   131 1092s

H 4762   531                    1141.5000000  267.69497  76.5%   131 1092s

H 4763   503                    1139.5000000  267.69497  76.5%   131 1100s

H 4765   479                    1136.7200000  267.69497  76.5%   131 1104s

H 4765   454                    1124.7200000  267.69497  76.2%   131 1104s

H 4765   431                    1117.6000000  267.69497  76.0%   131 1104s

  4767   432  329.31729  387  335 1117.60000  267.69497  76.0%   130 1107s

  4769   433  269.05036   35  309 1117.60000  267.69497  76.0%   130 1110s

H 4769   410                    1116.7900000  267.69497  76.0%   130 1113s

  4775   414  612.92808  162  351 1116.79000  267.69497  76.0%   130 1115s

  4782   419  367.80867  111  396 1116.79000  267.69497  76.0%   130 1122s

  4783   420  348.18970  249  390 1116.79000  267.69497  76.0%   130 1128s

  4784   420  328.00291  629  412 1116.79000  267.69497  76.0%   130 1132s

  4785   421  314.88996  570  423 1116.79000  267.69497  76.0%   130 1137s

  4787   422  289.52487  286  459 1116.79000  267.69497  76.0%   130 1141s

  4788   423  267.69497   14  406 1116.79000  267.69497  76.0%   130 1146s

  4790   424  523.24062  206  408 1116.79000  267.69497  76.0%   130 1152s

  4791   425  333.58346  589  354 1116.79000  267.69497  76.0%   130 1156s

  4794   427  267.69497  106  349 1116.79000  267.69497  76.0%   130 1160s

  4795   428  582.34567  266  374 1116.79000  267.69497  76.0%   130 1165s

  4798   430  313.58972  122  402 1116.79000  267.69497  76.0%   130 1171s

H 4799   407                    1116.4200000  267.69497  76.0%   130 1176s

H 4801   388                    1088.9200000  267.69497  75.4%   130 1181s

  4807   392  268.35039   74  340 1088.92000  267.69497  75.4%   129 1185s

  4809   393  581.78654  192  369 1088.92000  267.69497  75.4%   129 1194s

  4810   394  581.82389  261  361 1088.92000  267.69497  75.4%   129 1195s

  4812   395  344.67612   87  371 1088.92000  267.69497  75.4%   129 1201s

  4814   396  278.38572  403  340 1088.92000  269.83946  75.2%   129 1208s

  4815   397  515.52921  221  387 1088.92000  269.83946  75.2%   129 1211s

  4816   398  343.06227   99  352 1088.92000  269.83946  75.2%   129 1216s

  4818   399  582.98843  639  352 1088.92000  269.83946  75.2%   129 1224s

  4819   403  269.83946   50  334 1088.92000  269.83946  75.2%   154 1229s

  4821   406  269.83946   51  280 1088.92000  269.83946  75.2%   155 1232s

  4825   413  269.83946   52  213 1088.92000  269.83946  75.2%   155 1235s

  4862   425  269.83946   55  229 1088.92000  269.83946  75.2%   158 1240s

  4879   435  297.82906   56  282 1088.92000  269.83946  75.2%   160 1246s

  4896   443  290.60081   57  190 1088.92000  269.83946  75.2%   162 1250s

H 4903   419                    1087.2300000  269.83946  75.2%   162 1250s

  4922   437  274.32488   59  222 1087.23000  269.83946  75.2%   164 1257s

  4943   442  270.66000   60  137 1087.23000  269.83946  75.2%   164 1260s

  4966   449  270.66000   62  217 1087.23000  269.83946  75.2%   166 1266s

  4986   463  270.66000   63  211 1087.23000  269.83946  75.2%   169 1272s

  4999   468  270.66000   64  235 1087.23000  269.83946  75.2%   169 1279s

  5009   472  270.69180   64  286 1087.23000  269.83946  75.2%   171 1281s

  5026   485  270.66000   65  216 1087.23000  269.83946  75.2%   173 1287s

  5037   487  270.66000   66  215 1087.23000  269.83946  75.2%   173 1290s

  5060   504  270.66000   67  213 1087.23000  269.83946  75.2%   175 1297s

  5081   513  275.41891   67  292 1087.23000  269.83946  75.2%   177 1300s

  5125   542  270.66000   69  195 1087.23000  269.83946  75.2%   179 1307s

  5143   559  270.76500   70  219 1087.23000  269.83946  75.2%   180 1311s

  5178   566  270.76500   72  209 1087.23000  269.83946  75.2%   182 1317s

  5191   572  270.76500   73  203 1087.23000  269.83946  75.2%   183 1322s

  5205   573  270.76500   75  215 1087.23000  269.83946  75.2%   185 1325s

  5230   588 infeasible   76      1087.23000  269.83946  75.2%   186 1333s

  5243   592  270.76500   78  218 1087.23000  269.83946  75.2%   187 1337s

  5256   600  272.76190   79  213 1087.23000  269.83946  75.2%   188 1341s

H 5264   576                    1077.4400000  269.83946  75.0%   188 1341s

  5268   609  280.96315   81  202 1077.44000  269.83946  75.0%   189 1345s

  5311   623  298.53828   83  182 1077.44000  269.83946  75.0%   191 1350s

  5349   639  272.77476   87  321 1077.44000  269.83946  75.0%   193 1362s

  5365   651  272.77533   89  294 1077.44000  269.83946  75.0%   196 1366s

  5382   658  272.77729   91  286 1077.44000  269.83946  75.0%   198 1371s

  5397   668  272.77980   92  294 1077.44000  269.83946  75.0%   200 1375s

  5424   687  282.50999   93  151 1077.44000  269.83946  75.0%   202 1385s

  5442   704  272.78973   94  292 1077.44000  269.83946  75.0%   205 1393s

  5467   730  315.25983   95  160 1077.44000  269.83946  75.0%   207 1399s

  5501   762  303.29864   98  297 1077.44000  269.83946  75.0%   208 1406s

  5545   827  303.33884  101  304 1077.44000  269.83946  75.0%   211 1412s

  5627   868  303.36539  105  303 1077.44000  269.83946  75.0%   214 1419s

  5701   888  304.54874  110  310 1077.44000  269.83946  75.0%   219 1428s

  5750   905  304.56203  113  285 1077.44000  269.83946  75.0%   224 1435s

  5786   956  304.56634  117  198 1077.44000  269.83946  75.0%   227 1444s

  5851   963  369.80211  121  185 1077.44000  269.83946  75.0%   230 1451s

  5879   984  310.63128  128  250 1077.44000  269.83946  75.0%   232 1459s

  5910  1023  311.46801  133  236 1077.44000  269.83946  75.0%   234 1468s

  5973  1070  319.76022  137  178 1077.44000  269.83946  75.0%   238 1478s

  6046  1124  339.72167  142  193 1077.44000  269.83946  75.0%   242 1497s

  6104  1180  340.87428  147  178 1077.44000  269.83946  75.0%   251 1508s

  6173  1253  343.57386  152  225 1077.44000  269.83946  75.0%   255 1520s

  6248  1335  343.23394  159  201 1077.44000  269.83946  75.0%   257 1529s

  6332  1387  343.57539  166  206 1077.44000  269.83946  75.0%   259 1540s

  6385  1486  344.51037  170  183 1077.44000  269.83946  75.0%   261 1553s

  6490  1679  347.58795  179  167 1077.44000  269.83946  75.0%   263 1566s

  6690  1783  428.63811  197  178 1077.44000  269.83946  75.0%   264 1578s

  6800  1791  480.72832  206  155 1077.44000  269.83946  75.0%   265 1586s

H 6804  1791                    1077.4399991  269.83946  75.0%   265 1586s

  6808  1800  431.01174  207  178 1077.44000  269.83946  75.0%   265 1595s

  6817  1831  532.46886  207  163 1077.44000  269.83946  75.0%   265 1607s

  6850  1878  431.03385  208  176 1077.44000  269.83946  75.0%   266 1621s

  6898  1975  559.47383  208  146 1077.44000  269.83946  75.0%   266 1630s

H 6900  1975                    1077.4399982  269.83946  75.0%   266 1630s

  7024  2129  431.22979  209  165 1077.44000  269.83946  75.0%   266 1645s

  7183  2281  495.69935  225  145 1077.44000  269.83946  75.0%   267 1659s

  7367  2428 infeasible  245      1077.44000  269.83946  75.0%   268 1686s

  7533  2541  276.20001   63  190 1077.44000  269.83946  75.0%   270 1702s

  7672  2667  297.79332   76  183 1077.44000  269.83946  75.0%   273 1723s

  7849  2854  298.48161   91  313 1077.44000  269.83946  75.0%   275 1740s

  8049  2924  300.70808  114  188 1077.44000  269.83946  75.0%   276 1753s

  8121  3172  304.49918  138  190 1077.44000  269.83946  75.0%   276 1770s

  8373  3593  342.88604  187  215 1077.44000  269.83946  75.0%   275 1784s

  8816  3809  389.66284  238  206 1077.44000  269.83946  75.0%   269 1804s

  9086  4037  269.83946   70  153 1077.44000  269.83946  75.0%   268 1823s

  9344  4447  317.54816   91  251 1077.44000  269.83946  75.0%   265 1844s

  9834  4508  463.35523  169  200 1077.44000  269.83946  75.0%   261 1860s

  9898  4698  574.92533  174  176 1077.44000  269.83946  75.0%   261 1877s

 10128  5260  774.95269  190  125 1077.44000  269.83946  75.0%   261 1898s

 10767  5485  398.62257  133  208 1077.44000  269.83946  75.0%   258 1918s

 11010  6201  442.28733  177  171 1077.44000  269.83946  75.0%   258 1943s

 11760  6494  612.00767  332  168 1077.44000  269.83946  75.0%   251 1960s

 12093  6539  912.27409  378  168 1077.44000  269.83946  75.0%   249 1973s

 12153  6546  913.55820  379  162 1077.44000  269.83946  75.0%   249 1991s

H12156  6545                    1072.8200000  269.83946  74.8%   249 1991s

 12162  6795  986.89602  380  184 1072.82000  269.83946  74.8%   250 2015s

 12530  7073  346.72839   89  228 1072.82000  269.83946  74.8%   248 2040s

 12864  7741  464.23137  127  173 1072.82000  269.83946  74.8%   246 2057s

 13553  8399  374.18031   87  207 1072.82000  269.83946  74.8%   240 2083s

 14253  8887  495.23107  253  174 1072.82000  269.83946  74.8%   233 2114s

 14797 10309  651.80220  410  152 1072.82000  269.83946  74.8%   231 2160s

 16358 10317  410.57590  138  240 1072.82000  269.83946  74.8%   222 2168s

 16366 10346  410.84124  139  239 1072.82000  269.83946  74.8%   222 2176s

 16396 10433  417.87248  140  209 1072.82000  269.83946  74.8%   222 2189s

 16525 10517  418.45726  141  213 1072.82000  269.83946  74.8%   222 2203s

 16610 10821  442.89461  142  199 1072.82000  269.83946  74.8%   222 2214s

 16916 11145  481.84422  149  221 1072.82000  269.83946  74.8%   220 2229s

 17262 11517  572.57067  210  180 1072.82000  269.83946  74.8%   218 2247s

 17738 11962 1039.08008  301  137 1072.82000  269.83946  74.8%   217 2263s

 18264 12091  843.85768  168   94 1072.82000  269.83946  74.8%   215 2282s

 18450 12703  359.42593   90  187 1072.82000  269.83946  74.8%   217 2303s

 19099 12937  458.36442  130  303 1072.82000  269.83946  74.8%   215 2319s

 19368 13278  489.93120  161  234 1072.82000  269.83946  74.8%   214 2338s

 19742 14128  612.41284  211  236 1072.82000  269.83946  74.8%   214 2361s

 20600 14856  788.20190  335  218 1072.82000  269.83946  74.8%   211 2386s

 21405 15000 1043.31754  448  135 1072.82000  269.83946  74.8%   207 2405s

 21587 15444  333.26287   89  198 1072.82000  269.83946  74.8%   208 2428s

 22067 15469  476.82755  207  174 1072.82000  269.83946  74.8%   207 2448s

 22112 15822  476.86611  208  164 1072.82000  269.83946  74.8%   207 2475s

 22520 17297  481.48580  278  154 1072.82000  269.83946  74.8%   207 2499s

 24069 18434  383.89312   82  253 1072.82000  269.83946  74.8%   199 2525s

 25357 18668  371.11957   80  227 1072.82000  269.83946  74.8%   196 2556s

 25657 18696  564.73536   90  219 1072.82000  269.83946  74.8%   198 2577s

 25687 18837  565.24679   91  202 1072.82000  269.83946  74.8%   198 2599s

 25828 19782  677.95526   90  165 1072.82000  269.83946  74.8%   198 2624s

 26889 20099  306.34240   69  299 1072.82000  269.83946  74.8%   196 2643s

 27263 21233  344.38236   84  265 1072.82000  269.83946  74.8%   196 2673s

 28544 21509  688.26085  130  262 1072.82000  269.83946  74.8%   193 2697s

 28853 22221 infeasible  146      1072.82000  269.83946  74.8%   193 2728s

 29694 22750 infeasible  120      1072.82000  269.83946  74.8%   194 2788s

 30343 23286  653.89427  111  238 1072.82000  269.83946  74.8%   196 2840s

 30950 23945  349.38099   84  363 1072.82000  269.83946  74.8%   197 2908s

 31691 26338  360.76696  109  302 1072.82000  269.83946  74.8%   202 2979s

 34481 26640  408.34791  172  254 1072.82000  269.83946  74.8%   201 3018s

 34795 28581  482.57047  181  210 1072.82000  269.83946  74.8%   201 3060s

 36974 29130  639.65518  232  128 1072.82000  269.83946  74.8%   198 3091s

 37611 30185  307.86362   70  302 1072.82000  269.83946  74.8%   197 3121s

 38807 31767  335.80476   85  343 1072.82000  269.83946  74.8%   196 3157s

 40514 31975 infeasible  179      1072.82000  269.83946  74.8%   192 3185s

 40747 32867  299.24161   78  229 1072.82000  269.83946  74.8%   193 3215s

 41778 34034  472.63690   93  297 1072.82000  269.83946  74.8%   193 3241s

 42996 34513  309.22777   96  233 1072.82000  269.83946  74.8%   192 3269s

 43527 35469  389.97272  129  219 1072.82000  269.83946  74.8%   191 3294s

 44509 36608  869.91347  395  121 1072.82000  269.83946  74.8%   189 3346s

H44636 36602                    1069.9100000  269.83946  74.8%   189 3346s

 45829 36600  416.84457  123  219 1069.91000  269.83946  74.8%   189 3367s

H45837 36507                    1041.3300000  269.83946  74.1%   189 3367s

 45847 36684  417.19117  123  219 1041.33000  269.83946  74.1%   189 3400s

H46003 36660                    1038.2200000  269.83946  74.0%   190 3400s

 46030 36997  478.37350  144  181 1038.22000  269.83946  74.0%   190 3428s

 46375 37720  516.40128  150  157 1038.22000  269.83946  74.0%   191 3462s

H46383 37485                    1015.4000000  269.83946  73.4%   191 3462s

 47151 37725  546.24514  154  178 1015.40000  269.83946  73.4%   191 3485s

H47194 37667                    1011.8900000  269.83946  73.3%   191 3485s

H47237 37608                    1008.7300000  269.83946  73.2%   191 3485s

 47405 37616  518.11427  155  198 1008.73000  269.83946  73.2%   191 3524s

 47413 37724  558.74891  155  183 1008.73000  269.83946  73.2%   191 3565s

 47553 38029  602.91465  168  188 1008.73000  269.83946  73.2%   191 3613s

H47861 37996                    1006.8600000  269.83946  73.2%   192 3614s

 47862 38737  534.15241  178  166 1006.86000  269.83946  73.2%   192 3667s

 48710 41081  613.36658  223  195 1006.86000  269.83946  73.2%   192 3722s

 51303 41198  413.25456  123  171 1006.86000  269.83946  73.2%   190 3758s

 51437 41533  468.57041  145  212 1006.86000  269.83946  73.2%   190 3795s

 51773 42203  491.09679  184  258 1006.86000  269.83946  73.2%   190 3829s

 51863 42203  406.73153  175  211 1006.86000  269.83946  73.2%   190 3830s

H52266 42195                    1006.3400000  269.83946  73.2%   189 3830s

 52498 43914  604.54492  202  245 1006.34000  269.83946  73.2%   188 3869s

 54432 44323  282.72845   81  431 1006.34000  269.83946  73.2%   186 3899s

 54888 45039  388.12052  114  345 1006.34000  269.83946  73.2%   186 3935s

 55651 46223  525.80507  188  278 1006.34000  269.83946  73.2%   186 3959s

 56989 46480  293.84767   69  238 1006.34000  269.83946  73.2%   185 3991s

H57023 46473                    1005.9700000  269.83946  73.2%   185 3991s

 57269 46801  632.62944  102  255 1005.97000  269.83946  73.2%   185 4027s

 57666 47773  860.07278  131  141 1005.97000  269.83946  73.2%   185 4059s

 58742 48578  400.34087  141  395 1005.97000  269.83946  73.2%   184 4097s

 59623 50068  475.94702  184  328 1005.97000  269.83946  73.2%   183 4158s

 61206 50096  981.86507  401  213 1005.97000  269.83946  73.2%   183 4179s

H61207 50042                    1002.6800000  269.83946  73.1%   183 4179s

H61236 50037                    1002.2200000  269.83946  73.1%   183 4179s

 61239 50389  981.86562  402  219 1002.22000  269.83946  73.1%   183 4197s

 61661 50989  424.62479   96  372 1002.22000  269.83946  73.1%   183 4218s

 62445 51442  338.41616   76  186 1002.22000  269.83946  73.1%   183 4248s

H62480 51424                    1001.1700000  269.83946  73.0%   183 4248s

 62925 51614  453.71690  111  245 1001.17000  269.83946  73.0%   183 4281s

 63199 52404  461.67037  112  206 1001.17000  269.83946  73.0%   183 4315s

 64019 53058  604.23583  130  186 1001.17000  269.83946  73.0%   183 4346s

 64773 53433  282.13883   74  323 1001.17000  269.83946  73.0%   182 4370s

 65201 55072  400.41655  111  246 1001.17000  269.83946  73.0%   182 4409s

 66955 55301  443.25632  115  291 1001.17000  269.83946  73.0%   181 4433s

 67198 55335  618.89216  162  247 1001.17000  269.83946  73.0%   181 4460s

H67242 55319                     999.9500000  269.83946  73.0%   181 4460s

 67244 55593 infeasible  163       999.95000  269.83946  73.0%   181 4487s

 67539 56335  346.92842   89  230  999.95000  269.83946  73.0%   181 4519s

 68025 56335  548.44683  198  177  999.95000  269.83946  73.0%   181 4520s

 68472 56879  363.53627   69  253  999.95000  269.83946  73.0%   181 4550s

 69129 57515  284.40482   87  263  999.95000  269.83946  73.0%   181 4576s

 69784 57709  354.09524  141  273  999.95000  269.83946  73.0%   181 4610s

 70001 58946  375.50252  160  251  999.95000  269.83946  73.0%   181 4652s

 71383 59751  775.09914  391  169  999.95000  269.83946  73.0%   180 4681s

 72224 60162  902.75002  439  202  999.95000  269.83946  73.0%   179 4713s

 72690 61281  346.40693  108  200  999.95000  269.83946  73.0%   179 4742s

 73892 62078  337.17842  105  193  999.95000  269.83946  73.0%   179 4774s

 74702 63626  523.83874  268  210  999.95000  269.83946  73.0%   179 4831s

 76481 63804 infeasible   67       999.95000  269.83946  73.0%   178 4855s

 76726 64319  313.55909   69  374  999.95000  269.83946  73.0%   178 4881s

 77265 64653  371.69298   75  208  999.95000  269.83946  73.0%   178 4899s

 77619 64966  535.87808  100  215  999.95000  269.83946  73.0%   179 4925s

 77956 65173  556.74907  100  181  999.95000  269.83946  73.0%   179 4951s

 78194 65462  580.04414  101  197  999.95000  269.83946  73.0%   179 4987s

 78514 66518  771.66031  121  149  999.95000  269.83946  73.0%   179 5024s

 79680 66526  661.89983  165  212  999.95000  269.83946  73.0%   179 5058s

 79688 66577  664.85843  166  205  999.95000  269.83946  73.0%   179 5088s

 79747 66683  667.18473  167  200  999.95000  269.83946  73.0%   179 5124s

 79890 67058  674.61076  168  193  999.95000  269.83946  73.0%   179 5156s

 80273 67981  757.15667  178  186  999.95000  269.83946  73.0%   179 5193s

 81288 68395  936.37967  186  162  999.95000  269.83946  73.0%   179 5219s

 81776 68790  936.74145  187  165  999.95000  269.83946  73.0%   180 5258s

 82211 70312  308.66329   77  416  999.95000  269.83946  73.0%   181 5300s

 83936 70700  269.83946   61  226  999.95000  269.83946  73.0%   180 5339s

 84288 70700  351.50180   98  195  999.95000  269.83946  73.0%   180 5340s

 84380 72166  313.07995   81  239  999.95000  269.83946  73.0%   180 5372s

 85968 72975  400.56740  193  283  999.95000  269.83946  73.0%   180 5410s

 86966 73332  284.31299   79  287  999.95000  269.83946  73.0%   180 5441s

 87338 74302  317.82672  112  301  999.95000  269.83946  73.0%   180 5484s

 88182 74302  715.01840  277  207  999.95000  269.83946  73.0%   180 5485s

 88341 74980  421.27428  145  307  999.95000  269.83946  73.0%   180 5522s

 89094 76074  517.62432  207  343  999.95000  269.83946  73.0%   179 5558s

 90245 76543  655.89237  345  272  999.95000  269.83946  73.0%   179 5610s

 90799 78293  345.40699   63  369  999.95000  269.83946  73.0%   179 5680s

 92721 78979  438.36401  166  282  999.95000  269.83946  73.0%   179 5716s

 93441 80005  318.71177   74  185  999.95000  269.83946  73.0%   179 5753s

 94529 81159  526.41614  160  162  999.95000  269.83946  73.0%   179 5787s

 95758 81456  287.68793   61  187  999.95000  269.83946  73.0%   178 5817s

 96109 82452  381.24779   83  233  999.95000  269.83946  73.0%   178 5849s

 97219 83169  327.28268   84  190  999.95000  269.83946  73.0%   178 5885s

 97993 83308  435.49181  159  338  999.95000  269.83946  73.0%   178 5915s

 98162 84154  478.15849  195  288  999.95000  269.83946  73.0%   178 5944s

 99098 84653  348.33789   73  268  999.95000  269.83946  73.0%   178 5978s

 99657 85475  435.66678  101  280  999.95000  269.83946  73.0%   178 6016s

 100574 85887  598.96018  173  278  999.95000  269.83946  73.0%   178 6045s

 101063 86586  965.03131  271  171  999.95000  269.83946  73.0%   178 6076s

 101897 87630  352.84981  133  284  999.95000  269.83946  73.0%   178 6112s

 102962 88129  703.14378  428  183  999.95000  269.83946  73.0%   178 6142s

 103553 88758  330.30324   88  364  999.95000  269.83946  73.0%   178 6172s

 104196 88843  449.92620  155  317  999.95000  269.83946  73.0%   178 6199s

 104281 89409  455.20683  167  282  999.95000  269.83946  73.0%   178 6228s

 104908 90012  522.13495  272  306  999.95000  269.83946  73.0%   178 6279s

 105531 91914 infeasible  427       999.95000  269.83946  73.0%   179 6334s

 107645 92077  924.75576  347  169  999.95000  269.83946  73.0%   179 6359s

 107820 92085  331.22049   74  204  999.95000  269.83946  73.0%   179 6392s

 107828 92093  331.22049   75  170  999.95000  269.83946  73.0%   179 6421s

 107836 92208  331.22049   76  170  999.95000  269.83946  73.0%   179 6456s

 107969 92265  331.22049   77  193  999.95000  269.83946  73.0%   179 6483s

 108036 92363  331.22049   78  210  999.95000  269.83946  73.0%   179 6523s

 108134 93184  331.24016   89  231  999.95000  269.83946  73.0%   179 6565s

 109000 93674  608.93623  223  189  999.95000  269.83946  73.0%   179 6599s

 109526 94737  341.43448   65  246  999.95000  269.83946  73.0%   179 6639s

 110659 95210  277.29896   78  417  999.95000  269.83946  73.0%   179 6678s

 111190 96207  322.96836   99  277  999.95000  269.83946  73.0%   179 6715s

 112252 96498  622.91596  264  232  999.95000  269.83946  73.0%   179 6747s

 112609 97207 infeasible  354       999.95000  269.83946  73.0%   180 6796s

 113429 98458  381.44557  113  312  999.95000  269.83946  73.0%   180 6842s

 114828 98817  350.04594   70  189  999.95000  269.83946  73.0%   179 6883s

 115213 99364  488.90740  104  272  999.95000  269.83946  73.0%   180 6926s

 115815 100174  278.33569   70  229  999.95000  269.83946  73.0%   180 6956s

 116649 101253  463.41722  259  246  999.95000  269.83946  73.0%   180 6998s

 117851 101544  463.73617  260  219  999.95000  269.83946  73.0%   179 7031s

 118180 102480  464.40767  261  251  999.95000  269.83946  73.0%   180 7080s

 119268 103100  464.40803  262  253  999.95000  269.83946  73.0%   179 7119s

 119554 103100  356.02045  136  206  999.95000  269.83946  73.0%   180 7120s

 119933 103749  334.71114   91  278  999.95000  269.83946  73.0%   180 7168s

 120590 104768  494.00263  145  220  999.95000  269.83946  73.0%   180 7220s

 121780 105125  731.02290  103  209  999.95000  269.83946  73.0%   180 7260s

 122226 105960  744.41389  104  207  999.95000  269.83946  73.0%   181 7307s

 123161 106546  738.16960  102  149  999.95000  269.83946  73.0%   180 7356s

 123807 107709  320.59684   87  314  999.95000  269.83946  73.0%   180 7408s

 125124 108218 infeasible  143       999.95000  269.83946  73.0%   181 7455s

 125645 109520  377.57501   90  231  999.95000  269.83946  73.0%   181 7504s

 125941 109520  816.18182  298  147  999.95000  269.83946  73.0%   181 7505s

 127022 110018  861.53289  243  197  999.95000  269.83946  73.0%   181 7550s

 127589 110829  360.10069   98  220  999.95000  269.83946  73.0%   181 7601s

 128553 111305  279.18272   85  357  999.95000  269.83946  73.0%   181 7637s

 129071 111808  367.97354  111  316  999.95000  269.83946  73.0%   182 7685s

 129583 112069  375.20259  139  209  999.95000  269.83946  73.0%   183 7734s

 129896 112369  433.09597  156  299  999.95000  269.83946  73.0%   183 7768s

 130247 113018  294.03322   68  327  999.95000  269.83946  73.0%   183 7815s

 130966 114032  423.91747  142  259  999.95000  269.83946  73.0%   183 7867s

 132287 114351  959.28162  312  189  999.95000  269.83946  73.0%   183 7905s

 132678 114858  303.11213   94  241  999.95000  269.83946  73.0%   184 7958s

 133248 115974  398.31622  131  224  999.95000  269.83946  73.0%   184 8008s

 134547 116317  403.67721   88  271  999.95000  269.83946  73.0%   184 8073s

 134956 118993  603.65430  112  231  999.95000  269.83946  73.0%   184 8185s

 137943 119238  384.18105  111  165  999.95000  269.83946  73.0%   184 8220s

 138213 120261  404.63072  139  295  999.95000  269.83946  73.0%   184 8253s

 139323 121069  567.63996  302  194  999.95000  269.83946  73.0%   184 8293s

 140202 121604  442.89819  114  272  999.95000  269.83946  73.0%   184 8322s

 140759 122534  708.23996  242  190  999.95000  269.83946  73.0%   184 8360s

 141901 123172  418.19029  141  269  999.95000  269.83946  73.0%   184 8397s

 142662 123595  272.16960   71  328  999.95000  269.83946  73.0%   185 8427s

 143091 124659  327.24659   94  215  999.95000  269.83946  73.0%   185 8465s

 144320 125494  423.72125  168  185  999.95000  269.83946  73.0%   184 8498s

 145205 125989  682.99601  299  148  999.95000  269.83946  73.0%   184 8528s

 145725 126191  676.28450  295  143  999.95000  269.83946  73.0%   184 8554s

 145935 126438  685.85690  296  149  999.95000  269.83946  73.0%   184 8585s

 146184 126974  691.70620  300  147  999.95000  269.83946  73.0%   185 8617s

 146776 127343  759.85584  298  151  999.95000  269.83946  73.0%   184 8643s

 147172 127350 infeasible  301       999.95000  269.83946  73.0%   184 8682s

 147181 127390  763.87100  297  123  999.95000  269.83946  73.0%   185 8720s

 147267 127575  278.71998   83  374  999.95000  269.83946  73.0%   185 8749s

 147500 128396  335.60179  106  404  999.95000  269.83946  73.0%   185 8782s

 148360 128664  421.03043  193  311  999.95000  269.83946  73.0%   185 8817s

 148630 129605  559.02407  310  242  999.95000  269.83946  73.0%   185 8855s

 149637 130190  320.10322   89  179  999.95000  269.83946  73.0%   185 8910s

 150300 132420  400.79140  148  272  999.95000  269.83946  73.0%   185 8978s

 152712 132593 infeasible  456       999.95000  269.83946  73.0%   184 8995s

 152912 133345 infeasible  453       999.95000  269.83946  73.0%   184 9015s

 153746 133808  269.83946   61  147  999.95000  269.83946  73.0%   184 9035s

 154286 134037  349.84883   70  185  999.95000  269.83946  73.0%   185 9057s

 154578 134702  372.88780   76  181  999.95000  269.83946  73.0%   185 9091s

 155328 135702  463.18027  116  144  999.95000  269.83946  73.0%   185 9123s

 156435 135933  364.23293   77  148  999.95000  269.83946  73.0%   185 9152s

 156712 136723  418.11997  105  278  999.95000  269.83946  73.0%   185 9179s

 157616 137273  887.45464  298  228  999.95000  269.83946  73.0%   185 9213s

 158243 137512  859.34954  194  201  999.95000  269.83946  73.0%   185 9238s

 158544 138524  387.08899   81  258  999.95000  269.83946  73.0%   185 9278s

 159617 139430  450.06895  134  202  999.95000  269.83946  73.0%   185 9308s

 160662 139455  606.11977  222  256  999.95000  269.83946  73.0%   185 9341s

 160687 139623 infeasible  224       999.95000  269.83946  73.0%   185 9365s

 160867 140580  720.84238  224  259  999.95000  269.83946  73.0%   185 9407s

 161918 141077  323.21501   96  191  999.95000  269.83946  73.0%   185 9457s

 162453 142205  343.56839  119  236  999.95000  269.83946  73.0%   185 9501s

 163624 142968  757.90258  295  117  999.95000  269.83946  73.0%   185 9538s

 164494 143963  453.35979  162  171  999.95000  269.83946  73.0%   184 9589s

 165640 144472  365.67959  128  261  999.95000  269.83946  73.0%   184 9624s

 166216 145481  408.96751  159  234  999.95000  269.83946  73.0%   184 9663s

 167305 146044  829.21192  409  234  999.95000  269.83946  73.0%   184 9703s

 167938 146311  347.74874  110  228  999.95000  269.83946  73.0%   184 9734s

 168252 147491  502.52457  173  268  999.95000  269.83946  73.0%   185 9782s

 169452 148244  864.96513  407  234  999.95000  269.83946  73.0%   184 9823s

 170251 149057  676.10329  181  170  999.95000  269.83946  73.0%   184 9870s

 171164 149321  370.20745  126  258  999.95000  269.83946  73.0%   184 9899s

 171450 150429  428.56528  154  318  999.95000  269.83946  73.0%   184 9950s

 172628 151284  361.63876   79  241  999.95000  269.83946  73.0%   184 9984s

 173583 152182  370.17544   69  403  999.95000  269.83946  73.0%   184 10010s

 174550 152845  570.62320  191  234  999.95000  269.83946  73.0%   184 10045s

 175253 153118  571.27022  192  253  999.95000  269.83946  73.0%   184 10070s

 175542 153872  571.39909  193  239  999.95000  269.83946  73.0%   184 10098s

 176332 153880  702.66100  310  239  999.95000  269.83946  73.0%   184 10130s

 176340 153957  704.72397  311  218  999.95000  269.83946  73.0%   184 10161s

 176417 154392  704.85942  312  212  999.95000  269.83946  73.0%   184 10182s

 176899 155166  705.22700  313  209  999.95000  269.83946  73.0%   184 10204s

 177723 155911  751.19362  340  249  999.95000  269.83946  73.0%   184 10227s

 178523 156647  813.63208  367  233  999.95000  269.83946  73.0%   184 10251s

 179346 157121 infeasible   74       999.95000  269.83946  73.0%   184 10287s

 179899 159266  469.30568  122  230  999.95000  269.83946  73.0%   184 10336s

 182243 159471  673.61302  333  229  999.95000  269.83946  73.0%   184 10353s

 182463 159758  377.00486  100  268  999.95000  269.83946  73.0%   184 10369s

 182752 160637  887.73194  211  182  999.95000  269.83946  73.0%   184 10396s

 183693 161257  335.48876   67  302  999.95000  269.83946  73.0%   184 10420s

 184415 161556  560.44011  148  240  999.95000  269.83946  73.0%   184 10443s

 184750 161814  732.49046  203  215  999.95000  269.83946  73.0%   184 10470s

 185040 162985  347.40542   81  350  999.95000  269.83946  73.0%   184 10500s

 186280 163616  469.49141  162  289  999.95000  269.83946  73.0%   184 10526s

 186986 164019  770.36388  298  286  999.95000  269.83946  73.0%   184 10549s

 187418 164762  915.43294  370  269  999.95000  269.83946  73.0%   184 10576s

 188182 165770  319.02904   91  325  999.95000  269.83946  73.0%   184 10605s

 189304 166361  443.86614  151  419  999.95000  269.83946  73.0%   184 10633s

 189931 166581  628.79832  224  288  999.95000  269.83946  73.0%   184 10657s

 190174 167649  345.62675   66  207  999.95000  269.83946  73.0%   184 10686s

 191345 168023  600.09439  158  274  999.95000  269.83946  73.0%   184 10713s

 191748 169306  695.73705  215  240  999.95000  269.83946  73.0%   184 10742s

 193145 169618  438.87998   99  230  999.95000  269.83946  73.0%   184 10767s

 193546 169819  531.49195  123  236  999.95000  269.83946  73.0%   184 10792s

 193789 169896  571.48032  142  276  999.95000  269.83946  73.0%   184 10840s

 193879 175259  571.58876  143  297  999.95000  269.83946  73.0%   184 11037s

 199711 175597  520.01540  184  309  999.95000  269.83946  73.0%   184 11062s

 200063 176486  545.69169  235  312  999.95000  269.83946  73.0%   184 11114s

 201001 177612  701.39350  377  297  999.95000  269.83946  73.0%   184 11169s

 202210 178510  976.01892  585  225  999.95000  269.83946  73.0%   184 11221s

 203167 178831  458.77434   81  275  999.95000  269.83946  73.0%   184 11261s

 203533 179575  651.56989   99  202  999.95000  269.83946  73.0%   184 11306s

 204382 180323  588.64007  122  264  999.95000  269.83946  73.0%   184 11351s

 205233 180627  836.08161  159  157  999.95000  269.83946  73.0%   184 11390s

 205611 182106  373.45222   92  241  999.95000  269.83946  73.0%   184 11449s

 206405 182106  457.29588  143  253  999.95000  269.83946  73.0%   184 11450s

 207125 183152  737.07475  300  197  999.95000  269.83946  73.0%   184 11500s

 208263 183168  351.24921  107  193  999.95000  269.83946  73.0%   184 11582s

 208279 188340  356.29656  108  179  999.95000  269.83946  73.0%   184 11986s

 214111 189542  556.73762  286  271  999.95000  269.83946  73.0%   185 12060s

 215472 190444  942.74950  531  231  999.95000  269.83946  73.0%   184 12117s

 216466 191046  643.28606  165  222  999.95000  269.83946  73.0%   184 12159s

 217143 192481  404.97010   88  201  999.95000  269.83946  73.0%   185 12213s

 218556 192481  386.70536   93  293  999.95000  269.83946  73.0%   184 12215s

 218632 193298  352.28798   89  204  999.95000  269.83946  73.0%   184 12261s

 219633 194227  309.47880   96  422  999.95000  269.83946  73.0%   184 12308s

 220574 194713  456.31347  131  380  999.95000  269.83946  73.0%   184 12353s

 221074 195663  553.61638  182  309  999.95000  269.83946  73.0%   184 12410s

 222106 196451  695.65434  327  285  999.95000  269.83946  73.0%   184 12458s

 222947 197877  320.71521   83  207  999.95000  269.83946  73.0%   184 12535s

 224410 198260  576.97948  216  280  999.95000  269.83946  73.0%   184 12566s

 224819 198671  648.22645  268  312  999.95000  269.83946  73.0%   184 12597s

 225244 199452  761.30163  343  293  999.95000  269.83946  73.0%   184 12646s

 226056 199460  316.77652   79  274  999.95000  269.83946  73.0%   184 12706s

 226064 199525  317.07270   80  243  999.95000  269.83946  73.0%   184 12758s

 226152 199708  319.77746   81  258  999.95000  269.83946  73.0%   184 12818s

 226368 200482  393.80628   89  227  999.95000  269.83946  73.0%   184 12860s

 227193 201260  633.85376  150  230  999.95000  269.83946  73.0%   184 12908s

 228030 201655  444.55033  113  311  999.95000  269.83946  73.0%   184 12954s

 228460 202344  688.70625  147  266  999.95000  269.83946  73.0%   184 13011s

 229202 203121  689.40494  148  212  999.95000  269.83946  73.0%   184 13061s

 230042 203447  692.65490  149  198  999.95000  269.83946  73.0%   184 13107s

 230399 204169  694.81256  150  210  999.95000  269.83946  73.0%   184 13162s

 231220 204732 infeasible  183       999.95000  269.83946  73.0%   184 13206s

 231809 205892  281.56511   89  305  999.95000  269.83946  73.0%   184 13271s

 233032 207229  370.19332  169  223  999.95000  269.83946  73.0%   184 13351s

 234492 208207  279.54038   87  412  999.95000  269.83946  73.0%   184 13416s

 235548 209010  651.60192  162  216  999.95000  269.83946  73.0%   184 13458s

 236433 209258  734.19142  185  203  999.95000  269.83946  73.0%   184 13490s

 236742 209890  271.95351   63  328  999.95000  269.83946  73.0%   184 13542s

 237449 210869  366.13598  116  383  999.95000  269.83946  73.0%   184 13621s

 238433 211206  648.56702  331  297  999.95000  269.83946  73.0%   184 13663s

 238783 212579  723.67578  381  281  999.95000  269.83946  73.0%   184 13753s

 240272 213199  658.03330  125  218  999.95000  269.83946  73.0%   184 13799s

 240952 214049  527.78904  159  250  999.95000  269.83946  73.0%   184 13849s

 241909 215004  966.46218  323  259  999.95000  269.83946  73.0%   185 13910s

 242922 215012  407.62026  115  274  999.95000  269.83946  73.0%   184 13991s

 242930 215072  407.79599  116  284  999.95000  269.83946  73.0%   184 14062s

 243004 215171  408.15649  117  276  999.95000  269.83946  73.0%   184 14124s

 243103 215510  418.24920  121  225  999.95000  269.83946  73.0%   184 14169s

 243454 216504  454.61332  139  286  999.95000  269.83946  73.0%   184 14230s

 244555 217516  396.11106  115  207  999.95000  269.83946  73.0%   184 14281s

 245686 218603  308.97171   71  352  999.95000  269.83946  73.0%   184 14334s

 246034 218603  697.84742  216  226  999.95000  269.83946  73.0%   184 14335s

 246839 218882  658.29868  320  196  999.95000  269.83946  73.0%   184 14370s

 247153 219389  269.83946   61  190  999.95000  269.83946  73.0%   184 14400s



Cutting planes:

  Learned: 13

  Gomory: 42

  Cover: 105

  Implied bound: 220

  Projected implied bound: 27

  Clique: 381

  MIR: 267

  Mixing: 10

  StrongCG: 419

  Flow cover: 889

  GUB cover: 4

  Inf proof: 2

  Zero half: 671

  RLT: 114

  Relax-and-lift: 381

  BQP: 54



Explored 247662 nodes (45684449 simplex iterations) in 14401.07 seconds (10833.31 work units)

Thread count was 16 (of 16 available processors)



Solution count 10: 999.95 1001.17 1002.22 ... 1015.4



Time limit reached

Best objective 9.999500000000e+02, best bound 2.698394595275e+02, gap 73.0147%



AMPL MP initial flat model has 17957 variables (0 integer, 17860 binary);

Objectives: 1 quadratic; 

Constraints:  3728 linear; 10 quadratic;



AMPL MP final model has 17957 variables (0 integer, 17860 binary);

Objectives: 1 quadratic; 

Constraints:  3728 linear; 10 quadratic;





-----RESULTS INFO-----
running_time:  14406.219000000001
TC.best_bound:  269.8394595275445
TC:  999.95
MIP Gap (%):  73.01470478248467
=== Vehicle Routes ===
Vehicle 1: 0  1
Vehicle 1: 1  2
Vehicle 1: 2  6
Vehicle 1: 6  18
Vehicle 1: 8  9
Vehicle 1: 9  71
Vehicle 1: 18  8
Vehicle 2: 0  5
Vehicle 2: 3  71
Vehicle 2: 5  7
Vehicle 2: 7  63
Vehicle 2: 19  3
Vehicle 2: 63  19
Vehicle 3: 0  4
Vehicle 3: 4  41
Vehicle 3: 10  71
Vehicle 3: 41  68
Vehicle 3: 51  10
Vehicle 3: 68  51
Vehicle 4: 0  11
Vehicle 4: 11  14
Vehicle 4: 14  16
Vehicle 4: 15  65
Vehicle 4: 16  15
Vehicle 4: 65  71
Vehicle 5: 0  64
Vehicle 5: 12  71
Vehicle 5: 13  12
Vehicle 5: 64  13
Vehicle 6: 0  17
Vehicle 6: 17  54
Vehicle 6: 54  67
Vehicle 6: 67  71
Vehicle 7: 0  66
Vehicle 7: 45  71
Vehicle 7: 66  45
Vehicle 8: 0  70
Vehicle 8: 70  71

=== Full Vehicle Routes ===
Vehicle 1: 0  1  2  6  18  8  9  0 (90<100)
Vehicle 2: 0  5  7  63  19  3  0 (89<100)
Vehicle 3: 0  4  41  68  51  10  0 (100<100)
Vehicle 4: 0  11  14  16  15  65  0 (100<100)
Vehicle 5: 0  64  13  12  0 (97<100)
Vehicle 6: 0  17  54  67  0 (97<100)
Vehicle 7: 0  66  45  0 (100<100)
Vehicle 8: 0  70  0 (60<100)
Arc used by MRT line: y variables:
MRT used: 63  62
Customer assigment to PL: u variables:
20 64
21 62
22 67
23 62
24 68
25 63
26 66
27 68
28 62
29 70
30 64
31 68
32 65
33 67
34 66
35 62
36 67
37 67
38 70
39 70
40 68
42 68
43 64
44 67
46 66
47 70
48 68
49 68
50 66
52 68
53 65
55 63
56 66
57 64
58 67
59 66
60 66
61 68
Node is served by regular vehicle: g variables:
1
2
3
4
5
6
7
8
9
10
11
12
13
14
15
16
17
18
19
41
45
51
54
68
70
63
64
65
66
67
Customer assigment to Home delivery: gm variables:
1
2
3
4
5
6
7
8
9
10
11
12
13
14
15
16
17
18
19
41
45
51
54
Node total demands: ntd variables:
1 2 1
2 22 1
3 4 1
4 7 1
5 16 1
6 6 1
7 16 1
8 23 1
9 19 1
10 2 1
11 24 1
12 6 1
13 23 1
14 4 1
15 18 1
16 20 1
17 14 1
18 18 1
19 7 1
41 2 1
42 0 0
43 0 0
44 0 0
45 16 1
46 0 0
47 0 0
48 0 0
49 0 0
50 0 0
51 1 1
52 0 0
53 0 0
54 16 1
55 0 0
56 0 0
57 0 0
58 0 0
59 0 0
60 0 0
61 0 0
68 88 1
69 0 0
70 60 1
62 0 0
63 46 1
64 68 1
65 34 1
66 84 1
67 67 1
Customer's demand delivered to PL: l variables:
20
21
22
23
24
25
26
27
28
29
30
31
32
33
34
35
36
37
38
39
40
42
43
44
46
47
48
49
50
52
53
55
56
57
58
59
60
61
Lockers load <= capacity:
88 <= 100
0 <= 72
60 <= 82
33 <= 76
13 <= 74
68 <= 75
34 <= 100
84 <= 88
67 <= 72
