Gurobi 12.0.0:   lim:time = 14400

  mip:bestbound = 1

Set parameter LogToConsole to value 1

  tech:outlev = 1

Set parameter Cuts to value 3

  cut:cuts = 3

Set parameter Presolve to value 2

  pre:solve = 2

Set parameter MIPFocus to value 2

  mip:focus = 2

Set parameter Symmetry to value 2

  mip:symmetry = 2

Set parameter InfUnbdInfo to value 1

Gurobi Optimizer version 12.0.0 build v12.0.0rc1 (win64 - Windows 11.0 (26100.2))



CPU model: 11th Gen Intel(R) Core(TM) i7-11700 @ 2.50GHz, instruction set [SSE2|AVX|AVX2|AVX512]

Thread count: 8 physical cores, 16 logical processors, using up to 16 threads



Non-default parameters:

TimeLimit  14400

MIPFocus  2

Symmetry  2

Cuts  3

InfUnbdInfo  1

Presolve  2



Optimize a model with 4483 rows, 24346 columns and 155000 nonzeros

Model fingerprint: 0x7c89c5f6

Model has 4 quadratic objective terms

Model has 16 quadratic constraints

Variable types: 105 continuous, 24241 integer (0 binary)

Coefficient statistics:

  Matrix range     [1e+00, 1e+05]

  QMatrix range    [1e+00, 1e+00]

  QLMatrix range   [1e+00, 3e+01]

  Objective range  [1e+00, 1e+02]

  QObjective range [2e+00, 2e+00]

  Bounds range     [1e+00, 1e+02]

  RHS range        [1e+00, 1e+05]

  QRHS range       [1e+02, 1e+02]

Presolve removed 160 rows and 566 columns (presolve time = 5s)...

Presolve removed 160 rows and 566 columns (presolve time = 10s)...

Presolve removed 150 rows and 605 columns

Presolve time: 11.51s

Presolved: 19510 rows, 38903 columns, 191129 nonzeros

Variable types: 1007 continuous, 37896 integer (33639 binary)

Root relaxation presolve removed 59 rows and 3 columns

Root relaxation presolved: 19424 rows, 38893 columns, 367879 nonzeros



Deterministic concurrent LP optimizer: primal and dual simplex

Showing primal log only...





Root simplex log...



Iteration    Objective       Primal Inf.    Dual Inf.      Time

       0    1.0500500e+03   2.261798e+02   5.837548e+09     27s

Concurrent spin time: 0.07s



Solved with dual simplex



Root simplex log...



Iteration    Objective       Primal Inf.    Dual Inf.      Time

    1632    2.3738567e+02   0.000000e+00   0.000000e+00     27s



Root relaxation: objective 2.373857e+02, 1632 iterations, 0.74 seconds (0.63 work units)

Total elapsed time = 29.40s (DegenMoves)



    Nodes    |    Current Node    |     Objective Bounds      |     Work

 Expl Unexpl |  Obj  Depth IntInf | Incumbent    BestBd   Gap | It/Node Time



     0     0  237.38567    0  229          -  237.38567      -     -   30s

     0     0  280.25751    0  265          -  280.25751      -     -   34s

     0     0  280.25751    0  278          -  280.25751      -     -   35s

     0     0  280.25751    0  290          -  280.25751      -     -   36s

     0     0  292.38835    0  276          -  292.38835      -     -   36s

     0     0  292.38835    0  251          -  292.38835      -     -   36s

     0     0  292.38835    0  274          -  292.38835      -     -   40s

     0     0  293.49410    0  307          -  293.49410      -     -   42s

     0     0  295.97834    0  328          -  295.97834      -     -   42s

     0     0  296.05969    0  376          -  296.05969      -     -   43s

     0     0  302.68755    0  365          -  302.68755      -     -   49s

     0     0  306.02262    0  424          -  306.02262      -     -   50s

     0     0  306.02262    0  434          -  306.02262      -     -   51s

     0     0  309.23551    0  399          -  309.23551      -     -   56s

     0     0  309.75605    0  423          -  309.75605      -     -   57s

     0     0  309.75640    0  409          -  309.75640      -     -   58s

     0     0  310.16599    0  456          -  310.16599      -     -   66s

     0     0  310.61374    0  422          -  310.61374      -     -   67s

     0     0  310.71091    0  481          -  310.71091      -     -   71s

     0     0  311.47424    0  396          -  311.47424      -     -   72s

     0     0  311.56504    0  433          -  311.56504      -     -   73s

     0     0  311.65337    0  515          -  311.65337      -     -   77s

     0     0  311.68349    0  440          -  311.68349      -     -   79s

     0     0  311.90707    0  552          -  311.90707      -     -   82s

     0     0  311.90707    0  451          -  311.90707      -     -   85s

     0     2  311.98153    0  451          -  311.98153      -     -   94s

     1     5  316.52171    1  467          -  311.98153      -  3349   96s

     7    16  358.98084    3  418          -  312.49643      -  1121  100s

    86    96  362.85433    8  355          -  312.55000      -   394  105s

   136   148  365.91978   11  343          -  312.55000      -   405  110s

   172   182  377.28849   13  302          -  312.55000      -   420  115s

   243   261  375.70646   16  251          -  312.55000      -   373  120s

   342   378  377.94232   23  231          -  312.55000      -   326  126s

   420   453  381.61374   27  295          -  312.55000      -   287  130s

   492   509  381.96646   31  261          -  312.55000      -   269  135s

   537   542  382.00005   36  255          -  312.55000      -   259  141s

   584   598  382.08849   39  271          -  312.55000      -   256  145s

   699   751  382.24596   44  317          -  312.55000      -   232  151s

   900   960  383.15035   61  281          -  312.55000      -   205  156s

  1140  1168  383.57153  110  300          -  312.55000      -   185  161s

  1392  1418  446.59186  146  304          -  312.55000      -   175  166s

  1551  1595  447.94118  175  289          -  312.55000      -   173  171s

  1733  1788  451.29847  204  307          -  312.55000      -   170  176s

  1949  2040  452.74493  231  314          -  312.55000      -   165  182s

  2090  2185  467.81782  240  335          -  312.55000      -   160  185s

  2431  2554  482.11952  272  335          -  312.55000      -   149  191s

  2617  2754  484.09655  289  300          -  312.55000      -   143  195s

  3003  3098  549.32919  313  282          -  312.55000      -   134  202s

  3167  3327  621.06442  314  277          -  312.55000      -   132  206s

  3396  3507  626.87406  338  312          -  312.55000      -   127  210s

  3829  3978  629.83483  399  276          -  312.55000      -   121  218s

  4049  4243  634.24843  431  293          -  312.55000      -   118  222s

  4314  4594  637.42345  476  297          -  312.55000      -   115  226s

  4665  4955  640.04425  524  292          -  312.55000      -   109  231s

  5028  5326  643.66293  589  274          -  312.55000      -   104  235s

  5409  5685  680.77611  649  263          -  312.55000      -   100  240s

  5772  6018  818.19739  691  188          -  312.55000      -  96.8  245s

  6241  6260 infeasible  932               -  312.55000      -  94.4  250s

  6399  6543 infeasible  796               -  312.55000      -  94.6  255s

  6715  6766 1506.45594  843   75          -  312.55000      -  93.8  260s

  6970  7021  312.90507   11  406          -  312.55000      -  94.6  266s

  7259  7022  376.57505   53 9742          -  312.55000      -  94.6  280s

  7261  7023  845.25165  269  259          -  312.55000      -  94.6  291s

  7262  7024  636.67146  470  306          -  312.55000      -  94.6  297s

  7263  7025  378.52586  181  392          -  312.55000      -  94.5  304s

  7264  7025  880.71859  575  303          -  312.64044      -  94.5  325s

  7265  7026  467.76837  240  375          -  313.09481      -  94.5  336s

  7266  7027  316.43541  233  364          -  313.13458      -  94.5  360s

  7267  7027  398.31384  772  419          -  313.64353      -  94.5  406s

  7268  7028  494.99534  231  390          -  313.64353      -  94.5  450s

  7269  7029  397.71419  758  406          -  313.67274      -  94.5  494s

  7270  7029  430.96566  545  400          -  313.69275      -  94.5  507s

H 7270  6677                    1923.3300000  313.79018  83.7%  94.5  552s

H 7270  6343                    1911.6400000  313.79018  83.6%  94.5  552s

  7272  6345  416.69785 1044  415 1911.64000  313.83208  83.6%  94.4  599s

H 7272  6027                    1892.5100000  313.84643  83.4%  94.4  649s

H 7272  5726                    1851.9500000  313.84643  83.1%  94.4  649s

H 7272  5439                    1847.4600000  313.84643  83.0%  94.4  649s

H 7272  5167                    1843.0100000  313.84643  83.0%  94.4  649s

H 7272  4908                    1837.4300000  313.84643  82.9%  94.4  649s

H 7272  4663                    1836.1100000  313.84643  82.9%  94.4  649s

H 7272  4429                    1830.5300000  313.84643  82.9%  94.4  649s

H 7272  4208                    1827.2500000  313.84643  82.8%  94.4  649s

H 7272  3997                    1824.8400000  313.84643  82.8%  94.4  649s

H 7272  3797                    1821.5600000  313.84643  82.8%  94.4  649s

H 7272  3607                    1820.8700000  313.84643  82.8%  94.4  649s

H 7272  3426                    1815.9800000  313.84643  82.7%  94.4  649s

  7273  3426  411.47130  953  352 1815.98000  313.84643  82.7%  94.4  650s

H 7273  3255                    1791.3400000  313.97323  82.5%  94.4  697s

H 7273  3092                    1778.3500000  313.97323  82.3%  94.4  697s

H 7273  2937                    1768.2000000  313.97323  82.2%  94.4  697s

H 7273  2790                    1765.0800000  313.97323  82.2%  94.4  697s

H 7273  2650                    1764.3600000  313.97323  82.2%  94.4  697s

H 7273  2517                    1763.8400000  313.97323  82.2%  94.4  697s

H 7273  2391                    1760.5400000  313.97323  82.2%  94.4  697s

H 7273  2271                    1751.7900000  313.97323  82.1%  94.4  697s

H 7273  2157                    1746.8500000  313.97323  82.0%  94.4  697s

H 7273  2049                    1745.4900000  313.97323  82.0%  94.4  697s

H 7273  1947                    1738.6200000  313.97323  81.9%  94.4  697s

H 7273  1849                    1726.5700000  313.97323  81.8%  94.4  697s

H 7273  1756                    1721.6300000  313.97323  81.8%  94.4  697s

H 7273  1668                    1720.9100000  313.97323  81.8%  94.4  697s

H 7273  1584                    1720.0100000  313.97323  81.7%  94.4  697s

H 7273  1505                    1718.8000000  313.97323  81.7%  94.4  697s

H 7273  1429                    1716.5500000  313.97323  81.7%  94.4  697s

H 7273  1358                    1716.5300000  313.97323  81.7%  94.4  697s

H 7273  1290                    1716.3100000  313.97323  81.7%  94.4  697s

H 7273  1225                    1716.0300000  313.97323  81.7%  94.4  697s

H 7274  1164                    1669.6500000  313.99683  81.2%  94.4  740s

H 7275  1107                    1657.5800000  313.99683  81.1%  94.4  785s

H 7275  1051                    1649.4000000  313.99683  81.0%  94.4  785s

H 7275   998                    1644.1900000  313.99683  80.9%  94.4  785s

H 7275   948                    1644.0400000  313.99683  80.9%  94.4  785s

H 7275   900                    1613.3800000  313.99683  80.5%  94.4  785s

H 7275   855                    1600.6100000  313.99683  80.4%  94.4  785s

H 7275   812                    1595.2000000  313.99683  80.3%  94.4  785s

  7277   813  468.29989  902  342 1595.20000  313.99757  80.3%  94.4  826s

  7278   814  395.26343  121  415 1595.20000  314.00282  80.3%  94.3  851s

H 7278   773                    1593.3500000  314.00338  80.3%  94.3  901s

H 7279   734                    1576.5500000  314.00338  80.1%  94.3  942s

H 7279   697                    1510.5200000  314.00338  79.2%  94.3  942s

H 7279   662                    1503.5200000  314.00338  79.1%  94.3  942s

  7281   664  377.86359  509  320 1503.52000  314.04135  79.1%  94.3  992s

H 7281   630                    1500.5200000  314.08036  79.1%  94.3 1063s

H 7281   598                    1499.5200000  314.08036  79.1%  94.3 1063s

H 7281   568                    1489.5200000  314.08036  78.9%  94.3 1063s

  7282   568  336.48930   31  371 1489.52000  314.08036  78.9%  94.3 1065s

  7283   569  480.75292  265  404 1489.52000  314.11097  78.9%  94.3 1130s

  7284   570  359.43188    5  365 1489.52000  314.13410  78.9%  94.3 1189s

  7285   570  429.63883  319  445 1489.52000  314.13410  78.9%  94.3 1263s

H 7285   541                    1484.6100000  314.13747  78.8%  94.3 1356s

H 7285   513                    1481.0400000  314.13747  78.8%  94.3 1356s

H 7285   487                    1475.0400000  314.13747  78.7%  94.3 1356s

  7287   489  896.08276  752  372 1475.04000  314.14230  78.7%  94.2 1437s

  7288   489 1052.97081  665  353 1475.04000  314.15357  78.7%  94.2 1469s

  7289   490  845.25165  269  370 1475.04000  314.15611  78.7%  94.2 1504s

  7290   491  383.59216  125  350 1475.04000  314.15611  78.7%  94.2 1528s

H 7290   466                    1448.3300000  314.16590  78.3%  94.2 1634s

H 7290   442                    1429.3300000  314.16590  78.0%  94.2 1634s

  7292   443  316.22616   52  363 1429.33000  314.16770  78.0%  94.2 1670s

  7293   444  412.17381  788  372 1429.33000  314.20324  78.0%  94.2 1741s

  7294   444 1054.10405  666  408 1429.33000  314.20671  78.0%  94.1 1790s

  7295   445  340.18548  125  456 1429.33000  314.20711  78.0%  94.1 1869s

H 7295   423                    1427.9000000  314.20717  78.0%  94.1 1948s

  7297   424  422.00947  505  367 1427.90000  314.20717  78.0%  94.1 2070s

H 7297   402                    1426.7100000  314.20717  78.0%  94.1 2139s

  7298   403  383.57421  116  379 1426.71000  314.20904  78.0%  94.1 2141s

H 7298   382                    1423.5700000  314.20904  77.9%  94.1 2164s

H 7298   362                    1401.4800000  314.20904  77.6%  94.1 2164s

H 7299   344                    1399.9000000  314.24934  77.6%  94.1 2246s

  7301   345  534.84171  192  369 1399.90000  314.32593  77.5%  94.1 2316s

  7302   346  316.25105  127  491 1399.90000  314.32593  77.5%  94.0 2350s

  7303   346  382.39214  532  414 1399.90000  314.32593  77.5%  94.0 2373s

  7304   347 1006.27776  969  349 1399.90000  314.32847  77.5%  94.0 2447s

  7305   348  593.69291  921  344 1399.90000  314.32939  77.5%  94.0 2515s

  7306   348  368.97858  318  430 1399.90000  314.32939  77.5%  94.0 2602s

  7307   349  395.44946  529  378 1399.90000  314.32939  77.5%  94.0 2681s

  7308   350  461.17433  696  522 1399.90000  314.33027  77.5%  94.0 2774s

H 7308   332                    1399.7900000  314.33626  77.5%  94.0 2846s

H 7308   314                    1378.1500000  314.33626  77.2%  94.0 2846s

  7310   315  383.58964  124  514 1378.15000  314.35032  77.2%  93.9 2959s

  7311   316  372.30371  543  516 1378.15000  314.37282  77.2%  93.9 3030s

  7312   316  378.02724   98  497 1378.15000  314.37898  77.2%  93.9 3106s

  7313   317  383.57739   57  439 1378.15000  314.37898  77.2%  93.9 3118s

  7314   318  352.55467  201  635 1378.15000  314.37898  77.2%  93.9 3139s

  7315   318  756.10715  306  523 1378.15000  314.37898  77.2%  93.9 3154s

  7316   319  376.25859  120  438 1378.15000  314.37942  77.2%  93.9 3167s

  7317   320  369.37581  363  421 1378.15000  314.37942  77.2%  93.8 3178s

  7318   320  416.69785 1044  456 1378.15000  314.37942  77.2%  93.8 3213s

  7319   321  447.45037  170  462 1378.15000  314.37942  77.2%  93.8 3247s

  7320   322  351.24818  409  398 1378.15000  314.37942  77.2%  93.8 3286s

  7321   322  375.23649  468  447 1378.15000  314.37942  77.2%  93.8 3307s

  7322   323  877.33927  537  431 1378.15000  314.41310  77.2%  93.8 3316s

  7323   324  628.40503  365  431 1378.15000  314.41310  77.2%  93.8 3329s

  7324   324  316.72434  103  431 1378.15000  314.41355  77.2%  93.8 3334s

  7325   328  314.41355   10  427 1378.15000  314.41355  77.2%   113 3350s

  7327   331  316.67290   11  569 1378.15000  314.41355  77.2%   114 3365s

  7331   338  316.67444   12  543 1378.15000  314.41355  77.2%   115 3381s

  7339   343  363.30748   13  502 1378.15000  314.44102  77.2%   119 3386s

  7347   362  363.30748   14  459 1378.15000  314.44704  77.2%   120 3402s

  7368   366  363.31269   15  529 1378.15000  314.44704  77.2%   123 3417s

H 7379   360                    1321.3100000  314.44704  76.2%   124 3432s

  7394   371  363.88363   17  441 1321.31000  314.44704  76.2%   126 3445s

H 7410   361                    1298.1900000  314.44704  75.8%   129 3457s

  7421   373  370.15922   18  399 1298.19000  314.44704  75.8%   131 3463s

  7437   381  368.00289   19  398 1298.19000  314.44704  75.8%   133 3476s

  7450   384  368.00375   20  339 1298.19000  314.44704  75.8%   135 3490s

H 7452   368                    1281.2900000  314.44704  75.5%   135 3490s

  7458   380  368.00732   21  383 1281.29000  314.44704  75.5%   136 3501s

  7472   388  368.00745   22  304 1281.29000  314.44704  75.5%   138 3517s

H 7485   377                    1274.2400000  314.44704  75.3%   141 3522s

  7493   390  410.58209   23  372 1274.24000  314.44704  75.3%   142 3536s

  7509   399  368.00745   24  240 1274.24000  314.44704  75.3%   145 3561s

  7523   404  377.39671   25  329 1274.24000  314.44704  75.3%   152 3580s

H 7524   390                    1273.6300000  314.44704  75.3%   152 3580s

  7533   404  368.00745   25  256 1273.63000  314.44704  75.3%   155 3603s

  7550   418  368.12420   26  418 1273.63000  314.44704  75.3%   161 3619s

H 7570   411                    1273.3300000  314.44704  75.3%   164 3635s

  7583   430  368.06871   28  443 1273.33000  314.44704  75.3%   166 3651s

  7606   439  376.82863   29  437 1273.33000  314.44704  75.3%   169 3662s

H 7613   424                    1271.4300000  314.44704  75.3%   170 3662s

  7623   450  368.09017   30  440 1271.43000  314.44704  75.3%   171 3674s

  7652   448  368.09017   31  440 1271.43000  314.44704  75.3%   173 3687s

H 7657   434                    1260.7900000  314.44704  75.1%   174 3687s

  7660   462  368.11200   32  457 1260.79000  314.44704  75.1%   174 3705s

  7689   464  368.13940   33  457 1260.79000  314.44704  75.1%   177 3713s

H 7690   451                    1259.5200000  314.44704  75.0%   177 3713s

  7700   482  370.75691   33  469 1259.52000  314.44704  75.0%   178 3728s

  7734   483  368.24398   35  455 1259.52000  314.44704  75.0%   180 3742s

  7746   507  368.29445   36  448 1259.52000  314.44704  75.0%   181 3761s

  7774   505  368.95651   37  418 1259.52000  314.44704  75.0%   184 3775s

  7782   517  387.48931   38  415 1259.52000  314.44704  75.0%   184 3788s

  7796   538  370.49248   38  395 1259.52000  314.44704  75.0%   185 3804s

  7822   537  383.62288   40  337 1259.52000  314.44704  75.0%   188 3824s

  7830   546  382.09652   40  331 1259.52000  314.44704  75.0%   189 3839s

  7841   559  384.34803   41  315 1259.52000  314.44704  75.0%   190 3852s

  7858   561  385.07104   41  350 1259.52000  314.44704  75.0%   191 3871s

  7866   567  384.36341   42  293 1259.52000  314.44704  75.0%   191 3892s

  7874   582  401.87677   42  276 1259.52000  314.44704  75.0%   192 3914s

H 7883   569                    1228.8500000  314.44704  74.4%   193 3914s

  7892   608  384.36343   43  293 1228.85000  314.44704  74.4%   194 3935s

  7931   660  385.65887   46  320 1228.85000  314.44704  74.4%   197 3956s

  7986   681  388.45558   49  320 1228.85000  314.44704  74.4%   200 3979s

  8008   723  393.25936   52  318 1228.85000  314.44704  74.4%   201 4001s

  8050   783  399.03665   55  289 1228.85000  314.44704  74.4%   204 4032s

  8111   848  412.51207   59  258 1228.85000  314.44704  74.4%   207 4067s

  8176   910  397.97061   63  306 1228.85000  314.44704  74.4%   211 4094s

  8238   982  401.01536   68  318 1228.85000  314.44704  74.4%   214 4126s

  8310  1018  403.08538   74  294 1228.85000  314.44704  74.4%   218 4148s

  8346  1078  542.45430   74  264 1228.85000  314.44704  74.4%   220 4173s

  8406  1154  405.09879   81  285 1228.85000  314.44704  74.4%   223 4198s

  8482  1245  467.56875   88  290 1228.85000  314.44704  74.4%   227 4233s

  8575  1330  408.77956   96  283 1228.85000  314.44704  74.4%   231 4270s

  8666  1421  421.64472  102  253 1228.85000  314.44704  74.4%   236 4313s

  8757  1469  413.47373  111  250 1228.85000  314.44704  74.4%   240 4347s

  8805  1552  415.22932  114  240 1228.85000  314.44704  74.4%   242 4379s

  8889  1590  495.01374  125  164 1228.85000  314.44704  74.4%   246 4412s

  8929  1674  453.22803  126  261 1228.85000  314.44704  74.4%   248 4445s

  9013  1732  455.81066  134  266 1228.85000  314.44704  74.4%   251 4481s

H 9026  1732                    1204.9700000  314.44704  73.9%   251 4481s

H 9056  1732                    1204.5500000  314.44704  73.9%   253 4481s

H 9067  1732                    1193.2000000  314.44704  73.6%   253 4481s

H 9074  1732                    1187.9900000  314.44704  73.5%   253 4481s

  9075  1864  465.40585  141  192 1187.99000  314.44704  73.5%   253 4534s

  9209  1983  479.60304  145  185 1187.99000  314.44704  73.5%   259 4568s

  9332  2114  491.86944  153  176 1187.99000  314.44704  73.5%   263 4609s

H 9416  2114                    1186.3700000  314.44704  73.5%   264 4609s

  9465  2253  520.91048  166  170 1186.37000  314.44704  73.5%   266 4662s

H 9610  2286                    1184.9800000  314.44704  73.5%   272 4703s

H 9616  2286                    1178.4500000  314.44704  73.3%   272 4703s

H 9632  2286                    1175.5300000  314.44704  73.3%   272 4703s

  9644  2414  580.91274  179  214 1175.53000  314.45750  73.2%   272 4754s

  9794  2506  321.62879   19  614 1175.53000  314.45750  73.2%   278 4801s

  9889  2625  323.46062   25  444 1175.53000  314.45750  73.2%   280 4865s

 10011  2811  332.39324   30  358 1175.53000  314.45750  73.2%   285 4923s

 10202  2819  333.79799   42  272 1175.53000  314.45750  73.2%   289 4969s

H10203  2819                    1172.3900000  314.45750  73.2%   289 4969s

 10210  2937  336.31625   43  359 1172.39000  314.45750  73.2%   289 5013s

 10334  3016  343.55667   45  311 1172.39000  314.45750  73.2%   292 5084s

H10354  3016                    1169.8700000  314.45750  73.1%   293 5084s

 10400  3016  580.34532  208  241 1169.87000  314.45750  73.1%   295 5085s

 10417  3095  356.18936   54  330 1169.87000  314.45750  73.1%   295 5143s

 10496  3238  358.91786   59  327 1169.87000  314.45750  73.1%   297 5201s

 10645  3412  393.77067   89  246 1169.87000  314.45750  73.1%   298 5260s

 10836  3753  403.66844  110  269 1169.87000  314.45750  73.1%   302 5324s

 11186  4109  430.74746  175  321 1169.87000  314.45750  73.1%   302 5396s

 11560  4459  481.83701  232  293 1169.87000  314.45750  73.1%   303 5467s

 11917  4835  487.21720  291  254 1169.87000  314.45750  73.1%   300 5541s

 12331  5188  498.03990  391  253 1169.87000  314.45750  73.1%   299 5617s

 12727  5198  606.86242  446  247 1169.87000  314.45750  73.1%   300 5676s

 12737  5370  612.34367  447  276 1169.87000  314.45750  73.1%   300 5744s

 12968  5614  320.72501   20  502 1169.87000  314.45750  73.1%   301 5835s

 13318  5796  324.86675   30  533 1169.87000  314.45750  73.1%   300 5905s

 13510  6049  353.68333   34  523 1169.87000  314.45750  73.1%   304 5988s

 13810  6339  394.76192   39  547 1169.87000  314.45750  73.1%   306 6082s

 14125  6491  407.08035   52  589 1169.87000  314.45750  73.1%   307 6167s

 14323  6774  411.70240   57  540 1169.87000  314.45750  73.1%   309 6256s

 14646  7187  421.87521   78  470 1169.87000  314.45750  73.1%   309 6386s

 15076  7669  447.77851   96  451 1169.87000  314.45750  73.1%   310 6473s

 15608  7738  458.74134  109  426 1169.87000  314.45750  73.1%   306 6533s

 15683  8062  457.14878  110  392 1169.87000  314.45750  73.1%   305 6614s

 16029  8442  496.90955  113  385 1169.87000  314.47546  73.1%   305 6710s

 16442  8641  603.56821  130  267 1169.87000  314.47546  73.1%   304 6783s

 16641  8919  664.39099  145  259 1169.87000  314.47546  73.1%   304 6867s

 16921  9420  774.52484  185  250 1169.87000  314.47546  73.1%   303 6969s

 17122  9420  572.85832  258  262 1169.87000  314.47546  73.1%   302 6970s

H17500  9575                    1168.4800000  314.47546  73.1%   300 7053s

H17561  9562                    1141.7900000  314.47546  72.5%   300 7053s

 17666  9829  368.52487   21  532 1141.79000  314.70177  72.4%   301 7149s

H17766  9819                    1129.0000000  314.70177  72.1%   303 7149s

 17967 10263  383.42199   47  563 1129.00000  314.70177  72.1%   305 7269s

 18487 10979  464.44728   69  441 1129.00000  314.70177  72.1%   304 7390s

 19305 11209  466.64670   71  333 1129.00000  314.70177  72.1%   299 7493s

 19555 11608  858.27152  170  131 1129.00000  314.70177  72.1%   301 7625s

 20039 13047  326.46367   43  463 1129.00000  314.94585  72.1%   303 7738s

 21567 13044  663.95208  282  202 1129.00000  315.00700  72.1%   296 7838s

H21584 13072                    1127.0600000  315.00700  72.1%   297 7942s

H21630 13064                    1123.5100000  315.00700  72.0%   297 7942s

 21632 13091  684.10752  284  219 1123.51000  315.00700  72.0%   298 8032s

 21668 13350  696.05892  288  205 1123.51000  315.00700  72.0%   298 8141s

 21992 13703  364.12217   28  627 1123.51000  315.18296  71.9%   299 8271s

 22382 13946  372.54761   38  489 1123.51000  315.18296  71.9%   300 8381s

 22650 14366  518.53900   82  299 1123.51000  315.18296  71.9%   300 8504s

 23093 14957  839.57540  140  141 1123.51000  315.18296  71.9%   298 8679s

 23655 14957  368.88724   20  367 1123.51000  315.18296  71.9%   295 8680s

 23770 17171  382.29871   44  484 1123.51000  315.46259  71.9%   297 8839s

 26139 17599  380.53796   37  552 1123.51000  315.94966  71.9%   284 8958s

 26615 19691  572.75733  107  269 1123.51000  315.94966  71.9%   286 9120s

 28951 19893 infeasible   52      1123.51000  316.33409  71.8%   275 9249s

 29165 22167  380.48465   56  294 1123.51000  316.39893  71.8%   282 9494s

 31838 22279  374.97051   39  513 1123.51000  316.40062  71.8%   277 9576s

 31982 22434  447.66262   67  378 1123.51000  316.40062  71.8%   279 9655s

 32141 22606  487.15284   89  310 1123.51000  316.40062  71.8%   282 9748s

 32335 22876  488.61371   90  366 1123.51000  316.40062  71.8%   284 9853s

 32624 23985  673.64578  124  268 1123.51000  316.40062  71.8%   285 9960s

 33943 24208 infeasible  136      1123.51000  316.40062  71.8%   284 10059s

 34267 24686  431.90522   46  326 1123.51000  317.06896  71.8%   285 10151s

 34770 24697  602.13652   95  251 1123.51000  317.06896  71.8%   285 10223s

H34779 24695                    1122.7200000  317.06896  71.8%   285 10223s

 34781 25025  602.29615   96  271 1122.72000  317.06896  71.8%   285 10320s

H34953 25021                    1119.0000000  317.06896  71.7%   284 10320s

 35220 25480  623.20435  112  218 1119.00000  317.06957  71.7%   284 10435s

 35757 26502  467.49280   46  394 1119.00000  317.06957  71.7%   284 10533s

 36913 26721  380.11496   41  337 1119.00000  317.83358  71.6%   284 10627s

 37159 27326  418.70943   61  408 1119.00000  317.83358  71.6%   285 10726s

 37787 28383  747.24398   80  239 1119.00000  317.83358  71.6%   284 10833s

 39009 28552 infeasible   25      1119.00000  318.19709  71.6%   284 10929s

 39241 28895  360.31616   56  487 1119.00000  318.20140  71.6%   287 11032s

 39627 28908  457.27466  103  314 1119.00000  318.20140  71.6%   289 11127s

 39641 29088  457.46320  104  317 1119.00000  318.20140  71.6%   289 11241s

H39692 29037                    1105.4100000  318.20140  71.2%   289 11241s

 39828 29618  485.30948  125  338 1105.41000  318.20140  71.2%   289 11343s

 40505 30816  837.58299  264  242 1105.41000  318.20140  71.2%   288 11455s

 41858 30961  340.01625   68  375 1105.41000  318.89237  71.2%   287 11552s

 42006 31239  353.94688   81  352 1105.41000  318.89237  71.2%   289 11639s

 42286 33003  440.13742  116  314 1105.41000  318.89237  71.2%   290 11758s

 44357 33381  377.26638   43  514 1105.41000  319.14941  71.1%   285 11932s

 44756 35140  481.73420   65  443 1105.41000  319.15219  71.1%   287 12265s

 46804 36057  351.73881   31  337 1105.41000  319.46603  71.1%   289 12433s

 47933 37381  545.13056  139  224 1105.41000  319.56937  71.1%   291 12582s

 49635 37594  371.60527   38  351 1105.41000  319.56937  71.1%   289 12700s

 49926 37875  526.08469   48  294 1105.41000  319.74401  71.1%   292 12833s

 50243 39741  390.87832   23  461 1105.41000  319.95999  71.1%   294 12990s

 52275 40266  362.34989   19  394 1105.41000  320.08491  71.0%   290 13100s

 52872 40334  712.91981   38  271 1105.41000  320.08491  71.0%   290 13215s

 52940 40472  736.72309   39  243 1105.41000  320.08491  71.0%   290 13336s

 53078 40577  917.78584   51  178 1105.41000  320.11344  71.0%   291 13449s

 53220 41203  358.98716   34  405 1105.41000  320.11344  71.0%   291 13592s

 53911 41625  795.76360  116  222 1105.41000  320.11344  71.0%   290 13703s

 54390 43406  402.68116   67  357 1105.41000  320.11344  71.0%   290 13827s

 56363 43983  605.97445  150  305 1105.41000  320.11344  71.0%   287 13943s

 57039 45749  757.42510  261  247 1105.41000  320.11344  71.0%   286 14077s

 58934 46239  804.97415  150  249 1105.41000  320.11344  71.0%   283 14281s

 59506 47632  351.86049   54  426 1105.41000  320.11344  71.0%   283 14400s



Cutting planes:

  Learned: 11

  Gomory: 47

  Lift-and-project: 107

  Cover: 100

  Implied bound: 197

  Projected implied bound: 31

  Clique: 267

  MIR: 508

  Mixing: 33

  StrongCG: 74

  Flow cover: 1088

  GUB cover: 6

  Inf proof: 2

  Zero half: 557

  RLT: 16

  Relax-and-lift: 639



Explored 61018 nodes (17210776 simplex iterations) in 14400.87 seconds (10083.53 work units)

Thread count was 16 (of 16 available processors)



Solution count 10: 1105.41 1119 1122.72 ... 1172.39



Time limit reached

Best objective 1.105410000000e+03, best bound 3.201134421719e+02, gap 71.0412%

-----RESULTS INFO-----
running_time:  14401.842999999999
TC.best_bound:  320.1134421718953
TC:  1105.41
MIP Gap (%):  71.04120261514775
=== Vehicle Routes ===
Vehicle 1: 0 → 2
Vehicle 1: 1 → 6
Vehicle 1: 2 → 1
Vehicle 1: 6 → 17
Vehicle 1: 15 → 75
Vehicle 1: 17 → 15
Vehicle 2: 0 → 47
Vehicle 2: 3 → 75
Vehicle 2: 19 → 3
Vehicle 2: 20 → 19
Vehicle 2: 47 → 65
Vehicle 2: 65 → 20
Vehicle 3: 0 → 4
Vehicle 3: 4 → 12
Vehicle 3: 7 → 8
Vehicle 3: 8 → 75
Vehicle 3: 12 → 73
Vehicle 3: 73 → 7
Vehicle 4: 0 → 5
Vehicle 4: 5 → 16
Vehicle 4: 9 → 11
Vehicle 4: 10 → 75
Vehicle 4: 11 → 10
Vehicle 4: 16 → 9
Vehicle 5: 0 → 14
Vehicle 5: 13 → 75
Vehicle 5: 14 → 69
Vehicle 5: 69 → 13
Vehicle 6: 0 → 18
Vehicle 6: 18 → 72
Vehicle 6: 66 → 75
Vehicle 6: 72 → 66
Vehicle 7: 0 → 42
Vehicle 7: 42 → 68
Vehicle 7: 68 → 75
Vehicle 8: 0 → 50
Vehicle 8: 50 → 70
Vehicle 8: 70 → 75
Vehicle 9: 0 → 71
Vehicle 9: 61 → 75
Vehicle 9: 71 → 61
Vehicle 10: 0 → 64
Vehicle 10: 64 → 75

=== Full Vehicle Routes ===
Vehicle 1: 0 → 2 → 1 → 6 → 17 → 15 → 0 (90<100)
Vehicle 2: 0 → 47 → 65 → 20 → 19 → 3 → 0 (99<100)
Vehicle 3: 0 → 4 → 12 → 73 → 7 → 8 → 0 (82<100)
Vehicle 4: 0 → 5 → 16 → 9 → 11 → 10 → 0 (90<100)
Vehicle 5: 0 → 14 → 69 → 13 → 0 (100<100)
Vehicle 6: 0 → 18 → 72 → 66 → 0 (94<100)
Vehicle 7: 0 → 42 → 68 → 0 (87<100)
Vehicle 8: 0 → 50 → 70 → 0 (100<100)
Vehicle 9: 0 → 71 → 61 → 0 (90<100)
Vehicle 10: 0 → 64 → 0 (100<100)
Arc used by MRT line: y variables:
Customer assigment to PL: u variables:
21 68
22 69
23 71
24 64
25 64
26 65
27 66
28 69
29 70
30 65
31 68
32 70
33 68
34 64
35 70
36 73
37 69
38 66
39 73
40 69
41 72
43 68
44 64
45 65
46 68
48 71
49 72
51 69
52 64
53 68
54 73
55 73
56 66
57 71
58 68
59 68
60 66
62 70
Node is served by regular vehicle: g variables:
1
2
3
4
5
6
7
8
9
10
11
12
13
14
15
16
17
18
19
20
42
47
50
61
69
70
71
72
73
64
65
66
68
Customer assigment to Home delivery: gm variables:
1
2
3
4
5
6
7
8
9
10
11
12
13
14
15
16
17
18
19
20
42
47
50
61
Node total demands: ntd variables:
1 21 1
2 16 1
3 26 1
4 11 1
5 17 1
6 26 1
7 1 1
8 6 1
9 17 1
10 25 1
11 15 1
12 12 1
13 6 1
14 12 1
15 2 1
16 16 1
17 25 1
18 16 1
19 10 1
20 22 1
42 12 1
43 0 0
44 0 0
45 0 0
46 0 0
47 5 1
48 0 0
49 0 0
50 63 1
51 0 0
52 0 0
53 0 0
54 0 0
55 0 0
56 0 0
57 0 0
58 0 0
59 0 0
60 0 0
61 22 1
62 0 0
69 82 1
70 37 1
71 68 1
72 22 1
73 52 1
74 0 0
63 0 0
64 100 1
65 36 1
66 56 1
67 0 0
68 75 1
Customer's demand delivered to PL: l variables:
21
22
23
24
25
26
27
28
29
30
31
32
33
34
35
36
37
38
39
40
41
43
44
45
46
48
49
51
52
53
54
55
56
57
58
59
60
62
Lockers load <= capacity:
82 <= 95
37 <= 76
68 <= 84
22 <= 92
52 <= 81
0 <= 92
0 <= 75
100 <= 100
36 <= 96
56 <= 86
0 <= 90
75 <= 85
