Gurobi 12.0.3:   lim:time = 14400

  mip:bestbound = 1

Set parameter LogToConsole to value 1

  tech:outlev = 1

Set parameter Cuts to value 3

  cut:cuts = 3

Set parameter Presolve to value 2

  pre:solve = 2

Set parameter MIPFocus to value 2

  mip:focus = 2

Set parameter Symmetry to value 2

  mip:symmetry = 2

Set parameter InfUnbdInfo to value 1

Gurobi Optimizer version 12.0.3 build v12.0.3rc0 (win64 - Windows 10.0 (19045.2))



CPU model: 11th Gen Intel(R) Core(TM) i7-11700 @ 2.50GHz, instruction set [SSE2|AVX|AVX2|AVX512]

Thread count: 8 physical cores, 16 logical processors, using up to 16 threads



Non-default parameters:

TimeLimit  14400

MIPFocus  2

Symmetry  2

Cuts  3

InfUnbdInfo  1

Presolve  2



Optimize a model with 4179 rows, 20604 columns and 131442 nonzeros

Model fingerprint: 0xc51f8a8e

Model has 2 quadratic objective terms

Model has 11 quadratic constraints

Variable types: 99 continuous, 20505 integer (0 binary)

Coefficient statistics:

  Matrix range     [1e+00, 1e+05]

  QMatrix range    [1e+00, 1e+00]

  QLMatrix range   [1e+00, 5e+01]

  Objective range  [2e+00, 1e+02]

  QObjective range [2e+00, 2e+00]

  Bounds range     [1e+00, 1e+02]

  RHS range        [1e+00, 1e+05]

  QRHS range       [1e+02, 1e+02]

Presolve removed 162 rows and 505 columns (presolve time = 5s)...

Presolve removed 160 rows and 504 columns

Presolve time: 5.66s

Presolved: 16041 rows, 32108 columns, 159084 nonzeros

Variable types: 884 continuous, 31224 integer (28723 binary)

Root relaxation presolve removed 102 rows and 2 columns

Root relaxation presolved: 15939 rows, 32207 columns, 314637 nonzeros



Deterministic concurrent LP optimizer: primal and dual simplex

Showing primal log only...





Root simplex log...



Iteration    Objective       Primal Inf.    Dual Inf.      Time

       0    1.5498900e+03   2.672404e+02   5.461746e+09     14s

Concurrent spin time: 0.05s



Solved with dual simplex



Root simplex log...



Iteration    Objective       Primal Inf.    Dual Inf.      Time

    1572    2.0716088e+02   0.000000e+00   0.000000e+00     15s



Root relaxation: objective 2.071609e+02, 1572 iterations, 0.58 seconds (0.64 work units)

Total elapsed time = 15.79s (DegenMoves)



    Nodes    |    Current Node    |     Objective Bounds      |     Work

 Expl Unexpl |  Obj  Depth IntInf | Incumbent    BestBd   Gap | It/Node Time



     0     0  207.16088    0  234          -  207.16088      -     -   16s

     0     0  269.98677    0  205          -  269.98677      -     -   20s

     0     0  299.62642    0  251          -  299.62642      -     -   21s

     0     0  299.62642    0  243          -  299.62642      -     -   21s

     0     0  299.62642    0  228          -  299.62642      -     -   24s

     0     0  303.81987    0  308          -  303.81987      -     -   25s

     0     0  305.65028    0  347          -  305.65028      -     -   26s

     0     0  305.65028    0  330          -  305.65028      -     -   27s

     0     0  314.72578    0  680          -  314.72578      -     -   31s

     0     0  317.61669    0  695          -  317.61669      -     -   34s

     0     0  318.03696    0  729          -  318.03696      -     -   34s

     0     0  319.80214    0  351          -  319.80214      -     -   38s

     0     0  320.80757    0  368          -  320.80757      -     -   39s

     0     0  326.79283    0  369          -  326.79283      -     -   41s

     0     0  327.91548    0  387          -  327.91548      -     -   42s

     0     0  328.16283    0  388          -  328.16283      -     -   44s

     0     0  328.16283    0  388          -  328.16283      -     -   45s

     0     2  328.18331    0  382          -  328.18331      -     -   48s

    15    24  334.32774    4  293          -  331.25342      -   752   50s

    63    82  335.52477    7  681          -  331.38754      -   807   55s

   107   121  337.86657   16  641          -  331.38754      -   870   60s

   146   163  338.84149   18  596          -  331.38754      -   939   66s

   178   198  346.38524   19  676          -  331.38754      -   933   71s

   229   246  341.63694   22  331          -  331.38754      -   887   78s

   245   264  342.82254   22  237          -  331.38754      -   875   81s

   265   282  344.51254   24  229          -  331.38754      -   872   86s

   299   310  344.74109   27  285          -  331.38754      -   875   93s

   313   335  344.74109   29  244          -  331.38754      -   884   99s

   338   359  346.43112   32  307          -  331.38754      -   863  101s

   364   393  345.44745   34  232          -  331.38754      -   841  106s

   398   436  345.45451   42  266          -  331.38754      -   817  110s

   441   483  350.52565   46  243          -  331.38754      -   776  117s

   488   526  346.97975   50  272          -  331.38754      -   736  120s

   532   565  346.99696   56  240          -  331.38754      -   700  126s

   571   611  346.99805   57  237          -  331.38754      -   671  130s

   683   741  347.00103   59  256          -  331.38754      -   586  135s

   835   937  347.00685   77  202          -  331.38754      -   520  143s

   949  1024  362.61535   90  233          -  331.38754      -   484  149s

  1060  1127  348.96667   97  220          -  331.38754      -   456  153s

  1165  1267  349.36866  104  265          -  331.38754      -   436  159s

  1305  1433  367.25600  121  209          -  331.38754      -   408  164s

  1471  1581  358.04749  126  233          -  331.38754      -   373  168s

  1619  1744  358.89392  137  237          -  331.38754      -   353  172s

  1787  1908  360.39905  144  214          -  331.38754      -   333  176s

  2179  2309  366.87934  167  198          -  331.38754      -   296  184s

  2370  2567  428.78824  194  193          -  331.38754      -   284  188s

  2632  2838  373.98927  254  220          -  331.38754      -   263  191s

  2925  3092  626.16843  292  192          -  331.38754      -   245  196s

  3208  3305  812.78810  311  168          -  331.38754      -   231  202s

  3458  3523 1179.05042  374  144          -  331.40324      -   223  209s

  3693  3707 1217.35306  409  132          -  331.40324      -   217  214s

  3930  3772  355.75405   11  249          -  331.40324      -   212  217s

  4001  3853  366.32733   18  200          -  331.40324      -   214  222s

  4083  3854  360.15296   29 8021          -  331.40324      -   217  231s

  4085  3855  399.82241  113  657          -  331.40324      -   217  241s

  4086  3856  608.52827  236  753          -  331.40324      -   216  251s

  4087  3857  718.15233  418  366          -  331.40324      -   216  259s

  4088  3857  928.46733  711  371          -  331.40324      -   216  269s

  4089  3858  566.19925  177  340          -  331.40324      -   216  280s

  4090  3859  359.69868  116  362          -  331.40324      -   216  301s

  4092  3860  344.62919   13  425          -  331.64004      -   216  305s

  4098  3864  459.18317  348  457          -  331.75114      -   216  320s

  4099  3865  438.32215  221  326          -  332.60300      -   216  326s

  4100  3865  361.00130  144  356          -  332.60300      -   216  337s

  4101  3866  357.89432   47  288          -  333.32600      -   216  350s

  4105  3869  338.79201   10  355          -  333.36080      -   215  362s

  4106  3869  365.03511   83  419          -  333.42905      -   215  377s

H 4109  3677                    2119.0900000  333.58965  84.3%   215  387s

  4111  3679  570.35322  233  445 2119.09000  333.59591  84.3%   215  401s

  4113  3680  565.73106  163  431 2119.09000  333.59709  84.3%   215  416s

H 4113  3495                    2102.7400000  333.60141  84.1%   215  429s

  4115  3496  350.64194   47  481 2102.74000  333.60530  84.1%   215  432s

  4118  3498  574.58218  322  379 2102.74000  333.61066  84.1%   215  435s

  4119  3499  411.91537  233  376 2102.74000  333.61066  84.1%   215  444s

  4120  3500  718.19378  444  392 2102.74000  333.61543  84.1%   215  461s

  4123  3502  723.49259  564  402 2102.74000  333.61740  84.1%   215  473s

H 4123  3326                    2098.9200000  333.63041  84.1%   215  491s

H 4123  3159                    2093.9700000  333.63041  84.1%   215  491s

H 4123  3001                    2088.5600000  333.63041  84.0%   215  491s

H 4123  2850                    2036.1800000  333.63041  83.6%   215  491s

H 4123  2707                    2027.3100000  333.63041  83.5%   215  491s

H 4126  2573                    2013.8600000  333.67877  83.4%   214  507s

H 4126  2443                    2007.5600000  333.67877  83.4%   214  507s

H 4127  2320                    1992.2000000  333.67877  83.3%   214  529s

H 4127  2203                    1987.1400000  333.67877  83.2%   214  529s

  4128  2204  349.80542   82  397 1987.14000  333.67877  83.2%   214  531s

H 4130  2094                    1967.4100000  333.67877  83.0%   214  548s

H 4130  1989                    1951.8900000  333.67877  82.9%   214  548s

  4132  1991  399.94893  307  394 1951.89000  333.67877  82.9%   214  570s

  4134  1992  385.28483   67  423 1951.89000  333.67877  82.9%   214  575s

  4136  1993  354.54966   78  430 1951.89000  333.67877  82.9%   214  592s

H 4136  1892                    1932.6500000  333.67877  82.7%   214  606s

H 4136  1797                    1932.2500000  333.67877  82.7%   214  606s

  4138  1799  351.01925  137  414 1932.25000  333.67877  82.7%   214  611s

H 4138  1708                    1930.5900000  333.67877  82.7%   214  626s

H 4138  1622                    1924.6900000  333.67877  82.7%   214  626s

H 4138  1540                    1924.4700000  333.67877  82.7%   214  626s

H 4138  1462                    1917.8800000  333.67877  82.6%   214  626s

H 4139  1388                    1915.1600000  333.67877  82.6%   214  643s

H 4139  1317                    1909.1600000  333.67877  82.5%   214  643s

H 4139  1250                    1878.8400000  333.67877  82.2%   214  644s

  4141  1252  360.06393   47  452 1878.84000  333.67877  82.2%   214  645s

  4143  1253  365.27751  159  454 1878.84000  333.67877  82.2%   213  655s

  4144  1254  454.00884  143  441 1878.84000  333.67877  82.2%   213  676s

  4145  1254  358.50475   64  472 1878.84000  333.67877  82.2%   213  697s

H 4145  1191                    1870.5700000  333.70845  82.2%   213  716s

  4147  1193 1179.07593  375  495 1870.57000  333.72582  82.2%   213  728s

  4148  1193  721.71515  505  557 1870.57000  333.73252  82.2%   213  738s

  4149  1194  342.65129   12  511 1870.57000  333.73415  82.2%   213  740s

  4152  1196  348.37573   28  468 1870.57000  333.73498  82.2%   213  749s

H 4152  1135                    1869.8300000  333.73684  82.2%   213  756s

H 4152  1077                    1864.3700000  333.73684  82.1%   213  756s

  4156  1080  923.91755  704  491 1864.37000  333.74266  82.1%   213  760s

  4157  1080  364.65894   13  486 1864.37000  333.74274  82.1%   213  765s

  4158  1081  359.75160  138  516 1864.37000  333.74320  82.1%   213  774s

  4159  1082  348.80770   35  497 1864.37000  333.74320  82.1%   213  778s

  4160  1082  928.57174  710  488 1864.37000  333.74457  82.1%   213  782s

  4161  1083  356.09630   84  485 1864.37000  333.74457  82.1%   213  789s

  4162  1084  566.19925  177  502 1864.37000  333.74457  82.1%   213  798s

  4163  1084  363.79444   54  501 1864.37000  333.74457  82.1%   212  802s

  4164  1085  377.76932  174  492 1864.37000  333.74457  82.1%   212  811s

H 4165  1030                    1864.0300000  333.74459  82.1%   212  827s

  4167  1034  333.77866   12  527 1864.03000  333.74459  82.1%   235  839s

  4169  1037  334.72889   13  462 1864.03000  333.77866  82.1%   237  857s

  4173  1044  335.78110   14  445 1864.03000  334.72889  82.0%   240  874s

  4181  1049  336.01951   15  440 1864.03000  335.78110  82.0%   244  884s

  4189  1068  336.11766   16  507 1864.03000  335.78110  82.0%   249  895s

  4210  1079  336.11766   17  508 1864.03000  335.78110  82.0%   254  912s

H 4225  1021                    1844.6000000  335.78110  81.8%   258  912s

  4228  1034  337.03676   18  485 1844.60000  335.78110  81.8%   259  927s

  4242  1042  337.44864   18  470 1844.60000  335.78110  81.8%   263  939s

H 4243   992                    1763.7900000  335.78110  81.0%   263  939s

H 4250   941                    1763.5800000  335.78110  81.0%   265  939s

  4255   955  337.85548   19  695 1763.58000  335.78110  81.0%   267  955s

  4270   965  339.29397   19  415 1763.58000  335.78110  81.0%   272  967s

  4285   971  338.23719   20  492 1763.58000  335.78110  81.0%   276  980s

H 4286   925                    1703.9900000  335.78110  80.3%   276  980s

  4296   937  338.21519   20  552 1703.99000  335.78110  80.3%   279  990s

  4311   949  338.21957   21  562 1703.99000  335.78110  80.3%   281 1005s

  4328   955  338.32214   22  541 1703.99000  335.78110  80.3%   285 1018s

  4340   964  353.22574   22  480 1703.99000  335.78110  80.3%   287 1030s

  4353   977  338.33576   23  489 1703.99000  335.78110  80.3%   290 1040s

  4370   980  338.39258   24  468 1703.99000  335.78110  80.3%   293 1047s

  4379   991  340.63600   24  476 1703.99000  335.78110  80.3%   295 1055s

H 4380   948                    1609.1700000  335.78110  79.1%   295 1055s

  4393   961  340.67584   25  458 1609.17000  335.78110  79.1%   296 1066s

  4410   963  338.71022   25  541 1609.17000  335.78110  79.1%   299 1075s

  4418   968  339.23768   26  564 1609.17000  335.78110  79.1%   300 1089s

  4426   974  341.90515   26  308 1609.17000  335.78110  79.1%   301 1100s

  4434   979  339.28174   27  586 1609.17000  335.78110  79.1%   302 1111s

  4442   984  350.78153   27  463 1609.17000  335.78110  79.1%   304 1121s

  4450   990  339.38065   28  582 1609.17000  335.78110  79.1%   304 1133s

  4458   995  339.95917   28  508 1609.17000  335.78110  79.1%   305 1145s

  4466  1000  339.45136   29  626 1609.17000  335.78110  79.1%   306 1157s

  4474  1006  344.14519   29  470 1609.17000  335.78110  79.1%   308 1170s

  4482  1011  339.49633   30  611 1609.17000  335.78110  79.1%   309 1189s

  4490  1016  376.50351   30  422 1609.17000  335.78110  79.1%   314 1210s

  4498  1022  339.51425   31  601 1609.17000  335.78110  79.1%   314 1224s

  4506  1027  346.68784   31  306 1609.17000  335.78110  79.1%   317 1237s

  4514  1032  340.58724   32  533 1609.17000  335.78110  79.1%   317 1256s

  4522  1038  340.55445   32  353 1609.17000  335.78110  79.1%   320 1265s

  4530  1043  340.87247   33  442 1609.17000  335.78110  79.1%   321 1277s

  4538  1048  345.08378   33  408 1609.17000  335.78110  79.1%   323 1291s

H 4542  1006                    1595.9700000  335.78110  79.0%   323 1291s

  4546  1038  340.91779   34  457 1595.97000  335.78110  79.0%   324 1314s

H 4579  1013                    1580.2400000  335.78110  78.8%   329 1332s

H 4581   975                    1559.7300000  335.78110  78.5%   330 1332s

H 4601   933                    1532.0500000  335.78110  78.1%   332 1332s

  4604   967  342.03172   37  322 1532.05000  335.78110  78.1%   333 1353s

  4639   983  342.36471   39  317 1532.05000  335.78110  78.1%   339 1366s

H 4642   948                    1531.5300000  335.78110  78.1%   339 1366s

H 4648   915                    1525.7600000  335.78110  78.0%   340 1366s

H 4665   879                    1513.2100000  335.78110  77.8%   342 1366s

  4666   923  342.69371   40  364 1513.21000  335.78110  77.8%   342 1392s

  4710   916  343.28010   43  320 1513.21000  335.78110  77.8%   348 1403s

H 4712   886                    1464.8900000  335.78110  77.1%   348 1403s

H 4713   859                    1440.7700000  335.78110  76.7%   348 1403s

  4718   902  364.15678   43  271 1440.77000  335.78110  76.7%   349 1425s

H 4765   905                    1434.4800000  335.78110  76.6%   354 1447s

H 4769   878                    1404.0500000  335.78110  76.1%   354 1447s

  4810   923  343.76844   47  280 1404.05000  335.78110  76.1%   359 1469s

  4868   925  344.03107   50  348 1404.05000  335.78110  76.1%   364 1487s

H 4883   897                    1397.7600000  335.78110  76.0%   365 1487s

  4893   950  344.10861   51  415 1397.76000  335.78110  76.0%   366 1510s

  4951   960  345.28011   54  409 1397.76000  335.78110  76.0%   371 1530s

H 4967   932                    1384.4100000  335.78110  75.7%   372 1530s

H 4968   911                    1383.1700000  335.78110  75.7%   372 1530s

H 4974   889                    1367.1100000  335.78110  75.4%   373 1530s

  4982   948  366.30852   55  194 1367.11000  335.78110  75.4%   374 1557s

  5045   997  377.14821   58  231 1367.11000  335.78110  75.4%   379 1583s

  5115  1054  345.03915   62  325 1367.11000  335.78110  75.4%   384 1604s

  5197  1108  346.37831   66  212 1367.11000  335.78110  75.4%   388 1627s

  5283  1185  364.94974   71  306 1367.11000  335.78110  75.4%   393 1648s

  5372  1193  349.01599   75  312 1367.11000  335.78110  75.4%   398 1665s

H 5375  1193                    1359.1000000  335.78110  75.3%   398 1665s

  5380  1301  360.67218   75  198 1359.10000  335.78110  75.3%   398 1697s

  5490  1412  353.25425   81  221 1359.10000  335.78110  75.3%   402 1731s

  5607  1530  354.79886   87  218 1359.10000  335.78110  75.3%   406 1765s

  5728  1655  356.20271   93  273 1359.10000  335.78110  75.3%   409 1789s

  5858  1810  356.80373  101  261 1359.10000  335.78110  75.3%   412 1822s

  6016  1818  357.49233  109  265 1359.10000  335.78110  75.3%   413 1838s

  6024  1826  408.68953  109  240 1359.10000  335.78110  75.3%   414 1861s

H 6030  1826                    1345.3200000  335.78110  75.0%   414 1861s

  6032  2000  357.70439  110  248 1345.32000  335.78110  75.0%   414 1901s

  6222  2203  401.07479  118  210 1345.32000  335.78110  75.0%   412 1932s

  6450  2431  505.12273  128  230 1345.32000  335.78110  75.0%   409 1973s

  6705  2605  405.84623  137  198 1345.32000  335.78110  75.0%   402 2013s

H 6953  2686                    1332.6800000  335.85182  74.8%   397 2044s

  7050  2838  404.33123  149  297 1332.68000  335.85182  74.8%   396 2078s

  7246  2982  399.21291  162  253 1332.68000  336.02306  74.8%   394 2126s

  7438  3120  466.59413  172  197 1332.68000  336.02306  74.8%   391 2166s

  7589  3246  662.85940  182  181 1332.68000  336.02306  74.8%   391 2223s

  7735  3397  485.88530  193  221 1332.68000  336.02306  74.8%   392 2245s

  7895  3577  494.82448  204  235 1332.68000  336.02306  74.8%   392 2298s

  8077  3585  504.95965  219  210 1332.68000  336.02306  74.8%   392 2326s

  8085  3593  602.91079  219  186 1332.68000  336.02306  74.8%   392 2361s

  8093  3601  505.00151  220  235 1332.68000  336.02306  74.8%   392 2396s

H 8094  3601                    1328.1200000  336.02306  74.7%   392 2396s

  8101  3764  649.03674  220  182 1328.12000  336.02306  74.7%   392 2440s

H 8120  3764                    1291.8100000  336.02306  74.0%   392 2440s

  8268  3987  612.70168  230  180 1291.81000  336.02306  74.0%   391 2483s

H 8331  3987                    1273.1100000  336.02306  73.6%   391 2483s

  8492  4324  618.82887  241  163 1273.11000  336.02306  73.6%   387 2513s

  8834  4508  629.61787  254  198 1273.11000  336.02306  73.6%   381 2569s

  9018  4687  729.09698  265  147 1273.11000  336.02306  73.6%   377 2618s

H 9212  4744                    1258.1300000  336.02306  73.3%   372 2654s

  9270  5093  671.19205  280  176 1258.13000  336.02306  73.3%   373 2712s

  9640  5448  772.89957  305  202 1258.13000  336.02306  73.3%   369 2761s

 10070  5759  804.22532  333  187 1258.13000  336.02306  73.3%   364 2847s

 10476  5977  983.87303  376  141 1258.13000  336.02306  73.3%   359 2904s

H10694  5976                    1248.3200000  336.02306  73.1%   354 2905s

H10742  5971                    1241.4900000  336.02306  72.9%   354 2905s

 10773  6209  341.35254   20  374 1241.49000  336.02306  72.9%   354 2976s

 11024  6919  371.69514   32  224 1241.49000  336.36039  72.9%   354 3052s

H11417  6910                    1220.1400000  336.36039  72.4%   350 3052s

 11746  7321  390.99228   88  174 1220.14000  336.36039  72.4%   346 3118s

 12226  7498  482.31958  118  163 1220.14000  336.75256  72.4%   338 3161s

 12420  7506  498.89830  136  146 1220.14000  336.75458  72.4%   336 3207s

 12428  7514  795.91269  136  116 1220.14000  336.75458  72.4%   336 3245s

H12430  7514                    1219.2000000  336.75458  72.4%   336 3245s

 12436  8080  499.12279  137  139 1219.20000  336.75458  72.4%   336 3324s

 13114  8290  338.89966   36  456 1219.20000  336.75458  72.4%   327 3388s

H13163  8277                    1202.9400000  336.89129  72.0%   328 3388s

 13423  8729  340.37544   49  310 1202.94000  336.89129  72.0%   324 3477s

 13879  9906  410.25632  104  256 1202.94000  336.89129  72.0%   322 3572s

 15352 11405  892.02035  299  207 1202.94000  337.44864  71.9%   304 3701s

H16457 11405                    1202.1300000  337.44864  71.9%   292 3701s

 16940 11580  538.67745  136  230 1202.13000  337.44864  71.9%   289 3744s

 17185 11935  619.01236  181  219 1202.13000  337.62780  71.9%   287 3788s

 17540 12057  909.64717  251  130 1202.13000  337.62780  71.9%   285 3807s

 17689 12561 1099.98499  281  108 1202.13000  337.95598  71.9%   283 3863s

 18230 12578  365.80414   38  348 1202.13000  337.95598  71.9%   281 3900s

 18260 12738  367.89524   45  338 1202.13000  337.95598  71.9%   281 3945s

 18448 13585  406.26466   73  322 1202.13000  337.95598  71.9%   282 4010s

 19344 13848  642.97984  191  171 1202.13000  337.95598  71.9%   277 4084s

 19724 14699  344.08419   17  458 1202.13000  338.02082  71.9%   277 4159s

 20711 14702  749.54345  107  189 1202.13000  338.02082  71.9%   271 4194s

 20734 14730  754.64441  108  163 1202.13000  338.02082  71.9%   271 4237s

 20762 14802  754.86762  109  170 1202.13000  338.02082  71.9%   272 4291s

 20842 15003  761.11828  110  179 1202.13000  338.02082  71.9%   272 4348s

 21062 15335  349.77851   23  341 1202.13000  338.02082  71.9%   273 4393s

 21411 16278  403.79686   44  237 1202.13000  338.02082  71.9%   273 4477s

 22573 16584 1094.94567  201  238 1202.13000  338.02082  71.9%   267 4537s

 22918 16601  341.68212   33  366 1202.13000  338.02082  71.9%   267 4576s

 22937 16878  346.58353   34  338 1202.13000  338.02082  71.9%   267 4643s

 23240 17409  359.92043   44  339 1202.13000  338.02082  71.9%   266 4715s

 23841 18703  547.22842  165  207 1202.13000  338.20434  71.9%   265 4808s

 25185 20106  554.86978   79  227 1202.13000  338.24024  71.9%   260 4890s

 26855 20108  860.85230  144  181 1202.13000  338.34748  71.9%   251 4953s

 26869 20121  861.43934  145  175 1202.13000  338.34748  71.9%   251 4992s

 26894 20294  351.05175   32  370 1202.13000  338.34748  71.9%   251 5051s

 27093 20822  571.55209   67  225 1202.13000  338.34748  71.9%   252 5114s

 27609 20822  672.59786   52  278 1202.13000  338.34748  71.9%   250 5115s

 27675 22033  841.11113  143  214 1202.13000  338.34748  71.9%   250 5211s

 29089 23089  590.57757  134  217 1202.13000  338.47094  71.8%   245 5282s

 30167 23097  764.80230  344  176 1202.13000  338.47094  71.8%   240 5381s

 30175 27839  767.59415  345  174 1202.13000  338.47094  71.8%   240 5850s

 35375 29214  800.30161  206  129 1202.13000  338.51982  71.8%   228 5944s

 36967 30207  619.43966   53  185 1202.13000  338.76218  71.8%   225 6020s

 38247 30876  411.77813   70  283 1202.13000  338.81088  71.8%   224 6089s

 38920 31055  699.68069  169  214 1202.13000  338.81088  71.8%   223 6151s

 39118 31864  700.10794  170  216 1202.13000  338.81088  71.8%   223 6224s

 40059 33169  361.97315   30  385 1202.13000  338.84388  71.8%   220 6290s

 41441 34245  619.26091  246  247 1202.13000  338.84388  71.8%   217 6373s

 42701 35033  369.67413   75  238 1202.13000  338.84388  71.8%   215 6430s

 43543 35430  768.07293  231  167 1202.13000  338.84388  71.8%   214 6513s

 44053 36718  348.84989   40  399 1202.13000  338.84388  71.8%   214 6587s

 45490 37079  341.04498   33  397 1202.13000  338.84388  71.8%   212 6712s

 45913 40495  365.78265   61  388 1202.13000  338.84388  71.8%   213 6903s

 49613 40833  348.22450   20  413 1202.13000  339.09542  71.8%   207 6968s

 50002 41900  358.23785   46  410 1202.13000  339.09542  71.8%   207 7041s

 51182 42789 1191.92826  163  156 1202.13000  339.09542  71.8%   206 7108s

 52128 42796  493.54753  119  217 1202.13000  339.09542  71.8%   205 7148s

 52136 42804  493.54753  120  216 1202.13000  339.09542  71.8%   205 7189s

 52144 42844  493.54798  121  220 1202.13000  339.09542  71.8%   205 7223s

 52184 43006  495.67712  122  230 1202.13000  339.09542  71.8%   205 7263s

 52373 43272     cutoff  192      1202.13000  339.09542  71.8%   205 7304s

 52664 43677  349.44226   33  450 1202.13000  339.09542  71.8%   205 7342s

 53140 44609  402.39227   77  282 1202.13000  339.09542  71.8%   205 7406s

 54119 45855  351.65824   27  454 1202.13000  339.09542  71.8%   204 7460s

 55404 46497  478.78224   91  293 1202.13000  339.09542  71.8%   203 7533s

 56135 47301  725.29587  154  200 1202.13000  339.09542  71.8%   202 7601s

 56994 47543  350.56758   40  350 1202.13000  339.09542  71.8%   202 7658s

 57320 47685  424.28480   67  260 1202.13000  339.09542  71.8%   202 7695s

 57462 47885  532.30122  102  259 1202.13000  339.09542  71.8%   202 7749s

 57709 49085  777.16077  153  233 1202.13000  339.09542  71.8%   202 7812s

 59039 49395  406.80502   68  259 1202.13000  339.09542  71.8%   201 7871s

 59406 50769  477.70812  118  262 1202.13000  339.09542  71.8%   201 7914s

 60882 51658  355.11782   57  435 1202.13000  339.09542  71.8%   200 8036s

 61892 51996  351.09031   37  382 1202.13000  339.09542  71.8%   200 8105s

 62241 52833  381.43687   72  258 1202.13000  339.35132  71.8%   200 8188s

 63134 53899  347.10282   24  383 1202.13000  339.36300  71.8%   199 8284s

 63692 53899  475.23552  113  217 1202.13000  339.37142  71.8%   199 8285s

 64315 54552  348.41475   25  526 1202.13000  339.37142  71.8%   198 8391s

 65054 56017  581.29442   73  262 1202.13000  339.37142  71.8%   198 8532s

 66617 56122  498.54412  132  185 1202.13000  339.45783  71.8%   198 8581s

 66722 56509  627.86726  144  216 1202.13000  339.45783  71.8%   198 8655s

 67182 57687  362.41824   29  440 1202.13000  339.47139  71.8%   197 8753s

 68468 58080  394.08070   48  277 1202.13000  339.47139  71.8%   197 8813s

 68908 59090  680.01590   95  210 1202.13000  339.47139  71.8%   198 8926s

 70110 59484  348.26570   32  469 1202.13000  339.47139  71.8%   197 9006s

 70540 60621  387.22053   68  283 1202.13000  339.57330  71.8%   198 9073s

 71852 61111  365.47588   40  306 1202.13000  339.57390  71.8%   197 9138s

 72499 62238  365.68183   51  408 1202.13000  339.57390  71.8%   199 9201s

 73683 62653  454.36569  124  189 1202.13000  339.57390  71.8%   199 9245s

 74170 63799  579.12296  230  199 1202.13000  339.57390  71.8%   199 9317s

 75528 64191  353.53638   29  446 1202.13000  339.57390  71.8%   199 9399s

 75922 66336  392.87259   62  357 1202.13000  339.66393  71.7%   199 9526s

 78278 67606 1105.30553  201  171 1202.13000  339.69429  71.7%   198 9592s

 79713 67606  411.65150   61  196 1202.13000  339.72286  71.7%   197 9639s

 79729 67617  420.92134   61  218 1202.13000  339.72286  71.7%   198 9692s

 79740 67743  414.40867   62  196 1202.13000  339.72286  71.7%   198 9724s

 79879 68098  422.80669   71  196 1202.13000  339.72286  71.7%   198 9787s

 80266 68567  450.81831  113  201 1202.13000  339.72286  71.7%   199 9841s

 80780 69058  670.32369  170  124 1202.13000  339.72286  71.7%   199 9933s

 81383 69276  351.33811   48  425 1202.13000  339.72286  71.7%   200 10005s

 81640 69634  362.27795   82  390 1202.13000  339.72286  71.7%   200 10078s

 81998 70921  488.32440  150  270 1202.13000  339.72286  71.7%   200 10175s

 83473 72112  380.12147   46  258 1202.13000  339.75963  71.7%   199 10255s

 84895 72576  349.21204   23  297 1202.13000  339.75963  71.7%   199 10317s

 85383 73677  359.21541   56  394 1202.13000  339.75963  71.7%   200 10392s

 86553 74004  731.79180  204  239 1202.13000  339.75963  71.7%   199 10443s

 86908 74031  734.25399  205  230 1202.13000  339.76140  71.7%   199 10521s

 86962 74132  735.09785  206  241 1202.13000  339.76140  71.7%   199 10580s

 87067 74184  748.43836  222  245 1202.13000  339.76140  71.7%   199 10626s

 87127 74512  824.73267  259  230 1202.13000  339.76140  71.7%   199 10692s

 87499 75363  359.95829   47  254 1202.13000  339.76140  71.7%   199 10752s

 88432 76502  342.35399   26  356 1202.13000  339.76140  71.7%   198 10812s

 89710 77217  922.52098  200  189 1202.13000  339.76140  71.7%   198 10870s

 90583 78179  450.29532   84  261 1202.13000  339.76140  71.7%   200 10968s

 91848 78398  358.11644   56  264 1202.13000  339.90289  71.7%   200 11017s

 92120 79258  444.51550  103  297 1202.13000  339.90289  71.7%   201 11077s

 93017 80882  994.49609  397  187 1202.13000  339.90289  71.7%   201 11138s

 94800 81047  503.37231   62  328 1202.13000  339.90289  71.7%   200 11184s

 94977 81685  538.54150   80  326 1202.13000  339.99066  71.7%   200 11244s

 95695 82036  366.27066   42  259 1202.13000  339.99135  71.7%   200 11299s

 96099 82850  641.11183   98  266 1202.13000  339.99135  71.7%   201 11355s

 97063 83161  349.15903   36  525 1202.13000  339.99135  71.7%   201 11396s

 97445 83708  364.35098   56  434 1202.13000  339.99135  71.7%   201 11449s

 98095 84199  530.74222  182  232 1202.13000  339.99135  71.7%   202 11494s

 98619 84427  350.64860   25  328 1202.13000  339.99135  71.7%   201 11535s

 98868 84787  437.08341   52  257 1202.13000  339.99135  71.7%   201 11601s

 99270 85290  348.74091   35  508 1202.13000  339.99135  71.7%   201 11652s

 99857 86608  432.92090  107  276 1202.13000  339.99135  71.7%   202 11715s

 101345 87324  542.57841   51  256 1202.13000  340.12030  71.7%   201 11752s

 102362 87332  352.55524   28  337 1202.13000  340.15405  71.7%   202 11817s

 102370 87340  355.07990   29  325 1202.13000  340.15405  71.7%   202 11870s

 102378 87348  355.08076   30  318 1202.13000  340.15405  71.7%   202 11918s

 102386 87364  355.13278   31  429 1202.13000  340.15405  71.7%   202 11968s

 102402 87496  355.15392   32  420 1202.13000  340.15405  71.7%   202 12021s

 102538 87936  355.96294   33  263 1202.13000  340.15405  71.7%   202 12081s

 103080 88346  535.11733   70  254 1202.13000  340.15405  71.7%   202 12124s

 103537 88460 1164.29144  187  176 1202.13000  340.15405  71.7%   202 12166s

 103652 89082 1166.54990  188  182 1202.13000  340.15405  71.7%   202 12212s

 104301 89485     cutoff  189      1202.13000  340.17853  71.7%   202 12259s

 104356 89485  663.19532  246  230 1202.13000  340.17853  71.7%   202 12260s

 104751 90577  349.70583   27  407 1202.13000  340.17853  71.7%   202 12319s

 106040 91302  381.21915   77  372 1202.13000  340.17853  71.7%   201 12392s

 106790 93632  648.22358  222  261 1202.13000  340.17853  71.7%   201 12474s

 107660 93632 1102.02604  301  240 1202.13000  340.21277  71.7%   201 12475s

 109298 94528  434.25967  126  295 1202.13000  340.26262  71.7%   200 12510s

 110255 95357 1195.90954  281  178 1202.13000  340.26262  71.7%   199 12539s

 111138 96288  387.24638   55  398 1202.13000  340.26262  71.7%   199 12586s

 112230 97145  658.52756  211  271 1202.13000  340.26676  71.7%   198 12613s

 113146 97943  369.66256   51  313 1202.13000  340.26676  71.7%   198 12654s

 114002 98707  444.41966  118  300 1202.13000  340.26676  71.7%   198 12691s

 114894 98972  465.03499   44  378 1202.13000  340.26676  71.7%   197 12713s

 115159 99725  486.59367   65  408 1202.13000  340.26676  71.7%   198 12737s

 115931 100957  674.65954  184  245 1202.13000  340.26676  71.7%   197 12799s

 117038 100957  526.89258  153  249 1202.13000  340.26676  71.7%   197 12800s

 117260 101549  354.95460   30  425 1202.13000  340.26676  71.7%   196 12853s

 117875 101898  540.55477  110  174 1202.13000  340.26676  71.7%   197 12891s

 118269 102535  360.59286   26  249 1202.13000  340.26676  71.7%   196 12920s

 118978 103239  419.39938   37  287 1202.13000  340.26676  71.7%   197 12964s

 119801 103758  633.47989   61  156 1202.13000  340.26676  71.7%   196 13007s

 120325 103783  593.99329   62  165 1202.13000  340.26676  71.7%   196 13030s

 120354 103918  634.00898   62  145 1202.13000  340.26676  71.7%   196 13057s

 120516 104326  352.41983   28  477 1202.13000  340.26676  71.7%   196 13126s

 120964 106793  421.96671   70  357 1202.13000  340.32209  71.7%   196 13271s

 123713 107073  470.22334   82  292 1202.13000  340.39665  71.7%   196 13326s

 124018 107991  534.02945  112  220 1202.13000  340.39665  71.7%   196 13399s

 124998 108483  357.69194   47  479 1202.13000  340.41152  71.7%   196 13443s

 125521 109822  379.96971   72  346 1202.13000  340.41152  71.7%   196 13512s

 126980 110459  776.19454  320  197 1202.13000  340.41152  71.7%   195 13578s

 127683 111287  349.05445   38  545 1202.13000  340.41152  71.7%   195 13631s

 128586 111950  419.30798   62  348 1202.13000  340.41152  71.7%   195 13679s

 129318 112447  352.60451   31  405 1202.13000  340.41152  71.7%   195 13729s

 129832 113170  414.80394   63  295 1202.13000  340.41442  71.7%   195 13806s

 130732 113508  363.12181   33  397 1202.13000  340.41442  71.7%   195 13898s

 131091 113909  353.08102   39  503 1202.13000  340.41442  71.7%   196 13948s

 131590 114260  521.60927   78  252 1202.13000  340.41442  71.7%   196 14000s

 132007 114640  375.19265   37  353 1202.13000  340.41442  71.7%   196 14051s

 132446 115399  475.99716   95  273 1202.13000  340.41442  71.7%   197 14099s

 133236 115604 1085.77597  344  194 1202.13000  340.41442  71.7%   196 14141s

 133533 115856  386.76355   81  320 1202.13000  340.50581  71.7%   196 14183s

 133791 117012  533.53403  163  207 1202.13000  340.50581  71.7%   196 14240s

 135130 117394  382.59493   54  318 1202.13000  340.51679  71.7%   196 14316s

 135541 119356  439.19676  108  235 1202.13000  340.51679  71.7%   196 14400s



Cutting planes:

  Learned: 13

  Gomory: 41

  Lift-and-project: 1

  Cover: 79

  Implied bound: 457

  Projected implied bound: 22

  Clique: 359

  MIR: 333

  Mixing: 36

  StrongCG: 54

  Flow cover: 799

  GUB cover: 9

  Inf proof: 2

  Zero half: 742

  RLT: 18

  Relax-and-lift: 627



Explored 137643 nodes (26929989 simplex iterations) in 14400.62 seconds (9027.89 work units)

Thread count was 16 (of 16 available processors)



Solution count 10: 1202.13 1202.94 1219.2 ... 1328.12



Time limit reached

Best objective 1.202130000000e+03, best bound 3.405167922602e+02, gap 71.6739%



AMPL MP initial flat model has 20604 variables (0 integer, 20505 binary);

Objectives: 1 quadratic; 

Constraints:  4179 linear; 11 quadratic;



AMPL MP final model has 20604 variables (0 integer, 20505 binary);

Objectives: 1 quadratic; 

Constraints:  4179 linear; 11 quadratic;





-----RESULTS INFO-----
running_time:  14401.968
TC.best_bound:  340.5167922602176
TC:  1202.1299999999999
MIP Gap (%):  71.67387950885366
=== Vehicle Routes ===
Vehicle 1: 0 → 1
Vehicle 1: 1 → 5
Vehicle 1: 5 → 69
Vehicle 1: 8 → 74
Vehicle 1: 9 → 8
Vehicle 1: 69 → 9
Vehicle 2: 0 → 64
Vehicle 2: 2 → 74
Vehicle 2: 3 → 2
Vehicle 2: 16 → 3
Vehicle 2: 64 → 16
Vehicle 3: 0 → 6
Vehicle 3: 4 → 74
Vehicle 3: 6 → 12
Vehicle 3: 7 → 4
Vehicle 3: 12 → 7
Vehicle 4: 0 → 58
Vehicle 4: 10 → 74
Vehicle 4: 44 → 70
Vehicle 4: 58 → 44
Vehicle 4: 70 → 10
Vehicle 5: 0 → 20
Vehicle 5: 11 → 74
Vehicle 5: 17 → 11
Vehicle 5: 20 → 68
Vehicle 5: 68 → 17
Vehicle 6: 0 → 13
Vehicle 6: 13 → 67
Vehicle 6: 15 → 74
Vehicle 6: 57 → 15
Vehicle 6: 67 → 57
Vehicle 7: 0 → 21
Vehicle 7: 14 → 74
Vehicle 7: 21 → 46
Vehicle 7: 46 → 54
Vehicle 7: 54 → 14
Vehicle 8: 0 → 65
Vehicle 8: 18 → 74
Vehicle 8: 65 → 18
Vehicle 9: 0 → 72
Vehicle 9: 19 → 74
Vehicle 9: 72 → 19

=== Full Vehicle Routes ===
Vehicle 1: 0 → 1 → 5 → 69 → 9 → 8 → 0 (84<100)
Vehicle 2: 0 → 64 → 16 → 3 → 2 → 0 (100<100)
Vehicle 3: 0 → 6 → 12 → 7 → 4 → 0 (84<100)
Vehicle 4: 0 → 58 → 44 → 70 → 10 → 0 (100<100)
Vehicle 5: 0 → 20 → 68 → 17 → 11 → 0 (100<100)
Vehicle 6: 0 → 13 → 67 → 57 → 15 → 0 (98<100)
Vehicle 7: 0 → 21 → 46 → 54 → 14 → 0 (83<100)
Vehicle 8: 0 → 65 → 18 → 0 (100<100)
Vehicle 9: 0 → 72 → 19 → 0 (99<100)
Arc used by MRT line: y variables:
Customer assigment to PL: u variables:
22 72
23 72
24 65
25 64
26 72
27 70
28 65
29 70
30 65
31 72
32 68
33 64
34 72
35 72
36 72
37 64
38 72
39 68
40 64
41 70
42 65
43 72
45 68
47 65
48 70
49 64
50 65
51 67
52 70
53 68
55 67
56 65
59 67
60 70
61 69
62 69
63 69
Node is served by regular vehicle: g variables:
1
2
3
4
5
6
7
8
9
10
11
12
13
14
15
16
17
18
19
20
21
44
46
54
57
58
70
72
64
65
67
68
69
Customer assigment to Home delivery: gm variables:
1
2
3
4
5
6
7
8
9
10
11
12
13
14
15
16
17
18
19
20
21
44
46
54
57
58
Node total demands: ntd variables:
1 17 1
2 5 1
3 8 1
4 16 1
5 3 1
6 26 1
7 23 1
8 18 1
9 5 1
10 8 1
11 13 1
12 19 1
13 19 1
14 17 1
15 54 1
16 8 1
17 18 1
18 12 1
19 8 1
20 19 1
21 16 1
43 0 0
44 19 1
45 0 0
46 24 1
47 0 0
48 0 0
49 0 0
50 0 0
51 0 0
52 0 0
53 0 0
54 26 1
55 0 0
56 0 0
57 8 1
58 9 1
59 0 0
60 0 0
61 0 0
62 0 0
63 0 0
70 64 1
71 0 0
72 91 1
73 0 0
64 79 1
65 88 1
66 0 0
67 17 1
68 50 1
69 41 1
Customer's demand delivered to PL: l variables:
22
23
24
25
26
27
28
29
30
31
32
33
34
35
36
37
38
39
40
41
42
43
45
47
48
49
50
51
52
53
55
56
59
60
61
62
63
Lockers load <= capacity:
64 <= 70
0 <= 95
91 <= 94
0 <= 100
79 <= 96
88 <= 97
0 <= 98
17 <= 98
50 <= 70
41 <= 100
