Gurobi 12.0.3:   lim:time = 14400

  mip:bestbound = 1

Set parameter LogToConsole to value 1

  tech:outlev = 1

Set parameter Cuts to value 3

  cut:cuts = 3

Set parameter Presolve to value 2

  pre:solve = 2

Set parameter MIPFocus to value 2

  mip:focus = 2

Set parameter Symmetry to value 2

  mip:symmetry = 2

Set parameter InfUnbdInfo to value 1

Gurobi Optimizer version 12.0.3 build v12.0.3rc0 (win64 - Windows 10.0 (19045.2))



CPU model: Intel(R) Core(TM) i7-10700 CPU @ 2.90GHz, instruction set [SSE2|AVX|AVX2]

Thread count: 8 physical cores, 16 logical processors, using up to 16 threads



Non-default parameters:

TimeLimit  14400

MIPFocus  2

Symmetry  2

Cuts  3

InfUnbdInfo  1

Presolve  2



Optimize a model with 4074 rows, 20613 columns and 131249 nonzeros

Model fingerprint: 0xb901e634

Model has 4 quadratic objective terms

Model has 15 quadratic constraints

Variable types: 98 continuous, 20515 integer (0 binary)

Coefficient statistics:

  Matrix range     [1e+00, 1e+05]

  QMatrix range    [1e+00, 1e+00]

  QLMatrix range   [1e+00, 3e+01]

  Objective range  [2e+00, 1e+02]

  QObjective range [2e+00, 2e+00]

  Bounds range     [1e+00, 1e+02]

  RHS range        [1e+00, 1e+05]

  QRHS range       [1e+02, 1e+02]

Presolve removed 153 rows and 500 columns (presolve time = 5s)...

Presolve removed 145 rows and 535 columns

Presolve time: 8.91s

Presolved: 16333 rows, 32465 columns, 160284 nonzeros

Variable types: 1290 continuous, 31175 integer (28700 binary)

Root relaxation presolve removed 53 rows and 2 columns

Root relaxation presolved: 16279 rows, 32515 columns, 255676 nonzeros



Deterministic concurrent LP optimizer: primal and dual simplex

Showing primal log only...





Root simplex log...



Iteration    Objective       Primal Inf.    Dual Inf.      Time

       0    2.4407800e+03   2.806910e+02   1.051396e+10     16s

Concurrent spin time: 0.08s



Solved with dual simplex



Root simplex log...



Iteration    Objective       Primal Inf.    Dual Inf.      Time

    1594    2.4884454e+02   0.000000e+00   0.000000e+00     17s



Root relaxation: objective 2.488445e+02, 1594 iterations, 0.83 seconds (0.54 work units)

Total elapsed time = 18.20s (DegenMoves)



    Nodes    |    Current Node    |     Objective Bounds      |     Work

 Expl Unexpl |  Obj  Depth IntInf | Incumbent    BestBd   Gap | It/Node Time



     0     0  248.84454    0  248          -  248.84454      -     -   19s

     0     0  323.10913    0  215          -  323.10913      -     -   25s

     0     0  350.90149    0  230          -  350.90149      -     -   25s

     0     0  350.90149    0  229          -  350.90149      -     -   26s

     0     0  351.21896    0  232          -  351.21896      -     -   32s

     0     0  351.71819    0  288          -  351.71819      -     -   32s

     0     0  351.71851    0  299          -  351.71851      -     -   33s

     0     0  354.47474    0  252          -  354.47474      -     -   37s

     0     0  354.67851    0  317          -  354.67851      -     -   37s

     0     0  355.03291    0  344          -  355.03291      -     -   42s

     0     0  355.04711    0  312          -  355.04711      -     -   43s

     0     0  357.19593    0  262          -  357.19593      -     -   46s

     0     0  357.65976    0  262          -  357.65976      -     -   46s

     0     2  357.67436    0  258          -  357.67436      -     -   52s

    15    24  361.00477    4  321          -  361.00477      -   818   55s

   264   287  371.61660   14  274          -  361.22260      -   226   60s

   448   460  380.66913   21  257          -  361.22260      -   196   65s

   659   683  388.29833   58  206          -  361.22260      -   183   70s

   974   984  392.44251   93  251          -  361.22260      -   156   75s

  1059  1044  392.72492  101  224          -  361.22260      -   153   80s

  1224  1247  394.14556  106  208          -  361.22260      -   149   85s

  1724  1652  379.49790    5  285          -  361.37714      -   132   90s

  1989  1932  386.90433   15  153          -  362.17839      -   147   96s

  2451  2245  480.08635  197 8165          -  362.17839      -   136  109s

  2453  2246  569.04873  156  283          -  362.17839      -   135  129s

  2454  2247  384.65332   11  381          -  362.17839      -   135  135s

  2458  2250  475.95251  145  396          -  362.17839      -   135  142s

  2459  2250  426.32008  108  343          -  362.17839      -   135  191s

  2460  2251  407.28014   89  373          -  362.17839      -   135  201s

  2461  2252  389.92378   20  348          -  362.17839      -   135  207s

  2462  2252  662.16529  273  320          -  362.81185      -   135  212s

  2465  2254  484.98137  164  364          -  362.81185      -   135  215s

  2468  2256  542.76889   81  305          -  362.81185      -   135  240s

  2469  2257  418.46855  247  338          -  362.81185      -   135  267s

  2470  2258  544.09490  158  347          -  362.81185      -   135  284s

  2471  2258  395.84877   38  326          -  362.81185      -   134  307s

  2472  2259  390.67592   73  339          -  362.81376      -   134  330s

  2473  2260  387.30967   16  325          -  362.81376      -   134  358s

  2474  2260  499.67202   38  357          -  362.81376      -   134  389s

  2475  2261  583.72350  152  329          -  362.81376      -   134  419s

  2476  2262  418.23131  140  293          -  362.81376      -   134  420s

  2477  2262  379.44572   10  317          -  362.99730      -   134  448s

  2478  2263  475.10066  141  314          -  362.99730      -   134  473s

  2479  2264  433.02519  114  334          -  363.00355      -   134  492s

  2480  2264  545.02302   75  323          -  363.00355      -   134  514s

  2481  2265  374.82327   24  326          -  363.00355      -   134  524s

  2482  2266  568.30418  183  323          -  363.00355      -   134  551s

  2483  2266  474.85980  116  334          -  363.00355      -   134  574s

  2484  2267  509.79136   40  332          -  363.11264      -   134  592s

  2485  2268  517.50917   35  400          -  363.11264      -   134  606s

  2486  2268  387.02883   25  392          -  363.11264      -   134  631s

  2487  2269  403.74767   17  384          -  363.11264      -   134  644s

  2488  2270  394.64913   32  384          -  363.11264      -   134  652s

  2489  2273  363.11264   10  261          -  363.11264      -   183  658s

  2491  2277  363.11264   11  225          -  363.11264      -   184  673s

  2495  2283  363.89463   12  263          -  363.11264      -   186  692s

  2511  2310  364.73220   14  338          -  363.11264      -   192  699s

  2535  2318  365.48078   16  344          -  363.11264      -   199  704s

  2551  2328  379.13690   17  328          -  363.11264      -   206  709s

  2566  2337  368.61001   18  351          -  363.11264      -   210  713s

  2581  2350  366.98643   19  305          -  363.11264      -   215  718s

  2599  2359  373.93769   20  295          -  363.11264      -   219  722s

  2614  2370  367.28358   21  263          -  363.11264      -   224  726s

  2649  2389  367.91148   23  298          -  363.11264      -   229  731s

  2678  2407  370.37172   25  284          -  363.11264      -   236  736s

  2705  2427  382.81170   26  389          -  363.11264      -   242  742s

  2720  2438  379.15177   27  371          -  363.11264      -   245  747s

  2736  2451  375.12416   27  340          -  363.11264      -   248  750s

  2754  2464  379.29599   28  290          -  363.11264      -   250  757s

  2773  2474  379.49411   29  288          -  363.11264      -   254  761s

  2790  2485  380.33029   30  269          -  363.11264      -   257  767s

  2809  2498  380.66443   31  256          -  363.11264      -   261  773s

  2829  2508  395.31813   32  259          -  363.11264      -   265  775s

  2848  2521  412.22181   33  309          -  363.11264      -   270  781s

  2868  2535  386.96660   34  267          -  363.11264      -   273  788s

  2892  2548  388.10156   35  272          -  363.11264      -   277  793s

  2916  2569  390.19552   36  347          -  363.11264      -   280  800s

  2946  2577  424.55444   37  295          -  363.11264      -   284  824s

  2964  2601  391.77857   38  321          -  363.11264      -   285  830s

  2997  2617  397.27072   39  258          -  363.11264      -   288  837s

  3029  2635  400.09221   41  269          -  363.11264      -   291  845s

  3061  2656  397.91406   42  245          -  363.11264      -   297  851s

  3099  2682  399.43107   44  282          -  363.11264      -   300  857s

  3144  2714  399.38523   46  278          -  363.11264      -   303  864s

  3197  2741  399.45043   49  277          -  363.11264      -   305  872s

  3253  2779  399.53743   51  223          -  363.11264      -   306  879s

  3323  2808  420.37599   55  238          -  363.11264      -   307  888s

  3387  2847  420.41156   57  237          -  363.11264      -   309  892s

  3459  2888  420.42555   59  225          -  363.11264      -   310  899s

  3531  2934  420.45884   62  247          -  363.11264      -   312  908s

  3618  2953  420.49665   66  212          -  363.11264      -   313  917s

  3703  3001  522.93640   70  227          -  363.11264      -   316  925s

  3784  3057  420.56732   75  260          -  363.11264      -   320  930s

  3875  3096 infeasible   83               -  363.11264      -   323  938s

  3963  3197  368.05520   18  288          -  363.11264      -   326  949s

  4120  3224  372.20031   26  238          -  363.11264      -   329  958s

  4211  3342  373.23823   34  232          -  363.11264      -   331  968s

  4410  3416  485.66080   70  173          -  363.11264      -   331  979s

  4604  3433  506.27529  112  190          -  363.11264      -   326  990s

  4696  3529  508.37952  135  196          -  363.11264      -   329 1009s

  4822  3594  526.69276  142  165          -  363.11264      -   333 1020s

  4933  3831  549.81917  164  205          -  363.11264      -   333 1028s

  5224  3894  605.14131  223  169          -  363.11264      -   327 1040s

  5437  3938  371.32171   28  190          -  363.27280      -   326 1051s

  5570  4145  376.82115   39  192          -  363.27280      -   326 1062s

  5888  4113 infeasible   53               -  363.27280      -   322 1071s

  5991  4141  368.65421   22  242          -  363.27280      -   325 1079s

  6067  4212  373.19026   28  239          -  363.27294      -   327 1094s

  6164  4380  381.47643   34  322          -  363.27294      -   330 1109s

  6379  4645  437.26101   41  293          -  363.27294      -   330 1121s

  6749  4652  407.37437   85  299          -  363.27294      -   326 1135s

  6897  5019  423.68621  103  289          -  363.27294      -   327 1150s

  7347  5023  371.05551   23  251          -  363.27294      -   317 1164s

  7541  5320  375.28517   29  316          -  363.27294      -   316 1176s

  7989  5333  389.68739   44  303          -  363.29417      -   309 1191s

  8155  5314  392.32095   57  335          -  363.29417      -   309 1248s

  8191  5522  416.59289   63  248          -  363.29417      -   310 1263s

  8426  6173  402.79373  101  251          -  363.29417      -   308 1282s

  9184  6383  428.26243  209  232          -  363.29417      -   295 1296s

  9671  6774  454.82822  288  188          -  363.29417      -   287 1315s

 10130  7595  479.25977  429  187          -  363.29417      -   281 1333s

 11029  7979  374.23233   25  384          -  363.29417      -   268 1346s

 11425  9155  397.48259  107  176          -  363.29417      -   266 1364s

 12642  9450 infeasible  286               -  363.29417      -   249 1381s

 12985 10220  902.98980  325  153          -  363.29417      -   248 1396s

 13885 10397  369.45871   30  339          -  363.29417      -   241 1415s

 14093 10956  369.61173   34  414          -  363.29417      -   242 1433s

 14763 11414  394.94740  107  260          -  363.31417      -   239 1467s

 15222 12679  423.14622  220  210          -  363.31417      -   237 1501s

 16575 13880  376.43448   27  286          -  363.31417      -   228 1517s

 17894 14499  464.12786  115  266          -  363.31417      -   219 1532s

 18682 14764  662.96070  182  280          -  363.31417      -   216 1550s

 18971 14897  366.89335   35  415          -  363.31417      -   218 1567s

 19108 15395  372.90966   40  356          -  363.31417      -   218 1588s

 19686 16071  373.27036   61  297          -  363.31417      -   217 1604s

 20388 16207  434.61818   73  231          -  363.31417      -   214 1628s

 20617 16876  442.51571  100  267          -  363.31417      -   215 1647s

 21318 17403  481.61930  266  185          -  363.31417      -   213 1666s

 21899 18414  733.07614  363  172          -  363.31417      -   210 1682s

 23018 19321  378.68426   38  373          -  363.31417      -   205 1700s

 24030 19885  407.83051   78  326          -  363.31417      -   202 1716s

 24714 20096  561.19345  136  274          -  363.36648      -   201 1733s

 24967 21177  667.63223  175  269          -  363.36648      -   202 1756s

 26053 22328  787.51215  331  270          -  363.36648      -   198 1775s

 27341 22467  416.57552   71  212          -  363.36648      -   193 1798s

 27543 23187  430.75113   97  232          -  363.36648      -   194 1818s

 28290 24361  478.89877  293  193          -  363.36648      -   193 1841s

 29543 25040  399.14261   64  276          -  363.36648      -   189 1880s

 30349 26535  614.88879  220  163          -  364.68653      -   187 1909s

 32012 27503 infeasible  107               -  364.68653      -   184 1935s

 33034 27973  750.50971  261  152          -  364.72147      -   181 1955s

 33564 29092  365.48476   32  421          -  364.72173      -   180 1980s

 34782 30037  426.53373  141  229          -  364.72173      -   178 2001s

 35878 30974  408.72049   41  253          -  364.72173      -   176 2021s

 36885 31336  467.77020   83  268          -  364.72173      -   174 2040s

 37292 32484  468.78771   84  263          -  364.72173      -   174 2057s

 38571 32722  412.90137   23  370          -  364.72173      -   171 2070s

 38833 32745  445.57209   49  279          -  364.72173      -   171 2127s

 38856 33022  430.69462   53  304          -  364.72173      -   172 2147s

 39133 34296  462.00051   79  284          -  364.72173      -   171 2163s

 40549 35316  574.00108  346  272          -  364.72173      -   169 2179s

 41656 35961  374.50523   32  373          -  364.72173      -   167 2193s

 42405 36237  404.22654   70  218          -  364.72975      -   167 2207s

 42709 37105  494.21171  147  237          -  364.72975      -   167 2219s

 43648 38040  377.64941   39  441          -  364.72975      -   166 2232s

 44693 38558  416.79786   77  288          -  364.72975      -   164 2269s

 45237 40930  430.60082   84  273          -  364.72975      -   164 2313s

 47839 41600  379.60581   42  286          -  364.72975      -   162 2332s

 48659 41986  392.94084   62  226          -  365.26406      -   161 2345s

 49045 42992  408.42484   89  254          -  365.26406      -   161 2365s

 50204 43205 1075.02604  267  118          -  365.26406      -   160 2381s

 50482 44032  391.37980   28  302          -  365.28159      -   160 2396s

 51354 44222  398.54156   53  350          -  365.28159      -   160 2417s

 51561 45086  410.43873   61  317          -  365.28159      -   160 2436s

 52565 46026  449.32437  126  230          -  365.28159      -   159 2448s

 53558 46348  569.04816  300  226          -  365.28159      -   158 2462s

 53905 47292  939.59940  350  178          -  365.28159      -   158 2479s

 54977 48188  425.61297   76  239          -  365.28159      -   158 2494s

 55909 48488  381.64847   47  227          -  365.28159      -   157 2506s

 56234 49206  394.20970   63  271          -  365.28159      -   157 2522s

 57038 49476  414.59164   99  240          -  365.38727      -   157 2534s

 57373 50296  437.44719  120  232          -  365.38727      -   157 2550s

 58274 51333  508.22119  368  197          -  365.38727      -   157 2564s

 59391 52638  376.45818   33  268          -  365.38727      -   156 2599s

 60832 52736  699.88151  202  199          -  365.38727      -   155 2616s

 60966 53742  631.78209  217  197          -  365.38727      -   155 2639s

 62046 54020  371.83208   42  330          -  365.41333      -   155 2652s

 62386 54728  395.44050   50  219          -  365.41333      -   155 2671s

 63130 55665  496.49630   97  216          -  365.41333      -   155 2687s

 64113 55965  376.65072   33  263          -  365.41333      -   155 2699s

 64448 57104  385.88652   46  257          -  365.41333      -   155 2713s

 65710 57870  472.15614   94  205          -  365.41333      -   154 2732s

 66569 58077 infeasible  313               -  365.46168      -   154 2749s

 66828 59292  377.54219   38  361          -  365.46168      -   154 2769s

 68109 60368  541.26069  107  231          -  365.46168      -   153 2784s

 69352 61151 1168.11477  261  134          -  365.48710      -   153 2798s

 70211 61547  389.64851   36  302          -  365.48710      -   152 2809s

 70623 62599  405.03352   52  220          -  365.48710      -   152 2826s

 71847 63826 infeasible  253               -  365.48710      -   152 2842s

 73119 64097  436.02686   62  231          -  365.48710      -   151 2856s

 73416 65108  487.42463   94  192          -  365.48710      -   151 2867s

 74538 66186  754.78055  255  189          -  365.48710      -   150 2900s

 75810 66305  413.40287   64  283          -  365.48710      -   150 2911s

 75947 67470  452.26927   73  203          -  365.48710      -   150 2925s

 77139 67587 infeasible  251               -  365.59548      -   149 2941s

 77300 67864  384.91249   49  379          -  365.59548      -   150 2960s

 77582 69097  387.78028   53  259          -  365.59548      -   150 2976s

 79076 69299  472.47713  128  240          -  365.59548      -   149 2993s

 79308 70146  600.06956  153  210          -  365.63980      -   149 3009s

 80229 70747  378.14587   48  286          -  365.63980      -   149 3023s

 80916 71329  392.32166   63  271          -  365.63980      -   148 3037s

 81605 71517  449.42505  110  269          -  365.63980      -   149 3052s

 81808 72616  460.03250  121  252          -  365.63980      -   149 3067s

 82967 72734  680.86176  278  191          -  365.63980      -   148 3079s

 83117 73088  728.31526  285  187          -  365.63980      -   149 3092s

 83530 73611 1167.02589  352  140          -  365.63980      -   149 3104s

 83913 73611  627.50959  159  179          -  365.63980      -   149 3105s

 84108 74556  384.58834   51  304          -  365.63980      -   149 3121s

 85170 74580  479.95728   80  261          -  365.63980      -   149 3194s

 85200 74822  480.17896   83  262          -  365.63980      -   149 3208s

 85466 74952  686.05430  100  244          -  365.63980      -   149 3228s

 85615 76103  633.43617  107  238          -  365.63980      -   149 3244s

 86861 76247  385.52979   44  317          -  365.63980      -   149 3257s

 87028 76752  388.40681   48  351          -  365.63980      -   149 3277s

 87563 76924  460.95409  105  234          -  365.63980      -   149 3295s

 87754 77515  507.29750  135  253          -  365.63980      -   150 3310s

 88432 77675  386.16377   45  794          -  365.71594      -   150 3325s

 88642 78241  387.58597   62  460          -  365.71594      -   150 3342s

 89248 78671  440.20623  111  241          -  365.71594      -   151 3374s

 89709 80399  468.33545  137  246          -  365.71594      -   151 3412s

 91618 80766  864.50834  370  233          -  365.76776      -   150 3433s

 92022 81559  976.44153  425  239          -  365.76776      -   151 3454s

 92923 81875  371.34117   39  462          -  365.78286      -   151 3476s

 93268 82791  373.09657   51  472          -  365.78286      -   151 3499s

 94299 83772  508.66191  100  221          -  365.78286      -   152 3522s

 95329 83951  560.35345  209  241          -  365.78286      -   151 3545s

 95566 84897  595.51851  236  245          -  365.78286      -   152 3565s

 96640 85297  372.35392   38  285          -  365.78286      -   152 3583s

 97080 86232  400.67482   52  252          -  365.78286      -   152 3604s

 98163 86885  830.07416  204  126          -  365.80104      -   152 3622s

 98923 87037  409.86881   45  372          -  365.80104      -   152 3646s

 99087 88041  396.43271   52  419          -  365.80104      -   153 3665s

 100158 88899 infeasible  111               -  365.80104      -   153 3688s

 101120 89146  866.71696  216  209          -  365.80104      -   153 3710s

 101428 89521 1058.10483  246  166          -  365.80104      -   154 3728s

 101859 90487 1412.85575  303  122          -  365.80104      -   154 3750s

 102945 90767  664.86098  113  203          -  365.80104      -   154 3769s

 103255 91753  397.51907   45  240          -  365.80104      -   155 3792s

 104401 92089  536.22162   93  210          -  365.80104      -   154 3819s

 104777 94401  585.06313  145  184          -  365.80104      -   155 3869s

 107375 94597  461.55596   97  263          -  365.80104      -   155 3888s

 107581 95476  479.34356  104  221          -  365.80104      -   155 3906s

 108524 95950  740.34219  241  184          -  365.80104      -   155 3925s

 109097 96421  989.46407  333  175          -  365.80104      -   155 3943s

 109739 96620  383.22300   38  373          -  365.94692      -   156 3964s

 109963 97415  387.15414   51  431          -  365.94692      -   156 3986s

 110819 98462  653.76389  102  296          -  365.94692      -   156 4004s

 112005 99016  750.26623  129  289          -  365.95382      -   156 4031s

 112672 99232 infeasible  175               -  365.95382      -   157 4047s

 112893 100486  935.90912  183  197          -  365.95382      -   157 4068s

 114216 100880 1085.71801  201  225          -  365.95382      -   157 4088s

 114705 101687 1087.77709  218  205          -  365.96800      -   157 4107s

 115608 102215  393.71767   60  282          -  365.96800      -   157 4123s

 116191 102598  555.53741   94  221          -  365.96800      -   157 4142s

 116636 103563  752.17662  128  204          -  365.98552      -   157 4161s

 117686 104150  888.04357  168  163          -  365.98552      -   158 4181s

 118383 104388  372.34654   55  440          -  366.01130      -   158 4204s

 118640 105628  379.14516   66  408          -  366.01130      -   158 4222s

 120033 106359  449.83847  110  271          -  366.01130      -   158 4250s

 120931 106592  380.26035   34  443          -  366.01130      -   158 4270s

 121246 108007  392.30891   48  400          -  366.01326      -   158 4296s

 122803 108834  607.81343  110  332          -  366.01326      -   158 4311s

 123690 109048  631.83560  142  255          -  366.01326      -   158 4330s

 123994 109825  664.35776  156  213          -  366.01326      -   159 4348s

 124848 110031  785.19528  274  238          -  366.01326      -   159 4368s

 125088 110991  848.43493  303  205          -  366.01326      -   159 4389s

 126171 112078 1216.56102  434  190          -  366.01326      -   159 4412s

 127399 112304  384.90061   65  434          -  366.01326      -   159 4427s

 127672 112988  397.29680   83  331          -  366.01326      -   159 4445s

 128387 113460  517.00314  147  206          -  366.01326      -   159 4461s

 128900 114534  803.68244  319  177          -  366.01326      -   160 4480s

 130048 114814  383.57429   50  284          -  366.01326      -   159 4500s

 130356 115957  415.69495   61  252          -  366.01326      -   159 4519s

 131732 116963  436.16913  103  328          -  366.01326      -   159 4537s

 132872 117307  848.15637  223  189          -  366.01326      -   159 4551s

 133303 117323  941.13163  252  175          -  366.01326      -   159 4610s

 133319 117709 infeasible  253               -  366.01326      -   159 4631s

 133745 118362  375.54165   48  314          -  366.01326      -   159 4651s

 134448 118621  429.57113  116  272          -  366.01326      -   159 4670s

 134709 120006  493.36896  119  226          -  366.01326      -   160 4699s

 136271 120716  398.43552   67  253          -  366.01326      -   159 4711s

 137062 121244  521.21894  195  194          -  366.01326      -   159 4724s

 137662 121877  894.79096  229  172          -  366.01326      -   159 4736s

 138421 122067  395.31900   57  389          -  366.01326      -   159 4747s

 138663 122841  396.55805   58  383          -  366.01326      -   160 4760s

 139573 123113  452.14452   90  376          -  366.01326      -   159 4770s

 139855 124068  512.77269  113  269          -  366.01326      -   160 4785s

 140884 124715  384.49356   61  413          -  366.01326      -   159 4801s

 141651 124939  483.11159  118  215          -  366.01326      -   159 4816s

 141891 125915  536.52308  167  252          -  366.01326      -   160 4830s

 142925 126617  406.95678   55  313          -  366.01326      -   159 4846s

 143764 127265  540.18514  134  178          -  366.01326      -   159 4861s

 144538 127412  416.35176   56  290          -  366.01326      -   159 4871s

 144709 127997  454.42599   69  332          -  366.01326      -   160 4886s

 145382 128910  492.59670  105  241          -  366.01326      -   160 4903s

 146365 129003  366.74467   23  424          -  366.01326      -   160 4920s

 146461 129182  367.05183   28  340          -  366.01326      -   160 4933s

 146666 129761  371.67387   35  381          -  366.01326      -   160 4953s

 147411 129819  383.51921   53  323          -  366.01326      -   160 4969s

 147501 130322  390.42111   56  338          -  366.02033      -   160 4981s

 148006 130618  408.78369  100  292          -  366.02033      -   161 4995s

 148304 131081  452.50644  117  245          -  366.02033      -   161 5008s

 148779 132241  436.79019  139  226          -  366.02033      -   161 5024s

 150025 133261  647.17759  303  207          -  366.02033      -   160 5050s

 151159 133529 infeasible  409               -  366.02033      -   160 5062s

 151504 134701  370.40962   39  422          -  366.02033      -   161 5082s

 152786 134807  396.98505   69  322          -  366.02033      -   160 5103s

 152927 135411  406.38790   75  298          -  366.25850      -   161 5125s

 153550 136135  460.54396  102  208          -  366.25877      -   161 5150s

 154407 136298  379.08147   18  328          -  366.25877      -   161 5170s

 154588 136898  388.85081   36  388          -  366.25877      -   161 5195s

 155223 137205  479.87804   99  294          -  366.25877      -   161 5213s

 155587 138437  564.00828  132  217          -  366.25877      -   162 5238s

 157016 138803  744.18594  347  216          -  366.25877      -   161 5256s

 157446 139222 infeasible  372               -  366.25877      -   162 5273s

 157942 139820  376.82211   23  425          -  366.26044      -   162 5298s

 158652 140013  389.04936   43  329          -  366.26044      -   162 5318s

 158855 140764  393.39515   56  364          -  366.26044      -   162 5339s

 159661 141596  433.87072   94  297          -  366.26044      -   162 5362s

 160611 141896  564.25830  146  233          -  366.26044      -   162 5380s

 160972 142936  617.11828  206  229          -  366.26044      -   162 5403s

 162165 143617  373.54082   26  353          -  366.26044      -   162 5424s

 162924 143861  424.18666   70  253          -  366.26044      -   163 5439s

 163184 144673  535.52142   95  209          -  366.26044      -   163 5458s

 164003 145696  562.01597  251  208          -  366.26044      -   163 5483s

 165109 145922  379.28345   30  500          -  366.30507      -   163 5513s

 165386 149494  380.53004   36  489          -  366.30507      -   163 5585s

 169434 149628 infeasible  311               -  366.30507      -   162 5599s

 169649 149834  412.03310   49  275          -  366.30507      -   163 5613s

 169857 150462  422.47854   72  285          -  366.30507      -   163 5628s

 170521 151178  441.73288  120  288          -  366.30507      -   163 5642s

 171265 151627  579.41367  187  167          -  366.30507      -   163 5660s

 171801 152266  376.16827   32  544          -  366.30507      -   163 5678s

 172571 152602  393.17197   65  369          -  366.30507      -   163 5697s

 172982 153473  425.29649   85  256          -  366.31727      -   163 5714s

 173943 153772  512.19700  149  191          -  366.31727      -   163 5729s

 174297 154607  601.27367  179  178          -  366.31727      -   163 5747s

 175187 155423  815.39155  279  151          -  366.39051      -   163 5770s

 176126 155631  389.91670   47  327          -  366.39051      -   163 5790s

 176383 156356  411.73088   53  264          -  366.39051      -   163 5807s

 177161 156753  507.36290  137  128          -  366.39051      -   164 5829s

 177615 157509  651.31416  178  157          -  366.39051      -   164 5850s

 178485 157692  373.39660   57  293          -  366.39051      -   164 5869s

 178694 158468  400.11827   92  319          -  366.39051      -   164 5892s

 179490 158490  455.81348  154  214          -  366.39051      -   165 5958s

 179520 158880  456.38136  157  216          -  366.39051      -   165 5979s

 179928 159208  499.28816  188  238          -  366.41933      -   165 6010s

 180305 160998  530.43258  204  208          -  366.41933      -   165 6060s

 182411 161307  518.61465  111  298          -  366.46227      -   165 6084s

 182736 162774  533.37589  137  265          -  366.46227      -   166 6112s

 184333 163016 1112.13748  373  148          -  366.46227      -   165 6134s

 184715 163763  387.17232   44  409          -  366.46227      -   165 6159s

 185597 164440  439.79307  101  363          -  366.46227      -   165 6183s

 186298 164702  561.46397  217  305          -  366.46227      -   166 6205s

 186614 165569  555.76932  252  320          -  366.47245      -   166 6226s

 187516 166392  782.52771  339  256          -  366.47245      -   166 6251s

 188470 166917  423.15042   85  233          -  366.47245      -   166 6271s

 189062 167620  526.59390  123  208          -  366.47245      -   166 6294s

 189977 168406  367.61329   21  513          -  366.47245      -   166 6316s

 190839 168574  464.19281   88  255          -  366.47245      -   167 6339s

 191031 169466  445.72194  103  274          -  366.47245      -   167 6360s

 192013 170277  608.15066  188  158          -  366.47245      -   167 6381s

 192921 170475  396.50408   55  364          -  366.47245      -   167 6400s

 193162 171435  422.77629   65  384          -  366.47245      -   167 6422s

 194267 171653  536.50024  127  263          -  366.47245      -   167 6439s

 194549 172059  569.61028  161  302          -  366.47245      -   168 6476s

 194995 173331  652.90613  212  230          -  366.47245      -   168 6520s

 196553 173492 infeasible  292               -  366.47245      -   169 6548s

 196732 174361 1174.28891  292  154          -  366.52449      -   169 6579s

 197780 175009  442.43737   71  272          -  366.52449      -   169 6604s

 198452 175921  544.85875  145  282          -  366.54070      -   169 6628s

 199638 177010  932.24384  187  243          -  366.54070      -   170 6658s

 200847 177518  370.35732   47  460          -  366.54070      -   170 6680s

 201408 178401  380.11439   73  388          -  366.54070      -   170 6705s

 202524 179464  463.08972  154  275          -  366.54091      -   170 6730s

 203639 180203  761.68654  339  185          -  366.54603      -   170 6754s

 204495 180669 infeasible  372               -  366.54603      -   170 6781s

 205064 181710  385.85293   31  498          -  366.54603      -   170 6804s

 206221 182206  441.97528  112  355          -  366.54603      -   170 6823s

 206729 183229  454.30104  131  352          -  366.54603      -   170 6848s

 207902 183908  557.46195  202  317          -  366.54603      -   170 6874s

 208685 184282  796.05360  321  219          -  366.54603      -   171 6895s

 209078 185368 infeasible  339               -  366.57801      -   171 6927s

 210282 185509  385.71957   79  439          -  366.57801      -   171 6941s

 210481 186412  393.53005   91  359          -  366.57801      -   171 6963s

 211460 186751  508.69121  165  257          -  366.58276      -   171 6980s

 211824 187850  554.64737  218  238          -  366.58276      -   171 7001s

 213109 188207 infeasible  378               -  366.58276      -   171 7018s

 213513 189086  392.62677   42  341          -  366.58276      -   171 7035s

 214539 189438  425.87592   92  297          -  366.59953      -   171 7050s

 214985 190386  467.86126  115  236          -  366.59953      -   171 7074s

 215664 190386  792.44877  174  139          -  366.59953      -   171 7075s

 216075 191518  695.91107  180  212          -  366.59953      -   171 7094s

 217321 191840  460.27732   43  349          -  366.59953      -   171 7111s

 217818 192375  473.61930   61  337          -  366.60321      -   171 7128s

 218383 193417  578.96545  103  287          -  366.61091      -   171 7147s

 219480 193924  839.81801  213  150          -  366.61091      -   171 7165s

 220067 194353  404.75253   60  264          -  366.61091      -   171 7180s

 220514 195301  484.95141  106  219          -  366.61091      -   171 7197s

 221661 196087  887.64773  248  110          -  366.61091      -   171 7217s

 222703 196111  437.45780   50  336          -  366.61091      -   171 7305s

 222727 196412  434.95224   51  295          -  366.61091      -   171 7318s

 223028 196777  460.07108   63  260          -  366.61091      -   171 7331s

 223399 197536  515.62062   93  215          -  366.61091      -   171 7353s

 224258 198216  679.29307  226  203          -  366.61091      -   171 7386s

 225135 198457 1633.64406  323  111          -  366.62590      -   171 7403s

 225456 199795  377.30172   50  392          -  366.64857      -   171 7432s

 226879 200304  635.57945  164  156          -  366.64857      -   171 7455s

 227471 200886  386.56227   37  326          -  366.64857      -   172 7478s

 228274 201333  443.46183   70  316          -  366.64857      -   172 7497s

 228766 203044  478.90953   94  250          -  366.64857      -   172 7529s

 230627 203933  679.65628  192  268          -  366.64857      -   171 7551s

 231655 204901  888.44840  308  200          -  366.64857      -   171 7572s

 232675 205228 infeasible  352               -  366.67094      -   171 7587s

 233104 206171  398.35253   46  287          -  366.67094      -   171 7609s

 234172 206730  439.10948   85  252          -  366.67094      -   171 7629s

 234789 207636  515.96154  126  264          -  366.67094      -   171 7650s

 235799 207842  841.61120  238  220          -  366.67094      -   171 7670s

 236031 208635  823.28687  242  217          -  366.67943      -   171 7690s

 236889 208845 1370.66011  371  134          -  366.67943      -   171 7706s

 237220 209038  432.42240   34  423          -  366.67943      -   171 7721s

 237467 209333  470.16856   42  317          -  366.69561      -   172 7737s

 237790 209787  481.63481   65  300          -  366.69561      -   172 7755s

 238300 210663  580.45945  130  299          -  366.69561      -   172 7775s

 239227 211200  735.11916  211  226          -  366.69561      -   172 7803s

 239774 212738 1141.18067  237  186          -  366.69561      -   172 7840s

 241680 212921  468.01202   93  258          -  366.69561      -   172 7860s

 241968 213195  559.71421  103  224          -  366.69561      -   172 7877s

 242250 214312  661.35457  128  231          -  366.69561      -   172 7899s

 242986 214312  392.09891   60  274          -  366.69561      -   172 7900s

 243432 214904 infeasible  275               -  366.72742      -   172 7920s

 244115 215388  428.73686   72  265          -  366.72742      -   172 7937s

 244627 216025  486.08101  106  226          -  366.72742      -   172 7963s

 245497 216526  379.33004   42  440          -  366.72742      -   173 7980s

 246112 216768  411.16705  122  271          -  366.72742      -   173 8000s

 246396 217906  465.46942  139  273          -  366.72742      -   173 8027s

 247650 219005  689.20508  220  201          -  366.72742      -   173 8051s

 249078 219283  384.27846   46  334          -  366.72742      -   173 8072s

 249356 220323  397.17883   75  355          -  366.72742      -   173 8094s

 250544 220862  550.60886  153  246          -  366.72742      -   173 8114s

 251102 221285  683.83833  201  238          -  366.72742      -   173 8134s

 251619 221996  373.25904   60  477          -  366.72742      -   173 8156s

 252345 222445 infeasible  109               -  366.72742      -   173 8178s

 252854 223462  525.19071  144  231          -  366.72742      -   173 8205s

 253980 224361  683.25838  242  220          -  366.74467      -   173 8237s

 255075 224522  383.36800   28  344          -  366.74467      -   173 8256s

 255286 224777  402.12947   46  305          -  366.74467      -   173 8276s

 255575 225450  398.19505   80  300          -  366.74467      -   173 8303s

 256381 226039  603.16968  154  209          -  366.74780      -   174 8329s

 257055 226900 1119.10809  260  152          -  366.74780      -   174 8360s

 258043 227905  422.58112   83  364          -  366.74780      -   174 8388s

 259200 228206  531.80356  145  263          -  366.74884      -   174 8412s

 259572 229168 infeasible  176               -  366.74884      -   174 8444s

 260663 230054  919.84246  236  226          -  366.74884      -   174 8471s

 261680 230382  418.02159   47  352          -  366.74884      -   174 8494s

 262072 231007  442.01337   55  355          -  366.74884      -   175 8517s

 262774 231430  515.93154   95  321          -  366.74884      -   175 8543s

 263292 232013  603.00256  123  279          -  366.74884      -   175 8570s

 263952 232256  715.37448  177  264          -  366.75281      -   175 8590s

 264260 232584  757.28400  203  273          -  366.77484      -   176 8612s

 264635 233258  845.39417  234  252          -  366.77484      -   176 8639s

 265397 233590 1346.12266  281  188          -  366.77484      -   176 8661s

 265817 234549 1434.85640  291  158          -  366.77484      -   177 8688s

 266887 234976  377.42042   38  476          -  366.77484      -   177 8714s

 267383 235781  384.96063   79  441          -  366.77484      -   177 8741s

 268335 236599  454.07761  147  338          -  366.77484      -   177 8773s

 269176 236939  512.12514  220  270          -  366.77484      -   177 8799s

 269554 238628  575.78972  243  238          -  366.77484      -   177 8857s

 271375 239029  384.12350   49  339          -  366.77484      -   178 8879s

 271748 239029 1003.71688  399  224          -  366.77484      -   178 8880s

 271804 239909  400.17731   81  295          -  366.77484      -   178 8910s

 272846 240674  640.78464  213  197          -  366.77484      -   178 8935s

 273708 241126  405.22201   73  280          -  366.77484      -   178 8962s

 274256 242129  707.14274  165  180          -  366.78107      -   178 8991s

 275295 243106  455.64749   89  317          -  366.78107      -   178 9024s

 276617 243417  373.06824   42  393          -  366.78107      -   178 9044s

 276949 244401  380.16267   73  471          -  366.78107      -   179 9071s

 277972 245279  460.72005  142  324          -  366.78107      -   179 9098s

 278984 245309  606.11058  253  250          -  366.78107      -   179 9189s

 279016 245727  607.52861  254  220          -  366.78107      -   179 9212s

 279446 246233  687.96318  280  243          -  366.78107      -   179 9239s

 280023 246634  836.56728  341  163          -  366.78107      -   179 9267s

 280580 247036 1530.44555  364  132          -  366.78107      -   179 9295s

 281103 248161  425.44600   71  322          -  366.78107      -   179 9328s

 282368 249392 infeasible  140               -  366.78107      -   179 9356s

 283875 249846 infeasible  203               -  366.78107      -   179 9386s

 284373 251532  380.82421   52  489          -  366.83281      -   179 9429s

 284552 251532  380.26597   47  427          -  366.83281      -   179 9430s

 286199 252132  612.53077  178  208          -  366.83281      -   179 9451s

 286945 252493  696.39497  230  249          -  366.83281      -   179 9470s

 287312 253468  738.00912  265  246          -  366.83281      -   179 9500s

 288328 254318  886.52173  334  229          -  366.83281      -   179 9524s

 289325 254744 infeasible  465               -  366.83281      -   180 9545s

 289837 255191  405.47688   99  301          -  366.83281      -   180 9566s

 290430 256149  443.96711  167  288          -  366.83281      -   180 9591s

 291440 257312  563.53900  298  231          -  366.86040      -   180 9620s

 292696 257598 infeasible  400               -  366.86554      -   180 9637s

 293092 258497  379.17000   47  489          -  366.86554      -   180 9665s

 294055 259174  464.27570  105  357          -  366.86554      -   180 9687s

 294824 259519  577.31976  131  223          -  366.86554      -   180 9708s

 295187 260388  654.61310  162  157          -  366.86554      -   180 9733s

 296145 261290  803.47827  293  135          -  366.86554      -   180 9760s

 297240 261651  439.11346   71  384          -  366.86554      -   180 9780s

 297700 262346  487.83284   81  310          -  366.86554      -   180 9800s

 298474 262784  533.39043  131  238          -  366.86554      -   180 9830s

 298958 264154  626.63724  202  168          -  366.86554      -   180 9873s

 300617 264527  378.26710   54  470          -  366.86554      -   180 9896s

 301023 265603  399.23109   78  375          -  366.88499      -   181 9926s

 302217 266490  486.94882  173  346          -  366.88499      -   180 9948s

 303262 266750  656.52965  262  245          -  366.88499      -   181 9964s

 303538 267938  897.68631  274  236          -  366.88499      -   181 9987s

 304814 268232 infeasible  291               -  366.91952      -   181 10012s

 305275 268876  374.01307   60  383          -  366.91952      -   181 10038s

 306066 269426  458.16216  103  382          -  366.91952      -   181 10072s

 306700 270420  608.36246  179  228          -  366.91952      -   181 10102s

 307752 270805  958.82301  298  164          -  366.91952      -   181 10124s

 308225 272002  377.51225   35  405          -  366.93044      -   181 10159s

 309553 272958  411.77164  104  384          -  366.93044      -   181 10189s

 310641 273438  556.28250  145  371          -  366.93044      -   181 10211s

 311169 274204  678.24331  180  365          -  366.93044      -   181 10238s

 312063 275080  758.58915  265  276          -  366.93044      -   181 10266s

 313047 275384  385.03545   60  420          -  366.93044      -   181 10296s

 313407 277851  469.59479   88  372          -  366.93044      -   181 10367s

 316180 278039 1186.81431  299  203          -  366.93044      -   181 10383s

 316423 278601  381.81256   50  446          -  366.93044      -   182 10406s

 316987 279469  532.53923  100  330          -  366.93044      -   182 10432s

 317901 279763  478.92989  138  374          -  366.93044      -   182 10455s

 318270 280251  520.13818  167  313          -  366.97137      -   182 10480s

 318802 280994  617.37153  200  215          -  366.97137      -   182 10510s

 319646 281816  973.20240  422  197          -  366.97137      -   182 10539s

 320573 282314  415.32456   65  416          -  366.97516      -   182 10566s

 321143 283667  443.68653   84  389          -  366.97516      -   182 10601s

 322578 284624  544.70525  131  374          -  366.97993      -   182 10629s

 323761 285086  629.49804  200  282          -  366.97993      -   182 10651s

 324231 285387  660.87629  222  308          -  366.97993      -   182 10670s

 324532 286410  734.37336  239  285          -  366.97993      -   182 10701s

 325596 287247  811.19697  261  289          -  366.97993      -   182 10731s

 326619 287418 infeasible  276               -  366.98814      -   182 10750s

 326828 287814 1140.34952  295  172          -  366.98814      -   182 10772s

 327262 288328 1333.28952  325  151          -  366.98814      -   182 10798s

 327913 288740  531.93895   69  233          -  366.98814      -   183 10832s

 328369 290393  376.40474   23  376          -  366.99371      -   183 10889s

 330189 290816  894.48873  121  177          -  366.99371      -   183 10915s

 330728 291591  956.51198  155  211          -  366.99371      -   183 10947s

 331593 292115  399.96364   43  271          -  366.99371      -   183 10976s

 332265 292467  550.18576   81  247          -  366.99371      -   183 11001s

 332702 293408  650.95046  122  260          -  366.99371      -   183 11036s

 333768 294247  395.35390   57  408          -  366.99371      -   184 11070s

 334776 294634  491.90041  117  300          -  366.99371      -   184 11095s

 335199 295575  591.37709  140  227          -  366.99371      -   184 11130s

 336236 296433 1044.71984  171  207          -  366.99371      -   184 11163s

 337227 296448  413.65832   85  404          -  366.99371      -   184 11275s

 337258 296857  413.66295   84  406          -  366.99971      -   184 11300s

 337693 297179  435.22064  109  374          -  366.99971      -   184 11324s

 338037 298399  443.04512  123  394          -  366.99971      -   184 11362s

 339392 299277  580.66448  213  300          -  366.99971      -   184 11396s

 340409 299492  675.90496  325  265          -  366.99971      -   184 11420s

 340648 300333  726.18255  338  238          -  366.99971      -   184 11453s

 341509 301851  862.96555  365  214          -  366.99971      -   184 11497s

 343412 302908 1191.84232  507  208          -  366.99971      -   184 11544s

 344420 302908  655.33310  201  229          -  366.99971      -   184 11545s

 344577 303035  451.17178   90  250          -  366.99971      -   184 11561s

 344731 303485  438.24263  109  320          -  367.02104      -   184 11584s

 345181 303781  545.93688  140  252          -  367.02104      -   184 11610s

 345512 304812  545.96405  154  262          -  367.02104      -   184 11646s

 346794 304993 1123.40937  283  139          -  367.02104      -   184 11672s

 347028 305901  395.57357   51  314          -  367.02104      -   184 11706s

 348029 306262  450.15090  103  350          -  367.03424      -   185 11736s

 348481 307332  488.17842  124  288          -  367.03424      -   185 11774s

 349085 307332  933.13319  239  184          -  367.03424      -   185 11775s

 349664 307675  709.79000  233  183          -  367.03424      -   185 11803s

 350014 308469  840.60533  302  186          -  367.03424      -   185 11837s

 350919 309013  445.93006   83  303          -  367.03424      -   185 11868s

 351500 309511  627.08252  132  251          -  367.03424      -   185 11897s

 352074 310372  794.48466  177  150          -  367.03424      -   185 11926s

 353040 311556  510.68500   60  276          -  367.03424      -   185 11965s

 354450 311806  860.91825  150  245          -  367.04726      -   185 12006s

 354709 312108  913.11862  195  246          -  367.04726      -   185 12049s

 355016 312428  948.11385  252  240          -  367.04726      -   185 12088s

 355379 312783 1131.71624  281  270          -  367.04726      -   186 12128s

 355791 313553 1476.80305  310  174          -  367.04726      -   186 12179s

 356713 313869  423.66606  102  388          -  367.04726      -   186 12219s

 356811 313869 1054.84055  348  180          -  367.04726      -   186 12220s

 357165 314691  471.57372  132  349          -  367.04726      -   186 12269s

 357909 314691 infeasible  186               -  367.04726      -   186 12270s

 358007 315562 infeasible  270               -  367.04726      -   186 12337s

 359009 315811  794.48977  343  290          -  367.04726      -   186 12362s

 359272 316744  936.40880  390  266          -  367.04726      -   186 12417s

 360377 317034  408.42605   82  470          -  367.04726      -   186 12457s

 360761 317691  420.09457   98  397          -  367.04726      -   186 12506s

 361521 318112  527.90231  155  378          -  367.04726      -   186 12549s

 362058 319084 infeasible  184               -  367.04726      -   186 12609s

 362814 319084  562.85068  202  256          -  367.04726      -   186 12610s

 363061 320002  702.32174  230  354          -  367.04726      -   186 12669s

 364073 320992  769.44425  245  395          -  367.04726      -   186 12725s

 365234 321335 infeasible  272               -  367.08034      -   186 12762s

 365618 321931  829.34427  272  386          -  367.08034      -   186 12806s

 366380 322503  390.91462   67  345          -  367.08042      -   187 12853s

 366959 322994  455.69551   92  320          -  367.08042      -   187 12902s

 367478 323912  520.48246  110  295          -  367.08042      -   187 12964s

 367942 323912  838.15045  301  167          -  367.08042      -   187 12965s

 368490 324707  691.50584  176  271          -  367.08696      -   187 13026s

 369425 324888  852.61519  192  223          -  367.10430      -   187 13065s

 369675 325085 infeasible  200               -  367.10714      -   187 13107s

 369910 325753  877.47956  209  227          -  367.10714      -   187 13155s

 370659 326019 1070.05804  228  200          -  367.10714      -   188 13194s

 370976 326725 1024.78989  252  195          -  367.10874      -   188 13251s

 371751 327261 1202.15860  334  200          -  367.11035      -   188 13302s

 372338 327759 1470.60867  373  139          -  367.11105      -   188 13347s

 372892 328549  449.28464   98  299          -  367.11105      -   188 13413s

 373759 329120  649.73760  187  210          -  367.11105      -   188 13462s

 374491 329410  776.97928  208  230          -  367.11105      -   188 13503s

 374795 329955  879.15227  224  201          -  367.11447      -   189 13552s

 375423 330813 1063.08564  243  206          -  367.11447      -   189 13615s

 376429 331807  383.56439  121  313          -  367.12696      -   189 13679s

 376625 331807  499.72783  313  368          -  367.12696      -   189 13680s

 377506 332232  682.44266  245  148          -  367.12802      -   189 13733s

 378017 333121 1218.28742  330  118          -  367.13930      -   189 13803s

 379109 333601  600.04605  109  305          -  367.15084      -   189 13844s

 379629 334962  653.52578  149  230          -  367.15084      -   189 13915s

 381216 335954 infeasible  185               -  367.15118      -   189 13986s

 382400 336255 1131.63793  247  147          -  367.15674      -   189 14033s

 382735 337164  389.62434   45  397          -  367.15674      -   189 14095s

 383724 337618  529.75271  174  235          -  367.15674      -   189 14140s

 384251 338407  649.79833  245  206          -  367.15674      -   189 14195s

 385128 338721 infeasible  326               -  367.15674      -   190 14253s

 385535 339403  397.57542   25  376          -  367.15674      -   190 14297s

 386281 339726  489.01667   59  425          -  367.15674      -   190 14336s

 386628 340676  521.27704   84  379          -  367.15674      -   190 14396s



Cutting planes:

  Learned: 10

  Gomory: 56

  Cover: 24

  Implied bound: 48

  Projected implied bound: 19

  Clique: 124

  MIR: 40

  StrongCG: 21

  Flow cover: 207

  GUB cover: 3

  Inf proof: 1

  Zero half: 226

  RLT: 6

  Relax-and-lift: 24



Explored 387618 nodes (73620250 simplex iterations) in 14400.78 seconds (15142.13 work units)

Thread count was 16 (of 16 available processors)



Solution count 0



Time limit reached

Best objective -, best bound 3.671660540621e+02, gap -



AMPL MP initial flat model has 20613 variables (0 integer, 20515 binary);

Objectives: 1 quadratic; 

Constraints:  4074 linear; 15 quadratic;



AMPL MP final model has 20613 variables (0 integer, 20515 binary);

Objectives: 1 quadratic; 

Constraints:  4074 linear; 15 quadratic;





-----RESULTS INFO-----
running_time:  14422.469
TC.best_bound:  367.1660540621104
TC:  0
MIP Gap (%):  36716.60540621104
=== Vehicle Routes ===

=== Full Vehicle Routes ===
Vehicle 1: 0  0 (0<100)
Vehicle 2: 0  0 (0<100)
Vehicle 3: 0  0 (0<100)
Vehicle 4: 0  0 (0<100)
Vehicle 5: 0  0 (0<100)
Vehicle 6: 0  0 (0<100)
Vehicle 7: 0  0 (0<100)
Vehicle 8: 0  0 (0<100)
Vehicle 9: 0  0 (0<100)
Arc used by MRT line: y variables:
Customer assigment to PL: u variables:
21 65
27 71
28 64
31 69
33 66
41 68
Node is served by regular vehicle: g variables:
1
2
3
4
5
6
7
8
9
10
11
12
13
14
15
16
17
18
19
20
69
71
Customer assigment to Home delivery: gm variables:
1
2
3
4
5
6
7
8
9
10
11
12
13
14
15
16
17
18
19
20
Node total demands: ntd variables:
1 1 1
2 22 1
3 18 1
4 24 1
5 21 1
6 7 1
7 15 1
8 26 1
9 10 1
10 21 1
11 5 1
12 18 1
13 2 1
14 15 1
15 9 1
16 14 1
17 24 1
18 14 1
19 23 1
20 20 1
42 0 0
43 0 0
44 0 0
45 0 0
46 0 0
47 0 0
48 0 0
49 0 0
50 0 0
51 0 0
52 0 0
53 0 0
54 0 0
55 0 0
56 0 0
57 0 0
58 0 0
59 0 0
60 0 0
61 0 0
62 0 0
69 0 1
70 0 0
71 0 1
72 0 0
63 0 0
64 0 0
65 0 0
66 0 0
67 0 0
68 0 0
Customer's demand delivered to PL: l variables:
21
22
23
24
25
26
27
28
29
30
31
32
33
34
35
36
37
38
39
40
41
Lockers load <= capacity:
0 <= 88
0 <= 77
0 <= 88
0 <= 88
0 <= 98
0 <= 98
0 <= 77
0 <= 70
0 <= 73
0 <= 86
