Gurobi 12.0.3:   lim:time = 14400

  mip:bestbound = 1

Set parameter LogToConsole to value 1

  tech:outlev = 1

Set parameter Cuts to value 3

  cut:cuts = 3

Set parameter Presolve to value 2

  pre:solve = 2

Set parameter MIPFocus to value 2

  mip:focus = 2

Set parameter Symmetry to value 2

  mip:symmetry = 2

Set parameter InfUnbdInfo to value 1

Gurobi Optimizer version 12.0.3 build v12.0.3rc0 (win64 - Windows 10.0 (19045.2))



CPU model: Intel(R) Core(TM) i7-10700 CPU @ 2.90GHz, instruction set [SSE2|AVX|AVX2]

Thread count: 8 physical cores, 16 logical processors, using up to 16 threads



Non-default parameters:

TimeLimit  14400

MIPFocus  2

Symmetry  2

Cuts  3

InfUnbdInfo  1

Presolve  2



Optimize a model with 4242 rows, 22362 columns and 142473 nonzeros

Model fingerprint: 0x0ef9f2b8

Model has 2 quadratic objective terms

Model has 11 quadratic constraints

Variable types: 104 continuous, 22258 integer (0 binary)

Coefficient statistics:

  Matrix range     [1e+00, 1e+05]

  QMatrix range    [1e+00, 1e+00]

  QLMatrix range   [1e+00, 2e+01]

  Objective range  [1e+00, 1e+02]

  QObjective range [2e+00, 2e+00]

  Bounds range     [1e+00, 1e+02]

  RHS range        [1e+00, 1e+05]

  QRHS range       [1e+02, 1e+02]

Presolve removed 168 rows and 527 columns (presolve time = 5s)...

Presolve removed 166 rows and 526 columns

Presolve time: 8.59s

Presolved: 17916 rows, 35662 columns, 176003 nonzeros

Variable types: 920 continuous, 34742 integer (31268 binary)

Root relaxation presolve removed 1 rows and 1 columns

Root relaxation presolved: 17915 rows, 35661 columns, 335823 nonzeros



Deterministic concurrent LP optimizer: primal and dual simplex

Showing primal log only...





Root simplex log...



Iteration    Objective       Primal Inf.    Dual Inf.      Time

       0    1.4805300e+03   2.839508e+02   6.311365e+09     17s

Concurrent spin time: 0.08s



Solved with dual simplex



Root simplex log...



Iteration    Objective       Primal Inf.    Dual Inf.      Time

    1913    2.3108558e+02   0.000000e+00   0.000000e+00     18s



Root relaxation: objective 2.310856e+02, 1913 iterations, 0.68 seconds (0.76 work units)

Total elapsed time = 19.01s (DegenMoves)



    Nodes    |    Current Node    |     Objective Bounds      |     Work

 Expl Unexpl |  Obj  Depth IntInf | Incumbent    BestBd   Gap | It/Node Time



     0     0  231.08558    0  250          -  231.08558      -     -   19s

     0     0  275.93026    0  239          -  275.93026      -     -   24s

     0     0  275.93026    0  235          -  275.93026      -     -   24s

     0     0  275.93026    0  242          -  275.93026      -     -   25s

     0     0  277.47447    0  255          -  277.47447      -     -   28s

     0     0  282.52889    0  268          -  282.52889      -     -   29s

     0     0  282.59247    0  275          -  282.59247      -     -   29s

     0     0  291.17840    0  298          -  291.17840      -     -   33s

     0     0  294.48000    0  247          -  294.48000      -     -   34s

     0     0  294.48000    0  209          -  294.48000      -     -   34s

     0     0  297.26051    0  264          -  297.26051      -     -   38s

     0     0  298.41000    0  235          -  298.41000      -     -   39s

     0     0  298.41000    0  204          -  298.41000      -     -   39s

     0     0  299.56034    0  221          -  299.56034      -     -   42s

     0     0  300.30000    0  238          -  300.30000      -     -   43s

     0     0  300.30000    0  236          -  300.30000      -     -   43s

     0     0  300.30000    0  239          -  300.30000      -     -   44s

     0     0  300.30000    0  234          -  300.30000      -     -   45s

     0     0  300.30000    0  248          -  300.30000      -     -   46s

     0     0  300.30000    0  223          -  300.30000      -     -   47s

     0     0  300.30000    0  233          -  300.30000      -     -   48s

     0     0  300.30000    0  204          -  300.30000      -     -   48s

     0     0  300.79500    0  176          -  300.79500      -     -   50s

     0     0  300.79500    0  217          -  300.79500      -     -   51s

     0     0  301.04001    0  250          -  301.04001      -     -   53s

     0     0  301.04001    0  241          -  301.04001      -     -   54s

     0     2  301.07000    0  241          -  301.07000      -     -   59s

     3     8  301.07000    2  228          -  301.07000      -   947   60s

    23    44  301.07000    5  249          -  301.07000      -   876   68s

    43    67  301.07000    7  247          -  301.07000      -   755   70s

   151   195  301.07000   15  198          -  301.07000      -   387   76s

   273   306  301.07000   22  229          -  301.07000      -   285   82s

   402   439  301.07000   25  252          -  301.07000      -   262   86s

   525   567  301.07557   34  323          -  301.07000      -   266   91s

   657   715  301.07513   38  278          -  301.07000      -   264   96s

   807   867  309.51776   50  318          -  301.07000      -   262  100s

  1131  1237  301.12955   68  271          -  301.07000      -   229  106s

  1534  1646  302.32615  155  286          -  301.07000      -   190  110s

  1908  2031  308.10124  195  297          -  301.07000      -   173  116s

  2236  2360  396.90920  251  248          -  301.07000      -   163  120s

  2731  2789  417.82825  403  259          -  301.07000      -   152  126s

  3058  3099  499.37369  517  231          -  301.07000      -   151  132s

  3414  3434  499.42440  519  234          -  301.07000      -   146  136s

  3949  3959  508.69078  521  243          -  301.07000      -   137  141s

  4412  4175  449.51670   89 8958          -  301.07000      -   133  151s

  4414  4176  347.83001  462  288          -  301.07000      -   133  158s

  4415  4177  309.97138    9  265          -  301.07000      -   133  164s

  4416  4178  329.08001  147  251          -  301.07000      -   133  167s

  4417  4178  302.91001  131  727          -  301.07000      -   133  178s

  4418  4179  483.15346  302  244          -  301.48732      -   133  183s

  4419  4180  335.55397  155  261          -  301.67159      -   133  190s

  4420  4180  323.64540  129  264          -  301.70158      -   133  195s

  4421  4181 1014.21668  387  241          -  301.70158      -   133  202s

  4422  4182  482.62952  298  252          -  301.70158      -   133  208s

  4423  4182  331.60602  248  269          -  301.70235      -   133  214s

  4424  4183  334.85091    9  254          -  301.70235      -   133  220s

  4425  4184  398.49460  111  344          -  301.80980      -   133  234s

  4426  4184  349.07078   87  393          -  302.09487      -   132  241s

  4427  4185  347.38001  229  365          -  303.32439      -   132  248s

  4428  4186  379.96307  794  365          -  303.32439      -   132  259s

  4429  4186  338.33201  177  426          -  303.34953      -   132  267s

  4430  4187 1045.29613  408  389          -  303.46743      -   132  291s

  4431  4188  346.61157   68  307          -  305.72984      -   132  315s

  4432  4188  807.08371  523  331          -  305.72984      -   132  340s

H 4432  3978                    1856.6800000  306.99643  83.5%   132  369s

H 4432  3778                    1849.9000000  306.99643  83.4%   132  369s

  4433  3779  315.56170   27  313 1849.90000  306.99643  83.4%   132  370s

  4434  3780  486.62097  321  313 1849.90000  306.99643  83.4%   132  379s

H 4434  3591                    1798.8400000  307.45583  82.9%   132  409s

H 4434  3411                    1678.8800000  307.45583  81.7%   132  409s

  4435  3411  311.96982  228  282 1678.88000  307.68333  81.7%   132  410s

H 4435  3240                    1652.6100000  307.68333  81.4%   132  418s

H 4435  3078                    1638.6800000  307.68333  81.2%   132  418s

H 4435  2923                    1636.4100000  307.68333  81.2%   132  418s

H 4435  2777                    1634.6800000  307.68333  81.2%   132  418s

H 4435  2638                    1632.4600000  307.68333  81.2%   132  418s

H 4435  2505                    1631.6200000  307.68333  81.1%   132  418s

H 4436  2381                    1630.0600000  307.80444  81.1%   132  445s

H 4436  2261                    1628.3600000  307.80444  81.1%   132  446s

H 4436  2148                    1627.6900000  307.80444  81.1%   132  446s

H 4436  2040                    1623.6900000  308.24800  81.0%   132  446s

H 4437  1938                    1620.1300000  308.82936  80.9%   132  455s

  4439  1939  338.31000   51  403 1620.13000  310.36900  80.8%   132  463s

H 4439  1842                    1585.5000000  310.46683  80.4%   132  492s

H 4439  1749                    1573.9500000  310.46683  80.3%   132  492s

H 4439  1661                    1561.9400000  310.46683  80.1%   132  492s

H 4439  1578                    1541.0100000  310.46683  79.9%   132  492s

H 4439  1498                    1520.1700000  310.46683  79.6%   132  492s

H 4440  1424                    1506.4800000  310.54643  79.4%   132  500s

  4442  1425  366.57001  283  462 1506.48000  311.08454  79.4%   132  505s

  4443  1426  362.97000  624  333 1506.48000  311.77434  79.3%   132  510s

H 4444  1354                    1501.5300000  311.95785  79.2%   132  545s

H 4444  1286                    1450.7200000  311.95785  78.5%   132  545s

H 4444  1221                    1417.8000000  311.95785  78.0%   132  545s

H 4445  1160                    1416.0300000  312.02901  78.0%   132  577s

  4447  1161  312.19536  112  449 1416.03000  312.19536  78.0%   132  582s

H 4447  1103                    1412.0300000  312.21208  77.9%   132  606s

H 4447  1047                    1402.9300000  312.21208  77.7%   132  606s

  4449  1049  320.71582  166  531 1402.93000  312.25364  77.7%   132  638s

  4450  1049  325.56001   95  521 1402.93000  312.31444  77.7%   132  642s

  4451  1050  419.24978  180  512 1402.93000  312.33301  77.7%   132  673s

  4452  1051  471.37274  271  538 1402.93000  312.36856  77.7%   132  677s

  4453  1051  365.32422   87  483 1402.93000  312.39815  77.7%   132  705s

  4454  1052  312.39815  140  540 1402.93000  312.39815  77.7%   132  736s

  4455  1053  341.54001   57  491 1402.93000  312.45306  77.7%   132  745s

  4457  1054  895.30386  336  454 1402.93000  312.49942  77.7%   132  777s

  4458  1055  312.53573   38  563 1402.93000  312.53573  77.7%   132  802s

  4459  1055  346.10001  255  554 1402.93000  312.70476  77.7%   132  807s

  4460  1056  312.74764  140  550 1402.93000  312.74764  77.7%   131  838s

H 4460  1002                    1395.1300000  312.80229  77.6%   131  873s

H 4460   951                    1381.5000000  312.80229  77.4%   131  873s

H 4460   903                    1381.3600000  312.80229  77.4%   131  873s

  4462   904  345.17001   40  573 1381.36000  312.82473  77.4%   131  903s

  4463   905  350.45642  336  472 1381.36000  312.88592  77.3%   131  908s

  4464   906  328.86001  112  500 1381.36000  313.74988  77.3%   131  937s

  4465   906  313.81660   54  480 1381.36000  313.81660  77.3%   131  941s

  4467   908  363.75000  265  421 1381.36000  315.54266  77.2%   131  965s

  4469   909  490.74074  146  443 1381.36000  316.68906  77.1%   131  997s

H 4469   863                    1380.7600000  317.66788  77.0%   131 1027s

  4471   864  512.01530  371  443 1380.76000  318.47743  76.9%   131 1058s

  4472   865  318.56567  112  535 1380.76000  318.56567  76.9%   131 1062s

  4473   866  418.19759   60  464 1380.76000  319.41637  76.9%   131 1094s

  4474   866  450.39214  181  640 1380.76000  319.74112  76.8%   131 1099s

  4475   867  320.07039    8  476 1380.76000  320.07039  76.8%   131 1123s

  4476   868  482.48293  464  512 1380.76000  320.48843  76.8%   131 1156s

  4477   868  320.88521  126  474 1380.76000  320.88521  76.8%   131 1184s

  4478   869  844.84960  611  525 1380.76000  321.94136  76.7%   131 1212s

  4479   870  606.57540  963  476 1380.76000  322.21024  76.7%   131 1244s

  4480   870  348.16515   81  511 1380.76000  322.27721  76.7%   131 1247s

  4481   871  438.32510  251  501 1380.76000  322.34930  76.7%   131 1252s

  4482   872  415.99315  378  526 1380.76000  322.36494  76.7%   131 1255s

  4483   872  419.86190  435  456 1380.76000  322.67468  76.6%   131 1273s

  4484   873  322.68023  202  524 1380.76000  322.68023  76.6%   131 1277s

H 4484   828                    1376.8700000  322.79937  76.6%   131 1304s

  4486   829  865.59178  660  674 1376.87000  322.82709  76.6%   131 1308s

  4487   830  863.12585  648  630 1376.87000  322.88662  76.5%   131 1316s

  4488   831  460.10212  133  628 1376.87000  323.16180  76.5%   131 1345s

H 4488   788                    1372.4400000  323.24604  76.4%   131 1372s

  4491   790  323.50430  169  508 1372.44000  323.50430  76.4%   131 1403s

  4492   790  323.81585  179  635 1372.44000  323.81585  76.4%   131 1438s

H 4492   749                    1365.5900000  323.98276  76.3%   131 1442s

  4494   751  328.19001  221  639 1365.59000  323.98989  76.3%   130 1445s

  4495   751  325.62030  130  635 1365.59000  324.10552  76.3%   130 1477s

  4496   752  324.18335  163  695 1365.59000  324.18335  76.3%   130 1509s

  4497   753  486.67777  322  754 1365.59000  324.19957  76.3%   130 1515s

  4499   754  324.22397    7  588 1365.59000  324.22397  76.3%   130 1523s

  4500   755  333.67451  187  592 1365.59000  324.22397  76.3%   130 1526s

  4501   755  362.59226   59  540 1365.59000  324.35629  76.2%   130 1563s

  4502   756  346.84483  172  553 1365.59000  324.80930  76.2%   130 1598s

  4503   757  941.36295  701  571 1365.59000  324.81916  76.2%   130 1603s

  4504   757  718.27732  316  649 1365.59000  324.91325  76.2%   130 1634s

  4505   758  392.43726  118  644 1365.59000  324.91707  76.2%   130 1644s

  4506   759  399.21853  836  661 1365.59000  325.04020  76.2%   130 1674s

  4507   759  325.28718  135  659 1365.59000  325.28718  76.2%   130 1705s

  4508   760  354.44000  170  600 1365.59000  325.29647  76.2%   130 1710s

H 4508   720                    1359.1200000  325.31717  76.1%   130 1716s

H 4508   683                    1353.3200000  325.31717  76.0%   130 1716s

H 4508   647                    1350.3500000  325.31717  75.9%   130 1716s

  4510   648  385.68370  101  615 1350.35000  325.52137  75.9%   130 1771s

  4511   649  377.68001  114  580 1350.35000  325.58490  75.9%   130 1779s

  4512   650  449.51670   89  472 1350.35000  325.68424  75.9%   130 1820s

  4513   650  400.71856  329  488 1350.35000  325.78085  75.9%   130 1869s

  4514   651  347.83001  462  486 1350.35000  325.98179  75.9%   130 1909s

  4515   652  326.01961    9  585 1350.35000  326.01961  75.9%   130 1925s

  4516   652  329.08001  147  511 1350.35000  326.08443  75.9%   130 1970s

H 4516   618                    1340.0800000  326.13319  75.7%   130 2019s

  4517   619  326.13319  131  519 1340.08000  326.13319  75.7%   130 2023s

  4518   620  483.15346  302  620 1340.08000  326.31145  75.6%   130 2069s

  4519   620  335.55397  155  663 1340.08000  326.31751  75.6%   130 2075s

  4520   621  326.58752  129  692 1340.08000  326.58752  75.6%   130 2127s

H 4520   588                    1335.5500000  326.58752  75.5%   130 2178s

H 4520   557                    1331.0200000  326.58752  75.5%   130 2200s

  4522   558  482.62952  298  694 1331.02000  326.93376  75.4%   130 2281s

  4523   559  331.60602  248  641 1331.02000  326.93966  75.4%   130 2287s

  4524   560  334.85091    9  718 1331.02000  326.97366  75.4%   130 2343s

  4525   560  398.49460  111  682 1331.02000  326.97366  75.4%   130 2353s

  4526   561  349.07078   87  701 1331.02000  326.99037  75.4%   130 2361s

  4527   562  347.38001  229  687 1331.02000  326.99037  75.4%   130 2367s

  4528   562  379.96307  794  705 1331.02000  326.99037  75.4%   130 2370s

H 4528   531                    1328.8600000  326.99037  75.4%   130 2381s

  4530   533 1045.29613  408  674 1328.86000  326.99037  75.4%   129 2434s

  4531   533  346.61157   68  668 1328.86000  326.99037  75.4%   129 2439s

  4532   534  807.08371  523  687 1328.86000  327.07798  75.4%   129 2496s

  4533   535  327.20790   27  692 1328.86000  327.20790  75.4%   129 2567s

  4534   535  486.62097  321  669 1328.86000  327.25020  75.4%   129 2648s

  4535   536  327.25020  228  592 1328.86000  327.25020  75.4%   129 2658s

  4536   537  343.44001  122  583 1328.86000  327.25368  75.4%   129 2662s

  4537   537  436.20080   72  584 1328.86000  327.25741  75.4%   129 2679s

  4538   538  339.53236   36  590 1328.86000  327.26626  75.4%   129 2692s

  4539   539  338.31000   51  703 1328.86000  327.27487  75.4%   129 2701s

  4541   540  393.50324  113  635 1328.86000  327.32667  75.4%   129 2708s

  4542   541  366.57001  283  720 1328.86000  327.40311  75.4%   129 2761s

  4543   541  362.97000  624  682 1328.86000  327.40311  75.4%   129 2767s

  4544   542  485.56378  315  681 1328.86000  327.50549  75.4%   129 2837s

  4545   543  348.76000  283  738 1328.86000  327.51834  75.4%   129 2844s

  4546   543  327.57539  216  609 1328.86000  327.57539  75.3%   129 2887s

  4547   544  327.58094  112  654 1328.86000  327.58094  75.3%   129 2892s

  4548   545  824.42684  568  639 1328.86000  327.67455  75.3%   129 2941s

  4549   545  327.75229  166  601 1328.86000  327.75229  75.3%   129 2993s

  4550   546  327.76972   95  730 1328.86000  327.76972  75.3%   129 2997s

  4551   547  419.24978  180  646 1328.86000  327.76977  75.3%   129 3000s

  4554   550  327.76977  140 8958 1328.86000  327.76977  75.3%   182 3012s

  4556   551  327.76977   39  306 1328.86000  327.76977  75.3%   182 3021s

  4557   552  895.30386  336  297 1328.86000  327.76977  75.3%   182 3032s

  4558   553  327.76977   38  825 1328.86000  327.76977  75.3%   181 3038s

  4559   553  346.10001  255  355 1328.86000  327.76977  75.3%   181 3041s

  4561   555  457.21597  102  464 1328.86000  327.76977  75.3%   181 3045s

  4565   557  327.76977   54  418 1328.86000  327.76977  75.3%   181 3050s

  4568   559  327.76977  216  524 1328.86000  327.76977  75.3%   181 3055s

  4572   562  327.76977  112  567 1328.86000  327.76977  75.3%   181 3065s

  4573   563  418.19759   60  601 1328.86000  327.76977  75.3%   181 3147s

  4577   565  327.76977  126  666 1328.86000  327.76977  75.3%   181 3170s

  4578   566  844.84960  611  674 1328.86000  327.76977  75.3%   181 3192s

  4579   567  606.57540  963  674 1328.86000  327.76977  75.3%   181 3210s

H 4579   538                    1321.9500000  327.76977  75.2%   181 3292s

  4582   540  415.99315  378  609 1321.95000  327.76977  75.2%   181 3312s

  4583   540  419.86190  435  611 1321.95000  327.76977  75.2%   180 3330s

H 4584   513                    1321.3400000  327.76977  75.2%   180 3409s

  4586   514  865.59178  660  539 1321.34000  327.76977  75.2%   180 3427s

  4589   516  400.61292   48  524 1321.34000  327.76977  75.2%   180 3480s

  4590   517 1026.76104  404  613 1321.34000  327.76977  75.2%   180 3541s

  4593   519  411.82227  358  601 1321.34000  327.76977  75.2%   180 3574s

  4594   520  328.19001  221  542 1321.34000  327.76977  75.2%   180 3673s

  4596   521  327.76977  163  599 1321.34000  327.76977  75.2%   180 3735s

  4597   522  486.67777  322  576 1321.34000  327.76977  75.2%   180 3818s

  4599   523  327.76977    7  547 1321.34000  327.76977  75.2%   180 3837s

  4600   524  333.67451  187  528 1321.34000  327.76977  75.2%   180 3855s

  4601   524  362.59226   59  528 1321.34000  327.76977  75.2%   180 3871s

  4602   525  346.84483  172  528 1321.34000  327.76977  75.2%   180 3884s

  4603   529  327.76977   27  444 1321.34000  327.76977  75.2%   190 3891s

  4605   532  327.76977   28  382 1321.34000  327.76977  75.2%   190 3899s

  4609   539  327.76977   29  400 1321.34000  327.76977  75.2%   191 3908s

  4617   544  327.76977   30  358 1321.34000  327.76977  75.2%   194 3911s

  4625   558  327.76977   31  398 1321.34000  327.76977  75.2%   196 3921s

  4643   564  327.76977   32  382 1321.34000  327.76977  75.2%   200 3927s

  4655   575  327.76977   33  343 1321.34000  327.76977  75.2%   202 3934s

  4670   582  327.76977   34  431 1321.34000  327.76977  75.2%   204 3940s

  4683   591  327.76977   35  330 1321.34000  327.76977  75.2%   207 3947s

  4697   601  327.76977   35  443 1321.34000  327.76977  75.2%   210 3954s

  4712   612  327.76977   36  340 1321.34000  327.76977  75.2%   212 3957s

  4728   619  327.76977   37  333 1321.34000  327.76977  75.2%   214 3963s

  4740   631  327.76977   38  325 1321.34000  327.76977  75.2%   216 3967s

  4756   643  327.76977   39  314 1321.34000  327.76977  75.2%   217 3971s

  4782   657  327.76977   40  334 1321.34000  327.76977  75.2%   220 3977s

  4796   668  327.76977   41  332 1321.34000  327.76977  75.2%   221 3980s

  4825   689  327.76977   43  332 1321.34000  327.76977  75.2%   223 3987s

  4842   700  354.77700   43  298 1321.34000  327.76977  75.2%   225 3990s

H 4862   674                    1320.6900000  327.76977  75.2%   226 3993s

  4867   694  365.79820   44  283 1320.69000  327.76977  75.2%   227 3996s

  4916   724  344.87202   46  336 1320.69000  327.76977  75.2%   230 4003s

  4935   744  327.76977   48  230 1320.69000  327.76977  75.2%   232 4009s

  4962   743  357.03586   49  340 1320.69000  327.76977  75.2%   234 4014s

  4970   748  327.76977   50  224 1320.69000  327.76977  75.2%   234 4018s

  4978   762  357.78613   50  332 1320.69000  327.76977  75.2%   235 4024s

  4994   764  327.76977   51  271 1320.69000  327.76977  75.2%   236 4028s

  5002   772  327.76977   51  248 1320.69000  327.76977  75.2%   236 4034s

H 5009   743                    1246.0600000  327.76977  73.7%   237 4034s

  5012   776  327.76977   52  270 1246.06000  327.76977  73.7%   237 4039s

  5046   773  327.76977   53  382 1246.06000  327.76977  73.7%   239 4045s

H 5047   749                    1223.8900000  327.76977  73.2%   239 4045s

  5054   761  327.76977   53  277 1223.89000  327.76977  73.2%   239 4051s

  5069   772  327.76977   55  277 1223.89000  327.76977  73.2%   240 4057s

  5085   775  370.99989   56  273 1223.89000  327.76977  73.2%   241 4063s

  5093   792  327.76977   57  270 1223.89000  327.76977  73.2%   241 4068s

  5113   810  327.76977   57  208 1223.89000  327.76977  73.2%   242 4072s

  5137   821  327.76977   58  261 1223.89000  327.76977  73.2%   243 4079s

  5157   836  332.42119   58  404 1223.89000  327.76977  73.2%   244 4086s

  5180   853  327.76977   59  276 1223.89000  327.76977  73.2%   246 4094s

  5209   875  328.03693   59  256 1223.89000  327.76977  73.2%   248 4102s

  5247   895  327.76977   60  249 1223.89000  327.76977  73.2%   250 4110s

  5291   921  327.76977   60  395 1223.89000  327.76977  73.2%   252 4120s

  5332   957  327.76977   61  249 1223.89000  327.76977  73.2%   255 4130s

  5382  1010  327.76977   64  235 1223.89000  327.76977  73.2%   257 4140s

  5456  1054  327.76977   68  373 1223.89000  327.76977  73.2%   261 4150s

  5536  1077  328.18093   71  285 1223.89000  327.76977  73.2%   264 4163s

  5586  1117  327.76977   74  204 1223.89000  327.76977  73.2%   268 4175s

  5650  1145  335.50554   75  248 1223.89000  327.76977  73.2%   270 4187s

  5711  1176  327.76977   77  188 1223.89000  327.76977  73.2%   273 4198s

  5781  1216  328.62725   79  197 1223.89000  327.76977  73.2%   276 4212s

  5851  1247  408.83974   82  184 1223.89000  327.76977  73.2%   279 4226s

  5909  1283  341.62830   84  230 1223.89000  327.76977  73.2%   280 4237s

  5971  1340  392.19748   87  254 1223.89000  327.76977  73.2%   283 4251s

  6042  1411  358.40244   91  271 1223.89000  327.76977  73.2%   285 4271s

  6114  1422  361.49292   93  315 1223.89000  327.76977  73.2%   288 4284s

  6125  1483  477.75308   93  239 1223.89000  327.76977  73.2%   288 4309s

  6188  1490  364.46000   95  298 1223.89000  327.76977  73.2%   290 4320s

  6196  1497  425.85404   95  279 1223.89000  327.76977  73.2%   291 4332s

  6204  1512  365.15792   96  256 1223.89000  327.76977  73.2%   291 4347s

  6220  1574  369.24975   98  288 1223.89000  327.76977  73.2%   292 4364s

  6284  1673  425.25701  100  281 1223.89000  327.76977  73.2%   294 4393s

  6387  1765  379.45225  104  327 1223.89000  327.76977  73.2%   297 4405s

  6486  1872  382.14667  107  273 1223.89000  327.76977  73.2%   301 4427s

  6621  2006  457.20000  111  286 1223.89000  327.76977  73.2%   304 4451s

  6793  2119  384.71126  115  296 1223.89000  327.76977  73.2%   304 4475s

  6935  2240  465.86735  119  285 1223.89000  327.76977  73.2%   307 4495s

  7082  2365 infeasible  125      1223.89000  327.76977  73.2%   308 4521s

  7219  2480  485.23570  131  279 1223.89000  327.76977  73.2%   309 4543s

  7361  2622  620.17643  136  269 1223.89000  327.76977  73.2%   313 4560s

  7527  2793  571.58500  142  266 1223.89000  327.76977  73.2%   314 4584s

  7712  2944  511.05703  149  293 1223.89000  327.76977  73.2%   314 4611s

  7918  3095  512.35023  157  284 1223.89000  327.76977  73.2%   315 4638s

  8086  3304  513.25281  166  294 1223.89000  327.76977  73.2%   316 4667s

  8301  3569  518.38060  178  296 1223.89000  327.76977  73.2%   315 4689s

  8578  4192  542.58613  190  274 1223.89000  327.76977  73.2%   312 4718s

  9301  4477  538.36365  232  241 1223.89000  327.76977  73.2%   299 4745s

  9604  4975  647.56831  243  227 1223.89000  327.76977  73.2%   298 4767s

 10175  5057  565.07079  271  211 1223.89000  327.76977  73.2%   291 4792s

 10258  5292  567.74041  276  242 1223.89000  327.76977  73.2%   292 4821s

 10498  6069  677.67269  289  266 1223.89000  327.76977  73.2%   291 4857s

 11334  6565  612.96810  332  231 1223.89000  327.76977  73.2%   282 4889s

 11921  6749  846.18296  349  218 1223.89000  327.76977  73.2%   278 4923s

 12135  7034  912.09737  358  280 1223.89000  327.76977  73.2%   280 4956s

 12489  7225  341.08512   57  263 1223.89000  327.76977  73.2%   282 4989s

 12730  7624  382.94382   88  265 1223.89000  327.76977  73.2%   282 5030s

 13184  7751  886.93403  147  128 1223.89000  327.76977  73.2%   281 5062s

 13362  8245 1016.21932  166  128 1223.89000  327.76977  73.2%   281 5104s

 13959  8543  346.87363   55  394 1223.89000  327.76977  73.2%   278 5144s

 14263  9603  353.75056   73  363 1223.89000  327.76977  73.2%   275 5187s

 15433  9891  586.86210  153  280 1223.89000  327.76977  73.2%   267 5257s

 15782 11056  697.73036  187  313 1223.89000  327.76977  73.2%   268 5338s

 17041 11218  370.99956   65  275 1223.89000  327.76977  73.2%   264 5371s

 17215 11714  440.04817   87  228 1223.89000  327.76977  73.2%   264 5416s

 17843 11904  356.24720   51  353 1223.89000  327.76977  73.2%   262 5456s

 18061 11934  398.42298   85  333 1223.89000  327.76977  73.2%   264 5492s

 18091 11941  419.17253  104  260 1223.89000  327.76977  73.2%   264 5521s

H18100 11949                    1222.3300000  327.76977  73.2%   264 5559s

H18105 11947                    1217.6600000  327.76977  73.1%   264 5559s

 18108 12298  419.80614  106  239 1217.66000  327.76977  73.1%   264 5602s

 18502 13096  520.21455  182  219 1217.66000  327.76977  73.1%   263 5660s

H18958 13081                    1194.3400000  327.76977  72.6%   259 5660s

 19366 13297  372.37703   52  295 1194.34000  327.76977  72.6%   258 5692s

 19623 13411  393.80603   72  289 1194.34000  327.76977  72.6%   257 5735s

 19744 13858  395.92978   73  318 1194.34000  327.76977  72.6%   256 5779s

 20277 14900  797.11573  150  198 1194.34000  327.76977  72.6%   254 5833s

 21424 15349  813.94956  151  199 1194.34000  327.76977  72.6%   246 5895s

 21982 16830  369.27071   70  248 1194.34000  327.76977  72.6%   246 5950s

 23527 17386  571.83707  230  175 1194.34000  327.76977  72.6%   240 5994s

 24119 17629  369.69755   58  229 1194.34000  327.76977  72.6%   239 6047s

 24425 18564  405.35480  110  336 1194.34000  327.76977  72.6%   239 6110s

 25525 18825  430.13061   96  260 1194.34000  327.76977  72.6%   237 6157s

 25828 19621  592.50284  139  193 1194.34000  327.76977  72.6%   238 6202s

 26705 20077  358.01940   64  368 1194.34000  327.76977  72.6%   237 6265s

 27249 21134  548.97768  132  260 1194.34000  327.76977  72.6%   236 6331s

 28440 21685  488.82191  104  287 1194.34000  327.76977  72.6%   236 6383s

 29029 22269 1054.65139  181  104 1194.34000  327.76977  72.6%   236 6436s

 29735 23492  359.85530   54  288 1194.34000  327.76977  72.6%   235 6497s

 31136 23969  327.76977   47  314 1194.34000  327.76977  72.6%   233 6589s

 31648 27077  920.55862  165  183 1194.34000  327.76977  72.6%   234 6722s

 35111 27358  339.38144   43  365 1194.34000  327.76977  72.6%   227 6763s

 35456 27802  396.01265   62  344 1194.34000  327.76977  72.6%   227 6806s

 35984 28175  467.00691   91  253 1194.34000  327.76977  72.6%   227 6850s

 36441 29454  430.67036   77  260 1194.34000  327.76977  72.6%   227 6894s

 37874 30000  964.32421  405  218 1194.34000  327.76977  72.6%   223 6931s

 38459 31426  352.43308   57  332 1194.34000  327.76977  72.6%   222 6980s

 39987 32275  327.76977   49  321 1194.34000  327.76977  72.6%   217 7026s

 41014 33278  768.99361  177  230 1194.34000  327.76977  72.6%   216 7069s

 42069 33644  373.27243   94  181 1194.34000  327.76977  72.6%   215 7104s

 42464 35047  440.38158  159  229 1194.34000  327.76977  72.6%   214 7149s

 43962 35905  761.97281  408  237 1194.34000  327.76977  72.6%   210 7185s

 44855 36265 1009.61776  632  214 1194.34000  327.76977  72.6%   209 7216s

 45304 36611  382.96445   59  329 1194.34000  327.76977  72.6%   208 7249s

 45735 37502  471.62209  121  245 1194.34000  327.76977  72.6%   208 7327s

 46991 37845  405.54195   63  298 1194.34000  327.76977  72.6%   210 7373s

 47360 38972  750.24056  109  196 1194.34000  327.76977  72.6%   210 7432s

 48707 39481  327.76977   40  339 1194.34000  327.76977  72.6%   210 7474s

 49274 39805  345.18216   91  256 1194.34000  327.76977  72.6%   211 7507s

 49682 40992  384.37530  110  266 1194.34000  327.76977  72.6%   211 7566s

 50949 41950  704.76311  265  193 1194.34000  327.76977  72.6%   211 7612s

 51936 42390 1016.40158  284  171 1194.34000  327.76977  72.6%   210 7651s

 52420 43048  327.76977   45  469 1194.34000  327.76977  72.6%   209 7702s

 53140 43983  346.61071   75  341 1194.34000  327.76977  72.6%   207 7748s

 54180 44629 1022.51234  231  169 1194.34000  327.76977  72.6%   207 7783s

 54921 44976  332.43737   42  305 1194.34000  327.76977  72.6%   207 7807s

 55364 45762  615.27403  104  173 1194.34000  327.76977  72.6%   207 7860s

 56300 45977  420.81912   83  285 1194.34000  327.76977  72.6%   207 7906s

 56515 47077  475.18637  116  253 1194.34000  327.76977  72.6%   208 7961s

 57708 47150  349.99745   56  318 1194.34000  327.76977  72.6%   207 8001s

 57813 47362  364.42539   83  330 1194.34000  327.76977  72.6%   208 8049s

 58083 47676  521.51343  126  207 1194.34000  327.76977  72.6%   208 8094s

 58489 49192  426.99861   75  298 1194.34000  327.76977  72.6%   208 8148s

 60184 49673 infeasible  405      1194.34000  327.76977  72.6%   206 8220s

 60777 51352  398.73523  120  290 1194.34000  327.76977  72.6%   207 8306s

 62630 52359  336.98365   66  288 1194.34000  327.76977  72.6%   204 8350s

 63788 52766  349.64864   61  348 1194.34000  327.76977  72.6%   204 8387s

 64247 53347  373.15880   93  285 1194.34000  327.76977  72.6%   204 8424s

 64940 54279  448.57243  150  250 1194.34000  327.76977  72.6%   203 8468s

 65977 55133  339.50287   54  348 1194.34000  327.76977  72.6%   202 8516s

 66884 55488  348.15913   73  433 1194.34000  327.76977  72.6%   202 8560s

 67301 56442  355.91072   92  380 1194.34000  327.76977  72.6%   203 8615s

 68358 57137  620.26787  148  204 1194.34000  327.76977  72.6%   202 8666s

 69084 58230  424.10981  146  248 1194.34000  327.76977  72.6%   201 8710s

 70225 58410  372.47285   64  365 1194.34000  327.76977  72.6%   200 8742s

 70450 59538  558.51926  111  211 1194.34000  327.76977  72.6%   201 8776s

 71770 59789  378.55155   74  262 1194.34000  327.76977  72.6%   200 8799s

 72071 61196  432.01965  104  283 1194.34000  327.76977  72.6%   201 8848s

 73534 61399  660.61507  208  234 1194.34000  327.76977  72.6%   198 8892s

 73758 62340  704.47096  253  259 1194.34000  327.76977  72.6%   199 8943s

 74804 62743  454.56217   94  194 1194.34000  327.76977  72.6%   198 9021s

 75271 65373  455.44328   56  322 1194.34000  327.76977  72.6%   199 9134s

 75848 65373  825.21350  159  227 1194.34000  327.76977  72.6%   199 9135s

 78262 65459  370.83776   56  307 1194.34000  327.76977  72.6%   198 9172s

 78373 65646  377.64968   70  324 1194.34000  327.76977  72.6%   198 9206s

 78560 66296  407.47205   88  289 1194.34000  327.76977  72.6%   198 9245s

H78888 66264                    1182.2500000  327.76977  72.3%   198 9245s

 79271 67024  404.80856   46  350 1182.25000  327.76977  72.3%   198 9286s

H79501 66994                    1172.2800000  327.76977  72.0%   198 9286s

 80061 67600  542.52119  127  224 1172.28000  327.76977  72.0%   197 9319s

 80738 68535  327.76977   47  314 1172.28000  327.76977  72.0%   197 9342s

 81735 68977  349.01239   80  330 1172.28000  327.76977  72.0%   196 9374s

 82236 68977  459.95169  121  254 1172.28000  327.76977  72.0%   196 9421s

 82252 68985  462.17619  122  261 1172.28000  327.76977  72.0%   196 9459s

H82258 68982                    1171.6800000  327.76977  72.0%   196 9459s

 82260 69261  462.47268  123  257 1171.68000  327.76977  72.0%   196 9502s

 82566 70252  661.35224  136  297 1171.68000  327.76977  72.0%   196 9551s

 83658 70606  614.39295  122  265 1171.68000  327.76977  72.0%   196 9595s

 84054 71257  327.76977   53  424 1171.68000  327.76977  72.0%   196 9644s

 84846 72362  367.99830   73  206 1171.68000  327.76977  72.0%   197 9692s

 85984 72714  449.36936  127  219 1171.68000  327.76977  72.0%   196 9731s

 86374 73728  641.18129  182  158 1171.68000  327.76977  72.0%   196 9771s

 87433 74812  417.10975  103  280 1171.68000  327.76977  72.0%   195 9814s

 88653 75006  360.89821   73  340 1171.68000  327.76977  72.0%   195 9856s

 88881 76560  394.38305  101  380 1171.68000  327.76977  72.0%   195 9902s

 90553 77885  327.76977   53  305 1171.68000  327.76977  72.0%   193 9974s

 92059 77950  785.75058  181  184 1171.68000  327.76977  72.0%   193 10001s

 92140 78161  818.74918  191  200 1171.68000  327.76977  72.0%   193 10032s

 92399 78265  400.83377   55  293 1171.68000  327.76977  72.0%   194 10072s

 92503 78823  412.13091   68  323 1171.68000  327.76977  72.0%   194 10123s

 93115 79262  551.97205  196  261 1171.68000  327.76977  72.0%   194 10172s

 93578 80533  693.03034  290  221 1171.68000  327.76977  72.0%   194 10231s

 95027 81625  376.31673   64  295 1171.68000  327.76977  72.0%   194 10280s

 96306 82832  377.80946   46  327 1171.68000  327.76977  72.0%   193 10322s

 97614 83185  518.79215  123  208 1171.68000  327.76977  72.0%   193 10360s

 98059 84244  747.08396  188  259 1171.68000  327.76977  72.0%   193 10398s

 99229 85074  757.03796  189  262 1171.68000  327.76977  72.0%   192 10436s

 100113 85808  330.81351   51  332 1171.68000  327.76977  72.0%   192 10484s

 100951 86144  559.94327   69  271 1171.68000  327.76977  72.0%   192 10521s

 101312 87342  576.02669   70  262 1171.68000  327.76977  72.0%   192 10555s

 102663 88381  511.65723   71  199 1171.68000  327.76977  72.0%   191 10597s

 103806 88705  364.08793   72  334 1171.68000  327.76977  72.0%   191 10628s

 104150 90285  477.01183  113  267 1171.68000  327.76977  72.0%   191 10665s

 105842 91318  396.40070   47  356 1171.68000  327.76977  72.0%   190 10734s

 107025 92445  492.39375   80  296 1171.68000  327.76977  72.0%   190 10770s

 108184 92869  338.48492   52  382 1171.68000  327.76977  72.0%   189 10801s

 108704 93711  423.41644   76  336 1171.68000  327.76977  72.0%   189 10840s

 109639 94642  346.83683   61  452 1171.68000  327.76977  72.0%   189 10868s

 110679 94844 infeasible  115      1171.68000  327.76977  72.0%   189 10897s

 110925 95619  359.21265   68  303 1171.68000  327.76977  72.0%   189 10923s

 111812 96082  947.00787  263  162 1171.68000  327.76977  72.0%   189 10962s

 112374 96819  346.47025   64  353 1171.68000  327.76977  72.0%   189 10998s

 113260 96924  343.19672   55  411 1171.68000  327.76977  72.0%   189 11027s

 113405 97091  594.25190   68  189 1171.68000  327.76977  72.0%   189 11061s

 113676 98263  331.68758   54  306 1171.68000  327.76977  72.0%   189 11104s

 114697 98263  352.64239   73  359 1171.68000  327.76977  72.0%   189 11105s

 114969 98500  782.31893  135  184 1171.68000  327.76977  72.0%   189 11136s

 115235 99886  339.28228   67  393 1171.68000  327.76977  72.0%   189 11172s

 116685 100836  328.13611   51  272 1171.68000  327.76977  72.0%   188 11200s

 117712 101442  583.55787  125  247 1171.68000  327.76977  72.0%   188 11237s

 118367 101973 1014.75940  217  169 1171.68000  327.76977  72.0%   188 11265s

 119038 102427  338.82551   65  281 1171.68000  327.76977  72.0%   188 11300s

 119560 102583  433.81805   78  239 1171.68000  327.76977  72.0%   189 11335s

 119718 103105  444.75307   85  265 1171.68000  327.76977  72.0%   189 11380s

 120330 103582  591.06160  149  211 1171.68000  327.76977  72.0%   190 11450s

 120821 104231  675.07503  161  174 1171.68000  327.76977  72.0%   190 11547s

 121585 104709  837.32711  204  163 1171.68000  327.76977  72.0%   190 11631s

 122262 104899  361.98080   80  389 1171.68000  327.76977  72.0%   190 11722s

 122467 105835  579.68801  146  299 1171.68000  327.76977  72.0%   190 11812s

 123461 108369  371.53796   66  345 1171.68000  327.76977  72.0%   190 11909s

 126465 109150  396.24477   59  389 1171.68000  327.76977  72.0%   189 11959s

 127359 109978  337.87844   66  363 1171.68000  327.76977  72.0%   190 12006s

 128370 110244  433.39251   85  260 1171.68000  327.76977  72.0%   191 12048s

 128733 111964  526.63702  107  243 1171.68000  327.76977  72.0%   191 12100s

 130611 112105  400.15509   74  250 1171.68000  327.76977  72.0%   191 12143s

 130776 112504  475.16744  100  200 1171.68000  327.76977  72.0%   191 12189s

 131234 113273  476.01629  101  194 1171.68000  327.76977  72.0%   190 12237s

 132045 113796  507.53061  102  218 1171.68000  327.76977  72.0%   190 12277s

 132608 113952  334.10266   51  302 1171.68000  327.76977  72.0%   190 12315s

H132705 113889                    1163.3000000  327.76977  71.8%   190 12315s

 132773 114684  367.44875   67  205 1163.30000  327.76977  71.8%   190 12361s

 133736 115534  328.65656   45  399 1163.30000  327.76977  71.8%   190 12408s

 134719 116223     cutoff  161      1163.30000  327.76977  71.8%   190 12453s

 135471 117514  432.08974   57  244 1163.30000  327.76977  71.8%   190 12513s

 136977 117638  333.09229   52  411 1163.30000  327.76977  71.8%   190 12538s

 137111 117897  347.47153   57  388 1163.30000  327.76977  71.8%   190 12576s

 137379 118068  370.20810   70  377 1163.30000  327.76977  71.8%   191 12611s

 137560 118590  403.64377   77  212 1163.30000  327.76977  71.8%   191 12657s

 138162 119330  501.30423   92  264 1163.30000  327.76977  71.8%   192 12702s

 139126 119597  535.81526  112  235 1163.30000  327.76977  71.8%   193 12741s

 139446 119862  556.79003  121  278 1163.30000  327.76977  71.8%   193 12782s

 139811 120645  570.01172  132  268 1163.30000  327.76977  71.8%   194 12826s

 140774 121622  631.86897  174  242 1163.30000  327.76977  71.8%   194 12874s

 142086 121862  795.31451  249  214 1163.30000  327.76977  71.8%   194 12914s

 142377 122717  336.37016   60  440 1163.30000  327.76977  71.8%   195 12958s

 143262 123140  505.06571  199  308 1163.30000  327.76977  71.8%   195 12991s

 143729 123499  999.43463  375  214 1163.30000  327.76977  71.8%   195 13035s

 144135 124350  417.66154   80  258 1163.30000  327.76977  71.8%   195 13082s

 145137 125709  372.57823   53  340 1163.30000  327.76977  71.8%   196 13137s

 146718 126023  830.86628  324  201 1163.30000  327.76977  71.8%   195 13172s

 147104 126830  396.55942   71  247 1163.30000  327.76977  71.8%   196 13212s

 148060 127213  895.07571  165  227 1163.30000  327.76977  71.8%   196 13252s

 148513 128516  334.03117   65  345 1163.30000  327.76977  71.8%   196 13299s

 148757 128516  452.99800  108  336 1163.30000  327.76977  71.8%   196 13300s

 149951 129111 1076.89986  309  198 1163.30000  327.76977  71.8%   196 13360s

 150678 129397  357.40068   69  311 1163.30000  327.76977  71.8%   196 13409s

 150968 129479  468.64516   93  256 1163.30000  327.76977  71.8%   196 13490s

 151071 131056  487.63909   94  251 1163.30000  327.76977  71.8%   196 13586s

 152903 131425  857.90157  285  179 1163.30000  327.76977  71.8%   197 13649s

 153414 131881  369.07524   59  229 1163.30000  327.76977  71.8%   198 13698s

 153912 133469  438.42594  117  198 1163.30000  327.76977  71.8%   198 13757s

 155769 135020  372.35901   76  310 1163.30000  327.76977  71.8%   197 13807s

 157499 135539  446.94004   65  317 1163.30000  327.76977  71.8%   196 13839s

 158082 136389  739.52653  147  168 1163.30000  327.76977  71.8%   196 13877s

 159037 137460  359.87947   87  292 1163.30000  327.76977  71.8%   196 13916s

 160207 138343  730.95036  258  250 1163.30000  327.76977  71.8%   196 13960s

 161185 138736  442.99576  107  224 1163.30000  327.76977  71.8%   196 13993s

 161608 140110  710.81306  170  175 1163.30000  327.76977  71.8%   196 14034s

 163095 141585  404.16069  154  250 1163.30000  327.76977  71.8%   195 14071s

 164637 143235  333.97573   56  421 1163.30000  327.76977  71.8%   194 14135s

 166378 143317  327.76977   52  393 1163.30000  327.76977  71.8%   194 14156s

 166501 143513  335.67266   55  452 1163.30000  327.76977  71.8%   194 14180s

 166708 144176  351.60680   62  324 1163.30000  327.76977  71.8%   194 14211s

 167516 144342  361.57673   80  351 1163.30000  327.76977  71.8%   194 14238s

 167686 145468  369.40930   90  277 1163.30000  327.76977  71.8%   194 14270s

 168833 146117  529.56870  111  281 1163.30000  327.76977  71.8%   194 14299s

 169309 146117  689.21044  328  191 1163.30000  327.76977  71.8%   194 14300s

 169605 146441  536.67218  130  270 1163.30000  327.76977  71.8%   194 14328s

 169931 147198  665.64119  130  258 1163.30000  327.76977  71.8%   194 14369s

 170614 147198  413.21561   83  273 1163.30000  327.76977  71.8%   194 14370s

 170752 147758  565.18545  151  258 1163.30000  327.76977  71.8%   194 14400s



Cutting planes:

  Learned: 13

  Gomory: 31

  Lift-and-project: 60

  Cover: 69

  Implied bound: 272

  Projected implied bound: 18

  Clique: 325

  MIR: 238

  Mixing: 18

  StrongCG: 35

  Flow cover: 576

  GUB cover: 3

  Zero half: 519

  RLT: 28

  Relax-and-lift: 655



Explored 171445 nodes (33363388 simplex iterations) in 14400.55 seconds (12476.40 work units)

Thread count was 16 (of 16 available processors)



Solution count 10: 1163.3 1171.68 1172.28 ... 1320.69



Time limit reached

Best objective 1.163300000000e+03, best bound 3.277697660438e+02, gap 71.8241%



AMPL MP initial flat model has 22362 variables (0 integer, 22258 binary);

Objectives: 1 quadratic; 

Constraints:  4242 linear; 11 quadratic;



AMPL MP final model has 22362 variables (0 integer, 22258 binary);

Objectives: 1 quadratic; 

Constraints:  4242 linear; 11 quadratic;





-----RESULTS INFO-----
running_time:  14402.655999999999
TC.best_bound:  327.7697660438126
TC:  1163.3
MIP Gap (%):  71.82414114640999
=== Vehicle Routes ===
Vehicle 1: 0 → 4
Vehicle 1: 1 → 75
Vehicle 1: 2 → 6
Vehicle 1: 3 → 2
Vehicle 1: 4 → 9
Vehicle 1: 6 → 1
Vehicle 1: 8 → 3
Vehicle 1: 9 → 8
Vehicle 2: 0 → 16
Vehicle 2: 5 → 75
Vehicle 2: 16 → 73
Vehicle 2: 17 → 18
Vehicle 2: 18 → 5
Vehicle 2: 73 → 17
Vehicle 3: 0 → 7
Vehicle 3: 7 → 19
Vehicle 3: 10 → 74
Vehicle 3: 15 → 10
Vehicle 3: 19 → 15
Vehicle 3: 74 → 75
Vehicle 4: 0 → 14
Vehicle 4: 11 → 44
Vehicle 4: 14 → 11
Vehicle 4: 44 → 66
Vehicle 4: 66 → 75
Vehicle 5: 0 → 12
Vehicle 5: 12 → 20
Vehicle 5: 13 → 75
Vehicle 5: 20 → 68
Vehicle 5: 68 → 13
Vehicle 6: 0 → 58
Vehicle 6: 49 → 75
Vehicle 6: 58 → 69
Vehicle 6: 69 → 49
Vehicle 7: 0 → 53
Vehicle 7: 53 → 64
Vehicle 7: 64 → 71
Vehicle 7: 71 → 75
Vehicle 8: 0 → 65
Vehicle 8: 54 → 62
Vehicle 8: 62 → 75
Vehicle 8: 65 → 54
Vehicle 9: 0 → 70
Vehicle 9: 60 → 75
Vehicle 9: 70 → 60

=== Full Vehicle Routes ===
Vehicle 1: 0 → 4 → 9 → 8 → 3 → 2 → 6 → 1 → 0 (99<100)
Vehicle 2: 0 → 16 → 73 → 17 → 18 → 5 → 0 (100<100)
Vehicle 3: 0 → 7 → 19 → 15 → 10 → 74 → 0 (95<100)
Vehicle 4: 0 → 14 → 11 → 44 → 66 → 0 (97<100)
Vehicle 5: 0 → 12 → 20 → 68 → 13 → 0 (95<100)
Vehicle 6: 0 → 58 → 69 → 49 → 0 (100<100)
Vehicle 7: 0 → 53 → 64 → 71 → 0 (95<100)
Vehicle 8: 0 → 65 → 54 → 62 → 0 (99<100)
Vehicle 9: 0 → 70 → 60 → 0 (97<100)
Arc used by MRT line: y variables:
Customer assigment to PL: u variables:
21 70
22 68
23 68
24 66
25 68
26 73
27 65
28 69
29 71
30 70
31 73
32 70
33 71
34 69
35 74
36 66
37 71
38 65
39 65
40 69
41 70
42 70
43 71
45 74
46 68
47 69
48 65
50 71
51 69
52 73
55 66
56 73
57 73
59 66
61 71
63 65
Node is served by regular vehicle: g variables:
1
2
3
4
5
6
7
8
9
10
11
12
13
14
15
16
17
18
19
20
44
49
53
54
58
60
62
64
71
73
74
65
66
68
69
70
Customer assigment to Home delivery: gm variables:
1
2
3
4
5
6
7
8
9
10
11
12
13
14
15
16
17
18
19
20
44
49
53
54
58
60
62
64
Node total demands: ntd variables:
1 6 1
2 23 1
3 24 1
4 16 1
5 6 1
6 8 1
7 14 1
8 13 1
9 9 1
10 14 1
11 20 1
12 20 1
13 11 1
14 14 1
15 24 1
16 16 1
17 2 1
18 10 1
19 18 1
20 2 1
43 0 0
44 10 1
45 0 0
46 0 0
47 0 0
48 0 0
49 23 1
50 0 0
51 0 0
52 0 0
53 14 1
54 18 1
55 0 0
56 0 0
57 0 0
58 12 1
59 0 0
60 14 1
61 0 0
62 6 1
63 0 0
64 19 1
71 62 1
72 0 0
73 66 1
74 25 1
65 75 1
66 53 1
67 0 0
68 62 1
69 65 1
70 83 1
Customer's demand delivered to PL: l variables:
21
22
23
24
25
26
27
28
29
30
31
32
33
34
35
36
37
38
39
40
41
42
43
45
46
47
48
50
51
52
55
56
57
59
61
63
Lockers load <= capacity:
62 <= 100
0 <= 77
66 <= 75
25 <= 80
75 <= 100
53 <= 95
0 <= 98
62 <= 75
65 <= 72
83 <= 85
