Gurobi 12.0.3:   lim:time = 14400

  mip:bestbound = 1

Set parameter LogToConsole to value 1

  tech:outlev = 1

Set parameter Cuts to value 3

  cut:cuts = 3

Set parameter Presolve to value 2

  pre:solve = 2

Set parameter MIPFocus to value 2

  mip:focus = 2

Set parameter Symmetry to value 2

  mip:symmetry = 2

Set parameter InfUnbdInfo to value 1

Gurobi Optimizer version 12.0.3 build v12.0.3rc0 (win64 - Windows 10.0 (19045.2))



CPU model: Intel(R) Core(TM) i7-10700 CPU @ 2.90GHz, instruction set [SSE2|AVX|AVX2]

Thread count: 8 physical cores, 16 logical processors, using up to 16 threads



Non-default parameters:

TimeLimit  14400

MIPFocus  2

Symmetry  2

Cuts  3

InfUnbdInfo  1

Presolve  2



Optimize a model with 4243 rows, 22365 columns and 142477 nonzeros

Model fingerprint: 0x8bda2e66

Model has 4 quadratic objective terms

Model has 13 quadratic constraints

Variable types: 104 continuous, 22261 integer (0 binary)

Coefficient statistics:

  Matrix range     [1e+00, 1e+05]

  QMatrix range    [1e+00, 1e+00]

  QLMatrix range   [1e+00, 2e+01]

  Objective range  [1e+00, 1e+02]

  QObjective range [2e+00, 2e+00]

  Bounds range     [1e+00, 1e+02]

  RHS range        [1e+00, 1e+05]

  QRHS range       [1e+02, 1e+02]

Presolve removed 163 rows and 524 columns

Presolve time: 3.80s

Presolved: 17927 rows, 35669 columns, 175604 nonzeros

Variable types: 1788 continuous, 33881 integer (31271 binary)

Root relaxation presolve removed 3 rows and 2 columns

Root relaxation presolved: 17924 rows, 35667 columns, 346349 nonzeros



Deterministic concurrent LP optimizer: primal and dual simplex

Showing primal log only...





Root simplex log...



Iteration    Objective       Primal Inf.    Dual Inf.      Time

       0    1.5478000e+03   2.993145e+02   6.108108e+09      9s

Concurrent spin time: 0.05s



Solved with dual simplex



Root simplex log...



Iteration    Objective       Primal Inf.    Dual Inf.      Time

    1357    2.2321319e+02   0.000000e+00   0.000000e+00      9s



Root relaxation: objective 2.232132e+02, 1357 iterations, 0.37 seconds (0.56 work units)

Total elapsed time = 9.93s (DegenMoves)

Total elapsed time = 10.03s (DegenMoves)



    Nodes    |    Current Node    |     Objective Bounds      |     Work

 Expl Unexpl |  Obj  Depth IntInf | Incumbent    BestBd   Gap | It/Node Time



     0     0  223.21319    0  265          -  223.21319      -     -   10s

     0     0  274.15218    0  205          -  274.15218      -     -   13s

     0     0  274.15218    0  218          -  274.15218      -     -   13s

     0     0  274.15218    0  214          -  274.15218      -     -   13s

     0     0  274.48651    0  257          -  274.48651      -     -   15s

     0     0  281.16044    0  246          -  281.16044      -     -   15s

     0     0  281.90500    0  248          -  281.90500      -     -   16s

     0     0  281.90500    0  239          -  281.90500      -     -   16s

     0     0  289.86282    0  241          -  289.86282      -     -   18s

     0     0  296.02000    0  249          -  296.02000      -     -   18s

     0     0  296.02000    0  230          -  296.02000      -     -   19s

     0     0  299.41102    0  252          -  299.41102      -     -   21s

     0     0  300.19028    0  225          -  300.19028      -     -   21s

     0     0  300.19028    0  199          -  300.19028      -     -   21s

     0     0  301.04001    0  218          -  301.04001      -     -   23s

     0     0  301.07000    0  235          -  301.07000      -     -   23s

     0     0  301.07102    0  258          -  301.07102      -     -   25s

     0     0  301.07102    0  255          -  301.07102      -     -   25s

     0     0  301.07102    0  255          -  301.07102      -     -   26s

     0     0  301.07102    0  255          -  301.07102      -     -   26s

     0     2  301.08314    0  255          -  301.08314      -     -   29s

     7    16  301.08314    3  294          -  301.08314      -   891   30s

   254   276  302.57735   25  263          -  301.08314      -   211   35s

   889   917  311.38633   52  249          -  301.08314      -   127   40s

  1431  1422  394.40247   90  167          -  301.08314      -   130   45s

  2126  2081  303.55304    6  295          -  301.08314      -   119   50s

  2767  2739  310.11343   11  252          -  301.08314      -   115   55s

  3186  2946  324.87264  118 8964          -  301.08314      -   112   62s

  3188  2947  433.74594  120  277          -  301.08314      -   112   68s

  3189  2948  324.57001   50  333          -  301.08314      -   112   71s

  3190  2949  579.05822  172  347          -  301.20425      -   112   76s

  3191  2949  475.73945  151  296          -  301.27459      -   112   99s

  3192  2950  325.89102   47  295          -  301.67179      -   112  105s

  3194  2951  326.81102  172  275          -  301.70177      -   112  111s

H 3194  2803                    1691.1600000  301.70177  82.2%   112  115s

H 3194  2662                    1688.1600000  301.70177  82.1%   112  115s

  3196  2664  475.92524  162  303 1688.16000  301.70177  82.1%   112  121s

H 3196  2531                    1677.3800000  302.52364  82.0%   112  131s

H 3196  2404                    1661.5600000  302.52364  81.8%   112  131s

  3198  2405  329.10691   82  234 1661.56000  303.43800  81.7%   112  135s

H 3199  2286                    1658.5600000  304.30122  81.7%   112  142s

H 3199  2171                    1652.6200000  304.30122  81.6%   112  142s

  3201  2172  450.25542  135  303 1652.62000  304.81400  81.6%   111  153s

H 3201  2063                    1640.3000000  306.07293  81.3%   111  154s

  3202  2064  401.23931   72  337 1640.30000  306.07293  81.3%   111  157s

  3203  2064  360.58586   43  288 1640.30000  306.81186  81.3%   111  168s

  3204  2065  396.28449   76  355 1640.30000  306.81776  81.3%   111  179s

  3205  2066  309.12085   17  269 1640.30000  307.33549  81.3%   111  185s

H 3206  1963                    1640.1600000  307.68160  81.2%   111  198s

H 3206  1864                    1639.5700000  307.68160  81.2%   111  198s

H 3206  1771                    1608.9400000  307.68160  80.9%   111  198s

H 3206  1682                    1604.2400000  307.68160  80.8%   111  198s

H 3206  1597                    1601.4500000  307.68160  80.8%   111  198s

H 3206  1517                    1599.1500000  307.68160  80.8%   111  198s

H 3206  1441                    1597.9000000  307.68160  80.7%   111  198s

H 3206  1368                    1595.6100000  307.68160  80.7%   111  198s

H 3206  1300                    1594.3600000  307.68160  80.7%   111  198s

H 3206  1234                    1594.2300000  307.68160  80.7%   111  198s

H 3206  1172                    1588.2300000  307.68160  80.6%   111  198s

H 3206  1113                    1587.2300000  307.68160  80.6%   111  198s

H 3206  1057                    1585.9800000  307.68160  80.6%   111  198s

  3209  1059  312.25000   43  407 1585.98000  307.81370  80.6%   111  204s

  3210  1060  786.48010  378  399 1585.98000  307.82307  80.6%   111  212s

H 3210  1007                    1585.8700000  307.92222  80.6%   111  214s

  3212  1008  393.36561  107  330 1585.87000  307.97262  80.6%   111  216s

H 3212   957                    1585.7400000  307.98038  80.6%   111  219s

  3214   959  614.77930  237  445 1585.74000  307.98936  80.6%   111  224s

H 3214   910                    1584.2100000  308.05209  80.6%   111  237s

  3216   911  321.98706  144  511 1584.21000  308.06736  80.6%   111  250s

  3218   912  745.76938  248  434 1584.21000  308.13203  80.5%   111  263s

  3219   913  462.30712  212  446 1584.21000  308.30931  80.5%   111  266s

  3221   914  581.20708  212  492 1584.21000  308.43429  80.5%   111  271s

  3223   916  472.87387  237  533 1584.21000  308.54372  80.5%   111  275s

  3224   916  538.60227  101  517 1584.21000  308.65367  80.5%   111  290s

  3226   918  321.22290   27  529 1584.21000  309.01381  80.5%   111  295s

H 3226   872                    1583.6900000  309.07185  80.5%   111  306s

H 3226   828                    1581.2600000  309.07185  80.5%   111  306s

  3227   828  315.10969   65  583 1581.26000  309.07203  80.5%   111  310s

  3230   830  597.07404  349  508 1581.26000  309.11369  80.5%   110  315s

H 3230   787                    1570.1200000  309.12298  80.3%   110  318s

H 3231   748                    1551.4000000  309.13665  80.1%   110  328s

  3232   749  444.68536  160  478 1551.40000  309.13665  80.1%   110  332s

  3233   749  379.44820   88  578 1551.40000  309.14652  80.1%   110  347s

  3234   750  324.69730   19  537 1551.40000  309.15316  80.1%   110  359s

  3235   751  319.94242   79  539 1551.40000  309.18219  80.1%   110  361s

  3237   752  652.53775  284  554 1551.40000  309.19890  80.1%   110  376s

H 3238   715                    1547.3100000  309.21911  80.0%   110  379s

  3239   715  405.22329   99  597 1547.31000  309.21926  80.0%   110  381s

  3241   717  566.24026  177  602 1547.31000  309.22805  80.0%   110  397s

  3243   718  714.95954  341  680 1547.31000  309.22900  80.0%   110  417s

H 3244   682                    1546.1500000  309.22932  80.0%   110  427s

H 3244   647                    1545.3100000  309.22932  80.0%   110  427s

H 3244   613                    1534.5400000  309.23016  79.8%   110  429s

H 3244   582                    1533.5400000  309.23016  79.8%   110  429s

  3246   583  376.73714   67  683 1533.54000  309.23016  79.8%   110  443s

H 3246   553                    1528.5800000  309.23016  79.8%   110  463s

  3248   554  455.60583  127  673 1528.58000  309.23019  79.8%   110  467s

  3252   558  452.55434  122 8964 1528.58000  309.23046  79.8%   140  474s

  3254   559  346.55874    5  295 1528.58000  309.23046  79.8%   139  477s

  3255   560  364.48127  198  226 1528.58000  309.23046  79.8%   139  480s

H 3256   532                    1527.6200000  309.23046  79.8%   139  487s

  3258   533  562.54153  309  340 1527.62000  309.38394  79.7%   139  494s

H 3258   507                    1524.0400000  309.38394  79.7%   139  514s

H 3258   481                    1519.9300000  309.38394  79.6%   139  514s

  3259   482  309.38394    9  500 1519.93000  309.38394  79.6%   139  515s

  3260   482  489.24642   99  411 1519.93000  310.34000  79.6%   139  521s

  3261   483  477.42075  187  459 1519.93000  310.62885  79.6%   139  527s

  3262   484  342.35000   45  518 1519.93000  310.76097  79.6%   139  532s

  3263   484  517.10699  209  519 1519.93000  310.84087  79.5%   139  538s

  3264   485  471.04837  127  497 1519.93000  310.93278  79.5%   139  544s

  3265   486  350.90710   13  520 1519.93000  311.08223  79.5%   139  561s

H 3265   462                    1517.2200000  311.08904  79.5%   139  562s

H 3265   438                    1515.6000000  311.08904  79.5%   139  562s

H 3265   416                    1512.7100000  311.08904  79.4%   139  562s

H 3265   395                    1512.6000000  311.08904  79.4%   139  576s

H 3266   375                    1512.4700000  311.11598  79.4%   139  581s

H 3267   357                    1503.0200000  311.13164  79.3%   139  597s

H 3268   340                    1497.7300000  311.19801  79.2%   139  603s

H 3268   323                    1494.8200000  311.19801  79.2%   139  603s

  3270   324  326.27294   83  608 1494.82000  311.21010  79.2%   139  620s

  3271   325  330.37000  140  558 1494.82000  311.31315  79.2%   139  628s

  3272   325  321.32484  168  522 1494.82000  311.32118  79.2%   139  643s

  3273   326  562.35549  328  585 1494.82000  311.36139  79.2%   139  650s

  3274   327  565.26736  140  648 1494.82000  311.37965  79.2%   139  665s

  3275   327  321.89170  143  612 1494.82000  311.41613  79.2%   139  671s

  3276   328  405.22329   99  601 1494.82000  311.41613  79.2%   139  676s

  3277   329  338.33451   49  621 1494.82000  313.04955  79.1%   139  694s

H 3277   312                    1494.5900000  313.04955  79.1%   139  711s

  3279   313  404.49794  119  607 1494.59000  313.04955  79.1%   138  728s

  3280   314  626.39394  259  571 1494.59000  313.04955  79.1%   138  733s

  3281   314  313.04955    7  584 1494.59000  313.04955  79.1%   138  740s

  3282   315  319.32485   26  585 1494.59000  313.04955  79.1%   138  745s

H 3282   298                    1465.4400000  313.04955  78.6%   138  751s

H 3283   284                    1465.1400000  313.04955  78.6%   138  758s

H 3284   269                    1449.3000000  313.04955  78.4%   138  764s

H 3284   255                    1445.8100000  313.04955  78.3%   138  764s

  3285   256  596.65415  242  613 1445.81000  313.04955  78.3%   138  765s

  3286   257  324.87264  118  528 1445.81000  313.11140  78.3%   138  771s

H 3286   244                    1444.0400000  313.11140  78.3%   138  777s

  3289   246  324.57001   50  631 1444.04000  313.11140  78.3%   138  781s

H 3290   233                    1426.2800000  313.11140  78.0%   138  795s

H 3290   220                    1421.5600000  313.11140  78.0%   138  795s

H 3291   210                    1421.2500000  313.11140  78.0%   138  809s

  3293   211  595.00258  181  634 1421.25000  313.11140  78.0%   138  811s

H 3293   199                    1413.2300000  313.11140  77.8%   138  825s

  3295   201  315.11557   61  674 1413.23000  315.11557  77.7%   138  842s

  3296   201  475.92524  162  677 1413.23000  315.11557  77.7%   138  856s

H 3296   191                    1404.2400000  315.11557  77.6%   138  858s

H 3296   180                    1387.5900000  315.11557  77.3%   138  858s

H 3296   171                    1386.8700000  315.11557  77.3%   138  860s

  3299   173  379.27507   83  634 1386.87000  315.11557  77.3%   138  865s

  3301   175  450.25542  135  684 1386.87000  316.04919  77.2%   137  892s

  3303   176  360.58586   43  678 1386.87000  316.36472  77.2%   137  897s

  3305   177  316.49077   17  655 1386.87000  316.49077  77.2%   137  902s

  3307   179  642.24466  264  687 1386.87000  317.53080  77.1%   137  921s

  3308   179  318.13379   19  682 1386.87000  318.13379  77.1%   137  938s

H 3308   169                    1374.2400000  318.23441  76.8%   137  942s

  3310   171  786.48010  378  663 1374.24000  318.85326  76.8%   137  966s

  3311   171  492.93516  107  658 1374.24000  318.91203  76.8%   137  970s

  3312   172  393.36561  107  646 1374.24000  319.39765  76.8%   137  989s

  3313   173  319.44787   29  581 1374.24000  319.44787  76.8%   137  995s

  3314   173  614.77930  237  651 1374.24000  320.17433  76.7%   137 1012s

  3315   174  320.83130   27  622 1374.24000  320.83130  76.7%   137 1031s

  3317   175  349.60930   17  665 1374.24000  321.44189  76.6%   137 1053s

  3318   176  745.76938  248  684 1374.24000  321.44189  76.6%   137 1055s

  3319   177  462.30712  212  605 1374.24000  321.44189  76.6%   137 1071s

  3321   178  581.20708  212  703 1374.24000  321.88586  76.6%   137 1092s

  3322   179  540.55384  279  789 1374.24000  322.01305  76.6%   137 1095s

  3324   180  538.60227  101  645 1374.24000  322.07852  76.6%   137 1101s

H 3324   169                    1372.4500000  322.25387  76.5%   137 1107s

H 3324   160                    1366.4500000  322.25387  76.4%   137 1107s

H 3324   150                    1364.4500000  322.25387  76.4%   137 1108s

  3325   151  322.25387  144  668 1364.45000  322.25387  76.4%   137 1110s

  3326   151  323.16446   27  680 1364.45000  323.16446  76.3%   136 1131s

  3328   153  323.23535    7  839 1364.45000  323.23535  76.3%   136 1135s

  3329   153  323.44842   60  713 1364.45000  323.44842  76.3%   136 1153s

  3330   154  597.07404  349  691 1364.45000  324.06608  76.2%   136 1172s

  3331   155  409.04387  114  645 1364.45000  324.08126  76.2%   136 1175s

  3332   155  444.68536  160  678 1364.45000  324.47788  76.2%   136 1197s

  3334   157  324.69730   19  597 1364.45000  324.61892  76.2%   136 1202s

  3335   157  325.06116   79  498 1364.45000  325.06116  76.2%   136 1215s

  3337   159  652.53775  284  528 1364.45000  325.25075  76.2%   136 1232s

  3338   159  325.30371   29  531 1364.45000  325.30371  76.2%   136 1235s

  3340   161  337.27336   48  398 1364.45000  325.33556  76.2%   136 1240s

  3342   162  763.75170  107  462 1364.45000  325.68659  76.1%   136 1256s

  3344   163  475.30008  238  467 1364.45000  325.82684  76.1%   136 1261s

  3345   164  334.69797   89  424 1364.45000  325.95850  76.1%   136 1277s

  3346   165  376.73714   67  437 1364.45000  326.21556  76.1%   136 1292s

  3347   165  352.76897   39  450 1364.45000  326.36551  76.1%   136 1310s

  3348   166  455.60583  127  489 1364.45000  326.53221  76.1%   136 1323s

  3349   167  333.67102   56  467 1364.45000  326.82798  76.0%   136 1344s

  3350   167  326.95963   13  472 1364.45000  326.95963  76.0%   135 1359s

  3351   168  476.01406  158  476 1364.45000  327.12062  76.0%   135 1373s

  3352   169  452.55434  122  492 1364.45000  327.14612  76.0%   135 1388s

  3353   169  340.61034   21  464 1364.45000  327.16957  76.0%   135 1406s

  3354   170  346.55874    5  489 1364.45000  327.21204  76.0%   135 1421s

  3355   171  364.48127  198  450 1364.45000  327.22916  76.0%   135 1435s

  3356   171  506.61968  201  446 1364.45000  327.27089  76.0%   135 1444s

  3357   172  595.77200  193  506 1364.45000  327.38670  76.0%   135 1462s

  3358   173  562.54153  309  471 1364.45000  327.41805  76.0%   135 1472s

  3359   173  327.50763    9  567 1364.45000  327.50763  76.0%   135 1489s

H 3359   163                    1349.4100000  327.53830  75.7%   135 1505s

H 3359   153                    1342.4100000  327.53830  75.6%   135 1505s

H 3360   144                    1339.4100000  327.56752  75.5%   135 1523s

  3361   145  477.42075  187  575 1339.41000  327.56752  75.5%   135 1531s

  3362   145  342.35000   45  562 1339.41000  327.62328  75.5%   135 1546s

  3363   146  517.10699  209  521 1339.41000  327.71135  75.5%   135 1573s

  3364   147  471.04837  127  519 1339.41000  327.78172  75.5%   135 1592s

  3365   147  350.90710   13  447 1339.41000  327.78857  75.5%   135 1605s

  3366   148  329.43102   84  493 1339.41000  327.84130  75.5%   135 1623s

  3367   149  448.70384  210  491 1339.41000  327.92465  75.5%   135 1641s

H 3367   140                    1290.5700000  327.98264  74.6%   135 1658s

  3369   141  477.63224  180  498 1290.57000  328.00632  74.6%   135 1675s

H 3369   132                    1287.9400000  328.10189  74.5%   135 1690s

H 3369   123                    1282.8000000  328.10189  74.4%   135 1690s

  3371   124  330.37000  140  467 1282.80000  328.16504  74.4%   135 1705s

  3374   128  565.26736  140 8964 1282.80000  328.16504  74.4%   183 1710s

  3377   130  338.33451   49  303 1282.80000  328.16504  74.4%   183 1716s

  3382   133  328.16504   26  433 1282.80000  328.16504  74.4%   182 1720s

H 3392   132                    1278.0800000  328.16504  74.3%   182 1740s

  3394   133  328.16504  172  545 1278.08000  328.16504  74.3%   182 1760s

  3395   134  328.16504   61  503 1278.08000  328.16504  74.3%   182 1774s

  3396   135  475.92524  162  393 1278.08000  328.16504  74.3%   182 1781s

  3397   135  328.16504   58  485 1278.08000  328.16504  74.3%   182 1795s

H 3397   128                    1254.7800000  328.16504  73.8%   182 1802s

  3399   130  379.27507   83  588 1254.78000  328.16504  73.8%   182 1816s

  3400   130  361.36490   45  353 1254.78000  328.16504  73.8%   181 1827s

  3401   131  450.25542  135  439 1254.78000  328.16504  73.8%   181 1838s

  3402   132  401.23931   72  398 1254.78000  328.16504  73.8%   181 1848s

  3403   132  360.58586   43  409 1254.78000  328.16504  73.8%   181 1857s

  3404   133  396.28449   76  441 1254.78000  328.16504  73.8%   181 1867s

H 3404   126                    1234.0100000  328.16504  73.4%   181 1878s

  3406   127  386.63803   92  427 1234.01000  328.16504  73.4%   181 1886s

  3410   130  786.48010  378  644 1234.01000  328.16504  73.4%   181 1912s

  3411   131  492.93516  107  625 1234.01000  328.16504  73.4%   181 1941s

  3412   131  393.36561  107  556 1234.01000  328.16504  73.4%   181 1958s

H 3412   124                    1221.3900000  328.16504  73.1%   181 1973s

  3415   126  328.16504   27  505 1221.39000  328.16504  73.1%   181 1999s

  3416   127  328.16504  144  427 1221.39000  328.16504  73.1%   181 2013s

  3419   129  462.30712  212  452 1221.39000  328.16504  73.1%   180 2018s

  3420   130  328.16504   23  369 1221.39000  328.16504  73.1%   180 2023s

  3423   132  472.87387  237  430 1221.39000  328.16504  73.1%   180 2029s

  3424   132  538.60227  101  502 1221.39000  328.16504  73.1%   180 2039s

  3425   133  328.16504  144  489 1221.39000  328.16504  73.1%   180 2057s

  3426   134  328.16504   27  426 1221.39000  328.16504  73.1%   180 2063s

  3430   136  597.07404  349  513 1221.39000  328.16504  73.1%   180 2065s

  3432   138  444.68536  160  520 1221.39000  328.16504  73.1%   180 2076s

  3437   141  652.53775  284  512 1221.39000  328.16504  73.1%   180 2082s

H 3437   133                    1217.9100000  328.16504  73.1%   180 2090s

  3442   136  763.75170  107  431 1217.91000  328.16504  73.1%   179 2097s

  3443   137  714.95954  341  478 1217.91000  328.16504  73.1%   179 2102s

H 3448   131                    1214.3700000  328.16504  73.0%   179 2124s

  3450   133  328.16504   13  558 1214.37000  328.16504  73.0%   179 2132s

  3455   136  364.48127  198  570 1214.37000  328.16504  73.0%   179 2138s

  3456   137  506.61968  201  601 1214.37000  328.16504  73.0%   179 2144s

  3457   137  595.77200  193  583 1214.37000  328.16504  73.0%   178 2145s

  3458   138  562.54153  309  633 1214.37000  328.16504  73.0%   178 2150s

  3459   139  328.16504    9  643 1214.37000  328.16504  73.0%   178 2156s

  3462   141  342.35000   45  520 1214.37000  328.16504  73.0%   178 2162s

  3463   141  517.10699  209  555 1214.37000  328.16504  73.0%   178 2169s

  3467   144  448.70384  210  587 1214.37000  328.16504  73.0%   178 2175s

  3468   145  373.08092   57  524 1214.37000  328.16504  73.0%   178 2197s

  3470   146  328.16504   83  608 1214.37000  328.16504  73.0%   178 2219s

  3471   147  330.37000  140  533 1214.37000  328.16504  73.0%   178 2225s

  3473   148  562.35549  328  536 1214.37000  328.16504  73.0%   178 2231s

  3474   149  565.26736  140  548 1214.37000  328.16504  73.0%   178 2238s

  3481   153  328.16504    7  562 1214.37000  328.16504  73.0%   177 2245s

  3482   154  328.16504   26  584 1214.37000  328.16504  73.0%   177 2251s

  3484   155  335.84188  132  598 1214.37000  328.16504  73.0%   177 2257s

H 3484   146                    1201.7600000  328.16504  72.7%   177 2264s

H 3484   136                    1195.8200000  328.16504  72.6%   177 2265s

  3488   139  433.74594  120  564 1195.82000  328.16504  72.6%   177 2287s

  3489   140  328.16504   50  574 1195.82000  328.16504  72.6%   177 2293s

  3492   142  328.16504   47  615 1195.82000  328.16504  72.6%   177 2295s

  3493   142  595.00258  181  594 1195.82000  328.16504  72.6%   177 2301s

H 3493   133                    1195.8000000  328.16504  72.6%   177 2327s

  3497   136  328.16504   58  690 1195.80000  328.16504  72.6%   176 2330s

  3498   137  329.10691   82  682 1195.80000  328.16504  72.6%   176 2335s

  3499   137  379.27507   83  560 1195.80000  328.16504  72.6%   176 2341s

  3503   140  360.58586   43  666 1195.80000  328.16504  72.6%   176 2347s

  3504   141  396.28449   76  659 1195.80000  328.16504  72.6%   176 2359s

  3509   144  328.16504   43  801 1195.80000  328.16504  72.6%   176 2360s

  3510   145  786.48010  378  729 1195.80000  328.16504  72.6%   176 2366s

  3511   145  492.93516  107  706 1195.80000  328.16504  72.6%   176 2372s

  3516   149  328.16504  144  726 1195.80000  328.16504  72.6%   175 2379s

  3517   149  349.60930   17  750 1195.80000  328.16504  72.6%   175 2387s

  3520   151  328.16504   23  750 1195.80000  328.16504  72.6%   175 2394s

  3521   152  581.20708  212  673 1195.80000  328.16504  72.6%   175 2400s

  3526   155  328.16504   27  706 1195.80000  328.16504  72.6%   175 2407s

H 3526   145                    1187.5000000  328.16504  72.4%   175 2438s

H 3526   135                    1183.8300000  328.16504  72.3%   175 2438s

  3531   139  409.04387  114  670 1183.83000  328.16504  72.3%   175 2440s

  3534   141  328.16504   19  662 1183.83000  328.16504  72.3%   175 2446s

  3535   141  328.16504   79  620 1183.83000  328.16504  72.3%   175 2453s

  3537   143  652.53775  284  681 1183.83000  328.16504  72.3%   174 2459s

H 3537   133                    1179.4600000  328.16504  72.2%   174 2483s

  3539   134  405.22329   99  657 1179.46000  328.16504  72.2%   174 2509s

  3540   135  337.27336   48  685 1179.46000  328.16504  72.2%   174 2515s

  3541   135  566.24026  177  701 1179.46000  328.16504  72.2%   174 2521s

  3542   136  763.75170  107  625 1179.46000  328.16504  72.2%   174 2527s

  3543   137  714.95954  341  720 1179.46000  328.16504  72.2%   174 2549s

  3544   137  475.30008  238  679 1179.46000  328.16504  72.2%   174 2555s

  3545   138  334.69797   89  679 1179.46000  328.16504  72.2%   174 2561s

  3546   139  376.73714   67  679 1179.46000  328.16504  72.2%   174 2587s

  3547   142  328.16504   42  656 1179.46000  328.16504  72.2%   226 2611s

  3553   152  328.16504   44  675 1179.46000  328.16504  72.2%   228 2617s

  3561   158  328.16504   45  640 1179.46000  328.16504  72.2%   232 2620s

  3597   187  328.16504   47  587 1179.46000  328.16504  72.2%   244 2627s

H 3605   174                    1161.8700000  328.16504  71.8%   247 2627s

  3632   195  328.16504   49  589 1161.87000  328.16504  71.8%   253 2632s

  3640   201  328.87093   49  531 1161.87000  328.16504  71.8%   254 2635s

  3669   221  333.11307   51  595 1161.87000  328.16504  71.8%   261 2641s

  3698   240  333.73289   52  628 1161.87000  328.16504  71.8%   267 2646s

  3718   254  338.66386   53  528 1161.87000  328.16504  71.8%   271 2651s

  3749   276  334.80072   55  449 1161.87000  328.16504  71.8%   277 2656s

  3771   291  335.96554   56  457 1161.87000  328.16504  71.8%   280 2661s

  3793   305  337.15381   57  513 1161.87000  328.16504  71.8%   282 2666s

  3815   322  337.43321   58  504 1161.87000  328.16504  71.8%   285 2671s

  3847   345  339.77041   59  494 1161.87000  328.16504  71.8%   290 2678s

  3864   356  340.18546   59  468 1161.87000  328.16504  71.8%   293 2683s

  3880   365  341.92422   60  405 1161.87000  328.16504  71.8%   296 2685s

  3917   383  346.88702   61  458 1161.87000  328.16504  71.8%   302 2703s

  3925   402  348.29059   61  364 1161.87000  328.16504  71.8%   302 2708s

  3947   423  347.36171   62  478 1161.87000  328.16504  71.8%   306 2711s

  3970   446  387.34764   62  306 1161.87000  328.16504  71.8%   309 2715s

  4014   496  362.45896   63  335 1161.87000  328.16504  71.8%   316 2723s

  4043   526  356.47097   65  372 1161.87000  328.16504  71.8%   321 2727s

  4073   560  368.15948   67  368 1161.87000  328.16504  71.8%   325 2732s

  4107   599  360.00395   69  342 1161.87000  328.16504  71.8%   329 2737s

  4146   634  368.93264   71  339 1161.87000  328.16504  71.8%   335 2741s

  4181   673  360.65906   73  387 1161.87000  328.16504  71.8%   340 2746s

  4220   720  353.56244   75  398 1161.87000  328.16504  71.8%   346 2752s

  4269   775 infeasible   78      1161.87000  328.16504  71.8%   353 2757s

  4343   826  372.02567   84  305 1161.87000  328.16504  71.8%   359 2763s

  4408   889  373.49285   88  332 1161.87000  328.16504  71.8%   364 2769s

  4479   933  376.35231   94  234 1161.87000  328.16504  71.8%   370 2775s

  4529   993  387.75283   98  278 1161.87000  328.16504  71.8%   376 2781s

  4589  1043  391.14096  104  271 1161.87000  328.16504  71.8%   382 2787s

  4639  1069  393.34358  106  298 1161.87000  328.16504  71.8%   388 2794s

  4667  1121  393.57854  108  254 1161.87000  328.16504  71.8%   393 2800s

  4720  1181  411.12675  110  307 1161.87000  328.16504  71.8%   398 2807s

  4780  1249  411.16903  115  237 1161.87000  328.16504  71.8%   403 2814s

  4848  1315  413.93645  120  232 1161.87000  328.16504  71.8%   408 2820s

  4914  1403  428.32923  124  190 1161.87000  328.16504  71.8%   412 2828s

  5002  1411  420.94207  130  285 1161.87000  328.16504  71.8%   417 2834s

  5010  1459  433.78487  130  200 1161.87000  328.16504  71.8%   417 2842s

  5058  1530  421.00407  134  276 1161.87000  328.16504  71.8%   420 2850s

  5129  1585  432.21234  140  257 1161.87000  328.16504  71.8%   426 2858s

  5190  1660  421.59043  147  248 1161.87000  328.16504  71.8%   433 2867s

  5267  1751  421.76976  154  262 1161.87000  328.16504  71.8%   440 2876s

H 5336  1751                    1122.2700000  328.16504  70.8%   444 2876s

  5359  1862  437.68806  162  244 1122.27000  328.16504  70.8%   444 2885s

  5472  1956  423.85833  172  183 1122.27000  328.16504  70.8%   448 2895s

  5570  2059  423.46868  183  159 1122.27000  328.16504  70.8%   454 2905s

  5676  2067  451.07753  191  160 1122.27000  328.16504  70.8%   458 2916s

H 5680  2067                    1104.1700000  328.16504  70.3%   458 2916s

  5684  2167  426.70473  192  208 1104.17000  328.16504  70.3%   458 2927s

  5791  2338  427.90482  202  185 1104.17000  328.16504  70.3%   462 2937s

H 5857  2338                    1103.1700000  328.16504  70.3%   464 2937s

  5965  2551  431.61463  212  192 1103.17000  328.16504  70.3%   461 2947s

  6185  2733  439.03355  226  252 1103.17000  328.16504  70.3%   455 2958s

  6370  2843  443.77494  244  265 1103.17000  328.16504  70.3%   454 2969s

  6489  2965  531.49455  256  260 1103.17000  328.16504  70.3%   456 2982s

  6641  3093  673.87167  271  194 1103.17000  328.16504  70.3%   458 2994s

  6775  3224  625.65253  284  211 1103.17000  328.16504  70.3%   462 3006s

  6908  3240  795.10581  295  202 1103.17000  328.16504  70.3%   464 3018s

  6924  3368  628.52545  297  269 1103.17000  328.16504  70.3%   464 3031s

  7062  3546  665.69626  311  240 1103.17000  328.16504  70.3%   467 3045s

H 7269  3552                    1069.8900000  328.16504  69.3%   469 3059s

H 7271  3552                    1046.4700000  328.16504  68.6%   469 3059s

  7277  3751  890.32330  325  201 1046.47000  328.16504  68.6%   470 3074s

H 7282  3751                    1045.4700000  328.16504  68.6%   469 3074s

H 7384  3751                    1044.9100000  328.16504  68.6%   469 3074s

  7505  3988  764.38533  345  220 1044.91000  328.16504  68.6%   468 3089s

  7762  4290  808.61201  366  215 1044.91000  328.16504  68.6%   465 3106s

  8142  4555  336.65673   52  349 1044.91000  328.16504  68.6%   458 3121s

  8413  4677  358.21956   67  273 1044.91000  328.16504  68.6%   453 3136s

H 8428  4675                    1039.8800000  328.16504  68.4%   453 3136s

  8541  5065  363.30368   77  280 1039.88000  328.16504  68.4%   451 3153s

  8973  5248  374.12546  102  226 1039.88000  328.16504  68.4%   442 3169s

  9231  5436  386.65783  122  219 1039.88000  328.16504  68.4%   436 3187s

  9491  5586  403.46429  173  254 1039.88000  328.16504  68.4%   431 3206s

  9665  5772  407.25944  189  251 1039.88000  328.16504  68.4%   428 3224s

  9860  6091  441.18242  221  244 1039.88000  328.16504  68.4%   426 3245s

 10228  6121  500.38752  271  267 1039.88000  328.16504  68.4%   420 3266s

H10229  6116                    1035.9100000  328.16504  68.3%   420 3266s

H10233  6116                    1034.1200000  328.16504  68.3%   420 3266s

 10258  6500  501.01453  272  258 1034.12000  328.16504  68.3%   420 3288s

 10676  7027  590.32601  323  214 1034.12000  328.16504  68.3%   412 3310s

 11207  7648  590.51659  324  214 1034.12000  328.16504  68.3%   402 3331s

 11875  7888  592.42377  325  203 1034.12000  328.16504  68.3%   387 3355s

 12135  8483  592.56876  326  216 1034.12000  328.16504  68.3%   385 3383s

 12884  9487  918.22373  390  149 1034.12000  328.16504  68.3%   373 3413s

 14098  9977  560.94100  176  181 1034.12000  328.16504  68.3%   356 3437s

 14614 11158  771.34959  265  189 1034.12000  328.16504  68.3%   351 3480s

 15884 11475  486.18603   90  219 1034.12000  328.16504  68.3%   337 3494s

 16227 11895  750.13383  110  188 1034.12000  328.16504  68.3%   333 3511s

 16822 12067  338.29603   54  481 1034.12000  328.16504  68.3%   328 3527s

 17029 12780  377.78187   70  334 1034.12000  328.16504  68.3%   328 3550s

 17819 13460  338.14765   50  461 1034.12000  328.16504  68.3%   324 3570s

 18517 13468  370.41107   66  300 1034.12000  328.16504  68.3%   321 3588s

 18525 13590  370.41107   67  301 1034.12000  328.16504  68.3%   321 3606s

 18647 13790  382.76797   75  301 1034.12000  328.16504  68.3%   320 3624s

 18858 14269  388.42829   82  307 1034.12000  328.16504  68.3%   319 3644s

 19395 14472  367.72691   79  303 1034.12000  328.16504  68.3%   318 3664s

 19604 15030  455.96092  111  263 1034.12000  328.16504  68.3%   319 3687s

 20216 15194  337.12030   49  486 1034.12000  328.16504  68.3%   317 3710s

 20427 15505  359.88156   65  337 1034.12000  328.16504  68.3%   319 3733s

 20759 16163  401.02861  110  315 1034.12000  328.16504  68.3%   320 3758s

 21447 17492  528.03448  190  292 1034.12000  328.16504  68.3%   316 3786s

 22979 17707  632.23262  379  254 1034.12000  328.16504  68.3%   304 3811s

H23030 17705                    1032.1900000  328.16504  68.2%   304 3811s

 23274 17713  775.88994  430  216 1032.19000  328.16504  68.2%   304 3833s

 23285 17993  777.49834  432  209 1032.19000  328.16504  68.2%   304 3857s

 23659 18449  351.08528   64  324 1032.19000  328.16504  68.2%   304 3884s

 24176 20229  446.10291  173  320 1032.19000  328.16504  68.2%   304 3916s

 25981 21417  342.41010   60  350 1032.19000  328.16504  68.2%   291 3942s

 27326 21860  573.58693  192  219 1032.19000  328.16504  68.2%   283 3965s

 27769 22571  924.96445  396  171 1032.19000  328.16504  68.2%   280 3989s

 28538 22646  445.98404   87  266 1032.19000  328.16504  68.2%   277 4014s

 28613 22767  446.43600   88  306 1032.19000  328.16504  68.2%   276 4037s

 28766 23192  448.04059   89  264 1032.19000  328.16504  68.2%   276 4062s

 29204 25355  471.26529  119  396 1032.19000  328.16504  68.2%   276 4120s

 31565 25571  901.50955  160  217 1032.19000  328.82056  68.1%   269 4136s

 31797 26268  343.75928   65  419 1032.19000  329.40606  68.1%   269 4159s

 32630 26532  774.47593  144  155 1032.19000  329.40606  68.1%   269 4179s

 32946 27758  376.71440   58  390 1032.19000  329.71623  68.1%   270 4203s

 34233 28724  616.76553  189  223 1032.19000  329.96312  68.0%   266 4224s

 35273 28959  334.27747   62  505 1032.19000  330.20737  68.0%   264 4240s

 35528 29342  335.63781   65  409 1032.19000  330.20737  68.0%   264 4258s

 36024 29897  368.60478   86  373 1032.19000  330.20737  68.0%   264 4280s

 36702 30204  638.73732  213  190 1032.19000  330.20737  68.0%   263 4298s

 37034 31320  346.86157   74  313 1032.19000  330.20737  68.0%   264 4323s

 38409 31627  934.53439  340  149 1032.19000  330.20737  68.0%   261 4341s

 38766 32406  358.53454   75  403 1032.19000  330.66069  68.0%   261 4364s

 39658 32943  341.55840   57  400 1032.19000  330.83726  67.9%   261 4386s

 40244 33367  397.11472   66  308 1032.19000  330.83726  67.9%   263 4405s

 40748 33782  637.22509   91  170 1032.19000  330.83726  67.9%   263 4426s

 41281 33896  858.71849   97  170 1032.19000  330.85506  67.9%   263 4449s

 41401 33903  346.18143   62  349 1032.19000  330.85506  67.9%   263 4468s

 41410 33911  346.18143   63  349 1032.19000  330.85506  67.9%   263 4486s

 41418 33919  347.32484   64  356 1032.19000  330.85506  67.9%   263 4507s

 41426 33950  348.47503   65  332 1032.19000  330.85506  67.9%   263 4527s

 41469 34166  348.67675   66  330 1032.19000  330.85506  67.9%   263 4546s

 41695 34572  432.55957  110  231 1032.19000  330.93625  67.9%   263 4568s

 42195 34950  346.33717   70  360 1032.19000  330.97067  67.9%   263 4589s

 42619 36160  460.71162  100  266 1032.19000  330.97067  67.9%   263 4618s

 43939 36714 infeasible  127      1032.19000  330.97451  67.9%   261 4665s

 44616 39959  388.36760   71  252 1032.19000  330.97451  67.9%   262 4724s

 48122 40211  601.47813  114  245 1032.19000  331.40095  67.9%   255 4740s

 48406 40753  887.85364  172  181 1032.19000  331.40095  67.9%   255 4759s

 49026 41075  431.94387  105  264 1032.19000  331.47983  67.9%   255 4776s

 49352 41951  591.72578  120  246 1032.19000  331.51284  67.9%   255 4798s

 50304 43304  364.60303   83  350 1032.19000  331.51284  67.9%   254 4820s

 51705 43630  546.83668  185  262 1032.19000  331.51284  67.9%   250 4836s

 52082 44544  625.29338  225  246 1032.19000  331.51284  67.9%   250 4856s

 53033 45479  363.69902   86  318 1032.19000  331.51284  67.9%   249 4876s

 54059 45780  575.64715  186  324 1032.19000  331.51284  67.9%   248 4892s

 54364 46368  856.16755  272  254 1032.19000  331.61923  67.9%   248 4912s

 55085 46969  371.12759   71  435 1032.19000  331.88001  67.8%   248 4931s

 55792 47144 infeasible   73      1032.19000  331.88048  67.8%   248 4947s

 55993 48021  387.15589   84  391 1032.19000  331.88821  67.8%   249 4967s

 56975 48684  360.60989   66  405 1032.19000  331.88821  67.8%   248 4987s

 57653 49758  526.53701  130  180 1032.19000  331.88821  67.8%   247 5007s

 58807 50293  358.62606   65  432 1032.19000  331.88821  67.8%   246 5046s

 59377 52951  458.29938  148  210 1032.19000  331.88821  67.8%   247 5106s

 62394 53995  395.96546   79  428 1032.19000  332.32950  67.8%   244 5127s

 63495 54294  528.06296  124  299 1032.19000  332.32950  67.8%   243 5145s

 63847 55349  347.13183   65  436 1032.19000  332.32950  67.8%   244 5165s

 65013 55600  602.51046  135  312 1032.19000  332.39821  67.8%   242 5181s

 65301 56950  807.47098  177  257 1032.19000  332.39821  67.8%   242 5201s

 66716 57741  433.32125   97  272 1032.19000  332.39821  67.8%   240 5220s

 67585 58260  343.84161   59  336 1032.19000  332.39821  67.8%   240 5235s

 68152 59114  362.10105   77  473 1032.19000  332.39821  67.8%   239 5254s

 69081 60091  694.18923  157  197 1032.19000  332.39821  67.8%   238 5273s

 70100 61009  578.15379   81  205 1032.19000  332.66756  67.8%   237 5291s

 71138 61181  398.43568   83  208 1032.19000  332.69129  67.8%   236 5306s

 71327 61826  572.06727  129  197 1032.19000  332.69129  67.8%   237 5324s

 72028 62611  365.56678   80  369 1032.19000  332.69129  67.8%   237 5342s

 72932 62968  444.73204  159  303 1032.19000  332.69129  67.8%   237 5357s

 73307 65589  568.84719  199  262 1032.19000  332.69129  67.8%   237 5401s

 76230 65686 infeasible   96      1032.19000  332.98157  67.7%   233 5410s

 76345 66344  347.57263   73  321 1032.19000  332.98157  67.7%   233 5422s

 77109 66492  332.98954   58  392 1032.19000  332.98157  67.7%   232 5431s

 77285 67169  338.78138   75  390 1032.19000  332.98157  67.7%   232 5444s

 78010 68273  387.43225  165  307 1032.19000  332.98157  67.7%   232 5458s

 79144 68667  633.87144  338  318 1032.19000  332.98157  67.7%   230 5471s

 79589 68873  342.66761   64  354 1032.19000  332.98157  67.7%   230 5481s

 79795 69795  365.87014   76  399 1032.19000  332.98157  67.7%   230 5494s

 80778 70367  399.86114  132  315 1032.19000  332.98157  67.7%   229 5507s

 81375 71102  478.29687  236  231 1032.19000  332.98157  67.7%   228 5520s

 82143 71236  418.31546   65  478 1032.19000  332.98157  67.7%   228 5531s

 82313 71527  561.15106   73  259 1032.19000  332.98157  67.7%   228 5543s

 82620 72400  342.33643   60  399 1032.19000  332.98157  67.7%   228 5557s

 83656 73068  496.56887  120  234 1032.19000  332.98157  67.7%   227 5572s

 84387 73206  361.42839   76  364 1032.19000  332.98157  67.7%   227 5584s

 84537 74036  376.54075   91  343 1032.19000  332.98157  67.7%   227 5598s

 85403 74301  460.82149  138  274 1032.19000  332.98157  67.7%   226 5611s

 85669 75111  739.46989  167  232 1032.19000  333.15132  67.7%   226 5627s

 86630 75277  419.02532   93  231 1032.19000  333.15132  67.7%   225 5639s

 86804 76040  582.69675  118  222 1032.19000  333.15132  67.7%   226 5655s

 87640 76388  352.74497   67  386 1032.19000  333.15132  67.7%   225 5675s

 88043 77311  388.09754  125  302 1032.19000  333.15132  67.7%   225 5709s

 89011 78511  883.61666  419  315 1032.19000  333.36279  67.7%   225 5740s

 90318 79675  379.98834   84  366 1032.19000  333.36279  67.7%   224 5764s

 91599 80042  512.57321  159  231 1032.19000  333.36279  67.7%   223 5782s

 91982 80731  355.32081   60  288 1032.19000  333.36279  67.7%   223 5803s

 92756 80959  797.20652  179  223 1032.19000  333.36279  67.7%   223 5821s

 93057 81822  345.53812   62  371 1032.19000  333.36279  67.7%   224 5843s

 93925 83230  411.13184  100  209 1032.19000  333.36279  67.7%   224 5866s

 95509 83522  347.15490   58  323 1032.19000  333.60216  67.7%   222 5882s

 95843 84212  355.46837   88  356 1032.19000  333.60362  67.7%   223 5902s

 96617 85340  335.29919   62  469 1032.19000  333.60362  67.7%   223 5924s

 97849 85714  402.28172  116  292 1032.19000  333.60362  67.7%   222 5940s

 98223 86915  448.15616  153  360 1032.19000  333.60362  67.7%   222 5961s

 99538 87714  340.48221   57  535 1032.19000  333.60362  67.7%   221 5980s

 100387 88261  407.86920  119  297 1032.19000  333.60362  67.7%   221 5997s

 101014 88681  337.25725   66  431 1032.19000  333.60362  67.7%   221 6016s

 101449 88966  365.48054   99  226 1032.19000  333.60362  67.7%   221 6032s

 101787 90044  438.84926  114  316 1032.19000  333.60362  67.7%   221 6053s

 102979 90360 infeasible  211      1032.19000  333.60362  67.7%   221 6085s

 103363 93379  383.12314   87  361 1032.19000  334.02911  67.6%   222 6150s

 106689 93637  462.35868  235  339 1032.19000  334.24621  67.6%   221 6167s

 107018 94541  527.80971  289  277 1032.19000  334.24621  67.6%   221 6186s

 107973 94781  340.53460   76  315 1032.19000  334.24621  67.6%   220 6202s

 108258 96530  449.72728  112  243 1032.19000  334.24621  67.6%   221 6224s

 110139 96770  365.32361   87  364 1032.19000  334.24621  67.6%   219 6237s

 110379 97034  809.94120  235  255 1032.19000  334.24621  67.6%   219 6252s

 110712 98155  350.57953   63  391 1032.19000  334.24621  67.6%   219 6272s

 111944 99284  380.93472  115  317 1032.19000  334.24621  67.6%   218 6290s

 113102 99600  475.95129  191  266 1032.19000  334.24621  67.6%   217 6306s

 113490 100849  493.44846  194  272 1032.19000  334.24621  67.6%   217 6324s

 114796 101424  725.87113  342  254 1032.19000  334.24621  67.6%   216 6342s

 115461 101611  347.02167   64  388 1032.19000  334.30542  67.6%   216 6355s

 115648 102616  376.21265   80  342 1032.19000  334.30542  67.6%   217 6373s

 116710 102888  701.60635  136  274 1032.19000  334.30542  67.6%   216 6390s

 117034 103293  352.91697   54  537 1032.19000  334.30542  67.6%   216 6405s

 117448 103950  418.19915   82  243 1032.19000  334.36864  67.6%   217 6440s

 118258 105280  337.62909   60  440 1032.19000  334.40443  67.6%   217 6469s

 119720 105593  682.22638  261  249 1032.19000  334.40443  67.6%   216 6488s

 120062 106618  350.05346   64  557 1032.19000  334.45369  67.6%   216 6512s

 121162 107067  360.34704   66  369 1032.19000  334.51776  67.6%   216 6530s

 121729 107309  360.66157   67  321 1032.19000  334.51776  67.6%   216 6552s

 121990 107782  370.46724   82  362 1032.19000  334.51776  67.6%   217 6573s

 122535 108990  388.78311   92  381 1032.19000  334.51776  67.6%   217 6599s

 123983 109197  432.34696  131  300 1032.19000  334.51776  67.6%   216 6620s

 124271 110547  450.15707  141  334 1032.19000  334.51776  67.6%   217 6646s

 125866 110875  796.48718  293  172 1032.19000  334.51776  67.6%   216 6666s

 126230 111587  337.69065   58  471 1032.19000  334.51776  67.6%   216 6689s

 126988 112068  470.52674  115  330 1032.19000  334.51776  67.6%   217 6709s

 127517 113058  522.67482  154  354 1032.19000  334.51776  67.6%   217 6731s

 128641 113366  759.62974  332  257 1032.19000  334.51776  67.6%   217 6749s

 128984 114014  982.67204  440  229 1032.19000  334.51776  67.6%   217 6771s

 129792 114271  487.47029  120  321 1032.19000  334.67975  67.6%   217 6789s

 130098 115057  338.79118   73  454 1032.19000  334.67975  67.6%   217 6811s

 130997 115618  431.36417  101  281 1032.19000  334.67975  67.6%   217 6830s

 131558 116909  466.18021  139  349 1032.19000  334.67975  67.6%   217 6853s

 132899 117494  757.47006  297  277 1032.19000  334.67975  67.6%   216 6887s

 133556 118513  412.61223  113  211 1032.19000  334.67975  67.6%   215 6923s

 134643 118908  397.24738   93  382 1032.19000  334.69498  67.6%   215 6949s

 135052 121300  460.69470  117  409 1032.19000  334.69498  67.6%   216 6986s

 137653 122716  421.51014  160  300 1032.19000  334.70756  67.6%   214 7007s

 139100 123341  566.74296  285  229 1032.19000  334.70756  67.6%   213 7025s

 139741 123767  861.91405  390  263 1032.19000  334.70756  67.6%   213 7040s

 140207 125166  376.45062   90  384 1032.19000  334.70756  67.6%   212 7059s

 141741 125869 infeasible  207      1032.19000  334.70756  67.6%   211 7078s

 142570 126120  445.39449   93  319 1032.19000  334.71930  67.6%   211 7093s

 142831 126128  698.29614  123  231 1032.19000  334.71930  67.6%   211 7120s

 142839 126136  703.19717  124  229 1032.19000  334.71930  67.6%   211 7137s

 142847 126144  703.43704  125  233 1032.19000  334.71930  67.6%   211 7163s

 142855 126152  709.65960  126  197 1032.19000  334.71930  67.6%   211 7179s

 142863 126160  712.49884  127  230 1032.19000  334.71930  67.6%   211 7197s

 142871 126168  712.94326  128  230 1032.19000  334.71930  67.6%   211 7216s

 142879 126186  716.39826  129  232 1032.19000  334.71930  67.6%   211 7235s

 142918 126286  743.78829  130  211 1032.19000  334.71930  67.6%   212 7252s

 143022 126368  917.35181  173  142 1032.19000  334.71930  67.6%   212 7269s

 143123 126475  365.21364   76  426 1032.19000  334.71930  67.6%   212 7291s

 143230 126636  408.40574  103  319 1032.19000  334.71930  67.6%   212 7307s

 143405 126812  469.28365  143  263 1032.19000  334.71930  67.6%   212 7325s

 143625 126969  495.23531  153  290 1032.19000  334.71930  67.6%   212 7342s

 143792 127177  577.39986  212  264 1032.19000  334.71930  67.6%   212 7366s

 144002 127433  853.83486  278  229 1032.19000  334.71930  67.6%   212 7384s

 144304 128094  377.10589   91  377 1032.19000  334.71930  67.6%   212 7405s

 144990 128233  400.81883  109  259 1032.19000  334.71930  67.6%   212 7427s

 145165 128465  450.23733  128  238 1032.19000  334.71930  67.6%   212 7447s

 145459 128851  526.15323  152  213 1032.19000  334.72489  67.6%   212 7469s

 145904 130203  709.76929  175  173 1032.19000  334.72489  67.6%   213 7493s

 147351 130579  374.87106   79  387 1032.19000  334.72489  67.6%   212 7531s

 147794 132679  392.30326  105  297 1032.19000  334.72489  67.6%   212 7582s

 150143 132987  387.30164   73  287 1032.19000  334.80379  67.6%   211 7603s

 150510 134144  448.86069  116  234 1032.19000  334.80379  67.6%   211 7634s

 151751 134398  361.60651   73  286 1032.19000  334.80379  67.6%   211 7656s

 152035 135319  510.92140  114  288 1032.19000  334.80677  67.6%   211 7680s

 153037 135651  636.00334  157  208 1032.19000  334.80767  67.6%   211 7703s

 153435 136194  362.39958   61  445 1032.19000  334.80767  67.6%   211 7728s

 154065 136767  423.70783   84  293 1032.19000  334.80767  67.6%   212 7754s

 154759 137084  342.72745   50  509 1032.19000  334.85632  67.6%   212 7777s

 155119 138042  392.87709   78  285 1032.19000  334.85632  67.6%   213 7804s

 156357 138253  448.25518   85  221 1032.19000  334.90110  67.6%   213 7827s

 156621 139073  339.63419   73  375 1032.19000  334.90110  67.6%   213 7852s

 157645 139706  589.08682  194  292 1032.19000  334.90110  67.6%   213 7875s

 158389 141270  353.32621   78  434 1032.19000  334.90110  67.6%   213 7905s

 160067 142185  378.13331   85  541 1032.19000  334.90110  67.6%   212 7930s

 161040 142519  916.59799  225  170 1032.19000  334.90110  67.6%   212 7954s

 161435 142821  923.60982  226  176 1032.19000  334.93150  67.6%   212 7975s

 161802 144267  366.22482   68  360 1032.19000  334.93150  67.6%   212 8013s

 163421 144561  938.95022  416  215 1032.19000  334.98826  67.5%   212 8028s

 163755 145729  361.99952  104  265 1032.19000  334.98826  67.5%   212 8048s

 164997 146105  813.13062  230  283 1032.19000  334.98826  67.5%   211 8064s

 165465 146625  359.20274   65  264 1032.19000  335.11442  67.5%   211 8081s

 166021 146914  620.08618  150  200 1032.19000  335.11442  67.5%   211 8098s

 166376 147730  353.93671   55  316 1032.19000  335.12941  67.5%   211 8119s

 167304 148275  398.55358   78  443 1032.19000  335.13184  67.5%   211 8139s

 168009 148412  455.51013  107  236 1032.19000  335.16730  67.5%   211 8156s

 168158 149389  646.25680  133  205 1032.19000  335.16730  67.5%   211 8177s

 169183 149867  439.65311  136  257 1032.19000  335.16730  67.5%   211 8195s

 169731 151212  613.99900  243  266 1032.19000  335.16730  67.5%   211 8217s

 171160 152170  420.27571   80  329 1032.19000  335.16730  67.5%   210 8237s

 172251 152379  354.22368   87  457 1032.19000  335.26165  67.5%   210 8254s

 172488 152720  366.63729   99  390 1032.19000  335.26165  67.5%   210 8272s

 172904 152921  341.54822   61  395 1032.19000  335.26165  67.5%   210 8287s

 173107 153923  399.45936   82  326 1032.19000  335.26165  67.5%   210 8307s

 174244 155100  815.53461  220  212 1032.19000  335.26165  67.5%   210 8329s

 175108 155100  437.80026  115  268 1032.19000  335.26165  67.5%   209 8330s

 175485 155429  473.32439  120  244 1032.19000  335.26165  67.5%   209 8345s

 175853 155952 infeasible  193      1032.19000  335.26165  67.5%   209 8364s

 176177 155952  534.86625  162  154 1032.19000  335.26165  67.5%   209 8365s

 176463 157009  451.87414   96  268 1032.19000  335.26814  67.5%   209 8407s

 177619 157250  481.19534  109  252 1032.19000  335.32939  67.5%   209 8427s

 177901 157506  522.28226  132  178 1032.19000  335.32939  67.5%   209 8524s

 178157 157513  565.97493  158  163 1032.19000  335.32939  67.5%   209 8560s

 178166 157521  566.86235  159  184 1032.19000  335.32939  67.5%   209 8590s

 178174 157528  656.48598  156  182 1032.19000  335.32939  67.5%   209 8624s

 178183 157536  566.96292  160  192 1032.19000  335.32939  67.5%   209 8656s

 178191 157907  567.39802  161  163 1032.19000  335.32939  67.5%   209 8692s

H178376 157903                    1031.6000000  335.32939  67.5%   209 8692s

 178582 158531  944.76495  301  135 1031.60000  335.32939  67.5%   209 8725s

 179292 159230  458.02585  114  292 1031.60000  335.32939  67.5%   209 8759s

 180067 160729  498.40172   96  208 1031.60000  335.32939  67.5%   209 8802s

 181755 161119  365.40802   69  343 1031.60000  335.32939  67.5%   208 8829s

 182196 163056  430.42835   95  169 1031.60000  335.32939  67.5%   209 8867s

 184333 164112  358.46992   61  372 1031.60000  335.41051  67.5%   208 8894s

 185486 164423  760.21171  211  225 1031.60000  335.41051  67.5%   208 8917s

 185828 165658  343.65267   65  453 1031.60000  335.41051  67.5%   208 8946s

 187283 166043  339.64438   63  407 1031.60000  335.41051  67.5%   207 8968s

 187712 167222  460.65511   79  358 1031.60000  335.53813  67.5%   208 8996s

 189018 167441  348.39596   63  270 1031.60000  335.53813  67.5%   208 9017s

 189271 168331  378.15444   78  187 1031.60000  335.53813  67.5%   208 9041s

 190218 169410  647.41214  149  177 1031.60000  335.55164  67.5%   208 9067s

 191560 170028  477.19491  120  221 1031.60000  335.55164  67.5%   208 9104s

 192285 171897  627.21258  166  226 1031.60000  335.56618  67.5%   208 9143s

 194295 172237  342.26725   84  464 1031.60000  335.56618  67.5%   207 9164s

 194667 173274  349.82370   90  334 1031.60000  335.56618  67.5%   207 9186s

 195792 173439  388.54618  111  278 1031.60000  335.56618  67.5%   207 9205s

 195982 174042  394.10553  114  287 1031.60000  335.56618  67.5%   207 9226s

 196707 174330  534.06693  151  227 1031.60000  335.56618  67.5%   207 9245s

 197028 175485  609.63684  168  212 1031.60000  335.56618  67.5%   207 9269s

 197586 175485  428.83262  119  254 1031.60000  335.56618  67.5%   207 9270s

 198283 176111 infeasible  267      1031.60000  335.56618  67.5%   207 9292s

 199007 176480  381.12109   91  414 1031.60000  335.56618  67.5%   207 9312s

 199426 178041  413.57432  114  368 1031.60000  335.56618  67.5%   207 9340s

 201044 178441  809.10708  484  198 1031.60000  335.56618  67.5%   206 9358s

 201515 178944  378.58667   77  415 1031.60000  335.56618  67.5%   206 9378s

 202075 179139  398.70289  113  291 1031.60000  335.56618  67.5%   206 9397s

 202295 179956  414.95412  123  347 1031.60000  335.56618  67.5%   206 9418s

 203119 180548  511.91351  193  194 1031.60000  335.56618  67.5%   206 9442s

 203824 180859  342.23966   55  449 1031.60000  335.70657  67.5%   206 9463s

 204196 181937  365.28079   70  399 1031.60000  335.70657  67.5%   206 9488s

 205381 182182  449.01744  132  303 1031.60000  335.70657  67.5%   206 9510s

 205718 183132  495.75564  162  289 1031.60000  335.70657  67.5%   206 9534s

 206711 183935  665.95467  372  283 1031.60000  335.70657  67.5%   206 9576s

 207625 184203  385.57172   77  272 1031.60000  335.70657  67.5%   206 9600s

 207921 184977  596.74304  139  259 1031.60000  335.70657  67.5%   206 9632s

 208780 186611  392.81288  100  250 1031.60000  335.81068  67.4%   206 9673s

 210626 187256  343.05104   68  402 1031.60000  335.84527  67.4%   206 9699s

 211370 187899  381.55515   78  295 1031.60000  335.84773  67.4%   206 9723s

 212032 188760  783.67133  191  147 1031.60000  335.84773  67.4%   206 9751s

 213028 189812  403.59011   97  297 1031.60000  335.87655  67.4%   206 9778s

 214146 190138  580.11932  164  218 1031.60000  335.87655  67.4%   206 9800s

 214509 191153  627.02372  166  166 1031.60000  335.87655  67.4%   206 9827s

 215718 191590  415.73131   66  406 1031.60000  335.90865  67.4%   206 9849s

 216236 192527  566.10060   95  300 1031.60000  335.90865  67.4%   206 9876s

 217275 192885  366.98532   68  477 1031.60000  335.90865  67.4%   206 9900s

 217701 193539  413.82295   92  417 1031.60000  335.90865  67.4%   206 9927s

 218455 193667  518.69172  146  284 1031.60000  335.90865  67.4%   206 9949s

 218599 194117  521.52015  150  285 1031.60000  335.90865  67.4%   206 9973s

 219132 195372  351.37773   65  371 1031.60000  335.90865  67.4%   206 10001s

 220480 196881  579.38664  261  283 1031.60000  335.90865  67.4%   206 10031s

 222157 197267  394.95487  110  318 1031.60000  336.03242  67.4%   206 10062s

 222579 199649  991.68538  196  233 1031.60000  336.03242  67.4%   206 10123s

 225245 200005  767.98333  148  260 1031.60000  336.03242  67.4%   206 10143s

 225655 201300  347.98555   74  317 1031.60000  336.03242  67.4%   206 10172s

 227097 201794  969.55176  221  177 1031.60000  336.03242  67.4%   205 10192s

 227620 202042  415.95466  107  237 1031.60000  336.03242  67.4%   205 10212s

 227929 202564  655.26304  175  273 1031.60000  336.08230  67.4%   205 10234s

 228606 202869  467.60053   99  304 1031.60000  336.08230  67.4%   206 10257s

 228949 204016  468.43903  100  306 1031.60000  336.08230  67.4%   206 10282s

 230220 204262  963.07772  155  249 1031.60000  336.08230  67.4%   206 10301s

 230528 204882  401.60168   94  235 1031.60000  336.08230  67.4%   206 10325s

 231288 204890  410.29562   83  303 1031.60000  336.17188  67.4%   206 10345s

 231296 204932  439.96116   84  300 1031.60000  336.17188  67.4%   206 10364s

 231362 205202  455.77161   94  272 1031.60000  336.17188  67.4%   206 10384s

 231655 206132  783.54108  137  175 1031.60000  336.17188  67.4%   206 10410s

 232708 206547  561.44583  219  255 1031.60000  336.19408  67.4%   206 10432s

 233137 207762  358.70524   79  296 1031.60000  336.19408  67.4%   206 10458s

 234471 208238     cutoff  290      1031.60000  336.19408  67.4%   206 10486s

 235079 208408  462.12886  101  270 1031.60000  336.19408  67.4%   206 10508s

 235293 208623  380.96234  101  279 1031.60000  336.19408  67.4%   206 10529s

 235534 209476  562.48410  142  237 1031.60000  336.19408  67.4%   206 10555s

 236558 210091  404.27354  109  378 1031.60000  336.19408  67.4%   206 10577s

 237203 211562  559.50955  216  311 1031.60000  336.19408  67.4%   206 10618s

 238812 211879  403.49825  113  242 1031.60000  336.29824  67.4%   206 10634s

 239168 212657  499.91236  160  231 1031.60000  336.29824  67.4%   206 10654s

 240003 213592  378.88158   80  405 1031.60000  336.29824  67.4%   206 10674s

 241008 213879  862.91995  256  236 1031.60000  336.29824  67.4%   206 10692s

 241322 214510  364.44703   77  323 1031.60000  336.29824  67.4%   206 10711s

 242045 215280  450.83733  119  229 1031.60000  336.29824  67.4%   206 10732s

 242877 215545  538.14557   87  400 1031.60000  336.38818  67.4%   206 10750s

 243182 216373  366.50092   75  329 1031.60000  336.38845  67.4%   206 10773s

 244080 217180  343.36893   69  474 1031.60000  336.38845  67.4%   206 10797s

 244950 217539  396.14365   85  492 1031.60000  336.38845  67.4%   206 10816s

 245351 218193  437.17606  100  369 1031.60000  336.38845  67.4%   206 10842s

 246037 218568  517.47015  133  443 1031.60000  336.38845  67.4%   206 10862s

 246432 219242  702.34950  241  291 1031.60000  336.38845  67.4%   206 10883s

 247180 219861  825.04759  317  262 1031.60000  336.38845  67.4%   206 10908s

 247898 220333  353.93713   78  337 1031.60000  336.38845  67.4%   205 10930s

 248402 221109  421.40623  129  245 1031.60000  336.38845  67.4%   206 10953s

 249221 222227  548.43244  233  169 1031.60000  336.38845  67.4%   206 10979s

 250444 222489  399.17905  113  335 1031.60000  336.38845  67.4%   205 10999s

 250725 223692  580.49159  140  330 1031.60000  336.38845  67.4%   205 11027s

 252112 224111  363.19795   68  383 1031.60000  336.48708  67.4%   205 11060s

 252545 226443  481.60503  108  198 1031.60000  336.48708  67.4%   205 11120s

 255130 227071  655.27624  223  127 1031.60000  336.50524  67.4%   205 11145s

 255828 227413  342.23053   68  424 1031.60000  336.50524  67.4%   205 11167s

 256261 228472  357.77212   88  362 1031.60000  336.50524  67.4%   205 11193s

 257482 228729  372.88832   64  330 1031.60000  336.50524  67.4%   205 11213s

 257785 229582  414.48373   85  220 1031.60000  336.50524  67.4%   205 11240s

 258769 230084  375.71768   90  358 1031.60000  336.50524  67.4%   205 11262s

 259338 230405  378.74416   73  262 1031.60000  336.50524  67.4%   205 11283s

 259714 231287  646.10805  119  238 1031.60000  336.50524  67.4%   205 11308s

 260685 232175  392.37504  110  374 1031.60000  336.54055  67.4%   205 11335s

 261653 232416  339.21644   71  502 1031.60000  336.55605  67.4%   205 11355s

 261925 232978 infeasible   77      1031.60000  336.57900  67.4%   205 11380s

 262667 233162  343.88919   67  332 1031.60000  336.58977  67.4%   205 11402s

 262929 234018  450.30701   76  340 1031.60000  336.58977  67.4%   206 11427s

 263849 234318  365.24788   74  501 1031.60000  336.58977  67.4%   206 11450s

 264166 235602  383.03570   92  402 1031.60000  336.58977  67.4%   206 11477s

 265597 236433  945.40534  244  177 1031.60000  336.62690  67.4%   205 11503s

 266577 237044  534.01786  150  237 1031.60000  336.63005  67.4%   205 11540s

 267205 238757  907.10092  236  263 1031.60000  336.63005  67.4%   205 11583s

 269090 239217  769.79242  244  250 1031.60000  336.65138  67.4%   205 11602s

 269586 240445  378.23969   65  256 1031.60000  336.65138  67.4%   205 11629s

 270187 240445  558.62286   85  239 1031.60000  336.65138  67.4%   205 11630s

 270910 241133  733.48551  194  258 1031.60000  336.65138  67.4%   205 11654s

 271668 241799  446.00138   96  280 1031.60000  336.66265  67.4%   205 11677s

 272416 242315  691.38834  167  229 1031.60000  336.66265  67.4%   205 11699s

 272962 242961  353.19129   63  526 1031.60000  336.66265  67.4%   205 11722s

 273634 243836  364.35435   78  441 1031.60000  336.66265  67.4%   204 11746s

 274644 244090  412.81475  132  318 1031.60000  336.66547  67.4%   204 11766s

 274910 244866  463.59726  161  203 1031.60000  336.66547  67.4%   204 11790s

 275715 245720  696.73061  325  201 1031.60000  336.66547  67.4%   204 11817s

 276673 246191  402.80924  123  275 1031.60000  336.66547  67.4%   204 11841s

 277230 246527  736.08029  181  247 1031.60000  336.66547  67.4%   204 11863s

 277584 247623 infeasible  200      1031.60000  336.74247  67.4%   204 11890s

 278756 248479  399.93215  130  502 1031.60000  336.74247  67.4%   204 11915s

 279702 248903  537.83030  252  231 1031.60000  336.74868  67.4%   204 11936s

 280160 249956  650.27425  362  243 1031.60000  336.74868  67.4%   204 11966s

 281343 250643  343.84518   62  473 1031.60000  336.74868  67.4%   204 12003s

 282215 250959 infeasible   83      1031.60000  336.74868  67.4%   204 12031s

 282568 251670  720.14777  106  233 1031.60000  336.80304  67.4%   204 12067s

 283408 252457  354.90827   92  288 1031.60000  336.81353  67.4%   204 12103s

 284257 253079  559.05968  195  260 1031.60000  336.81353  67.4%   205 12137s

 284949 254533  870.04906  321  242 1031.60000  336.81353  67.4%   205 12179s

 286595 254927  377.17914  107  282 1031.60000  336.84049  67.3%   204 12209s

H286746 254925                    1030.9600000  336.84049  67.3%   204 12209s

 287039 255813  465.04044  157  291 1030.96000  336.84049  67.3%   204 12242s

 288020 256474  842.06154  284  273 1030.96000  336.84049  67.3%   204 12274s

 288836 256705  963.97188  326  178 1030.96000  336.87322  67.3%   204 12298s

 289085 257825  371.59524   88  303 1030.96000  336.87322  67.3%   205 12331s

 290310 258944 infeasible  133      1030.96000  336.87322  67.3%   205 12365s

 291595 259230  401.96426   91  325 1030.96000  336.90182  67.3%   205 12393s

 291906 260199  464.20633  108  312 1030.96000  336.90182  67.3%   205 12430s

 293004 261011  889.41758  230  191 1030.96000  336.90182  67.3%   205 12462s

 293906 261230  890.80345  231  204 1030.96000  336.90182  67.3%   205 12488s

 294238 262195  341.68362   75  531 1030.96000  336.95892  67.3%   205 12518s

 295354 263163  349.82850   67  369 1030.96000  336.99194  67.3%   205 12551s

 296485 263542  346.41896   62  565 1030.96000  336.99194  67.3%   205 12586s

 296931 265325  477.01364   87  326 1030.96000  336.99194  67.3%   205 12645s

 299039 265678  591.65592  179  204 1030.96000  337.02666  67.3%   205 12670s

 299469 266781  392.11481   78  352 1030.96000  337.03116  67.3%   205 12704s

 300748 267795  507.17365   99  338 1030.96000  337.05323  67.3%   205 12733s

 301865 268121  439.12492  114  256 1030.96000  337.05323  67.3%   205 12756s

 302217 268879  598.50562  202  219 1030.96000  337.05323  67.3%   205 12785s

 303003 269894  351.79503   65  391 1030.96000  337.05571  67.3%   205 12815s

 304166 270540  340.35624   80  326 1030.96000  337.05701  67.3%   205 12839s

 304857 271668  430.31767  139  340 1030.96000  337.05701  67.3%   205 12868s

 306113 272075  371.72681   69  401 1030.96000  337.05701  67.3%   204 12891s

 306584 272593  712.83375  141  297 1030.96000  337.05701  67.3%   205 12914s

 307199 273083  681.68910  162  203 1030.96000  337.05701  67.3%   205 12940s

 307914 273343  389.99834   76  360 1030.96000  337.05701  67.3%   205 12960s

 308176 274064  466.75781  108  268 1030.96000  337.08160  67.3%   205 12986s

 309043 274488  356.60457   78  267 1030.96000  337.10020  67.3%   205 13011s

 309521 274578 infeasible  106      1030.96000  337.10020  67.3%   206 13045s

 309653 274899  378.06747   69  356 1030.96000  337.10175  67.3%   206 13072s

 309980 275367  477.88748   84  216 1030.96000  337.10175  67.3%   206 13099s

 310494 275374  557.09063  166  285 1030.96000  337.10175  67.3%   206 13144s

 310503 275391  561.55475  167  271 1030.96000  337.10175  67.3%   206 13195s

 310520 275600  562.06229  168  269 1030.96000  337.10175  67.3%   206 13239s

 310731 276175  632.11710  206  223 1030.96000  337.10175  67.3%   206 13271s

 311412 276943  351.03524   66  279 1030.96000  337.10648  67.3%   206 13310s

 312273 277264 infeasible  246      1030.96000  337.10648  67.3%   206 13336s

 312662 278557  363.64383   65  508 1030.96000  337.10648  67.3%   206 13377s

 314168 279555  479.45124  130  297 1030.96000  337.10648  67.3%   206 13409s

 315209 279555  853.36501  151  284 1030.96000  337.12493  67.3%   206 13410s

 315251 279790  712.24223  188  270 1030.96000  337.12493  67.3%   206 13431s

 315550 280656  588.86853  190  287 1030.96000  337.12493  67.3%   206 13461s

 316526 281189  410.09743   81  389 1030.96000  337.12493  67.3%   206 13494s

 316655 281189  680.56375  256  311 1030.96000  337.12493  67.3%   206 13495s

 317197 281382 infeasible  129      1030.96000  337.12919  67.3%   206 13518s

 317414 282424  353.85449   81  296 1030.96000  337.12919  67.3%   207 13550s

 318582 282758  473.95024  146  293 1030.96000  337.12919  67.3%   207 13578s

 318968 283890  377.36411   91  278 1030.96000  337.12919  67.3%   207 13617s

 320178 284293 infeasible  215      1030.96000  337.12919  67.3%   207 13643s

 320637 285400  670.98821  243  163 1030.96000  337.12919  67.3%   207 13676s

 321854 285899  612.23683  145  220 1030.96000  337.12919  67.3%   206 13705s

 322394 286810  370.64877   85  292 1030.96000  337.12919  67.3%   206 13737s

 323389 287998  895.84836  344  238 1030.96000  337.19456  67.3%   206 13768s

 324682 288650  429.33897  113  325 1030.96000  337.22160  67.3%   206 13797s

 325391 289384  541.04048  147  330 1030.96000  337.22160  67.3%   206 13824s

 326178 290249  367.33807   69  312 1030.96000  337.22160  67.3%   206 13866s

 327266 290526  671.24076  219  267 1030.96000  337.22160  67.3%   206 13893s

 327543 291963  790.81082  305  227 1030.96000  337.22160  67.3%   206 13934s

 329108 292840  761.80002  239  189 1030.96000  337.29700  67.3%   206 13963s

 330063 293136  387.96435  105  270 1030.96000  337.29700  67.3%   206 13984s

 330379 294138  441.82729  133  310 1030.96000  337.29700  67.3%   206 14012s

 331473 294913  353.25963   69  314 1030.96000  337.29700  67.3%   206 14039s

 332334 295397  548.67181  176  271 1030.96000  337.29700  67.3%   206 14062s

 332874 296115  358.83896   57  405 1030.96000  337.29700  67.3%   206 14086s

 333654 297254  451.84958  116  308 1030.96000  337.29700  67.3%   206 14119s

 334909 297864  340.20899   57  600 1030.96000  337.29700  67.3%   205 14145s

 335519 298365  388.48906   80  313 1030.96000  337.29700  67.3%   205 14167s

 336075 299456  451.47923  107  312 1030.96000  337.29700  67.3%   205 14195s

 337210 300676  607.10071  222  256 1030.96000  337.29700  67.3%   205 14226s

 338556 301171  920.89456  440  238 1030.96000  337.34200  67.3%   205 14257s

 339146 301361  351.02020   79  329 1030.96000  337.34747  67.3%   205 14274s

 339336 302266  388.30021   92  337 1030.96000  337.34747  67.3%   205 14300s

 340330 302962  815.12707  240  174 1030.96000  337.34747  67.3%   205 14325s

 341092 303718  406.60298  101  360 1030.96000  337.34747  67.3%   205 14365s

 341910 304675  513.78488  188  282 1030.96000  337.34747  67.3%   205 14400s



Cutting planes:

  Learned: 18

  Gomory: 40

  Cover: 92

  Implied bound: 321

  Projected implied bound: 21

  Clique: 497

  MIR: 573

  Mixing: 25

  StrongCG: 59

  Flow cover: 1229

  GUB cover: 11

  Inf proof: 2

  Zero half: 1307

  RLT: 32

  Relax-and-lift: 517



Explored 342937 nodes (70203251 simplex iterations) in 14400.78 seconds (24117.31 work units)

Thread count was 16 (of 16 available processors)



Solution count 10: 1030.96 1031.6 1032.19 ... 1069.89



Time limit reached

Best objective 1.030960000000e+03, best bound 3.373474717961e+02, gap 67.2783%



AMPL MP initial flat model has 22365 variables (0 integer, 22261 binary);

Objectives: 1 quadratic; 

Constraints:  4243 linear; 13 quadratic;



AMPL MP final model has 22365 variables (0 integer, 22261 binary);

Objectives: 1 quadratic; 

Constraints:  4243 linear; 13 quadratic;





-----RESULTS INFO-----
running_time:  14407.078000000001
TC.best_bound:  337.34747179611
TC:  1030.96
MIP Gap (%):  67.27831615231337
=== Vehicle Routes ===
Vehicle 1: 0  14
Vehicle 1: 1  75
Vehicle 1: 2  1
Vehicle 1: 3  2
Vehicle 1: 8  3
Vehicle 1: 9  8
Vehicle 1: 14  44
Vehicle 1: 44  9
Vehicle 2: 0  5
Vehicle 2: 4  75
Vehicle 2: 5  18
Vehicle 2: 17  73
Vehicle 2: 18  57
Vehicle 2: 57  17
Vehicle 2: 73  4
Vehicle 3: 0  6
Vehicle 3: 6  19
Vehicle 3: 19  72
Vehicle 3: 46  48
Vehicle 3: 48  63
Vehicle 3: 63  75
Vehicle 3: 72  46
Vehicle 4: 0  7
Vehicle 4: 7  15
Vehicle 4: 10  74
Vehicle 4: 12  10
Vehicle 4: 15  20
Vehicle 4: 20  12
Vehicle 4: 74  75
Vehicle 5: 0  11
Vehicle 5: 11  66
Vehicle 5: 16  75
Vehicle 5: 66  16
Vehicle 6: 0  13
Vehicle 6: 13  68
Vehicle 6: 68  75
Vehicle 7: 0  60
Vehicle 7: 60  70
Vehicle 7: 70  75
Vehicle 8: 0  65
Vehicle 8: 65  75
Vehicle 9: 0  71
Vehicle 9: 71  75

=== Full Vehicle Routes ===
Vehicle 1: 0  14  44  9  8  3  2  1  0 (99<100)
Vehicle 2: 0  5  18  57  17  73  4  0 (100<100)
Vehicle 3: 0  6  19  72  46  48  63  0 (100<100)
Vehicle 4: 0  7  15  20  12  10  74  0 (99<100)
Vehicle 5: 0  11  66  16  0 (97<100)
Vehicle 6: 0  13  68  0 (96<100)
Vehicle 7: 0  60  70  0 (99<100)
Vehicle 8: 0  65  0 (87<100)
Vehicle 9: 0  71  0 (100<100)
Arc used by MRT line: y variables:
MRT used: 68  67
Customer assigment to PL: u variables:
21 67
22 72
23 68
24 70
25 68
26 73
27 65
28 65
29 65
30 70
31 73
32 70
33 71
34 71
35 74
36 66
37 71
38 65
39 65
40 71
41 67
42 66
43 65
45 74
47 71
49 65
50 71
51 72
52 73
53 70
54 70
55 66
56 73
58 65
59 66
61 71
62 67
64 70
Node is served by regular vehicle: g variables:
1
2
3
4
5
6
7
8
9
10
11
12
13
14
15
16
17
18
19
20
44
46
48
57
60
63
71
72
73
74
65
66
68
70
Customer assigment to Home delivery: gm variables:
1
2
3
4
5
6
7
8
9
10
11
12
13
14
15
16
17
18
19
20
44
46
48
57
60
63
Node total demands: ntd variables:
1 6 1
2 23 1
3 24 1
4 16 1
5 6 1
6 8 1
7 14 1
8 13 1
9 9 1
10 14 1
11 20 1
12 20 1
13 11 1
14 14 1
15 24 1
16 16 1
17 2 1
18 10 1
19 18 1
20 2 1
43 0 0
44 10 1
45 0 0
46 15 1
47 0 0
48 16 1
49 0 0
50 0 0
51 0 0
52 0 0
53 0 0
54 0 0
55 0 0
56 0 0
57 21 1
58 0 0
59 0 0
60 14 1
61 0 0
62 0 0
63 19 1
64 0 0
71 100 1
72 24 1
73 45 1
74 25 1
65 87 1
66 61 1
67 0 0
68 85 1
69 0 0
70 85 1
Customer's demand delivered to PL: l variables:
21
22
23
24
25
26
27
28
29
30
31
32
33
34
35
36
37
38
39
40
41
42
43
45
47
49
50
51
52
53
54
55
56
58
59
61
62
64
Lockers load <= capacity:
100 <= 100
24 <= 77
45 <= 75
25 <= 80
87 <= 100
61 <= 95
47 <= 98
38 <= 75
0 <= 72
85 <= 85
