Gurobi 12.0.0:   lim:time = 14400

  mip:bestbound = 1

Set parameter LogToConsole to value 1

  tech:outlev = 1

Set parameter Cuts to value 3

  cut:cuts = 3

Set parameter Presolve to value 2

  pre:solve = 2

Set parameter MIPFocus to value 2

  mip:focus = 2

Set parameter Symmetry to value 2

  mip:symmetry = 2

Set parameter InfUnbdInfo to value 1

Gurobi Optimizer version 12.0.0 build v12.0.0rc1 (win64 - Windows 11.0 (26100.2))



CPU model: 11th Gen Intel(R) Core(TM) i7-11700 @ 2.50GHz, instruction set [SSE2|AVX|AVX2|AVX512]

Thread count: 8 physical cores, 16 logical processors, using up to 16 threads



Non-default parameters:

TimeLimit  14400

MIPFocus  2

Symmetry  2

Cuts  3

InfUnbdInfo  1

Presolve  2



Optimize a model with 4244 rows, 22368 columns and 142481 nonzeros

Model fingerprint: 0xa4c9d3e2

Model has 6 quadratic objective terms

Model has 15 quadratic constraints

Variable types: 104 continuous, 22264 integer (0 binary)

Coefficient statistics:

  Matrix range     [1e+00, 1e+05]

  QMatrix range    [1e+00, 1e+00]

  QLMatrix range   [1e+00, 2e+01]

  Objective range  [1e+00, 1e+02]

  QObjective range [2e+00, 2e+00]

  Bounds range     [1e+00, 1e+02]

  RHS range        [1e+00, 1e+05]

  QRHS range       [1e+02, 1e+02]

Presolve removed 164 rows and 523 columns (presolve time = 5s)...

Presolve removed 164 rows and 523 columns (presolve time = 10s)...

Presolve removed 160 rows and 522 columns

Presolve time: 10.68s

Presolved: 17938 rows, 35676 columns, 175205 nonzeros

Variable types: 2656 continuous, 33020 integer (31274 binary)

Root relaxation presolve removed 5 rows and 3 columns

Root relaxation presolved: 17933 rows, 35673 columns, 384148 nonzeros



Deterministic concurrent LP optimizer: primal and dual simplex

Showing primal log only...





Root simplex log...



Iteration    Objective       Primal Inf.    Dual Inf.      Time

       0    1.5498000e+03   2.859419e+02   5.843668e+09     22s

Concurrent spin time: 0.07s



Solved with dual simplex



Root simplex log...



Iteration    Objective       Primal Inf.    Dual Inf.      Time

    1371    2.2094327e+02   0.000000e+00   0.000000e+00     22s



Root relaxation: objective 2.209433e+02, 1371 iterations, 0.60 seconds (0.56 work units)

Total elapsed time = 24.96s (DegenMoves)

Total elapsed time = 25.15s (DegenMoves)



    Nodes    |    Current Node    |     Objective Bounds      |     Work

 Expl Unexpl |  Obj  Depth IntInf | Incumbent    BestBd   Gap | It/Node Time



     0     0  220.94327    0  303          -  220.94327      -     -   25s

     0     0  266.72801    0  209          -  266.72801      -     -   31s

     0     0  274.29910    0  237          -  274.29910      -     -   32s

     0     0  274.29910    0  220          -  274.29910      -     -   32s

     0     0  274.29910    0  237          -  274.29910      -     -   37s

     0     0  277.74887    0  242          -  277.74887      -     -   38s

     0     0  278.04378    0  215          -  278.04378      -     -   39s

     0     0  286.76617    0  201          -  286.76617      -     -   44s

     0     0  292.46773    0  224          -  292.46773      -     -   44s

     0     0  292.52179    0  204          -  292.52179      -     -   45s

     0     0  298.78702    0  216          -  298.78702      -     -   50s

     0     0  299.97000    0  198          -  299.97000      -     -   51s

     0     0  300.14582    0  217          -  300.14582      -     -   51s

     0     0  301.04001    0  214          -  301.04001      -     -   55s

     0     0  301.07000    0  230          -  301.07000      -     -   56s

     0     0  301.07000    0  206          -  301.07000      -     -   59s

     0     0  301.07000    0  238          -  301.07000      -     -   59s

     0     0  301.07000    0  176          -  301.07000      -     -   62s

     0     0  301.07000    0  194          -  301.07000      -     -   62s

     0     0  301.07000    0  247          -  301.07000      -     -   64s

     0     0  301.07000    0  247          -  301.07000      -     -   65s

     0     2  301.08716    0  247          -  301.08716      -     -   70s

    23    45  301.08716    5  189          -  301.08716      -   517   75s

    87   109  301.41253   11  288          -  301.08716      -   417   80s

   179   209  301.65706   15  286          -  301.08716      -   281   85s

   347   374  302.06931   27  291          -  301.08716      -   209   90s

   555   597  315.48514   40  281          -  301.08716      -   180   95s

   822   881  310.85663   62  250          -  301.08716      -   151  100s

  1108  1144  330.50050  101  234          -  301.08716      -   131  106s

  1349  1359  357.68973  124  204          -  301.08716      -   122  110s

  1621  1610  403.71846  169  237          -  301.08716      -   121  116s

  1749  1699  425.26783  208  256          -  301.08716      -   122  120s

  1900  1853  302.18351   11  266          -  301.08716      -   128  126s

  2003  1922  303.23158   17  249          -  301.08716      -   130  133s

  2039  1953  303.56249   24  243          -  301.08716      -   131  135s

  2105  2036  309.71006   28  362          -  301.08716      -   135  140s

  2194  2108  307.30716   33  212          -  301.08716      -   137  145s

  2336  2330  314.64160   60  208          -  301.08716      -   140  152s

  2580  2590  362.44854   94  181          -  301.08716      -   136  157s

  2719  2770  356.99907  108  185          -  301.08716      -   135  160s

  3085  2928  308.12422   37 8969          -  301.08716      -   132  177s

  3087  2929  326.86128   78  273          -  301.08716      -   132  185s

  3088  2930  344.11322  118  242          -  301.08716      -   132  190s

  3090  2931  604.00581  193  265          -  301.08716      -   131  202s

  3091  2932  308.12422   37  264          -  301.09460      -   131  209s

  3092  2933  330.53226  265  199          -  301.62311      -   131  217s

  3093  2933  427.27886   89  313          -  302.94521      -   131  242s

  3094  2934  308.29447   32  299          -  306.16060      -   131  251s

  3095  2935  334.88500  217  332          -  306.74258      -   131  259s

  3096  2935  345.90341   55  259          -  307.34410      -   131  269s

  3097  2936  307.34410   13  317          -  307.34410      -   131  277s

  3098  2937  308.87163   87  285          -  307.42829      -   131  300s

  3099  2937  321.13626    7  323          -  307.43321      -   131  325s

  3100  2938  576.15602  174  232          -  307.44805      -   131  335s

  3101  2939  414.53004  174  253          -  307.44863      -   131  346s

  3102  2939  325.67775   21  328          -  307.62636      -   131  359s

  3103  2940  322.37110   22  458          -  307.83894      -   131  395s

  3104  2941  307.89733   30  427          -  307.89733      -   131  430s

  3105  2941  308.10504   12  404          -  308.10504      -   131  440s

  3106  2942  376.24509   95  434          -  308.29217      -   131  453s

  3107  2943  332.65500   59  442          -  308.38442      -   131  488s

  3108  2943  439.90291  207  358          -  308.64641      -   131  500s

  3109  2944  502.05363  237  436          -  308.64641      -   131  505s

  3110  2945  325.06074  189  418          -  308.75419      -   131  511s

  3111  2945  325.06074  186  414          -  308.75419      -   131  515s

  3112  2946  323.48985   65  350          -  308.82154      -   131  523s

  3113  2947  361.35229  138  336          -  308.82154      -   130  546s

  3114  2947  308.92450   65  399          -  308.92450      -   130  573s

  3115  2948  432.80454  191  424          -  308.92450      -   130  593s

  3116  2949  352.01773  117  395          -  308.92450      -   130  598s

  3117  2949  365.68341   94  417          -  308.92450      -   130  601s

  3118  2950  325.10771  194  322          -  308.96255      -   130  608s

  3119  2951  350.24528   87  358          -  308.96788      -   130  611s

  3120  2951  309.45072   44  315          -  309.45072      -   130  617s

  3121  2952  376.36407   68  442          -  309.56710      -   130  620s

  3123  2953  327.88577  214  447          -  309.67564      -   130  648s

  3124  2954  330.19070   25  435          -  309.83149      -   130  654s

  3125  2955  431.39495  187  423          -  309.83149      -   130  677s

  3126  2955  477.15343  123  425          -  309.88538      -   130  712s

  3127  2956  309.90083   37  376          -  309.90083      -   130  738s

  3128  2957  395.30980  126  453          -  309.97490      -   130  762s

  3129  2957  320.16723    4  466          -  310.00510      -   130  770s

  3130  2958  397.63498   87  418          -  310.09292      -   130  797s

  3131  2959  404.32749  174  452          -  310.14952      -   130  822s

  3132  2959  329.93500  255  397          -  310.19351      -   130  842s

  3133  2960  342.21801  112  402          -  310.20197      -   130  871s

  3134  2961  665.11144   66  500          -  310.24167      -   130  901s

  3135  2961  310.24289   33  488          -  310.24289      -   130  929s

  3136  2962  322.29004  122  438          -  310.25087      -   130  959s

  3137  2963  337.02637   87  443          -  310.25087      -   129  987s

  3138  2963  327.42226  230  442          -  310.27216      -   129  993s

  3139  2964  310.27637   19  438          -  310.27637      -   129 1019s

  3140  2965  329.50416   18  466          -  310.28792      -   129 1024s

  3141  2965  439.28078  211  507          -  310.28998      -   129 1027s

  3142  2966  316.45500   58  409          -  310.31161      -   129 1047s

  3143  2967  408.51128  115  481          -  310.31161      -   129 1071s

  3144  2967  354.78779   65  460          -  310.31161      -   129 1075s

  3146  2969  329.66489   23  460          -  310.32831      -   129 1105s

  3147  2969  331.43773   58  468          -  310.32831      -   129 1137s

  3148  2970  330.41187   60  462          -  310.44677      -   129 1141s

  3150  2971  343.39460  104  438          -  310.44677      -   129 1158s

  3151  2972  472.23881  222  463          -  310.44677      -   129 1185s

  3152  2973  369.09865   36  414          -  310.44677      -   129 1201s

  3153  2973  327.32511  218  447          -  310.44677      -   129 1222s

  3154  2974  395.46898  133  434          -  310.44677      -   129 1245s

  3156  2975  417.32925  122  466          -  310.44677      -   129 1250s

  3157  2976  322.93104  141  440          -  310.44677      -   129 1268s

  3158  2977  328.82022   51  463          -  310.44677      -   129 1270s

  3160  2978  329.55412   21  429          -  310.46456      -   129 1299s

  3161  2979  394.84460   67  467          -  310.46456      -   129 1323s

  3162  2979  360.99200   38  435          -  310.46456      -   128 1326s

  3164  2981  342.84544  103  477          -  310.46456      -   128 1331s

  3165  2981  849.46637   88  465          -  310.46456      -   128 1355s

  3167  2983  319.39321   46  487          -  310.46512      -   128 1360s

  3168  2983  368.45072  129  489          -  310.47131      -   128 1379s

  3169  2984  318.29583   21  464          -  310.47131      -   128 1380s

  3171  2985  331.53424   42  498          -  310.47132      -   128 1386s

  3173  2987  344.78003   38  534          -  310.47184      -   128 1408s

  3174  2987  324.40466   70  512          -  310.47184      -   128 1411s

  3175  2988  364.34523   46  495          -  310.47184      -   128 1432s

  3176  2989  429.02730   93  488          -  310.47237      -   128 1459s

  3177  2989  310.47237   43  484          -  310.47237      -   128 1460s

  3178  2990  310.47237   36  477          -  310.47237      -   128 1488s

  3181  2993  329.90543   45 8969          -  310.47237      -   173 1504s

  3183  2994  347.50871   42  254          -  310.47237      -   173 1512s

  3184  2995  360.12324   20  328          -  310.47237      -   173 1519s

  3185  2996  310.76950   37  369          -  310.76950      -   173 1526s

  3186  2996  352.48905  124  364          -  310.76950      -   173 1542s

  3187  2997  326.86128   78  382          -  310.76969      -   173 1584s

  3188  2998  344.11322  118  436          -  310.76969      -   173 1600s

  3189  2998  489.05490  230  400          -  310.76969      -   173 1615s

  3190  2999  604.00581  193  428          -  311.30800      -   173 1630s

  3191  3000  311.31532   37  444          -  311.31532      -   173 1670s

  3192  3000  330.53226  265  459          -  311.31532      -   173 1685s

  3193  3001  427.27886   89  484          -  311.31532      -   173 1700s

  3194  3002  311.51692   32  452          -  311.51692      -   173 1740s

  3195  3002  334.88500  217  470          -  311.51692      -   172 1755s

  3196  3003  345.90341   55  485          -  311.51692      -   172 1772s

  3197  3004  311.52445   13  514          -  311.52445      -   172 1809s

  3198  3004  311.53786   87  457          -  311.53786      -   172 1823s

  3199  3005  321.13626    7  525          -  311.53786      -   172 1833s

  3200  3006  576.15602  174  469          -  311.53786      -   172 1846s

  3201  3006  414.53004  174  487          -  312.18681      -   172 1870s

  3202  3007  325.67775   21  461          -  312.18681      -   172 1903s

  3203  3008  322.37110   22  416          -  312.18681      -   172 1914s

  3204  3008  312.18681   30  447          -  312.18681      -   172 1947s

  3205  3009  312.18681   12  458          -  312.18681      -   172 1961s

  3206  3010  376.24509   95  425          -  312.18790      -   172 1994s

  3207  3010  332.65500   59  446          -  312.18790      -   172 2007s

  3208  3011  439.90291  207  436          -  312.35660      -   172 2042s

  3209  3012  502.05363  237  436          -  312.35660      -   172 2065s

  3210  3012  325.06074  189  466          -  312.35996      -   172 2082s

  3211  3013  325.06074  186  470          -  312.35996      -   172 2093s

  3212  3014  323.48985   65  529          -  312.46523      -   172 2127s

  3213  3014  361.35229  138  500          -  312.46523      -   171 2163s

  3214  3015  312.47079   65  466          -  312.47079      -   171 2196s

  3215  3016  432.80454  191  466          -  312.47122      -   171 2207s

  3216  3016  352.01773  117  412          -  312.47122      -   171 2217s

  3217  3017  365.68341   94  446          -  312.47122      -   171 2227s

  3218  3018  325.10771  194  418          -  312.47122      -   171 2249s

  3219  3018  350.24528   87  448          -  312.47122      -   171 2260s

  3220  3019  312.49080   44  448          -  312.49080      -   171 2302s

  3221  3020  376.36407   68  491          -  312.49605      -   171 2314s

  3222  3020  425.66144  209  466          -  312.49667      -   171 2358s

  3223  3021  327.88577  214  478          -  312.59079      -   171 2399s

  3224  3022  330.19070   25  458          -  312.59079      -   171 2415s

  3225  3022  431.39495  187  523          -  312.59176      -   171 2459s

  3226  3023  477.15343  123  467          -  312.62758      -   171 2507s

  3227  3024  312.62758   37  458          -  312.62758      -   171 2520s

  3228  3024  395.30980  126  426          -  312.63073      -   171 2531s

  3229  3025  320.16723    4  440          -  312.63073      -   171 2541s

  3230  3026  397.63498   87  401          -  312.64282      -   171 2574s

  3231  3026  404.32749  174  433          -  312.64282      -   171 2595s

  3232  3027  329.93500  255  397          -  312.64435      -   170 2605s

  3233  3028  342.21801  112  438          -  312.64932      -   170 2644s

  3234  3028  665.11144   66  442          -  312.65648      -   170 2682s

  3235  3029  312.65648   33  425          -  312.65648      -   170 2696s

  3236  3030  322.29004  122  403          -  312.67572      -   170 2736s

  3237  3030  337.02637   87  487          -  312.67572      -   170 2750s

  3238  3031  327.42226  230  471          -  312.76227      -   170 2786s

  3239  3032  312.76552   19  487          -  312.76552      -   170 2836s

  3240  3032  329.50416   18  488          -  312.77944      -   170 2876s

  3241  3033  439.28078  211  519          -  312.77987      -   170 2912s

  3242  3034  316.45500   58  443          -  312.79073      -   170 2919s

  3243  3034  408.51128  115  391          -  312.79073      -   170 2922s

  3244  3035  354.78779   65  505          -  312.79073      -   170 2927s

  3245  3036  534.73509  144  522          -  312.79073      -   170 2930s

  3246  3036  329.66489   23  471          -  312.80813      -   170 2962s

  3247  3037  331.43773   58  453          -  312.80813      -   170 2983s

  3248  3038  330.41187   60  449          -  312.80813      -   170 2989s

  3249  3038  373.23595   58  450          -  312.83054      -   170 2993s

  3250  3039  343.39460  104  459          -  312.83054      -   170 3034s

  3251  3040  472.23881  222  464          -  312.83316      -   169 3041s

  3252  3040  369.09865   36  463          -  312.83316      -   169 3047s

  3253  3041  327.32511  218  524          -  312.83316      -   169 3050s

  3254  3042  395.46898  133  445          -  312.83316      -   169 3055s

  3256  3043  417.32925  122  618          -  312.83316      -   169 3064s

  3257  3044  322.93104  141  613          -  312.83316      -   169 3069s

  3258  3044  328.82022   51  563          -  312.83316      -   169 3077s

  3259  3045  312.84978   14  540          -  312.84978      -   169 3109s

  3260  3046  329.55412   21  552          -  312.85934      -   169 3154s

  3261  3046  394.84460   67  580          -  312.85934      -   169 3160s

  3262  3047  360.99200   38  464          -  312.91331      -   169 3198s

  3263  3048  325.50433   17  458          -  312.91331      -   169 3210s

  3264  3048  342.84544  103  526          -  312.91331      -   169 3216s

  3265  3049  849.46637   88  497          -  312.92278      -   169 3251s

  3266  3050  329.77906   28  523          -  312.92278      -   169 3258s

  3267  3050  319.39321   46  493          -  312.92399      -   169 3295s

  3268  3051  368.45072  129  479          -  312.93979      -   169 3339s

  3269  3052  318.29583   21  464          -  312.96559      -   169 3373s

  3270  3052  381.08342  113  470          -  313.01103      -   168 3413s

  3271  3053  331.53424   42  471          -  313.01253      -   168 3447s

  3272  3054  368.45072  129  458          -  313.05128      -   168 3488s

  3275  3057  364.34523   46 8969          -  313.05128      -   209 3502s

  3277  3058  313.05128   43  233          -  313.05128      -   209 3510s

  3278  3059  313.05128   36  297          -  313.05128      -   209 3517s

  3279  3060  313.05128   26  316          -  313.05128      -   208 3521s

  3280  3060  313.05128   28  418          -  313.05128      -   208 3534s

  3281  3061  329.90543   45  503          -  313.05128      -   208 3546s

  3282  3062  334.52175  246  498          -  313.05128      -   208 3560s

  3283  3062  347.50871   42  441          -  313.05128      -   208 3571s

  3284  3063  360.12324   20  432          -  313.05128      -   208 3610s

  3285  3064  313.05128   37  508          -  313.05128      -   208 3623s

  3286  3064  352.48905  124  554          -  313.05128      -   208 3635s

  3287  3065  326.86128   78  561          -  313.05128      -   208 3649s

  3288  3066  344.11322  118  472          -  313.05128      -   208 3691s

  3289  3066  489.05490  230  507          -  313.05128      -   208 3714s

  3290  3067  604.00581  193  473          -  313.11678      -   208 3762s

  3291  3068  313.16292   37  502          -  313.16292      -   208 3804s

  3292  3068  330.53226  265  516          -  313.16292      -   208 3816s

  3293  3069  427.27886   89  538          -  313.16739      -   208 3825s

  3294  3070  313.16739   32  503          -  313.16739      -   208 3866s

  3295  3070  334.88500  217  497          -  313.25140      -   207 3911s

  3296  3071  345.90341   55  532          -  313.25140      -   207 3924s

  3297  3072  313.40548   13  512          -  313.40548      -   207 3971s

  3298  3072  313.41469   87  519          -  313.41469      -   207 4029s

  3299  3073  321.13626    7  475          -  313.41469      -   207 4038s

  3300  3074  576.15602  174  533          -  313.45465      -   207 4092s

  3301  3074  414.53004  174  507          -  313.49806      -   207 4103s

  3302  3075  325.67775   21  504          -  313.52147      -   207 4146s

  3303  3076  322.37110   22  504          -  313.52147      -   207 4157s

  3304  3076  313.57871   30  462          -  313.57871      -   207 4199s

  3305  3077  313.57871   12  494          -  313.57871      -   207 4211s

  3306  3078  376.24509   95  521          -  313.57871      -   207 4271s

  3307  3078  332.65500   59  549          -  313.59072      -   207 4285s

  3308  3079  439.90291  207  469          -  313.59072      -   207 4338s

  3309  3080  502.05363  237  467          -  313.59072      -   207 4350s

  3310  3080  325.06074  189  510          -  313.60900      -   207 4364s

  3311  3081  325.06074  186  498          -  313.60900      -   206 4374s

  3312  3082  323.48985   65  456          -  313.60900      -   206 4386s

  3313  3082  361.35229  138  459          -  313.61151      -   206 4435s

  3314  3083  313.62571   65  461          -  313.62571      -   206 4483s

  3315  3084  432.80454  191  455          -  313.63448      -   206 4525s

  3316  3084  352.01773  117  441          -  313.63465      -   206 4583s

  3317  3085  365.68341   94  489          -  313.63465      -   206 4593s

  3318  3086  325.10771  194  485          -  313.63465      -   206 4603s

  3319  3086  350.24528   87  553          -  313.63465      -   206 4614s

  3320  3087  313.63466   44  508          -  313.63466      -   206 4627s

  3321  3088  376.36407   68  517          -  313.63466      -   206 4638s

  3322  3088  425.66144  209  500          -  313.63466      -   206 4652s

  3323  3089  327.88577  214  495          -  313.63466      -   206 4660s

  3324  3090  330.19070   25  498          -  313.63621      -   206 4671s

  3325  3090  431.39495  187  525          -  313.63621      -   206 4679s

  3326  3091  477.15343  123  519          -  313.63621      -   206 4690s

  3327  3092  313.63904   37  528          -  313.63904      -   205 4701s

  3328  3092  395.30980  126  469          -  313.63904      -   205 4712s

  3329  3093  320.16723    4  510          -  313.63904      -   205 4723s

  3330  3094  397.63498   87  483          -  313.63904      -   205 4735s

  3331  3094  404.32749  174  481          -  313.63904      -   205 4744s

  3332  3095  329.93500  255  485          -  313.63904      -   205 4756s

  3333  3096  342.21801  112  459          -  313.63904      -   205 4767s

  3334  3096  665.11144   66  502          -  313.64255      -   205 4781s

  3335  3097  313.64255   33  521          -  313.64255      -   205 4793s

  3336  3098  322.29004  122  472          -  313.64445      -   205 4805s

  3337  3098  337.02637   87  521          -  313.64445      -   205 4813s

  3338  3099  327.42226  230  506          -  313.64445      -   205 4823s

  3339  3100  313.64445   19  522          -  313.64445      -   205 4833s

  3340  3100  329.50416   18  472          -  313.64664      -   205 4843s

  3341  3101  439.28078  211  504          -  313.64664      -   205 4853s

  3342  3102  316.45500   58  491          -  313.64664      -   205 4865s

  3343  3102  408.51128  115  465          -  313.64664      -   204 4875s

  3344  3103  354.78779   65  465          -  313.64707      -   204 4886s

  3345  3107  313.64707   32  448          -  313.64707      -   242 4900s

  3347  3110  313.64707   33  376          -  313.64707      -   242 4936s

  3351  3117  313.64707   34  431          -  313.64707      -   243 4961s

  3359  3122  313.64707   35  413          -  313.64707      -   245 5006s

  3367  3156  314.79644   36  402          -  313.64707      -   247 5021s

  3404  3171  322.13667   37  310          -  313.64707      -   253 5031s

  3431  3184  314.92115   39  332          -  313.64707      -   255 5038s

  3456  3195  314.92500   40  287          -  313.64707      -   257 5043s

  3475  3210  315.21530   41  281          -  313.64707      -   258 5049s

  3498  3223  318.52000   42  229          -  313.64707      -   259 5054s

  3518  3231  336.56270   42  259          -  313.64707      -   259 5058s

  3536  3243  318.52000   43  226          -  313.64707      -   260 5061s

  3572  3261  321.49923   44  272          -  313.64707      -   261 5068s

  3590  3276  318.65821   45  322          -  313.64707      -   262 5073s

  3611  3279  319.31588   46  297          -  313.64707      -   263 5077s

  3635  3291  322.66987   46  288          -  313.64707      -   264 5080s

  3656  3308  319.31588   47  255          -  313.64707      -   264 5085s

  3711  3349  320.19526   49  270          -  313.64707      -   265 5093s

  3742  3380  325.12124   50  314          -  313.64707      -   265 5097s

  3788  3414  320.95509   52  256          -  313.64707      -   265 5101s

  3892  3477  324.26916   55  234          -  313.64707      -   263 5108s

  3943  3514  343.33715   57  230          -  313.64707      -   263 5111s

  3997  3546  332.17776   59  239          -  313.64707      -   263 5115s

  4110  3600  324.57149   63  232          -  313.64707      -   262 5123s

  4149  3618  325.16966   65  182          -  313.64707      -   262 5128s

  4185  3639  328.01050   66  228          -  313.64707      -   263 5133s

  4222  3665  328.18273   69  207          -  313.64707      -   265 5138s

  4265  3691  329.36023   71  213          -  313.64707      -   266 5142s

  4306  3715  329.78177   73  243          -  313.64707      -   267 5148s

  4346  3748  330.56026   75  241          -  313.64707      -   268 5153s

  4395  3778  330.23896   78  241          -  313.64707      -   268 5160s

  4446  3802  329.78177   80  254          -  313.64707      -   268 5167s

  4490  3833  330.06854   82  227          -  313.64707      -   270 5174s

  4538  3865  333.21799   84  247          -  313.64707      -   272 5187s

  4589  3890  339.06011   87  241          -  313.64707      -   273 5201s

  4642  3922  333.76572   90  221          -  313.64707      -   277 5212s

  4712  3950  334.87318   93  228          -  313.64707      -   278 5219s

  4766  3983  334.87318   96  218          -  313.64707      -   279 5230s

  4826  4035  349.10125  101  207          -  313.64707      -   281 5239s

  4908  4085  349.15670  108  200          -  313.64707      -   282 5249s

  4994  4116  349.48309  113  227          -  313.64707      -   283 5260s

  5078  4160  435.92998  117  246          -  313.64707      -   285 5274s

  5168  4253  349.54608  121  244          -  313.64707      -   286 5286s

  5319  4249  350.76151  132  237          -  313.64707      -   287 5300s

  5384  4288  352.62009  136  209          -  313.64707      -   291 5312s

  5468  4303  546.27188  139  169          -  313.64707      -   293 5322s

  5562  4331  468.75398  143  176          -  313.64707      -   294 5336s

  5645  4354  359.56680  146  209          -  315.21567      -   297 5354s

  5726  4392  360.24594  148  232          -  315.21567      -   299 5373s

  5827  4457  397.56982  152  219          -  315.21567      -   301 5392s

  5953  4480  401.24606  156  230          -  315.21567      -   301 5407s

  6044  4467  406.18333  159  237          -  315.21567      -   303 5488s

  6071  4578  685.67872  160  242          -  315.21567      -   305 5507s

  6208  4633  408.63733  164  254          -  315.21567      -   304 5525s

  6332  5040  416.24594  169  243          -  315.21567      -   303 5540s

  6794  5355  426.31832  185  257          -  315.21567      -   292 5556s

  7316  5285  522.33397  200  225          -  315.21567      -   282 5573s

  7477  5666  468.11744  206  188          -  315.21567      -   283 5591s

  8020  5618  475.03631  219  234          -  315.21567      -   274 5606s

  8208  6031  476.55111  222  207          -  315.21567      -   273 5623s

  8783  5998  478.76741  234  214          -  315.21567      -   264 5642s

  8970  6325  480.27883  241  199          -  315.21567      -   263 5660s

  9396  6700  485.79396  257  226          -  315.21567      -   261 5678s

  9992  6909  507.54407  276  252          -  315.21567      -   254 5699s

 10438  6936  641.80292  281  174          -  315.21567      -   250 5718s

 10629  7714  562.79800  289  210          -  315.21567      -   250 5739s

 11561  8262  515.21088  308  244          -  315.21567      -   239 5762s

 12594  8084  518.28592  332  241          -  315.21567      -   226 5786s

 12786  8702  519.21585  338  256          -  315.21759      -   227 5806s

 13460  9587  521.76681  358  233          -  315.21759      -   224 5831s

 14466  9807  562.47248  387  217          -  315.21759      -   216 5885s

 14749 11303  570.18729  403  219          -  315.21759      -   218 5935s

 16521 12059  342.55284   88  197          -  315.21839      -   208 5956s

 17348 12165  380.14276  220  231          -  315.21839      -   205 5968s

 17493 12841  396.69704  222  238          -  315.21839      -   206 5982s

 18263 13248  500.25458  250  191          -  315.21839      -   203 6004s

 18730 13405  659.24644  269  149          -  315.21839      -   202 6025s

 18891 13999  665.00804  267  167          -  315.21839      -   203 6051s

 19546 14296 infeasible  323               -  315.21839      -   201 6073s

 19901 15537  346.54197   79  205          -  315.21839      -   201 6098s

 21288 15698  531.08440  244  145          -  315.21839      -   195 6127s

 21493 16256  551.17566  250  173          -  315.21850      -   196 6149s

 22133 16559  622.67492  308  171          -  315.21850      -   195 6175s

 22514 17416  756.08696  350  127          -  315.21850      -   195 6203s

 23451 18388  329.54520   95  207          -  315.21850      -   192 6230s

 24579 18607  379.79594  172  218          -  315.21850      -   189 6257s

 24819 19237  454.75869  230  238          -  315.21857      -   190 6284s

 25536 19838  491.13824  309  218          -  315.21857      -   190 6315s

 26237 20135  326.26161   52  199          -  315.21857      -   190 6349s

 26561 20810  328.65248   90  207          -  315.21857      -   190 6379s

 27336 21574  341.98258  267  184          -  315.21857      -   189 6411s

 28174 21935  315.83831   61  284          -  315.21857      -   188 6439s

 28559 22825  342.75237  118  204          -  315.21857      -   189 6471s

 29493 23325  406.52024  203  184          -  315.21857      -   188 6528s

 30045 25287  465.28519  246  181          -  315.22001      -   188 6600s

 32378 26116  576.91351  124  245          -  315.22037      -   184 6633s

 33250 26478  337.50680   81  193          -  315.22057      -   183 6666s

 33676 27734  315.22057   59  278          -  315.22057      -   183 6702s

 35029 27752  324.74107   86  298          -  315.22057      -   180 6808s

 35075 27980  325.14091   90  308          -  315.22057      -   181 6838s

 35310 28255  347.71176  100  212          -  315.22057      -   181 6868s

 35608 29198  356.18964  128  239          -  315.22057      -   181 6900s

 36647 30229  316.09329   48  253          -  315.22057      -   180 6931s

 37744 31244  350.13567  113  190          -  315.22057      -   178 6964s

 38864 31381  396.34546  232  257          -  315.22057      -   177 6992s

 39058 32160  463.07861  245  218          -  315.22057      -   177 7026s

 39920 32530  764.31286  398  162          -  315.22057      -   177 7053s

 40301 33551  991.59966  475  145          -  315.22057      -   177 7077s

 41526 34605  324.46578   58  324          -  315.22057      -   176 7108s

 42700 34771  346.93835  104  206          -  315.22057      -   174 7135s

 42878 36125  357.00828  125  176          -  315.22413      -   174 7172s

 44386 37377 infeasible  460               -  315.22413      -   172 7234s

 45804 37685  559.40022  124  210          -  315.22535      -   171 7259s

 46187 37908  591.93001  126  199          -  315.22535      -   172 7287s

 46451 38873  604.14657  142  188          -  315.22535      -   172 7323s

 47588 39641  323.34442   68  340          -  315.22535      -   171 7356s

 48448 40537  358.40725  148  317          -  315.22535      -   171 7376s

 49462 40827  327.35736   77  314          -  315.22535      -   171 7401s

 49772 41915  345.16052   99  241          -  315.22535      -   171 7434s

 50368 41915  372.42145  146  192          -  315.22535      -   170 7435s

 50992 42789  469.94389  373  162          -  315.22535      -   170 7467s

 51943 43861  364.52747   73  199          -  315.22535      -   170 7491s

 53121 44198  406.91443  162  205          -  315.22535      -   169 7515s

 53462 45377  599.19431  212  151          -  315.22535      -   169 7547s

 54796 46208  346.12905   91  302          -  315.28271      -   167 7579s

 55690 47142  501.30895  199  170          -  315.28271      -   167 7609s

 55909 47142  355.75181  132  245          -  315.28271      -   167 7610s

 56771 47218 infeasible  372               -  315.28271      -   166 7634s

 56891 47895  322.93509   46  279          -  315.28271      -   167 7661s

 57580 48560  355.49756   66  218          -  315.28271      -   167 7689s

 58371 49441  378.46956  111  209          -  315.35933      -   167 7713s

 59290 49807 infeasible  249               -  315.37056      -   166 7776s

 59690 52188  340.05062   82  200          -  315.37056      -   167 7858s

 62377 52334  389.57303  127  245          -  315.37056      -   166 7883s

 62548 53057  400.39187  146  245          -  315.37056      -   167 7919s

 63382 53638  454.46678  187  213          -  315.37056      -   167 7950s

 64003 54684  507.18058  216  236          -  315.37056      -   167 7984s

 65149 54980  328.99150   78  241          -  315.37056      -   167 8013s

 65483 56326  364.02484  118  172          -  315.37056      -   167 8046s

 66908 57430  319.61620   66  274          -  315.43255      -   165 8084s

 68298 57631  320.05251   55  200          -  315.43377      -   164 8104s

 68539 58322  328.88017   85  238          -  315.43377      -   165 8135s

 69271 59204  321.85484   70  245          -  315.43377      -   165 8168s

 70291 59923  408.97346  149  232          -  315.43377      -   164 8189s

 71075 60277 infeasible  304               -  315.43377      -   164 8216s

 71481 61222  331.11282   79  276          -  315.43377      -   164 8250s

 72586 62061  349.62466   71  245          -  315.47845      -   164 8274s

 73489 62869  391.24013  104  183          -  315.47845      -   163 8313s

 74432 63791  318.97957   57  339          -  315.47845      -   163 8374s

 75466 63880  365.45639   97  306          -  315.47845      -   163 8406s

 75561 64225  357.84311  101  323          -  315.50901      -   163 8444s

 75911 65149  396.45965  112  277          -  315.50901      -   164 8500s

 76903 66346  383.94468  126  232          -  315.50901      -   163 8546s

 78364 66748  464.78914  255  232          -  315.50901      -   163 8589s

 78776 67173 infeasible  350               -  315.50901      -   164 8620s

 79220 68309  348.18703   67  306          -  315.50901      -   164 8660s

 80597 68324  459.22388  155  186          -  315.54258      -   163 8780s

 80614 68531  486.53614  155  156          -  315.54258      -   163 8805s

 80846 69250  669.80889  195  208          -  315.54258      -   164 8848s

 81638 69445  334.20766   68  217          -  315.54258      -   164 8890s

 81840 69723  383.02391  100  202          -  315.54258      -   165 8928s

 82132 70240  438.93092  140  204          -  315.54258      -   165 8960s

 82734 71564  519.40988  170  223          -  315.54258      -   165 9006s

 84273 71905  402.19366   96  241          -  315.54258      -   164 9041s

 84650 72896  459.41057  122  210          -  315.55883      -   164 9086s

 85799 73418 infeasible  268               -  315.56516      -   164 9126s

 86389 74317 infeasible   73               -  315.56516      -   164 9173s

 87458 74593  433.01958  120  186          -  315.56516      -   164 9205s

 87753 75502  328.35893   62  202          -  315.56802      -   164 9244s

 88819 76587  331.66369   68  300          -  315.58537      -   164 9285s

 90015 76928 infeasible  174               -  315.60281      -   164 9338s

 90395 79434  329.13151   69  267          -  315.60281      -   164 9451s

 93223 79787  362.48501   61  259          -  315.60281      -   163 9473s

 93578 80632  394.10864   68  204          -  315.60281      -   163 9516s

 94503 81376  380.80135   98  306          -  315.60281      -   163 9548s

 95265 81678  401.36529  166  240          -  315.60281      -   163 9575s

 95659 82639  424.94776  201  210          -  315.60281      -   163 9615s

 96712 82995  507.63400  263  181          -  315.60281      -   162 9654s

 97133 83617  552.44489  315  173          -  315.60281      -   162 9693s

 97885 84806  339.45748   68  242          -  315.60281      -   162 9747s

 99244 84981  365.89700  104  206          -  315.60281      -   162 9778s

 99486 85662  380.47849  128  264          -  315.60281      -   162 9818s

 100204 85880  468.51057  172  215          -  315.60281      -   162 9846s

 100476 86871  530.09294  179  175          -  315.62248      -   163 9886s

 101572 87109  337.80114   59  297          -  315.62248      -   162 9924s

 101880 87418  350.58363   66  261          -  315.62248      -   163 9959s

 102197 88524  385.17729   77  241          -  315.62248      -   163 10012s

 103457 88876  524.49893  129  196          -  315.62248      -   162 10045s

 103904 89780  331.72960   62  269          -  315.62248      -   162 10090s

 104971 90162  378.88955  113  195          -  315.71454      -   162 10151s

 105365 92301  427.47088  145  199          -  315.71454      -   162 10233s

 107874 92521 infeasible  363               -  315.72805      -   162 10271s

 108122 93452  345.51893   69  210          -  315.73179      -   162 10321s

 109165 94381  542.39559  166  160          -  315.73179      -   162 10356s

 110211 94776  358.63127   85  239          -  315.73179      -   162 10383s

 110624 95703  375.85610  100  253          -  315.73562      -   162 10419s

 110690 95703  458.11123  176  227          -  315.73562      -   162 10420s

 111591 96040  427.54249  134  216          -  315.73562      -   161 10460s

 112024 96390  441.66759  180  271          -  315.73562      -   161 10484s

 112304 96390  356.07049   67  243          -  315.73562      -   161 10485s

 112533 97205  508.80158  232  189          -  315.73562      -   161 10537s

 113427 97530  337.20214   81  324          -  315.74424      -   161 10571s

 113792 98333  352.92478  101  276          -  315.74424      -   161 10620s

 114680 98513 infeasible  141               -  315.74424      -   162 10664s

 114898 98853  422.25856  160  255          -  315.74424      -   162 10698s

 115260 100163  454.20773  190  178          -  315.74424      -   162 10749s

 116799 100365  727.59347  274  185          -  315.74424      -   161 10786s

 117135 101149  330.70587   58  235          -  315.74424      -   162 10829s

 117934 101505  384.33086  162  216          -  315.74424      -   162 10869s

 118322 102648  406.11293  243  193          -  315.74424      -   162 10914s

 119584 103773  363.15140   72  264          -  315.74424      -   162 10993s

 120910 103974  422.00641  165  183          -  315.74424      -   161 11020s

 121143 104632  448.83102  203  216          -  315.74424      -   162 11065s

 121880 105749  325.15472   57  217          -  315.74424      -   162 11106s

 123039 105998  400.74653   87  218          -  315.74424      -   161 11132s

 123347 106912  415.32887  106  197          -  315.78291      -   161 11167s

 124394 107475  316.32704   49  249          -  315.78291      -   161 11201s

 125136 107661  346.88611   81  279          -  315.78291      -   161 11233s

 125338 108619  397.62920  105  254          -  315.78291      -   161 11267s

 126344 109071  489.65963  243  245          -  315.78291      -   161 11297s

 126810 110325  548.04516  291  177          -  315.78291      -   161 11347s

 128304 111140  371.93256   86  240          -  315.78291      -   160 11367s

 129334 112080  477.30062  155  227          -  315.78291      -   160 11410s

 130304 113509  597.52737  217  248          -  315.78291      -   160 11463s

 131961 113529  327.59978   78  346          -  315.79907      -   159 11595s

 131999 113684  322.89850   77  300          -  315.79907      -   159 11616s

 132156 113889  339.78924   88  287          -  315.79907      -   159 11640s

 132361 114108  341.15630   95  335          -  315.79907      -   159 11662s

 132582 115327  384.53222  106  264          -  315.79907      -   159 11711s

 133850 116295  429.68155  173  196          -  315.79907      -   159 11756s

 135027 116831 infeasible  236               -  315.84605      -   158 11815s

 135624 117813  347.42445   90  251          -  315.84605      -   159 11886s

 136697 118199  454.43606  190  240          -  315.84605      -   159 11927s

 137111 119462  485.73872  213  185          -  315.84605      -   159 11987s

 138486 120568  905.58952  367  190          -  315.84605      -   159 12042s

 139775 120845  351.11003   90  346          -  315.84605      -   159 12080s

 140120 121952  362.63662  101  269          -  315.84605      -   159 12133s

 141386 122255 infeasible  179               -  315.86586      -   159 12164s

 141735 123678  516.43738  198  279          -  315.86586      -   160 12223s

 143315 124476 infeasible  349               -  315.86586      -   159 12274s

 144386 124763  382.32980   90  246          -  315.89292      -   159 12302s

 144677 125646  411.93539  100  205          -  315.89292      -   159 12349s

 145407 125646  321.90935   61  242          -  315.89514      -   159 12350s

 145651 126490  354.91428   70  269          -  315.89514      -   159 12396s

 146593 127026 infeasible  154               -  315.89514      -   159 12422s

 147194 127979  324.40124   72  310          -  315.89514      -   159 12460s

 148198 128245 infeasible  110               -  315.89514      -   159 12493s

 148523 128781  432.32864  119  218          -  315.89514      -   159 12521s

 149232 129040 infeasible  131               -  315.89514      -   159 12553s

 149576 130154  371.10065   70  307          -  315.89514      -   160 12609s

 150724 131031  488.87097  130  184          -  315.89514      -   160 12646s

 151759 131231 infeasible  176               -  315.92800      -   159 12674s

 151979 131896  344.86039   70  340          -  315.92800      -   160 12721s

 152764 132247  400.34120   97  245          -  315.92800      -   160 12753s

 153139 133237  423.12069  107  192          -  315.94036      -   160 12785s

 154198 133743  487.48852  131  269          -  315.94036      -   160 12817s

 154714 134784  519.73671  161  240          -  315.94036      -   160 12854s

 155907 135573  594.73241  316  256          -  315.94534      -   159 12903s

 156776 135821  802.42150  492  211          -  315.94534      -   159 12929s

 157077 136705  972.64091  502  181          -  315.94534      -   159 12972s

 158017 136980  329.32361   74  329          -  315.94534      -   159 13002s

 158378 137802  337.99651   92  320          -  315.94614      -   159 13042s

 159294 138587  377.45273  153  306          -  315.94614      -   159 13083s

 160172 138845  465.68557  203  278          -  315.94614      -   159 13111s

 160443 139974  446.02717  204  295          -  315.94614      -   159 13161s

 161690 140926  856.54653  293  188          -  315.94614      -   159 13194s

 162006 140926  421.18035  112  159          -  315.94614      -   159 13195s

 162813 141092  359.25505   62  250          -  315.94614      -   159 13219s

 163005 142030  342.13630   76  344          -  315.94614      -   159 13248s

 163981 142989  354.12637  100  319          -  315.94614      -   159 13298s

 165191 143365  389.74990  164  243          -  315.96744      -   159 13354s

 165393 143365  337.32248   53  296          -  315.96744      -   159 13355s

 165617 145844  427.46668  199  257          -  315.96744      -   159 13461s

 168378 146003  347.82910   73  305          -  315.96744      -   159 13483s

 168580 146520  357.86494   93  296          -  315.96744      -   159 13515s

 169234 146793  433.74382  127  210          -  315.96744      -   159 13542s

 169554 147573  500.95590  155  232          -  315.98402      -   159 13572s

 170392 148261  793.38393  228  168          -  315.98402      -   159 13613s

 171203 148372  331.69012   76  252          -  315.98402      -   159 13643s

 171325 149126  396.09065   86  215          -  315.98402      -   159 13686s

 172146 149288  513.00141  124  246          -  315.98402      -   159 13718s

 172360 149793  512.04481  148  287          -  315.98402      -   159 13755s

 172886 151319  674.07026  182  186          -  315.98402      -   160 13817s

 174501 151395  319.22250   76  306          -  315.98402      -   159 13845s

 174619 152514  333.19513   84  237          -  315.98402      -   159 13893s

 175911 152661  375.10909  143  223          -  315.98402      -   159 13917s

 176070 153787  384.52268  154  271          -  315.98402      -   159 13963s

 177289 154251  462.55603  238  242          -  315.98402      -   159 13996s

 177879 154379 infeasible  297               -  315.98402      -   159 14022s

 178025 154959 infeasible  308               -  315.98402      -   159 14048s

 178668 155401  405.75248   94  242          -  315.98402      -   159 14078s

 179164 155609  448.76697  141  256          -  315.98402      -   159 14104s

 179374 156322  533.24159  159  239          -  315.98402      -   160 14157s

 180122 157754  514.95960  205  255          -  315.98402      -   159 14238s

 181348 157754  786.22182  247  136          -  316.02115      -   159 14240s

 181741 157797  321.73919   89  256          -  316.02115      -   159 14258s

 181860 158132  336.72941  101  178          -  316.02115      -   159 14282s

 182195 158679  393.84022  173  168          -  316.02115      -   159 14312s

 182765 158916  543.46883  283  111          -  316.08395      -   159 14348s

 183037 159559  318.15043   64  384          -  316.08395      -   160 14384s

 183697 159723  348.84853   86  227          -  316.08395      -   160 14400s



Cutting planes:

  Learned: 6

  Gomory: 33

  Cover: 20

  Implied bound: 73

  Projected implied bound: 12

  Clique: 112

  MIR: 46

  Mixing: 5

  StrongCG: 9

  Flow cover: 225

  GUB cover: 5

  Zero half: 156

  RLT: 2

  Relax-and-lift: 13



Explored 183907 nodes (29333897 simplex iterations) in 14400.42 seconds (10242.47 work units)

Thread count was 16 (of 16 available processors)



Solution count 0



Time limit reached

Best objective -, best bound 3.160839536847e+02, gap -

-----RESULTS INFO-----
running_time:  14403.328
TC.best_bound:  316.0839536846642
TC:  0
MIP Gap (%):  31608.39536846642
=== Vehicle Routes ===

=== Full Vehicle Routes ===
Vehicle 1: 0 → 0 (0<100)
Vehicle 2: 0 → 0 (0<100)
Vehicle 3: 0 → 0 (0<100)
Vehicle 4: 0 → 0 (0<100)
Vehicle 5: 0 → 0 (0<100)
Vehicle 6: 0 → 0 (0<100)
Vehicle 7: 0 → 0 (0<100)
Vehicle 8: 0 → 0 (0<100)
Vehicle 9: 0 → 0 (0<100)
Arc used by MRT line: y variables:
Customer assigment to PL: u variables:
23 68
26 73
27 65
30 70
33 71
36 66
39 65
Node is served by regular vehicle: g variables:
1
2
3
4
5
6
7
8
9
10
11
12
13
14
15
16
17
18
19
20
71
73
Customer assigment to Home delivery: gm variables:
1
2
3
4
5
6
7
8
9
10
11
12
13
14
15
16
17
18
19
20
Node total demands: ntd variables:
1 6 1
2 23 1
3 24 1
4 16 1
5 6 1
6 8 1
7 14 1
8 13 1
9 9 1
10 14 1
11 20 1
12 20 1
13 11 1
14 14 1
15 24 1
16 16 1
17 2 1
18 10 1
19 18 1
20 2 1
43 0 0
44 0 0
45 0 0
46 0 0
47 0 0
48 0 0
49 0 0
50 0 0
51 0 0
52 0 0
53 0 0
54 0 0
55 0 0
56 0 0
57 0 0
58 0 0
59 0 0
60 0 0
61 0 0
62 0 0
63 0 0
64 0 0
71 0 1
72 0 0
73 0 1
74 0 0
65 0 0
66 0 0
67 0 0
68 0 0
69 0 0
70 0 0
Customer's demand delivered to PL: l variables:
21
22
23
24
25
26
27
28
29
30
31
32
33
34
35
36
37
38
39
40
41
42
Lockers load <= capacity:
0 <= 100
0 <= 77
0 <= 75
0 <= 80
0 <= 100
0 <= 95
0 <= 98
0 <= 75
0 <= 72
0 <= 85
