Gurobi 12.0.3:   lim:time = 14400

  mip:bestbound = 1

Set parameter LogToConsole to value 1

  tech:outlev = 1

Set parameter Cuts to value 3

  cut:cuts = 3

Set parameter Presolve to value 2

  pre:solve = 2

Set parameter MIPFocus to value 2

  mip:focus = 2

Set parameter Symmetry to value 2

  mip:symmetry = 2

Set parameter InfUnbdInfo to value 1

Gurobi Optimizer version 12.0.3 build v12.0.3rc0 (win64 - Windows 10.0 (19045.2))



CPU model: Intel(R) Core(TM) i7-10700 CPU @ 2.90GHz, instruction set [SSE2|AVX|AVX2]

Thread count: 8 physical cores, 16 logical processors, using up to 16 threads



Non-default parameters:

TimeLimit  14400

MIPFocus  2

Symmetry  2

Cuts  3

InfUnbdInfo  1

Presolve  2



Optimize a model with 4209 rows, 21473 columns and 136895 nonzeros

Model fingerprint: 0x99d5be01

Model has 5 quadratic objective terms

Model has 15 quadratic constraints

Variable types: 100 continuous, 21373 integer (0 binary)

Coefficient statistics:

  Matrix range     [1e+00, 1e+05]

  QMatrix range    [1e+00, 1e+00]

  QLMatrix range   [1e+00, 5e+01]

  Objective range  [2e+00, 1e+02]

  QObjective range [2e+00, 2e+00]

  Bounds range     [1e+00, 1e+02]

  RHS range        [1e+00, 1e+05]

  QRHS range       [1e+02, 1e+02]

Presolve removed 159 rows and 511 columns (presolve time = 5s)...

Presolve removed 153 rows and 529 columns

Presolve time: 9.32s

Presolved: 16755 rows, 33621 columns, 166017 nonzeros

Variable types: 2168 continuous, 31453 integer (29752 binary)

Root relaxation presolve removed 57 rows and 5 columns

Root relaxation presolved: 16696 rows, 33667 columns, 297126 nonzeros



Deterministic concurrent LP optimizer: primal and dual simplex

Showing primal log only...





Root simplex log...



Iteration    Objective       Primal Inf.    Dual Inf.      Time

       0    1.5908900e+03   2.833967e+02   5.629513e+09     17s

Concurrent spin time: 0.02s



Solved with dual simplex



Root simplex log...



Iteration    Objective       Primal Inf.    Dual Inf.      Time

    1626    2.0650109e+02   0.000000e+00   0.000000e+00     18s



Root relaxation: objective 2.065011e+02, 1626 iterations, 0.83 seconds (0.54 work units)

Total elapsed time = 18.93s (DegenMoves)



    Nodes    |    Current Node    |     Objective Bounds      |     Work

 Expl Unexpl |  Obj  Depth IntInf | Incumbent    BestBd   Gap | It/Node Time



     0     0  206.50109    0  252          -  206.50109      -     -   19s

     0     0  268.74680    0  238          -  268.74680      -     -   25s

     0     0  289.25794    0  241          -  289.25794      -     -   25s

     0     0  289.25794    0  246          -  289.25794      -     -   25s

     0     0  289.25794    0  236          -  289.25794      -     -   28s

     0     0  292.81715    0  320          -  292.81715      -     -   28s

     0     0  293.92178    0  257          -  293.92178      -     -   28s

     0     0  294.05809    0  235          -  294.05809      -     -   28s

     0     0  295.45333    0  246          -  295.45333      -     -   32s

     0     0  310.64411    0  331          -  310.64411      -     -   34s

     0     0  310.77092    0  300          -  310.77092      -     -   35s

     0     0  310.77092    0  303          -  310.77092      -     -   39s

     0     0  310.77092    0  288          -  310.77092      -     -   40s

     0     2  310.85373    0  288          -  310.85373      -     -   45s

    53    69  336.70774    7  292          -  314.16198      -   478   50s

   160   178  343.23191   11  248          -  314.16198      -   427   55s

   274   294  349.74253   20  232          -  314.16198      -   373   60s

   523   553  356.05166   27  224          -  314.16198      -   254   65s

   810   864  357.07036   70  187          -  314.16198      -   214   71s

  1211  1296  388.34683  132  182          -  314.16198      -   171   75s

  1738  1800  463.30374  155  163          -  314.16198      -   140   80s

  2147  2270 infeasible  172               -  314.72788      -   134   85s

  2764  2754  326.73473   10  211          -  318.40591      -   123   91s

  3079  3123  331.88505   14  179          -  318.40591      -   120   95s

  3780  3990  331.51969   24  183          -  318.40591      -   109  101s

  4443  4415  353.48214   37  217          -  318.40591      -   100  106s

  4846  4741  353.13975   43  204          -  318.40591      -  98.2  111s

  5298  5192  409.76531  124  168          -  318.40591      -   100  117s

  5502  5356 infeasible  131               -  318.40591      -   100  120s

  5936  5772  487.66563  183  170          -  318.40591      -   101  125s

  6131  5773  711.02182  591 8377          -  318.40591      -   101  135s

  6133  5774  354.64699   18  646          -  318.40591      -   101  142s

  6134  5775  635.08972  266  778          -  318.40591      -   101  151s

  6138  5778  340.98958  113  321          -  318.40591      -   101  155s

  6141  5780 1074.47805  907  322          -  318.40591      -   101  164s

  6142  5780  326.27484    9  343          -  318.40591      -   101  165s

  6148  5784  865.66421  542  392          -  318.68219      -   101  174s

  6149  5785  340.58398    9  354          -  322.43508      -   101  183s

  6151  5786  965.58701  842  429          -  326.04931      -   101  186s

  6156  5790  330.04635   18  390          -  326.40026      -   101  195s

  6157  5790  631.52381  277  434          -  328.77197      -   101  201s

  6164  5795 1070.91611  904  496          -  329.65852      -   101  206s

  6165  5796  356.88206   73  499          -  329.65852      -   100  214s

  6166  5796  350.39684   81  422          -  330.42889      -   100  219s

  6167  5797  369.54043  429  480          -  330.65508      -   100  221s

  6171  5800  334.18155   64  454          -  330.82048      -   100  225s

  6172  5800  470.75845  245  427          -  330.82048      -   100  232s

  6173  5801  371.87075  116  446          -  331.08560      -   100  250s

  6179  5805  357.46830   99  527          -  331.12644      -   100  259s

  6180  5806  666.96995  458  439          -  331.35065      -   100  267s

H 6185  5517                    1930.9300000  331.37228  82.8%   100  277s

  6187  5518  344.02762   51  440 1930.93000  331.47746  82.8%   100  285s

  6190  5520  423.67487  146  490 1930.93000  331.50327  82.8%   100  293s

  6191  5521  346.70612  117  434 1930.93000  331.54454  82.8%   100  302s

H 6192  5245                    1870.3800000  331.55416  82.3%   100  311s

H 6193  4982                    1829.2000000  331.65469  81.9%   100  320s

H 6193  4732                    1813.4800000  331.65469  81.7%   100  320s

H 6193  4494                    1779.5900000  331.65517  81.4%   100  321s

  6200  4499  556.74564  137  487 1779.59000  331.69652  81.4%   100  330s

  6201  4500  658.87272  556  480 1779.59000  331.70890  81.4%   100  338s

  6203  4501  341.67485  104  497 1779.59000  331.70980  81.4%   100  345s

  6204  4502  428.46539  220  505 1779.59000  331.72670  81.4%   100  353s

  6207  4504  684.96662  676  508 1779.59000  331.76436  81.4%   100  363s

  6208  4504  914.49597  610  528 1779.59000  331.77688  81.4%   100  375s

  6214  4508  349.27830  302  562 1779.59000  331.78391  81.4%   100  383s

H 6214  4281                    1769.9000000  331.79731  81.3%   100  391s

H 6217  4067                    1740.6100000  331.80097  80.9%   100  401s

H 6218  3864                    1720.2200000  331.82603  80.7%   100  408s

  6222  3867  483.70838  177  580 1720.22000  331.85119  80.7%   100  410s

  6225  3869  352.44805  248  581 1720.22000  331.85332  80.7%   100  416s

  6226  3869  349.42881  282  549 1720.22000  331.89457  80.7%   100  422s

H 6227  3674                    1693.2300000  331.89575  80.4%  99.5  425s

H 6228  3490                    1669.6000000  331.89828  80.1%  99.5  429s

H 6228  3314                    1615.9600000  331.89828  79.5%  99.5  429s

H 6228  3147                    1605.0200000  331.89828  79.3%  99.5  429s

H 6228  2988                    1597.8100000  331.89828  79.2%  99.5  429s

  6229  2988  635.44865  372  557 1597.81000  331.89850  79.2%  99.5  430s

  6232  2990  346.03295  175  568 1597.81000  331.89933  79.2%  99.4  435s

H 6232  2838                    1533.7300000  331.91200  78.4%  99.4  488s

H 6232  2695                    1526.3800000  331.91294  78.3%  99.4  490s

H 6232  2558                    1517.7700000  331.91294  78.1%  99.4  490s

H 6232  2429                    1507.2300000  331.91294  78.0%  99.4  490s

H 6232  2306                    1487.5900000  331.91294  77.7%  99.4  490s

H 6232  2189                    1484.5600000  331.91294  77.6%  99.4  490s

H 6235  2079                    1482.5600000  331.94488  77.6%  99.4  498s

  6238  2081  340.98958  113  608 1482.56000  331.94488  77.6%  99.3  500s

  6240  2083  346.46617  228  581 1482.56000  331.94602  77.6%  99.3  510s

  6243  2085  633.30265  316  608 1482.56000  331.97474  77.6%  99.2  519s

  6244  2085  355.68057  350  556 1482.56000  331.97996  77.6%  99.2  520s

  6247  2087 1082.44153  916  558 1482.56000  332.00072  77.6%  99.2  533s

  6249  2089  340.58398    9  589 1482.56000  332.01101  77.6%  99.1  535s

  6251  2090  965.58701  842  633 1482.56000  332.01201  77.6%  99.1  544s

  6252  2091  908.86951  738  623 1482.56000  332.01201  77.6%  99.1  548s

  6253  2091  780.48100  387  516 1482.56000  332.01295  77.6%  99.1  555s

  6254  2092  632.56566  444  523 1482.56000  332.38260  77.6%  99.1  560s

  6255  2093  680.79067  507  508 1482.56000  332.38260  77.6%  99.0  566s

H 6256  1986                    1418.7200000  332.49486  76.6%  99.0  573s

H 6256  1885                    1394.8400000  332.49486  76.2%  99.0  573s

H 6256  1789                    1379.5800000  332.49486  75.9%  99.0  573s

  6259  1791  352.43269  335  524 1379.58000  332.78007  75.9%  99.0  578s

  6260  1792  863.03708  580  516 1379.58000  332.78007  75.9%  99.0  584s

  6261  1793  793.79690  577  504 1379.58000  332.86867  75.9%  98.9  589s

  6262  1793 1072.70720  906  534 1379.58000  332.86867  75.9%  98.9  594s

  6263  1794  556.74564  136  535 1379.58000  332.88070  75.9%  98.9  599s

  6264  1795 1070.91611  904  527 1379.58000  332.88085  75.9%  98.9  607s

  6265  1795  356.88206   73  535 1379.58000  332.90914  75.9%  98.9  613s

  6266  1796  350.39684   81  527 1379.58000  332.90914  75.9%  98.9  619s

  6267  1797  369.54043  429  527 1379.58000  332.90914  75.9%  98.9  620s

  6268  1797  462.06632  266  527 1379.58000  332.90914  75.9%  98.8  634s

  6269  1801  334.31686   15  514 1379.58000  332.90914  75.9%   112  641s

  6271  1804  334.31780   16  516 1379.58000  333.14032  75.9%   112  646s

  6275  1811  334.69125   17  479 1379.58000  333.19710  75.8%   113  656s

  6283  1816  335.07637   18  434 1379.58000  333.21871  75.8%   115  663s

  6291  1838  335.13504   19  386 1379.58000  333.21871  75.8%   119  675s

  6315  1844  336.70473   21  428 1379.58000  333.21871  75.8%   123  685s

  6329  1854  338.26268   21  307 1379.58000  333.21871  75.8%   126  691s

  6344  1862  338.58434   22  457 1379.58000  333.21871  75.8%   128  696s

H 6349  1767                    1376.8100000  333.21871  75.8%   129  696s

  6357  1777  339.76994   23  379 1376.81000  333.21871  75.8%   131  703s

  6369  1786  338.62887   23  465 1376.81000  333.21871  75.8%   133  711s

  6382  1789  339.32474   24  408 1376.81000  333.21871  75.8%   135  715s

H 6383  1702                    1376.6900000  333.21871  75.8%   135  715s

  6390  1711  338.93424   25  443 1376.69000  333.21871  75.8%   135  721s

  6401  1721  339.08493   26  429 1376.69000  333.21871  75.8%   138  729s

  6415  1724  339.21437   27  411 1376.69000  333.21871  75.8%   141  732s

  6423  1731  351.49100   27  326 1376.69000  333.21871  75.8%   142  736s

  6441  1743  341.41859   28  391 1376.69000  333.21871  75.8%   144  742s

H 6458  1663                    1359.4700000  333.21871  75.5%   145  744s

  6459  1678  358.04850   29  245 1359.47000  333.21871  75.5%   145  748s

  6474  1689  340.29748   30  373 1359.47000  333.21871  75.5%   147  756s

  6490  1691  356.35364   31  342 1359.47000  333.21871  75.5%   149  762s

H 6492  1612                    1356.1800000  333.21871  75.4%   149  762s

H 6493  1536                    1351.1000000  333.21871  75.3%   149  762s

  6498  1550  340.58482   32  346 1351.10000  333.21871  75.3%   150  768s

  6513  1562  340.60163   33  466 1351.10000  333.21871  75.3%   152  774s

  6530  1577  341.32912   34  408 1351.10000  333.21871  75.3%   154  780s

  6551  1592  343.57671   35  326 1351.10000  333.21871  75.3%   156  788s

  6573  1593  343.57867   36  323 1351.10000  333.21871  75.3%   158  792s

  6581  1598  355.26933   36  395 1351.10000  333.21871  75.3%   158  799s

H 6582  1526                    1346.4100000  333.21871  75.3%   158  799s

  6589  1548  343.57993   37  320 1346.41000  333.21871  75.3%   159  809s

  6614  1548  343.59165   38  346 1346.41000  333.21871  75.3%   162  817s

  6622  1553  343.61381   38  287 1346.41000  333.21871  75.3%   162  825s

  6630  1559  343.59586   39  324 1346.41000  333.21871  75.3%   163  833s

  6638  1564  346.14818   39  408 1346.41000  333.21871  75.3%   164  842s

  6646  1569  343.76786   40  297 1346.41000  333.21871  75.3%   164  851s

  6654  1575  347.62051   40  349 1346.41000  333.21871  75.3%   165  859s

  6662  1580  343.78724   41  320 1346.41000  333.21871  75.3%   166  866s

  6670  1585  347.88957   41  327 1346.41000  333.21871  75.3%   167  874s

  6678  1591  343.79270   42  296 1346.41000  333.21871  75.3%   167  883s

  6686  1596  410.39923   42  289 1346.41000  333.21871  75.3%   169  892s

  6694  1601  343.79473   43  270 1346.41000  333.21871  75.3%   170  897s

  6702  1607  371.77912   43  290 1346.41000  333.21871  75.3%   171  908s

  6710  1612  345.60763   44  328 1346.41000  333.21871  75.3%   172  919s

  6718  1617  343.84707   44  307 1346.41000  333.21871  75.3%   174  930s

  6726  1623  343.84707   45  285 1346.41000  333.21871  75.3%   174  941s

  6734  1628  351.48015   45  389 1346.41000  333.21871  75.3%   175  951s

  6742  1633  343.84707   46  214 1346.41000  333.21871  75.3%   176  963s

  6750  1639  353.19733   46  310 1346.41000  333.21871  75.3%   176  976s

  6758  1648  344.17011   47  285 1346.41000  333.21871  75.3%   177  985s

  6770  1676  352.16601   47  198 1346.41000  333.21871  75.3%   178  999s

  6802  1673  344.20955   48  346 1346.41000  333.21871  75.3%   180 1010s

  6810  1679  344.84051   48  309 1346.41000  333.21871  75.3%   181 1018s

H 6817  1609                    1341.4700000  333.21871  75.2%   182 1018s

  6818  1660  344.98208   49  338 1341.47000  333.21871  75.2%   182 1034s

  6871  1697  350.63187   51  277 1341.47000  333.21871  75.2%   187 1050s

  6930  1735  348.89140   55  316 1341.47000  333.21871  75.2%   192 1069s

  6989  1773  349.23245   58  333 1341.47000  333.21871  75.2%   197 1083s

  7051  1815  349.50028   63  314 1341.47000  333.21871  75.2%   202 1098s

  7116  1847  350.11791   67  343 1341.47000  333.21871  75.2%   206 1116s

  7173  1901  352.74172   71  326 1341.47000  333.21871  75.2%   212 1132s

  7248  1947  359.08516   74  299 1341.47000  333.21871  75.2%   217 1158s

  7327  1997  354.31065   80  279 1341.47000  333.21871  75.2%   223 1177s

  7408  2044  354.68003   85  306 1341.47000  333.21871  75.2%   228 1207s

  7488  2099  357.85451   90  241 1341.47000  333.21871  75.2%   234 1229s

  7582  2142  358.13166   95  247 1341.47000  333.21871  75.2%   240 1246s

  7663  2124  360.73595  100  213 1341.47000  333.21871  75.2%   247 1262s

  7674  2173  414.96809  100  175 1341.47000  333.21871  75.2%   247 1284s

  7728  2251  422.42486  103  240 1341.47000  333.21871  75.2%   250 1305s

  7833  2281  365.87658  110  274 1341.47000  333.21871  75.2%   256 1326s

H 7855  2208                    1319.9900000  333.21871  74.8%   257 1326s

H 7873  2141                    1314.5100000  333.21871  74.7%   257 1326s

  7898  2243  371.37995  114  238 1314.51000  333.21871  74.7%   258 1352s

  8015  2314  373.16218  123  271 1314.51000  333.21871  74.7%   264 1381s

  8129  2422  387.22007  131  222 1314.51000  333.21871  74.7%   271 1403s

  8289  2512  481.74681  139  239 1314.51000  333.21871  74.7%   275 1433s

  8445  2609  398.41995  149  213 1314.51000  333.21871  74.7%   279 1464s

  8603  2726  404.74264  159  218 1314.51000  333.21871  74.7%   283 1497s

  8792  2838  463.89594  169  226 1314.51000  333.21871  74.7%   287 1527s

  8995  2880  462.30384  180  172 1314.51000  333.21871  74.7%   290 1559s

H 9121  2780                    1314.5099974  334.60875  74.5%   293 1559s

  9152  2921  354.44052   20  373 1314.51000  334.69353  74.5%   295 1589s

  9311  3023  338.43427   28  491 1314.51000  334.69353  74.5%   299 1624s

  9475  3221  339.63076   40  483 1314.51000  334.69353  74.5%   304 1661s

  9738  3385  347.27175   56  261 1314.51000  334.69353  74.5%   309 1701s

  9920  3574  353.64919   70  323 1314.51000  335.07637  74.5%   313 1735s

H 9951  3574                    1312.2900000  335.07637  74.5%   314 1735s

 10146  3607  370.69416   89  251 1312.29000  335.07637  74.5%   316 1762s

 10179  3820  368.65684   88  385 1312.29000  335.07637  74.5%   316 1795s

 10402  3887  382.53343  104  321 1312.29000  335.07637  74.5%   317 1825s

 10469  4058  391.81097  115  222 1312.29000  335.07637  74.5%   318 1862s

 10645  4356  397.75350  143  337 1312.29000  335.07637  74.5%   320 1903s

 11011  4905  401.89912  172  247 1312.29000  335.07637  74.5%   318 1931s

 11697  5249  410.60038  215  314 1312.29000  335.07637  74.5%   309 1973s

 12085  6011  419.05108  254  278 1312.29000  335.37599  74.4%   308 2012s

 12944  6431  632.31963  381  222 1312.29000  335.37599  74.4%   301 2053s

 13457  7122  655.75285  414  219 1312.29000  335.37599  74.4%   299 2085s

 14265  7493 1024.93159  453  190 1312.29000  335.37599  74.4%   294 2133s

 14764  8260  929.13688  462  193 1312.29000  335.37599  74.4%   291 2206s

 15674  8359  347.69987   37  206 1312.29000  335.99895  74.4%   289 2239s

 15777  8435  349.37284   44  216 1312.29000  335.99895  74.4%   290 2266s

 15854  8443  380.84879   50  241 1312.29000  335.99895  74.4%   293 2289s

 15862  8558  350.40734   51  258 1312.29000  335.99895  74.4%   293 2323s

 16010  8761  359.38749   51  400 1312.29000  335.99895  74.4%   292 2367s

 16236  9022  350.63995   54  236 1312.29000  335.99895  74.4%   293 2410s

 16521  9600  359.15183   69  334 1312.29000  336.27889  74.4%   296 2472s

 17145  9703  511.66853  119  232 1312.29000  336.27889  74.4%   300 2519s

 17267 10058  763.88536  139   92 1312.29000  336.27889  74.4%   303 2570s

 17663 10368  897.65592  203  102 1312.29000  336.27889  74.4%   304 2617s

H17703 10334                    1261.5200000  336.27889  73.3%   303 2617s

 17997 10764 1075.74818  223  102 1261.52000  336.27889  73.3%   304 2676s

 18575 11608  372.76181   51  348 1261.52000  336.27889  73.3%   306 2737s

 19566 11711  363.00625   72  324 1261.52000  336.27889  73.3%   301 2785s

 19695 11970  496.87234  147  241 1261.52000  336.40178  73.3%   301 2837s

 19955 13541  818.89212  275  180 1261.52000  336.40178  73.3%   300 2903s

 21595 13796  630.53446   74  263 1261.52000  336.40178  73.3%   287 2959s

H21635 13789                    1254.1600000  336.40178  73.2%   286 2959s

 21913 14175  799.46981  115  185 1254.16000  336.40178  73.2%   287 3018s

 22414 15101  340.16295   28  397 1254.16000  336.70724  73.2%   286 3079s

 23353 15571  527.31305  209  213 1254.16000  336.70724  73.2%   283 3138s

 23878 16165  590.18627  255  224 1254.16000  336.70724  73.2%   280 3195s

H24455 16157                    1243.9400000  336.70724  72.9%   277 3196s

 24617 16165  405.09972  127  284 1243.94000  337.03912  72.9%   276 3258s

H24618 16159                    1233.1400000  337.03912  72.7%   276 3258s

 24625 16670  405.10008  128  270 1233.14000  337.03912  72.7%   276 3322s

 25218 18762  559.14417  224  283 1233.14000  337.03912  72.7%   275 3405s

 27386 18995 1173.52165  556  227 1233.14000  337.07440  72.7%   263 3463s

 27644 19407  358.72553   46  292 1233.14000  337.07440  72.7%   262 3522s

 28130 19731  417.06378  113  227 1233.14000  337.07440  72.7%   262 3588s

 28479 19966  622.02820  158  179 1233.14000  337.07440  72.7%   263 3646s

 28717 20373  643.76614  187  168 1233.14000  337.07440  72.7%   264 3708s

 29146 21845  839.21565  270  141 1233.14000  337.07440  72.7%   263 3780s

 30808 22727  438.41033  146  316 1233.14000  337.37481  72.6%   260 3890s

 31826 25034  821.63055  328  262 1233.14000  337.52871  72.6%   257 3984s

 34316 25701  347.91675   40  388 1233.14000  337.52871  72.6%   251 4022s

 35036 25831  773.48017  185  308 1233.14000  337.52871  72.6%   249 4059s

 35183 25943  872.19128  212  241 1233.14000  337.52871  72.6%   249 4088s

 35295 26120  873.34653  213  247 1233.14000  337.52871  72.6%   250 4135s

 35501 26127  896.54800  254  263 1233.14000  337.52871  72.6%   251 4178s

 35509 26165  897.15294  255  251 1233.14000  337.52871  72.6%   251 4215s

 35568 26301  897.45968  256  246 1233.14000  337.52871  72.6%   251 4260s

 35726 26688  920.15228  285  275 1233.14000  337.52871  72.6%   252 4312s

 36163 27856  998.36932  405  242 1233.14000  337.52871  72.6%   251 4375s

 37490 28333  452.76343   91  273 1233.14000  337.84256  72.6%   249 4427s

 37967 28341  728.54224  189  223 1233.14000  337.84256  72.6%   248 4462s

 37975 28430  729.56562  190  219 1233.14000  337.84256  72.6%   248 4508s

 38064 28916  731.37843  191  225 1233.14000  337.84256  72.6%   248 4553s

 38595 29333  732.95926  193  225 1233.14000  337.84256  72.6%   246 4613s

 39076 30721  754.68431  209  258 1233.14000  337.84256  72.6%   246 4682s

 40574 31133  350.59655   25  393 1233.14000  337.84256  72.6%   242 4735s

 41049 32263  432.29356   86  348 1233.14000  338.02310  72.6%   242 4799s

 42285 32596  749.08933  101  182 1233.14000  338.02310  72.6%   240 4856s

 42655 33191  436.67964   44  253 1233.14000  338.02310  72.6%   240 4906s

 43333 33355  559.25411   98  246 1233.14000  338.02310  72.6%   239 4943s

 43497 33686  702.27291  125  242 1233.14000  338.02310  72.6%   239 4995s

 43893 34099  374.00368   34  359 1233.14000  338.02310  72.6%   238 5058s

 44350 35171  569.56270   94  246 1233.14000  338.02310  72.6%   239 5115s

 45588 37365  447.58295   88  341 1233.14000  338.02310  72.6%   239 5232s

 48034 37629  444.59714   67  287 1233.14000  338.55553  72.5%   235 5270s

 48317 38863  514.55233  104  250 1233.14000  338.55553  72.5%   235 5313s

 49683 39155  356.76420   40  323 1233.14000  338.55553  72.5%   232 5341s

 49975 39847  414.74573   67  288 1233.14000  338.55911  72.5%   232 5381s

 50780 40340  357.97592   37  294 1233.14000  338.65188  72.5%   231 5414s

 51277 41414  413.48995   87  244 1233.14000  338.65188  72.5%   231 5450s

 52481 41665 infeasible  303      1233.14000  338.65188  72.5%   229 5483s

 52830 42369  425.82398   51  304 1233.14000  338.67447  72.5%   229 5522s

 53614 42532  786.98564  127  309 1233.14000  338.67447  72.5%   229 5556s

 53826 43019 1066.76266  159  221 1233.14000  338.67447  72.5%   229 5592s

 54388 43274 1094.72421  166  211 1233.14000  338.67447  72.5%   228 5635s

 54656 44130 1117.89132  167  198 1233.14000  338.67447  72.5%   228 5671s

 55580 44373 1118.00929  168  199 1233.14000  338.67447  72.5%   227 5712s

 55868 44521  378.71926   36  352 1233.14000  338.67447  72.5%   227 5738s

 56020 44651  467.90798   51  378 1233.14000  338.72935  72.5%   228 5786s

 56154 44749  601.58314   60  238 1233.14000  338.72935  72.5%   229 5824s

 56252 45027  604.44369   61  219 1233.14000  338.72935  72.5%   229 5866s

 56530 45160  610.85672   61  232 1233.14000  338.72935  72.5%   228 5906s

 56677 45167  591.67064   60  230 1233.14000  338.72935  72.5%   228 5944s

 56686 45218 infeasible   61      1233.14000  338.79441  72.5%   229 5980s

 56750 45255  605.10716   62  238 1233.14000  338.79441  72.5%   228 6020s

 56787 45327  605.11695   63  238 1233.14000  338.79441  72.5%   228 6056s

 56865 45436  641.58832   63  217 1233.14000  338.79441  72.5%   229 6092s

 56987 45847  665.22786   67  218 1233.14000  338.79441  72.5%   229 6141s

 57456 46520  343.39948   37  353 1233.14000  338.79441  72.5%   228 6191s

 58210 47569  369.90633   55  316 1233.14000  338.79441  72.5%   227 6244s

 59400 48332  601.17167  192  205 1233.14000  338.79441  72.5%   226 6293s

 60279 49741  571.99036   86  289 1233.14000  338.79441  72.5%   226 6394s

 61844 50178  545.20567   65  412 1233.14000  338.90247  72.5%   225 6438s

 62314 50414  727.90342  150  247 1233.14000  338.90247  72.5%   224 6478s

 62555 50660 1091.10388  381  222 1233.14000  338.90247  72.5%   224 6534s

 62845 51725  476.31751   75  243 1233.14000  338.91872  72.5%   224 6604s

 64010 53287  400.54225   43  440 1233.14000  338.91872  72.5%   222 6667s

 65649 53752  595.60443  117  293 1233.14000  338.91872  72.5%   221 6722s

 66195 54686  764.56997  202  220 1233.14000  338.91922  72.5%   221 6776s

 67282 55430  529.54630   72  286 1233.14000  338.97072  72.5%   220 6833s

 68169 55720  368.49339   41  300 1233.14000  339.00253  72.5%   220 6873s

 68516 56093  667.01102   53  220 1233.14000  339.00253  72.5%   221 6928s

 68986 56667  702.22471   63  240 1233.14000  339.02263  72.5%   222 6979s

 69720 57708  347.12878   33  445 1233.14000  339.03361  72.5%   222 7041s

 70894 58529  363.18360   45  265 1233.14000  339.03361  72.5%   221 7101s

 71915 58945  354.53904   38  345 1233.14000  339.03361  72.5%   221 7145s

 72374 60644  424.68834   70  292 1233.14000  339.03361  72.5%   221 7195s

 74199 61213  880.70996  353  237 1233.14000  339.03361  72.5%   219 7242s

 74819 62783 1114.04925  518  166 1233.14000  339.03361  72.5%   218 7328s

 76515 63068  607.30304  153  401 1233.14000  339.17041  72.5%   217 7369s

 76810 64217  777.77902  187  240 1233.14000  339.17041  72.5%   217 7420s

 78085 64473  352.79619   29  306 1233.14000  339.17911  72.5%   217 7454s

 78439 64572  383.45774   36  383 1233.14000  339.18150  72.5%   217 7491s

 78583 64988  551.89026   67  306 1233.14000  339.18150  72.5%   217 7537s

 79002 65078  836.72686  134  286 1233.14000  339.18150  72.5%   217 7588s

 79098 65251  837.67717  135  301 1233.14000  339.18150  72.5%   217 7634s

 79272 65942  838.96841  136  277 1233.14000  339.18150  72.5%   218 7687s

 80016 66562  460.92734   46  345 1233.14000  339.18150  72.5%   217 7738s

 80705 67555  872.01108  108  229 1233.14000  339.18150  72.5%   217 7799s

 81878 68391  444.98183   63  411 1233.14000  339.20332  72.5%   217 7854s

 82940 68684  558.29872  107  242 1233.14000  339.22303  72.5%   217 7893s

 83235 70047  558.41422  108  256 1233.14000  339.22303  72.5%   217 7942s

 84663 70419  563.63827  109  232 1233.14000  339.24780  72.5%   215 7991s

 85082 71427  623.20856  118  225 1233.14000  339.24780  72.5%   215 8040s

 86283 71435  407.45475   53  316 1233.14000  339.24780  72.5%   215 8094s

 86291 71443  407.64141   54  329 1233.14000  339.24780  72.5%   215 8141s

 86299 71451  409.08205   55  324 1233.14000  339.24780  72.5%   215 8187s

 86307 71503  409.10567   56  326 1233.14000  339.24780  72.5%   215 8244s

 86359 71588  409.86146   57  326 1233.14000  339.24780  72.5%   215 8277s

 86455 71758  409.86146   58  323 1233.14000  339.24780  72.5%   215 8326s

 86629 71827  496.82206   84  335 1233.14000  339.24780  72.5%   215 8362s

 86710 72203  510.02852  104  357 1233.14000  339.26173  72.5%   215 8408s

 87103 73345  994.48924  207  196 1233.14000  339.26173  72.5%   215 8477s

 88491 73668  341.26093   36  562 1233.14000  339.28578  72.5%   215 8521s

 88931 73930  386.83998   63  305 1233.14000  339.28578  72.5%   215 8566s

 89265 74991  374.16225   35  319 1233.14000  339.28578  72.5%   216 8669s

 90462 75427  445.17604   59  418 1233.14000  339.28578  72.5%   216 8712s

 90913 76683  723.68481  128  229 1233.14000  339.28578  72.5%   217 8770s

 92318 76814  571.65913   89  166 1233.14000  339.36095  72.5%   216 8814s

 92464 77302  571.65927   90  160 1233.14000  339.36095  72.5%   216 8865s

 93033 77751  571.79776   91  158 1233.14000  339.36095  72.5%   216 8924s

 93550 79153  342.40697   41  522 1233.14000  339.39155  72.5%   216 8997s

 95114 79924  340.32188   32  567 1233.14000  339.40532  72.5%   216 9051s

 95950 80788  356.22893   70  248 1233.14000  339.40532  72.5%   216 9097s

 96884 81269  388.02632   89  301 1233.14000  339.40532  72.5%   217 9150s

 97389 82724  421.07843  122  260 1233.14000  339.40532  72.5%   217 9200s

 99012 83853  688.17997  193  180 1233.14000  339.40532  72.5%   216 9251s

 100230 84881  948.23095  111  177 1233.14000  339.43994  72.5%   216 9297s

 101470 85178  452.94205   84  308 1233.14000  339.46759  72.5%   215 9336s

 101789 86446  657.72328  148  227 1233.14000  339.46759  72.5%   215 9385s

 103173 86636  373.53090   41  444 1233.14000  339.46759  72.5%   214 9422s

 103370 86977  399.72746   78  395 1233.14000  339.49456  72.5%   214 9467s

 103749 87211  451.11090   36  466 1233.14000  339.49456  72.5%   214 9552s

 104044 90061  710.71447  111  229 1233.14000  339.49456  72.5%   214 9745s

 107273 91592  680.21433  152  298 1233.14000  339.57467  72.5%   214 9810s

 108945 91922  502.33254   53  431 1233.14000  339.59405  72.5%   213 9847s

 109283 93205  504.48176   54  453 1233.14000  339.59405  72.5%   213 9898s

 110672 93970  353.21572   38  460 1233.14000  339.59405  72.5%   212 9944s

 110970 93970  491.74688   34  466 1233.14000  339.59405  72.5%   212 9945s

 111462 94369  912.76957  128  203 1233.14000  339.59405  72.5%   212 9997s

 111957 94914  387.60956   40  264 1233.14000  339.59405  72.5%   213 10045s

 112529 95260  443.05807  118  248 1233.14000  339.59405  72.5%   213 10088s

 112900 97128  580.42520  196  174 1233.14000  339.59405  72.5%   213 10145s

 114993 97656  496.75137   57  308 1233.14000  339.63883  72.5%   212 10187s

 115548 98132 1127.63523  194  201 1233.14000  339.63883  72.5%   212 10228s

 116036 99075 1127.97676  195  204 1233.14000  339.63883  72.5%   211 10255s

 117031 99398 1128.20659  196  189 1233.14000  339.63883  72.5%   211 10297s

 117402 100210 1128.33587  197  193 1233.14000  339.63883  72.5%   211 10334s

 117901 100210 1136.59544  315  180 1233.14000  339.63883  72.5%   211 10335s

 118393 101365  940.53152   54  184 1233.14000  339.63883  72.5%   211 10428s

 119683 101633  992.49339  245  236 1233.14000  339.67472  72.5%   211 10468s

 119980 103446  349.16259   36  382 1233.14000  339.67472  72.5%   211 10532s

 121975 103664  635.09047  181  234 1233.14000  339.67568  72.5%   210 10556s

 122228 103912  784.91192  217  188 1233.14000  339.67568  72.5%   210 10596s

 122526 104299 infeasible   48      1233.14000  339.67568  72.5%   210 10624s

 122782 104299  373.03052   45  367 1233.14000  339.67568  72.5%   210 10625s

 122961 104469  550.08592   64  402 1233.14000  339.67568  72.5%   210 10668s

 123166 105124  637.14935   88  275 1233.14000  339.68671  72.5%   210 10709s

 123882 105433  368.67597   62  431 1233.14000  339.68671  72.5%   210 10752s

 124192 106728  406.35437   83  307 1233.14000  339.69907  72.5%   210 10786s

 125611 107245  344.95845   52  257 1233.14000  339.69907  72.5%   210 10834s

 126208 107588  357.82227   78  327 1233.14000  339.70457  72.5%   210 10872s

 126611 108101  368.40676   91  243 1233.14000  339.72574  72.5%   210 10921s

 127173 108971  408.98167  124  278 1233.14000  339.72574  72.5%   210 10966s

 128200 109217  624.72713  224  217 1233.14000  339.73561  72.4%   210 11002s

 128504 110250  823.21514  261  176 1233.14000  339.73561  72.4%   210 11038s

 129682 110547  591.69033  102  239 1233.14000  339.73561  72.4%   209 11083s

 130034 111321 1049.44913  150  184 1233.14000  339.73561  72.4%   210 11133s

 130932 111531  410.98651   78  309 1233.14000  339.76767  72.4%   210 11181s

 131162 111992  465.35584  113  222 1233.14000  339.76767  72.4%   210 11221s

 131633 112533  451.22866  114  224 1233.14000  339.76767  72.4%   210 11277s

 132228 112784  774.76978  170  225 1233.14000  339.76994  72.4%   210 11327s

 132565 112815  795.15021  171  231 1233.14000  339.76994  72.4%   211 11363s

 132596 112939  792.51320  171  230 1233.14000  339.76994  72.4%   211 11408s

 132720 113356  827.19961  167  228 1233.14000  339.76994  72.4%   211 11446s

 133217 113572  991.98026  194  188 1233.14000  339.76994  72.4%   210 11521s

 133549 113728  345.10775   34  541 1233.14000  339.76994  72.4%   211 11704s

 133736 115373  388.98261   41  377 1233.14000  339.77529  72.4%   211 11960s

 135588 117537  541.05210   78  437 1233.14000  339.81537  72.4%   213 12120s

 138214 118622  755.92039  205  329 1233.14000  339.81580  72.4%   214 12201s

 139414 119047  852.62998  205  231 1233.14000  339.84835  72.4%   214 12267s

 139892 119664  819.67397  206  300 1233.14000  339.84835  72.4%   214 12328s

 140525 120048  774.69651  206  332 1233.14000  339.84835  72.4%   214 12429s

 140934 120186 infeasible  225      1233.14000  339.84835  72.4%   214 12502s

 141128 120572  643.44812  108  240 1233.14000  339.84835  72.4%   214 12578s

 141643 121492  711.14279   68  282 1233.14000  339.85396  72.4%   214 12661s

 142775 123537  588.29451  123  203 1233.14000  339.86167  72.4%   215 12718s

 145020 124588  390.79361   65  329 1233.14000  339.89138  72.4%   214 12751s

 146226 124981  423.34596   60  261 1233.14000  339.89138  72.4%   214 12782s

 146683 126292 1020.69213  195  228 1233.14000  339.89138  72.4%   214 12818s

 148162 127482  726.01812  146  242 1233.14000  339.93165  72.4%   214 12856s

 149544 127735  605.27628  102  280 1233.14000  339.93876  72.4%   214 12875s

 149797 128505  605.27628  103  276 1233.14000  339.93876  72.4%   214 12898s

 150691 129305  881.21842  127  340 1233.14000  339.95779  72.4%   214 12922s

 151611 129710 1007.85134  154  265 1233.14000  339.95779  72.4%   214 12945s

 152028 130337 1008.62327  155  276 1233.14000  339.97751  72.4%   214 12967s

 152703 131421  344.93452   37  525 1233.14000  339.97751  72.4%   214 12994s

 153536 131421  721.73269  148  222 1233.14000  339.97751  72.4%   214 12995s

 153974 132410 1191.97179  180  167 1233.14000  339.99485  72.4%   214 13019s

 155051 132656  517.82353   76  293 1233.14000  340.00694  72.4%   214 13043s

 155382 133038  388.29108   52  368 1233.14000  340.00694  72.4%   214 13067s

 155770 133690  497.70294   85  325 1233.14000  340.00694  72.4%   214 13091s

 156454 134571  760.50606  157  271 1233.14000  340.00694  72.4%   214 13118s

 157427 135156  359.33234   45  416 1233.14000  340.00694  72.4%   214 13141s

 158044 135657  429.91172   66  304 1233.14000  340.00694  72.4%   214 13162s

 158558 136458  440.67428   74  340 1233.14000  340.00694  72.4%   214 13187s

 159584 137421  594.65596  111  208 1233.14000  340.04638  72.4%   215 13212s

 160655 138032  723.43391  145  166 1233.14000  340.04835  72.4%   214 13238s

 161339 138704  342.14738   37  535 1233.14000  340.04835  72.4%   214 13263s

 162058 139421  578.93528  115  244 1233.14000  340.04835  72.4%   214 13283s

 162805 140148  947.84167  259  248 1233.14000  340.04835  72.4%   214 13322s

 163578 140800  666.02056   96  253 1233.14000  340.04984  72.4%   214 13352s

 164337 141987  644.59830  141  290 1233.14000  340.07827  72.4%   214 13387s

 165604 142524  816.91646  111  182 1233.14000  340.07827  72.4%   214 13414s

 166278 143862  383.45323   68  377 1233.14000  340.10474  72.4%   214 13447s

 167762 144637  348.15403   34  336 1233.14000  340.10474  72.4%   214 13472s

 168706 145681  676.49506   64  221 1233.14000  340.10474  72.4%   215 13499s

 169250 145681  620.58695   70  340 1233.14000  340.11322  72.4%   215 13500s

 170001 146052  542.83496   68  172 1233.14000  340.15398  72.4%   215 13521s

 170454 147048  353.86626   59  337 1233.14000  340.15446  72.4%   215 13545s

 171509 148669  631.94356  227  280 1233.14000  340.15446  72.4%   215 13571s

 173245 149451  366.93045   61  345 1233.14000  340.15446  72.4%   214 13593s

 174109 149518  668.92290  152  223 1233.14000  340.15446  72.4%   214 13618s

 174176 149868  669.02078  153  217 1233.14000  340.15446  72.4%   214 13637s

 174542 150468  869.36008  250  176 1233.14000  340.15446  72.4%   214 13657s

 175237 150476  570.60048   80  247 1233.14000  340.15446  72.4%   214 13689s

 175245 150570  570.84963   81  238 1233.14000  340.15446  72.4%   214 13713s

 175339 150655  571.91799   82  211 1233.14000  340.15446  72.4%   214 13736s

 175452 150693  572.14368   83  205 1233.14000  340.15446  72.4%   214 13760s

 175490 150769  572.59483   84  216 1233.14000  340.15446  72.4%   214 13784s

 175569 150854  573.39012   85  231 1233.14000  340.15446  72.4%   214 13810s

 175680 151046  648.91915   99  261 1233.14000  340.15446  72.4%   214 13834s

 175885 151448  348.80566   26  394 1233.14000  340.15446  72.4%   214 13858s

 176337 151923  423.60192   33  348 1233.14000  340.15446  72.4%   214 13881s

 176859 152931  561.27927   40  331 1233.14000  340.15446  72.4%   214 13909s

 178025 154453  349.96520   30  428 1233.14000  340.15446  72.4%   214 13947s

 179661 154657  592.93387  101  328 1233.14000  340.15446  72.4%   214 13963s

 179865 154950  630.26567  141  275 1233.14000  340.15446  72.4%   214 13984s

 180160 155556 1128.78199  335  245 1233.14000  340.15446  72.4%   214 14004s

 180820 155771  482.48715  130  261 1233.14000  340.15446  72.4%   214 14023s

 181070 157052  545.16282  196  253 1233.14000  340.15446  72.4%   214 14049s

 182444 157514  390.91929   75  320 1233.14000  340.22432  72.4%   213 14069s

 182943 158635  575.75183  136  290 1233.14000  340.22432  72.4%   213 14093s

 184144 159552  372.45898   48  415 1233.14000  340.22432  72.4%   213 14118s

 185125 159988  891.67178  128  312 1233.14000  340.22432  72.4%   213 14139s

 185590 160914  481.70489   40  350 1233.14000  340.22432  72.4%   213 14162s

 186601 162014  620.06749  122  243 1233.14000  340.22432  72.4%   213 14186s

 187835 162383  344.64800   32  532 1233.14000  340.23302  72.4%   213 14204s

 188218 163279  366.70350   46  465 1233.14000  340.23302  72.4%   213 14228s

 189197 164091  520.09545  103  239 1233.14000  340.23302  72.4%   213 14252s

 190163 164970  364.64793   38  537 1233.14000  340.23302  72.4%   213 14275s

 191169 165090  347.05986   28  517 1233.14000  340.23302  72.4%   213 14295s

 191303 165759  405.91132   48  341 1233.14000  340.23302  72.4%   213 14315s

 192108 166254  640.11605  121  325 1233.14000  340.29006  72.4%   213 14336s

 192648 167833  784.45163  199  275 1233.14000  340.29006  72.4%   213 14374s

 194349 168130 1185.49094  191  107 1233.14000  340.29006  72.4%   213 14391s

 194668 168262  522.81023   53  345 1233.14000  340.29006  72.4%   213 14400s



Cutting planes:

  Learned: 12

  Gomory: 25

  Lift-and-project: 6

  Cover: 111

  Implied bound: 433

  Projected implied bound: 13

  Clique: 395

  MIR: 551

  Mixing: 56

  StrongCG: 43

  Flow cover: 704

  GUB cover: 5

  Zero half: 898

  RLT: 41

  Relax-and-lift: 387



Explored 194802 nodes (41537240 simplex iterations) in 14400.19 seconds (13994.58 work units)

Thread count was 16 (of 16 available processors)



Solution count 10: 1233.14 1243.94 1254.16 ... 1346.41



Time limit reached

Best objective 1.233140000000e+03, best bound 3.402900646188e+02, gap 72.4046%



AMPL MP initial flat model has 21473 variables (0 integer, 21373 binary);

Objectives: 1 quadratic; 

Constraints:  4209 linear; 15 quadratic;



AMPL MP final model has 21473 variables (0 integer, 21373 binary);

Objectives: 1 quadratic; 

Constraints:  4209 linear; 15 quadratic;





-----RESULTS INFO-----
running_time:  14402.234
TC.best_bound:  340.2900646187836
TC:  1233.14
MIP Gap (%):  72.40458791225784
=== Vehicle Routes ===
Vehicle 1: 0 → 1
Vehicle 1: 1 → 4
Vehicle 1: 4 → 7
Vehicle 1: 6 → 74
Vehicle 1: 7 → 10
Vehicle 1: 10 → 19
Vehicle 1: 19 → 6
Vehicle 2: 0 → 2
Vehicle 2: 2 → 5
Vehicle 2: 3 → 58
Vehicle 2: 5 → 3
Vehicle 2: 15 → 74
Vehicle 2: 44 → 15
Vehicle 2: 58 → 44
Vehicle 3: 0 → 14
Vehicle 3: 8 → 74
Vehicle 3: 9 → 8
Vehicle 3: 14 → 16
Vehicle 3: 16 → 18
Vehicle 3: 18 → 69
Vehicle 3: 69 → 9
Vehicle 4: 0 → 12
Vehicle 4: 11 → 71
Vehicle 4: 12 → 11
Vehicle 4: 20 → 74
Vehicle 4: 71 → 20
Vehicle 5: 0 → 17
Vehicle 5: 13 → 64
Vehicle 5: 17 → 13
Vehicle 5: 64 → 74
Vehicle 6: 0 → 21
Vehicle 6: 21 → 54
Vehicle 6: 46 → 74
Vehicle 6: 54 → 46
Vehicle 7: 0 → 61
Vehicle 7: 61 → 65
Vehicle 7: 65 → 74
Vehicle 8: 0 → 67
Vehicle 8: 67 → 70
Vehicle 8: 70 → 74
Vehicle 9: 0 → 72
Vehicle 9: 72 → 74

=== Full Vehicle Routes ===
Vehicle 1: 0 → 1 → 4 → 7 → 10 → 19 → 6 → 0 (98<100)
Vehicle 2: 0 → 2 → 5 → 3 → 58 → 44 → 15 → 0 (98<100)
Vehicle 3: 0 → 14 → 16 → 18 → 69 → 9 → 8 → 0 (100<100)
Vehicle 4: 0 → 12 → 11 → 71 → 20 → 0 (99<100)
Vehicle 5: 0 → 17 → 13 → 64 → 0 (99<100)
Vehicle 6: 0 → 21 → 54 → 46 → 0 (66<100)
Vehicle 7: 0 → 61 → 65 → 0 (97<100)
Vehicle 8: 0 → 67 → 70 → 0 (98<100)
Vehicle 9: 0 → 72 → 0 (93<100)
Arc used by MRT line: y variables:
MRT used: 69 → 68
Customer assigment to PL: u variables:
22 72
23 72
24 65
25 68
26 72
27 70
28 70
29 70
30 72
31 72
32 71
33 64
34 70
35 65
36 67
37 64
38 71
39 71
40 64
41 67
42 65
43 72
45 67
47 65
48 72
49 68
50 65
51 67
52 70
53 68
55 67
56 65
57 72
59 67
60 70
62 65
63 72
Node is served by regular vehicle: g variables:
1
2
3
4
5
6
7
8
9
10
11
12
13
14
15
16
17
18
19
20
21
44
46
54
58
61
70
71
72
64
65
67
69
Customer assigment to Home delivery: gm variables:
1
2
3
4
5
6
7
8
9
10
11
12
13
14
15
16
17
18
19
20
21
44
46
54
58
61
Node total demands: ntd variables:
1 17 1
2 5 1
3 8 1
4 16 1
5 3 1
6 26 1
7 23 1
8 18 1
9 5 1
10 8 1
11 13 1
12 19 1
13 19 1
14 17 1
15 54 1
16 8 1
17 18 1
18 12 1
19 8 1
20 19 1
21 16 1
43 0 0
44 19 1
45 0 0
46 24 1
47 0 0
48 0 0
49 0 0
50 0 0
51 0 0
52 0 0
53 0 0
54 26 1
55 0 0
56 0 0
57 0 0
58 9 1
59 0 0
60 0 0
61 26 1
62 0 0
63 0 0
70 37 1
71 48 1
72 93 1
73 0 0
64 62 1
65 71 1
66 0 0
67 61 1
68 0 0
69 40 1
Customer's demand delivered to PL: l variables:
22
23
24
25
26
27
28
29
30
31
32
33
34
35
36
37
38
39
40
41
42
43
45
47
48
49
50
51
52
53
55
56
57
59
60
62
63
Lockers load <= capacity:
37 <= 70
48 <= 95
93 <= 94
0 <= 100
62 <= 96
71 <= 97
0 <= 98
61 <= 98
40 <= 70
0 <= 100
