Gurobi 12.0.0:   lim:time = 14400

  mip:bestbound = 1

Set parameter LogToConsole to value 1

  tech:outlev = 1

Set parameter Cuts to value 3

  cut:cuts = 3

Set parameter Presolve to value 2

  pre:solve = 2

Set parameter MIPFocus to value 2

  mip:focus = 2

Set parameter Symmetry to value 2

  mip:symmetry = 2

Set parameter InfUnbdInfo to value 1

Gurobi Optimizer version 12.0.0 build v12.0.0rc1 (win64 - Windows 11.0 (26100.2))



CPU model: 11th Gen Intel(R) Core(TM) i7-11700 @ 2.50GHz, instruction set [SSE2|AVX|AVX2|AVX512]

Thread count: 8 physical cores, 16 logical processors, using up to 16 threads



Non-default parameters:

TimeLimit  14400

MIPFocus  2

Symmetry  2

Cuts  3

InfUnbdInfo  1

Presolve  2



Optimize a model with 4414 rows, 22416 columns and 142863 nonzeros

Model fingerprint: 0x13f62cb1

Model has 10 quadratic constraints

Variable types: 103 continuous, 22313 integer (0 binary)

Coefficient statistics:

  Matrix range     [1e+00, 1e+05]

  QMatrix range    [1e+00, 1e+00]

  QLMatrix range   [1e+00, 3e+01]

  Objective range  [1e+00, 1e+02]

  Bounds range     [1e+00, 1e+02]

  RHS range        [1e+00, 1e+05]

  QRHS range       [1e+02, 1e+02]

Presolve removed 164 rows and 546 columns (presolve time = 5s)...

Presolve removed 163 rows and 545 columns

Presolve time: 7.85s

Presolved: 17911 rows, 35521 columns, 176234 nonzeros

Variable types: 53 continuous, 35468 integer (31355 binary)

Root relaxation presolve removed 154 rows and 1 columns

Root relaxation presolved: 14491 rows, 32374 columns, 376457 nonzeros



Deterministic concurrent LP optimizer: primal and dual simplex

Showing primal log only...





Root simplex log...



Iteration    Objective       Primal Inf.    Dual Inf.      Time

       0    8.6310000e+02   2.895368e+02   5.552210e+09     24s

Concurrent spin time: 0.09s



Solved with dual simplex



Root simplex log...



Iteration    Objective       Primal Inf.    Dual Inf.      Time

    1834    2.3883061e+02   0.000000e+00   0.000000e+00     25s



Root relaxation: objective 2.388306e+02, 1834 iterations, 0.85 seconds (0.60 work units)

Total elapsed time = 26.66s (DegenMoves)



    Nodes    |    Current Node    |     Objective Bounds      |     Work

 Expl Unexpl |  Obj  Depth IntInf | Incumbent    BestBd   Gap | It/Node Time



     0     0  238.83061    0  226          -  238.83061      -     -   27s

     0     0  284.64012    0  231          -  284.64012      -     -   31s

     0     0  284.64012    0  274          -  284.64012      -     -   31s

     0     0  284.64012    0  284          -  284.64012      -     -   32s

     0     0  298.61621    0  261          -  298.61621      -     -   32s

     0     0  298.61621    0  249          -  298.61621      -     -   32s

     0     0  298.61621    0  275          -  298.61621      -     -   36s

     0     0  300.29813    0  249          -  300.29813      -     -   36s

     0     0  303.10301    0  277          -  303.10301      -     -   37s

     0     0  303.15006    0  281          -  303.15006      -     -   37s

     0     0  307.04868    0  306          -  307.04868      -     -   40s

     0     0  307.30781    0  316          -  307.30781      -     -   41s

     0     0  310.76571    0  334          -  310.76571      -     -   45s

     0     0  311.69408    0  785          -  311.69408      -     -   46s

     0     0  311.99342    0  449          -  311.99342      -     -   47s

     0     0  315.78883    0  346          -  315.78883      -     -   54s

     0     0  316.59784    0  398          -  316.59784      -     -   55s

     0     0  316.59784    0  363          -  316.59784      -     -   55s

     0     0  316.59869    0  388          -  316.59869      -     -   58s

     0     0  316.59869    0  384          -  316.59869      -     -   60s

     0     2  316.64375    0  364          -  316.64375      -     -   65s

    23    39  329.37202    5  374          -  316.69824      -  1135   71s

    76    92  330.22916    8  752          -  316.69824      -   883   75s

   186   201  330.30390   13  302          -  316.69824      -   529   80s

   279   303  341.49631   27  270          -  316.69824      -   450   85s

   462   501  341.50283   56  266          -  316.69824      -   333   90s

   677   762  341.50815  104  333          -  316.69824      -   268   95s

  1046  1099  365.34599  175  277          -  316.69824      -   202  100s

  1372  1411  391.42708  191  253          -  316.69824      -   186  105s

  1680  1709  393.95124  206  333          -  316.69824      -   176  111s

  1935  1995  393.95231  220  323          -  316.69824      -   173  115s

  2306  2405  394.11052  253  374          -  316.72531      -   160  121s

  2620  2698  395.14761  293  325          -  316.72531      -   150  126s

  2955  2896  395.22388  369  322          -  316.72531      -   141  132s

  3122  3166  411.37909  388  330          -  316.72531      -   141  137s

  3471  3575  413.84258  437  305          -  316.72531      -   135  142s

  3695  3771  413.93378  475  290          -  316.72531      -   131  145s

  4089  4163  439.83115  530  268          -  316.72531      -   127  150s

  4501  4514  447.56084  627  242          -  316.72531      -   124  155s

  4921  4824  486.44269  710  222          -  316.72531      -   121  162s

  5046  5002  491.47028  746  197          -  316.72531      -   122  165s

  5498  5502  551.39147  839  234          -  316.72531      -   120  173s

  5764  5813  553.96158  888  257          -  316.72531      -   118  177s

  6087  6149  557.00015  957  247          -  316.72531      -   115  182s

  6430  6500  559.29242 1021  270          -  316.72531      -   112  186s

  6824  6835  580.34653 1083  269          -  316.72531      -   110  192s

  7168  6974  586.70299 1150  235          -  316.72531      -   108  196s

  7321  6975  356.75190   17 7323          -  316.72531      -   109  208s

  7323  6976  907.11797  296  279          -  316.72531      -   109  216s

  7324  6977  348.00868  171  256          -  316.72531      -   109  236s

  7325  6978  412.87389  174  376          -  316.72531      -   109  244s

  7326  6978  413.50552  407  293          -  316.72531      -   109  253s

  7327  6979  398.72749  172  895          -  316.72531      -   109  263s

  7328  6980  721.58552  556  417          -  316.72531      -   109  271s

  7329  6980  447.24176  559  310          -  317.77003      -   109  285s

  7330  6981  418.65197  148  276          -  317.77005      -   109  313s

  7331  6982 1046.83060 1183  517          -  317.77026      -   109  366s

H 7331  6632                    2159.9600000  317.77118  85.3%   109  392s

H 7331  6300                    2159.5100000  317.77118  85.3%   109  392s

H 7331  5985                    2129.9800000  317.77118  85.1%   109  392s

H 7332  5686                    2087.4600000  317.78293  84.8%   109  427s

H 7332  5401                    2087.1400000  317.78293  84.8%   109  427s

H 7332  5131                    2083.8100000  317.78293  84.7%   109  427s

H 7332  4874                    2083.1100000  317.78293  84.7%   109  427s

H 7332  4630                    2082.7500000  317.78293  84.7%   109  427s

H 7332  4399                    2080.3500000  317.78293  84.7%   109  427s

H 7332  4178                    2079.9500000  317.78293  84.7%   109  427s

H 7332  3969                    2072.7000000  317.78293  84.7%   109  427s

H 7332  3771                    2069.4700000  317.78293  84.6%   109  427s

H 7332  3582                    2067.0700000  317.78293  84.6%   109  427s

  7333  3583  344.04542  137  353 2067.07000  317.78293  84.6%   109  432s

H 7333  3403                    2020.3100000  317.80510  84.3%   109  476s

H 7333  3233                    1937.0500000  317.80510  83.6%   109  476s

H 7333  3071                    1906.4900000  317.80510  83.3%   109  476s

  7334  3072  921.57419  913  384 1906.49000  317.80510  83.3%   109  481s

H 7334  2918                    1905.6700000  317.80956  83.3%   109  519s

H 7334  2772                    1899.0100000  317.80956  83.3%   109  519s

H 7334  2633                    1897.5700000  317.80956  83.3%   109  519s

H 7334  2501                    1895.8600000  317.80956  83.2%   109  519s

  7335  2501  389.56839   45  445 1895.86000  317.80956  83.2%   109  530s

H 7335  2376                    1888.2300000  317.80974  83.2%   109  566s

H 7335  2257                    1878.7000000  317.80974  83.1%   109  566s

H 7335  2144                    1876.1400000  317.80974  83.1%   109  566s

  7336  2145  806.16672  636  426 1876.14000  317.80974  83.1%   109  575s

  7337  2146  324.03868   98  311 1876.14000  317.81667  83.1%   109  585s

H 7337  2038                    1875.7400000  317.83186  83.1%   109  627s

H 7337  1936                    1871.5700000  317.83186  83.0%   109  627s

H 7337  1839                    1861.8500000  317.83186  82.9%   109  627s

H 7337  1747                    1857.1200000  317.83186  82.9%   109  627s

  7338  1747  419.56065  479  536 1857.12000  317.83186  82.9%   109  635s

  7339  1748  640.04171  148  531 1857.12000  317.83225  82.9%   109  656s

H 7339  1660                    1850.1400000  317.83278  82.8%   109  699s

  7340  1661  579.42168 1068  537 1850.14000  317.83279  82.8%   109  717s

H 7340  1578                    1824.7600000  317.83493  82.6%   109  751s

  7341  1578  821.58782  669  516 1824.76000  317.83493  82.6%   109  758s

  7342  1579 1119.06866  624  421 1824.76000  317.85726  82.6%   109  798s

  7343  1580  488.34753  729  278 1824.76000  317.86333  82.6%   109  848s

H 7343  1500                    1717.7600000  317.86970  81.5%   109  865s

H 7344  1425                    1680.3600000  317.93474  81.1%   109  904s

H 7344  1353                    1638.9200000  317.93474  80.6%   109  904s

H 7344  1285                    1636.2400000  317.93474  80.6%   109  904s

H 7344  1220                    1635.0400000  317.93474  80.6%   109  904s

H 7344  1159                    1633.4400000  317.93474  80.5%   109  904s

  7345  1160  830.07406  673  389 1633.44000  317.93474  80.5%   109  917s

H 7345  1102                    1627.9000000  317.95455  80.5%   109  951s

H 7345  1046                    1624.9500000  317.95455  80.4%   109  963s

H 7345   993                    1623.6800000  317.95455  80.4%   109  963s

H 7345   943                    1622.4400000  317.95455  80.4%   109  964s

  7347   944  359.60253   86  466 1622.44000  317.97415  80.4%   109 1020s

  7348   945  616.57177  301  440 1622.44000  318.01348  80.4%   109 1031s

  7349   946  545.63455  209  481 1622.44000  318.17178  80.4%   109 1083s

H 7349   898                    1606.7400000  318.31070  80.2%   109 1097s

H 7349   853                    1596.4300000  318.31070  80.1%   109 1097s

H 7349   810                    1594.1700000  318.31070  80.0%   109 1102s

H 7349   769                    1592.2100000  318.31070  80.0%   109 1102s

H 7349   730                    1590.9700000  318.31070  80.0%   109 1102s

  7351   731  693.39585  251  422 1590.97000  318.34057  80.0%   109 1107s

  7352   732  556.53293  936  382 1590.97000  318.45653  80.0%   109 1155s

  7353   732  364.31791   97  461 1590.97000  318.48864  80.0%   109 1205s

H 7353   695                    1589.6200000  318.85436  79.9%   109 1257s

H 7353   660                    1588.3800000  318.85436  79.9%   109 1257s

  7355   662  488.38990  733  562 1588.38000  318.85436  79.9%   109 1305s

  7356   662  413.93421  482  435 1588.38000  318.89760  79.9%   109 1364s

  7357   663  804.43568  660  423 1588.38000  318.89760  79.9%   109 1418s

  7358   664  374.10069  100  410 1588.38000  318.97395  79.9%   109 1465s

  7359   664  353.15935  147  447 1588.38000  318.97547  79.9%   109 1491s

  7360   665  949.14100  979  428 1588.38000  318.99754  79.9%   109 1541s

  7361   666 1111.79976  611  469 1588.38000  319.05070  79.9%   109 1598s

  7362   666  341.15988   15  442 1588.38000  319.15391  79.9%   109 1657s

  7363   667  585.15181 1135  405 1588.38000  319.15391  79.9%   109 1704s

  7364   668  442.59573  551  413 1588.38000  319.66292  79.9%   109 1741s

H 7364   633                    1575.4400000  319.66292  79.7%   109 1783s

H 7364   601                    1553.6400000  319.66292  79.4%   109 1783s

H 7365   570                    1533.6700000  319.86573  79.1%   109 1830s

  7367   572 1046.36664 1182  497 1533.67000  319.95353  79.1%   109 1852s

  7368   572  348.78666   39  384 1533.67000  319.98021  79.1%   109 1901s

  7369   573  711.10693  270  432 1533.67000  320.02878  79.1%   109 1944s

H 7369   544                    1512.3900000  320.03517  78.8%   109 1987s

H 7369   516                    1493.7800000  320.03517  78.6%   109 1987s

H 7369   489                    1473.5400000  320.05219  78.3%   109 1994s

H 7369   464                    1465.4800000  320.05219  78.2%   109 1994s

H 7369   440                    1465.0500000  320.05219  78.2%   109 1994s

H 7369   417                    1464.8800000  320.05219  78.2%   109 1995s

H 7369   395                    1464.4500000  320.05219  78.1%   109 1996s

  7371   396  469.06442  158  455 1464.45000  320.06966  78.1%   108 2048s

  7372   397  359.03967   67  560 1464.45000  320.13131  78.1%   108 2090s

  7373   398  581.05475 1085  442 1464.45000  320.13367  78.1%   108 2137s

H 7373   378                    1461.5300000  320.34146  78.1%   108 2194s

H 7373   358                    1451.4400000  320.34146  77.9%   108 2196s

H 7373   339                    1436.7300000  320.34146  77.7%   108 2197s

  7375   340  710.68934  442  528 1436.73000  320.45225  77.7%   108 2249s

  7376   341  439.83547  538  374 1436.73000  320.81157  77.7%   108 2267s

  7377   341  635.91664  872  445 1436.73000  320.98691  77.7%   108 2313s

H 7377   323                    1414.8500000  321.22262  77.3%   108 2375s

H 7377   306                    1413.4200000  321.22262  77.3%   108 2375s

  7379   308  349.86729   69  473 1413.42000  321.35241  77.3%   108 2427s

  7380   308  442.45660  557  506 1413.42000  321.67410  77.2%   108 2480s

  7381   309  379.19247  104  488 1413.42000  321.70258  77.2%   108 2532s

H 7381   292                    1411.9300000  321.73869  77.2%   108 2580s

H 7381   277                    1411.2700000  321.73869  77.2%   108 2584s

H 7381   262                    1411.1100000  321.73869  77.2%   108 2584s

  7382   263  432.03457   82  513 1411.11000  321.73869  77.2%   108 2585s

  7383   263  614.09390  239  517 1411.11000  321.73869  77.2%   108 2633s

H 7383   249                    1409.7200000  322.03220  77.2%   108 2691s

  7385   251  617.11629  341  468 1409.72000  322.06009  77.2%   108 2734s

  7386   251  397.76525  321  456 1409.72000  322.12555  77.1%   108 2759s

  7387   252  394.26863  274  537 1409.72000  322.21158  77.1%   108 2807s

  7388   253  374.80931  366  600 1409.72000  322.29946  77.1%   108 2812s

  7389   253  362.03862  146  653 1409.72000  322.35891  77.1%   108 2817s

H 7389   239                    1408.9900000  322.55710  77.1%   108 2824s

  7391   241  709.52300  220  638 1408.99000  322.56437  77.1%   108 2829s

  7392   241  661.24341  268  728 1408.99000  322.71015  77.1%   108 2836s

  7393   242  733.80096  236  686 1408.99000  322.73691  77.1%   108 2842s

H 7393   229                    1408.3100000  322.79732  77.1%   108 2848s

H 7393   216                    1403.1200000  322.79732  77.0%   108 2849s

  7394   217  442.69946  570  661 1403.12000  322.79732  77.0%   108 2850s

  7395   217  675.42824  354  672 1403.12000  322.81051  77.0%   108 2855s

  7396   218  377.40789  139 1134 1403.12000  322.82353  77.0%   108 2863s

  7397   219  554.11250  869 1157 1403.12000  322.82370  77.0%   108 2866s

  7398   219  450.92774  655  638 1403.12000  322.92899  77.0%   108 2872s

  7399   220  615.37607  273  686 1403.12000  323.00218  77.0%   108 2876s

  7400   221  605.60628   83  687 1403.12000  323.06923  77.0%   108 2882s

  7401   221  364.72802   36  779 1403.12000  323.12972  77.0%   108 2885s

  7402   222  616.54664  321 1182 1403.12000  323.17992  77.0%   108 2890s

  7403   223  492.43022  735 1143 1403.12000  323.17992  77.0%   108 2896s

  7404   223  492.17396  753  712 1403.12000  323.21027  77.0%   108 2902s

H 7405   211                    1379.9200000  323.27765  76.6%   108 2957s

  7407   212  512.49893  228  586 1379.92000  323.30302  76.6%   108 3033s

  7408   213  379.99868  140  982 1379.92000  323.30899  76.6%   108 3079s

  7409   214  359.90236  117  994 1379.92000  323.30977  76.6%   108 3110s

  7410   214  346.03599   13  992 1379.92000  323.30984  76.6%   108 3173s

  7411   215  354.11293   19  991 1379.92000  323.30984  76.6%   108 3233s

  7412   216  358.83232   24 1004 1379.92000  323.31406  76.6%   108 3279s

H 7412   204                    1374.1700000  323.31661  76.5%   108 3328s

H 7413   192                    1372.3400000  323.32287  76.4%   108 3370s

  7415   194  342.40415   91 1126 1372.34000  323.32802  76.4%   108 3377s

H 7415   183                    1358.9300000  323.53989  76.2%   108 3384s

  7417   184  617.78808  397  556 1358.93000  323.55797  76.2%   108 3424s

H 7417   173                    1348.3700000  323.58182  76.0%   108 3483s

  7418   174  364.31791   98  609 1348.37000  323.58182  76.0%   108 3486s

  7419   174  923.07816  854  597 1348.37000  323.58182  76.0%   108 3531s

  7420   175  383.53729   67  565 1348.37000  323.60529  76.0%   108 3584s

  7421   176  356.75190   17  559 1348.37000  323.60682  76.0%   108 3626s

H 7421   166                    1347.6300000  323.61574  76.0%   108 3679s

  7422   166  565.19367  183  733 1347.63000  323.62356  76.0%   108 3683s

H 7422   156                    1346.5300000  323.62356  76.0%   108 3734s

  7423   157  907.11797  296  718 1346.53000  323.62356  76.0%   108 3735s

H 7423   147                    1345.3300000  323.63708  75.9%   108 3789s

  7424   148  348.00868  171  691 1345.33000  323.63708  75.9%   108 3790s

  7425   148  412.87389  174  566 1345.33000  323.68675  75.9%   108 3835s

H 7425   139                    1345.2000000  323.70406  75.9%   108 3882s

H 7425   130                    1339.1300000  323.70406  75.8%   108 3882s

H 7425   122                    1336.2500000  323.70406  75.8%   108 3883s

H 7425   114                    1323.1800000  323.70406  75.5%   108 3884s

  7426   115  413.50552  407  543 1323.18000  323.70406  75.5%   108 3887s

  7427   116  398.72749  172  744 1323.18000  323.86513  75.5%   108 3948s

H 7427   108                    1253.6000000  323.86513  74.2%   108 4011s

H 7428   101                    1246.4900000  323.89131  74.0%   108 4060s

H 7428    94                    1242.2700000  323.89131  73.9%   108 4060s

H 7429    89                    1236.5900000  323.89828  73.8%   108 4128s

H 7429    82                    1216.7300000  323.89828  73.4%   108 4135s

H 7429    76                    1210.0700000  323.89828  73.2%   108 4137s

H 7429    71                    1209.1500000  323.89828  73.2%   108 4140s

  7431    72 1046.83060 1183  646 1209.15000  323.92254  73.2%   108 4210s

  7432    73  618.08776  409  539 1209.15000  323.93532  73.2%   108 4256s

  7433    74  344.04542  137  542 1209.15000  323.93532  73.2%   108 4299s

  7434    74  921.57419  913  526 1209.15000  323.93532  73.2%   108 4335s

  7435    75  389.56839   45  525 1209.15000  323.93532  73.2%   108 4374s

  7436    76  806.16672  636  686 1209.15000  324.07927  73.2%   108 4381s

  7437    76  324.10686   98  646 1209.15000  324.10686  73.2%   108 4428s

  7438    77  419.56065  479  561 1209.15000  324.18020  73.2%   108 4477s

  7439    78  640.04171  148  559 1209.15000  324.18020  73.2%   107 4521s

  7440    78  579.42168 1068  612 1209.15000  324.24717  73.2%   107 4526s

  7442    80 1119.06866  624  696 1209.15000  324.27756  73.2%   107 4531s

  7444    81  983.20006  989  745 1209.15000  324.31505  73.2%   107 4537s

  7446    82  674.21837  275  765 1209.15000  324.31532  73.2%   107 4541s

  7448    84  616.57177  301  729 1209.15000  324.33575  73.2%   107 4547s

  7450    85  695.49474  354  755 1209.15000  324.33816  73.2%   107 4551s

  7452    86  556.53293  936  745 1209.15000  324.33816  73.2%   107 4557s

  7454    88  416.86649  451  768 1209.15000  324.34730  73.2%   107 4562s

  7456    89  413.93421  482  755 1209.15000  324.37477  73.2%   107 4566s

  7458    90  374.10069  100  748 1209.15000  324.41107  73.2%   107 4571s

  7460    92  949.14100  979  735 1209.15000  324.46005  73.2%   107 4577s

  7462    93  341.15988   15  755 1209.15000  324.47662  73.2%   107 4582s

  7463    94  585.15181 1135  813 1209.15000  324.47662  73.2%   107 4585s

  7465    95  341.63267   50  780 1209.15000  324.47662  73.2%   107 4590s

  7468    97  348.78666   39  688 1209.15000  324.49502  73.2%   107 4597s

  7470    98  324.53737   95  775 1209.15000  324.53737  73.2%   107 4600s

  7472   100  359.03967   67  811 1209.15000  324.55040  73.2%   107 4605s

  7476   102  439.83547  538  839 1209.15000  324.59130  73.2%   107 4612s

  7478   104 1108.97398  597  831 1209.15000  324.59934  73.2%   107 4615s

  7481   106  379.19247  104  842 1209.15000  324.61772  73.2%   107 4621s

  7484   108  503.21050   91  871 1209.15000  324.63076  73.2%   107 4626s

  7487   110  394.26863  274  868 1209.15000  324.63238  73.2%   107 4631s

  7489   111  362.03862  146  848 1209.15000  324.64243  73.2%   107 4635s

  7492   113  661.24341  268  851 1209.15000  324.65484  73.2%   107 4641s

  7495   115  675.42824  354  868 1209.15000  324.68292  73.1%   107 4646s

  7497   116  554.11250  869  862 1209.15000  324.69038  73.1%   107 4650s

  7500   118  605.60628   83  870 1209.15000  324.69420  73.1%   107 4656s

  7505   123  652.36078  237 7323 1209.15000  324.69420  73.1%   140 4667s

  7507   124  512.49893  228  689 1209.15000  324.69420  73.1%   140 4674s

  7508   125  379.99868  140 1205 1209.15000  324.69420  73.1%   140 4679s

  7509   126  359.90236  117  374 1209.15000  324.69420  73.1%   140 4684s

  7510   126  346.03599   13  878 1209.15000  324.77556  73.1%   140 4756s

  7511   127  354.11293   19  787 1209.15000  324.77556  73.1%   140 4787s

  7512   128  358.83232   24  499 1209.15000  324.77556  73.1%   140 4801s

  7513   128  360.04280  194  514 1209.15000  324.77556  73.1%   139 4846s

  7514   129  482.09000  681  350 1209.15000  324.77556  73.1%   139 4879s

  7515   130  342.40415   91  586 1209.15000  324.77556  73.1%   139 4933s

  7516   130  711.77115  454  526 1209.15000  324.77556  73.1%   139 4976s

H 7516   123                    1198.8800000  324.77556  72.9%   139 5062s

H 7516   116                    1181.1700000  324.77556  72.5%   139 5062s

H 7516   110                    1174.7500000  324.77556  72.4%   139 5062s

H 7516   105                    1167.3400000  324.77556  72.2%   139 5062s

H 7516    99                    1166.2400000  324.77556  72.2%   139 5062s

H 7516    94                    1158.3700000  324.77556  72.0%   139 5062s

H 7516    89                    1147.2200000  324.77556  71.7%   139 5062s

H 7517    85                    1146.8600000  324.77556  71.7%   139 5163s

H 7517    81                    1144.8100000  324.77556  71.6%   139 5163s

  7518    82  364.31791   98  437 1144.81000  324.77556  71.6%   139 5165s

  7519    82  923.07816  854  416 1144.81000  324.77556  71.6%   139 5175s

H 7519    77                    1135.0500000  324.77556  71.4%   139 5187s

  7521    79  356.75190   17  447 1135.05000  324.77556  71.4%   139 5207s

  7522    79  565.19367  183  494 1135.05000  324.77556  71.4%   139 5274s

  7523    80  907.11797  296  446 1135.05000  324.77556  71.4%   139 5375s

  7524    81  348.00868  171  511 1135.05000  324.77556  71.4%   139 5490s

  7525    81  412.87389  174  515 1135.05000  324.77770  71.4%   139 5543s

H 7525    77                    1128.1800000  329.21334  70.8%   139 5654s

  7526    78  413.50552  407  671 1128.18000  329.21334  70.8%   139 5655s

  7527    79  398.72749  172  649 1128.18000  331.43835  70.6%   139 5722s

  7528    79  721.58552  556  644 1128.18000  332.83248  70.5%   139 5853s

  7529    80  447.24176  559  536 1128.18000  334.13820  70.4%   139 5946s

  7530    81  418.65197  148  589 1128.18000  335.14899  70.3%   139 6057s

  7531    81 1046.83060 1183  713 1128.18000  336.39182  70.2%   139 6163s

  7532    82  618.08776  409  558 1128.18000  337.03446  70.1%   139 6229s

  7533    83  344.04542  137  588 1128.18000  337.62081  70.1%   139 6326s

  7534    83  921.57419  913  591 1128.18000  338.32574  70.0%   139 6429s

  7535    84  389.56839   45  639 1128.18000  339.06341  69.9%   139 6533s

  7536    85  806.16672  636  620 1128.18000  339.68117  69.9%   139 6631s

  7537    85  339.68291   98  752 1128.18000  339.68291  69.9%   139 6646s

  7538    86  419.56065  479  716 1128.18000  340.05755  69.9%   139 6742s

  7539    87  640.04171  148  610 1128.18000  340.19450  69.8%   139 6799s

  7540    87  579.42168 1068  599 1128.18000  340.63126  69.8%   139 6882s

  7541    88  821.58782  669  819 1128.18000  340.91004  69.8%   139 6897s

  7542    89 1119.06866  624  804 1128.18000  340.93738  69.8%   139 6912s

  7543    89  488.34753  729  878 1128.18000  341.30767  69.7%   139 6926s

  7544    90  983.20006  989  886 1128.18000  341.59752  69.7%   139 6945s

  7545    91  830.07406  673  892 1128.18000  341.62015  69.7%   139 6958s

  7546    91  674.21837  275  658 1128.18000  342.08890  69.7%   139 7037s

  7547    92  359.60253   86  819 1128.18000  342.08890  69.7%   139 7050s

  7548    93  616.57177  301  823 1128.18000  342.08890  69.7%   139 7061s

  7549    93  545.63455  209  658 1128.18000  342.32448  69.7%   139 7140s

  7550    94  695.49474  354  764 1128.18000  342.33728  69.7%   139 7158s

  7551    95  693.39585  251  702 1128.18000  342.38128  69.7%   139 7171s

  7552    95  556.53293  936  733 1128.18000  342.39277  69.7%   139 7188s

  7553    96  364.31791   97  817 1128.18000  342.39277  69.7%   139 7200s

  7554    97  416.86649  451  747 1128.18000  342.64016  69.6%   139 7305s

  7555    97  488.38990  733  759 1128.18000  343.46430  69.6%   139 7427s

  7556    98  413.93421  482  775 1128.18000  343.46430  69.6%   139 7442s

  7557    99  804.43568  660  801 1128.18000  343.48336  69.6%   139 7456s

  7558    99  374.10069  100  761 1128.18000  343.49517  69.6%   139 7475s

  7559   100  353.15935  147  836 1128.18000  343.52218  69.6%   139 7492s

  7560   101  949.14100  979  774 1128.18000  343.52218  69.6%   139 7508s

  7561   101 1111.79976  611  756 1128.18000  343.61389  69.5%   139 7584s

  7562   102  343.62838   15  763 1128.18000  343.62838  69.5%   139 7599s

  7563   103  585.15181 1135  778 1128.18000  343.65168  69.5%   139 7616s

  7564   103  442.59573  551  786 1128.18000  343.69703  69.5%   139 7631s

  7565   104  343.86979   50  755 1128.18000  343.86979  69.5%   139 7644s

H 7565    98                    1127.7400000  343.86979  69.5%   139 7701s

  7566    99  343.86979   96  834 1127.74000  343.86979  69.5%   139 7707s

  7567    99 1046.36664 1182  784 1127.74000  344.02593  69.5%   138 7729s

  7568   100  348.78666   39  709 1127.74000  344.53517  69.4%   138 7818s

  7569   101  711.10693  270  798 1127.74000  344.53517  69.4%   138 7824s

  7570   101  344.65781   95  759 1127.74000  344.65781  69.4%   138 7832s

  7571   102  469.06442  158  775 1127.74000  344.65781  69.4%   138 7840s

  7572   103  359.03967   67  728 1127.74000  344.65781  69.4%   138 7855s

  7573   103  581.05475 1085  773 1127.74000  344.65781  69.4%   138 7866s

  7574   104  616.07237  305  701 1127.74000  344.65781  69.4%   138 7881s

  7575   105  710.68934  442  766 1127.74000  344.65781  69.4%   138 7893s

  7576   105  439.83547  538  752 1127.74000  344.65781  69.4%   138 7908s

  7577   106  635.91664  872  774 1127.74000  344.65781  69.4%   138 7919s

  7578   107 1108.97398  597  771 1127.74000  344.65781  69.4%   138 7931s

  7579   107  349.86729   69  808 1127.74000  344.65781  69.4%   138 7942s

  7580   108  442.45660  557  770 1127.74000  344.73112  69.4%   138 7956s

  7581   109  379.19247  104  801 1127.74000  344.81536  69.4%   138 7967s

  7582   109  432.03457   82  770 1127.74000  344.81536  69.4%   138 7980s

  7583   110  614.09390  239  783 1127.74000  344.81906  69.4%   138 7992s

  7584   111  503.21050   91  813 1127.74000  344.81906  69.4%   138 8007s

  7585   111  617.11629  341  592 1127.74000  345.06609  69.4%   138 8065s

  7586   112  397.76525  321  591 1127.74000  345.26418  69.4%   138 8098s

  7587   113  394.26863  274  571 1127.74000  345.38883  69.4%   138 8157s

  7588   113  374.80931  366  564 1127.74000  345.72186  69.3%   138 8241s

  7589   114  362.03862  146  791 1127.74000  345.74268  69.3%   138 8254s

  7590   115  509.09953  105  761 1127.74000  345.83538  69.3%   138 8294s

  7591   115  709.52300  220  750 1127.74000  346.36698  69.3%   138 8394s

  7592   116  661.24341  268  777 1127.74000  346.37026  69.3%   138 8407s

  7593   117  733.80096  236  760 1127.74000  346.75331  69.3%   138 8485s

  7594   117  442.69946  570  788 1127.74000  346.75331  69.3%   138 8497s

  7595   118  675.42824  354  615 1127.74000  346.96877  69.2%   138 8540s

  7596   119  377.40789  139  603 1127.74000  347.11584  69.2%   138 8605s

  7597   119  554.11250  869  770 1127.74000  347.23897  69.2%   138 8698s

  7598   120  450.92774  655  667 1127.74000  347.37773  69.2%   138 8777s

  7599   121  615.37607  273  825 1127.74000  347.43609  69.2%   138 8787s

  7600   121  605.60628   83  815 1127.74000  347.54612  69.2%   138 8799s

  7601   122  364.72802   36  818 1127.74000  347.56109  69.2%   138 8810s

  7602   123  616.54664  321  824 1127.74000  347.56109  69.2%   138 8821s

  7603   123  492.43022  735  846 1127.74000  347.56211  69.2%   138 8830s

  7604   124  492.17396  753  802 1127.74000  347.65515  69.2%   138 8894s

  7605   125  652.36078  237  815 1127.74000  347.68626  69.2%   138 8904s

  7606   125  695.92141  300  860 1127.74000  347.73554  69.2%   138 8917s

  7607   126  512.49893  228  848 1127.74000  347.75794  69.2%   138 8925s

  7608   127  379.99868  140  824 1127.74000  347.76453  69.2%   138 8936s

  7609   127  359.90236  117  841 1127.74000  347.80699  69.2%   138 8946s

  7610   128  347.80699   13  863 1127.74000  347.80699  69.2%   138 8957s

  7611   129  354.11293   19  873 1127.74000  347.86909  69.2%   138 8969s

  7612   129  358.83232   24  880 1127.74000  347.86909  69.2%   138 8981s

  7613   130  360.04280  194  888 1127.74000  347.86909  69.2%   138 8991s

  7614   131  482.09000  681  829 1127.74000  347.94702  69.1%   138 9001s

  7615   131  347.94987   91  824 1127.74000  347.94987  69.1%   138 9013s

  7616   132  711.77115  454  919 1127.74000  347.95453  69.1%   138 9025s

  7617   133  617.78808  397  926 1127.74000  347.95721  69.1%   138 9034s

  7618   133  364.31791   98  929 1127.74000  347.97947  69.1%   138 9046s

  7619   134  923.07816  854  934 1127.74000  347.98319  69.1%   138 9057s

  7620   135  383.53729   67  817 1127.74000  347.98319  69.1%   138 9074s

  7621   135  356.75190   17  836 1127.74000  348.03375  69.1%   138 9086s

  7622   136  565.19367  183  846 1127.74000  348.08902  69.1%   137 9095s

  7623   137  907.11797  296  825 1127.74000  348.08902  69.1%   137 9106s

  7624   137  348.15679  171  805 1127.74000  348.15679  69.1%   137 9121s

  7625   138  412.87389  174  776 1127.74000  348.17552  69.1%   137 9133s

  7626   139  413.50552  407  799 1127.74000  348.17552  69.1%   137 9143s

  7627   139  398.72749  172  781 1127.74000  348.17897  69.1%   137 9154s

  7628   140  721.58552  556  772 1127.74000  348.18085  69.1%   137 9172s

  7629   141  447.24176  559  826 1127.74000  348.18486  69.1%   137 9183s

  7630   141  418.65197  148  610 1127.74000  348.25249  69.1%   137 9240s

  7631   142 1046.83060 1183  782 1127.74000  348.25449  69.1%   137 9252s

  7632   143  618.08776  409  841 1127.74000  348.25449  69.1%   137 9267s

  7633   143  348.29888  137  841 1127.74000  348.29888  69.1%   137 9278s

  7634   144  921.57419  913  855 1127.74000  348.30201  69.1%   137 9294s

  7635   145  389.56839   45  896 1127.74000  348.36885  69.1%   137 9304s

  7636   145  806.16672  636  848 1127.74000  348.41255  69.1%   137 9319s

  7637   146  348.42607   98  860 1127.74000  348.42607  69.1%   137 9330s

  7638   147  419.56065  479  861 1127.74000  348.43022  69.1%   137 9342s

  7639   147  640.04171  148  821 1127.74000  348.49316  69.1%   137 9352s

  7640   148  579.42168 1068  858 1127.74000  348.59749  69.1%   137 9366s

  7641   149  821.58782  669  842 1127.74000  348.59749  69.1%   137 9375s

  7642   149 1119.06866  624  694 1127.74000  348.73756  69.1%   137 9433s

  7643   150  488.34753  729  814 1127.74000  348.77277  69.1%   137 9443s

  7644   151  983.20006  989  894 1127.74000  348.77277  69.1%   137 9459s

  7645   151  830.07406  673  821 1127.74000  348.81522  69.1%   137 9469s

  7646   152  674.21837  275  878 1127.74000  348.81522  69.1%   137 9485s

  7647   153  359.60253   86  870 1127.74000  348.84586  69.1%   137 9498s

  7648   153  616.57177  301  693 1127.74000  349.01755  69.1%   137 9549s

  7649   154  545.63455  209  872 1127.74000  349.04710  69.0%   137 9561s

  7650   155  695.49474  354  805 1127.74000  349.04710  69.0%   137 9572s

  7651   155  693.39585  251  835 1127.74000  349.07320  69.0%   137 9582s

  7652   156  556.53293  936  880 1127.74000  349.07320  69.0%   137 9596s

  7653   157  364.31791   97  785 1127.74000  349.08080  69.0%   137 9660s

  7654   157  416.86649  451  825 1127.74000  349.08080  69.0%   137 9741s

  7655   158  488.38990  733  853 1127.74000  349.28271  69.0%   137 9751s

  7656   159  413.93421  482  709 1127.74000  349.65951  69.0%   137 9811s

  7657   159  804.43568  660  790 1127.74000  349.67797  69.0%   137 9821s

  7658   160  374.10069  100  753 1127.74000  349.69759  69.0%   137 9835s

  7659   161  353.15935  147  754 1127.74000  349.72952  69.0%   137 9846s

  7660   161  949.14100  979  847 1127.74000  349.72952  69.0%   137 9861s

  7661   162 1111.79976  611  922 1127.74000  349.73563  69.0%   137 9871s

  7662   163  349.74654   15  768 1127.74000  349.74654  69.0%   137 9880s

  7663   163  585.15181 1135  963 1127.74000  349.78725  69.0%   137 9890s

  7664   164  442.59573  551  784 1127.74000  349.78725  69.0%   137 9906s

  7665   165  349.92459   50  967 1127.74000  349.92459  69.0%   137 9915s

  7666   165  349.93676   96  972 1127.74000  349.93676  69.0%   137 9927s

  7667   166 1046.36664 1182  953 1127.74000  349.96716  69.0%   137 9937s

  7668   167  349.96716   39  955 1127.74000  349.96716  69.0%   137 9952s

  7669   167  711.10693  270  945 1127.74000  350.00291  69.0%   137 9962s

  7670   168  350.00291   95  905 1127.74000  350.00291  69.0%   137 9974s

  7671   169  469.06442  158  946 1127.74000  350.13574  69.0%   137 9983s

  7672   169  359.03967   67  800 1127.74000  350.13574  69.0%   137 10000s

  7673   170  581.05475 1085  838 1127.74000  350.15239  69.0%   137 10011s

  7674   171  616.07237  305  940 1127.74000  350.15239  69.0%   137 10022s

  7675   171  710.68934  442  957 1127.74000  350.18112  68.9%   137 10025s

  7676   172  439.83547  538  902 1127.74000  350.18112  68.9%   137 10032s

  7677   173  635.91664  872  931 1127.74000  350.18112  68.9%   137 10035s

  7679   174  350.18112   69  906 1127.74000  350.18112  68.9%   136 10042s

  7680   175  442.45660  557  923 1127.74000  350.18112  68.9%   136 10046s

  7681   175  379.19247  104  915 1127.74000  350.18112  68.9%   136 10050s

  7682   176  432.03457   82  900 1127.74000  350.18112  68.9%   136 10055s

  7684   177  503.21050   91  906 1127.74000  350.18112  68.9%   136 10067s

  7685   178  617.11629  341  907 1127.74000  350.18112  68.9%   136 10070s

  7686   179  397.76525  321  731 1127.74000  350.28081  68.9%   136 10112s

  7687   179  394.26863  274  733 1127.74000  350.52919  68.9%   136 10158s

  7688   180  374.80931  366  735 1127.74000  350.64399  68.9%   136 10211s

  7690   181  509.09953  105  942 1127.74000  350.66390  68.9%   136 10218s

  7691   182  709.52300  220  930 1127.74000  350.66390  68.9%   136 10221s

  7692   183  661.24341  268  861 1127.74000  350.66390  68.9%   136 10228s

  7693   183  733.80096  236  765 1127.74000  350.68322  68.9%   136 10231s

  7695   185  675.42824  354  889 1127.74000  350.68657  68.9%   136 10237s

  7696   185  377.40789  139  860 1127.74000  350.68657  68.9%   136 10244s

  7697   186  554.11250  869  856 1127.74000  350.68657  68.9%   136 10246s

  7698   187  450.92774  655  852 1127.74000  350.68657  68.9%   136 10250s

  7700   188  605.60628   83  832 1127.74000  350.70522  68.9%   136 10261s

  7702   189  616.54664  321  837 1127.74000  350.73019  68.9%   136 10265s

  7704   191  492.17396  753  613 1127.74000  350.80971  68.9%   136 10322s

  7705   191  652.36078  237  616 1127.74000  350.96329  68.9%   136 10376s

  7708   195  379.99868  140 7323 1127.74000  350.96329  68.9%   164 10389s

  7710   196  350.96329   13  336 1127.74000  350.96329  68.9%   164 10398s

  7711   197  354.11293   19  313 1127.74000  350.96329  68.9%   164 10404s

  7712   198  358.83232   24  583 1127.74000  350.96329  68.9%   164 10407s

  7713   198  360.04280  194  383 1127.74000  350.96329  68.9%   164 10411s

  7716   200  711.77115  454  405 1127.74000  350.96329  68.9%   164 10415s

  7718   202  364.31791   98  428 1127.74000  350.96329  68.9%   164 10420s

  7720   203  383.53729   67  526 1127.74000  350.96329  68.9%   164 10425s

  7723   205  907.11797  296  682 1127.74000  350.96329  68.9%   164 10431s

  7727   208  398.72749  172  780 1127.74000  350.96329  68.9%   164 10435s

  7732   211  618.08776  409  650 1127.74000  350.96329  68.9%   164 10524s

  7733   212  350.96329  137  792 1127.74000  350.96329  68.9%   164 10539s

  7734   212  921.57419  913  801 1127.74000  350.96329  68.9%   164 10548s

  7735   213  389.56839   45  823 1127.74000  350.96329  68.9%   164 10561s

  7736   214  806.16672  636  801 1127.74000  350.96329  68.9%   164 10571s

  7737   214  350.96329   98  861 1127.74000  350.96329  68.9%   164 10584s

  7739   216  640.04171  148  880 1127.74000  350.96329  68.9%   164 10585s

  7740   216  579.42168 1068  806 1127.74000  350.96329  68.9%   164 10596s

H 7740   204                    1108.7700000  350.96329  68.3%   164 10658s

  7741   205  821.58782  669  706 1108.77000  350.96329  68.3%   164 10661s

H 7741   194                    1093.9600000  350.96329  67.9%   164 10725s

H 7741   184                    1081.5800000  350.96329  67.6%   164 10725s

H 7741   174                    1071.9900000  350.96329  67.3%   164 10725s

H 7742   166                    1071.2300000  350.96329  67.2%   164 10815s

H 7742   157                    1069.4100000  350.96329  67.2%   164 10816s

H 7742   149                    1065.4800000  350.96329  67.1%   164 10816s

  7745   151  830.07406  673  846 1065.48000  350.96329  67.1%   163 10827s

  7746   151  674.21837  275  774 1065.48000  350.96329  67.1%   163 10872s

  7747   152  359.60253   86  768 1065.48000  350.96329  67.1%   163 10907s

  7748   153  616.57177  301  768 1065.48000  350.96329  67.1%   163 10922s

  7749   156  350.96329   36  735 1065.48000  350.96329  67.1%   170 10933s

  7751   160  350.96329   37  715 1065.48000  350.96329  67.1%   170 10941s

  7755   166  350.96329   38  778 1065.48000  350.96329  67.1%   171 10951s

  7763   172  350.96329   39  791 1065.48000  350.96329  67.1%   174 10962s

  7771   187  350.96329   40  756 1065.48000  350.96329  67.1%   179 10986s

  7789   200  350.96329   41  685 1065.48000  350.96329  67.1%   184 11005s

  7808   212  350.96329   43  514 1065.48000  350.96329  67.1%   190 11019s

  7826   222  350.96329   44  528 1065.48000  350.96329  67.1%   194 11044s

  7842   231  350.96329   45  400 1065.48000  350.96329  67.1%   202 11083s

  7857   247  350.96329   46  390 1065.48000  350.96329  67.1%   206 11096s

  7878   257  350.96329   47  365 1065.48000  350.96329  67.1%   210 11128s

  7895   275  350.96329   48  358 1065.48000  350.96329  67.1%   216 11140s

  7920   285  350.96329   49  352 1065.48000  350.96329  67.1%   221 11156s

  7939   297  350.96329   50  344 1065.48000  350.96329  67.1%   226 11170s

  7957   310  350.96329   51  374 1065.48000  350.96329  67.1%   231 11180s

  7976   316  350.96329   52  389 1065.48000  350.96329  67.1%   233 11192s

  7990   336  350.96329   52  424 1065.48000  350.96329  67.1%   236 11203s

  8015   342  351.08429   53  428 1065.48000  350.96329  67.1%   238 11217s

  8029   357  353.57503   54  410 1065.48000  350.96329  67.1%   241 11224s

  8049   370  373.27176   55  335 1065.48000  350.96329  67.1%   243 11234s

  8069   376  351.39955   57  401 1065.48000  350.96329  67.1%   246 11243s

H 8074   365                    1064.6900000  350.96329  67.0%   247 11243s

  8081   387  422.78676   57  462 1064.69000  350.96329  67.0%   249 11254s

  8105   399  351.39970   58  396 1064.69000  350.96329  67.0%   251 11267s

  8125   411  351.47664   59  549 1064.69000  350.96329  67.0%   255 11279s

  8144   433  373.43705   59  424 1064.69000  350.96329  67.0%   259 11293s

  8172   431  351.47805   60  540 1064.69000  350.96329  67.0%   263 11305s

  8180   446  381.59558   60  451 1064.69000  350.96329  67.0%   265 11320s

  8197   474  351.49224   61  530 1064.69000  350.96329  67.0%   267 11335s

  8225   498  357.04449   61  431 1064.69000  350.96329  67.0%   271 11352s

  8251   519  351.51204   62  535 1064.69000  350.96329  67.0%   275 11381s

  8272   550  351.51527   63  534 1064.69000  350.96329  67.0%   279 11401s

  8305   596  352.12233   65  551 1064.69000  350.96329  67.0%   285 11414s

  8351   642  352.13702   67  505 1064.69000  350.96329  67.0%   288 11434s

  8397   689  352.14136   68  495 1064.69000  350.96329  67.0%   292 11454s

  8444   744  352.14847   69  490 1064.69000  350.96329  67.0%   298 11483s

  8499   807  352.23047   71  436 1064.69000  350.96329  67.0%   304 11501s

  8564   879  429.28099   73  295 1064.69000  350.96329  67.0%   310 11518s

  8636   918  411.33809   75  304 1064.69000  350.96329  67.0%   314 11542s

H 8643   918                    1064.0900000  350.96329  67.0%   315 11542s

  8675   997  377.97073   75  265 1064.09000  350.96329  67.0%   317 11570s

  8754  1078  377.97107   78  263 1064.09000  350.96329  67.0%   323 11589s

  8836  1166  378.19563   79  280 1064.09000  350.96329  67.0%   328 11652s

  8930  1230  378.74204   84  317 1064.09000  350.96329  67.0%   339 11686s

  8994  1319  382.70106   87  292 1064.09000  350.96329  67.0%   344 11709s

  9091  1427  385.09898   90  298 1064.09000  350.96329  67.0%   348 11730s

  9207  1473  383.16962   95  335 1064.09000  350.96329  67.0%   352 11754s

  9256  1568  384.97276  101  256 1064.09000  350.96329  67.0%   354 11777s

  9360  1685  386.49864  107  298 1064.09000  350.96329  67.0%   357 11799s

  9480  1693  386.20547  114  340 1064.09000  350.96329  67.0%   361 11824s

H 9483  1693                    1062.1900000  350.96329  67.0%   361 11824s

  9488  1872  393.74665  114  226 1062.19000  350.96329  67.0%   361 11852s

  9678  2009  386.70855  121  282 1062.19000  350.96329  67.0%   364 11882s

  9841  2153  387.85397  126  276 1062.19000  350.96329  67.0%   368 11908s

 10008  2320  445.74429  133  271 1062.19000  350.96329  67.0%   372 11936s

 10216  2503  390.16090  142  267 1062.19000  350.96329  67.0%   375 11969s

 10416  2503  911.51710  218  195 1062.19000  350.96329  67.0%   377 11970s

 10442  2665  393.66457  153  340 1062.19000  350.96329  67.0%   377 12001s

 10638  2815  394.66386  165  328 1062.19000  350.96329  67.0%   382 12036s

 10795  2988  662.35814  174  281 1062.19000  350.96329  67.0%   386 12067s

 10974  3295  402.23817  186  258 1062.19000  350.96329  67.0%   388 12096s

 11315  3509  447.91000  210  324 1062.19000  350.96329  67.0%   387 12127s

 11545  3812  461.80235  220  214 1062.19000  350.96329  67.0%   389 12158s

 11864  4109  486.03287  234  206 1062.19000  350.96329  67.0%   387 12189s

 12183  4397  493.41938  243  218 1062.19000  350.96329  67.0%   382 12226s

 12527  5000  527.54818  262  234 1062.19000  350.96329  67.0%   380 12261s

 13208  5224  630.29971  322  165 1062.19000  350.96329  67.0%   373 12298s

 13477  5746  858.96480  353  179 1062.19000  350.96329  67.0%   375 12340s

 14146  5865  909.36227  425  123 1062.19000  350.96329  67.0%   369 12376s

 14334  6066  375.18793   48  383 1062.19000  350.96329  67.0%   372 12411s

 14540  7032  466.44399   63  341 1062.19000  350.96329  67.0%   375 12487s

 15559  7072  954.66592  142  176 1062.19000  350.96329  67.0%   364 12509s

 15639  7083  954.68535  143  178 1062.19000  350.96329  67.0%   366 12524s

 15657  7169  954.69215  144  167 1062.19000  350.96329  67.0%   366 12542s

 15775  7293  350.96329   42  760 1062.19000  350.96329  67.0%   366 12567s

 15903  7504  378.14111   45  405 1062.19000  350.96329  67.0%   368 12595s

 16118  8176  379.17313   58  448 1062.19000  350.96329  67.0%   367 12625s

 16895  8312  514.76427  106  277 1062.19000  350.96329  67.0%   359 12651s

 17064  8649  518.04207  111  331 1062.19000  350.96329  67.0%   358 12688s

 17501  8975  672.53766  204  234 1062.19000  350.96329  67.0%   356 12716s

 17838  9479 1030.85826  377   78 1062.19000  350.96329  67.0%   354 12747s

 18417  9614  477.71992   60  303 1062.19000  350.96329  67.0%   352 12781s

 18621  9962  479.08738   68  338 1062.19000  350.96329  67.0%   354 12808s

 19034 10154  584.37252  102  280 1062.19000  350.96329  67.0%   352 12839s

 19272 10635  845.61617  151  185 1062.19000  350.96329  67.0%   352 12875s

 19854 10746  379.95215   81  448 1062.19000  350.96329  67.0%   350 12904s

 19965 11635  380.14998   84  422 1062.19000  350.96329  67.0%   353 12944s

 20910 11724     cutoff  158      1062.19000  350.96329  67.0%   346 12979s

 21040 11842  984.63189  157  224 1062.19000  350.96329  67.0%   347 13009s

 21178 12687  995.43029  158  207 1062.19000  350.96329  67.0%   349 13043s

 22032 12967  350.96329   44  549 1062.19000  350.96329  67.0%   344 13083s

 22367 12980  383.54505   59  485 1062.19000  350.96329  67.0%   344 13112s

 22381 13338  383.83686   60  497 1062.19000  350.96329  67.0%   344 13146s

 22770 13358  414.23866   79  463 1062.19000  350.96329  67.0%   343 13180s

 22790 13512  414.36334   80  503 1062.19000  350.96329  67.0%   344 13217s

 22944 13879  533.87660   97  369 1062.19000  350.96329  67.0%   344 13269s

 23329 14995  585.96573  170  270 1062.19000  350.96329  67.0%   344 13318s

 24573 15100  401.54589   61  534 1062.19000  350.96329  67.0%   338 13356s

 24678 15432  405.17714   73  544 1062.19000  350.96329  67.0%   340 13396s

 25012 16936  417.10292   93  328 1062.19000  350.96329  67.0%   339 13447s

 26606 17243     cutoff  427      1062.19000  350.96329  67.0%   328 13488s

 26945 18857  350.96329   47  485 1062.19000  350.96329  67.0%   328 13548s

 28666 19089  492.84771  210  348 1062.19000  350.96329  67.0%   318 13593s

 28920 19351  365.15417   56  485 1062.19000  350.96329  67.0%   321 13648s

 29207 21457  433.99945   78  267 1062.19000  350.96329  67.0%   324 13749s

 31444 21548  365.55192   47  429 1062.19000  350.96329  67.0%   316 13778s

 31556 21700  397.75598   69  410 1062.19000  350.96329  67.0%   316 13813s

 31750 22141  407.22836   76  265 1062.19000  350.96329  67.0%   317 13853s

 32239 23209  593.21518  177  161 1062.19000  350.96329  67.0%   315 13898s

 33480 23294  848.06329  387  168 1062.19000  350.96329  67.0%   311 13946s

 33622 23496  414.43955   58  485 1062.19000  350.96329  67.0%   314 13988s

 33857 24416  539.51411   79  313 1062.19000  350.96329  67.0%   314 14043s

 34921 24576  360.28418   52  448 1062.19000  350.96329  67.0%   312 14097s

 35091 25158  402.16660   61  464 1062.19000  350.96329  67.0%   314 14150s

 35686 26613  449.18404   64  411 1062.19000  350.96329  67.0%   314 14200s

 37226 26940  803.42292  254  166 1062.19000  350.96329  67.0%   307 14253s

 37575 27958 1029.86144  389  167 1062.19000  350.96329  67.0%   308 14304s

 38636 28278  363.12149   55  479 1062.19000  350.96329  67.0%   304 14351s

 38993 29152  368.37312   74  464 1062.19000  350.96329  67.0%   304 14397s

 39951 29174  546.54620  214  349 1062.19000  350.96329  67.0%   302 14400s



Cutting planes:

  Learned: 7

  Gomory: 21

  Cover: 56

  Implied bound: 182

  Projected implied bound: 2

  Clique: 153

  MIR: 840

  Mixing: 4

  StrongCG: 1202

  Flow cover: 411

  GUB cover: 8

  Zero half: 270

  RLT: 3

  Relax-and-lift: 87



Explored 39973 nodes (12090007 simplex iterations) in 14400.17 seconds (12957.34 work units)

Thread count was 16 (of 16 available processors)



Solution count 10: 1062.19 1064.09 1064.69 ... 1108.77



Time limit reached

Best objective 1.062190000000e+03, best bound 3.509700000000e+02, gap 66.9579%

-----RESULTS INFO-----
running_time:  14401.313
TC.best_bound:  350.97
TC:  1062.19
MIP Gap (%):  66.95788888993495
=== Vehicle Routes ===
Vehicle 1: 0 → 1
Vehicle 1: 1 → 2
Vehicle 1: 2 → 5
Vehicle 1: 3 → 75
Vehicle 1: 5 → 19
Vehicle 1: 19 → 3
Vehicle 2: 0 → 16
Vehicle 2: 4 → 75
Vehicle 2: 9 → 11
Vehicle 2: 10 → 4
Vehicle 2: 11 → 10
Vehicle 2: 16 → 9
Vehicle 3: 0 → 73
Vehicle 3: 6 → 75
Vehicle 3: 8 → 6
Vehicle 3: 73 → 8
Vehicle 4: 0 → 7
Vehicle 4: 7 → 66
Vehicle 4: 66 → 72
Vehicle 4: 72 → 75
Vehicle 5: 0 → 12
Vehicle 5: 12 → 18
Vehicle 5: 18 → 71
Vehicle 5: 71 → 75
Vehicle 6: 0 → 13
Vehicle 6: 13 → 69
Vehicle 6: 14 → 75
Vehicle 6: 69 → 14
Vehicle 7: 0 → 70
Vehicle 7: 15 → 75
Vehicle 7: 17 → 15
Vehicle 7: 70 → 17
Vehicle 8: 0 → 68
Vehicle 8: 20 → 75
Vehicle 8: 45 → 20
Vehicle 8: 68 → 45
Vehicle 9: 0 → 50
Vehicle 9: 50 → 61
Vehicle 9: 61 → 75
Vehicle 10: 0 → 64
Vehicle 10: 64 → 75

=== Full Vehicle Routes ===
Vehicle 1: 0 → 1 → 2 → 5 → 19 → 3 → 0 (90<100)
Vehicle 2: 0 → 16 → 9 → 11 → 10 → 4 → 0 (84<100)
Vehicle 3: 0 → 73 → 8 → 6 → 0 (93<100)
Vehicle 4: 0 → 7 → 66 → 72 → 0 (95<100)
Vehicle 5: 0 → 12 → 18 → 71 → 0 (88<100)
Vehicle 6: 0 → 13 → 69 → 14 → 0 (100<100)
Vehicle 7: 0 → 70 → 17 → 15 → 0 (97<100)
Vehicle 8: 0 → 68 → 45 → 20 → 0 (100<100)
Vehicle 9: 0 → 50 → 61 → 0 (85<100)
Vehicle 10: 0 → 64 → 0 (100<100)
Arc used by MRT line: y variables:
Customer assigment to PL: u variables:
21 68
22 69
23 71
24 64
25 64
26 69
27 72
28 69
29 70
30 68
31 68
32 70
33 70
34 64
35 70
36 73
37 71
38 73
39 73
40 69
41 66
42 69
43 68
44 64
46 68
47 68
48 72
49 72
51 69
52 64
53 68
54 66
55 73
56 66
57 71
58 70
59 68
60 66
62 70
Node is served by regular vehicle: g variables:
1
2
3
4
5
6
7
8
9
10
11
12
13
14
15
16
17
18
19
20
45
50
61
69
70
71
72
73
64
66
68
Customer assigment to Home delivery: gm variables:
1
2
3
4
5
6
7
8
9
10
11
12
13
14
15
16
17
18
19
20
45
50
61
Node total demands: ntd variables:
1 21 1
2 16 1
3 26 1
4 11 1
5 17 1
6 26 1
7 1 1
8 6 1
9 17 1
10 25 1
11 15 1
12 12 1
13 6 1
14 12 1
15 2 1
16 16 1
17 25 1
18 16 1
19 10 1
20 22 1
42 0 0
43 0 0
44 0 0
45 5 1
46 0 0
47 0 0
48 0 0
49 0 0
50 63 1
51 0 0
52 0 0
53 0 0
54 0 0
55 0 0
56 0 0
57 0 0
58 0 0
59 0 0
60 0 0
61 22 1
62 0 0
69 82 1
70 70 1
71 60 1
72 53 1
73 61 1
74 0 0
63 0 0
64 100 1
65 0 0
66 41 1
67 0 0
68 73 1
Customer's demand delivered to PL: l variables:
21
22
23
24
25
26
27
28
29
30
31
32
33
34
35
36
37
38
39
40
41
42
43
44
46
47
48
49
51
52
53
54
55
56
57
58
59
60
62
Lockers load <= capacity:
82 <= 95
70 <= 76
60 <= 84
53 <= 92
61 <= 81
0 <= 92
0 <= 75
100 <= 100
0 <= 96
41 <= 86
0 <= 90
73 <= 85
