Gurobi 12.0.3:   lim:time = 14400

  mip:bestbound = 1

Set parameter LogToConsole to value 1

  tech:outlev = 1

Set parameter Cuts to value 3

  cut:cuts = 3

Set parameter Presolve to value 2

  pre:solve = 2

Set parameter MIPFocus to value 2

  mip:focus = 2

Set parameter Symmetry to value 2

  mip:symmetry = 2

Set parameter InfUnbdInfo to value 1

Gurobi Optimizer version 12.0.3 build v12.0.3rc0 (win64 - Windows 10.0 (19045.2))



CPU model: 11th Gen Intel(R) Core(TM) i7-11700 @ 2.50GHz, instruction set [SSE2|AVX|AVX2|AVX512]

Thread count: 8 physical cores, 16 logical processors, using up to 16 threads



Non-default parameters:

TimeLimit  14400

MIPFocus  2

Symmetry  2

Cuts  3

InfUnbdInfo  1

Presolve  2



Optimize a model with 3728 rows, 17959 columns and 114326 nonzeros

Model fingerprint: 0x5d8d2029

Model has 4 quadratic objective terms

Model has 12 quadratic constraints

Variable types: 97 continuous, 17862 integer (0 binary)

Coefficient statistics:

  Matrix range     [1e+00, 1e+05]

  QMatrix range    [1e+00, 1e+00]

  QLMatrix range   [1e+00, 2e+01]

  Objective range  [1e+00, 1e+02]

  QObjective range [2e+00, 2e+00]

  Bounds range     [1e+00, 1e+02]

  RHS range        [1e+00, 1e+05]

  QRHS range       [1e+02, 1e+02]

Presolve removed 160 rows and 456 columns (presolve time = 5s)...

Presolve removed 157 rows and 455 columns

Presolve time: 5.32s

Presolved: 14513 rows, 28428 columns, 139648 nonzeros

Variable types: 1513 continuous, 26915 integer (25078 binary)

Root relaxation presolve removed 9 rows and 8 columns

Root relaxation presolved: 14504 rows, 28420 columns, 282234 nonzeros



Deterministic concurrent LP optimizer: primal and dual simplex

Showing primal log only...





Root simplex log...



Iteration    Objective       Primal Inf.    Dual Inf.      Time

       0    1.3424100e+03   2.681197e+02   4.594974e+09     13s

Concurrent spin time: 0.06s



Solved with dual simplex



Root simplex log...



Iteration    Objective       Primal Inf.    Dual Inf.      Time

    1247    1.5976449e+02   0.000000e+00   0.000000e+00     14s



Root relaxation: objective 1.597645e+02, 1247 iterations, 0.85 seconds (0.42 work units)

Total elapsed time = 14.74s (DegenMoves)



    Nodes    |    Current Node    |     Objective Bounds      |     Work

 Expl Unexpl |  Obj  Depth IntInf | Incumbent    BestBd   Gap | It/Node Time



     0     0  159.76449    0  200          -  159.76449      -     -   15s

     0     0  228.01923    0  197          -  228.01923      -     -   22s

     0     0  245.25598    0  199          -  245.25598      -     -   22s

     0     0  245.25598    0  188          -  245.25598      -     -   23s

     0     0  245.35086    0  223          -  245.35086      -     -   28s

     0     0  250.32175    0  189          -  250.32175      -     -   29s

     0     0  251.82522    0  183          -  251.82522      -     -   30s

     0     0  251.82522    0  187          -  251.82522      -     -   30s

     0     0  252.63339    0  216          -  252.63339      -     -   34s

     0     0  252.75674    0  204          -  252.75674      -     -   35s

     0     0  253.18882    0  221          -  253.18882      -     -   39s

     0     0  253.18882    0  234          -  253.18882      -     -   40s

     0     0  253.18882    0  236          -  253.18882      -     -   44s

     0     0  253.56145    0  250          -  253.56145      -     -   45s

     0     0  253.56145    0  235          -  253.56145      -     -   48s

     0     0  253.56145    0  218          -  253.56145      -     -   49s

     0     0  253.56145    0  166          -  253.56145      -     -   52s

     0     0  253.56145    0  231          -  253.56145      -     -   53s

     0     0  253.56145    0  234          -  253.56145      -     -   56s

     0     0  253.56145    0  193          -  253.56145      -     -   57s

     0     2  253.56987    0  193          -  253.56987      -     -   62s

    23    40  313.14663    5  241          -  255.74501      -   363   65s

   155   170  313.48090   19  235          -  255.74501      -   214   70s

   293   316  313.48102   45  225          -  255.74501      -   202   75s

   446   450  313.48313   89  224          -  255.74501      -   183   80s

   560   557  313.48313  100  235          -  255.74501      -   192   85s

   754   741  313.48313  111  270          -  255.74501      -   176   90s

   904   869  313.50913  121  268          -  255.74501      -   169   96s

   936   901  313.60075  125  347          -  255.74501      -   168  100s

   981   964  314.35280  130  305          -  255.74501      -   167  105s

  1193  1272  316.18322  161  293          -  255.74501      -   159  111s

  1468  1629  316.44332  224  273          -  255.74501      -   142  115s

  2134  2310  318.71340  273  241          -  255.74501      -   109  121s

  2587  2739  319.21397  344  292          -  255.74501      -  97.2  125s

  2962  3122  324.45110  400  233          -  255.74501      -  92.2  130s

  3548  3722  377.42421  459  220          -  255.74501      -  87.0  136s

  4127  4273  419.34896  499  240          -  255.74501      -  80.8  141s

  4657  4842 infeasible  512               -  255.74501      -  78.2  146s

  5306  5446  874.89358  561  125          -  255.74501      -  74.6  151s

  5930  5860  270.03703   21  208          -  255.74501      -  72.9  156s

  6139  5861  791.15151  612 7257          -  255.74501      -  73.3  161s

  6141  5862  266.52000   60  177          -  255.74501      -  73.3  165s

  6142  5863  882.37205  663  253          -  255.74501      -  73.3  171s

  6143  5864  433.74956  453  277          -  255.74501      -  73.3  176s

  6144  5864  338.22224  496  157          -  255.74501      -  73.3  189s

  6145  5865  294.47224  113  244          -  255.74501      -  73.2  195s

  6146  5866  533.18045  333  221          -  255.74501      -  73.2  204s

  6147  5866  259.59492   57  244          -  255.74501      -  73.2  211s

  6148  5867  500.62924  507  184          -  255.74501      -  73.2  219s

  6149  5868  433.74956  453  212          -  255.74501      -  73.2  225s

  6150  5868  266.03408   69  190          -  255.74501      -  73.2  234s

  6151  5869  412.96208  356  213          -  255.74501      -  73.2  242s

  6152  5870  643.01409  170  225          -  255.74501      -  73.2  251s

  6153  5870  330.82714  124  262          -  255.74501      -  73.1  259s

  6154  5871  813.55414  813  266          -  255.74501      -  73.1  269s

  6155  5872  385.51012  325  360          -  255.74501      -  73.1  277s

  6156  5872  290.32752    7  232          -  255.74501      -  73.1  286s

  6157  5873  654.90752  240  231          -  255.74501      -  73.1  293s

  6158  5874  324.42592  339  166          -  255.74501      -  73.1  302s

  6159  5874  384.56031  257  211          -  255.74501      -  73.1  310s

  6160  5875  535.54020   41  334          -  255.74501      -  73.1  316s

  6161  5876  312.56454  324  278          -  255.74501      -  73.1  324s

  6162  5876  284.12456   60  308          -  255.74501      -  73.0  334s

  6163  5877  372.28570  245  335          -  255.74501      -  73.0  340s

  6164  5878  649.74381  657  313          -  255.74501      -  73.0  349s

  6165  5878  320.95500   97  331          -  255.74501      -  73.0  357s

H 6165  5583                    1540.5300000  255.74501  83.4%  73.0  367s

H 6165  5304                    1493.9400000  255.74501  82.9%  73.0  368s

  6167  5306  405.60114  403  403 1493.94000  255.74501  82.9%  73.0  377s

  6168  5306  261.34197   32  243 1493.94000  255.74501  82.9%  73.0  386s

  6169  5307  705.81262  387  402 1493.94000  255.74501  82.9%  73.0  395s

  6170  5308  310.28383  262  428 1493.94000  255.74501  82.9%  72.9  406s

  6171  5308  685.05338  338  400 1493.94000  255.74501  82.9%  72.9  412s

  6172  5309  564.61568  386  212 1493.94000  255.74501  82.9%  72.9  415s

H 6173  5043                    1447.6900000  255.84241  82.3%  72.9  427s

  6174  5043  543.27563  315  227 1447.69000  256.19121  82.3%  72.9  453s

  6175  5044  284.76878  239  205 1447.69000  256.19121  82.3%  72.9  458s

  6176  5045  427.50090  304  253 1447.69000  256.19121  82.3%  72.9  463s

  6177  5045  321.27409  257  211 1447.69000  256.19121  82.3%  72.9  467s

  6178  5046  318.72467  274  191 1447.69000  256.19121  82.3%  72.9  473s

  6179  5047  311.77420  131  233 1447.69000  256.19121  82.3%  72.8  479s

H 6179  4794                    1446.8900000  256.19121  82.3%  72.8  486s

H 6179  4554                    1415.5700000  256.19121  81.9%  72.8  486s

  6181  4555  409.40479  179  221 1415.57000  256.19121  81.9%  72.8  505s

  6182  4556  669.39552  734  211 1415.57000  256.19121  81.9%  72.8  510s

  6183  4556  809.50048  472  220 1415.57000  256.19121  81.9%  72.8  515s

H 6183  4327                    1411.4200000  256.19121  81.8%  72.8  521s

H 6183  4110                    1411.2700000  256.19121  81.8%  72.8  522s

  6185  4112  278.00917   35  266 1411.27000  256.19121  81.8%  72.8  525s

  6186  4112  313.48313  103  402 1411.27000  256.30591  81.8%  72.8  530s

H 6187  3907                    1404.4600000  256.34036  81.7%  72.7  534s

H 6187  3711                    1402.6500000  256.34036  81.7%  72.7  534s

H 6187  3524                    1385.9400000  256.34036  81.5%  72.7  534s

H 6187  3347                    1376.6800000  256.34036  81.4%  72.7  534s

  6189  3348  260.47513  106  383 1376.68000  256.34161  81.4%  72.7  536s

  6191  3350  684.09037  334  227 1376.68000  256.41500  81.4%  72.7  570s

  6192  3350  527.40235  254  369 1376.68000  256.43286  81.4%  72.7  583s

  6193  3351  278.63987  239  278 1376.68000  256.44545  81.4%  72.7  588s

  6194  3352  429.66139  263  297 1376.68000  256.50509  81.4%  72.7  596s

H 6195  3184                    1375.1300000  256.55005  81.3%  72.7  608s

H 6195  3024                    1372.0800000  256.55005  81.3%  72.7  608s

H 6195  2871                    1371.9500000  256.55005  81.3%  72.7  608s

H 6195  2727                    1371.0300000  256.55005  81.3%  72.7  608s

  6197  2729  305.65934  415  390 1371.03000  256.55005  81.3%  72.6  613s

H 6197  2591                    1370.0300000  256.68735  81.3%  72.6  625s

  6199  2592  260.17416   82  283 1370.03000  256.68735  81.3%  72.6  632s

H 6199  2462                    1367.0600000  256.68735  81.2%  72.6  641s

H 6199  2338                    1365.2600000  256.68735  81.2%  72.6  642s

H 6199  2220                    1360.0800000  256.68735  81.1%  72.6  642s

  6201  2221  313.48313  101  328 1360.08000  256.68735  81.1%  72.6  645s

  6202  2222  333.95169   33  274 1360.08000  256.68735  81.1%  72.6  650s

  6203  2223  316.57592  254  275 1360.08000  256.68735  81.1%  72.6  657s

H 6203  2111                    1358.8500000  256.68735  81.1%  72.6  673s

  6205  2112  276.92566  289  445 1358.85000  256.68735  81.1%  72.5  681s

  6206  2113  290.81671  252  224 1358.85000  256.71891  81.1%  72.5  692s

  6207  2113  472.84252  529  347 1358.85000  257.04679  81.1%  72.5  711s

H 6207  2006                    1358.7300000  257.35882  81.1%  72.5  714s

  6209  2008  316.52491  218  394 1358.73000  257.42945  81.1%  72.5  717s

  6210  2008  260.44461  109  381 1358.73000  257.42945  81.1%  72.5  723s

  6211  2009  280.08592   78  368 1358.73000  257.56688  81.0%  72.5  725s

  6213  2010  548.92365  521  367 1358.73000  257.58829  81.0%  72.4  731s

  6215  2012  685.05595  328  363 1358.73000  257.67479  81.0%  72.4  735s

  6218  2014  412.59700  495  358 1358.73000  257.67479  81.0%  72.4  740s

  6221  2021  277.77469   17  236 1358.73000  257.67479  81.0%  92.1  746s

  6233  2033  279.26517   19  241 1358.73000  257.67479  81.0%  93.2  750s

  6262  2055  303.95046   22  226 1358.73000  257.67479  81.0%  95.7  756s

H 6267  1951                    1356.1100000  257.67479  81.0%  96.4  756s

H 6289  1869                    1342.4600000  257.67479  80.8%  98.5  758s

  6297  1881  281.02429   24  220 1342.46000  257.67479  80.8%  99.4  760s

H 6331  1799                    1340.2900000  257.67479  80.8%   103  763s

  6333  1813  306.02575   26  371 1340.29000  257.67479  80.8%   103  767s

  6349  1820  283.47069   27  291 1340.29000  257.67479  80.8%   104  770s

H 6361  1736                    1288.3100000  257.67479  80.0%   105  773s

H 6363  1652                    1286.9900000  257.67479  80.0%   105  773s

H 6366  1572                    1285.7400000  257.67479  80.0%   106  773s

  6369  1588  282.14262   28  230 1285.74000  257.67479  80.0%   106  777s

  6386  1591  282.14262   30  232 1285.74000  257.67479  80.0%   107  780s

H 6394  1521                    1279.9700000  257.67479  79.9%   108  783s

H 6401  1448                    1279.9600000  257.67479  79.9%   108  783s

  6403  1464  282.15622   31  246 1279.96000  257.67479  79.9%   108  786s

H 6431  1406                    1277.4800000  257.67479  79.8%   110  792s

H 6434  1341                    1276.7100000  257.67479  79.8%   110  792s

  6439  1358  283.67255   33  211 1276.71000  257.67479  79.8%   111  796s

  6458  1364  296.35388   34  233 1276.71000  257.67479  79.8%   112  800s

H 6460  1302                    1273.7400000  257.67479  79.8%   112  800s

  6478  1311  283.91032   36  245 1273.74000  257.67479  79.8%   114  805s

H 6485  1251                    1256.5200000  257.67479  79.5%   114  805s

  6508  1286  284.37053   38  252 1256.52000  257.67479  79.5%   116  813s

  6529  1306  284.21247   40  221 1256.52000  257.67479  79.5%   116  817s

  6556  1318  369.19438   43  152 1256.52000  257.67479  79.5%   118  822s

  6577  1342  284.79559   45  191 1256.52000  257.67479  79.5%   119  825s

H 6643  1311                    1255.6600000  257.67479  79.5%   122  832s

  6665  1318  289.89378   52  264 1255.66000  257.67479  79.5%   123  836s

  6681  1338  290.41766   54  269 1255.66000  257.67479  79.5%   125  840s

  6733  1372  297.67962   58  180 1255.66000  257.67479  79.5%   128  848s

  6763  1385  311.69984   60  234 1255.66000  257.67479  79.5%   129  852s

  6788  1407  315.25994   62  216 1255.66000  257.67479  79.5%   130  857s

  6820  1421  319.66293   65  200 1255.66000  257.67479  79.5%   132  861s

  6847  1447  321.78558   68  197 1255.66000  257.67479  79.5%   134  866s

  6884  1465  320.12208   72  255 1255.66000  257.67479  79.5%   136  870s

H 6921  1407                    1236.0300000  257.67479  79.2%   138  874s

  6922  1448  406.68815   75  212 1236.03000  257.67479  79.2%   139  879s

  6966  1467  323.04277   79  184 1236.03000  257.67479  79.2%   141  885s

  7005  1491  324.85539   83  238 1236.03000  257.67479  79.2%   143  890s

  7048  1506  326.07477   86  227 1236.03000  257.67479  79.2%   146  895s

  7081  1533  327.78197   90  221 1236.03000  257.67479  79.2%   147  900s

  7121  1554  388.17399   94  211 1236.03000  257.67479  79.2%   149  905s

  7157  1593  328.92573   99  207 1236.03000  257.67479  79.2%   151  911s

  7211  1622  331.55418  104  226 1236.03000  257.67479  79.2%   154  917s

H 7258  1582                    1232.7100000  257.67479  79.1%   156  923s

  7284  1609  357.54463  111  204 1232.71000  257.67479  79.1%   158  929s

  7325  1658  407.00350  116  160 1232.71000  257.67479  79.1%   160  935s

  7391  1677  403.28898  123  200 1232.71000  257.67479  79.1%   162  941s

H 7405  1624                    1231.7300000  257.67479  79.1%   162  941s

  7439  1675  486.87005  129  163 1231.73000  257.67479  79.1%   164  949s

  7510  1651  258.72619   19  265 1231.73000  257.67479  79.1%   168  950s

  7511  1696  552.06603  136  182 1231.73000  257.67479  79.1%   168  957s

  7569  1739 infeasible  141      1231.73000  257.67479  79.1%   170  965s

  7642  1774  257.67479   32  151 1231.73000  257.67479  79.1%   172  973s

  7707  1780  275.38738   33  191 1231.73000  257.67479  79.1%   174  981s

H 7720  1732                    1215.2200000  257.67479  78.8%   174  981s

  7738  1799  257.67479   35  283 1215.22000  257.67479  78.8%   175  989s

H 7811  1732                    1210.2400000  257.67479  78.7%   176  989s

  7819  1826  258.27407   44  258 1210.24000  257.67479  78.7%   177  998s

  7925  1877  267.00000   50  154 1210.24000  257.67479  78.7%   179 1007s

H 7936  1832                    1206.2400000  257.67479  78.6%   179 1007s

  8021  1920  264.70031   60  258 1206.24000  257.67479  78.6%   181 1017s

  8152  1995  268.70937   70  221 1206.24000  257.67479  78.6%   183 1028s

  8273  2260  301.46110   80  158 1206.24000  257.67479  78.6%   185 1038s

  8587  2347  318.82217   98  248 1206.24000  257.67479  78.6%   185 1048s

  8739  2674  303.91532  107  307 1206.24000  257.67479  78.6%   187 1059s

  9089  2682  322.59944  135  258 1206.24000  257.67479  78.6%   186 1066s

  9097  2688  347.03013  136  235 1206.24000  257.67479  78.6%   186 1075s

  9107  2757  348.47778  133  224 1206.24000  257.67479  78.6%   187 1084s

  9178  2850  348.70887  140  253 1206.24000  257.67479  78.6%   187 1095s

  9273  2933  363.18504  155  181 1206.24000  257.67479  78.6%   188 1107s

  9391  3074  364.52315  177  268 1206.24000  257.67479  78.6%   190 1118s

  9532  3238  366.72802  201  221 1206.24000  257.67479  78.6%   191 1129s

  9697  3695  370.46360  227  236 1206.24000  257.67479  78.6%   191 1142s

H10097  3695                    1197.2400000  257.67479  78.5%   192 1142s

H10164  3702                    1187.8800000  257.67479  78.3%   191 1151s

H10167  3702                    1182.6400000  257.67479  78.2%   191 1151s

 10172  3874  514.39734  268  261 1182.64000  257.67479  78.2%   191 1164s

 10366  4257  523.10314  276  250 1182.64000  257.67479  78.2%   192 1176s

 10780  4356  550.52047  316  283 1182.64000  257.67479  78.2%   190 1189s

 10924  4620 infeasible  320      1182.64000  257.67479  78.2%   192 1200s

 11197  4922  901.21902  335  125 1182.64000  257.67479  78.2%   192 1213s

H11506  4922                    1174.7500000  257.67479  78.1%   190 1213s

 11510  5251  971.62957  422  119 1174.75000  257.67479  78.1%   190 1229s

 11939  5690  263.43790   28  375 1174.75000  257.67479  78.1%   188 1243s

 12465  5883  292.47003   56  192 1174.75000  257.67479  78.1%   186 1259s

 12711  6046  320.59927   87  191 1174.75000  257.67479  78.1%   188 1273s

 12881  6197  343.56974  132  236 1174.75000  257.67479  78.1%   189 1287s

H12946  6194                    1164.4500000  257.67479  77.9%   189 1287s

 13038  6727  371.35142  177  193 1164.45000  257.67479  77.9%   188 1306s

 13668  6890  266.79410   59  172 1164.45000  257.67479  77.9%   187 1324s

 13831  7415  269.94661   70  223 1164.45000  257.67479  77.9%   189 1344s

 14361  8110  314.13790   87  191 1164.45000  257.67479  77.9%   189 1363s

 15085  8345  487.65217  128  164 1164.45000  257.67479  77.9%   186 1393s

H15358  8769                    1164.3600000  257.67479  77.9%   188 1421s

 15789  9389  610.46589  170  214 1164.36000  257.67479  77.9%   186 1453s

 16476  9990  640.24615  205  161 1164.36000  257.67479  77.9%   184 1478s

 17158 10554  844.05913  374  142 1164.36000  257.67479  77.9%   183 1501s

 17797 10741  951.68884  388  135 1164.36000  257.67479  77.9%   182 1523s

 18013 11366  906.96721  388  138 1164.36000  257.67479  77.9%   183 1548s

 18736 11739  356.90276   38  356 1164.36000  257.67479  77.9%   182 1574s

 19227 12246  430.68017   54  188 1164.36000  257.67479  77.9%   183 1601s

 19782 12680  305.83106   43  159 1164.36000  257.67479  77.9%   184 1626s

 20285 13380  393.71793  100  352 1164.36000  257.67479  77.9%   184 1674s

 20986 13949  612.41020  177  219 1164.36000  257.67479  77.9%   183 1722s

 21585 14233  880.78471  261  163 1164.36000  257.67479  77.9%   182 1762s

H21615 14232                    1163.3500000  257.67479  77.9%   182 1762s

H21731 14229                    1161.8400000  257.67479  77.8%   182 1762s

H21863 14228                    1161.2500000  257.67479  77.8%   182 1762s

 21890 14911  896.62510  291  170 1161.25000  257.67479  77.8%   182 1817s

 22645 15795  262.24000   30  237 1161.25000  257.72014  77.8%   182 1882s

 23612 16390  441.73870  113  218 1161.25000  257.79685  77.8%   182 1942s

H23973 16389                    1160.6500000  258.02531  77.8%   182 1942s

H24108 16385                    1155.5800000  258.02531  77.7%   182 1942s

 24279 17059  486.46998  210  321 1155.58000  258.02531  77.7%   182 2011s

 25111 17354  347.99129   43  375 1155.58000  258.02531  77.7%   186 2063s

H25173 17347                    1147.0700000  258.12743  77.5%   186 2063s

 25472 18231  445.51853   52  311 1147.07000  258.12743  77.5%   185 2134s

H25567 18231                    1147.0699221  258.12743  77.5%   185 2134s

 26514 18479     cutoff   92      1147.06992  258.12743  77.5%   183 2189s

H26551 18479                    1147.0699171  258.12743  77.5%   183 2189s

H26594 18479                    1147.0699122  258.12743  77.5%   183 2189s

 26810 19194  264.97501   58  255 1147.06991  258.12743  77.5%   184 2248s

 27612 19892  362.26116  167  318 1147.06991  258.12743  77.5%   184 2319s

 28390 20346  473.05144  233  188 1147.06991  258.58337  77.5%   185 2389s

 28935 21696  265.85562   30  179 1147.06991  258.58337  77.5%   187 2467s

 30479 21765  654.17635  198  196 1147.06991  258.80536  77.4%   185 2541s

 30558 27084  722.09311  202  185 1147.06991  258.80536  77.4%   185 3072s

 36382 28317  830.75192  137  138 1147.06991  259.05981  77.4%   181 3144s

H37642 28050                    1092.8700000  259.06058  76.3%   179 3144s

 37697 28980  478.25887   87  234 1092.87000  259.06058  76.3%   179 3220s

 38802 29728  448.35048   58  276 1092.87000  259.13742  76.3%   180 3279s

H39966 30910                    1092.6600000  259.19583  76.3%   181 3336s

H40649 30847                    1080.2700000  259.23323  76.0%   180 3336s

 41344 31993  317.23237   46  312 1080.27000  259.29726  76.0%   179 3388s

H42642 32016                    1078.2300000  259.29726  76.0%   178 3428s

H42643 32007                    1076.7100000  259.29726  75.9%   178 3428s

 42691 32879  261.09510   45  314 1076.71000  259.29726  75.9%   178 3474s

 43680 33702  347.23860   54  244 1076.71000  259.29726  75.9%   178 3519s

H43782 33677                    1072.6200000  259.29726  75.8%   178 3519s

 44525 33889 infeasible  156      1072.62000  259.29726  75.8%   177 3569s

 44759 34600  454.46328   66  284 1072.62000  259.40541  75.8%   178 3620s

 45570 35644  336.23686   87  305 1072.62000  259.40541  75.8%   178 3698s

 46671 36281  574.88829  206  197 1072.62000  259.40541  75.8%   176 3744s

 47409 38101  992.82272  340  133 1072.62000  259.41065  75.8%   175 3803s

 49447 38936  423.89329  115  221 1072.62000  259.44743  75.8%   173 3845s

 50339 38940 infeasible  424      1072.62000  259.48076  75.8%   172 3873s

 50350 38947 1044.14109  425  135 1072.62000  259.48076  75.8%   172 3904s

 50358 38949 1044.18770  426  134 1072.62000  259.50258  75.8%   172 3936s

 50386 38987  260.96106   39  245 1072.62000  259.51532  75.8%   172 3965s

H50426 38987                    1072.6199990  259.51532  75.8%   172 3965s

 50428 39121  374.36239   48  266 1072.62000  259.51532  75.8%   172 3996s

 50572 39373  456.65258   52  301 1072.62000  259.51532  75.8%   172 4035s

 50828 40365 infeasible   60      1072.62000  259.51532  75.8%   173 4080s

 51940 40746  696.43829   67  240 1072.62000  259.52649  75.8%   171 4115s

 52408 41023     cutoff   68      1072.62000  259.52649  75.8%   171 4154s

 52724 41931  750.77617   68  236 1072.62000  259.52649  75.8%   171 4197s

 53668 42878  747.59500   68  224 1072.62000  259.52649  75.8%   171 4229s

 54737 43249  787.43643   69  242 1072.62000  259.59454  75.8%   170 4255s

 55174 44220  708.13111   68  238 1072.62000  259.59454  75.8%   170 4291s

 56254 45309  751.01638   69  234 1072.62000  259.59454  75.8%   169 4325s

 57420 45439  822.12214   69  217 1072.62000  259.59454  75.8%   168 4357s

 57552 45967  836.36012   70  165 1072.62000  259.59454  75.8%   168 4396s

 58155 46572  822.17691   70  224 1072.62000  259.59454  75.8%   168 4438s

 58932 46843  780.53856   70  216 1072.62000  259.81229  75.8%   167 4469s

 59260 47654 infeasible   69      1072.62000  259.81229  75.8%   167 4503s

H60089 47654                    1072.6199964  259.81229  75.8%   167 4503s

H60172 49011                    1072.6199816  259.81229  75.8%   167 4577s

H60246 49011                    1072.6199747  259.81229  75.8%   167 4577s

 61914 49113  331.31505   39  262 1072.61997  259.93466  75.8%   167 4608s

H61915 49113                    1072.6199633  259.93466  75.8%   167 4608s

H61915 49113                    1072.6199556  259.93466  75.8%   167 4608s

 62031 49621  331.31505   40  263 1072.61996  259.93466  75.8%   167 4644s

 62553 50829  810.56076  156  143 1072.61996  259.93466  75.8%   167 4675s

 63846 50904  434.38752   79  295 1072.61996  259.93466  75.8%   166 4704s

 63973 51155  463.24951   87  350 1072.61996  259.93466  75.8%   166 4737s

 64276 52104  604.49460  138  240 1072.61996  259.93466  75.8%   166 4773s

 65287 52350  486.78703   99  209 1072.61996  259.93466  75.8%   166 4796s

 65595 52701  288.31587   45  376 1072.61996  259.93466  75.8%   166 4837s

 65979 53280  315.98513   81  343 1072.61996  259.93466  75.8%   166 4873s

 66623 53923  390.71986  132  271 1072.61996  259.97534  75.8%   166 4906s

 67327 54011  502.07693  286  287 1072.61996  259.97807  75.8%   166 4940s

 67455 54527  823.59950  297  261 1072.61996  259.98872  75.8%   166 4980s

 68028 54864  402.86340   90  285 1072.61996  259.99538  75.8%   167 5024s

 68429 55765  404.21276  111  192 1072.61996  259.99538  75.8%   167 5069s

 69457 56341  322.31461   59  380 1072.61996  260.00850  75.8%   167 5114s

H69499 56341                    1072.6199443  260.00850  75.8%   167 5114s

 70037 57123  506.74692  101  219 1072.61994  260.00850  75.8%   167 5155s

 70883 58421  648.47088  194  177 1072.61994  260.00850  75.8%   166 5202s

 72277 59537  290.92346   57  369 1072.61994  260.00850  75.8%   165 5233s

 73490 60134  449.41118  168  263 1072.61994  260.00850  75.8%   165 5271s

 74188 60779  890.21309  278  158 1072.61994  260.00850  75.8%   164 5314s

 74304 60779  269.45040   43  230 1072.61994  260.02109  75.8%   164 5315s

 74952 62420 infeasible   62      1072.61994  260.02109  75.8%   164 5400s

 76663 62429  650.97777  183  208 1072.61994  260.02109  75.8%   164 5429s

 76700 62566  680.21679  182  276 1072.61994  260.02577  75.8%   164 5447s

 76872 62875  670.15541  202  214 1072.61994  260.02577  75.8%   164 5486s

 77203 63432  731.80219  232  176 1072.61994  260.02577  75.8%   164 5525s

H77716 63432                    1072.6199298  260.10468  75.8%   164 5525s

 77856 63673 infeasible  261      1072.61993  260.10468  75.8%   164 5558s

 78143 64348  338.06654   46  165 1072.61993  260.10468  75.8%   165 5588s

 78898 64998  722.42110  284  173 1072.61993  260.10468  75.8%   165 5628s

 79665 65440  418.34093   97  186 1072.61993  260.16114  75.7%   165 5672s

H79946 65440                    1072.6199153  260.16114  75.7%   165 5672s

 80125 66235  848.65201  153  175 1072.61992  260.16114  75.7%   165 5711s

 81039 67239  422.98424   81  261 1072.61992  260.18587  75.7%   165 5748s

 82180 67247  421.93707   66  244 1072.61992  260.25873  75.7%   165 5788s

 82188 67580  426.21895   67  212 1072.61992  260.25873  75.7%   165 5829s

H82447 67577                    1072.4200000  260.25873  75.7%   165 5829s

 82572 67835  669.72111  115  215 1072.42000  260.25873  75.7%   165 5873s

 82847 69003  286.03658   53  301 1072.42000  260.25873  75.7%   165 5921s

 84097 69351  881.67812  209  192 1072.42000  260.25873  75.7%   164 5961s

 84484 69717 1027.60796  333  165 1072.42000  260.25873  75.7%   164 5998s

 84870 70035  484.89973   75  276 1072.42000  260.25873  75.7%   164 6037s

 85197 70295  532.47215   76  239 1072.42000  260.25873  75.7%   164 6076s

 85521 70530  532.53183   77  286 1072.42000  260.25873  75.7%   164 6116s

 85813 71408  594.26543   94  304 1072.42000  260.25873  75.7%   164 6152s

 86925 71707  286.42623   38  274 1072.42000  260.36109  75.7%   165 6201s

 87321 72920  399.27393   70  255 1072.42000  260.36109  75.7%   165 6235s

 88637 74041  465.37635   86  208 1072.42000  260.36109  75.7%   164 6287s

 89878 74633  656.30506   97  190 1072.42000  260.36109  75.7%   164 6345s

 90490 75973     cutoff   97      1072.42000  260.36109  75.7%   164 6398s

 91962 76060  805.92177  173  212 1072.42000  260.36109  75.7%   164 6441s

 92061 77042 infeasible  174      1072.42000  260.42774  75.7%   164 6499s

 93219 78372  322.39452   64  236 1072.42000  260.42774  75.7%   165 6544s

 93645 78372  858.41494   77  170 1072.42000  260.42774  75.7%   165 6545s

 94679 78718  265.62537   54  298 1072.42000  260.42774  75.7%   164 6569s

 95033 79482  293.04121  111  290 1072.42000  260.42774  75.7%   164 6597s

 95837 79492  521.40461  282  283 1072.42000  260.42774  75.7%   164 6622s

H95848 79492                    1072.4199990  260.42774  75.7%   164 6622s

 95849 80355  521.41104  283  276 1072.42000  260.42774  75.7%   164 6648s

 96734 80601  934.95385  509  225 1072.42000  260.42774  75.7%   163 6687s

 97090 82321  366.09250   71  303 1072.42000  260.52105  75.7%   164 6736s

 98841 83422  960.06913  352  165 1072.42000  260.52105  75.7%   163 6790s

 100026 84692  451.71417  134  158 1072.42000  260.52105  75.7%   162 6836s

 101411 85046  281.46955   62  263 1072.42000  260.52105  75.7%   162 6858s

 101779 85054  333.83054  113  281 1072.42000  260.56918  75.7%   162 6895s

 101787 85062  334.71700  114  265 1072.42000  260.56918  75.7%   162 6923s

 101795 85070  335.08785  115  271 1072.42000  260.56918  75.7%   162 6949s

 101803 85187  335.75465  116  277 1072.42000  260.56918  75.7%   162 6985s

H101846 83853                    1019.7999990  260.56918  74.4%   162 6985s

 101923 84216  336.27465  117  293 1019.80000  260.56918  74.4%   162 7020s

 102306 85255  454.41357  165  200 1019.80000  260.58464  74.4%   162 7070s

 103410 85847  262.62463   60  321 1019.80000  260.60379  74.4%   161 7114s

 104053 86787  307.92063  117  206 1019.80000  260.60379  74.4%   161 7153s

 105015 87972  423.23908  219  193 1019.80000  260.60379  74.4%   162 7208s

H105106 87938                    1018.8800000  260.60379  74.4%   162 7208s

 106279 88031  404.07728   67  278 1018.88000  260.62000  74.4%   161 7235s

 106394 88288  442.93045   79  263 1018.88000  260.62000  74.4%   161 7266s

 106728 89181  493.65972  111  285 1018.88000  260.62000  74.4%   161 7293s

 107673 89521  817.44093  313  275 1018.88000  260.62000  74.4%   161 7330s

 108066 90095  320.35453   43  229 1018.88000  260.62076  74.4%   161 7373s

 108745 90906  323.23480   49  233 1018.88000  260.62076  74.4%   161 7419s

 109624 93138  549.32854  137  216 1018.88000  260.62076  74.4%   161 7479s

 110400 93138  603.37216  257  243 1018.88000  260.62076  74.4%   160 7480s

 111971 93935  919.26514  449  261 1018.88000  260.62609  74.4%   160 7510s

 112804 94964  322.40139   45  235 1018.88000  260.62609  74.4%   160 7546s

 113874 95124  386.02402  100  217 1018.88000  260.62609  74.4%   160 7567s

 114048 95825  382.70327   99  369 1018.88000  260.62609  74.4%   160 7595s

 114844 95962  406.84524  130  276 1018.88000  260.62609  74.4%   159 7625s

 114991 96726  263.71907   44  356 1018.88000  260.65978  74.4%   160 7654s

 115666 96726  390.71908   60  239 1018.88000  260.66477  74.4%   160 7655s

 115809 97728  308.99657   49  283 1018.88000  260.66477  74.4%   161 7703s

 116869 98090  367.57936  102  213 1018.88000  260.66477  74.4%   161 7739s

 117275 98877  396.81941  124  182 1018.88000  260.66879  74.4%   161 7775s

 118174 99185  275.47813   38  337 1018.88000  260.66879  74.4%   161 7813s

 118519 99927  397.80690   45  357 1018.88000  260.66879  74.4%   161 7859s

 119447 100588  296.65491   37  300 1018.88000  260.70605  74.4%   161 7914s

 120109 102507  489.64026   89  297 1018.88000  260.70605  74.4%   162 7982s

 122139 102913  918.52385  285  303 1018.88000  260.70605  74.4%   161 8001s

 122620 103209  330.37189   53  357 1018.88000  260.70605  74.4%   161 8036s

 122950 104264  413.85666   69  253 1018.88000  260.71287  74.4%   161 8092s

 124171 104974  811.52462  144  252 1018.88000  260.74385  74.4%   161 8127s

 124970 105244  434.13627   60  298 1018.88000  260.74385  74.4%   162 8176s

 125296 106073  674.02305   77  342 1018.88000  260.76324  74.4%   162 8215s

 126216 107132  733.31192   85  325 1018.88000  260.76324  74.4%   162 8263s

 127376 107442  770.22860   92  332 1018.88000  260.76324  74.4%   161 8301s

 127743 107838  788.72803   93  335 1018.88000  260.76324  74.4%   161 8342s

 128141 108277  839.02189   99  310 1018.88000  260.76324  74.4%   162 8377s

 128620 108822 infeasible  100      1018.88000  260.76324  74.4%   162 8422s

 129203 109477  271.24769   30  405 1018.88000  260.76324  74.4%   162 8452s

 129900 110630  339.02729   54  332 1018.88000  260.76324  74.4%   162 8499s

 131136 111325  577.57873  232  177 1018.88000  260.84289  74.4%   162 8546s

 131931 111769  322.84025   73  298 1018.88000  260.84289  74.4%   162 8584s

 132453 113135  413.11886  121  217 1018.88000  260.84289  74.4%   162 8615s

 133859 113276  447.92826   95  275 1018.88000  260.84289  74.4%   161 8668s

 134050 113783  560.80472  123  230 1018.88000  260.87196  74.4%   161 8722s

 134662 115385  751.42633  177  227 1018.88000  260.87196  74.4%   162 8789s

 136484 115558  402.19055   76  273 1018.88000  260.96076  74.4%   162 8828s

 136702 116692  473.05825   97  319 1018.88000  260.96076  74.4%   162 8870s

 137905 116700  284.85586   53  365 1018.88000  260.96076  74.4%   162 8899s

 137913 116832  285.72554   54  325 1018.88000  260.96076  74.4%   162 8929s

 138045 118068  303.57925   61  401 1018.88000  260.96076  74.4%   162 8962s

 139377 118201  457.72234  142  249 1018.88000  260.96076  74.4%   161 8993s

 139528 118677  572.33686  156  248 1018.88000  260.96076  74.4%   162 9036s

 140033 119227  698.57761  224  243 1018.88000  260.96076  74.4%   162 9087s

 140613 119760  969.79482  359  248 1018.88000  260.96076  74.4%   162 9132s

 141229 120330  386.38140   88  242 1018.88000  260.96281  74.4%   162 9169s

 141776 120330  781.44611  532  286 1018.88000  260.96281  74.4%   162 9170s

 141830 121149  557.54979  211  252 1018.88000  260.96281  74.4%   162 9199s

 142733 121475  787.01467  319  225 1018.88000  260.96302  74.4%   162 9231s

 143154 121853  806.07441  329  200 1018.88000  260.96302  74.4%   162 9276s

 143631 123253  361.39335   72  265 1018.88000  261.01412  74.4%   162 9323s

 145201 124470  436.02319   89  188 1018.88000  261.01412  74.4%   162 9369s

 146493 125375  799.62512  318  219 1018.88000  261.01412  74.4%   162 9432s

 147461 126185  803.75914  319  211 1018.88000  261.01412  74.4%   162 9473s

 148380 126608  804.95981  320  220 1018.88000  261.02985  74.4%   161 9512s

 148840 127570  859.93902  349  235 1018.88000  261.02985  74.4%   161 9566s

H148933 127570                    1018.8799716  261.02985  74.4%   161 9566s

 149911 127810  281.20503   66  306 1018.87997  261.02985  74.4%   161 9603s

H150023 127810                    1018.8799602  261.02985  74.4%   161 9603s

 150180 128958  349.70056   92  284 1018.87996  261.02985  74.4%   162 9666s

 151392 129623  561.67060  173  192 1018.87996  261.02985  74.4%   162 9702s

 152113 129905  272.37928   66  316 1018.87996  261.02985  74.4%   162 9730s

 152482 129935  347.91035   94  405 1018.87996  261.02985  74.4%   162 9768s

 152522 130484  348.14877   95  381 1018.87996  261.05203  74.4%   162 9815s

 153147 131484  397.95412  114  439 1018.87996  261.05203  74.4%   162 9859s

 154025 131484  528.02942  196  264 1018.87996  261.11112  74.4%   162 9860s

 154291 132058  458.83775  204  398 1018.87996  261.11112  74.4%   162 9903s

 155016 132443  566.85832  329  391 1018.87996  261.11357  74.4%   163 9945s

 155435 133529  680.13552  413  382 1018.87996  261.11357  74.4%   163 9996s

 156657 134175  970.95287  539  293 1018.87996  261.11357  74.4%   163 10042s

 157363 134748  480.36653  153  226 1018.87996  261.11357  74.4%   163 10089s

 158052 135028 infeasible  290      1018.87996  261.16322  74.4%   163 10132s

 158385 136297  308.92664   49  304 1018.87996  261.16322  74.4%   163 10187s

 159792 137644  809.43358  195  196 1018.87996  261.17695  74.4%   163 10241s

 161191 138853  418.79818   91  296 1018.87996  261.17695  74.4%   163 10280s

 162460 139589  664.30887  203  212 1018.87996  261.17695  74.4%   163 10325s

 163250 139884  942.53686  332  228 1018.87996  261.21072  74.4%   163 10360s

 163598 140676  491.62723   55  245 1018.87996  261.23014  74.4%   163 10412s

 164512 140999  646.63628   79  220 1018.87996  261.23014  74.4%   164 10453s

 164906 141052  267.43745   59  295 1018.87996  261.23014  74.4%   164 10508s

 164959 141842  272.98949   71  307 1018.87996  261.23014  74.4%   164 10568s

 165832 142685  959.49983  326  206 1018.87996  261.23014  74.4%   164 10620s

 166750 143825  620.45762  145  175 1018.87996  261.30326  74.4%   164 10687s

 168034 145315  430.36890  158  257 1018.87996  261.36831  74.3%   164 10733s

 169588 145975  798.23576  432  260 1018.87996  261.36831  74.3%   164 10771s

 170322 146351  406.21437   84  306 1018.87996  261.37512  74.3%   164 10809s

 170774 146625  559.26980  153  312 1018.87996  261.37512  74.3%   164 10842s

 171071 146951  559.28130  154  308 1018.87996  261.37512  74.3%   164 10863s

 171416 147211  559.46396  155  306 1018.87996  261.37512  74.3%   164 10898s

 171696 148305  672.06207  254  286 1018.87996  261.37512  74.3%   164 10957s

 172914 149355  375.87925   93  317 1018.87996  261.41344  74.3%   164 11013s

 174042 150764  649.92946  197  187 1018.87996  261.41344  74.3%   164 11064s

 175537 151976  262.79357   33  318 1018.87996  261.41344  74.3%   164 11106s

 176867 152599  359.48322  116  258 1018.87996  261.41344  74.3%   164 11143s

 177525 153659  525.04806  185  186 1018.87996  261.41344  74.3%   164 11186s

 178737 154457  749.67499  394  206 1018.87996  261.41344  74.3%   164 11259s

 178973 154457  894.58395  166  201 1018.87996  261.41344  74.3%   164 11260s

 179684 155584  354.24014   66  317 1018.87996  261.41821  74.3%   164 11309s

 180959 156125  894.87392  349  171 1018.87996  261.47001  74.3%   164 11332s

 181530 157106  286.44023   61  262 1018.87996  261.51185  74.3%   164 11376s

 182526 157114  432.20603  132  207 1018.87996  261.51185  74.3%   164 11417s

 182534 157534  417.17942  133  217 1018.87996  261.51185  74.3%   164 11459s

 182954 158300  431.51951  134  219 1018.87996  261.51185  74.3%   163 11499s

 183810 158668  736.51158  206  156 1018.87996  261.51185  74.3%   163 11531s

 184218 159347  715.98777  231  152 1018.87996  261.51282  74.3%   163 11561s

 184948 159822  832.14072  279  157 1018.87996  261.51282  74.3%   163 11600s

 185528 161518  328.69080   71  303 1018.87996  261.51282  74.3%   163 11646s

 187359 161966  983.91106  316  157 1018.87996  261.51282  74.3%   163 11686s

 187953 162638  362.01290   31  326 1018.87996  261.51282  74.3%   163 11726s

 188756 162827  730.43568   98  213 1018.87996  261.56718  74.3%   163 11753s

 188996 163451  779.37601  110  198 1018.87996  261.56718  74.3%   163 11784s

 189791 163774  267.35528   59  283 1018.87996  261.56718  74.3%   163 11818s

 190158 164568  355.48748   92  287 1018.87996  261.56718  74.3%   163 11853s

 191011 165444  523.47313  191  226 1018.87996  261.61825  74.3%   163 11888s

 191958 165846 infeasible  400      1018.87996  261.61825  74.3%   163 11917s

 192492 166226  318.86700   57  227 1018.87996  261.63181  74.3%   164 11954s

 192903 166846  552.71584  106  289 1018.87996  261.63181  74.3%   164 11990s

 193644 167240  269.87364   56  368 1018.87996  261.63181  74.3%   164 12036s

 194077 168176  361.47801   75  304 1018.87996  261.63181  74.3%   165 12111s

 195116 170041  300.64064   39  344 1018.87996  261.66823  74.3%   165 12191s

 197183 170051  916.04210  388  263 1018.87996  261.66823  74.3%   166 12260s

 197193 170513  934.24931  389  244 1018.87996  261.66823  74.3%   166 12308s

 197719 171918  940.39401  392  247 1018.87996  261.66823  74.3%   166 12374s

 199305 172988  308.04259   58  365 1018.87996  261.69890  74.3%   166 12417s

 200475 174150  344.48910  130  269 1018.87996  261.69890  74.3%   165 12463s

 201720 174520  276.52612   55  335 1018.87996  261.69890  74.3%   165 12500s

 202103 175846  345.80554   85  267 1018.87996  261.69890  74.3%   165 12542s

 203498 176857  628.30695  267  225 1018.87996  261.69890  74.3%   165 12583s

 204609 178277  347.82104   60  373 1018.87996  261.69890  74.3%   165 12641s

 206105 178634  618.25368  155  248 1018.87996  261.70938  74.3%   164 12670s

 206506 179261  269.97186   32  336 1018.87996  261.70938  74.3%   164 12696s

 207171 179722  453.48547   76  365 1018.87996  261.70938  74.3%   165 12729s

 207681 180279  315.98884   51  297 1018.87996  261.70938  74.3%   165 12764s

 208379 180996  579.08443  110  164 1018.87996  261.70938  74.3%   165 12817s

 209148 182400  274.95758   46  293 1018.87996  261.78984  74.3%   165 12875s

 210688 182588  316.76775  106  228 1018.87996  261.79438  74.3%   165 12905s

 210916 183641  344.48772  128  241 1018.87996  261.79438  74.3%   165 12954s

 211072 183641  416.59161  150  225 1018.87996  261.79438  74.3%   165 12955s

 212115 183649  529.55204  284  214 1018.87996  261.79785  74.3%   165 13014s

 212123 183671  529.73577  285  204 1018.87996  261.79785  74.3%   165 13067s

 212145 183869  529.84274  286  200 1018.87996  261.79785  74.3%   165 13110s

 212343 184390  721.22110  379  212 1018.87996  261.79785  74.3%   165 13147s

 212970 185171  293.01500   78  183 1018.87996  261.79785  74.3%   165 13200s

 213898 185386  294.83112   58  260 1018.87996  261.82041  74.3%   165 13247s

 214141 186627  354.33923   93  193 1018.87996  261.82041  74.3%   165 13304s

 214451 186627  265.29683   41  248 1018.87996  261.82041  74.3%   165 13305s

H214860 186627                    1018.8799090  261.82041  74.3%   165 13305s

 215456 186898 infeasible  309      1018.87991  261.82041  74.3%   165 13336s

H215561 186898                    1018.8799087  261.82041  74.3%   165 13336s

 215747 188201  796.07793  307  245 1018.87991  261.82041  74.3%   165 13376s

 217079 188474  925.20247  361  162 1018.87991  261.82041  74.3%   164 13414s

 217415 189024  925.34788  362  163 1018.87991  261.82041  74.3%   164 13444s

 217996 189553  932.20144  363  173 1018.87991  261.82041  74.3%   164 13472s

H218505 189553                    1018.8799075  261.82041  74.3%   164 13472s

 218561 190023  933.53968  364  165 1018.87991  261.82041  74.3%   164 13515s

 219116 190489  299.61109   52  205 1018.87991  261.82041  74.3%   164 13557s

 219696 190924  371.23225  108  232 1018.87991  261.82041  74.3%   164 13591s

 220233 191321  263.15938   45  287 1018.87991  261.89361  74.3%   165 13628s

 220720 192168  339.06528  138  282 1018.87991  261.89361  74.3%   165 13673s

 221643 192489  457.27254  110  210 1018.87991  261.89361  74.3%   165 13712s

 222006 193379  547.60589  165  208 1018.87991  261.93050  74.3%   165 13761s

H222175 193379                    1018.8799052  261.93050  74.3%   165 13762s

 223007 194437  726.00558  269  250 1018.87991  261.93050  74.3%   165 13824s

 224179 194758  407.02699  109  299 1018.87991  261.93050  74.3%   165 13859s

H224216 194758                    1018.8799044  261.93050  74.3%   165 13859s

 224524 195897  456.94619  146  306 1018.87990  261.93050  74.3%   165 13908s

 225697 196176  844.96761  298  189 1018.87990  261.93050  74.3%   165 13940s

 226020 196756  302.01568   64  237 1018.87990  261.93050  74.3%   165 13982s

 226652 197412  664.48982  160  218 1018.87990  261.93050  74.3%   165 14022s

 227359 198325  842.29217  244  205 1018.87990  261.93050  74.3%   165 14078s

 228343 198368  345.49282   75  200 1018.87990  261.93050  74.3%   165 14141s

 228386 199023  347.34729   76  240 1018.87990  261.93050  74.3%   165 14198s

 229082 199379  853.45838  206  175 1018.87990  261.93050  74.3%   165 14235s

 229518 200189  440.71867  105  240 1018.87990  261.95933  74.3%   165 14279s

 230413 201072  295.74899   69  296 1018.87990  261.95933  74.3%   165 14326s

 231371 201448  780.53850  287  193 1018.87990  261.95933  74.3%   165 14360s

 231816 202520  320.14611   56  228 1018.87990  261.95933  74.3%   165 14400s



Cutting planes:

  Learned: 15

  Gomory: 35

  Lift-and-project: 1

  Cover: 93

  Implied bound: 317

  Projected implied bound: 37

  Clique: 348

  MIR: 387

  Mixing: 20

  StrongCG: 61

  Flow cover: 955

  GUB cover: 10

  Inf proof: 1

  Zero half: 730

  RLT: 98

  Relax-and-lift: 1880

  BQP: 44



Explored 232927 nodes (38375224 simplex iterations) in 14401.50 seconds (9494.45 work units)

Thread count was 16 (of 16 available processors)



Solution count 10: 1018.88 1018.88 1019.8 ... 1072.62



Time limit reached

Best objective 1.018879904395e+03, best bound 2.619593293407e+02, gap 74.2895%



AMPL MP initial flat model has 17959 variables (0 integer, 17862 binary);

Objectives: 1 quadratic; 

Constraints:  3728 linear; 12 quadratic;



AMPL MP final model has 17959 variables (0 integer, 17862 binary);

Objectives: 1 quadratic; 

Constraints:  3728 linear; 12 quadratic;





-----RESULTS INFO-----
running_time:  14406.719000000001
TC.best_bound:  261.9593293406597
TC:  1018.8799043947402
MIP Gap (%):  74.28947923982511
=== Vehicle Routes ===
Vehicle 1: 2 → 1
Vehicle 1: 10 → 12
Vehicle 1: 12 → 11
Vehicle 2: 0 → 3
Vehicle 2: 3 → 4
Vehicle 2: 4 → 19
Vehicle 2: 5 → 71
Vehicle 2: 7 → 5
Vehicle 2: 17 → 7
Vehicle 2: 19 → 63
Vehicle 2: 63 → 17
Vehicle 3: 8 → 18
Vehicle 3: 18 → 65
Vehicle 3: 65 → 6
Vehicle 4: 0 → 15
Vehicle 4: 14 → 68
Vehicle 4: 15 → 16
Vehicle 4: 16 → 14
Vehicle 4: 68 → 71
Vehicle 5: 0 → 41
Vehicle 5: 41 → 59
Vehicle 5: 59 → 62
Vehicle 5: 62 → 71
Vehicle 6: 0 → 67
Vehicle 6: 44 → 54
Vehicle 6: 54 → 71
Vehicle 6: 67 → 44
Vehicle 7: 0 → 66
Vehicle 7: 52 → 71
Vehicle 7: 66 → 52
Vehicle 8: 0 → 70
Vehicle 8: 70 → 71

=== Full Vehicle Routes ===
Vehicle 1: 0 → 9 → 10 → 12 → 11 → 13 → 2 → 1 → 0 (97<100)
Vehicle 2: 0 → 3 → 4 → 19 → 63 → 17 → 7 → 5 → 0 (77<100)
Vehicle 3: 0 → 8 → 18 → 65 → 6 → 0 (99<100)
Vehicle 4: 0 → 15 → 16 → 14 → 68 → 0 (100<100)
Vehicle 5: 0 → 41 → 59 → 62 → 0 (99<100)
Vehicle 6: 0 → 67 → 44 → 54 → 0 (99<100)
Vehicle 7: 0 → 66 → 52 → 0 (100<100)
Vehicle 8: 0 → 70 → 0 (60<100)
Arc used by MRT line: y variables:
MRT used: 65 → 64
Customer assigment to PL: u variables:
20 64
21 65
22 62
23 62
24 68
25 63
26 66
27 62
28 62
29 70
30 67
31 68
32 66
33 67
34 66
35 66
36 67
37 67
38 70
39 70
40 68
42 68
43 64
45 66
46 66
47 70
48 68
49 68
50 66
51 65
53 62
55 63
56 62
57 64
58 64
60 62
61 68
Node is served by regular vehicle: g variables:
1
2
3
4
5
6
7
8
9
10
11
12
13
14
15
16
17
18
19
41
44
52
54
59
68
70
62
63
65
66
67
Customer assigment to Home delivery: gm variables:
1
2
3
4
5
6
7
8
9
10
11
12
13
14
15
16
17
18
19
41
44
52
54
59
Node total demands: ntd variables:
1 2 1
2 22 1
3 4 1
4 7 1
5 16 1
6 6 1
7 16 1
8 23 1
9 19 1
10 2 1
11 24 1
12 6 1
13 23 1
14 4 1
15 18 1
16 20 1
17 14 1
18 18 1
19 7 1
41 2 1
42 0 0
43 0 0
44 12 1
45 0 0
46 0 0
47 0 0
48 0 0
49 0 0
50 0 0
51 0 0
52 21 1
53 0 0
54 16 1
55 0 0
56 0 0
57 0 0
58 0 0
59 26 1
60 0 0
61 0 0
68 58 1
69 0 0
70 60 1
62 71 1
63 13 1
64 0 0
65 53 1
66 79 1
67 71 1
Customer's demand delivered to PL: l variables:
20
21
22
23
24
25
26
27
28
29
30
31
32
33
34
35
36
37
38
39
40
42
43
45
46
47
48
49
50
51
53
55
56
57
58
60
61
Lockers load <= capacity:
58 <= 100
0 <= 72
60 <= 82
71 <= 76
13 <= 74
50 <= 75
3 <= 100
79 <= 88
71 <= 72
