Gurobi 12.0.0:   lim:time = 14400

  mip:bestbound = 1

Set parameter LogToConsole to value 1

  tech:outlev = 1

Set parameter Cuts to value 3

  cut:cuts = 3

Set parameter Presolve to value 2

  pre:solve = 2

Set parameter MIPFocus to value 2

  mip:focus = 2

Set parameter Symmetry to value 2

  mip:symmetry = 2

Set parameter InfUnbdInfo to value 1

Gurobi Optimizer version 12.0.0 build v12.0.0rc1 (win64 - Windows 11.0 (26100.2))



CPU model: 11th Gen Intel(R) Core(TM) i7-11700 @ 2.50GHz, instruction set [SSE2|AVX|AVX2|AVX512]

Thread count: 8 physical cores, 16 logical processors, using up to 16 threads



Non-default parameters:

TimeLimit  14400

MIPFocus  2

Symmetry  2

Cuts  3

InfUnbdInfo  1

Presolve  2



Optimize a model with 6014 rows, 36378 columns and 233256 nonzeros

Model fingerprint: 0xcb6b8829

Model has 4 quadratic objective terms

Model has 16 quadratic constraints

Variable types: 121 continuous, 36257 integer (0 binary)

Coefficient statistics:

  Matrix range     [1e+00, 1e+05]

  QMatrix range    [1e+00, 1e+00]

  QLMatrix range   [1e+00, 3e+01]

  Objective range  [3e-01, 1e+02]

  QObjective range [2e+00, 2e+00]

  Bounds range     [1e+00, 1e+02]

  RHS range        [1e+00, 1e+05]

  QRHS range       [1e+02, 1e+02]

Presolve removed 205 rows and 700 columns (presolve time = 5s)...

Presolve removed 205 rows and 704 columns (presolve time = 10s)...

Presolve removed 197 rows and 743 columns

Presolve time: 11.02s

Presolved: 28028 rows, 57828 columns, 282774 nonzeros

Variable types: 1814 continuous, 56014 integer (51929 binary)

Root relaxation presolve removed 5 rows and 5 columns

Root relaxation presolved: 28007 rows, 57808 columns, 1727919 nonzeros



Deterministic concurrent LP optimizer: primal simplex, dual simplex, and barrier

Showing barrier log only...



Root barrier log...





Barrier performed 0 iterations in 31.14 seconds (33.89 work units)

Barrier solve interrupted - model solved by another algorithm



Concurrent spin time: 0.02s



Solved with dual simplex



Root simplex log...



Iteration    Objective       Primal Inf.    Dual Inf.      Time

    1536    2.6186872e+02   0.000000e+00   0.000000e+00     31s



Root relaxation: objective 2.618687e+02, 1536 iterations, 1.22 seconds (1.74 work units)

Total elapsed time = 34.06s (DegenMoves)



    Nodes    |    Current Node    |     Objective Bounds      |     Work

 Expl Unexpl |  Obj  Depth IntInf | Incumbent    BestBd   Gap | It/Node Time



     0     0  261.86872    0  296          -  261.86872      -     -   35s

     0     0  304.19893    0  295          -  304.19893      -     -   40s

     0     0  307.81323    0  260          -  307.81323      -     -   42s

     0     0  307.81323    0  264          -  307.81323      -     -   42s

     0     0  320.30856    0  320          -  320.30856      -     -   48s

     0     0  324.72676    0  291          -  324.72676      -     -   49s

     0     0  324.72676    0  282          -  324.72676      -     -   49s

     0     0  331.65143    0  289          -  331.65143      -     -   54s

     0     0  331.74493    0  277          -  331.74493      -     -   55s

     0     0  339.72555    0  262          -  339.72555      -     -   61s

     0     0  339.80614    0  316          -  339.80614      -     -   62s

     0     0  340.27527    0  298          -  340.27527      -     -   65s

     0     0  340.27527    0  293          -  340.27527      -     -   67s

     0     2  340.27545    0  286          -  340.27545      -     -   75s

    63    89  368.45188    8  297          -  341.58905      -   397   80s

   331   360  370.28648   25  267          -  341.58905      -   152   85s

   633   680  407.63499   36  297          -  341.58905      -   116   90s

  1098  1176  418.80614   51  264          -  341.58905      -  87.5   95s

  1785  1855  411.22745  189  277          -  341.58905      -  65.1  100s

  2233  2331  416.96952  229  304          -  341.58905      -  64.1  106s

  2715  2763  419.65432  264  310          -  342.37257      -  62.2  111s

  2985  3008  422.37076  277  273          -  342.37257      -  65.4  115s

  3332  3446  424.44484  317  233          -  342.37257      -  65.4  120s

  3773  3760  525.08866  333  286          -  342.37257      -  65.5  125s

  4127  4181  344.19871   13  302          -  342.37257      -  67.8  131s

  4514  4617  344.24382   57  266          -  342.37257      -  66.7  136s

  4910  4842  344.24597  145  316          -  342.37257      -  66.3  141s

  4987  4863  344.24632  160  291          -  342.37257      -  67.4  146s

  5035  4904  344.24632  162  291          -  342.37257      -  70.2  150s

  5139  5102  344.24632  165  291          -  342.37257      -  74.1  156s

  5411  5433  344.24632  167  260          -  342.37257      -  73.7  162s

  5589  5549  344.24633  168  273          -  342.37257      -  72.9  165s

  6006  6195  344.24637  170  287          -  342.37257      -  71.5  171s

  6359  6596  344.24709  205  249          -  342.37257      -  69.5  175s

  7100  7280  344.24854  281  332          -  342.37257      -  66.8  182s

  7453  7281  371.40635  121 14006          -  342.37257      -  65.9  208s

  7455  7282  397.75513  252  264          -  342.37257      -  65.9  220s

  7456  7283  361.30196  529  301          -  342.37257      -  65.9  228s

  7457  7284  378.97161  715  855          -  342.37257      -  65.9  236s

  7458  7284  387.92919  168  285          -  342.37257      -  65.9  252s

  7459  7285  773.16437  255  246          -  342.37257      -  65.9  261s

  7460  7286  397.70931  156  319          -  342.85070      -  65.9  272s

  7461  7286  860.89301  976  272          -  343.97225      -  65.8  281s

  7462  7287  378.11852  331  932          -  344.09277      -  65.8  298s

  7463  7288  860.88043 1004 1009          -  344.16718      -  65.8  310s

  7464  7288  365.58527  246  471          -  346.76947      -  65.8  330s

  7465  7289  367.39871  102 1043          -  346.76947      -  65.8  361s

  7466  7290  373.98635  136  349          -  351.67717      -  65.8  373s

  7467  7290  861.61301  912  367          -  355.43794      -  65.8  383s

  7468  7291  598.90650  405  332          -  355.43794      -  65.8  395s

  7469  7292  355.71999  563  377          -  355.43794      -  65.8  404s

  7470  7292  367.39871  258  438          -  358.48621      -  65.8  463s

  7471  7293  358.48621  119  422          -  358.48621      -  65.8  479s

  7472  7294  358.48621  113  580          -  358.48621      -  65.8  495s

  7473  7294  358.48621  260  422          -  358.48621      -  65.7  507s

  7474  7295  508.48925  218  504          -  358.48621      -  65.7  522s

  7475  7296  378.02415  395  460          -  358.48621      -  65.7  534s

  7476  7296  358.48621   79  434          -  358.48621      -  65.7  551s

H 7476  6930                    2664.3200000  358.48621  86.5%  65.7  553s

H 7476  6583                    2648.3000000  358.48621  86.5%  65.7  553s

  7477  6584  570.45557  584  518 2648.30000  358.48621  86.5%  65.7  567s

  7478  6585  384.91527  635  585 2648.30000  358.48621  86.5%  65.7  578s

H 7478  6256                    2646.9800000  358.48621  86.5%  65.7  586s

H 7478  5942                    2623.0500000  358.48621  86.3%  65.7  586s

H 7478  5645                    2604.6500000  358.48621  86.2%  65.7  586s

H 7479  5362                    2603.6500000  358.48621  86.2%  65.7  593s

H 7480  5095                    2584.0500000  358.48621  86.1%  65.7  594s

H 7480  4839                    2583.0000000  358.48621  86.1%  65.7  594s

H 7480  4597                    2571.8400000  358.48621  86.1%  65.7  594s

H 7480  4367                    2571.3600000  358.48621  86.1%  65.7  594s

H 7480  4148                    2570.3100000  358.48621  86.1%  65.7  594s

H 7480  3940                    2548.7700000  358.48621  85.9%  65.7  594s

H 7480  3742                    2545.1800000  358.48621  85.9%  65.7  594s

H 7480  3555                    2544.1800000  358.48621  85.9%  65.7  601s

H 7480  3377                    2529.6200000  358.48621  85.8%  65.7  601s

  7482  3378  358.48621  188  606 2529.62000  358.48621  85.8%  65.7  609s

  7483  3379  404.40285  331  744 2529.62000  358.48621  85.8%  65.7  621s

  7484  3380  415.19223  190  441 2529.62000  358.48621  85.8%  65.6  631s

H 7484  3210                    2483.7500000  358.48621  85.6%  65.6  639s

  7485  3210  367.51820   24  522 2483.75000  358.48621  85.6%  65.6  640s

  7486  3211  645.96437  435  341 2483.75000  359.24825  85.5%  65.6  649s

H 7486  3050                    2482.5100000  359.33519  85.5%  65.6  673s

H 7487  2898                    2479.3300000  359.64630  85.5%  65.6  680s

H 7487  2752                    2475.8700000  359.64630  85.5%  65.6  680s

H 7487  2614                    2473.4800000  359.64630  85.5%  65.6  680s

H 7487  2483                    2470.0200000  359.64630  85.4%  65.6  680s

H 7488  2358                    2465.2500000  359.70030  85.4%  65.6  715s

H 7488  2240                    2464.8200000  359.70030  85.4%  65.6  715s

H 7488  2127                    2457.2900000  359.70030  85.4%  65.6  715s

H 7489  2021                    2431.8000000  359.73965  85.2%  65.6  734s

H 7489  1919                    2416.8500000  359.73965  85.1%  65.6  734s

H 7489  1823                    2395.5300000  359.73965  85.0%  65.6  734s

  7490  1824  363.70581  920  609 2395.53000  359.75080  85.0%  65.6  735s

H 7490  1732                    2391.2500000  359.75938  85.0%  65.6  740s

H 7491  1645                    2335.5500000  359.78802  84.6%  65.6  744s

H 7491  1562                    2311.1900000  359.78802  84.4%  65.6  744s

  7492  1563  860.78849 1105  459 2311.19000  359.79731  84.4%  65.6  745s

H 7492  1484                    2280.6700000  359.79731  84.2%  65.6  745s

H 7492  1409                    2253.8400000  359.79731  84.0%  65.6  748s

H 7493  1339                    2247.7300000  359.80797  84.0%  65.6  752s

H 7493  1271                    2183.6800000  359.80797  83.5%  65.6  752s

H 7493  1207                    2149.5600000  359.80797  83.3%  65.6  754s

H 7493  1146                    2138.0500000  359.80797  83.2%  65.6  754s

  7495  1147  359.81242   74  698 2138.05000  359.81242  83.2%  65.5  758s

  7496  1148  369.94527  620  661 2138.05000  359.81925  83.2%  65.5  765s

  7497  1148  367.18688  484  713 2138.05000  359.82113  83.2%  65.5  770s

  7498  1149  369.55224  352  498 2138.05000  359.85577  83.2%  65.5  776s

  7499  1150  385.15882  151  471 2138.05000  359.85708  83.2%  65.5  780s

  7500  1150  373.98635  440  678 2138.05000  359.87379  83.2%  65.5  787s

  7501  1151  369.08473  282  536 2138.05000  359.87486  83.2%  65.5  790s

  7502  1152  359.89615  105  706 2138.05000  359.89615  83.2%  65.5  820s

  7503  1152  365.58527  146  678 2138.05000  359.89920  83.2%  65.5  827s

  7504  1153  359.92515  190  456 2138.05000  359.92515  83.2%  65.5  852s

  7505  1154  367.39871  119  722 2138.05000  359.92916  83.2%  65.5  859s

H 7505  1095                    2130.4400000  359.94237  83.1%  65.5  890s

H 7505  1040                    2129.9100000  359.94237  83.1%  65.5  890s

H 7505   987                    2129.3800000  359.94237  83.1%  65.5  890s

  7507   988  568.67625  326  692 2129.38000  359.94313  83.1%  65.4  918s

  7508   989  571.32495  154  751 2129.38000  359.95220  83.1%  65.4  933s

  7509   989  577.60720  176  732 2129.38000  359.95220  83.1%  65.4  960s

H 7509   938                    2123.1500000  359.95980  83.0%  65.4  985s

  7511   940  568.67550  296  674 2123.15000  359.96225  83.0%  65.4 1009s

  7512   940  647.04182  229  690 2123.15000  359.97507  83.0%  65.4 1036s

  7513   941  418.72526   88  696 2123.15000  359.97507  83.0%  65.4 1069s

H 7513   893                    2122.4500000  359.97507  83.0%  65.4 1101s

H 7513   848                    2112.9000000  359.97507  83.0%  65.4 1101s

H 7513   804                    2110.4500000  359.97507  82.9%  65.4 1101s

  7515   805  653.80326  473  714 2110.45000  359.97507  82.9%  65.4 1129s

  7516   806  370.52128  471  671 2110.45000  359.97507  82.9%  65.4 1157s

H 7516   765                    2021.3500000  359.97507  82.2%  65.4 1185s

H 7516   726                    1945.8100000  359.97507  81.5%  65.4 1185s

H 7516   688                    1932.5700000  359.97507  81.4%  65.4 1185s

H 7517   654                    1931.7600000  359.97507  81.4%  65.4 1217s

H 7517   620                    1931.6500000  359.97507  81.4%  65.4 1217s

H 7517   588                    1929.3800000  359.97507  81.3%  65.4 1217s

  7519   589  537.23606  253  489 1929.38000  359.97507  81.3%  65.3 1222s

H 7519   558                    1900.4000000  359.97507  81.1%  65.3 1252s

  7521   559  411.22752  208  490 1900.40000  359.97507  81.1%  65.3 1276s

  7522   560  359.97507  391  476 1900.40000  359.97507  81.1%  65.3 1304s

  7523   561  359.97507  138  491 1900.40000  359.97507  81.1%  65.3 1328s

  7524   561  362.73001  333  737 1900.40000  359.98176  81.1%  65.3 1367s

  7525   562  369.08473  284  760 1900.40000  359.98176  81.1%  65.3 1403s

  7526   563  384.91553  131  735 1900.40000  359.98204  81.1%  65.3 1430s

  7527   563  359.98220   45  754 1900.40000  359.98220  81.1%  65.3 1462s

  7528   564  369.55224  451  498 1900.40000  359.98490  81.1%  65.3 1491s

  7529   565  368.47984    9  510 1900.40000  359.98490  81.1%  65.3 1517s

  7530   565  370.18161  125  504 1900.40000  359.98577  81.1%  65.2 1525s

  7532   567  860.75331 1025  501 1900.40000  359.98577  81.1%  65.2 1555s

  7533   567  644.47274  419  496 1900.40000  359.98577  81.1%  65.2 1580s

  7534   568  373.51304  175  499 1900.40000  359.98577  81.1%  65.2 1607s

  7537   571  367.39871  261 14006 1900.40000  359.98577  81.1%  84.1 1632s

  7539   572  359.98577  168  312 1900.40000  359.98577  81.1%  84.1 1653s

  7540   573  363.70581  920  353 1900.40000  359.98577  81.1%  84.1 1662s

  7541   574  359.98577  895  365 1900.40000  359.98577  81.1%  84.0 1671s

  7542   574  368.04825  540  530 1900.40000  359.98577  81.1%  84.0 1693s

  7543   575  361.50527  342  487 1900.40000  359.98577  81.1%  84.0 1716s

  7544   576  359.98577  108  387 1900.40000  359.98577  81.1%  84.0 1739s

  7545   576  603.39914  374  378 1900.40000  359.98577  81.1%  84.0 1763s

  7546   577  370.69544    8  521 1900.40000  359.98577  81.1%  84.0 1787s

  7547   578  360.00939  100  495 1900.40000  360.00939  81.1%  84.0 1806s

  7548   578  360.01946   17  438 1900.40000  360.01946  81.1%  84.0 1829s

  7549   579  365.58527  146  435 1900.40000  360.03275  81.1%  84.0 1850s

  7550   580  360.04477  256  733 1900.40000  360.04477  81.1%  83.9 1870s

  7551   580  423.33307  300  728 1900.40000  360.05203  81.1%  83.9 1888s

  7552   581  385.21803   46  726 1900.40000  360.05293  81.1%  83.9 1906s

H 7552   551                    1873.4300000  360.05319  80.8%  83.9 1928s

  7554   552  404.73609  363  711 1873.43000  360.05439  80.8%  83.9 1949s

  7555   553  397.75513  252  726 1873.43000  360.05500  80.8%  83.9 1966s

H 7555   525                    1850.9600000  360.05515  80.5%  83.9 1983s

H 7555   499                    1828.5700000  360.05515  80.3%  83.9 1983s

  7556   500  361.30196  529  705 1828.57000  360.05540  80.3%  83.9 1985s

  7557   500  378.97161  715  724 1828.57000  360.05540  80.3%  83.9 2004s

H 7557   474                    1825.1500000  360.05631  80.3%  83.9 2024s

H 7557   450                    1822.2100000  360.05631  80.2%  83.9 2024s

H 7557   427                    1816.2500452  360.05631  80.2%  83.9 2024s

  7558   428  387.92919  168  729 1816.25005  360.05634  80.2%  83.9 2025s

H 7558   407                    1816.2500000  360.05634  80.2%  83.9 2042s

  7560   408  397.70931  156  705 1816.25000  360.05742  80.2%  83.8 2060s

  7561   409  860.89301  976  718 1816.25000  360.05742  80.2%  83.8 2077s

  7562   410  378.11852  331  701 1816.25000  360.05742  80.2%  83.8 2097s

H 7562   389                    1809.6800000  360.05742  80.1%  83.8 2126s

H 7562   369                    1806.6900000  360.05742  80.1%  83.8 2126s

H 7562   350                    1786.2000000  360.05742  79.8%  83.8 2126s

  7564   351  365.58527  246  712 1786.20000  360.05742  79.8%  83.8 2153s

  7565   352  367.39871  102  723 1786.20000  360.05742  79.8%  83.8 2173s

H 7565   334                    1783.4200000  360.05742  79.8%  83.8 2194s

H 7565   317                    1771.2200000  360.05742  79.7%  83.8 2194s

  7566   317  373.98635  136  730 1771.22000  360.05742  79.7%  83.8 2195s

  7567   318  861.61301  912  734 1771.22000  360.05742  79.7%  83.8 2210s

  7568   319  598.90650  405  703 1771.22000  360.05742  79.7%  83.7 2227s

  7569   319  360.05742  563  702 1771.22000  360.05742  79.7%  83.7 2234s

  7570   320  367.39871  258  702 1771.22000  360.05744  79.7%  83.7 2241s

  7571   324  360.55734   23  686 1771.22000  360.05744  79.7%  90.7 2255s

  7573   327  360.55940   24  667 1771.22000  360.55734  79.6%  91.2 2261s

  7577   334  360.84405   25  459 1771.22000  360.56183  79.6%  92.0 2273s

  7585   339  372.45569   26  355 1771.22000  360.69763  79.6%  96.7 2281s

  7593   357  373.12556   27  559 1771.22000  360.69763  79.6%   100 2293s

  7614   360  374.77819   28  555 1771.22000  360.69763  79.6%   106 2301s

H 7622   341                    1707.9300000  360.69763  78.9%   109 2301s

  7624   358  374.32901   29  521 1707.93000  360.69763  78.9%   110 2310s

  7642   367  374.68211   30  420 1707.93000  360.69763  78.9%   114 2318s

  7659   370  374.79301   31  598 1707.93000  360.69763  78.9%   118 2326s

H 7668   361                    1705.8500000  360.69763  78.9%   120 2334s

  7680   370  374.93226   32  610 1705.85000  360.69763  78.9%   123 2345s

  7693   374  374.93639   33  396 1705.85000  360.69763  78.9%   127 2351s

  7701   380  378.28869   33  459 1705.85000  360.69763  78.9%   129 2359s

  7710   386  384.45969   34  434 1705.85000  360.69763  78.9%   132 2365s

H 7711   371                    1698.6600000  360.69763  78.8%   132 2365s

  7719   380  376.42939   34  372 1698.66000  360.69763  78.8%   134 2373s

  7731   384  376.42939   35  349 1698.66000  360.69763  78.8%   137 2380s

H 7736   369                    1695.5100000  360.69763  78.7%   138 2380s

  7739   379  380.17929   35  374 1695.51000  360.69763  78.7%   139 2388s

  7750   388  376.61002   36  665 1695.51000  360.69763  78.7%   143 2397s

  7763   395  376.42939   36  359 1695.51000  360.69763  78.7%   146 2406s

  7774   403  376.59113   37  385 1695.51000  360.69763  78.7%   148 2416s

  7786   412  377.54587   37  477 1695.51000  360.69763  78.7%   151 2426s

  7799   416  376.64196   38  675 1695.51000  360.69763  78.7%   154 2436s

  7807   421  376.60194   38  366 1695.51000  360.69763  78.7%   157 2444s

  7815   427  376.64917   39  397 1695.51000  360.69763  78.7%   158 2453s

  7824   435  377.03550   40  388 1695.51000  360.69763  78.7%   160 2462s

  7835   446  377.04593   41  403 1695.51000  360.69763  78.7%   162 2474s

  7849   461  377.45937   42  418 1695.51000  360.69763  78.7%   165 2484s

  7869   474  377.74175   43  430 1695.51000  360.69763  78.7%   168 2498s

  7889   488  380.35126   44  403 1695.51000  360.69763  78.7%   173 2508s

  7909   511  387.93847   45  489 1695.51000  360.69763  78.7%   177 2519s

  7939   531  377.75421   47  583 1695.51000  360.69763  78.7%   181 2530s

  7969   551  377.78208   49  605 1695.51000  360.69763  78.7%   186 2543s

  7999   562  380.79673   50  379 1695.51000  360.69763  78.7%   190 2557s

  8020   574  379.04818   51  481 1695.51000  360.69763  78.7%   195 2574s

  8039   592  377.80075   53  594 1695.51000  360.69763  78.7%   199 2588s

  8065   606  425.94365   54  366 1695.51000  360.69763  78.7%   203 2611s

  8090   624  380.63917   55 1074 1695.51000  360.69763  78.7%   209 2666s

  8116   649  377.82149   57  591 1695.51000  360.69763  78.7%   216 2751s

  8151   668  377.84855   59  563 1695.51000  360.69763  78.7%   220 2811s

  8186   694  377.85716   60  533 1695.51000  360.69763  78.7%   231 2860s

  8223   694  377.86727   62  418 1695.51000  360.69763  78.7%   237 2876s

H 8226   680                    1694.7700000  360.69763  78.7%   237 2876s

  8236   718  377.89248   63  455 1694.77000  360.69763  78.7%   239 2893s

  8277   752  377.90089   65  433 1694.77000  360.69763  78.7%   245 2914s

  8326   796  402.63303   68  472 1694.77000  360.69763  78.7%   251 2933s

  8379   889  403.55456   70  447 1694.77000  360.69763  78.7%   257 2955s

  8477   936  402.77664   73  445 1694.77000  360.69763  78.7%   266 2990s

  8530  1039  403.01505   77  529 1694.77000  360.69763  78.7%   272 3012s

  8640  1088  403.50801   83  483 1694.77000  360.69763  78.7%   280 3034s

  8695  1095  410.27546   86  351 1694.77000  360.69763  78.7%   285 3058s

H 8701  1095                    1692.2200000  360.69763  78.7%   286 3058s

  8703  1143  403.61505   87  478 1692.22000  360.69763  78.7%   286 3081s

  8752  1268  415.99327   90  342 1692.22000  360.69763  78.7%   293 3106s

  8891  1319  408.69110   94  422 1692.22000  360.69763  78.7%   302 3129s

  8948  1425  416.46614   96  341 1692.22000  360.69763  78.7%   308 3173s

  9058  1494  424.37534  102  390 1692.22000  360.69763  78.7%   317 3199s

  9137  1686  413.87852  109  392 1692.22000  360.69763  78.7%   322 3227s

  9348  1758  418.34920  121  430 1692.22000  360.69763  78.7%   330 3254s

  9422  1973  419.17627  126  408 1692.22000  360.69763  78.7%   334 3284s

  9652  2055  420.37473  137  413 1692.22000  360.69763  78.7%   340 3312s

  9737  2239  497.82457  141  370 1692.22000  360.69763  78.7%   345 3345s

  9938  2339  433.66867  149  367 1692.22000  360.69763  78.7%   350 3373s

 10044  2347  478.82837  154  253 1692.22000  360.69763  78.7%   353 3405s

H10050  2347                    1685.5300000  360.69763  78.6%   353 3405s

 10052  2517  435.69928  155  346 1685.53000  360.69763  78.6%   353 3435s

 10237  2796  443.39066  166  325 1685.53000  360.69763  78.6%   356 3468s

 10566  2933  451.64794  184  270 1685.53000  360.84485  78.6%   360 3504s

 10758  3099  488.48922  198  247 1685.53000  360.84485  78.6%   364 3538s

 10936  3178  510.67539  231  190 1685.53000  360.84485  78.6%   368 3580s

 11027  3453  511.08223  235  215 1685.53000  360.84485  78.6%   373 3616s

H11321  3546                    1679.1900000  360.84485  78.5%   377 3656s

 11417  3729  523.95982  283  226 1679.19000  360.84485  78.5%   380 3693s

 11615  4192  525.10510  293  227 1679.19000  360.84485  78.5%   383 3734s

 12116  4391  590.09401  344  227 1679.19000  360.84485  78.5%   380 3773s

 12321  4565  598.69748  354  219 1679.19000  360.84485  78.5%   382 3825s

 12508  4682  602.33635  363  215 1679.19000  360.84485  78.5%   383 3868s

 12641  4881  644.40596  363  229 1679.19000  360.84485  78.5%   380 3911s

 12850  5535  606.00041  376  237 1679.19000  360.84485  78.5%   380 3960s

 13634  5709  666.44026  442  226 1679.19000  360.84485  78.5%   369 4002s

 13822  6086  737.69629  459  214 1679.19000  360.84485  78.5%   368 4045s

 14216  6340  854.86710  462  231 1679.19000  360.84485  78.5%   363 4090s

 14504  7030  699.44063  477  241 1679.19000  360.84485  78.5%   360 4139s

 15337  7762  769.15376  564  218 1679.19000  360.84485  78.5%   351 4232s

 16127  7770  789.79461  651  212 1679.19000  360.86273  78.5%   346 4269s

 16135  7787  947.74704  651  202 1679.19000  360.86273  78.5%   346 4303s

 16153  7927  790.00909  653  204 1679.19000  360.86273  78.5%   346 4336s

 16298  8126  842.84682  670  175 1679.19000  360.86273  78.5%   346 4375s

 16556  8367  892.71488  685  178 1679.19000  360.86273  78.5%   345 4416s

 16810  9042 1131.90630  703  159 1679.19000  360.86273  78.5%   343 4460s

 17534  9173  502.26826   68  265 1679.19000  360.86273  78.5%   337 4498s

 17674  9398  704.87074   92  279 1679.19000  360.86273  78.5%   337 4547s

H17677  9398                    1677.5600000  360.86273  78.5%   337 4547s

 17902  9649 1048.21010  122  215 1677.56000  361.08698  78.5%   335 4593s

 18216 11029  361.27680   28  625 1677.56000  361.08698  78.5%   333 4644s

 19736 11732  383.03756   57  464 1677.56000  361.08698  78.5%   317 4686s

 20584 11787  446.52255   97  326 1677.56000  361.08698  78.5%   309 4723s

 20678 11989  446.55652   98  333 1677.56000  361.08698  78.5%   310 4760s

 20893 12388  450.74107   99  418 1677.56000  361.08698  78.5%   311 4806s

 21387 12519  481.10789  119  314 1677.56000  361.08698  78.5%   310 4851s

 21536 13080  515.94021  132  317 1677.56000  361.08698  78.5%   311 4898s

 22135 13644  707.23348  215  269 1677.56000  361.08698  78.5%   311 4949s

 22761 13860  376.63879   28  411 1677.56000  361.08698  78.5%   309 4995s

 23016 14544  403.61569   47  375 1677.56000  361.08698  78.5%   310 5051s

 23878 14809 infeasible  168      1677.56000  361.08698  78.5%   308 5105s

 24192 15275  396.82108   43  380 1677.56000  361.08698  78.5%   311 5168s

 24714 15444  408.50586   69  374 1677.56000  361.08698  78.5%   315 5226s

 24883 16046  413.81263   84  378 1677.56000  361.08698  78.5%   316 5287s

 25517 16338  517.87536  157  236 1677.56000  361.08698  78.5%   316 5352s

 25823 16790  515.70744  198  278 1677.56000  361.08698  78.5%   317 5419s

 26304 17181  622.01562  278  251 1677.56000  361.08698  78.5%   314 5485s

 26729 18372  679.20863  338  240 1677.56000  361.08698  78.5%   312 5564s

 27323 18372  363.87156   32  575 1677.56000  361.08698  78.5%   308 5565s

 28039 18928  363.00749   31  581 1677.56000  361.08698  78.5%   304 5659s

 28646 19085  383.38350   39  442 1677.56000  361.08698  78.5%   304 5724s

 28860 20005  486.19810   44  371 1677.56000  361.08698  78.5%   305 5806s

 30067 20312 1531.29889  104  182 1677.56000  361.26614  78.5%   304 5947s

 30405 20892  362.79543   49  560 1677.56000  361.26614  78.5%   307 6239s

H30406 20892                    1666.9900000  361.26614  78.3%   307 6239s

 31007 22898  396.94753  113  408 1666.99000  361.40051  78.3%   308 6540s

 33122 25503  367.09307   84  471 1666.99000  361.40051  78.3%   304 6702s

 35987 25534 1024.96968  445  252 1666.99000  361.40051  78.3%   293 6875s

H36018 25534                    1663.0100000  361.40051  78.3%   292 6875s

 36019 26838 1025.31050  446  261 1663.01000  361.40051  78.3%   292 6975s

 37571 27399 1484.94146  807  240 1663.01000  361.47133  78.3%   290 7088s

 38175 28318 1485.82095  808  241 1663.01000  361.47133  78.3%   294 7179s

 39356 29480  395.67252   86  336 1663.01000  361.47406  78.3%   295 7267s

 41004 30281 1175.88851  450  222 1663.01000  361.47406  78.3%   292 7363s

 41909 31806  365.51094   44  502 1663.01000  361.47406  78.3%   291 7439s

 43739 32153 1410.34246  306  195 1663.01000  361.47406  78.3%   286 7519s

 44160 32366  490.06362   81  396 1663.01000  361.47406  78.3%   286 7578s

H44290 32366                    1661.7800000  361.47406  78.2%   286 7578s

 44377 33414  546.94688  111  331 1661.78000  361.47406  78.2%   286 7646s

 45642 33657  366.97744   38  224 1661.78000  361.47406  78.2%   284 7799s

 45903 36148  369.23457   58  561 1661.78000  361.47406  78.2%   287 8052s

 48823 36696  732.62644  144  268 1661.78000  361.55434  78.2%   288 8119s

 49426 37966 1123.61839  213  240 1661.78000  361.55434  78.2%   287 8207s

 50947 38056  642.19461  225  246 1661.78000  361.70629  78.2%   286 8432s

 51047 38316  645.37534  226  242 1661.78000  361.70629  78.2%   286 8492s

 51321 39806  799.06838  269  287 1661.78000  361.70629  78.2%   286 8563s

 52958 40574  471.99184   69  339 1661.78000  361.70629  78.2%   283 8667s

 53762 40977  669.54735  203  239 1661.78000  361.70629  78.2%   281 8749s

 54213 42527  846.99396  330  233 1661.78000  361.70629  78.2%   280 8819s

 55943 43103  420.85112   63  332 1661.78000  361.70629  78.2%   275 8911s

 56558 43295  777.21464  159  238 1661.78000  361.70629  78.2%   274 8972s

 56750 44230  915.46657  172  213 1661.78000  361.70629  78.2%   274 9038s

 57870 45018  362.53754   40  652 1661.78000  361.70629  78.2%   273 9123s

 58751 45163 infeasible  110      1661.78000  361.70629  78.2%   273 9212s

 58942 45440  363.68998   53  480 1661.78000  361.70629  78.2%   273 9323s

 59273 45575  397.83532  101  317 1661.78000  361.70629  78.2%   273 9424s

 59424 45583  417.62215  131  296 1661.78000  361.70629  78.2%   273 9726s

 59432 45615  417.62316  132  305 1661.78000  361.70629  78.2%   273 9797s

 59466 45642  417.81286  133  294 1661.78000  361.70629  78.2%   273 10010s

 59501 45800  417.99327  134  281 1661.78000  361.70629  78.2%   273 10085s

 59659 47780  500.95117  172  251 1661.78000  361.70629  78.2%   273 10197s

 61677 48121 1114.00327  486  220 1661.78000  361.80159  78.2%   267 10394s

 62039 50665 1156.31223  487  191 1661.78000  361.80159  78.2%   267 10601s

 64829 50929 infeasible  301      1661.78000  361.80159  78.2%   264 10662s

 65144 52598  371.25377   46  387 1661.78000  361.80159  78.2%   263 10758s

 66885 53551  865.41114  190  266 1661.78000  361.80159  78.2%   260 10840s

 67945 53664  865.56624  191  246 1661.78000  361.83165  78.2%   257 10914s

 68061 54449  948.55221  213  249 1661.78000  361.83165  78.2%   257 10979s

 68943 54586  365.76891   59  521 1661.78000  361.83165  78.2%   256 11032s

 69122 56015  375.89630   70  436 1661.78000  361.83165  78.2%   256 11094s

 70611 56830  863.84997  257  359 1661.78000  361.83165  78.2%   253 11154s

 71534 56997  434.63443   38  528 1661.78000  361.83165  78.2%   252 11236s

 71705 57353  463.87722   49  460 1661.78000  361.83165  78.2%   252 11359s

 72109 57843  575.03101  112  226 1661.78000  361.87776  78.2%   252 11569s

 72696 57940 infeasible  149      1661.78000  361.87776  78.2%   252 11661s

 72805 58223  363.70568   55  581 1661.78000  361.87776  78.2%   253 11722s

 73106 59120  495.79505   85  282 1661.78000  361.87776  78.2%   253 11776s

 74163 59206  428.55018   40  758 1661.78000  361.87776  78.2%   253 11822s

 74257 60673  434.37435   48  496 1661.78000  361.87776  78.2%   253 11872s

 75834 61677 1169.58466  240  234 1661.78000  361.87776  78.2%   251 11987s

 76914 62010 1190.12761  241  227 1661.78000  361.87776  78.2%   249 12131s

 77318 64511  369.63563   46  535 1661.78000  361.96231  78.2%   250 12528s

 80190 64785  449.73190  125  242 1661.78000  361.97671  78.2%   249 12652s

 80466 65618 infeasible  168      1661.78000  361.97671  78.2%   249 12725s

 81366 67348  618.30001  295  209 1661.78000  361.97671  78.2%   248 12812s

 83393 67657  364.12019   55  504 1661.78000  361.97671  78.2%   245 12858s

 83761 68561  381.73788   70  406 1661.78000  361.97671  78.2%   245 12940s

 84714 69668 1005.74730  318  215 1661.78000  361.98636  78.2%   245 13046s

 85898 70156  429.66823   65  282 1661.78000  361.98636  78.2%   243 13155s

 86475 70281 1037.78701  203  212 1661.78000  362.00851  78.2%   243 13216s

 86622 71697  362.83495   48  423 1661.78000  362.00851  78.2%   243 13281s

 88115 72099  512.10686  149  264 1661.78000  362.00851  78.2%   242 13358s

 88542 72543  369.07826   42  481 1661.78000  362.00851  78.2%   242 13420s

 89045 72802  416.33007   87  310 1661.78000  362.00851  78.2%   242 13475s

 89320 73595  577.54534  157  294 1661.78000  362.00851  78.2%   242 13548s

 90249 73822  365.47980   45  534 1661.78000  362.03212  78.2%   242 13677s

 90490 73962  499.19957   67  256 1661.78000  362.03212  78.2%   243 13748s

 90646 74655  579.58302   80  261 1661.78000  362.03737  78.2%   243 13824s

 91649 74939  362.76244   38  665 1661.78000  362.03737  78.2%   242 13991s

 91948 77616  366.90257   55  490 1661.78000  362.03737  78.2%   243 14157s

 94868 77621  416.24441  108  333 1661.78000  362.06485  78.2%   242 14298s

 94879 77629  419.94853  106  331 1661.78000  362.06584  78.2%   242 14401s



Cutting planes:

  Learned: 12

  Gomory: 35

  Lift-and-project: 55

  Cover: 75

  Implied bound: 247

  Projected implied bound: 16

  Clique: 136

  MIR: 147

  Mixing: 12

  StrongCG: 35

  Flow cover: 381

  GUB cover: 4

  Inf proof: 1

  Zero half: 510

  RLT: 23

  Relax-and-lift: 324



Explored 94887 nodes (22998268 simplex iterations) in 14401.83 seconds (16664.25 work units)

Thread count was 16 (of 16 available processors)



Solution count 10: 1661.78 1663.01 1666.99 ... 1698.66



Time limit reached

Best objective 1.661780000000e+03, best bound 3.620658433621e+02, gap 78.2122%

-----RESULTS INFO-----
running_time:  14435
TC.best_bound:  362.0658433620572
TC:  1661.7799999999997
MIP Gap (%):  78.2121674733083
=== Vehicle Routes ===
Vehicle 1: 0 → 5
Vehicle 1: 1 → 91
Vehicle 1: 2 → 1
Vehicle 1: 5 → 89
Vehicle 1: 10 → 19
Vehicle 1: 19 → 2
Vehicle 1: 89 → 10
Vehicle 2: 0 → 4
Vehicle 2: 3 → 91
Vehicle 2: 4 → 13
Vehicle 2: 8 → 3
Vehicle 2: 9 → 88
Vehicle 2: 13 → 9
Vehicle 2: 88 → 8
Vehicle 3: 0 → 17
Vehicle 3: 6 → 91
Vehicle 3: 15 → 6
Vehicle 3: 17 → 58
Vehicle 3: 57 → 15
Vehicle 3: 58 → 90
Vehicle 3: 90 → 57
Vehicle 4: 0 → 7
Vehicle 4: 7 → 12
Vehicle 4: 12 → 14
Vehicle 4: 14 → 22
Vehicle 4: 21 → 91
Vehicle 4: 22 → 68
Vehicle 4: 68 → 21
Vehicle 5: 0 → 11
Vehicle 5: 11 → 66
Vehicle 5: 54 → 64
Vehicle 5: 55 → 91
Vehicle 5: 64 → 55
Vehicle 5: 66 → 77
Vehicle 5: 77 → 54
Vehicle 6: 0 → 20
Vehicle 6: 16 → 91
Vehicle 6: 18 → 24
Vehicle 6: 20 → 25
Vehicle 6: 24 → 76
Vehicle 6: 25 → 18
Vehicle 6: 76 → 16
Vehicle 7: 0 → 23
Vehicle 7: 23 → 86
Vehicle 7: 65 → 91
Vehicle 7: 86 → 65
Vehicle 8: 0 → 82
Vehicle 8: 62 → 85
Vehicle 8: 82 → 62
Vehicle 8: 85 → 91
Vehicle 9: 0 → 81
Vehicle 9: 72 → 91
Vehicle 9: 81 → 72
Vehicle 10: 0 → 83
Vehicle 10: 83 → 87
Vehicle 10: 87 → 91

=== Full Vehicle Routes ===
Vehicle 1: 0 → 5 → 89 → 10 → 19 → 2 → 1 → 0 (96<100)
Vehicle 2: 0 → 4 → 13 → 9 → 88 → 8 → 3 → 0 (97<100)
Vehicle 3: 0 → 17 → 58 → 90 → 57 → 15 → 6 → 0 (100<100)
Vehicle 4: 0 → 7 → 12 → 14 → 22 → 68 → 21 → 0 (69<100)
Vehicle 5: 0 → 11 → 66 → 77 → 54 → 64 → 55 → 0 (93<100)
Vehicle 6: 0 → 20 → 25 → 18 → 24 → 76 → 16 → 0 (91<100)
Vehicle 7: 0 → 23 → 86 → 65 → 0 (98<100)
Vehicle 8: 0 → 82 → 62 → 85 → 0 (100<100)
Vehicle 9: 0 → 81 → 72 → 0 (100<100)
Vehicle 10: 0 → 83 → 87 → 0 (98<100)
Arc used by MRT line: y variables:
MRT used: 82 → 83
MRT used: 83 → 82
Customer assigment to PL: u variables:
26 86
27 85
28 85
29 85
30 86
31 86
32 86
33 81
34 81
35 81
36 83
37 85
38 82
39 87
40 82
41 88
42 81
43 85
44 81
45 83
46 81
47 81
48 86
49 89
50 85
51 87
52 81
53 85
56 89
59 87
60 87
61 81
63 90
67 81
69 90
70 90
71 87
73 81
74 81
75 86
78 81
79 86
Node is served by regular vehicle: g variables:
1
2
3
4
5
6
7
8
9
10
11
12
13
14
15
16
17
18
19
20
21
22
23
24
25
54
55
57
58
62
64
65
66
68
72
76
77
86
87
88
89
90
81
82
83
85
Customer assigment to Home delivery: gm variables:
1
2
3
4
5
6
7
8
9
10
11
12
13
14
15
16
17
18
19
20
21
22
23
24
25
54
55
57
58
62
64
65
66
68
72
76
77
Node total demands: ntd variables:
1 13 1
2 12 1
3 13 1
4 12 1
5 23 1
6 13 1
7 12 1
8 13 1
9 26 1
10 11 1
11 2 1
12 3 1
13 24 1
14 22 1
15 5 1
16 18 1
17 23 1
18 6 1
19 5 1
20 23 1
21 12 1
22 14 1
23 2 1
24 11 1
25 16 1
53 0 0
54 15 1
55 22 1
56 0 0
57 14 1
58 7 1
59 0 0
60 0 0
61 0 0
62 22 1
63 0 0
64 21 1
65 10 1
66 21 1
67 0 0
68 6 1
69 0 0
70 0 0
71 0 0
72 6 1
73 0 0
74 0 0
75 0 0
76 17 1
77 12 1
78 0 0
79 0 0
86 86 1
87 54 1
88 9 1
89 32 1
90 38 1
80 0 0
81 94 1
82 11 1
83 44 1
84 0 0
85 67 1
Customer's demand delivered to PL: l variables:
26
27
28
29
30
31
32
33
34
35
36
37
38
39
40
41
42
43
44
45
46
47
48
49
50
51
52
53
56
59
60
61
63
67
69
70
71
73
74
75
78
79
Lockers load <= capacity:
86 <= 97
54 <= 91
9 <= 87
32 <= 83
38 <= 74
0 <= 73
94 <= 95
44 <= 76
11 <= 81
0 <= 100
67 <= 87
