Gurobi 12.0.3:   lim:time = 14400

  mip:bestbound = 1

Set parameter LogToConsole to value 1

  tech:outlev = 1

Set parameter Cuts to value 3

  cut:cuts = 3

Set parameter Presolve to value 2

  pre:solve = 2

Set parameter MIPFocus to value 2

  mip:focus = 2

Set parameter Symmetry to value 2

  mip:symmetry = 2

Set parameter InfUnbdInfo to value 1

Gurobi Optimizer version 12.0.3 build v12.0.3rc0 (win64 - Windows 11.0 (26100.2))



CPU model: 12th Gen Intel(R) Core(TM) i7-12700, instruction set [SSE2|AVX|AVX2]

Thread count: 12 physical cores, 20 logical processors, using up to 20 threads



Non-default parameters:

TimeLimit  14400

MIPFocus  2

Symmetry  2

Cuts  3

InfUnbdInfo  1

Presolve  2



Optimize a model with 5944 rows, 34007 columns and 218277 nonzeros

Model fingerprint: 0xea06451b

Model has 10 quadratic constraints

Variable types: 119 continuous, 33888 integer (0 binary)

Coefficient statistics:

  Matrix range     [1e+00, 1e+05]

  QMatrix range    [1e+00, 1e+00]

  QLMatrix range   [2e+00, 3e+01]

  Objective range  [3e-01, 1e+02]

  Bounds range     [1e+00, 1e+02]

  RHS range        [1e+00, 1e+05]

  QRHS range       [1e+02, 1e+02]

Presolve removed 209 rows and 684 columns (presolve time = 5s)...

Presolve removed 208 rows and 683 columns

Presolve time: 6.97s

Presolved: 26086 rows, 53664 columns, 267145 nonzeros

Variable types: 63 continuous, 53601 integer (49064 binary)

Root relaxation presolve removed 125 rows and 4 columns

Root relaxation presolved: 20890 rows, 48692 columns, 426803 nonzeros



Deterministic concurrent LP optimizer: primal and dual simplex

Showing primal log only...





Root simplex log...



Iteration    Objective       Primal Inf.    Dual Inf.      Time

       0    2.2159600e+03   3.550573e+02   9.206325e+09     19s

Concurrent spin time: 0.13s (can be avoided by choosing Method=3)



Solved with dual simplex



Root simplex log...



Iteration    Objective       Primal Inf.    Dual Inf.      Time

    1820    2.6767211e+02   0.000000e+00   0.000000e+00     19s



Root relaxation: objective 2.676721e+02, 1820 iterations, 0.67 seconds (0.83 work units)

Total elapsed time = 20.72s (DegenMoves)



    Nodes    |    Current Node    |     Objective Bounds      |     Work

 Expl Unexpl |  Obj  Depth IntInf | Incumbent    BestBd   Gap | It/Node Time



     0     0  267.67211    0  241          -  267.67211      -     -   21s

     0     0  331.58686    0  260          -  331.58686      -     -   26s

     0     0  331.58686    0  255          -  331.58686      -     -   27s

     0     0  331.58686    0  256          -  331.58686      -     -   27s

     0     0  331.58686    0  251          -  331.58686      -     -   31s

     0     0  339.20890    0  266          -  339.20890      -     -   32s

     0     0  353.85628    0  282          -  353.85628      -     -   32s

     0     0  354.41397    0  293          -  354.41397      -     -   33s

     0     0  354.44329    0  308          -  354.44329      -     -   33s

     0     0  354.44329    0  292          -  354.44329      -     -   36s

     0     0  354.45347    0  305          -  354.45347      -     -   37s

     0     0  354.45348    0  332          -  354.45348      -     -   40s

     0     0  354.45348    0  332          -  354.45348      -     -   41s

     0     2  354.45348    0  332          -  354.45348      -     -   44s

     3     8  354.45461    2  338          -  354.45453      -   244   45s

    27    49  354.68818    5  852          -  354.67713      -   961   51s

   171   193  355.79643   13  264          -  354.68912      -   427   55s

   301   308  356.09601   26  298          -  354.68912      -   453   61s

   365   379  356.20022   41  213          -  354.68912      -   507   65s

   451   461  456.30259   58  208          -  354.68912      -   532   70s

   533   560  470.26244   65  238          -  354.68912      -   537   75s

   663   674  470.30080   84  235          -  354.68912      -   509   80s

   823   836  470.30188   87  221          -  354.68912      -   457   85s

  1222  1254  617.77438  109  360          -  354.70919      -   367   91s

  1635  1654  650.03161  114  238          -  354.70919      -   308   96s

  2021  2142  357.80211    7  320          -  354.70919      -   267  100s

  2755  2769  358.68871   15  322          -  354.70919      -   216  105s

  3383  3320  367.68889   25  809          -  354.70919      -   197  110s

  3982  3808  381.22619   30  250          -  354.70919      -   190  117s

  4293  4135  418.35456   69  838          -  354.75798      -   191  121s

  4699  4588  649.88268   80  241          -  354.75798      -   189  126s

  5208  5241  834.01915  124  246          -  354.75798      -   184  132s

  5651  5657  834.01915  128  243          -  354.75798      -   176  135s

  6478  6195  834.02084  152  259          -  354.75798      -   166  142s

  6697  6452  835.20993  161  274          -  354.75798      -   167  145s

  7132  6766  932.60830  179  261          -  354.75798      -   170  152s

  7357  7067  871.98884  183  321          -  354.75798      -   171  156s

  7683  7426  875.89823  197  274          -  354.75798      -   170  161s

  8067  7758  877.96352  248  278          -  354.75798      -   168  165s

  8429  7759  839.06391  234 10508          -  354.75798      -   167  174s

  8431  7760  427.16327  106  308          -  354.75798      -   167  190s

  8432  7761 1156.54496 1160  871          -  354.75798      -   167  197s

  8433  7762  908.34725  313  870          -  355.07244      -   167  202s

  8434  7762  358.66696   17  297          -  357.06641      -   167  209s

  8435  7763 1157.86121  481  299          -  357.09881      -   167  217s

  8436  7764  435.80183   98  872          -  357.20147      -   167  229s

  8437  7764  834.01915  135  352          -  358.89370      -   167  237s

  8438  7765  419.07694   70  911          -  358.96703      -   167  246s

  8439  7766  758.26616  398  889          -  358.98459      -   167  257s

H 8439  7377                    2263.5500000  361.48795  84.0%   167  262s

H 8439  7008                    2259.3300000  361.48795  84.0%   167  262s

H 8439  6657                    2257.3500000  361.48795  84.0%   167  262s

H 8439  6324                    2256.6600000  361.48795  84.0%   167  262s

H 8440  6008                    2248.3500000  361.52054  83.9%   167  270s

H 8441  5708                    2243.0100000  362.12441  83.9%   167  276s

H 8441  5423                    2167.2600000  362.12441  83.3%   167  276s

H 8441  5151                    2153.9000000  362.12441  83.2%   167  276s

H 8441  4893                    2148.7100000  362.12441  83.1%   167  276s

H 8441  4649                    2138.6700000  362.12441  83.1%   167  277s

H 8441  4416                    2135.1000000  362.12441  83.0%   167  277s

H 8441  4195                    2133.7800000  362.12441  83.0%   167  277s

  8443  4196  422.43286   39 1134 2133.78000  362.18799  83.0%   167  292s

  8444  4197 1011.34366  726  891 2133.78000  362.18799  83.0%   167  328s

H 8444  3987                    2117.5300000  362.34436  82.9%   167  332s

H 8444  3787                    2117.3900000  362.34436  82.9%   167  332s

H 8444  3598                    2104.0100000  362.34436  82.8%   167  332s

H 8444  3417                    2103.8700000  362.34436  82.8%   167  332s

H 8444  3246                    2103.1100000  362.34436  82.8%   167  332s

H 8444  3084                    2102.9700000  362.34436  82.8%   167  332s

H 8444  2929                    2101.0300000  362.34436  82.8%   167  332s

H 8444  2782                    2066.8600000  362.34436  82.5%   167  332s

H 8444  2643                    2013.8000000  362.34436  82.0%   167  332s

  8445  2644 1592.89126  676  557 2013.80000  363.33780  82.0%   167  340s

H 8445  2512                    1995.6000000  363.45520  81.8%   167  346s

H 8445  2386                    1993.1800000  363.45520  81.8%   167  346s

H 8445  2266                    1989.6800000  363.45520  81.7%   167  361s

H 8446  2153                    1969.3100000  363.69537  81.5%   167  362s

H 8446  2045                    1921.1100000  363.69537  81.1%   167  362s

H 8446  1942                    1916.3800000  364.42714  81.0%   167  418s

H 8446  1845                    1883.7900000  364.42714  80.7%   167  418s

H 8446  1752                    1870.5600000  364.42714  80.5%   167  418s

H 8446  1664                    1869.8000000  364.42714  80.5%   167  418s

H 8446  1581                    1868.5400000  364.42714  80.5%   167  418s

H 8446  1501                    1860.7000000  364.42714  80.4%   167  418s

H 8446  1426                    1855.1300000  364.42714  80.4%   167  418s

  8448  1428  391.17723  383 1144 1855.13000  364.56026  80.3%   167  438s

  8449  1428  399.38305   34  997 1855.13000  364.57476  80.3%   167  446s

  8450  1429 1150.86908  338  665 1855.13000  364.66574  80.3%   167  459s

  8451  1430  763.17464  292  586 1855.13000  364.68443  80.3%   167  468s

H 8451  1358                    1850.2900000  364.68873  80.3%   167  477s

H 8451  1290                    1847.9900000  364.68873  80.3%   167  477s

  8452  1290  564.35190  280  771 1847.99000  364.68873  80.3%   167  487s

  8453  1291  364.68873   20  600 1847.99000  364.68873  80.3%   167  495s

H 8453  1226                    1844.3400000  364.68873  80.2%   167  515s

H 8453  1164                    1785.5200000  364.68873  79.6%   167  515s

  8455  1165  364.68873   14  713 1785.52000  364.68873  79.6%   167  524s

  8456  1166 1138.97922 1058  626 1785.52000  364.68873  79.6%   167  530s

  8457  1167  765.34611  196  679 1785.52000  364.68873  79.6%   167  536s

  8458  1167  385.92419  387  784 1785.52000  364.72644  79.6%   167  543s

  8459  1168  391.01128  314  797 1785.52000  364.73264  79.6%   167  550s

H 8459  1109                    1785.4000000  364.83571  79.6%   167  560s

  8460  1110  389.54995  158  695 1785.40000  364.83571  79.6%   167  568s

  8461  1110  758.25623  384  773 1785.40000  364.93984  79.6%   167  576s

H 8461  1054                    1777.2000000  365.26645  79.4%   167  612s

  8462  1055  897.12847  400  419 1777.20000  365.29126  79.4%   167  619s

  8463  1056  722.11770  273  753 1777.20000  365.30828  79.4%   167  671s

H 8463  1003                    1776.9600000  365.39952  79.4%   167  675s

  8465  1004  580.35690  131  782 1776.96000  365.42067  79.4%   167  680s

H 8465   953                    1753.5700000  365.45840  79.2%   167  688s

H 8465   905                    1725.8000000  365.45840  78.8%   167  688s

  8467   906 1154.53276  444  828 1725.80000  365.45840  78.8%   166  690s

H 8467   860                    1725.5100000  365.77391  78.8%   166  694s

  8469   862 1117.03237  973  798 1725.51000  365.93068  78.8%   166  697s

  8470   862  391.06472  189  769 1725.51000  366.04697  78.8%   166  703s

H 8470   818                    1716.1500000  366.05166  78.7%   166  743s

  8472   820  564.02356  583  787 1716.15000  366.05255  78.7%   166  758s

H 8472   778                    1677.9600000  366.14025  78.2%   166  813s

  8474   779 1075.30214  294  779 1677.96000  366.15172  78.2%   166  818s

H 8474   739                    1674.8500000  366.31501  78.1%   166  867s

H 8474   702                    1655.4400000  366.31501  77.9%   166  867s

  8476   703  366.35128    6  781 1655.44000  366.35128  77.9%   166  878s

H 8476   667                    1653.7000000  366.60341  77.8%   166  932s

  8478   669  696.43687  280  798 1653.70000  366.62389  77.8%   166  943s

  8479   669  946.14102  555  769 1653.70000  366.75476  77.8%   166  998s

  8480   670  417.16420   85  757 1653.70000  366.92088  77.8%   166 1047s

H 8480   635                    1651.5500000  367.05774  77.8%   166 1097s

H 8481   604                    1645.2300000  367.14798  77.7%   166 1158s

  8482   604  898.82624  375  758 1645.23000  367.14798  77.7%   166 1160s

H 8482   573                    1644.9400000  367.34471  77.7%   166 1229s

  8484   575  520.87967   65  746 1644.94000  367.40577  77.7%   166 1272s

H 8484   545                    1631.5900000  367.53804  77.5%   166 1324s

H 8485   517                    1630.5200000  367.54107  77.5%   166 1329s

H 8485   490                    1629.7400000  367.54107  77.4%   166 1329s

  8486   491  618.35242  213  727 1629.74000  367.54107  77.4%   166 1330s

H 8487   466                    1623.1400000  367.65590  77.3%   166 1384s

  8488   466  391.02592  281  714 1623.14000  367.65590  77.3%   166 1385s

  8489   467 1023.16517  807  742 1623.14000  367.69016  77.3%   166 1419s

  8490   468  367.72306   24  775 1623.14000  367.72306  77.3%   166 1454s

  8491   468  389.54856  135  771 1623.14000  367.76170  77.3%   166 1500s

  8492   469  385.56972  215  722 1623.14000  367.91219  77.3%   166 1557s

  8493   470 1151.70186  394  751 1623.14000  368.01062  77.3%   166 1617s

H 8493   446                    1621.2900000  368.11371  77.3%   166 1678s

  8494   446 1010.11551  718  744 1621.29000  368.11371  77.3%   166 1684s

  8495   447  389.55315  192  726 1621.29000  368.20267  77.3%   166 1718s

  8496   448  676.16390  374  721 1621.29000  368.32904  77.3%   166 1765s

  8497   448  391.23926  316  748 1621.29000  368.48999  77.3%   166 1819s

  8498   449  464.05252  240  748 1621.29000  368.52962  77.3%   166 1867s

  8499   450 1033.26640  872  741 1621.29000  368.66308  77.3%   166 1916s

  8500   450  675.29046  234  733 1621.29000  368.76513  77.3%   166 1967s

  8501   451  576.87831  278  802 1621.29000  368.99728  77.2%   166 2032s

H 8501   427                    1620.5400000  369.15118  77.2%   166 2097s

H 8501   404                    1620.4300000  369.15118  77.2%   166 2097s

H 8501   383                    1617.5200000  369.15118  77.2%   166 2098s

H 8501   363                    1612.8400000  369.15118  77.1%   166 2099s

  8503   364  609.41729   78  803 1612.84000  369.31508  77.1%   166 2175s

  8504   365  897.11188  324  782 1612.84000  369.44938  77.1%   166 2226s

  8505   366  389.52203   71  775 1612.84000  369.59453  77.1%   166 2277s

H 8505   346                    1598.1300000  369.59453  76.9%   166 2286s

H 8505   327                    1593.1700000  369.59453  76.8%   166 2287s

  8507   328  422.13451   94  813 1593.17000  369.64957  76.8%   166 2335s

  8508   329  892.29172  536  795 1593.17000  369.65634  76.8%   166 2376s

  8509   329 1129.19524 1006  794 1593.17000  369.68996  76.8%   166 2426s

H 8509   312                    1592.5000000  369.78400  76.8%   166 2481s

H 8509   295                    1592.4000000  369.78400  76.8%   166 2483s

  8511   297 1075.22637  976  809 1592.40000  369.81588  76.8%   166 2530s

  8512   297  889.84063  256  797 1592.40000  369.86811  76.8%   166 2585s

  8513   298  371.85531   51  750 1592.40000  369.90814  76.8%   166 2623s

H 8513   281                    1588.5400000  369.94844  76.7%   166 2656s

  8514   282  387.90370  429  817 1588.54000  369.94844  76.7%   166 2662s

  8515   282  447.06993  133  797 1588.54000  370.01264  76.7%   166 2724s

  8516   283  403.47249   72  792 1588.54000  370.01264  76.7%   166 2733s

  8517   284 1031.41209  890  835 1588.54000  370.06739  76.7%   166 2801s

  8518   284  564.35190  280  826 1588.54000  370.14173  76.7%   165 2874s

  8519   285  898.58387  444  836 1588.54000  370.17301  76.7%   165 2933s

  8520   286  983.91500  550  794 1588.54000  370.24271  76.7%   165 2992s

  8523   289  391.15102  309 10508 1588.54000  370.24271  76.7%   186 3001s

  8525   290  390.99244  167  260 1588.54000  370.24271  76.7%   186 3010s

  8526   291  826.07116  466  305 1588.54000  370.24271  76.7%   186 3015s

  8527   292  758.25633  386  637 1588.54000  370.24271  76.7%   186 3059s

  8528   292  884.95403  502  699 1588.54000  370.24271  76.7%   186 3071s

  8531   294  427.16327  106  620 1588.54000  370.24271  76.7%   186 3075s

  8539   300  758.26616  398  779 1588.54000  370.24271  76.7%   186 3086s

  8540   300  617.90741  166  783 1588.54000  370.24271  76.7%   186 3096s

  8544   303 1011.34366  726  766 1588.54000  370.24271  76.7%   185 3105s

  8545   304 1588.54000  676  723 1588.54000  370.24271  76.7%   185 3114s

  8546   304  392.37943  223  752 1588.54000  370.24271  76.7%   185 3122s

  8547   305 1281.74479  481  738 1588.54000  370.24271  76.7%   185 3140s

  8549   306  399.38305   34  747 1588.54000  370.24271  76.7%   185 3148s

  8550   307 1150.86908  338  768 1588.54000  370.24271  76.7%   185 3157s

  8551   308  763.17464  292  780 1588.54000  370.24271  76.7%   185 3165s

  8552   308  564.35190  280  784 1588.54000  370.24271  76.7%   185 3177s

  8553   309  370.24271   20  819 1588.54000  370.24271  76.7%   185 3234s

  8554   310  677.32520  368  778 1588.54000  370.24271  76.7%   185 3283s

  8555   310  370.24271   14  778 1588.54000  370.24271  76.7%   185 3390s

  8556   311 1138.97922 1058  778 1588.54000  370.24271  76.7%   185 3397s

  8557   315  370.24271   27  776 1588.54000  370.24271  76.7%   190 3401s

  8559   318  370.24271   28  818 1588.54000  370.24271  76.7%   190 3405s

  8571   334  370.24271   30  833 1588.54000  370.24271  76.7%   193 3413s

  8583   342  370.24271   31  782 1588.54000  370.24271  76.7%   194 3419s

H 8594   321                    1587.9400000  370.24271  76.7%   196 3419s

  8595   344  370.24271   32  783 1587.94000  370.24271  76.7%   196 3427s

  8618   358  370.24271   32  458 1587.94000  370.24271  76.7%   199 3434s

  8640   364  370.24271   33  617 1587.94000  370.24271  76.7%   202 3440s

  8653   381  370.24271   33  780 1587.94000  370.24271  76.7%   204 3448s

  8674   393  370.24271   34  453 1587.94000  370.24271  76.7%   208 3456s

  8693   399  370.24271   35  430 1587.94000  370.24271  76.7%   212 3462s

  8706   410  370.24271   35  428 1587.94000  370.24271  76.7%   214 3468s

  8721   425  370.24271   36  423 1587.94000  370.24271  76.7%   216 3473s

H 8740   404                    1586.6400000  370.24271  76.7%   217 3473s

  8741   415  370.24271   37  546 1586.64000  370.24271  76.7%   218 3479s

  8753   427  370.24271   37  415 1586.64000  370.24271  76.7%   221 3486s

  8769   438  370.24271   39  517 1586.64000  370.24271  76.7%   225 3494s

H 8780   420                    1583.9700000  370.24271  76.6%   226 3494s

  8785   431  370.24271   40  521 1583.97000  370.24271  76.6%   228 3500s

  8797   443  370.24271   40  561 1583.97000  370.24271  76.6%   230 3507s

  8813   452  370.24271   41  537 1583.97000  370.24271  76.6%   233 3516s

  8828   463  371.80907   41  471 1583.97000  370.24271  76.6%   236 3523s

  8844   477  370.24271   42  499 1583.97000  370.24271  76.6%   238 3529s

  8863   494  371.83336   42  756 1583.97000  370.24271  76.6%   242 3537s

  8886   509  370.24271   43  496 1583.97000  370.24271  76.6%   245 3543s

  8909   541  373.39220   43  567 1583.97000  370.24271  76.6%   248 3551s

  8949   557  370.24271   44  534 1583.97000  370.24271  76.6%   250 3560s

  8978   594  370.24271   45  489 1583.97000  370.24271  76.6%   253 3568s

  9025   611  372.62493   46  526 1583.97000  370.24271  76.6%   257 3577s

  9057   646  370.24271   47  336 1583.97000  370.24271  76.6%   260 3585s

  9103   677  371.91462   49  374 1583.97000  370.24271  76.6%   263 3593s

  9149   704  372.12586   50  344 1583.97000  370.24271  76.6%   266 3602s

  9192   733  372.22245   51  387 1583.97000  370.24271  76.6%   270 3611s

  9237   799  372.97939   52  254 1583.97000  370.24271  76.6%   272 3621s

  9318   784  374.19785   55  289 1583.97000  370.24271  76.6%   276 3629s

  9330   792  400.75790   55  395 1583.97000  370.24271  76.6%   277 3637s

H 9338   785                    1581.7400000  370.24271  76.6%   278 3637s

  9342   837  374.23472   56  273 1581.74000  370.24271  76.6%   278 3647s

  9396   890  374.48731   58  271 1581.74000  370.24271  76.6%   281 3658s

  9449   945  375.54209   59  322 1581.74000  370.24271  76.6%   284 3668s

  9504  1007  375.73176   60  325 1581.74000  370.24271  76.6%   287 3680s

  9570  1082  376.39088   63  291 1581.74000  370.24271  76.6%   289 3691s

  9645  1158  380.25091   65  225 1581.74000  370.24271  76.6%   293 3703s

  9721  1240  378.33665   67  290 1581.74000  370.24271  76.6%   295 3714s

  9803  1324  378.42334   70  310 1581.74000  370.24271  76.6%   298 3726s

H 9843  1324                    1581.2500000  370.24271  76.6%   300 3726s

H 9863  1324                    1578.5600000  370.24271  76.5%   300 3726s

  9889  1484  381.41465   72  239 1578.56000  370.24271  76.5%   300 3739s

 10061  1559  393.13719   76  296 1578.56000  370.24271  76.5%   301 3750s

 10144  1632  379.51505   80  337 1578.56000  370.24271  76.5%   303 3761s

 10223  1730  596.44855   85  317 1578.56000  370.24271  76.5%   305 3774s

 10322  1906  600.95317   87  302 1578.56000  370.24271  76.5%   307 3790s

 10501  1918  620.39788   95  272 1578.56000  370.24271  76.5%   309 3804s

H10507  1918                    1576.9300000  370.24271  76.5%   309 3804s

H10508  1918                    1575.8400000  370.24271  76.5%   309 3804s

H10509  1918                    1575.1100000  370.24271  76.5%   309 3804s

 10513  1930  619.90533   95  293 1575.11000  370.24271  76.5%   310 3816s

 10525  1957  619.90594   96  242 1575.11000  370.24271  76.5%   310 3828s

 10552  1977  670.57997   96  238 1575.11000  370.24271  76.5%   311 3843s

 10572  2026  619.91354   97  282 1575.11000  370.24271  76.5%   311 3855s

 10621  2099  621.22385  102  244 1575.11000  370.24271  76.5%   313 3868s

 10697  2214  626.44916  106  228 1575.11000  370.24271  76.5%   315 3882s

 10812  2313  622.72093  112  234 1575.11000  370.24271  76.5%   316 3896s

 10915  2430  623.01455  117  261 1575.11000  370.24271  76.5%   319 3910s

 11035  2564  623.57697  125  251 1575.11000  370.24271  76.5%   319 3925s

 11171  2691  631.45195  132  217 1575.11000  370.24271  76.5%   321 3941s

 11298  2705  650.15142  137  244 1575.11000  370.24271  76.5%   323 3958s

H11310  2705                    1574.6500000  370.24271  76.5%   323 3958s

 11313  2918  653.19518  137  251 1574.65000  370.24271  76.5%   324 3977s

 11538  3138  699.19153  145  193 1574.65000  370.24271  76.5%   325 3997s

 11763  3383  672.80813  151  200 1574.65000  370.24271  76.5%   326 4017s

 12016  3606  664.99141  155  267 1574.65000  370.24271  76.5%   326 4039s

 12250  3913  670.07873  162  219 1574.65000  370.24271  76.5%   325 4062s

 12579  4219  671.44354  169  199 1574.65000  370.24271  76.5%   324 4087s

H12685  4219                    1572.3600000  370.24271  76.5%   323 4087s

 12896  4601  674.59296  177  242 1572.36000  370.24271  76.5%   322 4110s

 13324  5144  676.68603  186  228 1572.36000  370.24271  76.5%   320 4134s

 13952  5154  680.08442  204  274 1572.36000  370.24271  76.5%   314 4157s

H13954  5147                    1531.3000000  370.24271  75.8%   314 4157s

 13965  5314  720.83372  204  219 1531.30000  370.24271  75.8%   314 4180s

 14227  5403  775.33959  211  275 1531.30000  370.24271  75.8%   317 4205s

 14320  5561  682.67730  212  269 1531.30000  370.24271  75.8%   319 4227s

 14494  5805  686.01206  216  250 1531.30000  370.24271  75.8%   320 4255s

 14764  6034  721.76685  225  215 1531.30000  370.24271  75.8%   322 4283s

 15001  6238  748.44042  235  164 1531.30000  370.24271  75.8%   324 4309s

 15210  6523  690.57315  241  231 1531.30000  370.24271  75.8%   323 4336s

 15529  6555  694.41030  248  249 1531.30000  370.24271  75.8%   324 4371s

 15569  6818  779.57238  248  194 1531.30000  370.24271  75.8%   324 4405s

 15877  7030  703.29774  259  301 1531.30000  370.24271  75.8%   325 4438s

 16162  7267  872.09530  271  156 1531.30000  370.24271  75.8%   327 4468s

 16416  7712  779.03467  272  180 1531.30000  370.24271  75.8%   328 4504s

H16799  7707                    1518.5900000  370.24271  75.6%   328 4504s

 16926  8065  858.41968  275  185 1518.59000  370.24271  75.6%   327 4543s

 17300  9094  812.31204  299  205 1518.59000  370.24271  75.6%   328 4595s

 18430  9671  925.62770  372  171 1518.59000  370.24271  75.6%   322 4653s

 19054 10873  956.25173  425  206 1518.59000  370.24271  75.6%   321 4697s

 20354 11184 1339.30393  496  127 1518.59000  370.24271  75.6%   310 4716s

 20697 12016 1112.00653  524  192 1518.59000  370.24271  75.6%   307 4740s

 21710 12020 1479.70800  593  110 1518.59000  370.24271  75.6%   298 4755s

H21711 12018                    1506.8800000  370.24271  75.4%   298 4755s

 21729 12213 1318.85983  594  141 1506.88000  370.24271  75.4%   298 4778s

 22015 12423  372.53273   41  396 1506.88000  370.24271  75.4%   298 4804s

 22272 12841  383.98907   40  487 1506.88000  370.24271  75.4%   299 4830s

 22820 12877  377.92995   47  445 1506.88000  370.24271  75.4%   299 4855s

 22868 13004  378.54511   48  374 1506.88000  370.24271  75.4%   301 4873s

 22995 13435  377.95863   48  424 1506.88000  370.24271  75.4%   301 4896s

 23432 13588  383.04943   49  462 1506.88000  370.24271  75.4%   300 4921s

 23617 13830  382.47771   48  280 1506.88000  370.24271  75.4%   301 4948s

 23907 14135  431.90934   59  297 1506.88000  370.24271  75.4%   302 4983s

H23934 14135                    1504.2400000  370.24271  75.4%   302 4983s

H24040 14135                    1504.2000000  370.24271  75.4%   302 4983s

 24279 14383  529.56122   72  227 1504.20000  370.24271  75.4%   302 5014s

 24645 14846  511.40145   73  284 1504.20000  370.24271  75.4%   302 5051s

 25179 14941  377.42421   46  360 1504.20000  370.24271  75.4%   304 5078s

 25274 15211  387.12438   52  320 1504.20000  370.24271  75.4%   305 5108s

H25318 15207                    1503.0700000  370.24271  75.4%   306 5108s

 25546 15486  429.07073   81  268 1503.07000  370.24271  75.4%   306 5139s

 25837 15821  479.54059  108  242 1503.07000  370.24271  75.4%   305 5180s

H26223 15875                    1502.6200000  370.24271  75.4%   305 5219s

H26225 15871                    1498.7600000  370.24271  75.3%   305 5219s

 26300 16395 infeasible  162      1498.76000  370.24271  75.3%   305 5261s

 26904 17246 1364.32143  190  181 1498.76000  370.24271  75.3%   304 5308s

 27767 17548 infeasible  191      1498.76000  370.24271  75.3%   301 5344s

 28079 19302  370.24271   36  497 1498.76000  370.24271  75.3%   301 5402s

 29936 20206  483.97825   75  266 1498.76000  370.24271  75.3%   291 5444s

 30856 22472  725.06242  127  246 1498.76000  370.24271  75.3%   287 5496s

 33314 23335  376.45092   38  310 1498.76000  370.24271  75.3%   273 5541s

 34244 23857  395.73230   59  368 1498.76000  370.24271  75.3%   273 5584s

 34844 25400  397.70980   73  326 1498.76000  370.24271  75.3%   273 5639s

 36615 27976  409.38282  124  233 1498.76000  370.24271  75.3%   270 5750s

 39680 27988  733.35327  258  157 1498.76000  370.24271  75.3%   266 5786s

H39682 27983                    1496.6500000  370.24271  75.3%   266 5786s

 39692 28001 1275.29840  258   96 1496.65000  370.24271  75.3%   266 5831s

 39710 28031  772.44304  259  144 1496.65000  370.24271  75.3%   266 5858s

 39762 28294  735.05264  260  156 1496.65000  370.24271  75.3%   266 5890s

 40032 28569 1009.18047  312   98 1496.65000  370.24271  75.3%   266 5934s

 40375 29027  392.67137   51  449 1496.65000  370.24271  75.3%   266 5979s

 40878 29580  432.12759   74  309 1496.65000  370.24271  75.3%   268 6035s

 41496 30214  596.73057  117  235 1496.65000  370.24271  75.3%   268 6093s

 42173 31297  878.07515  220  210 1496.65000  370.24271  75.3%   269 6150s

 43440 31617  370.24271   42  553 1496.65000  370.24271  75.3%   267 6217s

H43474 31610                    1488.3100000  370.24271  75.1%   267 6217s

 43795 32420  409.03826   62  315 1488.31000  370.24271  75.1%   266 6281s

 44700 34903  501.43775  124  281 1488.31000  370.24271  75.1%   267 6364s

 47486 37321  449.92595   80  341 1488.31000  370.24271  75.1%   263 6434s

 50097 37623  370.24271   42  313 1488.31000  370.24271  75.1%   257 6482s

 50492 39567  376.04531   59  516 1488.31000  370.24271  75.1%   258 6541s

 52493 40702  480.40663  175  291 1488.31000  370.24271  75.1%   255 6587s

 53680 41119 infeasible  389      1488.31000  370.24271  75.1%   252 6632s

 54203 42607  378.54130   59  431 1488.31000  370.24271  75.1%   253 6691s

 55784 45639  450.84208  149  241 1488.31000  370.24271  75.1%   253 6811s

 58914 45649  956.73893  503  176 1488.31000  370.24271  75.1%   248 6854s

 58928 45755 1161.19151  499  170 1488.31000  370.24271  75.1%   249 6894s

 59049 46392 1081.16500  502  159 1488.31000  370.24271  75.1%   249 6932s

 59705 46849 1012.52457  508  179 1488.31000  370.24271  75.1%   247 6972s

 60296 47839  372.61944   40  506 1488.31000  370.24271  75.1%   247 7023s

 61361 48340  522.60912   93  227 1488.31000  370.24271  75.1%   247 7068s

 61946 49661 1174.17985  162  210 1488.31000  370.24271  75.1%   247 7118s

 63477 50166  417.36000   74  373 1488.31000  370.24271  75.1%   246 7166s

 64023 52418  560.72501  167  264 1488.31000  370.24271  75.1%   246 7224s

 66423 52593  370.24271   53  611 1488.31000  370.24271  75.1%   243 7263s

 66712 53687  375.82757   63  518 1488.31000  370.24271  75.1%   244 7322s

 67845 54003  407.94289  120  385 1488.31000  370.24271  75.1%   244 7367s

 68193 54530  431.43729  137  170 1488.31000  370.24271  75.1%   245 7416s

 68753 55048  401.47357   57  356 1488.31000  370.24271  75.1%   245 7463s

 69313 56969  570.35053  113  247 1488.31000  370.24271  75.1%   245 7523s

 71432 57467  390.53829   56  208 1488.31000  370.24271  75.1%   243 7575s

 71966 57473  432.21061  104  235 1488.31000  370.24271  75.1%   244 7641s

 71985 57710  498.18438  104  255 1488.31000  370.24271  75.1%   244 7694s

 72239 58229  445.63100  126  230 1488.31000  370.24271  75.1%   244 7743s

 72790 58949  469.62356  158  183 1488.31000  370.24271  75.1%   245 7805s

 73587 60670  717.70586  185  192 1488.31000  370.24271  75.1%   245 7947s

 75545 60827  821.93949  259  161 1488.31000  370.24271  75.1%   244 7992s

 75748 61118 infeasible  259      1488.31000  370.24271  75.1%   244 8043s

 76102 61947  370.52838   48  594 1488.31000  370.24271  75.1%   245 8106s

 76975 64475  395.86552   81  380 1488.31000  370.24271  75.1%   245 8195s

 79790 66335  561.69456  206  330 1488.31000  370.24271  75.1%   241 8259s

 81893 66618 1151.53318  452  294 1488.31000  370.24271  75.1%   239 8305s

 82206 68417 1155.17287  453  289 1488.31000  370.24271  75.1%   240 8362s

 84054 69001 1158.11884  455  273 1488.31000  370.24271  75.1%   238 8407s

 84748 70495 infeasible  466      1488.31000  370.24271  75.1%   238 8462s

 86455 71709 infeasible  523      1488.31000  370.24271  75.1%   237 8516s

 87796 72214  418.73194   77  360 1488.31000  370.24271  75.1%   237 8561s

 88395 73519  949.85721  153  198 1488.31000  370.24271  75.1%   237 8618s

 89833 73527 infeasible  154      1488.31000  370.24271  75.1%   236 8684s

 89849 73732  889.40438  153  203 1488.31000  370.24271  75.1%   236 8740s

 90056 74286  915.40458  166  206 1488.31000  370.24271  75.1%   237 8792s

 90724 75420  374.63008   46  482 1488.31000  370.24271  75.1%   237 8849s

 91999 76918  381.77356   62  473 1488.31000  370.24271  75.1%   237 8942s

 93579 79100  442.36270  104  241 1488.31000  370.24271  75.1%   238 9012s

 95979 79470  470.85500  188  183 1488.31000  370.24271  75.1%   237 9052s

 96433 80432  503.77009  198  205 1488.31000  370.24271  75.1%   238 9100s

 97452 81104  571.22881  219  197 1488.31000  370.24271  75.1%   238 9151s

 98194 82023  551.90896  249  210 1488.31000  370.24271  75.1%   238 9203s

 99261 82401  474.72185  257  231 1488.31000  370.24271  75.1%   237 9275s

 99645 83070  491.00439  273  206 1488.31000  370.24271  75.1%   237 9339s

 100350 85379  537.69816  309  189 1488.31000  370.24271  75.1%   237 9401s

 102969 85845  615.74605  373  188 1488.31000  370.24271  75.1%   234 9448s

 103509 87675  884.65266  407  210 1488.31000  370.24271  75.1%   235 9501s

 105451 89252  388.99905   61  353 1488.31000  370.24271  75.1%   234 9553s

 107102 89593  614.55103  147  230 1488.31000  370.24271  75.1%   233 9604s

 107487 90735 1164.49231  200  223 1488.31000  370.24271  75.1%   233 9651s

 108735 91054  443.29600   94  333 1488.31000  370.24271  75.1%   233 9697s

 109103 91066  842.90757  178  228 1488.31000  370.24271  75.1%   234 9763s

 109115 91168  848.28531  179  221 1488.31000  370.24271  75.1%   234 9840s

 109218 91457 1351.42961  256  165 1488.31000  370.24271  75.1%   234 9893s

 109529 93083  384.40358   49  418 1488.31000  370.24271  75.1%   234 9954s

 111295 93733  476.02675   96  216 1488.31000  370.24271  75.1%   234 10046s

 112035 98122  592.61713  156  176 1488.31000  370.24271  75.1%   235 10196s

 116756 98567  715.66848  271  284 1488.31000  370.24271  75.1%   233 10238s

 117305 99737  723.35001  272  246 1488.31000  370.24271  75.1%   232 10281s

 118538 100689  724.96320  273  248 1488.31000  370.24271  75.1%   231 10324s

 119637 101128  726.46667  274  257 1488.31000  370.24271  75.1%   231 10372s

 120117 102096  985.15774  378  212 1488.31000  370.24271  75.1%   231 10426s

 121262 102891  998.11328  391  184 1488.31000  370.24271  75.1%   231 10503s

 122059 103515  999.68185  392  184 1488.31000  370.24271  75.1%   231 10549s

 122695 104885 1000.09830  393  196 1488.31000  370.24271  75.1%   230 10607s

 124139 106238 1000.72400  394  191 1488.31000  370.24271  75.1%   229 10667s

 125644 106890  389.30040   61  425 1488.31000  370.24271  75.1%   228 10717s

 126375 108826  422.45533  102  308 1488.31000  370.24271  75.1%   228 10780s

 128503 109386  846.33995  285  234 1488.31000  370.24271  75.1%   227 10827s

 129183 112254 1124.13209  329  176 1488.31000  370.24271  75.1%   228 10926s

 132300 112504  720.37247  100  276 1488.31000  370.24271  75.1%   227 10956s

 132574 113419  763.31473  124  224 1488.31000  370.24271  75.1%   227 11001s

 133517 113982  388.49742   54  279 1488.31000  370.24271  75.1%   227 11047s

 134090 114317  388.49785   55  291 1488.31000  370.24271  75.1%   227 11093s

 134431 115268  412.14378   78  328 1488.31000  370.24271  75.1%   227 11140s

 135473 115725  709.58909  167  302 1488.31000  370.24271  75.1%   226 11188s

 135949 117411  805.17352  224  284 1488.31000  370.24271  75.1%   226 11246s

 137741 118633  370.24271   42  527 1488.31000  370.24271  75.1%   226 11302s

 139068 119189  413.15319   71  316 1488.31000  370.24271  75.1%   225 11349s

 139713 119611  628.01175  155  227 1488.31000  370.24271  75.1%   226 11403s

 140238 120627  395.86162   42  506 1488.31000  370.24271  75.1%   226 11462s

 141276 122110  890.37959  124  185 1488.31000  370.24271  75.1%   226 11527s

 143029 122353  427.26880   57  310 1488.31000  370.24271  75.1%   226 11588s

 143285 123541  568.61351   92  252 1488.31000  370.24271  75.1%   226 11651s

 144654 124246  411.82086   65  352 1488.31000  370.24271  75.1%   227 11710s

 145425 124257 infeasible  192      1488.31000  370.24271  75.1%   227 11797s

 145438 124336  848.33992  193  166 1488.31000  370.24271  75.1%   227 11893s

 145521 124877  850.08712  194  178 1488.31000  370.24271  75.1%   227 11952s

 146219 125399  377.06877   56  336 1488.31000  370.24271  75.1%   227 12004s

 146784 127399  436.52771   82  336 1488.31000  370.24271  75.1%   227 12074s

 148937 129111  370.67669   43  430 1488.31000  370.24271  75.1%   226 12167s

 150805 129743  466.60161  122  286 1488.31000  370.24271  75.1%   226 12220s

 151466 132115  620.12928  188  198 1488.31000  370.24271  75.1%   226 12287s

 153952 132947  417.19552   75  255 1488.31000  370.24271  75.1%   225 12357s

 154903 133664  383.93268   57  568 1488.31000  370.24271  75.1%   225 12402s

 155707 134018  463.35606  115  324 1488.31000  370.24271  75.1%   226 12452s

 156061 135538  519.44393  153  337 1488.31000  370.24271  75.1%   226 12514s

 157763 136143 1303.74373  398  133 1488.31000  370.24271  75.1%   225 12569s

 158404 136667 1313.63414  399  172 1488.31000  370.24271  75.1%   226 12621s

 158985 138353  392.92852   39  501 1488.31000  370.24271  75.1%   226 12682s

 160741 139915  572.31006  103  348 1488.31000  370.24271  75.1%   226 12757s

 162491 140098  375.17131   53  597 1488.31000  370.24271  75.1%   225 12808s

 162709 141621  385.22188   66  405 1488.31000  370.24271  75.1%   225 12860s

 164244 142123  647.46841  185  227 1488.31000  370.24271  75.1%   225 12915s

 164778 142543  371.40506   52  627 1488.31000  370.24271  75.1%   225 12965s

 165230 143978  374.63735   62  439 1488.31000  370.24271  75.1%   225 13024s

 166815 145316  455.29012  109  265 1488.31000  370.24271  75.1%   225 13113s

 168220 146190  666.92909  331  177 1488.31000  370.24271  75.1%   225 13196s

 169203 146923  667.80377  332  191 1488.31000  370.24271  75.1%   225 13266s

 170076 149315  390.08747   46  323 1488.31000  370.24271  75.1%   225 13351s

 172671 150505  373.68133   59  456 1488.31000  370.24271  75.1%   225 13420s

 173925 151001  412.58947   96  297 1488.31000  370.24271  75.1%   225 13482s

 174471 153107  485.95306  140  275 1488.31000  370.24271  75.1%   225 13572s

 176698 153117  377.09577   68  485 1488.31000  370.24271  75.1%   224 13662s

 176711 153123  377.39154   69  617 1488.31000  370.24271  75.1%   224 13769s

 176739 153585  377.40900   70  617 1488.31000  370.24271  75.1%   224 13847s

 177210 155029  377.48117   71  835 1488.31000  370.24271  75.1%   224 13927s

 178822 155446  377.62480   72 1404 1488.31000  370.24271  75.1%   224 13998s

 179259 157329  379.21361   76 1285 1488.31000  370.24271  75.1%   224 14074s

 181336 158152  425.93614  117  573 1488.31000  370.24271  75.1%   224 14140s

 182243 158640  574.18062  239  269 1488.31000  370.24271  75.1%   224 14202s

 182789 159198  778.77396  325  262 1488.31000  370.24271  75.1%   224 14286s

 183366 160001  848.43063  384  241 1488.31000  370.24271  75.1%   224 14391s

 184264 160018  376.82543   62  426 1488.31000  370.24271  75.1%   224 14400s



Cutting planes:

  Learned: 11

  Gomory: 41

  Cover: 87

  Implied bound: 613

  Projected implied bound: 10

  Clique: 247

  MIR: 1914

  StrongCG: 1219

  Flow cover: 2333

  GUB cover: 5

  Inf proof: 1

  Zero half: 679

  RLT: 13

  Relax-and-lift: 2030



Explored 184300 nodes (41280680 simplex iterations) in 14400.85 seconds (17954.52 work units)

Thread count was 20 (of 20 available processors)



Solution count 10: 1488.31 1496.65 1498.76 ... 1531.3



Time limit reached

Best objective 1.488310000000e+03, best bound 3.702500000000e+02, gap 75.1228%



AMPL MP initial flat model has 34007 variables (0 integer, 33888 binary);

Objectives: 1 linear; 

Constraints:  5944 linear; 10 quadratic;



AMPL MP final model has 34007 variables (0 integer, 33888 binary);

Objectives: 1 linear; 

Constraints:  5944 linear; 10 quadratic;





-----RESULTS INFO-----
running_time:  14405.781
TC.best_bound:  370.25
TC:  1488.3099999999995
MIP Gap (%):  75.12279027890693
=== Vehicle Routes ===
Vehicle 1: 0 → 1
Vehicle 1: 1 → 17
Vehicle 1: 2 → 91
Vehicle 1: 7 → 2
Vehicle 1: 10 → 7
Vehicle 1: 15 → 19
Vehicle 1: 17 → 15
Vehicle 1: 19 → 10
Vehicle 2: 0 → 3
Vehicle 2: 3 → 8
Vehicle 2: 4 → 91
Vehicle 2: 8 → 9
Vehicle 2: 9 → 18
Vehicle 2: 18 → 25
Vehicle 2: 25 → 4
Vehicle 3: 0 → 5
Vehicle 3: 5 → 12
Vehicle 3: 12 → 24
Vehicle 3: 13 → 91
Vehicle 3: 14 → 13
Vehicle 3: 24 → 76
Vehicle 3: 76 → 14
Vehicle 4: 0 → 11
Vehicle 4: 6 → 89
Vehicle 4: 11 → 20
Vehicle 4: 20 → 66
Vehicle 4: 66 → 6
Vehicle 4: 89 → 91
Vehicle 5: 0 → 22
Vehicle 5: 16 → 91
Vehicle 5: 22 → 85
Vehicle 5: 85 → 16
Vehicle 6: 0 → 88
Vehicle 6: 21 → 82
Vehicle 6: 82 → 91
Vehicle 6: 88 → 21
Vehicle 7: 0 → 23
Vehicle 7: 23 → 87
Vehicle 7: 79 → 91
Vehicle 7: 87 → 79
Vehicle 8: 0 → 81
Vehicle 8: 72 → 91
Vehicle 8: 81 → 72
Vehicle 9: 0 → 83
Vehicle 9: 83 → 90
Vehicle 9: 90 → 91
Vehicle 10: 0 → 86
Vehicle 10: 86 → 91

=== Full Vehicle Routes ===
Vehicle 1: 0 → 1 → 17 → 15 → 19 → 10 → 7 → 2 → 0 (81<100)
Vehicle 2: 0 → 3 → 8 → 9 → 18 → 25 → 4 → 0 (86<100)
Vehicle 3: 0 → 5 → 12 → 24 → 76 → 14 → 13 → 0 (100<100)
Vehicle 4: 0 → 11 → 20 → 66 → 6 → 89 → 0 (91<100)
Vehicle 5: 0 → 22 → 85 → 16 → 0 (99<100)
Vehicle 6: 0 → 88 → 21 → 82 → 0 (95<100)
Vehicle 7: 0 → 23 → 87 → 79 → 0 (96<100)
Vehicle 8: 0 → 81 → 72 → 0 (99<100)
Vehicle 9: 0 → 83 → 90 → 0 (98<100)
Vehicle 10: 0 → 86 → 0 (97<100)
Arc used by MRT line: y variables:
Customer assigment to PL: u variables:
26 86
27 85
28 85
29 85
30 86
31 86
32 86
33 81
34 87
35 81
36 83
37 85
38 82
39 90
40 82
41 88
42 87
43 85
44 87
45 83
46 87
47 81
48 82
49 89
50 85
51 87
52 87
53 85
54 81
55 81
56 89
57 83
58 83
59 87
60 90
61 81
62 82
63 83
64 81
65 86
67 81
68 82
69 90
70 90
71 86
73 81
74 81
75 86
77 87
78 86
Node is served by regular vehicle: g variables:
1
2
3
4
5
6
7
8
9
10
11
12
13
14
15
16
17
18
19
20
21
22
23
24
25
66
72
76
79
86
87
88
89
90
81
82
83
85
Customer assigment to Home delivery: gm variables:
1
2
3
4
5
6
7
8
9
10
11
12
13
14
15
16
17
18
19
20
21
22
23
24
25
66
72
76
79
Node total demands: ntd variables:
1 13 1
2 12 1
3 13 1
4 12 1
5 23 1
6 13 1
7 12 1
8 13 1
9 26 1
10 11 1
11 2 1
12 3 1
13 24 1
14 22 1
15 5 1
16 18 1
17 23 1
18 6 1
19 5 1
20 23 1
21 12 1
22 14 1
23 2 1
24 11 1
25 16 1
53 0 0
54 0 0
55 0 0
56 0 0
57 0 0
58 0 0
59 0 0
60 0 0
61 0 0
62 0 0
63 0 0
64 0 0
65 0 0
66 21 1
67 0 0
68 0 0
69 0 0
70 0 0
71 0 0
72 6 1
73 0 0
74 0 0
75 0 0
76 17 1
77 0 0
78 0 0
79 6 1
86 97 1
87 88 1
88 9 1
89 32 1
90 56 1
80 0 0
81 93 1
82 74 1
83 42 1
84 0 0
85 67 1
Customer's demand delivered to PL: l variables:
26
27
28
29
30
31
32
33
34
35
36
37
38
39
40
41
42
43
44
45
46
47
48
49
50
51
52
53
54
55
56
57
58
59
60
61
62
63
64
65
67
68
69
70
71
73
74
75
77
78
Lockers load <= capacity:
97 <= 97
88 <= 91
9 <= 87
32 <= 83
56 <= 74
0 <= 73
93 <= 95
74 <= 76
42 <= 81
0 <= 100
67 <= 87
